changing working directory to: /home/hokeunkim/Development/iotauth/entity/node/example_entities
loading from config file: /home/hokeunkim/Development/iotauth_experiments/experiments/ccs2017/expOptions/expEntity.option
Experimental options for echoServer: { autoSendPeriod: 60000,
  useSameSessionKeyCount: 1,
  connectionTimeout: 50000,
  migrationEnabled: true,
  authFailureThreshold: 2,
  migrationFailureThreshold: 2 }
loading from config file: /home/hokeunkim/Development/iotauth/entity/node/example_entities/configs/Servers/s511.config
initializing secure comm server...
Session protocol: TCP
current parameters: { migrationEnabled: true,
  authFailureThreshold: 3,
  migrationFailureThreshold: 3 }
current parameters: { migrationEnabled: true,
  authFailureThreshold: 2,
  migrationFailureThreshold: 3 }
current parameters: { migrationEnabled: true,
  authFailureThreshold: 2,
  migrationFailureThreshold: 2 }
current entityInfo: { name: 's511',
  group: 'Servers',
  distProtocol: 'TCP',
  usePermanentDistKey: false,
  connectionTimeout: 50000,
  privateKey: <Buffer 2d 2d 2d 2d 2d 42 45 47 49 4e 20 52 53 41 20 50 52 49 56 41 54 45 20 4b 45 59 2d 2d 2d 2d 2d 0a 4d 49 49 45 70 41 49 42 41 41 4b 43 41 51 45 41 76 6e ... > }
Handler: listening on port 22100
s511:Servers prompt>
Unidentified client connected
received session key handshake1
switching to HANDSHAKE_1_RECEIVED state.
session key id: 50201003
session key NOT found! sending session key id to AuthService
Distribution protocol: TCP
connected to auth! from local port 53578
received auth hello!
{ authId: 502, nonce: <Buffer ec 9b 68 b7 8e a7 65 58> }
received session key response with distribution key attached!
auth signature verified
replyNonce in sessionKeyResp: <Buffer 74 12 13 b6 f3 1c e1 6f>
auth nonce verified
handleSessionKeyResp: session key request succeeded! authFailureCount: 0
updating distribution key: { cipherKeyVal: <Buffer c3 b9 5f 7e 9d fe 7a d8 7d 79 a8 d6 01 f6 cd 49>,
  macKeyVal: <Buffer 63 36 53 65 c9 59 e1 dd 84 39 16 6e bb 60 5e ff cb 03 d3 f1 d9 77 3c 58 7e 2c 9a c9 c3 c8 58 e6>,
  absValidity: 2018-03-20T22:30:54.216Z }
received 1 keys
Session key id is as expected
server ret: [object Object]
chosen nonce: <Buffer ed 89 34 07 77 48 be 48>
switching to HANDSHAKE_2_SENT
disconnected from auth
received session key handshake3!
{ replyNonce: <Buffer ed 89 34 07 77 48 be 48> }
client authenticated/authorized by solving nonce!
switching to IN_COMM
Handler: secure connection with the client established.
{ id: 0,
  remoteAddress: '::ffff:10.0.1.76:37630',
  status: 'open' }
received secure communication!
Received seqNum: 0
data received from server via secure communication
Handler: socketID: 0 data: data1
toSend: { data: <Buffer 64 61 74 61 31>, id: 0 }
specified socketID: 0
Unidentified client disconnected
Handler: secure connection with the client closed.
socket #0 closed
Unidentified client connected
received session key handshake1
switching to HANDSHAKE_1_RECEIVED state.
session key id: 50201010
session key NOT found! sending session key id to AuthService
Distribution protocol: TCP
connected to auth! from local port 53848
received auth hello!
{ authId: 502, nonce: <Buffer 39 8a 68 1e 93 26 d4 6b> }
received session key response encrypted with distribution key
replyNonce in sessionKeyResp: <Buffer e9 bd 4c 83 89 49 1b a7>
auth nonce verified
handleSessionKeyResp: session key request succeeded! authFailureCount: 0
received 1 keys
Session key id is as expected
server ret: [object Object]
chosen nonce: <Buffer f3 d1 c2 66 1a 74 9d 1b>
switching to HANDSHAKE_2_SENT
received session key handshake3!
{ replyNonce: <Buffer f3 d1 c2 66 1a 74 9d 1b> }
client authenticated/authorized by solving nonce!
switching to IN_COMM
Handler: secure connection with the client established.
{ id: 1,
  remoteAddress: '::ffff:10.0.1.76:37900',
  status: 'open' }
disconnected from auth
received secure communication!
Received seqNum: 0
data received from server via secure communication
Handler: socketID: 1 data: data1
toSend: { data: <Buffer 64 61 74 61 31>, id: 1 }
specified socketID: 1
Unidentified client disconnected
Handler: secure connection with the client closed.
socket #1 closed
Unidentified client connected
received session key handshake1
switching to HANDSHAKE_1_RECEIVED state.
session key id: 50201017
session key NOT found! sending session key id to AuthService
Distribution protocol: TCP
connected to auth! from local port 54118
received auth hello!
{ authId: 502, nonce: <Buffer 8e cc 8c 99 77 54 41 c5> }
received session key response encrypted with distribution key
replyNonce in sessionKeyResp: <Buffer f6 aa 6f b2 d4 ca 3c 48>
auth nonce verified
handleSessionKeyResp: session key request succeeded! authFailureCount: 0
received 1 keys
Session key id is as expected
server ret: [object Object]
chosen nonce: <Buffer 89 69 2c 27 ed 81 75 55>
switching to HANDSHAKE_2_SENT
received session key handshake3!
{ replyNonce: <Buffer 89 69 2c 27 ed 81 75 55> }
client authenticated/authorized by solving nonce!
switching to IN_COMM
Handler: secure connection with the client established.
{ id: 2,
  remoteAddress: '::ffff:10.0.1.76:38170',
  status: 'open' }
disconnected from auth
received secure communication!
Received seqNum: 0
data received from server via secure communication
Handler: socketID: 2 data: data1
toSend: { data: <Buffer 64 61 74 61 31>, id: 2 }
specified socketID: 2
Unidentified client disconnected
Handler: secure connection with the client closed.
socket #2 closed
Unidentified client connected
received session key handshake1
switching to HANDSHAKE_1_RECEIVED state.
session key id: 50201024
session key NOT found! sending session key id to AuthService
Distribution protocol: TCP
connected to auth! from local port 54388
received auth hello!
{ authId: 502, nonce: <Buffer 01 6d a5 27 68 e9 10 21> }
received session key response encrypted with distribution key
replyNonce in sessionKeyResp: <Buffer 41 c9 98 7b 88 ad 2c 32>
auth nonce verified
handleSessionKeyResp: session key request succeeded! authFailureCount: 0
received 1 keys
Session key id is as expected
server ret: [object Object]
chosen nonce: <Buffer 30 5c 3c bf 2b 1d e6 1b>
switching to HANDSHAKE_2_SENT
received session key handshake3!
{ replyNonce: <Buffer 30 5c 3c bf 2b 1d e6 1b> }
client authenticated/authorized by solving nonce!
switching to IN_COMM
Handler: secure connection with the client established.
{ id: 3,
  remoteAddress: '::ffff:10.0.1.76:38440',
  status: 'open' }
disconnected from auth
received secure communication!
Received seqNum: 0
data received from server via secure communication
Handler: socketID: 3 data: data1
toSend: { data: <Buffer 64 61 74 61 31>, id: 3 }
specified socketID: 3
Unidentified client disconnected
Handler: secure connection with the client closed.
socket #3 closed
Unidentified client connected
received session key handshake1
switching to HANDSHAKE_1_RECEIVED state.
session key id: 50201031
session key NOT found! sending session key id to AuthService
Distribution protocol: TCP
connected to auth! from local port 54658
received auth hello!
{ authId: 502, nonce: <Buffer 1c 34 f5 2e d2 a3 5d 59> }
received session key response encrypted with distribution key
replyNonce in sessionKeyResp: <Buffer c5 e2 f8 b4 23 d1 61 8c>
auth nonce verified
handleSessionKeyResp: session key request succeeded! authFailureCount: 0
received 1 keys
Session key id is as expected
server ret: [object Object]
chosen nonce: <Buffer 80 14 20 c3 ea 7f 89 c7>
switching to HANDSHAKE_2_SENT
disconnected from auth
received session key handshake3!
{ replyNonce: <Buffer 80 14 20 c3 ea 7f 89 c7> }
client authenticated/authorized by solving nonce!
switching to IN_COMM
Handler: secure connection with the client established.
{ id: 4,
  remoteAddress: '::ffff:10.0.1.76:38710',
  status: 'open' }
received secure communication!
Received seqNum: 0
data received from server via secure communication
Handler: socketID: 4 data: data1
toSend: { data: <Buffer 64 61 74 61 31>, id: 4 }
specified socketID: 4
Unidentified client disconnected
Handler: secure connection with the client closed.
socket #4 closed
Unidentified client connected
received session key handshake1
switching to HANDSHAKE_1_RECEIVED state.
session key id: 50201038
session key NOT found! sending session key id to AuthService
Distribution protocol: TCP
connected to auth! from local port 54928
received auth hello!
{ authId: 502, nonce: <Buffer 69 2a 8c fe b9 7e 5b 66> }
received session key response encrypted with distribution key
replyNonce in sessionKeyResp: <Buffer 7e 92 3b 03 89 16 0f 18>
auth nonce verified
handleSessionKeyResp: session key request succeeded! authFailureCount: 0
received 1 keys
Session key id is as expected
server ret: [object Object]
chosen nonce: <Buffer 13 2a fe 47 c3 73 4d df>
switching to HANDSHAKE_2_SENT
received session key handshake3!
{ replyNonce: <Buffer 13 2a fe 47 c3 73 4d df> }
client authenticated/authorized by solving nonce!
switching to IN_COMM
Handler: secure connection with the client established.
{ id: 5,
  remoteAddress: '::ffff:10.0.1.76:38980',
  status: 'open' }
disconnected from auth
received secure communication!
Received seqNum: 0
data received from server via secure communication
Handler: socketID: 5 data: data1
toSend: { data: <Buffer 64 61 74 61 31>, id: 5 }
specified socketID: 5
Unidentified client disconnected
Handler: secure connection with the client closed.
socket #5 closed
Unidentified client connected
received session key handshake1
switching to HANDSHAKE_1_RECEIVED state.
session key id: 50201045
session key NOT found! sending session key id to AuthService
Distribution protocol: TCP
connected to auth! from local port 55194
received auth hello!
{ authId: 502, nonce: <Buffer 70 34 ac db 02 0f 09 ab> }
received session key response encrypted with distribution key
replyNonce in sessionKeyResp: <Buffer 85 b3 57 8b b0 cb 04 00>
auth nonce verified
handleSessionKeyResp: session key request succeeded! authFailureCount: 0
received 1 keys
Session key id is as expected
server ret: [object Object]
chosen nonce: <Buffer 8d 6a 25 e2 ae 88 1c 9c>
switching to HANDSHAKE_2_SENT
disconnected from auth
received session key handshake3!
{ replyNonce: <Buffer 8d 6a 25 e2 ae 88 1c 9c> }
client authenticated/authorized by solving nonce!
switching to IN_COMM
Handler: secure connection with the client established.
{ id: 6,
  remoteAddress: '::ffff:10.0.1.76:39246',
  status: 'open' }
received secure communication!
Received seqNum: 0
data received from server via secure communication
Handler: socketID: 6 data: data1
toSend: { data: <Buffer 64 61 74 61 31>, id: 6 }
specified socketID: 6
Unidentified client disconnected
Handler: secure connection with the client closed.
socket #6 closed
Unidentified client connected
received session key handshake1
switching to HANDSHAKE_1_RECEIVED state.
session key id: 50201052
session key NOT found! sending session key id to AuthService
Distribution protocol: TCP
connected to auth! from local port 55368
received auth hello!
{ authId: 502, nonce: <Buffer 9f db c1 e9 35 ca 05 80> }
received session key response encrypted with distribution key
replyNonce in sessionKeyResp: <Buffer 87 d0 92 2e 04 db 07 d4>
auth nonce verified
handleSessionKeyResp: session key request succeeded! authFailureCount: 0
received 1 keys
Session key id is as expected
server ret: [object Object]
chosen nonce: <Buffer 28 e6 52 57 7a ab 0c 3b>
switching to HANDSHAKE_2_SENT
received session key handshake3!
{ replyNonce: <Buffer 28 e6 52 57 7a ab 0c 3b> }
client authenticated/authorized by solving nonce!
switching to IN_COMM
Handler: secure connection with the client established.
{ id: 7,
  remoteAddress: '::ffff:10.0.1.76:39420',
  status: 'open' }
disconnected from auth
received secure communication!
Received seqNum: 0
data received from server via secure communication
Handler: socketID: 7 data: data1
toSend: { data: <Buffer 64 61 74 61 31>, id: 7 }
specified socketID: 7
Unidentified client disconnected
Handler: secure connection with the client closed.
socket #7 closed
Unidentified client connected
received session key handshake1
switching to HANDSHAKE_1_RECEIVED state.
session key id: 50201058
session key NOT found! sending session key id to AuthService
Distribution protocol: TCP
connected to auth! from local port 55564
Handler: Error in server - details: handshake2 timed out...
received auth hello!
{ authId: 502, nonce: <Buffer e4 7e 47 0f ec 4c 22 e0> }
received session key response encrypted with distribution key
replyNonce in sessionKeyResp: <Buffer 2c 81 ae 5f da 59 75 51>
auth nonce verified
handleSessionKeyResp: session key request succeeded! authFailureCount: 0
received 1 keys
Session key id is as expected
server ret: [object Object]
chosen nonce: <Buffer 93 01 bb 4a 64 64 98 43>
switching to HANDSHAKE_2_SENT
disconnected from auth
received session key handshake3!
{ replyNonce: <Buffer 93 01 bb 4a 64 64 98 43> }
client authenticated/authorized by solving nonce!
switching to IN_COMM
Handler: secure connection with the client established.
{ id: 8,
  remoteAddress: '::ffff:10.0.1.76:39612',
  status: 'open' }
received secure communication!
Received seqNum: 0
data received from server via secure communication
Handler: socketID: 8 data: data1
toSend: { data: <Buffer 64 61 74 61 31>, id: 8 }
specified socketID: 8
Unidentified client disconnected
Handler: secure connection with the client closed.
socket #8 closed
Unidentified client connected
received session key handshake1
switching to HANDSHAKE_1_RECEIVED state.
session key id: 50201065
session key NOT found! sending session key id to AuthService
Distribution protocol: TCP
connected to auth! from local port 55772
Handler: Error in server - details: handshake2 timed out...
received auth hello!
{ authId: 502, nonce: <Buffer fe 18 06 07 1a 39 7c 5b> }
received session key response encrypted with distribution key
replyNonce in sessionKeyResp: <Buffer b9 e6 74 c6 62 ea 14 7b>
auth nonce verified
handleSessionKeyResp: session key request succeeded! authFailureCount: 0
received 1 keys
Session key id is as expected
server ret: [object Object]
chosen nonce: <Buffer c0 be 4f 20 7f 22 87 85>
switching to HANDSHAKE_2_SENT
disconnected from auth
received session key handshake3!
{ replyNonce: <Buffer c0 be 4f 20 7f 22 87 85> }
client authenticated/authorized by solving nonce!
switching to IN_COMM
Handler: secure connection with the client established.
{ id: 9,
  remoteAddress: '::ffff:10.0.1.76:39822',
  status: 'open' }
received secure communication!
Received seqNum: 0
data received from server via secure communication
Handler: socketID: 9 data: data1
toSend: { data: <Buffer 64 61 74 61 31>, id: 9 }
specified socketID: 9
Unidentified client disconnected
Handler: secure connection with the client closed.
socket #9 closed
Unidentified client connected
received session key handshake1
switching to HANDSHAKE_1_RECEIVED state.
session key id: 50201075
session key NOT found! sending session key id to AuthService
Distribution protocol: TCP
connected to auth! from local port 55984
received auth hello!
{ authId: 502, nonce: <Buffer 2c 5b 19 c9 60 98 71 64> }
received session key response encrypted with distribution key
replyNonce in sessionKeyResp: <Buffer 63 fb c4 85 39 3f 6d 4d>
auth nonce verified
handleSessionKeyResp: session key request succeeded! authFailureCount: 0
received 1 keys
Session key id is as expected
server ret: [object Object]
chosen nonce: <Buffer c9 1e 0f 98 79 fd 4a 54>
switching to HANDSHAKE_2_SENT
disconnected from auth
received session key handshake3!
{ replyNonce: <Buffer c9 1e 0f 98 79 fd 4a 54> }
client authenticated/authorized by solving nonce!
switching to IN_COMM
Handler: secure connection with the client established.
{ id: 10,
  remoteAddress: '::ffff:10.0.1.76:40036',
  status: 'open' }
received secure communication!
Received seqNum: 0
data received from server via secure communication
Handler: socketID: 10 data: data1
toSend: { data: <Buffer 64 61 74 61 31>, id: 10 }
specified socketID: 10
Unidentified client disconnected
Handler: secure connection with the client closed.
socket #10 closed
Unidentified client connected
received session key handshake1
switching to HANDSHAKE_1_RECEIVED state.
session key id: 50201085
session key NOT found! sending session key id to AuthService
Distribution protocol: TCP
connected to auth! from local port 56202
received auth hello!
{ authId: 502, nonce: <Buffer f2 a8 f4 c8 01 81 50 08> }
received session key response encrypted with distribution key
replyNonce in sessionKeyResp: <Buffer b1 d9 97 ba 47 8c 0b 76>
auth nonce verified
handleSessionKeyResp: session key request succeeded! authFailureCount: 0
received 1 keys
Session key id is as expected
server ret: [object Object]
chosen nonce: <Buffer 0f df 55 28 a3 ce d0 dd>
switching to HANDSHAKE_2_SENT
received session key handshake3!
{ replyNonce: <Buffer 0f df 55 28 a3 ce d0 dd> }
client authenticated/authorized by solving nonce!
switching to IN_COMM
Handler: secure connection with the client established.
{ id: 11,
  remoteAddress: '::ffff:10.0.1.76:40254',
  status: 'open' }
disconnected from auth
received secure communication!
Received seqNum: 0
data received from server via secure communication
Handler: socketID: 11 data: data1
toSend: { data: <Buffer 64 61 74 61 31>, id: 11 }
specified socketID: 11
Unidentified client disconnected
Handler: secure connection with the client closed.
socket #11 closed
Unidentified client connected
received session key handshake1
switching to HANDSHAKE_1_RECEIVED state.
session key id: 50201103
session key NOT found! sending session key id to AuthService
Distribution protocol: TCP
connected to auth! from local port 56450
received auth hello!
{ authId: 502, nonce: <Buffer 02 ae b9 d0 2d 16 1f 01> }
received session key response encrypted with distribution key
replyNonce in sessionKeyResp: <Buffer ac fa 4f 1f 26 ad cb 17>
auth nonce verified
handleSessionKeyResp: session key request succeeded! authFailureCount: 0
received 1 keys
Session key id is as expected
server ret: [object Object]
chosen nonce: <Buffer ec 68 f5 5c ee fe 71 45>
switching to HANDSHAKE_2_SENT
received session key handshake3!
{ replyNonce: <Buffer ec 68 f5 5c ee fe 71 45> }
client authenticated/authorized by solving nonce!
switching to IN_COMM
Handler: secure connection with the client established.
{ id: 12,
  remoteAddress: '::ffff:10.0.1.76:40502',
  status: 'open' }
disconnected from auth
received secure communication!
Received seqNum: 0
data received from server via secure communication
Handler: socketID: 12 data: data1
toSend: { data: <Buffer 64 61 74 61 31>, id: 12 }
specified socketID: 12
Unidentified client disconnected
Handler: secure connection with the client closed.
socket #12 closed
Unidentified client connected
received session key handshake1
switching to HANDSHAKE_1_RECEIVED state.
session key id: 50201120
session key NOT found! sending session key id to AuthService
Distribution protocol: TCP
connected to auth! from local port 56694
Handler: Error in server - details: handshake2 timed out...
received auth hello!
{ authId: 502, nonce: <Buffer 29 71 ed 4b a4 5d ea ec> }
received session key response encrypted with distribution key
replyNonce in sessionKeyResp: <Buffer 19 4c b4 99 d5 8c 29 f9>
auth nonce verified
handleSessionKeyResp: session key request succeeded! authFailureCount: 0
received 1 keys
Session key id is as expected
server ret: [object Object]
chosen nonce: <Buffer ed d5 b2 29 76 22 c5 c7>
switching to HANDSHAKE_2_SENT
disconnected from auth
received session key handshake3!
{ replyNonce: <Buffer ed d5 b2 29 76 22 c5 c7> }
client authenticated/authorized by solving nonce!
switching to IN_COMM
Handler: secure connection with the client established.
{ id: 13,
  remoteAddress: '::ffff:10.0.1.76:40746',
  status: 'open' }
received secure communication!
Received seqNum: 0
data received from server via secure communication
Handler: socketID: 13 data: data1
toSend: { data: <Buffer 64 61 74 61 31>, id: 13 }
specified socketID: 13
Unidentified client disconnected
Handler: secure connection with the client closed.
socket #13 closed
Unidentified client connected
received session key handshake1
switching to HANDSHAKE_1_RECEIVED state.
session key id: 50201142
session key NOT found! sending session key id to AuthService
Distribution protocol: TCP
connected to auth! from local port 57004
received auth hello!
{ authId: 502, nonce: <Buffer 4a 2e 99 45 a6 ca 4b ef> }
received session key response encrypted with distribution key
replyNonce in sessionKeyResp: <Buffer df 89 92 68 20 2b 38 18>
auth nonce verified
handleSessionKeyResp: session key request succeeded! authFailureCount: 0
received 1 keys
Session key id is as expected
server ret: [object Object]
chosen nonce: <Buffer 13 5f 37 d2 ae 5f 77 7d>
switching to HANDSHAKE_2_SENT
disconnected from auth
received session key handshake3!
{ replyNonce: <Buffer 13 5f 37 d2 ae 5f 77 7d> }
client authenticated/authorized by solving nonce!
switching to IN_COMM
Handler: secure connection with the client established.
{ id: 14,
  remoteAddress: '::ffff:10.0.1.76:41056',
  status: 'open' }
received secure communication!
Received seqNum: 0
data received from server via secure communication
Handler: socketID: 14 data: data1
toSend: { data: <Buffer 64 61 74 61 31>, id: 14 }
specified socketID: 14
Unidentified client disconnected
Handler: secure connection with the client closed.
socket #14 closed
Unidentified client connected
received session key handshake1
switching to HANDSHAKE_1_RECEIVED state.
session key id: 50201168
session key NOT found! sending session key id to AuthService
Distribution protocol: TCP
connected to auth! from local port 57392
Handler: Error in server - details: handshake2 timed out...
received auth hello!
{ authId: 502, nonce: <Buffer f0 91 4d d0 15 e2 45 d8> }
received session key response encrypted with distribution key
replyNonce in sessionKeyResp: <Buffer 85 f8 cc 3c ff b5 8a e3>
auth nonce verified
handleSessionKeyResp: session key request succeeded! authFailureCount: 0
received 1 keys
Session key id is as expected
server ret: [object Object]
chosen nonce: <Buffer a7 b1 be 43 d0 22 8a 86>
switching to HANDSHAKE_2_SENT
disconnected from auth
received session key handshake3!
{ replyNonce: <Buffer a7 b1 be 43 d0 22 8a 86> }
client authenticated/authorized by solving nonce!
switching to IN_COMM
Handler: secure connection with the client established.
{ id: 15,
  remoteAddress: '::ffff:10.0.1.76:41444',
  status: 'open' }
received secure communication!
Received seqNum: 0
data received from server via secure communication
Handler: socketID: 15 data: data1
toSend: { data: <Buffer 64 61 74 61 31>, id: 15 }
specified socketID: 15
Unidentified client disconnected
Handler: secure connection with the client closed.
socket #15 closed
Unidentified client connected
received session key handshake1
switching to HANDSHAKE_1_RECEIVED state.
session key id: 50201185
session key NOT found! sending session key id to AuthService
Distribution protocol: TCP
connected to auth! from local port 57590
Handler: Error in server - details: handshake2 timed out...
Unidentified client disconnected
Handler: Error in server - details: Closed during comm init from undefined:undefined
Handler: Error in server - details: Auth hello timedout ...
Unidentified client connected
received session key handshake1
switching to HANDSHAKE_1_RECEIVED state.
session key id: 50201201
session key NOT found! sending session key id to AuthService
Distribution protocol: TCP
connected to auth! from local port 57768
Handler: Error in server - details: handshake2 timed out...
received auth hello!
{ authId: 502, nonce: <Buffer 19 f8 b2 59 f6 7e 20 6a> }
received session key response encrypted with distribution key
replyNonce in sessionKeyResp: <Buffer 41 84 cb f6 0d c8 a6 17>
auth nonce verified
handleSessionKeyResp: session key request succeeded! authFailureCount: 0
received 1 keys
Session key id is as expected
server ret: [object Object]
chosen nonce: <Buffer f2 2e 0b 45 58 c4 09 3c>
switching to HANDSHAKE_2_SENT
disconnected from auth
received session key handshake3!
{ replyNonce: <Buffer f2 2e 0b 45 58 c4 09 3c> }
client authenticated/authorized by solving nonce!
switching to IN_COMM
Handler: secure connection with the client established.
{ id: 16,
  remoteAddress: '::ffff:10.0.1.76:41820',
  status: 'open' }
received secure communication!
Received seqNum: 0
data received from server via secure communication
Handler: socketID: 16 data: data1
toSend: { data: <Buffer 64 61 74 61 31>, id: 16 }
specified socketID: 16
Unidentified client disconnected
Handler: secure connection with the client closed.
socket #16 closed
Unidentified client connected
received session key handshake1
switching to HANDSHAKE_1_RECEIVED state.
session key id: 50201217
session key NOT found! sending session key id to AuthService
Distribution protocol: TCP
connected to auth! from local port 57946
Handler: Error in server - details: handshake2 timed out...
received auth hello!
{ authId: 502, nonce: <Buffer 0f fd b2 92 6d e4 d3 01> }
received session key response encrypted with distribution key
replyNonce in sessionKeyResp: <Buffer 0d 5f a5 d0 55 30 88 ce>
auth nonce verified
handleSessionKeyResp: session key request succeeded! authFailureCount: 0
received 1 keys
Session key id is as expected
server ret: [object Object]
chosen nonce: <Buffer 55 99 08 13 aa a8 fc 29>
switching to HANDSHAKE_2_SENT
received session key handshake3!
{ replyNonce: <Buffer 55 99 08 13 aa a8 fc 29> }
client authenticated/authorized by solving nonce!
switching to IN_COMM
Handler: secure connection with the client established.
{ id: 17,
  remoteAddress: '::ffff:10.0.1.76:41998',
  status: 'open' }
disconnected from auth
received secure communication!
Received seqNum: 0
data received from server via secure communication
Handler: socketID: 17 data: data1
toSend: { data: <Buffer 64 61 74 61 31>, id: 17 }
specified socketID: 17
Unidentified client disconnected
Handler: secure connection with the client closed.
socket #17 closed
Unidentified client connected
received session key handshake1
switching to HANDSHAKE_1_RECEIVED state.
session key id: 50201235
session key NOT found! sending session key id to AuthService
Distribution protocol: TCP
connected to auth! from local port 58132
Handler: Error in server - details: handshake2 timed out...
received auth hello!
{ authId: 502, nonce: <Buffer 1d df 90 da 80 fd 03 48> }
received session key response encrypted with distribution key
replyNonce in sessionKeyResp: <Buffer 09 36 ee 84 19 b9 22 fd>
auth nonce verified
handleSessionKeyResp: session key request succeeded! authFailureCount: 0
received 1 keys
Session key id is as expected
server ret: [object Object]
chosen nonce: <Buffer f9 cf 24 70 38 7e dc 77>
switching to HANDSHAKE_2_SENT
disconnected from auth
received session key handshake3!
{ replyNonce: <Buffer f9 cf 24 70 38 7e dc 77> }
client authenticated/authorized by solving nonce!
switching to IN_COMM
Handler: secure connection with the client established.
{ id: 18,
  remoteAddress: '::ffff:10.0.1.76:42184',
  status: 'open' }
received secure communication!
Received seqNum: 0
data received from server via secure communication
Handler: socketID: 18 data: data1
toSend: { data: <Buffer 64 61 74 61 31>, id: 18 }
specified socketID: 18
Unidentified client disconnected
Handler: secure connection with the client closed.
socket #18 closed
Unidentified client connected
received session key handshake1
switching to HANDSHAKE_1_RECEIVED state.
session key id: 50201280
session key NOT found! sending session key id to AuthService
Distribution protocol: TCP
connected to auth! from local port 58642
Handler: Error in server - details: handshake2 timed out...
received auth hello!
{ authId: 502, nonce: <Buffer 28 38 6f f8 08 92 4c ce> }
received session key response encrypted with distribution key
replyNonce in sessionKeyResp: <Buffer 71 04 41 5a 05 a8 82 55>
auth nonce verified
handleSessionKeyResp: session key request succeeded! authFailureCount: 0
received 1 keys
Session key id is as expected
server ret: [object Object]
chosen nonce: <Buffer f4 7f 22 f7 b8 e9 96 51>
switching to HANDSHAKE_2_SENT
disconnected from auth
received session key handshake3!
{ replyNonce: <Buffer f4 7f 22 f7 b8 e9 96 51> }
client authenticated/authorized by solving nonce!
switching to IN_COMM
Handler: secure connection with the client established.
{ id: 19,
  remoteAddress: '::ffff:10.0.1.76:42694',
  status: 'open' }
received secure communication!
Received seqNum: 0
data received from server via secure communication
Handler: socketID: 19 data: data1
toSend: { data: <Buffer 64 61 74 61 31>, id: 19 }
specified socketID: 19
Unidentified client disconnected
Handler: secure connection with the client closed.
socket #19 closed
Unidentified client connected
received session key handshake1
switching to HANDSHAKE_1_RECEIVED state.
session key id: 50201297
session key NOT found! sending session key id to AuthService
Distribution protocol: TCP
connected to auth! from local port 58832
received auth hello!
{ authId: 502, nonce: <Buffer 78 5f 8e d9 15 03 ef 8f> }
received session key response encrypted with distribution key
replyNonce in sessionKeyResp: <Buffer e9 16 46 10 e6 73 b8 4a>
auth nonce verified
handleSessionKeyResp: session key request succeeded! authFailureCount: 0
received 1 keys
Session key id is as expected
server ret: [object Object]
chosen nonce: <Buffer d8 6f e7 73 d9 b5 0f f4>
switching to HANDSHAKE_2_SENT
received session key handshake3!
{ replyNonce: <Buffer d8 6f e7 73 d9 b5 0f f4> }
client authenticated/authorized by solving nonce!
switching to IN_COMM
Handler: secure connection with the client established.
{ id: 20,
  remoteAddress: '::ffff:10.0.1.76:42884',
  status: 'open' }
disconnected from auth
received secure communication!
Received seqNum: 0
data received from server via secure communication
Handler: socketID: 20 data: data1
toSend: { data: <Buffer 64 61 74 61 31>, id: 20 }
specified socketID: 20
Unidentified client disconnected
Handler: secure connection with the client closed.
socket #20 closed
Unidentified client connected
received session key handshake1
switching to HANDSHAKE_1_RECEIVED state.
session key id: 50201322
session key NOT found! sending session key id to AuthService
Distribution protocol: TCP
connected to auth! from local port 59120
Handler: Error in server - details: handshake2 timed out...
Unidentified client connected
received session key handshake1
switching to HANDSHAKE_1_RECEIVED state.
session key id: 50201329
session key NOT found! sending session key id to AuthService
Distribution protocol: TCP
connected to auth! from local port 59172
Handler: Error in server - details: handshake2 timed out...
received auth hello!
{ authId: 502, nonce: <Buffer 3e 4d a7 8f d6 dc 9f 66> }
received session key response encrypted with distribution key
replyNonce in sessionKeyResp: <Buffer a2 13 d9 f7 ab 22 40 54>
auth nonce verified
handleSessionKeyResp: session key request succeeded! authFailureCount: 0
received 1 keys
Session key id is as expected
server ret: [object Object]
chosen nonce: <Buffer c5 3e cc 0e 13 49 ac c0>
switching to HANDSHAKE_2_SENT
received session key handshake3!
{ replyNonce: <Buffer c5 3e cc 0e 13 49 ac c0> }
client authenticated/authorized by solving nonce!
switching to IN_COMM
Handler: secure connection with the client established.
{ id: 21,
  remoteAddress: '::ffff:10.0.1.76:43172',
  status: 'open' }
disconnected from auth
received secure communication!
Received seqNum: 0
data received from server via secure communication
Handler: socketID: 21 data: data1
toSend: { data: <Buffer 64 61 74 61 31>, id: 21 }
specified socketID: 21
Unidentified client disconnected
Handler: secure connection with the client closed.
socket #21 closed
Handler: Error in server - details: Auth hello timedout ...
Unidentified client connected
received session key handshake1
switching to HANDSHAKE_1_RECEIVED state.
session key id: 50201341
session key NOT found! sending session key id to AuthService
Distribution protocol: TCP
connected to auth! from local port 59330
Unidentified client disconnected
Handler: Error in server - details: Closed during comm init from undefined:undefined
Unidentified client disconnected
Handler: Error in server - details: Closed during comm init from undefined:undefined
Handler: Error in server - details: handshake2 timed out...
received auth hello!
{ authId: 502, nonce: <Buffer d0 be cc 3e e2 6f 3a eb> }
received session key response encrypted with distribution key
replyNonce in sessionKeyResp: <Buffer 1d 5d 27 5c 76 1f 17 ed>
auth nonce verified
handleSessionKeyResp: session key request succeeded! authFailureCount: 0
received 1 keys
Session key id is as expected
server ret: [object Object]
chosen nonce: <Buffer 5d 65 04 a0 82 ba ac 44>
Handler: Error in server - details: Error during comm init, details: Error: This socket has been ended by the other party
switching to HANDSHAKE_2_SENT
disconnected from auth
received auth hello!
{ authId: 502, nonce: <Buffer 9f 49 90 7d 3e 72 76 da> }
failure in connection with Auth : authFailureCount: 1
Handler: Error in server - details: Error occurred in session key request: Error: write after end
received auth hello!
{ authId: 502, nonce: <Buffer 63 ac 20 63 d1 aa 66 f9> }
received session key response encrypted with distribution key
replyNonce in sessionKeyResp: <Buffer 98 8e 04 3c 6b 26 a9 4a>
auth nonce verified
handleSessionKeyResp: session key request succeeded! authFailureCount: 0
received 1 keys
Session key id is as expected
server ret: [object Object]
chosen nonce: <Buffer 0c 68 da d8 89 1f 27 55>
Handler: Error in server - details: Error during comm init, details: Error: This socket has been ended by the other party
switching to HANDSHAKE_2_SENT
disconnected from auth
disconnected from auth
