changing working directory to: /home/hokeunkim/Development/iotauth/entity/node/example_entities
loading from config file: /home/hokeunkim/Development/iotauth_experiments/experiments/ccs2017/expOptions/expEntity.option
Experimental options for autoClient: { autoSendPeriod: 60000,
  useSameSessionKeyCount: 1,
  connectionTimeout: 50000,
  migrationEnabled: true,
  authFailureThreshold: 2,
  migrationFailureThreshold: 2 }
loading from config file: /home/hokeunkim/Development/iotauth/entity/node/example_entities/configs/Clients/c509.config
initializing...
current parameters: { numKeysPerRequest: 3,
  migrationEnabled: false,
  authFailureThreshold: 3,
  migrationFailureThreshold: 3 }
current parameters: { numKeysPerRequest: 1,
  migrationEnabled: false,
  authFailureThreshold: 3,
  migrationFailureThreshold: 3 }
current parameters: { numKeysPerRequest: 1,
  migrationEnabled: true,
  authFailureThreshold: 3,
  migrationFailureThreshold: 3 }
current parameters: { numKeysPerRequest: 1,
  migrationEnabled: true,
  authFailureThreshold: 2,
  migrationFailureThreshold: 3 }
current parameters: { numKeysPerRequest: 1,
  migrationEnabled: true,
  authFailureThreshold: 2,
  migrationFailureThreshold: 2 }
current entityInfo: { name: 'c509',
  group: 'Clients',
  distProtocol: 'TCP',
  usePermanentDistKey: false,
  connectionTimeout: 50000,
  privateKey: <Buffer 2d 2d 2d 2d 2d 42 45 47 49 4e 20 52 53 41 20 50 52 49 56 41 54 45 20 4b 45 59 2d 2d 2d 2d 2d 0a 4d 49 49 45 6f 77 49 42 41 41 4b 43 41 51 45 41 6d 6f ... > }
Distribution protocol: TCP
Resp-actual/expected/ratio/ts: 0 1 0 1521587150165
connected to auth! from local port 40300
received auth hello!
{ authId: 501, nonce: <Buffer 7f 1c 41 d3 d5 1e 12 9c> }
received session key response with distribution key attached!
auth signature verified
replyNonce in sessionKeyResp: <Buffer 9b f5 3f 6f 07 c7 37 62>
auth nonce verified
handleSessionKeyResp: session key request succeeded! authFailureCount: 0
updating distribution key: { cipherKeyVal: <Buffer 84 c7 8d 3e 63 64 d9 78 04 aa f4 c3 b6 88 3b 44>,
  macKeyVal: <Buffer e2 71 e1 c3 ee 1f a1 be 51 15 ca 72 7c ce e9 50 d0 c2 a2 18 db b9 a5 32 be fd 14 00 ab 83 3c b7>,
  absValidity: 2018-03-21T00:05:50.345Z }
received 1 keys
currentSessionKey: [object Object]
Session protocol: TCP
chosen commSessionKey: 
{ id: 50100006,
  cipherKeyVal: <Buffer 05 9e 69 f3 31 7a 77 95 13 70 d3 1a d1 8c 80 ab>,
  macKeyVal: <Buffer be 71 99 a6 54 89 0e db 55 84 7f 91 87 fd 79 c3 f7 7f 52 8b bc 58 0f a5 21 d9 d1 2a 35 8f 4a f4>,
  absValidity: 2018-03-21T23:05:50.345Z,
  relValidity: 7200000 }
options
{ serverHost: '10.0.1.29',
  serverPort: 22100,
  sessionKey: 
   { id: 50100006,
     cipherKeyVal: <Buffer 05 9e 69 f3 31 7a 77 95 13 70 d3 1a d1 8c 80 ab>,
     macKeyVal: <Buffer be 71 99 a6 54 89 0e db 55 84 7f 91 87 fd 79 c3 f7 7f 52 8b bc 58 0f a5 21 d9 d1 2a 35 8f 4a f4>,
     absValidity: 2018-03-21T23:05:50.345Z,
     relValidity: 7200000 },
  sessionCryptoSpec: { cipher: 'AES-128-CBC', mac: 'SHA256' },
  sessionProtocol: 'TCP',
  handshakeTimeout: 50000 }
chosen nonce: <Buffer 51 03 be 73 84 87 05 a6>
switching to HANDSHAKE_1_SENT
disconnected from auth
received session key handshake2!
client ret: [object Object]
server authenticated/authorized by solving nonce!
Handler: communication initialization succeeded
file data length: 1024
sending at Tue Mar 20 2018 23:05:51 GMT+0000 (UTC)
switching to IN_COMM
received secure communication message!
Received seqNum: 0
Handler: data received from server via secure communication
data1
Resp-actual/expected/ratio/ts: 1 1 1 1521587151824
Distribution protocol: TCP
Resp-actual/expected/ratio/ts: 1 2 0.5 1521587210224
connected to auth! from local port 40570
received auth hello!
{ authId: 501, nonce: <Buffer 66 ed 87 24 14 a9 dc 2f> }
received session key response encrypted with distribution key
replyNonce in sessionKeyResp: <Buffer b8 a7 59 31 c3 8c 11 a6>
auth nonce verified
handleSessionKeyResp: session key request succeeded! authFailureCount: 0
received 1 keys
currentSessionKey: [object Object]
Status: Secure connection closed before starting a new connection.
Session protocol: TCP
chosen commSessionKey: 
{ id: 50100014,
  cipherKeyVal: <Buffer 83 83 9c 58 b3 a2 99 b8 96 1e 28 a5 df e5 0c bc>,
  macKeyVal: <Buffer b0 71 cb 3d 09 8b a8 ae 33 3a a0 92 ad fe fc 32 11 1f 33 39 3c dc 8a 97 52 cf 4d f7 46 98 6f 2b>,
  absValidity: 2018-03-21T23:06:50.445Z,
  relValidity: 7200000 }
options
{ serverHost: '10.0.1.29',
  serverPort: 22100,
  sessionKey: 
   { id: 50100014,
     cipherKeyVal: <Buffer 83 83 9c 58 b3 a2 99 b8 96 1e 28 a5 df e5 0c bc>,
     macKeyVal: <Buffer b0 71 cb 3d 09 8b a8 ae 33 3a a0 92 ad fe fc 32 11 1f 33 39 3c dc 8a 97 52 cf 4d f7 46 98 6f 2b>,
     absValidity: 2018-03-21T23:06:50.445Z,
     relValidity: 7200000 },
  sessionCryptoSpec: { cipher: 'AES-128-CBC', mac: 'SHA256' },
  sessionProtocol: 'TCP',
  handshakeTimeout: 50000 }
chosen nonce: <Buffer e8 f5 39 ab 93 ad 3e 7c>
switching to HANDSHAKE_1_SENT
disconnected from auth
Handler: secure connection with the server closed.
received session key handshake2!
client ret: [object Object]
server authenticated/authorized by solving nonce!
Handler: communication initialization succeeded
file data length: 1024
sending at Tue Mar 20 2018 23:06:51 GMT+0000 (UTC)
switching to IN_COMM
received secure communication message!
Received seqNum: 0
Handler: data received from server via secure communication
data1
Resp-actual/expected/ratio/ts: 2 2 1 1521587212038
Distribution protocol: TCP
Resp-actual/expected/ratio/ts: 2 3 0.6666666666666666 1521587270283
connected to auth! from local port 40842
received auth hello!
{ authId: 501, nonce: <Buffer cf 8c e8 e2 10 d1 fc 01> }
received session key response encrypted with distribution key
replyNonce in sessionKeyResp: <Buffer 11 21 6a f6 26 60 2a 39>
auth nonce verified
handleSessionKeyResp: session key request succeeded! authFailureCount: 0
received 1 keys
currentSessionKey: [object Object]
Status: Secure connection closed before starting a new connection.
Session protocol: TCP
chosen commSessionKey: 
{ id: 50100022,
  cipherKeyVal: <Buffer dd df 27 15 a8 9a 3f 30 1e be 1a 91 9f 76 8a 8b>,
  macKeyVal: <Buffer 3b 0b af 5c b7 c6 48 c9 fd fa d8 3d dd 2a 2c 5b e7 88 0c a2 b1 78 76 fc fc 16 b7 64 c7 a4 00 5a>,
  absValidity: 2018-03-21T23:07:50.430Z,
  relValidity: 7200000 }
options
{ serverHost: '10.0.1.29',
  serverPort: 22100,
  sessionKey: 
   { id: 50100022,
     cipherKeyVal: <Buffer dd df 27 15 a8 9a 3f 30 1e be 1a 91 9f 76 8a 8b>,
     macKeyVal: <Buffer 3b 0b af 5c b7 c6 48 c9 fd fa d8 3d dd 2a 2c 5b e7 88 0c a2 b1 78 76 fc fc 16 b7 64 c7 a4 00 5a>,
     absValidity: 2018-03-21T23:07:50.430Z,
     relValidity: 7200000 },
  sessionCryptoSpec: { cipher: 'AES-128-CBC', mac: 'SHA256' },
  sessionProtocol: 'TCP',
  handshakeTimeout: 50000 }
chosen nonce: <Buffer 6f 62 f3 b6 e9 6c e8 75>
switching to HANDSHAKE_1_SENT
disconnected from auth
Handler: secure connection with the server closed.
received session key handshake2!
client ret: [object Object]
server authenticated/authorized by solving nonce!
Handler: communication initialization succeeded
file data length: 1024
sending at Tue Mar 20 2018 23:07:51 GMT+0000 (UTC)
switching to IN_COMM
received secure communication message!
Received seqNum: 0
Handler: data received from server via secure communication
data1
Resp-actual/expected/ratio/ts: 3 3 1 1521587272073
Distribution protocol: TCP
Resp-actual/expected/ratio/ts: 3 4 0.75 1521587330341
connected to auth! from local port 41110
received auth hello!
{ authId: 501, nonce: <Buffer 39 57 19 15 70 c3 c6 07> }
received session key response encrypted with distribution key
replyNonce in sessionKeyResp: <Buffer 10 04 80 ca 33 e3 9a e3>
auth nonce verified
handleSessionKeyResp: session key request succeeded! authFailureCount: 0
received 1 keys
currentSessionKey: [object Object]
Status: Secure connection closed before starting a new connection.
Session protocol: TCP
chosen commSessionKey: 
{ id: 50100030,
  cipherKeyVal: <Buffer ef 24 1b ee 7f 73 82 9d f6 07 be 77 32 73 2b ae>,
  macKeyVal: <Buffer 41 5c f0 fa fa 3f 4c e0 74 eb 33 c8 21 a1 94 c4 49 4f 6b 13 43 9d 4c f4 75 ea 51 42 03 cc 30 34>,
  absValidity: 2018-03-21T23:08:50.505Z,
  relValidity: 7200000 }
options
{ serverHost: '10.0.1.29',
  serverPort: 22100,
  sessionKey: 
   { id: 50100030,
     cipherKeyVal: <Buffer ef 24 1b ee 7f 73 82 9d f6 07 be 77 32 73 2b ae>,
     macKeyVal: <Buffer 41 5c f0 fa fa 3f 4c e0 74 eb 33 c8 21 a1 94 c4 49 4f 6b 13 43 9d 4c f4 75 ea 51 42 03 cc 30 34>,
     absValidity: 2018-03-21T23:08:50.505Z,
     relValidity: 7200000 },
  sessionCryptoSpec: { cipher: 'AES-128-CBC', mac: 'SHA256' },
  sessionProtocol: 'TCP',
  handshakeTimeout: 50000 }
chosen nonce: <Buffer 44 79 96 90 42 11 5f 01>
switching to HANDSHAKE_1_SENT
disconnected from auth
Handler: secure connection with the server closed.
received session key handshake2!
client ret: [object Object]
server authenticated/authorized by solving nonce!
Handler: communication initialization succeeded
file data length: 1024
sending at Tue Mar 20 2018 23:08:51 GMT+0000 (UTC)
switching to IN_COMM
received secure communication message!
Received seqNum: 0
Handler: data received from server via secure communication
data1
Resp-actual/expected/ratio/ts: 4 4 1 1521587332126
Distribution protocol: TCP
Resp-actual/expected/ratio/ts: 4 5 0.8 1521587390400
connected to auth! from local port 41380
received auth hello!
{ authId: 501, nonce: <Buffer 28 0c 16 3b e7 97 91 ee> }
received session key response encrypted with distribution key
replyNonce in sessionKeyResp: <Buffer 45 b4 49 1d c0 9d 7c 20>
auth nonce verified
handleSessionKeyResp: session key request succeeded! authFailureCount: 0
received 1 keys
currentSessionKey: [object Object]
Status: Secure connection closed before starting a new connection.
Session protocol: TCP
chosen commSessionKey: 
{ id: 50100038,
  cipherKeyVal: <Buffer eb 4f ba 5b 46 5d de 87 ef f1 ce 04 d9 b3 44 08>,
  macKeyVal: <Buffer 81 9f 88 9e 03 de 14 36 f4 27 50 53 78 ee e5 e0 e6 7a b0 fb 04 10 45 70 0f 3f c4 09 bc 76 6a b9>,
  absValidity: 2018-03-21T23:09:50.594Z,
  relValidity: 7200000 }
options
{ serverHost: '10.0.1.29',
  serverPort: 22100,
  sessionKey: 
   { id: 50100038,
     cipherKeyVal: <Buffer eb 4f ba 5b 46 5d de 87 ef f1 ce 04 d9 b3 44 08>,
     macKeyVal: <Buffer 81 9f 88 9e 03 de 14 36 f4 27 50 53 78 ee e5 e0 e6 7a b0 fb 04 10 45 70 0f 3f c4 09 bc 76 6a b9>,
     absValidity: 2018-03-21T23:09:50.594Z,
     relValidity: 7200000 },
  sessionCryptoSpec: { cipher: 'AES-128-CBC', mac: 'SHA256' },
  sessionProtocol: 'TCP',
  handshakeTimeout: 50000 }
chosen nonce: <Buffer c9 33 61 52 1c a8 b0 8b>
switching to HANDSHAKE_1_SENT
disconnected from auth
Handler: secure connection with the server closed.
received session key handshake2!
client ret: [object Object]
server authenticated/authorized by solving nonce!
Handler: communication initialization succeeded
file data length: 1024
sending at Tue Mar 20 2018 23:09:51 GMT+0000 (UTC)
switching to IN_COMM
received secure communication message!
Received seqNum: 0
Handler: data received from server via secure communication
data1
Resp-actual/expected/ratio/ts: 5 5 1 1521587392209
Distribution protocol: TCP
Resp-actual/expected/ratio/ts: 5 6 0.8333333333333334 1521587450460
connected to auth! from local port 41648
received auth hello!
{ authId: 501, nonce: <Buffer 3a d6 09 cc 53 31 82 aa> }
received session key response encrypted with distribution key
replyNonce in sessionKeyResp: <Buffer e1 7b 91 c9 2b f2 f4 d7>
auth nonce verified
handleSessionKeyResp: session key request succeeded! authFailureCount: 0
received 1 keys
currentSessionKey: [object Object]
Status: Secure connection closed before starting a new connection.
Session protocol: TCP
chosen commSessionKey: 
{ id: 50100046,
  cipherKeyVal: <Buffer f2 f8 7b 5d de 47 b5 d2 d2 9a 76 98 b2 34 75 d7>,
  macKeyVal: <Buffer 44 a7 cf 0c 2a 7b 65 b7 e8 91 f9 55 7b 48 67 6c 1d 27 90 c1 d7 97 e2 04 88 cc 51 f1 44 cd 7c a7>,
  absValidity: 2018-03-21T23:10:50.682Z,
  relValidity: 7200000 }
options
{ serverHost: '10.0.1.29',
  serverPort: 22100,
  sessionKey: 
   { id: 50100046,
     cipherKeyVal: <Buffer f2 f8 7b 5d de 47 b5 d2 d2 9a 76 98 b2 34 75 d7>,
     macKeyVal: <Buffer 44 a7 cf 0c 2a 7b 65 b7 e8 91 f9 55 7b 48 67 6c 1d 27 90 c1 d7 97 e2 04 88 cc 51 f1 44 cd 7c a7>,
     absValidity: 2018-03-21T23:10:50.682Z,
     relValidity: 7200000 },
  sessionCryptoSpec: { cipher: 'AES-128-CBC', mac: 'SHA256' },
  sessionProtocol: 'TCP',
  handshakeTimeout: 50000 }
chosen nonce: <Buffer 4d ef 07 17 ea c3 bb 4d>
switching to HANDSHAKE_1_SENT
disconnected from auth
Handler: secure connection with the server closed.
received session key handshake2!
client ret: [object Object]
server authenticated/authorized by solving nonce!
Handler: communication initialization succeeded
file data length: 1024
sending at Tue Mar 20 2018 23:10:51 GMT+0000 (UTC)
switching to IN_COMM
received secure communication message!
Received seqNum: 0
Handler: data received from server via secure communication
data1
Resp-actual/expected/ratio/ts: 6 6 1 1521587452276
Distribution protocol: TCP
Resp-actual/expected/ratio/ts: 6 7 0.8571428571428571 1521587510498
connected to auth! from local port 41920
received auth hello!
{ authId: 501, nonce: <Buffer f2 92 0b 8f f5 b1 62 af> }
received session key response encrypted with distribution key
replyNonce in sessionKeyResp: <Buffer 8f 83 2a 11 ca 80 ae 90>
auth nonce verified
handleSessionKeyResp: session key request succeeded! authFailureCount: 0
received 1 keys
currentSessionKey: [object Object]
Status: Secure connection closed before starting a new connection.
Session protocol: TCP
chosen commSessionKey: 
{ id: 50100054,
  cipherKeyVal: <Buffer 18 ba c4 3d c6 51 bd f6 30 df 12 1c ab a4 06 49>,
  macKeyVal: <Buffer 53 c1 85 2f 8a 7e 71 50 31 29 01 33 42 51 fb ea 82 ac ea cc 58 91 c8 81 ff 3a 74 d5 12 c2 36 c7>,
  absValidity: 2018-03-21T23:11:50.671Z,
  relValidity: 7200000 }
options
{ serverHost: '10.0.1.29',
  serverPort: 22100,
  sessionKey: 
   { id: 50100054,
     cipherKeyVal: <Buffer 18 ba c4 3d c6 51 bd f6 30 df 12 1c ab a4 06 49>,
     macKeyVal: <Buffer 53 c1 85 2f 8a 7e 71 50 31 29 01 33 42 51 fb ea 82 ac ea cc 58 91 c8 81 ff 3a 74 d5 12 c2 36 c7>,
     absValidity: 2018-03-21T23:11:50.671Z,
     relValidity: 7200000 },
  sessionCryptoSpec: { cipher: 'AES-128-CBC', mac: 'SHA256' },
  sessionProtocol: 'TCP',
  handshakeTimeout: 50000 }
chosen nonce: <Buffer 4d 2d 56 02 bc 33 80 73>
switching to HANDSHAKE_1_SENT
disconnected from auth
Handler: secure connection with the server closed.
received session key handshake2!
client ret: [object Object]
server authenticated/authorized by solving nonce!
Handler: communication initialization succeeded
file data length: 1024
sending at Tue Mar 20 2018 23:11:51 GMT+0000 (UTC)
switching to IN_COMM
received secure communication message!
Received seqNum: 0
Handler: data received from server via secure communication
data1
Resp-actual/expected/ratio/ts: 7 7 1 1521587512163
Distribution protocol: TCP
Resp-actual/expected/ratio/ts: 7 8 0.875 1521587570543
connected to auth! from local port 42168
received auth hello!
{ authId: 501, nonce: <Buffer 73 c6 e4 35 f4 85 e8 e5> }
received session key response encrypted with distribution key
replyNonce in sessionKeyResp: <Buffer 5c ac 7f d9 21 62 e7 b2>
auth nonce verified
handleSessionKeyResp: session key request succeeded! authFailureCount: 0
received 1 keys
currentSessionKey: [object Object]
Status: Secure connection closed before starting a new connection.
Session protocol: TCP
chosen commSessionKey: 
{ id: 50100062,
  cipherKeyVal: <Buffer cf e1 b2 24 ee 2d 81 d8 dc f5 59 55 f2 5d 89 d1>,
  macKeyVal: <Buffer e7 cf 87 f3 b7 f7 35 d9 e6 c5 22 60 c3 70 c7 60 22 6a 15 45 fa 5f e8 cb e9 b8 55 cb 04 79 3c 10>,
  absValidity: 2018-03-21T23:12:50.708Z,
  relValidity: 7200000 }
options
{ serverHost: '10.0.1.29',
  serverPort: 22100,
  sessionKey: 
   { id: 50100062,
     cipherKeyVal: <Buffer cf e1 b2 24 ee 2d 81 d8 dc f5 59 55 f2 5d 89 d1>,
     macKeyVal: <Buffer e7 cf 87 f3 b7 f7 35 d9 e6 c5 22 60 c3 70 c7 60 22 6a 15 45 fa 5f e8 cb e9 b8 55 cb 04 79 3c 10>,
     absValidity: 2018-03-21T23:12:50.708Z,
     relValidity: 7200000 },
  sessionCryptoSpec: { cipher: 'AES-128-CBC', mac: 'SHA256' },
  sessionProtocol: 'TCP',
  handshakeTimeout: 50000 }
chosen nonce: <Buffer ba b7 fa 0e e2 2e 62 8b>
switching to HANDSHAKE_1_SENT
disconnected from auth
Handler: secure connection with the server closed.
received session key handshake2!
client ret: [object Object]
server authenticated/authorized by solving nonce!
Handler: communication initialization succeeded
file data length: 1024
sending at Tue Mar 20 2018 23:12:51 GMT+0000 (UTC)
switching to IN_COMM
received secure communication message!
Received seqNum: 0
Handler: data received from server via secure communication
data1
Resp-actual/expected/ratio/ts: 8 8 1 1521587572029
Distribution protocol: TCP
Resp-actual/expected/ratio/ts: 8 9 0.8888888888888888 1521587630602
connected to auth! from local port 42428
received auth hello!
{ authId: 501, nonce: <Buffer 40 f7 17 3e e5 0c 7b d6> }
received session key response encrypted with distribution key
replyNonce in sessionKeyResp: <Buffer a1 82 de fa 57 4d b3 ca>
auth nonce verified
handleSessionKeyResp: session key request succeeded! authFailureCount: 0
received 1 keys
currentSessionKey: [object Object]
Status: Secure connection closed before starting a new connection.
Session protocol: TCP
chosen commSessionKey: 
{ id: 50100070,
  cipherKeyVal: <Buffer 77 4f f2 97 6d 6a 6a ba b2 06 83 7c b2 1a 3f 53>,
  macKeyVal: <Buffer ad e0 2a 24 0b 75 e4 bb e5 9b 6f c5 fe 5e 63 37 39 b4 75 27 98 cc 99 b7 90 5d c1 2d 9c 90 a3 15>,
  absValidity: 2018-03-21T23:13:51.284Z,
  relValidity: 7200000 }
options
{ serverHost: '10.0.1.29',
  serverPort: 22100,
  sessionKey: 
   { id: 50100070,
     cipherKeyVal: <Buffer 77 4f f2 97 6d 6a 6a ba b2 06 83 7c b2 1a 3f 53>,
     macKeyVal: <Buffer ad e0 2a 24 0b 75 e4 bb e5 9b 6f c5 fe 5e 63 37 39 b4 75 27 98 cc 99 b7 90 5d c1 2d 9c 90 a3 15>,
     absValidity: 2018-03-21T23:13:51.284Z,
     relValidity: 7200000 },
  sessionCryptoSpec: { cipher: 'AES-128-CBC', mac: 'SHA256' },
  sessionProtocol: 'TCP',
  handshakeTimeout: 50000 }
chosen nonce: <Buffer 05 2a ac 6d 9c 7b f2 bf>
switching to HANDSHAKE_1_SENT
disconnected from auth
Handler: secure connection with the server closed.
received session key handshake2!
client ret: [object Object]
server authenticated/authorized by solving nonce!
Handler: communication initialization succeeded
file data length: 1024
sending at Tue Mar 20 2018 23:13:53 GMT+0000 (UTC)
switching to IN_COMM
received secure communication message!
Received seqNum: 0
Handler: data received from server via secure communication
data1
Resp-actual/expected/ratio/ts: 9 9 1 1521587633653
Distribution protocol: TCP
Resp-actual/expected/ratio/ts: 9 10 0.9 1521587690657
connected to auth! from local port 42698
received auth hello!
{ authId: 501, nonce: <Buffer 9d 1e 3e b2 11 92 dc de> }
received session key response encrypted with distribution key
replyNonce in sessionKeyResp: <Buffer 9c fb 17 d3 37 ab df ca>
auth nonce verified
handleSessionKeyResp: session key request succeeded! authFailureCount: 0
received 1 keys
currentSessionKey: [object Object]
Status: Secure connection closed before starting a new connection.
Session protocol: TCP
chosen commSessionKey: 
{ id: 50100079,
  cipherKeyVal: <Buffer b7 80 bb 4f 61 a8 d6 15 fc 91 01 3e 53 c0 6a 6d>,
  macKeyVal: <Buffer 75 c0 d7 24 d7 95 ba ae 81 22 bf 84 f0 64 24 9c 86 6f 9b 12 a5 7c 50 2f 25 51 88 6a 97 e9 3f 32>,
  absValidity: 2018-03-21T23:14:51.021Z,
  relValidity: 7200000 }
options
{ serverHost: '10.0.1.29',
  serverPort: 22100,
  sessionKey: 
   { id: 50100079,
     cipherKeyVal: <Buffer b7 80 bb 4f 61 a8 d6 15 fc 91 01 3e 53 c0 6a 6d>,
     macKeyVal: <Buffer 75 c0 d7 24 d7 95 ba ae 81 22 bf 84 f0 64 24 9c 86 6f 9b 12 a5 7c 50 2f 25 51 88 6a 97 e9 3f 32>,
     absValidity: 2018-03-21T23:14:51.021Z,
     relValidity: 7200000 },
  sessionCryptoSpec: { cipher: 'AES-128-CBC', mac: 'SHA256' },
  sessionProtocol: 'TCP',
  handshakeTimeout: 50000 }
chosen nonce: <Buffer 47 f8 35 08 5b 8c 28 5a>
switching to HANDSHAKE_1_SENT
disconnected from auth
Handler: secure connection with the server closed.
received session key handshake2!
client ret: [object Object]
server authenticated/authorized by solving nonce!
Handler: communication initialization succeeded
file data length: 1024
sending at Tue Mar 20 2018 23:14:53 GMT+0000 (UTC)
switching to IN_COMM
received secure communication message!
Received seqNum: 0
Handler: data received from server via secure communication
data1
Resp-actual/expected/ratio/ts: 10 10 1 1521587693499
Distribution protocol: TCP
Resp-actual/expected/ratio/ts: 10 11 0.9090909090909091 1521587750715
connected to auth! from local port 42968
received auth hello!
{ authId: 501, nonce: <Buffer 59 d4 f1 e7 38 06 8f b4> }
received session key response encrypted with distribution key
replyNonce in sessionKeyResp: <Buffer c1 8a 3d 11 a0 a1 10 3f>
auth nonce verified
handleSessionKeyResp: session key request succeeded! authFailureCount: 0
received 1 keys
currentSessionKey: [object Object]
Status: Secure connection closed before starting a new connection.
Session protocol: TCP
chosen commSessionKey: 
{ id: 50100088,
  cipherKeyVal: <Buffer 97 3e f4 16 04 2e 12 e6 79 f0 be 19 4c e5 0c 2f>,
  macKeyVal: <Buffer 54 df 25 94 b9 5e 84 bb ec c0 b8 9f f2 73 f4 95 f5 60 74 39 2f e2 63 b2 fc 9a 72 71 99 e5 d8 52>,
  absValidity: 2018-03-21T23:15:51.068Z,
  relValidity: 7200000 }
options
{ serverHost: '10.0.1.29',
  serverPort: 22100,
  sessionKey: 
   { id: 50100088,
     cipherKeyVal: <Buffer 97 3e f4 16 04 2e 12 e6 79 f0 be 19 4c e5 0c 2f>,
     macKeyVal: <Buffer 54 df 25 94 b9 5e 84 bb ec c0 b8 9f f2 73 f4 95 f5 60 74 39 2f e2 63 b2 fc 9a 72 71 99 e5 d8 52>,
     absValidity: 2018-03-21T23:15:51.068Z,
     relValidity: 7200000 },
  sessionCryptoSpec: { cipher: 'AES-128-CBC', mac: 'SHA256' },
  sessionProtocol: 'TCP',
  handshakeTimeout: 50000 }
chosen nonce: <Buffer 5b 75 ca 87 5f 67 cd 8f>
switching to HANDSHAKE_1_SENT
disconnected from auth
Handler: secure connection with the server closed.
received session key handshake2!
client ret: [object Object]
server authenticated/authorized by solving nonce!
Handler: communication initialization succeeded
file data length: 1024
sending at Tue Mar 20 2018 23:15:53 GMT+0000 (UTC)
switching to IN_COMM
received secure communication message!
Received seqNum: 0
Handler: data received from server via secure communication
data1
Resp-actual/expected/ratio/ts: 11 11 1 1521587753480
Distribution protocol: TCP
Resp-actual/expected/ratio/ts: 11 12 0.9166666666666666 1521587810769
connected to auth! from local port 43240
received auth hello!
{ authId: 501, nonce: <Buffer d7 0c 4e 9d a8 55 61 22> }
received session key response encrypted with distribution key
replyNonce in sessionKeyResp: <Buffer d3 b0 50 80 38 2a 76 b7>
auth nonce verified
handleSessionKeyResp: session key request succeeded! authFailureCount: 0
received 1 keys
currentSessionKey: [object Object]
Status: Secure connection closed before starting a new connection.
Session protocol: TCP
chosen commSessionKey: 
{ id: 50100097,
  cipherKeyVal: <Buffer 03 32 70 56 8d 78 ef 5e 28 a0 1a d7 43 26 72 0d>,
  macKeyVal: <Buffer 16 84 f6 4e 24 e7 70 c7 2e de df 7a 13 cf 01 5e dd b1 86 68 4f 5e 3c ab b0 d9 00 56 8e d5 f9 fa>,
  absValidity: 2018-03-21T23:16:51.107Z,
  relValidity: 7200000 }
options
{ serverHost: '10.0.1.29',
  serverPort: 22100,
  sessionKey: 
   { id: 50100097,
     cipherKeyVal: <Buffer 03 32 70 56 8d 78 ef 5e 28 a0 1a d7 43 26 72 0d>,
     macKeyVal: <Buffer 16 84 f6 4e 24 e7 70 c7 2e de df 7a 13 cf 01 5e dd b1 86 68 4f 5e 3c ab b0 d9 00 56 8e d5 f9 fa>,
     absValidity: 2018-03-21T23:16:51.107Z,
     relValidity: 7200000 },
  sessionCryptoSpec: { cipher: 'AES-128-CBC', mac: 'SHA256' },
  sessionProtocol: 'TCP',
  handshakeTimeout: 50000 }
chosen nonce: <Buffer 72 77 b5 90 84 86 b0 9e>
switching to HANDSHAKE_1_SENT
disconnected from auth
Handler: secure connection with the server closed.
received session key handshake2!
client ret: [object Object]
server authenticated/authorized by solving nonce!
Handler: communication initialization succeeded
file data length: 1024
sending at Tue Mar 20 2018 23:16:53 GMT+0000 (UTC)
switching to IN_COMM
received secure communication message!
Received seqNum: 0
Handler: data received from server via secure communication
data1
Resp-actual/expected/ratio/ts: 12 12 1 1521587813440
Distribution protocol: TCP
Resp-actual/expected/ratio/ts: 12 13 0.9230769230769231 1521587870773
connected to auth! from local port 43514
received auth hello!
{ authId: 501, nonce: <Buffer 7d 4b 90 a5 8b d1 85 a2> }
received session key response encrypted with distribution key
replyNonce in sessionKeyResp: <Buffer 42 a0 61 d9 76 ac 8a 1a>
auth nonce verified
handleSessionKeyResp: session key request succeeded! authFailureCount: 0
received 1 keys
currentSessionKey: [object Object]
Status: Secure connection closed before starting a new connection.
Session protocol: TCP
chosen commSessionKey: 
{ id: 50100106,
  cipherKeyVal: <Buffer a3 3e a3 c0 b8 32 3c f5 02 4a 6a bd e3 b8 c0 5a>,
  macKeyVal: <Buffer 31 77 8b 4c 7c 81 85 7a 60 3d ca a7 af 97 d5 f5 32 d7 a8 d0 12 54 25 8e ac 3d c3 3e d7 e4 0e 7b>,
  absValidity: 2018-03-21T23:17:51.201Z,
  relValidity: 7200000 }
options
{ serverHost: '10.0.1.29',
  serverPort: 22100,
  sessionKey: 
   { id: 50100106,
     cipherKeyVal: <Buffer a3 3e a3 c0 b8 32 3c f5 02 4a 6a bd e3 b8 c0 5a>,
     macKeyVal: <Buffer 31 77 8b 4c 7c 81 85 7a 60 3d ca a7 af 97 d5 f5 32 d7 a8 d0 12 54 25 8e ac 3d c3 3e d7 e4 0e 7b>,
     absValidity: 2018-03-21T23:17:51.201Z,
     relValidity: 7200000 },
  sessionCryptoSpec: { cipher: 'AES-128-CBC', mac: 'SHA256' },
  sessionProtocol: 'TCP',
  handshakeTimeout: 50000 }
chosen nonce: <Buffer bc a8 ae 38 42 ec ae e2>
switching to HANDSHAKE_1_SENT
disconnected from auth
Handler: secure connection with the server closed.
received session key handshake2!
client ret: [object Object]
server authenticated/authorized by solving nonce!
Handler: communication initialization succeeded
file data length: 1024
sending at Tue Mar 20 2018 23:17:53 GMT+0000 (UTC)
switching to IN_COMM
received secure communication message!
Received seqNum: 0
Handler: data received from server via secure communication
data1
Resp-actual/expected/ratio/ts: 13 13 1 1521587873770
Distribution protocol: TCP
Resp-actual/expected/ratio/ts: 13 14 0.9285714285714286 1521587930830
connected to auth! from local port 43784
received auth hello!
{ authId: 501, nonce: <Buffer 53 43 93 93 b2 5c a7 6f> }
received session key response encrypted with distribution key
replyNonce in sessionKeyResp: <Buffer cc 57 e1 99 bb 16 e3 f8>
auth nonce verified
handleSessionKeyResp: session key request succeeded! authFailureCount: 0
received 1 keys
currentSessionKey: [object Object]
Status: Secure connection closed before starting a new connection.
Session protocol: TCP
chosen commSessionKey: 
{ id: 50100115,
  cipherKeyVal: <Buffer 37 a0 4f 9b 2c 15 ee 7b 21 72 fa 90 a8 49 06 50>,
  macKeyVal: <Buffer 3c e1 40 5b aa ec cc 99 5a e3 11 ad a4 05 8c ba 5f 38 d4 fa 8c 23 71 fb 6b b7 38 f5 e1 a7 91 bf>,
  absValidity: 2018-03-21T23:18:51.317Z,
  relValidity: 7200000 }
options
{ serverHost: '10.0.1.29',
  serverPort: 22100,
  sessionKey: 
   { id: 50100115,
     cipherKeyVal: <Buffer 37 a0 4f 9b 2c 15 ee 7b 21 72 fa 90 a8 49 06 50>,
     macKeyVal: <Buffer 3c e1 40 5b aa ec cc 99 5a e3 11 ad a4 05 8c ba 5f 38 d4 fa 8c 23 71 fb 6b b7 38 f5 e1 a7 91 bf>,
     absValidity: 2018-03-21T23:18:51.317Z,
     relValidity: 7200000 },
  sessionCryptoSpec: { cipher: 'AES-128-CBC', mac: 'SHA256' },
  sessionProtocol: 'TCP',
  handshakeTimeout: 50000 }
chosen nonce: <Buffer 9b fa dc c5 bc 4d 6d 54>
switching to HANDSHAKE_1_SENT
disconnected from auth
Handler: secure connection with the server closed.
received session key handshake2!
client ret: [object Object]
server authenticated/authorized by solving nonce!
Handler: communication initialization succeeded
file data length: 1024
sending at Tue Mar 20 2018 23:18:53 GMT+0000 (UTC)
switching to IN_COMM
received secure communication message!
Received seqNum: 0
Handler: data received from server via secure communication
data1
Resp-actual/expected/ratio/ts: 14 14 1 1521587933654
Distribution protocol: TCP
Resp-actual/expected/ratio/ts: 14 15 0.9333333333333333 1521587990887
connected to auth! from local port 44058
received auth hello!
{ authId: 501, nonce: <Buffer 64 99 9f eb f7 f0 84 43> }
received session key response encrypted with distribution key
replyNonce in sessionKeyResp: <Buffer 4d d3 b2 fc 50 a3 9b 13>
auth nonce verified
handleSessionKeyResp: session key request succeeded! authFailureCount: 0
received 1 keys
currentSessionKey: [object Object]
Status: Secure connection closed before starting a new connection.
Session protocol: TCP
chosen commSessionKey: 
{ id: 50100124,
  cipherKeyVal: <Buffer 71 4d b7 d6 ac c0 6a f4 c7 09 4a 66 10 f4 ff 72>,
  macKeyVal: <Buffer a5 f3 23 28 10 39 d7 46 ce c1 e7 ab 48 f0 f6 77 0d 28 28 f9 80 73 fa 03 0b af 11 d3 af df 05 c1>,
  absValidity: 2018-03-21T23:19:51.279Z,
  relValidity: 7200000 }
options
{ serverHost: '10.0.1.29',
  serverPort: 22100,
  sessionKey: 
   { id: 50100124,
     cipherKeyVal: <Buffer 71 4d b7 d6 ac c0 6a f4 c7 09 4a 66 10 f4 ff 72>,
     macKeyVal: <Buffer a5 f3 23 28 10 39 d7 46 ce c1 e7 ab 48 f0 f6 77 0d 28 28 f9 80 73 fa 03 0b af 11 d3 af df 05 c1>,
     absValidity: 2018-03-21T23:19:51.279Z,
     relValidity: 7200000 },
  sessionCryptoSpec: { cipher: 'AES-128-CBC', mac: 'SHA256' },
  sessionProtocol: 'TCP',
  handshakeTimeout: 50000 }
chosen nonce: <Buffer 1c ff 12 d6 26 7e 2c 4e>
switching to HANDSHAKE_1_SENT
disconnected from auth
Handler: secure connection with the server closed.
received session key handshake2!
client ret: [object Object]
server authenticated/authorized by solving nonce!
Handler: communication initialization succeeded
file data length: 1024
sending at Tue Mar 20 2018 23:19:53 GMT+0000 (UTC)
switching to IN_COMM
received secure communication message!
Received seqNum: 0
Handler: data received from server via secure communication
data1
Resp-actual/expected/ratio/ts: 15 15 1 1521587993718
Distribution protocol: TCP
Resp-actual/expected/ratio/ts: 15 16 0.9375 1521588050944
connected to auth! from local port 44324
received auth hello!
{ authId: 501, nonce: <Buffer 45 b0 bb c5 8b be 32 9a> }
received session key response encrypted with distribution key
replyNonce in sessionKeyResp: <Buffer 5a cb f4 ac 3a e9 4b b1>
auth nonce verified
handleSessionKeyResp: session key request succeeded! authFailureCount: 0
received 1 keys
currentSessionKey: [object Object]
Status: Secure connection closed before starting a new connection.
Session protocol: TCP
chosen commSessionKey: 
{ id: 50100133,
  cipherKeyVal: <Buffer a8 72 24 2a 65 1f d7 9a a8 36 88 a6 05 58 c2 c9>,
  macKeyVal: <Buffer 5c bb 69 d0 1f b0 66 5a fe 0d ed 8b a2 5d b3 1d 98 d2 56 3e 30 58 e7 95 00 71 d7 0d 34 fb 29 3b>,
  absValidity: 2018-03-21T23:20:51.283Z,
  relValidity: 7200000 }
options
{ serverHost: '10.0.1.29',
  serverPort: 22100,
  sessionKey: 
   { id: 50100133,
     cipherKeyVal: <Buffer a8 72 24 2a 65 1f d7 9a a8 36 88 a6 05 58 c2 c9>,
     macKeyVal: <Buffer 5c bb 69 d0 1f b0 66 5a fe 0d ed 8b a2 5d b3 1d 98 d2 56 3e 30 58 e7 95 00 71 d7 0d 34 fb 29 3b>,
     absValidity: 2018-03-21T23:20:51.283Z,
     relValidity: 7200000 },
  sessionCryptoSpec: { cipher: 'AES-128-CBC', mac: 'SHA256' },
  sessionProtocol: 'TCP',
  handshakeTimeout: 50000 }
chosen nonce: <Buffer ab 2f a2 bf b9 b3 fe e5>
switching to HANDSHAKE_1_SENT
disconnected from auth
Handler: secure connection with the server closed.
received session key handshake2!
client ret: [object Object]
server authenticated/authorized by solving nonce!
Handler: communication initialization succeeded
file data length: 1024
sending at Tue Mar 20 2018 23:20:53 GMT+0000 (UTC)
switching to IN_COMM
received secure communication message!
Received seqNum: 0
Handler: data received from server via secure communication
data1
Resp-actual/expected/ratio/ts: 16 16 1 1521588053828
Distribution protocol: TCP
Resp-actual/expected/ratio/ts: 16 17 0.9411764705882353 1521588111001
connected to auth! from local port 44594
received auth hello!
{ authId: 501, nonce: <Buffer 57 1e 81 a2 af 94 31 8d> }
received session key response encrypted with distribution key
replyNonce in sessionKeyResp: <Buffer 16 d8 0d 93 f0 b9 82 33>
auth nonce verified
handleSessionKeyResp: session key request succeeded! authFailureCount: 0
received 1 keys
currentSessionKey: [object Object]
Status: Secure connection closed before starting a new connection.
Session protocol: TCP
chosen commSessionKey: 
{ id: 50100142,
  cipherKeyVal: <Buffer fc d2 47 0c 25 dc 0f 14 6f 62 93 d9 30 63 59 11>,
  macKeyVal: <Buffer bc 0f fa b2 14 59 46 62 2d ce 0c d4 ae f7 6f 1f bc 52 1a bf 80 65 dc b5 a3 d7 51 7c fd ca 33 5b>,
  absValidity: 2018-03-21T23:21:51.339Z,
  relValidity: 7200000 }
options
{ serverHost: '10.0.1.29',
  serverPort: 22100,
  sessionKey: 
   { id: 50100142,
     cipherKeyVal: <Buffer fc d2 47 0c 25 dc 0f 14 6f 62 93 d9 30 63 59 11>,
     macKeyVal: <Buffer bc 0f fa b2 14 59 46 62 2d ce 0c d4 ae f7 6f 1f bc 52 1a bf 80 65 dc b5 a3 d7 51 7c fd ca 33 5b>,
     absValidity: 2018-03-21T23:21:51.339Z,
     relValidity: 7200000 },
  sessionCryptoSpec: { cipher: 'AES-128-CBC', mac: 'SHA256' },
  sessionProtocol: 'TCP',
  handshakeTimeout: 50000 }
chosen nonce: <Buffer b0 9b 60 3f 25 d6 24 ca>
switching to HANDSHAKE_1_SENT
disconnected from auth
Handler: secure connection with the server closed.
received session key handshake2!
client ret: [object Object]
server authenticated/authorized by solving nonce!
Handler: communication initialization succeeded
file data length: 1024
sending at Tue Mar 20 2018 23:21:53 GMT+0000 (UTC)
switching to IN_COMM
received secure communication message!
Received seqNum: 0
Handler: data received from server via secure communication
data1
Resp-actual/expected/ratio/ts: 17 17 1 1521588113950
Distribution protocol: TCP
Resp-actual/expected/ratio/ts: 17 18 0.9444444444444444 1521588171058
connected to auth! from local port 44868
received auth hello!
{ authId: 501, nonce: <Buffer e9 a9 5a af 16 6b 45 f8> }
received session key response encrypted with distribution key
replyNonce in sessionKeyResp: <Buffer 49 ca f8 fb 23 f1 12 8e>
auth nonce verified
handleSessionKeyResp: session key request succeeded! authFailureCount: 0
received 1 keys
currentSessionKey: [object Object]
Status: Secure connection closed before starting a new connection.
Session protocol: TCP
chosen commSessionKey: 
{ id: 50100151,
  cipherKeyVal: <Buffer 3e 97 bc f0 37 79 fb 27 eb a3 66 28 0f 1d 54 8e>,
  macKeyVal: <Buffer ec f7 f4 b6 e1 40 2f 30 cf 14 cc 18 63 f7 40 37 a4 8e dc 94 2e 78 a7 65 e6 d4 b8 09 1f a6 32 a8>,
  absValidity: 2018-03-21T23:22:51.423Z,
  relValidity: 7200000 }
options
{ serverHost: '10.0.1.29',
  serverPort: 22100,
  sessionKey: 
   { id: 50100151,
     cipherKeyVal: <Buffer 3e 97 bc f0 37 79 fb 27 eb a3 66 28 0f 1d 54 8e>,
     macKeyVal: <Buffer ec f7 f4 b6 e1 40 2f 30 cf 14 cc 18 63 f7 40 37 a4 8e dc 94 2e 78 a7 65 e6 d4 b8 09 1f a6 32 a8>,
     absValidity: 2018-03-21T23:22:51.423Z,
     relValidity: 7200000 },
  sessionCryptoSpec: { cipher: 'AES-128-CBC', mac: 'SHA256' },
  sessionProtocol: 'TCP',
  handshakeTimeout: 50000 }
chosen nonce: <Buffer 1f 1c 76 d9 7b d5 68 2a>
switching to HANDSHAKE_1_SENT
disconnected from auth
Handler: secure connection with the server closed.
received session key handshake2!
client ret: [object Object]
server authenticated/authorized by solving nonce!
Handler: communication initialization succeeded
file data length: 1024
sending at Tue Mar 20 2018 23:22:53 GMT+0000 (UTC)
switching to IN_COMM
received secure communication message!
Received seqNum: 0
Handler: data received from server via secure communication
data1
Resp-actual/expected/ratio/ts: 18 18 1 1521588173892
Distribution protocol: TCP
Resp-actual/expected/ratio/ts: 18 19 0.9473684210526315 1521588231086
connected to auth! from local port 45134
received auth hello!
{ authId: 501, nonce: <Buffer dc 2f 07 3c 4f 9e 5a 36> }
received session key response encrypted with distribution key
replyNonce in sessionKeyResp: <Buffer c0 4a de 37 0c 21 2d e6>
auth nonce verified
handleSessionKeyResp: session key request succeeded! authFailureCount: 0
received 1 keys
currentSessionKey: [object Object]
Status: Secure connection closed before starting a new connection.
Session protocol: TCP
chosen commSessionKey: 
{ id: 50100160,
  cipherKeyVal: <Buffer 5c 07 1c c4 54 5d 49 1f 5d cf 9e 0c 32 12 31 1f>,
  macKeyVal: <Buffer 42 e4 c8 f3 5a e8 a1 10 ea b9 3f f7 3f 3e 30 26 df 98 ea 10 89 4b 1d 41 7d 88 58 1c 4c cb 4e 54>,
  absValidity: 2018-03-21T23:23:51.429Z,
  relValidity: 7200000 }
options
{ serverHost: '10.0.1.29',
  serverPort: 22100,
  sessionKey: 
   { id: 50100160,
     cipherKeyVal: <Buffer 5c 07 1c c4 54 5d 49 1f 5d cf 9e 0c 32 12 31 1f>,
     macKeyVal: <Buffer 42 e4 c8 f3 5a e8 a1 10 ea b9 3f f7 3f 3e 30 26 df 98 ea 10 89 4b 1d 41 7d 88 58 1c 4c cb 4e 54>,
     absValidity: 2018-03-21T23:23:51.429Z,
     relValidity: 7200000 },
  sessionCryptoSpec: { cipher: 'AES-128-CBC', mac: 'SHA256' },
  sessionProtocol: 'TCP',
  handshakeTimeout: 50000 }
chosen nonce: <Buffer d6 c3 4f 48 7b 08 43 84>
switching to HANDSHAKE_1_SENT
disconnected from auth
Handler: secure connection with the server closed.
received session key handshake2!
client ret: [object Object]
server authenticated/authorized by solving nonce!
Handler: communication initialization succeeded
file data length: 1024
sending at Tue Mar 20 2018 23:23:53 GMT+0000 (UTC)
switching to IN_COMM
received secure communication message!
Received seqNum: 0
Handler: data received from server via secure communication
data1
Resp-actual/expected/ratio/ts: 19 19 1 1521588233873
Distribution protocol: TCP
Resp-actual/expected/ratio/ts: 19 20 0.95 1521588291141
connected to auth! from local port 45408
received auth hello!
{ authId: 501, nonce: <Buffer 6a 7f 59 db 1f eb 8f 5d> }
received session key response encrypted with distribution key
replyNonce in sessionKeyResp: <Buffer 8a 3c 81 01 bd 1e c1 05>
auth nonce verified
handleSessionKeyResp: session key request succeeded! authFailureCount: 0
received 1 keys
currentSessionKey: [object Object]
Status: Secure connection closed before starting a new connection.
Session protocol: TCP
chosen commSessionKey: 
{ id: 50100169,
  cipherKeyVal: <Buffer 93 51 fb ba af 48 4f 99 fe 7e d5 cb 9f ca 2e f8>,
  macKeyVal: <Buffer de 1b 71 36 a9 28 c4 fd 28 a8 a0 3b 65 0b 1e 0b 44 36 21 15 23 e8 d0 77 78 04 6e 4f e5 96 54 f0>,
  absValidity: 2018-03-21T23:24:51.412Z,
  relValidity: 7200000 }
options
{ serverHost: '10.0.1.29',
  serverPort: 22100,
  sessionKey: 
   { id: 50100169,
     cipherKeyVal: <Buffer 93 51 fb ba af 48 4f 99 fe 7e d5 cb 9f ca 2e f8>,
     macKeyVal: <Buffer de 1b 71 36 a9 28 c4 fd 28 a8 a0 3b 65 0b 1e 0b 44 36 21 15 23 e8 d0 77 78 04 6e 4f e5 96 54 f0>,
     absValidity: 2018-03-21T23:24:51.412Z,
     relValidity: 7200000 },
  sessionCryptoSpec: { cipher: 'AES-128-CBC', mac: 'SHA256' },
  sessionProtocol: 'TCP',
  handshakeTimeout: 50000 }
chosen nonce: <Buffer 0d 32 ea 7b 04 fd 68 25>
switching to HANDSHAKE_1_SENT
disconnected from auth
Handler: secure connection with the server closed.
received session key handshake2!
client ret: [object Object]
server authenticated/authorized by solving nonce!
Handler: communication initialization succeeded
file data length: 1024
sending at Tue Mar 20 2018 23:24:53 GMT+0000 (UTC)
switching to IN_COMM
received secure communication message!
Received seqNum: 0
Handler: data received from server via secure communication
data1
Resp-actual/expected/ratio/ts: 20 20 1 1521588294026
Distribution protocol: TCP
Resp-actual/expected/ratio/ts: 20 21 0.9523809523809523 1521588351179
connected to auth! from local port 45678
received auth hello!
{ authId: 501, nonce: <Buffer 83 d5 4c 8c f7 05 52 8f> }
received session key response encrypted with distribution key
replyNonce in sessionKeyResp: <Buffer 2e 64 be 5c 6c ce 3f 7b>
auth nonce verified
handleSessionKeyResp: session key request succeeded! authFailureCount: 0
received 1 keys
currentSessionKey: [object Object]
Status: Secure connection closed before starting a new connection.
Session protocol: TCP
chosen commSessionKey: 
{ id: 50100178,
  cipherKeyVal: <Buffer 3c 16 98 66 a4 55 40 13 3e 40 95 90 e3 e9 1a f8>,
  macKeyVal: <Buffer 8a 6e a1 48 c3 4b 7c a2 bf d8 e3 b2 8f 25 57 46 27 c4 9c 38 6b 45 a7 ae 22 41 88 46 16 ef f5 bb>,
  absValidity: 2018-03-21T23:25:51.570Z,
  relValidity: 7200000 }
options
{ serverHost: '10.0.1.29',
  serverPort: 22100,
  sessionKey: 
   { id: 50100178,
     cipherKeyVal: <Buffer 3c 16 98 66 a4 55 40 13 3e 40 95 90 e3 e9 1a f8>,
     macKeyVal: <Buffer 8a 6e a1 48 c3 4b 7c a2 bf d8 e3 b2 8f 25 57 46 27 c4 9c 38 6b 45 a7 ae 22 41 88 46 16 ef f5 bb>,
     absValidity: 2018-03-21T23:25:51.570Z,
     relValidity: 7200000 },
  sessionCryptoSpec: { cipher: 'AES-128-CBC', mac: 'SHA256' },
  sessionProtocol: 'TCP',
  handshakeTimeout: 50000 }
chosen nonce: <Buffer 57 07 fd 2e 79 c9 d2 65>
switching to HANDSHAKE_1_SENT
disconnected from auth
Handler: secure connection with the server closed.
received session key handshake2!
client ret: [object Object]
server authenticated/authorized by solving nonce!
Handler: communication initialization succeeded
file data length: 1024
sending at Tue Mar 20 2018 23:25:53 GMT+0000 (UTC)
switching to IN_COMM
received secure communication message!
Received seqNum: 0
Handler: data received from server via secure communication
data1
Resp-actual/expected/ratio/ts: 21 21 1 1521588354084
Distribution protocol: TCP
Resp-actual/expected/ratio/ts: 21 22 0.9545454545454546 1521588411212
connected to auth! from local port 45948
received auth hello!
{ authId: 501, nonce: <Buffer 12 d1 e8 60 16 db 4b 22> }
received session key response encrypted with distribution key
replyNonce in sessionKeyResp: <Buffer b7 ed 52 55 e2 0a 18 ae>
auth nonce verified
handleSessionKeyResp: session key request succeeded! authFailureCount: 0
received 1 keys
currentSessionKey: [object Object]
Status: Secure connection closed before starting a new connection.
Session protocol: TCP
chosen commSessionKey: 
{ id: 50100187,
  cipherKeyVal: <Buffer 24 b4 4d 06 0f af a3 da 2e 54 bc 99 08 5f 7e da>,
  macKeyVal: <Buffer 20 3f 53 0e 5a 4e 71 2b a3 ac 99 5c 4b 60 6d aa df c5 c3 f9 4a 92 f7 5e 22 b1 da 3d 99 e0 34 08>,
  absValidity: 2018-03-21T23:26:51.644Z,
  relValidity: 7200000 }
options
{ serverHost: '10.0.1.29',
  serverPort: 22100,
  sessionKey: 
   { id: 50100187,
     cipherKeyVal: <Buffer 24 b4 4d 06 0f af a3 da 2e 54 bc 99 08 5f 7e da>,
     macKeyVal: <Buffer 20 3f 53 0e 5a 4e 71 2b a3 ac 99 5c 4b 60 6d aa df c5 c3 f9 4a 92 f7 5e 22 b1 da 3d 99 e0 34 08>,
     absValidity: 2018-03-21T23:26:51.644Z,
     relValidity: 7200000 },
  sessionCryptoSpec: { cipher: 'AES-128-CBC', mac: 'SHA256' },
  sessionProtocol: 'TCP',
  handshakeTimeout: 50000 }
chosen nonce: <Buffer 37 0a 72 2a 5f 69 49 85>
switching to HANDSHAKE_1_SENT
disconnected from auth
Handler: secure connection with the server closed.
received session key handshake2!
client ret: [object Object]
server authenticated/authorized by solving nonce!
Handler: communication initialization succeeded
file data length: 1024
sending at Tue Mar 20 2018 23:26:53 GMT+0000 (UTC)
switching to IN_COMM
received secure communication message!
Received seqNum: 0
Handler: data received from server via secure communication
data1
Resp-actual/expected/ratio/ts: 22 22 1 1521588414129
Distribution protocol: TCP
Resp-actual/expected/ratio/ts: 22 23 0.9565217391304348 1521588471269
connected to auth! from local port 46218
received auth hello!
{ authId: 501, nonce: <Buffer 94 6b b4 78 c0 2c 8c cb> }
received session key response encrypted with distribution key
replyNonce in sessionKeyResp: <Buffer d4 9e dd df 9b 3e ae 59>
auth nonce verified
handleSessionKeyResp: session key request succeeded! authFailureCount: 0
received 1 keys
currentSessionKey: [object Object]
Status: Secure connection closed before starting a new connection.
Session protocol: TCP
chosen commSessionKey: 
{ id: 50100196,
  cipherKeyVal: <Buffer be 2d df 33 59 13 b9 36 78 fe be 00 5d d0 e7 6a>,
  macKeyVal: <Buffer 3c 64 b7 cf 25 2c 6a fb c9 7c 2e bc 63 f6 c5 f6 eb d0 3b f9 b5 b0 1c 3b 0d 1d fc f1 8d 07 10 90>,
  absValidity: 2018-03-21T23:27:51.571Z,
  relValidity: 7200000 }
options
{ serverHost: '10.0.1.29',
  serverPort: 22100,
  sessionKey: 
   { id: 50100196,
     cipherKeyVal: <Buffer be 2d df 33 59 13 b9 36 78 fe be 00 5d d0 e7 6a>,
     macKeyVal: <Buffer 3c 64 b7 cf 25 2c 6a fb c9 7c 2e bc 63 f6 c5 f6 eb d0 3b f9 b5 b0 1c 3b 0d 1d fc f1 8d 07 10 90>,
     absValidity: 2018-03-21T23:27:51.571Z,
     relValidity: 7200000 },
  sessionCryptoSpec: { cipher: 'AES-128-CBC', mac: 'SHA256' },
  sessionProtocol: 'TCP',
  handshakeTimeout: 50000 }
chosen nonce: <Buffer 47 1d ea 4d e0 31 be e5>
switching to HANDSHAKE_1_SENT
disconnected from auth
Handler: secure connection with the server closed.
received session key handshake2!
client ret: [object Object]
server authenticated/authorized by solving nonce!
Handler: communication initialization succeeded
file data length: 1024
sending at Tue Mar 20 2018 23:27:53 GMT+0000 (UTC)
switching to IN_COMM
received secure communication message!
Received seqNum: 0
Handler: data received from server via secure communication
data1
Resp-actual/expected/ratio/ts: 23 23 1 1521588474195
Distribution protocol: TCP
Resp-actual/expected/ratio/ts: 23 24 0.9583333333333334 1521588531295
connected to auth! from local port 46488
received auth hello!
{ authId: 501, nonce: <Buffer 49 80 71 9a df e9 55 65> }
received session key response encrypted with distribution key
replyNonce in sessionKeyResp: <Buffer d2 3b 88 78 b4 62 ff f7>
auth nonce verified
handleSessionKeyResp: session key request succeeded! authFailureCount: 0
received 1 keys
currentSessionKey: [object Object]
Status: Secure connection closed before starting a new connection.
Session protocol: TCP
chosen commSessionKey: 
{ id: 50100205,
  cipherKeyVal: <Buffer 8f 0b 64 c2 76 91 77 3c d3 8d da 63 90 79 c5 68>,
  macKeyVal: <Buffer a4 c9 4b c3 b9 b1 17 2f 61 cf d1 59 06 f4 da 89 74 b9 73 bf c6 dc 27 58 2c 29 2a 53 68 66 2e 48>,
  absValidity: 2018-03-21T23:28:51.567Z,
  relValidity: 7200000 }
options
{ serverHost: '10.0.1.29',
  serverPort: 22100,
  sessionKey: 
   { id: 50100205,
     cipherKeyVal: <Buffer 8f 0b 64 c2 76 91 77 3c d3 8d da 63 90 79 c5 68>,
     macKeyVal: <Buffer a4 c9 4b c3 b9 b1 17 2f 61 cf d1 59 06 f4 da 89 74 b9 73 bf c6 dc 27 58 2c 29 2a 53 68 66 2e 48>,
     absValidity: 2018-03-21T23:28:51.567Z,
     relValidity: 7200000 },
  sessionCryptoSpec: { cipher: 'AES-128-CBC', mac: 'SHA256' },
  sessionProtocol: 'TCP',
  handshakeTimeout: 50000 }
chosen nonce: <Buffer 29 e1 f4 6d be 00 3b 7e>
switching to HANDSHAKE_1_SENT
disconnected from auth
Handler: secure connection with the server closed.
received session key handshake2!
client ret: [object Object]
server authenticated/authorized by solving nonce!
Handler: communication initialization succeeded
file data length: 1024
sending at Tue Mar 20 2018 23:28:53 GMT+0000 (UTC)
switching to IN_COMM
received secure communication message!
Received seqNum: 0
Handler: data received from server via secure communication
data1
Resp-actual/expected/ratio/ts: 24 24 1 1521588534133
Distribution protocol: TCP
Resp-actual/expected/ratio/ts: 24 25 0.96 1521588591313
connected to auth! from local port 46754
received auth hello!
{ authId: 501, nonce: <Buffer e7 09 2f d9 f8 aa 61 20> }
received session key response encrypted with distribution key
replyNonce in sessionKeyResp: <Buffer 5f 1d ed f4 1e 11 53 73>
auth nonce verified
handleSessionKeyResp: session key request succeeded! authFailureCount: 0
received 1 keys
currentSessionKey: [object Object]
Status: Secure connection closed before starting a new connection.
Session protocol: TCP
chosen commSessionKey: 
{ id: 50100214,
  cipherKeyVal: <Buffer 54 5c e6 96 29 ba c8 55 b2 40 c9 b4 81 0b 73 92>,
  macKeyVal: <Buffer 1a 58 bf d5 a4 92 9a 2a 4e 3f a9 6b 84 32 55 04 34 cc 3b 24 65 f0 ba ac 61 c4 5c 36 5d 2a 17 4a>,
  absValidity: 2018-03-21T23:29:51.655Z,
  relValidity: 7200000 }
options
{ serverHost: '10.0.1.29',
  serverPort: 22100,
  sessionKey: 
   { id: 50100214,
     cipherKeyVal: <Buffer 54 5c e6 96 29 ba c8 55 b2 40 c9 b4 81 0b 73 92>,
     macKeyVal: <Buffer 1a 58 bf d5 a4 92 9a 2a 4e 3f a9 6b 84 32 55 04 34 cc 3b 24 65 f0 ba ac 61 c4 5c 36 5d 2a 17 4a>,
     absValidity: 2018-03-21T23:29:51.655Z,
     relValidity: 7200000 },
  sessionCryptoSpec: { cipher: 'AES-128-CBC', mac: 'SHA256' },
  sessionProtocol: 'TCP',
  handshakeTimeout: 50000 }
chosen nonce: <Buffer 38 8b 99 7e 34 06 72 ad>
switching to HANDSHAKE_1_SENT
disconnected from auth
Handler: secure connection with the server closed.
received session key handshake2!
client ret: [object Object]
server authenticated/authorized by solving nonce!
Handler: communication initialization succeeded
file data length: 1024
sending at Tue Mar 20 2018 23:29:53 GMT+0000 (UTC)
switching to IN_COMM
received secure communication message!
Received seqNum: 0
Handler: data received from server via secure communication
data1
Resp-actual/expected/ratio/ts: 25 25 1 1521588594082
Distribution protocol: TCP
Resp-actual/expected/ratio/ts: 25 26 0.9615384615384616 1521588651371
connected to auth! from local port 47028
received auth hello!
{ authId: 501, nonce: <Buffer 9f 23 b3 1c 63 44 85 1e> }
received session key response encrypted with distribution key
replyNonce in sessionKeyResp: <Buffer 41 bc 79 7f 89 87 bf 8b>
auth nonce verified
handleSessionKeyResp: session key request succeeded! authFailureCount: 0
received 1 keys
currentSessionKey: [object Object]
Status: Secure connection closed before starting a new connection.
Session protocol: TCP
chosen commSessionKey: 
{ id: 50100223,
  cipherKeyVal: <Buffer 72 41 b1 36 72 a5 87 0b f4 44 5e d3 b6 92 c2 31>,
  macKeyVal: <Buffer bd 58 14 9c 1f 7a 2c ab 2e 18 5d e9 21 51 91 2a 91 92 e0 e6 9b 31 bb 97 b4 5a 44 eb 6b a5 a7 de>,
  absValidity: 2018-03-21T23:30:51.688Z,
  relValidity: 7200000 }
options
{ serverHost: '10.0.1.29',
  serverPort: 22100,
  sessionKey: 
   { id: 50100223,
     cipherKeyVal: <Buffer 72 41 b1 36 72 a5 87 0b f4 44 5e d3 b6 92 c2 31>,
     macKeyVal: <Buffer bd 58 14 9c 1f 7a 2c ab 2e 18 5d e9 21 51 91 2a 91 92 e0 e6 9b 31 bb 97 b4 5a 44 eb 6b a5 a7 de>,
     absValidity: 2018-03-21T23:30:51.688Z,
     relValidity: 7200000 },
  sessionCryptoSpec: { cipher: 'AES-128-CBC', mac: 'SHA256' },
  sessionProtocol: 'TCP',
  handshakeTimeout: 50000 }
chosen nonce: <Buffer e3 4c 6e bf 9b f1 be 66>
switching to HANDSHAKE_1_SENT
disconnected from auth
Handler: secure connection with the server closed.
received session key handshake2!
client ret: [object Object]
server authenticated/authorized by solving nonce!
Handler: communication initialization succeeded
file data length: 1024
sending at Tue Mar 20 2018 23:30:53 GMT+0000 (UTC)
switching to IN_COMM
received secure communication message!
Received seqNum: 0
Handler: data received from server via secure communication
data1
Resp-actual/expected/ratio/ts: 26 26 1 1521588654243
Distribution protocol: TCP
Resp-actual/expected/ratio/ts: 26 27 0.9629629629629629 1521588711425
connected to auth! from local port 47294
received auth hello!
{ authId: 501, nonce: <Buffer 98 a1 08 52 50 52 68 9d> }
received session key response encrypted with distribution key
replyNonce in sessionKeyResp: <Buffer a1 07 ac ce 30 37 e7 c6>
auth nonce verified
handleSessionKeyResp: session key request succeeded! authFailureCount: 0
received 1 keys
currentSessionKey: [object Object]
Status: Secure connection closed before starting a new connection.
Session protocol: TCP
chosen commSessionKey: 
{ id: 50100232,
  cipherKeyVal: <Buffer b5 4f ac 81 75 7e c3 c5 81 6c 7e 8c e7 b5 71 cd>,
  macKeyVal: <Buffer 51 3e 7c 9e 0d 70 4b d7 37 67 e3 41 55 9a d1 36 33 6d c5 89 90 e9 99 72 87 ba c1 d4 19 dc b8 b3>,
  absValidity: 2018-03-21T23:31:51.847Z,
  relValidity: 7200000 }
options
{ serverHost: '10.0.1.29',
  serverPort: 22100,
  sessionKey: 
   { id: 50100232,
     cipherKeyVal: <Buffer b5 4f ac 81 75 7e c3 c5 81 6c 7e 8c e7 b5 71 cd>,
     macKeyVal: <Buffer 51 3e 7c 9e 0d 70 4b d7 37 67 e3 41 55 9a d1 36 33 6d c5 89 90 e9 99 72 87 ba c1 d4 19 dc b8 b3>,
     absValidity: 2018-03-21T23:31:51.847Z,
     relValidity: 7200000 },
  sessionCryptoSpec: { cipher: 'AES-128-CBC', mac: 'SHA256' },
  sessionProtocol: 'TCP',
  handshakeTimeout: 50000 }
chosen nonce: <Buffer 85 25 b1 fb 30 fd 89 c5>
switching to HANDSHAKE_1_SENT
disconnected from auth
Handler: secure connection with the server closed.
received session key handshake2!
client ret: [object Object]
server authenticated/authorized by solving nonce!
Handler: communication initialization succeeded
file data length: 1024
sending at Tue Mar 20 2018 23:31:54 GMT+0000 (UTC)
switching to IN_COMM
received secure communication message!
Received seqNum: 0
Handler: data received from server via secure communication
data1
Resp-actual/expected/ratio/ts: 27 27 1 1521588714599
