changing working directory to: /home/hokeunkim/Development/iotauth/entity/node/example_entities
loading from config file: /home/hokeunkim/Development/iotauth_experiments/experiments/ccs2017/expOptions/expEntity.option
Experimental options for echoServer: { autoSendPeriod: 60000,
  useSameSessionKeyCount: 1,
  connectionTimeout: 50000,
  migrationEnabled: true,
  authFailureThreshold: 2,
  migrationFailureThreshold: 2 }
loading from config file: /home/hokeunkim/Development/iotauth/entity/node/example_entities/configs/Servers/s415.config
initializing secure comm server...
Session protocol: TCP
current parameters: { migrationEnabled: true,
  authFailureThreshold: 3,
  migrationFailureThreshold: 3 }
current parameters: { migrationEnabled: true,
  authFailureThreshold: 2,
  migrationFailureThreshold: 3 }
current parameters: { migrationEnabled: true,
  authFailureThreshold: 2,
  migrationFailureThreshold: 2 }
current entityInfo: { name: 's415',
  group: 'Servers',
  distProtocol: 'TCP',
  usePermanentDistKey: false,
  connectionTimeout: 50000,
  privateKey: <Buffer 2d 2d 2d 2d 2d 42 45 47 49 4e 20 52 53 41 20 50 52 49 56 41 54 45 20 4b 45 59 2d 2d 2d 2d 2d 0a 4d 49 49 45 70 67 49 42 41 41 4b 43 41 51 45 41 7a 43 ... > }
Handler: listening on port 22100
s415:Servers prompt>
Unidentified client connected
received session key handshake1
switching to HANDSHAKE_1_RECEIVED state.
session key id: 40300339
session key NOT found! sending session key id to AuthService
Distribution protocol: TCP
connected to auth! from local port 41940
received auth hello!
{ authId: 403, nonce: <Buffer c5 e1 7e 38 42 6c bb 86> }
received session key response with distribution key attached!
auth signature verified
replyNonce in sessionKeyResp: <Buffer ca 68 f1 aa c1 37 a1 ca>
auth nonce verified
handleSessionKeyResp: session key request succeeded! authFailureCount: 0
updating distribution key: { cipherKeyVal: <Buffer 88 00 90 c4 39 06 b1 a8 1d 53 c1 6e 57 03 27 96>,
  macKeyVal: <Buffer 52 26 d8 43 4a 0a 9d 1a 92 d1 79 ab 3b ba 8d c3 09 c8 20 89 e1 dd d4 09 36 ca 2f c3 7a 74 52 28>,
  absValidity: 2018-03-21T02:21:40.452Z }
received 1 keys
Session key id is as expected
server ret: [object Object]
chosen nonce: <Buffer 0d 3b 5c 6e 6e b7 21 e6>
switching to HANDSHAKE_2_SENT
received session key handshake3!
{ replyNonce: <Buffer 0d 3b 5c 6e 6e b7 21 e6> }
client authenticated/authorized by solving nonce!
switching to IN_COMM
Handler: secure connection with the client established.
{ id: 0,
  remoteAddress: '::ffff:10.0.1.59:34682',
  status: 'open' }
disconnected from auth
received secure communication!
Received seqNum: 0
data received from server via secure communication
Handler: socketID: 0 data: data1
toSend: { data: <Buffer 64 61 74 61 31>, id: 0 }
specified socketID: 0
Unidentified client disconnected
Handler: secure connection with the client closed.
socket #0 closed
Unidentified client connected
received session key handshake1
switching to HANDSHAKE_1_RECEIVED state.
session key id: 40300345
session key NOT found! sending session key id to AuthService
Distribution protocol: TCP
connected to auth! from local port 42150
received auth hello!
{ authId: 403, nonce: <Buffer e8 6a 67 af ce 3b fb 1c> }
received session key response encrypted with distribution key
replyNonce in sessionKeyResp: <Buffer 0f 2e dc e2 6e 90 3e 0f>
auth nonce verified
handleSessionKeyResp: session key request succeeded! authFailureCount: 0
received 1 keys
Session key id is as expected
server ret: [object Object]
chosen nonce: <Buffer 18 65 3a 5c b1 a8 06 54>
switching to HANDSHAKE_2_SENT
disconnected from auth
received session key handshake3!
{ replyNonce: <Buffer 18 65 3a 5c b1 a8 06 54> }
client authenticated/authorized by solving nonce!
switching to IN_COMM
Handler: secure connection with the client established.
{ id: 1,
  remoteAddress: '::ffff:10.0.1.59:34892',
  status: 'open' }
received secure communication!
Received seqNum: 0
data received from server via secure communication
Handler: socketID: 1 data: data1
toSend: { data: <Buffer 64 61 74 61 31>, id: 1 }
specified socketID: 1
Unidentified client disconnected
Handler: secure connection with the client closed.
socket #1 closed
Unidentified client connected
received session key handshake1
switching to HANDSHAKE_1_RECEIVED state.
session key id: 40300351
session key NOT found! sending session key id to AuthService
Distribution protocol: TCP
connected to auth! from local port 42422
received auth hello!
{ authId: 403, nonce: <Buffer f5 e4 90 7b 75 63 fa ac> }
received session key response encrypted with distribution key
replyNonce in sessionKeyResp: <Buffer 14 2b 12 2b 34 00 9e 53>
auth nonce verified
handleSessionKeyResp: session key request succeeded! authFailureCount: 0
received 1 keys
Session key id is as expected
server ret: [object Object]
chosen nonce: <Buffer 81 76 cc 15 75 f4 86 92>
switching to HANDSHAKE_2_SENT
disconnected from auth
received session key handshake3!
{ replyNonce: <Buffer 81 76 cc 15 75 f4 86 92> }
client authenticated/authorized by solving nonce!
switching to IN_COMM
Handler: secure connection with the client established.
{ id: 2,
  remoteAddress: '::ffff:10.0.1.59:35164',
  status: 'open' }
received secure communication!
Received seqNum: 0
data received from server via secure communication
Handler: socketID: 2 data: data1
toSend: { data: <Buffer 64 61 74 61 31>, id: 2 }
specified socketID: 2
Unidentified client disconnected
Handler: secure connection with the client closed.
socket #2 closed
Unidentified client connected
received session key handshake1
switching to HANDSHAKE_1_RECEIVED state.
session key id: 40300357
session key NOT found! sending session key id to AuthService
Distribution protocol: TCP
connected to auth! from local port 42692
received auth hello!
{ authId: 403, nonce: <Buffer 96 bc bb 6d ea cc 0b 70> }
received session key response encrypted with distribution key
replyNonce in sessionKeyResp: <Buffer 8c 47 8f 9d 4d b6 6d 74>
auth nonce verified
handleSessionKeyResp: session key request succeeded! authFailureCount: 0
received 1 keys
Session key id is as expected
server ret: [object Object]
chosen nonce: <Buffer c9 2e e1 ba 7a 0b 5a bc>
switching to HANDSHAKE_2_SENT
disconnected from auth
received session key handshake3!
{ replyNonce: <Buffer c9 2e e1 ba 7a 0b 5a bc> }
client authenticated/authorized by solving nonce!
switching to IN_COMM
Handler: secure connection with the client established.
{ id: 3,
  remoteAddress: '::ffff:10.0.1.59:35434',
  status: 'open' }
received secure communication!
Received seqNum: 0
data received from server via secure communication
Handler: socketID: 3 data: data1
toSend: { data: <Buffer 64 61 74 61 31>, id: 3 }
specified socketID: 3
Unidentified client disconnected
Handler: secure connection with the client closed.
socket #3 closed
Unidentified client connected
received session key handshake1
switching to HANDSHAKE_1_RECEIVED state.
session key id: 40300363
session key NOT found! sending session key id to AuthService
Distribution protocol: TCP
connected to auth! from local port 42962
received auth hello!
{ authId: 403, nonce: <Buffer 9a a9 03 c8 45 a2 b6 61> }
received session key response encrypted with distribution key
replyNonce in sessionKeyResp: <Buffer f7 45 12 e0 19 2a 82 25>
auth nonce verified
handleSessionKeyResp: session key request succeeded! authFailureCount: 0
received 1 keys
Session key id is as expected
server ret: [object Object]
chosen nonce: <Buffer be 65 5a 52 1e a1 dc 78>
switching to HANDSHAKE_2_SENT
disconnected from auth
received session key handshake3!
{ replyNonce: <Buffer be 65 5a 52 1e a1 dc 78> }
client authenticated/authorized by solving nonce!
switching to IN_COMM
Handler: secure connection with the client established.
{ id: 4,
  remoteAddress: '::ffff:10.0.1.59:35704',
  status: 'open' }
received secure communication!
Received seqNum: 0
data received from server via secure communication
Handler: socketID: 4 data: data1
toSend: { data: <Buffer 64 61 74 61 31>, id: 4 }
specified socketID: 4
Unidentified client disconnected
Handler: secure connection with the client closed.
socket #4 closed
Unidentified client connected
received session key handshake1
switching to HANDSHAKE_1_RECEIVED state.
session key id: 40300369
session key NOT found! sending session key id to AuthService
Distribution protocol: TCP
connected to auth! from local port 43232
received auth hello!
{ authId: 403, nonce: <Buffer b0 81 66 61 ec da bf f7> }
received session key response encrypted with distribution key
replyNonce in sessionKeyResp: <Buffer 13 7e 8f 73 eb 06 71 27>
auth nonce verified
handleSessionKeyResp: session key request succeeded! authFailureCount: 0
received 1 keys
Session key id is as expected
server ret: [object Object]
chosen nonce: <Buffer c5 09 be a1 61 f7 41 b8>
switching to HANDSHAKE_2_SENT
disconnected from auth
received session key handshake3!
{ replyNonce: <Buffer c5 09 be a1 61 f7 41 b8> }
client authenticated/authorized by solving nonce!
switching to IN_COMM
Handler: secure connection with the client established.
{ id: 5,
  remoteAddress: '::ffff:10.0.1.59:35974',
  status: 'open' }
received secure communication!
Received seqNum: 0
data received from server via secure communication
Handler: socketID: 5 data: data1
toSend: { data: <Buffer 64 61 74 61 31>, id: 5 }
specified socketID: 5
Unidentified client disconnected
Handler: secure connection with the client closed.
socket #5 closed
Unidentified client connected
received session key handshake1
switching to HANDSHAKE_1_RECEIVED state.
session key id: 40300375
session key NOT found! sending session key id to AuthService
Distribution protocol: TCP
connected to auth! from local port 43502
received auth hello!
{ authId: 403, nonce: <Buffer 47 c3 e9 86 33 1c 35 9e> }
received session key response encrypted with distribution key
replyNonce in sessionKeyResp: <Buffer 29 3d c4 68 e2 05 7c 69>
auth nonce verified
handleSessionKeyResp: session key request succeeded! authFailureCount: 0
received 1 keys
Session key id is as expected
server ret: [object Object]
chosen nonce: <Buffer 49 50 29 3c 89 72 6f 84>
switching to HANDSHAKE_2_SENT
received session key handshake3!
{ replyNonce: <Buffer 49 50 29 3c 89 72 6f 84> }
client authenticated/authorized by solving nonce!
switching to IN_COMM
Handler: secure connection with the client established.
{ id: 6,
  remoteAddress: '::ffff:10.0.1.59:36244',
  status: 'open' }
disconnected from auth
received secure communication!
Received seqNum: 0
data received from server via secure communication
Handler: socketID: 6 data: data1
toSend: { data: <Buffer 64 61 74 61 31>, id: 6 }
specified socketID: 6
Unidentified client disconnected
Handler: secure connection with the client closed.
socket #6 closed
Unidentified client connected
received session key handshake1
switching to HANDSHAKE_1_RECEIVED state.
session key id: 40300381
session key NOT found! sending session key id to AuthService
Distribution protocol: TCP
connected to auth! from local port 43768
received auth hello!
{ authId: 403, nonce: <Buffer 82 0c e5 30 10 0c 54 8d> }
received session key response encrypted with distribution key
replyNonce in sessionKeyResp: <Buffer b6 1a be 9c 84 17 36 d9>
auth nonce verified
handleSessionKeyResp: session key request succeeded! authFailureCount: 0
received 1 keys
Session key id is as expected
server ret: [object Object]
chosen nonce: <Buffer 10 f9 15 26 5f 96 0a ba>
switching to HANDSHAKE_2_SENT
received session key handshake3!
{ replyNonce: <Buffer 10 f9 15 26 5f 96 0a ba> }
client authenticated/authorized by solving nonce!
switching to IN_COMM
Handler: secure connection with the client established.
{ id: 7,
  remoteAddress: '::ffff:10.0.1.59:36510',
  status: 'open' }
disconnected from auth
received secure communication!
Received seqNum: 0
data received from server via secure communication
Handler: socketID: 7 data: data1
toSend: { data: <Buffer 64 61 74 61 31>, id: 7 }
specified socketID: 7
Unidentified client disconnected
Handler: secure connection with the client closed.
socket #7 closed
Unidentified client connected
received session key handshake1
switching to HANDSHAKE_1_RECEIVED state.
session key id: 40300387
session key NOT found! sending session key id to AuthService
Distribution protocol: TCP
connected to auth! from local port 43954
received auth hello!
{ authId: 403, nonce: <Buffer 8c 5d e1 50 46 4f 00 ce> }
received session key response encrypted with distribution key
replyNonce in sessionKeyResp: <Buffer 69 f3 a5 79 01 40 c9 eb>
auth nonce verified
handleSessionKeyResp: session key request succeeded! authFailureCount: 0
received 1 keys
Session key id is as expected
server ret: [object Object]
chosen nonce: <Buffer cc de d8 68 fc 93 a9 9b>
switching to HANDSHAKE_2_SENT
received session key handshake3!
{ replyNonce: <Buffer cc de d8 68 fc 93 a9 9b> }
client authenticated/authorized by solving nonce!
switching to IN_COMM
Handler: secure connection with the client established.
{ id: 8,
  remoteAddress: '::ffff:10.0.1.59:36696',
  status: 'open' }
disconnected from auth
received secure communication!
Received seqNum: 0
data received from server via secure communication
Handler: socketID: 8 data: data1
toSend: { data: <Buffer 64 61 74 61 31>, id: 8 }
specified socketID: 8
Unidentified client disconnected
Handler: secure connection with the client closed.
socket #8 closed
Unidentified client connected
received session key handshake1
switching to HANDSHAKE_1_RECEIVED state.
session key id: 40300393
session key NOT found! sending session key id to AuthService
Distribution protocol: TCP
connected to auth! from local port 44182
received auth hello!
{ authId: 403, nonce: <Buffer 70 1f 17 9e ac af 60 f8> }
received session key response encrypted with distribution key
replyNonce in sessionKeyResp: <Buffer 0a 54 e9 5f f5 18 e4 63>
auth nonce verified
handleSessionKeyResp: session key request succeeded! authFailureCount: 0
received 1 keys
Session key id is as expected
server ret: [object Object]
chosen nonce: <Buffer f3 ec 27 65 2d c3 b4 f7>
switching to HANDSHAKE_2_SENT
received session key handshake3!
{ replyNonce: <Buffer f3 ec 27 65 2d c3 b4 f7> }
client authenticated/authorized by solving nonce!
switching to IN_COMM
Handler: secure connection with the client established.
{ id: 9,
  remoteAddress: '::ffff:10.0.1.59:36922',
  status: 'open' }
disconnected from auth
received secure communication!
Received seqNum: 0
data received from server via secure communication
Handler: socketID: 9 data: data1
toSend: { data: <Buffer 64 61 74 61 31>, id: 9 }
specified socketID: 9
Unidentified client disconnected
Handler: secure connection with the client closed.
socket #9 closed
Unidentified client connected
received session key handshake1
switching to HANDSHAKE_1_RECEIVED state.
session key id: 40300400
session key NOT found! sending session key id to AuthService
Distribution protocol: TCP
connected to auth! from local port 44418
received auth hello!
{ authId: 403, nonce: <Buffer a4 ff 38 db 94 96 bd bf> }
received session key response encrypted with distribution key
replyNonce in sessionKeyResp: <Buffer ac f3 28 4a ab 25 75 64>
auth nonce verified
handleSessionKeyResp: session key request succeeded! authFailureCount: 0
received 1 keys
Session key id is as expected
server ret: [object Object]
chosen nonce: <Buffer 21 6c 5b b2 77 5a 25 e4>
switching to HANDSHAKE_2_SENT
received session key handshake3!
{ replyNonce: <Buffer 21 6c 5b b2 77 5a 25 e4> }
client authenticated/authorized by solving nonce!
switching to IN_COMM
Handler: secure connection with the client established.
{ id: 10,
  remoteAddress: '::ffff:10.0.1.59:37160',
  status: 'open' }
disconnected from auth
received secure communication!
Received seqNum: 0
data received from server via secure communication
Handler: socketID: 10 data: data1
toSend: { data: <Buffer 64 61 74 61 31>, id: 10 }
specified socketID: 10
Unidentified client disconnected
Handler: secure connection with the client closed.
socket #10 closed
Unidentified client connected
received session key handshake1
switching to HANDSHAKE_1_RECEIVED state.
session key id: 40300407
session key NOT found! sending session key id to AuthService
Distribution protocol: TCP
connected to auth! from local port 44676
received auth hello!
{ authId: 403, nonce: <Buffer 37 f6 29 ec 5e 9b 73 34> }
received session key response encrypted with distribution key
replyNonce in sessionKeyResp: <Buffer b5 ab 07 ac bd b8 32 1e>
auth nonce verified
handleSessionKeyResp: session key request succeeded! authFailureCount: 0
received 1 keys
Session key id is as expected
server ret: [object Object]
chosen nonce: <Buffer 3c 32 d3 86 55 2c 8a 84>
switching to HANDSHAKE_2_SENT
disconnected from auth
received session key handshake3!
{ replyNonce: <Buffer 3c 32 d3 86 55 2c 8a 84> }
client authenticated/authorized by solving nonce!
switching to IN_COMM
Handler: secure connection with the client established.
{ id: 11,
  remoteAddress: '::ffff:10.0.1.59:37418',
  status: 'open' }
received secure communication!
Received seqNum: 0
data received from server via secure communication
Handler: socketID: 11 data: data1
toSend: { data: <Buffer 64 61 74 61 31>, id: 11 }
specified socketID: 11
Unidentified client disconnected
Handler: secure connection with the client closed.
socket #11 closed
Unidentified client connected
received session key handshake1
switching to HANDSHAKE_1_RECEIVED state.
session key id: 40300414
session key NOT found! sending session key id to AuthService
Distribution protocol: TCP
connected to auth! from local port 44926
received auth hello!
{ authId: 403, nonce: <Buffer fa cb 31 9e de 1d 5a 07> }
received session key response encrypted with distribution key
replyNonce in sessionKeyResp: <Buffer 21 e2 af 5f 8a 78 ce 17>
auth nonce verified
handleSessionKeyResp: session key request succeeded! authFailureCount: 0
received 1 keys
Session key id is as expected
server ret: [object Object]
chosen nonce: <Buffer 79 b4 e0 5a eb 2d 2a af>
switching to HANDSHAKE_2_SENT
received session key handshake3!
{ replyNonce: <Buffer 79 b4 e0 5a eb 2d 2a af> }
client authenticated/authorized by solving nonce!
switching to IN_COMM
Handler: secure connection with the client established.
{ id: 12,
  remoteAddress: '::ffff:10.0.1.59:37668',
  status: 'open' }
disconnected from auth
received secure communication!
Received seqNum: 0
data received from server via secure communication
Handler: socketID: 12 data: data1
toSend: { data: <Buffer 64 61 74 61 31>, id: 12 }
specified socketID: 12
Unidentified client disconnected
Handler: secure connection with the client closed.
socket #12 closed
Unidentified client connected
received session key handshake1
switching to HANDSHAKE_1_RECEIVED state.
session key id: 40300421
session key NOT found! sending session key id to AuthService
Distribution protocol: TCP
connected to auth! from local port 45180
received auth hello!
{ authId: 403, nonce: <Buffer 50 24 9f 8b 90 40 5e 68> }
received session key response encrypted with distribution key
replyNonce in sessionKeyResp: <Buffer c7 d1 11 ba 6d b8 21 34>
auth nonce verified
handleSessionKeyResp: session key request succeeded! authFailureCount: 0
received 1 keys
Session key id is as expected
server ret: [object Object]
chosen nonce: <Buffer 53 89 77 65 94 a9 96 85>
switching to HANDSHAKE_2_SENT
disconnected from auth
received session key handshake3!
{ replyNonce: <Buffer 53 89 77 65 94 a9 96 85> }
client authenticated/authorized by solving nonce!
switching to IN_COMM
Handler: secure connection with the client established.
{ id: 13,
  remoteAddress: '::ffff:10.0.1.59:37922',
  status: 'open' }
received secure communication!
Received seqNum: 0
data received from server via secure communication
Handler: socketID: 13 data: data1
toSend: { data: <Buffer 64 61 74 61 31>, id: 13 }
specified socketID: 13
Unidentified client disconnected
Handler: secure connection with the client closed.
socket #13 closed
Unidentified client connected
received session key handshake1
switching to HANDSHAKE_1_RECEIVED state.
session key id: 40300428
session key NOT found! sending session key id to AuthService
Distribution protocol: TCP
connected to auth! from local port 45432
received auth hello!
{ authId: 403, nonce: <Buffer 08 4a c1 f7 a5 67 70 f9> }
received session key response encrypted with distribution key
replyNonce in sessionKeyResp: <Buffer 1b 3a e4 cd 43 a2 a9 d6>
auth nonce verified
handleSessionKeyResp: session key request succeeded! authFailureCount: 0
received 1 keys
Session key id is as expected
server ret: [object Object]
chosen nonce: <Buffer 36 2e 15 89 9b 7b 5a 23>
switching to HANDSHAKE_2_SENT
disconnected from auth
received session key handshake3!
{ replyNonce: <Buffer 36 2e 15 89 9b 7b 5a 23> }
client authenticated/authorized by solving nonce!
switching to IN_COMM
Handler: secure connection with the client established.
{ id: 14,
  remoteAddress: '::ffff:10.0.1.59:38174',
  status: 'open' }
received secure communication!
Received seqNum: 0
data received from server via secure communication
Handler: socketID: 14 data: data1
toSend: { data: <Buffer 64 61 74 61 31>, id: 14 }
specified socketID: 14
Unidentified client disconnected
Handler: secure connection with the client closed.
socket #14 closed
Unidentified client connected
received session key handshake1
switching to HANDSHAKE_1_RECEIVED state.
session key id: 40300435
session key NOT found! sending session key id to AuthService
Distribution protocol: TCP
connected to auth! from local port 45690
received auth hello!
{ authId: 403, nonce: <Buffer 3b 2d 17 08 2f fa ee 72> }
received session key response encrypted with distribution key
replyNonce in sessionKeyResp: <Buffer e2 b8 11 3d f2 7d e8 d7>
auth nonce verified
handleSessionKeyResp: session key request succeeded! authFailureCount: 0
received 1 keys
Session key id is as expected
server ret: [object Object]
chosen nonce: <Buffer cd 36 38 ca 4f c9 6a 63>
switching to HANDSHAKE_2_SENT
received session key handshake3!
{ replyNonce: <Buffer cd 36 38 ca 4f c9 6a 63> }
client authenticated/authorized by solving nonce!
switching to IN_COMM
Handler: secure connection with the client established.
{ id: 15,
  remoteAddress: '::ffff:10.0.1.59:38432',
  status: 'open' }
disconnected from auth
received secure communication!
Received seqNum: 0
data received from server via secure communication
Handler: socketID: 15 data: data1
toSend: { data: <Buffer 64 61 74 61 31>, id: 15 }
specified socketID: 15
Unidentified client disconnected
Handler: secure connection with the client closed.
socket #15 closed
Unidentified client connected
received session key handshake1
switching to HANDSHAKE_1_RECEIVED state.
session key id: 40300442
session key NOT found! sending session key id to AuthService
Distribution protocol: TCP
connected to auth! from local port 45938
received auth hello!
{ authId: 403, nonce: <Buffer c7 91 24 52 cb 88 67 2e> }
received session key response encrypted with distribution key
replyNonce in sessionKeyResp: <Buffer 0b 6e 0e 0d c6 2a 98 8f>
auth nonce verified
handleSessionKeyResp: session key request succeeded! authFailureCount: 0
received 1 keys
Session key id is as expected
server ret: [object Object]
chosen nonce: <Buffer 41 42 aa 58 2d 46 14 27>
switching to HANDSHAKE_2_SENT
received session key handshake3!
{ replyNonce: <Buffer 41 42 aa 58 2d 46 14 27> }
client authenticated/authorized by solving nonce!
switching to IN_COMM
Handler: secure connection with the client established.
{ id: 16,
  remoteAddress: '::ffff:10.0.1.59:38680',
  status: 'open' }
disconnected from auth
received secure communication!
Received seqNum: 0
data received from server via secure communication
Handler: socketID: 16 data: data1
toSend: { data: <Buffer 64 61 74 61 31>, id: 16 }
specified socketID: 16
Unidentified client disconnected
Handler: secure connection with the client closed.
socket #16 closed
Unidentified client connected
received session key handshake1
switching to HANDSHAKE_1_RECEIVED state.
session key id: 40300449
session key NOT found! sending session key id to AuthService
Distribution protocol: TCP
connected to auth! from local port 46178
received auth hello!
{ authId: 403, nonce: <Buffer b5 d4 70 41 3c 18 1b 70> }
received session key response encrypted with distribution key
replyNonce in sessionKeyResp: <Buffer a3 5d 95 ef 86 d1 a4 5c>
auth nonce verified
handleSessionKeyResp: session key request succeeded! authFailureCount: 0
received 1 keys
Session key id is as expected
server ret: [object Object]
chosen nonce: <Buffer 8b f1 ff 6d e4 a1 01 9c>
switching to HANDSHAKE_2_SENT
disconnected from auth
received session key handshake3!
{ replyNonce: <Buffer 8b f1 ff 6d e4 a1 01 9c> }
client authenticated/authorized by solving nonce!
switching to IN_COMM
Handler: secure connection with the client established.
{ id: 17,
  remoteAddress: '::ffff:10.0.1.59:38920',
  status: 'open' }
received secure communication!
Received seqNum: 0
data received from server via secure communication
Handler: socketID: 17 data: data1
toSend: { data: <Buffer 64 61 74 61 31>, id: 17 }
specified socketID: 17
Unidentified client disconnected
Handler: secure connection with the client closed.
socket #17 closed
Unidentified client connected
received session key handshake1
switching to HANDSHAKE_1_RECEIVED state.
session key id: 40300456
session key NOT found! sending session key id to AuthService
Distribution protocol: TCP
connected to auth! from local port 46424
received auth hello!
{ authId: 403, nonce: <Buffer f3 91 0a 0e 9f 7d 52 cf> }
received session key response encrypted with distribution key
replyNonce in sessionKeyResp: <Buffer 7f f5 0a da 39 07 9f c0>
auth nonce verified
handleSessionKeyResp: session key request succeeded! authFailureCount: 0
received 1 keys
Session key id is as expected
server ret: [object Object]
chosen nonce: <Buffer 95 68 ad 62 f4 3a 7e 0e>
switching to HANDSHAKE_2_SENT
disconnected from auth
received session key handshake3!
{ replyNonce: <Buffer 95 68 ad 62 f4 3a 7e 0e> }
client authenticated/authorized by solving nonce!
switching to IN_COMM
Handler: secure connection with the client established.
{ id: 18,
  remoteAddress: '::ffff:10.0.1.59:39166',
  status: 'open' }
received secure communication!
Received seqNum: 0
data received from server via secure communication
Handler: socketID: 18 data: data1
toSend: { data: <Buffer 64 61 74 61 31>, id: 18 }
specified socketID: 18
Unidentified client disconnected
Handler: secure connection with the client closed.
socket #18 closed
Unidentified client connected
received session key handshake1
switching to HANDSHAKE_1_RECEIVED state.
session key id: 40300463
session key NOT found! sending session key id to AuthService
Distribution protocol: TCP
connected to auth! from local port 46676
received auth hello!
{ authId: 403, nonce: <Buffer 25 af 43 6f 68 9d 30 0a> }
received session key response encrypted with distribution key
replyNonce in sessionKeyResp: <Buffer ea bb e6 28 30 b8 b5 34>
auth nonce verified
handleSessionKeyResp: session key request succeeded! authFailureCount: 0
received 1 keys
Session key id is as expected
server ret: [object Object]
chosen nonce: <Buffer ba 79 c9 40 39 65 cc f5>
switching to HANDSHAKE_2_SENT
received session key handshake3!
{ replyNonce: <Buffer ba 79 c9 40 39 65 cc f5> }
client authenticated/authorized by solving nonce!
switching to IN_COMM
Handler: secure connection with the client established.
{ id: 19,
  remoteAddress: '::ffff:10.0.1.59:39418',
  status: 'open' }
disconnected from auth
received secure communication!
Received seqNum: 0
data received from server via secure communication
Handler: socketID: 19 data: data1
toSend: { data: <Buffer 64 61 74 61 31>, id: 19 }
specified socketID: 19
Unidentified client disconnected
Handler: secure connection with the client closed.
socket #19 closed
Unidentified client connected
received session key handshake1
switching to HANDSHAKE_1_RECEIVED state.
session key id: 40300470
session key NOT found! sending session key id to AuthService
Distribution protocol: TCP
connected to auth! from local port 46922
received auth hello!
{ authId: 403, nonce: <Buffer 08 e5 fd 44 70 9c d6 79> }
received session key response encrypted with distribution key
replyNonce in sessionKeyResp: <Buffer cd 00 3f 43 76 21 91 75>
auth nonce verified
handleSessionKeyResp: session key request succeeded! authFailureCount: 0
received 1 keys
Session key id is as expected
server ret: [object Object]
chosen nonce: <Buffer 4e d9 06 b0 83 34 4e 3b>
switching to HANDSHAKE_2_SENT
received session key handshake3!
{ replyNonce: <Buffer 4e d9 06 b0 83 34 4e 3b> }
client authenticated/authorized by solving nonce!
switching to IN_COMM
Handler: secure connection with the client established.
{ id: 20,
  remoteAddress: '::ffff:10.0.1.59:39664',
  status: 'open' }
disconnected from auth
received secure communication!
Received seqNum: 0
data received from server via secure communication
Handler: socketID: 20 data: data1
toSend: { data: <Buffer 64 61 74 61 31>, id: 20 }
specified socketID: 20
Unidentified client disconnected
Handler: secure connection with the client closed.
socket #20 closed
Unidentified client connected
received session key handshake1
switching to HANDSHAKE_1_RECEIVED state.
session key id: 40300477
session key NOT found! sending session key id to AuthService
Distribution protocol: TCP
connected to auth! from local port 47166
received auth hello!
{ authId: 403, nonce: <Buffer 51 77 b4 f1 0a 98 26 72> }
received session key response encrypted with distribution key
replyNonce in sessionKeyResp: <Buffer 89 1a d3 ee ba d2 df 23>
auth nonce verified
handleSessionKeyResp: session key request succeeded! authFailureCount: 0
received 1 keys
Session key id is as expected
server ret: [object Object]
chosen nonce: <Buffer ef 1f 9d 5d 21 c1 2d de>
switching to HANDSHAKE_2_SENT
received session key handshake3!
{ replyNonce: <Buffer ef 1f 9d 5d 21 c1 2d de> }
client authenticated/authorized by solving nonce!
switching to IN_COMM
Handler: secure connection with the client established.
{ id: 21,
  remoteAddress: '::ffff:10.0.1.59:39908',
  status: 'open' }
disconnected from auth
received secure communication!
Received seqNum: 0
data received from server via secure communication
Handler: socketID: 21 data: data1
toSend: { data: <Buffer 64 61 74 61 31>, id: 21 }
specified socketID: 21
Unidentified client disconnected
Handler: secure connection with the client closed.
socket #21 closed
Unidentified client connected
received session key handshake1
switching to HANDSHAKE_1_RECEIVED state.
session key id: 40300484
session key NOT found! sending session key id to AuthService
Distribution protocol: TCP
connected to auth! from local port 47404
received auth hello!
{ authId: 403, nonce: <Buffer 8b 34 6b 63 f8 b0 76 8c> }
received session key response encrypted with distribution key
replyNonce in sessionKeyResp: <Buffer 91 de f1 0e 6f 50 99 f9>
auth nonce verified
handleSessionKeyResp: session key request succeeded! authFailureCount: 0
received 1 keys
Session key id is as expected
server ret: [object Object]
chosen nonce: <Buffer 93 0c bf 43 f3 1e c8 e3>
switching to HANDSHAKE_2_SENT
disconnected from auth
received session key handshake3!
{ replyNonce: <Buffer 93 0c bf 43 f3 1e c8 e3> }
client authenticated/authorized by solving nonce!
switching to IN_COMM
Handler: secure connection with the client established.
{ id: 22,
  remoteAddress: '::ffff:10.0.1.59:40146',
  status: 'open' }
received secure communication!
Received seqNum: 0
data received from server via secure communication
Handler: socketID: 22 data: data1
toSend: { data: <Buffer 64 61 74 61 31>, id: 22 }
specified socketID: 22
Unidentified client disconnected
Handler: secure connection with the client closed.
socket #22 closed
Unidentified client connected
received session key handshake1
switching to HANDSHAKE_1_RECEIVED state.
session key id: 40300491
session key NOT found! sending session key id to AuthService
Distribution protocol: TCP
connected to auth! from local port 47642
received auth hello!
{ authId: 403, nonce: <Buffer b6 d7 47 ad 00 d2 b9 17> }
received session key response encrypted with distribution key
replyNonce in sessionKeyResp: <Buffer 46 f0 2b ad f4 ff b8 93>
auth nonce verified
handleSessionKeyResp: session key request succeeded! authFailureCount: 0
received 1 keys
Session key id is as expected
server ret: [object Object]
chosen nonce: <Buffer 06 be 83 a9 0a e0 cd 27>
switching to HANDSHAKE_2_SENT
received session key handshake3!
{ replyNonce: <Buffer 06 be 83 a9 0a e0 cd 27> }
client authenticated/authorized by solving nonce!
switching to IN_COMM
Handler: secure connection with the client established.
{ id: 23,
  remoteAddress: '::ffff:10.0.1.59:40384',
  status: 'open' }
disconnected from auth
received secure communication!
Received seqNum: 0
data received from server via secure communication
Handler: socketID: 23 data: data1
toSend: { data: <Buffer 64 61 74 61 31>, id: 23 }
specified socketID: 23
Unidentified client disconnected
Handler: secure connection with the client closed.
socket #23 closed
Unidentified client connected
received session key handshake1
switching to HANDSHAKE_1_RECEIVED state.
session key id: 40300498
session key NOT found! sending session key id to AuthService
Distribution protocol: TCP
connected to auth! from local port 47880
received auth hello!
{ authId: 403, nonce: <Buffer ee 4e eb d8 5e 53 dd 4c> }
received session key response encrypted with distribution key
replyNonce in sessionKeyResp: <Buffer be cd a6 75 9f f9 77 1f>
auth nonce verified
handleSessionKeyResp: session key request succeeded! authFailureCount: 0
received 1 keys
Session key id is as expected
server ret: [object Object]
chosen nonce: <Buffer a8 23 54 02 d9 95 b5 f5>
switching to HANDSHAKE_2_SENT
received session key handshake3!
{ replyNonce: <Buffer a8 23 54 02 d9 95 b5 f5> }
client authenticated/authorized by solving nonce!
switching to IN_COMM
Handler: secure connection with the client established.
{ id: 24,
  remoteAddress: '::ffff:10.0.1.59:40622',
  status: 'open' }
disconnected from auth
received secure communication!
Received seqNum: 0
data received from server via secure communication
Handler: socketID: 24 data: data1
toSend: { data: <Buffer 64 61 74 61 31>, id: 24 }
specified socketID: 24
Unidentified client disconnected
Handler: secure connection with the client closed.
socket #24 closed
Unidentified client connected
received session key handshake1
switching to HANDSHAKE_1_RECEIVED state.
session key id: 40300505
session key NOT found! sending session key id to AuthService
Distribution protocol: TCP
connected to auth! from local port 48112
received auth hello!
{ authId: 403, nonce: <Buffer 8b 71 ca 47 ab 25 1f 23> }
received session key response encrypted with distribution key
replyNonce in sessionKeyResp: <Buffer 13 85 63 01 02 36 bb 18>
auth nonce verified
handleSessionKeyResp: session key request succeeded! authFailureCount: 0
received 1 keys
Session key id is as expected
server ret: [object Object]
chosen nonce: <Buffer 19 13 f5 20 06 ce c6 95>
switching to HANDSHAKE_2_SENT
disconnected from auth
received session key handshake3!
{ replyNonce: <Buffer 19 13 f5 20 06 ce c6 95> }
client authenticated/authorized by solving nonce!
switching to IN_COMM
Handler: secure connection with the client established.
{ id: 25,
  remoteAddress: '::ffff:10.0.1.59:40854',
  status: 'open' }
received secure communication!
Received seqNum: 0
data received from server via secure communication
Handler: socketID: 25 data: data1
toSend: { data: <Buffer 64 61 74 61 31>, id: 25 }
specified socketID: 25
Unidentified client disconnected
Handler: secure connection with the client closed.
socket #25 closed
Unidentified client connected
received session key handshake1
switching to HANDSHAKE_1_RECEIVED state.
session key id: 40300512
session key NOT found! sending session key id to AuthService
Distribution protocol: TCP
connected to auth! from local port 48350
received auth hello!
{ authId: 403, nonce: <Buffer e2 9b 6b d3 ec 0e 62 0b> }
received session key response encrypted with distribution key
replyNonce in sessionKeyResp: <Buffer 3e 40 42 b3 7c 87 7b 73>
auth nonce verified
handleSessionKeyResp: session key request succeeded! authFailureCount: 0
received 1 keys
Session key id is as expected
server ret: [object Object]
chosen nonce: <Buffer fc 9c f4 6d b3 97 03 4d>
switching to HANDSHAKE_2_SENT
received session key handshake3!
{ replyNonce: <Buffer fc 9c f4 6d b3 97 03 4d> }
client authenticated/authorized by solving nonce!
switching to IN_COMM
Handler: secure connection with the client established.
{ id: 26,
  remoteAddress: '::ffff:10.0.1.59:41092',
  status: 'open' }
disconnected from auth
received secure communication!
Received seqNum: 0
data received from server via secure communication
Handler: socketID: 26 data: data1
toSend: { data: <Buffer 64 61 74 61 31>, id: 26 }
specified socketID: 26
Unidentified client disconnected
Handler: secure connection with the client closed.
socket #26 closed
Unidentified client connected
received session key handshake1
switching to HANDSHAKE_1_RECEIVED state.
session key id: 40300519
session key NOT found! sending session key id to AuthService
Distribution protocol: TCP
connected to auth! from local port 48586
received auth hello!
{ authId: 403, nonce: <Buffer 58 ba b3 2b 18 12 0c 9e> }
received session key response encrypted with distribution key
replyNonce in sessionKeyResp: <Buffer 59 29 ea 97 95 4f 9e 36>
auth nonce verified
handleSessionKeyResp: session key request succeeded! authFailureCount: 0
received 1 keys
Session key id is as expected
server ret: [object Object]
chosen nonce: <Buffer a7 ee c9 74 22 3c 6b 26>
switching to HANDSHAKE_2_SENT
received session key handshake3!
{ replyNonce: <Buffer a7 ee c9 74 22 3c 6b 26> }
client authenticated/authorized by solving nonce!
switching to IN_COMM
Handler: secure connection with the client established.
{ id: 27,
  remoteAddress: '::ffff:10.0.1.59:41328',
  status: 'open' }
disconnected from auth
received secure communication!
Received seqNum: 0
data received from server via secure communication
Handler: socketID: 27 data: data1
toSend: { data: <Buffer 64 61 74 61 31>, id: 27 }
specified socketID: 27
Unidentified client disconnected
Handler: secure connection with the client closed.
socket #27 closed
