changing working directory to: /home/hokeunkim/Development/iotauth/entity/node/example_entities
loading from config file: /home/hokeunkim/Development/iotauth_experiments/experiments/ccs2017/expOptions/expEntity.option
Experimental options for echoServer: { autoSendPeriod: 60000,
  useSameSessionKeyCount: 1,
  connectionTimeout: 50000,
  migrationEnabled: true,
  authFailureThreshold: 2,
  migrationFailureThreshold: 2 }
loading from config file: /home/hokeunkim/Development/iotauth/entity/node/example_entities/configs/Servers/s504.config
initializing secure comm server...
Session protocol: TCP
current parameters: { migrationEnabled: true,
  authFailureThreshold: 3,
  migrationFailureThreshold: 3 }
current parameters: { migrationEnabled: true,
  authFailureThreshold: 2,
  migrationFailureThreshold: 3 }
current parameters: { migrationEnabled: true,
  authFailureThreshold: 2,
  migrationFailureThreshold: 2 }
current entityInfo: { name: 's504',
  group: 'Servers',
  distProtocol: 'TCP',
  usePermanentDistKey: false,
  connectionTimeout: 50000,
  privateKey: <Buffer 2d 2d 2d 2d 2d 42 45 47 49 4e 20 52 53 41 20 50 52 49 56 41 54 45 20 4b 45 59 2d 2d 2d 2d 2d 0a 4d 49 49 45 6f 77 49 42 41 41 4b 43 41 51 45 41 71 78 ... > }
Handler: listening on port 22100
s504:Servers prompt>
Unidentified client connected
received session key handshake1
switching to HANDSHAKE_1_RECEIVED state.
session key id: 50100613
session key NOT found! sending session key id to AuthService
Distribution protocol: TCP
connected to auth! from local port 47110
received auth hello!
{ authId: 501, nonce: <Buffer 42 ee a7 72 37 1c 42 69> }
received session key response with distribution key attached!
auth signature verified
replyNonce in sessionKeyResp: <Buffer 9f 83 fb 78 80 eb 9d 7e>
auth nonce verified
handleSessionKeyResp: session key request succeeded! authFailureCount: 0
updating distribution key: { cipherKeyVal: <Buffer 21 9a 05 61 08 02 3c 6e af 18 c2 20 02 8c ab 06>,
  macKeyVal: <Buffer 6c 52 7e be 00 96 90 2c 96 03 0c d2 01 8a de d7 da bc 4c d9 21 c9 5e f8 eb c9 f7 54 40 74 15 a8>,
  absValidity: 2018-03-20T23:10:00.043Z }
received 1 keys
Session key id is as expected
server ret: [object Object]
chosen nonce: <Buffer fc 68 f1 48 61 95 b2 25>
switching to HANDSHAKE_2_SENT
received session key handshake3!
{ replyNonce: <Buffer fc 68 f1 48 61 95 b2 25> }
client authenticated/authorized by solving nonce!
switching to IN_COMM
Handler: secure connection with the client established.
{ id: 0,
  remoteAddress: '::ffff:10.0.1.67:39760',
  status: 'open' }
disconnected from auth
received secure communication!
Received seqNum: 0
data received from server via secure communication
Handler: socketID: 0 data: data1
toSend: { data: <Buffer 64 61 74 61 31>, id: 0 }
specified socketID: 0
Unidentified client disconnected
Handler: secure connection with the client closed.
socket #0 closed
Unidentified client connected
received session key handshake1
switching to HANDSHAKE_1_RECEIVED state.
session key id: 50100621
session key NOT found! sending session key id to AuthService
Distribution protocol: TCP
connected to auth! from local port 47364
received auth hello!
{ authId: 501, nonce: <Buffer 80 a8 e1 d9 2d e4 96 8d> }
received session key response encrypted with distribution key
replyNonce in sessionKeyResp: <Buffer 00 80 ac 1b 51 33 64 de>
auth nonce verified
handleSessionKeyResp: session key request succeeded! authFailureCount: 0
received 1 keys
Session key id is as expected
server ret: [object Object]
chosen nonce: <Buffer d6 9f 9f 6f 91 6a a9 48>
switching to HANDSHAKE_2_SENT
disconnected from auth
received session key handshake3!
{ replyNonce: <Buffer d6 9f 9f 6f 91 6a a9 48> }
client authenticated/authorized by solving nonce!
switching to IN_COMM
Handler: secure connection with the client established.
{ id: 1,
  remoteAddress: '::ffff:10.0.1.67:40014',
  status: 'open' }
received secure communication!
Received seqNum: 0
data received from server via secure communication
Handler: socketID: 1 data: data1
toSend: { data: <Buffer 64 61 74 61 31>, id: 1 }
specified socketID: 1
Unidentified client disconnected
Handler: secure connection with the client closed.
socket #1 closed
Unidentified client connected
received session key handshake1
switching to HANDSHAKE_1_RECEIVED state.
session key id: 50100629
session key NOT found! sending session key id to AuthService
Distribution protocol: TCP
connected to auth! from local port 47634
received auth hello!
{ authId: 501, nonce: <Buffer 3a 34 9e a1 f2 3f 72 dc> }
received session key response encrypted with distribution key
replyNonce in sessionKeyResp: <Buffer 1c 07 4b c5 a7 99 71 c2>
auth nonce verified
handleSessionKeyResp: session key request succeeded! authFailureCount: 0
received 1 keys
Session key id is as expected
server ret: [object Object]
chosen nonce: <Buffer 0c aa de 63 29 fc d8 99>
switching to HANDSHAKE_2_SENT
disconnected from auth
received session key handshake3!
{ replyNonce: <Buffer 0c aa de 63 29 fc d8 99> }
client authenticated/authorized by solving nonce!
switching to IN_COMM
Handler: secure connection with the client established.
{ id: 2,
  remoteAddress: '::ffff:10.0.1.67:40284',
  status: 'open' }
received secure communication!
Received seqNum: 0
data received from server via secure communication
Handler: socketID: 2 data: data1
toSend: { data: <Buffer 64 61 74 61 31>, id: 2 }
specified socketID: 2
Unidentified client disconnected
Handler: secure connection with the client closed.
socket #2 closed
Unidentified client connected
received session key handshake1
switching to HANDSHAKE_1_RECEIVED state.
session key id: 50100637
session key NOT found! sending session key id to AuthService
Distribution protocol: TCP
connected to auth! from local port 47904
received auth hello!
{ authId: 501, nonce: <Buffer a0 01 f1 71 a5 50 7c 95> }
received session key response encrypted with distribution key
replyNonce in sessionKeyResp: <Buffer 86 3a c6 4a bb fd f4 45>
auth nonce verified
handleSessionKeyResp: session key request succeeded! authFailureCount: 0
received 1 keys
Session key id is as expected
server ret: [object Object]
chosen nonce: <Buffer b6 bb 3f 36 ee ab b7 94>
switching to HANDSHAKE_2_SENT
disconnected from auth
received session key handshake3!
{ replyNonce: <Buffer b6 bb 3f 36 ee ab b7 94> }
client authenticated/authorized by solving nonce!
switching to IN_COMM
Handler: secure connection with the client established.
{ id: 3,
  remoteAddress: '::ffff:10.0.1.67:40554',
  status: 'open' }
received secure communication!
Received seqNum: 0
data received from server via secure communication
Handler: socketID: 3 data: data1
toSend: { data: <Buffer 64 61 74 61 31>, id: 3 }
specified socketID: 3
Unidentified client disconnected
Handler: secure connection with the client closed.
socket #3 closed
Unidentified client connected
received session key handshake1
switching to HANDSHAKE_1_RECEIVED state.
session key id: 50100645
session key NOT found! sending session key id to AuthService
Distribution protocol: TCP
connected to auth! from local port 48174
received auth hello!
{ authId: 501, nonce: <Buffer 13 4a 53 11 79 5e c7 ff> }
received session key response encrypted with distribution key
replyNonce in sessionKeyResp: <Buffer 0d 65 e6 a5 05 50 30 ac>
auth nonce verified
handleSessionKeyResp: session key request succeeded! authFailureCount: 0
received 1 keys
Session key id is as expected
server ret: [object Object]
chosen nonce: <Buffer 20 fb 05 d4 19 6a a8 19>
switching to HANDSHAKE_2_SENT
disconnected from auth
received session key handshake3!
{ replyNonce: <Buffer 20 fb 05 d4 19 6a a8 19> }
client authenticated/authorized by solving nonce!
switching to IN_COMM
Handler: secure connection with the client established.
{ id: 4,
  remoteAddress: '::ffff:10.0.1.67:40824',
  status: 'open' }
received secure communication!
Received seqNum: 0
data received from server via secure communication
Handler: socketID: 4 data: data1
toSend: { data: <Buffer 64 61 74 61 31>, id: 4 }
specified socketID: 4
Unidentified client disconnected
Handler: secure connection with the client closed.
socket #4 closed
Unidentified client connected
received session key handshake1
switching to HANDSHAKE_1_RECEIVED state.
session key id: 50100653
session key NOT found! sending session key id to AuthService
Distribution protocol: TCP
connected to auth! from local port 48444
received auth hello!
{ authId: 501, nonce: <Buffer 31 68 51 bc 3f 95 3e 79> }
received session key response encrypted with distribution key
replyNonce in sessionKeyResp: <Buffer 61 df 7b bc 9c 3e fa d1>
auth nonce verified
handleSessionKeyResp: session key request succeeded! authFailureCount: 0
received 1 keys
Session key id is as expected
server ret: [object Object]
chosen nonce: <Buffer 07 61 8c fb b6 9c 81 d6>
switching to HANDSHAKE_2_SENT
received session key handshake3!
{ replyNonce: <Buffer 07 61 8c fb b6 9c 81 d6> }
client authenticated/authorized by solving nonce!
switching to IN_COMM
Handler: secure connection with the client established.
{ id: 5,
  remoteAddress: '::ffff:10.0.1.67:41094',
  status: 'open' }
disconnected from auth
received secure communication!
Received seqNum: 0
data received from server via secure communication
Handler: socketID: 5 data: data1
toSend: { data: <Buffer 64 61 74 61 31>, id: 5 }
specified socketID: 5
Unidentified client disconnected
Handler: secure connection with the client closed.
socket #5 closed
Unidentified client connected
received session key handshake1
switching to HANDSHAKE_1_RECEIVED state.
session key id: 50100661
session key NOT found! sending session key id to AuthService
Distribution protocol: TCP
connected to auth! from local port 48714
received auth hello!
{ authId: 501, nonce: <Buffer d6 2c 7a ea 22 00 b3 9c> }
received session key response encrypted with distribution key
replyNonce in sessionKeyResp: <Buffer 17 d4 57 e9 46 ce 05 c1>
auth nonce verified
handleSessionKeyResp: session key request succeeded! authFailureCount: 0
received 1 keys
Session key id is as expected
server ret: [object Object]
chosen nonce: <Buffer 0e b7 54 1d 41 1d 81 fd>
switching to HANDSHAKE_2_SENT
disconnected from auth
received session key handshake3!
{ replyNonce: <Buffer 0e b7 54 1d 41 1d 81 fd> }
client authenticated/authorized by solving nonce!
switching to IN_COMM
Handler: secure connection with the client established.
{ id: 6,
  remoteAddress: '::ffff:10.0.1.67:41364',
  status: 'open' }
received secure communication!
Received seqNum: 0
data received from server via secure communication
Handler: socketID: 6 data: data1
toSend: { data: <Buffer 64 61 74 61 31>, id: 6 }
specified socketID: 6
Unidentified client disconnected
Handler: secure connection with the client closed.
socket #6 closed
Unidentified client connected
received session key handshake1
switching to HANDSHAKE_1_RECEIVED state.
session key id: 50201426
session key NOT found! sending session key id to AuthService
Distribution protocol: TCP
failure in connection with Auth : authFailureCount: 1
Handler: Error in server - details: Error occurred in session key request: Error: connect EHOSTUNREACH 10.0.1.4:21100
Handler: Error in server - details: handshake2 timed out...
Unidentified client disconnected
Handler: Error in server - details: Closed during comm init from undefined:undefined
Handler: Error in server - details: Auth hello timedout ...
Unidentified client connected
received session key handshake1
switching to HANDSHAKE_1_RECEIVED state.
session key id: 50201445
session key NOT found! sending session key id to AuthService
Distribution protocol: TCP
failure in connection with Auth : authFailureCount: 2
failure count reached threshold (2), try migration...
In iotAuth.js migrateToTrustedAuth: 
In iotAuthService.js sendMigrationReqViaTCP: 
Handler: Error in server - details: Error occurred in session key request: Error: connect EHOSTUNREACH 10.0.1.4:21100
Handler: Error in server - details: handshake2 timed out...
failure in migration to another Auth : migrationFailureCount: 1
Handler: Error in server - details: Error occurred in migration request: Error: connect EHOSTUNREACH 10.0.1.1:21100
Unidentified client disconnected
Handler: Error in server - details: Closed during comm init from undefined:undefined
Handler: Error in server - details: Auth hello timedout ...
failure in migration to another Auth : migrationFailureCount: 2
Handler: Error in server - details: Error occurred in migration request: Auth hello timedout ...
Unidentified client connected
received session key handshake1
switching to HANDSHAKE_1_RECEIVED state.
session key id: 50201475
session key NOT found! sending session key id to AuthService
Distribution protocol: TCP
failure in connection with Auth : authFailureCount: 3
failure count reached threshold (2), try migration...
reached migration failure threshold, rotate migration info index from: 0
to: 1
In iotAuth.js migrateToTrustedAuth: 
In iotAuthService.js sendMigrationReqViaTCP: 
Handler: Error in server - details: Error occurred in session key request: Error: connect EHOSTUNREACH 10.0.1.4:21100
Handler: Error in server - details: handshake2 timed out...
failure in migration to another Auth : migrationFailureCount: 1
Handler: Error in server - details: Error occurred in migration request: Error: connect EHOSTUNREACH 10.0.1.2:21100
Unidentified client disconnected
Handler: Error in server - details: Closed during comm init from undefined:undefined
Handler: Error in server - details: Auth hello timedout ...
failure in migration to another Auth : migrationFailureCount: 2
Handler: Error in server - details: Error occurred in migration request: Auth hello timedout ...
Unidentified client connected
received session key handshake1
switching to HANDSHAKE_1_RECEIVED state.
session key id: 50201496
session key NOT found! sending session key id to AuthService
Distribution protocol: TCP
failure in connection with Auth : authFailureCount: 4
failure count reached threshold (2), try migration...
reached migration failure threshold, rotate migration info index from: 1
to: 2
In iotAuth.js migrateToTrustedAuth: 
In iotAuthService.js sendMigrationReqViaTCP: 
Handler: Error in server - details: Error occurred in session key request: Error: connect EHOSTUNREACH 10.0.1.4:21100
connected to auth! from local port 40876
Handler: Error in server - details: handshake2 timed out...
Unidentified client disconnected
Handler: Error in server - details: Closed during comm init from undefined:undefined
Handler: Error in server - details: Auth hello timedout ...
failure in migration to another Auth : migrationFailureCount: 1
Handler: Error in server - details: Error occurred in migration request: Auth hello timedout ...
Unidentified client connected
received session key handshake1
switching to HANDSHAKE_1_RECEIVED state.
session key id: 50201510
session key NOT found! sending session key id to AuthService
Distribution protocol: TCP
failure in connection with Auth : authFailureCount: 5
failure count reached threshold (2), try migration...
In iotAuth.js migrateToTrustedAuth: 
In iotAuthService.js sendMigrationReqViaTCP: 
Handler: Error in server - details: Error occurred in session key request: Error: connect EHOSTUNREACH 10.0.1.4:21100
connected to auth! from local port 41034
Handler: Error in server - details: handshake2 timed out...
received auth hello!
{ authId: 502, nonce: <Buffer a2 88 b7 6e 5e 79 15 d2> }
more data will come. current: 1445 expected: 1485
received migration response with signature!
{ version: 2,
  subject: 
   { countryName: 'US',
     stateOrProvinceName: 'CA',
     localityName: 'Berkeley',
     organizationName: 'EECS',
     organizationalUnitName: 'Auth502',
     commonName: '10.0.1.5' },
  issuer: 
   { countryName: 'US',
     stateOrProvinceName: 'CA',
     localityName: 'Berkeley',
     organizationName: 'EECS',
     organizationalUnitName: 'Auth501',
     commonName: '10.0.0.4' },
  serial: '016245740808',
  notBefore: 2018-03-20T22:05:54.000Z,
  notAfter: 2018-03-21T22:07:34.000Z,
  subjectHash: '9638ffe3',
  signatureAlgorithm: 'sha256WithRSAEncryption',
  fingerPrint: 'E4:19:6D:0C:8B:16:48:A2:32:B6:94:73:F6:80:86:72:13:AA:3E:3D',
  publicKey: 
   { algorithm: 'rsaEncryption',
     e: '65537',
     n: 'E40B9EF20959AA49D02016EC2E9896074EE0818689EAD7319ECC8ED8C9557412ED46C95E67464598F6233ECEB8BF25A876F0D30B65CED2B1FED8D1F07CF9042FD7F86E3B637BE17FBFD7C9F0DB5850835170B354A52C175B769A37BA578F965436FF29BCFD54C5D4E939E02214503C8A69FFBBF0EC06657DF9498BE98DEB26B62E1453817F6DFAE9B50EE21C5A643FF0292539838A682562303CB77FC6028B22B30B78957E4F78E539103F991928681EBF3100D31960F43F8ECFC6C2F3063B353E92BFFEF77A49BBCBF417864AE8169AA061F590E5FB3393A4592EFA1100FC186B95B83724CA0B11D8BC02BC9BD4F9E08552DE2D1EB0EE0E866E41A520730E6F',
     bitSize: 2048 },
  altNames: [],
  extensions: { subjectAlternativeName: 'IP Address:10.0.1.5' } }
null
true
Certificate of new Auth is verified!
Subject information matches Auth ID!
Signature of new Auth is verified.
Auth nonce is verified
migration completed!
new Auth info: !
{ id: 502,
  host: '10.0.1.5',
  port: 21100,
  publicKey: '-----BEGIN CERTIFICATE-----\nMIIDVTCCAj2gAwIBAgIGAWJFdAgIMA0GCSqGSIb3DQEBCwUAMGExCzAJBgNVBAYT\nAlVTMQswCQYDVQQIDAJDQTERMA8GA1UEBwwIQmVya2VsZXkxDTALBgNVBAoMBEVF\nQ1MxEDAOBgNVBAsMB0F1dGg1MDExETAPBgNVBAMMCDEwLjAuMC40MB4XDTE4MDMy\nMDIyMDU1NFoXDTE4MDMyMTIyMDczNFowYTELMAkGA1UEBhMCVVMxCzAJBgNVBAgM\nAkNBMREwDwYDVQQHDAhCZXJrZWxleTENMAsGA1UECgwERUVDUzEQMA4GA1UECwwH\nQXV0aDUwMjERMA8GA1UEAwwIMTAuMC4xLjUwggEiMA0GCSqGSIb3DQEBAQUAA4IB\nDwAwggEKAoIBAQDkC57yCVmqSdAgFuwumJYHTuCBhonq1zGezI7YyVV0Eu1GyV5n\nRkWY9iM+zri/Jah28NMLZc7Ssf7Y0fB8+QQv1/huO2N74X+/18nw21hQg1Fws1Sl\nLBdbdpo3ulePllQ2/ym8/VTF1Ok54CIUUDyKaf+78OwGZX35SYvpjesmti4UU4F/\nbfrptQ7iHFpkP/ApJTmDimglYjA8t3/GAosiswt4lX5PeOU5ED+ZGShoHr8xANMZ\nYPQ/js/GwvMGOzU+kr/+93pJu8v0F4ZK6BaaoGH1kOX7M5OkWS76EQD8GGuVuDck\nygsR2LwCvJvU+eCFUt4tHrDuDoZuQaUgcw5vAgMBAAGjEzARMA8GA1UdEQQIMAaH\nBAoAAQUwDQYJKoZIhvcNAQELBQADggEBABkJcVLNsxiUWt25hTnwKEx7IA6XcBdq\nQAG5AQhTIOW7Dy3BCfN8WaAdvH2bBAdeBUGoge6adhSadohUK/dBWzdfL1zKcXQ8\nt8riR0jbgml5opFtx57BaKJUWeVwvWoj4kouLbEalRJw/EuULcxV4+2A1n6Q+q3I\nqrLJBmIRounZCERGRmOwXgkQ/kIEdgSsHQmOqQ1Vs6Fc4jmsyIWkAGiGoWsdRs33\nCc+Ls/p3Qf+m6jz5zrzelh5dAsNBC1hRc3Z5O1fHDPAJ8Ak8YOWhflE+vHQKt2dt\nEAoR7vwzF2xK/1u19vbMdzwqAOiZGFvuXqg5WBgHciMzXbSKh6gYx1I=\n-----END CERTIFICATE-----' }
received migration response, for next round of migration, rotate migration info index from: 2
to: 3
disconnected from auth
Unidentified client disconnected
Handler: Error in server - details: Closed during comm init from undefined:undefined
Handler: Error in server - details: Auth hello timedout ...
Unidentified client connected
received session key handshake1
switching to HANDSHAKE_1_RECEIVED state.
session key id: 50201526
session key NOT found! sending session key id to AuthService
Distribution protocol: TCP
connected to auth! from local port 41192
Handler: Error in server - details: handshake2 timed out...
received auth hello!
{ authId: 502, nonce: <Buffer 75 c8 e5 c3 f0 2c 0e d7> }
received session key response with distribution key attached!
auth signature verified
replyNonce in sessionKeyResp: <Buffer 83 af d2 5a 48 ae ed 9d>
auth nonce verified
handleSessionKeyResp: session key request succeeded! authFailureCount: 0
updating distribution key: { cipherKeyVal: <Buffer 64 6d 64 97 98 94 46 76 12 b2 c4 49 e6 4d 63 29>,
  macKeyVal: <Buffer 04 f3 b6 2a 96 83 ba 3e b9 e9 76 a3 29 7c d3 29 b0 4e 1a 20 27 c0 99 13 64 97 04 fd 94 0e 62 61>,
  absValidity: 2018-03-20T23:28:15.602Z }
received 1 keys
Session key id is as expected
server ret: [object Object]
chosen nonce: <Buffer 77 87 b5 e1 d1 be 8c 47>
switching to HANDSHAKE_2_SENT
disconnected from auth
received session key handshake3!
{ replyNonce: <Buffer 77 87 b5 e1 d1 be 8c 47> }
client authenticated/authorized by solving nonce!
switching to IN_COMM
Handler: secure connection with the client established.
{ id: 7,
  remoteAddress: '::ffff:10.0.1.67:43628',
  status: 'open' }
received secure communication!
Received seqNum: 0
data received from server via secure communication
Handler: socketID: 7 data: data1
toSend: { data: <Buffer 64 61 74 61 31>, id: 7 }
specified socketID: 7
Unidentified client disconnected
Handler: secure connection with the client closed.
socket #7 closed
Unidentified client connected
received session key handshake1
switching to HANDSHAKE_1_RECEIVED state.
session key id: 50201542
session key NOT found! sending session key id to AuthService
Distribution protocol: TCP
connected to auth! from local port 41358
Handler: Error in server - details: handshake2 timed out...
received auth hello!
{ authId: 502, nonce: <Buffer 80 98 50 da b3 16 97 3f> }
received session key response encrypted with distribution key
replyNonce in sessionKeyResp: <Buffer 40 be 93 40 e1 97 79 f6>
auth nonce verified
handleSessionKeyResp: session key request succeeded! authFailureCount: 0
received 1 keys
Session key id is as expected
server ret: [object Object]
chosen nonce: <Buffer 07 e9 76 82 73 d0 03 4e>
switching to HANDSHAKE_2_SENT
received session key handshake3!
{ replyNonce: <Buffer 07 e9 76 82 73 d0 03 4e> }
client authenticated/authorized by solving nonce!
switching to IN_COMM
Handler: secure connection with the client established.
{ id: 8,
  remoteAddress: '::ffff:10.0.1.67:43794',
  status: 'open' }
disconnected from auth
received secure communication!
Received seqNum: 0
data received from server via secure communication
Handler: socketID: 8 data: data1
toSend: { data: <Buffer 64 61 74 61 31>, id: 8 }
specified socketID: 8
Unidentified client disconnected
Handler: secure connection with the client closed.
socket #8 closed
Unidentified client connected
received session key handshake1
switching to HANDSHAKE_1_RECEIVED state.
session key id: 50201557
session key NOT found! sending session key id to AuthService
Distribution protocol: TCP
connected to auth! from local port 41516
Handler: Error in server - details: handshake2 timed out...
received auth hello!
{ authId: 502, nonce: <Buffer c1 9f 71 31 bd bd 21 07> }
received session key response encrypted with distribution key
replyNonce in sessionKeyResp: <Buffer 1c 79 23 83 34 bc 32 ac>
auth nonce verified
handleSessionKeyResp: session key request succeeded! authFailureCount: 0
received 1 keys
Session key id is as expected
server ret: [object Object]
chosen nonce: <Buffer e6 de d3 51 9f 4e b4 e7>
switching to HANDSHAKE_2_SENT
disconnected from auth
received session key handshake3!
{ replyNonce: <Buffer e6 de d3 51 9f 4e b4 e7> }
client authenticated/authorized by solving nonce!
switching to IN_COMM
Handler: secure connection with the client established.
{ id: 9,
  remoteAddress: '::ffff:10.0.1.67:43952',
  status: 'open' }
received secure communication!
Received seqNum: 0
data received from server via secure communication
Handler: socketID: 9 data: data1
toSend: { data: <Buffer 64 61 74 61 31>, id: 9 }
specified socketID: 9
Unidentified client disconnected
Handler: secure connection with the client closed.
socket #9 closed
Unidentified client connected
received session key handshake1
switching to HANDSHAKE_1_RECEIVED state.
session key id: 50201621
session key NOT found! sending session key id to AuthService
Distribution protocol: TCP
connected to auth! from local port 42266
Handler: Error in server - details: handshake2 timed out...
Unidentified client disconnected
Handler: Error in server - details: Closed during comm init from undefined:undefined
Handler: Error in server - details: Auth hello timedout ...
Unidentified client connected
received session key handshake1
switching to HANDSHAKE_1_RECEIVED state.
session key id: 50201649
session key NOT found! sending session key id to AuthService
Distribution protocol: TCP
connected to auth! from local port 42566
received auth hello!
{ authId: 502, nonce: <Buffer 16 3b 5e 7b eb 85 8d e6> }
received session key response encrypted with distribution key
replyNonce in sessionKeyResp: <Buffer 0e be d4 24 7a e4 b1 a8>
auth nonce verified
handleSessionKeyResp: session key request succeeded! authFailureCount: 0
received 1 keys
Session key id is as expected
server ret: [object Object]
chosen nonce: <Buffer e4 34 e1 33 a5 a3 d1 79>
switching to HANDSHAKE_2_SENT
received session key handshake3!
{ replyNonce: <Buffer e4 34 e1 33 a5 a3 d1 79> }
client authenticated/authorized by solving nonce!
switching to IN_COMM
Handler: secure connection with the client established.
{ id: 10,
  remoteAddress: '::ffff:10.0.1.67:45002',
  status: 'open' }
disconnected from auth
received secure communication!
Received seqNum: 0
data received from server via secure communication
Handler: socketID: 10 data: data1
toSend: { data: <Buffer 64 61 74 61 31>, id: 10 }
specified socketID: 10
Unidentified client disconnected
Handler: secure connection with the client closed.
socket #10 closed
