changing working directory to: /home/hokeunkim/Development/iotauth/entity/node/example_entities
loading from config file: /home/hokeunkim/Development/iotauth_experiments/experiments/ccs2017/expOptions/expEntity.option
Experimental options for autoClient: { autoSendPeriod: 60000,
  useSameSessionKeyCount: 1,
  connectionTimeout: 50000,
  migrationEnabled: false,
  authFailureThreshold: 2,
  migrationFailureThreshold: 2 }
loading from config file: /home/hokeunkim/Development/iotauth/entity/node/example_entities/configs/Clients/c513.config
initializing...
current parameters: { numKeysPerRequest: 3,
  migrationEnabled: false,
  authFailureThreshold: 3,
  migrationFailureThreshold: 3 }
current parameters: { numKeysPerRequest: 1,
  migrationEnabled: false,
  authFailureThreshold: 3,
  migrationFailureThreshold: 3 }
current parameters: { numKeysPerRequest: 1,
  migrationEnabled: false,
  authFailureThreshold: 3,
  migrationFailureThreshold: 3 }
current parameters: { numKeysPerRequest: 1,
  migrationEnabled: false,
  authFailureThreshold: 2,
  migrationFailureThreshold: 3 }
current parameters: { numKeysPerRequest: 1,
  migrationEnabled: false,
  authFailureThreshold: 2,
  migrationFailureThreshold: 2 }
current entityInfo: { name: 'c513',
  group: 'Clients',
  distProtocol: 'TCP',
  usePermanentDistKey: false,
  connectionTimeout: 50000,
  privateKey: <Buffer 2d 2d 2d 2d 2d 42 45 47 49 4e 20 52 53 41 20 50 52 49 56 41 54 45 20 4b 45 59 2d 2d 2d 2d 2d 0a 4d 49 49 45 6f 51 49 42 41 41 4b 43 41 51 45 41 6e 2f ... > }
Distribution protocol: TCP
Resp-actual/expected/ratio/ts: 0 1 0 1521648405996
connected to auth! from local port 60788
received auth hello!
{ authId: 502, nonce: <Buffer 43 23 1d 90 38 d8 39 ea> }
received session key response with distribution key attached!
auth signature verified
replyNonce in sessionKeyResp: <Buffer 9b a0 d3 bb b2 d9 4b fc>
auth nonce verified
updating distribution key: { cipherKeyVal: <Buffer a4 a9 36 a6 8d ca 44 a7 01 1a fa 55 97 23 d9 78>,
  macKeyVal: <Buffer 86 20 64 a5 65 6c 47 d0 97 5f b3 a9 0a 71 1f 09 bd aa 00 20 40 0e c9 6d 45 df 1c 5c 32 47 c1 d6>,
  absValidity: 2018-03-21T17:06:46.204Z }
received 1 keys
currentSessionKey: [object Object]
Session protocol: TCP
chosen commSessionKey: 
{ id: 50201845,
  cipherKeyVal: <Buffer 00 24 b0 44 b5 17 0c 5e 18 1c 9b 76 34 cd 6b 3a>,
  macKeyVal: <Buffer dd 85 c5 9c f4 d8 a7 6e 01 ea 72 1c 49 ca be ff 57 56 fb 20 bd b2 eb d9 37 49 b5 24 3b 2b a8 62>,
  absValidity: 2018-03-22T16:06:46.204Z,
  relValidity: 7200000 }
options
{ serverHost: '10.0.1.33',
  serverPort: 22100,
  sessionKey: 
   { id: 50201845,
     cipherKeyVal: <Buffer 00 24 b0 44 b5 17 0c 5e 18 1c 9b 76 34 cd 6b 3a>,
     macKeyVal: <Buffer dd 85 c5 9c f4 d8 a7 6e 01 ea 72 1c 49 ca be ff 57 56 fb 20 bd b2 eb d9 37 49 b5 24 3b 2b a8 62>,
     absValidity: 2018-03-22T16:06:46.204Z,
     relValidity: 7200000 },
  sessionCryptoSpec: { cipher: 'AES-128-CBC', mac: 'SHA256' },
  sessionProtocol: 'TCP',
  handshakeTimeout: 50000 }
disconnected from auth
chosen nonce: <Buffer a8 6d 76 73 a6 ac b9 89>
switching to HANDSHAKE_1_SENT
received session key handshake2!
client ret: [object Object]
server authenticated/authorized by solving nonce!
Handler: communication initialization succeeded
file data length: 1024
sending at Wed Mar 21 2018 16:06:46 GMT+0000 (UTC)
switching to IN_COMM
received secure communication message!
Received seqNum: 0
Handler: data received from server via secure communication
data1
Resp-actual/expected/ratio/ts: 1 1 1 1521648407338
Distribution protocol: TCP
Resp-actual/expected/ratio/ts: 1 2 0.5 1521648466054
connected to auth! from local port 32828
received auth hello!
{ authId: 502, nonce: <Buffer 6c 7a f0 be c3 26 37 eb> }
received session key response encrypted with distribution key
replyNonce in sessionKeyResp: <Buffer 44 42 7c 1d ad d0 9a 3b>
auth nonce verified
received 1 keys
currentSessionKey: [object Object]
Status: Secure connection closed before starting a new connection.
Session protocol: TCP
chosen commSessionKey: 
{ id: 50201852,
  cipherKeyVal: <Buffer c3 92 5a 69 fc 7c cb d6 05 6b 4a bb 4a ad 17 10>,
  macKeyVal: <Buffer ad 2b 39 30 46 8c 2b b0 bd 15 dc 6d 54 38 95 0a a9 dd 8f 64 73 2b 86 56 2d 49 19 57 2d ca 70 0a>,
  absValidity: 2018-03-22T16:07:46.231Z,
  relValidity: 7200000 }
options
{ serverHost: '10.0.1.33',
  serverPort: 22100,
  sessionKey: 
   { id: 50201852,
     cipherKeyVal: <Buffer c3 92 5a 69 fc 7c cb d6 05 6b 4a bb 4a ad 17 10>,
     macKeyVal: <Buffer ad 2b 39 30 46 8c 2b b0 bd 15 dc 6d 54 38 95 0a a9 dd 8f 64 73 2b 86 56 2d 49 19 57 2d ca 70 0a>,
     absValidity: 2018-03-22T16:07:46.231Z,
     relValidity: 7200000 },
  sessionCryptoSpec: { cipher: 'AES-128-CBC', mac: 'SHA256' },
  sessionProtocol: 'TCP',
  handshakeTimeout: 50000 }
chosen nonce: <Buffer e1 2a 6c 04 e3 84 2b 0b>
switching to HANDSHAKE_1_SENT
disconnected from auth
Handler: secure connection with the server closed.
received session key handshake2!
client ret: [object Object]
server authenticated/authorized by solving nonce!
Handler: communication initialization succeeded
file data length: 1024
sending at Wed Mar 21 2018 16:07:46 GMT+0000 (UTC)
switching to IN_COMM
received secure communication message!
Received seqNum: 0
Handler: data received from server via secure communication
data1
Resp-actual/expected/ratio/ts: 2 2 1 1521648467254
Distribution protocol: TCP
Resp-actual/expected/ratio/ts: 2 3 0.6666666666666666 1521648526109
connected to auth! from local port 33098
received auth hello!
{ authId: 502, nonce: <Buffer c5 d2 a4 86 34 cf 1e b6> }
received session key response encrypted with distribution key
replyNonce in sessionKeyResp: <Buffer f0 eb 9a 90 04 11 85 d1>
auth nonce verified
received 1 keys
currentSessionKey: [object Object]
Status: Secure connection closed before starting a new connection.
Session protocol: TCP
chosen commSessionKey: 
{ id: 50201859,
  cipherKeyVal: <Buffer 62 4b 03 1f e0 e5 9c 89 8d ee 23 f4 72 e9 2b 3b>,
  macKeyVal: <Buffer 6c 48 00 51 af be f7 26 bd 3a fa 2f 19 11 5e da 49 4f 4f aa 89 5c 21 52 18 57 b9 14 b8 14 e1 11>,
  absValidity: 2018-03-22T16:08:46.287Z,
  relValidity: 7200000 }
options
{ serverHost: '10.0.1.33',
  serverPort: 22100,
  sessionKey: 
   { id: 50201859,
     cipherKeyVal: <Buffer 62 4b 03 1f e0 e5 9c 89 8d ee 23 f4 72 e9 2b 3b>,
     macKeyVal: <Buffer 6c 48 00 51 af be f7 26 bd 3a fa 2f 19 11 5e da 49 4f 4f aa 89 5c 21 52 18 57 b9 14 b8 14 e1 11>,
     absValidity: 2018-03-22T16:08:46.287Z,
     relValidity: 7200000 },
  sessionCryptoSpec: { cipher: 'AES-128-CBC', mac: 'SHA256' },
  sessionProtocol: 'TCP',
  handshakeTimeout: 50000 }
chosen nonce: <Buffer 45 e9 3d 3e 94 d6 b8 63>
switching to HANDSHAKE_1_SENT
disconnected from auth
Handler: secure connection with the server closed.
received session key handshake2!
client ret: [object Object]
server authenticated/authorized by solving nonce!
Handler: communication initialization succeeded
file data length: 1024
sending at Wed Mar 21 2018 16:08:46 GMT+0000 (UTC)
switching to IN_COMM
received secure communication message!
Received seqNum: 0
Handler: data received from server via secure communication
data1
Resp-actual/expected/ratio/ts: 3 3 1 1521648527214
Distribution protocol: TCP
Resp-actual/expected/ratio/ts: 3 4 0.75 1521648586168
connected to auth! from local port 33368
received auth hello!
{ authId: 502, nonce: <Buffer 6c 81 be 0a df c0 1e 63> }
received session key response encrypted with distribution key
replyNonce in sessionKeyResp: <Buffer 86 ae 97 26 3e 53 f1 8e>
auth nonce verified
received 1 keys
currentSessionKey: [object Object]
Status: Secure connection closed before starting a new connection.
Session protocol: TCP
chosen commSessionKey: 
{ id: 50201866,
  cipherKeyVal: <Buffer bf 04 35 c4 b8 16 15 33 38 0d f6 33 2c 2e 94 08>,
  macKeyVal: <Buffer 4b 33 6b d6 11 44 b5 1a 6a f8 ac 4d b7 fa 79 26 c8 6c 11 60 db e0 48 44 93 6a df 91 68 1e 8e 6c>,
  absValidity: 2018-03-22T16:09:46.366Z,
  relValidity: 7200000 }
options
{ serverHost: '10.0.1.33',
  serverPort: 22100,
  sessionKey: 
   { id: 50201866,
     cipherKeyVal: <Buffer bf 04 35 c4 b8 16 15 33 38 0d f6 33 2c 2e 94 08>,
     macKeyVal: <Buffer 4b 33 6b d6 11 44 b5 1a 6a f8 ac 4d b7 fa 79 26 c8 6c 11 60 db e0 48 44 93 6a df 91 68 1e 8e 6c>,
     absValidity: 2018-03-22T16:09:46.366Z,
     relValidity: 7200000 },
  sessionCryptoSpec: { cipher: 'AES-128-CBC', mac: 'SHA256' },
  sessionProtocol: 'TCP',
  handshakeTimeout: 50000 }
chosen nonce: <Buffer 92 82 e5 1f d4 b1 6a 46>
switching to HANDSHAKE_1_SENT
disconnected from auth
Handler: secure connection with the server closed.
received session key handshake2!
client ret: [object Object]
server authenticated/authorized by solving nonce!
Handler: communication initialization succeeded
file data length: 1024
sending at Wed Mar 21 2018 16:09:47 GMT+0000 (UTC)
switching to IN_COMM
received secure communication message!
Received seqNum: 0
Handler: data received from server via secure communication
data1
Resp-actual/expected/ratio/ts: 4 4 1 1521648587355
Distribution protocol: TCP
Resp-actual/expected/ratio/ts: 4 5 0.8 1521648646228
connected to auth! from local port 33638
received auth hello!
{ authId: 502, nonce: <Buffer 86 51 a6 bf 91 2e 59 b5> }
received session key response encrypted with distribution key
replyNonce in sessionKeyResp: <Buffer 1f 9e da ec 26 d6 cc b9>
auth nonce verified
received 1 keys
currentSessionKey: [object Object]
Status: Secure connection closed before starting a new connection.
Session protocol: TCP
chosen commSessionKey: 
{ id: 50201873,
  cipherKeyVal: <Buffer b9 07 59 43 6a 3e 8d d5 a2 01 20 50 8f 69 61 ed>,
  macKeyVal: <Buffer 83 6b d9 f0 60 ba 56 31 fa 4d 16 4e 72 35 9a 68 1a 17 fb 9a 3e 6d ac e2 e8 92 a1 6a 35 17 29 72>,
  absValidity: 2018-03-22T16:10:46.453Z,
  relValidity: 7200000 }
options
{ serverHost: '10.0.1.33',
  serverPort: 22100,
  sessionKey: 
   { id: 50201873,
     cipherKeyVal: <Buffer b9 07 59 43 6a 3e 8d d5 a2 01 20 50 8f 69 61 ed>,
     macKeyVal: <Buffer 83 6b d9 f0 60 ba 56 31 fa 4d 16 4e 72 35 9a 68 1a 17 fb 9a 3e 6d ac e2 e8 92 a1 6a 35 17 29 72>,
     absValidity: 2018-03-22T16:10:46.453Z,
     relValidity: 7200000 },
  sessionCryptoSpec: { cipher: 'AES-128-CBC', mac: 'SHA256' },
  sessionProtocol: 'TCP',
  handshakeTimeout: 50000 }
chosen nonce: <Buffer 03 fb c8 3f ae 5b 42 b4>
switching to HANDSHAKE_1_SENT
disconnected from auth
Handler: secure connection with the server closed.
received session key handshake2!
client ret: [object Object]
server authenticated/authorized by solving nonce!
Handler: communication initialization succeeded
file data length: 1024
sending at Wed Mar 21 2018 16:10:47 GMT+0000 (UTC)
switching to IN_COMM
received secure communication message!
Received seqNum: 0
Handler: data received from server via secure communication
data1
Resp-actual/expected/ratio/ts: 5 5 1 1521648647458
Distribution protocol: TCP
Resp-actual/expected/ratio/ts: 5 6 0.8333333333333334 1521648706285
connected to auth! from local port 33908
received auth hello!
{ authId: 502, nonce: <Buffer 7f be 56 69 96 1c f2 eb> }
received session key response encrypted with distribution key
replyNonce in sessionKeyResp: <Buffer dc cd dd be aa 36 36 2d>
auth nonce verified
received 1 keys
currentSessionKey: [object Object]
Status: Secure connection closed before starting a new connection.
Session protocol: TCP
chosen commSessionKey: 
{ id: 50201880,
  cipherKeyVal: <Buffer a8 9d 1e 05 32 e7 9f 0d 30 8a 2e 86 0d d5 78 fe>,
  macKeyVal: <Buffer 0f 11 6c 6d 74 6b 7a 57 05 dd 08 94 9f d1 30 f8 0f a2 6d 37 19 d2 4a e4 e6 df e9 f1 02 67 7f 55>,
  absValidity: 2018-03-22T16:11:46.436Z,
  relValidity: 7200000 }
options
{ serverHost: '10.0.1.33',
  serverPort: 22100,
  sessionKey: 
   { id: 50201880,
     cipherKeyVal: <Buffer a8 9d 1e 05 32 e7 9f 0d 30 8a 2e 86 0d d5 78 fe>,
     macKeyVal: <Buffer 0f 11 6c 6d 74 6b 7a 57 05 dd 08 94 9f d1 30 f8 0f a2 6d 37 19 d2 4a e4 e6 df e9 f1 02 67 7f 55>,
     absValidity: 2018-03-22T16:11:46.436Z,
     relValidity: 7200000 },
  sessionCryptoSpec: { cipher: 'AES-128-CBC', mac: 'SHA256' },
  sessionProtocol: 'TCP',
  handshakeTimeout: 50000 }
chosen nonce: <Buffer 15 56 13 6d 8f 58 c3 24>
switching to HANDSHAKE_1_SENT
disconnected from auth
Handler: secure connection with the server closed.
received session key handshake2!
client ret: [object Object]
server authenticated/authorized by solving nonce!
Handler: communication initialization succeeded
file data length: 1024
sending at Wed Mar 21 2018 16:11:47 GMT+0000 (UTC)
switching to IN_COMM
received secure communication message!
Received seqNum: 0
Handler: data received from server via secure communication
data1
Resp-actual/expected/ratio/ts: 6 6 1 1521648707418
Distribution protocol: TCP
Resp-actual/expected/ratio/ts: 6 7 0.8571428571428571 1521648766340
connected to auth! from local port 34178
received auth hello!
{ authId: 502, nonce: <Buffer 97 ad e4 65 12 d1 7b 6c> }
received session key response encrypted with distribution key
replyNonce in sessionKeyResp: <Buffer b9 35 18 4a fe 1f d2 d0>
auth nonce verified
received 1 keys
currentSessionKey: [object Object]
Status: Secure connection closed before starting a new connection.
Session protocol: TCP
chosen commSessionKey: 
{ id: 50201887,
  cipherKeyVal: <Buffer 67 db 2a 66 80 dd b7 52 af a0 a7 b9 9b 85 f5 92>,
  macKeyVal: <Buffer 96 80 b3 21 f0 01 a0 99 c0 3b 0b 54 42 88 ba c7 45 28 b2 01 76 96 1c b0 0b ba 4d 7c 5a 9f 7b 93>,
  absValidity: 2018-03-22T16:12:46.516Z,
  relValidity: 7200000 }
options
{ serverHost: '10.0.1.33',
  serverPort: 22100,
  sessionKey: 
   { id: 50201887,
     cipherKeyVal: <Buffer 67 db 2a 66 80 dd b7 52 af a0 a7 b9 9b 85 f5 92>,
     macKeyVal: <Buffer 96 80 b3 21 f0 01 a0 99 c0 3b 0b 54 42 88 ba c7 45 28 b2 01 76 96 1c b0 0b ba 4d 7c 5a 9f 7b 93>,
     absValidity: 2018-03-22T16:12:46.516Z,
     relValidity: 7200000 },
  sessionCryptoSpec: { cipher: 'AES-128-CBC', mac: 'SHA256' },
  sessionProtocol: 'TCP',
  handshakeTimeout: 50000 }
disconnected from auth
chosen nonce: <Buffer 64 b0 46 9a a5 6c 13 86>
switching to HANDSHAKE_1_SENT
Handler: secure connection with the server closed.
received session key handshake2!
client ret: [object Object]
server authenticated/authorized by solving nonce!
Handler: communication initialization succeeded
file data length: 1024
sending at Wed Mar 21 2018 16:12:47 GMT+0000 (UTC)
switching to IN_COMM
received secure communication message!
Received seqNum: 0
Handler: data received from server via secure communication
data1
Resp-actual/expected/ratio/ts: 7 7 1 1521648767452
Distribution protocol: TCP
Resp-actual/expected/ratio/ts: 7 8 0.875 1521648826388
connected to auth! from local port 34424
received auth hello!
{ authId: 502, nonce: <Buffer 62 b9 91 9e e2 70 f1 cd> }
received session key response encrypted with distribution key
replyNonce in sessionKeyResp: <Buffer 7a 25 0a e3 c5 c3 47 cb>
auth nonce verified
received 1 keys
currentSessionKey: [object Object]
Status: Secure connection closed before starting a new connection.
Session protocol: TCP
chosen commSessionKey: 
{ id: 50201894,
  cipherKeyVal: <Buffer ff 80 d6 7c ca 18 71 e0 3b 8d d0 fc b1 ea de f2>,
  macKeyVal: <Buffer 41 7d 88 4f 0a 13 59 36 76 bd e0 55 09 5d af aa be d6 c2 b1 c2 fc 60 d8 00 4f 6c 2b 23 66 b9 05>,
  absValidity: 2018-03-22T16:13:46.502Z,
  relValidity: 7200000 }
options
{ serverHost: '10.0.1.33',
  serverPort: 22100,
  sessionKey: 
   { id: 50201894,
     cipherKeyVal: <Buffer ff 80 d6 7c ca 18 71 e0 3b 8d d0 fc b1 ea de f2>,
     macKeyVal: <Buffer 41 7d 88 4f 0a 13 59 36 76 bd e0 55 09 5d af aa be d6 c2 b1 c2 fc 60 d8 00 4f 6c 2b 23 66 b9 05>,
     absValidity: 2018-03-22T16:13:46.502Z,
     relValidity: 7200000 },
  sessionCryptoSpec: { cipher: 'AES-128-CBC', mac: 'SHA256' },
  sessionProtocol: 'TCP',
  handshakeTimeout: 50000 }
chosen nonce: <Buffer 40 51 2f b5 e6 22 ec 19>
switching to HANDSHAKE_1_SENT
disconnected from auth
Handler: secure connection with the server closed.
received session key handshake2!
client ret: [object Object]
server authenticated/authorized by solving nonce!
Handler: communication initialization succeeded
file data length: 1024
sending at Wed Mar 21 2018 16:13:47 GMT+0000 (UTC)
switching to IN_COMM
received secure communication message!
Received seqNum: 0
Handler: data received from server via secure communication
data1
Resp-actual/expected/ratio/ts: 8 8 1 1521648827322
Distribution protocol: TCP
Resp-actual/expected/ratio/ts: 8 9 0.8888888888888888 1521648886445
connected to auth! from local port 34670
received auth hello!
{ authId: 502, nonce: <Buffer c3 94 66 e3 ab 3d 87 86> }
received session key response encrypted with distribution key
replyNonce in sessionKeyResp: <Buffer 1d 11 2e 0c 70 31 7f 6b>
auth nonce verified
received 1 keys
currentSessionKey: [object Object]
Status: Secure connection closed before starting a new connection.
Session protocol: TCP
chosen commSessionKey: 
{ id: 50201901,
  cipherKeyVal: <Buffer bd 4d ef a8 a2 63 d6 b3 a5 ec aa 9d f0 84 c9 0c>,
  macKeyVal: <Buffer 71 70 12 be 3c 8d 36 a0 52 31 e7 9b a5 da 86 92 6a aa b0 9a 38 9b d3 c9 f6 3f 50 86 df e2 68 ba>,
  absValidity: 2018-03-22T16:14:46.578Z,
  relValidity: 7200000 }
options
{ serverHost: '10.0.1.33',
  serverPort: 22100,
  sessionKey: 
   { id: 50201901,
     cipherKeyVal: <Buffer bd 4d ef a8 a2 63 d6 b3 a5 ec aa 9d f0 84 c9 0c>,
     macKeyVal: <Buffer 71 70 12 be 3c 8d 36 a0 52 31 e7 9b a5 da 86 92 6a aa b0 9a 38 9b d3 c9 f6 3f 50 86 df e2 68 ba>,
     absValidity: 2018-03-22T16:14:46.578Z,
     relValidity: 7200000 },
  sessionCryptoSpec: { cipher: 'AES-128-CBC', mac: 'SHA256' },
  sessionProtocol: 'TCP',
  handshakeTimeout: 50000 }
chosen nonce: <Buffer b2 a8 7d 55 41 f2 f2 7f>
switching to HANDSHAKE_1_SENT
disconnected from auth
Handler: secure connection with the server closed.
received session key handshake2!
client ret: [object Object]
server authenticated/authorized by solving nonce!
Handler: communication initialization succeeded
file data length: 1024
sending at Wed Mar 21 2018 16:14:47 GMT+0000 (UTC)
switching to IN_COMM
received secure communication message!
Received seqNum: 0
Handler: data received from server via secure communication
data1
Resp-actual/expected/ratio/ts: 9 9 1 1521648887451
Distribution protocol: TCP
Resp-actual/expected/ratio/ts: 9 10 0.9 1521648946484
connected to auth! from local port 34916
received auth hello!
{ authId: 502, nonce: <Buffer c5 ed 44 32 37 86 7f 30> }
received session key response encrypted with distribution key
replyNonce in sessionKeyResp: <Buffer 03 33 b1 6b bc 91 d3 b2>
auth nonce verified
received 1 keys
currentSessionKey: [object Object]
Status: Secure connection closed before starting a new connection.
Session protocol: TCP
chosen commSessionKey: 
{ id: 50201908,
  cipherKeyVal: <Buffer d8 3e 07 b7 1f 3f 5e 99 4d 03 3b 0f f6 c3 3e 39>,
  macKeyVal: <Buffer d4 93 ae f2 da 92 ca 3c 5c 83 67 83 d9 79 f1 58 f5 11 52 2e 5d 10 92 a9 cd 20 98 bd ab 6e f7 c8>,
  absValidity: 2018-03-22T16:15:46.649Z,
  relValidity: 7200000 }
options
{ serverHost: '10.0.1.33',
  serverPort: 22100,
  sessionKey: 
   { id: 50201908,
     cipherKeyVal: <Buffer d8 3e 07 b7 1f 3f 5e 99 4d 03 3b 0f f6 c3 3e 39>,
     macKeyVal: <Buffer d4 93 ae f2 da 92 ca 3c 5c 83 67 83 d9 79 f1 58 f5 11 52 2e 5d 10 92 a9 cd 20 98 bd ab 6e f7 c8>,
     absValidity: 2018-03-22T16:15:46.649Z,
     relValidity: 7200000 },
  sessionCryptoSpec: { cipher: 'AES-128-CBC', mac: 'SHA256' },
  sessionProtocol: 'TCP',
  handshakeTimeout: 50000 }
chosen nonce: <Buffer 9b 89 6d e5 09 06 74 b4>
switching to HANDSHAKE_1_SENT
disconnected from auth
Handler: secure connection with the server closed.
received session key handshake2!
client ret: [object Object]
server authenticated/authorized by solving nonce!
Handler: communication initialization succeeded
file data length: 1024
sending at Wed Mar 21 2018 16:15:47 GMT+0000 (UTC)
switching to IN_COMM
received secure communication message!
Received seqNum: 0
Handler: data received from server via secure communication
data1
Resp-actual/expected/ratio/ts: 10 10 1 1521648947637
Distribution protocol: TCP
Resp-actual/expected/ratio/ts: 10 11 0.9090909090909091 1521649006544
connected to auth! from local port 35162
received auth hello!
{ authId: 502, nonce: <Buffer 04 6b ab 6d 22 e0 17 3c> }
received session key response encrypted with distribution key
replyNonce in sessionKeyResp: <Buffer e4 f0 dc 09 83 2e 7e 20>
auth nonce verified
received 1 keys
currentSessionKey: [object Object]
Status: Secure connection closed before starting a new connection.
Session protocol: TCP
chosen commSessionKey: 
{ id: 50201915,
  cipherKeyVal: <Buffer 27 04 31 9f d8 d7 75 6c 44 a6 74 43 88 3c cd 7d>,
  macKeyVal: <Buffer 6f de a3 cd 1c 44 b2 70 16 e8 50 35 3c 9f bd 22 84 f9 ae 55 8c 5e ba bc 98 b9 15 af a9 d5 55 f2>,
  absValidity: 2018-03-22T16:16:46.749Z,
  relValidity: 7200000 }
options
{ serverHost: '10.0.1.33',
  serverPort: 22100,
  sessionKey: 
   { id: 50201915,
     cipherKeyVal: <Buffer 27 04 31 9f d8 d7 75 6c 44 a6 74 43 88 3c cd 7d>,
     macKeyVal: <Buffer 6f de a3 cd 1c 44 b2 70 16 e8 50 35 3c 9f bd 22 84 f9 ae 55 8c 5e ba bc 98 b9 15 af a9 d5 55 f2>,
     absValidity: 2018-03-22T16:16:46.749Z,
     relValidity: 7200000 },
  sessionCryptoSpec: { cipher: 'AES-128-CBC', mac: 'SHA256' },
  sessionProtocol: 'TCP',
  handshakeTimeout: 50000 }
chosen nonce: <Buffer 73 68 62 c0 f4 73 ec 4d>
switching to HANDSHAKE_1_SENT
disconnected from auth
Handler: secure connection with the server closed.
received session key handshake2!
client ret: [object Object]
server authenticated/authorized by solving nonce!
Handler: communication initialization succeeded
file data length: 1024
sending at Wed Mar 21 2018 16:16:47 GMT+0000 (UTC)
switching to IN_COMM
received secure communication message!
Received seqNum: 0
Handler: data received from server via secure communication
data1
Resp-actual/expected/ratio/ts: 11 11 1 1521649007652
Distribution protocol: TCP
Resp-actual/expected/ratio/ts: 11 12 0.9166666666666666 1521649066601
connected to auth! from local port 35408
received auth hello!
{ authId: 502, nonce: <Buffer 3b d7 11 a6 a5 18 df c6> }
received session key response encrypted with distribution key
replyNonce in sessionKeyResp: <Buffer 0c 9b b7 8e 70 96 46 54>
auth nonce verified
received 1 keys
currentSessionKey: [object Object]
Status: Secure connection closed before starting a new connection.
Session protocol: TCP
chosen commSessionKey: 
{ id: 50201922,
  cipherKeyVal: <Buffer 39 21 7a ab 86 74 c0 ed 24 6d 05 78 94 36 96 e7>,
  macKeyVal: <Buffer 61 08 9a 26 18 0f 3f ad 00 39 f6 fb 80 10 94 91 51 33 25 53 02 8b 9d 48 1b a2 a2 25 d1 f2 30 d3>,
  absValidity: 2018-03-22T16:17:46.834Z,
  relValidity: 7200000 }
options
{ serverHost: '10.0.1.33',
  serverPort: 22100,
  sessionKey: 
   { id: 50201922,
     cipherKeyVal: <Buffer 39 21 7a ab 86 74 c0 ed 24 6d 05 78 94 36 96 e7>,
     macKeyVal: <Buffer 61 08 9a 26 18 0f 3f ad 00 39 f6 fb 80 10 94 91 51 33 25 53 02 8b 9d 48 1b a2 a2 25 d1 f2 30 d3>,
     absValidity: 2018-03-22T16:17:46.834Z,
     relValidity: 7200000 },
  sessionCryptoSpec: { cipher: 'AES-128-CBC', mac: 'SHA256' },
  sessionProtocol: 'TCP',
  handshakeTimeout: 50000 }
chosen nonce: <Buffer 35 0e a8 2a 90 b4 a3 1a>
switching to HANDSHAKE_1_SENT
disconnected from auth
Handler: secure connection with the server closed.
received session key handshake2!
client ret: [object Object]
server authenticated/authorized by solving nonce!
Handler: communication initialization succeeded
file data length: 1024
sending at Wed Mar 21 2018 16:17:47 GMT+0000 (UTC)
switching to IN_COMM
received secure communication message!
Received seqNum: 0
Handler: data received from server via secure communication
data1
Resp-actual/expected/ratio/ts: 12 12 1 1521649067713
Distribution protocol: TCP
Resp-actual/expected/ratio/ts: 12 13 0.9230769230769231 1521649126606
connected to auth! from local port 35654
received auth hello!
{ authId: 502, nonce: <Buffer bb e7 07 23 ff 7e b5 16> }
received session key response encrypted with distribution key
replyNonce in sessionKeyResp: <Buffer e1 5a 90 b2 3f 0a 5a ea>
auth nonce verified
received 1 keys
currentSessionKey: [object Object]
Status: Secure connection closed before starting a new connection.
Session protocol: TCP
chosen commSessionKey: 
{ id: 50201929,
  cipherKeyVal: <Buffer 6b ae f6 d6 d6 6a d3 63 75 3c 44 06 9c a9 21 c3>,
  macKeyVal: <Buffer de 54 4c b6 d3 81 3f cd 04 c7 82 1a 1b 3c b3 5d cb 72 6f 6a a9 43 8e 15 fd 42 63 7c 20 81 4c 20>,
  absValidity: 2018-03-22T16:18:46.799Z,
  relValidity: 7200000 }
options
{ serverHost: '10.0.1.33',
  serverPort: 22100,
  sessionKey: 
   { id: 50201929,
     cipherKeyVal: <Buffer 6b ae f6 d6 d6 6a d3 63 75 3c 44 06 9c a9 21 c3>,
     macKeyVal: <Buffer de 54 4c b6 d3 81 3f cd 04 c7 82 1a 1b 3c b3 5d cb 72 6f 6a a9 43 8e 15 fd 42 63 7c 20 81 4c 20>,
     absValidity: 2018-03-22T16:18:46.799Z,
     relValidity: 7200000 },
  sessionCryptoSpec: { cipher: 'AES-128-CBC', mac: 'SHA256' },
  sessionProtocol: 'TCP',
  handshakeTimeout: 50000 }
chosen nonce: <Buffer b1 10 99 a7 fe 75 9a b3>
switching to HANDSHAKE_1_SENT
disconnected from auth
Handler: secure connection with the server closed.
received session key handshake2!
client ret: [object Object]
server authenticated/authorized by solving nonce!
Handler: communication initialization succeeded
file data length: 1024
sending at Wed Mar 21 2018 16:18:47 GMT+0000 (UTC)
switching to IN_COMM
received secure communication message!
Received seqNum: 0
Handler: data received from server via secure communication
data1
Resp-actual/expected/ratio/ts: 13 13 1 1521649127625
Distribution protocol: TCP
Resp-actual/expected/ratio/ts: 13 14 0.9285714285714286 1521649186611
connected to auth! from local port 35900
received auth hello!
{ authId: 502, nonce: <Buffer 68 a4 5e 3d f9 c6 52 64> }
received session key response encrypted with distribution key
replyNonce in sessionKeyResp: <Buffer 56 19 1a 92 11 c2 91 1a>
auth nonce verified
received 1 keys
currentSessionKey: [object Object]
Status: Secure connection closed before starting a new connection.
Session protocol: TCP
chosen commSessionKey: 
{ id: 50201936,
  cipherKeyVal: <Buffer b8 86 fe 83 75 22 6a 4c 4e a9 3d d0 a9 39 b9 88>,
  macKeyVal: <Buffer 82 c2 f1 42 24 28 33 fe b0 c7 10 93 60 15 d8 94 60 5f 88 cf a7 25 e2 81 b0 d1 89 7a 32 98 af 29>,
  absValidity: 2018-03-22T16:19:46.865Z,
  relValidity: 7200000 }
options
{ serverHost: '10.0.1.33',
  serverPort: 22100,
  sessionKey: 
   { id: 50201936,
     cipherKeyVal: <Buffer b8 86 fe 83 75 22 6a 4c 4e a9 3d d0 a9 39 b9 88>,
     macKeyVal: <Buffer 82 c2 f1 42 24 28 33 fe b0 c7 10 93 60 15 d8 94 60 5f 88 cf a7 25 e2 81 b0 d1 89 7a 32 98 af 29>,
     absValidity: 2018-03-22T16:19:46.865Z,
     relValidity: 7200000 },
  sessionCryptoSpec: { cipher: 'AES-128-CBC', mac: 'SHA256' },
  sessionProtocol: 'TCP',
  handshakeTimeout: 50000 }
chosen nonce: <Buffer 1b e9 90 ea 5e ce d9 78>
switching to HANDSHAKE_1_SENT
disconnected from auth
Handler: secure connection with the server closed.
received session key handshake2!
client ret: [object Object]
server authenticated/authorized by solving nonce!
Handler: communication initialization succeeded
file data length: 1024
sending at Wed Mar 21 2018 16:19:47 GMT+0000 (UTC)
switching to IN_COMM
received secure communication message!
Received seqNum: 0
Handler: data received from server via secure communication
data1
Resp-actual/expected/ratio/ts: 14 14 1 1521649187638
Distribution protocol: TCP
Resp-actual/expected/ratio/ts: 14 15 0.9333333333333333 1521649246622
connected to auth! from local port 36144
received auth hello!
{ authId: 502, nonce: <Buffer 38 f7 9f 55 15 f2 0e e4> }
received session key response encrypted with distribution key
replyNonce in sessionKeyResp: <Buffer 7e 96 12 0a d0 55 51 e7>
auth nonce verified
received 1 keys
currentSessionKey: [object Object]
Status: Secure connection closed before starting a new connection.
Session protocol: TCP
chosen commSessionKey: 
{ id: 50201943,
  cipherKeyVal: <Buffer a3 89 89 a7 69 ad 08 84 01 6c 07 c1 3d d7 8e ad>,
  macKeyVal: <Buffer 16 5c 63 82 d5 10 af 43 0c 49 0b df fc cf 08 89 04 dc 79 0a a0 1e f6 97 e5 68 29 68 ad f8 63 23>,
  absValidity: 2018-03-22T16:20:46.881Z,
  relValidity: 7200000 }
options
{ serverHost: '10.0.1.33',
  serverPort: 22100,
  sessionKey: 
   { id: 50201943,
     cipherKeyVal: <Buffer a3 89 89 a7 69 ad 08 84 01 6c 07 c1 3d d7 8e ad>,
     macKeyVal: <Buffer 16 5c 63 82 d5 10 af 43 0c 49 0b df fc cf 08 89 04 dc 79 0a a0 1e f6 97 e5 68 29 68 ad f8 63 23>,
     absValidity: 2018-03-22T16:20:46.881Z,
     relValidity: 7200000 },
  sessionCryptoSpec: { cipher: 'AES-128-CBC', mac: 'SHA256' },
  sessionProtocol: 'TCP',
  handshakeTimeout: 50000 }
chosen nonce: <Buffer e4 ba 59 9f 47 27 a7 5b>
switching to HANDSHAKE_1_SENT
disconnected from auth
Handler: secure connection with the server closed.
received session key handshake2!
client ret: [object Object]
server authenticated/authorized by solving nonce!
Handler: communication initialization succeeded
file data length: 1024
sending at Wed Mar 21 2018 16:20:47 GMT+0000 (UTC)
switching to IN_COMM
received secure communication message!
Received seqNum: 0
Handler: data received from server via secure communication
data1
Resp-actual/expected/ratio/ts: 15 15 1 1521649247743
Distribution protocol: TCP
Resp-actual/expected/ratio/ts: 15 16 0.9375 1521649306682
connected to auth! from local port 36392
received auth hello!
{ authId: 502, nonce: <Buffer 47 c8 ac de a5 ad 5e c6> }
received session key response encrypted with distribution key
replyNonce in sessionKeyResp: <Buffer 8b 1d dc 27 f5 12 7c 31>
auth nonce verified
received 1 keys
currentSessionKey: [object Object]
Status: Secure connection closed before starting a new connection.
Session protocol: TCP
chosen commSessionKey: 
{ id: 50201950,
  cipherKeyVal: <Buffer 08 6b 96 77 a6 9f 7d 11 77 f6 09 35 e0 48 e7 de>,
  macKeyVal: <Buffer 25 ef 4e 37 ea ac 59 1d 84 05 23 18 62 f3 63 49 3b 92 c5 bb 78 60 2d 0d af b5 c3 15 18 a7 e1 80>,
  absValidity: 2018-03-22T16:21:46.888Z,
  relValidity: 7200000 }
options
{ serverHost: '10.0.1.33',
  serverPort: 22100,
  sessionKey: 
   { id: 50201950,
     cipherKeyVal: <Buffer 08 6b 96 77 a6 9f 7d 11 77 f6 09 35 e0 48 e7 de>,
     macKeyVal: <Buffer 25 ef 4e 37 ea ac 59 1d 84 05 23 18 62 f3 63 49 3b 92 c5 bb 78 60 2d 0d af b5 c3 15 18 a7 e1 80>,
     absValidity: 2018-03-22T16:21:46.888Z,
     relValidity: 7200000 },
  sessionCryptoSpec: { cipher: 'AES-128-CBC', mac: 'SHA256' },
  sessionProtocol: 'TCP',
  handshakeTimeout: 50000 }
chosen nonce: <Buffer 85 5b e0 82 84 02 da 0c>
switching to HANDSHAKE_1_SENT
disconnected from auth
Handler: secure connection with the server closed.
received session key handshake2!
client ret: [object Object]
server authenticated/authorized by solving nonce!
Handler: communication initialization succeeded
file data length: 1024
sending at Wed Mar 21 2018 16:21:47 GMT+0000 (UTC)
switching to IN_COMM
received secure communication message!
Received seqNum: 0
Handler: data received from server via secure communication
data1
Resp-actual/expected/ratio/ts: 16 16 1 1521649307825
Distribution protocol: TCP
Resp-actual/expected/ratio/ts: 16 17 0.9411764705882353 1521649366737
connected to auth! from local port 36638
received auth hello!
{ authId: 502, nonce: <Buffer 8a 05 08 c0 34 0b 60 6b> }
received session key response encrypted with distribution key
replyNonce in sessionKeyResp: <Buffer c2 9f ba 66 67 f1 8f 4e>
auth nonce verified
received 1 keys
currentSessionKey: [object Object]
Status: Secure connection closed before starting a new connection.
Session protocol: TCP
chosen commSessionKey: 
{ id: 50201957,
  cipherKeyVal: <Buffer 8b 8b 7d 9e 52 92 88 66 e0 0d a5 1d 9d 17 d9 fd>,
  macKeyVal: <Buffer b3 86 56 61 c7 af ff d2 9d df 8a 72 12 41 88 b0 6e 62 3d ea dd 8b 7a f8 b4 0c 12 f1 98 d4 c5 1d>,
  absValidity: 2018-03-22T16:22:46.934Z,
  relValidity: 7200000 }
options
{ serverHost: '10.0.1.33',
  serverPort: 22100,
  sessionKey: 
   { id: 50201957,
     cipherKeyVal: <Buffer 8b 8b 7d 9e 52 92 88 66 e0 0d a5 1d 9d 17 d9 fd>,
     macKeyVal: <Buffer b3 86 56 61 c7 af ff d2 9d df 8a 72 12 41 88 b0 6e 62 3d ea dd 8b 7a f8 b4 0c 12 f1 98 d4 c5 1d>,
     absValidity: 2018-03-22T16:22:46.934Z,
     relValidity: 7200000 },
  sessionCryptoSpec: { cipher: 'AES-128-CBC', mac: 'SHA256' },
  sessionProtocol: 'TCP',
  handshakeTimeout: 50000 }
chosen nonce: <Buffer 5f ed 90 55 ee 21 d4 ec>
switching to HANDSHAKE_1_SENT
disconnected from auth
Handler: secure connection with the server closed.
received session key handshake2!
client ret: [object Object]
server authenticated/authorized by solving nonce!
Handler: communication initialization succeeded
file data length: 1024
sending at Wed Mar 21 2018 16:22:47 GMT+0000 (UTC)
switching to IN_COMM
received secure communication message!
Received seqNum: 0
Handler: data received from server via secure communication
data1
Resp-actual/expected/ratio/ts: 17 17 1 1521649367835
Distribution protocol: TCP
Resp-actual/expected/ratio/ts: 17 18 0.9444444444444444 1521649426747
connected to auth! from local port 36882
received auth hello!
{ authId: 502, nonce: <Buffer 8e 8a 21 0c 49 32 34 04> }
received session key response encrypted with distribution key
replyNonce in sessionKeyResp: <Buffer cd a6 98 e6 02 34 23 ce>
auth nonce verified
received 1 keys
currentSessionKey: [object Object]
Status: Secure connection closed before starting a new connection.
Session protocol: TCP
chosen commSessionKey: 
{ id: 50201964,
  cipherKeyVal: <Buffer f1 0f 6f d4 07 16 7a 7f e8 8e 98 08 f8 e2 89 ef>,
  macKeyVal: <Buffer e4 f3 e2 7f bc 3a dd 9d d6 cd 99 e1 51 fb 60 9f e3 89 fa b1 9e 25 6d fb f8 0e 30 d8 39 e1 58 89>,
  absValidity: 2018-03-22T16:23:46.976Z,
  relValidity: 7200000 }
options
{ serverHost: '10.0.1.33',
  serverPort: 22100,
  sessionKey: 
   { id: 50201964,
     cipherKeyVal: <Buffer f1 0f 6f d4 07 16 7a 7f e8 8e 98 08 f8 e2 89 ef>,
     macKeyVal: <Buffer e4 f3 e2 7f bc 3a dd 9d d6 cd 99 e1 51 fb 60 9f e3 89 fa b1 9e 25 6d fb f8 0e 30 d8 39 e1 58 89>,
     absValidity: 2018-03-22T16:23:46.976Z,
     relValidity: 7200000 },
  sessionCryptoSpec: { cipher: 'AES-128-CBC', mac: 'SHA256' },
  sessionProtocol: 'TCP',
  handshakeTimeout: 50000 }
chosen nonce: <Buffer dc 4f 6d 6c 85 71 cf d8>
switching to HANDSHAKE_1_SENT
disconnected from auth
Handler: secure connection with the server closed.
received session key handshake2!
client ret: [object Object]
server authenticated/authorized by solving nonce!
Handler: communication initialization succeeded
file data length: 1024
sending at Wed Mar 21 2018 16:23:47 GMT+0000 (UTC)
switching to IN_COMM
received secure communication message!
Received seqNum: 0
Handler: data received from server via secure communication
data1
Resp-actual/expected/ratio/ts: 18 18 1 1521649427832
Distribution protocol: TCP
Resp-actual/expected/ratio/ts: 18 19 0.9473684210526315 1521649486759
connected to auth! from local port 37128
received auth hello!
{ authId: 502, nonce: <Buffer 6b 96 21 73 e2 41 c3 61> }
received session key response encrypted with distribution key
replyNonce in sessionKeyResp: <Buffer 28 de 2b b1 cd 75 16 ac>
auth nonce verified
received 1 keys
currentSessionKey: [object Object]
Status: Secure connection closed before starting a new connection.
Session protocol: TCP
chosen commSessionKey: 
{ id: 50201971,
  cipherKeyVal: <Buffer b0 2b 49 c9 5d 41 2e 1a 6b fc 86 e2 c4 de 09 d8>,
  macKeyVal: <Buffer b9 7c 2f 0b 23 c9 ae ba e2 9c 7c 93 91 b7 f7 0f 5d fa e2 63 be 22 0d 16 17 05 70 9b 29 08 2b 25>,
  absValidity: 2018-03-22T16:24:46.970Z,
  relValidity: 7200000 }
options
{ serverHost: '10.0.1.33',
  serverPort: 22100,
  sessionKey: 
   { id: 50201971,
     cipherKeyVal: <Buffer b0 2b 49 c9 5d 41 2e 1a 6b fc 86 e2 c4 de 09 d8>,
     macKeyVal: <Buffer b9 7c 2f 0b 23 c9 ae ba e2 9c 7c 93 91 b7 f7 0f 5d fa e2 63 be 22 0d 16 17 05 70 9b 29 08 2b 25>,
     absValidity: 2018-03-22T16:24:46.970Z,
     relValidity: 7200000 },
  sessionCryptoSpec: { cipher: 'AES-128-CBC', mac: 'SHA256' },
  sessionProtocol: 'TCP',
  handshakeTimeout: 50000 }
chosen nonce: <Buffer 82 6c 6c aa 25 d8 cd 56>
switching to HANDSHAKE_1_SENT
disconnected from auth
Handler: secure connection with the server closed.
received session key handshake2!
client ret: [object Object]
server authenticated/authorized by solving nonce!
Handler: communication initialization succeeded
file data length: 1024
sending at Wed Mar 21 2018 16:24:47 GMT+0000 (UTC)
switching to IN_COMM
received secure communication message!
Received seqNum: 0
Handler: data received from server via secure communication
data1
Resp-actual/expected/ratio/ts: 19 19 1 1521649487942
Distribution protocol: TCP
Resp-actual/expected/ratio/ts: 19 20 0.95 1521649546819
connected to auth! from local port 37374
received auth hello!
{ authId: 502, nonce: <Buffer 70 5e 18 ab 61 ef c2 b3> }
received session key response encrypted with distribution key
replyNonce in sessionKeyResp: <Buffer 04 a3 c2 7b 3c 8a 90 ff>
auth nonce verified
received 1 keys
currentSessionKey: [object Object]
Status: Secure connection closed before starting a new connection.
Session protocol: TCP
chosen commSessionKey: 
{ id: 50201978,
  cipherKeyVal: <Buffer 65 a6 ca a2 f5 79 94 d7 c3 2f ba 9c dd f9 89 38>,
  macKeyVal: <Buffer 26 ef f7 6e 30 4d f1 17 18 5a a2 f9 7a 9d ce df 0a 78 65 3d fc 82 17 87 7e 83 3c 9e 63 7f 63 26>,
  absValidity: 2018-03-22T16:25:47.047Z,
  relValidity: 7200000 }
options
{ serverHost: '10.0.1.33',
  serverPort: 22100,
  sessionKey: 
   { id: 50201978,
     cipherKeyVal: <Buffer 65 a6 ca a2 f5 79 94 d7 c3 2f ba 9c dd f9 89 38>,
     macKeyVal: <Buffer 26 ef f7 6e 30 4d f1 17 18 5a a2 f9 7a 9d ce df 0a 78 65 3d fc 82 17 87 7e 83 3c 9e 63 7f 63 26>,
     absValidity: 2018-03-22T16:25:47.047Z,
     relValidity: 7200000 },
  sessionCryptoSpec: { cipher: 'AES-128-CBC', mac: 'SHA256' },
  sessionProtocol: 'TCP',
  handshakeTimeout: 50000 }
chosen nonce: <Buffer 02 cb af b4 ec 26 6d 50>
switching to HANDSHAKE_1_SENT
disconnected from auth
Handler: secure connection with the server closed.
received session key handshake2!
client ret: [object Object]
server authenticated/authorized by solving nonce!
Handler: communication initialization succeeded
file data length: 1024
sending at Wed Mar 21 2018 16:25:47 GMT+0000 (UTC)
switching to IN_COMM
received secure communication message!
Received seqNum: 0
Handler: data received from server via secure communication
data1
Resp-actual/expected/ratio/ts: 20 20 1 1521649547981
Distribution protocol: TCP
Resp-actual/expected/ratio/ts: 20 21 0.9523809523809523 1521649606878
connected to auth! from local port 37622
received auth hello!
{ authId: 502, nonce: <Buffer ab 6c 07 4b f0 21 4a f0> }
received session key response encrypted with distribution key
replyNonce in sessionKeyResp: <Buffer 79 73 d8 d7 ac 88 34 e9>
auth nonce verified
received 1 keys
currentSessionKey: [object Object]
Status: Secure connection closed before starting a new connection.
Session protocol: TCP
chosen commSessionKey: 
{ id: 50201985,
  cipherKeyVal: <Buffer e2 49 c1 e4 23 ac d5 10 be 0b 03 a6 e5 d7 1d fd>,
  macKeyVal: <Buffer 19 ee 03 49 59 96 40 a2 cc de ce c0 9f fc f9 07 bc 3c f1 bb 9d e5 33 be dd 04 56 bc 22 3e 6a ce>,
  absValidity: 2018-03-22T16:26:47.052Z,
  relValidity: 7200000 }
options
{ serverHost: '10.0.1.33',
  serverPort: 22100,
  sessionKey: 
   { id: 50201985,
     cipherKeyVal: <Buffer e2 49 c1 e4 23 ac d5 10 be 0b 03 a6 e5 d7 1d fd>,
     macKeyVal: <Buffer 19 ee 03 49 59 96 40 a2 cc de ce c0 9f fc f9 07 bc 3c f1 bb 9d e5 33 be dd 04 56 bc 22 3e 6a ce>,
     absValidity: 2018-03-22T16:26:47.052Z,
     relValidity: 7200000 },
  sessionCryptoSpec: { cipher: 'AES-128-CBC', mac: 'SHA256' },
  sessionProtocol: 'TCP',
  handshakeTimeout: 50000 }
chosen nonce: <Buffer af 28 7e 03 27 3c 28 04>
switching to HANDSHAKE_1_SENT
disconnected from auth
Handler: secure connection with the server closed.
received session key handshake2!
client ret: [object Object]
server authenticated/authorized by solving nonce!
Handler: communication initialization succeeded
file data length: 1024
sending at Wed Mar 21 2018 16:26:47 GMT+0000 (UTC)
switching to IN_COMM
received secure communication message!
Received seqNum: 0
Handler: data received from server via secure communication
data1
Resp-actual/expected/ratio/ts: 21 21 1 1521649608014
Distribution protocol: TCP
Resp-actual/expected/ratio/ts: 21 22 0.9545454545454546 1521649666892
connected to auth! from local port 37866
received auth hello!
{ authId: 502, nonce: <Buffer 01 92 57 45 19 13 65 ad> }
received session key response encrypted with distribution key
replyNonce in sessionKeyResp: <Buffer dd e8 76 ac ba 95 29 e2>
auth nonce verified
received 1 keys
currentSessionKey: [object Object]
Status: Secure connection closed before starting a new connection.
Session protocol: TCP
chosen commSessionKey: 
{ id: 50201992,
  cipherKeyVal: <Buffer c7 29 b5 ad 2f d3 70 3a f4 a0 2e 02 3b c5 75 4a>,
  macKeyVal: <Buffer 35 3a 6e 7b 59 a4 a0 8e ce 40 c2 3b 54 f9 2c fa 86 0a dd 5c 8c 5f fb 6a ab bc ce 77 e4 16 de c3>,
  absValidity: 2018-03-22T16:27:47.112Z,
  relValidity: 7200000 }
options
{ serverHost: '10.0.1.33',
  serverPort: 22100,
  sessionKey: 
   { id: 50201992,
     cipherKeyVal: <Buffer c7 29 b5 ad 2f d3 70 3a f4 a0 2e 02 3b c5 75 4a>,
     macKeyVal: <Buffer 35 3a 6e 7b 59 a4 a0 8e ce 40 c2 3b 54 f9 2c fa 86 0a dd 5c 8c 5f fb 6a ab bc ce 77 e4 16 de c3>,
     absValidity: 2018-03-22T16:27:47.112Z,
     relValidity: 7200000 },
  sessionCryptoSpec: { cipher: 'AES-128-CBC', mac: 'SHA256' },
  sessionProtocol: 'TCP',
  handshakeTimeout: 50000 }
chosen nonce: <Buffer cb 5c 33 a4 cb d5 b4 ff>
switching to HANDSHAKE_1_SENT
disconnected from auth
Handler: secure connection with the server closed.
received session key handshake2!
client ret: [object Object]
server authenticated/authorized by solving nonce!
Handler: communication initialization succeeded
file data length: 1024
sending at Wed Mar 21 2018 16:27:47 GMT+0000 (UTC)
switching to IN_COMM
received secure communication message!
Received seqNum: 0
Handler: data received from server via secure communication
data1
Resp-actual/expected/ratio/ts: 22 22 1 1521649667981
Distribution protocol: TCP
Resp-actual/expected/ratio/ts: 22 23 0.9565217391304348 1521649726951
connected to auth! from local port 38112
received auth hello!
{ authId: 502, nonce: <Buffer fc 91 bf 03 0f be e5 95> }
received session key response encrypted with distribution key
replyNonce in sessionKeyResp: <Buffer 73 6f 7a 25 6e 4e 69 f0>
auth nonce verified
received 1 keys
currentSessionKey: [object Object]
Status: Secure connection closed before starting a new connection.
Session protocol: TCP
chosen commSessionKey: 
{ id: 50201999,
  cipherKeyVal: <Buffer 92 5d 36 48 d5 12 d5 43 07 4a f2 ac 44 10 59 d6>,
  macKeyVal: <Buffer bd a5 d6 0e d3 19 49 a9 4d 62 38 74 21 fe a4 0d bd b0 c2 9a ce 15 3c 3a 4d ce 16 2a 5b 91 e7 99>,
  absValidity: 2018-03-22T16:28:47.154Z,
  relValidity: 7200000 }
options
{ serverHost: '10.0.1.33',
  serverPort: 22100,
  sessionKey: 
   { id: 50201999,
     cipherKeyVal: <Buffer 92 5d 36 48 d5 12 d5 43 07 4a f2 ac 44 10 59 d6>,
     macKeyVal: <Buffer bd a5 d6 0e d3 19 49 a9 4d 62 38 74 21 fe a4 0d bd b0 c2 9a ce 15 3c 3a 4d ce 16 2a 5b 91 e7 99>,
     absValidity: 2018-03-22T16:28:47.154Z,
     relValidity: 7200000 },
  sessionCryptoSpec: { cipher: 'AES-128-CBC', mac: 'SHA256' },
  sessionProtocol: 'TCP',
  handshakeTimeout: 50000 }
chosen nonce: <Buffer bc 5f 69 2f f0 71 eb 20>
switching to HANDSHAKE_1_SENT
disconnected from auth
Handler: secure connection with the server closed.
received session key handshake2!
client ret: [object Object]
server authenticated/authorized by solving nonce!
Handler: communication initialization succeeded
file data length: 1024
sending at Wed Mar 21 2018 16:28:47 GMT+0000 (UTC)
switching to IN_COMM
received secure communication message!
Received seqNum: 0
Handler: data received from server via secure communication
data1
Resp-actual/expected/ratio/ts: 23 23 1 1521649728157
Distribution protocol: TCP
Resp-actual/expected/ratio/ts: 23 24 0.9583333333333334 1521649787010
connected to auth! from local port 38360
received auth hello!
{ authId: 502, nonce: <Buffer 4e 87 5e 43 b5 0f 07 6d> }
received session key response encrypted with distribution key
replyNonce in sessionKeyResp: <Buffer 5b 16 b0 f1 42 50 a7 d2>
auth nonce verified
received 1 keys
currentSessionKey: [object Object]
Status: Secure connection closed before starting a new connection.
Session protocol: TCP
chosen commSessionKey: 
{ id: 50202006,
  cipherKeyVal: <Buffer fe 1d 7b c3 11 e2 40 bf 50 d3 dd df b7 5a 78 63>,
  macKeyVal: <Buffer 83 14 47 90 6f 9d b9 f7 d9 f9 81 5d ab 78 c9 c1 d1 0c 6d 7b d0 be 90 f8 65 0b f5 ca da 24 5b 43>,
  absValidity: 2018-03-22T16:29:47.226Z,
  relValidity: 7200000 }
options
{ serverHost: '10.0.1.33',
  serverPort: 22100,
  sessionKey: 
   { id: 50202006,
     cipherKeyVal: <Buffer fe 1d 7b c3 11 e2 40 bf 50 d3 dd df b7 5a 78 63>,
     macKeyVal: <Buffer 83 14 47 90 6f 9d b9 f7 d9 f9 81 5d ab 78 c9 c1 d1 0c 6d 7b d0 be 90 f8 65 0b f5 ca da 24 5b 43>,
     absValidity: 2018-03-22T16:29:47.226Z,
     relValidity: 7200000 },
  sessionCryptoSpec: { cipher: 'AES-128-CBC', mac: 'SHA256' },
  sessionProtocol: 'TCP',
  handshakeTimeout: 50000 }
chosen nonce: <Buffer 32 08 b4 ec a2 e2 a9 d5>
switching to HANDSHAKE_1_SENT
disconnected from auth
Handler: secure connection with the server closed.
received session key handshake2!
client ret: [object Object]
server authenticated/authorized by solving nonce!
Handler: communication initialization succeeded
file data length: 1024
sending at Wed Mar 21 2018 16:29:47 GMT+0000 (UTC)
switching to IN_COMM
received secure communication message!
Received seqNum: 0
Handler: data received from server via secure communication
data1
Resp-actual/expected/ratio/ts: 24 24 1 1521649788140
Distribution protocol: TCP
Resp-actual/expected/ratio/ts: 24 25 0.96 1521649847059
connected to auth! from local port 38604
received auth hello!
{ authId: 502, nonce: <Buffer 81 2a f8 9a b1 9c 82 e9> }
received session key response encrypted with distribution key
replyNonce in sessionKeyResp: <Buffer 42 e3 59 c3 83 d8 18 89>
auth nonce verified
received 1 keys
currentSessionKey: [object Object]
Status: Secure connection closed before starting a new connection.
Session protocol: TCP
chosen commSessionKey: 
{ id: 50202013,
  cipherKeyVal: <Buffer 00 50 cd 04 90 b1 c9 14 69 42 8c ee e5 7d 3d b1>,
  macKeyVal: <Buffer 05 2d d1 ac f8 a2 0b f4 a4 a1 0a 97 e2 3c 93 2f f4 cc 0f f8 7a 58 d2 3a 63 51 7c e6 84 bc b0 fb>,
  absValidity: 2018-03-22T16:30:47.271Z,
  relValidity: 7200000 }
options
{ serverHost: '10.0.1.33',
  serverPort: 22100,
  sessionKey: 
   { id: 50202013,
     cipherKeyVal: <Buffer 00 50 cd 04 90 b1 c9 14 69 42 8c ee e5 7d 3d b1>,
     macKeyVal: <Buffer 05 2d d1 ac f8 a2 0b f4 a4 a1 0a 97 e2 3c 93 2f f4 cc 0f f8 7a 58 d2 3a 63 51 7c e6 84 bc b0 fb>,
     absValidity: 2018-03-22T16:30:47.271Z,
     relValidity: 7200000 },
  sessionCryptoSpec: { cipher: 'AES-128-CBC', mac: 'SHA256' },
  sessionProtocol: 'TCP',
  handshakeTimeout: 50000 }
chosen nonce: <Buffer 84 d1 91 53 2d 91 6c 40>
switching to HANDSHAKE_1_SENT
disconnected from auth
Handler: secure connection with the server closed.
received session key handshake2!
client ret: [object Object]
server authenticated/authorized by solving nonce!
Handler: communication initialization succeeded
file data length: 1024
sending at Wed Mar 21 2018 16:30:47 GMT+0000 (UTC)
switching to IN_COMM
received secure communication message!
Received seqNum: 0
Handler: data received from server via secure communication
data1
Resp-actual/expected/ratio/ts: 25 25 1 1521649848268
Distribution protocol: TCP
Resp-actual/expected/ratio/ts: 25 26 0.9615384615384616 1521649907118
connected to auth! from local port 38852
received auth hello!
{ authId: 502, nonce: <Buffer b1 fa 43 24 3a 8b 53 3f> }
received session key response encrypted with distribution key
replyNonce in sessionKeyResp: <Buffer e4 b0 b9 c0 f1 ef 36 ab>
auth nonce verified
received 1 keys
currentSessionKey: [object Object]
Status: Secure connection closed before starting a new connection.
Session protocol: TCP
chosen commSessionKey: 
{ id: 50202020,
  cipherKeyVal: <Buffer 12 65 fd 18 99 77 8d 7b 7b 4c e6 d0 ee a3 34 f4>,
  macKeyVal: <Buffer e9 4a 5c 77 e6 c1 71 08 92 dd f2 bb 20 48 9d f5 14 c6 dd 38 32 ce 03 09 14 4c 5c 44 3d 6c 56 59>,
  absValidity: 2018-03-22T16:31:47.310Z,
  relValidity: 7200000 }
options
{ serverHost: '10.0.1.33',
  serverPort: 22100,
  sessionKey: 
   { id: 50202020,
     cipherKeyVal: <Buffer 12 65 fd 18 99 77 8d 7b 7b 4c e6 d0 ee a3 34 f4>,
     macKeyVal: <Buffer e9 4a 5c 77 e6 c1 71 08 92 dd f2 bb 20 48 9d f5 14 c6 dd 38 32 ce 03 09 14 4c 5c 44 3d 6c 56 59>,
     absValidity: 2018-03-22T16:31:47.310Z,
     relValidity: 7200000 },
  sessionCryptoSpec: { cipher: 'AES-128-CBC', mac: 'SHA256' },
  sessionProtocol: 'TCP',
  handshakeTimeout: 50000 }
chosen nonce: <Buffer 9a 07 f7 b0 a3 5e 60 e3>
switching to HANDSHAKE_1_SENT
disconnected from auth
Handler: secure connection with the server closed.
received session key handshake2!
client ret: [object Object]
server authenticated/authorized by solving nonce!
Handler: communication initialization succeeded
file data length: 1024
sending at Wed Mar 21 2018 16:31:47 GMT+0000 (UTC)
switching to IN_COMM
received secure communication message!
Received seqNum: 0
Handler: data received from server via secure communication
data1
Resp-actual/expected/ratio/ts: 26 26 1 1521649908168
Distribution protocol: TCP
Resp-actual/expected/ratio/ts: 26 27 0.9629629629629629 1521649967154
connected to auth! from local port 39096
received auth hello!
{ authId: 502, nonce: <Buffer 19 f0 ff c7 4e 7b 7c 92> }
received session key response encrypted with distribution key
replyNonce in sessionKeyResp: <Buffer 04 e8 e1 01 49 16 f8 42>
auth nonce verified
received 1 keys
currentSessionKey: [object Object]
Status: Secure connection closed before starting a new connection.
Session protocol: TCP
chosen commSessionKey: 
{ id: 50202027,
  cipherKeyVal: <Buffer 1b ee 8c bd eb 2b c9 39 60 d0 a8 aa 11 42 c7 1a>,
  macKeyVal: <Buffer 1e 16 68 a4 e0 fa 43 f9 3c 32 af 80 af 71 71 79 a3 8e a3 f2 38 5e 27 f5 db 69 79 46 11 9d 05 0a>,
  absValidity: 2018-03-22T16:32:47.292Z,
  relValidity: 7200000 }
options
{ serverHost: '10.0.1.33',
  serverPort: 22100,
  sessionKey: 
   { id: 50202027,
     cipherKeyVal: <Buffer 1b ee 8c bd eb 2b c9 39 60 d0 a8 aa 11 42 c7 1a>,
     macKeyVal: <Buffer 1e 16 68 a4 e0 fa 43 f9 3c 32 af 80 af 71 71 79 a3 8e a3 f2 38 5e 27 f5 db 69 79 46 11 9d 05 0a>,
     absValidity: 2018-03-22T16:32:47.292Z,
     relValidity: 7200000 },
  sessionCryptoSpec: { cipher: 'AES-128-CBC', mac: 'SHA256' },
  sessionProtocol: 'TCP',
  handshakeTimeout: 50000 }
chosen nonce: <Buffer ec 0c 04 f9 86 0a e6 cd>
switching to HANDSHAKE_1_SENT
disconnected from auth
Handler: secure connection with the server closed.
received session key handshake2!
client ret: [object Object]
server authenticated/authorized by solving nonce!
Handler: communication initialization succeeded
file data length: 1024
sending at Wed Mar 21 2018 16:32:48 GMT+0000 (UTC)
switching to IN_COMM
received secure communication message!
Received seqNum: 0
Handler: data received from server via secure communication
data1
Resp-actual/expected/ratio/ts: 27 27 1 1521649968361
