changing working directory to: /home/hokeunkim/Development/iotauth/entity/node/example_entities
loading from config file: /home/hokeunkim/Development/iotauth_experiments/experiments/ccs2017/expOptions/expEntity.option
Experimental options for echoServer: { autoSendPeriod: 60000,
  useSameSessionKeyCount: 1,
  connectionTimeout: 50000,
  migrationEnabled: true,
  authFailureThreshold: 2,
  migrationFailureThreshold: 2 }
loading from config file: /home/hokeunkim/Development/iotauth/entity/node/example_entities/configs/Servers/s508.config
initializing secure comm server...
Session protocol: TCP
current parameters: { migrationEnabled: true,
  authFailureThreshold: 3,
  migrationFailureThreshold: 3 }
current parameters: { migrationEnabled: true,
  authFailureThreshold: 2,
  migrationFailureThreshold: 3 }
current parameters: { migrationEnabled: true,
  authFailureThreshold: 2,
  migrationFailureThreshold: 2 }
current entityInfo: { name: 's508',
  group: 'Servers',
  distProtocol: 'TCP',
  usePermanentDistKey: false,
  connectionTimeout: 50000,
  privateKey: <Buffer 2d 2d 2d 2d 2d 42 45 47 49 4e 20 52 53 41 20 50 52 49 56 41 54 45 20 4b 45 59 2d 2d 2d 2d 2d 0a 4d 49 49 45 6f 77 49 42 41 41 4b 43 41 51 45 41 77 33 ... > }
Handler: listening on port 22100
s508:Servers prompt>
Unidentified client connected
received session key handshake1
switching to HANDSHAKE_1_RECEIVED state.
session key id: 50200999
session key NOT found! sending session key id to AuthService
Distribution protocol: TCP
connected to auth! from local port 44680
received auth hello!
{ authId: 502, nonce: <Buffer 2e 5e 3e 51 c9 d2 a9 4f> }
received session key response with distribution key attached!
auth signature verified
replyNonce in sessionKeyResp: <Buffer 63 b4 22 df 2e 23 6e 78>
auth nonce verified
handleSessionKeyResp: session key request succeeded! authFailureCount: 0
updating distribution key: { cipherKeyVal: <Buffer 1d 32 64 88 8a 04 df 81 66 29 33 ca f2 95 34 96>,
  macKeyVal: <Buffer 4a c2 16 e3 e0 a7 5a 36 ca d6 18 9e 75 42 5e 43 ec ab 3d 0e 12 b4 33 4a 61 c8 62 f4 1c 98 c4 c9>,
  absValidity: 2018-03-20T22:30:39.933Z }
received 1 keys
Session key id is as expected
server ret: [object Object]
chosen nonce: <Buffer 2f 70 f9 72 7f 13 4b 5f>
switching to HANDSHAKE_2_SENT
received session key handshake3!
{ replyNonce: <Buffer 2f 70 f9 72 7f 13 4b 5f> }
client authenticated/authorized by solving nonce!
switching to IN_COMM
Handler: secure connection with the client established.
{ id: 0,
  remoteAddress: '::ffff:10.0.1.72:60232',
  status: 'open' }
disconnected from auth
received secure communication!
Received seqNum: 0
data received from server via secure communication
Handler: socketID: 0 data: data1
toSend: { data: <Buffer 64 61 74 61 31>, id: 0 }
specified socketID: 0
Unidentified client disconnected
Handler: secure connection with the client closed.
socket #0 closed
Unidentified client connected
received session key handshake1
switching to HANDSHAKE_1_RECEIVED state.
session key id: 50201006
session key NOT found! sending session key id to AuthService
Distribution protocol: TCP
connected to auth! from local port 44950
received auth hello!
{ authId: 502, nonce: <Buffer 7d 07 74 c5 1a 49 12 d0> }
received session key response encrypted with distribution key
replyNonce in sessionKeyResp: <Buffer 3a 2c ba fe e4 ce 25 0d>
auth nonce verified
handleSessionKeyResp: session key request succeeded! authFailureCount: 0
received 1 keys
Session key id is as expected
server ret: [object Object]
chosen nonce: <Buffer d1 b4 ef b5 22 d3 f6 92>
switching to HANDSHAKE_2_SENT
disconnected from auth
received session key handshake3!
{ replyNonce: <Buffer d1 b4 ef b5 22 d3 f6 92> }
client authenticated/authorized by solving nonce!
switching to IN_COMM
Handler: secure connection with the client established.
{ id: 1,
  remoteAddress: '::ffff:10.0.1.72:60502',
  status: 'open' }
received secure communication!
Received seqNum: 0
data received from server via secure communication
Handler: socketID: 1 data: data1
toSend: { data: <Buffer 64 61 74 61 31>, id: 1 }
specified socketID: 1
Unidentified client disconnected
Handler: secure connection with the client closed.
socket #1 closed
Unidentified client connected
received session key handshake1
switching to HANDSHAKE_1_RECEIVED state.
session key id: 50201013
session key NOT found! sending session key id to AuthService
Distribution protocol: TCP
connected to auth! from local port 45220
received auth hello!
{ authId: 502, nonce: <Buffer 72 d7 8d b6 5f 09 0d f4> }
received session key response encrypted with distribution key
replyNonce in sessionKeyResp: <Buffer 96 0d b7 70 f0 26 0f ef>
auth nonce verified
handleSessionKeyResp: session key request succeeded! authFailureCount: 0
received 1 keys
Session key id is as expected
server ret: [object Object]
chosen nonce: <Buffer 2f d1 68 b5 89 cf 9e fd>
switching to HANDSHAKE_2_SENT
disconnected from auth
received session key handshake3!
{ replyNonce: <Buffer 2f d1 68 b5 89 cf 9e fd> }
client authenticated/authorized by solving nonce!
switching to IN_COMM
Handler: secure connection with the client established.
{ id: 2,
  remoteAddress: '::ffff:10.0.1.72:60772',
  status: 'open' }
received secure communication!
Received seqNum: 0
data received from server via secure communication
Handler: socketID: 2 data: data1
toSend: { data: <Buffer 64 61 74 61 31>, id: 2 }
specified socketID: 2
Unidentified client disconnected
Handler: secure connection with the client closed.
socket #2 closed
Unidentified client connected
received session key handshake1
switching to HANDSHAKE_1_RECEIVED state.
session key id: 50201020
session key NOT found! sending session key id to AuthService
Distribution protocol: TCP
connected to auth! from local port 45490
received auth hello!
{ authId: 502, nonce: <Buffer a4 d7 f6 7d 09 59 aa e6> }
received session key response encrypted with distribution key
replyNonce in sessionKeyResp: <Buffer 05 0c 0e c4 9c da c5 69>
auth nonce verified
handleSessionKeyResp: session key request succeeded! authFailureCount: 0
received 1 keys
Session key id is as expected
server ret: [object Object]
chosen nonce: <Buffer d5 5f 93 65 a1 30 f8 9b>
switching to HANDSHAKE_2_SENT
disconnected from auth
received session key handshake3!
{ replyNonce: <Buffer d5 5f 93 65 a1 30 f8 9b> }
client authenticated/authorized by solving nonce!
switching to IN_COMM
Handler: secure connection with the client established.
{ id: 3,
  remoteAddress: '::ffff:10.0.1.72:32810',
  status: 'open' }
received secure communication!
Received seqNum: 0
data received from server via secure communication
Handler: socketID: 3 data: data1
toSend: { data: <Buffer 64 61 74 61 31>, id: 3 }
specified socketID: 3
Unidentified client disconnected
Handler: secure connection with the client closed.
socket #3 closed
Unidentified client connected
received session key handshake1
switching to HANDSHAKE_1_RECEIVED state.
session key id: 50201027
session key NOT found! sending session key id to AuthService
Distribution protocol: TCP
connected to auth! from local port 45760
received auth hello!
{ authId: 502, nonce: <Buffer a2 92 13 aa 4b b9 24 c0> }
received session key response encrypted with distribution key
replyNonce in sessionKeyResp: <Buffer 3d 5b a0 8f 45 87 cb 0a>
auth nonce verified
handleSessionKeyResp: session key request succeeded! authFailureCount: 0
received 1 keys
Session key id is as expected
server ret: [object Object]
chosen nonce: <Buffer d2 d6 20 fe 22 94 d1 4f>
switching to HANDSHAKE_2_SENT
disconnected from auth
received session key handshake3!
{ replyNonce: <Buffer d2 d6 20 fe 22 94 d1 4f> }
client authenticated/authorized by solving nonce!
switching to IN_COMM
Handler: secure connection with the client established.
{ id: 4,
  remoteAddress: '::ffff:10.0.1.72:33080',
  status: 'open' }
received secure communication!
Received seqNum: 0
data received from server via secure communication
Handler: socketID: 4 data: data1
toSend: { data: <Buffer 64 61 74 61 31>, id: 4 }
specified socketID: 4
Unidentified client disconnected
Handler: secure connection with the client closed.
socket #4 closed
Unidentified client connected
received session key handshake1
switching to HANDSHAKE_1_RECEIVED state.
session key id: 50201034
session key NOT found! sending session key id to AuthService
Distribution protocol: TCP
connected to auth! from local port 46030
received auth hello!
{ authId: 502, nonce: <Buffer 87 05 d6 82 24 72 d8 aa> }
received session key response encrypted with distribution key
replyNonce in sessionKeyResp: <Buffer 05 b8 7b 3d d3 fa 43 a1>
auth nonce verified
handleSessionKeyResp: session key request succeeded! authFailureCount: 0
received 1 keys
Session key id is as expected
server ret: [object Object]
chosen nonce: <Buffer 3c 82 81 14 b3 b8 a3 e3>
switching to HANDSHAKE_2_SENT
disconnected from auth
received session key handshake3!
{ replyNonce: <Buffer 3c 82 81 14 b3 b8 a3 e3> }
client authenticated/authorized by solving nonce!
switching to IN_COMM
Handler: secure connection with the client established.
{ id: 5,
  remoteAddress: '::ffff:10.0.1.72:33350',
  status: 'open' }
received secure communication!
Received seqNum: 0
data received from server via secure communication
Handler: socketID: 5 data: data1
toSend: { data: <Buffer 64 61 74 61 31>, id: 5 }
specified socketID: 5
Unidentified client disconnected
Handler: secure connection with the client closed.
socket #5 closed
Unidentified client connected
received session key handshake1
switching to HANDSHAKE_1_RECEIVED state.
session key id: 50201041
session key NOT found! sending session key id to AuthService
Distribution protocol: TCP
connected to auth! from local port 46300
received auth hello!
{ authId: 502, nonce: <Buffer 87 93 33 0e 0d 6a 75 29> }
received session key response encrypted with distribution key
replyNonce in sessionKeyResp: <Buffer 78 31 02 85 ba d2 c4 9c>
auth nonce verified
handleSessionKeyResp: session key request succeeded! authFailureCount: 0
received 1 keys
Session key id is as expected
server ret: [object Object]
chosen nonce: <Buffer d6 27 42 a6 a4 e2 37 74>
switching to HANDSHAKE_2_SENT
disconnected from auth
received session key handshake3!
{ replyNonce: <Buffer d6 27 42 a6 a4 e2 37 74> }
client authenticated/authorized by solving nonce!
switching to IN_COMM
Handler: secure connection with the client established.
{ id: 6,
  remoteAddress: '::ffff:10.0.1.72:33620',
  status: 'open' }
received secure communication!
Received seqNum: 0
data received from server via secure communication
Handler: socketID: 6 data: data1
toSend: { data: <Buffer 64 61 74 61 31>, id: 6 }
specified socketID: 6
Unidentified client disconnected
Handler: secure connection with the client closed.
socket #6 closed
Unidentified client connected
received session key handshake1
switching to HANDSHAKE_1_RECEIVED state.
session key id: 50201048
session key NOT found! sending session key id to AuthService
Distribution protocol: TCP
connected to auth! from local port 46486
received auth hello!
{ authId: 502, nonce: <Buffer 6e b0 81 3d 7e 05 fa 5f> }
received session key response encrypted with distribution key
replyNonce in sessionKeyResp: <Buffer 36 e0 54 cf 3e 23 8a 9e>
auth nonce verified
handleSessionKeyResp: session key request succeeded! authFailureCount: 0
received 1 keys
Session key id is as expected
server ret: [object Object]
chosen nonce: <Buffer 96 34 6c 39 cf f4 b4 4d>
switching to HANDSHAKE_2_SENT
disconnected from auth
received session key handshake3!
{ replyNonce: <Buffer 96 34 6c 39 cf f4 b4 4d> }
client authenticated/authorized by solving nonce!
switching to IN_COMM
Handler: secure connection with the client established.
{ id: 7,
  remoteAddress: '::ffff:10.0.1.72:33806',
  status: 'open' }
received secure communication!
Received seqNum: 0
data received from server via secure communication
Handler: socketID: 7 data: data1
toSend: { data: <Buffer 64 61 74 61 31>, id: 7 }
specified socketID: 7
Unidentified client disconnected
Handler: secure connection with the client closed.
socket #7 closed
Unidentified client connected
received session key handshake1
switching to HANDSHAKE_1_RECEIVED state.
session key id: 50201055
session key NOT found! sending session key id to AuthService
Distribution protocol: TCP
connected to auth! from local port 46668
received auth hello!
{ authId: 502, nonce: <Buffer a5 9b bf bf 13 29 75 20> }
received session key response encrypted with distribution key
replyNonce in sessionKeyResp: <Buffer fb 49 de cd 3b 99 3b 6c>
auth nonce verified
handleSessionKeyResp: session key request succeeded! authFailureCount: 0
received 1 keys
Session key id is as expected
server ret: [object Object]
chosen nonce: <Buffer 36 b2 b4 17 80 6c 74 cd>
switching to HANDSHAKE_2_SENT
received session key handshake3!
{ replyNonce: <Buffer 36 b2 b4 17 80 6c 74 cd> }
client authenticated/authorized by solving nonce!
switching to IN_COMM
Handler: secure connection with the client established.
{ id: 8,
  remoteAddress: '::ffff:10.0.1.72:33988',
  status: 'open' }
disconnected from auth
received secure communication!
Received seqNum: 0
data received from server via secure communication
Handler: socketID: 8 data: data1
toSend: { data: <Buffer 64 61 74 61 31>, id: 8 }
specified socketID: 8
Unidentified client disconnected
Handler: secure connection with the client closed.
socket #8 closed
Unidentified client connected
received session key handshake1
switching to HANDSHAKE_1_RECEIVED state.
session key id: 50201062
session key NOT found! sending session key id to AuthService
Distribution protocol: TCP
connected to auth! from local port 46876
received auth hello!
{ authId: 502, nonce: <Buffer 0b 2c 8f 79 de cf ad 48> }
received session key response encrypted with distribution key
replyNonce in sessionKeyResp: <Buffer 3e 0d 5a 02 9e 99 40 47>
auth nonce verified
handleSessionKeyResp: session key request succeeded! authFailureCount: 0
received 1 keys
Session key id is as expected
server ret: [object Object]
chosen nonce: <Buffer a8 33 24 23 ca 52 45 d9>
switching to HANDSHAKE_2_SENT
disconnected from auth
received session key handshake3!
{ replyNonce: <Buffer a8 33 24 23 ca 52 45 d9> }
client authenticated/authorized by solving nonce!
switching to IN_COMM
Handler: secure connection with the client established.
{ id: 9,
  remoteAddress: '::ffff:10.0.1.72:34196',
  status: 'open' }
received secure communication!
Received seqNum: 0
data received from server via secure communication
Handler: socketID: 9 data: data1
toSend: { data: <Buffer 64 61 74 61 31>, id: 9 }
specified socketID: 9
Unidentified client disconnected
Handler: secure connection with the client closed.
socket #9 closed
Unidentified client connected
received session key handshake1
switching to HANDSHAKE_1_RECEIVED state.
session key id: 50201071
session key NOT found! sending session key id to AuthService
Distribution protocol: TCP
connected to auth! from local port 47094
received auth hello!
{ authId: 502, nonce: <Buffer 2e 9a 5a 4d 7c ad af b3> }
received session key response encrypted with distribution key
replyNonce in sessionKeyResp: <Buffer 0f b0 c1 75 8c 4c 26 73>
auth nonce verified
handleSessionKeyResp: session key request succeeded! authFailureCount: 0
received 1 keys
Session key id is as expected
server ret: [object Object]
chosen nonce: <Buffer 14 aa 64 92 3f 36 e0 4b>
switching to HANDSHAKE_2_SENT
received session key handshake3!
{ replyNonce: <Buffer 14 aa 64 92 3f 36 e0 4b> }
client authenticated/authorized by solving nonce!
switching to IN_COMM
Handler: secure connection with the client established.
{ id: 10,
  remoteAddress: '::ffff:10.0.1.72:34414',
  status: 'open' }
disconnected from auth
received secure communication!
Received seqNum: 0
data received from server via secure communication
Handler: socketID: 10 data: data1
toSend: { data: <Buffer 64 61 74 61 31>, id: 10 }
specified socketID: 10
Unidentified client disconnected
Handler: secure connection with the client closed.
socket #10 closed
Unidentified client connected
received session key handshake1
switching to HANDSHAKE_1_RECEIVED state.
session key id: 50201081
session key NOT found! sending session key id to AuthService
Distribution protocol: TCP
connected to auth! from local port 47312
received auth hello!
{ authId: 502, nonce: <Buffer 6b f0 df 27 ce 55 74 38> }
received session key response encrypted with distribution key
replyNonce in sessionKeyResp: <Buffer e2 70 07 2f 3a 69 37 24>
auth nonce verified
handleSessionKeyResp: session key request succeeded! authFailureCount: 0
received 1 keys
Session key id is as expected
server ret: [object Object]
chosen nonce: <Buffer 27 87 3f bf 11 c0 17 8d>
switching to HANDSHAKE_2_SENT
disconnected from auth
received session key handshake3!
{ replyNonce: <Buffer 27 87 3f bf 11 c0 17 8d> }
client authenticated/authorized by solving nonce!
switching to IN_COMM
Handler: secure connection with the client established.
{ id: 11,
  remoteAddress: '::ffff:10.0.1.72:34632',
  status: 'open' }
received secure communication!
Received seqNum: 0
data received from server via secure communication
Handler: socketID: 11 data: data1
toSend: { data: <Buffer 64 61 74 61 31>, id: 11 }
specified socketID: 11
Unidentified client disconnected
Handler: secure connection with the client closed.
socket #11 closed
Unidentified client connected
received session key handshake1
switching to HANDSHAKE_1_RECEIVED state.
session key id: 50201099
session key NOT found! sending session key id to AuthService
Distribution protocol: TCP
connected to auth! from local port 47556
received auth hello!
{ authId: 502, nonce: <Buffer d3 11 4e a2 db 53 09 4e> }
received session key response encrypted with distribution key
replyNonce in sessionKeyResp: <Buffer 4d eb 30 d1 4c e9 31 cd>
auth nonce verified
handleSessionKeyResp: session key request succeeded! authFailureCount: 0
received 1 keys
Session key id is as expected
server ret: [object Object]
chosen nonce: <Buffer 76 50 d3 62 e0 61 fa 03>
switching to HANDSHAKE_2_SENT
received session key handshake3!
{ replyNonce: <Buffer 76 50 d3 62 e0 61 fa 03> }
client authenticated/authorized by solving nonce!
switching to IN_COMM
Handler: secure connection with the client established.
{ id: 12,
  remoteAddress: '::ffff:10.0.1.72:34876',
  status: 'open' }
disconnected from auth
received secure communication!
Received seqNum: 0
data received from server via secure communication
Handler: socketID: 12 data: data1
toSend: { data: <Buffer 64 61 74 61 31>, id: 12 }
specified socketID: 12
Unidentified client disconnected
Handler: secure connection with the client closed.
socket #12 closed
Unidentified client connected
received session key handshake1
switching to HANDSHAKE_1_RECEIVED state.
session key id: 50201117
session key NOT found! sending session key id to AuthService
Distribution protocol: TCP
connected to auth! from local port 47808
Handler: Error in server - details: handshake2 timed out...
received auth hello!
{ authId: 502, nonce: <Buffer 8b a0 8d 7a ee 77 c6 cc> }
received session key response encrypted with distribution key
replyNonce in sessionKeyResp: <Buffer a8 25 0c 70 64 87 58 6c>
auth nonce verified
handleSessionKeyResp: session key request succeeded! authFailureCount: 0
received 1 keys
Session key id is as expected
server ret: [object Object]
chosen nonce: <Buffer 2b f1 3a 3a be 89 37 38>
switching to HANDSHAKE_2_SENT
disconnected from auth
received session key handshake3!
{ replyNonce: <Buffer 2b f1 3a 3a be 89 37 38> }
client authenticated/authorized by solving nonce!
switching to IN_COMM
Handler: secure connection with the client established.
{ id: 13,
  remoteAddress: '::ffff:10.0.1.72:35124',
  status: 'open' }
received secure communication!
Received seqNum: 0
data received from server via secure communication
Handler: socketID: 13 data: data1
toSend: { data: <Buffer 64 61 74 61 31>, id: 13 }
specified socketID: 13
Unidentified client disconnected
Handler: secure connection with the client closed.
socket #13 closed
Unidentified client connected
received session key handshake1
switching to HANDSHAKE_1_RECEIVED state.
session key id: 50201136
session key NOT found! sending session key id to AuthService
Distribution protocol: TCP
connected to auth! from local port 48050
Handler: Error in server - details: handshake2 timed out...
received auth hello!
{ authId: 502, nonce: <Buffer be b5 f4 17 a7 4c 52 b4> }
received session key response encrypted with distribution key
replyNonce in sessionKeyResp: <Buffer 26 63 5e 58 38 45 66 0e>
auth nonce verified
handleSessionKeyResp: session key request succeeded! authFailureCount: 0
received 1 keys
Session key id is as expected
server ret: [object Object]
chosen nonce: <Buffer af f8 4f e2 0d e7 b8 d2>
switching to HANDSHAKE_2_SENT
disconnected from auth
received session key handshake3!
{ replyNonce: <Buffer af f8 4f e2 0d e7 b8 d2> }
client authenticated/authorized by solving nonce!
switching to IN_COMM
Handler: secure connection with the client established.
{ id: 14,
  remoteAddress: '::ffff:10.0.1.72:35368',
  status: 'open' }
received secure communication!
Received seqNum: 0
data received from server via secure communication
Handler: socketID: 14 data: data1
toSend: { data: <Buffer 64 61 74 61 31>, id: 14 }
specified socketID: 14
Unidentified client disconnected
Handler: secure connection with the client closed.
socket #14 closed
Unidentified client connected
received session key handshake1
switching to HANDSHAKE_1_RECEIVED state.
session key id: 50201165
session key NOT found! sending session key id to AuthService
Distribution protocol: TCP
connected to auth! from local port 48510
Handler: Error in server - details: handshake2 timed out...
received auth hello!
{ authId: 502, nonce: <Buffer d5 0e ba c1 5b 07 2a 1a> }
received session key response encrypted with distribution key
replyNonce in sessionKeyResp: <Buffer 3d 82 00 f7 e6 c5 4c 1a>
auth nonce verified
handleSessionKeyResp: session key request succeeded! authFailureCount: 0
received 1 keys
Session key id is as expected
server ret: [object Object]
chosen nonce: <Buffer 34 e3 a3 02 99 27 ea 92>
switching to HANDSHAKE_2_SENT
disconnected from auth
received session key handshake3!
{ replyNonce: <Buffer 34 e3 a3 02 99 27 ea 92> }
client authenticated/authorized by solving nonce!
switching to IN_COMM
Handler: secure connection with the client established.
{ id: 15,
  remoteAddress: '::ffff:10.0.1.72:35830',
  status: 'open' }
received secure communication!
Received seqNum: 0
data received from server via secure communication
Handler: socketID: 15 data: data1
toSend: { data: <Buffer 64 61 74 61 31>, id: 15 }
specified socketID: 15
Unidentified client disconnected
Handler: secure connection with the client closed.
socket #15 closed
Unidentified client connected
received session key handshake1
switching to HANDSHAKE_1_RECEIVED state.
session key id: 50201182
session key NOT found! sending session key id to AuthService
Distribution protocol: TCP
connected to auth! from local port 48720
Handler: Error in server - details: handshake2 timed out...
received auth hello!
{ authId: 502, nonce: <Buffer 80 9a de ff 2a 4c 9a b6> }
received session key response encrypted with distribution key
replyNonce in sessionKeyResp: <Buffer e9 f2 40 a1 86 ab 63 7e>
auth nonce verified
handleSessionKeyResp: session key request succeeded! authFailureCount: 0
received 1 keys
Session key id is as expected
server ret: [object Object]
chosen nonce: <Buffer 36 fd 82 ed cb 35 63 4f>
switching to HANDSHAKE_2_SENT
disconnected from auth
received session key handshake3!
{ replyNonce: <Buffer 36 fd 82 ed cb 35 63 4f> }
client authenticated/authorized by solving nonce!
switching to IN_COMM
Handler: secure connection with the client established.
{ id: 16,
  remoteAddress: '::ffff:10.0.1.72:36040',
  status: 'open' }
received secure communication!
Received seqNum: 0
data received from server via secure communication
Handler: socketID: 16 data: data1
toSend: { data: <Buffer 64 61 74 61 31>, id: 16 }
specified socketID: 16
Unidentified client disconnected
Handler: secure connection with the client closed.
socket #16 closed
Unidentified client connected
received session key handshake1
switching to HANDSHAKE_1_RECEIVED state.
session key id: 50201198
session key NOT found! sending session key id to AuthService
Distribution protocol: TCP
connected to auth! from local port 48898
Handler: Error in server - details: handshake2 timed out...
received auth hello!
{ authId: 502, nonce: <Buffer df 07 a0 71 b8 79 d1 38> }
received session key response encrypted with distribution key
replyNonce in sessionKeyResp: <Buffer 4e 35 c7 d8 b3 dd 95 0f>
auth nonce verified
handleSessionKeyResp: session key request succeeded! authFailureCount: 0
received 1 keys
Session key id is as expected
server ret: [object Object]
chosen nonce: <Buffer c5 e7 1c bb 60 7d 18 d4>
switching to HANDSHAKE_2_SENT
received session key handshake3!
{ replyNonce: <Buffer c5 e7 1c bb 60 7d 18 d4> }
client authenticated/authorized by solving nonce!
switching to IN_COMM
Handler: secure connection with the client established.
{ id: 17,
  remoteAddress: '::ffff:10.0.1.72:36218',
  status: 'open' }
disconnected from auth
received secure communication!
Received seqNum: 0
data received from server via secure communication
Handler: socketID: 17 data: data1
toSend: { data: <Buffer 64 61 74 61 31>, id: 17 }
specified socketID: 17
Unidentified client disconnected
Handler: secure connection with the client closed.
socket #17 closed
Unidentified client connected
received session key handshake1
switching to HANDSHAKE_1_RECEIVED state.
session key id: 50201215
session key NOT found! sending session key id to AuthService
Distribution protocol: TCP
connected to auth! from local port 49078
received auth hello!
{ authId: 502, nonce: <Buffer 88 37 55 cd 8e bd 96 d1> }
received session key response encrypted with distribution key
replyNonce in sessionKeyResp: <Buffer e2 8e 07 c7 e2 17 1a 5a>
auth nonce verified
handleSessionKeyResp: session key request succeeded! authFailureCount: 0
received 1 keys
Session key id is as expected
server ret: [object Object]
chosen nonce: <Buffer 2c 68 cb 6d b9 36 d4 dc>
switching to HANDSHAKE_2_SENT
disconnected from auth
received session key handshake3!
{ replyNonce: <Buffer 2c 68 cb 6d b9 36 d4 dc> }
client authenticated/authorized by solving nonce!
switching to IN_COMM
Handler: secure connection with the client established.
{ id: 18,
  remoteAddress: '::ffff:10.0.1.72:36398',
  status: 'open' }
received secure communication!
Received seqNum: 0
data received from server via secure communication
Handler: socketID: 18 data: data1
toSend: { data: <Buffer 64 61 74 61 31>, id: 18 }
specified socketID: 18
Unidentified client disconnected
Handler: secure connection with the client closed.
socket #18 closed
Unidentified client connected
received session key handshake1
switching to HANDSHAKE_1_RECEIVED state.
session key id: 50201231
session key NOT found! sending session key id to AuthService
Distribution protocol: TCP
connected to auth! from local port 49256
Handler: Error in server - details: handshake2 timed out...
Unidentified client disconnected
Handler: Error in server - details: Closed during comm init from undefined:undefined
Handler: Error in server - details: Auth hello timedout ...
received auth hello!
{ authId: 502, nonce: <Buffer 71 1a d6 e2 78 3d 2e 25> }
failure in connection with Auth : authFailureCount: 1
Handler: Error in server - details: Error occurred in session key request: Error: write after end
Unidentified client connected
received session key handshake1
switching to HANDSHAKE_1_RECEIVED state.
session key id: 50201246
session key NOT found! sending session key id to AuthService
Distribution protocol: TCP
connected to auth! from local port 49428
received auth hello!
{ authId: 502, nonce: <Buffer f8 a8 69 65 58 1a 16 ee> }
received session key response encrypted with distribution key
replyNonce in sessionKeyResp: <Buffer 1f 89 ca 88 63 84 fc 4b>
auth nonce verified
handleSessionKeyResp: session key request succeeded! authFailureCount: 0
received 1 keys
Session key id is as expected
server ret: [object Object]
chosen nonce: <Buffer ec f6 93 57 90 a8 5f f4>
switching to HANDSHAKE_2_SENT
disconnected from auth
received session key handshake3!
{ replyNonce: <Buffer ec f6 93 57 90 a8 5f f4> }
client authenticated/authorized by solving nonce!
switching to IN_COMM
Handler: secure connection with the client established.
{ id: 19,
  remoteAddress: '::ffff:10.0.1.72:36748',
  status: 'open' }
received secure communication!
Received seqNum: 0
data received from server via secure communication
Handler: socketID: 19 data: data1
toSend: { data: <Buffer 64 61 74 61 31>, id: 19 }
specified socketID: 19
disconnected from auth
Handler: Error in server - details: Connection with Auth timed out...
Unidentified client disconnected
Handler: secure connection with the client closed.
socket #19 closed
Unidentified client connected
received session key handshake1
switching to HANDSHAKE_1_RECEIVED state.
session key id: 50201263
session key NOT found! sending session key id to AuthService
Distribution protocol: TCP
connected to auth! from local port 49600
received auth hello!
{ authId: 502, nonce: <Buffer af 45 6c 27 31 72 7f 04> }
received session key response encrypted with distribution key
replyNonce in sessionKeyResp: <Buffer 93 84 2a 11 13 0d 3d 62>
auth nonce verified
handleSessionKeyResp: session key request succeeded! authFailureCount: 0
received 1 keys
Session key id is as expected
server ret: [object Object]
chosen nonce: <Buffer 64 a4 25 0a 38 e9 47 15>
switching to HANDSHAKE_2_SENT
disconnected from auth
received session key handshake3!
{ replyNonce: <Buffer 64 a4 25 0a 38 e9 47 15> }
client authenticated/authorized by solving nonce!
switching to IN_COMM
Handler: secure connection with the client established.
{ id: 20,
  remoteAddress: '::ffff:10.0.1.72:36920',
  status: 'open' }
received secure communication!
Received seqNum: 0
data received from server via secure communication
Handler: socketID: 20 data: data1
toSend: { data: <Buffer 64 61 74 61 31>, id: 20 }
specified socketID: 20
Unidentified client disconnected
Handler: secure connection with the client closed.
socket #20 closed
Unidentified client connected
received session key handshake1
switching to HANDSHAKE_1_RECEIVED state.
session key id: 50201325
session key NOT found! sending session key id to AuthService
Distribution protocol: TCP
connected to auth! from local port 50298
Handler: Error in server - details: handshake2 timed out...
received auth hello!
{ authId: 502, nonce: <Buffer cc 9f 9d d0 47 96 1f f2> }
received session key response encrypted with distribution key
replyNonce in sessionKeyResp: <Buffer 70 8f 0e b7 e9 13 40 e0>
auth nonce verified
handleSessionKeyResp: session key request succeeded! authFailureCount: 0
received 1 keys
Session key id is as expected
server ret: [object Object]
chosen nonce: <Buffer fc 87 fd 88 ea 74 d1 8e>
switching to HANDSHAKE_2_SENT
received session key handshake3!
{ replyNonce: <Buffer fc 87 fd 88 ea 74 d1 8e> }
client authenticated/authorized by solving nonce!
switching to IN_COMM
Handler: secure connection with the client established.
{ id: 21,
  remoteAddress: '::ffff:10.0.1.72:37618',
  status: 'open' }
disconnected from auth
received secure communication!
Received seqNum: 0
data received from server via secure communication
Handler: socketID: 21 data: data1
toSend: { data: <Buffer 64 61 74 61 31>, id: 21 }
specified socketID: 21
Unidentified client disconnected
Handler: secure connection with the client closed.
socket #21 closed
Unidentified client connected
received session key handshake1
switching to HANDSHAKE_1_RECEIVED state.
session key id: 50201339
session key NOT found! sending session key id to AuthService
Distribution protocol: TCP
connected to auth! from local port 50462
Unidentified client disconnected
Handler: Error in server - details: Closed during comm init from undefined:undefined
Handler: Error in server - details: handshake2 timed out...
received auth hello!
{ authId: 502, nonce: <Buffer 05 cd b1 f7 df 0b 20 2e> }
received session key response encrypted with distribution key
replyNonce in sessionKeyResp: <Buffer cf 7c cb f9 6b 19 c3 5f>
auth nonce verified
handleSessionKeyResp: session key request succeeded! authFailureCount: 0
received 1 keys
Session key id is as expected
server ret: [object Object]
chosen nonce: <Buffer 73 35 92 39 e3 01 c7 2d>
Handler: Error in server - details: Error during comm init, details: Error: This socket has been ended by the other party
switching to HANDSHAKE_2_SENT
disconnected from auth
