changing working directory to: /home/hokeunkim/Development/iotauth/entity/node/example_entities
loading from config file: /home/hokeunkim/Development/iotauth_experiments/experiments/ccs2017/expOptions/expEntity.option
Experimental options for echoServer: { autoSendPeriod: 60000,
  useSameSessionKeyCount: 1,
  connectionTimeout: 50000,
  migrationEnabled: true,
  authFailureThreshold: 2,
  migrationFailureThreshold: 2 }
loading from config file: /home/hokeunkim/Development/iotauth/entity/node/example_entities/configs/Servers/s401.config
initializing secure comm server...
Session protocol: TCP
current parameters: { migrationEnabled: true,
  authFailureThreshold: 3,
  migrationFailureThreshold: 3 }
current parameters: { migrationEnabled: true,
  authFailureThreshold: 2,
  migrationFailureThreshold: 3 }
current parameters: { migrationEnabled: true,
  authFailureThreshold: 2,
  migrationFailureThreshold: 2 }
current entityInfo: { name: 's401',
  group: 'Servers',
  distProtocol: 'TCP',
  usePermanentDistKey: false,
  connectionTimeout: 50000,
  privateKey: <Buffer 2d 2d 2d 2d 2d 42 45 47 49 4e 20 52 53 41 20 50 52 49 56 41 54 45 20 4b 45 59 2d 2d 2d 2d 2d 0a 4d 49 49 45 70 41 49 42 41 41 4b 43 41 51 45 41 38 71 ... > }
Handler: listening on port 22100
s401:Servers prompt>
Unidentified client connected
received session key handshake1
switching to HANDSHAKE_1_RECEIVED state.
session key id: 40101031
session key NOT found! sending session key id to AuthService
Distribution protocol: TCP
connected to auth! from local port 56946
received auth hello!
{ authId: 401, nonce: <Buffer 5c 4d 67 fd 18 5c 84 ef> }
received session key response with distribution key attached!
auth signature verified
replyNonce in sessionKeyResp: <Buffer 10 73 b6 e4 68 92 d8 28>
auth nonce verified
handleSessionKeyResp: session key request succeeded! authFailureCount: 0
updating distribution key: { cipherKeyVal: <Buffer c0 99 d2 ff a1 35 0d 33 9d 54 1b d1 c4 39 37 04>,
  macKeyVal: <Buffer 13 19 28 f7 fd e1 8d 11 7e 4b 28 90 65 86 01 12 f9 09 08 f3 d0 4f 7f bf f1 2f 36 75 36 6d 1d 64>,
  absValidity: 2018-03-20T22:29:05.328Z }
received 1 keys
Session key id is as expected
server ret: [object Object]
chosen nonce: <Buffer 98 75 c5 34 b5 9d 75 e0>
switching to HANDSHAKE_2_SENT
disconnected from auth
received session key handshake3!
{ replyNonce: <Buffer 98 75 c5 34 b5 9d 75 e0> }
client authenticated/authorized by solving nonce!
switching to IN_COMM
Handler: secure connection with the client established.
{ id: 0,
  remoteAddress: '::ffff:10.0.1.43:33876',
  status: 'open' }
received secure communication!
Received seqNum: 0
data received from server via secure communication
Handler: socketID: 0 data: data1
toSend: { data: <Buffer 64 61 74 61 31>, id: 0 }
specified socketID: 0
Unidentified client connected
received session key handshake1
switching to HANDSHAKE_1_RECEIVED state.
session key id: 40101034
session key NOT found! sending session key id to AuthService
Distribution protocol: TCP
connected to auth! from local port 56964
received auth hello!
{ authId: 401, nonce: <Buffer 32 7b 24 33 36 1a a0 61> }
received session key response encrypted with distribution key
replyNonce in sessionKeyResp: <Buffer 5d 06 af 40 2d 6c 0a fd>
auth nonce verified
handleSessionKeyResp: session key request succeeded! authFailureCount: 0
received 1 keys
Session key id is as expected
server ret: [object Object]
chosen nonce: <Buffer 13 78 ad 35 6a a2 e0 61>
switching to HANDSHAKE_2_SENT
disconnected from auth
received session key handshake3!
{ replyNonce: <Buffer 13 78 ad 35 6a a2 e0 61> }
client authenticated/authorized by solving nonce!
switching to IN_COMM
Handler: secure connection with the client established.
{ id: 1,
  remoteAddress: '::ffff:10.0.1.46:45884',
  status: 'open' }
received secure communication!
Received seqNum: 0
data received from server via secure communication
Handler: socketID: 1 data: data1
toSend: { data: <Buffer 64 61 74 61 31>, id: 1 }
specified socketID: 1
Unidentified client disconnected
Handler: secure connection with the client closed.
socket #0 closed
Unidentified client connected
received session key handshake1
switching to HANDSHAKE_1_RECEIVED state.
session key id: 40101037
session key NOT found! sending session key id to AuthService
Distribution protocol: TCP
connected to auth! from local port 57060
received auth hello!
{ authId: 401, nonce: <Buffer 7e 0b cc 24 a6 42 08 15> }
received session key response encrypted with distribution key
replyNonce in sessionKeyResp: <Buffer 52 02 20 1f 35 9c 6f 7b>
auth nonce verified
handleSessionKeyResp: session key request succeeded! authFailureCount: 0
received 1 keys
Session key id is as expected
server ret: [object Object]
chosen nonce: <Buffer af 8c 40 95 ee 6f 62 dc>
switching to HANDSHAKE_2_SENT
received session key handshake3!
{ replyNonce: <Buffer af 8c 40 95 ee 6f 62 dc> }
client authenticated/authorized by solving nonce!
switching to IN_COMM
Handler: secure connection with the client established.
{ id: 2,
  remoteAddress: '::ffff:10.0.1.43:33990',
  status: 'open' }
disconnected from auth
received secure communication!
Received seqNum: 0
data received from server via secure communication
Handler: socketID: 2 data: data1
toSend: { data: <Buffer 64 61 74 61 31>, id: 2 }
specified socketID: 2
Unidentified client disconnected
Handler: secure connection with the client closed.
socket #1 closed
Unidentified client connected
received session key handshake1
switching to HANDSHAKE_1_RECEIVED state.
session key id: 40101040
session key NOT found! sending session key id to AuthService
Distribution protocol: TCP
connected to auth! from local port 57096
received auth hello!
{ authId: 401, nonce: <Buffer ac 23 a1 b5 c5 1c 14 d6> }
received session key response encrypted with distribution key
replyNonce in sessionKeyResp: <Buffer 6d 50 58 87 f5 8c 5e 3b>
auth nonce verified
handleSessionKeyResp: session key request succeeded! authFailureCount: 0
received 1 keys
Session key id is as expected
server ret: [object Object]
chosen nonce: <Buffer c9 ae 27 95 db a0 ca 64>
switching to HANDSHAKE_2_SENT
disconnected from auth
received session key handshake3!
{ replyNonce: <Buffer c9 ae 27 95 db a0 ca 64> }
client authenticated/authorized by solving nonce!
switching to IN_COMM
Handler: secure connection with the client established.
{ id: 3,
  remoteAddress: '::ffff:10.0.1.46:46016',
  status: 'open' }
received secure communication!
Received seqNum: 0
data received from server via secure communication
Handler: socketID: 3 data: data1
toSend: { data: <Buffer 64 61 74 61 31>, id: 3 }
specified socketID: 3
Unidentified client disconnected
Handler: secure connection with the client closed.
socket #2 closed
Unidentified client connected
received session key handshake1
switching to HANDSHAKE_1_RECEIVED state.
session key id: 40101043
session key NOT found! sending session key id to AuthService
Distribution protocol: TCP
connected to auth! from local port 57282
received auth hello!
{ authId: 401, nonce: <Buffer 87 10 0a 20 48 9f 39 95> }
received session key response encrypted with distribution key
replyNonce in sessionKeyResp: <Buffer f9 65 07 e5 83 64 f4 94>
auth nonce verified
handleSessionKeyResp: session key request succeeded! authFailureCount: 0
received 1 keys
Session key id is as expected
server ret: [object Object]
chosen nonce: <Buffer dc b5 9a fd be 1d dd 56>
switching to HANDSHAKE_2_SENT
received session key handshake3!
{ replyNonce: <Buffer dc b5 9a fd be 1d dd 56> }
client authenticated/authorized by solving nonce!
switching to IN_COMM
Handler: secure connection with the client established.
{ id: 4,
  remoteAddress: '::ffff:10.0.1.43:34212',
  status: 'open' }
disconnected from auth
received secure communication!
Received seqNum: 0
data received from server via secure communication
Handler: socketID: 4 data: data1
toSend: { data: <Buffer 64 61 74 61 31>, id: 4 }
specified socketID: 4
Unidentified client disconnected
Handler: secure connection with the client closed.
socket #3 closed
Unidentified client connected
received session key handshake1
switching to HANDSHAKE_1_RECEIVED state.
session key id: 40101046
session key NOT found! sending session key id to AuthService
Distribution protocol: TCP
connected to auth! from local port 57336
received auth hello!
{ authId: 401, nonce: <Buffer 23 b9 0d 4e 0f b1 8e 5f> }
received session key response encrypted with distribution key
replyNonce in sessionKeyResp: <Buffer 16 73 3b de b2 88 c0 f8>
auth nonce verified
handleSessionKeyResp: session key request succeeded! authFailureCount: 0
received 1 keys
Session key id is as expected
server ret: [object Object]
chosen nonce: <Buffer 94 c9 b0 0d 85 4d c6 0d>
switching to HANDSHAKE_2_SENT
disconnected from auth
received session key handshake3!
{ replyNonce: <Buffer 94 c9 b0 0d 85 4d c6 0d> }
client authenticated/authorized by solving nonce!
switching to IN_COMM
Handler: secure connection with the client established.
{ id: 5,
  remoteAddress: '::ffff:10.0.1.46:46256',
  status: 'open' }
received secure communication!
Received seqNum: 0
data received from server via secure communication
Handler: socketID: 5 data: data1
toSend: { data: <Buffer 64 61 74 61 31>, id: 5 }
specified socketID: 5
Unidentified client disconnected
Handler: secure connection with the client closed.
socket #4 closed
Unidentified client connected
received session key handshake1
switching to HANDSHAKE_1_RECEIVED state.
session key id: 40101049
session key NOT found! sending session key id to AuthService
Distribution protocol: TCP
connected to auth! from local port 57552
received auth hello!
{ authId: 401, nonce: <Buffer 63 39 42 8f af 03 a2 3b> }
received session key response encrypted with distribution key
replyNonce in sessionKeyResp: <Buffer 64 20 8c 67 40 37 16 a7>
auth nonce verified
handleSessionKeyResp: session key request succeeded! authFailureCount: 0
received 1 keys
Session key id is as expected
server ret: [object Object]
chosen nonce: <Buffer 19 03 d4 66 25 56 dc 7f>
switching to HANDSHAKE_2_SENT
received session key handshake3!
{ replyNonce: <Buffer 19 03 d4 66 25 56 dc 7f> }
client authenticated/authorized by solving nonce!
switching to IN_COMM
Handler: secure connection with the client established.
{ id: 6,
  remoteAddress: '::ffff:10.0.1.43:34482',
  status: 'open' }
disconnected from auth
received secure communication!
Received seqNum: 0
data received from server via secure communication
Handler: socketID: 6 data: data1
toSend: { data: <Buffer 64 61 74 61 31>, id: 6 }
specified socketID: 6
Unidentified client disconnected
Handler: secure connection with the client closed.
socket #5 closed
Unidentified client connected
received session key handshake1
switching to HANDSHAKE_1_RECEIVED state.
session key id: 40101052
session key NOT found! sending session key id to AuthService
Distribution protocol: TCP
connected to auth! from local port 57606
received auth hello!
{ authId: 401, nonce: <Buffer 0c 35 4f eb d4 62 38 0a> }
received session key response encrypted with distribution key
replyNonce in sessionKeyResp: <Buffer de 90 70 1e 38 f8 8a d1>
auth nonce verified
handleSessionKeyResp: session key request succeeded! authFailureCount: 0
received 1 keys
Session key id is as expected
server ret: [object Object]
chosen nonce: <Buffer 12 4d 64 a8 b5 99 da 82>
switching to HANDSHAKE_2_SENT
disconnected from auth
received session key handshake3!
{ replyNonce: <Buffer 12 4d 64 a8 b5 99 da 82> }
client authenticated/authorized by solving nonce!
switching to IN_COMM
Handler: secure connection with the client established.
{ id: 7,
  remoteAddress: '::ffff:10.0.1.46:46526',
  status: 'open' }
received secure communication!
Received seqNum: 0
data received from server via secure communication
Handler: socketID: 7 data: data1
toSend: { data: <Buffer 64 61 74 61 31>, id: 7 }
specified socketID: 7
Unidentified client disconnected
Handler: secure connection with the client closed.
socket #6 closed
Unidentified client connected
received session key handshake1
switching to HANDSHAKE_1_RECEIVED state.
session key id: 40101055
session key NOT found! sending session key id to AuthService
Distribution protocol: TCP
connected to auth! from local port 57822
received auth hello!
{ authId: 401, nonce: <Buffer af ce c4 16 96 60 fa 9f> }
received session key response encrypted with distribution key
replyNonce in sessionKeyResp: <Buffer e9 b5 84 51 75 01 fd 8f>
auth nonce verified
handleSessionKeyResp: session key request succeeded! authFailureCount: 0
received 1 keys
Session key id is as expected
server ret: [object Object]
chosen nonce: <Buffer 9d 2b 98 e5 df 32 d2 37>
switching to HANDSHAKE_2_SENT
disconnected from auth
received session key handshake3!
{ replyNonce: <Buffer 9d 2b 98 e5 df 32 d2 37> }
client authenticated/authorized by solving nonce!
switching to IN_COMM
Handler: secure connection with the client established.
{ id: 8,
  remoteAddress: '::ffff:10.0.1.43:34752',
  status: 'open' }
received secure communication!
Received seqNum: 0
data received from server via secure communication
Handler: socketID: 8 data: data1
toSend: { data: <Buffer 64 61 74 61 31>, id: 8 }
specified socketID: 8
Unidentified client disconnected
Handler: secure connection with the client closed.
socket #7 closed
Unidentified client connected
received session key handshake1
switching to HANDSHAKE_1_RECEIVED state.
session key id: 40101058
session key NOT found! sending session key id to AuthService
Distribution protocol: TCP
connected to auth! from local port 57876
received auth hello!
{ authId: 401, nonce: <Buffer c3 e4 41 46 75 fe 74 01> }
received session key response encrypted with distribution key
replyNonce in sessionKeyResp: <Buffer e8 7b 5f 5c 45 ca dc 8d>
auth nonce verified
handleSessionKeyResp: session key request succeeded! authFailureCount: 0
received 1 keys
Session key id is as expected
server ret: [object Object]
chosen nonce: <Buffer cf b8 9f 83 36 c8 18 a5>
switching to HANDSHAKE_2_SENT
received session key handshake3!
{ replyNonce: <Buffer cf b8 9f 83 36 c8 18 a5> }
client authenticated/authorized by solving nonce!
switching to IN_COMM
Handler: secure connection with the client established.
{ id: 9,
  remoteAddress: '::ffff:10.0.1.46:46796',
  status: 'open' }
disconnected from auth
received secure communication!
Received seqNum: 0
data received from server via secure communication
Handler: socketID: 9 data: data1
toSend: { data: <Buffer 64 61 74 61 31>, id: 9 }
specified socketID: 9
Unidentified client disconnected
Handler: secure connection with the client closed.
socket #8 closed
Unidentified client connected
received session key handshake1
switching to HANDSHAKE_1_RECEIVED state.
session key id: 40101061
session key NOT found! sending session key id to AuthService
Distribution protocol: TCP
connected to auth! from local port 58092
received auth hello!
{ authId: 401, nonce: <Buffer b1 f1 ca 01 79 67 3a 36> }
received session key response encrypted with distribution key
replyNonce in sessionKeyResp: <Buffer bc 48 68 a3 8e b3 24 3d>
auth nonce verified
handleSessionKeyResp: session key request succeeded! authFailureCount: 0
received 1 keys
Session key id is as expected
server ret: [object Object]
chosen nonce: <Buffer 03 f7 47 39 9a 79 aa 13>
switching to HANDSHAKE_2_SENT
disconnected from auth
received session key handshake3!
{ replyNonce: <Buffer 03 f7 47 39 9a 79 aa 13> }
client authenticated/authorized by solving nonce!
switching to IN_COMM
Handler: secure connection with the client established.
{ id: 10,
  remoteAddress: '::ffff:10.0.1.43:35022',
  status: 'open' }
received secure communication!
Received seqNum: 0
data received from server via secure communication
Handler: socketID: 10 data: data1
toSend: { data: <Buffer 64 61 74 61 31>, id: 10 }
specified socketID: 10
Unidentified client disconnected
Handler: secure connection with the client closed.
socket #9 closed
Unidentified client connected
received session key handshake1
switching to HANDSHAKE_1_RECEIVED state.
session key id: 40101064
session key NOT found! sending session key id to AuthService
Distribution protocol: TCP
connected to auth! from local port 58146
received auth hello!
{ authId: 401, nonce: <Buffer 44 03 4a d4 40 bb 47 20> }
received session key response encrypted with distribution key
replyNonce in sessionKeyResp: <Buffer e1 c9 e6 bd c4 15 2a 21>
auth nonce verified
handleSessionKeyResp: session key request succeeded! authFailureCount: 0
received 1 keys
Session key id is as expected
server ret: [object Object]
chosen nonce: <Buffer dc 17 06 5e ab c2 97 a3>
switching to HANDSHAKE_2_SENT
disconnected from auth
received session key handshake3!
{ replyNonce: <Buffer dc 17 06 5e ab c2 97 a3> }
client authenticated/authorized by solving nonce!
switching to IN_COMM
Handler: secure connection with the client established.
{ id: 11,
  remoteAddress: '::ffff:10.0.1.46:47066',
  status: 'open' }
received secure communication!
Received seqNum: 0
data received from server via secure communication
Handler: socketID: 11 data: data1
toSend: { data: <Buffer 64 61 74 61 31>, id: 11 }
specified socketID: 11
Unidentified client disconnected
Handler: secure connection with the client closed.
socket #10 closed
Unidentified client connected
received session key handshake1
switching to HANDSHAKE_1_RECEIVED state.
session key id: 40101067
session key NOT found! sending session key id to AuthService
Distribution protocol: TCP
connected to auth! from local port 58362
received auth hello!
{ authId: 401, nonce: <Buffer a0 50 96 f8 58 a0 bc bc> }
received session key response encrypted with distribution key
replyNonce in sessionKeyResp: <Buffer 7f d6 a9 46 01 3f 4a db>
auth nonce verified
handleSessionKeyResp: session key request succeeded! authFailureCount: 0
received 1 keys
Session key id is as expected
server ret: [object Object]
chosen nonce: <Buffer 5e c9 3d a1 31 3a 2f 0e>
switching to HANDSHAKE_2_SENT
disconnected from auth
received session key handshake3!
{ replyNonce: <Buffer 5e c9 3d a1 31 3a 2f 0e> }
client authenticated/authorized by solving nonce!
switching to IN_COMM
Handler: secure connection with the client established.
{ id: 12,
  remoteAddress: '::ffff:10.0.1.43:35292',
  status: 'open' }
received secure communication!
Received seqNum: 0
data received from server via secure communication
Handler: socketID: 12 data: data1
toSend: { data: <Buffer 64 61 74 61 31>, id: 12 }
specified socketID: 12
Unidentified client disconnected
Handler: secure connection with the client closed.
socket #11 closed
Unidentified client connected
received session key handshake1
switching to HANDSHAKE_1_RECEIVED state.
session key id: 40101070
session key NOT found! sending session key id to AuthService
Distribution protocol: TCP
connected to auth! from local port 58416
received auth hello!
{ authId: 401, nonce: <Buffer 29 ba f4 a3 33 76 8f 13> }
received session key response encrypted with distribution key
replyNonce in sessionKeyResp: <Buffer d7 0a 30 12 4e 1c 36 a4>
auth nonce verified
handleSessionKeyResp: session key request succeeded! authFailureCount: 0
received 1 keys
Session key id is as expected
server ret: [object Object]
chosen nonce: <Buffer dd 42 fc 9d ac a7 38 70>
switching to HANDSHAKE_2_SENT
disconnected from auth
received session key handshake3!
{ replyNonce: <Buffer dd 42 fc 9d ac a7 38 70> }
client authenticated/authorized by solving nonce!
switching to IN_COMM
Handler: secure connection with the client established.
{ id: 13,
  remoteAddress: '::ffff:10.0.1.46:47336',
  status: 'open' }
received secure communication!
Received seqNum: 0
data received from server via secure communication
Handler: socketID: 13 data: data1
toSend: { data: <Buffer 64 61 74 61 31>, id: 13 }
specified socketID: 13
Unidentified client disconnected
Handler: secure connection with the client closed.
socket #12 closed
Unidentified client connected
received session key handshake1
switching to HANDSHAKE_1_RECEIVED state.
session key id: 40101073
session key NOT found! sending session key id to AuthService
Distribution protocol: TCP
connected to auth! from local port 58632
received auth hello!
{ authId: 401, nonce: <Buffer ef 93 88 e9 73 6c 38 f3> }
received session key response encrypted with distribution key
replyNonce in sessionKeyResp: <Buffer 9c 39 92 98 20 dd 20 06>
auth nonce verified
handleSessionKeyResp: session key request succeeded! authFailureCount: 0
received 1 keys
Session key id is as expected
server ret: [object Object]
chosen nonce: <Buffer 29 d1 49 74 64 48 6e 74>
switching to HANDSHAKE_2_SENT
disconnected from auth
received session key handshake3!
{ replyNonce: <Buffer 29 d1 49 74 64 48 6e 74> }
client authenticated/authorized by solving nonce!
switching to IN_COMM
Handler: secure connection with the client established.
{ id: 14,
  remoteAddress: '::ffff:10.0.1.43:35562',
  status: 'open' }
received secure communication!
Received seqNum: 0
data received from server via secure communication
Handler: socketID: 14 data: data1
toSend: { data: <Buffer 64 61 74 61 31>, id: 14 }
specified socketID: 14
Unidentified client disconnected
Handler: secure connection with the client closed.
socket #13 closed
Unidentified client connected
received session key handshake1
switching to HANDSHAKE_1_RECEIVED state.
session key id: 40101076
session key NOT found! sending session key id to AuthService
Distribution protocol: TCP
connected to auth! from local port 58686
received auth hello!
{ authId: 401, nonce: <Buffer 48 7c 44 8b 24 33 6f 17> }
received session key response encrypted with distribution key
replyNonce in sessionKeyResp: <Buffer 0a 09 17 bc 8b d5 07 5f>
auth nonce verified
handleSessionKeyResp: session key request succeeded! authFailureCount: 0
received 1 keys
Session key id is as expected
server ret: [object Object]
chosen nonce: <Buffer 65 60 96 e5 09 d4 71 36>
switching to HANDSHAKE_2_SENT
disconnected from auth
received session key handshake3!
{ replyNonce: <Buffer 65 60 96 e5 09 d4 71 36> }
client authenticated/authorized by solving nonce!
switching to IN_COMM
Handler: secure connection with the client established.
{ id: 15,
  remoteAddress: '::ffff:10.0.1.46:47606',
  status: 'open' }
received secure communication!
Received seqNum: 0
data received from server via secure communication
Handler: socketID: 15 data: data1
toSend: { data: <Buffer 64 61 74 61 31>, id: 15 }
specified socketID: 15
Unidentified client disconnected
Handler: secure connection with the client closed.
socket #14 closed
Unidentified client connected
received session key handshake1
switching to HANDSHAKE_1_RECEIVED state.
session key id: 40101079
session key NOT found! sending session key id to AuthService
Distribution protocol: TCP
connected to auth! from local port 58898
received auth hello!
{ authId: 401, nonce: <Buffer b0 52 08 6f d9 ae b6 30> }
received session key response encrypted with distribution key
replyNonce in sessionKeyResp: <Buffer 83 91 ae 3a f3 68 6f 96>
auth nonce verified
handleSessionKeyResp: session key request succeeded! authFailureCount: 0
received 1 keys
Session key id is as expected
server ret: [object Object]
chosen nonce: <Buffer 7d c4 eb 60 f0 69 70 36>
switching to HANDSHAKE_2_SENT
disconnected from auth
received session key handshake3!
{ replyNonce: <Buffer 7d c4 eb 60 f0 69 70 36> }
client authenticated/authorized by solving nonce!
switching to IN_COMM
Handler: secure connection with the client established.
{ id: 16,
  remoteAddress: '::ffff:10.0.1.43:35826',
  status: 'open' }
received secure communication!
Received seqNum: 0
data received from server via secure communication
Handler: socketID: 16 data: data1
toSend: { data: <Buffer 64 61 74 61 31>, id: 16 }
specified socketID: 16
Unidentified client disconnected
Handler: secure connection with the client closed.
socket #15 closed
Unidentified client connected
received session key handshake1
switching to HANDSHAKE_1_RECEIVED state.
session key id: 40101082
session key NOT found! sending session key id to AuthService
Distribution protocol: TCP
connected to auth! from local port 58940
received auth hello!
{ authId: 401, nonce: <Buffer 38 82 b1 44 10 1d 2e 33> }
received session key response encrypted with distribution key
replyNonce in sessionKeyResp: <Buffer 76 fc a7 e4 6c 18 0c df>
auth nonce verified
handleSessionKeyResp: session key request succeeded! authFailureCount: 0
received 1 keys
Session key id is as expected
server ret: [object Object]
chosen nonce: <Buffer bc df 52 a3 5d 55 fe 59>
switching to HANDSHAKE_2_SENT
received session key handshake3!
{ replyNonce: <Buffer bc df 52 a3 5d 55 fe 59> }
client authenticated/authorized by solving nonce!
switching to IN_COMM
Handler: secure connection with the client established.
{ id: 17,
  remoteAddress: '::ffff:10.0.1.46:47860',
  status: 'open' }
disconnected from auth
received secure communication!
Received seqNum: 0
data received from server via secure communication
Handler: socketID: 17 data: data1
toSend: { data: <Buffer 64 61 74 61 31>, id: 17 }
specified socketID: 17
Unidentified client disconnected
Handler: secure connection with the client closed.
socket #16 closed
Unidentified client connected
received session key handshake1
switching to HANDSHAKE_1_RECEIVED state.
session key id: 40101085
session key NOT found! sending session key id to AuthService
Distribution protocol: TCP
connected to auth! from local port 59052
received auth hello!
{ authId: 401, nonce: <Buffer 7f e7 a2 3f 9b 92 26 50> }
received session key response encrypted with distribution key
replyNonce in sessionKeyResp: <Buffer e0 6b 22 03 95 39 09 39>
auth nonce verified
handleSessionKeyResp: session key request succeeded! authFailureCount: 0
received 1 keys
Session key id is as expected
server ret: [object Object]
chosen nonce: <Buffer ff d4 ee 7f b7 03 d4 69>
switching to HANDSHAKE_2_SENT
received session key handshake3!
{ replyNonce: <Buffer ff d4 ee 7f b7 03 d4 69> }
client authenticated/authorized by solving nonce!
switching to IN_COMM
Handler: secure connection with the client established.
{ id: 18,
  remoteAddress: '::ffff:10.0.1.43:35982',
  status: 'open' }
disconnected from auth
received secure communication!
Received seqNum: 0
data received from server via secure communication
Handler: socketID: 18 data: data1
toSend: { data: <Buffer 64 61 74 61 31>, id: 18 }
specified socketID: 18
Unidentified client disconnected
Handler: secure connection with the client closed.
socket #17 closed
Unidentified client connected
received session key handshake1
switching to HANDSHAKE_1_RECEIVED state.
session key id: 40101088
session key NOT found! sending session key id to AuthService
Distribution protocol: TCP
connected to auth! from local port 59092
received auth hello!
{ authId: 401, nonce: <Buffer 74 af f2 cd bf b2 3f e4> }
received session key response encrypted with distribution key
replyNonce in sessionKeyResp: <Buffer 20 4f dc e2 76 61 86 76>
auth nonce verified
handleSessionKeyResp: session key request succeeded! authFailureCount: 0
received 1 keys
Session key id is as expected
server ret: [object Object]
chosen nonce: <Buffer 98 9e fb ff 1a 95 c0 aa>
switching to HANDSHAKE_2_SENT
disconnected from auth
received session key handshake3!
{ replyNonce: <Buffer 98 9e fb ff 1a 95 c0 aa> }
client authenticated/authorized by solving nonce!
switching to IN_COMM
Handler: secure connection with the client established.
{ id: 19,
  remoteAddress: '::ffff:10.0.1.46:48010',
  status: 'open' }
received secure communication!
Received seqNum: 0
data received from server via secure communication
Handler: socketID: 19 data: data1
toSend: { data: <Buffer 64 61 74 61 31>, id: 19 }
specified socketID: 19
Unidentified client disconnected
Handler: secure connection with the client closed.
socket #18 closed
Unidentified client connected
received session key handshake1
switching to HANDSHAKE_1_RECEIVED state.
session key id: 40101091
session key NOT found! sending session key id to AuthService
Distribution protocol: TCP
connected to auth! from local port 59250
received auth hello!
{ authId: 401, nonce: <Buffer 6a f1 de 70 7d ff f0 89> }
received session key response encrypted with distribution key
replyNonce in sessionKeyResp: <Buffer 93 8b 8f f0 e9 7a 1f df>
auth nonce verified
handleSessionKeyResp: session key request succeeded! authFailureCount: 0
received 1 keys
Session key id is as expected
server ret: [object Object]
chosen nonce: <Buffer 13 f1 f9 1e 91 88 d4 15>
switching to HANDSHAKE_2_SENT
disconnected from auth
received session key handshake3!
{ replyNonce: <Buffer 13 f1 f9 1e 91 88 d4 15> }
client authenticated/authorized by solving nonce!
switching to IN_COMM
Handler: secure connection with the client established.
{ id: 20,
  remoteAddress: '::ffff:10.0.1.43:36180',
  status: 'open' }
received secure communication!
Received seqNum: 0
data received from server via secure communication
Handler: socketID: 20 data: data1
toSend: { data: <Buffer 64 61 74 61 31>, id: 20 }
specified socketID: 20
Unidentified client disconnected
Handler: secure connection with the client closed.
socket #19 closed
Unidentified client connected
received session key handshake1
switching to HANDSHAKE_1_RECEIVED state.
session key id: 40101094
session key NOT found! sending session key id to AuthService
Distribution protocol: TCP
connected to auth! from local port 59300
Handler: Error in server - details: handshake2 timed out...
received auth hello!
{ authId: 401, nonce: <Buffer 04 6a a9 d4 6d 5b 40 00> }
received session key response encrypted with distribution key
replyNonce in sessionKeyResp: <Buffer 1d 28 11 fe 8a b8 06 6d>
auth nonce verified
handleSessionKeyResp: session key request succeeded! authFailureCount: 0
received 1 keys
Session key id is as expected
server ret: [object Object]
chosen nonce: <Buffer b0 bd 20 5d f1 8c 5d 50>
switching to HANDSHAKE_2_SENT
received session key handshake3!
{ replyNonce: <Buffer b0 bd 20 5d f1 8c 5d 50> }
client authenticated/authorized by solving nonce!
switching to IN_COMM
Handler: secure connection with the client established.
{ id: 21,
  remoteAddress: '::ffff:10.0.1.46:48218',
  status: 'open' }
disconnected from auth
received secure communication!
Received seqNum: 0
data received from server via secure communication
Handler: socketID: 21 data: data1
toSend: { data: <Buffer 64 61 74 61 31>, id: 21 }
specified socketID: 21
Unidentified client disconnected
Handler: secure connection with the client closed.
socket #20 closed
Unidentified client connected
received session key handshake1
switching to HANDSHAKE_1_RECEIVED state.
session key id: 40101098
session key NOT found! sending session key id to AuthService
Distribution protocol: TCP
connected to auth! from local port 59454
received auth hello!
{ authId: 401, nonce: <Buffer 6d 66 7b 6f 16 11 37 58> }
received session key response encrypted with distribution key
replyNonce in sessionKeyResp: <Buffer b5 13 3c da a0 69 5a cc>
auth nonce verified
handleSessionKeyResp: session key request succeeded! authFailureCount: 0
received 1 keys
Session key id is as expected
server ret: [object Object]
chosen nonce: <Buffer d1 0c bb 45 3a 20 1d c2>
switching to HANDSHAKE_2_SENT
disconnected from auth
received session key handshake3!
{ replyNonce: <Buffer d1 0c bb 45 3a 20 1d c2> }
client authenticated/authorized by solving nonce!
switching to IN_COMM
Handler: secure connection with the client established.
{ id: 22,
  remoteAddress: '::ffff:10.0.1.43:36384',
  status: 'open' }
received secure communication!
Received seqNum: 0
data received from server via secure communication
Handler: socketID: 22 data: data1
toSend: { data: <Buffer 64 61 74 61 31>, id: 22 }
specified socketID: 22
Unidentified client disconnected
Handler: secure connection with the client closed.
socket #21 closed
Unidentified client connected
received session key handshake1
switching to HANDSHAKE_1_RECEIVED state.
session key id: 40101101
session key NOT found! sending session key id to AuthService
Distribution protocol: TCP
connected to auth! from local port 59504
received auth hello!
{ authId: 401, nonce: <Buffer 2a 1d 55 27 e1 8b 5b 50> }
received session key response encrypted with distribution key
replyNonce in sessionKeyResp: <Buffer e2 98 f8 65 8b 09 c2 f2>
auth nonce verified
handleSessionKeyResp: session key request succeeded! authFailureCount: 0
received 1 keys
Session key id is as expected
server ret: [object Object]
chosen nonce: <Buffer b6 48 e8 83 8a 1c 3f f8>
switching to HANDSHAKE_2_SENT
disconnected from auth
received session key handshake3!
{ replyNonce: <Buffer b6 48 e8 83 8a 1c 3f f8> }
client authenticated/authorized by solving nonce!
switching to IN_COMM
Handler: secure connection with the client established.
{ id: 23,
  remoteAddress: '::ffff:10.0.1.46:48422',
  status: 'open' }
received secure communication!
Received seqNum: 0
data received from server via secure communication
Handler: socketID: 23 data: data1
toSend: { data: <Buffer 64 61 74 61 31>, id: 23 }
specified socketID: 23
Unidentified client disconnected
Handler: secure connection with the client closed.
socket #22 closed
Unidentified client connected
received session key handshake1
switching to HANDSHAKE_1_RECEIVED state.
session key id: 40101106
session key NOT found! sending session key id to AuthService
Distribution protocol: TCP
connected to auth! from local port 59680
received auth hello!
{ authId: 401, nonce: <Buffer 89 1e 66 9c f2 d6 9a bd> }
received session key response encrypted with distribution key
replyNonce in sessionKeyResp: <Buffer 60 62 42 0d 9e 88 8f 63>
auth nonce verified
handleSessionKeyResp: session key request succeeded! authFailureCount: 0
received 1 keys
Session key id is as expected
server ret: [object Object]
chosen nonce: <Buffer f8 bb 06 a4 3a 79 40 b1>
switching to HANDSHAKE_2_SENT
disconnected from auth
received session key handshake3!
{ replyNonce: <Buffer f8 bb 06 a4 3a 79 40 b1> }
client authenticated/authorized by solving nonce!
switching to IN_COMM
Handler: secure connection with the client established.
{ id: 24,
  remoteAddress: '::ffff:10.0.1.43:36610',
  status: 'open' }
received secure communication!
Received seqNum: 0
data received from server via secure communication
Handler: socketID: 24 data: data1
toSend: { data: <Buffer 64 61 74 61 31>, id: 24 }
specified socketID: 24
Unidentified client disconnected
Handler: secure connection with the client closed.
socket #23 closed
Unidentified client connected
received session key handshake1
switching to HANDSHAKE_1_RECEIVED state.
session key id: 40101109
session key NOT found! sending session key id to AuthService
Distribution protocol: TCP
connected to auth! from local port 59722
received auth hello!
{ authId: 401, nonce: <Buffer a6 07 e3 de 1b a9 84 6f> }
received session key response encrypted with distribution key
replyNonce in sessionKeyResp: <Buffer f4 42 8f 47 cd 3f cc 2b>
auth nonce verified
handleSessionKeyResp: session key request succeeded! authFailureCount: 0
received 1 keys
Session key id is as expected
server ret: [object Object]
chosen nonce: <Buffer 26 55 1c bd 9c 10 cd 20>
switching to HANDSHAKE_2_SENT
disconnected from auth
received session key handshake3!
{ replyNonce: <Buffer 26 55 1c bd 9c 10 cd 20> }
client authenticated/authorized by solving nonce!
switching to IN_COMM
Handler: secure connection with the client established.
{ id: 25,
  remoteAddress: '::ffff:10.0.1.46:48640',
  status: 'open' }
received secure communication!
Received seqNum: 0
data received from server via secure communication
Handler: socketID: 25 data: data1
toSend: { data: <Buffer 64 61 74 61 31>, id: 25 }
specified socketID: 25
Unidentified client disconnected
Handler: secure connection with the client closed.
socket #24 closed
Unidentified client connected
received session key handshake1
switching to HANDSHAKE_1_RECEIVED state.
session key id: 40101115
session key NOT found! sending session key id to AuthService
Distribution protocol: TCP
connected to auth! from local port 59894
received auth hello!
{ authId: 401, nonce: <Buffer 06 c5 05 e0 c6 d9 1a e3> }
received session key response encrypted with distribution key
replyNonce in sessionKeyResp: <Buffer 55 6c a0 19 ce ea d3 d7>
auth nonce verified
handleSessionKeyResp: session key request succeeded! authFailureCount: 0
received 1 keys
Session key id is as expected
server ret: [object Object]
chosen nonce: <Buffer ab be eb 2c 39 71 e9 2b>
switching to HANDSHAKE_2_SENT
disconnected from auth
received session key handshake3!
{ replyNonce: <Buffer ab be eb 2c 39 71 e9 2b> }
client authenticated/authorized by solving nonce!
switching to IN_COMM
Handler: secure connection with the client established.
{ id: 26,
  remoteAddress: '::ffff:10.0.1.43:36824',
  status: 'open' }
received secure communication!
Received seqNum: 0
data received from server via secure communication
Handler: socketID: 26 data: data1
toSend: { data: <Buffer 64 61 74 61 31>, id: 26 }
specified socketID: 26
Unidentified client disconnected
Handler: secure connection with the client closed.
socket #25 closed
Unidentified client connected
received session key handshake1
switching to HANDSHAKE_1_RECEIVED state.
session key id: 40101118
session key NOT found! sending session key id to AuthService
Distribution protocol: TCP
connected to auth! from local port 59936
received auth hello!
{ authId: 401, nonce: <Buffer 28 b3 79 85 15 d3 bb 52> }
received session key response encrypted with distribution key
replyNonce in sessionKeyResp: <Buffer 8f 89 cb 35 26 8f 0d 5e>
auth nonce verified
handleSessionKeyResp: session key request succeeded! authFailureCount: 0
received 1 keys
Session key id is as expected
server ret: [object Object]
chosen nonce: <Buffer 78 1e 2f ae f8 70 ca 87>
switching to HANDSHAKE_2_SENT
disconnected from auth
received session key handshake3!
{ replyNonce: <Buffer 78 1e 2f ae f8 70 ca 87> }
client authenticated/authorized by solving nonce!
switching to IN_COMM
Handler: secure connection with the client established.
{ id: 27,
  remoteAddress: '::ffff:10.0.1.46:48854',
  status: 'open' }
received secure communication!
Received seqNum: 0
data received from server via secure communication
Handler: socketID: 27 data: data1
toSend: { data: <Buffer 64 61 74 61 31>, id: 27 }
specified socketID: 27
Unidentified client disconnected
Handler: secure connection with the client closed.
socket #26 closed
Unidentified client connected
received session key handshake1
switching to HANDSHAKE_1_RECEIVED state.
session key id: 40101126
session key NOT found! sending session key id to AuthService
Distribution protocol: TCP
connected to auth! from local port 60138
received auth hello!
{ authId: 401, nonce: <Buffer 53 58 84 a8 b0 0c af 49> }
received session key response encrypted with distribution key
replyNonce in sessionKeyResp: <Buffer 9b 5e 23 71 78 e6 a1 b1>
auth nonce verified
handleSessionKeyResp: session key request succeeded! authFailureCount: 0
received 1 keys
Session key id is as expected
server ret: [object Object]
chosen nonce: <Buffer 83 e1 ee fc 6a 31 f7 59>
switching to HANDSHAKE_2_SENT
received session key handshake3!
{ replyNonce: <Buffer 83 e1 ee fc 6a 31 f7 59> }
client authenticated/authorized by solving nonce!
switching to IN_COMM
Handler: secure connection with the client established.
{ id: 28,
  remoteAddress: '::ffff:10.0.1.43:37068',
  status: 'open' }
disconnected from auth
received secure communication!
Received seqNum: 0
data received from server via secure communication
Handler: socketID: 28 data: data1
toSend: { data: <Buffer 64 61 74 61 31>, id: 28 }
specified socketID: 28
Unidentified client disconnected
Handler: secure connection with the client closed.
socket #27 closed
Unidentified client connected
received session key handshake1
switching to HANDSHAKE_1_RECEIVED state.
session key id: 40101129
session key NOT found! sending session key id to AuthService
Distribution protocol: TCP
connected to auth! from local port 60180
received auth hello!
{ authId: 401, nonce: <Buffer 51 94 9b 0a aa b0 0a ab> }
received session key response encrypted with distribution key
replyNonce in sessionKeyResp: <Buffer e5 88 23 ea ab 71 96 8e>
auth nonce verified
handleSessionKeyResp: session key request succeeded! authFailureCount: 0
received 1 keys
Session key id is as expected
server ret: [object Object]
chosen nonce: <Buffer 5b c5 e0 2f 57 bb 49 b4>
switching to HANDSHAKE_2_SENT
disconnected from auth
received session key handshake3!
{ replyNonce: <Buffer 5b c5 e0 2f 57 bb 49 b4> }
client authenticated/authorized by solving nonce!
switching to IN_COMM
Handler: secure connection with the client established.
{ id: 29,
  remoteAddress: '::ffff:10.0.1.46:49098',
  status: 'open' }
received secure communication!
Received seqNum: 0
data received from server via secure communication
Handler: socketID: 29 data: data1
toSend: { data: <Buffer 64 61 74 61 31>, id: 29 }
specified socketID: 29
Unidentified client disconnected
Handler: secure connection with the client closed.
socket #28 closed
Unidentified client connected
received session key handshake1
switching to HANDSHAKE_1_RECEIVED state.
session key id: 40101135
session key NOT found! sending session key id to AuthService
Distribution protocol: TCP
connected to auth! from local port 60374
received auth hello!
{ authId: 401, nonce: <Buffer d5 16 74 c8 a1 65 d8 4e> }
received session key response encrypted with distribution key
replyNonce in sessionKeyResp: <Buffer dd 40 be 7f 44 b7 86 d2>
auth nonce verified
handleSessionKeyResp: session key request succeeded! authFailureCount: 0
received 1 keys
Session key id is as expected
server ret: [object Object]
chosen nonce: <Buffer 10 4f d7 be 05 12 ab 65>
switching to HANDSHAKE_2_SENT
disconnected from auth
received session key handshake3!
{ replyNonce: <Buffer 10 4f d7 be 05 12 ab 65> }
client authenticated/authorized by solving nonce!
switching to IN_COMM
Handler: secure connection with the client established.
{ id: 30,
  remoteAddress: '::ffff:10.0.1.43:37302',
  status: 'open' }
received secure communication!
Received seqNum: 0
data received from server via secure communication
Handler: socketID: 30 data: data1
toSend: { data: <Buffer 64 61 74 61 31>, id: 30 }
specified socketID: 30
Unidentified client disconnected
Handler: secure connection with the client closed.
socket #29 closed
Unidentified client connected
received session key handshake1
switching to HANDSHAKE_1_RECEIVED state.
session key id: 40101138
session key NOT found! sending session key id to AuthService
Distribution protocol: TCP
connected to auth! from local port 60422
received auth hello!
{ authId: 401, nonce: <Buffer 67 58 a6 cf 6d 83 e2 2d> }
received session key response encrypted with distribution key
replyNonce in sessionKeyResp: <Buffer 9c f8 8f fb 1b 5a 97 b1>
auth nonce verified
handleSessionKeyResp: session key request succeeded! authFailureCount: 0
received 1 keys
Session key id is as expected
server ret: [object Object]
chosen nonce: <Buffer 3a 2d 7a 9a 44 c2 9b a5>
switching to HANDSHAKE_2_SENT
received session key handshake3!
{ replyNonce: <Buffer 3a 2d 7a 9a 44 c2 9b a5> }
client authenticated/authorized by solving nonce!
switching to IN_COMM
Handler: secure connection with the client established.
{ id: 31,
  remoteAddress: '::ffff:10.0.1.46:49342',
  status: 'open' }
disconnected from auth
received secure communication!
Received seqNum: 0
data received from server via secure communication
Handler: socketID: 31 data: data1
toSend: { data: <Buffer 64 61 74 61 31>, id: 31 }
specified socketID: 31
Unidentified client disconnected
Handler: secure connection with the client closed.
socket #30 closed
Unidentified client connected
received session key handshake1
switching to HANDSHAKE_1_RECEIVED state.
session key id: 40101144
session key NOT found! sending session key id to AuthService
Distribution protocol: TCP
connected to auth! from local port 60612
Handler: Error in server - details: handshake2 timed out...
Unidentified client disconnected
Handler: secure connection with the client closed.
socket #31 closed
Unidentified client connected
received session key handshake1
switching to HANDSHAKE_1_RECEIVED state.
session key id: 40101147
session key NOT found! sending session key id to AuthService
Distribution protocol: TCP
connected to auth! from local port 60652
received auth hello!
{ authId: 401, nonce: <Buffer ba 31 0a 38 71 6d ec 8a> }
received session key response encrypted with distribution key
replyNonce in sessionKeyResp: <Buffer f2 c3 52 aa 00 9b de 78>
auth nonce verified
handleSessionKeyResp: session key request succeeded! authFailureCount: 0
received 1 keys
Session key id is as expected
server ret: [object Object]
chosen nonce: <Buffer c9 7a 16 f6 c9 97 e0 c6>
switching to HANDSHAKE_2_SENT
disconnected from auth
received session key handshake3!
{ replyNonce: <Buffer c9 7a 16 f6 c9 97 e0 c6> }
client authenticated/authorized by solving nonce!
switching to IN_COMM
Handler: secure connection with the client established.
{ id: 32,
  remoteAddress: '::ffff:10.0.1.46:49572',
  status: 'open' }
received secure communication!
Received seqNum: 0
data received from server via secure communication
Handler: socketID: 32 data: data1
toSend: { data: <Buffer 64 61 74 61 31>, id: 32 }
specified socketID: 32
Unidentified client disconnected
Handler: Error in server - details: Closed during comm init from undefined:undefined
Handler: Error in server - details: Auth hello timedout ...
Unidentified client connected
received session key handshake1
switching to HANDSHAKE_1_RECEIVED state.
session key id: 40101155
session key NOT found! sending session key id to AuthService
Distribution protocol: TCP
connected to auth! from local port 60840
Handler: Error in server - details: handshake2 timed out...
Unidentified client disconnected
Handler: secure connection with the client closed.
socket #32 closed
Unidentified client connected
received session key handshake1
switching to HANDSHAKE_1_RECEIVED state.
session key id: 40101158
session key NOT found! sending session key id to AuthService
Distribution protocol: TCP
connected to auth! from local port 60876
received auth hello!
{ authId: 401, nonce: <Buffer 52 b9 64 79 45 d1 81 ea> }
received session key response encrypted with distribution key
replyNonce in sessionKeyResp: <Buffer 18 6c 36 fa e8 dd ce 27>
auth nonce verified
handleSessionKeyResp: session key request succeeded! authFailureCount: 0
received 1 keys
Session key id is as expected
server ret: [object Object]
chosen nonce: <Buffer ec ca f9 6f d6 d4 3e 40>
switching to HANDSHAKE_2_SENT
received session key handshake3!
{ replyNonce: <Buffer ec ca f9 6f d6 d4 3e 40> }
client authenticated/authorized by solving nonce!
switching to IN_COMM
Handler: secure connection with the client established.
{ id: 33,
  remoteAddress: '::ffff:10.0.1.46:49794',
  status: 'open' }
disconnected from auth
received secure communication!
Received seqNum: 0
data received from server via secure communication
Handler: socketID: 33 data: data1
toSend: { data: <Buffer 64 61 74 61 31>, id: 33 }
specified socketID: 33
Unidentified client disconnected
Handler: Error in server - details: Closed during comm init from undefined:undefined
Handler: Error in server - details: Auth hello timedout ...
Unidentified client connected
received session key handshake1
switching to HANDSHAKE_1_RECEIVED state.
session key id: 40101167
session key NOT found! sending session key id to AuthService
Distribution protocol: TCP
connected to auth! from local port 32834
Handler: Error in server - details: handshake2 timed out...
Unidentified client disconnected
Handler: secure connection with the client closed.
socket #33 closed
Unidentified client connected
received session key handshake1
switching to HANDSHAKE_1_RECEIVED state.
session key id: 40101170
session key NOT found! sending session key id to AuthService
Distribution protocol: TCP
connected to auth! from local port 32876
received auth hello!
{ authId: 401, nonce: <Buffer 5d f6 0b 51 87 46 96 11> }
received session key response encrypted with distribution key
replyNonce in sessionKeyResp: <Buffer 9f b6 77 42 e5 95 6b b8>
auth nonce verified
handleSessionKeyResp: session key request succeeded! authFailureCount: 0
received 1 keys
Session key id is as expected
server ret: [object Object]
chosen nonce: <Buffer 8c 25 cc 33 aa e5 d4 59>
switching to HANDSHAKE_2_SENT
disconnected from auth
received session key handshake3!
{ replyNonce: <Buffer 8c 25 cc 33 aa e5 d4 59> }
client authenticated/authorized by solving nonce!
switching to IN_COMM
Handler: secure connection with the client established.
{ id: 34,
  remoteAddress: '::ffff:10.0.1.46:50026',
  status: 'open' }
received secure communication!
Received seqNum: 0
data received from server via secure communication
Handler: socketID: 34 data: data1
toSend: { data: <Buffer 64 61 74 61 31>, id: 34 }
specified socketID: 34
Handler: Error in server - details: Disconnected from auth before getting session key response
Handler: Error in server - details: Disconnected from auth before getting session key response
Handler: Error in server - details: Disconnected from auth before getting session key response
Unidentified client disconnected
Handler: Error in server - details: Closed during comm init from undefined:undefined
Handler: Error in server - details: Auth hello timedout ...
Unidentified client connected
received session key handshake1
switching to HANDSHAKE_1_RECEIVED state.
session key id: 40101179
session key NOT found! sending session key id to AuthService
Distribution protocol: TCP
connected to auth! from local port 33030
Handler: Error in server - details: handshake2 timed out...
Unidentified client disconnected
Handler: secure connection with the client closed.
socket #34 closed
Unidentified client connected
received session key handshake1
switching to HANDSHAKE_1_RECEIVED state.
session key id: 40101182
session key NOT found! sending session key id to AuthService
Distribution protocol: TCP
connected to auth! from local port 33068
received auth hello!
{ authId: 401, nonce: <Buffer 47 be 13 6f 7b ef 07 b3> }
received session key response encrypted with distribution key
replyNonce in sessionKeyResp: <Buffer 06 67 7b 93 e4 4b 01 d9>
auth nonce verified
handleSessionKeyResp: session key request succeeded! authFailureCount: 0
received 1 keys
Session key id is as expected
server ret: [object Object]
chosen nonce: <Buffer 21 fa 0a 3d 18 40 b2 a0>
switching to HANDSHAKE_2_SENT
disconnected from auth
received session key handshake3!
{ replyNonce: <Buffer 21 fa 0a 3d 18 40 b2 a0> }
client authenticated/authorized by solving nonce!
switching to IN_COMM
Handler: secure connection with the client established.
{ id: 35,
  remoteAddress: '::ffff:10.0.1.46:50220',
  status: 'open' }
received secure communication!
Received seqNum: 0
data received from server via secure communication
Handler: socketID: 35 data: data1
toSend: { data: <Buffer 64 61 74 61 31>, id: 35 }
specified socketID: 35
Unidentified client disconnected
Handler: Error in server - details: Closed during comm init from undefined:undefined
Handler: Error in server - details: Auth hello timedout ...
Unidentified client connected
received session key handshake1
switching to HANDSHAKE_1_RECEIVED state.
session key id: 40101190
session key NOT found! sending session key id to AuthService
Distribution protocol: TCP
connected to auth! from local port 33212
Handler: Error in server - details: handshake2 timed out...
Unidentified client disconnected
Handler: secure connection with the client closed.
socket #35 closed
Unidentified client connected
received session key handshake1
switching to HANDSHAKE_1_RECEIVED state.
session key id: 40101193
session key NOT found! sending session key id to AuthService
Distribution protocol: TCP
connected to auth! from local port 33252
received auth hello!
{ authId: 401, nonce: <Buffer cb 65 8b 93 9e 18 fc 77> }
received session key response encrypted with distribution key
replyNonce in sessionKeyResp: <Buffer 80 92 7b 8f 33 07 49 9c>
auth nonce verified
handleSessionKeyResp: session key request succeeded! authFailureCount: 0
received 1 keys
Session key id is as expected
server ret: [object Object]
chosen nonce: <Buffer bd e3 a2 df e9 cb bc ed>
switching to HANDSHAKE_2_SENT
disconnected from auth
received session key handshake3!
{ replyNonce: <Buffer bd e3 a2 df e9 cb bc ed> }
client authenticated/authorized by solving nonce!
switching to IN_COMM
Handler: secure connection with the client established.
{ id: 36,
  remoteAddress: '::ffff:10.0.1.46:50404',
  status: 'open' }
received secure communication!
Received seqNum: 0
data received from server via secure communication
Handler: socketID: 36 data: data1
toSend: { data: <Buffer 64 61 74 61 31>, id: 36 }
specified socketID: 36
Unidentified client disconnected
Handler: Error in server - details: Closed during comm init from undefined:undefined
Handler: Error in server - details: Auth hello timedout ...
Unidentified client connected
received session key handshake1
switching to HANDSHAKE_1_RECEIVED state.
session key id: 40101202
session key NOT found! sending session key id to AuthService
Distribution protocol: TCP
connected to auth! from local port 33390
Handler: Error in server - details: handshake2 timed out...
Unidentified client disconnected
Handler: secure connection with the client closed.
socket #36 closed
Unidentified client connected
received session key handshake1
switching to HANDSHAKE_1_RECEIVED state.
session key id: 40101205
session key NOT found! sending session key id to AuthService
Distribution protocol: TCP
connected to auth! from local port 33426
received auth hello!
{ authId: 401, nonce: <Buffer 38 7d f0 7d 45 35 21 7b> }
received session key response encrypted with distribution key
replyNonce in sessionKeyResp: <Buffer 32 ef 7a 75 4d 1e a8 93>
auth nonce verified
handleSessionKeyResp: session key request succeeded! authFailureCount: 0
received 1 keys
Session key id is as expected
server ret: [object Object]
chosen nonce: <Buffer a4 3d b8 e1 18 12 fe 70>
switching to HANDSHAKE_2_SENT
disconnected from auth
received session key handshake3!
{ replyNonce: <Buffer a4 3d b8 e1 18 12 fe 70> }
client authenticated/authorized by solving nonce!
switching to IN_COMM
Handler: secure connection with the client established.
{ id: 37,
  remoteAddress: '::ffff:10.0.1.46:50578',
  status: 'open' }
received secure communication!
Received seqNum: 0
data received from server via secure communication
Handler: socketID: 37 data: data1
toSend: { data: <Buffer 64 61 74 61 31>, id: 37 }
specified socketID: 37
Unidentified client disconnected
Handler: Error in server - details: Closed during comm init from undefined:undefined
Handler: Error in server - details: Auth hello timedout ...
Unidentified client connected
received session key handshake1
switching to HANDSHAKE_1_RECEIVED state.
session key id: 40101214
session key NOT found! sending session key id to AuthService
Distribution protocol: TCP
connected to auth! from local port 33576
Handler: Error in server - details: handshake2 timed out...
Unidentified client disconnected
Handler: secure connection with the client closed.
socket #37 closed
Unidentified client connected
received session key handshake1
switching to HANDSHAKE_1_RECEIVED state.
session key id: 40101217
session key NOT found! sending session key id to AuthService
Distribution protocol: TCP
connected to auth! from local port 33612
received auth hello!
{ authId: 401, nonce: <Buffer ed 5a f7 b0 de e4 b6 a7> }
received session key response encrypted with distribution key
replyNonce in sessionKeyResp: <Buffer 9d 8d d0 87 21 2e 60 84>
auth nonce verified
handleSessionKeyResp: session key request succeeded! authFailureCount: 0
received 1 keys
Session key id is as expected
server ret: [object Object]
chosen nonce: <Buffer 0d c2 c8 84 e9 82 30 e9>
switching to HANDSHAKE_2_SENT
received session key handshake3!
{ replyNonce: <Buffer 0d c2 c8 84 e9 82 30 e9> }
client authenticated/authorized by solving nonce!
switching to IN_COMM
Handler: secure connection with the client established.
{ id: 38,
  remoteAddress: '::ffff:10.0.1.46:50764',
  status: 'open' }
disconnected from auth
received secure communication!
Received seqNum: 0
data received from server via secure communication
Handler: socketID: 38 data: data1
toSend: { data: <Buffer 64 61 74 61 31>, id: 38 }
specified socketID: 38
Unidentified client disconnected
Handler: Error in server - details: Closed during comm init from undefined:undefined
Handler: Error in server - details: Auth hello timedout ...
Unidentified client connected
received session key handshake1
switching to HANDSHAKE_1_RECEIVED state.
session key id: 40101225
session key NOT found! sending session key id to AuthService
Distribution protocol: TCP
connected to auth! from local port 33738
Handler: Error in server - details: handshake2 timed out...
Unidentified client disconnected
Handler: secure connection with the client closed.
socket #38 closed
Unidentified client connected
received session key handshake1
switching to HANDSHAKE_1_RECEIVED state.
session key id: 40101228
session key NOT found! sending session key id to AuthService
Distribution protocol: TCP
connected to auth! from local port 33778
received auth hello!
{ authId: 401, nonce: <Buffer f3 32 70 aa fd 1f bb 84> }
received session key response encrypted with distribution key
replyNonce in sessionKeyResp: <Buffer 92 06 a2 46 28 c5 ee 76>
auth nonce verified
handleSessionKeyResp: session key request succeeded! authFailureCount: 0
received 1 keys
Session key id is as expected
server ret: [object Object]
chosen nonce: <Buffer fb 63 a9 55 ad d2 e8 5a>
switching to HANDSHAKE_2_SENT
received session key handshake3!
{ replyNonce: <Buffer fb 63 a9 55 ad d2 e8 5a> }
client authenticated/authorized by solving nonce!
switching to IN_COMM
Handler: secure connection with the client established.
{ id: 39,
  remoteAddress: '::ffff:10.0.1.46:50930',
  status: 'open' }
disconnected from auth
received secure communication!
Received seqNum: 0
data received from server via secure communication
Handler: socketID: 39 data: data1
toSend: { data: <Buffer 64 61 74 61 31>, id: 39 }
specified socketID: 39
Unidentified client disconnected
Handler: Error in server - details: Closed during comm init from undefined:undefined
Handler: Error in server - details: Auth hello timedout ...
Unidentified client connected
received session key handshake1
switching to HANDSHAKE_1_RECEIVED state.
session key id: 40101237
session key NOT found! sending session key id to AuthService
Distribution protocol: TCP
connected to auth! from local port 33910
Handler: Error in server - details: handshake2 timed out...
Unidentified client disconnected
Handler: secure connection with the client closed.
socket #39 closed
Unidentified client connected
received session key handshake1
switching to HANDSHAKE_1_RECEIVED state.
session key id: 40101240
session key NOT found! sending session key id to AuthService
Distribution protocol: TCP
connected to auth! from local port 33952
received auth hello!
{ authId: 401, nonce: <Buffer f8 c5 84 99 ba 8b ff b0> }
received session key response encrypted with distribution key
replyNonce in sessionKeyResp: <Buffer 53 27 7e 27 6f 4e 63 5e>
auth nonce verified
handleSessionKeyResp: session key request succeeded! authFailureCount: 0
received 1 keys
Session key id is as expected
server ret: [object Object]
chosen nonce: <Buffer 78 7b da c1 66 0c 94 da>
switching to HANDSHAKE_2_SENT
disconnected from auth
received session key handshake3!
{ replyNonce: <Buffer 78 7b da c1 66 0c 94 da> }
client authenticated/authorized by solving nonce!
switching to IN_COMM
Handler: secure connection with the client established.
{ id: 40,
  remoteAddress: '::ffff:10.0.1.46:51104',
  status: 'open' }
received secure communication!
Received seqNum: 0
data received from server via secure communication
Handler: socketID: 40 data: data1
toSend: { data: <Buffer 64 61 74 61 31>, id: 40 }
specified socketID: 40
Unidentified client disconnected
Handler: Error in server - details: Closed during comm init from undefined:undefined
Handler: Error in server - details: Auth hello timedout ...
Unidentified client connected
received session key handshake1
switching to HANDSHAKE_1_RECEIVED state.
session key id: 40101250
session key NOT found! sending session key id to AuthService
Distribution protocol: TCP
connected to auth! from local port 34086
Handler: Error in server - details: handshake2 timed out...
Unidentified client disconnected
Handler: secure connection with the client closed.
socket #40 closed
Unidentified client connected
received session key handshake1
switching to HANDSHAKE_1_RECEIVED state.
session key id: 40101253
session key NOT found! sending session key id to AuthService
Distribution protocol: TCP
connected to auth! from local port 34124
received auth hello!
{ authId: 401, nonce: <Buffer 7d 89 99 2d 74 53 5a b8> }
received session key response encrypted with distribution key
replyNonce in sessionKeyResp: <Buffer 7b e2 c6 71 52 7c 19 dc>
auth nonce verified
handleSessionKeyResp: session key request succeeded! authFailureCount: 0
received 1 keys
Session key id is as expected
server ret: [object Object]
chosen nonce: <Buffer 86 b6 61 58 17 65 9a ea>
switching to HANDSHAKE_2_SENT
disconnected from auth
received session key handshake3!
{ replyNonce: <Buffer 86 b6 61 58 17 65 9a ea> }
client authenticated/authorized by solving nonce!
switching to IN_COMM
Handler: secure connection with the client established.
{ id: 41,
  remoteAddress: '::ffff:10.0.1.46:51276',
  status: 'open' }
received secure communication!
Received seqNum: 0
data received from server via secure communication
Handler: socketID: 41 data: data1
toSend: { data: <Buffer 64 61 74 61 31>, id: 41 }
specified socketID: 41
Unidentified client disconnected
Handler: Error in server - details: Closed during comm init from undefined:undefined
Handler: Error in server - details: Auth hello timedout ...
Unidentified client connected
received session key handshake1
switching to HANDSHAKE_1_RECEIVED state.
session key id: 40101263
session key NOT found! sending session key id to AuthService
Distribution protocol: TCP
connected to auth! from local port 34262
Handler: Error in server - details: handshake2 timed out...
Unidentified client disconnected
Handler: secure connection with the client closed.
socket #41 closed
Unidentified client connected
received session key handshake1
switching to HANDSHAKE_1_RECEIVED state.
session key id: 40101266
session key NOT found! sending session key id to AuthService
Distribution protocol: TCP
connected to auth! from local port 34296
received auth hello!
{ authId: 401, nonce: <Buffer fe 99 43 b6 a1 80 15 ed> }
received session key response encrypted with distribution key
replyNonce in sessionKeyResp: <Buffer 57 8a a3 8c eb 55 72 a9>
auth nonce verified
handleSessionKeyResp: session key request succeeded! authFailureCount: 0
received 1 keys
Session key id is as expected
server ret: [object Object]
chosen nonce: <Buffer 98 28 04 d1 7e b8 8d ab>
switching to HANDSHAKE_2_SENT
received session key handshake3!
{ replyNonce: <Buffer 98 28 04 d1 7e b8 8d ab> }
client authenticated/authorized by solving nonce!
switching to IN_COMM
Handler: secure connection with the client established.
{ id: 42,
  remoteAddress: '::ffff:10.0.1.46:51448',
  status: 'open' }
disconnected from auth
received secure communication!
Received seqNum: 0
data received from server via secure communication
Handler: socketID: 42 data: data1
toSend: { data: <Buffer 64 61 74 61 31>, id: 42 }
specified socketID: 42
Unidentified client disconnected
Handler: Error in server - details: Closed during comm init from undefined:undefined
Handler: Error in server - details: Auth hello timedout ...
Unidentified client connected
received session key handshake1
switching to HANDSHAKE_1_RECEIVED state.
session key id: 40101275
session key NOT found! sending session key id to AuthService
Distribution protocol: TCP
connected to auth! from local port 34432
Handler: Error in server - details: handshake2 timed out...
Unidentified client disconnected
Handler: secure connection with the client closed.
socket #42 closed
Unidentified client connected
received session key handshake1
switching to HANDSHAKE_1_RECEIVED state.
session key id: 40101278
session key NOT found! sending session key id to AuthService
Distribution protocol: TCP
connected to auth! from local port 34466
received auth hello!
{ authId: 401, nonce: <Buffer 04 63 4b 6d 4e cd 3c 3e> }
received session key response encrypted with distribution key
replyNonce in sessionKeyResp: <Buffer a1 9f 7a 45 2a b0 04 f0>
auth nonce verified
handleSessionKeyResp: session key request succeeded! authFailureCount: 0
received 1 keys
Session key id is as expected
server ret: [object Object]
chosen nonce: <Buffer 35 a5 0b 52 bf e2 86 31>
switching to HANDSHAKE_2_SENT
received session key handshake3!
{ replyNonce: <Buffer 35 a5 0b 52 bf e2 86 31> }
client authenticated/authorized by solving nonce!
switching to IN_COMM
Handler: secure connection with the client established.
{ id: 43,
  remoteAddress: '::ffff:10.0.1.46:51618',
  status: 'open' }
disconnected from auth
received secure communication!
Received seqNum: 0
data received from server via secure communication
Handler: socketID: 43 data: data1
toSend: { data: <Buffer 64 61 74 61 31>, id: 43 }
specified socketID: 43
Unidentified client disconnected
Handler: Error in server - details: Closed during comm init from undefined:undefined
Handler: Error in server - details: Auth hello timedout ...
Unidentified client connected
received session key handshake1
switching to HANDSHAKE_1_RECEIVED state.
session key id: 40101288
session key NOT found! sending session key id to AuthService
Distribution protocol: TCP
connected to auth! from local port 34616
Handler: Error in server - details: handshake2 timed out...
Unidentified client disconnected
Handler: secure connection with the client closed.
socket #43 closed
Unidentified client connected
received session key handshake1
switching to HANDSHAKE_1_RECEIVED state.
session key id: 40101291
session key NOT found! sending session key id to AuthService
Distribution protocol: TCP
connected to auth! from local port 34650
received auth hello!
{ authId: 401, nonce: <Buffer bc 15 9c 00 ed 99 e7 a5> }
received session key response encrypted with distribution key
replyNonce in sessionKeyResp: <Buffer 67 bf 1a c6 f0 94 d8 b5>
auth nonce verified
handleSessionKeyResp: session key request succeeded! authFailureCount: 0
received 1 keys
Session key id is as expected
server ret: [object Object]
chosen nonce: <Buffer 7d e7 1a f2 5b 82 6b e9>
switching to HANDSHAKE_2_SENT
disconnected from auth
received session key handshake3!
{ replyNonce: <Buffer 7d e7 1a f2 5b 82 6b e9> }
client authenticated/authorized by solving nonce!
switching to IN_COMM
Handler: secure connection with the client established.
{ id: 44,
  remoteAddress: '::ffff:10.0.1.46:51802',
  status: 'open' }
received secure communication!
Received seqNum: 0
data received from server via secure communication
Handler: socketID: 44 data: data1
toSend: { data: <Buffer 64 61 74 61 31>, id: 44 }
specified socketID: 44
Unidentified client disconnected
Handler: Error in server - details: Closed during comm init from undefined:undefined
Unidentified client disconnected
Handler: secure connection with the client closed.
socket #44 closed
Handler: Error in server - details: Auth hello timedout ...
