changing working directory to: /home/hokeunkim/Development/iotauth/entity/node/example_entities
loading from config file: /home/hokeunkim/Development/iotauth_experiments/experiments/ccs2017/expOptions/expEntity.option
Experimental options for autoClient: { autoSendPeriod: 60000,
  useSameSessionKeyCount: 1,
  connectionTimeout: 50000,
  migrationEnabled: true,
  authFailureThreshold: 2,
  migrationFailureThreshold: 2 }
loading from config file: /home/hokeunkim/Development/iotauth/entity/node/example_entities/configs/Clients/c404.config
initializing...
current parameters: { numKeysPerRequest: 3,
  migrationEnabled: false,
  authFailureThreshold: 3,
  migrationFailureThreshold: 3 }
current parameters: { numKeysPerRequest: 1,
  migrationEnabled: false,
  authFailureThreshold: 3,
  migrationFailureThreshold: 3 }
current parameters: { numKeysPerRequest: 1,
  migrationEnabled: true,
  authFailureThreshold: 3,
  migrationFailureThreshold: 3 }
current parameters: { numKeysPerRequest: 1,
  migrationEnabled: true,
  authFailureThreshold: 2,
  migrationFailureThreshold: 3 }
current parameters: { numKeysPerRequest: 1,
  migrationEnabled: true,
  authFailureThreshold: 2,
  migrationFailureThreshold: 2 }
current entityInfo: { name: 'c404',
  group: 'Clients',
  distProtocol: 'TCP',
  usePermanentDistKey: false,
  connectionTimeout: 50000,
  privateKey: <Buffer 2d 2d 2d 2d 2d 42 45 47 49 4e 20 52 53 41 20 50 52 49 56 41 54 45 20 4b 45 59 2d 2d 2d 2d 2d 0a 4d 49 49 45 6f 77 49 42 41 41 4b 43 41 51 45 41 70 2b ... > }
Distribution protocol: TCP
Resp-actual/expected/ratio/ts: 0 1 0 1521581354485
connected to auth! from local port 36868
received auth hello!
{ authId: 401, nonce: <Buffer 27 1f 8d 2c f7 1e 04 1a> }
received session key response with distribution key attached!
auth signature verified
replyNonce in sessionKeyResp: <Buffer 3a 0a ff 09 6e 1a ee 45>
auth nonce verified
handleSessionKeyResp: session key request succeeded! authFailureCount: 0
updating distribution key: { cipherKeyVal: <Buffer f1 6f af ce a2 5c 06 60 46 30 8c 58 83 cf fa 23>,
  macKeyVal: <Buffer 0e 6f d6 49 02 be 6f 11 d9 aa c3 c3 3e 9f c4 4b 63 cb 96 86 52 ee b2 5a c9 b0 93 93 e6 9c 5d 38>,
  absValidity: 2018-03-20T22:29:14.661Z }
received 1 keys
currentSessionKey: [object Object]
Session protocol: TCP
chosen commSessionKey: 
{ id: 40101034,
  cipherKeyVal: <Buffer 56 8a 3a e6 2a 5a c0 47 f1 23 ab 38 f0 19 ec a0>,
  macKeyVal: <Buffer 78 fa a9 1e cc 05 8e 82 d0 94 cc be 81 51 9c e1 3b 46 57 19 98 65 de 31 a2 ab b2 5d 3d 39 70 60>,
  absValidity: 2018-03-21T21:29:14.661Z,
  relValidity: 7200000 }
options
{ serverHost: '10.0.1.8',
  serverPort: 22100,
  sessionKey: 
   { id: 40101034,
     cipherKeyVal: <Buffer 56 8a 3a e6 2a 5a c0 47 f1 23 ab 38 f0 19 ec a0>,
     macKeyVal: <Buffer 78 fa a9 1e cc 05 8e 82 d0 94 cc be 81 51 9c e1 3b 46 57 19 98 65 de 31 a2 ab b2 5d 3d 39 70 60>,
     absValidity: 2018-03-21T21:29:14.661Z,
     relValidity: 7200000 },
  sessionCryptoSpec: { cipher: 'AES-128-CBC', mac: 'SHA256' },
  sessionProtocol: 'TCP',
  handshakeTimeout: 50000 }
disconnected from auth
chosen nonce: <Buffer 08 7e f8 d7 b0 a0 e3 e5>
switching to HANDSHAKE_1_SENT
received session key handshake2!
client ret: [object Object]
server authenticated/authorized by solving nonce!
Handler: communication initialization succeeded
file data length: 1024
sending at Tue Mar 20 2018 21:29:15 GMT+0000 (UTC)
switching to IN_COMM
received secure communication message!
Received seqNum: 0
Handler: data received from server via secure communication
data1
Resp-actual/expected/ratio/ts: 1 1 1 1521581355525
Distribution protocol: TCP
Resp-actual/expected/ratio/ts: 1 2 0.5 1521581414509
connected to auth! from local port 37000
received auth hello!
{ authId: 401, nonce: <Buffer cd 1c a9 db 63 8b 8c 4d> }
received session key response encrypted with distribution key
replyNonce in sessionKeyResp: <Buffer a2 21 f8 d3 6a a0 9a 20>
auth nonce verified
handleSessionKeyResp: session key request succeeded! authFailureCount: 0
received 1 keys
currentSessionKey: [object Object]
Status: Secure connection closed before starting a new connection.
Session protocol: TCP
chosen commSessionKey: 
{ id: 40101040,
  cipherKeyVal: <Buffer ef 9f 66 fc 23 75 78 7c c7 09 14 ed 6f 37 4d 1a>,
  macKeyVal: <Buffer 55 2a 76 85 a5 3c ad 7a 09 4e e2 cb a0 7e eb ff a8 f7 d4 34 42 15 69 68 e8 7f e0 58 36 59 0f 30>,
  absValidity: 2018-03-21T21:30:14.658Z,
  relValidity: 7200000 }
options
{ serverHost: '10.0.1.8',
  serverPort: 22100,
  sessionKey: 
   { id: 40101040,
     cipherKeyVal: <Buffer ef 9f 66 fc 23 75 78 7c c7 09 14 ed 6f 37 4d 1a>,
     macKeyVal: <Buffer 55 2a 76 85 a5 3c ad 7a 09 4e e2 cb a0 7e eb ff a8 f7 d4 34 42 15 69 68 e8 7f e0 58 36 59 0f 30>,
     absValidity: 2018-03-21T21:30:14.658Z,
     relValidity: 7200000 },
  sessionCryptoSpec: { cipher: 'AES-128-CBC', mac: 'SHA256' },
  sessionProtocol: 'TCP',
  handshakeTimeout: 50000 }
chosen nonce: <Buffer e2 a8 ba a8 4a 8f cc d7>
switching to HANDSHAKE_1_SENT
disconnected from auth
Handler: secure connection with the server closed.
received session key handshake2!
client ret: [object Object]
server authenticated/authorized by solving nonce!
Handler: communication initialization succeeded
file data length: 1024
sending at Tue Mar 20 2018 21:30:15 GMT+0000 (UTC)
switching to IN_COMM
received secure communication message!
Received seqNum: 0
Handler: data received from server via secure communication
data1
Resp-actual/expected/ratio/ts: 2 2 1 1521581415595
Distribution protocol: TCP
Resp-actual/expected/ratio/ts: 2 3 0.6666666666666666 1521581474569
connected to auth! from local port 37240
received auth hello!
{ authId: 401, nonce: <Buffer c3 ff df 94 a9 c3 05 f8> }
received session key response encrypted with distribution key
replyNonce in sessionKeyResp: <Buffer 56 dd 82 ec d7 eb 6d 1b>
auth nonce verified
handleSessionKeyResp: session key request succeeded! authFailureCount: 0
received 1 keys
currentSessionKey: [object Object]
Status: Secure connection closed before starting a new connection.
Session protocol: TCP
chosen commSessionKey: 
{ id: 40101046,
  cipherKeyVal: <Buffer f0 d8 c2 7b b8 48 7d 45 49 81 c1 f4 c1 d4 2a 58>,
  macKeyVal: <Buffer af aa 7e fc 71 a0 14 88 c3 31 3f 23 5f 84 eb 74 62 dd 91 4d b4 2b a9 49 99 84 c3 9c 87 f7 ab 22>,
  absValidity: 2018-03-21T21:31:14.724Z,
  relValidity: 7200000 }
options
{ serverHost: '10.0.1.8',
  serverPort: 22100,
  sessionKey: 
   { id: 40101046,
     cipherKeyVal: <Buffer f0 d8 c2 7b b8 48 7d 45 49 81 c1 f4 c1 d4 2a 58>,
     macKeyVal: <Buffer af aa 7e fc 71 a0 14 88 c3 31 3f 23 5f 84 eb 74 62 dd 91 4d b4 2b a9 49 99 84 c3 9c 87 f7 ab 22>,
     absValidity: 2018-03-21T21:31:14.724Z,
     relValidity: 7200000 },
  sessionCryptoSpec: { cipher: 'AES-128-CBC', mac: 'SHA256' },
  sessionProtocol: 'TCP',
  handshakeTimeout: 50000 }
chosen nonce: <Buffer 45 d6 4d ca d1 70 37 8d>
switching to HANDSHAKE_1_SENT
disconnected from auth
Handler: secure connection with the server closed.
received session key handshake2!
client ret: [object Object]
server authenticated/authorized by solving nonce!
Handler: communication initialization succeeded
file data length: 1024
sending at Tue Mar 20 2018 21:31:15 GMT+0000 (UTC)
switching to IN_COMM
received secure communication message!
Received seqNum: 0
Handler: data received from server via secure communication
data1
Resp-actual/expected/ratio/ts: 3 3 1 1521581475717
Distribution protocol: TCP
Resp-actual/expected/ratio/ts: 3 4 0.75 1521581534625
connected to auth! from local port 37510
received auth hello!
{ authId: 401, nonce: <Buffer 6f b1 2c a6 f5 cf 06 9e> }
received session key response encrypted with distribution key
replyNonce in sessionKeyResp: <Buffer bc 82 70 70 71 9c b6 80>
auth nonce verified
handleSessionKeyResp: session key request succeeded! authFailureCount: 0
received 1 keys
currentSessionKey: [object Object]
Status: Secure connection closed before starting a new connection.
Session protocol: TCP
chosen commSessionKey: 
{ id: 40101052,
  cipherKeyVal: <Buffer 1c 0d 5d 37 eb 02 bc ad 45 64 3a fc 92 15 c5 ef>,
  macKeyVal: <Buffer 46 83 b4 d1 46 ca 60 4a 42 fd 88 0c 64 da 12 94 80 db df 39 36 1d 0d 4f 1a 41 77 e2 5d 9f cd 0d>,
  absValidity: 2018-03-21T21:32:14.757Z,
  relValidity: 7200000 }
options
{ serverHost: '10.0.1.8',
  serverPort: 22100,
  sessionKey: 
   { id: 40101052,
     cipherKeyVal: <Buffer 1c 0d 5d 37 eb 02 bc ad 45 64 3a fc 92 15 c5 ef>,
     macKeyVal: <Buffer 46 83 b4 d1 46 ca 60 4a 42 fd 88 0c 64 da 12 94 80 db df 39 36 1d 0d 4f 1a 41 77 e2 5d 9f cd 0d>,
     absValidity: 2018-03-21T21:32:14.757Z,
     relValidity: 7200000 },
  sessionCryptoSpec: { cipher: 'AES-128-CBC', mac: 'SHA256' },
  sessionProtocol: 'TCP',
  handshakeTimeout: 50000 }
chosen nonce: <Buffer d1 ca 9b 07 00 38 45 ce>
switching to HANDSHAKE_1_SENT
disconnected from auth
Handler: secure connection with the server closed.
received session key handshake2!
client ret: [object Object]
server authenticated/authorized by solving nonce!
Handler: communication initialization succeeded
file data length: 1024
sending at Tue Mar 20 2018 21:32:15 GMT+0000 (UTC)
switching to IN_COMM
received secure communication message!
Received seqNum: 0
Handler: data received from server via secure communication
data1
Resp-actual/expected/ratio/ts: 4 4 1 1521581535588
Distribution protocol: TCP
Resp-actual/expected/ratio/ts: 4 5 0.8 1521581594681
connected to auth! from local port 37780
received auth hello!
{ authId: 401, nonce: <Buffer 15 a6 cd 2c 34 7b f2 ba> }
received session key response encrypted with distribution key
replyNonce in sessionKeyResp: <Buffer 7d 30 5e 69 b7 1e f5 95>
auth nonce verified
handleSessionKeyResp: session key request succeeded! authFailureCount: 0
received 1 keys
currentSessionKey: [object Object]
Status: Secure connection closed before starting a new connection.
Session protocol: TCP
chosen commSessionKey: 
{ id: 40101058,
  cipherKeyVal: <Buffer ab 4b 4f 07 a1 59 c2 d7 fd af b2 f1 84 53 86 18>,
  macKeyVal: <Buffer ac b6 33 56 cb 9d ad e7 2c d1 cf 72 9a 2a 14 7b 3e 0a f8 f1 33 f6 82 fb 33 3c 08 c9 d1 11 51 30>,
  absValidity: 2018-03-21T21:33:14.829Z,
  relValidity: 7200000 }
options
{ serverHost: '10.0.1.8',
  serverPort: 22100,
  sessionKey: 
   { id: 40101058,
     cipherKeyVal: <Buffer ab 4b 4f 07 a1 59 c2 d7 fd af b2 f1 84 53 86 18>,
     macKeyVal: <Buffer ac b6 33 56 cb 9d ad e7 2c d1 cf 72 9a 2a 14 7b 3e 0a f8 f1 33 f6 82 fb 33 3c 08 c9 d1 11 51 30>,
     absValidity: 2018-03-21T21:33:14.829Z,
     relValidity: 7200000 },
  sessionCryptoSpec: { cipher: 'AES-128-CBC', mac: 'SHA256' },
  sessionProtocol: 'TCP',
  handshakeTimeout: 50000 }
chosen nonce: <Buffer a8 cf a4 49 aa 97 ba bf>
switching to HANDSHAKE_1_SENT
disconnected from auth
Handler: secure connection with the server closed.
received session key handshake2!
client ret: [object Object]
server authenticated/authorized by solving nonce!
Handler: communication initialization succeeded
file data length: 1024
sending at Tue Mar 20 2018 21:33:15 GMT+0000 (UTC)
switching to IN_COMM
received secure communication message!
Received seqNum: 0
Handler: data received from server via secure communication
data1
Resp-actual/expected/ratio/ts: 5 5 1 1521581595791
Distribution protocol: TCP
Resp-actual/expected/ratio/ts: 5 6 0.8333333333333334 1521581654737
connected to auth! from local port 38050
received auth hello!
{ authId: 401, nonce: <Buffer d3 86 fc 14 a1 1e 60 bc> }
received session key response encrypted with distribution key
replyNonce in sessionKeyResp: <Buffer 61 2e b5 bf 16 46 2c 1c>
auth nonce verified
handleSessionKeyResp: session key request succeeded! authFailureCount: 0
received 1 keys
currentSessionKey: [object Object]
Status: Secure connection closed before starting a new connection.
Session protocol: TCP
chosen commSessionKey: 
{ id: 40101064,
  cipherKeyVal: <Buffer 3c e4 7c c3 44 10 67 0d d1 97 18 9f d2 7f 1e c4>,
  macKeyVal: <Buffer 18 39 8e 44 ad 27 d6 03 6b c8 a0 fe f6 d6 07 9e 86 5e 21 e9 dd a8 11 92 ac 5f 4a 63 9f 9e 89 25>,
  absValidity: 2018-03-21T21:34:14.870Z,
  relValidity: 7200000 }
options
{ serverHost: '10.0.1.8',
  serverPort: 22100,
  sessionKey: 
   { id: 40101064,
     cipherKeyVal: <Buffer 3c e4 7c c3 44 10 67 0d d1 97 18 9f d2 7f 1e c4>,
     macKeyVal: <Buffer 18 39 8e 44 ad 27 d6 03 6b c8 a0 fe f6 d6 07 9e 86 5e 21 e9 dd a8 11 92 ac 5f 4a 63 9f 9e 89 25>,
     absValidity: 2018-03-21T21:34:14.870Z,
     relValidity: 7200000 },
  sessionCryptoSpec: { cipher: 'AES-128-CBC', mac: 'SHA256' },
  sessionProtocol: 'TCP',
  handshakeTimeout: 50000 }
chosen nonce: <Buffer 4d c6 ae fc fb 0f 98 07>
switching to HANDSHAKE_1_SENT
disconnected from auth
Handler: secure connection with the server closed.
received session key handshake2!
client ret: [object Object]
server authenticated/authorized by solving nonce!
Handler: communication initialization succeeded
file data length: 1024
sending at Tue Mar 20 2018 21:34:15 GMT+0000 (UTC)
switching to IN_COMM
received secure communication message!
Received seqNum: 0
Handler: data received from server via secure communication
data1
Resp-actual/expected/ratio/ts: 6 6 1 1521581655925
Distribution protocol: TCP
Resp-actual/expected/ratio/ts: 6 7 0.8571428571428571 1521581714797
connected to auth! from local port 38320
received auth hello!
{ authId: 401, nonce: <Buffer de 63 ca cf 20 e4 a5 29> }
received session key response encrypted with distribution key
replyNonce in sessionKeyResp: <Buffer 41 58 c2 86 90 8a c2 df>
auth nonce verified
handleSessionKeyResp: session key request succeeded! authFailureCount: 0
received 1 keys
currentSessionKey: [object Object]
Status: Secure connection closed before starting a new connection.
Session protocol: TCP
chosen commSessionKey: 
{ id: 40101070,
  cipherKeyVal: <Buffer 26 2a 54 27 c4 48 1f 6e e5 b9 9d 14 7a d8 fe fb>,
  macKeyVal: <Buffer 39 4b be ed b5 60 94 aa 9a d4 2a dc 24 8e 81 c9 43 7b eb 1e 54 84 ca df c5 a9 ed 82 99 b6 92 fd>,
  absValidity: 2018-03-21T21:35:14.904Z,
  relValidity: 7200000 }
options
{ serverHost: '10.0.1.8',
  serverPort: 22100,
  sessionKey: 
   { id: 40101070,
     cipherKeyVal: <Buffer 26 2a 54 27 c4 48 1f 6e e5 b9 9d 14 7a d8 fe fb>,
     macKeyVal: <Buffer 39 4b be ed b5 60 94 aa 9a d4 2a dc 24 8e 81 c9 43 7b eb 1e 54 84 ca df c5 a9 ed 82 99 b6 92 fd>,
     absValidity: 2018-03-21T21:35:14.904Z,
     relValidity: 7200000 },
  sessionCryptoSpec: { cipher: 'AES-128-CBC', mac: 'SHA256' },
  sessionProtocol: 'TCP',
  handshakeTimeout: 50000 }
chosen nonce: <Buffer b5 d3 3b 44 72 3b ea bb>
switching to HANDSHAKE_1_SENT
disconnected from auth
Handler: secure connection with the server closed.
received session key handshake2!
client ret: [object Object]
server authenticated/authorized by solving nonce!
Handler: communication initialization succeeded
file data length: 1024
sending at Tue Mar 20 2018 21:35:15 GMT+0000 (UTC)
switching to IN_COMM
received secure communication message!
Received seqNum: 0
Handler: data received from server via secure communication
data1
Resp-actual/expected/ratio/ts: 7 7 1 1521581715870
Distribution protocol: TCP
Resp-actual/expected/ratio/ts: 7 8 0.875 1521581774857
connected to auth! from local port 38590
received auth hello!
{ authId: 401, nonce: <Buffer 86 6c 26 56 d4 e7 e5 7e> }
received session key response encrypted with distribution key
replyNonce in sessionKeyResp: <Buffer 0c 08 89 f6 28 01 fa b3>
auth nonce verified
handleSessionKeyResp: session key request succeeded! authFailureCount: 0
received 1 keys
currentSessionKey: [object Object]
Status: Secure connection closed before starting a new connection.
Session protocol: TCP
chosen commSessionKey: 
{ id: 40101076,
  cipherKeyVal: <Buffer 97 11 a8 bf 0f f1 eb ca 14 7a 02 b8 07 24 d3 99>,
  macKeyVal: <Buffer bc 0f f7 ca a6 11 c2 29 cf 75 13 ff d3 ad cb 77 80 8f 79 9f 84 b5 f6 ba e8 c4 ad 1c a8 9d 7b 70>,
  absValidity: 2018-03-21T21:36:15.030Z,
  relValidity: 7200000 }
options
{ serverHost: '10.0.1.8',
  serverPort: 22100,
  sessionKey: 
   { id: 40101076,
     cipherKeyVal: <Buffer 97 11 a8 bf 0f f1 eb ca 14 7a 02 b8 07 24 d3 99>,
     macKeyVal: <Buffer bc 0f f7 ca a6 11 c2 29 cf 75 13 ff d3 ad cb 77 80 8f 79 9f 84 b5 f6 ba e8 c4 ad 1c a8 9d 7b 70>,
     absValidity: 2018-03-21T21:36:15.030Z,
     relValidity: 7200000 },
  sessionCryptoSpec: { cipher: 'AES-128-CBC', mac: 'SHA256' },
  sessionProtocol: 'TCP',
  handshakeTimeout: 50000 }
chosen nonce: <Buffer ed 6e 88 7e 81 ae 75 cb>
switching to HANDSHAKE_1_SENT
disconnected from auth
Handler: secure connection with the server closed.
received session key handshake2!
client ret: [object Object]
server authenticated/authorized by solving nonce!
Handler: communication initialization succeeded
file data length: 1024
sending at Tue Mar 20 2018 21:36:15 GMT+0000 (UTC)
switching to IN_COMM
received secure communication message!
Received seqNum: 0
Handler: data received from server via secure communication
data1
Resp-actual/expected/ratio/ts: 8 8 1 1521581775989
Distribution protocol: TCP
Resp-actual/expected/ratio/ts: 8 9 0.8888888888888888 1521581834916
connected to auth! from local port 38844
received auth hello!
{ authId: 401, nonce: <Buffer 25 37 07 42 c9 68 16 68> }
received session key response encrypted with distribution key
replyNonce in sessionKeyResp: <Buffer 84 cf aa f6 2c 03 8f e7>
auth nonce verified
handleSessionKeyResp: session key request succeeded! authFailureCount: 0
received 1 keys
currentSessionKey: [object Object]
Status: Secure connection closed before starting a new connection.
Session protocol: TCP
chosen commSessionKey: 
{ id: 40101082,
  cipherKeyVal: <Buffer 1a 7c 50 e2 14 c0 43 c1 5e 9f bd 6c 1f e8 e2 3c>,
  macKeyVal: <Buffer 43 d2 93 89 fe 72 e9 9d be dd 2f bd 61 f8 cf cf de 4a 72 6f ca a5 37 40 04 2c ec 80 4d 0e de 40>,
  absValidity: 2018-03-21T21:37:15.040Z,
  relValidity: 7200000 }
options
{ serverHost: '10.0.1.8',
  serverPort: 22100,
  sessionKey: 
   { id: 40101082,
     cipherKeyVal: <Buffer 1a 7c 50 e2 14 c0 43 c1 5e 9f bd 6c 1f e8 e2 3c>,
     macKeyVal: <Buffer 43 d2 93 89 fe 72 e9 9d be dd 2f bd 61 f8 cf cf de 4a 72 6f ca a5 37 40 04 2c ec 80 4d 0e de 40>,
     absValidity: 2018-03-21T21:37:15.040Z,
     relValidity: 7200000 },
  sessionCryptoSpec: { cipher: 'AES-128-CBC', mac: 'SHA256' },
  sessionProtocol: 'TCP',
  handshakeTimeout: 50000 }
disconnected from auth
chosen nonce: <Buffer 70 d6 d9 6d f5 b2 83 bc>
switching to HANDSHAKE_1_SENT
Handler: secure connection with the server closed.
received session key handshake2!
client ret: [object Object]
server authenticated/authorized by solving nonce!
Handler: communication initialization succeeded
file data length: 1024
sending at Tue Mar 20 2018 21:37:15 GMT+0000 (UTC)
switching to IN_COMM
received secure communication message!
Received seqNum: 0
Handler: data received from server via secure communication
data1
Resp-actual/expected/ratio/ts: 9 9 1 1521581835942
Distribution protocol: TCP
Resp-actual/expected/ratio/ts: 9 10 0.9 1521581894973
connected to auth! from local port 38990
received auth hello!
{ authId: 401, nonce: <Buffer ed a4 61 88 76 66 e9 5e> }
received session key response encrypted with distribution key
replyNonce in sessionKeyResp: <Buffer 1d ca 7c 20 45 b6 fb 3b>
auth nonce verified
handleSessionKeyResp: session key request succeeded! authFailureCount: 0
received 1 keys
currentSessionKey: [object Object]
Status: Secure connection closed before starting a new connection.
Session protocol: TCP
chosen commSessionKey: 
{ id: 40101088,
  cipherKeyVal: <Buffer 42 3e 5f b5 a9 5d 3a c1 08 75 f6 c9 8c 52 66 08>,
  macKeyVal: <Buffer c0 7a 3f 90 70 25 36 a0 af 59 58 13 32 59 b6 3e 7f 2b b8 ff 58 71 51 73 cd af 54 68 e3 79 9c a1>,
  absValidity: 2018-03-21T21:38:16.084Z,
  relValidity: 7200000 }
options
{ serverHost: '10.0.1.8',
  serverPort: 22100,
  sessionKey: 
   { id: 40101088,
     cipherKeyVal: <Buffer 42 3e 5f b5 a9 5d 3a c1 08 75 f6 c9 8c 52 66 08>,
     macKeyVal: <Buffer c0 7a 3f 90 70 25 36 a0 af 59 58 13 32 59 b6 3e 7f 2b b8 ff 58 71 51 73 cd af 54 68 e3 79 9c a1>,
     absValidity: 2018-03-21T21:38:16.084Z,
     relValidity: 7200000 },
  sessionCryptoSpec: { cipher: 'AES-128-CBC', mac: 'SHA256' },
  sessionProtocol: 'TCP',
  handshakeTimeout: 50000 }
chosen nonce: <Buffer f1 c1 1f 95 a7 04 a6 6e>
switching to HANDSHAKE_1_SENT
disconnected from auth
Handler: secure connection with the server closed.
received session key handshake2!
client ret: [object Object]
server authenticated/authorized by solving nonce!
Handler: communication initialization succeeded
file data length: 1024
sending at Tue Mar 20 2018 21:38:20 GMT+0000 (UTC)
switching to IN_COMM
received secure communication message!
Received seqNum: 0
Handler: data received from server via secure communication
data1
Resp-actual/expected/ratio/ts: 10 10 1 1521581900407
Distribution protocol: TCP
Resp-actual/expected/ratio/ts: 10 11 0.9090909090909091 1521581955019
connected to auth! from local port 39196
received auth hello!
{ authId: 401, nonce: <Buffer 61 8c 10 2f a2 3a 4c 37> }
received session key response encrypted with distribution key
replyNonce in sessionKeyResp: <Buffer dc 8c 3d 81 5b c9 0d 48>
auth nonce verified
handleSessionKeyResp: session key request succeeded! authFailureCount: 0
received 1 keys
currentSessionKey: [object Object]
Status: Secure connection closed before starting a new connection.
Session protocol: TCP
chosen commSessionKey: 
{ id: 40101094,
  cipherKeyVal: <Buffer 5a f4 e0 6f 42 c1 8b b5 a3 ac 9e b3 3a 90 d3 65>,
  macKeyVal: <Buffer 9f 93 26 c6 1f 00 f7 9e 1a 5b 01 40 7d 15 93 2d 88 c5 1f d0 57 25 d1 32 07 ca 49 de a8 5c b8 50>,
  absValidity: 2018-03-21T21:39:16.174Z,
  relValidity: 7200000 }
options
{ serverHost: '10.0.1.8',
  serverPort: 22100,
  sessionKey: 
   { id: 40101094,
     cipherKeyVal: <Buffer 5a f4 e0 6f 42 c1 8b b5 a3 ac 9e b3 3a 90 d3 65>,
     macKeyVal: <Buffer 9f 93 26 c6 1f 00 f7 9e 1a 5b 01 40 7d 15 93 2d 88 c5 1f d0 57 25 d1 32 07 ca 49 de a8 5c b8 50>,
     absValidity: 2018-03-21T21:39:16.174Z,
     relValidity: 7200000 },
  sessionCryptoSpec: { cipher: 'AES-128-CBC', mac: 'SHA256' },
  sessionProtocol: 'TCP',
  handshakeTimeout: 50000 }
disconnected from auth
chosen nonce: <Buffer 8c 13 8b c3 8f bf c2 a6>
switching to HANDSHAKE_1_SENT
Handler: secure connection with the server closed.
received session key handshake2!
client ret: [object Object]
server authenticated/authorized by solving nonce!
Handler: communication initialization succeeded
file data length: 1024
sending at Tue Mar 20 2018 21:39:31 GMT+0000 (UTC)
switching to IN_COMM
received secure communication message!
Received seqNum: 0
Handler: data received from server via secure communication
data1
Resp-actual/expected/ratio/ts: 11 11 1 1521581971358
Distribution protocol: TCP
Resp-actual/expected/ratio/ts: 11 12 0.9166666666666666 1521582015063
connected to auth! from local port 39404
received auth hello!
{ authId: 401, nonce: <Buffer e9 cc 0a 79 66 ab 6d 30> }
received session key response encrypted with distribution key
replyNonce in sessionKeyResp: <Buffer 22 a4 cb 3e 4a 2c 7f 88>
auth nonce verified
handleSessionKeyResp: session key request succeeded! authFailureCount: 0
received 1 keys
currentSessionKey: [object Object]
Status: Secure connection closed before starting a new connection.
Session protocol: TCP
chosen commSessionKey: 
{ id: 40101101,
  cipherKeyVal: <Buffer 21 ab d6 2a 42 02 61 8f 8b 5f 70 e0 84 98 cb cd>,
  macKeyVal: <Buffer 63 c6 3b d4 5c c3 e8 bd 25 69 85 c6 30 7f 49 77 7b 5b 8b 46 42 1a 18 a1 aa f5 81 e4 9e 66 52 7b>,
  absValidity: 2018-03-21T21:40:15.228Z,
  relValidity: 7200000 }
options
{ serverHost: '10.0.1.8',
  serverPort: 22100,
  sessionKey: 
   { id: 40101101,
     cipherKeyVal: <Buffer 21 ab d6 2a 42 02 61 8f 8b 5f 70 e0 84 98 cb cd>,
     macKeyVal: <Buffer 63 c6 3b d4 5c c3 e8 bd 25 69 85 c6 30 7f 49 77 7b 5b 8b 46 42 1a 18 a1 aa f5 81 e4 9e 66 52 7b>,
     absValidity: 2018-03-21T21:40:15.228Z,
     relValidity: 7200000 },
  sessionCryptoSpec: { cipher: 'AES-128-CBC', mac: 'SHA256' },
  sessionProtocol: 'TCP',
  handshakeTimeout: 50000 }
chosen nonce: <Buffer 17 5d b9 8f 26 e5 46 69>
switching to HANDSHAKE_1_SENT
disconnected from auth
Handler: secure connection with the server closed.
received session key handshake2!
client ret: [object Object]
server authenticated/authorized by solving nonce!
Handler: communication initialization succeeded
file data length: 1024
sending at Tue Mar 20 2018 21:40:16 GMT+0000 (UTC)
switching to IN_COMM
received secure communication message!
Received seqNum: 0
Handler: data received from server via secure communication
data1
Resp-actual/expected/ratio/ts: 12 12 1 1521582016798
Distribution protocol: TCP
Resp-actual/expected/ratio/ts: 12 13 0.9230769230769231 1521582075122
connected to auth! from local port 39624
received auth hello!
{ authId: 401, nonce: <Buffer e4 ef f5 ba 79 3a 13 d7> }
received session key response encrypted with distribution key
replyNonce in sessionKeyResp: <Buffer 16 2e 04 7b 46 be b4 5d>
auth nonce verified
handleSessionKeyResp: session key request succeeded! authFailureCount: 0
received 1 keys
currentSessionKey: [object Object]
Status: Secure connection closed before starting a new connection.
Session protocol: TCP
chosen commSessionKey: 
{ id: 40101109,
  cipherKeyVal: <Buffer 6e 3a 67 48 23 2a ce 9f c4 d1 9e 4a bd 6c dd 24>,
  macKeyVal: <Buffer f0 e0 bc 65 e2 2a a2 4a 75 c4 79 91 f0 3c e9 be c4 56 05 e1 9e 10 ed 25 b7 ee 11 21 90 b8 c8 86>,
  absValidity: 2018-03-21T21:41:15.262Z,
  relValidity: 7200000 }
options
{ serverHost: '10.0.1.8',
  serverPort: 22100,
  sessionKey: 
   { id: 40101109,
     cipherKeyVal: <Buffer 6e 3a 67 48 23 2a ce 9f c4 d1 9e 4a bd 6c dd 24>,
     macKeyVal: <Buffer f0 e0 bc 65 e2 2a a2 4a 75 c4 79 91 f0 3c e9 be c4 56 05 e1 9e 10 ed 25 b7 ee 11 21 90 b8 c8 86>,
     absValidity: 2018-03-21T21:41:15.262Z,
     relValidity: 7200000 },
  sessionCryptoSpec: { cipher: 'AES-128-CBC', mac: 'SHA256' },
  sessionProtocol: 'TCP',
  handshakeTimeout: 50000 }
chosen nonce: <Buffer 0d c4 c5 e7 c8 c8 25 8f>
switching to HANDSHAKE_1_SENT
disconnected from auth
Handler: secure connection with the server closed.
received session key handshake2!
client ret: [object Object]
server authenticated/authorized by solving nonce!
Handler: communication initialization succeeded
file data length: 1024
sending at Tue Mar 20 2018 21:41:16 GMT+0000 (UTC)
switching to IN_COMM
received secure communication message!
Received seqNum: 0
Handler: data received from server via secure communication
data1
Resp-actual/expected/ratio/ts: 13 13 1 1521582076312
Distribution protocol: TCP
Resp-actual/expected/ratio/ts: 13 14 0.9285714285714286 1521582135182
connected to auth! from local port 39838
received auth hello!
{ authId: 401, nonce: <Buffer c8 ad 44 93 79 26 48 df> }
received session key response encrypted with distribution key
replyNonce in sessionKeyResp: <Buffer 2d 91 cb 4c cf 74 9e 5f>
auth nonce verified
handleSessionKeyResp: session key request succeeded! authFailureCount: 0
received 1 keys
currentSessionKey: [object Object]
Status: Secure connection closed before starting a new connection.
Session protocol: TCP
chosen commSessionKey: 
{ id: 40101118,
  cipherKeyVal: <Buffer 5a 43 e9 ed b0 c3 de 25 90 43 86 75 79 51 c6 4d>,
  macKeyVal: <Buffer ec a3 22 1d aa c2 66 34 09 cc 3b 97 41 b4 52 9b 56 b8 6c 76 c4 38 6e dd 4d 07 59 a6 53 9e 58 14>,
  absValidity: 2018-03-21T21:42:15.325Z,
  relValidity: 7200000 }
options
{ serverHost: '10.0.1.8',
  serverPort: 22100,
  sessionKey: 
   { id: 40101118,
     cipherKeyVal: <Buffer 5a 43 e9 ed b0 c3 de 25 90 43 86 75 79 51 c6 4d>,
     macKeyVal: <Buffer ec a3 22 1d aa c2 66 34 09 cc 3b 97 41 b4 52 9b 56 b8 6c 76 c4 38 6e dd 4d 07 59 a6 53 9e 58 14>,
     absValidity: 2018-03-21T21:42:15.325Z,
     relValidity: 7200000 },
  sessionCryptoSpec: { cipher: 'AES-128-CBC', mac: 'SHA256' },
  sessionProtocol: 'TCP',
  handshakeTimeout: 50000 }
chosen nonce: <Buffer d7 7d ed f9 08 1c 55 87>
switching to HANDSHAKE_1_SENT
disconnected from auth
Handler: secure connection with the server closed.
received session key handshake2!
client ret: [object Object]
server authenticated/authorized by solving nonce!
Handler: communication initialization succeeded
file data length: 1024
sending at Tue Mar 20 2018 21:42:16 GMT+0000 (UTC)
switching to IN_COMM
received secure communication message!
Received seqNum: 0
Handler: data received from server via secure communication
data1
Resp-actual/expected/ratio/ts: 14 14 1 1521582136554
Distribution protocol: TCP
Resp-actual/expected/ratio/ts: 14 15 0.9333333333333333 1521582195218
connected to auth! from local port 40082
received auth hello!
{ authId: 401, nonce: <Buffer cd 1a 94 14 6b 3d 7a 3a> }
received session key response encrypted with distribution key
replyNonce in sessionKeyResp: <Buffer 34 a0 9e b7 82 8e 8e 57>
auth nonce verified
handleSessionKeyResp: session key request succeeded! authFailureCount: 0
received 1 keys
currentSessionKey: [object Object]
Status: Secure connection closed before starting a new connection.
Session protocol: TCP
chosen commSessionKey: 
{ id: 40101129,
  cipherKeyVal: <Buffer 2f dd c8 9c a0 0d 91 8c 44 35 20 49 8f b0 ee dd>,
  macKeyVal: <Buffer 26 1b f7 69 66 ea 80 b8 5a 82 be 54 b7 a8 84 f1 97 7d e7 ba e1 65 13 5f e7 87 a6 39 56 f9 2b 39>,
  absValidity: 2018-03-21T21:43:15.357Z,
  relValidity: 7200000 }
options
{ serverHost: '10.0.1.8',
  serverPort: 22100,
  sessionKey: 
   { id: 40101129,
     cipherKeyVal: <Buffer 2f dd c8 9c a0 0d 91 8c 44 35 20 49 8f b0 ee dd>,
     macKeyVal: <Buffer 26 1b f7 69 66 ea 80 b8 5a 82 be 54 b7 a8 84 f1 97 7d e7 ba e1 65 13 5f e7 87 a6 39 56 f9 2b 39>,
     absValidity: 2018-03-21T21:43:15.357Z,
     relValidity: 7200000 },
  sessionCryptoSpec: { cipher: 'AES-128-CBC', mac: 'SHA256' },
  sessionProtocol: 'TCP',
  handshakeTimeout: 50000 }
disconnected from auth
chosen nonce: <Buffer d7 a0 4b 99 22 97 bb 49>
switching to HANDSHAKE_1_SENT
Handler: secure connection with the server closed.
received session key handshake2!
client ret: [object Object]
server authenticated/authorized by solving nonce!
Handler: communication initialization succeeded
file data length: 1024
sending at Tue Mar 20 2018 21:43:16 GMT+0000 (UTC)
switching to IN_COMM
received secure communication message!
Received seqNum: 0
Handler: data received from server via secure communication
data1
Resp-actual/expected/ratio/ts: 15 15 1 1521582196388
Distribution protocol: TCP
Resp-actual/expected/ratio/ts: 15 16 0.9375 1521582255277
connected to auth! from local port 40326
received auth hello!
{ authId: 401, nonce: <Buffer 59 5f cc 66 09 12 fb f9> }
received session key response encrypted with distribution key
replyNonce in sessionKeyResp: <Buffer 9d ef a0 09 d7 73 22 4b>
auth nonce verified
handleSessionKeyResp: session key request succeeded! authFailureCount: 0
received 1 keys
currentSessionKey: [object Object]
Status: Secure connection closed before starting a new connection.
Session protocol: TCP
chosen commSessionKey: 
{ id: 40101138,
  cipherKeyVal: <Buffer 16 cd 2c 2f d8 fa 42 a8 df df b1 64 93 f6 85 f3>,
  macKeyVal: <Buffer 82 93 08 e2 fb ad 84 d3 ba a9 df c4 19 c2 13 b0 c6 db 83 4e 3e 78 62 be b3 7a 47 6b 77 11 31 e7>,
  absValidity: 2018-03-21T21:44:15.407Z,
  relValidity: 7200000 }
options
{ serverHost: '10.0.1.8',
  serverPort: 22100,
  sessionKey: 
   { id: 40101138,
     cipherKeyVal: <Buffer 16 cd 2c 2f d8 fa 42 a8 df df b1 64 93 f6 85 f3>,
     macKeyVal: <Buffer 82 93 08 e2 fb ad 84 d3 ba a9 df c4 19 c2 13 b0 c6 db 83 4e 3e 78 62 be b3 7a 47 6b 77 11 31 e7>,
     absValidity: 2018-03-21T21:44:15.407Z,
     relValidity: 7200000 },
  sessionCryptoSpec: { cipher: 'AES-128-CBC', mac: 'SHA256' },
  sessionProtocol: 'TCP',
  handshakeTimeout: 50000 }
chosen nonce: <Buffer 32 2e 71 c3 8b 4f 45 bc>
switching to HANDSHAKE_1_SENT
disconnected from auth
Handler: secure connection with the server closed.
received session key handshake2!
client ret: [object Object]
server authenticated/authorized by solving nonce!
Handler: communication initialization succeeded
file data length: 1024
sending at Tue Mar 20 2018 21:44:16 GMT+0000 (UTC)
switching to IN_COMM
received secure communication message!
Received seqNum: 0
Handler: data received from server via secure communication
data1
Resp-actual/expected/ratio/ts: 16 16 1 1521582257006
Distribution protocol: TCP
Resp-actual/expected/ratio/ts: 16 17 0.9411764705882353 1521582315336
connected to auth! from local port 40556
received auth hello!
{ authId: 401, nonce: <Buffer 2e e6 15 e7 19 de 65 9c> }
received session key response encrypted with distribution key
replyNonce in sessionKeyResp: <Buffer 0c ca c0 5f 6d cc 89 20>
auth nonce verified
handleSessionKeyResp: session key request succeeded! authFailureCount: 0
received 1 keys
currentSessionKey: [object Object]
Status: Secure connection closed before starting a new connection.
Session protocol: TCP
chosen commSessionKey: 
{ id: 40101147,
  cipherKeyVal: <Buffer 7a b0 37 9e 24 78 a2 1b 6e 99 de 9b 80 dc 76 8c>,
  macKeyVal: <Buffer 32 80 e4 99 09 c0 a5 1f 25 a2 31 44 79 49 99 08 75 b6 47 9f d9 a5 87 b9 90 22 49 d4 13 52 49 6b>,
  absValidity: 2018-03-21T21:45:15.497Z,
  relValidity: 7200000 }
options
{ serverHost: '10.0.1.8',
  serverPort: 22100,
  sessionKey: 
   { id: 40101147,
     cipherKeyVal: <Buffer 7a b0 37 9e 24 78 a2 1b 6e 99 de 9b 80 dc 76 8c>,
     macKeyVal: <Buffer 32 80 e4 99 09 c0 a5 1f 25 a2 31 44 79 49 99 08 75 b6 47 9f d9 a5 87 b9 90 22 49 d4 13 52 49 6b>,
     absValidity: 2018-03-21T21:45:15.497Z,
     relValidity: 7200000 },
  sessionCryptoSpec: { cipher: 'AES-128-CBC', mac: 'SHA256' },
  sessionProtocol: 'TCP',
  handshakeTimeout: 50000 }
chosen nonce: <Buffer 6e ea e9 2f 80 a2 b6 b1>
switching to HANDSHAKE_1_SENT
disconnected from auth
Handler: secure connection with the server closed.
received session key handshake2!
client ret: [object Object]
server authenticated/authorized by solving nonce!
Handler: communication initialization succeeded
file data length: 1024
sending at Tue Mar 20 2018 21:45:16 GMT+0000 (UTC)
switching to IN_COMM
received secure communication message!
Received seqNum: 0
Handler: data received from server via secure communication
data1
Resp-actual/expected/ratio/ts: 17 17 1 1521582317088
Distribution protocol: TCP
Resp-actual/expected/ratio/ts: 17 18 0.9444444444444444 1521582375395
connected to auth! from local port 40778
received auth hello!
{ authId: 401, nonce: <Buffer 9f fa d7 30 e2 39 c9 23> }
received session key response encrypted with distribution key
replyNonce in sessionKeyResp: <Buffer fd 00 98 c3 ae 56 88 4c>
auth nonce verified
handleSessionKeyResp: session key request succeeded! authFailureCount: 0
received 1 keys
currentSessionKey: [object Object]
Status: Secure connection closed before starting a new connection.
Session protocol: TCP
chosen commSessionKey: 
{ id: 40101158,
  cipherKeyVal: <Buffer 44 65 03 d7 d8 26 0c 22 7b 32 8a c0 6f a0 a9 d0>,
  macKeyVal: <Buffer a5 71 05 2f 1c 8f 91 e5 62 aa 12 6f 3b 92 3a 3d 73 44 a0 29 8f 07 d0 0a b5 b1 3c 61 60 4e 95 94>,
  absValidity: 2018-03-21T21:46:15.531Z,
  relValidity: 7200000 }
options
{ serverHost: '10.0.1.8',
  serverPort: 22100,
  sessionKey: 
   { id: 40101158,
     cipherKeyVal: <Buffer 44 65 03 d7 d8 26 0c 22 7b 32 8a c0 6f a0 a9 d0>,
     macKeyVal: <Buffer a5 71 05 2f 1c 8f 91 e5 62 aa 12 6f 3b 92 3a 3d 73 44 a0 29 8f 07 d0 0a b5 b1 3c 61 60 4e 95 94>,
     absValidity: 2018-03-21T21:46:15.531Z,
     relValidity: 7200000 },
  sessionCryptoSpec: { cipher: 'AES-128-CBC', mac: 'SHA256' },
  sessionProtocol: 'TCP',
  handshakeTimeout: 50000 }
chosen nonce: <Buffer 59 6b d2 d0 10 5c b2 73>
switching to HANDSHAKE_1_SENT
disconnected from auth
Handler: secure connection with the server closed.
received session key handshake2!
client ret: [object Object]
server authenticated/authorized by solving nonce!
Handler: communication initialization succeeded
file data length: 1024
sending at Tue Mar 20 2018 21:46:16 GMT+0000 (UTC)
switching to IN_COMM
received secure communication message!
Received seqNum: 0
Handler: data received from server via secure communication
data1
Resp-actual/expected/ratio/ts: 18 18 1 1521582376543
Distribution protocol: TCP
Resp-actual/expected/ratio/ts: 18 19 0.9473684210526315 1521582435455
connected to auth! from local port 41010
received auth hello!
{ authId: 401, nonce: <Buffer 10 c5 a5 38 a5 67 9a e7> }
received session key response encrypted with distribution key
replyNonce in sessionKeyResp: <Buffer 14 21 04 97 ec 1f fd 06>
auth nonce verified
handleSessionKeyResp: session key request succeeded! authFailureCount: 0
received 1 keys
currentSessionKey: [object Object]
Status: Secure connection closed before starting a new connection.
Session protocol: TCP
chosen commSessionKey: 
{ id: 40101170,
  cipherKeyVal: <Buffer d3 30 f1 eb e9 6b ea ee 68 dd 1b 1f 32 93 09 bb>,
  macKeyVal: <Buffer f9 ac 7b c9 35 5a 7a 5c 5e 6c ee 4a 2b b8 2d ac 84 4c a5 ed 31 14 02 cf 82 e9 23 89 b9 fa 31 af>,
  absValidity: 2018-03-21T21:47:15.575Z,
  relValidity: 7200000 }
options
{ serverHost: '10.0.1.8',
  serverPort: 22100,
  sessionKey: 
   { id: 40101170,
     cipherKeyVal: <Buffer d3 30 f1 eb e9 6b ea ee 68 dd 1b 1f 32 93 09 bb>,
     macKeyVal: <Buffer f9 ac 7b c9 35 5a 7a 5c 5e 6c ee 4a 2b b8 2d ac 84 4c a5 ed 31 14 02 cf 82 e9 23 89 b9 fa 31 af>,
     absValidity: 2018-03-21T21:47:15.575Z,
     relValidity: 7200000 },
  sessionCryptoSpec: { cipher: 'AES-128-CBC', mac: 'SHA256' },
  sessionProtocol: 'TCP',
  handshakeTimeout: 50000 }
chosen nonce: <Buffer f0 14 7c 6e a1 9d 5e b0>
switching to HANDSHAKE_1_SENT
disconnected from auth
Handler: secure connection with the server closed.
received session key handshake2!
client ret: [object Object]
server authenticated/authorized by solving nonce!
Handler: communication initialization succeeded
file data length: 1024
sending at Tue Mar 20 2018 21:47:16 GMT+0000 (UTC)
switching to IN_COMM
received secure communication message!
Received seqNum: 0
Handler: data received from server via secure communication
data1
Resp-actual/expected/ratio/ts: 19 19 1 1521582436587
Distribution protocol: TCP
Resp-actual/expected/ratio/ts: 19 20 0.95 1521582495513
connected to auth! from local port 41204
received auth hello!
{ authId: 401, nonce: <Buffer 3a 93 6a 56 31 01 2e a2> }
received session key response encrypted with distribution key
replyNonce in sessionKeyResp: <Buffer 39 bf c9 9b d1 4a 82 48>
auth nonce verified
handleSessionKeyResp: session key request succeeded! authFailureCount: 0
received 1 keys
currentSessionKey: [object Object]
Status: Secure connection closed before starting a new connection.
Session protocol: TCP
chosen commSessionKey: 
{ id: 40101182,
  cipherKeyVal: <Buffer f0 9f 42 23 37 13 cd 34 4f 8f 62 d1 b7 fd 26 6a>,
  macKeyVal: <Buffer 7c e6 20 68 f1 3d 4a e1 4f f6 35 a0 54 06 04 67 47 94 8f cb b0 ce 1a 87 1f 5f fb ea bf 0c 02 d0>,
  absValidity: 2018-03-21T21:48:15.666Z,
  relValidity: 7200000 }
options
{ serverHost: '10.0.1.8',
  serverPort: 22100,
  sessionKey: 
   { id: 40101182,
     cipherKeyVal: <Buffer f0 9f 42 23 37 13 cd 34 4f 8f 62 d1 b7 fd 26 6a>,
     macKeyVal: <Buffer 7c e6 20 68 f1 3d 4a e1 4f f6 35 a0 54 06 04 67 47 94 8f cb b0 ce 1a 87 1f 5f fb ea bf 0c 02 d0>,
     absValidity: 2018-03-21T21:48:15.666Z,
     relValidity: 7200000 },
  sessionCryptoSpec: { cipher: 'AES-128-CBC', mac: 'SHA256' },
  sessionProtocol: 'TCP',
  handshakeTimeout: 50000 }
chosen nonce: <Buffer 0a e8 7a 9c a7 69 04 e5>
switching to HANDSHAKE_1_SENT
disconnected from auth
Handler: secure connection with the server closed.
received session key handshake2!
client ret: [object Object]
server authenticated/authorized by solving nonce!
Handler: communication initialization succeeded
file data length: 1024
sending at Tue Mar 20 2018 21:48:16 GMT+0000 (UTC)
switching to IN_COMM
received secure communication message!
Received seqNum: 0
Handler: data received from server via secure communication
data1
Resp-actual/expected/ratio/ts: 20 20 1 1521582496704
Distribution protocol: TCP
Resp-actual/expected/ratio/ts: 20 21 0.9523809523809523 1521582555573
connected to auth! from local port 41388
received auth hello!
{ authId: 401, nonce: <Buffer f0 64 78 e9 69 dc b3 a8> }
received session key response encrypted with distribution key
replyNonce in sessionKeyResp: <Buffer 79 ea 0b 27 e2 b4 f6 21>
auth nonce verified
handleSessionKeyResp: session key request succeeded! authFailureCount: 0
received 1 keys
currentSessionKey: [object Object]
Status: Secure connection closed before starting a new connection.
Session protocol: TCP
chosen commSessionKey: 
{ id: 40101193,
  cipherKeyVal: <Buffer 8b 2d 13 1a bd 08 bf 23 4b 93 64 bc d6 87 78 17>,
  macKeyVal: <Buffer b6 71 a7 15 82 f1 86 7e 6e 65 6b f3 7d 6e b3 19 e4 8b c4 a5 7e b0 ea 01 ab 4e e2 1e 7a 31 4d 52>,
  absValidity: 2018-03-21T21:49:15.728Z,
  relValidity: 7200000 }
options
{ serverHost: '10.0.1.8',
  serverPort: 22100,
  sessionKey: 
   { id: 40101193,
     cipherKeyVal: <Buffer 8b 2d 13 1a bd 08 bf 23 4b 93 64 bc d6 87 78 17>,
     macKeyVal: <Buffer b6 71 a7 15 82 f1 86 7e 6e 65 6b f3 7d 6e b3 19 e4 8b c4 a5 7e b0 ea 01 ab 4e e2 1e 7a 31 4d 52>,
     absValidity: 2018-03-21T21:49:15.728Z,
     relValidity: 7200000 },
  sessionCryptoSpec: { cipher: 'AES-128-CBC', mac: 'SHA256' },
  sessionProtocol: 'TCP',
  handshakeTimeout: 50000 }
chosen nonce: <Buffer e0 46 13 db a4 9e 6e b4>
switching to HANDSHAKE_1_SENT
disconnected from auth
Handler: secure connection with the server closed.
received session key handshake2!
client ret: [object Object]
server authenticated/authorized by solving nonce!
Handler: communication initialization succeeded
file data length: 1024
sending at Tue Mar 20 2018 21:49:16 GMT+0000 (UTC)
switching to IN_COMM
received secure communication message!
Received seqNum: 0
Handler: data received from server via secure communication
data1
Resp-actual/expected/ratio/ts: 21 21 1 1521582556591
Distribution protocol: TCP
Resp-actual/expected/ratio/ts: 21 22 0.9545454545454546 1521582615577
connected to auth! from local port 41562
received auth hello!
{ authId: 401, nonce: <Buffer a7 1e f5 6a 64 1f 40 07> }
received session key response encrypted with distribution key
replyNonce in sessionKeyResp: <Buffer 09 a8 a0 94 a6 73 86 03>
auth nonce verified
handleSessionKeyResp: session key request succeeded! authFailureCount: 0
received 1 keys
currentSessionKey: [object Object]
Status: Secure connection closed before starting a new connection.
Session protocol: TCP
chosen commSessionKey: 
{ id: 40101205,
  cipherKeyVal: <Buffer 3e 2b 2b 83 9b 92 38 f9 99 7f 8a e4 9b 92 21 45>,
  macKeyVal: <Buffer e6 56 f9 cd 48 24 36 35 47 71 be 37 46 c1 9b 9d 25 47 c6 7c 83 1e ea 22 f6 ad 1d df ef 84 88 eb>,
  absValidity: 2018-03-21T21:50:15.750Z,
  relValidity: 7200000 }
options
{ serverHost: '10.0.1.8',
  serverPort: 22100,
  sessionKey: 
   { id: 40101205,
     cipherKeyVal: <Buffer 3e 2b 2b 83 9b 92 38 f9 99 7f 8a e4 9b 92 21 45>,
     macKeyVal: <Buffer e6 56 f9 cd 48 24 36 35 47 71 be 37 46 c1 9b 9d 25 47 c6 7c 83 1e ea 22 f6 ad 1d df ef 84 88 eb>,
     absValidity: 2018-03-21T21:50:15.750Z,
     relValidity: 7200000 },
  sessionCryptoSpec: { cipher: 'AES-128-CBC', mac: 'SHA256' },
  sessionProtocol: 'TCP',
  handshakeTimeout: 50000 }
chosen nonce: <Buffer 82 04 04 fa a7 d6 33 c9>
switching to HANDSHAKE_1_SENT
disconnected from auth
Handler: secure connection with the server closed.
received session key handshake2!
client ret: [object Object]
server authenticated/authorized by solving nonce!
Handler: communication initialization succeeded
file data length: 1024
sending at Tue Mar 20 2018 21:50:16 GMT+0000 (UTC)
switching to IN_COMM
received secure communication message!
Received seqNum: 0
Handler: data received from server via secure communication
data1
Resp-actual/expected/ratio/ts: 22 22 1 1521582616936
Distribution protocol: TCP
Resp-actual/expected/ratio/ts: 22 23 0.9565217391304348 1521582675623
connected to auth! from local port 41748
received auth hello!
{ authId: 401, nonce: <Buffer fb ad df 8c c9 01 e3 01> }
received session key response encrypted with distribution key
replyNonce in sessionKeyResp: <Buffer f8 b5 3a d6 13 61 94 25>
auth nonce verified
handleSessionKeyResp: session key request succeeded! authFailureCount: 0
received 1 keys
currentSessionKey: [object Object]
Status: Secure connection closed before starting a new connection.
Session protocol: TCP
chosen commSessionKey: 
{ id: 40101217,
  cipherKeyVal: <Buffer 0e 3a fc 8d 70 36 75 3e 6a 8e 3c d3 04 89 88 98>,
  macKeyVal: <Buffer c6 42 b3 ba 45 85 97 41 4a 82 46 d1 b9 e0 19 d8 fe e1 08 cc b7 0e 85 3d 21 fc 6e 36 63 a5 32 59>,
  absValidity: 2018-03-21T21:51:15.729Z,
  relValidity: 7200000 }
options
{ serverHost: '10.0.1.8',
  serverPort: 22100,
  sessionKey: 
   { id: 40101217,
     cipherKeyVal: <Buffer 0e 3a fc 8d 70 36 75 3e 6a 8e 3c d3 04 89 88 98>,
     macKeyVal: <Buffer c6 42 b3 ba 45 85 97 41 4a 82 46 d1 b9 e0 19 d8 fe e1 08 cc b7 0e 85 3d 21 fc 6e 36 63 a5 32 59>,
     absValidity: 2018-03-21T21:51:15.729Z,
     relValidity: 7200000 },
  sessionCryptoSpec: { cipher: 'AES-128-CBC', mac: 'SHA256' },
  sessionProtocol: 'TCP',
  handshakeTimeout: 50000 }
chosen nonce: <Buffer c0 19 2c c2 95 6c c9 29>
switching to HANDSHAKE_1_SENT
disconnected from auth
Handler: secure connection with the server closed.
received session key handshake2!
client ret: [object Object]
server authenticated/authorized by solving nonce!
Handler: communication initialization succeeded
file data length: 1024
sending at Tue Mar 20 2018 21:51:16 GMT+0000 (UTC)
switching to IN_COMM
received secure communication message!
Received seqNum: 0
Handler: data received from server via secure communication
data1
Resp-actual/expected/ratio/ts: 23 23 1 1521582676674
Distribution protocol: TCP
Resp-actual/expected/ratio/ts: 23 24 0.9583333333333334 1521582735683
connected to auth! from local port 41914
received auth hello!
{ authId: 401, nonce: <Buffer c2 fb 85 d8 c1 42 07 ca> }
received session key response encrypted with distribution key
replyNonce in sessionKeyResp: <Buffer 1f 3a bb 49 3d f2 56 c7>
auth nonce verified
handleSessionKeyResp: session key request succeeded! authFailureCount: 0
received 1 keys
currentSessionKey: [object Object]
Status: Secure connection closed before starting a new connection.
Session protocol: TCP
chosen commSessionKey: 
{ id: 40101228,
  cipherKeyVal: <Buffer d8 bb b0 a0 b2 6d c8 f9 2d 55 80 88 33 39 1f ab>,
  macKeyVal: <Buffer f9 a0 e9 c4 f2 19 d4 9b ba 27 8a 4e 15 41 38 fb b7 58 52 33 13 ef 04 c1 e5 42 31 d7 b5 29 c6 71>,
  absValidity: 2018-03-21T21:52:15.825Z,
  relValidity: 7200000 }
options
{ serverHost: '10.0.1.8',
  serverPort: 22100,
  sessionKey: 
   { id: 40101228,
     cipherKeyVal: <Buffer d8 bb b0 a0 b2 6d c8 f9 2d 55 80 88 33 39 1f ab>,
     macKeyVal: <Buffer f9 a0 e9 c4 f2 19 d4 9b ba 27 8a 4e 15 41 38 fb b7 58 52 33 13 ef 04 c1 e5 42 31 d7 b5 29 c6 71>,
     absValidity: 2018-03-21T21:52:15.825Z,
     relValidity: 7200000 },
  sessionCryptoSpec: { cipher: 'AES-128-CBC', mac: 'SHA256' },
  sessionProtocol: 'TCP',
  handshakeTimeout: 50000 }
chosen nonce: <Buffer 95 b5 74 6e 6f 2d da d8>
switching to HANDSHAKE_1_SENT
disconnected from auth
Handler: secure connection with the server closed.
received session key handshake2!
client ret: [object Object]
server authenticated/authorized by solving nonce!
Handler: communication initialization succeeded
file data length: 1024
sending at Tue Mar 20 2018 21:52:16 GMT+0000 (UTC)
switching to IN_COMM
received secure communication message!
Received seqNum: 0
Handler: data received from server via secure communication
data1
Resp-actual/expected/ratio/ts: 24 24 1 1521582736650
Distribution protocol: TCP
Resp-actual/expected/ratio/ts: 24 25 0.96 1521582795743
connected to auth! from local port 42088
received auth hello!
{ authId: 401, nonce: <Buffer fd 1f 07 88 6d 38 ad 2a> }
received session key response encrypted with distribution key
replyNonce in sessionKeyResp: <Buffer e8 09 f2 08 a5 fa 26 3d>
auth nonce verified
handleSessionKeyResp: session key request succeeded! authFailureCount: 0
received 1 keys
currentSessionKey: [object Object]
Status: Secure connection closed before starting a new connection.
Session protocol: TCP
chosen commSessionKey: 
{ id: 40101240,
  cipherKeyVal: <Buffer 8e b2 fb 35 2e fa b9 c6 d3 19 92 b2 ec 12 4f 04>,
  macKeyVal: <Buffer a4 77 d2 0b 00 eb 05 9c b2 e9 43 f2 57 85 8a 9c 65 45 c3 2f 18 c7 67 14 e5 6a ad e5 61 de 2f d2>,
  absValidity: 2018-03-21T21:53:15.886Z,
  relValidity: 7200000 }
options
{ serverHost: '10.0.1.8',
  serverPort: 22100,
  sessionKey: 
   { id: 40101240,
     cipherKeyVal: <Buffer 8e b2 fb 35 2e fa b9 c6 d3 19 92 b2 ec 12 4f 04>,
     macKeyVal: <Buffer a4 77 d2 0b 00 eb 05 9c b2 e9 43 f2 57 85 8a 9c 65 45 c3 2f 18 c7 67 14 e5 6a ad e5 61 de 2f d2>,
     absValidity: 2018-03-21T21:53:15.886Z,
     relValidity: 7200000 },
  sessionCryptoSpec: { cipher: 'AES-128-CBC', mac: 'SHA256' },
  sessionProtocol: 'TCP',
  handshakeTimeout: 50000 }
chosen nonce: <Buffer 6e 43 d2 bf 8b ae 80 e6>
switching to HANDSHAKE_1_SENT
disconnected from auth
Handler: secure connection with the server closed.
received session key handshake2!
client ret: [object Object]
server authenticated/authorized by solving nonce!
Handler: communication initialization succeeded
file data length: 1024
sending at Tue Mar 20 2018 21:53:16 GMT+0000 (UTC)
switching to IN_COMM
received secure communication message!
Received seqNum: 0
Handler: data received from server via secure communication
data1
Resp-actual/expected/ratio/ts: 25 25 1 1521582796659
Distribution protocol: TCP
Resp-actual/expected/ratio/ts: 25 26 0.9615384615384616 1521582855803
connected to auth! from local port 42260
received auth hello!
{ authId: 401, nonce: <Buffer 2c 74 84 50 5a 2f e7 e1> }
received session key response encrypted with distribution key
replyNonce in sessionKeyResp: <Buffer 5c b5 d0 24 aa 49 d7 f6>
auth nonce verified
handleSessionKeyResp: session key request succeeded! authFailureCount: 0
received 1 keys
currentSessionKey: [object Object]
Status: Secure connection closed before starting a new connection.
Session protocol: TCP
chosen commSessionKey: 
{ id: 40101253,
  cipherKeyVal: <Buffer 66 56 be 7d 4c e7 6d 25 e1 ea a7 46 bf 4f 11 a5>,
  macKeyVal: <Buffer d1 c4 3e 54 4d 7e 9b b9 f1 af 87 83 7c 81 2a 44 07 c8 45 18 73 6b 5d 33 d6 47 16 6d 16 d7 d2 36>,
  absValidity: 2018-03-21T21:54:15.965Z,
  relValidity: 7200000 }
options
{ serverHost: '10.0.1.8',
  serverPort: 22100,
  sessionKey: 
   { id: 40101253,
     cipherKeyVal: <Buffer 66 56 be 7d 4c e7 6d 25 e1 ea a7 46 bf 4f 11 a5>,
     macKeyVal: <Buffer d1 c4 3e 54 4d 7e 9b b9 f1 af 87 83 7c 81 2a 44 07 c8 45 18 73 6b 5d 33 d6 47 16 6d 16 d7 d2 36>,
     absValidity: 2018-03-21T21:54:15.965Z,
     relValidity: 7200000 },
  sessionCryptoSpec: { cipher: 'AES-128-CBC', mac: 'SHA256' },
  sessionProtocol: 'TCP',
  handshakeTimeout: 50000 }
chosen nonce: <Buffer 2d b3 e0 d2 09 15 f2 af>
switching to HANDSHAKE_1_SENT
disconnected from auth
Handler: secure connection with the server closed.
received session key handshake2!
client ret: [object Object]
server authenticated/authorized by solving nonce!
Handler: communication initialization succeeded
file data length: 1024
sending at Tue Mar 20 2018 21:54:16 GMT+0000 (UTC)
switching to IN_COMM
received secure communication message!
Received seqNum: 0
Handler: data received from server via secure communication
data1
Resp-actual/expected/ratio/ts: 26 26 1 1521582856843
Distribution protocol: TCP
Resp-actual/expected/ratio/ts: 26 27 0.9629629629629629 1521582915861
connected to auth! from local port 42432
received auth hello!
{ authId: 401, nonce: <Buffer 23 9f bc 55 78 dc 51 f5> }
received session key response encrypted with distribution key
replyNonce in sessionKeyResp: <Buffer 62 cb 85 ac 24 ce e5 29>
auth nonce verified
handleSessionKeyResp: session key request succeeded! authFailureCount: 0
received 1 keys
currentSessionKey: [object Object]
Status: Secure connection closed before starting a new connection.
Session protocol: TCP
chosen commSessionKey: 
{ id: 40101266,
  cipherKeyVal: <Buffer aa c9 01 2a 28 90 6e 1c 73 6c e0 1c 12 8f 33 e1>,
  macKeyVal: <Buffer 34 c7 74 b0 34 2e 1b fa ea 4b eb 7a d3 93 e4 24 0c 3e af c4 f1 42 70 b6 78 92 2e 0e f5 0d f2 48>,
  absValidity: 2018-03-21T21:55:15.994Z,
  relValidity: 7200000 }
options
{ serverHost: '10.0.1.8',
  serverPort: 22100,
  sessionKey: 
   { id: 40101266,
     cipherKeyVal: <Buffer aa c9 01 2a 28 90 6e 1c 73 6c e0 1c 12 8f 33 e1>,
     macKeyVal: <Buffer 34 c7 74 b0 34 2e 1b fa ea 4b eb 7a d3 93 e4 24 0c 3e af c4 f1 42 70 b6 78 92 2e 0e f5 0d f2 48>,
     absValidity: 2018-03-21T21:55:15.994Z,
     relValidity: 7200000 },
  sessionCryptoSpec: { cipher: 'AES-128-CBC', mac: 'SHA256' },
  sessionProtocol: 'TCP',
  handshakeTimeout: 50000 }
chosen nonce: <Buffer 4c 0f 9b c6 3f 93 87 40>
switching to HANDSHAKE_1_SENT
disconnected from auth
Handler: secure connection with the server closed.
received session key handshake2!
client ret: [object Object]
server authenticated/authorized by solving nonce!
Handler: communication initialization succeeded
file data length: 1024
sending at Tue Mar 20 2018 21:55:16 GMT+0000 (UTC)
switching to IN_COMM
received secure communication message!
Received seqNum: 0
Handler: data received from server via secure communication
data1
Resp-actual/expected/ratio/ts: 27 27 1 1521582916840
Distribution protocol: TCP
Resp-actual/expected/ratio/ts: 27 28 0.9642857142857143 1521582975921
connected to auth! from local port 42602
received auth hello!
{ authId: 401, nonce: <Buffer 65 66 cf e8 6a d2 f9 4a> }
received session key response encrypted with distribution key
replyNonce in sessionKeyResp: <Buffer 98 95 50 5d 1a e1 94 73>
auth nonce verified
handleSessionKeyResp: session key request succeeded! authFailureCount: 0
received 1 keys
currentSessionKey: [object Object]
Status: Secure connection closed before starting a new connection.
Session protocol: TCP
chosen commSessionKey: 
{ id: 40101278,
  cipherKeyVal: <Buffer 11 2b 4a c3 99 fc 0a 74 d9 e6 2d ed 9a c5 89 67>,
  macKeyVal: <Buffer d8 7e f3 04 73 9a f4 6a 9a a9 35 99 ae 2c 81 f7 52 6f 62 06 ea 86 42 97 ad 2d de 3e d5 6b 6b 24>,
  absValidity: 2018-03-21T21:56:16.076Z,
  relValidity: 7200000 }
options
{ serverHost: '10.0.1.8',
  serverPort: 22100,
  sessionKey: 
   { id: 40101278,
     cipherKeyVal: <Buffer 11 2b 4a c3 99 fc 0a 74 d9 e6 2d ed 9a c5 89 67>,
     macKeyVal: <Buffer d8 7e f3 04 73 9a f4 6a 9a a9 35 99 ae 2c 81 f7 52 6f 62 06 ea 86 42 97 ad 2d de 3e d5 6b 6b 24>,
     absValidity: 2018-03-21T21:56:16.076Z,
     relValidity: 7200000 },
  sessionCryptoSpec: { cipher: 'AES-128-CBC', mac: 'SHA256' },
  sessionProtocol: 'TCP',
  handshakeTimeout: 50000 }
chosen nonce: <Buffer c4 3b ef 1c 11 91 f4 40>
switching to HANDSHAKE_1_SENT
disconnected from auth
Handler: secure connection with the server closed.
received session key handshake2!
client ret: [object Object]
server authenticated/authorized by solving nonce!
Handler: communication initialization succeeded
file data length: 1024
sending at Tue Mar 20 2018 21:56:16 GMT+0000 (UTC)
switching to IN_COMM
received secure communication message!
Received seqNum: 0
Handler: data received from server via secure communication
data1
Resp-actual/expected/ratio/ts: 28 28 1 1521582976889
Distribution protocol: TCP
Resp-actual/expected/ratio/ts: 28 29 0.9655172413793104 1521583035979
connected to auth! from local port 42786
received auth hello!
{ authId: 401, nonce: <Buffer c4 aa 2a ee e0 a7 ed b1> }
received session key response encrypted with distribution key
replyNonce in sessionKeyResp: <Buffer 54 81 4e a0 97 66 e6 fa>
auth nonce verified
handleSessionKeyResp: session key request succeeded! authFailureCount: 0
received 1 keys
currentSessionKey: [object Object]
Status: Secure connection closed before starting a new connection.
Session protocol: TCP
chosen commSessionKey: 
{ id: 40101291,
  cipherKeyVal: <Buffer 99 83 30 da c7 43 52 b5 6e 53 ee f4 f5 01 8f 3a>,
  macKeyVal: <Buffer 56 4b 69 46 04 b0 1f 46 e1 ae c9 c1 5b c8 69 44 9a bc 6e e1 6b 38 19 01 dc cb 3a 2f 41 6e 08 c8>,
  absValidity: 2018-03-21T21:57:16.130Z,
  relValidity: 7200000 }
options
{ serverHost: '10.0.1.8',
  serverPort: 22100,
  sessionKey: 
   { id: 40101291,
     cipherKeyVal: <Buffer 99 83 30 da c7 43 52 b5 6e 53 ee f4 f5 01 8f 3a>,
     macKeyVal: <Buffer 56 4b 69 46 04 b0 1f 46 e1 ae c9 c1 5b c8 69 44 9a bc 6e e1 6b 38 19 01 dc cb 3a 2f 41 6e 08 c8>,
     absValidity: 2018-03-21T21:57:16.130Z,
     relValidity: 7200000 },
  sessionCryptoSpec: { cipher: 'AES-128-CBC', mac: 'SHA256' },
  sessionProtocol: 'TCP',
  handshakeTimeout: 50000 }
chosen nonce: <Buffer c6 aa 0c c3 20 17 b1 01>
switching to HANDSHAKE_1_SENT
disconnected from auth
Handler: secure connection with the server closed.
received session key handshake2!
client ret: [object Object]
server authenticated/authorized by solving nonce!
Handler: communication initialization succeeded
file data length: 1024
sending at Tue Mar 20 2018 21:57:16 GMT+0000 (UTC)
switching to IN_COMM
received secure communication message!
Received seqNum: 0
Handler: data received from server via secure communication
data1
Resp-actual/expected/ratio/ts: 29 29 1 1521583037035
