changing working directory to: /home/hokeunkim/Development/iotauth/entity/node/example_entities
loading from config file: /home/hokeunkim/Development/iotauth_experiments/experiments/ccs2017/expOptions/expEntity.option
Experimental options for echoServer: { autoSendPeriod: 60000,
  useSameSessionKeyCount: 1,
  connectionTimeout: 50000,
  migrationEnabled: true,
  authFailureThreshold: 2,
  migrationFailureThreshold: 2 }
loading from config file: /home/hokeunkim/Development/iotauth/entity/node/example_entities/configs/Servers/s413.config
initializing secure comm server...
Session protocol: TCP
current parameters: { migrationEnabled: true,
  authFailureThreshold: 3,
  migrationFailureThreshold: 3 }
current parameters: { migrationEnabled: true,
  authFailureThreshold: 2,
  migrationFailureThreshold: 3 }
current parameters: { migrationEnabled: true,
  authFailureThreshold: 2,
  migrationFailureThreshold: 2 }
current entityInfo: { name: 's413',
  group: 'Servers',
  distProtocol: 'TCP',
  usePermanentDistKey: false,
  connectionTimeout: 50000,
  privateKey: <Buffer 2d 2d 2d 2d 2d 42 45 47 49 4e 20 52 53 41 20 50 52 49 56 41 54 45 20 4b 45 59 2d 2d 2d 2d 2d 0a 4d 49 49 45 6f 77 49 42 41 41 4b 43 41 51 45 41 31 52 ... > }
Handler: listening on port 22100
s413:Servers prompt>
Unidentified client connected
received session key handshake1
switching to HANDSHAKE_1_RECEIVED state.
session key id: 40300050
session key NOT found! sending session key id to AuthService
Distribution protocol: TCP
connected to auth! from local port 57598
received auth hello!
{ authId: 403, nonce: <Buffer fa 57 ec f6 53 96 29 21> }
received session key response with distribution key attached!
auth signature verified
replyNonce in sessionKeyResp: <Buffer e8 1b c0 01 4c a4 63 57>
auth nonce verified
handleSessionKeyResp: session key request succeeded! authFailureCount: 0
updating distribution key: { cipherKeyVal: <Buffer 2c 9d ec be 40 2c 06 bf cf 82 c8 ae 62 e9 57 03>,
  macKeyVal: <Buffer 57 98 47 c9 f6 c0 46 66 ba f7 ed 1f 86 dd 14 4e 27 4d 56 f5 e4 16 8d 0a 51 9d 3f bc 2f 48 a2 f9>,
  absValidity: 2018-08-27T05:29:28.450Z }
received 1 keys
Session key id is as expected
server ret: [object Object]
chosen nonce: <Buffer 22 d7 79 75 13 6f 6c 25>
switching to HANDSHAKE_2_SENT
received session key handshake3!
{ replyNonce: <Buffer 22 d7 79 75 13 6f 6c 25> }
client authenticated/authorized by solving nonce!
switching to IN_COMM
Handler: secure connection with the client established.
{ id: 0,
  remoteAddress: '::ffff:10.0.1.58:50378',
  status: 'open' }
disconnected from auth
received secure communication!
Received seqNum: 0
data received from server via secure communication
Handler: socketID: 0 data: data1
toSend: { data: <Buffer 64 61 74 61 31>, id: 0 }
specified socketID: 0
Unidentified client disconnected
Handler: secure connection with the client closed.
socket #0 closed
Unidentified client connected
received session key handshake1
switching to HANDSHAKE_1_RECEIVED state.
session key id: 40300056
session key NOT found! sending session key id to AuthService
Distribution protocol: TCP
connected to auth! from local port 57802
received auth hello!
{ authId: 403, nonce: <Buffer 68 77 26 94 5a 59 21 81> }
received session key response encrypted with distribution key
replyNonce in sessionKeyResp: <Buffer 7a a2 d0 0a 8f 13 44 63>
auth nonce verified
handleSessionKeyResp: session key request succeeded! authFailureCount: 0
received 1 keys
Session key id is as expected
server ret: [object Object]
chosen nonce: <Buffer fe b8 e5 4c bf 32 ea 01>
switching to HANDSHAKE_2_SENT
disconnected from auth
received session key handshake3!
{ replyNonce: <Buffer fe b8 e5 4c bf 32 ea 01> }
client authenticated/authorized by solving nonce!
switching to IN_COMM
Handler: secure connection with the client established.
{ id: 1,
  remoteAddress: '::ffff:10.0.1.58:50580',
  status: 'open' }
received secure communication!
Received seqNum: 0
data received from server via secure communication
Handler: socketID: 1 data: data1
toSend: { data: <Buffer 64 61 74 61 31>, id: 1 }
specified socketID: 1
Unidentified client disconnected
Handler: secure connection with the client closed.
socket #1 closed
Unidentified client connected
received session key handshake1
switching to HANDSHAKE_1_RECEIVED state.
session key id: 40300062
session key NOT found! sending session key id to AuthService
Distribution protocol: TCP
connected to auth! from local port 58072
received auth hello!
{ authId: 403, nonce: <Buffer 4f 34 11 05 7f 7f 73 43> }
received session key response encrypted with distribution key
replyNonce in sessionKeyResp: <Buffer 94 d1 b9 f0 34 09 cc 85>
auth nonce verified
handleSessionKeyResp: session key request succeeded! authFailureCount: 0
received 1 keys
Session key id is as expected
server ret: [object Object]
chosen nonce: <Buffer 6d ce 3c ed 1c b8 26 e9>
switching to HANDSHAKE_2_SENT
disconnected from auth
received session key handshake3!
{ replyNonce: <Buffer 6d ce 3c ed 1c b8 26 e9> }
client authenticated/authorized by solving nonce!
switching to IN_COMM
Handler: secure connection with the client established.
{ id: 2,
  remoteAddress: '::ffff:10.0.1.58:50852',
  status: 'open' }
received secure communication!
Received seqNum: 0
data received from server via secure communication
Handler: socketID: 2 data: data1
toSend: { data: <Buffer 64 61 74 61 31>, id: 2 }
specified socketID: 2
Unidentified client disconnected
Handler: secure connection with the client closed.
socket #2 closed
Unidentified client connected
received session key handshake1
switching to HANDSHAKE_1_RECEIVED state.
session key id: 40300068
session key NOT found! sending session key id to AuthService
Distribution protocol: TCP
connected to auth! from local port 58342
received auth hello!
{ authId: 403, nonce: <Buffer c2 88 3f 77 d7 80 9d e3> }
received session key response encrypted with distribution key
replyNonce in sessionKeyResp: <Buffer 28 e1 f1 79 51 6d 73 b7>
auth nonce verified
handleSessionKeyResp: session key request succeeded! authFailureCount: 0
received 1 keys
Session key id is as expected
server ret: [object Object]
chosen nonce: <Buffer ff 5c cb 5d aa f9 60 94>
switching to HANDSHAKE_2_SENT
disconnected from auth
received session key handshake3!
{ replyNonce: <Buffer ff 5c cb 5d aa f9 60 94> }
client authenticated/authorized by solving nonce!
switching to IN_COMM
Handler: secure connection with the client established.
{ id: 3,
  remoteAddress: '::ffff:10.0.1.58:51122',
  status: 'open' }
received secure communication!
Received seqNum: 0
data received from server via secure communication
Handler: socketID: 3 data: data1
toSend: { data: <Buffer 64 61 74 61 31>, id: 3 }
specified socketID: 3
Unidentified client disconnected
Handler: secure connection with the client closed.
socket #3 closed
Unidentified client connected
received session key handshake1
switching to HANDSHAKE_1_RECEIVED state.
session key id: 40300074
session key NOT found! sending session key id to AuthService
Distribution protocol: TCP
connected to auth! from local port 58612
received auth hello!
{ authId: 403, nonce: <Buffer 3a 8d b2 cf a8 39 02 69> }
received session key response encrypted with distribution key
replyNonce in sessionKeyResp: <Buffer d9 09 63 66 99 57 5f 46>
auth nonce verified
handleSessionKeyResp: session key request succeeded! authFailureCount: 0
received 1 keys
Session key id is as expected
server ret: [object Object]
chosen nonce: <Buffer bd 43 3b ee 5d 8c 46 c2>
switching to HANDSHAKE_2_SENT
disconnected from auth
received session key handshake3!
{ replyNonce: <Buffer bd 43 3b ee 5d 8c 46 c2> }
client authenticated/authorized by solving nonce!
switching to IN_COMM
Handler: secure connection with the client established.
{ id: 4,
  remoteAddress: '::ffff:10.0.1.58:51392',
  status: 'open' }
received secure communication!
Received seqNum: 0
data received from server via secure communication
Handler: socketID: 4 data: data1
toSend: { data: <Buffer 64 61 74 61 31>, id: 4 }
specified socketID: 4
Unidentified client disconnected
Handler: secure connection with the client closed.
socket #4 closed
Unidentified client connected
received session key handshake1
switching to HANDSHAKE_1_RECEIVED state.
session key id: 40300080
session key NOT found! sending session key id to AuthService
Distribution protocol: TCP
connected to auth! from local port 58882
received auth hello!
{ authId: 403, nonce: <Buffer c1 58 c1 c9 33 fc 83 c8> }
received session key response encrypted with distribution key
replyNonce in sessionKeyResp: <Buffer 47 c7 14 27 48 1c 2c 3c>
auth nonce verified
handleSessionKeyResp: session key request succeeded! authFailureCount: 0
received 1 keys
Session key id is as expected
server ret: [object Object]
chosen nonce: <Buffer c1 80 87 84 6b df 74 57>
switching to HANDSHAKE_2_SENT
disconnected from auth
received session key handshake3!
{ replyNonce: <Buffer c1 80 87 84 6b df 74 57> }
client authenticated/authorized by solving nonce!
switching to IN_COMM
Handler: secure connection with the client established.
{ id: 5,
  remoteAddress: '::ffff:10.0.1.58:51662',
  status: 'open' }
received secure communication!
Received seqNum: 0
data received from server via secure communication
Handler: socketID: 5 data: data1
toSend: { data: <Buffer 64 61 74 61 31>, id: 5 }
specified socketID: 5
Unidentified client disconnected
Handler: secure connection with the client closed.
socket #5 closed
Unidentified client connected
received session key handshake1
switching to HANDSHAKE_1_RECEIVED state.
session key id: 40300086
session key NOT found! sending session key id to AuthService
Distribution protocol: TCP
connected to auth! from local port 59152
received auth hello!
{ authId: 403, nonce: <Buffer 83 66 f9 b2 b6 c8 ae 10> }
received session key response encrypted with distribution key
replyNonce in sessionKeyResp: <Buffer e3 09 06 6e 54 ae 6b ad>
auth nonce verified
handleSessionKeyResp: session key request succeeded! authFailureCount: 0
received 1 keys
Session key id is as expected
server ret: [object Object]
chosen nonce: <Buffer bb 04 8a e0 f9 b8 e8 ee>
switching to HANDSHAKE_2_SENT
received session key handshake3!
{ replyNonce: <Buffer bb 04 8a e0 f9 b8 e8 ee> }
client authenticated/authorized by solving nonce!
switching to IN_COMM
Handler: secure connection with the client established.
{ id: 6,
  remoteAddress: '::ffff:10.0.1.58:51932',
  status: 'open' }
disconnected from auth
received secure communication!
Received seqNum: 0
data received from server via secure communication
Handler: socketID: 6 data: data1
toSend: { data: <Buffer 64 61 74 61 31>, id: 6 }
specified socketID: 6
Unidentified client disconnected
Handler: secure connection with the client closed.
socket #6 closed
Unidentified client connected
received session key handshake1
switching to HANDSHAKE_1_RECEIVED state.
session key id: 40300092
session key NOT found! sending session key id to AuthService
Distribution protocol: TCP
connected to auth! from local port 59414
received auth hello!
{ authId: 403, nonce: <Buffer 8a cc 92 cd 53 8a 7c 19> }
received session key response encrypted with distribution key
replyNonce in sessionKeyResp: <Buffer 1d af 73 72 24 38 c3 a9>
auth nonce verified
handleSessionKeyResp: session key request succeeded! authFailureCount: 0
received 1 keys
Session key id is as expected
server ret: [object Object]
chosen nonce: <Buffer d2 eb c9 a3 7e ce 82 b2>
switching to HANDSHAKE_2_SENT
disconnected from auth
received session key handshake3!
{ replyNonce: <Buffer d2 eb c9 a3 7e ce 82 b2> }
client authenticated/authorized by solving nonce!
switching to IN_COMM
Handler: secure connection with the client established.
{ id: 7,
  remoteAddress: '::ffff:10.0.1.58:52194',
  status: 'open' }
received secure communication!
Received seqNum: 0
data received from server via secure communication
Handler: socketID: 7 data: data1
toSend: { data: <Buffer 64 61 74 61 31>, id: 7 }
specified socketID: 7
Unidentified client disconnected
Handler: secure connection with the client closed.
socket #7 closed
Unidentified client connected
received session key handshake1
switching to HANDSHAKE_1_RECEIVED state.
session key id: 40300098
session key NOT found! sending session key id to AuthService
Distribution protocol: TCP
connected to auth! from local port 59600
received auth hello!
{ authId: 403, nonce: <Buffer cf 51 4f 9f 1a d7 27 58> }
received session key response encrypted with distribution key
replyNonce in sessionKeyResp: <Buffer e7 c8 eb 87 f6 2f c8 8f>
auth nonce verified
handleSessionKeyResp: session key request succeeded! authFailureCount: 0
received 1 keys
Session key id is as expected
server ret: [object Object]
chosen nonce: <Buffer 9a 65 c5 c3 7b 6b bb e7>
switching to HANDSHAKE_2_SENT
disconnected from auth
received session key handshake3!
{ replyNonce: <Buffer 9a 65 c5 c3 7b 6b bb e7> }
client authenticated/authorized by solving nonce!
switching to IN_COMM
Handler: secure connection with the client established.
{ id: 8,
  remoteAddress: '::ffff:10.0.1.58:52380',
  status: 'open' }
received secure communication!
Received seqNum: 0
data received from server via secure communication
Handler: socketID: 8 data: data1
toSend: { data: <Buffer 64 61 74 61 31>, id: 8 }
specified socketID: 8
Unidentified client disconnected
Handler: secure connection with the client closed.
socket #8 closed
Unidentified client connected
received session key handshake1
switching to HANDSHAKE_1_RECEIVED state.
session key id: 40300104
session key NOT found! sending session key id to AuthService
Distribution protocol: TCP
connected to auth! from local port 59824
received auth hello!
{ authId: 403, nonce: <Buffer 6d 74 a5 2f e6 fd 63 fb> }
received session key response encrypted with distribution key
replyNonce in sessionKeyResp: <Buffer d3 82 09 91 20 dd c4 68>
auth nonce verified
handleSessionKeyResp: session key request succeeded! authFailureCount: 0
received 1 keys
Session key id is as expected
server ret: [object Object]
chosen nonce: <Buffer e7 a2 4d cd eb e7 13 68>
switching to HANDSHAKE_2_SENT
disconnected from auth
received session key handshake3!
{ replyNonce: <Buffer e7 a2 4d cd eb e7 13 68> }
client authenticated/authorized by solving nonce!
switching to IN_COMM
Handler: secure connection with the client established.
{ id: 9,
  remoteAddress: '::ffff:10.0.1.58:52602',
  status: 'open' }
received secure communication!
Received seqNum: 0
data received from server via secure communication
Handler: socketID: 9 data: data1
toSend: { data: <Buffer 64 61 74 61 31>, id: 9 }
specified socketID: 9
Unidentified client disconnected
Handler: secure connection with the client closed.
socket #9 closed
Unidentified client connected
received session key handshake1
switching to HANDSHAKE_1_RECEIVED state.
session key id: 40300110
session key NOT found! sending session key id to AuthService
Distribution protocol: TCP
connected to auth! from local port 60052
received auth hello!
{ authId: 403, nonce: <Buffer 4b 93 29 f9 e6 df 15 3d> }
received session key response encrypted with distribution key
replyNonce in sessionKeyResp: <Buffer d8 dc 80 c2 3e 07 25 55>
auth nonce verified
handleSessionKeyResp: session key request succeeded! authFailureCount: 0
received 1 keys
Session key id is as expected
server ret: [object Object]
chosen nonce: <Buffer f5 61 57 03 90 de 20 42>
switching to HANDSHAKE_2_SENT
disconnected from auth
received session key handshake3!
{ replyNonce: <Buffer f5 61 57 03 90 de 20 42> }
client authenticated/authorized by solving nonce!
switching to IN_COMM
Handler: secure connection with the client established.
{ id: 10,
  remoteAddress: '::ffff:10.0.1.58:52830',
  status: 'open' }
received secure communication!
Received seqNum: 0
data received from server via secure communication
Handler: socketID: 10 data: data1
toSend: { data: <Buffer 64 61 74 61 31>, id: 10 }
specified socketID: 10
Unidentified client disconnected
Handler: secure connection with the client closed.
socket #10 closed
Unidentified client connected
received session key handshake1
switching to HANDSHAKE_1_RECEIVED state.
session key id: 40300116
session key NOT found! sending session key id to AuthService
Distribution protocol: TCP
connected to auth! from local port 60300
received auth hello!
{ authId: 403, nonce: <Buffer 2f c9 83 25 e1 0b 45 90> }
received session key response encrypted with distribution key
replyNonce in sessionKeyResp: <Buffer 89 2a b0 19 72 7d 00 77>
auth nonce verified
handleSessionKeyResp: session key request succeeded! authFailureCount: 0
received 1 keys
Session key id is as expected
server ret: [object Object]
chosen nonce: <Buffer b2 30 40 1a 66 62 1c 7b>
switching to HANDSHAKE_2_SENT
disconnected from auth
received session key handshake3!
{ replyNonce: <Buffer b2 30 40 1a 66 62 1c 7b> }
client authenticated/authorized by solving nonce!
switching to IN_COMM
Handler: secure connection with the client established.
{ id: 11,
  remoteAddress: '::ffff:10.0.1.58:53080',
  status: 'open' }
received secure communication!
Received seqNum: 0
data received from server via secure communication
Handler: socketID: 11 data: data1
toSend: { data: <Buffer 64 61 74 61 31>, id: 11 }
specified socketID: 11
Unidentified client disconnected
Handler: secure connection with the client closed.
socket #11 closed
Unidentified client connected
received session key handshake1
switching to HANDSHAKE_1_RECEIVED state.
session key id: 40300122
session key NOT found! sending session key id to AuthService
Distribution protocol: TCP
connected to auth! from local port 60540
received auth hello!
{ authId: 403, nonce: <Buffer cf 6e 0c 42 2f fa bf f9> }
received session key response encrypted with distribution key
replyNonce in sessionKeyResp: <Buffer 50 55 68 8e 6f 8f 81 84>
auth nonce verified
handleSessionKeyResp: session key request succeeded! authFailureCount: 0
received 1 keys
Session key id is as expected
server ret: [object Object]
chosen nonce: <Buffer 42 7a 2c 6a 21 d0 bc 43>
switching to HANDSHAKE_2_SENT
disconnected from auth
received session key handshake3!
{ replyNonce: <Buffer 42 7a 2c 6a 21 d0 bc 43> }
client authenticated/authorized by solving nonce!
switching to IN_COMM
Handler: secure connection with the client established.
{ id: 12,
  remoteAddress: '::ffff:10.0.1.58:53320',
  status: 'open' }
received secure communication!
Received seqNum: 0
data received from server via secure communication
Handler: socketID: 12 data: data1
toSend: { data: <Buffer 64 61 74 61 31>, id: 12 }
specified socketID: 12
Unidentified client disconnected
Handler: secure connection with the client closed.
socket #12 closed
Unidentified client connected
received session key handshake1
switching to HANDSHAKE_1_RECEIVED state.
session key id: 40300128
session key NOT found! sending session key id to AuthService
Distribution protocol: TCP
connected to auth! from local port 60792
received auth hello!
{ authId: 403, nonce: <Buffer b2 7a d6 73 7a ad 58 1f> }
received session key response encrypted with distribution key
replyNonce in sessionKeyResp: <Buffer fb 81 45 e9 b5 f3 b2 87>
auth nonce verified
handleSessionKeyResp: session key request succeeded! authFailureCount: 0
received 1 keys
Session key id is as expected
server ret: [object Object]
chosen nonce: <Buffer bb 86 cd ef 9e c6 aa 2f>
switching to HANDSHAKE_2_SENT
disconnected from auth
received session key handshake3!
{ replyNonce: <Buffer bb 86 cd ef 9e c6 aa 2f> }
client authenticated/authorized by solving nonce!
switching to IN_COMM
Handler: secure connection with the client established.
{ id: 13,
  remoteAddress: '::ffff:10.0.1.58:53572',
  status: 'open' }
received secure communication!
Received seqNum: 0
data received from server via secure communication
Handler: socketID: 13 data: data1
toSend: { data: <Buffer 64 61 74 61 31>, id: 13 }
specified socketID: 13
Unidentified client disconnected
Handler: secure connection with the client closed.
socket #13 closed
Unidentified client connected
received session key handshake1
switching to HANDSHAKE_1_RECEIVED state.
session key id: 40300134
session key NOT found! sending session key id to AuthService
Distribution protocol: TCP
connected to auth! from local port 32814
received auth hello!
{ authId: 403, nonce: <Buffer df 72 8a 58 55 4d 21 d7> }
received session key response encrypted with distribution key
replyNonce in sessionKeyResp: <Buffer f6 8b 1a b9 5f 6c 2f ca>
auth nonce verified
handleSessionKeyResp: session key request succeeded! authFailureCount: 0
received 1 keys
Session key id is as expected
server ret: [object Object]
chosen nonce: <Buffer 27 83 26 65 a9 8b ff 44>
switching to HANDSHAKE_2_SENT
disconnected from auth
received session key handshake3!
{ replyNonce: <Buffer 27 83 26 65 a9 8b ff 44> }
client authenticated/authorized by solving nonce!
switching to IN_COMM
Handler: secure connection with the client established.
{ id: 14,
  remoteAddress: '::ffff:10.0.1.58:53826',
  status: 'open' }
received secure communication!
Received seqNum: 0
data received from server via secure communication
Handler: socketID: 14 data: data1
toSend: { data: <Buffer 64 61 74 61 31>, id: 14 }
specified socketID: 14
Unidentified client disconnected
Handler: secure connection with the client closed.
socket #14 closed
Unidentified client connected
received session key handshake1
switching to HANDSHAKE_1_RECEIVED state.
session key id: 40300140
session key NOT found! sending session key id to AuthService
Distribution protocol: TCP
connected to auth! from local port 33074
received auth hello!
{ authId: 403, nonce: <Buffer 1a 04 ca 73 41 33 c7 75> }
received session key response encrypted with distribution key
replyNonce in sessionKeyResp: <Buffer 68 48 f3 b0 b0 b6 8d 5d>
auth nonce verified
handleSessionKeyResp: session key request succeeded! authFailureCount: 0
received 1 keys
Session key id is as expected
server ret: [object Object]
chosen nonce: <Buffer 5e 43 b6 9d 86 f6 85 d5>
switching to HANDSHAKE_2_SENT
received session key handshake3!
{ replyNonce: <Buffer 5e 43 b6 9d 86 f6 85 d5> }
client authenticated/authorized by solving nonce!
switching to IN_COMM
Handler: secure connection with the client established.
{ id: 15,
  remoteAddress: '::ffff:10.0.1.58:54086',
  status: 'open' }
disconnected from auth
received secure communication!
Received seqNum: 0
data received from server via secure communication
Handler: socketID: 15 data: data1
toSend: { data: <Buffer 64 61 74 61 31>, id: 15 }
specified socketID: 15
Unidentified client disconnected
Handler: secure connection with the client closed.
socket #15 closed
Unidentified client connected
received session key handshake1
switching to HANDSHAKE_1_RECEIVED state.
session key id: 40300146
session key NOT found! sending session key id to AuthService
Distribution protocol: TCP
connected to auth! from local port 33344
received auth hello!
{ authId: 403, nonce: <Buffer 9c 27 30 1e 83 92 32 1f> }
received session key response encrypted with distribution key
replyNonce in sessionKeyResp: <Buffer 4d b2 8b 64 d9 d5 b0 4c>
auth nonce verified
handleSessionKeyResp: session key request succeeded! authFailureCount: 0
received 1 keys
Session key id is as expected
server ret: [object Object]
chosen nonce: <Buffer 12 da 82 b3 7d f9 8c 8d>
switching to HANDSHAKE_2_SENT
disconnected from auth
received session key handshake3!
{ replyNonce: <Buffer 12 da 82 b3 7d f9 8c 8d> }
client authenticated/authorized by solving nonce!
switching to IN_COMM
Handler: secure connection with the client established.
{ id: 16,
  remoteAddress: '::ffff:10.0.1.58:54356',
  status: 'open' }
received secure communication!
Received seqNum: 0
data received from server via secure communication
Handler: socketID: 16 data: data1
toSend: { data: <Buffer 64 61 74 61 31>, id: 16 }
specified socketID: 16
Unidentified client disconnected
Handler: secure connection with the client closed.
socket #16 closed
Unidentified client connected
received session key handshake1
switching to HANDSHAKE_1_RECEIVED state.
session key id: 40300152
session key NOT found! sending session key id to AuthService
Distribution protocol: TCP
connected to auth! from local port 33592
received auth hello!
{ authId: 403, nonce: <Buffer 67 e3 c2 55 42 7f 9e 3d> }
received session key response encrypted with distribution key
replyNonce in sessionKeyResp: <Buffer c7 52 f1 2c 26 45 9c 18>
auth nonce verified
handleSessionKeyResp: session key request succeeded! authFailureCount: 0
received 1 keys
Session key id is as expected
server ret: [object Object]
chosen nonce: <Buffer 93 73 eb 4d 9d 4b cf 64>
switching to HANDSHAKE_2_SENT
disconnected from auth
received session key handshake3!
{ replyNonce: <Buffer 93 73 eb 4d 9d 4b cf 64> }
client authenticated/authorized by solving nonce!
switching to IN_COMM
Handler: secure connection with the client established.
{ id: 17,
  remoteAddress: '::ffff:10.0.1.58:54604',
  status: 'open' }
received secure communication!
Received seqNum: 0
data received from server via secure communication
Handler: socketID: 17 data: data1
toSend: { data: <Buffer 64 61 74 61 31>, id: 17 }
specified socketID: 17
Unidentified client disconnected
Handler: secure connection with the client closed.
socket #17 closed
Unidentified client connected
received session key handshake1
switching to HANDSHAKE_1_RECEIVED state.
session key id: 40300158
session key NOT found! sending session key id to AuthService
Distribution protocol: TCP
connected to auth! from local port 33802
received auth hello!
{ authId: 403, nonce: <Buffer 25 3b 88 20 f4 68 08 34> }
received session key response encrypted with distribution key
replyNonce in sessionKeyResp: <Buffer 3d 0c 17 ca 6e aa 2d 21>
auth nonce verified
handleSessionKeyResp: session key request succeeded! authFailureCount: 0
received 1 keys
Session key id is as expected
server ret: [object Object]
chosen nonce: <Buffer 80 6b 24 bd 3d 87 cd 0d>
switching to HANDSHAKE_2_SENT
disconnected from auth
received session key handshake3!
{ replyNonce: <Buffer 80 6b 24 bd 3d 87 cd 0d> }
client authenticated/authorized by solving nonce!
switching to IN_COMM
Handler: secure connection with the client established.
{ id: 18,
  remoteAddress: '::ffff:10.0.1.58:54814',
  status: 'open' }
received secure communication!
Received seqNum: 0
data received from server via secure communication
Handler: socketID: 18 data: data1
toSend: { data: <Buffer 64 61 74 61 31>, id: 18 }
specified socketID: 18
Unidentified client disconnected
Handler: secure connection with the client closed.
socket #18 closed
Unidentified client connected
received session key handshake1
switching to HANDSHAKE_1_RECEIVED state.
session key id: 40300164
session key NOT found! sending session key id to AuthService
Distribution protocol: TCP
connected to auth! from local port 34006
received auth hello!
{ authId: 403, nonce: <Buffer f6 cb 8c 0c 47 57 a2 55> }
received session key response encrypted with distribution key
replyNonce in sessionKeyResp: <Buffer 62 9a 49 ff 28 3e 39 5c>
auth nonce verified
handleSessionKeyResp: session key request succeeded! authFailureCount: 0
received 1 keys
Session key id is as expected
server ret: [object Object]
chosen nonce: <Buffer 59 7e 86 27 3d 26 f9 5b>
switching to HANDSHAKE_2_SENT
received session key handshake3!
{ replyNonce: <Buffer 59 7e 86 27 3d 26 f9 5b> }
client authenticated/authorized by solving nonce!
switching to IN_COMM
Handler: secure connection with the client established.
{ id: 19,
  remoteAddress: '::ffff:10.0.1.58:55018',
  status: 'open' }
disconnected from auth
received secure communication!
Received seqNum: 0
data received from server via secure communication
Handler: socketID: 19 data: data1
toSend: { data: <Buffer 64 61 74 61 31>, id: 19 }
specified socketID: 19
Unidentified client disconnected
Handler: secure connection with the client closed.
socket #19 closed
Unidentified client connected
received session key handshake1
switching to HANDSHAKE_1_RECEIVED state.
session key id: 40300170
session key NOT found! sending session key id to AuthService
Distribution protocol: TCP
connected to auth! from local port 34210
received auth hello!
{ authId: 403, nonce: <Buffer 66 db 23 3d f8 56 f3 59> }
received session key response encrypted with distribution key
replyNonce in sessionKeyResp: <Buffer 31 88 74 3b 02 fc 21 8a>
auth nonce verified
handleSessionKeyResp: session key request succeeded! authFailureCount: 0
received 1 keys
Session key id is as expected
server ret: [object Object]
chosen nonce: <Buffer e4 0e a2 b8 48 97 e3 7a>
switching to HANDSHAKE_2_SENT
disconnected from auth
received session key handshake3!
{ replyNonce: <Buffer e4 0e a2 b8 48 97 e3 7a> }
client authenticated/authorized by solving nonce!
switching to IN_COMM
Handler: secure connection with the client established.
{ id: 20,
  remoteAddress: '::ffff:10.0.1.58:55222',
  status: 'open' }
received secure communication!
Received seqNum: 0
data received from server via secure communication
Handler: socketID: 20 data: data1
toSend: { data: <Buffer 64 61 74 61 31>, id: 20 }
specified socketID: 20
Unidentified client disconnected
Handler: secure connection with the client closed.
socket #20 closed
Unidentified client connected
received session key handshake1
switching to HANDSHAKE_1_RECEIVED state.
session key id: 40300176
session key NOT found! sending session key id to AuthService
Distribution protocol: TCP
connected to auth! from local port 34410
received auth hello!
{ authId: 403, nonce: <Buffer 93 42 7f 81 20 93 ab 94> }
received session key response encrypted with distribution key
replyNonce in sessionKeyResp: <Buffer f6 39 2e d7 43 6f de 73>
auth nonce verified
handleSessionKeyResp: session key request succeeded! authFailureCount: 0
received 1 keys
Session key id is as expected
server ret: [object Object]
chosen nonce: <Buffer b0 46 f2 6d fc 95 04 fc>
switching to HANDSHAKE_2_SENT
disconnected from auth
received session key handshake3!
{ replyNonce: <Buffer b0 46 f2 6d fc 95 04 fc> }
client authenticated/authorized by solving nonce!
switching to IN_COMM
Handler: secure connection with the client established.
{ id: 21,
  remoteAddress: '::ffff:10.0.1.58:55422',
  status: 'open' }
received secure communication!
Received seqNum: 0
data received from server via secure communication
Handler: socketID: 21 data: data1
toSend: { data: <Buffer 64 61 74 61 31>, id: 21 }
specified socketID: 21
Unidentified client disconnected
Handler: secure connection with the client closed.
socket #21 closed
Unidentified client connected
received session key handshake1
switching to HANDSHAKE_1_RECEIVED state.
session key id: 40300182
session key NOT found! sending session key id to AuthService
Distribution protocol: TCP
connected to auth! from local port 34610
received auth hello!
{ authId: 403, nonce: <Buffer 7f b1 e8 86 b3 fb 8d b9> }
received session key response encrypted with distribution key
replyNonce in sessionKeyResp: <Buffer 8e 34 30 da df 8d dc ee>
auth nonce verified
handleSessionKeyResp: session key request succeeded! authFailureCount: 0
received 1 keys
Session key id is as expected
server ret: [object Object]
chosen nonce: <Buffer e4 78 49 85 ee 53 98 34>
switching to HANDSHAKE_2_SENT
received session key handshake3!
{ replyNonce: <Buffer e4 78 49 85 ee 53 98 34> }
client authenticated/authorized by solving nonce!
switching to IN_COMM
Handler: secure connection with the client established.
{ id: 22,
  remoteAddress: '::ffff:10.0.1.58:55622',
  status: 'open' }
disconnected from auth
received secure communication!
Received seqNum: 0
data received from server via secure communication
Handler: socketID: 22 data: data1
toSend: { data: <Buffer 64 61 74 61 31>, id: 22 }
specified socketID: 22
Unidentified client disconnected
Handler: secure connection with the client closed.
socket #22 closed
Unidentified client connected
received session key handshake1
switching to HANDSHAKE_1_RECEIVED state.
session key id: 40300188
session key NOT found! sending session key id to AuthService
Distribution protocol: TCP
connected to auth! from local port 34810
received auth hello!
{ authId: 403, nonce: <Buffer 20 85 64 e1 fb e9 c3 9e> }
received session key response encrypted with distribution key
replyNonce in sessionKeyResp: <Buffer 30 4a aa 59 7e be 09 e5>
auth nonce verified
handleSessionKeyResp: session key request succeeded! authFailureCount: 0
received 1 keys
Session key id is as expected
server ret: [object Object]
chosen nonce: <Buffer 0b 49 e6 f5 ac 9c a1 d8>
switching to HANDSHAKE_2_SENT
disconnected from auth
received session key handshake3!
{ replyNonce: <Buffer 0b 49 e6 f5 ac 9c a1 d8> }
client authenticated/authorized by solving nonce!
switching to IN_COMM
Handler: secure connection with the client established.
{ id: 23,
  remoteAddress: '::ffff:10.0.1.58:55822',
  status: 'open' }
received secure communication!
Received seqNum: 0
data received from server via secure communication
Handler: socketID: 23 data: data1
toSend: { data: <Buffer 64 61 74 61 31>, id: 23 }
specified socketID: 23
Unidentified client disconnected
Handler: secure connection with the client closed.
socket #23 closed
Unidentified client connected
received session key handshake1
switching to HANDSHAKE_1_RECEIVED state.
session key id: 40300194
session key NOT found! sending session key id to AuthService
Distribution protocol: TCP
connected to auth! from local port 35010
received auth hello!
{ authId: 403, nonce: <Buffer c4 bd b7 58 02 09 2d 34> }
received session key response encrypted with distribution key
replyNonce in sessionKeyResp: <Buffer 62 a0 d5 94 51 18 90 c4>
auth nonce verified
handleSessionKeyResp: session key request succeeded! authFailureCount: 0
received 1 keys
Session key id is as expected
server ret: [object Object]
chosen nonce: <Buffer 02 28 89 f8 5f 70 2f fa>
switching to HANDSHAKE_2_SENT
received session key handshake3!
{ replyNonce: <Buffer 02 28 89 f8 5f 70 2f fa> }
client authenticated/authorized by solving nonce!
switching to IN_COMM
Handler: secure connection with the client established.
{ id: 24,
  remoteAddress: '::ffff:10.0.1.58:56022',
  status: 'open' }
disconnected from auth
received secure communication!
Received seqNum: 0
data received from server via secure communication
Handler: socketID: 24 data: data1
toSend: { data: <Buffer 64 61 74 61 31>, id: 24 }
specified socketID: 24
Unidentified client disconnected
Handler: secure connection with the client closed.
socket #24 closed
Unidentified client connected
received session key handshake1
switching to HANDSHAKE_1_RECEIVED state.
session key id: 40300200
session key NOT found! sending session key id to AuthService
Distribution protocol: TCP
connected to auth! from local port 35210
received auth hello!
{ authId: 403, nonce: <Buffer 0c 84 40 b2 55 e6 cf 78> }
received session key response encrypted with distribution key
replyNonce in sessionKeyResp: <Buffer a5 5d 91 0b 5f fa f7 a3>
auth nonce verified
handleSessionKeyResp: session key request succeeded! authFailureCount: 0
received 1 keys
Session key id is as expected
server ret: [object Object]
chosen nonce: <Buffer a1 48 30 e0 1b 67 4f 9f>
switching to HANDSHAKE_2_SENT
received session key handshake3!
{ replyNonce: <Buffer a1 48 30 e0 1b 67 4f 9f> }
client authenticated/authorized by solving nonce!
switching to IN_COMM
Handler: secure connection with the client established.
{ id: 25,
  remoteAddress: '::ffff:10.0.1.58:56222',
  status: 'open' }
disconnected from auth
received secure communication!
Received seqNum: 0
data received from server via secure communication
Handler: socketID: 25 data: data1
toSend: { data: <Buffer 64 61 74 61 31>, id: 25 }
specified socketID: 25
Unidentified client disconnected
Handler: secure connection with the client closed.
socket #25 closed
Unidentified client connected
received session key handshake1
switching to HANDSHAKE_1_RECEIVED state.
session key id: 40300206
session key NOT found! sending session key id to AuthService
Distribution protocol: TCP
connected to auth! from local port 35410
received auth hello!
{ authId: 403, nonce: <Buffer ba cb af 69 bb 0b d7 94> }
received session key response encrypted with distribution key
replyNonce in sessionKeyResp: <Buffer 56 38 30 84 a6 8e 91 b7>
auth nonce verified
handleSessionKeyResp: session key request succeeded! authFailureCount: 0
received 1 keys
Session key id is as expected
server ret: [object Object]
chosen nonce: <Buffer 73 03 7c e3 f5 c7 fc 8e>
switching to HANDSHAKE_2_SENT
disconnected from auth
received session key handshake3!
{ replyNonce: <Buffer 73 03 7c e3 f5 c7 fc 8e> }
client authenticated/authorized by solving nonce!
switching to IN_COMM
Handler: secure connection with the client established.
{ id: 26,
  remoteAddress: '::ffff:10.0.1.58:56422',
  status: 'open' }
received secure communication!
Received seqNum: 0
data received from server via secure communication
Handler: socketID: 26 data: data1
toSend: { data: <Buffer 64 61 74 61 31>, id: 26 }
specified socketID: 26
Unidentified client disconnected
Handler: secure connection with the client closed.
socket #26 closed
Unidentified client connected
received session key handshake1
switching to HANDSHAKE_1_RECEIVED state.
session key id: 40300212
session key NOT found! sending session key id to AuthService
Distribution protocol: TCP
connected to auth! from local port 35610
received auth hello!
{ authId: 403, nonce: <Buffer 39 5d 94 be 32 c0 93 4e> }
received session key response encrypted with distribution key
replyNonce in sessionKeyResp: <Buffer c2 18 86 2b 73 f1 29 5b>
auth nonce verified
handleSessionKeyResp: session key request succeeded! authFailureCount: 0
received 1 keys
Session key id is as expected
server ret: [object Object]
chosen nonce: <Buffer c9 84 09 47 ee bc 0b 6b>
switching to HANDSHAKE_2_SENT
disconnected from auth
received session key handshake3!
{ replyNonce: <Buffer c9 84 09 47 ee bc 0b 6b> }
client authenticated/authorized by solving nonce!
switching to IN_COMM
Handler: secure connection with the client established.
{ id: 27,
  remoteAddress: '::ffff:10.0.1.58:56622',
  status: 'open' }
received secure communication!
Received seqNum: 0
data received from server via secure communication
Handler: socketID: 27 data: data1
toSend: { data: <Buffer 64 61 74 61 31>, id: 27 }
specified socketID: 27
Unidentified client disconnected
Handler: secure connection with the client closed.
socket #27 closed
