changing working directory to: /home/hokeunkim/Development/iotauth/entity/node/example_entities
loading from config file: /home/hokeunkim/Development/iotauth_experiments/experiments/ccs2017/expOptions/expEntity.option
Experimental options for autoClient: { autoSendPeriod: 60000,
  useSameSessionKeyCount: 1,
  connectionTimeout: 50000,
  migrationEnabled: false,
  authFailureThreshold: 2,
  migrationFailureThreshold: 2 }
loading from config file: /home/hokeunkim/Development/iotauth/entity/node/example_entities/configs/Clients/c404.config
initializing...
current parameters: { numKeysPerRequest: 3,
  migrationEnabled: false,
  authFailureThreshold: 3,
  migrationFailureThreshold: 3 }
current parameters: { numKeysPerRequest: 1,
  migrationEnabled: false,
  authFailureThreshold: 3,
  migrationFailureThreshold: 3 }
current parameters: { numKeysPerRequest: 1,
  migrationEnabled: false,
  authFailureThreshold: 3,
  migrationFailureThreshold: 3 }
current parameters: { numKeysPerRequest: 1,
  migrationEnabled: false,
  authFailureThreshold: 2,
  migrationFailureThreshold: 3 }
current parameters: { numKeysPerRequest: 1,
  migrationEnabled: false,
  authFailureThreshold: 2,
  migrationFailureThreshold: 2 }
current entityInfo: { name: 'c404',
  group: 'Clients',
  distProtocol: 'TCP',
  usePermanentDistKey: false,
  connectionTimeout: 50000,
  privateKey: <Buffer 2d 2d 2d 2d 2d 42 45 47 49 4e 20 52 53 41 20 50 52 49 56 41 54 45 20 4b 45 59 2d 2d 2d 2d 2d 0a 4d 49 49 45 6f 77 49 42 41 41 4b 43 41 51 45 41 77 53 ... > }
Distribution protocol: TCP
Resp-actual/expected/ratio/ts: 0 1 0 1521668575159
connected to auth! from local port 56874
received auth hello!
{ authId: 401, nonce: <Buffer 19 ae f3 41 6a 72 25 70> }
received session key response with distribution key attached!
auth signature verified
replyNonce in sessionKeyResp: <Buffer 53 eb 3b fe 26 48 7f 28>
auth nonce verified
updating distribution key: { cipherKeyVal: <Buffer c3 2b 1a c3 85 bf 19 d1 38 ae 6c 51 68 31 11 c4>,
  macKeyVal: <Buffer cd e8 70 b3 99 2c b6 4e e6 6d 9c 60 c1 65 3b 6e 0b b5 c3 40 50 33 f3 e7 85 d3 e0 78 10 ce 3b 29>,
  absValidity: 2018-03-21T22:42:55.346Z }
received 1 keys
currentSessionKey: [object Object]
Session protocol: TCP
chosen commSessionKey: 
{ id: 40101646,
  cipherKeyVal: <Buffer 76 0e 2e d0 8e a0 39 ec a1 78 ee 87 3f a3 54 29>,
  macKeyVal: <Buffer e9 af 90 2d bb 5a 67 df 74 1c 88 31 30 d0 a9 e6 26 f3 a1 bf cb f0 13 b3 2b 49 03 7a 4f 61 db 45>,
  absValidity: 2018-03-22T21:42:55.346Z,
  relValidity: 7200000 }
options
{ serverHost: '10.0.1.8',
  serverPort: 22100,
  sessionKey: 
   { id: 40101646,
     cipherKeyVal: <Buffer 76 0e 2e d0 8e a0 39 ec a1 78 ee 87 3f a3 54 29>,
     macKeyVal: <Buffer e9 af 90 2d bb 5a 67 df 74 1c 88 31 30 d0 a9 e6 26 f3 a1 bf cb f0 13 b3 2b 49 03 7a 4f 61 db 45>,
     absValidity: 2018-03-22T21:42:55.346Z,
     relValidity: 7200000 },
  sessionCryptoSpec: { cipher: 'AES-128-CBC', mac: 'SHA256' },
  sessionProtocol: 'TCP',
  handshakeTimeout: 50000 }
disconnected from auth
chosen nonce: <Buffer fb 67 99 f1 59 b6 63 b4>
switching to HANDSHAKE_1_SENT
received session key handshake2!
client ret: [object Object]
server authenticated/authorized by solving nonce!
Handler: communication initialization succeeded
file data length: 1024
sending at Wed Mar 21 2018 21:42:55 GMT+0000 (UTC)
switching to IN_COMM
received secure communication message!
Received seqNum: 0
Handler: data received from server via secure communication
data1
Resp-actual/expected/ratio/ts: 1 1 1 1521668576210
Distribution protocol: TCP
Resp-actual/expected/ratio/ts: 1 2 0.5 1521668635218
connected to auth! from local port 57006
received auth hello!
{ authId: 401, nonce: <Buffer 1e ef 6f 31 83 f5 1c 32> }
received session key response encrypted with distribution key
replyNonce in sessionKeyResp: <Buffer fa cf d4 7b 0c 3f 4e 6e>
auth nonce verified
received 1 keys
currentSessionKey: [object Object]
Status: Secure connection closed before starting a new connection.
Session protocol: TCP
chosen commSessionKey: 
{ id: 40101652,
  cipherKeyVal: <Buffer 13 a7 35 f4 ad 35 ec ca fd 60 36 39 41 c7 65 9a>,
  macKeyVal: <Buffer 4a 25 e7 fc ba 54 7d d6 3c 4e e0 f9 98 0f be 71 6d c0 1a 96 da 48 f8 a2 4d 64 b5 9e d4 96 68 fd>,
  absValidity: 2018-03-22T21:43:55.368Z,
  relValidity: 7200000 }
options
{ serverHost: '10.0.1.8',
  serverPort: 22100,
  sessionKey: 
   { id: 40101652,
     cipherKeyVal: <Buffer 13 a7 35 f4 ad 35 ec ca fd 60 36 39 41 c7 65 9a>,
     macKeyVal: <Buffer 4a 25 e7 fc ba 54 7d d6 3c 4e e0 f9 98 0f be 71 6d c0 1a 96 da 48 f8 a2 4d 64 b5 9e d4 96 68 fd>,
     absValidity: 2018-03-22T21:43:55.368Z,
     relValidity: 7200000 },
  sessionCryptoSpec: { cipher: 'AES-128-CBC', mac: 'SHA256' },
  sessionProtocol: 'TCP',
  handshakeTimeout: 50000 }
chosen nonce: <Buffer 86 93 42 63 fe be b2 bf>
switching to HANDSHAKE_1_SENT
disconnected from auth
Handler: secure connection with the server closed.
received session key handshake2!
client ret: [object Object]
server authenticated/authorized by solving nonce!
Handler: communication initialization succeeded
file data length: 1024
sending at Wed Mar 21 2018 21:43:55 GMT+0000 (UTC)
switching to IN_COMM
received secure communication message!
Received seqNum: 0
Handler: data received from server via secure communication
data1
Resp-actual/expected/ratio/ts: 2 2 1 1521668636276
Distribution protocol: TCP
Resp-actual/expected/ratio/ts: 2 3 0.6666666666666666 1521668695249
connected to auth! from local port 57248
received auth hello!
{ authId: 401, nonce: <Buffer 64 ad a4 17 db 41 fb 64> }
received session key response encrypted with distribution key
replyNonce in sessionKeyResp: <Buffer 80 9b 64 6e 0d c4 38 c6>
auth nonce verified
received 1 keys
currentSessionKey: [object Object]
Status: Secure connection closed before starting a new connection.
Session protocol: TCP
chosen commSessionKey: 
{ id: 40101658,
  cipherKeyVal: <Buffer 3a 49 a4 54 29 4f 8f 63 77 3e 6e f3 c2 31 96 ee>,
  macKeyVal: <Buffer d6 8a 7c 5b a0 c6 3e 3b 30 aa 72 b6 98 90 dc f8 12 11 99 ae f2 0d 6f 88 ee 7c 17 7d ce e9 72 de>,
  absValidity: 2018-03-22T21:44:55.375Z,
  relValidity: 7200000 }
options
{ serverHost: '10.0.1.8',
  serverPort: 22100,
  sessionKey: 
   { id: 40101658,
     cipherKeyVal: <Buffer 3a 49 a4 54 29 4f 8f 63 77 3e 6e f3 c2 31 96 ee>,
     macKeyVal: <Buffer d6 8a 7c 5b a0 c6 3e 3b 30 aa 72 b6 98 90 dc f8 12 11 99 ae f2 0d 6f 88 ee 7c 17 7d ce e9 72 de>,
     absValidity: 2018-03-22T21:44:55.375Z,
     relValidity: 7200000 },
  sessionCryptoSpec: { cipher: 'AES-128-CBC', mac: 'SHA256' },
  sessionProtocol: 'TCP',
  handshakeTimeout: 50000 }
chosen nonce: <Buffer df 52 df 4c cb e5 7c dc>
switching to HANDSHAKE_1_SENT
disconnected from auth
Handler: secure connection with the server closed.
received session key handshake2!
client ret: [object Object]
server authenticated/authorized by solving nonce!
Handler: communication initialization succeeded
file data length: 1024
sending at Wed Mar 21 2018 21:44:56 GMT+0000 (UTC)
switching to IN_COMM
received secure communication message!
Received seqNum: 0
Handler: data received from server via secure communication
data1
Resp-actual/expected/ratio/ts: 3 3 1 1521668696469
Distribution protocol: TCP
Resp-actual/expected/ratio/ts: 3 4 0.75 1521668755309
connected to auth! from local port 57518
received auth hello!
{ authId: 401, nonce: <Buffer ad cd cd be 00 c9 80 c7> }
received session key response encrypted with distribution key
replyNonce in sessionKeyResp: <Buffer 23 e2 4c ff 01 10 1c 66>
auth nonce verified
received 1 keys
currentSessionKey: [object Object]
Status: Secure connection closed before starting a new connection.
Session protocol: TCP
chosen commSessionKey: 
{ id: 40101664,
  cipherKeyVal: <Buffer c5 1e 54 ca 89 02 ed b8 d5 3d 7d eb 32 c9 8d c4>,
  macKeyVal: <Buffer d6 53 70 9c 3e bc e8 c4 ca cb aa 0a 05 03 80 4f f7 a7 86 4a a7 4d e6 cd ec 18 72 cb b9 f4 88 f3>,
  absValidity: 2018-03-22T21:45:55.442Z,
  relValidity: 7200000 }
options
{ serverHost: '10.0.1.8',
  serverPort: 22100,
  sessionKey: 
   { id: 40101664,
     cipherKeyVal: <Buffer c5 1e 54 ca 89 02 ed b8 d5 3d 7d eb 32 c9 8d c4>,
     macKeyVal: <Buffer d6 53 70 9c 3e bc e8 c4 ca cb aa 0a 05 03 80 4f f7 a7 86 4a a7 4d e6 cd ec 18 72 cb b9 f4 88 f3>,
     absValidity: 2018-03-22T21:45:55.442Z,
     relValidity: 7200000 },
  sessionCryptoSpec: { cipher: 'AES-128-CBC', mac: 'SHA256' },
  sessionProtocol: 'TCP',
  handshakeTimeout: 50000 }
chosen nonce: <Buffer 9a 9f 6a 79 f4 ce b2 46>
switching to HANDSHAKE_1_SENT
disconnected from auth
Handler: secure connection with the server closed.
received session key handshake2!
client ret: [object Object]
server authenticated/authorized by solving nonce!
Handler: communication initialization succeeded
file data length: 1024
sending at Wed Mar 21 2018 21:45:56 GMT+0000 (UTC)
switching to IN_COMM
received secure communication message!
Received seqNum: 0
Handler: data received from server via secure communication
data1
Resp-actual/expected/ratio/ts: 4 4 1 1521668756297
Distribution protocol: TCP
Resp-actual/expected/ratio/ts: 4 5 0.8 1521668815335
connected to auth! from local port 57788
received auth hello!
{ authId: 401, nonce: <Buffer b4 f7 1f c8 27 ea 13 c7> }
received session key response encrypted with distribution key
replyNonce in sessionKeyResp: <Buffer 28 3a ce 43 f6 9e 21 65>
auth nonce verified
received 1 keys
currentSessionKey: [object Object]
Status: Secure connection closed before starting a new connection.
Session protocol: TCP
chosen commSessionKey: 
{ id: 40101670,
  cipherKeyVal: <Buffer 81 77 01 44 04 80 41 35 22 0e 64 a6 20 52 ff bb>,
  macKeyVal: <Buffer cc 0d 4e a3 10 73 8b 3b 71 98 db cd 82 2f 24 b7 a1 87 88 d6 95 46 50 6a 89 98 ef 6b e4 fb e2 e1>,
  absValidity: 2018-03-22T21:46:55.477Z,
  relValidity: 7200000 }
options
{ serverHost: '10.0.1.8',
  serverPort: 22100,
  sessionKey: 
   { id: 40101670,
     cipherKeyVal: <Buffer 81 77 01 44 04 80 41 35 22 0e 64 a6 20 52 ff bb>,
     macKeyVal: <Buffer cc 0d 4e a3 10 73 8b 3b 71 98 db cd 82 2f 24 b7 a1 87 88 d6 95 46 50 6a 89 98 ef 6b e4 fb e2 e1>,
     absValidity: 2018-03-22T21:46:55.477Z,
     relValidity: 7200000 },
  sessionCryptoSpec: { cipher: 'AES-128-CBC', mac: 'SHA256' },
  sessionProtocol: 'TCP',
  handshakeTimeout: 50000 }
chosen nonce: <Buffer ce a8 0c 51 14 5d 25 05>
switching to HANDSHAKE_1_SENT
disconnected from auth
Handler: secure connection with the server closed.
received session key handshake2!
client ret: [object Object]
server authenticated/authorized by solving nonce!
Handler: communication initialization succeeded
file data length: 1024
sending at Wed Mar 21 2018 21:46:56 GMT+0000 (UTC)
switching to IN_COMM
received secure communication message!
Received seqNum: 0
Handler: data received from server via secure communication
data1
Resp-actual/expected/ratio/ts: 5 5 1 1521668816562
Distribution protocol: TCP
Resp-actual/expected/ratio/ts: 5 6 0.8333333333333334 1521668875393
connected to auth! from local port 58058
received auth hello!
{ authId: 401, nonce: <Buffer f2 48 6b c0 da 9b 5c d0> }
received session key response encrypted with distribution key
replyNonce in sessionKeyResp: <Buffer 71 13 69 d2 07 65 2e 04>
auth nonce verified
received 1 keys
currentSessionKey: [object Object]
Status: Secure connection closed before starting a new connection.
Session protocol: TCP
chosen commSessionKey: 
{ id: 40101676,
  cipherKeyVal: <Buffer 86 80 a8 2e 48 01 1d 40 c4 ac 1e c4 a4 75 8c ce>,
  macKeyVal: <Buffer 54 f3 87 9d 57 34 5e 73 9e 74 03 eb 7a af fe 1b 75 50 a1 f1 00 2b cd aa 91 d7 92 03 4c 86 ba bb>,
  absValidity: 2018-03-22T21:47:55.527Z,
  relValidity: 7200000 }
options
{ serverHost: '10.0.1.8',
  serverPort: 22100,
  sessionKey: 
   { id: 40101676,
     cipherKeyVal: <Buffer 86 80 a8 2e 48 01 1d 40 c4 ac 1e c4 a4 75 8c ce>,
     macKeyVal: <Buffer 54 f3 87 9d 57 34 5e 73 9e 74 03 eb 7a af fe 1b 75 50 a1 f1 00 2b cd aa 91 d7 92 03 4c 86 ba bb>,
     absValidity: 2018-03-22T21:47:55.527Z,
     relValidity: 7200000 },
  sessionCryptoSpec: { cipher: 'AES-128-CBC', mac: 'SHA256' },
  sessionProtocol: 'TCP',
  handshakeTimeout: 50000 }
chosen nonce: <Buffer f6 22 30 72 25 b0 e9 e9>
switching to HANDSHAKE_1_SENT
disconnected from auth
Handler: secure connection with the server closed.
received session key handshake2!
client ret: [object Object]
server authenticated/authorized by solving nonce!
Handler: communication initialization succeeded
file data length: 1024
sending at Wed Mar 21 2018 21:47:56 GMT+0000 (UTC)
switching to IN_COMM
received secure communication message!
Received seqNum: 0
Handler: data received from server via secure communication
data1
Resp-actual/expected/ratio/ts: 6 6 1 1521668876395
Distribution protocol: TCP
Resp-actual/expected/ratio/ts: 6 7 0.8571428571428571 1521668935445
connected to auth! from local port 58328
received auth hello!
{ authId: 401, nonce: <Buffer a7 cd 7c ca fb b4 c1 b3> }
received session key response encrypted with distribution key
replyNonce in sessionKeyResp: <Buffer 80 08 e0 f1 e6 6c a6 6a>
auth nonce verified
received 1 keys
currentSessionKey: [object Object]
Status: Secure connection closed before starting a new connection.
Session protocol: TCP
chosen commSessionKey: 
{ id: 40101682,
  cipherKeyVal: <Buffer 0b 01 26 7b 6e f0 5e 56 6b 2d d2 a0 ea 24 bd 12>,
  macKeyVal: <Buffer 6f 61 ab b7 13 20 aa e2 41 cf 2d f1 7e 20 0b 01 7a 78 e2 22 e8 33 d3 4b e8 0e 27 b5 af 24 9c 5c>,
  absValidity: 2018-03-22T21:48:55.591Z,
  relValidity: 7200000 }
options
{ serverHost: '10.0.1.8',
  serverPort: 22100,
  sessionKey: 
   { id: 40101682,
     cipherKeyVal: <Buffer 0b 01 26 7b 6e f0 5e 56 6b 2d d2 a0 ea 24 bd 12>,
     macKeyVal: <Buffer 6f 61 ab b7 13 20 aa e2 41 cf 2d f1 7e 20 0b 01 7a 78 e2 22 e8 33 d3 4b e8 0e 27 b5 af 24 9c 5c>,
     absValidity: 2018-03-22T21:48:55.591Z,
     relValidity: 7200000 },
  sessionCryptoSpec: { cipher: 'AES-128-CBC', mac: 'SHA256' },
  sessionProtocol: 'TCP',
  handshakeTimeout: 50000 }
chosen nonce: <Buffer aa 31 0c 2b 1c a8 b9 b5>
switching to HANDSHAKE_1_SENT
disconnected from auth
Handler: secure connection with the server closed.
received session key handshake2!
client ret: [object Object]
server authenticated/authorized by solving nonce!
Handler: communication initialization succeeded
file data length: 1024
sending at Wed Mar 21 2018 21:48:56 GMT+0000 (UTC)
switching to IN_COMM
received secure communication message!
Received seqNum: 0
Handler: data received from server via secure communication
data1
Resp-actual/expected/ratio/ts: 7 7 1 1521668936435
Distribution protocol: TCP
Resp-actual/expected/ratio/ts: 7 8 0.875 1521668995501
connected to auth! from local port 58598
received auth hello!
{ authId: 401, nonce: <Buffer 10 ce 18 02 bf f7 bf 70> }
received session key response encrypted with distribution key
replyNonce in sessionKeyResp: <Buffer 6a 67 b6 34 15 a9 46 37>
auth nonce verified
received 1 keys
currentSessionKey: [object Object]
Status: Secure connection closed before starting a new connection.
Session protocol: TCP
chosen commSessionKey: 
{ id: 40101688,
  cipherKeyVal: <Buffer 59 7c 22 37 f9 09 45 f9 72 0b 84 51 b5 9c 58 20>,
  macKeyVal: <Buffer 43 8f 38 da 16 fd d1 eb af 97 b9 2a 2e 32 64 da 86 af 42 29 69 c3 51 36 97 cc df f7 dd 4e 9a 7e>,
  absValidity: 2018-03-22T21:49:55.642Z,
  relValidity: 7200000 }
options
{ serverHost: '10.0.1.8',
  serverPort: 22100,
  sessionKey: 
   { id: 40101688,
     cipherKeyVal: <Buffer 59 7c 22 37 f9 09 45 f9 72 0b 84 51 b5 9c 58 20>,
     macKeyVal: <Buffer 43 8f 38 da 16 fd d1 eb af 97 b9 2a 2e 32 64 da 86 af 42 29 69 c3 51 36 97 cc df f7 dd 4e 9a 7e>,
     absValidity: 2018-03-22T21:49:55.642Z,
     relValidity: 7200000 },
  sessionCryptoSpec: { cipher: 'AES-128-CBC', mac: 'SHA256' },
  sessionProtocol: 'TCP',
  handshakeTimeout: 50000 }
chosen nonce: <Buffer 23 a8 d3 0a c0 d6 c5 d0>
switching to HANDSHAKE_1_SENT
disconnected from auth
Handler: secure connection with the server closed.
received session key handshake2!
client ret: [object Object]
server authenticated/authorized by solving nonce!
Handler: communication initialization succeeded
file data length: 1024
sending at Wed Mar 21 2018 21:49:56 GMT+0000 (UTC)
switching to IN_COMM
received secure communication message!
Received seqNum: 0
Handler: data received from server via secure communication
data1
Resp-actual/expected/ratio/ts: 8 8 1 1521668996459
Distribution protocol: TCP
Resp-actual/expected/ratio/ts: 8 9 0.8888888888888888 1521669055561
connected to auth! from local port 58848
received auth hello!
{ authId: 401, nonce: <Buffer b9 73 20 ab 3b ad b2 ea> }
received session key response encrypted with distribution key
replyNonce in sessionKeyResp: <Buffer ee 8f 20 42 a5 85 61 79>
auth nonce verified
received 1 keys
currentSessionKey: [object Object]
Status: Secure connection closed before starting a new connection.
Session protocol: TCP
chosen commSessionKey: 
{ id: 40101694,
  cipherKeyVal: <Buffer bb 79 be 1e 47 18 c1 2b 07 c4 15 28 00 e7 0e 16>,
  macKeyVal: <Buffer ba 12 4d d0 fe b8 06 60 7f 9e 3b fa 8f 2a bd 8a 8c 10 92 a6 27 85 0d e8 74 5c 79 8f d2 7f c2 73>,
  absValidity: 2018-03-22T21:50:55.692Z,
  relValidity: 7200000 }
options
{ serverHost: '10.0.1.8',
  serverPort: 22100,
  sessionKey: 
   { id: 40101694,
     cipherKeyVal: <Buffer bb 79 be 1e 47 18 c1 2b 07 c4 15 28 00 e7 0e 16>,
     macKeyVal: <Buffer ba 12 4d d0 fe b8 06 60 7f 9e 3b fa 8f 2a bd 8a 8c 10 92 a6 27 85 0d e8 74 5c 79 8f d2 7f c2 73>,
     absValidity: 2018-03-22T21:50:55.692Z,
     relValidity: 7200000 },
  sessionCryptoSpec: { cipher: 'AES-128-CBC', mac: 'SHA256' },
  sessionProtocol: 'TCP',
  handshakeTimeout: 50000 }
chosen nonce: <Buffer 0e 89 b7 ce 1d 47 57 1e>
switching to HANDSHAKE_1_SENT
disconnected from auth
Handler: secure connection with the server closed.
received session key handshake2!
client ret: [object Object]
server authenticated/authorized by solving nonce!
Handler: communication initialization succeeded
file data length: 1024
sending at Wed Mar 21 2018 21:50:56 GMT+0000 (UTC)
switching to IN_COMM
received secure communication message!
Received seqNum: 0
Handler: data received from server via secure communication
data1
Resp-actual/expected/ratio/ts: 9 9 1 1521669056720
Distribution protocol: TCP
Resp-actual/expected/ratio/ts: 9 10 0.9 1521669115571
connected to auth! from local port 59034
received auth hello!
{ authId: 401, nonce: <Buffer 4a af 87 d7 9e ea 10 31> }
received session key response encrypted with distribution key
replyNonce in sessionKeyResp: <Buffer ce d7 05 e9 90 4e f4 94>
auth nonce verified
received 1 keys
currentSessionKey: [object Object]
Status: Secure connection closed before starting a new connection.
Session protocol: TCP
chosen commSessionKey: 
{ id: 40101700,
  cipherKeyVal: <Buffer db 9f 7a c4 c8 63 e2 15 14 1b 9a f1 b4 7f 40 f4>,
  macKeyVal: <Buffer 7e 0f f7 bf 98 73 10 e0 7c 06 ab 1f e9 e9 35 9d e3 e6 1d 74 d5 bd f8 af ea 19 b2 72 99 56 4d 78>,
  absValidity: 2018-03-22T21:51:55.697Z,
  relValidity: 7200000 }
options
{ serverHost: '10.0.1.8',
  serverPort: 22100,
  sessionKey: 
   { id: 40101700,
     cipherKeyVal: <Buffer db 9f 7a c4 c8 63 e2 15 14 1b 9a f1 b4 7f 40 f4>,
     macKeyVal: <Buffer 7e 0f f7 bf 98 73 10 e0 7c 06 ab 1f e9 e9 35 9d e3 e6 1d 74 d5 bd f8 af ea 19 b2 72 99 56 4d 78>,
     absValidity: 2018-03-22T21:51:55.697Z,
     relValidity: 7200000 },
  sessionCryptoSpec: { cipher: 'AES-128-CBC', mac: 'SHA256' },
  sessionProtocol: 'TCP',
  handshakeTimeout: 50000 }
chosen nonce: <Buffer 2d 38 a5 1d b5 e5 60 38>
switching to HANDSHAKE_1_SENT
disconnected from auth
Handler: secure connection with the server closed.
received session key handshake2!
client ret: [object Object]
server authenticated/authorized by solving nonce!
Handler: communication initialization succeeded
file data length: 1024
sending at Wed Mar 21 2018 21:51:56 GMT+0000 (UTC)
switching to IN_COMM
received secure communication message!
Received seqNum: 0
Handler: data received from server via secure communication
data1
Resp-actual/expected/ratio/ts: 10 10 1 1521669116631
Distribution protocol: TCP
Resp-actual/expected/ratio/ts: 10 11 0.9090909090909091 1521669175631
connected to auth! from local port 59220
received auth hello!
{ authId: 401, nonce: <Buffer db 8f 56 4b 0e 2a 86 8c> }
received session key response encrypted with distribution key
replyNonce in sessionKeyResp: <Buffer b8 56 db 08 c5 9c 01 d9>
auth nonce verified
received 1 keys
currentSessionKey: [object Object]
Status: Secure connection closed before starting a new connection.
Session protocol: TCP
chosen commSessionKey: 
{ id: 40101706,
  cipherKeyVal: <Buffer 0e 6b 26 62 4b bf 2e 70 9d f8 03 b1 4c d7 b2 21>,
  macKeyVal: <Buffer a2 5e 22 24 54 19 ab 3e 9c 9a 6e bf 96 61 2f 88 0e 81 19 26 75 61 f8 aa dd ff a3 30 ca b5 85 8a>,
  absValidity: 2018-03-22T21:52:55.747Z,
  relValidity: 7200000 }
options
{ serverHost: '10.0.1.8',
  serverPort: 22100,
  sessionKey: 
   { id: 40101706,
     cipherKeyVal: <Buffer 0e 6b 26 62 4b bf 2e 70 9d f8 03 b1 4c d7 b2 21>,
     macKeyVal: <Buffer a2 5e 22 24 54 19 ab 3e 9c 9a 6e bf 96 61 2f 88 0e 81 19 26 75 61 f8 aa dd ff a3 30 ca b5 85 8a>,
     absValidity: 2018-03-22T21:52:55.747Z,
     relValidity: 7200000 },
  sessionCryptoSpec: { cipher: 'AES-128-CBC', mac: 'SHA256' },
  sessionProtocol: 'TCP',
  handshakeTimeout: 50000 }
chosen nonce: <Buffer 58 a9 af 78 90 31 e5 2c>
switching to HANDSHAKE_1_SENT
disconnected from auth
Handler: secure connection with the server closed.
received session key handshake2!
client ret: [object Object]
server authenticated/authorized by solving nonce!
Handler: communication initialization succeeded
file data length: 1024
sending at Wed Mar 21 2018 21:52:56 GMT+0000 (UTC)
switching to IN_COMM
received secure communication message!
Received seqNum: 0
Handler: data received from server via secure communication
data1
Resp-actual/expected/ratio/ts: 11 11 1 1521669176680
Distribution protocol: TCP
Resp-actual/expected/ratio/ts: 11 12 0.9166666666666666 1521669235690
connected to auth! from local port 59406
received auth hello!
{ authId: 401, nonce: <Buffer f1 21 07 80 75 41 27 95> }
received session key response encrypted with distribution key
replyNonce in sessionKeyResp: <Buffer 72 d5 47 e3 df 95 b5 45>
auth nonce verified
received 1 keys
currentSessionKey: [object Object]
Status: Secure connection closed before starting a new connection.
Session protocol: TCP
chosen commSessionKey: 
{ id: 40101712,
  cipherKeyVal: <Buffer 31 7b 98 b7 ab 9a bd 12 31 55 60 33 6e f2 61 44>,
  macKeyVal: <Buffer 11 9d 31 7a d6 73 26 66 30 1f 84 e2 0a b9 f7 71 6e c4 1a 64 e4 56 03 7c dc 88 ae 36 ba 74 2e 08>,
  absValidity: 2018-03-22T21:53:55.841Z,
  relValidity: 7200000 }
options
{ serverHost: '10.0.1.8',
  serverPort: 22100,
  sessionKey: 
   { id: 40101712,
     cipherKeyVal: <Buffer 31 7b 98 b7 ab 9a bd 12 31 55 60 33 6e f2 61 44>,
     macKeyVal: <Buffer 11 9d 31 7a d6 73 26 66 30 1f 84 e2 0a b9 f7 71 6e c4 1a 64 e4 56 03 7c dc 88 ae 36 ba 74 2e 08>,
     absValidity: 2018-03-22T21:53:55.841Z,
     relValidity: 7200000 },
  sessionCryptoSpec: { cipher: 'AES-128-CBC', mac: 'SHA256' },
  sessionProtocol: 'TCP',
  handshakeTimeout: 50000 }
chosen nonce: <Buffer f8 e8 d9 cd ea 74 e5 a4>
switching to HANDSHAKE_1_SENT
disconnected from auth
Handler: secure connection with the server closed.
received session key handshake2!
client ret: [object Object]
server authenticated/authorized by solving nonce!
Handler: communication initialization succeeded
file data length: 1024
sending at Wed Mar 21 2018 21:53:56 GMT+0000 (UTC)
switching to IN_COMM
received secure communication message!
Received seqNum: 0
Handler: data received from server via secure communication
data1
Resp-actual/expected/ratio/ts: 12 12 1 1521669236814
Distribution protocol: TCP
Resp-actual/expected/ratio/ts: 12 13 0.9230769230769231 1521669295749
connected to auth! from local port 59592
received auth hello!
{ authId: 401, nonce: <Buffer 3d 78 f0 f0 4e 61 3c 01> }
received session key response encrypted with distribution key
replyNonce in sessionKeyResp: <Buffer 5d 35 fd ba ee ea 12 20>
auth nonce verified
received 1 keys
currentSessionKey: [object Object]
Status: Secure connection closed before starting a new connection.
Session protocol: TCP
chosen commSessionKey: 
{ id: 40101718,
  cipherKeyVal: <Buffer 41 da 9b 3e be 5d 97 63 82 92 6f 79 dc 2b 98 0a>,
  macKeyVal: <Buffer 18 15 0c 69 b8 57 28 05 00 74 ca 7c 41 4b ae c1 02 60 f1 a8 46 09 5f 43 bc b7 19 42 9d 11 ce ed>,
  absValidity: 2018-03-22T21:54:55.882Z,
  relValidity: 7200000 }
options
{ serverHost: '10.0.1.8',
  serverPort: 22100,
  sessionKey: 
   { id: 40101718,
     cipherKeyVal: <Buffer 41 da 9b 3e be 5d 97 63 82 92 6f 79 dc 2b 98 0a>,
     macKeyVal: <Buffer 18 15 0c 69 b8 57 28 05 00 74 ca 7c 41 4b ae c1 02 60 f1 a8 46 09 5f 43 bc b7 19 42 9d 11 ce ed>,
     absValidity: 2018-03-22T21:54:55.882Z,
     relValidity: 7200000 },
  sessionCryptoSpec: { cipher: 'AES-128-CBC', mac: 'SHA256' },
  sessionProtocol: 'TCP',
  handshakeTimeout: 50000 }
chosen nonce: <Buffer ef dd 98 dd 40 13 9a e8>
switching to HANDSHAKE_1_SENT
disconnected from auth
Handler: secure connection with the server closed.
received session key handshake2!
client ret: [object Object]
server authenticated/authorized by solving nonce!
Handler: communication initialization succeeded
file data length: 1024
sending at Wed Mar 21 2018 21:54:56 GMT+0000 (UTC)
switching to IN_COMM
received secure communication message!
Received seqNum: 0
Handler: data received from server via secure communication
data1
Resp-actual/expected/ratio/ts: 13 13 1 1521669296873
Distribution protocol: TCP
Resp-actual/expected/ratio/ts: 13 14 0.9285714285714286 1521669355805
connected to auth! from local port 59778
received auth hello!
{ authId: 401, nonce: <Buffer 87 04 a0 53 7e 61 1d 32> }
received session key response encrypted with distribution key
replyNonce in sessionKeyResp: <Buffer 1a 9a ae 83 3b c5 89 cf>
auth nonce verified
received 1 keys
currentSessionKey: [object Object]
Status: Secure connection closed before starting a new connection.
Session protocol: TCP
chosen commSessionKey: 
{ id: 40101724,
  cipherKeyVal: <Buffer 96 73 91 c4 f3 96 42 63 6a 9a c8 88 61 4b 15 5c>,
  macKeyVal: <Buffer ac a3 9d 4a 15 11 fc b2 5f 88 1d 22 a7 80 a1 0b dd 74 de e0 d2 9b fc 80 73 f8 48 68 21 38 60 5a>,
  absValidity: 2018-03-22T21:55:55.952Z,
  relValidity: 7200000 }
options
{ serverHost: '10.0.1.8',
  serverPort: 22100,
  sessionKey: 
   { id: 40101724,
     cipherKeyVal: <Buffer 96 73 91 c4 f3 96 42 63 6a 9a c8 88 61 4b 15 5c>,
     macKeyVal: <Buffer ac a3 9d 4a 15 11 fc b2 5f 88 1d 22 a7 80 a1 0b dd 74 de e0 d2 9b fc 80 73 f8 48 68 21 38 60 5a>,
     absValidity: 2018-03-22T21:55:55.952Z,
     relValidity: 7200000 },
  sessionCryptoSpec: { cipher: 'AES-128-CBC', mac: 'SHA256' },
  sessionProtocol: 'TCP',
  handshakeTimeout: 50000 }
chosen nonce: <Buffer 7e 81 d0 e4 08 cb 0d f7>
switching to HANDSHAKE_1_SENT
disconnected from auth
Handler: secure connection with the server closed.
received session key handshake2!
client ret: [object Object]
server authenticated/authorized by solving nonce!
Handler: communication initialization succeeded
file data length: 1024
sending at Wed Mar 21 2018 21:55:56 GMT+0000 (UTC)
switching to IN_COMM
received secure communication message!
Received seqNum: 0
Handler: data received from server via secure communication
data1
Resp-actual/expected/ratio/ts: 14 14 1 1521669357015
Distribution protocol: TCP
Resp-actual/expected/ratio/ts: 14 15 0.9333333333333333 1521669415861
connected to auth! from local port 59964
received auth hello!
{ authId: 401, nonce: <Buffer 38 0b 32 41 02 3a 99 df> }
received session key response encrypted with distribution key
replyNonce in sessionKeyResp: <Buffer 26 2c bf d5 27 61 a8 b6>
auth nonce verified
received 1 keys
currentSessionKey: [object Object]
Status: Secure connection closed before starting a new connection.
Session protocol: TCP
chosen commSessionKey: 
{ id: 40101730,
  cipherKeyVal: <Buffer ee 6f 17 64 13 d6 02 9d c1 a8 a7 a6 65 9e 3e 00>,
  macKeyVal: <Buffer f0 62 32 55 b8 87 4f 4d 69 4b 2f 7a 74 f7 85 49 ed 91 c7 3a 2d 7a 0d 88 5c 9b 40 22 09 a2 ec 1c>,
  absValidity: 2018-03-22T21:56:56.014Z,
  relValidity: 7200000 }
options
{ serverHost: '10.0.1.8',
  serverPort: 22100,
  sessionKey: 
   { id: 40101730,
     cipherKeyVal: <Buffer ee 6f 17 64 13 d6 02 9d c1 a8 a7 a6 65 9e 3e 00>,
     macKeyVal: <Buffer f0 62 32 55 b8 87 4f 4d 69 4b 2f 7a 74 f7 85 49 ed 91 c7 3a 2d 7a 0d 88 5c 9b 40 22 09 a2 ec 1c>,
     absValidity: 2018-03-22T21:56:56.014Z,
     relValidity: 7200000 },
  sessionCryptoSpec: { cipher: 'AES-128-CBC', mac: 'SHA256' },
  sessionProtocol: 'TCP',
  handshakeTimeout: 50000 }
chosen nonce: <Buffer 5f d9 00 6b 79 ad fa 42>
switching to HANDSHAKE_1_SENT
disconnected from auth
Handler: secure connection with the server closed.
received session key handshake2!
client ret: [object Object]
server authenticated/authorized by solving nonce!
Handler: communication initialization succeeded
file data length: 1024
sending at Wed Mar 21 2018 21:56:56 GMT+0000 (UTC)
switching to IN_COMM
received secure communication message!
Received seqNum: 0
Handler: data received from server via secure communication
data1
Resp-actual/expected/ratio/ts: 15 15 1 1521669417052
Distribution protocol: TCP
Resp-actual/expected/ratio/ts: 15 16 0.9375 1521669475920
connected to auth! from local port 60150
received auth hello!
{ authId: 401, nonce: <Buffer e9 78 eb 6d 11 45 0c af> }
received session key response encrypted with distribution key
replyNonce in sessionKeyResp: <Buffer 68 6e 3d f2 9d e7 02 08>
auth nonce verified
received 1 keys
currentSessionKey: [object Object]
Status: Secure connection closed before starting a new connection.
Session protocol: TCP
chosen commSessionKey: 
{ id: 40101736,
  cipherKeyVal: <Buffer 83 ef 65 47 68 19 36 ae 42 bf 76 fc 14 d5 14 48>,
  macKeyVal: <Buffer 33 16 9c 2b 7e dc ce 3c 0f 23 b0 19 a4 82 ca dc dd 0e 99 cb 8f 3e 04 93 ac 19 d1 b8 df 67 76 8b>,
  absValidity: 2018-03-22T21:57:56.036Z,
  relValidity: 7200000 }
options
{ serverHost: '10.0.1.8',
  serverPort: 22100,
  sessionKey: 
   { id: 40101736,
     cipherKeyVal: <Buffer 83 ef 65 47 68 19 36 ae 42 bf 76 fc 14 d5 14 48>,
     macKeyVal: <Buffer 33 16 9c 2b 7e dc ce 3c 0f 23 b0 19 a4 82 ca dc dd 0e 99 cb 8f 3e 04 93 ac 19 d1 b8 df 67 76 8b>,
     absValidity: 2018-03-22T21:57:56.036Z,
     relValidity: 7200000 },
  sessionCryptoSpec: { cipher: 'AES-128-CBC', mac: 'SHA256' },
  sessionProtocol: 'TCP',
  handshakeTimeout: 50000 }
chosen nonce: <Buffer e1 16 a7 23 2b 18 89 2b>
switching to HANDSHAKE_1_SENT
disconnected from auth
Handler: secure connection with the server closed.
received session key handshake2!
client ret: [object Object]
server authenticated/authorized by solving nonce!
Handler: communication initialization succeeded
file data length: 1024
sending at Wed Mar 21 2018 21:57:56 GMT+0000 (UTC)
switching to IN_COMM
received secure communication message!
Received seqNum: 0
Handler: data received from server via secure communication
data1
Resp-actual/expected/ratio/ts: 16 16 1 1521669476945
Distribution protocol: TCP
Resp-actual/expected/ratio/ts: 16 17 0.9411764705882353 1521669535966
connected to auth! from local port 60336
received auth hello!
{ authId: 401, nonce: <Buffer bd 04 8d ef 02 23 17 d1> }
received session key response encrypted with distribution key
replyNonce in sessionKeyResp: <Buffer 67 57 48 3d 1c c0 49 e2>
auth nonce verified
received 1 keys
currentSessionKey: [object Object]
Status: Secure connection closed before starting a new connection.
Session protocol: TCP
chosen commSessionKey: 
{ id: 40101742,
  cipherKeyVal: <Buffer 69 04 df 66 77 17 e3 6b f9 f7 ba da a3 60 77 4a>,
  macKeyVal: <Buffer fe 6c c5 fa ea 7b 4d c8 89 4e 83 e2 d3 67 49 47 3f 91 73 fd 42 b3 50 1e 51 7a fa e8 12 1a be 58>,
  absValidity: 2018-03-22T21:58:56.102Z,
  relValidity: 7200000 }
options
{ serverHost: '10.0.1.8',
  serverPort: 22100,
  sessionKey: 
   { id: 40101742,
     cipherKeyVal: <Buffer 69 04 df 66 77 17 e3 6b f9 f7 ba da a3 60 77 4a>,
     macKeyVal: <Buffer fe 6c c5 fa ea 7b 4d c8 89 4e 83 e2 d3 67 49 47 3f 91 73 fd 42 b3 50 1e 51 7a fa e8 12 1a be 58>,
     absValidity: 2018-03-22T21:58:56.102Z,
     relValidity: 7200000 },
  sessionCryptoSpec: { cipher: 'AES-128-CBC', mac: 'SHA256' },
  sessionProtocol: 'TCP',
  handshakeTimeout: 50000 }
chosen nonce: <Buffer b8 32 2d 6b 07 ec c1 31>
switching to HANDSHAKE_1_SENT
disconnected from auth
Handler: secure connection with the server closed.
received session key handshake2!
client ret: [object Object]
server authenticated/authorized by solving nonce!
Handler: communication initialization succeeded
file data length: 1024
sending at Wed Mar 21 2018 21:58:56 GMT+0000 (UTC)
switching to IN_COMM
received secure communication message!
Received seqNum: 0
Handler: data received from server via secure communication
data1
Resp-actual/expected/ratio/ts: 17 17 1 1521669536877
Distribution protocol: TCP
Resp-actual/expected/ratio/ts: 17 18 0.9444444444444444 1521669596025
connected to auth! from local port 60522
received auth hello!
{ authId: 401, nonce: <Buffer d7 06 21 29 ff c2 5a 94> }
received session key response encrypted with distribution key
replyNonce in sessionKeyResp: <Buffer 36 0e 1f e7 57 65 71 4b>
auth nonce verified
received 1 keys
currentSessionKey: [object Object]
Status: Secure connection closed before starting a new connection.
Session protocol: TCP
chosen commSessionKey: 
{ id: 40101748,
  cipherKeyVal: <Buffer 04 31 27 ca df 3b b9 32 00 b3 31 6c 7e bc bf 33>,
  macKeyVal: <Buffer 72 76 ba 8e d0 47 90 70 39 46 d1 66 0b d1 cf 73 f9 9d 0c e5 04 5d 4a 6f 66 00 5c e1 4f 34 d0 42>,
  absValidity: 2018-03-22T21:59:56.150Z,
  relValidity: 7200000 }
options
{ serverHost: '10.0.1.8',
  serverPort: 22100,
  sessionKey: 
   { id: 40101748,
     cipherKeyVal: <Buffer 04 31 27 ca df 3b b9 32 00 b3 31 6c 7e bc bf 33>,
     macKeyVal: <Buffer 72 76 ba 8e d0 47 90 70 39 46 d1 66 0b d1 cf 73 f9 9d 0c e5 04 5d 4a 6f 66 00 5c e1 4f 34 d0 42>,
     absValidity: 2018-03-22T21:59:56.150Z,
     relValidity: 7200000 },
  sessionCryptoSpec: { cipher: 'AES-128-CBC', mac: 'SHA256' },
  sessionProtocol: 'TCP',
  handshakeTimeout: 50000 }
disconnected from auth
chosen nonce: <Buffer 71 63 88 a8 cd 6f 83 80>
switching to HANDSHAKE_1_SENT
Handler: secure connection with the server closed.
received session key handshake2!
client ret: [object Object]
server authenticated/authorized by solving nonce!
Handler: communication initialization succeeded
file data length: 1024
sending at Wed Mar 21 2018 21:59:56 GMT+0000 (UTC)
switching to IN_COMM
received secure communication message!
Received seqNum: 0
Handler: data received from server via secure communication
data1
Resp-actual/expected/ratio/ts: 18 18 1 1521669597200
Distribution protocol: TCP
Resp-actual/expected/ratio/ts: 18 19 0.9473684210526315 1521669656084
connected to auth! from local port 60708
received auth hello!
{ authId: 401, nonce: <Buffer 1b b1 c0 40 ee 1b f8 3e> }
received session key response encrypted with distribution key
replyNonce in sessionKeyResp: <Buffer f0 24 44 6c e4 68 39 f3>
auth nonce verified
received 1 keys
currentSessionKey: [object Object]
Status: Secure connection closed before starting a new connection.
Session protocol: TCP
chosen commSessionKey: 
{ id: 40101754,
  cipherKeyVal: <Buffer aa 60 04 e1 bc 7c 3d 59 21 c9 ed cc 78 ab e8 d6>,
  macKeyVal: <Buffer bb 9b 9c 5e 8f 25 dc d0 2c b6 f6 15 f8 61 c1 dd 35 7c 38 8d 20 c7 63 28 44 42 f1 a1 0f 8d 07 58>,
  absValidity: 2018-03-22T22:00:56.236Z,
  relValidity: 7200000 }
options
{ serverHost: '10.0.1.8',
  serverPort: 22100,
  sessionKey: 
   { id: 40101754,
     cipherKeyVal: <Buffer aa 60 04 e1 bc 7c 3d 59 21 c9 ed cc 78 ab e8 d6>,
     macKeyVal: <Buffer bb 9b 9c 5e 8f 25 dc d0 2c b6 f6 15 f8 61 c1 dd 35 7c 38 8d 20 c7 63 28 44 42 f1 a1 0f 8d 07 58>,
     absValidity: 2018-03-22T22:00:56.236Z,
     relValidity: 7200000 },
  sessionCryptoSpec: { cipher: 'AES-128-CBC', mac: 'SHA256' },
  sessionProtocol: 'TCP',
  handshakeTimeout: 50000 }
chosen nonce: <Buffer e7 c0 08 48 8a 18 a5 c7>
switching to HANDSHAKE_1_SENT
disconnected from auth
Handler: secure connection with the server closed.
received session key handshake2!
client ret: [object Object]
server authenticated/authorized by solving nonce!
Handler: communication initialization succeeded
file data length: 1024
sending at Wed Mar 21 2018 22:00:56 GMT+0000 (UTC)
switching to IN_COMM
received secure communication message!
Received seqNum: 0
Handler: data received from server via secure communication
data1
Resp-actual/expected/ratio/ts: 19 19 1 1521669657072
Distribution protocol: TCP
Resp-actual/expected/ratio/ts: 19 20 0.95 1521669716144
connected to auth! from local port 60894
received auth hello!
{ authId: 401, nonce: <Buffer 2d ed ef eb f2 a3 68 b1> }
received session key response encrypted with distribution key
replyNonce in sessionKeyResp: <Buffer 03 93 08 cf 08 37 ed b1>
auth nonce verified
received 1 keys
currentSessionKey: [object Object]
Status: Secure connection closed before starting a new connection.
Session protocol: TCP
chosen commSessionKey: 
{ id: 40101760,
  cipherKeyVal: <Buffer a5 a8 5f 98 0a 66 06 ea f6 1a 35 b6 47 a3 9c e0>,
  macKeyVal: <Buffer bc 65 2b a9 6f 11 3b ae 37 9d 2c 3f ab dd b3 3f 6f 29 c5 5e 77 a0 e6 11 a6 65 db 7f 34 39 16 28>,
  absValidity: 2018-03-22T22:01:56.284Z,
  relValidity: 7200000 }
options
{ serverHost: '10.0.1.8',
  serverPort: 22100,
  sessionKey: 
   { id: 40101760,
     cipherKeyVal: <Buffer a5 a8 5f 98 0a 66 06 ea f6 1a 35 b6 47 a3 9c e0>,
     macKeyVal: <Buffer bc 65 2b a9 6f 11 3b ae 37 9d 2c 3f ab dd b3 3f 6f 29 c5 5e 77 a0 e6 11 a6 65 db 7f 34 39 16 28>,
     absValidity: 2018-03-22T22:01:56.284Z,
     relValidity: 7200000 },
  sessionCryptoSpec: { cipher: 'AES-128-CBC', mac: 'SHA256' },
  sessionProtocol: 'TCP',
  handshakeTimeout: 50000 }
chosen nonce: <Buffer 93 84 83 a7 cf f0 9f fb>
switching to HANDSHAKE_1_SENT
disconnected from auth
Handler: secure connection with the server closed.
received session key handshake2!
client ret: [object Object]
server authenticated/authorized by solving nonce!
Handler: communication initialization succeeded
file data length: 1024
sending at Wed Mar 21 2018 22:01:56 GMT+0000 (UTC)
switching to IN_COMM
received secure communication message!
Received seqNum: 0
Handler: data received from server via secure communication
data1
Resp-actual/expected/ratio/ts: 20 20 1 1521669717363
Distribution protocol: TCP
Resp-actual/expected/ratio/ts: 20 21 0.9523809523809523 1521669776204
connected to auth! from local port 32848
received auth hello!
{ authId: 401, nonce: <Buffer 7f f7 b7 77 93 19 a5 60> }
received session key response encrypted with distribution key
replyNonce in sessionKeyResp: <Buffer 2d 3c e7 00 f4 f6 90 02>
auth nonce verified
received 1 keys
currentSessionKey: [object Object]
Status: Secure connection closed before starting a new connection.
Session protocol: TCP
chosen commSessionKey: 
{ id: 40101766,
  cipherKeyVal: <Buffer 42 eb 20 be 56 fb 04 0d cf 8a 6a 14 9c 93 71 99>,
  macKeyVal: <Buffer 3e 08 5f f9 96 c7 2e 19 6b 04 03 39 17 28 d6 80 32 ae dc 99 43 cf b4 ba 26 0d fd 54 df 62 dd 5b>,
  absValidity: 2018-03-22T22:02:56.330Z,
  relValidity: 7200000 }
options
{ serverHost: '10.0.1.8',
  serverPort: 22100,
  sessionKey: 
   { id: 40101766,
     cipherKeyVal: <Buffer 42 eb 20 be 56 fb 04 0d cf 8a 6a 14 9c 93 71 99>,
     macKeyVal: <Buffer 3e 08 5f f9 96 c7 2e 19 6b 04 03 39 17 28 d6 80 32 ae dc 99 43 cf b4 ba 26 0d fd 54 df 62 dd 5b>,
     absValidity: 2018-03-22T22:02:56.330Z,
     relValidity: 7200000 },
  sessionCryptoSpec: { cipher: 'AES-128-CBC', mac: 'SHA256' },
  sessionProtocol: 'TCP',
  handshakeTimeout: 50000 }
chosen nonce: <Buffer 6d cb 4f b5 25 61 3c 5f>
switching to HANDSHAKE_1_SENT
disconnected from auth
Handler: secure connection with the server closed.
received session key handshake2!
client ret: [object Object]
server authenticated/authorized by solving nonce!
Handler: communication initialization succeeded
file data length: 1024
sending at Wed Mar 21 2018 22:02:57 GMT+0000 (UTC)
switching to IN_COMM
received secure communication message!
Received seqNum: 0
Handler: data received from server via secure communication
data1
Resp-actual/expected/ratio/ts: 21 21 1 1521669777341
Distribution protocol: TCP
Resp-actual/expected/ratio/ts: 21 22 0.9545454545454546 1521669836258
connected to auth! from local port 33034
received auth hello!
{ authId: 401, nonce: <Buffer da 1a 45 c1 35 3a a6 9e> }
received session key response encrypted with distribution key
replyNonce in sessionKeyResp: <Buffer 7d 56 3e d6 22 16 73 dd>
auth nonce verified
received 1 keys
currentSessionKey: [object Object]
Status: Secure connection closed before starting a new connection.
Session protocol: TCP
chosen commSessionKey: 
{ id: 40101772,
  cipherKeyVal: <Buffer c4 89 aa 85 06 f9 3e 33 1c 98 1d 60 54 f2 d0 5a>,
  macKeyVal: <Buffer ff d5 31 43 f4 af 55 fb 7b c0 4c d0 70 2f 72 1c d4 f5 c9 b1 3e 01 36 51 2a 3a 4a 6d 40 78 32 a3>,
  absValidity: 2018-03-22T22:03:56.429Z,
  relValidity: 7200000 }
options
{ serverHost: '10.0.1.8',
  serverPort: 22100,
  sessionKey: 
   { id: 40101772,
     cipherKeyVal: <Buffer c4 89 aa 85 06 f9 3e 33 1c 98 1d 60 54 f2 d0 5a>,
     macKeyVal: <Buffer ff d5 31 43 f4 af 55 fb 7b c0 4c d0 70 2f 72 1c d4 f5 c9 b1 3e 01 36 51 2a 3a 4a 6d 40 78 32 a3>,
     absValidity: 2018-03-22T22:03:56.429Z,
     relValidity: 7200000 },
  sessionCryptoSpec: { cipher: 'AES-128-CBC', mac: 'SHA256' },
  sessionProtocol: 'TCP',
  handshakeTimeout: 50000 }
chosen nonce: <Buffer b3 12 1f 25 4b ae 14 1a>
switching to HANDSHAKE_1_SENT
disconnected from auth
Handler: secure connection with the server closed.
received session key handshake2!
client ret: [object Object]
server authenticated/authorized by solving nonce!
Handler: communication initialization succeeded
file data length: 1024
sending at Wed Mar 21 2018 22:03:57 GMT+0000 (UTC)
switching to IN_COMM
received secure communication message!
Received seqNum: 0
Handler: data received from server via secure communication
data1
Resp-actual/expected/ratio/ts: 22 22 1 1521669837277
Distribution protocol: TCP
Resp-actual/expected/ratio/ts: 22 23 0.9565217391304348 1521669896258
connected to auth! from local port 33220
received auth hello!
{ authId: 401, nonce: <Buffer 33 03 74 ea 19 6c 55 2b> }
received session key response encrypted with distribution key
replyNonce in sessionKeyResp: <Buffer 2d aa 76 36 28 d3 d0 12>
auth nonce verified
received 1 keys
currentSessionKey: [object Object]
Status: Secure connection closed before starting a new connection.
Session protocol: TCP
chosen commSessionKey: 
{ id: 40101778,
  cipherKeyVal: <Buffer 35 4f 8d 15 89 7e 44 c8 86 60 e9 44 2e 13 06 b5>,
  macKeyVal: <Buffer e3 87 cd 1e 28 a9 3c 01 43 37 2b d8 5a 28 ba 55 54 cb 36 2d e7 e3 86 08 7d ab 26 4d c9 3b 2a af>,
  absValidity: 2018-03-22T22:04:56.413Z,
  relValidity: 7200000 }
options
{ serverHost: '10.0.1.8',
  serverPort: 22100,
  sessionKey: 
   { id: 40101778,
     cipherKeyVal: <Buffer 35 4f 8d 15 89 7e 44 c8 86 60 e9 44 2e 13 06 b5>,
     macKeyVal: <Buffer e3 87 cd 1e 28 a9 3c 01 43 37 2b d8 5a 28 ba 55 54 cb 36 2d e7 e3 86 08 7d ab 26 4d c9 3b 2a af>,
     absValidity: 2018-03-22T22:04:56.413Z,
     relValidity: 7200000 },
  sessionCryptoSpec: { cipher: 'AES-128-CBC', mac: 'SHA256' },
  sessionProtocol: 'TCP',
  handshakeTimeout: 50000 }
chosen nonce: <Buffer 05 74 73 41 66 0a ff 54>
switching to HANDSHAKE_1_SENT
disconnected from auth
Handler: secure connection with the server closed.
received session key handshake2!
client ret: [object Object]
server authenticated/authorized by solving nonce!
Handler: communication initialization succeeded
file data length: 1024
sending at Wed Mar 21 2018 22:04:57 GMT+0000 (UTC)
switching to IN_COMM
received secure communication message!
Received seqNum: 0
Handler: data received from server via secure communication
data1
Resp-actual/expected/ratio/ts: 23 23 1 1521669897406
Distribution protocol: TCP
Resp-actual/expected/ratio/ts: 23 24 0.9583333333333334 1521669956317
connected to auth! from local port 33406
received auth hello!
{ authId: 401, nonce: <Buffer 9a a0 55 ed 95 f3 20 88> }
received session key response encrypted with distribution key
replyNonce in sessionKeyResp: <Buffer f8 62 4d 27 bf 9e e7 df>
auth nonce verified
received 1 keys
currentSessionKey: [object Object]
Status: Secure connection closed before starting a new connection.
Session protocol: TCP
chosen commSessionKey: 
{ id: 40101784,
  cipherKeyVal: <Buffer cf 25 ef f9 ef 1d bf 59 1c d6 81 03 0b 19 2d 60>,
  macKeyVal: <Buffer b2 d8 9a 83 df 4c 06 38 af 81 03 54 c9 a0 78 04 10 99 d1 e7 e5 30 f9 d1 69 19 2b da 08 c5 e7 9f>,
  absValidity: 2018-03-22T22:05:56.476Z,
  relValidity: 7200000 }
options
{ serverHost: '10.0.1.8',
  serverPort: 22100,
  sessionKey: 
   { id: 40101784,
     cipherKeyVal: <Buffer cf 25 ef f9 ef 1d bf 59 1c d6 81 03 0b 19 2d 60>,
     macKeyVal: <Buffer b2 d8 9a 83 df 4c 06 38 af 81 03 54 c9 a0 78 04 10 99 d1 e7 e5 30 f9 d1 69 19 2b da 08 c5 e7 9f>,
     absValidity: 2018-03-22T22:05:56.476Z,
     relValidity: 7200000 },
  sessionCryptoSpec: { cipher: 'AES-128-CBC', mac: 'SHA256' },
  sessionProtocol: 'TCP',
  handshakeTimeout: 50000 }
chosen nonce: <Buffer 54 67 ca 85 39 8f ef 56>
switching to HANDSHAKE_1_SENT
disconnected from auth
Handler: secure connection with the server closed.
received session key handshake2!
client ret: [object Object]
server authenticated/authorized by solving nonce!
Handler: communication initialization succeeded
file data length: 1024
sending at Wed Mar 21 2018 22:05:57 GMT+0000 (UTC)
switching to IN_COMM
received secure communication message!
Received seqNum: 0
Handler: data received from server via secure communication
data1
Resp-actual/expected/ratio/ts: 24 24 1 1521669957373
Distribution protocol: TCP
Resp-actual/expected/ratio/ts: 24 25 0.96 1521670016331
connected to auth! from local port 33592
received auth hello!
{ authId: 401, nonce: <Buffer fc c5 74 2e 93 22 ed 96> }
received session key response encrypted with distribution key
replyNonce in sessionKeyResp: <Buffer 6c f8 c3 da ce 0c 6c 0d>
auth nonce verified
received 1 keys
currentSessionKey: [object Object]
Status: Secure connection closed before starting a new connection.
Session protocol: TCP
chosen commSessionKey: 
{ id: 40101790,
  cipherKeyVal: <Buffer 81 eb 92 ff 82 61 ad 8c 9c e6 9d e8 ae 84 1f 72>,
  macKeyVal: <Buffer 96 2c 8a 80 43 0c e2 5f 8e 73 03 4f a7 24 21 cf ed 46 e8 61 ed f4 57 56 ac 9a c4 27 a7 1a db ef>,
  absValidity: 2018-03-22T22:06:56.475Z,
  relValidity: 7200000 }
options
{ serverHost: '10.0.1.8',
  serverPort: 22100,
  sessionKey: 
   { id: 40101790,
     cipherKeyVal: <Buffer 81 eb 92 ff 82 61 ad 8c 9c e6 9d e8 ae 84 1f 72>,
     macKeyVal: <Buffer 96 2c 8a 80 43 0c e2 5f 8e 73 03 4f a7 24 21 cf ed 46 e8 61 ed f4 57 56 ac 9a c4 27 a7 1a db ef>,
     absValidity: 2018-03-22T22:06:56.475Z,
     relValidity: 7200000 },
  sessionCryptoSpec: { cipher: 'AES-128-CBC', mac: 'SHA256' },
  sessionProtocol: 'TCP',
  handshakeTimeout: 50000 }
chosen nonce: <Buffer 7f 00 74 b2 88 b6 8a d8>
switching to HANDSHAKE_1_SENT
disconnected from auth
Handler: secure connection with the server closed.
received session key handshake2!
client ret: [object Object]
server authenticated/authorized by solving nonce!
Handler: communication initialization succeeded
file data length: 1024
sending at Wed Mar 21 2018 22:06:57 GMT+0000 (UTC)
switching to IN_COMM
received secure communication message!
Received seqNum: 0
Handler: data received from server via secure communication
data1
Resp-actual/expected/ratio/ts: 25 25 1 1521670017280
Distribution protocol: TCP
Resp-actual/expected/ratio/ts: 25 26 0.9615384615384616 1521670076389
connected to auth! from local port 33778
received auth hello!
{ authId: 401, nonce: <Buffer 21 cd ff 7c ee 1d e5 ff> }
received session key response encrypted with distribution key
replyNonce in sessionKeyResp: <Buffer fb ed 4b b0 17 db 8e cc>
auth nonce verified
received 1 keys
currentSessionKey: [object Object]
Status: Secure connection closed before starting a new connection.
Session protocol: TCP
chosen commSessionKey: 
{ id: 40101796,
  cipherKeyVal: <Buffer e3 da ba 23 be b0 a6 00 c5 f1 e2 c2 71 06 c4 fe>,
  macKeyVal: <Buffer fc 05 27 b3 4e ca 60 0a b8 59 69 66 55 67 62 8c 68 06 24 67 92 10 4a cd 42 3f b0 84 8f 33 21 22>,
  absValidity: 2018-03-22T22:07:56.537Z,
  relValidity: 7200000 }
options
{ serverHost: '10.0.1.8',
  serverPort: 22100,
  sessionKey: 
   { id: 40101796,
     cipherKeyVal: <Buffer e3 da ba 23 be b0 a6 00 c5 f1 e2 c2 71 06 c4 fe>,
     macKeyVal: <Buffer fc 05 27 b3 4e ca 60 0a b8 59 69 66 55 67 62 8c 68 06 24 67 92 10 4a cd 42 3f b0 84 8f 33 21 22>,
     absValidity: 2018-03-22T22:07:56.537Z,
     relValidity: 7200000 },
  sessionCryptoSpec: { cipher: 'AES-128-CBC', mac: 'SHA256' },
  sessionProtocol: 'TCP',
  handshakeTimeout: 50000 }
chosen nonce: <Buffer 51 84 58 5c 2f ce f3 c4>
switching to HANDSHAKE_1_SENT
disconnected from auth
Handler: secure connection with the server closed.
received session key handshake2!
client ret: [object Object]
server authenticated/authorized by solving nonce!
Handler: communication initialization succeeded
file data length: 1024
sending at Wed Mar 21 2018 22:07:57 GMT+0000 (UTC)
switching to IN_COMM
received secure communication message!
Received seqNum: 0
Handler: data received from server via secure communication
data1
Resp-actual/expected/ratio/ts: 26 26 1 1521670077570
Distribution protocol: TCP
Resp-actual/expected/ratio/ts: 26 27 0.9629629629629629 1521670136407
connected to auth! from local port 33964
received auth hello!
{ authId: 401, nonce: <Buffer 51 17 40 b3 80 4b 08 4c> }
received session key response encrypted with distribution key
replyNonce in sessionKeyResp: <Buffer 6f 44 32 b3 13 56 e5 03>
auth nonce verified
received 1 keys
currentSessionKey: [object Object]
Status: Secure connection closed before starting a new connection.
Session protocol: TCP
chosen commSessionKey: 
{ id: 40101802,
  cipherKeyVal: <Buffer ba 72 13 bb d9 38 ea bb fa 6b 74 b2 9a 38 18 37>,
  macKeyVal: <Buffer 09 fc 30 dd 74 69 0a c2 64 f1 0b 4c 4e da d0 2b 0d 33 19 e8 e1 31 91 7a 54 03 ca 9f cb c6 36 c6>,
  absValidity: 2018-03-22T22:08:56.536Z,
  relValidity: 7200000 }
options
{ serverHost: '10.0.1.8',
  serverPort: 22100,
  sessionKey: 
   { id: 40101802,
     cipherKeyVal: <Buffer ba 72 13 bb d9 38 ea bb fa 6b 74 b2 9a 38 18 37>,
     macKeyVal: <Buffer 09 fc 30 dd 74 69 0a c2 64 f1 0b 4c 4e da d0 2b 0d 33 19 e8 e1 31 91 7a 54 03 ca 9f cb c6 36 c6>,
     absValidity: 2018-03-22T22:08:56.536Z,
     relValidity: 7200000 },
  sessionCryptoSpec: { cipher: 'AES-128-CBC', mac: 'SHA256' },
  sessionProtocol: 'TCP',
  handshakeTimeout: 50000 }
chosen nonce: <Buffer e1 6a 4a fa df aa 44 e3>
switching to HANDSHAKE_1_SENT
disconnected from auth
Handler: secure connection with the server closed.
received session key handshake2!
client ret: [object Object]
server authenticated/authorized by solving nonce!
Handler: communication initialization succeeded
file data length: 1024
sending at Wed Mar 21 2018 22:08:57 GMT+0000 (UTC)
switching to IN_COMM
received secure communication message!
Received seqNum: 0
Handler: data received from server via secure communication
data1
Resp-actual/expected/ratio/ts: 27 27 1 1521670137357
Distribution protocol: TCP
Resp-actual/expected/ratio/ts: 27 28 0.9642857142857143 1521670196433
connected to auth! from local port 34150
received auth hello!
{ authId: 401, nonce: <Buffer 17 41 18 f5 2f 8e 4c cc> }
received session key response encrypted with distribution key
replyNonce in sessionKeyResp: <Buffer 89 4b 8b 90 75 69 06 de>
auth nonce verified
received 1 keys
currentSessionKey: [object Object]
Status: Secure connection closed before starting a new connection.
Session protocol: TCP
chosen commSessionKey: 
{ id: 40101808,
  cipherKeyVal: <Buffer 74 fb 27 bb 75 4b 16 92 cd 30 49 8f 08 ab 6d 11>,
  macKeyVal: <Buffer 79 a8 bf 25 97 39 b1 5b 56 b2 fa 73 78 cb 66 a9 f0 09 fd ec 2f 3c 4c 02 74 18 ae fa 05 38 bd 27>,
  absValidity: 2018-03-22T22:09:56.569Z,
  relValidity: 7200000 }
options
{ serverHost: '10.0.1.8',
  serverPort: 22100,
  sessionKey: 
   { id: 40101808,
     cipherKeyVal: <Buffer 74 fb 27 bb 75 4b 16 92 cd 30 49 8f 08 ab 6d 11>,
     macKeyVal: <Buffer 79 a8 bf 25 97 39 b1 5b 56 b2 fa 73 78 cb 66 a9 f0 09 fd ec 2f 3c 4c 02 74 18 ae fa 05 38 bd 27>,
     absValidity: 2018-03-22T22:09:56.569Z,
     relValidity: 7200000 },
  sessionCryptoSpec: { cipher: 'AES-128-CBC', mac: 'SHA256' },
  sessionProtocol: 'TCP',
  handshakeTimeout: 50000 }
chosen nonce: <Buffer ae dc de 32 f1 83 a4 6e>
switching to HANDSHAKE_1_SENT
disconnected from auth
Handler: secure connection with the server closed.
received session key handshake2!
client ret: [object Object]
server authenticated/authorized by solving nonce!
Handler: communication initialization succeeded
file data length: 1024
sending at Wed Mar 21 2018 22:09:57 GMT+0000 (UTC)
switching to IN_COMM
received secure communication message!
Received seqNum: 0
Handler: data received from server via secure communication
data1
Resp-actual/expected/ratio/ts: 28 28 1 1521670197453
