changing working directory to: /home/hokeunkim/Development/iotauth/entity/node/example_entities
loading from config file: /home/hokeunkim/Development/iotauth_experiments/experiments/ccs2017/expOptions/expEntity.option
Experimental options for echoServer: { autoSendPeriod: 60000,
  useSameSessionKeyCount: 1,
  connectionTimeout: 50000,
  migrationEnabled: true,
  authFailureThreshold: 2,
  migrationFailureThreshold: 2 }
loading from config file: /home/hokeunkim/Development/iotauth/entity/node/example_entities/configs/Servers/s416.config
initializing secure comm server...
Session protocol: TCP
current parameters: { migrationEnabled: true,
  authFailureThreshold: 3,
  migrationFailureThreshold: 3 }
current parameters: { migrationEnabled: true,
  authFailureThreshold: 2,
  migrationFailureThreshold: 3 }
current parameters: { migrationEnabled: true,
  authFailureThreshold: 2,
  migrationFailureThreshold: 2 }
current entityInfo: { name: 's416',
  group: 'Servers',
  distProtocol: 'TCP',
  usePermanentDistKey: false,
  connectionTimeout: 50000,
  privateKey: <Buffer 2d 2d 2d 2d 2d 42 45 47 49 4e 20 52 53 41 20 50 52 49 56 41 54 45 20 4b 45 59 2d 2d 2d 2d 2d 0a 4d 49 49 45 70 41 49 42 41 41 4b 43 41 51 45 41 30 61 ... > }
Handler: listening on port 22100
s416:Servers prompt>
Unidentified client connected
received session key handshake1
switching to HANDSHAKE_1_RECEIVED state.
session key id: 40300574
session key NOT found! sending session key id to AuthService
Distribution protocol: TCP
connected to auth! from local port 34662
received auth hello!
{ authId: 403, nonce: <Buffer c7 2c 4f c5 67 c0 d4 5e> }
received session key response with distribution key attached!
auth signature verified
replyNonce in sessionKeyResp: <Buffer d5 32 5b e0 8a a6 75 6f>
auth nonce verified
handleSessionKeyResp: session key request succeeded! authFailureCount: 0
updating distribution key: { cipherKeyVal: <Buffer 4e a1 ad 64 25 5a d4 ea 75 42 33 f7 72 a5 47 89>,
  macKeyVal: <Buffer 20 1c 2b bf 2f c2 66 5e f7 e8 44 3c 4c 50 ce 44 f0 90 58 39 f8 b5 53 43 9a 9d 66 80 56 08 0a ed>,
  absValidity: 2018-03-21T03:44:19.887Z }
received 1 keys
Session key id is as expected
server ret: [object Object]
chosen nonce: <Buffer 5d 68 f6 f4 7f 21 99 af>
switching to HANDSHAKE_2_SENT
disconnected from auth
received session key handshake3!
{ replyNonce: <Buffer 5d 68 f6 f4 7f 21 99 af> }
client authenticated/authorized by solving nonce!
switching to IN_COMM
Handler: secure connection with the client established.
{ id: 0,
  remoteAddress: '::ffff:10.0.1.60:38394',
  status: 'open' }
received secure communication!
Received seqNum: 0
data received from server via secure communication
Handler: socketID: 0 data: data1
toSend: { data: <Buffer 64 61 74 61 31>, id: 0 }
specified socketID: 0
Unidentified client connected
received session key handshake1
switching to HANDSHAKE_1_RECEIVED state.
session key id: 40300575
session key NOT found! sending session key id to AuthService
Distribution protocol: TCP
connected to auth! from local port 34668
received auth hello!
{ authId: 403, nonce: <Buffer 34 86 12 b2 55 fc be 7c> }
received session key response encrypted with distribution key
replyNonce in sessionKeyResp: <Buffer 7d 33 46 4a 01 c5 e4 32>
auth nonce verified
handleSessionKeyResp: session key request succeeded! authFailureCount: 0
received 1 keys
Session key id is as expected
server ret: [object Object]
chosen nonce: <Buffer 49 f9 a8 35 f5 6e d4 40>
switching to HANDSHAKE_2_SENT
disconnected from auth
received session key handshake3!
{ replyNonce: <Buffer 49 f9 a8 35 f5 6e d4 40> }
client authenticated/authorized by solving nonce!
switching to IN_COMM
Handler: secure connection with the client established.
{ id: 1,
  remoteAddress: '::ffff:10.0.1.61:60956',
  status: 'open' }
received secure communication!
Received seqNum: 0
data received from server via secure communication
Handler: socketID: 1 data: data1
toSend: { data: <Buffer 64 61 74 61 31>, id: 1 }
specified socketID: 1
Unidentified client disconnected
Handler: secure connection with the client closed.
socket #0 closed
Unidentified client connected
received session key handshake1
switching to HANDSHAKE_1_RECEIVED state.
session key id: 40300580
session key NOT found! sending session key id to AuthService
Distribution protocol: TCP
connected to auth! from local port 34876
received auth hello!
{ authId: 403, nonce: <Buffer 33 29 df 84 58 d9 ff f9> }
received session key response encrypted with distribution key
replyNonce in sessionKeyResp: <Buffer cd 35 a0 c4 bb 4a 5a b1>
auth nonce verified
handleSessionKeyResp: session key request succeeded! authFailureCount: 0
received 1 keys
Session key id is as expected
server ret: [object Object]
chosen nonce: <Buffer 06 27 52 19 ad c2 75 3d>
switching to HANDSHAKE_2_SENT
received session key handshake3!
{ replyNonce: <Buffer 06 27 52 19 ad c2 75 3d> }
client authenticated/authorized by solving nonce!
switching to IN_COMM
Handler: secure connection with the client established.
{ id: 2,
  remoteAddress: '::ffff:10.0.1.60:38606',
  status: 'open' }
disconnected from auth
received secure communication!
Received seqNum: 0
data received from server via secure communication
Handler: socketID: 2 data: data1
toSend: { data: <Buffer 64 61 74 61 31>, id: 2 }
specified socketID: 2
Unidentified client disconnected
Handler: secure connection with the client closed.
socket #1 closed
Unidentified client connected
received session key handshake1
switching to HANDSHAKE_1_RECEIVED state.
session key id: 40300581
session key NOT found! sending session key id to AuthService
Distribution protocol: TCP
connected to auth! from local port 34892
received auth hello!
{ authId: 403, nonce: <Buffer 02 de 5e 13 17 c3 5d 7c> }
received session key response encrypted with distribution key
replyNonce in sessionKeyResp: <Buffer 3b 67 5d a4 bc ff 16 cc>
auth nonce verified
handleSessionKeyResp: session key request succeeded! authFailureCount: 0
received 1 keys
Session key id is as expected
server ret: [object Object]
chosen nonce: <Buffer ca 37 77 f8 a3 fd cf f3>
switching to HANDSHAKE_2_SENT
received session key handshake3!
{ replyNonce: <Buffer ca 37 77 f8 a3 fd cf f3> }
client authenticated/authorized by solving nonce!
switching to IN_COMM
Handler: secure connection with the client established.
{ id: 3,
  remoteAddress: '::ffff:10.0.1.61:32946',
  status: 'open' }
disconnected from auth
received secure communication!
Received seqNum: 0
data received from server via secure communication
Handler: socketID: 3 data: data1
toSend: { data: <Buffer 64 61 74 61 31>, id: 3 }
specified socketID: 3
Unidentified client disconnected
Handler: secure connection with the client closed.
socket #2 closed
Unidentified client connected
received session key handshake1
switching to HANDSHAKE_1_RECEIVED state.
session key id: 40300586
session key NOT found! sending session key id to AuthService
Distribution protocol: TCP
connected to auth! from local port 35150
received auth hello!
{ authId: 403, nonce: <Buffer 56 f8 1e 38 d3 11 d6 ac> }
received session key response encrypted with distribution key
replyNonce in sessionKeyResp: <Buffer ee ad 3e f3 e1 e1 70 63>
auth nonce verified
handleSessionKeyResp: session key request succeeded! authFailureCount: 0
received 1 keys
Session key id is as expected
server ret: [object Object]
chosen nonce: <Buffer 83 3b 6f 43 c3 fc da 46>
switching to HANDSHAKE_2_SENT
disconnected from auth
received session key handshake3!
{ replyNonce: <Buffer 83 3b 6f 43 c3 fc da 46> }
client authenticated/authorized by solving nonce!
switching to IN_COMM
Handler: secure connection with the client established.
{ id: 4,
  remoteAddress: '::ffff:10.0.1.60:38878',
  status: 'open' }
received secure communication!
Received seqNum: 0
data received from server via secure communication
Handler: socketID: 4 data: data1
toSend: { data: <Buffer 64 61 74 61 31>, id: 4 }
specified socketID: 4
Unidentified client disconnected
Handler: secure connection with the client closed.
socket #3 closed
Unidentified client connected
received session key handshake1
switching to HANDSHAKE_1_RECEIVED state.
session key id: 40300587
session key NOT found! sending session key id to AuthService
Distribution protocol: TCP
connected to auth! from local port 35162
received auth hello!
{ authId: 403, nonce: <Buffer 06 df 4f 5d 9d 7b 65 09> }
received session key response encrypted with distribution key
replyNonce in sessionKeyResp: <Buffer d2 87 7e a5 ad 56 49 bd>
auth nonce verified
handleSessionKeyResp: session key request succeeded! authFailureCount: 0
received 1 keys
Session key id is as expected
server ret: [object Object]
chosen nonce: <Buffer 6c 6b 84 2b 62 1b de 83>
switching to HANDSHAKE_2_SENT
received session key handshake3!
{ replyNonce: <Buffer 6c 6b 84 2b 62 1b de 83> }
client authenticated/authorized by solving nonce!
switching to IN_COMM
Handler: secure connection with the client established.
{ id: 5,
  remoteAddress: '::ffff:10.0.1.61:33218',
  status: 'open' }
disconnected from auth
received secure communication!
Received seqNum: 0
data received from server via secure communication
Handler: socketID: 5 data: data1
toSend: { data: <Buffer 64 61 74 61 31>, id: 5 }
specified socketID: 5
Unidentified client disconnected
Handler: secure connection with the client closed.
socket #4 closed
Unidentified client connected
received session key handshake1
switching to HANDSHAKE_1_RECEIVED state.
session key id: 40300592
session key NOT found! sending session key id to AuthService
Distribution protocol: TCP
connected to auth! from local port 35420
received auth hello!
{ authId: 403, nonce: <Buffer 89 55 67 63 21 7e 9e b4> }
received session key response encrypted with distribution key
replyNonce in sessionKeyResp: <Buffer 95 ab 5b c5 80 f5 63 67>
auth nonce verified
handleSessionKeyResp: session key request succeeded! authFailureCount: 0
received 1 keys
Session key id is as expected
server ret: [object Object]
chosen nonce: <Buffer 08 b7 1c 75 65 11 c8 1d>
switching to HANDSHAKE_2_SENT
received session key handshake3!
{ replyNonce: <Buffer 08 b7 1c 75 65 11 c8 1d> }
client authenticated/authorized by solving nonce!
switching to IN_COMM
Handler: secure connection with the client established.
{ id: 6,
  remoteAddress: '::ffff:10.0.1.60:39148',
  status: 'open' }
disconnected from auth
received secure communication!
Received seqNum: 0
data received from server via secure communication
Handler: socketID: 6 data: data1
toSend: { data: <Buffer 64 61 74 61 31>, id: 6 }
specified socketID: 6
Unidentified client disconnected
Handler: secure connection with the client closed.
socket #5 closed
Unidentified client connected
received session key handshake1
switching to HANDSHAKE_1_RECEIVED state.
session key id: 40300593
session key NOT found! sending session key id to AuthService
Distribution protocol: TCP
connected to auth! from local port 35432
received auth hello!
{ authId: 403, nonce: <Buffer e5 6b 28 e0 e5 3f 15 fc> }
received session key response encrypted with distribution key
replyNonce in sessionKeyResp: <Buffer f0 30 2e ef 88 97 46 2a>
auth nonce verified
handleSessionKeyResp: session key request succeeded! authFailureCount: 0
received 1 keys
Session key id is as expected
server ret: [object Object]
chosen nonce: <Buffer 4c 34 a5 52 67 fc 96 58>
switching to HANDSHAKE_2_SENT
received session key handshake3!
{ replyNonce: <Buffer 4c 34 a5 52 67 fc 96 58> }
client authenticated/authorized by solving nonce!
switching to IN_COMM
Handler: secure connection with the client established.
{ id: 7,
  remoteAddress: '::ffff:10.0.1.61:33488',
  status: 'open' }
disconnected from auth
received secure communication!
Received seqNum: 0
data received from server via secure communication
Handler: socketID: 7 data: data1
toSend: { data: <Buffer 64 61 74 61 31>, id: 7 }
specified socketID: 7
Unidentified client disconnected
Handler: secure connection with the client closed.
socket #6 closed
Unidentified client connected
received session key handshake1
switching to HANDSHAKE_1_RECEIVED state.
session key id: 40300598
session key NOT found! sending session key id to AuthService
Distribution protocol: TCP
connected to auth! from local port 35690
received auth hello!
{ authId: 403, nonce: <Buffer 3c b6 34 56 d9 a8 0a c7> }
received session key response encrypted with distribution key
replyNonce in sessionKeyResp: <Buffer ae a7 d2 2f 4a 08 02 45>
auth nonce verified
handleSessionKeyResp: session key request succeeded! authFailureCount: 0
received 1 keys
Session key id is as expected
server ret: [object Object]
chosen nonce: <Buffer 1b 54 0d 45 b4 a2 0c 82>
switching to HANDSHAKE_2_SENT
disconnected from auth
received session key handshake3!
{ replyNonce: <Buffer 1b 54 0d 45 b4 a2 0c 82> }
client authenticated/authorized by solving nonce!
switching to IN_COMM
Handler: secure connection with the client established.
{ id: 8,
  remoteAddress: '::ffff:10.0.1.60:39418',
  status: 'open' }
received secure communication!
Received seqNum: 0
data received from server via secure communication
Handler: socketID: 8 data: data1
toSend: { data: <Buffer 64 61 74 61 31>, id: 8 }
specified socketID: 8
Unidentified client disconnected
Handler: secure connection with the client closed.
socket #7 closed
Unidentified client connected
received session key handshake1
switching to HANDSHAKE_1_RECEIVED state.
session key id: 40300599
session key NOT found! sending session key id to AuthService
Distribution protocol: TCP
connected to auth! from local port 35702
received auth hello!
{ authId: 403, nonce: <Buffer 81 12 a9 11 47 b3 9b 6e> }
received session key response encrypted with distribution key
replyNonce in sessionKeyResp: <Buffer c6 78 0b bf 72 08 88 f9>
auth nonce verified
handleSessionKeyResp: session key request succeeded! authFailureCount: 0
received 1 keys
Session key id is as expected
server ret: [object Object]
chosen nonce: <Buffer 2e 50 57 1f 9f 73 6c 32>
switching to HANDSHAKE_2_SENT
received session key handshake3!
{ replyNonce: <Buffer 2e 50 57 1f 9f 73 6c 32> }
client authenticated/authorized by solving nonce!
switching to IN_COMM
Handler: secure connection with the client established.
{ id: 9,
  remoteAddress: '::ffff:10.0.1.61:33758',
  status: 'open' }
disconnected from auth
received secure communication!
Received seqNum: 0
data received from server via secure communication
Handler: socketID: 9 data: data1
toSend: { data: <Buffer 64 61 74 61 31>, id: 9 }
specified socketID: 9
Unidentified client disconnected
Handler: secure connection with the client closed.
socket #8 closed
Unidentified client connected
received session key handshake1
switching to HANDSHAKE_1_RECEIVED state.
session key id: 40300604
session key NOT found! sending session key id to AuthService
Distribution protocol: TCP
connected to auth! from local port 35960
received auth hello!
{ authId: 403, nonce: <Buffer 4f 60 9e eb 23 bc 52 3f> }
received session key response encrypted with distribution key
replyNonce in sessionKeyResp: <Buffer ef b3 4e 6d 4a 36 7b 8d>
auth nonce verified
handleSessionKeyResp: session key request succeeded! authFailureCount: 0
received 1 keys
Session key id is as expected
server ret: [object Object]
chosen nonce: <Buffer 5d dd fa 35 a3 ae 5c 6f>
switching to HANDSHAKE_2_SENT
disconnected from auth
received session key handshake3!
{ replyNonce: <Buffer 5d dd fa 35 a3 ae 5c 6f> }
client authenticated/authorized by solving nonce!
switching to IN_COMM
Handler: secure connection with the client established.
{ id: 10,
  remoteAddress: '::ffff:10.0.1.60:39690',
  status: 'open' }
received secure communication!
Received seqNum: 0
data received from server via secure communication
Handler: socketID: 10 data: data1
toSend: { data: <Buffer 64 61 74 61 31>, id: 10 }
specified socketID: 10
Unidentified client disconnected
Handler: secure connection with the client closed.
socket #9 closed
Unidentified client connected
received session key handshake1
switching to HANDSHAKE_1_RECEIVED state.
session key id: 40300605
session key NOT found! sending session key id to AuthService
Distribution protocol: TCP
connected to auth! from local port 35972
received auth hello!
{ authId: 403, nonce: <Buffer e8 16 af 84 60 ec 65 e9> }
received session key response encrypted with distribution key
replyNonce in sessionKeyResp: <Buffer 69 05 9c 61 63 e5 b3 e5>
auth nonce verified
handleSessionKeyResp: session key request succeeded! authFailureCount: 0
received 1 keys
Session key id is as expected
server ret: [object Object]
chosen nonce: <Buffer 62 9c cc 85 30 41 a2 64>
switching to HANDSHAKE_2_SENT
received session key handshake3!
{ replyNonce: <Buffer 62 9c cc 85 30 41 a2 64> }
client authenticated/authorized by solving nonce!
switching to IN_COMM
Handler: secure connection with the client established.
{ id: 11,
  remoteAddress: '::ffff:10.0.1.61:34028',
  status: 'open' }
disconnected from auth
received secure communication!
Received seqNum: 0
data received from server via secure communication
Handler: socketID: 11 data: data1
toSend: { data: <Buffer 64 61 74 61 31>, id: 11 }
specified socketID: 11
Unidentified client disconnected
Handler: secure connection with the client closed.
socket #10 closed
Unidentified client connected
received session key handshake1
switching to HANDSHAKE_1_RECEIVED state.
session key id: 40300610
session key NOT found! sending session key id to AuthService
Distribution protocol: TCP
connected to auth! from local port 36230
received auth hello!
{ authId: 403, nonce: <Buffer 2a 2b 3a 67 ca 4c 8a b5> }
received session key response encrypted with distribution key
replyNonce in sessionKeyResp: <Buffer 2c 94 82 ce 39 d0 f3 1b>
auth nonce verified
handleSessionKeyResp: session key request succeeded! authFailureCount: 0
received 1 keys
Session key id is as expected
server ret: [object Object]
chosen nonce: <Buffer dd 19 35 0c c5 ab 48 8d>
switching to HANDSHAKE_2_SENT
received session key handshake3!
{ replyNonce: <Buffer dd 19 35 0c c5 ab 48 8d> }
client authenticated/authorized by solving nonce!
switching to IN_COMM
Handler: secure connection with the client established.
{ id: 12,
  remoteAddress: '::ffff:10.0.1.60:39960',
  status: 'open' }
disconnected from auth
received secure communication!
Received seqNum: 0
data received from server via secure communication
Handler: socketID: 12 data: data1
toSend: { data: <Buffer 64 61 74 61 31>, id: 12 }
specified socketID: 12
Unidentified client disconnected
Handler: secure connection with the client closed.
socket #11 closed
Unidentified client connected
received session key handshake1
switching to HANDSHAKE_1_RECEIVED state.
session key id: 40300611
session key NOT found! sending session key id to AuthService
Distribution protocol: TCP
connected to auth! from local port 36242
received auth hello!
{ authId: 403, nonce: <Buffer ae 68 4b 69 27 45 82 71> }
received session key response encrypted with distribution key
replyNonce in sessionKeyResp: <Buffer cd b5 9e d7 0c c1 df ea>
auth nonce verified
handleSessionKeyResp: session key request succeeded! authFailureCount: 0
received 1 keys
Session key id is as expected
server ret: [object Object]
chosen nonce: <Buffer 1d 6d b0 04 a0 e1 62 4a>
switching to HANDSHAKE_2_SENT
received session key handshake3!
{ replyNonce: <Buffer 1d 6d b0 04 a0 e1 62 4a> }
client authenticated/authorized by solving nonce!
switching to IN_COMM
Handler: secure connection with the client established.
{ id: 13,
  remoteAddress: '::ffff:10.0.1.61:34298',
  status: 'open' }
disconnected from auth
received secure communication!
Received seqNum: 0
data received from server via secure communication
Handler: socketID: 13 data: data1
toSend: { data: <Buffer 64 61 74 61 31>, id: 13 }
specified socketID: 13
Unidentified client disconnected
Handler: secure connection with the client closed.
socket #12 closed
Unidentified client connected
received session key handshake1
switching to HANDSHAKE_1_RECEIVED state.
session key id: 40300616
session key NOT found! sending session key id to AuthService
Distribution protocol: TCP
connected to auth! from local port 36492
received auth hello!
{ authId: 403, nonce: <Buffer 44 49 15 cd 9a 34 35 34> }
received session key response encrypted with distribution key
replyNonce in sessionKeyResp: <Buffer 54 47 92 b1 76 31 fe 1b>
auth nonce verified
handleSessionKeyResp: session key request succeeded! authFailureCount: 0
received 1 keys
Session key id is as expected
server ret: [object Object]
chosen nonce: <Buffer 20 3c b1 14 ea 75 b9 56>
switching to HANDSHAKE_2_SENT
received session key handshake3!
{ replyNonce: <Buffer 20 3c b1 14 ea 75 b9 56> }
client authenticated/authorized by solving nonce!
switching to IN_COMM
Handler: secure connection with the client established.
{ id: 14,
  remoteAddress: '::ffff:10.0.1.60:40222',
  status: 'open' }
disconnected from auth
received secure communication!
Received seqNum: 0
data received from server via secure communication
Handler: socketID: 14 data: data1
toSend: { data: <Buffer 64 61 74 61 31>, id: 14 }
specified socketID: 14
Unidentified client disconnected
Handler: secure connection with the client closed.
socket #13 closed
Unidentified client connected
received session key handshake1
switching to HANDSHAKE_1_RECEIVED state.
session key id: 40300617
session key NOT found! sending session key id to AuthService
Distribution protocol: TCP
connected to auth! from local port 36504
Handler: Error in server - details: Disconnected from auth before getting session key response
Handler: Error in server - details: handshake2 timed out...
Unidentified client disconnected
Handler: Error in server - details: Closed during comm init from undefined:undefined
Handler: Error in server - details: Auth hello timedout ...
Unidentified client disconnected
Handler: secure connection with the client closed.
socket #14 closed
Unidentified client connected
received session key handshake1
switching to HANDSHAKE_1_RECEIVED state.
session key id: 40101214
session key NOT found! sending session key id to AuthService
Distribution protocol: TCP
failure in connection with Auth : authFailureCount: 1
Handler: Error in server - details: Error occurred in session key request: Error: connect EHOSTUNREACH 10.0.1.3:21100
Handler: Error in server - details: handshake2 timed out...
Unidentified client disconnected
Handler: Error in server - details: Closed during comm init from undefined:undefined
Handler: Error in server - details: Auth hello timedout ...
Unidentified client connected
received session key handshake1
switching to HANDSHAKE_1_RECEIVED state.
session key id: 40101225
session key NOT found! sending session key id to AuthService
Distribution protocol: TCP
failure in connection with Auth : authFailureCount: 2
failure count reached threshold (2), try migration...
In iotAuth.js migrateToTrustedAuth: 
In iotAuthService.js sendMigrationReqViaTCP: 
Handler: Error in server - details: Error occurred in session key request: Error: connect EHOSTUNREACH 10.0.1.3:21100
connected to auth! from local port 55908
Handler: Error in server - details: handshake2 timed out...
Unidentified client disconnected
Handler: Error in server - details: Closed during comm init from undefined:undefined
Handler: Error in server - details: Auth hello timedout ...
failure in migration to another Auth : migrationFailureCount: 1
Handler: Error in server - details: Error occurred in migration request: Auth hello timedout ...
Unidentified client connected
received session key handshake1
switching to HANDSHAKE_1_RECEIVED state.
session key id: 40101236
session key NOT found! sending session key id to AuthService
Distribution protocol: TCP
failure in connection with Auth : authFailureCount: 3
failure count reached threshold (2), try migration...
In iotAuth.js migrateToTrustedAuth: 
In iotAuthService.js sendMigrationReqViaTCP: 
Handler: Error in server - details: Error occurred in session key request: Error: connect EHOSTUNREACH 10.0.1.3:21100
connected to auth! from local port 56104
Handler: Error in server - details: handshake2 timed out...
received auth hello!
{ authId: 502, nonce: <Buffer e1 21 76 5e a1 2a 68 80> }
received an Auth alert!
failure in migration to another Auth : migrationFailureCount: 2
Handler: Error in server - details: Error occurred in migration request: received an Auth alert! code: 1
disconnected from auth
Unidentified client disconnected
Handler: Error in server - details: Closed during comm init from undefined:undefined
Handler: Error in server - details: Auth hello timedout ...
Unidentified client connected
received session key handshake1
switching to HANDSHAKE_1_RECEIVED state.
session key id: 40101247
session key NOT found! sending session key id to AuthService
Distribution protocol: TCP
failure in connection with Auth : authFailureCount: 4
failure count reached threshold (2), try migration...
reached migration failure threshold, rotate migration info index from: 0
to: 1
Failed to migrate! host/port of current Auth is the same as host of the Auth which we migrate to
Handler: Error in server - details: Error occurred in session key request: Error: connect EHOSTUNREACH 10.0.1.3:21100
Handler: Error in server - details: handshake2 timed out...
Unidentified client disconnected
Handler: Error in server - details: Closed during comm init from undefined:undefined
Handler: Error in server - details: Auth hello timedout ...
Unidentified client connected
received session key handshake1
switching to HANDSHAKE_1_RECEIVED state.
session key id: 40101259
session key NOT found! sending session key id to AuthService
Distribution protocol: TCP
failure in connection with Auth : authFailureCount: 5
failure count reached threshold (2), try migration...
Failed to migrate! host/port of current Auth is the same as host of the Auth which we migrate to
Handler: Error in server - details: Error occurred in session key request: Error: connect EHOSTUNREACH 10.0.1.3:21100
Handler: Error in server - details: handshake2 timed out...
received auth hello!
{ authId: 502, nonce: <Buffer e8 11 a0 14 28 c9 58 dc> }
failure in migration to another Auth : migrationFailureCount: 1
Handler: Error in server - details: Error occurred in migration request: Error: write after end
disconnected from auth
Unidentified client disconnected
Handler: Error in server - details: Closed during comm init from undefined:undefined
Unidentified client connected
received session key handshake1
switching to HANDSHAKE_1_RECEIVED state.
session key id: 40101271
session key NOT found! sending session key id to AuthService
Distribution protocol: TCP
failure in connection with Auth : authFailureCount: 6
failure count reached threshold (2), try migration...
Failed to migrate! host/port of current Auth is the same as host of the Auth which we migrate to
Handler: Error in server - details: Error occurred in session key request: Error: connect EHOSTUNREACH 10.0.1.3:21100
failure in migration to another Auth : migrationFailureCount: 2
Handler: Error in server - details: Error occurred in migration request: Connection with Auth timed out...
Handler: Error in server - details: handshake2 timed out...
Unidentified client disconnected
Handler: Error in server - details: Closed during comm init from undefined:undefined
Handler: Error in server - details: Auth hello timedout ...
Unidentified client connected
received session key handshake1
switching to HANDSHAKE_1_RECEIVED state.
session key id: 40101283
session key NOT found! sending session key id to AuthService
Distribution protocol: TCP
failure in connection with Auth : authFailureCount: 7
failure count reached threshold (2), try migration...
reached migration failure threshold, rotate migration info index from: 1
to: 0
In iotAuth.js migrateToTrustedAuth: 
In iotAuthService.js sendMigrationReqViaTCP: 
Handler: Error in server - details: Error occurred in session key request: Error: connect EHOSTUNREACH 10.0.1.3:21100
connected to auth! from local port 56824
Handler: Error in server - details: handshake2 timed out...
received auth hello!
{ authId: 502, nonce: <Buffer 51 7d 79 2d 17 29 d4 99> }
received an Auth alert!
failure in migration to another Auth : migrationFailureCount: 1
Handler: Error in server - details: Error occurred in migration request: received an Auth alert! code: 1
disconnected from auth
Unidentified client disconnected
Handler: Error in server - details: Closed during comm init from undefined:undefined
Handler: Error in server - details: Auth hello timedout ...
Unidentified client connected
received session key handshake1
switching to HANDSHAKE_1_RECEIVED state.
session key id: 40101294
session key NOT found! sending session key id to AuthService
Distribution protocol: TCP
failure in connection with Auth : authFailureCount: 8
failure count reached threshold (2), try migration...
In iotAuth.js migrateToTrustedAuth: 
In iotAuthService.js sendMigrationReqViaTCP: 
Handler: Error in server - details: Error occurred in session key request: Error: connect EHOSTUNREACH 10.0.1.3:21100
connected to auth! from local port 57000
Handler: Error in server - details: handshake2 timed out...
Unidentified client disconnected
Handler: Error in server - details: Closed during comm init from undefined:undefined
Handler: Error in server - details: Auth hello timedout ...
failure in migration to another Auth : migrationFailureCount: 2
Handler: Error in server - details: Error occurred in migration request: Auth hello timedout ...
Unidentified client connected
received session key handshake1
switching to HANDSHAKE_1_RECEIVED state.
session key id: 40101306
session key NOT found! sending session key id to AuthService
Distribution protocol: TCP
failure in connection with Auth : authFailureCount: 9
failure count reached threshold (2), try migration...
reached migration failure threshold, rotate migration info index from: 0
to: 1
Failed to migrate! host/port of current Auth is the same as host of the Auth which we migrate to
Handler: Error in server - details: Error occurred in session key request: Error: connect EHOSTUNREACH 10.0.1.3:21100
Handler: Error in server - details: handshake2 timed out...
Unidentified client disconnected
Handler: Error in server - details: Closed during comm init from undefined:undefined
Handler: Error in server - details: Auth hello timedout ...
Unidentified client connected
received session key handshake1
switching to HANDSHAKE_1_RECEIVED state.
session key id: 40101318
session key NOT found! sending session key id to AuthService
Distribution protocol: TCP
failure in connection with Auth : authFailureCount: 10
failure count reached threshold (2), try migration...
Failed to migrate! host/port of current Auth is the same as host of the Auth which we migrate to
Handler: Error in server - details: Error occurred in session key request: Error: connect EHOSTUNREACH 10.0.1.3:21100
Handler: Error in server - details: handshake2 timed out...
Unidentified client disconnected
Handler: Error in server - details: Closed during comm init from undefined:undefined
Handler: Error in server - details: Auth hello timedout ...
Unidentified client connected
received session key handshake1
switching to HANDSHAKE_1_RECEIVED state.
session key id: 40101331
session key NOT found! sending session key id to AuthService
Distribution protocol: TCP
failure in connection with Auth : authFailureCount: 11
failure count reached threshold (2), try migration...
Failed to migrate! host/port of current Auth is the same as host of the Auth which we migrate to
Handler: Error in server - details: Error occurred in session key request: Error: connect EHOSTUNREACH 10.0.1.3:21100
Handler: Error in server - details: handshake2 timed out...
Unidentified client disconnected
Handler: Error in server - details: Closed during comm init from undefined:undefined
Handler: Error in server - details: Auth hello timedout ...
Unidentified client connected
received session key handshake1
switching to HANDSHAKE_1_RECEIVED state.
session key id: 40101344
session key NOT found! sending session key id to AuthService
Distribution protocol: TCP
failure in connection with Auth : authFailureCount: 12
failure count reached threshold (2), try migration...
Failed to migrate! host/port of current Auth is the same as host of the Auth which we migrate to
Handler: Error in server - details: Error occurred in session key request: Error: connect EHOSTUNREACH 10.0.1.3:21100
Handler: Error in server - details: handshake2 timed out...
Unidentified client disconnected
Handler: Error in server - details: Closed during comm init from undefined:undefined
Handler: Error in server - details: Auth hello timedout ...
Unidentified client connected
received session key handshake1
switching to HANDSHAKE_1_RECEIVED state.
session key id: 40101357
session key NOT found! sending session key id to AuthService
Distribution protocol: TCP
failure in connection with Auth : authFailureCount: 13
failure count reached threshold (2), try migration...
Failed to migrate! host/port of current Auth is the same as host of the Auth which we migrate to
Handler: Error in server - details: Error occurred in session key request: Error: connect EHOSTUNREACH 10.0.1.3:21100
Handler: Error in server - details: handshake2 timed out...
Unidentified client disconnected
Handler: Error in server - details: Closed during comm init from undefined:undefined
Handler: Error in server - details: Auth hello timedout ...
Unidentified client connected
received session key handshake1
switching to HANDSHAKE_1_RECEIVED state.
session key id: 40101370
session key NOT found! sending session key id to AuthService
Distribution protocol: TCP
failure in connection with Auth : authFailureCount: 14
failure count reached threshold (2), try migration...
Failed to migrate! host/port of current Auth is the same as host of the Auth which we migrate to
Handler: Error in server - details: Error occurred in session key request: Error: connect EHOSTUNREACH 10.0.1.3:21100
Handler: Error in server - details: handshake2 timed out...
received auth hello!
{ authId: 502, nonce: <Buffer 9e b5 aa a3 bd 21 bf 3b> }
failure in migration to another Auth : migrationFailureCount: 1
Handler: Error in server - details: Error occurred in migration request: Error: write after end
Unidentified client disconnected
Handler: Error in server - details: Closed during comm init from undefined:undefined
disconnected from auth
Unidentified client connected
received session key handshake1
switching to HANDSHAKE_1_RECEIVED state.
session key id: 40101383
session key NOT found! sending session key id to AuthService
Distribution protocol: TCP
failure in connection with Auth : authFailureCount: 15
failure count reached threshold (2), try migration...
Failed to migrate! host/port of current Auth is the same as host of the Auth which we migrate to
Handler: Error in server - details: Error occurred in session key request: Error: connect EHOSTUNREACH 10.0.1.3:21100
Handler: Error in server - details: handshake2 timed out...
failure in migration to another Auth : migrationFailureCount: 2
Handler: Error in server - details: Error occurred in migration request: Connection with Auth timed out...
Unidentified client disconnected
Handler: Error in server - details: Closed during comm init from undefined:undefined
Handler: Error in server - details: Auth hello timedout ...
Unidentified client connected
received session key handshake1
switching to HANDSHAKE_1_RECEIVED state.
session key id: 40101396
session key NOT found! sending session key id to AuthService
Distribution protocol: TCP
failure in connection with Auth : authFailureCount: 16
failure count reached threshold (2), try migration...
reached migration failure threshold, rotate migration info index from: 1
to: 0
In iotAuth.js migrateToTrustedAuth: 
In iotAuthService.js sendMigrationReqViaTCP: 
Handler: Error in server - details: Error occurred in session key request: Error: connect EHOSTUNREACH 10.0.1.3:21100
connected to auth! from local port 58310
Handler: Error in server - details: handshake2 timed out...
received auth hello!
{ authId: 502, nonce: <Buffer d3 05 b8 d0 5e 7a c9 ec> }
received an Auth alert!
failure in migration to another Auth : migrationFailureCount: 1
Handler: Error in server - details: Error occurred in migration request: received an Auth alert! code: 1
disconnected from auth
Unidentified client disconnected
Handler: Error in server - details: Closed during comm init from undefined:undefined
Handler: Error in server - details: Auth hello timedout ...
