changing working directory to: /home/hokeunkim/Development/iotauth/entity/node/example_entities
loading from config file: /home/hokeunkim/Development/iotauth_experiments/experiments/ccs2017/expOptions/expEntity.option
Experimental options for echoServer: { autoSendPeriod: 60000,
  useSameSessionKeyCount: 1,
  connectionTimeout: 50000,
  migrationEnabled: true,
  authFailureThreshold: 2,
  migrationFailureThreshold: 2 }
loading from config file: /home/hokeunkim/Development/iotauth/entity/node/example_entities/configs/Servers/s414.config
initializing secure comm server...
Session protocol: TCP
current parameters: { migrationEnabled: true,
  authFailureThreshold: 3,
  migrationFailureThreshold: 3 }
current parameters: { migrationEnabled: true,
  authFailureThreshold: 2,
  migrationFailureThreshold: 3 }
current parameters: { migrationEnabled: true,
  authFailureThreshold: 2,
  migrationFailureThreshold: 2 }
current entityInfo: { name: 's414',
  group: 'Servers',
  distProtocol: 'TCP',
  usePermanentDistKey: false,
  connectionTimeout: 50000,
  privateKey: <Buffer 2d 2d 2d 2d 2d 42 45 47 49 4e 20 52 53 41 20 50 52 49 56 41 54 45 20 4b 45 59 2d 2d 2d 2d 2d 0a 4d 49 49 45 6f 67 49 42 41 41 4b 43 41 51 45 41 6e 45 ... > }
Handler: listening on port 22100
s414:Servers prompt>
Unidentified client connected
received session key handshake1
switching to HANDSHAKE_1_RECEIVED state.
session key id: 40300335
session key NOT found! sending session key id to AuthService
Distribution protocol: TCP
connected to auth! from local port 39930
received auth hello!
{ authId: 403, nonce: <Buffer 7f 37 9b a5 5e 40 0d 8e> }
received session key response with distribution key attached!
auth signature verified
replyNonce in sessionKeyResp: <Buffer f0 82 41 65 5a 7e d8 00>
auth nonce verified
handleSessionKeyResp: session key request succeeded! authFailureCount: 0
updating distribution key: { cipherKeyVal: <Buffer 54 78 5c 6a 78 03 0d 86 bc 85 eb 91 f9 70 d7 d8>,
  macKeyVal: <Buffer 61 9f 2f 1b a1 45 f4 90 f8 96 93 9c 64 fc 74 c4 0b b6 04 81 df c8 b5 0a 57 06 59 28 f1 ba d6 b4>,
  absValidity: 2018-03-21T06:47:38.388Z }
received 1 keys
Session key id is as expected
server ret: [object Object]
chosen nonce: <Buffer 13 a8 f9 e5 6f 4e 96 f2>
switching to HANDSHAKE_2_SENT
received session key handshake3!
{ replyNonce: <Buffer 13 a8 f9 e5 6f 4e 96 f2> }
client authenticated/authorized by solving nonce!
switching to IN_COMM
Handler: secure connection with the client established.
{ id: 0,
  remoteAddress: '::ffff:10.0.1.56:40736',
  status: 'open' }
disconnected from auth
received secure communication!
Received seqNum: 0
data received from server via secure communication
Handler: socketID: 0 data: data1
toSend: { data: <Buffer 64 61 74 61 31>, id: 0 }
specified socketID: 0
Unidentified client disconnected
Handler: secure connection with the client closed.
socket #0 closed
Unidentified client connected
received session key handshake1
switching to HANDSHAKE_1_RECEIVED state.
session key id: 40300341
session key NOT found! sending session key id to AuthService
Distribution protocol: TCP
connected to auth! from local port 40122
received auth hello!
{ authId: 403, nonce: <Buffer 25 fc d4 6b 82 f7 39 9d> }
received session key response encrypted with distribution key
replyNonce in sessionKeyResp: <Buffer c0 05 aa 16 51 3b 98 70>
auth nonce verified
handleSessionKeyResp: session key request succeeded! authFailureCount: 0
received 1 keys
Session key id is as expected
server ret: [object Object]
chosen nonce: <Buffer a5 19 e8 0f df 36 35 01>
switching to HANDSHAKE_2_SENT
disconnected from auth
received session key handshake3!
{ replyNonce: <Buffer a5 19 e8 0f df 36 35 01> }
client authenticated/authorized by solving nonce!
switching to IN_COMM
Handler: secure connection with the client established.
{ id: 1,
  remoteAddress: '::ffff:10.0.1.56:40928',
  status: 'open' }
received secure communication!
Received seqNum: 0
data received from server via secure communication
Handler: socketID: 1 data: data1
toSend: { data: <Buffer 64 61 74 61 31>, id: 1 }
specified socketID: 1
Unidentified client disconnected
Handler: secure connection with the client closed.
socket #1 closed
Unidentified client connected
received session key handshake1
switching to HANDSHAKE_1_RECEIVED state.
session key id: 40300347
session key NOT found! sending session key id to AuthService
Distribution protocol: TCP
connected to auth! from local port 40394
received auth hello!
{ authId: 403, nonce: <Buffer 17 bb 55 77 90 e9 3a 71> }
received session key response encrypted with distribution key
replyNonce in sessionKeyResp: <Buffer d4 a7 4d 6e 92 d4 4b ca>
auth nonce verified
handleSessionKeyResp: session key request succeeded! authFailureCount: 0
received 1 keys
Session key id is as expected
server ret: [object Object]
chosen nonce: <Buffer ec fd 4e 3f 06 e6 9b cf>
switching to HANDSHAKE_2_SENT
disconnected from auth
received session key handshake3!
{ replyNonce: <Buffer ec fd 4e 3f 06 e6 9b cf> }
client authenticated/authorized by solving nonce!
switching to IN_COMM
Handler: secure connection with the client established.
{ id: 2,
  remoteAddress: '::ffff:10.0.1.56:41200',
  status: 'open' }
received secure communication!
Received seqNum: 0
data received from server via secure communication
Handler: socketID: 2 data: data1
toSend: { data: <Buffer 64 61 74 61 31>, id: 2 }
specified socketID: 2
Unidentified client disconnected
Handler: secure connection with the client closed.
socket #2 closed
Unidentified client connected
received session key handshake1
switching to HANDSHAKE_1_RECEIVED state.
session key id: 40300353
session key NOT found! sending session key id to AuthService
Distribution protocol: TCP
connected to auth! from local port 40664
received auth hello!
{ authId: 403, nonce: <Buffer 41 55 51 7c 32 f7 f5 d4> }
received session key response encrypted with distribution key
replyNonce in sessionKeyResp: <Buffer a8 3f 6b b8 82 26 82 ce>
auth nonce verified
handleSessionKeyResp: session key request succeeded! authFailureCount: 0
received 1 keys
Session key id is as expected
server ret: [object Object]
chosen nonce: <Buffer 41 ca 28 1b 99 f7 e3 03>
switching to HANDSHAKE_2_SENT
disconnected from auth
received session key handshake3!
{ replyNonce: <Buffer 41 ca 28 1b 99 f7 e3 03> }
client authenticated/authorized by solving nonce!
switching to IN_COMM
Handler: secure connection with the client established.
{ id: 3,
  remoteAddress: '::ffff:10.0.1.56:41470',
  status: 'open' }
received secure communication!
Received seqNum: 0
data received from server via secure communication
Handler: socketID: 3 data: data1
toSend: { data: <Buffer 64 61 74 61 31>, id: 3 }
specified socketID: 3
Unidentified client disconnected
Handler: secure connection with the client closed.
socket #3 closed
Unidentified client connected
received session key handshake1
switching to HANDSHAKE_1_RECEIVED state.
session key id: 40300359
session key NOT found! sending session key id to AuthService
Distribution protocol: TCP
connected to auth! from local port 40934
received auth hello!
{ authId: 403, nonce: <Buffer d5 91 95 f0 77 cc 71 0f> }
received session key response encrypted with distribution key
replyNonce in sessionKeyResp: <Buffer 31 78 cf a5 05 1e 66 e5>
auth nonce verified
handleSessionKeyResp: session key request succeeded! authFailureCount: 0
received 1 keys
Session key id is as expected
server ret: [object Object]
chosen nonce: <Buffer f2 b2 8e 91 27 9c 65 b3>
switching to HANDSHAKE_2_SENT
disconnected from auth
received session key handshake3!
{ replyNonce: <Buffer f2 b2 8e 91 27 9c 65 b3> }
client authenticated/authorized by solving nonce!
switching to IN_COMM
Handler: secure connection with the client established.
{ id: 4,
  remoteAddress: '::ffff:10.0.1.56:41740',
  status: 'open' }
received secure communication!
Received seqNum: 0
data received from server via secure communication
Handler: socketID: 4 data: data1
toSend: { data: <Buffer 64 61 74 61 31>, id: 4 }
specified socketID: 4
Unidentified client disconnected
Handler: secure connection with the client closed.
socket #4 closed
Unidentified client connected
received session key handshake1
switching to HANDSHAKE_1_RECEIVED state.
session key id: 40300365
session key NOT found! sending session key id to AuthService
Distribution protocol: TCP
connected to auth! from local port 41204
received auth hello!
{ authId: 403, nonce: <Buffer 3c 50 5d 41 c1 f9 55 61> }
received session key response encrypted with distribution key
replyNonce in sessionKeyResp: <Buffer a9 8c 58 6a 8c b8 1f de>
auth nonce verified
handleSessionKeyResp: session key request succeeded! authFailureCount: 0
received 1 keys
Session key id is as expected
server ret: [object Object]
chosen nonce: <Buffer 0d bf 8c 43 21 fe 75 60>
switching to HANDSHAKE_2_SENT
disconnected from auth
received session key handshake3!
{ replyNonce: <Buffer 0d bf 8c 43 21 fe 75 60> }
client authenticated/authorized by solving nonce!
switching to IN_COMM
Handler: secure connection with the client established.
{ id: 5,
  remoteAddress: '::ffff:10.0.1.56:42010',
  status: 'open' }
received secure communication!
Received seqNum: 0
data received from server via secure communication
Handler: socketID: 5 data: data1
toSend: { data: <Buffer 64 61 74 61 31>, id: 5 }
specified socketID: 5
Unidentified client disconnected
Handler: secure connection with the client closed.
socket #5 closed
Unidentified client connected
received session key handshake1
switching to HANDSHAKE_1_RECEIVED state.
session key id: 40300371
session key NOT found! sending session key id to AuthService
Distribution protocol: TCP
connected to auth! from local port 41474
received auth hello!
{ authId: 403, nonce: <Buffer 11 40 67 13 43 d0 9e 5f> }
received session key response encrypted with distribution key
replyNonce in sessionKeyResp: <Buffer 6f cc 10 9e fa 6c 98 d1>
auth nonce verified
handleSessionKeyResp: session key request succeeded! authFailureCount: 0
received 1 keys
Session key id is as expected
server ret: [object Object]
chosen nonce: <Buffer 3c 35 f6 7e ae 9d 6f 73>
switching to HANDSHAKE_2_SENT
disconnected from auth
received session key handshake3!
{ replyNonce: <Buffer 3c 35 f6 7e ae 9d 6f 73> }
client authenticated/authorized by solving nonce!
switching to IN_COMM
Handler: secure connection with the client established.
{ id: 6,
  remoteAddress: '::ffff:10.0.1.56:42280',
  status: 'open' }
received secure communication!
Received seqNum: 0
data received from server via secure communication
Handler: socketID: 6 data: data1
toSend: { data: <Buffer 64 61 74 61 31>, id: 6 }
specified socketID: 6
Unidentified client disconnected
Handler: secure connection with the client closed.
socket #6 closed
Unidentified client connected
received session key handshake1
switching to HANDSHAKE_1_RECEIVED state.
session key id: 40300377
session key NOT found! sending session key id to AuthService
Distribution protocol: TCP
connected to auth! from local port 41740
received auth hello!
{ authId: 403, nonce: <Buffer d8 ed ee 44 b0 8c f8 3f> }
received session key response encrypted with distribution key
replyNonce in sessionKeyResp: <Buffer ac da 5d d3 84 47 92 32>
auth nonce verified
handleSessionKeyResp: session key request succeeded! authFailureCount: 0
received 1 keys
Session key id is as expected
server ret: [object Object]
chosen nonce: <Buffer 5a cb d5 9e ab 3e af fb>
switching to HANDSHAKE_2_SENT
disconnected from auth
received session key handshake3!
{ replyNonce: <Buffer 5a cb d5 9e ab 3e af fb> }
client authenticated/authorized by solving nonce!
switching to IN_COMM
Handler: secure connection with the client established.
{ id: 7,
  remoteAddress: '::ffff:10.0.1.56:42546',
  status: 'open' }
received secure communication!
Received seqNum: 0
data received from server via secure communication
Handler: socketID: 7 data: data1
toSend: { data: <Buffer 64 61 74 61 31>, id: 7 }
specified socketID: 7
Unidentified client disconnected
Handler: secure connection with the client closed.
socket #7 closed
Unidentified client connected
received session key handshake1
switching to HANDSHAKE_1_RECEIVED state.
session key id: 40300383
session key NOT found! sending session key id to AuthService
Distribution protocol: TCP
connected to auth! from local port 41926
received auth hello!
{ authId: 403, nonce: <Buffer 79 e7 a5 f8 e4 8b 3f 8a> }
received session key response encrypted with distribution key
replyNonce in sessionKeyResp: <Buffer 52 0b 1e 70 33 4a b3 4c>
auth nonce verified
handleSessionKeyResp: session key request succeeded! authFailureCount: 0
received 1 keys
Session key id is as expected
server ret: [object Object]
chosen nonce: <Buffer 1d 6a b4 ac e3 62 71 d3>
switching to HANDSHAKE_2_SENT
disconnected from auth
received session key handshake3!
{ replyNonce: <Buffer 1d 6a b4 ac e3 62 71 d3> }
client authenticated/authorized by solving nonce!
switching to IN_COMM
Handler: secure connection with the client established.
{ id: 8,
  remoteAddress: '::ffff:10.0.1.56:42732',
  status: 'open' }
received secure communication!
Received seqNum: 0
data received from server via secure communication
Handler: socketID: 8 data: data1
toSend: { data: <Buffer 64 61 74 61 31>, id: 8 }
specified socketID: 8
Unidentified client disconnected
Handler: secure connection with the client closed.
socket #8 closed
Unidentified client connected
received session key handshake1
switching to HANDSHAKE_1_RECEIVED state.
session key id: 40300389
session key NOT found! sending session key id to AuthService
Distribution protocol: TCP
connected to auth! from local port 42154
received auth hello!
{ authId: 403, nonce: <Buffer 66 f1 e1 48 88 e3 a9 a3> }
received session key response encrypted with distribution key
replyNonce in sessionKeyResp: <Buffer ca 81 0b e9 ec 2b 61 5b>
auth nonce verified
handleSessionKeyResp: session key request succeeded! authFailureCount: 0
received 1 keys
Session key id is as expected
server ret: [object Object]
chosen nonce: <Buffer 9d bc a6 75 72 7e c5 bb>
switching to HANDSHAKE_2_SENT
received session key handshake3!
{ replyNonce: <Buffer 9d bc a6 75 72 7e c5 bb> }
client authenticated/authorized by solving nonce!
switching to IN_COMM
Handler: secure connection with the client established.
{ id: 9,
  remoteAddress: '::ffff:10.0.1.56:42960',
  status: 'open' }
disconnected from auth
received secure communication!
Received seqNum: 0
data received from server via secure communication
Handler: socketID: 9 data: data1
toSend: { data: <Buffer 64 61 74 61 31>, id: 9 }
specified socketID: 9
Unidentified client disconnected
Handler: secure connection with the client closed.
socket #9 closed
Unidentified client connected
received session key handshake1
switching to HANDSHAKE_1_RECEIVED state.
session key id: 40300400
session key NOT found! sending session key id to AuthService
Distribution protocol: TCP
connected to auth! from local port 42430
received auth hello!
{ authId: 403, nonce: <Buffer f0 62 55 b2 62 b4 22 56> }
received session key response encrypted with distribution key
replyNonce in sessionKeyResp: <Buffer 8a 8d 82 06 38 47 9a ba>
auth nonce verified
handleSessionKeyResp: session key request succeeded! authFailureCount: 0
received 1 keys
Session key id is as expected
server ret: [object Object]
chosen nonce: <Buffer e9 bf 01 e9 3c ab 1a 6f>
switching to HANDSHAKE_2_SENT
disconnected from auth
received session key handshake3!
{ replyNonce: <Buffer e9 bf 01 e9 3c ab 1a 6f> }
client authenticated/authorized by solving nonce!
switching to IN_COMM
Handler: secure connection with the client established.
{ id: 10,
  remoteAddress: '::ffff:10.0.1.56:43236',
  status: 'open' }
received secure communication!
Received seqNum: 0
data received from server via secure communication
Handler: socketID: 10 data: data1
toSend: { data: <Buffer 64 61 74 61 31>, id: 10 }
specified socketID: 10
Unidentified client disconnected
Handler: secure connection with the client closed.
socket #10 closed
Unidentified client connected
received session key handshake1
switching to HANDSHAKE_1_RECEIVED state.
session key id: 40300411
session key NOT found! sending session key id to AuthService
Distribution protocol: TCP
connected to auth! from local port 42726
received auth hello!
{ authId: 403, nonce: <Buffer b5 93 b1 18 7a e8 3d bb> }
received session key response encrypted with distribution key
replyNonce in sessionKeyResp: <Buffer 71 1b 48 a6 70 e6 5a fc>
auth nonce verified
handleSessionKeyResp: session key request succeeded! authFailureCount: 0
received 1 keys
Session key id is as expected
server ret: [object Object]
chosen nonce: <Buffer 0a 34 9b 13 3d ae c2 2d>
switching to HANDSHAKE_2_SENT
disconnected from auth
received session key handshake3!
{ replyNonce: <Buffer 0a 34 9b 13 3d ae c2 2d> }
client authenticated/authorized by solving nonce!
switching to IN_COMM
Handler: secure connection with the client established.
{ id: 11,
  remoteAddress: '::ffff:10.0.1.56:43532',
  status: 'open' }
received secure communication!
Received seqNum: 0
data received from server via secure communication
Handler: socketID: 11 data: data1
toSend: { data: <Buffer 64 61 74 61 31>, id: 11 }
specified socketID: 11
Unidentified client disconnected
Handler: secure connection with the client closed.
socket #11 closed
Unidentified client connected
received session key handshake1
switching to HANDSHAKE_1_RECEIVED state.
session key id: 40300422
session key NOT found! sending session key id to AuthService
Distribution protocol: TCP
connected to auth! from local port 42990
received auth hello!
{ authId: 403, nonce: <Buffer c0 05 ca b7 fa 0e 0b e8> }
received session key response encrypted with distribution key
replyNonce in sessionKeyResp: <Buffer dc 53 ae ec f8 6c 66 63>
auth nonce verified
handleSessionKeyResp: session key request succeeded! authFailureCount: 0
received 1 keys
Session key id is as expected
server ret: [object Object]
chosen nonce: <Buffer 89 65 a1 a6 24 df a4 a4>
switching to HANDSHAKE_2_SENT
received session key handshake3!
{ replyNonce: <Buffer 89 65 a1 a6 24 df a4 a4> }
client authenticated/authorized by solving nonce!
switching to IN_COMM
Handler: secure connection with the client established.
{ id: 12,
  remoteAddress: '::ffff:10.0.1.56:43796',
  status: 'open' }
disconnected from auth
received secure communication!
Received seqNum: 0
data received from server via secure communication
Handler: socketID: 12 data: data1
toSend: { data: <Buffer 64 61 74 61 31>, id: 12 }
specified socketID: 12
Unidentified client disconnected
Handler: secure connection with the client closed.
socket #12 closed
Unidentified client connected
received session key handshake1
switching to HANDSHAKE_1_RECEIVED state.
session key id: 40300433
session key NOT found! sending session key id to AuthService
Distribution protocol: TCP
connected to auth! from local port 43256
received auth hello!
{ authId: 403, nonce: <Buffer 37 0a 8f d4 5d 35 0b 63> }
received session key response encrypted with distribution key
replyNonce in sessionKeyResp: <Buffer ff 9b 5c e7 3a 47 67 db>
auth nonce verified
handleSessionKeyResp: session key request succeeded! authFailureCount: 0
received 1 keys
Session key id is as expected
server ret: [object Object]
chosen nonce: <Buffer 72 bb 2f 2c b4 0d 2c b9>
switching to HANDSHAKE_2_SENT
disconnected from auth
received session key handshake3!
{ replyNonce: <Buffer 72 bb 2f 2c b4 0d 2c b9> }
client authenticated/authorized by solving nonce!
switching to IN_COMM
Handler: secure connection with the client established.
{ id: 13,
  remoteAddress: '::ffff:10.0.1.56:44062',
  status: 'open' }
received secure communication!
Received seqNum: 0
data received from server via secure communication
Handler: socketID: 13 data: data1
toSend: { data: <Buffer 64 61 74 61 31>, id: 13 }
specified socketID: 13
Unidentified client disconnected
Handler: secure connection with the client closed.
socket #13 closed
Unidentified client connected
received session key handshake1
switching to HANDSHAKE_1_RECEIVED state.
session key id: 40300444
session key NOT found! sending session key id to AuthService
Distribution protocol: TCP
connected to auth! from local port 43522
received auth hello!
{ authId: 403, nonce: <Buffer c5 fa 0a 8b 45 b2 a8 af> }
received session key response encrypted with distribution key
replyNonce in sessionKeyResp: <Buffer ea 56 2d 43 cf 74 db 89>
auth nonce verified
handleSessionKeyResp: session key request succeeded! authFailureCount: 0
received 1 keys
Session key id is as expected
server ret: [object Object]
chosen nonce: <Buffer 55 59 5f 80 f0 c3 28 83>
switching to HANDSHAKE_2_SENT
disconnected from auth
received session key handshake3!
{ replyNonce: <Buffer 55 59 5f 80 f0 c3 28 83> }
client authenticated/authorized by solving nonce!
switching to IN_COMM
Handler: secure connection with the client established.
{ id: 14,
  remoteAddress: '::ffff:10.0.1.56:44328',
  status: 'open' }
received secure communication!
Received seqNum: 0
data received from server via secure communication
Handler: socketID: 14 data: data1
toSend: { data: <Buffer 64 61 74 61 31>, id: 14 }
specified socketID: 14
Unidentified client disconnected
Handler: secure connection with the client closed.
socket #14 closed
Unidentified client connected
received session key handshake1
switching to HANDSHAKE_1_RECEIVED state.
session key id: 40300455
session key NOT found! sending session key id to AuthService
Distribution protocol: TCP
connected to auth! from local port 43784
received auth hello!
{ authId: 403, nonce: <Buffer dd 71 36 2a 06 08 d3 1f> }
received session key response encrypted with distribution key
replyNonce in sessionKeyResp: <Buffer 0f 93 25 48 b3 f2 db fe>
auth nonce verified
handleSessionKeyResp: session key request succeeded! authFailureCount: 0
received 1 keys
Session key id is as expected
server ret: [object Object]
chosen nonce: <Buffer 36 aa 2a 66 75 94 8c e0>
switching to HANDSHAKE_2_SENT
received session key handshake3!
{ replyNonce: <Buffer 36 aa 2a 66 75 94 8c e0> }
client authenticated/authorized by solving nonce!
switching to IN_COMM
Handler: secure connection with the client established.
{ id: 15,
  remoteAddress: '::ffff:10.0.1.56:44590',
  status: 'open' }
disconnected from auth
received secure communication!
Received seqNum: 0
data received from server via secure communication
Handler: socketID: 15 data: data1
toSend: { data: <Buffer 64 61 74 61 31>, id: 15 }
specified socketID: 15
Unidentified client disconnected
Handler: secure connection with the client closed.
socket #15 closed
Unidentified client connected
received session key handshake1
switching to HANDSHAKE_1_RECEIVED state.
session key id: 40300466
session key NOT found! sending session key id to AuthService
Distribution protocol: TCP
connected to auth! from local port 44050
received auth hello!
{ authId: 403, nonce: <Buffer 2a f2 3a 47 6d 7e 9d ca> }
received session key response encrypted with distribution key
replyNonce in sessionKeyResp: <Buffer 46 08 e3 55 d6 f8 26 f9>
auth nonce verified
handleSessionKeyResp: session key request succeeded! authFailureCount: 0
received 1 keys
Session key id is as expected
server ret: [object Object]
chosen nonce: <Buffer 9e 84 51 27 64 a8 4c d6>
switching to HANDSHAKE_2_SENT
disconnected from auth
received session key handshake3!
{ replyNonce: <Buffer 9e 84 51 27 64 a8 4c d6> }
client authenticated/authorized by solving nonce!
switching to IN_COMM
Handler: secure connection with the client established.
{ id: 16,
  remoteAddress: '::ffff:10.0.1.56:44856',
  status: 'open' }
received secure communication!
Received seqNum: 0
data received from server via secure communication
Handler: socketID: 16 data: data1
toSend: { data: <Buffer 64 61 74 61 31>, id: 16 }
specified socketID: 16
Unidentified client disconnected
Handler: secure connection with the client closed.
socket #16 closed
Unidentified client connected
received session key handshake1
switching to HANDSHAKE_1_RECEIVED state.
session key id: 40300477
session key NOT found! sending session key id to AuthService
Distribution protocol: TCP
connected to auth! from local port 44316
received auth hello!
{ authId: 403, nonce: <Buffer 36 9e 60 26 a1 68 95 a9> }
received session key response encrypted with distribution key
replyNonce in sessionKeyResp: <Buffer f2 14 1d b1 f2 73 f1 6e>
auth nonce verified
handleSessionKeyResp: session key request succeeded! authFailureCount: 0
received 1 keys
Session key id is as expected
server ret: [object Object]
chosen nonce: <Buffer 9e 74 80 5d b5 4a b7 98>
switching to HANDSHAKE_2_SENT
disconnected from auth
received session key handshake3!
{ replyNonce: <Buffer 9e 74 80 5d b5 4a b7 98> }
client authenticated/authorized by solving nonce!
switching to IN_COMM
Handler: secure connection with the client established.
{ id: 17,
  remoteAddress: '::ffff:10.0.1.56:45122',
  status: 'open' }
received secure communication!
Received seqNum: 0
data received from server via secure communication
Handler: socketID: 17 data: data1
toSend: { data: <Buffer 64 61 74 61 31>, id: 17 }
specified socketID: 17
Unidentified client disconnected
Handler: secure connection with the client closed.
socket #17 closed
Unidentified client connected
received session key handshake1
switching to HANDSHAKE_1_RECEIVED state.
session key id: 40300488
session key NOT found! sending session key id to AuthService
Distribution protocol: TCP
connected to auth! from local port 44586
received auth hello!
{ authId: 403, nonce: <Buffer 8f 2b 05 1a f2 f7 44 82> }
received session key response encrypted with distribution key
replyNonce in sessionKeyResp: <Buffer 5f 7f 57 51 e8 0a 2f 90>
auth nonce verified
handleSessionKeyResp: session key request succeeded! authFailureCount: 0
received 1 keys
Session key id is as expected
server ret: [object Object]
chosen nonce: <Buffer ff ee cf 9d 14 36 90 bb>
switching to HANDSHAKE_2_SENT
received session key handshake3!
{ replyNonce: <Buffer ff ee cf 9d 14 36 90 bb> }
client authenticated/authorized by solving nonce!
switching to IN_COMM
Handler: secure connection with the client established.
{ id: 18,
  remoteAddress: '::ffff:10.0.1.56:45392',
  status: 'open' }
disconnected from auth
received secure communication!
Received seqNum: 0
data received from server via secure communication
Handler: socketID: 18 data: data1
toSend: { data: <Buffer 64 61 74 61 31>, id: 18 }
specified socketID: 18
Unidentified client disconnected
Handler: secure connection with the client closed.
socket #18 closed
Unidentified client connected
received session key handshake1
switching to HANDSHAKE_1_RECEIVED state.
session key id: 40300499
session key NOT found! sending session key id to AuthService
Distribution protocol: TCP
connected to auth! from local port 44852
received auth hello!
{ authId: 403, nonce: <Buffer 7b 47 c9 55 81 57 8c a6> }
received session key response encrypted with distribution key
replyNonce in sessionKeyResp: <Buffer 22 71 f5 77 c2 f4 07 47>
auth nonce verified
handleSessionKeyResp: session key request succeeded! authFailureCount: 0
received 1 keys
Session key id is as expected
server ret: [object Object]
chosen nonce: <Buffer 6e 22 b5 fc a4 32 2f 37>
switching to HANDSHAKE_2_SENT
disconnected from auth
received session key handshake3!
{ replyNonce: <Buffer 6e 22 b5 fc a4 32 2f 37> }
client authenticated/authorized by solving nonce!
switching to IN_COMM
Handler: secure connection with the client established.
{ id: 19,
  remoteAddress: '::ffff:10.0.1.56:45658',
  status: 'open' }
received secure communication!
Received seqNum: 0
data received from server via secure communication
Handler: socketID: 19 data: data1
toSend: { data: <Buffer 64 61 74 61 31>, id: 19 }
specified socketID: 19
Unidentified client disconnected
Handler: secure connection with the client closed.
socket #19 closed
Unidentified client connected
received session key handshake1
switching to HANDSHAKE_1_RECEIVED state.
session key id: 40300510
session key NOT found! sending session key id to AuthService
Distribution protocol: TCP
connected to auth! from local port 45118
received auth hello!
{ authId: 403, nonce: <Buffer bd 4e a9 3a 7a 25 25 73> }
received session key response encrypted with distribution key
replyNonce in sessionKeyResp: <Buffer 51 10 31 0a fb 85 9f 57>
auth nonce verified
handleSessionKeyResp: session key request succeeded! authFailureCount: 0
received 1 keys
Session key id is as expected
server ret: [object Object]
chosen nonce: <Buffer 9f 77 a5 18 67 94 aa b7>
switching to HANDSHAKE_2_SENT
disconnected from auth
received session key handshake3!
{ replyNonce: <Buffer 9f 77 a5 18 67 94 aa b7> }
client authenticated/authorized by solving nonce!
switching to IN_COMM
Handler: secure connection with the client established.
{ id: 20,
  remoteAddress: '::ffff:10.0.1.56:45924',
  status: 'open' }
received secure communication!
Received seqNum: 0
data received from server via secure communication
Handler: socketID: 20 data: data1
toSend: { data: <Buffer 64 61 74 61 31>, id: 20 }
specified socketID: 20
Unidentified client disconnected
Handler: secure connection with the client closed.
socket #20 closed
Unidentified client connected
received session key handshake1
switching to HANDSHAKE_1_RECEIVED state.
session key id: 40300521
session key NOT found! sending session key id to AuthService
Distribution protocol: TCP
connected to auth! from local port 45384
received auth hello!
{ authId: 403, nonce: <Buffer a7 eb 61 82 db 8b 92 14> }
received session key response encrypted with distribution key
replyNonce in sessionKeyResp: <Buffer f4 23 de c9 d4 fc 2b b2>
auth nonce verified
handleSessionKeyResp: session key request succeeded! authFailureCount: 0
received 1 keys
Session key id is as expected
server ret: [object Object]
chosen nonce: <Buffer f8 ef 2f 3d 36 e9 ec cf>
switching to HANDSHAKE_2_SENT
disconnected from auth
received session key handshake3!
{ replyNonce: <Buffer f8 ef 2f 3d 36 e9 ec cf> }
client authenticated/authorized by solving nonce!
switching to IN_COMM
Handler: secure connection with the client established.
{ id: 21,
  remoteAddress: '::ffff:10.0.1.56:46190',
  status: 'open' }
received secure communication!
Received seqNum: 0
data received from server via secure communication
Handler: socketID: 21 data: data1
toSend: { data: <Buffer 64 61 74 61 31>, id: 21 }
specified socketID: 21
Unidentified client disconnected
Handler: secure connection with the client closed.
socket #21 closed
Unidentified client connected
received session key handshake1
switching to HANDSHAKE_1_RECEIVED state.
session key id: 40300532
session key NOT found! sending session key id to AuthService
Distribution protocol: TCP
connected to auth! from local port 45650
received auth hello!
{ authId: 403, nonce: <Buffer a3 9c 3d 6d bb 1d fa da> }
received session key response encrypted with distribution key
replyNonce in sessionKeyResp: <Buffer 39 29 6c 0d e6 45 5f bf>
auth nonce verified
handleSessionKeyResp: session key request succeeded! authFailureCount: 0
received 1 keys
Session key id is as expected
server ret: [object Object]
chosen nonce: <Buffer ef 5b e5 7d 7a f3 b2 91>
switching to HANDSHAKE_2_SENT
received session key handshake3!
{ replyNonce: <Buffer ef 5b e5 7d 7a f3 b2 91> }
client authenticated/authorized by solving nonce!
switching to IN_COMM
Handler: secure connection with the client established.
{ id: 22,
  remoteAddress: '::ffff:10.0.1.56:46456',
  status: 'open' }
disconnected from auth
received secure communication!
Received seqNum: 0
data received from server via secure communication
Handler: socketID: 22 data: data1
toSend: { data: <Buffer 64 61 74 61 31>, id: 22 }
specified socketID: 22
Unidentified client disconnected
Handler: secure connection with the client closed.
socket #22 closed
Unidentified client connected
received session key handshake1
switching to HANDSHAKE_1_RECEIVED state.
session key id: 40300543
session key NOT found! sending session key id to AuthService
Distribution protocol: TCP
connected to auth! from local port 45916
received auth hello!
{ authId: 403, nonce: <Buffer b8 4b 39 b6 cc 2d a1 38> }
received session key response encrypted with distribution key
replyNonce in sessionKeyResp: <Buffer d7 01 52 7b 8f 5b 61 44>
auth nonce verified
handleSessionKeyResp: session key request succeeded! authFailureCount: 0
received 1 keys
Session key id is as expected
server ret: [object Object]
chosen nonce: <Buffer 15 09 d3 16 3f cb 2d 9f>
switching to HANDSHAKE_2_SENT
disconnected from auth
received session key handshake3!
{ replyNonce: <Buffer 15 09 d3 16 3f cb 2d 9f> }
client authenticated/authorized by solving nonce!
switching to IN_COMM
Handler: secure connection with the client established.
{ id: 23,
  remoteAddress: '::ffff:10.0.1.56:46722',
  status: 'open' }
received secure communication!
Received seqNum: 0
data received from server via secure communication
Handler: socketID: 23 data: data1
toSend: { data: <Buffer 64 61 74 61 31>, id: 23 }
specified socketID: 23
Unidentified client disconnected
Handler: secure connection with the client closed.
socket #23 closed
Unidentified client connected
received session key handshake1
switching to HANDSHAKE_1_RECEIVED state.
session key id: 40300554
session key NOT found! sending session key id to AuthService
Distribution protocol: TCP
connected to auth! from local port 46182
received auth hello!
{ authId: 403, nonce: <Buffer 08 39 bc 25 b8 ae 3e 1e> }
received session key response encrypted with distribution key
replyNonce in sessionKeyResp: <Buffer 57 da 27 73 d4 5b 40 02>
auth nonce verified
handleSessionKeyResp: session key request succeeded! authFailureCount: 0
received 1 keys
Session key id is as expected
server ret: [object Object]
chosen nonce: <Buffer 5f 49 72 ba 17 38 b5 14>
switching to HANDSHAKE_2_SENT
received session key handshake3!
{ replyNonce: <Buffer 5f 49 72 ba 17 38 b5 14> }
client authenticated/authorized by solving nonce!
switching to IN_COMM
Handler: secure connection with the client established.
{ id: 24,
  remoteAddress: '::ffff:10.0.1.56:46988',
  status: 'open' }
disconnected from auth
received secure communication!
Received seqNum: 0
data received from server via secure communication
Handler: socketID: 24 data: data1
toSend: { data: <Buffer 64 61 74 61 31>, id: 24 }
specified socketID: 24
Unidentified client disconnected
Handler: secure connection with the client closed.
socket #24 closed
Unidentified client connected
received session key handshake1
switching to HANDSHAKE_1_RECEIVED state.
session key id: 40300565
session key NOT found! sending session key id to AuthService
Distribution protocol: TCP
connected to auth! from local port 46448
received auth hello!
{ authId: 403, nonce: <Buffer ec c9 e2 7d f7 71 26 f2> }
received session key response encrypted with distribution key
replyNonce in sessionKeyResp: <Buffer 95 98 6f 4c 07 b1 dc f5>
auth nonce verified
handleSessionKeyResp: session key request succeeded! authFailureCount: 0
received 1 keys
Session key id is as expected
server ret: [object Object]
chosen nonce: <Buffer fd 28 de a8 13 9b de d8>
switching to HANDSHAKE_2_SENT
received session key handshake3!
{ replyNonce: <Buffer fd 28 de a8 13 9b de d8> }
client authenticated/authorized by solving nonce!
switching to IN_COMM
Handler: secure connection with the client established.
{ id: 25,
  remoteAddress: '::ffff:10.0.1.56:47254',
  status: 'open' }
disconnected from auth
received secure communication!
Received seqNum: 0
data received from server via secure communication
Handler: socketID: 25 data: data1
toSend: { data: <Buffer 64 61 74 61 31>, id: 25 }
specified socketID: 25
Unidentified client disconnected
Handler: secure connection with the client closed.
socket #25 closed
Unidentified client connected
received session key handshake1
switching to HANDSHAKE_1_RECEIVED state.
session key id: 40300576
session key NOT found! sending session key id to AuthService
Distribution protocol: TCP
connected to auth! from local port 46714
received auth hello!
{ authId: 403, nonce: <Buffer c7 bb ad 6a 9e ff 01 4e> }
received session key response encrypted with distribution key
replyNonce in sessionKeyResp: <Buffer f0 f2 7f f3 72 5f ad 7a>
auth nonce verified
handleSessionKeyResp: session key request succeeded! authFailureCount: 0
received 1 keys
Session key id is as expected
server ret: [object Object]
chosen nonce: <Buffer a0 0a 55 b6 0f 08 d8 16>
switching to HANDSHAKE_2_SENT
disconnected from auth
received session key handshake3!
{ replyNonce: <Buffer a0 0a 55 b6 0f 08 d8 16> }
client authenticated/authorized by solving nonce!
switching to IN_COMM
Handler: secure connection with the client established.
{ id: 26,
  remoteAddress: '::ffff:10.0.1.56:47520',
  status: 'open' }
received secure communication!
Received seqNum: 0
data received from server via secure communication
Handler: socketID: 26 data: data1
toSend: { data: <Buffer 64 61 74 61 31>, id: 26 }
specified socketID: 26
Unidentified client disconnected
Handler: secure connection with the client closed.
socket #26 closed
Unidentified client connected
received session key handshake1
switching to HANDSHAKE_1_RECEIVED state.
session key id: 40300587
session key NOT found! sending session key id to AuthService
Distribution protocol: TCP
connected to auth! from local port 46980
received auth hello!
{ authId: 403, nonce: <Buffer a2 c6 61 89 2d bd a6 cb> }
received session key response encrypted with distribution key
replyNonce in sessionKeyResp: <Buffer 5f dc f7 8a 67 3e f7 d0>
auth nonce verified
handleSessionKeyResp: session key request succeeded! authFailureCount: 0
received 1 keys
Session key id is as expected
server ret: [object Object]
chosen nonce: <Buffer 02 1c 7d 35 b5 10 4e dc>
switching to HANDSHAKE_2_SENT
disconnected from auth
received session key handshake3!
{ replyNonce: <Buffer 02 1c 7d 35 b5 10 4e dc> }
client authenticated/authorized by solving nonce!
switching to IN_COMM
Handler: secure connection with the client established.
{ id: 27,
  remoteAddress: '::ffff:10.0.1.56:47786',
  status: 'open' }
received secure communication!
Received seqNum: 0
data received from server via secure communication
Handler: socketID: 27 data: data1
toSend: { data: <Buffer 64 61 74 61 31>, id: 27 }
specified socketID: 27
Unidentified client disconnected
Handler: secure connection with the client closed.
socket #27 closed
