changing working directory to: /home/hokeunkim/Development/iotauth/entity/node/example_entities
loading from config file: /home/hokeunkim/Development/iotauth_experiments/experiments/ccs2017/expOptions/expEntity.option
Experimental options for autoClient: { autoSendPeriod: 60000,
  useSameSessionKeyCount: 1,
  connectionTimeout: 50000,
  migrationEnabled: true,
  authFailureThreshold: 2,
  migrationFailureThreshold: 2 }
loading from config file: /home/hokeunkim/Development/iotauth/entity/node/example_entities/configs/Clients/c418.config
initializing...
current parameters: { numKeysPerRequest: 3,
  migrationEnabled: false,
  authFailureThreshold: 3,
  migrationFailureThreshold: 3 }
current parameters: { numKeysPerRequest: 1,
  migrationEnabled: false,
  authFailureThreshold: 3,
  migrationFailureThreshold: 3 }
current parameters: { numKeysPerRequest: 1,
  migrationEnabled: true,
  authFailureThreshold: 3,
  migrationFailureThreshold: 3 }
current parameters: { numKeysPerRequest: 1,
  migrationEnabled: true,
  authFailureThreshold: 2,
  migrationFailureThreshold: 3 }
current parameters: { numKeysPerRequest: 1,
  migrationEnabled: true,
  authFailureThreshold: 2,
  migrationFailureThreshold: 2 }
current entityInfo: { name: 'c418',
  group: 'Clients',
  distProtocol: 'TCP',
  usePermanentDistKey: false,
  connectionTimeout: 50000,
  privateKey: <Buffer 2d 2d 2d 2d 2d 42 45 47 49 4e 20 52 53 41 20 50 52 49 56 41 54 45 20 4b 45 59 2d 2d 2d 2d 2d 0a 4d 49 49 45 70 41 49 42 41 41 4b 43 41 51 45 41 72 77 ... > }
Distribution protocol: TCP
Resp-actual/expected/ratio/ts: 0 1 0 1521619347112
connected to auth! from local port 49210
received auth hello!
{ authId: 403, nonce: <Buffer ac 45 37 72 c9 de 89 86> }
received session key response with distribution key attached!
auth signature verified
replyNonce in sessionKeyResp: <Buffer a0 d3 58 29 9c 32 5e 97>
auth nonce verified
handleSessionKeyResp: session key request succeeded! authFailureCount: 0
updating distribution key: { cipherKeyVal: <Buffer 42 03 23 64 f4 fb 23 b8 25 ca 87 a3 63 9b f3 be>,
  macKeyVal: <Buffer ef 20 73 0a 51 94 49 85 cf 6f 53 85 6d c3 70 ae a0 9a 88 6d eb 1a b4 67 c8 d1 7b f6 1e 65 b3 97>,
  absValidity: 2018-03-21T09:02:27.295Z }
received 1 keys
currentSessionKey: [object Object]
Session protocol: TCP
chosen commSessionKey: 
{ id: 40300698,
  cipherKeyVal: <Buffer 86 21 cc 1b 9b 23 e5 ea 9b 42 e4 e9 3e 18 d9 14>,
  macKeyVal: <Buffer d8 8b 6d 52 f0 6b 82 c8 a6 50 e8 91 b7 4b c5 88 6e a4 f2 ce cc 23 c5 bd f3 9f 15 d5 d8 9b 2b cb>,
  absValidity: 2018-03-22T08:02:27.295Z,
  relValidity: 7200000 }
options
{ serverHost: '10.0.1.23',
  serverPort: 22100,
  sessionKey: 
   { id: 40300698,
     cipherKeyVal: <Buffer 86 21 cc 1b 9b 23 e5 ea 9b 42 e4 e9 3e 18 d9 14>,
     macKeyVal: <Buffer d8 8b 6d 52 f0 6b 82 c8 a6 50 e8 91 b7 4b c5 88 6e a4 f2 ce cc 23 c5 bd f3 9f 15 d5 d8 9b 2b cb>,
     absValidity: 2018-03-22T08:02:27.295Z,
     relValidity: 7200000 },
  sessionCryptoSpec: { cipher: 'AES-128-CBC', mac: 'SHA256' },
  sessionProtocol: 'TCP',
  handshakeTimeout: 50000 }
chosen nonce: <Buffer 8e 61 93 42 fa 3c e4 91>
switching to HANDSHAKE_1_SENT
disconnected from auth
received session key handshake2!
client ret: [object Object]
server authenticated/authorized by solving nonce!
Handler: communication initialization succeeded
file data length: 1024
sending at Wed Mar 21 2018 08:02:29 GMT+0000 (UTC)
switching to IN_COMM
received secure communication message!
Received seqNum: 0
Handler: data received from server via secure communication
data1
Resp-actual/expected/ratio/ts: 1 1 1 1521619349673
Distribution protocol: TCP
Resp-actual/expected/ratio/ts: 1 2 0.5 1521619407156
connected to auth! from local port 49422
received auth hello!
{ authId: 403, nonce: <Buffer 32 6a c2 2d 95 75 9a b2> }
received session key response encrypted with distribution key
replyNonce in sessionKeyResp: <Buffer a9 5a b4 a0 0b 3e f7 fb>
auth nonce verified
handleSessionKeyResp: session key request succeeded! authFailureCount: 0
received 1 keys
currentSessionKey: [object Object]
Status: Secure connection closed before starting a new connection.
Session protocol: TCP
chosen commSessionKey: 
{ id: 40300704,
  cipherKeyVal: <Buffer e1 fb ab 80 f5 5a d2 c9 e6 f7 a6 c2 b8 35 94 be>,
  macKeyVal: <Buffer b9 6a 7e 5b ab f8 9e 7c a9 1c 55 49 90 7a ba f3 11 a2 02 d5 0f e9 ec 73 35 db 9d eb e6 06 68 0a>,
  absValidity: 2018-03-22T08:03:27.344Z,
  relValidity: 7200000 }
options
{ serverHost: '10.0.1.23',
  serverPort: 22100,
  sessionKey: 
   { id: 40300704,
     cipherKeyVal: <Buffer e1 fb ab 80 f5 5a d2 c9 e6 f7 a6 c2 b8 35 94 be>,
     macKeyVal: <Buffer b9 6a 7e 5b ab f8 9e 7c a9 1c 55 49 90 7a ba f3 11 a2 02 d5 0f e9 ec 73 35 db 9d eb e6 06 68 0a>,
     absValidity: 2018-03-22T08:03:27.344Z,
     relValidity: 7200000 },
  sessionCryptoSpec: { cipher: 'AES-128-CBC', mac: 'SHA256' },
  sessionProtocol: 'TCP',
  handshakeTimeout: 50000 }
chosen nonce: <Buffer 71 6e bf 6e 0a 8d b9 2d>
switching to HANDSHAKE_1_SENT
disconnected from auth
Handler: secure connection with the server closed.
received session key handshake2!
client ret: [object Object]
server authenticated/authorized by solving nonce!
Handler: communication initialization succeeded
file data length: 1024
sending at Wed Mar 21 2018 08:03:29 GMT+0000 (UTC)
switching to IN_COMM
received secure communication message!
Received seqNum: 0
Handler: data received from server via secure communication
data1
Resp-actual/expected/ratio/ts: 2 2 1 1521619409699
Distribution protocol: TCP
Resp-actual/expected/ratio/ts: 2 3 0.6666666666666666 1521619467190
connected to auth! from local port 49694
received auth hello!
{ authId: 403, nonce: <Buffer 52 08 b1 6d 6e f8 ba dd> }
received session key response encrypted with distribution key
replyNonce in sessionKeyResp: <Buffer 46 72 9d ce cd cf 54 a0>
auth nonce verified
handleSessionKeyResp: session key request succeeded! authFailureCount: 0
received 1 keys
currentSessionKey: [object Object]
Status: Secure connection closed before starting a new connection.
Session protocol: TCP
chosen commSessionKey: 
{ id: 40300710,
  cipherKeyVal: <Buffer a1 e2 8f ae 8f ad 40 ec 16 bb 10 89 9d a9 dd 40>,
  macKeyVal: <Buffer 65 9b ce be 6b 92 ef 66 09 2f 08 34 b6 52 7a 90 14 78 76 b8 b7 d9 eb ce 5b 4b 00 a7 65 3e 9f 0d>,
  absValidity: 2018-03-22T08:04:27.367Z,
  relValidity: 7200000 }
options
{ serverHost: '10.0.1.23',
  serverPort: 22100,
  sessionKey: 
   { id: 40300710,
     cipherKeyVal: <Buffer a1 e2 8f ae 8f ad 40 ec 16 bb 10 89 9d a9 dd 40>,
     macKeyVal: <Buffer 65 9b ce be 6b 92 ef 66 09 2f 08 34 b6 52 7a 90 14 78 76 b8 b7 d9 eb ce 5b 4b 00 a7 65 3e 9f 0d>,
     absValidity: 2018-03-22T08:04:27.367Z,
     relValidity: 7200000 },
  sessionCryptoSpec: { cipher: 'AES-128-CBC', mac: 'SHA256' },
  sessionProtocol: 'TCP',
  handshakeTimeout: 50000 }
chosen nonce: <Buffer 7a 23 94 e5 4c 62 5d 90>
switching to HANDSHAKE_1_SENT
disconnected from auth
Handler: secure connection with the server closed.
received session key handshake2!
client ret: [object Object]
server authenticated/authorized by solving nonce!
Handler: communication initialization succeeded
file data length: 1024
sending at Wed Mar 21 2018 08:04:29 GMT+0000 (UTC)
switching to IN_COMM
received secure communication message!
Received seqNum: 0
Handler: data received from server via secure communication
data1
Resp-actual/expected/ratio/ts: 3 3 1 1521619469753
Distribution protocol: TCP
Resp-actual/expected/ratio/ts: 3 4 0.75 1521619527247
connected to auth! from local port 49964
received auth hello!
{ authId: 403, nonce: <Buffer d5 b2 2f 88 3e 2f a5 fe> }
received session key response encrypted with distribution key
replyNonce in sessionKeyResp: <Buffer 96 b0 4e 51 5b dd f4 cc>
auth nonce verified
handleSessionKeyResp: session key request succeeded! authFailureCount: 0
received 1 keys
currentSessionKey: [object Object]
Status: Secure connection closed before starting a new connection.
Session protocol: TCP
chosen commSessionKey: 
{ id: 40300716,
  cipherKeyVal: <Buffer 46 73 1f 7b 04 fe a0 4c f7 88 9f 11 de 4b 5c 99>,
  macKeyVal: <Buffer 82 43 0b 10 ac 9d 8a 1f 33 c8 36 f2 89 a1 c1 29 19 5d 43 ce 00 2a ac cf cf a7 81 1d 6d 64 8b d7>,
  absValidity: 2018-03-22T08:05:27.419Z,
  relValidity: 7200000 }
options
{ serverHost: '10.0.1.23',
  serverPort: 22100,
  sessionKey: 
   { id: 40300716,
     cipherKeyVal: <Buffer 46 73 1f 7b 04 fe a0 4c f7 88 9f 11 de 4b 5c 99>,
     macKeyVal: <Buffer 82 43 0b 10 ac 9d 8a 1f 33 c8 36 f2 89 a1 c1 29 19 5d 43 ce 00 2a ac cf cf a7 81 1d 6d 64 8b d7>,
     absValidity: 2018-03-22T08:05:27.419Z,
     relValidity: 7200000 },
  sessionCryptoSpec: { cipher: 'AES-128-CBC', mac: 'SHA256' },
  sessionProtocol: 'TCP',
  handshakeTimeout: 50000 }
chosen nonce: <Buffer d3 70 76 fa 80 26 51 4f>
switching to HANDSHAKE_1_SENT
disconnected from auth
Handler: secure connection with the server closed.
received session key handshake2!
client ret: [object Object]
server authenticated/authorized by solving nonce!
Handler: communication initialization succeeded
file data length: 1024
sending at Wed Mar 21 2018 08:05:29 GMT+0000 (UTC)
switching to IN_COMM
received secure communication message!
Received seqNum: 0
Handler: data received from server via secure communication
data1
Resp-actual/expected/ratio/ts: 4 4 1 1521619529764
Distribution protocol: TCP
Resp-actual/expected/ratio/ts: 4 5 0.8 1521619587290
connected to auth! from local port 50234
received auth hello!
{ authId: 403, nonce: <Buffer a2 7c eb 9e 2d 58 bd 43> }
received session key response encrypted with distribution key
replyNonce in sessionKeyResp: <Buffer 49 b4 11 23 a7 1b 64 40>
auth nonce verified
handleSessionKeyResp: session key request succeeded! authFailureCount: 0
received 1 keys
currentSessionKey: [object Object]
Status: Secure connection closed before starting a new connection.
Session protocol: TCP
chosen commSessionKey: 
{ id: 40300722,
  cipherKeyVal: <Buffer f8 b9 28 c0 2f 3d 54 14 2e d8 08 8e e7 33 96 3b>,
  macKeyVal: <Buffer dc e6 08 32 66 3b 04 56 07 eb 03 da 2b cc bf 64 32 1e 67 1d ef c2 95 dd 1b c8 73 68 cd 18 ff 6c>,
  absValidity: 2018-03-22T08:06:27.492Z,
  relValidity: 7200000 }
options
{ serverHost: '10.0.1.23',
  serverPort: 22100,
  sessionKey: 
   { id: 40300722,
     cipherKeyVal: <Buffer f8 b9 28 c0 2f 3d 54 14 2e d8 08 8e e7 33 96 3b>,
     macKeyVal: <Buffer dc e6 08 32 66 3b 04 56 07 eb 03 da 2b cc bf 64 32 1e 67 1d ef c2 95 dd 1b c8 73 68 cd 18 ff 6c>,
     absValidity: 2018-03-22T08:06:27.492Z,
     relValidity: 7200000 },
  sessionCryptoSpec: { cipher: 'AES-128-CBC', mac: 'SHA256' },
  sessionProtocol: 'TCP',
  handshakeTimeout: 50000 }
chosen nonce: <Buffer a3 54 d7 24 69 a1 96 0e>
switching to HANDSHAKE_1_SENT
disconnected from auth
Handler: secure connection with the server closed.
received session key handshake2!
client ret: [object Object]
server authenticated/authorized by solving nonce!
Handler: communication initialization succeeded
file data length: 1024
sending at Wed Mar 21 2018 08:06:29 GMT+0000 (UTC)
switching to IN_COMM
received secure communication message!
Received seqNum: 0
Handler: data received from server via secure communication
data1
Resp-actual/expected/ratio/ts: 5 5 1 1521619589848
Distribution protocol: TCP
Resp-actual/expected/ratio/ts: 5 6 0.8333333333333334 1521619647335
connected to auth! from local port 50504
received auth hello!
{ authId: 403, nonce: <Buffer 57 bf c2 c3 f2 fe d3 25> }
received session key response encrypted with distribution key
replyNonce in sessionKeyResp: <Buffer 4f 8f 0b f3 ae 8c cf 1b>
auth nonce verified
handleSessionKeyResp: session key request succeeded! authFailureCount: 0
received 1 keys
currentSessionKey: [object Object]
Status: Secure connection closed before starting a new connection.
Session protocol: TCP
chosen commSessionKey: 
{ id: 40300728,
  cipherKeyVal: <Buffer 41 8d 4c 40 eb 6c ee 06 e0 e9 1e d2 c3 79 fa cc>,
  macKeyVal: <Buffer d4 d0 ed 9b 24 e8 87 43 7f 6d 4a 4f aa 55 8d a6 bf e7 87 ac 63 6e 89 7f 99 77 a9 24 31 70 f7 97>,
  absValidity: 2018-03-22T08:07:27.510Z,
  relValidity: 7200000 }
options
{ serverHost: '10.0.1.23',
  serverPort: 22100,
  sessionKey: 
   { id: 40300728,
     cipherKeyVal: <Buffer 41 8d 4c 40 eb 6c ee 06 e0 e9 1e d2 c3 79 fa cc>,
     macKeyVal: <Buffer d4 d0 ed 9b 24 e8 87 43 7f 6d 4a 4f aa 55 8d a6 bf e7 87 ac 63 6e 89 7f 99 77 a9 24 31 70 f7 97>,
     absValidity: 2018-03-22T08:07:27.510Z,
     relValidity: 7200000 },
  sessionCryptoSpec: { cipher: 'AES-128-CBC', mac: 'SHA256' },
  sessionProtocol: 'TCP',
  handshakeTimeout: 50000 }
chosen nonce: <Buffer c3 9b 1d 94 96 08 c9 f9>
switching to HANDSHAKE_1_SENT
disconnected from auth
Handler: secure connection with the server closed.
received session key handshake2!
client ret: [object Object]
server authenticated/authorized by solving nonce!
Handler: communication initialization succeeded
file data length: 1024
sending at Wed Mar 21 2018 08:07:29 GMT+0000 (UTC)
switching to IN_COMM
received secure communication message!
Received seqNum: 0
Handler: data received from server via secure communication
data1
Resp-actual/expected/ratio/ts: 6 6 1 1521619649890
Distribution protocol: TCP
Resp-actual/expected/ratio/ts: 6 7 0.8571428571428571 1521619707392
connected to auth! from local port 50774
received auth hello!
{ authId: 403, nonce: <Buffer fa fa 65 23 2d 6a 35 24> }
received session key response encrypted with distribution key
replyNonce in sessionKeyResp: <Buffer 1b c3 63 51 d3 66 a4 ad>
auth nonce verified
handleSessionKeyResp: session key request succeeded! authFailureCount: 0
received 1 keys
currentSessionKey: [object Object]
Status: Secure connection closed before starting a new connection.
Session protocol: TCP
chosen commSessionKey: 
{ id: 40300734,
  cipherKeyVal: <Buffer 62 5b 6d 6b 77 e3 72 03 d4 e4 12 ad 0e 70 a5 aa>,
  macKeyVal: <Buffer df dd ef 36 03 a1 e5 43 c4 3c 6e ef 49 0d bc b3 de 3d 2b ff 10 c8 5d 2d 11 cf aa 6b 64 ba fc 70>,
  absValidity: 2018-03-22T08:08:27.539Z,
  relValidity: 7200000 }
options
{ serverHost: '10.0.1.23',
  serverPort: 22100,
  sessionKey: 
   { id: 40300734,
     cipherKeyVal: <Buffer 62 5b 6d 6b 77 e3 72 03 d4 e4 12 ad 0e 70 a5 aa>,
     macKeyVal: <Buffer df dd ef 36 03 a1 e5 43 c4 3c 6e ef 49 0d bc b3 de 3d 2b ff 10 c8 5d 2d 11 cf aa 6b 64 ba fc 70>,
     absValidity: 2018-03-22T08:08:27.539Z,
     relValidity: 7200000 },
  sessionCryptoSpec: { cipher: 'AES-128-CBC', mac: 'SHA256' },
  sessionProtocol: 'TCP',
  handshakeTimeout: 50000 }
chosen nonce: <Buffer 6e e2 02 f5 8d 0d 7e e2>
switching to HANDSHAKE_1_SENT
disconnected from auth
Handler: secure connection with the server closed.
received session key handshake2!
client ret: [object Object]
server authenticated/authorized by solving nonce!
Handler: communication initialization succeeded
file data length: 1024
sending at Wed Mar 21 2018 08:08:29 GMT+0000 (UTC)
switching to IN_COMM
received secure communication message!
Received seqNum: 0
Handler: data received from server via secure communication
data1
Resp-actual/expected/ratio/ts: 7 7 1 1521619709948
Distribution protocol: TCP
Resp-actual/expected/ratio/ts: 7 8 0.875 1521619767406
connected to auth! from local port 51040
received auth hello!
{ authId: 403, nonce: <Buffer 1e 53 0a c7 fb 2b 43 28> }
received session key response encrypted with distribution key
replyNonce in sessionKeyResp: <Buffer b7 87 f7 bb 49 f3 ee 6b>
auth nonce verified
handleSessionKeyResp: session key request succeeded! authFailureCount: 0
received 1 keys
currentSessionKey: [object Object]
Status: Secure connection closed before starting a new connection.
Session protocol: TCP
chosen commSessionKey: 
{ id: 40300740,
  cipherKeyVal: <Buffer 7a 7c e9 37 51 38 91 70 a6 ec b5 75 ca 70 eb 9f>,
  macKeyVal: <Buffer 0f a7 4f fa ea 01 f1 63 55 44 6d 10 d8 b1 02 d6 2e 2b dc fe d6 be ac 90 96 e9 98 82 b9 cb 6e 05>,
  absValidity: 2018-03-22T08:09:27.548Z,
  relValidity: 7200000 }
options
{ serverHost: '10.0.1.23',
  serverPort: 22100,
  sessionKey: 
   { id: 40300740,
     cipherKeyVal: <Buffer 7a 7c e9 37 51 38 91 70 a6 ec b5 75 ca 70 eb 9f>,
     macKeyVal: <Buffer 0f a7 4f fa ea 01 f1 63 55 44 6d 10 d8 b1 02 d6 2e 2b dc fe d6 be ac 90 96 e9 98 82 b9 cb 6e 05>,
     absValidity: 2018-03-22T08:09:27.548Z,
     relValidity: 7200000 },
  sessionCryptoSpec: { cipher: 'AES-128-CBC', mac: 'SHA256' },
  sessionProtocol: 'TCP',
  handshakeTimeout: 50000 }
chosen nonce: <Buffer 2c b7 fd e2 40 9b 39 ab>
switching to HANDSHAKE_1_SENT
disconnected from auth
Handler: secure connection with the server closed.
received session key handshake2!
client ret: [object Object]
server authenticated/authorized by solving nonce!
Handler: communication initialization succeeded
file data length: 1024
sending at Wed Mar 21 2018 08:09:29 GMT+0000 (UTC)
switching to IN_COMM
received secure communication message!
Received seqNum: 0
Handler: data received from server via secure communication
data1
Resp-actual/expected/ratio/ts: 8 8 1 1521619769958
Distribution protocol: TCP
Resp-actual/expected/ratio/ts: 8 9 0.8888888888888888 1521619827414
failure in connection with Auth : authFailureCount: 1
Handler: Error in secure comm - details: Error occurred in session key request: Error: connect EHOSTUNREACH 10.0.1.3:21100
Handler: Error in secure comm - details: Auth hello timedout ...
Distribution protocol: TCP
Resp-actual/expected/ratio/ts: 8 10 0.8 1521619887421
failure in connection with Auth : authFailureCount: 2
failure count reached threshold (2), try migration...
Failed to migrate! host/port of current Auth is the same as host of the Auth which we migrate to
Handler: Error in secure comm - details: Error occurred in session key request: Error: connect EHOSTUNREACH 10.0.1.3:21100
Handler: Error in secure comm - details: Auth hello timedout ...
Distribution protocol: TCP
Resp-actual/expected/ratio/ts: 8 11 0.7272727272727273 1521619947432
failure in connection with Auth : authFailureCount: 3
failure count reached threshold (2), try migration...
Failed to migrate! host/port of current Auth is the same as host of the Auth which we migrate to
Handler: Error in secure comm - details: Error occurred in session key request: Error: connect EHOSTUNREACH 10.0.1.3:21100
Handler: Error in secure comm - details: Auth hello timedout ...
Distribution protocol: TCP
Resp-actual/expected/ratio/ts: 8 12 0.6666666666666666 1521620007443
failure in connection with Auth : authFailureCount: 4
failure count reached threshold (2), try migration...
Failed to migrate! host/port of current Auth is the same as host of the Auth which we migrate to
Handler: Error in secure comm - details: Error occurred in session key request: Error: connect EHOSTUNREACH 10.0.1.3:21100
Handler: Error in secure comm - details: Auth hello timedout ...
Distribution protocol: TCP
Resp-actual/expected/ratio/ts: 8 13 0.6153846153846154 1521620067453
failure in connection with Auth : authFailureCount: 5
failure count reached threshold (2), try migration...
Failed to migrate! host/port of current Auth is the same as host of the Auth which we migrate to
Handler: Error in secure comm - details: Error occurred in session key request: Error: connect EHOSTUNREACH 10.0.1.3:21100
Handler: Error in secure comm - details: Auth hello timedout ...
Distribution protocol: TCP
Resp-actual/expected/ratio/ts: 8 14 0.5714285714285714 1521620127461
failure in connection with Auth : authFailureCount: 6
failure count reached threshold (2), try migration...
Failed to migrate! host/port of current Auth is the same as host of the Auth which we migrate to
Handler: Error in secure comm - details: Error occurred in session key request: Error: connect EHOSTUNREACH 10.0.1.3:21100
Handler: Error in secure comm - details: Auth hello timedout ...
Distribution protocol: TCP
Resp-actual/expected/ratio/ts: 8 15 0.5333333333333333 1521620187472
failure in connection with Auth : authFailureCount: 7
failure count reached threshold (2), try migration...
Failed to migrate! host/port of current Auth is the same as host of the Auth which we migrate to
Handler: Error in secure comm - details: Error occurred in session key request: Error: connect EHOSTUNREACH 10.0.1.3:21100
Handler: Error in secure comm - details: Auth hello timedout ...
Distribution protocol: TCP
Resp-actual/expected/ratio/ts: 8 16 0.5 1521620247481
failure in connection with Auth : authFailureCount: 8
failure count reached threshold (2), try migration...
Failed to migrate! host/port of current Auth is the same as host of the Auth which we migrate to
Handler: Error in secure comm - details: Error occurred in session key request: Error: connect EHOSTUNREACH 10.0.1.3:21100
Handler: Error in secure comm - details: Auth hello timedout ...
Distribution protocol: TCP
Resp-actual/expected/ratio/ts: 8 17 0.47058823529411764 1521620307492
failure in connection with Auth : authFailureCount: 9
failure count reached threshold (2), try migration...
Failed to migrate! host/port of current Auth is the same as host of the Auth which we migrate to
Handler: Error in secure comm - details: Error occurred in session key request: Error: connect EHOSTUNREACH 10.0.1.3:21100
Handler: Error in secure comm - details: Auth hello timedout ...
Distribution protocol: TCP
Resp-actual/expected/ratio/ts: 8 18 0.4444444444444444 1521620367502
failure in connection with Auth : authFailureCount: 10
failure count reached threshold (2), try migration...
Failed to migrate! host/port of current Auth is the same as host of the Auth which we migrate to
Handler: Error in secure comm - details: Error occurred in session key request: Error: connect EHOSTUNREACH 10.0.1.3:21100
Handler: Error in secure comm - details: Auth hello timedout ...
Distribution protocol: TCP
Resp-actual/expected/ratio/ts: 8 19 0.42105263157894735 1521620427512
failure in connection with Auth : authFailureCount: 11
failure count reached threshold (2), try migration...
Failed to migrate! host/port of current Auth is the same as host of the Auth which we migrate to
Handler: Error in secure comm - details: Error occurred in session key request: Error: connect EHOSTUNREACH 10.0.1.3:21100
Handler: Error in secure comm - details: Auth hello timedout ...
Distribution protocol: TCP
Resp-actual/expected/ratio/ts: 8 20 0.4 1521620487522
failure in connection with Auth : authFailureCount: 12
failure count reached threshold (2), try migration...
Failed to migrate! host/port of current Auth is the same as host of the Auth which we migrate to
Handler: Error in secure comm - details: Error occurred in session key request: Error: connect EHOSTUNREACH 10.0.1.3:21100
Handler: Error in secure comm - details: Auth hello timedout ...
Distribution protocol: TCP
Resp-actual/expected/ratio/ts: 8 21 0.38095238095238093 1521620547532
failure in connection with Auth : authFailureCount: 13
failure count reached threshold (2), try migration...
Failed to migrate! host/port of current Auth is the same as host of the Auth which we migrate to
Handler: Error in secure comm - details: Error occurred in session key request: Error: connect EHOSTUNREACH 10.0.1.3:21100
Handler: Error in secure comm - details: Auth hello timedout ...
Distribution protocol: TCP
Resp-actual/expected/ratio/ts: 8 22 0.36363636363636365 1521620607542
failure in connection with Auth : authFailureCount: 14
failure count reached threshold (2), try migration...
Failed to migrate! host/port of current Auth is the same as host of the Auth which we migrate to
Handler: Error in secure comm - details: Error occurred in session key request: Error: connect EHOSTUNREACH 10.0.1.3:21100
Handler: Error in secure comm - details: Auth hello timedout ...
Distribution protocol: TCP
Resp-actual/expected/ratio/ts: 8 23 0.34782608695652173 1521620667553
failure in connection with Auth : authFailureCount: 15
failure count reached threshold (2), try migration...
Failed to migrate! host/port of current Auth is the same as host of the Auth which we migrate to
Handler: Error in secure comm - details: Error occurred in session key request: Error: connect EHOSTUNREACH 10.0.1.3:21100
Handler: Error in secure comm - details: Auth hello timedout ...
Distribution protocol: TCP
Resp-actual/expected/ratio/ts: 8 24 0.3333333333333333 1521620727562
failure in connection with Auth : authFailureCount: 16
failure count reached threshold (2), try migration...
Failed to migrate! host/port of current Auth is the same as host of the Auth which we migrate to
Handler: Error in secure comm - details: Error occurred in session key request: Error: connect EHOSTUNREACH 10.0.1.3:21100
Handler: Error in secure comm - details: Auth hello timedout ...
Distribution protocol: TCP
Resp-actual/expected/ratio/ts: 8 25 0.32 1521620787571
failure in connection with Auth : authFailureCount: 17
failure count reached threshold (2), try migration...
Failed to migrate! host/port of current Auth is the same as host of the Auth which we migrate to
Handler: Error in secure comm - details: Error occurred in session key request: Error: connect EHOSTUNREACH 10.0.1.3:21100
Handler: Error in secure comm - details: Auth hello timedout ...
Distribution protocol: TCP
Resp-actual/expected/ratio/ts: 8 26 0.3076923076923077 1521620847581
failure in connection with Auth : authFailureCount: 18
failure count reached threshold (2), try migration...
Failed to migrate! host/port of current Auth is the same as host of the Auth which we migrate to
Handler: Error in secure comm - details: Error occurred in session key request: Error: connect EHOSTUNREACH 10.0.1.3:21100
Handler: Error in secure comm - details: Auth hello timedout ...
Distribution protocol: TCP
Resp-actual/expected/ratio/ts: 8 27 0.2962962962962963 1521620907592
failure in connection with Auth : authFailureCount: 19
failure count reached threshold (2), try migration...
Failed to migrate! host/port of current Auth is the same as host of the Auth which we migrate to
Handler: Error in secure comm - details: Error occurred in session key request: Error: connect EHOSTUNREACH 10.0.1.3:21100
Handler: Error in secure comm - details: Auth hello timedout ...
Distribution protocol: TCP
Resp-actual/expected/ratio/ts: 8 28 0.2857142857142857 1521620967602
failure in connection with Auth : authFailureCount: 20
failure count reached threshold (2), try migration...
Failed to migrate! host/port of current Auth is the same as host of the Auth which we migrate to
Handler: Error in secure comm - details: Error occurred in session key request: Error: connect EHOSTUNREACH 10.0.1.3:21100
Handler: Error in secure comm - details: Auth hello timedout ...
Distribution protocol: TCP
Resp-actual/expected/ratio/ts: 8 29 0.27586206896551724 1521621027612
failure in connection with Auth : authFailureCount: 21
failure count reached threshold (2), try migration...
Failed to migrate! host/port of current Auth is the same as host of the Auth which we migrate to
Handler: Error in secure comm - details: Error occurred in session key request: Error: connect EHOSTUNREACH 10.0.1.3:21100
Handler: Error in secure comm - details: Auth hello timedout ...
