changing working directory to: /home/hokeunkim/Development/iotauth/entity/node/example_entities
loading from config file: /home/hokeunkim/Development/iotauth_experiments/experiments/ccs2017/expOptions/expEntity.option
Experimental options for autoClient: { autoSendPeriod: 60000,
  useSameSessionKeyCount: 1,
  connectionTimeout: 50000,
  migrationEnabled: true,
  authFailureThreshold: 2,
  migrationFailureThreshold: 2 }
loading from config file: /home/hokeunkim/Development/iotauth/entity/node/example_entities/configs/Clients/c404.config
initializing...
current parameters: { numKeysPerRequest: 3,
  migrationEnabled: false,
  authFailureThreshold: 3,
  migrationFailureThreshold: 3 }
current parameters: { numKeysPerRequest: 1,
  migrationEnabled: false,
  authFailureThreshold: 3,
  migrationFailureThreshold: 3 }
current parameters: { numKeysPerRequest: 1,
  migrationEnabled: true,
  authFailureThreshold: 3,
  migrationFailureThreshold: 3 }
current parameters: { numKeysPerRequest: 1,
  migrationEnabled: true,
  authFailureThreshold: 2,
  migrationFailureThreshold: 3 }
current parameters: { numKeysPerRequest: 1,
  migrationEnabled: true,
  authFailureThreshold: 2,
  migrationFailureThreshold: 2 }
current entityInfo: { name: 'c404',
  group: 'Clients',
  distProtocol: 'TCP',
  usePermanentDistKey: false,
  connectionTimeout: 50000,
  privateKey: <Buffer 2d 2d 2d 2d 2d 42 45 47 49 4e 20 52 53 41 20 50 52 49 56 41 54 45 20 4b 45 59 2d 2d 2d 2d 2d 0a 4d 49 49 45 70 41 49 42 41 41 4b 43 41 51 45 41 73 38 ... > }
Distribution protocol: TCP
Resp-actual/expected/ratio/ts: 0 1 0 1521597491122
connected to auth! from local port 41930
received auth hello!
{ authId: 401, nonce: <Buffer 3f 86 a1 7a 98 e9 87 80> }
received session key response with distribution key attached!
auth signature verified
replyNonce in sessionKeyResp: <Buffer 2d 82 2d 36 22 61 0d d6>
auth nonce verified
handleSessionKeyResp: session key request succeeded! authFailureCount: 0
updating distribution key: { cipherKeyVal: <Buffer 16 31 f2 23 d8 ce 06 c3 e6 83 51 f6 c1 3a a0 0f>,
  macKeyVal: <Buffer b0 65 1a c8 3a d0 eb ca 74 79 ef 41 4a 3d d5 c1 ce 8a 3f cc a8 bf 29 4d 6f e4 69 c0 3b 7a b2 02>,
  absValidity: 2018-03-21T02:58:11.307Z }
received 1 keys
currentSessionKey: [object Object]
Session protocol: TCP
chosen commSessionKey: 
{ id: 40100840,
  cipherKeyVal: <Buffer 80 e6 3e f7 cd 4b 34 56 df d1 d2 93 4c aa e1 63>,
  macKeyVal: <Buffer 56 df 94 e1 66 60 c8 94 d6 19 7f 64 dc e0 35 c2 16 a8 ac fc cb c6 3f 53 e0 6d 96 e7 f9 7f d8 c3>,
  absValidity: 2018-03-22T01:58:11.307Z,
  relValidity: 7200000 }
options
{ serverHost: '10.0.1.8',
  serverPort: 22100,
  sessionKey: 
   { id: 40100840,
     cipherKeyVal: <Buffer 80 e6 3e f7 cd 4b 34 56 df d1 d2 93 4c aa e1 63>,
     macKeyVal: <Buffer 56 df 94 e1 66 60 c8 94 d6 19 7f 64 dc e0 35 c2 16 a8 ac fc cb c6 3f 53 e0 6d 96 e7 f9 7f d8 c3>,
     absValidity: 2018-03-22T01:58:11.307Z,
     relValidity: 7200000 },
  sessionCryptoSpec: { cipher: 'AES-128-CBC', mac: 'SHA256' },
  sessionProtocol: 'TCP',
  handshakeTimeout: 50000 }
disconnected from auth
chosen nonce: <Buffer f2 ff 5a fe da 32 40 23>
switching to HANDSHAKE_1_SENT
received session key handshake2!
client ret: [object Object]
server authenticated/authorized by solving nonce!
Handler: communication initialization succeeded
file data length: 1024
sending at Wed Mar 21 2018 01:58:11 GMT+0000 (UTC)
switching to IN_COMM
received secure communication message!
Received seqNum: 0
Handler: data received from server via secure communication
data1
Resp-actual/expected/ratio/ts: 1 1 1 1521597492173
Distribution protocol: TCP
Resp-actual/expected/ratio/ts: 1 2 0.5 1521597551178
connected to auth! from local port 42062
received auth hello!
{ authId: 401, nonce: <Buffer 20 8d e1 fa 5b 60 24 9d> }
received session key response encrypted with distribution key
replyNonce in sessionKeyResp: <Buffer b4 20 13 e8 1a b5 2a 9f>
auth nonce verified
handleSessionKeyResp: session key request succeeded! authFailureCount: 0
received 1 keys
currentSessionKey: [object Object]
Status: Secure connection closed before starting a new connection.
Session protocol: TCP
chosen commSessionKey: 
{ id: 40100846,
  cipherKeyVal: <Buffer 8c 2b 62 d6 fb bc 5b e5 73 5f 06 3d a7 70 33 dd>,
  macKeyVal: <Buffer 36 67 d5 3c 60 ea 7e 44 f8 cd a4 ce a5 fc 6b 3a a3 4a b4 28 9d 46 c7 d5 41 06 e6 5b 68 09 fd 32>,
  absValidity: 2018-03-22T01:59:11.324Z,
  relValidity: 7200000 }
options
{ serverHost: '10.0.1.8',
  serverPort: 22100,
  sessionKey: 
   { id: 40100846,
     cipherKeyVal: <Buffer 8c 2b 62 d6 fb bc 5b e5 73 5f 06 3d a7 70 33 dd>,
     macKeyVal: <Buffer 36 67 d5 3c 60 ea 7e 44 f8 cd a4 ce a5 fc 6b 3a a3 4a b4 28 9d 46 c7 d5 41 06 e6 5b 68 09 fd 32>,
     absValidity: 2018-03-22T01:59:11.324Z,
     relValidity: 7200000 },
  sessionCryptoSpec: { cipher: 'AES-128-CBC', mac: 'SHA256' },
  sessionProtocol: 'TCP',
  handshakeTimeout: 50000 }
chosen nonce: <Buffer e3 46 25 9a fa 5e 71 e1>
switching to HANDSHAKE_1_SENT
disconnected from auth
Handler: secure connection with the server closed.
received session key handshake2!
client ret: [object Object]
server authenticated/authorized by solving nonce!
Handler: communication initialization succeeded
file data length: 1024
sending at Wed Mar 21 2018 01:59:11 GMT+0000 (UTC)
switching to IN_COMM
received secure communication message!
Received seqNum: 0
Handler: data received from server via secure communication
data1
Resp-actual/expected/ratio/ts: 2 2 1 1521597552166
Distribution protocol: TCP
Resp-actual/expected/ratio/ts: 2 3 0.6666666666666666 1521597611237
connected to auth! from local port 42304
received auth hello!
{ authId: 401, nonce: <Buffer da 7b 33 63 36 56 c9 7e> }
received session key response encrypted with distribution key
replyNonce in sessionKeyResp: <Buffer 8e ba 92 bb 69 99 c6 ff>
auth nonce verified
handleSessionKeyResp: session key request succeeded! authFailureCount: 0
received 1 keys
currentSessionKey: [object Object]
Status: Secure connection closed before starting a new connection.
Session protocol: TCP
chosen commSessionKey: 
{ id: 40100852,
  cipherKeyVal: <Buffer 3a 43 45 03 56 fa c3 86 f1 79 d9 e0 00 20 a7 11>,
  macKeyVal: <Buffer e0 65 2f b4 46 ec e4 5e 92 0f d5 bd ee 31 e2 23 a8 98 ca 9a 31 ca e9 f3 40 de fa 61 1d 80 a3 6d>,
  absValidity: 2018-03-22T02:00:11.358Z,
  relValidity: 7200000 }
options
{ serverHost: '10.0.1.8',
  serverPort: 22100,
  sessionKey: 
   { id: 40100852,
     cipherKeyVal: <Buffer 3a 43 45 03 56 fa c3 86 f1 79 d9 e0 00 20 a7 11>,
     macKeyVal: <Buffer e0 65 2f b4 46 ec e4 5e 92 0f d5 bd ee 31 e2 23 a8 98 ca 9a 31 ca e9 f3 40 de fa 61 1d 80 a3 6d>,
     absValidity: 2018-03-22T02:00:11.358Z,
     relValidity: 7200000 },
  sessionCryptoSpec: { cipher: 'AES-128-CBC', mac: 'SHA256' },
  sessionProtocol: 'TCP',
  handshakeTimeout: 50000 }
chosen nonce: <Buffer 8a f8 cf 76 e8 69 1f 0b>
switching to HANDSHAKE_1_SENT
disconnected from auth
Handler: secure connection with the server closed.
received session key handshake2!
client ret: [object Object]
server authenticated/authorized by solving nonce!
Handler: communication initialization succeeded
file data length: 1024
sending at Wed Mar 21 2018 02:00:11 GMT+0000 (UTC)
switching to IN_COMM
received secure communication message!
Received seqNum: 0
Handler: data received from server via secure communication
data1
Resp-actual/expected/ratio/ts: 3 3 1 1521597612220
Distribution protocol: TCP
Resp-actual/expected/ratio/ts: 3 4 0.75 1521597671274
connected to auth! from local port 42574
received auth hello!
{ authId: 401, nonce: <Buffer 3a 2e c7 97 35 d9 ae a6> }
received session key response encrypted with distribution key
replyNonce in sessionKeyResp: <Buffer 2e ff d3 7e 1c db be 31>
auth nonce verified
handleSessionKeyResp: session key request succeeded! authFailureCount: 0
received 1 keys
currentSessionKey: [object Object]
Status: Secure connection closed before starting a new connection.
Session protocol: TCP
chosen commSessionKey: 
{ id: 40100858,
  cipherKeyVal: <Buffer c4 5a 81 3d 85 c9 9a 23 cf f4 6b ff b3 c3 5b 9f>,
  macKeyVal: <Buffer 84 c8 a8 95 12 30 72 0b 9a f7 34 8f cb fe 3a 63 2d 7a 85 42 00 44 85 76 75 aa 24 5b 5d cd 7d 69>,
  absValidity: 2018-03-22T02:01:11.411Z,
  relValidity: 7200000 }
options
{ serverHost: '10.0.1.8',
  serverPort: 22100,
  sessionKey: 
   { id: 40100858,
     cipherKeyVal: <Buffer c4 5a 81 3d 85 c9 9a 23 cf f4 6b ff b3 c3 5b 9f>,
     macKeyVal: <Buffer 84 c8 a8 95 12 30 72 0b 9a f7 34 8f cb fe 3a 63 2d 7a 85 42 00 44 85 76 75 aa 24 5b 5d cd 7d 69>,
     absValidity: 2018-03-22T02:01:11.411Z,
     relValidity: 7200000 },
  sessionCryptoSpec: { cipher: 'AES-128-CBC', mac: 'SHA256' },
  sessionProtocol: 'TCP',
  handshakeTimeout: 50000 }
chosen nonce: <Buffer 53 6a 2b 00 6d 20 0f 9f>
switching to HANDSHAKE_1_SENT
disconnected from auth
Handler: secure connection with the server closed.
received session key handshake2!
client ret: [object Object]
server authenticated/authorized by solving nonce!
Handler: communication initialization succeeded
file data length: 1024
sending at Wed Mar 21 2018 02:01:11 GMT+0000 (UTC)
switching to IN_COMM
received secure communication message!
Received seqNum: 0
Handler: data received from server via secure communication
data1
Resp-actual/expected/ratio/ts: 4 4 1 1521597672260
Distribution protocol: TCP
Resp-actual/expected/ratio/ts: 4 5 0.8 1521597731333
connected to auth! from local port 42844
received auth hello!
{ authId: 401, nonce: <Buffer 9b 62 22 7c a8 96 a2 85> }
received session key response encrypted with distribution key
replyNonce in sessionKeyResp: <Buffer b0 2e c0 ad d8 4d c8 db>
auth nonce verified
handleSessionKeyResp: session key request succeeded! authFailureCount: 0
received 1 keys
currentSessionKey: [object Object]
Status: Secure connection closed before starting a new connection.
Session protocol: TCP
chosen commSessionKey: 
{ id: 40100864,
  cipherKeyVal: <Buffer 2a f5 88 01 02 4d 4a ab 35 11 29 fe 04 88 0d be>,
  macKeyVal: <Buffer fe 42 f9 aa 1b a7 57 52 c4 9b 54 56 e1 73 a2 43 29 b7 95 cc eb 74 1d 17 fb 0a 65 a3 0c b2 8f b0>,
  absValidity: 2018-03-22T02:02:11.482Z,
  relValidity: 7200000 }
options
{ serverHost: '10.0.1.8',
  serverPort: 22100,
  sessionKey: 
   { id: 40100864,
     cipherKeyVal: <Buffer 2a f5 88 01 02 4d 4a ab 35 11 29 fe 04 88 0d be>,
     macKeyVal: <Buffer fe 42 f9 aa 1b a7 57 52 c4 9b 54 56 e1 73 a2 43 29 b7 95 cc eb 74 1d 17 fb 0a 65 a3 0c b2 8f b0>,
     absValidity: 2018-03-22T02:02:11.482Z,
     relValidity: 7200000 },
  sessionCryptoSpec: { cipher: 'AES-128-CBC', mac: 'SHA256' },
  sessionProtocol: 'TCP',
  handshakeTimeout: 50000 }
chosen nonce: <Buffer df 3b 18 d2 5b 87 a4 f6>
switching to HANDSHAKE_1_SENT
disconnected from auth
Handler: secure connection with the server closed.
received session key handshake2!
client ret: [object Object]
server authenticated/authorized by solving nonce!
Handler: communication initialization succeeded
file data length: 1024
sending at Wed Mar 21 2018 02:02:12 GMT+0000 (UTC)
switching to IN_COMM
received secure communication message!
Received seqNum: 0
Handler: data received from server via secure communication
data1
Resp-actual/expected/ratio/ts: 5 5 1 1521597732423
Distribution protocol: TCP
Resp-actual/expected/ratio/ts: 5 6 0.8333333333333334 1521597791335
connected to auth! from local port 43114
received auth hello!
{ authId: 401, nonce: <Buffer 5e 8c af 8b 99 8a 28 c2> }
received session key response encrypted with distribution key
replyNonce in sessionKeyResp: <Buffer 83 37 59 cc 94 d0 c7 59>
auth nonce verified
handleSessionKeyResp: session key request succeeded! authFailureCount: 0
received 1 keys
currentSessionKey: [object Object]
Status: Secure connection closed before starting a new connection.
Session protocol: TCP
chosen commSessionKey: 
{ id: 40100870,
  cipherKeyVal: <Buffer bb 74 7d 79 50 cd c0 bb 15 7b 0b 1b 55 1f 01 54>,
  macKeyVal: <Buffer a9 60 a2 e2 2f ce f1 88 99 49 74 ee e2 32 b6 b9 a1 c2 64 b7 ae 1d 2e ee b0 18 1a c0 96 0f 60 89>,
  absValidity: 2018-03-22T02:03:11.486Z,
  relValidity: 7200000 }
options
{ serverHost: '10.0.1.8',
  serverPort: 22100,
  sessionKey: 
   { id: 40100870,
     cipherKeyVal: <Buffer bb 74 7d 79 50 cd c0 bb 15 7b 0b 1b 55 1f 01 54>,
     macKeyVal: <Buffer a9 60 a2 e2 2f ce f1 88 99 49 74 ee e2 32 b6 b9 a1 c2 64 b7 ae 1d 2e ee b0 18 1a c0 96 0f 60 89>,
     absValidity: 2018-03-22T02:03:11.486Z,
     relValidity: 7200000 },
  sessionCryptoSpec: { cipher: 'AES-128-CBC', mac: 'SHA256' },
  sessionProtocol: 'TCP',
  handshakeTimeout: 50000 }
chosen nonce: <Buffer 45 5c e7 74 8d 1f 61 e3>
switching to HANDSHAKE_1_SENT
disconnected from auth
Handler: secure connection with the server closed.
received session key handshake2!
client ret: [object Object]
server authenticated/authorized by solving nonce!
Handler: communication initialization succeeded
file data length: 1024
sending at Wed Mar 21 2018 02:03:12 GMT+0000 (UTC)
switching to IN_COMM
received secure communication message!
Received seqNum: 0
Handler: data received from server via secure communication
data1
Resp-actual/expected/ratio/ts: 6 6 1 1521597792337
Distribution protocol: TCP
Resp-actual/expected/ratio/ts: 6 7 0.8571428571428571 1521597851394
connected to auth! from local port 43384
received auth hello!
{ authId: 401, nonce: <Buffer d8 a2 8a 97 d4 ea cd 58> }
received session key response encrypted with distribution key
replyNonce in sessionKeyResp: <Buffer 16 41 8b ab a3 5a 8f 5b>
auth nonce verified
handleSessionKeyResp: session key request succeeded! authFailureCount: 0
received 1 keys
currentSessionKey: [object Object]
Status: Secure connection closed before starting a new connection.
Session protocol: TCP
chosen commSessionKey: 
{ id: 40100876,
  cipherKeyVal: <Buffer cc cb 52 0e 02 ec 10 40 4d 3d 02 46 a2 9d 38 c2>,
  macKeyVal: <Buffer e4 ef 17 22 9d 75 4c c0 8a 38 d8 5c 3b 9c fd f9 53 03 96 5d 02 cc be 4d 3e b0 30 fa 40 c2 84 f1>,
  absValidity: 2018-03-22T02:04:11.498Z,
  relValidity: 7200000 }
options
{ serverHost: '10.0.1.8',
  serverPort: 22100,
  sessionKey: 
   { id: 40100876,
     cipherKeyVal: <Buffer cc cb 52 0e 02 ec 10 40 4d 3d 02 46 a2 9d 38 c2>,
     macKeyVal: <Buffer e4 ef 17 22 9d 75 4c c0 8a 38 d8 5c 3b 9c fd f9 53 03 96 5d 02 cc be 4d 3e b0 30 fa 40 c2 84 f1>,
     absValidity: 2018-03-22T02:04:11.498Z,
     relValidity: 7200000 },
  sessionCryptoSpec: { cipher: 'AES-128-CBC', mac: 'SHA256' },
  sessionProtocol: 'TCP',
  handshakeTimeout: 50000 }
chosen nonce: <Buffer d0 15 37 91 5c 7f 6e 8e>
switching to HANDSHAKE_1_SENT
disconnected from auth
Handler: secure connection with the server closed.
received session key handshake2!
client ret: [object Object]
server authenticated/authorized by solving nonce!
Handler: communication initialization succeeded
file data length: 1024
sending at Wed Mar 21 2018 02:04:12 GMT+0000 (UTC)
switching to IN_COMM
received secure communication message!
Received seqNum: 0
Handler: data received from server via secure communication
data1
Resp-actual/expected/ratio/ts: 7 7 1 1521597852307
Distribution protocol: TCP
Resp-actual/expected/ratio/ts: 7 8 0.875 1521597911407
connected to auth! from local port 43654
received auth hello!
{ authId: 401, nonce: <Buffer 8d 4c 5f cd 01 cc d4 e4> }
received session key response encrypted with distribution key
replyNonce in sessionKeyResp: <Buffer be 28 52 f0 63 fd 49 2b>
auth nonce verified
handleSessionKeyResp: session key request succeeded! authFailureCount: 0
received 1 keys
currentSessionKey: [object Object]
Status: Secure connection closed before starting a new connection.
Session protocol: TCP
chosen commSessionKey: 
{ id: 40100882,
  cipherKeyVal: <Buffer 5b 80 b9 f6 65 70 ac 95 60 54 db a1 99 fd 4e 69>,
  macKeyVal: <Buffer 6f 49 4a e5 0c 9a 11 ab 4d 38 c8 4b 10 32 73 99 65 4d 0a a3 2f 4c b4 d0 6d 51 bd d3 6f a2 00 56>,
  absValidity: 2018-03-22T02:05:11.545Z,
  relValidity: 7200000 }
options
{ serverHost: '10.0.1.8',
  serverPort: 22100,
  sessionKey: 
   { id: 40100882,
     cipherKeyVal: <Buffer 5b 80 b9 f6 65 70 ac 95 60 54 db a1 99 fd 4e 69>,
     macKeyVal: <Buffer 6f 49 4a e5 0c 9a 11 ab 4d 38 c8 4b 10 32 73 99 65 4d 0a a3 2f 4c b4 d0 6d 51 bd d3 6f a2 00 56>,
     absValidity: 2018-03-22T02:05:11.545Z,
     relValidity: 7200000 },
  sessionCryptoSpec: { cipher: 'AES-128-CBC', mac: 'SHA256' },
  sessionProtocol: 'TCP',
  handshakeTimeout: 50000 }
chosen nonce: <Buffer 27 50 f0 ae 49 64 e3 b2>
switching to HANDSHAKE_1_SENT
disconnected from auth
Handler: secure connection with the server closed.
received session key handshake2!
client ret: [object Object]
server authenticated/authorized by solving nonce!
Handler: communication initialization succeeded
file data length: 1024
sending at Wed Mar 21 2018 02:05:12 GMT+0000 (UTC)
switching to IN_COMM
received secure communication message!
Received seqNum: 0
Handler: data received from server via secure communication
data1
Resp-actual/expected/ratio/ts: 8 8 1 1521597912482
Distribution protocol: TCP
Resp-actual/expected/ratio/ts: 8 9 0.8888888888888888 1521597971423
connected to auth! from local port 43908
received auth hello!
{ authId: 401, nonce: <Buffer 6a 3e d3 be f8 0e c5 c1> }
received session key response encrypted with distribution key
replyNonce in sessionKeyResp: <Buffer 1e f3 c2 25 94 2e 1a 28>
auth nonce verified
handleSessionKeyResp: session key request succeeded! authFailureCount: 0
received 1 keys
currentSessionKey: [object Object]
Status: Secure connection closed before starting a new connection.
Session protocol: TCP
chosen commSessionKey: 
{ id: 40100888,
  cipherKeyVal: <Buffer d6 bd 27 a1 ec 4b f9 e3 80 9f 08 9c a0 d7 44 ca>,
  macKeyVal: <Buffer 35 20 78 1f 8a d1 9f 85 06 7e 58 5b a1 fc 45 33 a3 15 f5 1e 19 08 df 33 d9 cb 17 cd 32 34 b1 b3>,
  absValidity: 2018-03-22T02:06:11.581Z,
  relValidity: 7200000 }
options
{ serverHost: '10.0.1.8',
  serverPort: 22100,
  sessionKey: 
   { id: 40100888,
     cipherKeyVal: <Buffer d6 bd 27 a1 ec 4b f9 e3 80 9f 08 9c a0 d7 44 ca>,
     macKeyVal: <Buffer 35 20 78 1f 8a d1 9f 85 06 7e 58 5b a1 fc 45 33 a3 15 f5 1e 19 08 df 33 d9 cb 17 cd 32 34 b1 b3>,
     absValidity: 2018-03-22T02:06:11.581Z,
     relValidity: 7200000 },
  sessionCryptoSpec: { cipher: 'AES-128-CBC', mac: 'SHA256' },
  sessionProtocol: 'TCP',
  handshakeTimeout: 50000 }
chosen nonce: <Buffer 0c 0d c5 8b 6f 69 f0 6f>
switching to HANDSHAKE_1_SENT
disconnected from auth
Handler: secure connection with the server closed.
received session key handshake2!
client ret: [object Object]
server authenticated/authorized by solving nonce!
Handler: communication initialization succeeded
file data length: 1024
sending at Wed Mar 21 2018 02:06:12 GMT+0000 (UTC)
switching to IN_COMM
received secure communication message!
Received seqNum: 0
Handler: data received from server via secure communication
data1
Resp-actual/expected/ratio/ts: 9 9 1 1521597972491
Distribution protocol: TCP
Resp-actual/expected/ratio/ts: 9 10 0.9 1521598031472
connected to auth! from local port 44074
received auth hello!
{ authId: 401, nonce: <Buffer d7 57 91 82 e6 74 3a 64> }
received session key response encrypted with distribution key
replyNonce in sessionKeyResp: <Buffer 06 11 ec 13 29 f5 03 e6>
auth nonce verified
handleSessionKeyResp: session key request succeeded! authFailureCount: 0
received 1 keys
currentSessionKey: [object Object]
Status: Secure connection closed before starting a new connection.
Session protocol: TCP
chosen commSessionKey: 
{ id: 40100894,
  cipherKeyVal: <Buffer 00 12 00 20 34 e4 f5 11 b8 da 7b eb 0d d4 b2 48>,
  macKeyVal: <Buffer 6d b1 a8 93 7c 30 e1 fb 1e 1b 2f 14 16 53 87 bf dd d3 c0 78 8c a8 55 09 62 3f 87 1e 90 f3 2f 88>,
  absValidity: 2018-03-22T02:07:11.605Z,
  relValidity: 7200000 }
options
{ serverHost: '10.0.1.8',
  serverPort: 22100,
  sessionKey: 
   { id: 40100894,
     cipherKeyVal: <Buffer 00 12 00 20 34 e4 f5 11 b8 da 7b eb 0d d4 b2 48>,
     macKeyVal: <Buffer 6d b1 a8 93 7c 30 e1 fb 1e 1b 2f 14 16 53 87 bf dd d3 c0 78 8c a8 55 09 62 3f 87 1e 90 f3 2f 88>,
     absValidity: 2018-03-22T02:07:11.605Z,
     relValidity: 7200000 },
  sessionCryptoSpec: { cipher: 'AES-128-CBC', mac: 'SHA256' },
  sessionProtocol: 'TCP',
  handshakeTimeout: 50000 }
chosen nonce: <Buffer ee 35 c1 fa ee 06 b7 98>
switching to HANDSHAKE_1_SENT
disconnected from auth
Handler: secure connection with the server closed.
received session key handshake2!
client ret: [object Object]
server authenticated/authorized by solving nonce!
Handler: communication initialization succeeded
file data length: 1024
sending at Wed Mar 21 2018 02:07:13 GMT+0000 (UTC)
switching to IN_COMM
received secure communication message!
Received seqNum: 0
Handler: data received from server via secure communication
data1
Resp-actual/expected/ratio/ts: 10 10 1 1521598033386
Distribution protocol: TCP
Resp-actual/expected/ratio/ts: 10 11 0.9090909090909091 1521598091473
connected to auth! from local port 44292
received auth hello!
{ authId: 401, nonce: <Buffer c0 79 1f 28 c2 f9 e2 f2> }
received session key response encrypted with distribution key
replyNonce in sessionKeyResp: <Buffer 9a 53 72 be 14 a2 51 32>
auth nonce verified
handleSessionKeyResp: session key request succeeded! authFailureCount: 0
received 1 keys
currentSessionKey: [object Object]
Status: Secure connection closed before starting a new connection.
Session protocol: TCP
chosen commSessionKey: 
{ id: 40100900,
  cipherKeyVal: <Buffer 1e 2d cd 9c 67 06 54 c7 5a 9c f8 f6 10 f2 f1 77>,
  macKeyVal: <Buffer ce e2 98 e9 ed b0 45 7b 33 00 eb 61 ba e9 77 6a 04 4e f3 89 73 15 f8 21 03 ed 4f 26 f7 72 b2 a4>,
  absValidity: 2018-03-22T02:08:11.633Z,
  relValidity: 7200000 }
options
{ serverHost: '10.0.1.8',
  serverPort: 22100,
  sessionKey: 
   { id: 40100900,
     cipherKeyVal: <Buffer 1e 2d cd 9c 67 06 54 c7 5a 9c f8 f6 10 f2 f1 77>,
     macKeyVal: <Buffer ce e2 98 e9 ed b0 45 7b 33 00 eb 61 ba e9 77 6a 04 4e f3 89 73 15 f8 21 03 ed 4f 26 f7 72 b2 a4>,
     absValidity: 2018-03-22T02:08:11.633Z,
     relValidity: 7200000 },
  sessionCryptoSpec: { cipher: 'AES-128-CBC', mac: 'SHA256' },
  sessionProtocol: 'TCP',
  handshakeTimeout: 50000 }
chosen nonce: <Buffer 2c 6c dd 22 57 bd 64 11>
switching to HANDSHAKE_1_SENT
disconnected from auth
Handler: secure connection with the server closed.
received session key handshake2!
client ret: [object Object]
server authenticated/authorized by solving nonce!
Handler: communication initialization succeeded
file data length: 1024
sending at Wed Mar 21 2018 02:08:13 GMT+0000 (UTC)
switching to IN_COMM
received secure communication message!
Received seqNum: 0
Handler: data received from server via secure communication
data1
Resp-actual/expected/ratio/ts: 11 11 1 1521598093327
Distribution protocol: TCP
Resp-actual/expected/ratio/ts: 11 12 0.9166666666666666 1521598151532
connected to auth! from local port 44526
received auth hello!
{ authId: 401, nonce: <Buffer dd 19 6d 8d 5d 0b 41 ca> }
received session key response encrypted with distribution key
replyNonce in sessionKeyResp: <Buffer cf 55 9f 20 42 33 d2 5e>
auth nonce verified
handleSessionKeyResp: session key request succeeded! authFailureCount: 0
received 1 keys
currentSessionKey: [object Object]
Status: Secure connection closed before starting a new connection.
Session protocol: TCP
chosen commSessionKey: 
{ id: 40100911,
  cipherKeyVal: <Buffer 9c 21 66 d2 a9 58 93 f8 0c fb 79 df 62 35 f6 f0>,
  macKeyVal: <Buffer 83 48 c9 06 61 55 28 0f 71 fc 80 a0 2f 8f c7 fa b1 9c 80 5c b4 63 7e 4c d3 e3 03 7a 6d 32 e2 16>,
  absValidity: 2018-03-22T02:09:11.669Z,
  relValidity: 7200000 }
options
{ serverHost: '10.0.1.8',
  serverPort: 22100,
  sessionKey: 
   { id: 40100911,
     cipherKeyVal: <Buffer 9c 21 66 d2 a9 58 93 f8 0c fb 79 df 62 35 f6 f0>,
     macKeyVal: <Buffer 83 48 c9 06 61 55 28 0f 71 fc 80 a0 2f 8f c7 fa b1 9c 80 5c b4 63 7e 4c d3 e3 03 7a 6d 32 e2 16>,
     absValidity: 2018-03-22T02:09:11.669Z,
     relValidity: 7200000 },
  sessionCryptoSpec: { cipher: 'AES-128-CBC', mac: 'SHA256' },
  sessionProtocol: 'TCP',
  handshakeTimeout: 50000 }
chosen nonce: <Buffer 53 39 bd 3f 1f f4 6c c9>
switching to HANDSHAKE_1_SENT
disconnected from auth
Handler: secure connection with the server closed.
received session key handshake2!
client ret: [object Object]
server authenticated/authorized by solving nonce!
Handler: communication initialization succeeded
file data length: 1024
sending at Wed Mar 21 2018 02:09:13 GMT+0000 (UTC)
switching to IN_COMM
received secure communication message!
Received seqNum: 0
Handler: data received from server via secure communication
data1
Resp-actual/expected/ratio/ts: 12 12 1 1521598153620
Distribution protocol: TCP
Resp-actual/expected/ratio/ts: 12 13 0.9230769230769231 1521598211589
connected to auth! from local port 44778
received auth hello!
{ authId: 401, nonce: <Buffer 0d 1c bb 5e 48 1b 6c 23> }
received session key response encrypted with distribution key
replyNonce in sessionKeyResp: <Buffer 5d aa 40 0f cd 05 96 44>
auth nonce verified
handleSessionKeyResp: session key request succeeded! authFailureCount: 0
received 1 keys
currentSessionKey: [object Object]
Status: Secure connection closed before starting a new connection.
Session protocol: TCP
chosen commSessionKey: 
{ id: 40100922,
  cipherKeyVal: <Buffer 4e f8 ff 8d ac 58 81 35 f2 a1 c6 40 7a 22 e4 b7>,
  macKeyVal: <Buffer cf 1f 94 77 7f c8 e9 e2 bd c2 5c a3 ac 9b 37 5f 4a 5e 78 c1 79 25 4a 1a 36 35 47 a4 35 f0 4b f1>,
  absValidity: 2018-03-22T02:10:11.844Z,
  relValidity: 7200000 }
options
{ serverHost: '10.0.1.8',
  serverPort: 22100,
  sessionKey: 
   { id: 40100922,
     cipherKeyVal: <Buffer 4e f8 ff 8d ac 58 81 35 f2 a1 c6 40 7a 22 e4 b7>,
     macKeyVal: <Buffer cf 1f 94 77 7f c8 e9 e2 bd c2 5c a3 ac 9b 37 5f 4a 5e 78 c1 79 25 4a 1a 36 35 47 a4 35 f0 4b f1>,
     absValidity: 2018-03-22T02:10:11.844Z,
     relValidity: 7200000 },
  sessionCryptoSpec: { cipher: 'AES-128-CBC', mac: 'SHA256' },
  sessionProtocol: 'TCP',
  handshakeTimeout: 50000 }
chosen nonce: <Buffer ef 05 13 77 5c bd 82 e5>
switching to HANDSHAKE_1_SENT
disconnected from auth
Handler: secure connection with the server closed.
received session key handshake2!
client ret: [object Object]
server authenticated/authorized by solving nonce!
Handler: communication initialization succeeded
file data length: 1024
sending at Wed Mar 21 2018 02:10:12 GMT+0000 (UTC)
switching to IN_COMM
received secure communication message!
Received seqNum: 0
Handler: data received from server via secure communication
data1
Resp-actual/expected/ratio/ts: 13 13 1 1521598213341
Distribution protocol: TCP
Resp-actual/expected/ratio/ts: 13 14 0.9285714285714286 1521598271648
connected to auth! from local port 44998
Handler: Error in secure comm - details: Auth hello timedout ...
Distribution protocol: TCP
Resp-actual/expected/ratio/ts: 13 15 0.8666666666666667 1521598331658
connected to auth! from local port 45218
received auth hello!
{ authId: 401, nonce: <Buffer 87 ae c3 6c cb 1f 65 49> }
received session key response encrypted with distribution key
replyNonce in sessionKeyResp: <Buffer 25 34 9d 07 dd 7b 07 3e>
auth nonce verified
handleSessionKeyResp: session key request succeeded! authFailureCount: 0
received 1 keys
currentSessionKey: [object Object]
Status: Secure connection closed before starting a new connection.
Session protocol: TCP
chosen commSessionKey: 
{ id: 40100945,
  cipherKeyVal: <Buffer 92 5e eb 69 68 72 97 b0 8a 3b d9 11 04 43 95 cb>,
  macKeyVal: <Buffer 36 2b 12 77 4b e6 ba a9 87 b2 57 45 84 4d f2 ef 9f 29 d0 92 04 48 9b fa 34 d7 ba 27 55 ce 57 a3>,
  absValidity: 2018-03-22T02:12:13.118Z,
  relValidity: 7200000 }
options
{ serverHost: '10.0.1.8',
  serverPort: 22100,
  sessionKey: 
   { id: 40100945,
     cipherKeyVal: <Buffer 92 5e eb 69 68 72 97 b0 8a 3b d9 11 04 43 95 cb>,
     macKeyVal: <Buffer 36 2b 12 77 4b e6 ba a9 87 b2 57 45 84 4d f2 ef 9f 29 d0 92 04 48 9b fa 34 d7 ba 27 55 ce 57 a3>,
     absValidity: 2018-03-22T02:12:13.118Z,
     relValidity: 7200000 },
  sessionCryptoSpec: { cipher: 'AES-128-CBC', mac: 'SHA256' },
  sessionProtocol: 'TCP',
  handshakeTimeout: 50000 }
disconnected from auth
chosen nonce: <Buffer 13 d8 83 ff 36 e5 29 b4>
switching to HANDSHAKE_1_SENT
Handler: secure connection with the server closed.
Handler: Error in secure comm - details: Comm init failed: handshake1 timed out ...
Handler: Error in secure comm - details: Comm init failed: disconnected from server during communication initialization.10.0.1.8:undefined
Distribution protocol: TCP
Resp-actual/expected/ratio/ts: 13 16 0.8125 1521598391667
connected to auth! from local port 45450
received auth hello!
{ authId: 401, nonce: <Buffer 35 d3 64 16 b8 0f 8c 84> }
received session key response encrypted with distribution key
replyNonce in sessionKeyResp: <Buffer ad 0a 9e ca f3 b6 50 27>
auth nonce verified
handleSessionKeyResp: session key request succeeded! authFailureCount: 0
received 1 keys
currentSessionKey: [object Object]
Status: Secure connection closed before starting a new connection.
Session protocol: TCP
chosen commSessionKey: 
{ id: 40100958,
  cipherKeyVal: <Buffer 3d 43 a7 24 75 f8 7b 41 15 59 2a 91 5b f6 8a 55>,
  macKeyVal: <Buffer 4c 89 81 f5 e3 ba cb 62 77 0b 4c 04 90 b8 5a a1 6f a1 d5 e4 92 99 f5 50 ff 1c 29 90 f3 56 a8 be>,
  absValidity: 2018-03-22T02:13:11.970Z,
  relValidity: 7200000 }
options
{ serverHost: '10.0.1.8',
  serverPort: 22100,
  sessionKey: 
   { id: 40100958,
     cipherKeyVal: <Buffer 3d 43 a7 24 75 f8 7b 41 15 59 2a 91 5b f6 8a 55>,
     macKeyVal: <Buffer 4c 89 81 f5 e3 ba cb 62 77 0b 4c 04 90 b8 5a a1 6f a1 d5 e4 92 99 f5 50 ff 1c 29 90 f3 56 a8 be>,
     absValidity: 2018-03-22T02:13:11.970Z,
     relValidity: 7200000 },
  sessionCryptoSpec: { cipher: 'AES-128-CBC', mac: 'SHA256' },
  sessionProtocol: 'TCP',
  handshakeTimeout: 50000 }
chosen nonce: <Buffer 29 dc e8 97 c2 67 94 8d>
switching to HANDSHAKE_1_SENT
disconnected from auth
received session key handshake2!
client ret: [object Object]
server authenticated/authorized by solving nonce!
Handler: communication initialization succeeded
file data length: 1024
sending at Wed Mar 21 2018 02:13:13 GMT+0000 (UTC)
switching to IN_COMM
received secure communication message!
Received seqNum: 0
Handler: data received from server via secure communication
data1
Resp-actual/expected/ratio/ts: 14 16 0.875 1521598393868
Distribution protocol: TCP
Resp-actual/expected/ratio/ts: 14 17 0.8235294117647058 1521598451717
connected to auth! from local port 45674
received auth hello!
{ authId: 401, nonce: <Buffer b9 01 dc 75 e6 08 e6 24> }
received session key response encrypted with distribution key
replyNonce in sessionKeyResp: <Buffer 3f d9 64 73 5b a5 3b 56>
auth nonce verified
handleSessionKeyResp: session key request succeeded! authFailureCount: 0
received 1 keys
currentSessionKey: [object Object]
Status: Secure connection closed before starting a new connection.
Session protocol: TCP
chosen commSessionKey: 
{ id: 40100970,
  cipherKeyVal: <Buffer fc ef 44 36 4a 0e 3a 5e da 7e 9d da a7 f8 43 32>,
  macKeyVal: <Buffer 0d 23 17 8a 7d df bc 79 15 bb 3c 58 7c 01 fa 78 66 48 5e 59 a2 d1 78 a3 fb 4d 12 d2 fb 71 63 0d>,
  absValidity: 2018-03-22T02:14:11.921Z,
  relValidity: 7200000 }
options
{ serverHost: '10.0.1.8',
  serverPort: 22100,
  sessionKey: 
   { id: 40100970,
     cipherKeyVal: <Buffer fc ef 44 36 4a 0e 3a 5e da 7e 9d da a7 f8 43 32>,
     macKeyVal: <Buffer 0d 23 17 8a 7d df bc 79 15 bb 3c 58 7c 01 fa 78 66 48 5e 59 a2 d1 78 a3 fb 4d 12 d2 fb 71 63 0d>,
     absValidity: 2018-03-22T02:14:11.921Z,
     relValidity: 7200000 },
  sessionCryptoSpec: { cipher: 'AES-128-CBC', mac: 'SHA256' },
  sessionProtocol: 'TCP',
  handshakeTimeout: 50000 }
chosen nonce: <Buffer eb cb 3c a3 23 95 42 97>
switching to HANDSHAKE_1_SENT
disconnected from auth
Handler: secure connection with the server closed.
received session key handshake2!
client ret: [object Object]
server authenticated/authorized by solving nonce!
Handler: communication initialization succeeded
file data length: 1024
sending at Wed Mar 21 2018 02:14:13 GMT+0000 (UTC)
switching to IN_COMM
received secure communication message!
Received seqNum: 0
Handler: data received from server via secure communication
data1
Resp-actual/expected/ratio/ts: 15 17 0.8823529411764706 1521598453962
Distribution protocol: TCP
Resp-actual/expected/ratio/ts: 15 18 0.8333333333333334 1521598511743
connected to auth! from local port 45894
received auth hello!
{ authId: 401, nonce: <Buffer e0 c2 26 96 db a2 4b 3d> }
received session key response encrypted with distribution key
replyNonce in sessionKeyResp: <Buffer 57 63 0f 69 dc 1f fc 6b>
auth nonce verified
handleSessionKeyResp: session key request succeeded! authFailureCount: 0
received 1 keys
currentSessionKey: [object Object]
Status: Secure connection closed before starting a new connection.
Session protocol: TCP
chosen commSessionKey: 
{ id: 40100983,
  cipherKeyVal: <Buffer 1f c6 e5 ff 2b 44 b1 0a 66 0a 94 c6 20 8d ce 44>,
  macKeyVal: <Buffer 49 54 2e 1c 29 1d a5 54 c9 9a c2 0f 5b 8d ef ce 1c 87 1b 24 de 68 d9 be 6d 7b f0 81 32 2c 6c 6f>,
  absValidity: 2018-03-22T02:15:12.054Z,
  relValidity: 7200000 }
options
{ serverHost: '10.0.1.8',
  serverPort: 22100,
  sessionKey: 
   { id: 40100983,
     cipherKeyVal: <Buffer 1f c6 e5 ff 2b 44 b1 0a 66 0a 94 c6 20 8d ce 44>,
     macKeyVal: <Buffer 49 54 2e 1c 29 1d a5 54 c9 9a c2 0f 5b 8d ef ce 1c 87 1b 24 de 68 d9 be 6d 7b f0 81 32 2c 6c 6f>,
     absValidity: 2018-03-22T02:15:12.054Z,
     relValidity: 7200000 },
  sessionCryptoSpec: { cipher: 'AES-128-CBC', mac: 'SHA256' },
  sessionProtocol: 'TCP',
  handshakeTimeout: 50000 }
chosen nonce: <Buffer 49 71 5a 4b b5 97 dd 0e>
switching to HANDSHAKE_1_SENT
disconnected from auth
Handler: secure connection with the server closed.
received session key handshake2!
client ret: [object Object]
server authenticated/authorized by solving nonce!
Handler: communication initialization succeeded
file data length: 1024
sending at Wed Mar 21 2018 02:15:13 GMT+0000 (UTC)
switching to IN_COMM
received secure communication message!
Received seqNum: 0
Handler: data received from server via secure communication
data1
Resp-actual/expected/ratio/ts: 16 18 0.8888888888888888 1521598514262
Distribution protocol: TCP
Resp-actual/expected/ratio/ts: 16 19 0.8421052631578947 1521598571775
connected to auth! from local port 46110
received auth hello!
{ authId: 401, nonce: <Buffer 8f 53 22 43 2d 35 90 50> }
received session key response encrypted with distribution key
replyNonce in sessionKeyResp: <Buffer a7 82 e7 d5 76 d9 5c f8>
auth nonce verified
handleSessionKeyResp: session key request succeeded! authFailureCount: 0
received 1 keys
currentSessionKey: [object Object]
Status: Secure connection closed before starting a new connection.
Session protocol: TCP
chosen commSessionKey: 
{ id: 40100996,
  cipherKeyVal: <Buffer 44 a7 ce b6 ac fe 3c 09 b2 31 a5 93 80 17 e2 09>,
  macKeyVal: <Buffer af 7c e6 79 79 b0 c5 c0 b7 cc e0 91 c2 4c df da 7f 7e b2 e5 38 ed 1b 39 02 42 74 e4 85 9f a7 6f>,
  absValidity: 2018-03-22T02:16:11.999Z,
  relValidity: 7200000 }
options
{ serverHost: '10.0.1.8',
  serverPort: 22100,
  sessionKey: 
   { id: 40100996,
     cipherKeyVal: <Buffer 44 a7 ce b6 ac fe 3c 09 b2 31 a5 93 80 17 e2 09>,
     macKeyVal: <Buffer af 7c e6 79 79 b0 c5 c0 b7 cc e0 91 c2 4c df da 7f 7e b2 e5 38 ed 1b 39 02 42 74 e4 85 9f a7 6f>,
     absValidity: 2018-03-22T02:16:11.999Z,
     relValidity: 7200000 },
  sessionCryptoSpec: { cipher: 'AES-128-CBC', mac: 'SHA256' },
  sessionProtocol: 'TCP',
  handshakeTimeout: 50000 }
chosen nonce: <Buffer 3f ad 6e 14 d2 f9 92 c7>
switching to HANDSHAKE_1_SENT
disconnected from auth
Handler: secure connection with the server closed.
received session key handshake2!
client ret: [object Object]
server authenticated/authorized by solving nonce!
Handler: communication initialization succeeded
file data length: 1024
sending at Wed Mar 21 2018 02:16:13 GMT+0000 (UTC)
switching to IN_COMM
received secure communication message!
Received seqNum: 0
Handler: data received from server via secure communication
data1
Resp-actual/expected/ratio/ts: 17 19 0.8947368421052632 1521598574201
Distribution protocol: TCP
Resp-actual/expected/ratio/ts: 17 20 0.85 1521598631834
connected to auth! from local port 46306
received auth hello!
{ authId: 401, nonce: <Buffer 72 23 fd 88 d3 74 35 7b> }
received session key response encrypted with distribution key
replyNonce in sessionKeyResp: <Buffer 98 17 f2 16 97 5b ce 17>
auth nonce verified
handleSessionKeyResp: session key request succeeded! authFailureCount: 0
received 1 keys
currentSessionKey: [object Object]
Status: Secure connection closed before starting a new connection.
Session protocol: TCP
chosen commSessionKey: 
{ id: 40101008,
  cipherKeyVal: <Buffer c5 44 b5 cb 67 a6 f1 46 4d a6 b4 69 bb ea b4 5a>,
  macKeyVal: <Buffer 05 f2 92 ab 49 5a 5e df 0b 81 f6 b4 3b d7 43 a0 05 b4 3a 04 e2 ae 9f bc bb 9d 09 5b c0 e6 1e be>,
  absValidity: 2018-03-22T02:17:12.093Z,
  relValidity: 7200000 }
options
{ serverHost: '10.0.1.8',
  serverPort: 22100,
  sessionKey: 
   { id: 40101008,
     cipherKeyVal: <Buffer c5 44 b5 cb 67 a6 f1 46 4d a6 b4 69 bb ea b4 5a>,
     macKeyVal: <Buffer 05 f2 92 ab 49 5a 5e df 0b 81 f6 b4 3b d7 43 a0 05 b4 3a 04 e2 ae 9f bc bb 9d 09 5b c0 e6 1e be>,
     absValidity: 2018-03-22T02:17:12.093Z,
     relValidity: 7200000 },
  sessionCryptoSpec: { cipher: 'AES-128-CBC', mac: 'SHA256' },
  sessionProtocol: 'TCP',
  handshakeTimeout: 50000 }
chosen nonce: <Buffer d1 35 ce 2e 2e 4a 88 3e>
switching to HANDSHAKE_1_SENT
disconnected from auth
Handler: secure connection with the server closed.
received session key handshake2!
client ret: [object Object]
server authenticated/authorized by solving nonce!
Handler: communication initialization succeeded
file data length: 1024
sending at Wed Mar 21 2018 02:17:13 GMT+0000 (UTC)
switching to IN_COMM
received secure communication message!
Received seqNum: 0
Handler: data received from server via secure communication
data1
Resp-actual/expected/ratio/ts: 18 20 0.9 1521598634152
Distribution protocol: TCP
Resp-actual/expected/ratio/ts: 18 21 0.8571428571428571 1521598691890
connected to auth! from local port 46500
received auth hello!
{ authId: 401, nonce: <Buffer 42 7d cb a9 20 08 fc 82> }
received session key response encrypted with distribution key
replyNonce in sessionKeyResp: <Buffer 04 15 81 c8 42 70 6d d7>
auth nonce verified
handleSessionKeyResp: session key request succeeded! authFailureCount: 0
received 1 keys
currentSessionKey: [object Object]
Status: Secure connection closed before starting a new connection.
Session protocol: TCP
chosen commSessionKey: 
{ id: 40101020,
  cipherKeyVal: <Buffer 50 6a 8d 1a 15 e5 45 d7 79 c4 f0 20 cd f0 94 97>,
  macKeyVal: <Buffer 2a 55 e1 84 dd f5 43 9c 73 70 af 6e 1e 9d 53 2e db 80 79 ba a7 91 b6 ea 8e 25 71 76 c2 92 7c ec>,
  absValidity: 2018-03-22T02:18:12.032Z,
  relValidity: 7200000 }
options
{ serverHost: '10.0.1.8',
  serverPort: 22100,
  sessionKey: 
   { id: 40101020,
     cipherKeyVal: <Buffer 50 6a 8d 1a 15 e5 45 d7 79 c4 f0 20 cd f0 94 97>,
     macKeyVal: <Buffer 2a 55 e1 84 dd f5 43 9c 73 70 af 6e 1e 9d 53 2e db 80 79 ba a7 91 b6 ea 8e 25 71 76 c2 92 7c ec>,
     absValidity: 2018-03-22T02:18:12.032Z,
     relValidity: 7200000 },
  sessionCryptoSpec: { cipher: 'AES-128-CBC', mac: 'SHA256' },
  sessionProtocol: 'TCP',
  handshakeTimeout: 50000 }
chosen nonce: <Buffer 20 f8 2a 28 d5 e5 7a 1f>
switching to HANDSHAKE_1_SENT
Handler: secure connection with the server closed.
disconnected from auth
received session key handshake2!
client ret: [object Object]
server authenticated/authorized by solving nonce!
Handler: communication initialization succeeded
file data length: 1024
sending at Wed Mar 21 2018 02:18:13 GMT+0000 (UTC)
switching to IN_COMM
received secure communication message!
Received seqNum: 0
Handler: data received from server via secure communication
data1
Resp-actual/expected/ratio/ts: 19 21 0.9047619047619048 1521598694421
Distribution protocol: TCP
Resp-actual/expected/ratio/ts: 19 22 0.8636363636363636 1521598751947
connected to auth! from local port 46708
received auth hello!
{ authId: 401, nonce: <Buffer 3e 3b 92 68 fd 8d 8b 30> }
received session key response encrypted with distribution key
replyNonce in sessionKeyResp: <Buffer 32 da 44 46 c4 60 b6 75>
auth nonce verified
handleSessionKeyResp: session key request succeeded! authFailureCount: 0
received 1 keys
currentSessionKey: [object Object]
Status: Secure connection closed before starting a new connection.
Session protocol: TCP
chosen commSessionKey: 
{ id: 40101032,
  cipherKeyVal: <Buffer ad b0 0b 11 04 65 ff 74 b4 59 63 2c 68 ce 9d c3>,
  macKeyVal: <Buffer d0 1e eb f0 bc d1 5b 92 6a d8 71 19 86 f5 da dc 4e 33 7c f5 df 4a b6 db 52 81 a7 b3 74 b0 19 57>,
  absValidity: 2018-03-22T02:19:12.198Z,
  relValidity: 7200000 }
options
{ serverHost: '10.0.1.8',
  serverPort: 22100,
  sessionKey: 
   { id: 40101032,
     cipherKeyVal: <Buffer ad b0 0b 11 04 65 ff 74 b4 59 63 2c 68 ce 9d c3>,
     macKeyVal: <Buffer d0 1e eb f0 bc d1 5b 92 6a d8 71 19 86 f5 da dc 4e 33 7c f5 df 4a b6 db 52 81 a7 b3 74 b0 19 57>,
     absValidity: 2018-03-22T02:19:12.198Z,
     relValidity: 7200000 },
  sessionCryptoSpec: { cipher: 'AES-128-CBC', mac: 'SHA256' },
  sessionProtocol: 'TCP',
  handshakeTimeout: 50000 }
chosen nonce: <Buffer 24 03 f1 40 15 d5 a4 77>
switching to HANDSHAKE_1_SENT
disconnected from auth
Handler: secure connection with the server closed.
received session key handshake2!
client ret: [object Object]
server authenticated/authorized by solving nonce!
Handler: communication initialization succeeded
file data length: 1024
sending at Wed Mar 21 2018 02:19:13 GMT+0000 (UTC)
switching to IN_COMM
received secure communication message!
Received seqNum: 0
Handler: data received from server via secure communication
data1
Resp-actual/expected/ratio/ts: 20 22 0.9090909090909091 1521598754548
Distribution protocol: TCP
Resp-actual/expected/ratio/ts: 20 23 0.8695652173913043 1521598812005
connected to auth! from local port 46920
received auth hello!
{ authId: 401, nonce: <Buffer d2 09 be ba 15 b5 04 4f> }
received session key response encrypted with distribution key
replyNonce in sessionKeyResp: <Buffer 1f d0 12 e8 5b e3 0c bb>
auth nonce verified
handleSessionKeyResp: session key request succeeded! authFailureCount: 0
received 1 keys
currentSessionKey: [object Object]
Status: Secure connection closed before starting a new connection.
Session protocol: TCP
chosen commSessionKey: 
{ id: 40101045,
  cipherKeyVal: <Buffer 13 50 05 41 f0 c1 45 1c 96 56 04 e8 91 7a cb f9>,
  macKeyVal: <Buffer cc d2 1f 63 99 bc 7f 53 15 d8 71 02 ef ac 26 03 37 76 d5 99 ac f9 83 ff d9 28 87 fb 0f 79 df 2d>,
  absValidity: 2018-03-22T02:20:12.283Z,
  relValidity: 7200000 }
options
{ serverHost: '10.0.1.8',
  serverPort: 22100,
  sessionKey: 
   { id: 40101045,
     cipherKeyVal: <Buffer 13 50 05 41 f0 c1 45 1c 96 56 04 e8 91 7a cb f9>,
     macKeyVal: <Buffer cc d2 1f 63 99 bc 7f 53 15 d8 71 02 ef ac 26 03 37 76 d5 99 ac f9 83 ff d9 28 87 fb 0f 79 df 2d>,
     absValidity: 2018-03-22T02:20:12.283Z,
     relValidity: 7200000 },
  sessionCryptoSpec: { cipher: 'AES-128-CBC', mac: 'SHA256' },
  sessionProtocol: 'TCP',
  handshakeTimeout: 50000 }
chosen nonce: <Buffer ba ab 43 a8 36 6a 36 1c>
switching to HANDSHAKE_1_SENT
disconnected from auth
Handler: secure connection with the server closed.
received session key handshake2!
client ret: [object Object]
server authenticated/authorized by solving nonce!
Handler: communication initialization succeeded
file data length: 1024
sending at Wed Mar 21 2018 02:20:13 GMT+0000 (UTC)
switching to IN_COMM
received secure communication message!
Received seqNum: 0
Handler: data received from server via secure communication
data1
Resp-actual/expected/ratio/ts: 21 23 0.9130434782608695 1521598814289
Handler: Error in secure comm - details: Disconnected from auth before getting session key response
Distribution protocol: TCP
Resp-actual/expected/ratio/ts: 21 24 0.875 1521598872005
connected to auth! from local port 47114
received auth hello!
{ authId: 401, nonce: <Buffer 4d 7e 3b e2 69 9b 07 54> }
received session key response encrypted with distribution key
replyNonce in sessionKeyResp: <Buffer 77 0c 44 4b 70 d2 8a ce>
auth nonce verified
handleSessionKeyResp: session key request succeeded! authFailureCount: 0
received 1 keys
currentSessionKey: [object Object]
Status: Secure connection closed before starting a new connection.
Session protocol: TCP
chosen commSessionKey: 
{ id: 40101058,
  cipherKeyVal: <Buffer 40 92 bf 34 e0 e5 29 4e eb bb 5d a5 73 e7 e6 76>,
  macKeyVal: <Buffer fa 85 09 f5 41 46 c1 cc 63 94 55 c2 70 d4 ec 25 a8 c4 ce ef 11 b4 96 87 bc eb 2e 62 d5 14 eb fb>,
  absValidity: 2018-03-22T02:21:12.678Z,
  relValidity: 7200000 }
options
{ serverHost: '10.0.1.8',
  serverPort: 22100,
  sessionKey: 
   { id: 40101058,
     cipherKeyVal: <Buffer 40 92 bf 34 e0 e5 29 4e eb bb 5d a5 73 e7 e6 76>,
     macKeyVal: <Buffer fa 85 09 f5 41 46 c1 cc 63 94 55 c2 70 d4 ec 25 a8 c4 ce ef 11 b4 96 87 bc eb 2e 62 d5 14 eb fb>,
     absValidity: 2018-03-22T02:21:12.678Z,
     relValidity: 7200000 },
  sessionCryptoSpec: { cipher: 'AES-128-CBC', mac: 'SHA256' },
  sessionProtocol: 'TCP',
  handshakeTimeout: 50000 }
chosen nonce: <Buffer 3d fd cc e4 f1 99 a3 41>
switching to HANDSHAKE_1_SENT
disconnected from auth
Handler: secure connection with the server closed.
received session key handshake2!
client ret: [object Object]
server authenticated/authorized by solving nonce!
Handler: communication initialization succeeded
file data length: 1024
sending at Wed Mar 21 2018 02:21:13 GMT+0000 (UTC)
switching to IN_COMM
received secure communication message!
Received seqNum: 0
Handler: data received from server via secure communication
data1
Resp-actual/expected/ratio/ts: 22 24 0.9166666666666666 1521598874414
Distribution protocol: TCP
Resp-actual/expected/ratio/ts: 22 25 0.88 1521598932061
connected to auth! from local port 47284
received auth hello!
{ authId: 401, nonce: <Buffer f7 c8 69 b5 90 55 7a d8> }
received session key response encrypted with distribution key
replyNonce in sessionKeyResp: <Buffer 91 39 3c 04 32 58 eb 95>
auth nonce verified
handleSessionKeyResp: session key request succeeded! authFailureCount: 0
received 1 keys
currentSessionKey: [object Object]
Status: Secure connection closed before starting a new connection.
Session protocol: TCP
chosen commSessionKey: 
{ id: 40101069,
  cipherKeyVal: <Buffer bf 97 21 e6 1b 68 ec 8c 50 da ec cf e5 34 0f 41>,
  macKeyVal: <Buffer 59 c7 a8 0a e2 a6 32 f9 3a b0 a2 07 5b b2 11 2b c6 32 e7 15 09 0d 99 4b 1f 2b 21 2d 5b 1e 9d b8>,
  absValidity: 2018-03-22T02:22:12.250Z,
  relValidity: 7200000 }
options
{ serverHost: '10.0.1.8',
  serverPort: 22100,
  sessionKey: 
   { id: 40101069,
     cipherKeyVal: <Buffer bf 97 21 e6 1b 68 ec 8c 50 da ec cf e5 34 0f 41>,
     macKeyVal: <Buffer 59 c7 a8 0a e2 a6 32 f9 3a b0 a2 07 5b b2 11 2b c6 32 e7 15 09 0d 99 4b 1f 2b 21 2d 5b 1e 9d b8>,
     absValidity: 2018-03-22T02:22:12.250Z,
     relValidity: 7200000 },
  sessionCryptoSpec: { cipher: 'AES-128-CBC', mac: 'SHA256' },
  sessionProtocol: 'TCP',
  handshakeTimeout: 50000 }
chosen nonce: <Buffer 21 b2 18 fa ce f5 cc 8d>
switching to HANDSHAKE_1_SENT
disconnected from auth
Handler: secure connection with the server closed.
received session key handshake2!
client ret: [object Object]
server authenticated/authorized by solving nonce!
Handler: communication initialization succeeded
file data length: 1024
sending at Wed Mar 21 2018 02:22:13 GMT+0000 (UTC)
switching to IN_COMM
received secure communication message!
Received seqNum: 0
Handler: data received from server via secure communication
data1
Resp-actual/expected/ratio/ts: 23 25 0.92 1521598933778
Distribution protocol: TCP
Resp-actual/expected/ratio/ts: 23 26 0.8846153846153846 1521598992118
connected to auth! from local port 47476
received auth hello!
{ authId: 401, nonce: <Buffer 93 e2 af 47 b8 21 c2 10> }
received session key response encrypted with distribution key
replyNonce in sessionKeyResp: <Buffer ae 6c 0f 61 13 17 8e 8d>
auth nonce verified
handleSessionKeyResp: session key request succeeded! authFailureCount: 0
received 1 keys
currentSessionKey: [object Object]
Status: Secure connection closed before starting a new connection.
Session protocol: TCP
chosen commSessionKey: 
{ id: 40101080,
  cipherKeyVal: <Buffer 59 f4 60 65 43 77 20 59 00 ad bb 39 78 51 f8 6b>,
  macKeyVal: <Buffer 9d ea f9 b9 3b 73 80 48 07 2a 3b 9f 60 16 8d 0e 8c f1 dd 20 21 2a df 3c ec d5 85 04 4c e5 f3 b9>,
  absValidity: 2018-03-22T02:23:12.243Z,
  relValidity: 7200000 }
options
{ serverHost: '10.0.1.8',
  serverPort: 22100,
  sessionKey: 
   { id: 40101080,
     cipherKeyVal: <Buffer 59 f4 60 65 43 77 20 59 00 ad bb 39 78 51 f8 6b>,
     macKeyVal: <Buffer 9d ea f9 b9 3b 73 80 48 07 2a 3b 9f 60 16 8d 0e 8c f1 dd 20 21 2a df 3c ec d5 85 04 4c e5 f3 b9>,
     absValidity: 2018-03-22T02:23:12.243Z,
     relValidity: 7200000 },
  sessionCryptoSpec: { cipher: 'AES-128-CBC', mac: 'SHA256' },
  sessionProtocol: 'TCP',
  handshakeTimeout: 50000 }
chosen nonce: <Buffer 1c d5 7c 2e 18 ea d1 ad>
switching to HANDSHAKE_1_SENT
disconnected from auth
Handler: secure connection with the server closed.
received session key handshake2!
client ret: [object Object]
server authenticated/authorized by solving nonce!
Handler: communication initialization succeeded
file data length: 1024
sending at Wed Mar 21 2018 02:23:12 GMT+0000 (UTC)
switching to IN_COMM
received secure communication message!
Received seqNum: 0
Handler: data received from server via secure communication
data1
Resp-actual/expected/ratio/ts: 24 26 0.9230769230769231 1521598993103
Distribution protocol: TCP
Resp-actual/expected/ratio/ts: 24 27 0.8888888888888888 1521599052121
connected to auth! from local port 47660
received auth hello!
{ authId: 401, nonce: <Buffer 75 19 5c 7e 30 15 50 1b> }
received session key response encrypted with distribution key
replyNonce in sessionKeyResp: <Buffer f3 5c ec 03 3f 84 25 b0>
auth nonce verified
handleSessionKeyResp: session key request succeeded! authFailureCount: 0
received 1 keys
currentSessionKey: [object Object]
Status: Secure connection closed before starting a new connection.
Session protocol: TCP
chosen commSessionKey: 
{ id: 40101092,
  cipherKeyVal: <Buffer ab 45 7d 16 61 1b 85 31 86 90 3c b6 3f d8 13 ea>,
  macKeyVal: <Buffer 7a af c1 66 1b aa f5 c5 3b da ae 9b 3d c9 f1 e8 e5 e6 c8 86 03 da 1c 25 d9 3e 0e d5 b2 ff 4e 93>,
  absValidity: 2018-03-22T02:24:12.373Z,
  relValidity: 7200000 }
options
{ serverHost: '10.0.1.8',
  serverPort: 22100,
  sessionKey: 
   { id: 40101092,
     cipherKeyVal: <Buffer ab 45 7d 16 61 1b 85 31 86 90 3c b6 3f d8 13 ea>,
     macKeyVal: <Buffer 7a af c1 66 1b aa f5 c5 3b da ae 9b 3d c9 f1 e8 e5 e6 c8 86 03 da 1c 25 d9 3e 0e d5 b2 ff 4e 93>,
     absValidity: 2018-03-22T02:24:12.373Z,
     relValidity: 7200000 },
  sessionCryptoSpec: { cipher: 'AES-128-CBC', mac: 'SHA256' },
  sessionProtocol: 'TCP',
  handshakeTimeout: 50000 }
chosen nonce: <Buffer 9f d8 e0 35 88 8e b9 68>
switching to HANDSHAKE_1_SENT
disconnected from auth
Handler: secure connection with the server closed.
received session key handshake2!
client ret: [object Object]
server authenticated/authorized by solving nonce!
Handler: communication initialization succeeded
file data length: 1024
sending at Wed Mar 21 2018 02:24:13 GMT+0000 (UTC)
switching to IN_COMM
received secure communication message!
Received seqNum: 0
Handler: data received from server via secure communication
data1
Resp-actual/expected/ratio/ts: 25 27 0.9259259259259259 1521599054080
Distribution protocol: TCP
Resp-actual/expected/ratio/ts: 25 28 0.8928571428571429 1521599112161
connected to auth! from local port 47858
received auth hello!
{ authId: 401, nonce: <Buffer 53 40 71 f5 7c c3 11 64> }
received session key response encrypted with distribution key
replyNonce in sessionKeyResp: <Buffer cb e4 94 19 7d 6c 3e 8d>
auth nonce verified
handleSessionKeyResp: session key request succeeded! authFailureCount: 0
received 1 keys
currentSessionKey: [object Object]
Status: Secure connection closed before starting a new connection.
Session protocol: TCP
chosen commSessionKey: 
{ id: 40101104,
  cipherKeyVal: <Buffer 78 9f 81 87 96 8d e6 ec 63 8f 30 ee fd b7 74 21>,
  macKeyVal: <Buffer c0 62 61 d3 e2 f2 16 dc 6a d2 80 ab c6 70 3f 22 98 de ce b1 89 0f e9 55 73 a8 c2 8a 1c 85 5f e6>,
  absValidity: 2018-03-22T02:25:12.292Z,
  relValidity: 7200000 }
options
{ serverHost: '10.0.1.8',
  serverPort: 22100,
  sessionKey: 
   { id: 40101104,
     cipherKeyVal: <Buffer 78 9f 81 87 96 8d e6 ec 63 8f 30 ee fd b7 74 21>,
     macKeyVal: <Buffer c0 62 61 d3 e2 f2 16 dc 6a d2 80 ab c6 70 3f 22 98 de ce b1 89 0f e9 55 73 a8 c2 8a 1c 85 5f e6>,
     absValidity: 2018-03-22T02:25:12.292Z,
     relValidity: 7200000 },
  sessionCryptoSpec: { cipher: 'AES-128-CBC', mac: 'SHA256' },
  sessionProtocol: 'TCP',
  handshakeTimeout: 50000 }
chosen nonce: <Buffer 76 88 e5 e0 79 49 c2 70>
switching to HANDSHAKE_1_SENT
disconnected from auth
Handler: secure connection with the server closed.
Handler: Error in secure comm - details: Comm init failed: handshake1 timed out ...
Handler: Error in secure comm - details: Comm init failed: disconnected from server during communication initialization.10.0.1.8:undefined
Distribution protocol: TCP
Resp-actual/expected/ratio/ts: 25 29 0.8620689655172413 1521599172169
connected to auth! from local port 48046
received auth hello!
{ authId: 401, nonce: <Buffer 3d dc 26 86 f7 ba 39 ee> }
received session key response encrypted with distribution key
replyNonce in sessionKeyResp: <Buffer 67 89 3d e3 71 3a 71 c2>
auth nonce verified
handleSessionKeyResp: session key request succeeded! authFailureCount: 0
received 1 keys
currentSessionKey: [object Object]
Status: Secure connection closed before starting a new connection.
Session protocol: TCP
chosen commSessionKey: 
{ id: 40101116,
  cipherKeyVal: <Buffer ab e9 1d d3 f6 91 df d3 bd f6 b2 98 07 47 66 51>,
  macKeyVal: <Buffer 05 7a d7 9a cb 77 bb c1 e4 be a4 75 9f 82 b5 50 f0 ce 97 35 ab 5c a4 a9 05 4d 41 d5 e7 fe 9f 7c>,
  absValidity: 2018-03-22T02:26:12.289Z,
  relValidity: 7200000 }
options
{ serverHost: '10.0.1.8',
  serverPort: 22100,
  sessionKey: 
   { id: 40101116,
     cipherKeyVal: <Buffer ab e9 1d d3 f6 91 df d3 bd f6 b2 98 07 47 66 51>,
     macKeyVal: <Buffer 05 7a d7 9a cb 77 bb c1 e4 be a4 75 9f 82 b5 50 f0 ce 97 35 ab 5c a4 a9 05 4d 41 d5 e7 fe 9f 7c>,
     absValidity: 2018-03-22T02:26:12.289Z,
     relValidity: 7200000 },
  sessionCryptoSpec: { cipher: 'AES-128-CBC', mac: 'SHA256' },
  sessionProtocol: 'TCP',
  handshakeTimeout: 50000 }
chosen nonce: <Buffer f5 22 a7 20 37 49 3c 65>
switching to HANDSHAKE_1_SENT
disconnected from auth
