changing working directory to: /home/hokeunkim/Development/iotauth/entity/node/example_entities
loading from config file: /home/hokeunkim/Development/iotauth_experiments/experiments/ccs2017/expOptions/expEntity.option
Experimental options for echoServer: { autoSendPeriod: 60000,
  useSameSessionKeyCount: 1,
  connectionTimeout: 50000,
  migrationEnabled: true,
  authFailureThreshold: 2,
  migrationFailureThreshold: 2 }
loading from config file: /home/hokeunkim/Development/iotauth/entity/node/example_entities/configs/Servers/s504.config
initializing secure comm server...
Session protocol: TCP
current parameters: { migrationEnabled: true,
  authFailureThreshold: 3,
  migrationFailureThreshold: 3 }
current parameters: { migrationEnabled: true,
  authFailureThreshold: 2,
  migrationFailureThreshold: 3 }
current parameters: { migrationEnabled: true,
  authFailureThreshold: 2,
  migrationFailureThreshold: 2 }
current entityInfo: { name: 's504',
  group: 'Servers',
  distProtocol: 'TCP',
  usePermanentDistKey: false,
  connectionTimeout: 50000,
  privateKey: <Buffer 2d 2d 2d 2d 2d 42 45 47 49 4e 20 52 53 41 20 50 52 49 56 41 54 45 20 4b 45 59 2d 2d 2d 2d 2d 0a 4d 49 49 45 6f 77 49 42 41 41 4b 43 41 51 45 41 32 2b ... > }
Handler: listening on port 22100
s504:Servers prompt>
Unidentified client connected
received session key handshake1
switching to HANDSHAKE_1_RECEIVED state.
session key id: 50100247
session key NOT found! sending session key id to AuthService
Distribution protocol: TCP
connected to auth! from local port 42780
received auth hello!
{ authId: 501, nonce: <Buffer c7 91 22 5a ef af 8a a2> }
received session key response with distribution key attached!
auth signature verified
replyNonce in sessionKeyResp: <Buffer d7 df d9 65 b0 58 e8 06>
auth nonce verified
handleSessionKeyResp: session key request succeeded! authFailureCount: 0
updating distribution key: { cipherKeyVal: <Buffer 61 f2 85 55 01 3e 25 aa cf 38 ca f7 be 41 a1 4b>,
  macKeyVal: <Buffer 9e 31 cf 04 33 ea e0 39 2f de 19 d2 21 0b af 5e 96 69 8a e6 f4 9e 53 a2 4c ea c2 23 b0 af 45 58>,
  absValidity: 2018-03-21T06:03:32.078Z }
received 1 keys
Session key id is as expected
server ret: [object Object]
chosen nonce: <Buffer b2 7a ed 43 9e a3 a3 ca>
switching to HANDSHAKE_2_SENT
disconnected from auth
received session key handshake3!
{ replyNonce: <Buffer b2 7a ed 43 9e a3 a3 ca> }
client authenticated/authorized by solving nonce!
switching to IN_COMM
Handler: secure connection with the client established.
{ id: 0,
  remoteAddress: '::ffff:10.0.1.67:35430',
  status: 'open' }
received secure communication!
Received seqNum: 0
data received from server via secure communication
Handler: socketID: 0 data: data1
toSend: { data: <Buffer 64 61 74 61 31>, id: 0 }
specified socketID: 0
Unidentified client disconnected
Handler: secure connection with the client closed.
socket #0 closed
Unidentified client connected
received session key handshake1
switching to HANDSHAKE_1_RECEIVED state.
session key id: 50100255
session key NOT found! sending session key id to AuthService
Distribution protocol: TCP
connected to auth! from local port 43036
received auth hello!
{ authId: 501, nonce: <Buffer 41 ca c7 7d 97 90 bd 93> }
received session key response encrypted with distribution key
replyNonce in sessionKeyResp: <Buffer 1b e6 2d 69 f6 de af c8>
auth nonce verified
handleSessionKeyResp: session key request succeeded! authFailureCount: 0
received 1 keys
Session key id is as expected
server ret: [object Object]
chosen nonce: <Buffer fc 2e 2b 0d 41 3b d5 c4>
switching to HANDSHAKE_2_SENT
received session key handshake3!
{ replyNonce: <Buffer fc 2e 2b 0d 41 3b d5 c4> }
client authenticated/authorized by solving nonce!
switching to IN_COMM
Handler: secure connection with the client established.
{ id: 1,
  remoteAddress: '::ffff:10.0.1.67:35686',
  status: 'open' }
disconnected from auth
received secure communication!
Received seqNum: 0
data received from server via secure communication
Handler: socketID: 1 data: data1
toSend: { data: <Buffer 64 61 74 61 31>, id: 1 }
specified socketID: 1
Unidentified client disconnected
Handler: secure connection with the client closed.
socket #1 closed
Unidentified client connected
received session key handshake1
switching to HANDSHAKE_1_RECEIVED state.
session key id: 50100263
session key NOT found! sending session key id to AuthService
Distribution protocol: TCP
connected to auth! from local port 43306
received auth hello!
{ authId: 501, nonce: <Buffer 75 e8 d7 29 56 25 01 16> }
received session key response encrypted with distribution key
replyNonce in sessionKeyResp: <Buffer 1a 6f 66 a9 a6 4a 8f 9e>
auth nonce verified
handleSessionKeyResp: session key request succeeded! authFailureCount: 0
received 1 keys
Session key id is as expected
server ret: [object Object]
chosen nonce: <Buffer 84 67 0c 3d 96 94 71 d0>
switching to HANDSHAKE_2_SENT
disconnected from auth
received session key handshake3!
{ replyNonce: <Buffer 84 67 0c 3d 96 94 71 d0> }
client authenticated/authorized by solving nonce!
switching to IN_COMM
Handler: secure connection with the client established.
{ id: 2,
  remoteAddress: '::ffff:10.0.1.67:35956',
  status: 'open' }
received secure communication!
Received seqNum: 0
data received from server via secure communication
Handler: socketID: 2 data: data1
toSend: { data: <Buffer 64 61 74 61 31>, id: 2 }
specified socketID: 2
Unidentified client disconnected
Handler: secure connection with the client closed.
socket #2 closed
Unidentified client connected
received session key handshake1
switching to HANDSHAKE_1_RECEIVED state.
session key id: 50100271
session key NOT found! sending session key id to AuthService
Distribution protocol: TCP
connected to auth! from local port 43576
received auth hello!
{ authId: 501, nonce: <Buffer 23 70 5b a6 90 c7 4a 78> }
received session key response encrypted with distribution key
replyNonce in sessionKeyResp: <Buffer 34 86 f1 ed 26 ea af c1>
auth nonce verified
handleSessionKeyResp: session key request succeeded! authFailureCount: 0
received 1 keys
Session key id is as expected
server ret: [object Object]
chosen nonce: <Buffer 65 38 0b b8 1d de e1 23>
switching to HANDSHAKE_2_SENT
disconnected from auth
received session key handshake3!
{ replyNonce: <Buffer 65 38 0b b8 1d de e1 23> }
client authenticated/authorized by solving nonce!
switching to IN_COMM
Handler: secure connection with the client established.
{ id: 3,
  remoteAddress: '::ffff:10.0.1.67:36226',
  status: 'open' }
received secure communication!
Received seqNum: 0
data received from server via secure communication
Handler: socketID: 3 data: data1
toSend: { data: <Buffer 64 61 74 61 31>, id: 3 }
specified socketID: 3
Unidentified client disconnected
Handler: secure connection with the client closed.
socket #3 closed
Unidentified client connected
received session key handshake1
switching to HANDSHAKE_1_RECEIVED state.
session key id: 50100279
session key NOT found! sending session key id to AuthService
Distribution protocol: TCP
connected to auth! from local port 43846
received auth hello!
{ authId: 501, nonce: <Buffer b1 e3 71 ad 40 a0 2b 59> }
received session key response encrypted with distribution key
replyNonce in sessionKeyResp: <Buffer 36 15 4f 55 a5 c7 7d 18>
auth nonce verified
handleSessionKeyResp: session key request succeeded! authFailureCount: 0
received 1 keys
Session key id is as expected
server ret: [object Object]
chosen nonce: <Buffer 4a d0 b9 c6 ef 9c 5a c8>
switching to HANDSHAKE_2_SENT
disconnected from auth
received session key handshake3!
{ replyNonce: <Buffer 4a d0 b9 c6 ef 9c 5a c8> }
client authenticated/authorized by solving nonce!
switching to IN_COMM
Handler: secure connection with the client established.
{ id: 4,
  remoteAddress: '::ffff:10.0.1.67:36496',
  status: 'open' }
received secure communication!
Received seqNum: 0
data received from server via secure communication
Handler: socketID: 4 data: data1
toSend: { data: <Buffer 64 61 74 61 31>, id: 4 }
specified socketID: 4
Unidentified client disconnected
Handler: secure connection with the client closed.
socket #4 closed
Unidentified client connected
received session key handshake1
switching to HANDSHAKE_1_RECEIVED state.
session key id: 50100287
session key NOT found! sending session key id to AuthService
Distribution protocol: TCP
connected to auth! from local port 44116
received auth hello!
{ authId: 501, nonce: <Buffer a7 3a 07 bd 27 8e fc 2f> }
received session key response encrypted with distribution key
replyNonce in sessionKeyResp: <Buffer 39 b6 0c a5 38 34 0a 3a>
auth nonce verified
handleSessionKeyResp: session key request succeeded! authFailureCount: 0
received 1 keys
Session key id is as expected
server ret: [object Object]
chosen nonce: <Buffer 61 aa f6 de 80 8c 25 30>
switching to HANDSHAKE_2_SENT
disconnected from auth
received session key handshake3!
{ replyNonce: <Buffer 61 aa f6 de 80 8c 25 30> }
client authenticated/authorized by solving nonce!
switching to IN_COMM
Handler: secure connection with the client established.
{ id: 5,
  remoteAddress: '::ffff:10.0.1.67:36766',
  status: 'open' }
received secure communication!
Received seqNum: 0
data received from server via secure communication
Handler: socketID: 5 data: data1
toSend: { data: <Buffer 64 61 74 61 31>, id: 5 }
specified socketID: 5
Unidentified client disconnected
Handler: secure connection with the client closed.
socket #5 closed
Unidentified client connected
received session key handshake1
switching to HANDSHAKE_1_RECEIVED state.
session key id: 50100295
session key NOT found! sending session key id to AuthService
Distribution protocol: TCP
connected to auth! from local port 44386
received auth hello!
{ authId: 501, nonce: <Buffer 72 ef 65 24 73 9f db d2> }
received session key response encrypted with distribution key
replyNonce in sessionKeyResp: <Buffer ca 3c 4b 80 94 dd d6 cd>
auth nonce verified
handleSessionKeyResp: session key request succeeded! authFailureCount: 0
received 1 keys
Session key id is as expected
server ret: [object Object]
chosen nonce: <Buffer 9c 65 af 83 e9 6a 27 e3>
switching to HANDSHAKE_2_SENT
disconnected from auth
received session key handshake3!
{ replyNonce: <Buffer 9c 65 af 83 e9 6a 27 e3> }
client authenticated/authorized by solving nonce!
switching to IN_COMM
Handler: secure connection with the client established.
{ id: 6,
  remoteAddress: '::ffff:10.0.1.67:37036',
  status: 'open' }
received secure communication!
Received seqNum: 0
data received from server via secure communication
Handler: socketID: 6 data: data1
toSend: { data: <Buffer 64 61 74 61 31>, id: 6 }
specified socketID: 6
Unidentified client disconnected
Handler: secure connection with the client closed.
socket #6 closed
Unidentified client connected
received session key handshake1
switching to HANDSHAKE_1_RECEIVED state.
session key id: 50100303
session key NOT found! sending session key id to AuthService
Distribution protocol: TCP
connected to auth! from local port 44640
received auth hello!
{ authId: 501, nonce: <Buffer d5 28 82 92 00 2b b3 5a> }
received session key response encrypted with distribution key
replyNonce in sessionKeyResp: <Buffer cc 00 36 23 ba 5f 33 a0>
auth nonce verified
handleSessionKeyResp: session key request succeeded! authFailureCount: 0
received 1 keys
Session key id is as expected
server ret: [object Object]
chosen nonce: <Buffer 00 b9 0e 8a fd 83 26 19>
switching to HANDSHAKE_2_SENT
disconnected from auth
received session key handshake3!
{ replyNonce: <Buffer 00 b9 0e 8a fd 83 26 19> }
client authenticated/authorized by solving nonce!
switching to IN_COMM
Handler: secure connection with the client established.
{ id: 7,
  remoteAddress: '::ffff:10.0.1.67:37290',
  status: 'open' }
received secure communication!
Received seqNum: 0
data received from server via secure communication
Handler: socketID: 7 data: data1
toSend: { data: <Buffer 64 61 74 61 31>, id: 7 }
specified socketID: 7
Unidentified client disconnected
Handler: secure connection with the client closed.
socket #7 closed
Unidentified client connected
received session key handshake1
switching to HANDSHAKE_1_RECEIVED state.
session key id: 50100311
session key NOT found! sending session key id to AuthService
Distribution protocol: TCP
connected to auth! from local port 44866
received auth hello!
{ authId: 501, nonce: <Buffer 41 fa 21 25 c7 03 77 59> }
received session key response encrypted with distribution key
replyNonce in sessionKeyResp: <Buffer 70 68 51 45 9e 6c 05 ec>
auth nonce verified
handleSessionKeyResp: session key request succeeded! authFailureCount: 0
received 1 keys
Session key id is as expected
server ret: [object Object]
chosen nonce: <Buffer 46 fe dd 7b 8e 63 35 2b>
switching to HANDSHAKE_2_SENT
disconnected from auth
received session key handshake3!
{ replyNonce: <Buffer 46 fe dd 7b 8e 63 35 2b> }
client authenticated/authorized by solving nonce!
switching to IN_COMM
Handler: secure connection with the client established.
{ id: 8,
  remoteAddress: '::ffff:10.0.1.67:37516',
  status: 'open' }
received secure communication!
Received seqNum: 0
data received from server via secure communication
Handler: socketID: 8 data: data1
toSend: { data: <Buffer 64 61 74 61 31>, id: 8 }
specified socketID: 8
Unidentified client disconnected
Handler: secure connection with the client closed.
socket #8 closed
Unidentified client connected
received session key handshake1
switching to HANDSHAKE_1_RECEIVED state.
session key id: 50100319
session key NOT found! sending session key id to AuthService
Distribution protocol: TCP
connected to auth! from local port 45114
received auth hello!
{ authId: 501, nonce: <Buffer f5 af af e6 e0 54 80 2e> }
received session key response encrypted with distribution key
replyNonce in sessionKeyResp: <Buffer 1d fc df b7 7d 65 dd 38>
auth nonce verified
handleSessionKeyResp: session key request succeeded! authFailureCount: 0
received 1 keys
Session key id is as expected
server ret: [object Object]
chosen nonce: <Buffer 18 95 72 55 fd 0c 8d 82>
switching to HANDSHAKE_2_SENT
disconnected from auth
received session key handshake3!
{ replyNonce: <Buffer 18 95 72 55 fd 0c 8d 82> }
client authenticated/authorized by solving nonce!
switching to IN_COMM
Handler: secure connection with the client established.
{ id: 9,
  remoteAddress: '::ffff:10.0.1.67:37764',
  status: 'open' }
received secure communication!
Received seqNum: 0
data received from server via secure communication
Handler: socketID: 9 data: data1
toSend: { data: <Buffer 64 61 74 61 31>, id: 9 }
specified socketID: 9
Unidentified client disconnected
Handler: secure connection with the client closed.
socket #9 closed
Unidentified client connected
received session key handshake1
switching to HANDSHAKE_1_RECEIVED state.
session key id: 50100328
session key NOT found! sending session key id to AuthService
Distribution protocol: TCP
connected to auth! from local port 45386
received auth hello!
{ authId: 501, nonce: <Buffer 5a e5 2f 47 b7 53 7d 0a> }
received session key response encrypted with distribution key
replyNonce in sessionKeyResp: <Buffer 14 87 de 76 73 65 e1 ef>
auth nonce verified
handleSessionKeyResp: session key request succeeded! authFailureCount: 0
received 1 keys
Session key id is as expected
server ret: [object Object]
chosen nonce: <Buffer cc 49 fa 16 da cb da b8>
switching to HANDSHAKE_2_SENT
received session key handshake3!
{ replyNonce: <Buffer cc 49 fa 16 da cb da b8> }
client authenticated/authorized by solving nonce!
switching to IN_COMM
Handler: secure connection with the client established.
{ id: 10,
  remoteAddress: '::ffff:10.0.1.67:38036',
  status: 'open' }
disconnected from auth
received secure communication!
Received seqNum: 0
data received from server via secure communication
Handler: socketID: 10 data: data1
toSend: { data: <Buffer 64 61 74 61 31>, id: 10 }
specified socketID: 10
Unidentified client disconnected
Handler: secure connection with the client closed.
socket #10 closed
Unidentified client connected
received session key handshake1
switching to HANDSHAKE_1_RECEIVED state.
session key id: 50100337
session key NOT found! sending session key id to AuthService
Distribution protocol: TCP
connected to auth! from local port 45670
received auth hello!
{ authId: 501, nonce: <Buffer 8f 46 9c 52 c8 8e e5 39> }
received session key response encrypted with distribution key
replyNonce in sessionKeyResp: <Buffer f4 f2 c6 1a 36 c2 6a ec>
auth nonce verified
handleSessionKeyResp: session key request succeeded! authFailureCount: 0
received 1 keys
Session key id is as expected
server ret: [object Object]
chosen nonce: <Buffer 31 c4 60 0f 11 a2 9c 70>
switching to HANDSHAKE_2_SENT
disconnected from auth
received session key handshake3!
{ replyNonce: <Buffer 31 c4 60 0f 11 a2 9c 70> }
client authenticated/authorized by solving nonce!
switching to IN_COMM
Handler: secure connection with the client established.
{ id: 11,
  remoteAddress: '::ffff:10.0.1.67:38320',
  status: 'open' }
received secure communication!
Received seqNum: 0
data received from server via secure communication
Handler: socketID: 11 data: data1
toSend: { data: <Buffer 64 61 74 61 31>, id: 11 }
specified socketID: 11
Unidentified client disconnected
Handler: secure connection with the client closed.
socket #11 closed
Unidentified client connected
received session key handshake1
switching to HANDSHAKE_1_RECEIVED state.
session key id: 50100346
session key NOT found! sending session key id to AuthService
Distribution protocol: TCP
connected to auth! from local port 45938
received auth hello!
{ authId: 501, nonce: <Buffer a4 a8 47 f2 fd 34 ac a7> }
received session key response encrypted with distribution key
replyNonce in sessionKeyResp: <Buffer b8 aa 0a d6 fe db 65 c4>
auth nonce verified
handleSessionKeyResp: session key request succeeded! authFailureCount: 0
received 1 keys
Session key id is as expected
server ret: [object Object]
chosen nonce: <Buffer 4a f0 f9 ff bf 06 f5 77>
switching to HANDSHAKE_2_SENT
disconnected from auth
received session key handshake3!
{ replyNonce: <Buffer 4a f0 f9 ff bf 06 f5 77> }
client authenticated/authorized by solving nonce!
switching to IN_COMM
Handler: secure connection with the client established.
{ id: 12,
  remoteAddress: '::ffff:10.0.1.67:38588',
  status: 'open' }
received secure communication!
Received seqNum: 0
data received from server via secure communication
Handler: socketID: 12 data: data1
toSend: { data: <Buffer 64 61 74 61 31>, id: 12 }
specified socketID: 12
Unidentified client disconnected
Handler: secure connection with the client closed.
socket #12 closed
Unidentified client connected
received session key handshake1
switching to HANDSHAKE_1_RECEIVED state.
session key id: 50100355
session key NOT found! sending session key id to AuthService
Distribution protocol: TCP
connected to auth! from local port 46204
received auth hello!
{ authId: 501, nonce: <Buffer 58 4a 38 2b 18 da 3f 02> }
received session key response encrypted with distribution key
replyNonce in sessionKeyResp: <Buffer 78 32 46 37 f5 ee 10 c7>
auth nonce verified
handleSessionKeyResp: session key request succeeded! authFailureCount: 0
received 1 keys
Session key id is as expected
server ret: [object Object]
chosen nonce: <Buffer c2 b6 4a e2 d5 39 62 69>
switching to HANDSHAKE_2_SENT
disconnected from auth
received session key handshake3!
{ replyNonce: <Buffer c2 b6 4a e2 d5 39 62 69> }
client authenticated/authorized by solving nonce!
switching to IN_COMM
Handler: secure connection with the client established.
{ id: 13,
  remoteAddress: '::ffff:10.0.1.67:38854',
  status: 'open' }
received secure communication!
Received seqNum: 0
data received from server via secure communication
Handler: socketID: 13 data: data1
toSend: { data: <Buffer 64 61 74 61 31>, id: 13 }
specified socketID: 13
Unidentified client disconnected
Handler: secure connection with the client closed.
socket #13 closed
Unidentified client connected
received session key handshake1
switching to HANDSHAKE_1_RECEIVED state.
session key id: 50100364
session key NOT found! sending session key id to AuthService
Distribution protocol: TCP
connected to auth! from local port 46470
received auth hello!
{ authId: 501, nonce: <Buffer 2a 56 16 85 03 a0 f4 a7> }
received session key response encrypted with distribution key
replyNonce in sessionKeyResp: <Buffer 11 5e c3 37 65 b6 33 96>
auth nonce verified
handleSessionKeyResp: session key request succeeded! authFailureCount: 0
received 1 keys
Session key id is as expected
server ret: [object Object]
chosen nonce: <Buffer 4e 03 bd 64 48 2f 71 20>
switching to HANDSHAKE_2_SENT
disconnected from auth
received session key handshake3!
{ replyNonce: <Buffer 4e 03 bd 64 48 2f 71 20> }
client authenticated/authorized by solving nonce!
switching to IN_COMM
Handler: secure connection with the client established.
{ id: 14,
  remoteAddress: '::ffff:10.0.1.67:39120',
  status: 'open' }
received secure communication!
Received seqNum: 0
data received from server via secure communication
Handler: socketID: 14 data: data1
toSend: { data: <Buffer 64 61 74 61 31>, id: 14 }
specified socketID: 14
Unidentified client disconnected
Handler: secure connection with the client closed.
socket #14 closed
Unidentified client connected
received session key handshake1
switching to HANDSHAKE_1_RECEIVED state.
session key id: 50100373
session key NOT found! sending session key id to AuthService
Distribution protocol: TCP
connected to auth! from local port 46736
received auth hello!
{ authId: 501, nonce: <Buffer 48 a0 83 5c 39 cc 8a aa> }
received session key response encrypted with distribution key
replyNonce in sessionKeyResp: <Buffer 2e 4e b5 fe b3 69 3c 01>
auth nonce verified
handleSessionKeyResp: session key request succeeded! authFailureCount: 0
received 1 keys
Session key id is as expected
server ret: [object Object]
chosen nonce: <Buffer 18 97 ae d6 00 85 2e 53>
switching to HANDSHAKE_2_SENT
disconnected from auth
received session key handshake3!
{ replyNonce: <Buffer 18 97 ae d6 00 85 2e 53> }
client authenticated/authorized by solving nonce!
switching to IN_COMM
Handler: secure connection with the client established.
{ id: 15,
  remoteAddress: '::ffff:10.0.1.67:39386',
  status: 'open' }
received secure communication!
Received seqNum: 0
data received from server via secure communication
Handler: socketID: 15 data: data1
toSend: { data: <Buffer 64 61 74 61 31>, id: 15 }
specified socketID: 15
Unidentified client disconnected
Handler: secure connection with the client closed.
socket #15 closed
Unidentified client connected
received session key handshake1
switching to HANDSHAKE_1_RECEIVED state.
session key id: 50100382
session key NOT found! sending session key id to AuthService
Distribution protocol: TCP
connected to auth! from local port 47002
received auth hello!
{ authId: 501, nonce: <Buffer b5 3f 38 98 b4 63 e3 63> }
received session key response encrypted with distribution key
replyNonce in sessionKeyResp: <Buffer a9 a0 04 e0 f7 51 5a 7a>
auth nonce verified
handleSessionKeyResp: session key request succeeded! authFailureCount: 0
received 1 keys
Session key id is as expected
server ret: [object Object]
chosen nonce: <Buffer bd 94 d9 fd 4e 3c c3 5d>
switching to HANDSHAKE_2_SENT
disconnected from auth
received session key handshake3!
{ replyNonce: <Buffer bd 94 d9 fd 4e 3c c3 5d> }
client authenticated/authorized by solving nonce!
switching to IN_COMM
Handler: secure connection with the client established.
{ id: 16,
  remoteAddress: '::ffff:10.0.1.67:39652',
  status: 'open' }
received secure communication!
Received seqNum: 0
data received from server via secure communication
Handler: socketID: 16 data: data1
toSend: { data: <Buffer 64 61 74 61 31>, id: 16 }
specified socketID: 16
Unidentified client disconnected
Handler: secure connection with the client closed.
socket #16 closed
Unidentified client connected
received session key handshake1
switching to HANDSHAKE_1_RECEIVED state.
session key id: 50100391
session key NOT found! sending session key id to AuthService
Distribution protocol: TCP
connected to auth! from local port 47268
received auth hello!
{ authId: 501, nonce: <Buffer 1c dc 01 df 6f 17 7b d4> }
received session key response encrypted with distribution key
replyNonce in sessionKeyResp: <Buffer 2e d2 4d 1e fa 1e 46 cc>
auth nonce verified
handleSessionKeyResp: session key request succeeded! authFailureCount: 0
received 1 keys
Session key id is as expected
server ret: [object Object]
chosen nonce: <Buffer c6 6f 2e 5d ab 6a af 85>
switching to HANDSHAKE_2_SENT
received session key handshake3!
{ replyNonce: <Buffer c6 6f 2e 5d ab 6a af 85> }
client authenticated/authorized by solving nonce!
switching to IN_COMM
Handler: secure connection with the client established.
{ id: 17,
  remoteAddress: '::ffff:10.0.1.67:39918',
  status: 'open' }
disconnected from auth
received secure communication!
Received seqNum: 0
data received from server via secure communication
Handler: socketID: 17 data: data1
toSend: { data: <Buffer 64 61 74 61 31>, id: 17 }
specified socketID: 17
Unidentified client disconnected
Handler: secure connection with the client closed.
socket #17 closed
Unidentified client connected
received session key handshake1
switching to HANDSHAKE_1_RECEIVED state.
session key id: 50100400
session key NOT found! sending session key id to AuthService
Distribution protocol: TCP
connected to auth! from local port 47534
received auth hello!
{ authId: 501, nonce: <Buffer d3 59 c3 0a 61 b4 1c 96> }
received session key response encrypted with distribution key
replyNonce in sessionKeyResp: <Buffer 9d 45 96 4e 7b c8 f5 c4>
auth nonce verified
handleSessionKeyResp: session key request succeeded! authFailureCount: 0
received 1 keys
Session key id is as expected
server ret: [object Object]
chosen nonce: <Buffer d1 88 f4 88 f7 6f e2 70>
switching to HANDSHAKE_2_SENT
received session key handshake3!
{ replyNonce: <Buffer d1 88 f4 88 f7 6f e2 70> }
client authenticated/authorized by solving nonce!
switching to IN_COMM
Handler: secure connection with the client established.
{ id: 18,
  remoteAddress: '::ffff:10.0.1.67:40184',
  status: 'open' }
disconnected from auth
received secure communication!
Received seqNum: 0
data received from server via secure communication
Handler: socketID: 18 data: data1
toSend: { data: <Buffer 64 61 74 61 31>, id: 18 }
specified socketID: 18
Unidentified client disconnected
Handler: secure connection with the client closed.
socket #18 closed
Unidentified client connected
received session key handshake1
switching to HANDSHAKE_1_RECEIVED state.
session key id: 50100409
session key NOT found! sending session key id to AuthService
Distribution protocol: TCP
connected to auth! from local port 47800
received auth hello!
{ authId: 501, nonce: <Buffer a2 b7 d0 d8 30 ae aa 3e> }
received session key response encrypted with distribution key
replyNonce in sessionKeyResp: <Buffer 4c 14 b6 55 7d ee 16 c2>
auth nonce verified
handleSessionKeyResp: session key request succeeded! authFailureCount: 0
received 1 keys
Session key id is as expected
server ret: [object Object]
chosen nonce: <Buffer c7 e9 f6 01 08 04 55 98>
switching to HANDSHAKE_2_SENT
received session key handshake3!
{ replyNonce: <Buffer c7 e9 f6 01 08 04 55 98> }
client authenticated/authorized by solving nonce!
switching to IN_COMM
Handler: secure connection with the client established.
{ id: 19,
  remoteAddress: '::ffff:10.0.1.67:40450',
  status: 'open' }
disconnected from auth
received secure communication!
Received seqNum: 0
data received from server via secure communication
Handler: socketID: 19 data: data1
toSend: { data: <Buffer 64 61 74 61 31>, id: 19 }
specified socketID: 19
Unidentified client disconnected
Handler: secure connection with the client closed.
socket #19 closed
Unidentified client connected
received session key handshake1
switching to HANDSHAKE_1_RECEIVED state.
session key id: 50100418
session key NOT found! sending session key id to AuthService
Distribution protocol: TCP
connected to auth! from local port 48066
received auth hello!
{ authId: 501, nonce: <Buffer f5 20 b2 31 cc e4 eb f0> }
received session key response encrypted with distribution key
replyNonce in sessionKeyResp: <Buffer 99 aa 1e 5e ed 2c 3d 10>
auth nonce verified
handleSessionKeyResp: session key request succeeded! authFailureCount: 0
received 1 keys
Session key id is as expected
server ret: [object Object]
chosen nonce: <Buffer c7 ad b8 4a a9 c8 f6 a8>
switching to HANDSHAKE_2_SENT
received session key handshake3!
{ replyNonce: <Buffer c7 ad b8 4a a9 c8 f6 a8> }
client authenticated/authorized by solving nonce!
switching to IN_COMM
Handler: secure connection with the client established.
{ id: 20,
  remoteAddress: '::ffff:10.0.1.67:40716',
  status: 'open' }
disconnected from auth
received secure communication!
Received seqNum: 0
data received from server via secure communication
Handler: socketID: 20 data: data1
toSend: { data: <Buffer 64 61 74 61 31>, id: 20 }
specified socketID: 20
Unidentified client disconnected
Handler: secure connection with the client closed.
socket #20 closed
Unidentified client connected
received session key handshake1
switching to HANDSHAKE_1_RECEIVED state.
session key id: 50100427
session key NOT found! sending session key id to AuthService
Distribution protocol: TCP
connected to auth! from local port 48332
received auth hello!
{ authId: 501, nonce: <Buffer 62 10 8a 08 65 e3 dc 88> }
received session key response encrypted with distribution key
replyNonce in sessionKeyResp: <Buffer 39 78 74 77 da 8a 94 eb>
auth nonce verified
handleSessionKeyResp: session key request succeeded! authFailureCount: 0
received 1 keys
Session key id is as expected
server ret: [object Object]
chosen nonce: <Buffer 32 38 d3 81 d0 fc 02 2e>
switching to HANDSHAKE_2_SENT
disconnected from auth
received session key handshake3!
{ replyNonce: <Buffer 32 38 d3 81 d0 fc 02 2e> }
client authenticated/authorized by solving nonce!
switching to IN_COMM
Handler: secure connection with the client established.
{ id: 21,
  remoteAddress: '::ffff:10.0.1.67:40982',
  status: 'open' }
received secure communication!
Received seqNum: 0
data received from server via secure communication
Handler: socketID: 21 data: data1
toSend: { data: <Buffer 64 61 74 61 31>, id: 21 }
specified socketID: 21
Unidentified client disconnected
Handler: secure connection with the client closed.
socket #21 closed
Unidentified client connected
received session key handshake1
switching to HANDSHAKE_1_RECEIVED state.
session key id: 50100436
session key NOT found! sending session key id to AuthService
Distribution protocol: TCP
connected to auth! from local port 48598
received auth hello!
{ authId: 501, nonce: <Buffer a7 d0 fd 71 80 bc 09 5e> }
received session key response encrypted with distribution key
replyNonce in sessionKeyResp: <Buffer f2 42 05 af 2d 4e 8c a3>
auth nonce verified
handleSessionKeyResp: session key request succeeded! authFailureCount: 0
received 1 keys
Session key id is as expected
server ret: [object Object]
chosen nonce: <Buffer 28 c4 6e 6a 90 9c 72 74>
switching to HANDSHAKE_2_SENT
disconnected from auth
received session key handshake3!
{ replyNonce: <Buffer 28 c4 6e 6a 90 9c 72 74> }
client authenticated/authorized by solving nonce!
switching to IN_COMM
Handler: secure connection with the client established.
{ id: 22,
  remoteAddress: '::ffff:10.0.1.67:41248',
  status: 'open' }
received secure communication!
Received seqNum: 0
data received from server via secure communication
Handler: socketID: 22 data: data1
toSend: { data: <Buffer 64 61 74 61 31>, id: 22 }
specified socketID: 22
Unidentified client disconnected
Handler: secure connection with the client closed.
socket #22 closed
Unidentified client connected
received session key handshake1
switching to HANDSHAKE_1_RECEIVED state.
session key id: 50100445
session key NOT found! sending session key id to AuthService
Distribution protocol: TCP
connected to auth! from local port 48864
received auth hello!
{ authId: 501, nonce: <Buffer 4a c9 6d 92 4f 59 e0 98> }
received session key response encrypted with distribution key
replyNonce in sessionKeyResp: <Buffer 87 d3 fc a0 78 fe 78 d6>
auth nonce verified
handleSessionKeyResp: session key request succeeded! authFailureCount: 0
received 1 keys
Session key id is as expected
server ret: [object Object]
chosen nonce: <Buffer 64 e0 11 c4 d4 6c ac 03>
switching to HANDSHAKE_2_SENT
disconnected from auth
received session key handshake3!
{ replyNonce: <Buffer 64 e0 11 c4 d4 6c ac 03> }
client authenticated/authorized by solving nonce!
switching to IN_COMM
Handler: secure connection with the client established.
{ id: 23,
  remoteAddress: '::ffff:10.0.1.67:41514',
  status: 'open' }
received secure communication!
Received seqNum: 0
data received from server via secure communication
Handler: socketID: 23 data: data1
toSend: { data: <Buffer 64 61 74 61 31>, id: 23 }
specified socketID: 23
Unidentified client disconnected
Handler: secure connection with the client closed.
socket #23 closed
Unidentified client connected
received session key handshake1
switching to HANDSHAKE_1_RECEIVED state.
session key id: 50100454
session key NOT found! sending session key id to AuthService
Distribution protocol: TCP
connected to auth! from local port 49130
received auth hello!
{ authId: 501, nonce: <Buffer 10 09 01 37 c3 09 ec 9a> }
received session key response encrypted with distribution key
replyNonce in sessionKeyResp: <Buffer 38 e4 9b 9c 0f f5 01 55>
auth nonce verified
handleSessionKeyResp: session key request succeeded! authFailureCount: 0
received 1 keys
Session key id is as expected
server ret: [object Object]
chosen nonce: <Buffer a3 31 c2 82 e8 65 cc 58>
switching to HANDSHAKE_2_SENT
disconnected from auth
received session key handshake3!
{ replyNonce: <Buffer a3 31 c2 82 e8 65 cc 58> }
client authenticated/authorized by solving nonce!
switching to IN_COMM
Handler: secure connection with the client established.
{ id: 24,
  remoteAddress: '::ffff:10.0.1.67:41780',
  status: 'open' }
received secure communication!
Received seqNum: 0
data received from server via secure communication
Handler: socketID: 24 data: data1
toSend: { data: <Buffer 64 61 74 61 31>, id: 24 }
specified socketID: 24
Unidentified client disconnected
Handler: secure connection with the client closed.
socket #24 closed
Unidentified client connected
received session key handshake1
switching to HANDSHAKE_1_RECEIVED state.
session key id: 50100463
session key NOT found! sending session key id to AuthService
Distribution protocol: TCP
connected to auth! from local port 49396
received auth hello!
{ authId: 501, nonce: <Buffer 12 30 d6 2a 12 df 83 f5> }
received session key response encrypted with distribution key
replyNonce in sessionKeyResp: <Buffer f1 e6 c6 af 99 48 36 37>
auth nonce verified
handleSessionKeyResp: session key request succeeded! authFailureCount: 0
received 1 keys
Session key id is as expected
server ret: [object Object]
chosen nonce: <Buffer c9 1d f6 c7 c6 aa 27 1f>
switching to HANDSHAKE_2_SENT
disconnected from auth
received session key handshake3!
{ replyNonce: <Buffer c9 1d f6 c7 c6 aa 27 1f> }
client authenticated/authorized by solving nonce!
switching to IN_COMM
Handler: secure connection with the client established.
{ id: 25,
  remoteAddress: '::ffff:10.0.1.67:42046',
  status: 'open' }
received secure communication!
Received seqNum: 0
data received from server via secure communication
Handler: socketID: 25 data: data1
toSend: { data: <Buffer 64 61 74 61 31>, id: 25 }
specified socketID: 25
Unidentified client disconnected
Handler: secure connection with the client closed.
socket #25 closed
Unidentified client connected
received session key handshake1
switching to HANDSHAKE_1_RECEIVED state.
session key id: 50100472
session key NOT found! sending session key id to AuthService
Distribution protocol: TCP
connected to auth! from local port 49662
received auth hello!
{ authId: 501, nonce: <Buffer 18 50 26 4b f5 38 85 72> }
received session key response encrypted with distribution key
replyNonce in sessionKeyResp: <Buffer 98 4c 63 86 07 84 5a d1>
auth nonce verified
handleSessionKeyResp: session key request succeeded! authFailureCount: 0
received 1 keys
Session key id is as expected
server ret: [object Object]
chosen nonce: <Buffer ea 29 4d 08 fe fc 72 33>
switching to HANDSHAKE_2_SENT
disconnected from auth
received session key handshake3!
{ replyNonce: <Buffer ea 29 4d 08 fe fc 72 33> }
client authenticated/authorized by solving nonce!
switching to IN_COMM
Handler: secure connection with the client established.
{ id: 26,
  remoteAddress: '::ffff:10.0.1.67:42312',
  status: 'open' }
received secure communication!
Received seqNum: 0
data received from server via secure communication
Handler: socketID: 26 data: data1
toSend: { data: <Buffer 64 61 74 61 31>, id: 26 }
specified socketID: 26
Unidentified client disconnected
Handler: secure connection with the client closed.
socket #26 closed
