changing working directory to: /home/hokeunkim/Development/iotauth/entity/node/example_entities
loading from config file: /home/hokeunkim/Development/iotauth_experiments/experiments/ccs2017/expOptions/expEntity.option
Experimental options for echoServer: { autoSendPeriod: 60000,
  useSameSessionKeyCount: 1,
  connectionTimeout: 50000,
  migrationEnabled: true,
  authFailureThreshold: 2,
  migrationFailureThreshold: 2 }
loading from config file: /home/hokeunkim/Development/iotauth/entity/node/example_entities/configs/Servers/s411.config
initializing secure comm server...
Session protocol: TCP
current parameters: { migrationEnabled: true,
  authFailureThreshold: 3,
  migrationFailureThreshold: 3 }
current parameters: { migrationEnabled: true,
  authFailureThreshold: 2,
  migrationFailureThreshold: 3 }
current parameters: { migrationEnabled: true,
  authFailureThreshold: 2,
  migrationFailureThreshold: 2 }
current entityInfo: { name: 's411',
  group: 'Servers',
  distProtocol: 'TCP',
  usePermanentDistKey: false,
  connectionTimeout: 50000,
  privateKey: <Buffer 2d 2d 2d 2d 2d 42 45 47 49 4e 20 52 53 41 20 50 52 49 56 41 54 45 20 4b 45 59 2d 2d 2d 2d 2d 0a 4d 49 49 45 70 51 49 42 41 41 4b 43 41 51 45 41 75 44 ... > }
Handler: listening on port 22100
s411:Servers prompt>
Unidentified client connected
received session key handshake1
switching to HANDSHAKE_1_RECEIVED state.
session key id: 40100273
session key NOT found! sending session key id to AuthService
Distribution protocol: TCP
connected to auth! from local port 44008
received auth hello!
{ authId: 403, nonce: <Buffer 6a 10 b1 92 95 00 a1 c3> }
received session key response with distribution key attached!
auth signature verified
replyNonce in sessionKeyResp: <Buffer 9c 1e 67 76 27 7b c0 03>
auth nonce verified
handleSessionKeyResp: session key request succeeded! authFailureCount: 0
updating distribution key: { cipherKeyVal: <Buffer 18 0b b0 18 1c ee 92 5c 2e dc 09 f3 12 20 2b 5d>,
  macKeyVal: <Buffer f2 34 e5 1c a5 6e c6 eb 5c b7 cd 51 13 f8 d1 fe 03 c8 8d 47 a6 c4 5f f9 82 d5 8b e8 ab c1 a5 43>,
  absValidity: 2018-08-27T08:35:04.707Z }
received 1 keys
Session key id is as expected
server ret: [object Object]
chosen nonce: <Buffer 3d 54 75 56 dc 64 2d 39>
switching to HANDSHAKE_2_SENT
disconnected from auth
received session key handshake3!
{ replyNonce: <Buffer 3d 54 75 56 dc 64 2d 39> }
client authenticated/authorized by solving nonce!
switching to IN_COMM
Handler: secure connection with the client established.
{ id: 0,
  remoteAddress: '::ffff:10.0.1.45:45536',
  status: 'open' }
received secure communication!
Received seqNum: 0
data received from server via secure communication
Handler: socketID: 0 data: data1
toSend: { data: <Buffer 64 61 74 61 31>, id: 0 }
specified socketID: 0
Unidentified client disconnected
Handler: secure connection with the client closed.
socket #0 closed
Unidentified client connected
received session key handshake1
switching to HANDSHAKE_1_RECEIVED state.
session key id: 40100279
session key NOT found! sending session key id to AuthService
Distribution protocol: TCP
connected to auth! from local port 44136
received auth hello!
{ authId: 403, nonce: <Buffer 56 e1 c3 f5 00 ff 21 69> }
received session key response encrypted with distribution key
replyNonce in sessionKeyResp: <Buffer 3d 5c 27 bc a4 6a e5 65>
auth nonce verified
handleSessionKeyResp: session key request succeeded! authFailureCount: 0
received 1 keys
Session key id is as expected
server ret: [object Object]
chosen nonce: <Buffer 0d 83 af c1 71 d8 35 0f>
switching to HANDSHAKE_2_SENT
disconnected from auth
received session key handshake3!
{ replyNonce: <Buffer 0d 83 af c1 71 d8 35 0f> }
client authenticated/authorized by solving nonce!
switching to IN_COMM
Handler: secure connection with the client established.
{ id: 1,
  remoteAddress: '::ffff:10.0.1.45:45664',
  status: 'open' }
received secure communication!
Received seqNum: 0
data received from server via secure communication
Handler: socketID: 1 data: data1
toSend: { data: <Buffer 64 61 74 61 31>, id: 1 }
specified socketID: 1
Unidentified client disconnected
Handler: secure connection with the client closed.
socket #1 closed
Unidentified client connected
received session key handshake1
switching to HANDSHAKE_1_RECEIVED state.
session key id: 40100285
session key NOT found! sending session key id to AuthService
Distribution protocol: TCP
connected to auth! from local port 44372
received auth hello!
{ authId: 403, nonce: <Buffer 0f 50 3c e5 a5 b1 3b 0d> }
received session key response encrypted with distribution key
replyNonce in sessionKeyResp: <Buffer 65 a2 a2 01 33 a6 60 9a>
auth nonce verified
handleSessionKeyResp: session key request succeeded! authFailureCount: 0
received 1 keys
Session key id is as expected
server ret: [object Object]
chosen nonce: <Buffer bf 87 0a a1 ba 62 f3 f7>
switching to HANDSHAKE_2_SENT
disconnected from auth
received session key handshake3!
{ replyNonce: <Buffer bf 87 0a a1 ba 62 f3 f7> }
client authenticated/authorized by solving nonce!
switching to IN_COMM
Handler: secure connection with the client established.
{ id: 2,
  remoteAddress: '::ffff:10.0.1.45:45900',
  status: 'open' }
received secure communication!
Received seqNum: 0
data received from server via secure communication
Handler: socketID: 2 data: data1
toSend: { data: <Buffer 64 61 74 61 31>, id: 2 }
specified socketID: 2
Unidentified client disconnected
Handler: secure connection with the client closed.
socket #2 closed
Unidentified client connected
received session key handshake1
switching to HANDSHAKE_1_RECEIVED state.
session key id: 40100291
session key NOT found! sending session key id to AuthService
Distribution protocol: TCP
connected to auth! from local port 44642
received auth hello!
{ authId: 403, nonce: <Buffer a2 3e 8c ff 13 87 6f 5f> }
received session key response encrypted with distribution key
replyNonce in sessionKeyResp: <Buffer 75 66 4f 86 d7 49 7e a1>
auth nonce verified
handleSessionKeyResp: session key request succeeded! authFailureCount: 0
received 1 keys
Session key id is as expected
server ret: [object Object]
chosen nonce: <Buffer 51 11 2f 1f 2d 6f 38 0b>
switching to HANDSHAKE_2_SENT
disconnected from auth
received session key handshake3!
{ replyNonce: <Buffer 51 11 2f 1f 2d 6f 38 0b> }
client authenticated/authorized by solving nonce!
switching to IN_COMM
Handler: secure connection with the client established.
{ id: 3,
  remoteAddress: '::ffff:10.0.1.45:46170',
  status: 'open' }
received secure communication!
Received seqNum: 0
data received from server via secure communication
Handler: socketID: 3 data: data1
toSend: { data: <Buffer 64 61 74 61 31>, id: 3 }
specified socketID: 3
Unidentified client disconnected
Handler: secure connection with the client closed.
socket #3 closed
Unidentified client connected
received session key handshake1
switching to HANDSHAKE_1_RECEIVED state.
session key id: 40100297
session key NOT found! sending session key id to AuthService
Distribution protocol: TCP
connected to auth! from local port 44912
received auth hello!
{ authId: 403, nonce: <Buffer 14 a5 87 cf a5 bd 8e be> }
received session key response encrypted with distribution key
replyNonce in sessionKeyResp: <Buffer 5d a1 7c 79 3c 7e 64 f0>
auth nonce verified
handleSessionKeyResp: session key request succeeded! authFailureCount: 0
received 1 keys
Session key id is as expected
server ret: [object Object]
chosen nonce: <Buffer 1d 18 4a 48 d8 10 4d 86>
switching to HANDSHAKE_2_SENT
disconnected from auth
received session key handshake3!
{ replyNonce: <Buffer 1d 18 4a 48 d8 10 4d 86> }
client authenticated/authorized by solving nonce!
switching to IN_COMM
Handler: secure connection with the client established.
{ id: 4,
  remoteAddress: '::ffff:10.0.1.45:46440',
  status: 'open' }
received secure communication!
Received seqNum: 0
data received from server via secure communication
Handler: socketID: 4 data: data1
toSend: { data: <Buffer 64 61 74 61 31>, id: 4 }
specified socketID: 4
Unidentified client disconnected
Handler: secure connection with the client closed.
socket #4 closed
Unidentified client connected
received session key handshake1
switching to HANDSHAKE_1_RECEIVED state.
session key id: 40100303
session key NOT found! sending session key id to AuthService
Distribution protocol: TCP
connected to auth! from local port 45182
received auth hello!
{ authId: 403, nonce: <Buffer e0 ca 5d d9 f2 c8 0a 8f> }
received session key response encrypted with distribution key
replyNonce in sessionKeyResp: <Buffer 93 38 e9 d6 fa 15 34 90>
auth nonce verified
handleSessionKeyResp: session key request succeeded! authFailureCount: 0
received 1 keys
Session key id is as expected
server ret: [object Object]
chosen nonce: <Buffer b9 c1 d1 cc 62 05 68 9c>
switching to HANDSHAKE_2_SENT
received session key handshake3!
{ replyNonce: <Buffer b9 c1 d1 cc 62 05 68 9c> }
client authenticated/authorized by solving nonce!
switching to IN_COMM
Handler: secure connection with the client established.
{ id: 5,
  remoteAddress: '::ffff:10.0.1.45:46710',
  status: 'open' }
disconnected from auth
received secure communication!
Received seqNum: 0
data received from server via secure communication
Handler: socketID: 5 data: data1
toSend: { data: <Buffer 64 61 74 61 31>, id: 5 }
specified socketID: 5
Unidentified client disconnected
Handler: secure connection with the client closed.
socket #5 closed
Unidentified client connected
received session key handshake1
switching to HANDSHAKE_1_RECEIVED state.
session key id: 40100309
session key NOT found! sending session key id to AuthService
Distribution protocol: TCP
connected to auth! from local port 45452
received auth hello!
{ authId: 403, nonce: <Buffer 4a df 02 63 1f a1 3c bb> }
received session key response encrypted with distribution key
replyNonce in sessionKeyResp: <Buffer 3e 25 c8 32 4c 46 ef f7>
auth nonce verified
handleSessionKeyResp: session key request succeeded! authFailureCount: 0
received 1 keys
Session key id is as expected
server ret: [object Object]
chosen nonce: <Buffer 65 ab d6 51 84 27 5d c1>
switching to HANDSHAKE_2_SENT
disconnected from auth
received session key handshake3!
{ replyNonce: <Buffer 65 ab d6 51 84 27 5d c1> }
client authenticated/authorized by solving nonce!
switching to IN_COMM
Handler: secure connection with the client established.
{ id: 6,
  remoteAddress: '::ffff:10.0.1.45:46980',
  status: 'open' }
received secure communication!
Received seqNum: 0
data received from server via secure communication
Handler: socketID: 6 data: data1
toSend: { data: <Buffer 64 61 74 61 31>, id: 6 }
specified socketID: 6
Unidentified client disconnected
Handler: secure connection with the client closed.
socket #6 closed
Unidentified client connected
received session key handshake1
switching to HANDSHAKE_1_RECEIVED state.
session key id: 40100315
session key NOT found! sending session key id to AuthService
Distribution protocol: TCP
connected to auth! from local port 45722
received auth hello!
{ authId: 403, nonce: <Buffer 2c 49 f1 11 92 91 f7 8a> }
received session key response encrypted with distribution key
replyNonce in sessionKeyResp: <Buffer 71 e3 8f e4 08 43 f4 64>
auth nonce verified
handleSessionKeyResp: session key request succeeded! authFailureCount: 0
received 1 keys
Session key id is as expected
server ret: [object Object]
chosen nonce: <Buffer 3d 3c e2 5d 67 86 60 32>
switching to HANDSHAKE_2_SENT
disconnected from auth
received session key handshake3!
{ replyNonce: <Buffer 3d 3c e2 5d 67 86 60 32> }
client authenticated/authorized by solving nonce!
switching to IN_COMM
Handler: secure connection with the client established.
{ id: 7,
  remoteAddress: '::ffff:10.0.1.45:47250',
  status: 'open' }
received secure communication!
Received seqNum: 0
data received from server via secure communication
Handler: socketID: 7 data: data1
toSend: { data: <Buffer 64 61 74 61 31>, id: 7 }
specified socketID: 7
Unidentified client disconnected
Handler: secure connection with the client closed.
socket #7 closed
Unidentified client connected
received session key handshake1
switching to HANDSHAKE_1_RECEIVED state.
session key id: 40100321
session key NOT found! sending session key id to AuthService
Distribution protocol: TCP
connected to auth! from local port 45976
received auth hello!
{ authId: 403, nonce: <Buffer 83 34 a1 0c c0 10 5a 73> }
received session key response encrypted with distribution key
replyNonce in sessionKeyResp: <Buffer dd d2 ee 2a 25 f2 59 d0>
auth nonce verified
handleSessionKeyResp: session key request succeeded! authFailureCount: 0
received 1 keys
Session key id is as expected
server ret: [object Object]
chosen nonce: <Buffer 28 aa 8c 19 98 c1 46 07>
switching to HANDSHAKE_2_SENT
disconnected from auth
received session key handshake3!
{ replyNonce: <Buffer 28 aa 8c 19 98 c1 46 07> }
client authenticated/authorized by solving nonce!
switching to IN_COMM
Handler: secure connection with the client established.
{ id: 8,
  remoteAddress: '::ffff:10.0.1.45:47504',
  status: 'open' }
received secure communication!
Received seqNum: 0
data received from server via secure communication
Handler: socketID: 8 data: data1
toSend: { data: <Buffer 64 61 74 61 31>, id: 8 }
specified socketID: 8
Unidentified client disconnected
Handler: secure connection with the client closed.
socket #8 closed
Unidentified client connected
received session key handshake1
switching to HANDSHAKE_1_RECEIVED state.
session key id: 40100327
session key NOT found! sending session key id to AuthService
Distribution protocol: TCP
connected to auth! from local port 46164
received auth hello!
{ authId: 403, nonce: <Buffer 85 7b 35 1d 80 c4 4c bf> }
received session key response encrypted with distribution key
replyNonce in sessionKeyResp: <Buffer 31 6c 5c d3 93 f3 b7 7b>
auth nonce verified
handleSessionKeyResp: session key request succeeded! authFailureCount: 0
received 1 keys
Session key id is as expected
server ret: [object Object]
chosen nonce: <Buffer e0 78 1b 24 d4 5e 0a f5>
switching to HANDSHAKE_2_SENT
disconnected from auth
received session key handshake3!
{ replyNonce: <Buffer e0 78 1b 24 d4 5e 0a f5> }
client authenticated/authorized by solving nonce!
switching to IN_COMM
Handler: secure connection with the client established.
{ id: 9,
  remoteAddress: '::ffff:10.0.1.45:47692',
  status: 'open' }
received secure communication!
Received seqNum: 0
data received from server via secure communication
Handler: socketID: 9 data: data1
toSend: { data: <Buffer 64 61 74 61 31>, id: 9 }
specified socketID: 9
Unidentified client disconnected
Handler: secure connection with the client closed.
socket #9 closed
Unidentified client connected
received session key handshake1
switching to HANDSHAKE_1_RECEIVED state.
session key id: 40100333
session key NOT found! sending session key id to AuthService
Distribution protocol: TCP
connected to auth! from local port 46398
received auth hello!
{ authId: 403, nonce: <Buffer 59 f8 59 5d 6f b0 38 44> }
received session key response encrypted with distribution key
replyNonce in sessionKeyResp: <Buffer c6 72 7b c2 75 2e f4 50>
auth nonce verified
handleSessionKeyResp: session key request succeeded! authFailureCount: 0
received 1 keys
Session key id is as expected
server ret: [object Object]
chosen nonce: <Buffer 32 02 ef f7 1b c8 69 18>
switching to HANDSHAKE_2_SENT
disconnected from auth
received session key handshake3!
{ replyNonce: <Buffer 32 02 ef f7 1b c8 69 18> }
client authenticated/authorized by solving nonce!
switching to IN_COMM
Handler: secure connection with the client established.
{ id: 10,
  remoteAddress: '::ffff:10.0.1.45:47926',
  status: 'open' }
received secure communication!
Received seqNum: 0
data received from server via secure communication
Handler: socketID: 10 data: data1
toSend: { data: <Buffer 64 61 74 61 31>, id: 10 }
specified socketID: 10
Unidentified client disconnected
Handler: secure connection with the client closed.
socket #10 closed
Unidentified client connected
received session key handshake1
switching to HANDSHAKE_1_RECEIVED state.
session key id: 40100342
session key NOT found! sending session key id to AuthService
Distribution protocol: TCP
connected to auth! from local port 46674
received auth hello!
{ authId: 403, nonce: <Buffer e9 6c 27 1a c8 bf d9 d1> }
received session key response encrypted with distribution key
replyNonce in sessionKeyResp: <Buffer ab 8d 79 08 e7 2c fe 35>
auth nonce verified
handleSessionKeyResp: session key request succeeded! authFailureCount: 0
received 1 keys
Session key id is as expected
server ret: [object Object]
chosen nonce: <Buffer 0a f7 b5 5b 3b a4 35 f2>
switching to HANDSHAKE_2_SENT
disconnected from auth
received session key handshake3!
{ replyNonce: <Buffer 0a f7 b5 5b 3b a4 35 f2> }
client authenticated/authorized by solving nonce!
switching to IN_COMM
Handler: secure connection with the client established.
{ id: 11,
  remoteAddress: '::ffff:10.0.1.45:48202',
  status: 'open' }
received secure communication!
Received seqNum: 0
data received from server via secure communication
Handler: socketID: 11 data: data1
toSend: { data: <Buffer 64 61 74 61 31>, id: 11 }
specified socketID: 11
Unidentified client disconnected
Handler: secure connection with the client closed.
socket #11 closed
Unidentified client connected
received session key handshake1
switching to HANDSHAKE_1_RECEIVED state.
session key id: 40100351
session key NOT found! sending session key id to AuthService
Distribution protocol: TCP
connected to auth! from local port 46960
received auth hello!
{ authId: 403, nonce: <Buffer 2e 25 e7 df ab 73 4a 88> }
received session key response encrypted with distribution key
replyNonce in sessionKeyResp: <Buffer ad c8 96 45 27 45 d0 ba>
auth nonce verified
handleSessionKeyResp: session key request succeeded! authFailureCount: 0
received 1 keys
Session key id is as expected
server ret: [object Object]
chosen nonce: <Buffer ad 7e a4 c7 b0 42 76 0a>
switching to HANDSHAKE_2_SENT
disconnected from auth
received session key handshake3!
{ replyNonce: <Buffer ad 7e a4 c7 b0 42 76 0a> }
client authenticated/authorized by solving nonce!
switching to IN_COMM
Handler: secure connection with the client established.
{ id: 12,
  remoteAddress: '::ffff:10.0.1.45:48488',
  status: 'open' }
received secure communication!
Received seqNum: 0
data received from server via secure communication
Handler: socketID: 12 data: data1
toSend: { data: <Buffer 64 61 74 61 31>, id: 12 }
specified socketID: 12
Unidentified client disconnected
Handler: secure connection with the client closed.
socket #12 closed
Unidentified client connected
received session key handshake1
switching to HANDSHAKE_1_RECEIVED state.
session key id: 40100361
session key NOT found! sending session key id to AuthService
Distribution protocol: TCP
connected to auth! from local port 47226
received auth hello!
{ authId: 403, nonce: <Buffer 05 23 e0 a5 87 ad 66 37> }
received session key response encrypted with distribution key
replyNonce in sessionKeyResp: <Buffer 47 80 8f 8f 28 04 c1 c1>
auth nonce verified
handleSessionKeyResp: session key request succeeded! authFailureCount: 0
received 1 keys
Session key id is as expected
server ret: [object Object]
chosen nonce: <Buffer b0 73 92 8c 9d 6e f5 a6>
switching to HANDSHAKE_2_SENT
received session key handshake3!
{ replyNonce: <Buffer b0 73 92 8c 9d 6e f5 a6> }
client authenticated/authorized by solving nonce!
switching to IN_COMM
Handler: secure connection with the client established.
{ id: 13,
  remoteAddress: '::ffff:10.0.1.45:48754',
  status: 'open' }
disconnected from auth
received secure communication!
Received seqNum: 0
data received from server via secure communication
Handler: socketID: 13 data: data1
toSend: { data: <Buffer 64 61 74 61 31>, id: 13 }
specified socketID: 13
Unidentified client disconnected
Handler: secure connection with the client closed.
socket #13 closed
Unidentified client connected
received session key handshake1
switching to HANDSHAKE_1_RECEIVED state.
session key id: 40100372
session key NOT found! sending session key id to AuthService
Distribution protocol: TCP
connected to auth! from local port 47496
received auth hello!
{ authId: 403, nonce: <Buffer fe d4 cb 16 84 4e 56 5d> }
received session key response encrypted with distribution key
replyNonce in sessionKeyResp: <Buffer bb 36 a3 f9 b5 6a 41 d3>
auth nonce verified
handleSessionKeyResp: session key request succeeded! authFailureCount: 0
received 1 keys
Session key id is as expected
server ret: [object Object]
chosen nonce: <Buffer 84 6e bf f0 3d 6e b5 04>
switching to HANDSHAKE_2_SENT
disconnected from auth
received session key handshake3!
{ replyNonce: <Buffer 84 6e bf f0 3d 6e b5 04> }
client authenticated/authorized by solving nonce!
switching to IN_COMM
Handler: secure connection with the client established.
{ id: 14,
  remoteAddress: '::ffff:10.0.1.45:49024',
  status: 'open' }
received secure communication!
Received seqNum: 0
data received from server via secure communication
Handler: socketID: 14 data: data1
toSend: { data: <Buffer 64 61 74 61 31>, id: 14 }
specified socketID: 14
Unidentified client disconnected
Handler: secure connection with the client closed.
socket #14 closed
Unidentified client connected
received session key handshake1
switching to HANDSHAKE_1_RECEIVED state.
session key id: 40100383
session key NOT found! sending session key id to AuthService
Distribution protocol: TCP
connected to auth! from local port 47762
received auth hello!
{ authId: 403, nonce: <Buffer 42 29 f3 2a 80 7c 05 4b> }
received session key response encrypted with distribution key
replyNonce in sessionKeyResp: <Buffer 50 16 85 93 f9 31 a0 d9>
auth nonce verified
handleSessionKeyResp: session key request succeeded! authFailureCount: 0
received 1 keys
Session key id is as expected
server ret: [object Object]
chosen nonce: <Buffer 43 c1 94 58 c4 c2 d0 d8>
switching to HANDSHAKE_2_SENT
disconnected from auth
received session key handshake3!
{ replyNonce: <Buffer 43 c1 94 58 c4 c2 d0 d8> }
client authenticated/authorized by solving nonce!
switching to IN_COMM
Handler: secure connection with the client established.
{ id: 15,
  remoteAddress: '::ffff:10.0.1.45:49290',
  status: 'open' }
received secure communication!
Received seqNum: 0
data received from server via secure communication
Handler: socketID: 15 data: data1
toSend: { data: <Buffer 64 61 74 61 31>, id: 15 }
specified socketID: 15
Unidentified client disconnected
Handler: secure connection with the client closed.
socket #15 closed
Unidentified client connected
received session key handshake1
switching to HANDSHAKE_1_RECEIVED state.
session key id: 40100394
session key NOT found! sending session key id to AuthService
Distribution protocol: TCP
connected to auth! from local port 48028
received auth hello!
{ authId: 403, nonce: <Buffer fb 8e b3 9c 45 6b 73 38> }
received session key response encrypted with distribution key
replyNonce in sessionKeyResp: <Buffer 62 af 34 2f 0b dc 26 2f>
auth nonce verified
handleSessionKeyResp: session key request succeeded! authFailureCount: 0
received 1 keys
Session key id is as expected
server ret: [object Object]
chosen nonce: <Buffer 0c d4 29 0d de f6 d3 80>
switching to HANDSHAKE_2_SENT
disconnected from auth
received session key handshake3!
{ replyNonce: <Buffer 0c d4 29 0d de f6 d3 80> }
client authenticated/authorized by solving nonce!
switching to IN_COMM
Handler: secure connection with the client established.
{ id: 16,
  remoteAddress: '::ffff:10.0.1.45:49556',
  status: 'open' }
received secure communication!
Received seqNum: 0
data received from server via secure communication
Handler: socketID: 16 data: data1
toSend: { data: <Buffer 64 61 74 61 31>, id: 16 }
specified socketID: 16
Unidentified client disconnected
Handler: secure connection with the client closed.
socket #16 closed
Unidentified client connected
received session key handshake1
switching to HANDSHAKE_1_RECEIVED state.
session key id: 40100405
session key NOT found! sending session key id to AuthService
Distribution protocol: TCP
connected to auth! from local port 48294
received auth hello!
{ authId: 403, nonce: <Buffer be 9f 4e 26 ed 0b fa 13> }
received session key response encrypted with distribution key
replyNonce in sessionKeyResp: <Buffer 64 ea 1d f7 62 f6 a5 04>
auth nonce verified
handleSessionKeyResp: session key request succeeded! authFailureCount: 0
received 1 keys
Session key id is as expected
server ret: [object Object]
chosen nonce: <Buffer 01 80 3c d3 a8 ee c9 2b>
switching to HANDSHAKE_2_SENT
disconnected from auth
received session key handshake3!
{ replyNonce: <Buffer 01 80 3c d3 a8 ee c9 2b> }
client authenticated/authorized by solving nonce!
switching to IN_COMM
Handler: secure connection with the client established.
{ id: 17,
  remoteAddress: '::ffff:10.0.1.45:49822',
  status: 'open' }
received secure communication!
Received seqNum: 0
data received from server via secure communication
Handler: socketID: 17 data: data1
toSend: { data: <Buffer 64 61 74 61 31>, id: 17 }
specified socketID: 17
Unidentified client disconnected
Handler: secure connection with the client closed.
socket #17 closed
Unidentified client connected
received session key handshake1
switching to HANDSHAKE_1_RECEIVED state.
session key id: 40100415
session key NOT found! sending session key id to AuthService
Distribution protocol: TCP
connected to auth! from local port 48556
received auth hello!
{ authId: 403, nonce: <Buffer 51 40 11 94 4f c6 96 35> }
received session key response encrypted with distribution key
replyNonce in sessionKeyResp: <Buffer 89 5b 36 bf ce c4 99 5a>
auth nonce verified
handleSessionKeyResp: session key request succeeded! authFailureCount: 0
received 1 keys
Session key id is as expected
server ret: [object Object]
chosen nonce: <Buffer f6 a2 03 2b 67 66 40 56>
switching to HANDSHAKE_2_SENT
disconnected from auth
received session key handshake3!
{ replyNonce: <Buffer f6 a2 03 2b 67 66 40 56> }
client authenticated/authorized by solving nonce!
switching to IN_COMM
Handler: secure connection with the client established.
{ id: 18,
  remoteAddress: '::ffff:10.0.1.45:50084',
  status: 'open' }
received secure communication!
Received seqNum: 0
data received from server via secure communication
Handler: socketID: 18 data: data1
toSend: { data: <Buffer 64 61 74 61 31>, id: 18 }
specified socketID: 18
Unidentified client disconnected
Handler: secure connection with the client closed.
socket #18 closed
Unidentified client connected
received session key handshake1
switching to HANDSHAKE_1_RECEIVED state.
session key id: 40100426
session key NOT found! sending session key id to AuthService
Distribution protocol: TCP
connected to auth! from local port 48822
received auth hello!
{ authId: 403, nonce: <Buffer 41 2b a0 06 95 17 aa d1> }
received session key response encrypted with distribution key
replyNonce in sessionKeyResp: <Buffer 22 84 26 d7 bf af 14 19>
auth nonce verified
handleSessionKeyResp: session key request succeeded! authFailureCount: 0
received 1 keys
Session key id is as expected
server ret: [object Object]
chosen nonce: <Buffer aa 12 e0 c8 e1 21 40 e0>
switching to HANDSHAKE_2_SENT
received session key handshake3!
{ replyNonce: <Buffer aa 12 e0 c8 e1 21 40 e0> }
client authenticated/authorized by solving nonce!
switching to IN_COMM
Handler: secure connection with the client established.
{ id: 19,
  remoteAddress: '::ffff:10.0.1.45:50350',
  status: 'open' }
disconnected from auth
received secure communication!
Received seqNum: 0
data received from server via secure communication
Handler: socketID: 19 data: data1
toSend: { data: <Buffer 64 61 74 61 31>, id: 19 }
specified socketID: 19
Unidentified client disconnected
Handler: secure connection with the client closed.
socket #19 closed
Unidentified client connected
received session key handshake1
switching to HANDSHAKE_1_RECEIVED state.
session key id: 40100437
session key NOT found! sending session key id to AuthService
Distribution protocol: TCP
connected to auth! from local port 49088
received auth hello!
{ authId: 403, nonce: <Buffer 2e cc fa a7 12 de f3 51> }
received session key response encrypted with distribution key
replyNonce in sessionKeyResp: <Buffer f2 5b 09 21 35 ce 36 e8>
auth nonce verified
handleSessionKeyResp: session key request succeeded! authFailureCount: 0
received 1 keys
Session key id is as expected
server ret: [object Object]
chosen nonce: <Buffer 4f 1b aa e7 7b 7f 14 76>
switching to HANDSHAKE_2_SENT
received session key handshake3!
{ replyNonce: <Buffer 4f 1b aa e7 7b 7f 14 76> }
client authenticated/authorized by solving nonce!
switching to IN_COMM
Handler: secure connection with the client established.
{ id: 20,
  remoteAddress: '::ffff:10.0.1.45:50616',
  status: 'open' }
disconnected from auth
received secure communication!
Received seqNum: 0
data received from server via secure communication
Handler: socketID: 20 data: data1
toSend: { data: <Buffer 64 61 74 61 31>, id: 20 }
specified socketID: 20
Unidentified client disconnected
Handler: secure connection with the client closed.
socket #20 closed
Unidentified client connected
received session key handshake1
switching to HANDSHAKE_1_RECEIVED state.
session key id: 40100447
session key NOT found! sending session key id to AuthService
Distribution protocol: TCP
connected to auth! from local port 49350
received auth hello!
{ authId: 403, nonce: <Buffer 7c d1 5c 24 08 fb 25 83> }
received session key response encrypted with distribution key
replyNonce in sessionKeyResp: <Buffer f4 07 58 18 cd e0 ad ec>
auth nonce verified
handleSessionKeyResp: session key request succeeded! authFailureCount: 0
received 1 keys
Session key id is as expected
server ret: [object Object]
chosen nonce: <Buffer db ad 58 b8 1b 05 df 09>
switching to HANDSHAKE_2_SENT
received session key handshake3!
{ replyNonce: <Buffer db ad 58 b8 1b 05 df 09> }
client authenticated/authorized by solving nonce!
switching to IN_COMM
Handler: secure connection with the client established.
{ id: 21,
  remoteAddress: '::ffff:10.0.1.45:50878',
  status: 'open' }
disconnected from auth
received secure communication!
Received seqNum: 0
data received from server via secure communication
Handler: socketID: 21 data: data1
toSend: { data: <Buffer 64 61 74 61 31>, id: 21 }
specified socketID: 21
Unidentified client disconnected
Handler: secure connection with the client closed.
socket #21 closed
Unidentified client connected
received session key handshake1
switching to HANDSHAKE_1_RECEIVED state.
session key id: 40100457
session key NOT found! sending session key id to AuthService
Distribution protocol: TCP
connected to auth! from local port 49612
received auth hello!
{ authId: 403, nonce: <Buffer 58 f0 69 06 ab 00 5a 8e> }
received session key response encrypted with distribution key
replyNonce in sessionKeyResp: <Buffer 88 04 8a 97 dc ff e0 7e>
auth nonce verified
handleSessionKeyResp: session key request succeeded! authFailureCount: 0
received 1 keys
Session key id is as expected
server ret: [object Object]
chosen nonce: <Buffer d7 7b ff d1 2f 4e 42 76>
switching to HANDSHAKE_2_SENT
disconnected from auth
received session key handshake3!
{ replyNonce: <Buffer d7 7b ff d1 2f 4e 42 76> }
client authenticated/authorized by solving nonce!
switching to IN_COMM
Handler: secure connection with the client established.
{ id: 22,
  remoteAddress: '::ffff:10.0.1.45:51140',
  status: 'open' }
received secure communication!
Received seqNum: 0
data received from server via secure communication
Handler: socketID: 22 data: data1
toSend: { data: <Buffer 64 61 74 61 31>, id: 22 }
specified socketID: 22
Unidentified client disconnected
Handler: secure connection with the client closed.
socket #22 closed
Unidentified client connected
received session key handshake1
switching to HANDSHAKE_1_RECEIVED state.
session key id: 40100468
session key NOT found! sending session key id to AuthService
Distribution protocol: TCP
connected to auth! from local port 49878
received auth hello!
{ authId: 403, nonce: <Buffer f9 18 2c e9 3c 50 ae af> }
received session key response encrypted with distribution key
replyNonce in sessionKeyResp: <Buffer 52 81 7a 5b 1b 67 71 a1>
auth nonce verified
handleSessionKeyResp: session key request succeeded! authFailureCount: 0
received 1 keys
Session key id is as expected
server ret: [object Object]
chosen nonce: <Buffer f7 08 db 93 8d f8 c1 5e>
switching to HANDSHAKE_2_SENT
disconnected from auth
received session key handshake3!
{ replyNonce: <Buffer f7 08 db 93 8d f8 c1 5e> }
client authenticated/authorized by solving nonce!
switching to IN_COMM
Handler: secure connection with the client established.
{ id: 23,
  remoteAddress: '::ffff:10.0.1.45:51406',
  status: 'open' }
received secure communication!
Received seqNum: 0
data received from server via secure communication
Handler: socketID: 23 data: data1
toSend: { data: <Buffer 64 61 74 61 31>, id: 23 }
specified socketID: 23
Unidentified client disconnected
Handler: secure connection with the client closed.
socket #23 closed
Unidentified client connected
received session key handshake1
switching to HANDSHAKE_1_RECEIVED state.
session key id: 40100479
session key NOT found! sending session key id to AuthService
Distribution protocol: TCP
connected to auth! from local port 50144
received auth hello!
{ authId: 403, nonce: <Buffer ca a4 a1 69 9a 5c 86 32> }
received session key response encrypted with distribution key
replyNonce in sessionKeyResp: <Buffer 08 72 ac 61 cf 08 dd 2e>
auth nonce verified
handleSessionKeyResp: session key request succeeded! authFailureCount: 0
received 1 keys
Session key id is as expected
server ret: [object Object]
chosen nonce: <Buffer bf a6 9c de b1 bd ba ea>
switching to HANDSHAKE_2_SENT
disconnected from auth
received session key handshake3!
{ replyNonce: <Buffer bf a6 9c de b1 bd ba ea> }
client authenticated/authorized by solving nonce!
switching to IN_COMM
Handler: secure connection with the client established.
{ id: 24,
  remoteAddress: '::ffff:10.0.1.45:51672',
  status: 'open' }
received secure communication!
Received seqNum: 0
data received from server via secure communication
Handler: socketID: 24 data: data1
toSend: { data: <Buffer 64 61 74 61 31>, id: 24 }
specified socketID: 24
Unidentified client disconnected
Handler: secure connection with the client closed.
socket #24 closed
Unidentified client connected
received session key handshake1
switching to HANDSHAKE_1_RECEIVED state.
session key id: 40100490
session key NOT found! sending session key id to AuthService
Distribution protocol: TCP
connected to auth! from local port 50410
received auth hello!
{ authId: 403, nonce: <Buffer 64 ee 7a 3e 2e 42 81 82> }
received session key response encrypted with distribution key
replyNonce in sessionKeyResp: <Buffer 85 db a5 dc e6 19 5a 23>
auth nonce verified
handleSessionKeyResp: session key request succeeded! authFailureCount: 0
received 1 keys
Session key id is as expected
server ret: [object Object]
chosen nonce: <Buffer 9c f1 b0 5b 2c 68 2e d9>
switching to HANDSHAKE_2_SENT
disconnected from auth
received session key handshake3!
{ replyNonce: <Buffer 9c f1 b0 5b 2c 68 2e d9> }
client authenticated/authorized by solving nonce!
switching to IN_COMM
Handler: secure connection with the client established.
{ id: 25,
  remoteAddress: '::ffff:10.0.1.45:51938',
  status: 'open' }
received secure communication!
Received seqNum: 0
data received from server via secure communication
Handler: socketID: 25 data: data1
toSend: { data: <Buffer 64 61 74 61 31>, id: 25 }
specified socketID: 25
Unidentified client disconnected
Handler: secure connection with the client closed.
socket #25 closed
Unidentified client connected
received session key handshake1
switching to HANDSHAKE_1_RECEIVED state.
session key id: 40100501
session key NOT found! sending session key id to AuthService
Distribution protocol: TCP
connected to auth! from local port 50676
received auth hello!
{ authId: 403, nonce: <Buffer c6 49 18 b2 3d 9e 06 dc> }
received session key response encrypted with distribution key
replyNonce in sessionKeyResp: <Buffer 01 80 62 86 48 98 f7 b9>
auth nonce verified
handleSessionKeyResp: session key request succeeded! authFailureCount: 0
received 1 keys
Session key id is as expected
server ret: [object Object]
chosen nonce: <Buffer 2d 0d 0d 8c 53 9a bb fd>
switching to HANDSHAKE_2_SENT
disconnected from auth
received session key handshake3!
{ replyNonce: <Buffer 2d 0d 0d 8c 53 9a bb fd> }
client authenticated/authorized by solving nonce!
switching to IN_COMM
Handler: secure connection with the client established.
{ id: 26,
  remoteAddress: '::ffff:10.0.1.45:52204',
  status: 'open' }
received secure communication!
Received seqNum: 0
data received from server via secure communication
Handler: socketID: 26 data: data1
toSend: { data: <Buffer 64 61 74 61 31>, id: 26 }
specified socketID: 26
Unidentified client disconnected
Handler: secure connection with the client closed.
socket #26 closed
Unidentified client connected
received session key handshake1
switching to HANDSHAKE_1_RECEIVED state.
session key id: 40100512
session key NOT found! sending session key id to AuthService
Distribution protocol: TCP
connected to auth! from local port 50942
received auth hello!
{ authId: 403, nonce: <Buffer 08 d9 16 a4 41 9e 4b c5> }
received session key response encrypted with distribution key
replyNonce in sessionKeyResp: <Buffer ca 14 d5 e0 96 28 6a 75>
auth nonce verified
handleSessionKeyResp: session key request succeeded! authFailureCount: 0
received 1 keys
Session key id is as expected
server ret: [object Object]
chosen nonce: <Buffer 70 42 cb ac 5f 55 c8 17>
switching to HANDSHAKE_2_SENT
disconnected from auth
received session key handshake3!
{ replyNonce: <Buffer 70 42 cb ac 5f 55 c8 17> }
client authenticated/authorized by solving nonce!
switching to IN_COMM
Handler: secure connection with the client established.
{ id: 27,
  remoteAddress: '::ffff:10.0.1.45:52470',
  status: 'open' }
received secure communication!
Received seqNum: 0
data received from server via secure communication
Handler: socketID: 27 data: data1
toSend: { data: <Buffer 64 61 74 61 31>, id: 27 }
specified socketID: 27
Unidentified client disconnected
Handler: secure connection with the client closed.
socket #27 closed
