changing working directory to: /home/hokeunkim/Development/iotauth/entity/node/example_entities
loading from config file: /home/hokeunkim/Development/iotauth_experiments/experiments/ccs2017/expOptions/expEntity.option
Experimental options for autoClient: { autoSendPeriod: 60000,
  useSameSessionKeyCount: 1,
  connectionTimeout: 50000,
  migrationEnabled: true,
  authFailureThreshold: 2,
  migrationFailureThreshold: 2 }
loading from config file: /home/hokeunkim/Development/iotauth/entity/node/example_entities/configs/Clients/c407.config
initializing...
current parameters: { numKeysPerRequest: 3,
  migrationEnabled: false,
  authFailureThreshold: 3,
  migrationFailureThreshold: 3 }
current parameters: { numKeysPerRequest: 1,
  migrationEnabled: false,
  authFailureThreshold: 3,
  migrationFailureThreshold: 3 }
current parameters: { numKeysPerRequest: 1,
  migrationEnabled: true,
  authFailureThreshold: 3,
  migrationFailureThreshold: 3 }
current parameters: { numKeysPerRequest: 1,
  migrationEnabled: true,
  authFailureThreshold: 2,
  migrationFailureThreshold: 3 }
current parameters: { numKeysPerRequest: 1,
  migrationEnabled: true,
  authFailureThreshold: 2,
  migrationFailureThreshold: 2 }
current entityInfo: { name: 'c407',
  group: 'Clients',
  distProtocol: 'TCP',
  usePermanentDistKey: false,
  connectionTimeout: 50000,
  privateKey: <Buffer 2d 2d 2d 2d 2d 42 45 47 49 4e 20 52 53 41 20 50 52 49 56 41 54 45 20 4b 45 59 2d 2d 2d 2d 2d 0a 4d 49 49 45 70 67 49 42 41 41 4b 43 41 51 45 41 31 44 ... > }
Distribution protocol: TCP
Resp-actual/expected/ratio/ts: 0 1 0 1521583740536
connected to auth! from local port 40286
received auth hello!
{ authId: 402, nonce: <Buffer 02 9a 88 37 47 fe 64 3c> }
received session key response with distribution key attached!
auth signature verified
replyNonce in sessionKeyResp: <Buffer c6 fa 6d a0 72 cf d5 ce>
auth nonce verified
handleSessionKeyResp: session key request succeeded! authFailureCount: 0
updating distribution key: { cipherKeyVal: <Buffer 8a 16 f9 ff 2e 91 25 56 49 b7 5c f8 ba ba be 99>,
  macKeyVal: <Buffer db 8f 0e 95 07 75 f9 23 f1 f0 61 25 64 9e 0d 22 34 2c 56 65 9d 0b ea 77 28 46 dc 05 37 7e 98 60>,
  absValidity: 2018-03-20T23:09:00.706Z }
received 1 keys
currentSessionKey: [object Object]
Session protocol: TCP
chosen commSessionKey: 
{ id: 40200416,
  cipherKeyVal: <Buffer 5c 20 ac 57 08 32 8d 30 50 46 5f ae a7 44 c0 11>,
  macKeyVal: <Buffer 0b ad be 5b 5f dc 2b 50 37 45 f4 45 48 d2 e8 1c d2 85 71 f7 e1 d6 ad 2b 30 e8 d0 3b 93 a1 e2 40>,
  absValidity: 2018-03-21T22:09:00.703Z,
  relValidity: 7200000 }
options
{ serverHost: '10.0.1.12',
  serverPort: 22100,
  sessionKey: 
   { id: 40200416,
     cipherKeyVal: <Buffer 5c 20 ac 57 08 32 8d 30 50 46 5f ae a7 44 c0 11>,
     macKeyVal: <Buffer 0b ad be 5b 5f dc 2b 50 37 45 f4 45 48 d2 e8 1c d2 85 71 f7 e1 d6 ad 2b 30 e8 d0 3b 93 a1 e2 40>,
     absValidity: 2018-03-21T22:09:00.703Z,
     relValidity: 7200000 },
  sessionCryptoSpec: { cipher: 'AES-128-CBC', mac: 'SHA256' },
  sessionProtocol: 'TCP',
  handshakeTimeout: 50000 }
disconnected from auth
chosen nonce: <Buffer 96 2d 9e fa cf b9 c6 2b>
switching to HANDSHAKE_1_SENT
received session key handshake2!
client ret: [object Object]
server authenticated/authorized by solving nonce!
Handler: communication initialization succeeded
file data length: 1024
sending at Tue Mar 20 2018 22:09:01 GMT+0000 (UTC)
switching to IN_COMM
received secure communication message!
Received seqNum: 0
Handler: data received from server via secure communication
data1
Resp-actual/expected/ratio/ts: 1 1 1 1521583741672
Distribution protocol: TCP
Resp-actual/expected/ratio/ts: 1 2 0.5 1521583800594
connected to auth! from local port 40436
received auth hello!
{ authId: 402, nonce: <Buffer c8 7d 81 be 05 4c 2b d4> }
received session key response encrypted with distribution key
replyNonce in sessionKeyResp: <Buffer 05 49 db ff 89 6e 83 06>
auth nonce verified
handleSessionKeyResp: session key request succeeded! authFailureCount: 0
received 1 keys
currentSessionKey: [object Object]
Status: Secure connection closed before starting a new connection.
Session protocol: TCP
chosen commSessionKey: 
{ id: 40200423,
  cipherKeyVal: <Buffer 20 78 c9 fd 93 73 54 a6 ad f8 3b bb 17 11 66 b9>,
  macKeyVal: <Buffer 28 89 c1 af 21 86 50 c3 c0 78 f3 2e 2c e1 1c 00 2a 7c 54 89 7e 38 33 a7 6a 7a 1e cd db f2 46 91>,
  absValidity: 2018-03-21T22:10:00.744Z,
  relValidity: 7200000 }
options
{ serverHost: '10.0.1.12',
  serverPort: 22100,
  sessionKey: 
   { id: 40200423,
     cipherKeyVal: <Buffer 20 78 c9 fd 93 73 54 a6 ad f8 3b bb 17 11 66 b9>,
     macKeyVal: <Buffer 28 89 c1 af 21 86 50 c3 c0 78 f3 2e 2c e1 1c 00 2a 7c 54 89 7e 38 33 a7 6a 7a 1e cd db f2 46 91>,
     absValidity: 2018-03-21T22:10:00.744Z,
     relValidity: 7200000 },
  sessionCryptoSpec: { cipher: 'AES-128-CBC', mac: 'SHA256' },
  sessionProtocol: 'TCP',
  handshakeTimeout: 50000 }
chosen nonce: <Buffer a9 f7 fc 26 37 af 67 88>
switching to HANDSHAKE_1_SENT
disconnected from auth
Handler: secure connection with the server closed.
received session key handshake2!
client ret: [object Object]
server authenticated/authorized by solving nonce!
Handler: communication initialization succeeded
file data length: 1024
sending at Tue Mar 20 2018 22:10:01 GMT+0000 (UTC)
switching to IN_COMM
received secure communication message!
Received seqNum: 0
Handler: data received from server via secure communication
data1
Resp-actual/expected/ratio/ts: 2 2 1 1521583801720
Distribution protocol: TCP
Resp-actual/expected/ratio/ts: 2 3 0.6666666666666666 1521583860653
connected to auth! from local port 40690
received auth hello!
{ authId: 402, nonce: <Buffer 26 1b 4f 0e 37 32 61 e7> }
received session key response encrypted with distribution key
replyNonce in sessionKeyResp: <Buffer 49 91 34 f9 2f 1e ca 7e>
auth nonce verified
handleSessionKeyResp: session key request succeeded! authFailureCount: 0
received 1 keys
currentSessionKey: [object Object]
Status: Secure connection closed before starting a new connection.
Session protocol: TCP
chosen commSessionKey: 
{ id: 40200430,
  cipherKeyVal: <Buffer 9f d7 c2 02 f8 4a 30 93 ef b4 7e 09 92 a8 38 1a>,
  macKeyVal: <Buffer 32 de 73 06 fd bd a0 19 14 3f 88 a6 d8 63 97 47 cf 7b 74 e0 4d 49 a9 3d ab 47 c6 41 b3 ad 45 05>,
  absValidity: 2018-03-21T22:11:00.911Z,
  relValidity: 7200000 }
options
{ serverHost: '10.0.1.12',
  serverPort: 22100,
  sessionKey: 
   { id: 40200430,
     cipherKeyVal: <Buffer 9f d7 c2 02 f8 4a 30 93 ef b4 7e 09 92 a8 38 1a>,
     macKeyVal: <Buffer 32 de 73 06 fd bd a0 19 14 3f 88 a6 d8 63 97 47 cf 7b 74 e0 4d 49 a9 3d ab 47 c6 41 b3 ad 45 05>,
     absValidity: 2018-03-21T22:11:00.911Z,
     relValidity: 7200000 },
  sessionCryptoSpec: { cipher: 'AES-128-CBC', mac: 'SHA256' },
  sessionProtocol: 'TCP',
  handshakeTimeout: 50000 }
chosen nonce: <Buffer 13 4e 62 19 81 f5 13 76>
switching to HANDSHAKE_1_SENT
disconnected from auth
Handler: secure connection with the server closed.
received session key handshake2!
client ret: [object Object]
server authenticated/authorized by solving nonce!
Handler: communication initialization succeeded
file data length: 1024
sending at Tue Mar 20 2018 22:11:01 GMT+0000 (UTC)
switching to IN_COMM
received secure communication message!
Received seqNum: 0
Handler: data received from server via secure communication
data1
Resp-actual/expected/ratio/ts: 3 3 1 1521583861779
Distribution protocol: TCP
Resp-actual/expected/ratio/ts: 3 4 0.75 1521583920695
connected to auth! from local port 40960
received auth hello!
{ authId: 402, nonce: <Buffer 3c ae 46 32 80 97 3c 36> }
received session key response encrypted with distribution key
replyNonce in sessionKeyResp: <Buffer a7 dd 72 f3 5c 94 ba e3>
auth nonce verified
handleSessionKeyResp: session key request succeeded! authFailureCount: 0
received 1 keys
currentSessionKey: [object Object]
Status: Secure connection closed before starting a new connection.
Session protocol: TCP
chosen commSessionKey: 
{ id: 40200437,
  cipherKeyVal: <Buffer c3 7c 08 e3 f4 4b 7a 4d 45 f5 05 01 ec 30 6f 9f>,
  macKeyVal: <Buffer be 4c 7c 3d 0e 65 5a e5 3b 47 1b 96 dd 1d 25 bf 11 15 e2 66 0a 68 2a 74 10 27 e6 44 8c e2 0e 05>,
  absValidity: 2018-03-21T22:12:00.906Z,
  relValidity: 7200000 }
options
{ serverHost: '10.0.1.12',
  serverPort: 22100,
  sessionKey: 
   { id: 40200437,
     cipherKeyVal: <Buffer c3 7c 08 e3 f4 4b 7a 4d 45 f5 05 01 ec 30 6f 9f>,
     macKeyVal: <Buffer be 4c 7c 3d 0e 65 5a e5 3b 47 1b 96 dd 1d 25 bf 11 15 e2 66 0a 68 2a 74 10 27 e6 44 8c e2 0e 05>,
     absValidity: 2018-03-21T22:12:00.906Z,
     relValidity: 7200000 },
  sessionCryptoSpec: { cipher: 'AES-128-CBC', mac: 'SHA256' },
  sessionProtocol: 'TCP',
  handshakeTimeout: 50000 }
chosen nonce: <Buffer 02 ec 60 76 cc ae aa 06>
switching to HANDSHAKE_1_SENT
disconnected from auth
Handler: secure connection with the server closed.
received session key handshake2!
client ret: [object Object]
server authenticated/authorized by solving nonce!
Handler: communication initialization succeeded
file data length: 1024
sending at Tue Mar 20 2018 22:12:01 GMT+0000 (UTC)
switching to IN_COMM
received secure communication message!
Received seqNum: 0
Handler: data received from server via secure communication
data1
Resp-actual/expected/ratio/ts: 4 4 1 1521583921804
Distribution protocol: TCP
Resp-actual/expected/ratio/ts: 4 5 0.8 1521583980754
connected to auth! from local port 41230
received auth hello!
{ authId: 402, nonce: <Buffer b9 d3 44 85 aa c6 ab 3c> }
received session key response encrypted with distribution key
replyNonce in sessionKeyResp: <Buffer fe a3 c6 b3 b3 98 81 cf>
auth nonce verified
handleSessionKeyResp: session key request succeeded! authFailureCount: 0
received 1 keys
currentSessionKey: [object Object]
Status: Secure connection closed before starting a new connection.
Session protocol: TCP
chosen commSessionKey: 
{ id: 40200444,
  cipherKeyVal: <Buffer 11 67 58 76 a2 97 69 2b 8e 3d 5c 7f ab ec 93 a0>,
  macKeyVal: <Buffer f9 68 92 2b 3b 53 26 03 a1 95 6f 17 b9 23 e2 32 0d 01 a2 63 ed d0 b9 c1 10 fe 5b b3 79 3a 30 43>,
  absValidity: 2018-03-21T22:13:00.914Z,
  relValidity: 7200000 }
options
{ serverHost: '10.0.1.12',
  serverPort: 22100,
  sessionKey: 
   { id: 40200444,
     cipherKeyVal: <Buffer 11 67 58 76 a2 97 69 2b 8e 3d 5c 7f ab ec 93 a0>,
     macKeyVal: <Buffer f9 68 92 2b 3b 53 26 03 a1 95 6f 17 b9 23 e2 32 0d 01 a2 63 ed d0 b9 c1 10 fe 5b b3 79 3a 30 43>,
     absValidity: 2018-03-21T22:13:00.914Z,
     relValidity: 7200000 },
  sessionCryptoSpec: { cipher: 'AES-128-CBC', mac: 'SHA256' },
  sessionProtocol: 'TCP',
  handshakeTimeout: 50000 }
chosen nonce: <Buffer 95 7f 21 9b a2 3f 6b 96>
switching to HANDSHAKE_1_SENT
disconnected from auth
Handler: secure connection with the server closed.
received session key handshake2!
client ret: [object Object]
server authenticated/authorized by solving nonce!
Handler: communication initialization succeeded
file data length: 1024
sending at Tue Mar 20 2018 22:13:01 GMT+0000 (UTC)
switching to IN_COMM
received secure communication message!
Received seqNum: 0
Handler: data received from server via secure communication
data1
Resp-actual/expected/ratio/ts: 5 5 1 1521583981916
Distribution protocol: TCP
Resp-actual/expected/ratio/ts: 5 6 0.8333333333333334 1521584040809
connected to auth! from local port 41500
received auth hello!
{ authId: 402, nonce: <Buffer 92 9f ca 2c 95 a9 ca 49> }
received session key response encrypted with distribution key
replyNonce in sessionKeyResp: <Buffer d7 af 78 03 69 e9 40 47>
auth nonce verified
handleSessionKeyResp: session key request succeeded! authFailureCount: 0
received 1 keys
currentSessionKey: [object Object]
Status: Secure connection closed before starting a new connection.
Session protocol: TCP
chosen commSessionKey: 
{ id: 40200451,
  cipherKeyVal: <Buffer 20 97 fa ca 11 52 f1 50 07 87 0e 74 43 67 b0 21>,
  macKeyVal: <Buffer d4 0f 8d 1f 03 7e f7 ef c9 3b ee 1c f0 41 71 09 3f 38 77 b5 96 85 24 9b 8a 40 c3 ff 1f 01 ca d9>,
  absValidity: 2018-03-21T22:14:01.021Z,
  relValidity: 7200000 }
options
{ serverHost: '10.0.1.12',
  serverPort: 22100,
  sessionKey: 
   { id: 40200451,
     cipherKeyVal: <Buffer 20 97 fa ca 11 52 f1 50 07 87 0e 74 43 67 b0 21>,
     macKeyVal: <Buffer d4 0f 8d 1f 03 7e f7 ef c9 3b ee 1c f0 41 71 09 3f 38 77 b5 96 85 24 9b 8a 40 c3 ff 1f 01 ca d9>,
     absValidity: 2018-03-21T22:14:01.021Z,
     relValidity: 7200000 },
  sessionCryptoSpec: { cipher: 'AES-128-CBC', mac: 'SHA256' },
  sessionProtocol: 'TCP',
  handshakeTimeout: 50000 }
chosen nonce: <Buffer ca 67 30 0e eb e2 da c5>
switching to HANDSHAKE_1_SENT
disconnected from auth
Handler: secure connection with the server closed.
received session key handshake2!
client ret: [object Object]
server authenticated/authorized by solving nonce!
Handler: communication initialization succeeded
file data length: 1024
sending at Tue Mar 20 2018 22:14:01 GMT+0000 (UTC)
switching to IN_COMM
received secure communication message!
Received seqNum: 0
Handler: data received from server via secure communication
data1
Resp-actual/expected/ratio/ts: 6 6 1 1521584041946
Distribution protocol: TCP
Resp-actual/expected/ratio/ts: 6 7 0.8571428571428571 1521584100869
connected to auth! from local port 41770
received auth hello!
{ authId: 402, nonce: <Buffer c4 b4 38 42 20 4e 5f 9c> }
received session key response encrypted with distribution key
replyNonce in sessionKeyResp: <Buffer 08 c0 f5 c6 e9 56 99 ac>
auth nonce verified
handleSessionKeyResp: session key request succeeded! authFailureCount: 0
received 1 keys
currentSessionKey: [object Object]
Status: Secure connection closed before starting a new connection.
Session protocol: TCP
chosen commSessionKey: 
{ id: 40200458,
  cipherKeyVal: <Buffer 04 95 bf cc 6f f1 ff eb c8 4d a0 d4 32 1d 16 04>,
  macKeyVal: <Buffer 82 3e 26 7c 81 e7 06 b2 4c 15 e8 72 87 b2 d9 3b de f7 46 c1 16 39 18 53 ed a2 41 2f 29 5a 49 b3>,
  absValidity: 2018-03-21T22:15:01.046Z,
  relValidity: 7200000 }
options
{ serverHost: '10.0.1.12',
  serverPort: 22100,
  sessionKey: 
   { id: 40200458,
     cipherKeyVal: <Buffer 04 95 bf cc 6f f1 ff eb c8 4d a0 d4 32 1d 16 04>,
     macKeyVal: <Buffer 82 3e 26 7c 81 e7 06 b2 4c 15 e8 72 87 b2 d9 3b de f7 46 c1 16 39 18 53 ed a2 41 2f 29 5a 49 b3>,
     absValidity: 2018-03-21T22:15:01.046Z,
     relValidity: 7200000 },
  sessionCryptoSpec: { cipher: 'AES-128-CBC', mac: 'SHA256' },
  sessionProtocol: 'TCP',
  handshakeTimeout: 50000 }
chosen nonce: <Buffer 96 a6 94 dd e2 62 f5 10>
switching to HANDSHAKE_1_SENT
disconnected from auth
Handler: secure connection with the server closed.
received session key handshake2!
client ret: [object Object]
server authenticated/authorized by solving nonce!
Handler: communication initialization succeeded
file data length: 1024
sending at Tue Mar 20 2018 22:15:01 GMT+0000 (UTC)
switching to IN_COMM
received secure communication message!
Received seqNum: 0
Handler: data received from server via secure communication
data1
Resp-actual/expected/ratio/ts: 7 7 1 1521584101975
Distribution protocol: TCP
Resp-actual/expected/ratio/ts: 7 8 0.875 1521584160925
connected to auth! from local port 42040
received auth hello!
{ authId: 402, nonce: <Buffer a3 a1 86 76 f6 7b 4d 2b> }
received session key response encrypted with distribution key
replyNonce in sessionKeyResp: <Buffer 0d 09 52 66 fa 1f 91 64>
auth nonce verified
handleSessionKeyResp: session key request succeeded! authFailureCount: 0
received 1 keys
currentSessionKey: [object Object]
Status: Secure connection closed before starting a new connection.
Session protocol: TCP
chosen commSessionKey: 
{ id: 40200465,
  cipherKeyVal: <Buffer be 52 8e ff 7d 92 b4 2d 82 67 6e f5 11 ed 35 33>,
  macKeyVal: <Buffer e7 ae 0d 74 30 46 ef e1 91 86 21 03 6f d1 56 63 b0 e5 1b 62 c0 60 eb d8 a6 4e 38 1c d1 31 fb 71>,
  absValidity: 2018-03-21T22:16:01.108Z,
  relValidity: 7200000 }
options
{ serverHost: '10.0.1.12',
  serverPort: 22100,
  sessionKey: 
   { id: 40200465,
     cipherKeyVal: <Buffer be 52 8e ff 7d 92 b4 2d 82 67 6e f5 11 ed 35 33>,
     macKeyVal: <Buffer e7 ae 0d 74 30 46 ef e1 91 86 21 03 6f d1 56 63 b0 e5 1b 62 c0 60 eb d8 a6 4e 38 1c d1 31 fb 71>,
     absValidity: 2018-03-21T22:16:01.108Z,
     relValidity: 7200000 },
  sessionCryptoSpec: { cipher: 'AES-128-CBC', mac: 'SHA256' },
  sessionProtocol: 'TCP',
  handshakeTimeout: 50000 }
chosen nonce: <Buffer ee 9b c0 67 7e e6 20 10>
switching to HANDSHAKE_1_SENT
disconnected from auth
Handler: secure connection with the server closed.
received session key handshake2!
client ret: [object Object]
server authenticated/authorized by solving nonce!
Handler: communication initialization succeeded
file data length: 1024
sending at Tue Mar 20 2018 22:16:01 GMT+0000 (UTC)
switching to IN_COMM
received secure communication message!
Received seqNum: 0
Handler: data received from server via secure communication
data1
Resp-actual/expected/ratio/ts: 8 8 1 1521584162033
Distribution protocol: TCP
Resp-actual/expected/ratio/ts: 8 9 0.8888888888888888 1521584220984
failure in connection with Auth : authFailureCount: 1
Handler: Error in secure comm - details: Error occurred in session key request: Error: connect EHOSTUNREACH 10.0.1.2:21100
Handler: Error in secure comm - details: Auth hello timedout ...
Distribution protocol: TCP
Resp-actual/expected/ratio/ts: 8 10 0.8 1521584280995
failure in connection with Auth : authFailureCount: 2
failure count reached threshold (2), try migration...
In iotAuth.js migrateToTrustedAuth: 
In iotAuthService.js sendMigrationReqViaTCP: 
Handler: Error in secure comm - details: Error occurred in session key request: Error: connect EHOSTUNREACH 10.0.1.2:21100
connected to auth! from local port 34092
received auth hello!
{ authId: 502, nonce: <Buffer 83 d3 5b 4a 8e ba 68 27> }
received an Auth alert!
failure in migration to another Auth : migrationFailureCount: 1
Handler: Error in secure comm - details: Error occurred in migration request: received an Auth alert! code: 1
disconnected from auth
Handler: Error in secure comm - details: Auth hello timedout ...
Distribution protocol: TCP
Resp-actual/expected/ratio/ts: 8 11 0.7272727272727273 1521584341005
failure in connection with Auth : authFailureCount: 3
failure count reached threshold (2), try migration...
In iotAuth.js migrateToTrustedAuth: 
In iotAuthService.js sendMigrationReqViaTCP: 
Handler: Error in secure comm - details: Error occurred in session key request: Error: connect EHOSTUNREACH 10.0.1.2:21100
connected to auth! from local port 34288
received auth hello!
{ authId: 502, nonce: <Buffer 5b c8 27 ee df 2a af 26> }
received an Auth alert!
failure in migration to another Auth : migrationFailureCount: 2
Handler: Error in secure comm - details: Error occurred in migration request: received an Auth alert! code: 1
disconnected from auth
Handler: Error in secure comm - details: Auth hello timedout ...
Distribution protocol: TCP
Resp-actual/expected/ratio/ts: 8 12 0.6666666666666666 1521584401015
failure in connection with Auth : authFailureCount: 4
failure count reached threshold (2), try migration...
reached migration failure threshold, rotate migration info index from: 0
to: 1
In iotAuth.js migrateToTrustedAuth: 
In iotAuthService.js sendMigrationReqViaTCP: 
Handler: Error in secure comm - details: Error occurred in session key request: Error: connect EHOSTUNREACH 10.0.1.2:21100
failure in migration to another Auth : migrationFailureCount: 1
Handler: Error in secure comm - details: Error occurred in migration request: Error: connect EHOSTUNREACH 10.0.1.4:21100
Handler: Error in secure comm - details: Auth hello timedout ...
failure in migration to another Auth : migrationFailureCount: 2
Handler: Error in secure comm - details: Error occurred in migration request: Auth hello timedout ...
Distribution protocol: TCP
Resp-actual/expected/ratio/ts: 8 13 0.6153846153846154 1521584461023
failure in connection with Auth : authFailureCount: 5
failure count reached threshold (2), try migration...
reached migration failure threshold, rotate migration info index from: 1
to: 2
In iotAuth.js migrateToTrustedAuth: 
In iotAuthService.js sendMigrationReqViaTCP: 
Handler: Error in secure comm - details: Error occurred in session key request: Error: connect EHOSTUNREACH 10.0.1.2:21100
failure in migration to another Auth : migrationFailureCount: 1
Handler: Error in secure comm - details: Error occurred in migration request: Error: connect EHOSTUNREACH 10.0.1.1:21100
Handler: Error in secure comm - details: Auth hello timedout ...
failure in migration to another Auth : migrationFailureCount: 2
Handler: Error in secure comm - details: Error occurred in migration request: Auth hello timedout ...
Distribution protocol: TCP
Resp-actual/expected/ratio/ts: 8 14 0.5714285714285714 1521584521031
failure in connection with Auth : authFailureCount: 6
failure count reached threshold (2), try migration...
reached migration failure threshold, rotate migration info index from: 2
to: 3
In iotAuth.js migrateToTrustedAuth: 
In iotAuthService.js sendMigrationReqViaTCP: 
Handler: Error in secure comm - details: Error occurred in session key request: Error: connect EHOSTUNREACH 10.0.1.2:21100
failure in migration to another Auth : migrationFailureCount: 1
Handler: Error in secure comm - details: Error occurred in migration request: Error: connect EHOSTUNREACH 10.0.1.3:21100
Handler: Error in secure comm - details: Auth hello timedout ...
failure in migration to another Auth : migrationFailureCount: 2
Handler: Error in secure comm - details: Error occurred in migration request: Auth hello timedout ...
Distribution protocol: TCP
Resp-actual/expected/ratio/ts: 8 15 0.5333333333333333 1521584581038
failure in connection with Auth : authFailureCount: 7
failure count reached threshold (2), try migration...
reached migration failure threshold, rotate migration info index from: 3
to: 4
In iotAuth.js migrateToTrustedAuth: 
In iotAuthService.js sendMigrationReqViaTCP: 
Handler: Error in secure comm - details: Error occurred in session key request: Error: connect EHOSTUNREACH 10.0.1.2:21100
failure in migration to another Auth : migrationFailureCount: 1
Handler: Error in secure comm - details: Error occurred in migration request: Error: connect EHOSTUNREACH 10.0.1.6:21100
Handler: Error in secure comm - details: Auth hello timedout ...
failure in migration to another Auth : migrationFailureCount: 2
Handler: Error in secure comm - details: Error occurred in migration request: Auth hello timedout ...
Distribution protocol: TCP
Resp-actual/expected/ratio/ts: 8 16 0.5 1521584641045
failure in connection with Auth : authFailureCount: 8
failure count reached threshold (2), try migration...
reached migration failure threshold, rotate migration info index from: 4
to: 5
In iotAuth.js migrateToTrustedAuth: 
In iotAuthService.js sendMigrationReqViaTCP: 
Handler: Error in secure comm - details: Error occurred in session key request: Error: connect EHOSTUNREACH 10.0.1.2:21100
failure in migration to another Auth : migrationFailureCount: 1
Handler: Error in secure comm - details: Error occurred in migration request: Error: connect EHOSTUNREACH 10.0.1.7:21100
Handler: Error in secure comm - details: Auth hello timedout ...
failure in migration to another Auth : migrationFailureCount: 2
Handler: Error in secure comm - details: Error occurred in migration request: Auth hello timedout ...
Distribution protocol: TCP
Resp-actual/expected/ratio/ts: 8 17 0.47058823529411764 1521584701053
failure in connection with Auth : authFailureCount: 9
failure count reached threshold (2), try migration...
reached migration failure threshold, rotate migration info index from: 5
to: 6
Failed to migrate! host/port of current Auth is the same as host of the Auth which we migrate to
Handler: Error in secure comm - details: Error occurred in session key request: Error: connect EHOSTUNREACH 10.0.1.2:21100
Handler: Error in secure comm - details: Auth hello timedout ...
Distribution protocol: TCP
Resp-actual/expected/ratio/ts: 8 18 0.4444444444444444 1521584761061
failure in connection with Auth : authFailureCount: 10
failure count reached threshold (2), try migration...
Failed to migrate! host/port of current Auth is the same as host of the Auth which we migrate to
Handler: Error in secure comm - details: Error occurred in session key request: Error: connect EHOSTUNREACH 10.0.1.2:21100
Handler: Error in secure comm - details: Auth hello timedout ...
Distribution protocol: TCP
Resp-actual/expected/ratio/ts: 8 19 0.42105263157894735 1521584821069
failure in connection with Auth : authFailureCount: 11
failure count reached threshold (2), try migration...
Failed to migrate! host/port of current Auth is the same as host of the Auth which we migrate to
Handler: Error in secure comm - details: Error occurred in session key request: Error: connect EHOSTUNREACH 10.0.1.2:21100
Handler: Error in secure comm - details: Auth hello timedout ...
Distribution protocol: TCP
Resp-actual/expected/ratio/ts: 8 20 0.4 1521584881079
failure in connection with Auth : authFailureCount: 12
failure count reached threshold (2), try migration...
Failed to migrate! host/port of current Auth is the same as host of the Auth which we migrate to
Handler: Error in secure comm - details: Error occurred in session key request: Error: connect EHOSTUNREACH 10.0.1.2:21100
Handler: Error in secure comm - details: Auth hello timedout ...
Distribution protocol: TCP
Resp-actual/expected/ratio/ts: 8 21 0.38095238095238093 1521584941090
failure in connection with Auth : authFailureCount: 13
failure count reached threshold (2), try migration...
Failed to migrate! host/port of current Auth is the same as host of the Auth which we migrate to
Handler: Error in secure comm - details: Error occurred in session key request: Error: connect EHOSTUNREACH 10.0.1.2:21100
Handler: Error in secure comm - details: Auth hello timedout ...
Distribution protocol: TCP
Resp-actual/expected/ratio/ts: 8 22 0.36363636363636365 1521585001100
failure in connection with Auth : authFailureCount: 14
failure count reached threshold (2), try migration...
Failed to migrate! host/port of current Auth is the same as host of the Auth which we migrate to
Handler: Error in secure comm - details: Error occurred in session key request: Error: connect EHOSTUNREACH 10.0.1.2:21100
Handler: Error in secure comm - details: Auth hello timedout ...
Distribution protocol: TCP
Resp-actual/expected/ratio/ts: 8 23 0.34782608695652173 1521585061110
failure in connection with Auth : authFailureCount: 15
failure count reached threshold (2), try migration...
Failed to migrate! host/port of current Auth is the same as host of the Auth which we migrate to
Handler: Error in secure comm - details: Error occurred in session key request: Error: connect EHOSTUNREACH 10.0.1.2:21100
Handler: Error in secure comm - details: Auth hello timedout ...
Distribution protocol: TCP
Resp-actual/expected/ratio/ts: 8 24 0.3333333333333333 1521585121120
failure in connection with Auth : authFailureCount: 16
failure count reached threshold (2), try migration...
Failed to migrate! host/port of current Auth is the same as host of the Auth which we migrate to
Handler: Error in secure comm - details: Error occurred in session key request: Error: connect EHOSTUNREACH 10.0.1.2:21100
Handler: Error in secure comm - details: Auth hello timedout ...
Distribution protocol: TCP
Resp-actual/expected/ratio/ts: 8 25 0.32 1521585181129
failure in connection with Auth : authFailureCount: 17
failure count reached threshold (2), try migration...
Failed to migrate! host/port of current Auth is the same as host of the Auth which we migrate to
Handler: Error in secure comm - details: Error occurred in session key request: Error: connect EHOSTUNREACH 10.0.1.2:21100
Handler: Error in secure comm - details: Auth hello timedout ...
Distribution protocol: TCP
Resp-actual/expected/ratio/ts: 8 26 0.3076923076923077 1521585241130
failure in connection with Auth : authFailureCount: 18
failure count reached threshold (2), try migration...
Failed to migrate! host/port of current Auth is the same as host of the Auth which we migrate to
Handler: Error in secure comm - details: Error occurred in session key request: Error: connect EHOSTUNREACH 10.0.1.2:21100
Handler: Error in secure comm - details: Auth hello timedout ...
Distribution protocol: TCP
Resp-actual/expected/ratio/ts: 8 27 0.2962962962962963 1521585301141
failure in connection with Auth : authFailureCount: 19
failure count reached threshold (2), try migration...
Failed to migrate! host/port of current Auth is the same as host of the Auth which we migrate to
Handler: Error in secure comm - details: Error occurred in session key request: Error: connect EHOSTUNREACH 10.0.1.2:21100
Handler: Error in secure comm - details: Auth hello timedout ...
Distribution protocol: TCP
Resp-actual/expected/ratio/ts: 8 28 0.2857142857142857 1521585361151
failure in connection with Auth : authFailureCount: 20
failure count reached threshold (2), try migration...
Failed to migrate! host/port of current Auth is the same as host of the Auth which we migrate to
Handler: Error in secure comm - details: Error occurred in session key request: Error: connect EHOSTUNREACH 10.0.1.2:21100
Handler: Error in secure comm - details: Auth hello timedout ...
Distribution protocol: TCP
Resp-actual/expected/ratio/ts: 8 29 0.27586206896551724 1521585421161
failure in connection with Auth : authFailureCount: 21
failure count reached threshold (2), try migration...
Failed to migrate! host/port of current Auth is the same as host of the Auth which we migrate to
Handler: Error in secure comm - details: Error occurred in session key request: Error: connect EHOSTUNREACH 10.0.1.2:21100
