changing working directory to: /home/hokeunkim/Development/iotauth/entity/node/example_entities
loading from config file: /home/hokeunkim/Development/iotauth_experiments/experiments/ccs2017/expOptions/expEntity.option
Experimental options for autoClient: { autoSendPeriod: 60000,
  useSameSessionKeyCount: 1,
  connectionTimeout: 50000,
  migrationEnabled: true,
  authFailureThreshold: 2,
  migrationFailureThreshold: 2 }
loading from config file: /home/hokeunkim/Development/iotauth/entity/node/example_entities/configs/Clients/c516.config
initializing...
current parameters: { numKeysPerRequest: 3,
  migrationEnabled: false,
  authFailureThreshold: 3,
  migrationFailureThreshold: 3 }
current parameters: { numKeysPerRequest: 1,
  migrationEnabled: false,
  authFailureThreshold: 3,
  migrationFailureThreshold: 3 }
current parameters: { numKeysPerRequest: 1,
  migrationEnabled: true,
  authFailureThreshold: 3,
  migrationFailureThreshold: 3 }
current parameters: { numKeysPerRequest: 1,
  migrationEnabled: true,
  authFailureThreshold: 2,
  migrationFailureThreshold: 3 }
current parameters: { numKeysPerRequest: 1,
  migrationEnabled: true,
  authFailureThreshold: 2,
  migrationFailureThreshold: 2 }
current entityInfo: { name: 'c516',
  group: 'Clients',
  distProtocol: 'TCP',
  usePermanentDistKey: false,
  connectionTimeout: 50000,
  privateKey: <Buffer 2d 2d 2d 2d 2d 42 45 47 49 4e 20 52 53 41 20 50 52 49 56 41 54 45 20 4b 45 59 2d 2d 2d 2d 2d 0a 4d 49 49 45 6f 77 49 42 41 41 4b 43 41 51 45 41 34 6b ... > }
Distribution protocol: TCP
Resp-actual/expected/ratio/ts: 0 1 0 1521600313491
connected to auth! from local port 56330
received auth hello!
{ authId: 502, nonce: <Buffer 2f 22 5e 07 d0 00 df f3> }
received session key response with distribution key attached!
auth signature verified
replyNonce in sessionKeyResp: <Buffer 7f c0 f6 02 c6 5c c9 39>
auth nonce verified
handleSessionKeyResp: session key request succeeded! authFailureCount: 0
updating distribution key: { cipherKeyVal: <Buffer 62 7e b5 d8 50 dd 32 72 63 70 cf a5 91 41 15 51>,
  macKeyVal: <Buffer 45 70 df ea 92 b9 dc 26 e8 91 5f 9b 58 a1 23 32 a0 15 c5 fe 27 0c 1a a3 a8 9f e3 c3 7f 42 b3 c0>,
  absValidity: 2018-03-21T03:45:14.122Z }
received 1 keys
currentSessionKey: [object Object]
Session protocol: TCP
chosen commSessionKey: 
{ id: 50201031,
  cipherKeyVal: <Buffer b7 02 60 8b fa e8 3e 2a ad 4f e9 6d 5a d5 6f 4a>,
  macKeyVal: <Buffer 30 b5 8f 98 0b eb b0 44 c9 5e 89 ff 71 fd f7 67 22 ea 44 e6 f8 b9 da 8c 23 7b 12 b3 db f9 6b e6>,
  absValidity: 2018-03-22T02:45:14.121Z,
  relValidity: 7200000 }
options
{ serverHost: '10.0.1.35',
  serverPort: 22100,
  sessionKey: 
   { id: 50201031,
     cipherKeyVal: <Buffer b7 02 60 8b fa e8 3e 2a ad 4f e9 6d 5a d5 6f 4a>,
     macKeyVal: <Buffer 30 b5 8f 98 0b eb b0 44 c9 5e 89 ff 71 fd f7 67 22 ea 44 e6 f8 b9 da 8c 23 7b 12 b3 db f9 6b e6>,
     absValidity: 2018-03-22T02:45:14.121Z,
     relValidity: 7200000 },
  sessionCryptoSpec: { cipher: 'AES-128-CBC', mac: 'SHA256' },
  sessionProtocol: 'TCP',
  handshakeTimeout: 50000 }
chosen nonce: <Buffer 78 bd 2f d5 0a 51 83 fe>
switching to HANDSHAKE_1_SENT
disconnected from auth
received session key handshake2!
client ret: [object Object]
server authenticated/authorized by solving nonce!
Handler: communication initialization succeeded
file data length: 1024
sending at Wed Mar 21 2018 02:45:16 GMT+0000 (UTC)
switching to IN_COMM
received secure communication message!
Received seqNum: 0
Handler: data received from server via secure communication
data1
Resp-actual/expected/ratio/ts: 1 1 1 1521600316699
Distribution protocol: TCP
Resp-actual/expected/ratio/ts: 1 2 0.5 1521600373546
connected to auth! from local port 56602
received auth hello!
{ authId: 502, nonce: <Buffer a5 d4 b9 17 54 e6 a3 ae> }
received session key response encrypted with distribution key
replyNonce in sessionKeyResp: <Buffer f3 d4 48 0c 4b 61 42 71>
auth nonce verified
handleSessionKeyResp: session key request succeeded! authFailureCount: 0
received 1 keys
currentSessionKey: [object Object]
Status: Secure connection closed before starting a new connection.
Session protocol: TCP
chosen commSessionKey: 
{ id: 50201038,
  cipherKeyVal: <Buffer 64 fe d3 5d c4 41 39 09 6e b2 59 f3 2b ac ad 69>,
  macKeyVal: <Buffer fe 6e 71 3b 02 c3 49 14 17 8e 5a 07 5d 8d 72 b5 26 ef db 70 e0 26 a4 c3 12 df b4 1b 57 9c b4 d2>,
  absValidity: 2018-03-22T02:46:14.159Z,
  relValidity: 7200000 }
options
{ serverHost: '10.0.1.35',
  serverPort: 22100,
  sessionKey: 
   { id: 50201038,
     cipherKeyVal: <Buffer 64 fe d3 5d c4 41 39 09 6e b2 59 f3 2b ac ad 69>,
     macKeyVal: <Buffer fe 6e 71 3b 02 c3 49 14 17 8e 5a 07 5d 8d 72 b5 26 ef db 70 e0 26 a4 c3 12 df b4 1b 57 9c b4 d2>,
     absValidity: 2018-03-22T02:46:14.159Z,
     relValidity: 7200000 },
  sessionCryptoSpec: { cipher: 'AES-128-CBC', mac: 'SHA256' },
  sessionProtocol: 'TCP',
  handshakeTimeout: 50000 }
chosen nonce: <Buffer ac e7 bf 4a bc f2 e9 72>
switching to HANDSHAKE_1_SENT
disconnected from auth
Handler: secure connection with the server closed.
received session key handshake2!
client ret: [object Object]
server authenticated/authorized by solving nonce!
Handler: communication initialization succeeded
file data length: 1024
sending at Wed Mar 21 2018 02:46:16 GMT+0000 (UTC)
switching to IN_COMM
received secure communication message!
Received seqNum: 0
Handler: data received from server via secure communication
data1
Resp-actual/expected/ratio/ts: 2 2 1 1521600376724
Distribution protocol: TCP
Resp-actual/expected/ratio/ts: 2 3 0.6666666666666666 1521600433601
connected to auth! from local port 56872
received auth hello!
{ authId: 502, nonce: <Buffer b2 46 51 47 02 fd 6e 2e> }
received session key response encrypted with distribution key
replyNonce in sessionKeyResp: <Buffer 11 c4 ba 33 cc 2b 10 7a>
auth nonce verified
handleSessionKeyResp: session key request succeeded! authFailureCount: 0
received 1 keys
currentSessionKey: [object Object]
Status: Secure connection closed before starting a new connection.
Session protocol: TCP
chosen commSessionKey: 
{ id: 50201045,
  cipherKeyVal: <Buffer 4c 75 5d b0 05 f3 4c c8 97 2b bf c3 5a 4e 0a 50>,
  macKeyVal: <Buffer a7 fa 76 dd c0 38 54 26 aa c6 dd 32 97 98 d6 4c 6c 56 92 6b bd aa 4c 2d 57 1b dd e1 11 51 19 69>,
  absValidity: 2018-03-22T02:47:14.179Z,
  relValidity: 7200000 }
options
{ serverHost: '10.0.1.35',
  serverPort: 22100,
  sessionKey: 
   { id: 50201045,
     cipherKeyVal: <Buffer 4c 75 5d b0 05 f3 4c c8 97 2b bf c3 5a 4e 0a 50>,
     macKeyVal: <Buffer a7 fa 76 dd c0 38 54 26 aa c6 dd 32 97 98 d6 4c 6c 56 92 6b bd aa 4c 2d 57 1b dd e1 11 51 19 69>,
     absValidity: 2018-03-22T02:47:14.179Z,
     relValidity: 7200000 },
  sessionCryptoSpec: { cipher: 'AES-128-CBC', mac: 'SHA256' },
  sessionProtocol: 'TCP',
  handshakeTimeout: 50000 }
chosen nonce: <Buffer 55 93 b1 4d 94 eb 5a ce>
switching to HANDSHAKE_1_SENT
disconnected from auth
Handler: secure connection with the server closed.
received session key handshake2!
client ret: [object Object]
server authenticated/authorized by solving nonce!
Handler: communication initialization succeeded
file data length: 1024
sending at Wed Mar 21 2018 02:47:16 GMT+0000 (UTC)
switching to IN_COMM
received secure communication message!
Received seqNum: 0
Handler: data received from server via secure communication
data1
Resp-actual/expected/ratio/ts: 3 3 1 1521600436778
Distribution protocol: TCP
Resp-actual/expected/ratio/ts: 3 4 0.75 1521600493657
connected to auth! from local port 57142
received auth hello!
{ authId: 502, nonce: <Buffer cc 0a 31 e2 9a 51 3d fb> }
received session key response encrypted with distribution key
replyNonce in sessionKeyResp: <Buffer 17 10 33 41 82 aa f4 b9>
auth nonce verified
handleSessionKeyResp: session key request succeeded! authFailureCount: 0
received 1 keys
currentSessionKey: [object Object]
Status: Secure connection closed before starting a new connection.
Session protocol: TCP
chosen commSessionKey: 
{ id: 50201052,
  cipherKeyVal: <Buffer 9f 23 59 ca a7 4e b9 56 c9 53 cf 9a dc 16 4e cc>,
  macKeyVal: <Buffer d2 17 60 d7 75 a1 b4 fe e7 ef 5d 27 32 7e f8 c1 5b 53 b3 f3 6b 59 9d 1c d4 07 3f ff c3 9f 56 d9>,
  absValidity: 2018-03-22T02:48:14.243Z,
  relValidity: 7200000 }
options
{ serverHost: '10.0.1.35',
  serverPort: 22100,
  sessionKey: 
   { id: 50201052,
     cipherKeyVal: <Buffer 9f 23 59 ca a7 4e b9 56 c9 53 cf 9a dc 16 4e cc>,
     macKeyVal: <Buffer d2 17 60 d7 75 a1 b4 fe e7 ef 5d 27 32 7e f8 c1 5b 53 b3 f3 6b 59 9d 1c d4 07 3f ff c3 9f 56 d9>,
     absValidity: 2018-03-22T02:48:14.243Z,
     relValidity: 7200000 },
  sessionCryptoSpec: { cipher: 'AES-128-CBC', mac: 'SHA256' },
  sessionProtocol: 'TCP',
  handshakeTimeout: 50000 }
chosen nonce: <Buffer d6 ee e3 64 cc 6c ce 20>
switching to HANDSHAKE_1_SENT
disconnected from auth
Handler: secure connection with the server closed.
received session key handshake2!
client ret: [object Object]
server authenticated/authorized by solving nonce!
Handler: communication initialization succeeded
file data length: 1024
sending at Wed Mar 21 2018 02:48:16 GMT+0000 (UTC)
switching to IN_COMM
received secure communication message!
Received seqNum: 0
Handler: data received from server via secure communication
data1
Resp-actual/expected/ratio/ts: 4 4 1 1521600496740
Distribution protocol: TCP
Resp-actual/expected/ratio/ts: 4 5 0.8 1521600553713
connected to auth! from local port 57412
received auth hello!
{ authId: 502, nonce: <Buffer f7 27 93 60 f4 3f 66 e5> }
received session key response encrypted with distribution key
replyNonce in sessionKeyResp: <Buffer 2b e7 f7 36 ab 99 68 ad>
auth nonce verified
handleSessionKeyResp: session key request succeeded! authFailureCount: 0
received 1 keys
currentSessionKey: [object Object]
Status: Secure connection closed before starting a new connection.
Session protocol: TCP
chosen commSessionKey: 
{ id: 50201059,
  cipherKeyVal: <Buffer 05 75 1f 68 e5 0c ef 50 b1 75 16 97 e8 94 30 54>,
  macKeyVal: <Buffer e9 be e9 1d ce f6 4b e3 51 2e a2 4d ac 14 27 0a 66 03 14 e1 97 2d 14 2c 0c 1c 48 83 e5 e4 0a 90>,
  absValidity: 2018-03-22T02:49:14.267Z,
  relValidity: 7200000 }
options
{ serverHost: '10.0.1.35',
  serverPort: 22100,
  sessionKey: 
   { id: 50201059,
     cipherKeyVal: <Buffer 05 75 1f 68 e5 0c ef 50 b1 75 16 97 e8 94 30 54>,
     macKeyVal: <Buffer e9 be e9 1d ce f6 4b e3 51 2e a2 4d ac 14 27 0a 66 03 14 e1 97 2d 14 2c 0c 1c 48 83 e5 e4 0a 90>,
     absValidity: 2018-03-22T02:49:14.267Z,
     relValidity: 7200000 },
  sessionCryptoSpec: { cipher: 'AES-128-CBC', mac: 'SHA256' },
  sessionProtocol: 'TCP',
  handshakeTimeout: 50000 }
chosen nonce: <Buffer 0b ae be eb fc 1c 2a e4>
switching to HANDSHAKE_1_SENT
disconnected from auth
Handler: secure connection with the server closed.
received session key handshake2!
client ret: [object Object]
server authenticated/authorized by solving nonce!
Handler: communication initialization succeeded
file data length: 1024
sending at Wed Mar 21 2018 02:49:16 GMT+0000 (UTC)
switching to IN_COMM
received secure communication message!
Received seqNum: 0
Handler: data received from server via secure communication
data1
Resp-actual/expected/ratio/ts: 5 5 1 1521600556798
Distribution protocol: TCP
Resp-actual/expected/ratio/ts: 5 6 0.8333333333333334 1521600613771
connected to auth! from local port 57682
received auth hello!
{ authId: 502, nonce: <Buffer b6 b5 a5 8b eb 38 24 8e> }
received session key response encrypted with distribution key
replyNonce in sessionKeyResp: <Buffer 96 f6 5f 68 3a 3d 5e 25>
auth nonce verified
handleSessionKeyResp: session key request succeeded! authFailureCount: 0
received 1 keys
currentSessionKey: [object Object]
Status: Secure connection closed before starting a new connection.
Session protocol: TCP
chosen commSessionKey: 
{ id: 50201066,
  cipherKeyVal: <Buffer 58 82 41 39 c5 e3 8b 7a 76 40 9d c9 7b ae ef e3>,
  macKeyVal: <Buffer 26 c8 b5 17 3d f9 c6 e6 f2 e5 08 ea d4 d4 cf 1a 95 ea d4 0b 15 d2 51 a1 55 bb 76 df 64 c9 8c 36>,
  absValidity: 2018-03-22T02:50:14.363Z,
  relValidity: 7200000 }
options
{ serverHost: '10.0.1.35',
  serverPort: 22100,
  sessionKey: 
   { id: 50201066,
     cipherKeyVal: <Buffer 58 82 41 39 c5 e3 8b 7a 76 40 9d c9 7b ae ef e3>,
     macKeyVal: <Buffer 26 c8 b5 17 3d f9 c6 e6 f2 e5 08 ea d4 d4 cf 1a 95 ea d4 0b 15 d2 51 a1 55 bb 76 df 64 c9 8c 36>,
     absValidity: 2018-03-22T02:50:14.363Z,
     relValidity: 7200000 },
  sessionCryptoSpec: { cipher: 'AES-128-CBC', mac: 'SHA256' },
  sessionProtocol: 'TCP',
  handshakeTimeout: 50000 }
chosen nonce: <Buffer 4f 3f b6 1e 48 20 08 80>
switching to HANDSHAKE_1_SENT
disconnected from auth
Handler: secure connection with the server closed.
received session key handshake2!
client ret: [object Object]
server authenticated/authorized by solving nonce!
Handler: communication initialization succeeded
file data length: 1024
sending at Wed Mar 21 2018 02:50:16 GMT+0000 (UTC)
switching to IN_COMM
received secure communication message!
Received seqNum: 0
Handler: data received from server via secure communication
data1
Resp-actual/expected/ratio/ts: 6 6 1 1521600616822
Distribution protocol: TCP
Resp-actual/expected/ratio/ts: 6 7 0.8571428571428571 1521600673828
connected to auth! from local port 57944
received auth hello!
{ authId: 502, nonce: <Buffer ac 0f e7 96 19 d7 2c 8a> }
received session key response encrypted with distribution key
replyNonce in sessionKeyResp: <Buffer 93 7a 0b 87 cc d2 62 55>
auth nonce verified
handleSessionKeyResp: session key request succeeded! authFailureCount: 0
received 1 keys
currentSessionKey: [object Object]
Status: Secure connection closed before starting a new connection.
Session protocol: TCP
chosen commSessionKey: 
{ id: 50201073,
  cipherKeyVal: <Buffer 85 12 01 19 db 2f 88 ac 9b dc 35 cf 8a 83 0b 00>,
  macKeyVal: <Buffer 30 44 28 34 ee 19 69 ce f9 4d 5b 51 83 2e 72 03 ec 45 1e 35 71 30 3d c6 00 46 71 db f9 ee 6b 3c>,
  absValidity: 2018-03-22T02:51:14.409Z,
  relValidity: 7200000 }
options
{ serverHost: '10.0.1.35',
  serverPort: 22100,
  sessionKey: 
   { id: 50201073,
     cipherKeyVal: <Buffer 85 12 01 19 db 2f 88 ac 9b dc 35 cf 8a 83 0b 00>,
     macKeyVal: <Buffer 30 44 28 34 ee 19 69 ce f9 4d 5b 51 83 2e 72 03 ec 45 1e 35 71 30 3d c6 00 46 71 db f9 ee 6b 3c>,
     absValidity: 2018-03-22T02:51:14.409Z,
     relValidity: 7200000 },
  sessionCryptoSpec: { cipher: 'AES-128-CBC', mac: 'SHA256' },
  sessionProtocol: 'TCP',
  handshakeTimeout: 50000 }
chosen nonce: <Buffer 8f 41 60 12 0d c1 72 08>
switching to HANDSHAKE_1_SENT
disconnected from auth
Handler: secure connection with the server closed.
received session key handshake2!
client ret: [object Object]
server authenticated/authorized by solving nonce!
Handler: communication initialization succeeded
file data length: 1024
sending at Wed Mar 21 2018 02:51:16 GMT+0000 (UTC)
switching to IN_COMM
received secure communication message!
Received seqNum: 0
Handler: data received from server via secure communication
data1
Resp-actual/expected/ratio/ts: 7 7 1 1521600676839
Distribution protocol: TCP
Resp-actual/expected/ratio/ts: 7 8 0.875 1521600733885
connected to auth! from local port 58114
received auth hello!
{ authId: 502, nonce: <Buffer 7b da 4e e4 b7 20 ad 27> }
received session key response encrypted with distribution key
replyNonce in sessionKeyResp: <Buffer c6 56 50 b1 70 7e c8 0e>
auth nonce verified
handleSessionKeyResp: session key request succeeded! authFailureCount: 0
received 1 keys
currentSessionKey: [object Object]
Status: Secure connection closed before starting a new connection.
Session protocol: TCP
chosen commSessionKey: 
{ id: 50201080,
  cipherKeyVal: <Buffer df 3a 42 a3 44 ce e4 76 fa ac fa 53 40 31 c1 5e>,
  macKeyVal: <Buffer 8c 1d 1b 9a 69 2a aa 5b ff 3a b8 51 28 b0 a9 6e b9 7b eb fe 61 f4 bc a9 eb 1f 63 1e 84 39 44 9d>,
  absValidity: 2018-03-22T02:52:14.455Z,
  relValidity: 7200000 }
options
{ serverHost: '10.0.1.35',
  serverPort: 22100,
  sessionKey: 
   { id: 50201080,
     cipherKeyVal: <Buffer df 3a 42 a3 44 ce e4 76 fa ac fa 53 40 31 c1 5e>,
     macKeyVal: <Buffer 8c 1d 1b 9a 69 2a aa 5b ff 3a b8 51 28 b0 a9 6e b9 7b eb fe 61 f4 bc a9 eb 1f 63 1e 84 39 44 9d>,
     absValidity: 2018-03-22T02:52:14.455Z,
     relValidity: 7200000 },
  sessionCryptoSpec: { cipher: 'AES-128-CBC', mac: 'SHA256' },
  sessionProtocol: 'TCP',
  handshakeTimeout: 50000 }
chosen nonce: <Buffer 87 17 77 7b 43 a8 d0 ea>
switching to HANDSHAKE_1_SENT
disconnected from auth
Handler: secure connection with the server closed.
received session key handshake2!
client ret: [object Object]
server authenticated/authorized by solving nonce!
Handler: communication initialization succeeded
file data length: 1024
sending at Wed Mar 21 2018 02:52:16 GMT+0000 (UTC)
switching to IN_COMM
received secure communication message!
Received seqNum: 0
Handler: data received from server via secure communication
data1
Resp-actual/expected/ratio/ts: 8 8 1 1521600736859
Distribution protocol: TCP
Resp-actual/expected/ratio/ts: 8 9 0.8888888888888888 1521600793943
connected to auth! from local port 58306
received auth hello!
{ authId: 502, nonce: <Buffer aa 27 48 bd b5 40 26 03> }
received session key response encrypted with distribution key
replyNonce in sessionKeyResp: <Buffer 3d 52 84 81 1d 0a 1a 39>
auth nonce verified
handleSessionKeyResp: session key request succeeded! authFailureCount: 0
received 1 keys
currentSessionKey: [object Object]
Status: Secure connection closed before starting a new connection.
Session protocol: TCP
chosen commSessionKey: 
{ id: 50201087,
  cipherKeyVal: <Buffer 8a 59 72 79 52 d1 27 e5 dc e2 51 c5 c0 dd 9d 91>,
  macKeyVal: <Buffer 05 c9 6b 7d c0 e1 a3 6a 51 80 d4 84 bf d0 41 05 a7 54 d8 55 08 28 db 85 bb bf 59 cb ce 3b 64 0a>,
  absValidity: 2018-03-22T02:53:16.513Z,
  relValidity: 7200000 }
options
{ serverHost: '10.0.1.35',
  serverPort: 22100,
  sessionKey: 
   { id: 50201087,
     cipherKeyVal: <Buffer 8a 59 72 79 52 d1 27 e5 dc e2 51 c5 c0 dd 9d 91>,
     macKeyVal: <Buffer 05 c9 6b 7d c0 e1 a3 6a 51 80 d4 84 bf d0 41 05 a7 54 d8 55 08 28 db 85 bb bf 59 cb ce 3b 64 0a>,
     absValidity: 2018-03-22T02:53:16.513Z,
     relValidity: 7200000 },
  sessionCryptoSpec: { cipher: 'AES-128-CBC', mac: 'SHA256' },
  sessionProtocol: 'TCP',
  handshakeTimeout: 50000 }
chosen nonce: <Buffer 8a 4d 3a 9d 10 4f a3 31>
switching to HANDSHAKE_1_SENT
disconnected from auth
Handler: secure connection with the server closed.
received session key handshake2!
client ret: [object Object]
server authenticated/authorized by solving nonce!
Handler: communication initialization succeeded
file data length: 1024
sending at Wed Mar 21 2018 02:53:20 GMT+0000 (UTC)
switching to IN_COMM
received secure communication message!
Received seqNum: 0
Handler: data received from server via secure communication
data1
Resp-actual/expected/ratio/ts: 9 9 1 1521600800436
Distribution protocol: TCP
Resp-actual/expected/ratio/ts: 9 10 0.9 1521600853947
connected to auth! from local port 58516
received auth hello!
{ authId: 502, nonce: <Buffer 5f b7 24 60 f3 38 5f 48> }
received session key response encrypted with distribution key
replyNonce in sessionKeyResp: <Buffer 23 d0 6c 63 ea 96 3a 1c>
auth nonce verified
handleSessionKeyResp: session key request succeeded! authFailureCount: 0
received 1 keys
currentSessionKey: [object Object]
Status: Secure connection closed before starting a new connection.
Session protocol: TCP
chosen commSessionKey: 
{ id: 50201095,
  cipherKeyVal: <Buffer 47 bc 58 74 9e ba 2c 08 a3 2d ab 4f 24 9f f1 ea>,
  macKeyVal: <Buffer 54 3f 75 36 90 82 0a 88 91 2c 7c cd 38 ca b6 8b 20 19 b7 09 71 0b 48 d0 e7 1d 6c 07 96 69 64 38>,
  absValidity: 2018-03-22T02:54:17.553Z,
  relValidity: 7200000 }
options
{ serverHost: '10.0.1.35',
  serverPort: 22100,
  sessionKey: 
   { id: 50201095,
     cipherKeyVal: <Buffer 47 bc 58 74 9e ba 2c 08 a3 2d ab 4f 24 9f f1 ea>,
     macKeyVal: <Buffer 54 3f 75 36 90 82 0a 88 91 2c 7c cd 38 ca b6 8b 20 19 b7 09 71 0b 48 d0 e7 1d 6c 07 96 69 64 38>,
     absValidity: 2018-03-22T02:54:17.553Z,
     relValidity: 7200000 },
  sessionCryptoSpec: { cipher: 'AES-128-CBC', mac: 'SHA256' },
  sessionProtocol: 'TCP',
  handshakeTimeout: 50000 }
chosen nonce: <Buffer 84 93 e2 88 74 a0 0e 0e>
switching to HANDSHAKE_1_SENT
disconnected from auth
Handler: secure connection with the server closed.
received session key handshake2!
client ret: [object Object]
server authenticated/authorized by solving nonce!
Handler: communication initialization succeeded
file data length: 1024
sending at Wed Mar 21 2018 02:54:55 GMT+0000 (UTC)
switching to IN_COMM
received secure communication message!
Received seqNum: 0
Handler: data received from server via secure communication
data1
Resp-actual/expected/ratio/ts: 10 10 1 1521600896232
Distribution protocol: TCP
Resp-actual/expected/ratio/ts: 10 11 0.9090909090909091 1521600913964
connected to auth! from local port 58730
received auth hello!
{ authId: 502, nonce: <Buffer 68 94 3d 82 db bd a7 ed> }
received session key response encrypted with distribution key
replyNonce in sessionKeyResp: <Buffer 14 9c 0e 12 3e c4 88 ad>
auth nonce verified
handleSessionKeyResp: session key request succeeded! authFailureCount: 0
received 1 keys
currentSessionKey: [object Object]
Status: Secure connection closed before starting a new connection.
Session protocol: TCP
chosen commSessionKey: 
{ id: 50201112,
  cipherKeyVal: <Buffer d8 06 21 50 63 74 08 c8 33 09 28 0d ee 73 59 29>,
  macKeyVal: <Buffer 7b b3 8a c3 2d ac fd 25 eb c0 7f 6c 96 f1 9a e7 a8 d1 f9 3f 9f 83 f4 cd 62 7b 64 6a 62 db ed 07>,
  absValidity: 2018-03-22T02:55:25.812Z,
  relValidity: 7200000 }
options
{ serverHost: '10.0.1.35',
  serverPort: 22100,
  sessionKey: 
   { id: 50201112,
     cipherKeyVal: <Buffer d8 06 21 50 63 74 08 c8 33 09 28 0d ee 73 59 29>,
     macKeyVal: <Buffer 7b b3 8a c3 2d ac fd 25 eb c0 7f 6c 96 f1 9a e7 a8 d1 f9 3f 9f 83 f4 cd 62 7b 64 6a 62 db ed 07>,
     absValidity: 2018-03-22T02:55:25.812Z,
     relValidity: 7200000 },
  sessionCryptoSpec: { cipher: 'AES-128-CBC', mac: 'SHA256' },
  sessionProtocol: 'TCP',
  handshakeTimeout: 50000 }
chosen nonce: <Buffer a4 91 d7 08 a1 95 65 ae>
switching to HANDSHAKE_1_SENT
disconnected from auth
Handler: secure connection with the server closed.
Distribution protocol: TCP
Resp-actual/expected/ratio/ts: 10 12 0.8333333333333334 1521600974012
connected to auth! from local port 58932
Handler: Error in secure comm - details: Comm init failed: handshake1 timed out ...
Handler: Error in secure comm - details: Comm init failed: disconnected from server during communication initialization.10.0.1.35:undefined
received auth hello!
{ authId: 502, nonce: <Buffer 70 06 1e 24 6e 7b cd f0> }
received session key response encrypted with distribution key
replyNonce in sessionKeyResp: <Buffer 94 13 93 d4 99 9a 35 dc>
auth nonce verified
handleSessionKeyResp: session key request succeeded! authFailureCount: 0
received 1 keys
currentSessionKey: [object Object]
Status: Secure connection closed before starting a new connection.
Session protocol: TCP
chosen commSessionKey: 
{ id: 50201126,
  cipherKeyVal: <Buffer 35 77 93 09 82 5b 75 e9 1a 56 9c aa b4 eb 1c 90>,
  macKeyVal: <Buffer 64 02 25 96 21 e8 b0 3d 31 0b 14 93 10 ad 59 96 7b 12 85 b7 53 ff 12 35 df 41 e7 bc e6 ae 72 61>,
  absValidity: 2018-03-22T02:56:17.818Z,
  relValidity: 7200000 }
options
{ serverHost: '10.0.1.35',
  serverPort: 22100,
  sessionKey: 
   { id: 50201126,
     cipherKeyVal: <Buffer 35 77 93 09 82 5b 75 e9 1a 56 9c aa b4 eb 1c 90>,
     macKeyVal: <Buffer 64 02 25 96 21 e8 b0 3d 31 0b 14 93 10 ad 59 96 7b 12 85 b7 53 ff 12 35 df 41 e7 bc e6 ae 72 61>,
     absValidity: 2018-03-22T02:56:17.818Z,
     relValidity: 7200000 },
  sessionCryptoSpec: { cipher: 'AES-128-CBC', mac: 'SHA256' },
  sessionProtocol: 'TCP',
  handshakeTimeout: 50000 }
chosen nonce: <Buffer 12 78 03 dd 41 cd 80 3d>
switching to HANDSHAKE_1_SENT
disconnected from auth
received session key handshake2!
client ret: [object Object]
server authenticated/authorized by solving nonce!
Handler: communication initialization succeeded
file data length: 1024
sending at Wed Mar 21 2018 02:56:21 GMT+0000 (UTC)
switching to IN_COMM
received secure communication message!
Received seqNum: 0
Handler: data received from server via secure communication
data1
Resp-actual/expected/ratio/ts: 11 12 0.9166666666666666 1521600982297
Distribution protocol: TCP
Resp-actual/expected/ratio/ts: 11 13 0.8461538461538461 1521601034064
connected to auth! from local port 59148
received auth hello!
{ authId: 502, nonce: <Buffer e0 23 6a 37 78 fb 53 57> }
received session key response encrypted with distribution key
replyNonce in sessionKeyResp: <Buffer 90 c8 19 fe 90 54 d5 80>
auth nonce verified
handleSessionKeyResp: session key request succeeded! authFailureCount: 0
received 1 keys
currentSessionKey: [object Object]
Status: Secure connection closed before starting a new connection.
Session protocol: TCP
chosen commSessionKey: 
{ id: 50201143,
  cipherKeyVal: <Buffer e9 07 f6 ca 03 fd 52 c0 04 e8 c1 df 3f 7b 72 79>,
  macKeyVal: <Buffer 67 a1 12 d5 c5 f4 1a 21 e1 50 14 70 b0 cf b2 5d 63 77 a4 cd 64 8e a3 ee da 0d 61 57 84 a6 f7 85>,
  absValidity: 2018-03-22T02:57:17.805Z,
  relValidity: 7200000 }
options
{ serverHost: '10.0.1.35',
  serverPort: 22100,
  sessionKey: 
   { id: 50201143,
     cipherKeyVal: <Buffer e9 07 f6 ca 03 fd 52 c0 04 e8 c1 df 3f 7b 72 79>,
     macKeyVal: <Buffer 67 a1 12 d5 c5 f4 1a 21 e1 50 14 70 b0 cf b2 5d 63 77 a4 cd 64 8e a3 ee da 0d 61 57 84 a6 f7 85>,
     absValidity: 2018-03-22T02:57:17.805Z,
     relValidity: 7200000 },
  sessionCryptoSpec: { cipher: 'AES-128-CBC', mac: 'SHA256' },
  sessionProtocol: 'TCP',
  handshakeTimeout: 50000 }
chosen nonce: <Buffer 6a 80 ff 85 6a c3 6d e0>
switching to HANDSHAKE_1_SENT
disconnected from auth
Handler: secure connection with the server closed.
received session key handshake2!
client ret: [object Object]
server authenticated/authorized by solving nonce!
Handler: communication initialization succeeded
file data length: 1024
sending at Wed Mar 21 2018 02:57:21 GMT+0000 (UTC)
switching to IN_COMM
received secure communication message!
Received seqNum: 0
Handler: data received from server via secure communication
data1
Resp-actual/expected/ratio/ts: 12 13 0.9230769230769231 1521601042265
Distribution protocol: TCP
Resp-actual/expected/ratio/ts: 12 14 0.8571428571428571 1521601094117
connected to auth! from local port 59344
received auth hello!
{ authId: 502, nonce: <Buffer a5 16 19 db e0 77 93 28> }
received session key response encrypted with distribution key
replyNonce in sessionKeyResp: <Buffer 5e 9f 31 8f ec 02 40 b3>
auth nonce verified
handleSessionKeyResp: session key request succeeded! authFailureCount: 0
received 1 keys
currentSessionKey: [object Object]
Status: Secure connection closed before starting a new connection.
Session protocol: TCP
chosen commSessionKey: 
{ id: 50201157,
  cipherKeyVal: <Buffer 8e f7 a5 55 15 0b bb d5 a5 e4 cd 49 46 34 60 57>,
  macKeyVal: <Buffer 8a 5d 3b 9a c0 36 56 dc a3 0c 01 98 c2 3c 81 cd c4 8c 20 e2 69 31 d4 a0 b2 92 f2 e0 58 b1 84 5d>,
  absValidity: 2018-03-22T02:58:17.820Z,
  relValidity: 7200000 }
options
{ serverHost: '10.0.1.35',
  serverPort: 22100,
  sessionKey: 
   { id: 50201157,
     cipherKeyVal: <Buffer 8e f7 a5 55 15 0b bb d5 a5 e4 cd 49 46 34 60 57>,
     macKeyVal: <Buffer 8a 5d 3b 9a c0 36 56 dc a3 0c 01 98 c2 3c 81 cd c4 8c 20 e2 69 31 d4 a0 b2 92 f2 e0 58 b1 84 5d>,
     absValidity: 2018-03-22T02:58:17.820Z,
     relValidity: 7200000 },
  sessionCryptoSpec: { cipher: 'AES-128-CBC', mac: 'SHA256' },
  sessionProtocol: 'TCP',
  handshakeTimeout: 50000 }
chosen nonce: <Buffer 9c 6b 96 64 c5 ab d5 e1>
switching to HANDSHAKE_1_SENT
disconnected from auth
Handler: secure connection with the server closed.
received session key handshake2!
client ret: [object Object]
server authenticated/authorized by solving nonce!
Handler: communication initialization succeeded
file data length: 1024
sending at Wed Mar 21 2018 02:58:21 GMT+0000 (UTC)
switching to IN_COMM
received secure communication message!
Received seqNum: 0
Handler: data received from server via secure communication
data1
Resp-actual/expected/ratio/ts: 13 14 0.9285714285714286 1521601102227
Distribution protocol: TCP
Resp-actual/expected/ratio/ts: 13 15 0.8666666666666667 1521601154170
connected to auth! from local port 59526
received auth hello!
{ authId: 502, nonce: <Buffer b4 ad 8a 1e ae e0 de 8d> }
received session key response encrypted with distribution key
replyNonce in sessionKeyResp: <Buffer ff e4 bd 0a 48 dc 9c bc>
auth nonce verified
handleSessionKeyResp: session key request succeeded! authFailureCount: 0
received 1 keys
currentSessionKey: [object Object]
Status: Secure connection closed before starting a new connection.
Session protocol: TCP
chosen commSessionKey: 
{ id: 50201172,
  cipherKeyVal: <Buffer 7f f7 a7 45 38 a0 8b 64 08 cb 5a 04 25 7d b9 de>,
  macKeyVal: <Buffer 1a f3 b2 30 b6 58 9f d5 4d ed e9 0b 15 c2 13 c1 2a 12 42 e0 a2 38 8c 32 1f 35 b3 94 fb 81 ae be>,
  absValidity: 2018-03-22T02:59:27.853Z,
  relValidity: 7200000 }
options
{ serverHost: '10.0.1.35',
  serverPort: 22100,
  sessionKey: 
   { id: 50201172,
     cipherKeyVal: <Buffer 7f f7 a7 45 38 a0 8b 64 08 cb 5a 04 25 7d b9 de>,
     macKeyVal: <Buffer 1a f3 b2 30 b6 58 9f d5 4d ed e9 0b 15 c2 13 c1 2a 12 42 e0 a2 38 8c 32 1f 35 b3 94 fb 81 ae be>,
     absValidity: 2018-03-22T02:59:27.853Z,
     relValidity: 7200000 },
  sessionCryptoSpec: { cipher: 'AES-128-CBC', mac: 'SHA256' },
  sessionProtocol: 'TCP',
  handshakeTimeout: 50000 }
disconnected from auth
chosen nonce: <Buffer 2a 0e a6 5a bd 1c e5 12>
switching to HANDSHAKE_1_SENT
Handler: secure connection with the server closed.
received session key handshake2!
client ret: [object Object]
server authenticated/authorized by solving nonce!
Handler: communication initialization succeeded
file data length: 1024
sending at Wed Mar 21 2018 02:59:44 GMT+0000 (UTC)
switching to IN_COMM
received secure communication message!
Received seqNum: 0
Handler: data received from server via secure communication
data1
Resp-actual/expected/ratio/ts: 14 15 0.9333333333333333 1521601184583
Distribution protocol: TCP
Resp-actual/expected/ratio/ts: 14 16 0.875 1521601214200
connected to auth! from local port 59712
received auth hello!
{ authId: 502, nonce: <Buffer 83 14 c6 75 ba 91 c2 b3> }
received session key response encrypted with distribution key
replyNonce in sessionKeyResp: <Buffer f8 b6 51 8b 8b 28 7b 3f>
auth nonce verified
handleSessionKeyResp: session key request succeeded! authFailureCount: 0
received 1 keys
currentSessionKey: [object Object]
Status: Secure connection closed before starting a new connection.
Session protocol: TCP
chosen commSessionKey: 
{ id: 50201184,
  cipherKeyVal: <Buffer a1 1c 98 fc cd 2c 0d 7d 34 4e ba 8d 17 ab 88 b2>,
  macKeyVal: <Buffer 90 e0 b1 1e 86 80 46 07 e0 af ca 02 39 14 74 e9 bf e2 b4 93 72 0b 1e fa a7 9b e8 af 1a 3b d6 4c>,
  absValidity: 2018-03-22T03:00:21.848Z,
  relValidity: 7200000 }
options
{ serverHost: '10.0.1.35',
  serverPort: 22100,
  sessionKey: 
   { id: 50201184,
     cipherKeyVal: <Buffer a1 1c 98 fc cd 2c 0d 7d 34 4e ba 8d 17 ab 88 b2>,
     macKeyVal: <Buffer 90 e0 b1 1e 86 80 46 07 e0 af ca 02 39 14 74 e9 bf e2 b4 93 72 0b 1e fa a7 9b e8 af 1a 3b d6 4c>,
     absValidity: 2018-03-22T03:00:21.848Z,
     relValidity: 7200000 },
  sessionCryptoSpec: { cipher: 'AES-128-CBC', mac: 'SHA256' },
  sessionProtocol: 'TCP',
  handshakeTimeout: 50000 }
chosen nonce: <Buffer fd ad 5e 77 61 2c 9b 8a>
switching to HANDSHAKE_1_SENT
disconnected from auth
Handler: secure connection with the server closed.
Handler: Error in secure comm - details: Comm init failed: handshake1 timed out ...
Handler: Error in secure comm - details: Comm init failed: disconnected from server during communication initialization.10.0.1.35:undefined
Distribution protocol: TCP
Resp-actual/expected/ratio/ts: 14 17 0.8235294117647058 1521601274201
connected to auth! from local port 59884
received auth hello!
{ authId: 502, nonce: <Buffer dd 78 08 91 73 95 b2 26> }
received session key response encrypted with distribution key
replyNonce in sessionKeyResp: <Buffer 7a a7 a0 57 6e 48 fa 2f>
auth nonce verified
handleSessionKeyResp: session key request succeeded! authFailureCount: 0
received 1 keys
currentSessionKey: [object Object]
Status: Secure connection closed before starting a new connection.
Session protocol: TCP
chosen commSessionKey: 
{ id: 50201195,
  cipherKeyVal: <Buffer 9d 08 b6 5e bf 7d ec e0 1a 05 56 79 87 70 96 1a>,
  macKeyVal: <Buffer 85 63 5c 21 08 e8 8c e1 2f ab 6b 61 1e ad a5 2c 6c fe d7 18 81 02 dc e2 52 c2 ff 84 af 74 26 90>,
  absValidity: 2018-03-22T03:01:17.807Z,
  relValidity: 7200000 }
options
{ serverHost: '10.0.1.35',
  serverPort: 22100,
  sessionKey: 
   { id: 50201195,
     cipherKeyVal: <Buffer 9d 08 b6 5e bf 7d ec e0 1a 05 56 79 87 70 96 1a>,
     macKeyVal: <Buffer 85 63 5c 21 08 e8 8c e1 2f ab 6b 61 1e ad a5 2c 6c fe d7 18 81 02 dc e2 52 c2 ff 84 af 74 26 90>,
     absValidity: 2018-03-22T03:01:17.807Z,
     relValidity: 7200000 },
  sessionCryptoSpec: { cipher: 'AES-128-CBC', mac: 'SHA256' },
  sessionProtocol: 'TCP',
  handshakeTimeout: 50000 }
chosen nonce: <Buffer 1a f2 8a 87 c4 f0 b1 c5>
switching to HANDSHAKE_1_SENT
disconnected from auth
received session key handshake2!
client ret: [object Object]
server authenticated/authorized by solving nonce!
Handler: communication initialization succeeded
file data length: 1024
sending at Wed Mar 21 2018 03:01:45 GMT+0000 (UTC)
switching to IN_COMM
received secure communication message!
Received seqNum: 0
Handler: data received from server via secure communication
data1
Resp-actual/expected/ratio/ts: 15 17 0.8823529411764706 1521601306385
Distribution protocol: TCP
Resp-actual/expected/ratio/ts: 15 18 0.8333333333333334 1521601334229
connected to auth! from local port 60058
Handler: Error in secure comm - details: Auth hello timedout ...
Distribution protocol: TCP
Resp-actual/expected/ratio/ts: 15 19 0.7894736842105263 1521601394240
connected to auth! from local port 60232
Handler: Error in secure comm - details: Auth hello timedout ...
Distribution protocol: TCP
Resp-actual/expected/ratio/ts: 15 20 0.75 1521601454251
connected to auth! from local port 60412
Handler: Error in secure comm - details: Auth hello timedout ...
Distribution protocol: TCP
Resp-actual/expected/ratio/ts: 15 21 0.7142857142857143 1521601514260
connected to auth! from local port 60584
Handler: Error in secure comm - details: Auth hello timedout ...
Distribution protocol: TCP
Resp-actual/expected/ratio/ts: 15 22 0.6818181818181818 1521601574271
connected to auth! from local port 60746
Handler: Error in secure comm - details: Auth hello timedout ...
Distribution protocol: TCP
Resp-actual/expected/ratio/ts: 15 23 0.6521739130434783 1521601634282
connected to auth! from local port 60910
Handler: Error in secure comm - details: Auth hello timedout ...
Distribution protocol: TCP
Resp-actual/expected/ratio/ts: 15 24 0.625 1521601694289
connected to auth! from local port 32834
received auth hello!
{ authId: 502, nonce: <Buffer 15 d8 20 05 76 2e cb 66> }
failure in connection with Auth : authFailureCount: 1
Handler: Error in secure comm - details: Error occurred in session key request: Error: write after end
Distribution protocol: TCP
Resp-actual/expected/ratio/ts: 15 25 0.6 1521601754297
connected to auth! from local port 32996
disconnected from auth
received auth hello!
{ authId: 502, nonce: <Buffer db dd 41 5a 7f 71 d2 90> }
received session key response encrypted with distribution key
replyNonce in sessionKeyResp: <Buffer 37 e5 5c 5e ec 61 1d 43>
auth nonce verified
handleSessionKeyResp: session key request succeeded! authFailureCount: 0
received 1 keys
currentSessionKey: [object Object]
Status: Secure connection closed before starting a new connection.
Session protocol: TCP
chosen commSessionKey: 
{ id: 50201300,
  cipherKeyVal: <Buffer 16 05 cc 13 36 9c cc 8b 02 c2 10 5f 24 0e aa 53>,
  macKeyVal: <Buffer d4 6d 18 f0 2e 9c 6a 01 7e b1 64 79 34 01 9b 48 94 26 00 07 17 61 9d 18 a3 80 8a f3 bf 63 bb 02>,
  absValidity: 2018-03-22T03:09:26.075Z,
  relValidity: 7200000 }
options
{ serverHost: '10.0.1.35',
  serverPort: 22100,
  sessionKey: 
   { id: 50201300,
     cipherKeyVal: <Buffer 16 05 cc 13 36 9c cc 8b 02 c2 10 5f 24 0e aa 53>,
     macKeyVal: <Buffer d4 6d 18 f0 2e 9c 6a 01 7e b1 64 79 34 01 9b 48 94 26 00 07 17 61 9d 18 a3 80 8a f3 bf 63 bb 02>,
     absValidity: 2018-03-22T03:09:26.075Z,
     relValidity: 7200000 },
  sessionCryptoSpec: { cipher: 'AES-128-CBC', mac: 'SHA256' },
  sessionProtocol: 'TCP',
  handshakeTimeout: 50000 }
chosen nonce: <Buffer 9c e6 f9 2f ed 3d 1c 61>
switching to HANDSHAKE_1_SENT
disconnected from auth
Handler: secure connection with the server closed.
received auth hello!
{ authId: 502, nonce: <Buffer a9 62 3e 6f 24 1b 28 09> }
failure in connection with Auth : authFailureCount: 1
Handler: Error in secure comm - details: Error occurred in session key request: Error: write after end
Handler: Error in secure comm - details: Connection with Auth timed out...
received auth hello!
{ authId: 502, nonce: <Buffer e5 6e e8 7f bc b9 1f 1b> }
failure in connection with Auth : authFailureCount: 2
failure count reached threshold (2), try migration...
Failed to migrate! host/port of current Auth is the same as host of the Auth which we migrate to
Handler: Error in secure comm - details: Error occurred in session key request: Error: write after end
disconnected from auth
Distribution protocol: TCP
Resp-actual/expected/ratio/ts: 15 26 0.5769230769230769 1521601814301
connected to auth! from local port 33148
Handler: Error in secure comm - details: Comm init failed: handshake1 timed out ...
Handler: Error in secure comm - details: Comm init failed: disconnected from server during communication initialization.10.0.1.35:undefined
disconnected from auth
Handler: Error in secure comm - details: Connection with Auth timed out...
Handler: Error in secure comm - details: Connection with Auth timed out...
Handler: Error in secure comm - details: Auth hello timedout ...
Distribution protocol: TCP
Resp-actual/expected/ratio/ts: 15 27 0.5555555555555556 1521601874311
connected to auth! from local port 33316
received auth hello!
{ authId: 502, nonce: <Buffer 4c f3 51 7d 47 1d de 32> }
received session key response encrypted with distribution key
replyNonce in sessionKeyResp: <Buffer bf 0f 11 fd d2 c8 e5 46>
auth nonce verified
handleSessionKeyResp: session key request succeeded! authFailureCount: 0
received 1 keys
currentSessionKey: [object Object]
Status: Secure connection closed before starting a new connection.
Session protocol: TCP
chosen commSessionKey: 
{ id: 50201325,
  cipherKeyVal: <Buffer 96 44 ab c0 90 45 23 5f fb f7 f9 db e1 00 e5 12>,
  macKeyVal: <Buffer 4c b3 e7 02 2b d2 c8 32 75 09 1e 69 de d3 41 60 71 87 cd 09 6b d7 c7 e8 9f f2 64 00 e9 ce 39 d4>,
  absValidity: 2018-03-22T03:11:26.081Z,
  relValidity: 7200000 }
options
{ serverHost: '10.0.1.35',
  serverPort: 22100,
  sessionKey: 
   { id: 50201325,
     cipherKeyVal: <Buffer 96 44 ab c0 90 45 23 5f fb f7 f9 db e1 00 e5 12>,
     macKeyVal: <Buffer 4c b3 e7 02 2b d2 c8 32 75 09 1e 69 de d3 41 60 71 87 cd 09 6b d7 c7 e8 9f f2 64 00 e9 ce 39 d4>,
     absValidity: 2018-03-22T03:11:26.081Z,
     relValidity: 7200000 },
  sessionCryptoSpec: { cipher: 'AES-128-CBC', mac: 'SHA256' },
  sessionProtocol: 'TCP',
  handshakeTimeout: 50000 }
chosen nonce: <Buffer 2c 28 4b 59 19 7e 8c 80>
switching to HANDSHAKE_1_SENT
disconnected from auth
received auth hello!
{ authId: 502, nonce: <Buffer 83 d7 5d 0b eb cd e2 d3> }
failure in connection with Auth : authFailureCount: 1
Handler: Error in secure comm - details: Error occurred in session key request: Error: write after end
received auth hello!
{ authId: 502, nonce: <Buffer 80 e6 4c fe 61 af a4 ec> }
failure in connection with Auth : authFailureCount: 2
failure count reached threshold (2), try migration...
Failed to migrate! host/port of current Auth is the same as host of the Auth which we migrate to
Handler: Error in secure comm - details: Error occurred in session key request: Error: write after end
disconnected from auth
