changing working directory to: /home/hokeunkim/Development/iotauth/entity/node/example_entities
loading from config file: /home/hokeunkim/Development/iotauth_experiments/experiments/ccs2017/expOptions/expEntity.option
Experimental options for autoClient: { autoSendPeriod: 60000,
  useSameSessionKeyCount: 1,
  connectionTimeout: 50000,
  migrationEnabled: true,
  authFailureThreshold: 2,
  migrationFailureThreshold: 2 }
loading from config file: /home/hokeunkim/Development/iotauth/entity/node/example_entities/configs/Clients/c512.config
initializing...
current parameters: { numKeysPerRequest: 3,
  migrationEnabled: false,
  authFailureThreshold: 3,
  migrationFailureThreshold: 3 }
current parameters: { numKeysPerRequest: 1,
  migrationEnabled: false,
  authFailureThreshold: 3,
  migrationFailureThreshold: 3 }
current parameters: { numKeysPerRequest: 1,
  migrationEnabled: true,
  authFailureThreshold: 3,
  migrationFailureThreshold: 3 }
current parameters: { numKeysPerRequest: 1,
  migrationEnabled: true,
  authFailureThreshold: 2,
  migrationFailureThreshold: 3 }
current parameters: { numKeysPerRequest: 1,
  migrationEnabled: true,
  authFailureThreshold: 2,
  migrationFailureThreshold: 2 }
current entityInfo: { name: 'c512',
  group: 'Clients',
  distProtocol: 'TCP',
  usePermanentDistKey: false,
  connectionTimeout: 50000,
  privateKey: <Buffer 2d 2d 2d 2d 2d 42 45 47 49 4e 20 52 53 41 20 50 52 49 56 41 54 45 20 4b 45 59 2d 2d 2d 2d 2d 0a 4d 49 49 45 6f 77 49 42 41 41 4b 43 41 51 45 41 74 73 ... > }
Distribution protocol: TCP
Resp-actual/expected/ratio/ts: 0 1 0 1521572491227
connected to auth! from local port 47920
received auth hello!
{ authId: 502, nonce: <Buffer 6c 68 71 5f df c1 cf 76> }
received session key response with distribution key attached!
auth signature verified
replyNonce in sessionKeyResp: <Buffer cf 91 bd 68 a4 41 0a e7>
auth nonce verified
handleSessionKeyResp: session key request succeeded! authFailureCount: 0
updating distribution key: { cipherKeyVal: <Buffer 1c d1 48 d5 c5 b0 dc 0f 4f 8c 8a a6 bd 4c a3 f9>,
  macKeyVal: <Buffer 71 27 fc 3d 7b 65 7c 0e 63 e2 bb e7 96 26 57 90 12 48 80 ea 11 1c 93 62 c7 c2 e1 fd fc 0d c8 9c>,
  absValidity: 2018-03-20T20:01:31.405Z }
received 1 keys
currentSessionKey: [object Object]
Session protocol: TCP
chosen commSessionKey: 
{ id: 50200390,
  cipherKeyVal: <Buffer 72 98 31 25 86 0e 42 2a 53 eb 52 9d 85 41 87 87>,
  macKeyVal: <Buffer 92 b1 58 17 51 21 67 e2 e7 65 4b 61 c5 38 87 90 c2 8e 85 8b 1c ac 9d cf 48 87 16 6d 7a 09 0f a1>,
  absValidity: 2018-03-21T19:01:31.405Z,
  relValidity: 7200000 }
options
{ serverHost: '10.0.1.32',
  serverPort: 22100,
  sessionKey: 
   { id: 50200390,
     cipherKeyVal: <Buffer 72 98 31 25 86 0e 42 2a 53 eb 52 9d 85 41 87 87>,
     macKeyVal: <Buffer 92 b1 58 17 51 21 67 e2 e7 65 4b 61 c5 38 87 90 c2 8e 85 8b 1c ac 9d cf 48 87 16 6d 7a 09 0f a1>,
     absValidity: 2018-03-21T19:01:31.405Z,
     relValidity: 7200000 },
  sessionCryptoSpec: { cipher: 'AES-128-CBC', mac: 'SHA256' },
  sessionProtocol: 'TCP',
  handshakeTimeout: 50000 }
disconnected from auth
chosen nonce: <Buffer a3 fe a0 b5 cb 25 51 1e>
switching to HANDSHAKE_1_SENT
received session key handshake2!
client ret: [object Object]
server authenticated/authorized by solving nonce!
Handler: communication initialization succeeded
file data length: 1024
sending at Tue Mar 20 2018 19:01:32 GMT+0000 (UTC)
switching to IN_COMM
received secure communication message!
Received seqNum: 0
Handler: data received from server via secure communication
data1
Resp-actual/expected/ratio/ts: 1 1 1 1521572492353
Distribution protocol: TCP
Resp-actual/expected/ratio/ts: 1 2 0.5 1521572551288
connected to auth! from local port 48190
received auth hello!
{ authId: 502, nonce: <Buffer db 03 48 5a b4 07 5a 11> }
received session key response encrypted with distribution key
replyNonce in sessionKeyResp: <Buffer aa f0 6e 7f 68 ea 1a 70>
auth nonce verified
handleSessionKeyResp: session key request succeeded! authFailureCount: 0
received 1 keys
currentSessionKey: [object Object]
Status: Secure connection closed before starting a new connection.
Session protocol: TCP
chosen commSessionKey: 
{ id: 50200397,
  cipherKeyVal: <Buffer 31 38 eb a8 8d ac b0 ec c5 91 77 a8 58 3a 1a 76>,
  macKeyVal: <Buffer e5 28 2f 7c 92 58 da 4c 2c 1b ed e7 65 41 28 1b db 48 92 52 3e 92 e4 00 a1 20 bf fc 28 53 c1 6a>,
  absValidity: 2018-03-21T19:02:31.430Z,
  relValidity: 7200000 }
options
{ serverHost: '10.0.1.32',
  serverPort: 22100,
  sessionKey: 
   { id: 50200397,
     cipherKeyVal: <Buffer 31 38 eb a8 8d ac b0 ec c5 91 77 a8 58 3a 1a 76>,
     macKeyVal: <Buffer e5 28 2f 7c 92 58 da 4c 2c 1b ed e7 65 41 28 1b db 48 92 52 3e 92 e4 00 a1 20 bf fc 28 53 c1 6a>,
     absValidity: 2018-03-21T19:02:31.430Z,
     relValidity: 7200000 },
  sessionCryptoSpec: { cipher: 'AES-128-CBC', mac: 'SHA256' },
  sessionProtocol: 'TCP',
  handshakeTimeout: 50000 }
chosen nonce: <Buffer 03 ae 4a 35 3f 66 2b 5a>
switching to HANDSHAKE_1_SENT
disconnected from auth
Handler: secure connection with the server closed.
received session key handshake2!
client ret: [object Object]
server authenticated/authorized by solving nonce!
Handler: communication initialization succeeded
file data length: 1024
sending at Tue Mar 20 2018 19:02:32 GMT+0000 (UTC)
switching to IN_COMM
received secure communication message!
Received seqNum: 0
Handler: data received from server via secure communication
data1
Resp-actual/expected/ratio/ts: 2 2 1 1521572552353
Distribution protocol: TCP
Resp-actual/expected/ratio/ts: 2 3 0.6666666666666666 1521572611346
connected to auth! from local port 48460
received auth hello!
{ authId: 502, nonce: <Buffer 5f 52 ad 7c 00 be df 4f> }
received session key response encrypted with distribution key
replyNonce in sessionKeyResp: <Buffer bc 70 82 52 14 34 c9 c8>
auth nonce verified
handleSessionKeyResp: session key request succeeded! authFailureCount: 0
received 1 keys
currentSessionKey: [object Object]
Status: Secure connection closed before starting a new connection.
Session protocol: TCP
chosen commSessionKey: 
{ id: 50200404,
  cipherKeyVal: <Buffer 4f 77 50 86 6a 77 56 bd 05 15 f8 ce 06 33 2e fb>,
  macKeyVal: <Buffer 53 ee de f8 c9 5f 29 b9 1f e2 e4 b4 96 d1 f6 0d 7a 11 e1 16 e9 55 da ba bf c0 6a 0e 96 77 8e 8b>,
  absValidity: 2018-03-21T19:03:31.522Z,
  relValidity: 7200000 }
options
{ serverHost: '10.0.1.32',
  serverPort: 22100,
  sessionKey: 
   { id: 50200404,
     cipherKeyVal: <Buffer 4f 77 50 86 6a 77 56 bd 05 15 f8 ce 06 33 2e fb>,
     macKeyVal: <Buffer 53 ee de f8 c9 5f 29 b9 1f e2 e4 b4 96 d1 f6 0d 7a 11 e1 16 e9 55 da ba bf c0 6a 0e 96 77 8e 8b>,
     absValidity: 2018-03-21T19:03:31.522Z,
     relValidity: 7200000 },
  sessionCryptoSpec: { cipher: 'AES-128-CBC', mac: 'SHA256' },
  sessionProtocol: 'TCP',
  handshakeTimeout: 50000 }
chosen nonce: <Buffer 47 bf 8f 18 d0 77 a4 c5>
switching to HANDSHAKE_1_SENT
disconnected from auth
Handler: secure connection with the server closed.
received session key handshake2!
client ret: [object Object]
server authenticated/authorized by solving nonce!
Handler: communication initialization succeeded
file data length: 1024
sending at Tue Mar 20 2018 19:03:32 GMT+0000 (UTC)
switching to IN_COMM
received secure communication message!
Received seqNum: 0
Handler: data received from server via secure communication
data1
Resp-actual/expected/ratio/ts: 3 3 1 1521572612412
Distribution protocol: TCP
Resp-actual/expected/ratio/ts: 3 4 0.75 1521572671372
connected to auth! from local port 48730
received auth hello!
{ authId: 502, nonce: <Buffer 69 cc e1 cb ee 23 17 ca> }
received session key response encrypted with distribution key
replyNonce in sessionKeyResp: <Buffer 5f 43 ec 37 98 d6 87 02>
auth nonce verified
handleSessionKeyResp: session key request succeeded! authFailureCount: 0
received 1 keys
currentSessionKey: [object Object]
Status: Secure connection closed before starting a new connection.
Session protocol: TCP
chosen commSessionKey: 
{ id: 50200411,
  cipherKeyVal: <Buffer 6b 5d 2e 0f fd f1 27 b0 a9 d5 b8 8f 96 06 d5 06>,
  macKeyVal: <Buffer 25 76 c2 e3 25 8d 0b 0e e2 b8 c0 e3 a2 cc ec db b3 a0 2b 1e 0b 1f 3c 3f 00 8f 77 d1 67 de 90 31>,
  absValidity: 2018-03-21T19:04:31.536Z,
  relValidity: 7200000 }
options
{ serverHost: '10.0.1.32',
  serverPort: 22100,
  sessionKey: 
   { id: 50200411,
     cipherKeyVal: <Buffer 6b 5d 2e 0f fd f1 27 b0 a9 d5 b8 8f 96 06 d5 06>,
     macKeyVal: <Buffer 25 76 c2 e3 25 8d 0b 0e e2 b8 c0 e3 a2 cc ec db b3 a0 2b 1e 0b 1f 3c 3f 00 8f 77 d1 67 de 90 31>,
     absValidity: 2018-03-21T19:04:31.536Z,
     relValidity: 7200000 },
  sessionCryptoSpec: { cipher: 'AES-128-CBC', mac: 'SHA256' },
  sessionProtocol: 'TCP',
  handshakeTimeout: 50000 }
chosen nonce: <Buffer a4 75 38 4e 59 9f c6 d6>
switching to HANDSHAKE_1_SENT
disconnected from auth
Handler: secure connection with the server closed.
received session key handshake2!
client ret: [object Object]
server authenticated/authorized by solving nonce!
Handler: communication initialization succeeded
file data length: 1024
sending at Tue Mar 20 2018 19:04:32 GMT+0000 (UTC)
switching to IN_COMM
received secure communication message!
Received seqNum: 0
Handler: data received from server via secure communication
data1
Resp-actual/expected/ratio/ts: 4 4 1 1521572672422
Distribution protocol: TCP
Resp-actual/expected/ratio/ts: 4 5 0.8 1521572731423
connected to auth! from local port 49000
received auth hello!
{ authId: 502, nonce: <Buffer 82 75 c9 bc e7 9d 51 5c> }
received session key response encrypted with distribution key
replyNonce in sessionKeyResp: <Buffer d9 4e f5 dc 9f b6 ce 12>
auth nonce verified
handleSessionKeyResp: session key request succeeded! authFailureCount: 0
received 1 keys
currentSessionKey: [object Object]
Status: Secure connection closed before starting a new connection.
Session protocol: TCP
chosen commSessionKey: 
{ id: 50200418,
  cipherKeyVal: <Buffer d1 19 01 0b 21 23 f0 cf ae 25 08 67 51 79 89 39>,
  macKeyVal: <Buffer dc 99 3c 70 75 89 74 e2 6f f7 67 ca f8 1d 3d f8 1f ba b3 ce 17 2d f7 5f 29 6f d3 ec db 0c a2 f0>,
  absValidity: 2018-03-21T19:05:31.560Z,
  relValidity: 7200000 }
options
{ serverHost: '10.0.1.32',
  serverPort: 22100,
  sessionKey: 
   { id: 50200418,
     cipherKeyVal: <Buffer d1 19 01 0b 21 23 f0 cf ae 25 08 67 51 79 89 39>,
     macKeyVal: <Buffer dc 99 3c 70 75 89 74 e2 6f f7 67 ca f8 1d 3d f8 1f ba b3 ce 17 2d f7 5f 29 6f d3 ec db 0c a2 f0>,
     absValidity: 2018-03-21T19:05:31.560Z,
     relValidity: 7200000 },
  sessionCryptoSpec: { cipher: 'AES-128-CBC', mac: 'SHA256' },
  sessionProtocol: 'TCP',
  handshakeTimeout: 50000 }
chosen nonce: <Buffer 96 0f eb 47 58 10 76 b3>
switching to HANDSHAKE_1_SENT
disconnected from auth
Handler: secure connection with the server closed.
received session key handshake2!
client ret: [object Object]
server authenticated/authorized by solving nonce!
Handler: communication initialization succeeded
file data length: 1024
sending at Tue Mar 20 2018 19:05:32 GMT+0000 (UTC)
switching to IN_COMM
received secure communication message!
Received seqNum: 0
Handler: data received from server via secure communication
data1
Resp-actual/expected/ratio/ts: 5 5 1 1521572732563
Distribution protocol: TCP
Resp-actual/expected/ratio/ts: 5 6 0.8333333333333334 1521572791481
connected to auth! from local port 49270
received auth hello!
{ authId: 502, nonce: <Buffer 11 dd 64 f8 e5 5e 76 01> }
received session key response encrypted with distribution key
replyNonce in sessionKeyResp: <Buffer ad 70 3a 00 8f 04 15 8e>
auth nonce verified
handleSessionKeyResp: session key request succeeded! authFailureCount: 0
received 1 keys
currentSessionKey: [object Object]
Status: Secure connection closed before starting a new connection.
Session protocol: TCP
chosen commSessionKey: 
{ id: 50200425,
  cipherKeyVal: <Buffer 3f 7c 36 25 9b c8 f4 3d 13 d3 fc 47 4c 2d 4c ef>,
  macKeyVal: <Buffer a9 f9 3d ea d1 92 27 6b bc ac aa 3e bc 0c 7e 5a 29 72 1a 91 66 a1 1d 2e 5e f4 6d d0 b5 2d 69 79>,
  absValidity: 2018-03-21T19:06:31.612Z,
  relValidity: 7200000 }
options
{ serverHost: '10.0.1.32',
  serverPort: 22100,
  sessionKey: 
   { id: 50200425,
     cipherKeyVal: <Buffer 3f 7c 36 25 9b c8 f4 3d 13 d3 fc 47 4c 2d 4c ef>,
     macKeyVal: <Buffer a9 f9 3d ea d1 92 27 6b bc ac aa 3e bc 0c 7e 5a 29 72 1a 91 66 a1 1d 2e 5e f4 6d d0 b5 2d 69 79>,
     absValidity: 2018-03-21T19:06:31.612Z,
     relValidity: 7200000 },
  sessionCryptoSpec: { cipher: 'AES-128-CBC', mac: 'SHA256' },
  sessionProtocol: 'TCP',
  handshakeTimeout: 50000 }
chosen nonce: <Buffer 78 7e 9f 26 e2 08 8f 08>
switching to HANDSHAKE_1_SENT
disconnected from auth
Handler: secure connection with the server closed.
received session key handshake2!
client ret: [object Object]
server authenticated/authorized by solving nonce!
Handler: communication initialization succeeded
file data length: 1024
sending at Tue Mar 20 2018 19:06:32 GMT+0000 (UTC)
switching to IN_COMM
received secure communication message!
Received seqNum: 0
Handler: data received from server via secure communication
data1
Resp-actual/expected/ratio/ts: 6 6 1 1521572792593
Distribution protocol: TCP
Resp-actual/expected/ratio/ts: 6 7 0.8571428571428571 1521572851504
connected to auth! from local port 49540
received auth hello!
{ authId: 502, nonce: <Buffer ba da ed b4 2d ed 18 0e> }
received session key response encrypted with distribution key
replyNonce in sessionKeyResp: <Buffer f4 10 94 17 9f df 02 e5>
auth nonce verified
handleSessionKeyResp: session key request succeeded! authFailureCount: 0
received 1 keys
currentSessionKey: [object Object]
Status: Secure connection closed before starting a new connection.
Session protocol: TCP
chosen commSessionKey: 
{ id: 50200432,
  cipherKeyVal: <Buffer 71 1a 15 5a 40 ee 24 5d a0 93 ee 0c 1e 44 7a 3b>,
  macKeyVal: <Buffer 07 54 46 fe 1c 09 1b 69 39 77 0d ff b8 97 81 70 1b d5 2d 20 a5 c3 ca e0 18 28 fc 76 92 c5 b3 ac>,
  absValidity: 2018-03-21T19:07:31.637Z,
  relValidity: 7200000 }
options
{ serverHost: '10.0.1.32',
  serverPort: 22100,
  sessionKey: 
   { id: 50200432,
     cipherKeyVal: <Buffer 71 1a 15 5a 40 ee 24 5d a0 93 ee 0c 1e 44 7a 3b>,
     macKeyVal: <Buffer 07 54 46 fe 1c 09 1b 69 39 77 0d ff b8 97 81 70 1b d5 2d 20 a5 c3 ca e0 18 28 fc 76 92 c5 b3 ac>,
     absValidity: 2018-03-21T19:07:31.637Z,
     relValidity: 7200000 },
  sessionCryptoSpec: { cipher: 'AES-128-CBC', mac: 'SHA256' },
  sessionProtocol: 'TCP',
  handshakeTimeout: 50000 }
chosen nonce: <Buffer ea 5a 41 d5 94 c1 0e f6>
switching to HANDSHAKE_1_SENT
disconnected from auth
Handler: secure connection with the server closed.
received session key handshake2!
client ret: [object Object]
server authenticated/authorized by solving nonce!
Handler: communication initialization succeeded
file data length: 1024
sending at Tue Mar 20 2018 19:07:32 GMT+0000 (UTC)
switching to IN_COMM
received secure communication message!
Received seqNum: 0
Handler: data received from server via secure communication
data1
Resp-actual/expected/ratio/ts: 7 7 1 1521572852536
Distribution protocol: TCP
Resp-actual/expected/ratio/ts: 7 8 0.875 1521572911564
connected to auth! from local port 49726
received auth hello!
{ authId: 502, nonce: <Buffer e1 b0 b4 d6 0f ce 03 21> }
received session key response encrypted with distribution key
replyNonce in sessionKeyResp: <Buffer 6f 6c 2b ff b0 ed eb 29>
auth nonce verified
handleSessionKeyResp: session key request succeeded! authFailureCount: 0
received 1 keys
currentSessionKey: [object Object]
Status: Secure connection closed before starting a new connection.
Session protocol: TCP
chosen commSessionKey: 
{ id: 50200439,
  cipherKeyVal: <Buffer 98 37 d8 cc 4e 8d 5a 92 13 c5 03 db 85 e9 30 1d>,
  macKeyVal: <Buffer f5 46 c4 c9 6e 6b a6 47 24 d1 b6 57 87 ad 77 57 47 d5 c6 e6 e0 c1 1c 85 1a fc 82 a5 d6 23 36 ef>,
  absValidity: 2018-03-21T19:08:31.710Z,
  relValidity: 7200000 }
options
{ serverHost: '10.0.1.32',
  serverPort: 22100,
  sessionKey: 
   { id: 50200439,
     cipherKeyVal: <Buffer 98 37 d8 cc 4e 8d 5a 92 13 c5 03 db 85 e9 30 1d>,
     macKeyVal: <Buffer f5 46 c4 c9 6e 6b a6 47 24 d1 b6 57 87 ad 77 57 47 d5 c6 e6 e0 c1 1c 85 1a fc 82 a5 d6 23 36 ef>,
     absValidity: 2018-03-21T19:08:31.710Z,
     relValidity: 7200000 },
  sessionCryptoSpec: { cipher: 'AES-128-CBC', mac: 'SHA256' },
  sessionProtocol: 'TCP',
  handshakeTimeout: 50000 }
chosen nonce: <Buffer d1 45 b9 44 b5 aa dd 87>
switching to HANDSHAKE_1_SENT
disconnected from auth
Handler: secure connection with the server closed.
received session key handshake2!
client ret: [object Object]
server authenticated/authorized by solving nonce!
Handler: communication initialization succeeded
file data length: 1024
sending at Tue Mar 20 2018 19:08:32 GMT+0000 (UTC)
switching to IN_COMM
received secure communication message!
Received seqNum: 0
Handler: data received from server via secure communication
data1
Resp-actual/expected/ratio/ts: 8 8 1 1521572912711
Distribution protocol: TCP
Resp-actual/expected/ratio/ts: 8 9 0.8888888888888888 1521572971622
connected to auth! from local port 49952
received auth hello!
{ authId: 502, nonce: <Buffer 4e 3e b1 80 15 83 bd 2b> }
received session key response encrypted with distribution key
replyNonce in sessionKeyResp: <Buffer 80 d8 7b 18 4c ed 45 87>
auth nonce verified
handleSessionKeyResp: session key request succeeded! authFailureCount: 0
received 1 keys
currentSessionKey: [object Object]
Status: Secure connection closed before starting a new connection.
Session protocol: TCP
chosen commSessionKey: 
{ id: 50200446,
  cipherKeyVal: <Buffer 82 b0 4a e2 16 1c 04 67 ba 18 87 fa 37 5d 6c 24>,
  macKeyVal: <Buffer aa a4 89 33 9a 71 1b 4e 00 38 60 c5 01 b7 bc be 77 a9 18 63 21 9c cc 77 a7 e0 b0 61 ac 1a 46 6c>,
  absValidity: 2018-03-21T19:09:31.765Z,
  relValidity: 7200000 }
options
{ serverHost: '10.0.1.32',
  serverPort: 22100,
  sessionKey: 
   { id: 50200446,
     cipherKeyVal: <Buffer 82 b0 4a e2 16 1c 04 67 ba 18 87 fa 37 5d 6c 24>,
     macKeyVal: <Buffer aa a4 89 33 9a 71 1b 4e 00 38 60 c5 01 b7 bc be 77 a9 18 63 21 9c cc 77 a7 e0 b0 61 ac 1a 46 6c>,
     absValidity: 2018-03-21T19:09:31.765Z,
     relValidity: 7200000 },
  sessionCryptoSpec: { cipher: 'AES-128-CBC', mac: 'SHA256' },
  sessionProtocol: 'TCP',
  handshakeTimeout: 50000 }
chosen nonce: <Buffer 22 46 77 7c db 64 db 22>
switching to HANDSHAKE_1_SENT
disconnected from auth
Handler: secure connection with the server closed.
received session key handshake2!
client ret: [object Object]
server authenticated/authorized by solving nonce!
Handler: communication initialization succeeded
file data length: 1024
sending at Tue Mar 20 2018 19:09:34 GMT+0000 (UTC)
switching to IN_COMM
received secure communication message!
Received seqNum: 0
Handler: data received from server via secure communication
data1
Resp-actual/expected/ratio/ts: 9 9 1 1521572974575
Distribution protocol: TCP
Resp-actual/expected/ratio/ts: 9 10 0.9 1521573031657
connected to auth! from local port 50180
received auth hello!
{ authId: 502, nonce: <Buffer 4c 88 fa 5f f9 ee fd 87> }
received session key response encrypted with distribution key
replyNonce in sessionKeyResp: <Buffer d7 36 84 0c f0 7e 05 32>
auth nonce verified
handleSessionKeyResp: session key request succeeded! authFailureCount: 0
received 1 keys
currentSessionKey: [object Object]
Status: Secure connection closed before starting a new connection.
Session protocol: TCP
chosen commSessionKey: 
{ id: 50200453,
  cipherKeyVal: <Buffer 98 6f cf 19 16 d3 4e d0 9f 0d 23 b1 5d 3a 49 9e>,
  macKeyVal: <Buffer 2a 40 27 33 99 8f 16 93 54 a3 db 85 a5 2b 47 a4 dc da 4d 75 6e c3 c4 a7 7d 1d 80 39 9d d5 62 8b>,
  absValidity: 2018-03-21T19:10:37.620Z,
  relValidity: 7200000 }
options
{ serverHost: '10.0.1.32',
  serverPort: 22100,
  sessionKey: 
   { id: 50200453,
     cipherKeyVal: <Buffer 98 6f cf 19 16 d3 4e d0 9f 0d 23 b1 5d 3a 49 9e>,
     macKeyVal: <Buffer 2a 40 27 33 99 8f 16 93 54 a3 db 85 a5 2b 47 a4 dc da 4d 75 6e c3 c4 a7 7d 1d 80 39 9d d5 62 8b>,
     absValidity: 2018-03-21T19:10:37.620Z,
     relValidity: 7200000 },
  sessionCryptoSpec: { cipher: 'AES-128-CBC', mac: 'SHA256' },
  sessionProtocol: 'TCP',
  handshakeTimeout: 50000 }
chosen nonce: <Buffer 52 93 40 01 7e 13 5b 31>
switching to HANDSHAKE_1_SENT
disconnected from auth
Handler: secure connection with the server closed.
received session key handshake2!
client ret: [object Object]
server authenticated/authorized by solving nonce!
Handler: communication initialization succeeded
file data length: 1024
sending at Tue Mar 20 2018 19:10:54 GMT+0000 (UTC)
switching to IN_COMM
received secure communication message!
Received seqNum: 0
Handler: data received from server via secure communication
data1
Resp-actual/expected/ratio/ts: 10 10 1 1521573054401
Distribution protocol: TCP
Resp-actual/expected/ratio/ts: 10 11 0.9090909090909091 1521573091695
connected to auth! from local port 50420
received auth hello!
{ authId: 502, nonce: <Buffer 4b 91 5e 4f 01 f4 5f 56> }
received session key response encrypted with distribution key
replyNonce in sessionKeyResp: <Buffer 73 b2 4a ee bb 97 db 2c>
auth nonce verified
handleSessionKeyResp: session key request succeeded! authFailureCount: 0
received 1 keys
currentSessionKey: [object Object]
Status: Secure connection closed before starting a new connection.
Session protocol: TCP
chosen commSessionKey: 
{ id: 50200462,
  cipherKeyVal: <Buffer 7e db 01 ce 0a 5e 0f 8a 3b 89 e5 d4 01 b6 c7 ed>,
  macKeyVal: <Buffer bb 90 41 a9 30 66 38 03 44 df 2c 80 1b cb 89 68 6d 7b 0c 51 01 2f d9 cb 85 84 f4 69 dd aa 73 40>,
  absValidity: 2018-03-21T19:11:31.808Z,
  relValidity: 7200000 }
options
{ serverHost: '10.0.1.32',
  serverPort: 22100,
  sessionKey: 
   { id: 50200462,
     cipherKeyVal: <Buffer 7e db 01 ce 0a 5e 0f 8a 3b 89 e5 d4 01 b6 c7 ed>,
     macKeyVal: <Buffer bb 90 41 a9 30 66 38 03 44 df 2c 80 1b cb 89 68 6d 7b 0c 51 01 2f d9 cb 85 84 f4 69 dd aa 73 40>,
     absValidity: 2018-03-21T19:11:31.808Z,
     relValidity: 7200000 },
  sessionCryptoSpec: { cipher: 'AES-128-CBC', mac: 'SHA256' },
  sessionProtocol: 'TCP',
  handshakeTimeout: 50000 }
chosen nonce: <Buffer 5d d0 27 8b e8 94 07 12>
switching to HANDSHAKE_1_SENT
disconnected from auth
Handler: secure connection with the server closed.
received session key handshake2!
client ret: [object Object]
server authenticated/authorized by solving nonce!
Handler: communication initialization succeeded
file data length: 1024
sending at Tue Mar 20 2018 19:11:32 GMT+0000 (UTC)
switching to IN_COMM
received secure communication message!
Received seqNum: 0
Handler: data received from server via secure communication
data1
Resp-actual/expected/ratio/ts: 11 11 1 1521573092656
Distribution protocol: TCP
Resp-actual/expected/ratio/ts: 11 12 0.9166666666666666 1521573151754
connected to auth! from local port 50662
received auth hello!
{ authId: 502, nonce: <Buffer 02 fe 2a 95 9b 06 8e c4> }
received session key response encrypted with distribution key
replyNonce in sessionKeyResp: <Buffer 8c e3 2f 1d 8b 83 99 48>
auth nonce verified
handleSessionKeyResp: session key request succeeded! authFailureCount: 0
received 1 keys
currentSessionKey: [object Object]
Status: Secure connection closed before starting a new connection.
Session protocol: TCP
chosen commSessionKey: 
{ id: 50200471,
  cipherKeyVal: <Buffer f8 38 c2 63 8a f2 2f 14 3f 5d 17 5c 43 f1 9a 1d>,
  macKeyVal: <Buffer 65 3d 9d 37 f6 75 db 8a f7 71 f8 5f 72 b4 32 c4 8d 81 5a 4c dd 75 8b 17 25 83 b7 61 6c 50 43 99>,
  absValidity: 2018-03-21T19:12:31.922Z,
  relValidity: 7200000 }
options
{ serverHost: '10.0.1.32',
  serverPort: 22100,
  sessionKey: 
   { id: 50200471,
     cipherKeyVal: <Buffer f8 38 c2 63 8a f2 2f 14 3f 5d 17 5c 43 f1 9a 1d>,
     macKeyVal: <Buffer 65 3d 9d 37 f6 75 db 8a f7 71 f8 5f 72 b4 32 c4 8d 81 5a 4c dd 75 8b 17 25 83 b7 61 6c 50 43 99>,
     absValidity: 2018-03-21T19:12:31.922Z,
     relValidity: 7200000 },
  sessionCryptoSpec: { cipher: 'AES-128-CBC', mac: 'SHA256' },
  sessionProtocol: 'TCP',
  handshakeTimeout: 50000 }
chosen nonce: <Buffer 88 57 a8 8a a0 09 51 84>
switching to HANDSHAKE_1_SENT
disconnected from auth
Handler: secure connection with the server closed.
received session key handshake2!
client ret: [object Object]
server authenticated/authorized by solving nonce!
Handler: communication initialization succeeded
file data length: 1024
sending at Tue Mar 20 2018 19:12:32 GMT+0000 (UTC)
switching to IN_COMM
received secure communication message!
Received seqNum: 0
Handler: data received from server via secure communication
data1
Resp-actual/expected/ratio/ts: 12 12 1 1521573152785
Distribution protocol: TCP
Resp-actual/expected/ratio/ts: 12 13 0.9230769230769231 1521573211793
connected to auth! from local port 50926
received auth hello!
{ authId: 502, nonce: <Buffer a6 a4 53 91 4e 54 b2 90> }
received session key response encrypted with distribution key
replyNonce in sessionKeyResp: <Buffer 4a ae ad 80 e7 8e 26 21>
auth nonce verified
handleSessionKeyResp: session key request succeeded! authFailureCount: 0
received 1 keys
currentSessionKey: [object Object]
Status: Secure connection closed before starting a new connection.
Session protocol: TCP
chosen commSessionKey: 
{ id: 50200486,
  cipherKeyVal: <Buffer 1b 43 4b b7 01 e3 d7 60 f5 4a 2a b4 02 a6 06 b7>,
  macKeyVal: <Buffer 9a 16 56 dd 8f 9d 87 a7 05 56 a5 8c 80 c0 4f 3d df 88 61 34 46 49 a6 0e 35 e5 01 72 fc 04 d9 3c>,
  absValidity: 2018-03-21T19:13:32.170Z,
  relValidity: 7200000 }
options
{ serverHost: '10.0.1.32',
  serverPort: 22100,
  sessionKey: 
   { id: 50200486,
     cipherKeyVal: <Buffer 1b 43 4b b7 01 e3 d7 60 f5 4a 2a b4 02 a6 06 b7>,
     macKeyVal: <Buffer 9a 16 56 dd 8f 9d 87 a7 05 56 a5 8c 80 c0 4f 3d df 88 61 34 46 49 a6 0e 35 e5 01 72 fc 04 d9 3c>,
     absValidity: 2018-03-21T19:13:32.170Z,
     relValidity: 7200000 },
  sessionCryptoSpec: { cipher: 'AES-128-CBC', mac: 'SHA256' },
  sessionProtocol: 'TCP',
  handshakeTimeout: 50000 }
chosen nonce: <Buffer e6 5a 2c e0 c2 6a ce d9>
switching to HANDSHAKE_1_SENT
disconnected from auth
Handler: secure connection with the server closed.
received session key handshake2!
client ret: [object Object]
server authenticated/authorized by solving nonce!
Handler: communication initialization succeeded
file data length: 1024
sending at Tue Mar 20 2018 19:13:34 GMT+0000 (UTC)
switching to IN_COMM
received secure communication message!
Received seqNum: 0
Handler: data received from server via secure communication
data1
Resp-actual/expected/ratio/ts: 13 13 1 1521573214571
Distribution protocol: TCP
Resp-actual/expected/ratio/ts: 13 14 0.9285714285714286 1521573271851
connected to auth! from local port 51186
received auth hello!
{ authId: 502, nonce: <Buffer 9c 19 e6 33 5d 82 09 6e> }
received session key response encrypted with distribution key
replyNonce in sessionKeyResp: <Buffer df 67 5a 3a a3 68 67 f7>
auth nonce verified
handleSessionKeyResp: session key request succeeded! authFailureCount: 0
received 1 keys
currentSessionKey: [object Object]
Status: Secure connection closed before starting a new connection.
Session protocol: TCP
chosen commSessionKey: 
{ id: 50200500,
  cipherKeyVal: <Buffer b7 58 7f 4d 86 07 50 ec d9 85 e9 27 63 1e e3 be>,
  macKeyVal: <Buffer 14 90 3d 47 21 4e 23 09 33 9f c6 e4 82 f1 34 56 0f 73 1b 8e 8b 12 7b 69 d7 4e ed cd 9c b2 83 12>,
  absValidity: 2018-03-21T19:14:35.555Z,
  relValidity: 7200000 }
options
{ serverHost: '10.0.1.32',
  serverPort: 22100,
  sessionKey: 
   { id: 50200500,
     cipherKeyVal: <Buffer b7 58 7f 4d 86 07 50 ec d9 85 e9 27 63 1e e3 be>,
     macKeyVal: <Buffer 14 90 3d 47 21 4e 23 09 33 9f c6 e4 82 f1 34 56 0f 73 1b 8e 8b 12 7b 69 d7 4e ed cd 9c b2 83 12>,
     absValidity: 2018-03-21T19:14:35.555Z,
     relValidity: 7200000 },
  sessionCryptoSpec: { cipher: 'AES-128-CBC', mac: 'SHA256' },
  sessionProtocol: 'TCP',
  handshakeTimeout: 50000 }
disconnected from auth
chosen nonce: <Buffer d8 fe 55 a9 3a 55 3d 37>
switching to HANDSHAKE_1_SENT
Handler: secure connection with the server closed.
received session key handshake2!
client ret: [object Object]
server authenticated/authorized by solving nonce!
Handler: communication initialization succeeded
file data length: 1024
sending at Tue Mar 20 2018 19:15:08 GMT+0000 (UTC)
switching to IN_COMM
received secure communication message!
Received seqNum: 0
Handler: data received from server via secure communication
data1
Resp-actual/expected/ratio/ts: 14 14 1 1521573308759
Distribution protocol: TCP
Resp-actual/expected/ratio/ts: 14 15 0.9333333333333333 1521573331874
connected to auth! from local port 51458
received auth hello!
{ authId: 502, nonce: <Buffer ea b8 23 27 06 d6 5e ef> }
received session key response encrypted with distribution key
replyNonce in sessionKeyResp: <Buffer 1d df 52 46 11 f6 f7 be>
auth nonce verified
handleSessionKeyResp: session key request succeeded! authFailureCount: 0
received 1 keys
currentSessionKey: [object Object]
Status: Secure connection closed before starting a new connection.
Session protocol: TCP
chosen commSessionKey: 
{ id: 50200517,
  cipherKeyVal: <Buffer f8 c5 1b d0 4f cf dd 93 b7 26 b3 94 d0 19 25 51>,
  macKeyVal: <Buffer f7 27 ec f5 c1 ad 07 23 7b 06 e3 29 ec 87 22 b8 d8 21 a5 cc 01 08 6d 66 4d 2f a6 23 61 6c ca 0f>,
  absValidity: 2018-03-21T19:15:46.749Z,
  relValidity: 7200000 }
options
{ serverHost: '10.0.1.32',
  serverPort: 22100,
  sessionKey: 
   { id: 50200517,
     cipherKeyVal: <Buffer f8 c5 1b d0 4f cf dd 93 b7 26 b3 94 d0 19 25 51>,
     macKeyVal: <Buffer f7 27 ec f5 c1 ad 07 23 7b 06 e3 29 ec 87 22 b8 d8 21 a5 cc 01 08 6d 66 4d 2f a6 23 61 6c ca 0f>,
     absValidity: 2018-03-21T19:15:46.749Z,
     relValidity: 7200000 },
  sessionCryptoSpec: { cipher: 'AES-128-CBC', mac: 'SHA256' },
  sessionProtocol: 'TCP',
  handshakeTimeout: 50000 }
chosen nonce: <Buffer 77 33 b8 1b 3b 49 1f 8e>
switching to HANDSHAKE_1_SENT
disconnected from auth
Handler: secure connection with the server closed.
received session key handshake2!
client ret: [object Object]
server authenticated/authorized by solving nonce!
Handler: communication initialization succeeded
file data length: 1024
sending at Tue Mar 20 2018 19:15:51 GMT+0000 (UTC)
switching to IN_COMM
received secure communication message!
Received seqNum: 0
Handler: data received from server via secure communication
data1
Resp-actual/expected/ratio/ts: 15 15 1 1521573351568
Distribution protocol: TCP
Resp-actual/expected/ratio/ts: 15 16 0.9375 1521573391915
connected to auth! from local port 51734
received auth hello!
{ authId: 502, nonce: <Buffer d0 51 24 30 f6 8f 87 1a> }
received session key response encrypted with distribution key
replyNonce in sessionKeyResp: <Buffer 68 4c 39 9c e1 46 99 ee>
auth nonce verified
handleSessionKeyResp: session key request succeeded! authFailureCount: 0
received 1 keys
currentSessionKey: [object Object]
Status: Secure connection closed before starting a new connection.
Session protocol: TCP
chosen commSessionKey: 
{ id: 50200531,
  cipherKeyVal: <Buffer 8e a7 9b 99 87 44 a6 f3 66 85 81 40 9f df fe ed>,
  macKeyVal: <Buffer 80 c7 88 21 50 4a 41 67 40 a0 d3 e2 25 81 fa e1 b6 9c 1c 5f de de ce c8 d6 cd ce 0f c9 d8 96 09>,
  absValidity: 2018-03-21T19:16:36.202Z,
  relValidity: 7200000 }
options
{ serverHost: '10.0.1.32',
  serverPort: 22100,
  sessionKey: 
   { id: 50200531,
     cipherKeyVal: <Buffer 8e a7 9b 99 87 44 a6 f3 66 85 81 40 9f df fe ed>,
     macKeyVal: <Buffer 80 c7 88 21 50 4a 41 67 40 a0 d3 e2 25 81 fa e1 b6 9c 1c 5f de de ce c8 d6 cd ce 0f c9 d8 96 09>,
     absValidity: 2018-03-21T19:16:36.202Z,
     relValidity: 7200000 },
  sessionCryptoSpec: { cipher: 'AES-128-CBC', mac: 'SHA256' },
  sessionProtocol: 'TCP',
  handshakeTimeout: 50000 }
chosen nonce: <Buffer 0f 2a a5 8b 6b a9 f7 9b>
switching to HANDSHAKE_1_SENT
disconnected from auth
Handler: secure connection with the server closed.
received session key handshake2!
client ret: [object Object]
server authenticated/authorized by solving nonce!
Handler: communication initialization succeeded
file data length: 1024
sending at Tue Mar 20 2018 19:16:43 GMT+0000 (UTC)
switching to IN_COMM
received secure communication message!
Received seqNum: 0
Handler: data received from server via secure communication
data1
Resp-actual/expected/ratio/ts: 16 16 1 1521573404288
Distribution protocol: TCP
Resp-actual/expected/ratio/ts: 16 17 0.9411764705882353 1521573451944
connected to auth! from local port 51974
received auth hello!
{ authId: 502, nonce: <Buffer 4a c8 fb dd ed c0 95 09> }
received session key response encrypted with distribution key
replyNonce in sessionKeyResp: <Buffer 13 ec 7d b3 a9 95 0b d5>
auth nonce verified
handleSessionKeyResp: session key request succeeded! authFailureCount: 0
received 1 keys
currentSessionKey: [object Object]
Status: Secure connection closed before starting a new connection.
Session protocol: TCP
chosen commSessionKey: 
{ id: 50200546,
  cipherKeyVal: <Buffer 1c e6 bb 97 b5 1f 55 2f ed 3f 53 04 b1 80 3f cf>,
  macKeyVal: <Buffer ed cd 6e 13 e6 18 2c 4d e2 16 d3 43 f2 93 07 a8 ac 6b 14 29 51 72 be 38 d2 67 b1 03 33 52 d4 0e>,
  absValidity: 2018-03-21T19:17:32.093Z,
  relValidity: 7200000 }
options
{ serverHost: '10.0.1.32',
  serverPort: 22100,
  sessionKey: 
   { id: 50200546,
     cipherKeyVal: <Buffer 1c e6 bb 97 b5 1f 55 2f ed 3f 53 04 b1 80 3f cf>,
     macKeyVal: <Buffer ed cd 6e 13 e6 18 2c 4d e2 16 d3 43 f2 93 07 a8 ac 6b 14 29 51 72 be 38 d2 67 b1 03 33 52 d4 0e>,
     absValidity: 2018-03-21T19:17:32.093Z,
     relValidity: 7200000 },
  sessionCryptoSpec: { cipher: 'AES-128-CBC', mac: 'SHA256' },
  sessionProtocol: 'TCP',
  handshakeTimeout: 50000 }
chosen nonce: <Buffer 88 a0 6b 90 b4 24 94 e1>
switching to HANDSHAKE_1_SENT
disconnected from auth
Handler: secure connection with the server closed.
received session key handshake2!
client ret: [object Object]
server authenticated/authorized by solving nonce!
Handler: communication initialization succeeded
file data length: 1024
sending at Tue Mar 20 2018 19:17:33 GMT+0000 (UTC)
switching to IN_COMM
received secure communication message!
Received seqNum: 0
Handler: data received from server via secure communication
data1
Resp-actual/expected/ratio/ts: 17 17 1 1521573453594
Distribution protocol: TCP
Resp-actual/expected/ratio/ts: 17 18 0.9444444444444444 1521573512003
connected to auth! from local port 52204
received auth hello!
{ authId: 502, nonce: <Buffer 20 e0 e2 84 7d 06 ae b4> }
received session key response encrypted with distribution key
replyNonce in sessionKeyResp: <Buffer 82 c7 c0 5a 41 80 96 44>
auth nonce verified
handleSessionKeyResp: session key request succeeded! authFailureCount: 0
received 1 keys
currentSessionKey: [object Object]
Status: Secure connection closed before starting a new connection.
Session protocol: TCP
chosen commSessionKey: 
{ id: 50200561,
  cipherKeyVal: <Buffer cd 07 e6 75 b5 0d a2 fd d8 a4 cf 7c 25 33 b7 ac>,
  macKeyVal: <Buffer de ab 0e ab 31 fb 55 b9 4b 27 58 a8 30 bc f8 51 99 a9 43 33 5e 08 b2 39 da 3b 42 1b 7c 52 a5 7d>,
  absValidity: 2018-03-21T19:18:32.154Z,
  relValidity: 7200000 }
options
{ serverHost: '10.0.1.32',
  serverPort: 22100,
  sessionKey: 
   { id: 50200561,
     cipherKeyVal: <Buffer cd 07 e6 75 b5 0d a2 fd d8 a4 cf 7c 25 33 b7 ac>,
     macKeyVal: <Buffer de ab 0e ab 31 fb 55 b9 4b 27 58 a8 30 bc f8 51 99 a9 43 33 5e 08 b2 39 da 3b 42 1b 7c 52 a5 7d>,
     absValidity: 2018-03-21T19:18:32.154Z,
     relValidity: 7200000 },
  sessionCryptoSpec: { cipher: 'AES-128-CBC', mac: 'SHA256' },
  sessionProtocol: 'TCP',
  handshakeTimeout: 50000 }
chosen nonce: <Buffer 04 3f 8f 0c 0e 18 8a dd>
switching to HANDSHAKE_1_SENT
disconnected from auth
Handler: secure connection with the server closed.
received session key handshake2!
client ret: [object Object]
server authenticated/authorized by solving nonce!
Handler: communication initialization succeeded
file data length: 1024
sending at Tue Mar 20 2018 19:18:33 GMT+0000 (UTC)
switching to IN_COMM
received secure communication message!
Received seqNum: 0
Handler: data received from server via secure communication
data1
Resp-actual/expected/ratio/ts: 18 18 1 1521573513573
Distribution protocol: TCP
Resp-actual/expected/ratio/ts: 18 19 0.9473684210526315 1521573572061
connected to auth! from local port 52430
received auth hello!
{ authId: 502, nonce: <Buffer 36 e9 ce 5d 80 60 f6 48> }
received session key response encrypted with distribution key
replyNonce in sessionKeyResp: <Buffer c7 12 e2 97 3c 19 0c 17>
auth nonce verified
handleSessionKeyResp: session key request succeeded! authFailureCount: 0
received 1 keys
currentSessionKey: [object Object]
Status: Secure connection closed before starting a new connection.
Session protocol: TCP
chosen commSessionKey: 
{ id: 50200576,
  cipherKeyVal: <Buffer 76 71 7a ef 14 c5 df 56 93 7f a7 53 19 37 a3 55>,
  macKeyVal: <Buffer 9b 5e f2 af ad 01 34 14 06 8b 55 f3 7b 6d 67 01 57 0e 32 22 f9 73 29 15 7f 64 b3 73 1c 9d 5f d6>,
  absValidity: 2018-03-21T19:19:32.210Z,
  relValidity: 7200000 }
options
{ serverHost: '10.0.1.32',
  serverPort: 22100,
  sessionKey: 
   { id: 50200576,
     cipherKeyVal: <Buffer 76 71 7a ef 14 c5 df 56 93 7f a7 53 19 37 a3 55>,
     macKeyVal: <Buffer 9b 5e f2 af ad 01 34 14 06 8b 55 f3 7b 6d 67 01 57 0e 32 22 f9 73 29 15 7f 64 b3 73 1c 9d 5f d6>,
     absValidity: 2018-03-21T19:19:32.210Z,
     relValidity: 7200000 },
  sessionCryptoSpec: { cipher: 'AES-128-CBC', mac: 'SHA256' },
  sessionProtocol: 'TCP',
  handshakeTimeout: 50000 }
chosen nonce: <Buffer dc f8 f5 b9 71 28 63 64>
switching to HANDSHAKE_1_SENT
disconnected from auth
Handler: secure connection with the server closed.
received session key handshake2!
client ret: [object Object]
server authenticated/authorized by solving nonce!
Handler: communication initialization succeeded
file data length: 1024
sending at Tue Mar 20 2018 19:19:33 GMT+0000 (UTC)
switching to IN_COMM
received secure communication message!
Received seqNum: 0
Handler: data received from server via secure communication
data1
Resp-actual/expected/ratio/ts: 19 19 1 1521573573709
Distribution protocol: TCP
Resp-actual/expected/ratio/ts: 19 20 0.95 1521573632119
connected to auth! from local port 52654
received auth hello!
{ authId: 502, nonce: <Buffer 2a 77 21 2f 5b d7 bd 67> }
received session key response encrypted with distribution key
replyNonce in sessionKeyResp: <Buffer b5 86 a6 46 82 2f 61 3f>
auth nonce verified
handleSessionKeyResp: session key request succeeded! authFailureCount: 0
received 1 keys
currentSessionKey: [object Object]
Status: Secure connection closed before starting a new connection.
Session protocol: TCP
chosen commSessionKey: 
{ id: 50200591,
  cipherKeyVal: <Buffer 5d 95 89 4d 4a 25 ed 0c 8b 2b 66 31 1b 0a 7d 21>,
  macKeyVal: <Buffer 80 5f f2 64 e7 f0 61 f2 f0 7c f8 d7 6d 26 11 57 4f a2 9d ed d5 41 24 36 dd cb 41 e2 ec eb b0 d6>,
  absValidity: 2018-03-21T19:20:32.267Z,
  relValidity: 7200000 }
options
{ serverHost: '10.0.1.32',
  serverPort: 22100,
  sessionKey: 
   { id: 50200591,
     cipherKeyVal: <Buffer 5d 95 89 4d 4a 25 ed 0c 8b 2b 66 31 1b 0a 7d 21>,
     macKeyVal: <Buffer 80 5f f2 64 e7 f0 61 f2 f0 7c f8 d7 6d 26 11 57 4f a2 9d ed d5 41 24 36 dd cb 41 e2 ec eb b0 d6>,
     absValidity: 2018-03-21T19:20:32.267Z,
     relValidity: 7200000 },
  sessionCryptoSpec: { cipher: 'AES-128-CBC', mac: 'SHA256' },
  sessionProtocol: 'TCP',
  handshakeTimeout: 50000 }
chosen nonce: <Buffer 7b fb de e3 f1 fb 80 58>
switching to HANDSHAKE_1_SENT
disconnected from auth
Handler: secure connection with the server closed.
received session key handshake2!
client ret: [object Object]
server authenticated/authorized by solving nonce!
Handler: communication initialization succeeded
file data length: 1024
sending at Tue Mar 20 2018 19:20:33 GMT+0000 (UTC)
switching to IN_COMM
received secure communication message!
Received seqNum: 0
Handler: data received from server via secure communication
data1
Resp-actual/expected/ratio/ts: 20 20 1 1521573633630
Distribution protocol: TCP
Resp-actual/expected/ratio/ts: 20 21 0.9523809523809523 1521573692177
connected to auth! from local port 52884
received auth hello!
{ authId: 502, nonce: <Buffer 78 b7 8d ef 47 89 e0 28> }
received session key response encrypted with distribution key
replyNonce in sessionKeyResp: <Buffer 6f 2b 82 81 9b b3 9b cd>
auth nonce verified
handleSessionKeyResp: session key request succeeded! authFailureCount: 0
received 1 keys
currentSessionKey: [object Object]
Status: Secure connection closed before starting a new connection.
Session protocol: TCP
chosen commSessionKey: 
{ id: 50200606,
  cipherKeyVal: <Buffer c9 b5 21 ca e1 b3 16 3b 9e c0 56 69 a1 95 5a d0>,
  macKeyVal: <Buffer 9e ae 7a 2c 9d 1a e2 d5 b6 84 4d a7 aa e5 c9 1f d1 6f a0 e7 32 07 b3 09 21 d1 0a a2 ca d6 18 d4>,
  absValidity: 2018-03-21T19:21:32.320Z,
  relValidity: 7200000 }
options
{ serverHost: '10.0.1.32',
  serverPort: 22100,
  sessionKey: 
   { id: 50200606,
     cipherKeyVal: <Buffer c9 b5 21 ca e1 b3 16 3b 9e c0 56 69 a1 95 5a d0>,
     macKeyVal: <Buffer 9e ae 7a 2c 9d 1a e2 d5 b6 84 4d a7 aa e5 c9 1f d1 6f a0 e7 32 07 b3 09 21 d1 0a a2 ca d6 18 d4>,
     absValidity: 2018-03-21T19:21:32.320Z,
     relValidity: 7200000 },
  sessionCryptoSpec: { cipher: 'AES-128-CBC', mac: 'SHA256' },
  sessionProtocol: 'TCP',
  handshakeTimeout: 50000 }
chosen nonce: <Buffer 33 60 a2 ea 03 8b ca 66>
switching to HANDSHAKE_1_SENT
disconnected from auth
Handler: secure connection with the server closed.
received session key handshake2!
client ret: [object Object]
server authenticated/authorized by solving nonce!
Handler: communication initialization succeeded
file data length: 1024
sending at Tue Mar 20 2018 19:21:33 GMT+0000 (UTC)
switching to IN_COMM
received secure communication message!
Received seqNum: 0
Handler: data received from server via secure communication
data1
Resp-actual/expected/ratio/ts: 21 21 1 1521573693727
Distribution protocol: TCP
Resp-actual/expected/ratio/ts: 21 22 0.9545454545454546 1521573752221
connected to auth! from local port 53120
received auth hello!
{ authId: 502, nonce: <Buffer b8 74 18 13 85 ae 1d 9f> }
received session key response encrypted with distribution key
replyNonce in sessionKeyResp: <Buffer 81 61 c5 80 1c 98 02 6d>
auth nonce verified
handleSessionKeyResp: session key request succeeded! authFailureCount: 0
received 1 keys
currentSessionKey: [object Object]
Status: Secure connection closed before starting a new connection.
Session protocol: TCP
chosen commSessionKey: 
{ id: 50200621,
  cipherKeyVal: <Buffer 6a de 0d 59 bb 2e 92 4f bd d7 d5 32 8c df a4 eb>,
  macKeyVal: <Buffer bc 3d 35 89 e0 f4 fa 20 95 05 d5 e7 c9 68 26 45 9b 41 57 ef 8a 81 25 b5 ac 30 d9 c4 42 57 42 54>,
  absValidity: 2018-03-21T19:22:32.348Z,
  relValidity: 7200000 }
options
{ serverHost: '10.0.1.32',
  serverPort: 22100,
  sessionKey: 
   { id: 50200621,
     cipherKeyVal: <Buffer 6a de 0d 59 bb 2e 92 4f bd d7 d5 32 8c df a4 eb>,
     macKeyVal: <Buffer bc 3d 35 89 e0 f4 fa 20 95 05 d5 e7 c9 68 26 45 9b 41 57 ef 8a 81 25 b5 ac 30 d9 c4 42 57 42 54>,
     absValidity: 2018-03-21T19:22:32.348Z,
     relValidity: 7200000 },
  sessionCryptoSpec: { cipher: 'AES-128-CBC', mac: 'SHA256' },
  sessionProtocol: 'TCP',
  handshakeTimeout: 50000 }
chosen nonce: <Buffer 32 50 bb 2a ce 82 ba 26>
switching to HANDSHAKE_1_SENT
disconnected from auth
Handler: secure connection with the server closed.
received session key handshake2!
client ret: [object Object]
server authenticated/authorized by solving nonce!
Handler: communication initialization succeeded
file data length: 1024
sending at Tue Mar 20 2018 19:22:33 GMT+0000 (UTC)
switching to IN_COMM
received secure communication message!
Received seqNum: 0
Handler: data received from server via secure communication
data1
Resp-actual/expected/ratio/ts: 22 22 1 1521573753789
Distribution protocol: TCP
Resp-actual/expected/ratio/ts: 22 23 0.9565217391304348 1521573812259
connected to auth! from local port 53356
received auth hello!
{ authId: 502, nonce: <Buffer 12 1e 7d 29 e3 a7 aa 18> }
received session key response encrypted with distribution key
replyNonce in sessionKeyResp: <Buffer 88 0f 9d 14 12 14 e9 c6>
auth nonce verified
handleSessionKeyResp: session key request succeeded! authFailureCount: 0
received 1 keys
currentSessionKey: [object Object]
Status: Secure connection closed before starting a new connection.
Session protocol: TCP
chosen commSessionKey: 
{ id: 50200636,
  cipherKeyVal: <Buffer b2 16 7c 78 c3 e6 ae 3d 63 84 d1 af 23 31 1e 75>,
  macKeyVal: <Buffer f9 78 10 22 6e 49 1d a4 30 f0 92 40 6d 12 66 ae 89 d2 cb bc 23 98 bc be f3 b4 f2 50 6e f6 32 55>,
  absValidity: 2018-03-21T19:23:33.296Z,
  relValidity: 7200000 }
options
{ serverHost: '10.0.1.32',
  serverPort: 22100,
  sessionKey: 
   { id: 50200636,
     cipherKeyVal: <Buffer b2 16 7c 78 c3 e6 ae 3d 63 84 d1 af 23 31 1e 75>,
     macKeyVal: <Buffer f9 78 10 22 6e 49 1d a4 30 f0 92 40 6d 12 66 ae 89 d2 cb bc 23 98 bc be f3 b4 f2 50 6e f6 32 55>,
     absValidity: 2018-03-21T19:23:33.296Z,
     relValidity: 7200000 },
  sessionCryptoSpec: { cipher: 'AES-128-CBC', mac: 'SHA256' },
  sessionProtocol: 'TCP',
  handshakeTimeout: 50000 }
chosen nonce: <Buffer 4d 48 53 41 0a c9 e2 dd>
switching to HANDSHAKE_1_SENT
disconnected from auth
Handler: secure connection with the server closed.
received session key handshake2!
client ret: [object Object]
server authenticated/authorized by solving nonce!
Handler: communication initialization succeeded
file data length: 1024
sending at Tue Mar 20 2018 19:23:35 GMT+0000 (UTC)
switching to IN_COMM
received secure communication message!
Received seqNum: 0
Handler: data received from server via secure communication
data1
Resp-actual/expected/ratio/ts: 23 23 1 1521573815737
Distribution protocol: TCP
Resp-actual/expected/ratio/ts: 23 24 0.9583333333333334 1521573872261
connected to auth! from local port 53590
received auth hello!
{ authId: 502, nonce: <Buffer e2 31 46 de 56 bf 73 d3> }
received session key response encrypted with distribution key
replyNonce in sessionKeyResp: <Buffer bf 3a bd 59 38 f6 14 66>
auth nonce verified
handleSessionKeyResp: session key request succeeded! authFailureCount: 0
received 1 keys
currentSessionKey: [object Object]
Status: Secure connection closed before starting a new connection.
Session protocol: TCP
chosen commSessionKey: 
{ id: 50200651,
  cipherKeyVal: <Buffer 48 af b8 c3 19 97 9f 37 14 1c 95 70 a5 28 88 c6>,
  macKeyVal: <Buffer 36 5b ff aa 33 df d0 a0 40 9a 43 15 69 8d 1d 61 d4 7b ee 49 20 fb 21 d9 cb 01 37 eb 79 28 70 0e>,
  absValidity: 2018-03-21T19:24:33.316Z,
  relValidity: 7200000 }
options
{ serverHost: '10.0.1.32',
  serverPort: 22100,
  sessionKey: 
   { id: 50200651,
     cipherKeyVal: <Buffer 48 af b8 c3 19 97 9f 37 14 1c 95 70 a5 28 88 c6>,
     macKeyVal: <Buffer 36 5b ff aa 33 df d0 a0 40 9a 43 15 69 8d 1d 61 d4 7b ee 49 20 fb 21 d9 cb 01 37 eb 79 28 70 0e>,
     absValidity: 2018-03-21T19:24:33.316Z,
     relValidity: 7200000 },
  sessionCryptoSpec: { cipher: 'AES-128-CBC', mac: 'SHA256' },
  sessionProtocol: 'TCP',
  handshakeTimeout: 50000 }
chosen nonce: <Buffer 7e 2e 8f 9c 30 31 e8 36>
switching to HANDSHAKE_1_SENT
disconnected from auth
Handler: secure connection with the server closed.
received session key handshake2!
client ret: [object Object]
server authenticated/authorized by solving nonce!
Handler: communication initialization succeeded
file data length: 1024
sending at Tue Mar 20 2018 19:24:35 GMT+0000 (UTC)
switching to IN_COMM
received secure communication message!
Received seqNum: 0
Handler: data received from server via secure communication
data1
Resp-actual/expected/ratio/ts: 24 24 1 1521573875635
Distribution protocol: TCP
Resp-actual/expected/ratio/ts: 24 25 0.96 1521573932270
connected to auth! from local port 53816
received auth hello!
{ authId: 502, nonce: <Buffer 68 ab 8d 85 f0 17 d1 4f> }
received session key response encrypted with distribution key
replyNonce in sessionKeyResp: <Buffer 40 d9 44 05 15 3b c3 c9>
auth nonce verified
handleSessionKeyResp: session key request succeeded! authFailureCount: 0
received 1 keys
currentSessionKey: [object Object]
Status: Secure connection closed before starting a new connection.
Session protocol: TCP
chosen commSessionKey: 
{ id: 50200666,
  cipherKeyVal: <Buffer 03 f6 52 43 ed 43 b7 7a c0 b8 56 c6 5c 8d 7b 4c>,
  macKeyVal: <Buffer 9d 80 97 05 ce 88 5e 3f fe e2 94 f0 82 57 49 08 75 2e 96 5c 42 bd 3f a9 61 94 28 72 66 98 05 f5>,
  absValidity: 2018-03-21T19:25:32.388Z,
  relValidity: 7200000 }
options
{ serverHost: '10.0.1.32',
  serverPort: 22100,
  sessionKey: 
   { id: 50200666,
     cipherKeyVal: <Buffer 03 f6 52 43 ed 43 b7 7a c0 b8 56 c6 5c 8d 7b 4c>,
     macKeyVal: <Buffer 9d 80 97 05 ce 88 5e 3f fe e2 94 f0 82 57 49 08 75 2e 96 5c 42 bd 3f a9 61 94 28 72 66 98 05 f5>,
     absValidity: 2018-03-21T19:25:32.388Z,
     relValidity: 7200000 },
  sessionCryptoSpec: { cipher: 'AES-128-CBC', mac: 'SHA256' },
  sessionProtocol: 'TCP',
  handshakeTimeout: 50000 }
chosen nonce: <Buffer 4c ae 93 ae 51 fe 1e 27>
switching to HANDSHAKE_1_SENT
disconnected from auth
Handler: secure connection with the server closed.
received session key handshake2!
client ret: [object Object]
server authenticated/authorized by solving nonce!
Handler: communication initialization succeeded
file data length: 1024
sending at Tue Mar 20 2018 19:25:33 GMT+0000 (UTC)
switching to IN_COMM
received secure communication message!
Received seqNum: 0
Handler: data received from server via secure communication
data1
Resp-actual/expected/ratio/ts: 25 25 1 1521573933797
Distribution protocol: TCP
Resp-actual/expected/ratio/ts: 25 26 0.9615384615384616 1521573992302
connected to auth! from local port 54042
received auth hello!
{ authId: 502, nonce: <Buffer 85 cc a3 a1 f3 1c d9 0d> }
received session key response encrypted with distribution key
replyNonce in sessionKeyResp: <Buffer 76 8d 89 a5 9d dd cf 4f>
auth nonce verified
handleSessionKeyResp: session key request succeeded! authFailureCount: 0
received 1 keys
currentSessionKey: [object Object]
Status: Secure connection closed before starting a new connection.
Session protocol: TCP
chosen commSessionKey: 
{ id: 50200681,
  cipherKeyVal: <Buffer 9a c2 17 35 60 61 c4 2b 14 f1 f8 48 88 1f bf 47>,
  macKeyVal: <Buffer 31 ce 72 fe 07 e5 96 06 0b 3e fe c9 ef 47 eb 96 10 c1 56 e3 39 a9 fd f4 99 d5 ce f6 c3 f7 d3 92>,
  absValidity: 2018-03-21T19:26:32.438Z,
  relValidity: 7200000 }
options
{ serverHost: '10.0.1.32',
  serverPort: 22100,
  sessionKey: 
   { id: 50200681,
     cipherKeyVal: <Buffer 9a c2 17 35 60 61 c4 2b 14 f1 f8 48 88 1f bf 47>,
     macKeyVal: <Buffer 31 ce 72 fe 07 e5 96 06 0b 3e fe c9 ef 47 eb 96 10 c1 56 e3 39 a9 fd f4 99 d5 ce f6 c3 f7 d3 92>,
     absValidity: 2018-03-21T19:26:32.438Z,
     relValidity: 7200000 },
  sessionCryptoSpec: { cipher: 'AES-128-CBC', mac: 'SHA256' },
  sessionProtocol: 'TCP',
  handshakeTimeout: 50000 }
chosen nonce: <Buffer 21 24 e1 6e 5c df 9c 59>
switching to HANDSHAKE_1_SENT
disconnected from auth
Handler: secure connection with the server closed.
received session key handshake2!
client ret: [object Object]
server authenticated/authorized by solving nonce!
Handler: communication initialization succeeded
file data length: 1024
sending at Tue Mar 20 2018 19:26:33 GMT+0000 (UTC)
switching to IN_COMM
received secure communication message!
Received seqNum: 0
Handler: data received from server via secure communication
data1
Resp-actual/expected/ratio/ts: 26 26 1 1521573993919
Distribution protocol: TCP
Resp-actual/expected/ratio/ts: 26 27 0.9629629629629629 1521574052357
connected to auth! from local port 54270
received auth hello!
{ authId: 502, nonce: <Buffer fd 69 08 5c ee 9f 05 14> }
received session key response encrypted with distribution key
replyNonce in sessionKeyResp: <Buffer 31 f4 49 8a 04 58 a0 82>
auth nonce verified
handleSessionKeyResp: session key request succeeded! authFailureCount: 0
received 1 keys
currentSessionKey: [object Object]
Status: Secure connection closed before starting a new connection.
Session protocol: TCP
chosen commSessionKey: 
{ id: 50200696,
  cipherKeyVal: <Buffer c8 6c 09 ac 67 c9 9d 72 3d 9e 33 e6 04 8b 83 2f>,
  macKeyVal: <Buffer a9 55 59 b3 04 77 22 e3 57 60 b4 aa 82 d2 68 36 a7 40 54 6a 6e 45 be 24 46 98 af b2 19 e9 09 7e>,
  absValidity: 2018-03-21T19:27:32.503Z,
  relValidity: 7200000 }
options
{ serverHost: '10.0.1.32',
  serverPort: 22100,
  sessionKey: 
   { id: 50200696,
     cipherKeyVal: <Buffer c8 6c 09 ac 67 c9 9d 72 3d 9e 33 e6 04 8b 83 2f>,
     macKeyVal: <Buffer a9 55 59 b3 04 77 22 e3 57 60 b4 aa 82 d2 68 36 a7 40 54 6a 6e 45 be 24 46 98 af b2 19 e9 09 7e>,
     absValidity: 2018-03-21T19:27:32.503Z,
     relValidity: 7200000 },
  sessionCryptoSpec: { cipher: 'AES-128-CBC', mac: 'SHA256' },
  sessionProtocol: 'TCP',
  handshakeTimeout: 50000 }
chosen nonce: <Buffer a1 3a 32 c8 23 3a cf 1f>
switching to HANDSHAKE_1_SENT
disconnected from auth
Handler: secure connection with the server closed.
received session key handshake2!
client ret: [object Object]
server authenticated/authorized by solving nonce!
Handler: communication initialization succeeded
file data length: 1024
sending at Tue Mar 20 2018 19:27:33 GMT+0000 (UTC)
switching to IN_COMM
received secure communication message!
Received seqNum: 0
Handler: data received from server via secure communication
data1
Resp-actual/expected/ratio/ts: 27 27 1 1521574053929
Distribution protocol: TCP
Resp-actual/expected/ratio/ts: 27 28 0.9642857142857143 1521574112416
connected to auth! from local port 54416
received auth hello!
{ authId: 502, nonce: <Buffer d0 30 12 03 53 d7 2f d9> }
received session key response encrypted with distribution key
replyNonce in sessionKeyResp: <Buffer 2e f1 64 67 41 ba 23 39>
auth nonce verified
handleSessionKeyResp: session key request succeeded! authFailureCount: 0
received 1 keys
currentSessionKey: [object Object]
Status: Secure connection closed before starting a new connection.
Session protocol: TCP
chosen commSessionKey: 
{ id: 50200708,
  cipherKeyVal: <Buffer 2d 64 32 57 e3 34 8a 5e b0 05 92 81 23 5f fa 51>,
  macKeyVal: <Buffer c4 24 97 64 ae 57 bf f0 89 58 96 12 38 0b 0c e5 16 1e 2a 13 e4 66 13 41 53 0f 31 39 0d 12 62 57>,
  absValidity: 2018-03-21T19:28:32.534Z,
  relValidity: 7200000 }
options
{ serverHost: '10.0.1.32',
  serverPort: 22100,
  sessionKey: 
   { id: 50200708,
     cipherKeyVal: <Buffer 2d 64 32 57 e3 34 8a 5e b0 05 92 81 23 5f fa 51>,
     macKeyVal: <Buffer c4 24 97 64 ae 57 bf f0 89 58 96 12 38 0b 0c e5 16 1e 2a 13 e4 66 13 41 53 0f 31 39 0d 12 62 57>,
     absValidity: 2018-03-21T19:28:32.534Z,
     relValidity: 7200000 },
  sessionCryptoSpec: { cipher: 'AES-128-CBC', mac: 'SHA256' },
  sessionProtocol: 'TCP',
  handshakeTimeout: 50000 }
chosen nonce: <Buffer d9 89 59 ae 37 32 5f 5e>
switching to HANDSHAKE_1_SENT
disconnected from auth
Handler: secure connection with the server closed.
received session key handshake2!
client ret: [object Object]
server authenticated/authorized by solving nonce!
Handler: communication initialization succeeded
file data length: 1024
sending at Tue Mar 20 2018 19:28:33 GMT+0000 (UTC)
switching to IN_COMM
received secure communication message!
Received seqNum: 0
Handler: data received from server via secure communication
data1
Resp-actual/expected/ratio/ts: 28 28 1 1521574113807
