changing working directory to: /home/hokeunkim/Development/iotauth/entity/node/example_entities
loading from config file: /home/hokeunkim/Development/iotauth_experiments/experiments/ccs2017/expOptions/expEntity.option
Experimental options for echoServer: { autoSendPeriod: 60000,
  useSameSessionKeyCount: 1,
  connectionTimeout: 50000,
  migrationEnabled: true,
  authFailureThreshold: 2,
  migrationFailureThreshold: 2 }
loading from config file: /home/hokeunkim/Development/iotauth/entity/node/example_entities/configs/Servers/s402.config
initializing secure comm server...
Session protocol: TCP
current parameters: { migrationEnabled: true,
  authFailureThreshold: 3,
  migrationFailureThreshold: 3 }
current parameters: { migrationEnabled: true,
  authFailureThreshold: 2,
  migrationFailureThreshold: 3 }
current parameters: { migrationEnabled: true,
  authFailureThreshold: 2,
  migrationFailureThreshold: 2 }
current entityInfo: { name: 's402',
  group: 'Servers',
  distProtocol: 'TCP',
  usePermanentDistKey: false,
  connectionTimeout: 50000,
  privateKey: <Buffer 2d 2d 2d 2d 2d 42 45 47 49 4e 20 52 53 41 20 50 52 49 56 41 54 45 20 4b 45 59 2d 2d 2d 2d 2d 0a 4d 49 49 45 70 41 49 42 41 41 4b 43 41 51 45 41 35 57 ... > }
Handler: listening on port 22100
s402:Servers prompt>
Unidentified client connected
received session key handshake1
switching to HANDSHAKE_1_RECEIVED state.
session key id: 40100451
session key NOT found! sending session key id to AuthService
Distribution protocol: TCP
connected to auth! from local port 42412
received auth hello!
{ authId: 401, nonce: <Buffer dd e2 6c 0b c8 27 5c 3f> }
received session key response with distribution key attached!
auth signature verified
replyNonce in sessionKeyResp: <Buffer 81 95 64 2d 98 34 92 b7>
auth nonce verified
handleSessionKeyResp: session key request succeeded! authFailureCount: 0
updating distribution key: { cipherKeyVal: <Buffer a9 60 be 06 ca 9c 5d 88 3f 82 88 d0 43 85 1e b5>,
  macKeyVal: <Buffer 36 7c a8 49 f4 54 10 88 5c 26 ee 35 5a 06 b6 de 8f 4a da 85 d2 33 79 ba f8 73 b5 46 1a 96 fa 8d>,
  absValidity: 2018-03-21T06:46:59.251Z }
received 1 keys
Session key id is as expected
server ret: [object Object]
chosen nonce: <Buffer 6b 79 bb fb af 4b 19 dc>
switching to HANDSHAKE_2_SENT
received session key handshake3!
{ replyNonce: <Buffer 6b 79 bb fb af 4b 19 dc> }
client authenticated/authorized by solving nonce!
switching to IN_COMM
Handler: secure connection with the client established.
{ id: 0,
  remoteAddress: '::ffff:10.0.1.44:43390',
  status: 'open' }
disconnected from auth
received secure communication!
Received seqNum: 0
data received from server via secure communication
Handler: socketID: 0 data: data1
toSend: { data: <Buffer 64 61 74 61 31>, id: 0 }
specified socketID: 0
Unidentified client disconnected
Handler: secure connection with the client closed.
socket #0 closed
Unidentified client connected
received session key handshake1
switching to HANDSHAKE_1_RECEIVED state.
session key id: 40100457
session key NOT found! sending session key id to AuthService
Distribution protocol: TCP
connected to auth! from local port 42534
received auth hello!
{ authId: 401, nonce: <Buffer b4 7e f1 88 8c 20 da e4> }
received session key response encrypted with distribution key
replyNonce in sessionKeyResp: <Buffer 7c af f9 f6 3a 4a c2 7e>
auth nonce verified
handleSessionKeyResp: session key request succeeded! authFailureCount: 0
received 1 keys
Session key id is as expected
server ret: [object Object]
chosen nonce: <Buffer 03 7e 81 c0 36 72 df 72>
switching to HANDSHAKE_2_SENT
disconnected from auth
received session key handshake3!
{ replyNonce: <Buffer 03 7e 81 c0 36 72 df 72> }
client authenticated/authorized by solving nonce!
switching to IN_COMM
Handler: secure connection with the client established.
{ id: 1,
  remoteAddress: '::ffff:10.0.1.44:43512',
  status: 'open' }
received secure communication!
Received seqNum: 0
data received from server via secure communication
Handler: socketID: 1 data: data1
toSend: { data: <Buffer 64 61 74 61 31>, id: 1 }
specified socketID: 1
Unidentified client disconnected
Handler: secure connection with the client closed.
socket #1 closed
Unidentified client connected
received session key handshake1
switching to HANDSHAKE_1_RECEIVED state.
session key id: 40100463
session key NOT found! sending session key id to AuthService
Distribution protocol: TCP
connected to auth! from local port 42764
received auth hello!
{ authId: 401, nonce: <Buffer b3 61 07 d9 67 7f fa 20> }
received session key response encrypted with distribution key
replyNonce in sessionKeyResp: <Buffer b0 52 ee 05 52 29 15 73>
auth nonce verified
handleSessionKeyResp: session key request succeeded! authFailureCount: 0
received 1 keys
Session key id is as expected
server ret: [object Object]
chosen nonce: <Buffer f9 15 e9 a5 66 20 e5 00>
switching to HANDSHAKE_2_SENT
disconnected from auth
received session key handshake3!
{ replyNonce: <Buffer f9 15 e9 a5 66 20 e5 00> }
client authenticated/authorized by solving nonce!
switching to IN_COMM
Handler: secure connection with the client established.
{ id: 2,
  remoteAddress: '::ffff:10.0.1.44:43742',
  status: 'open' }
received secure communication!
Received seqNum: 0
data received from server via secure communication
Handler: socketID: 2 data: data1
toSend: { data: <Buffer 64 61 74 61 31>, id: 2 }
specified socketID: 2
Unidentified client disconnected
Handler: secure connection with the client closed.
socket #2 closed
Unidentified client connected
received session key handshake1
switching to HANDSHAKE_1_RECEIVED state.
session key id: 40100469
session key NOT found! sending session key id to AuthService
Distribution protocol: TCP
connected to auth! from local port 43034
received auth hello!
{ authId: 401, nonce: <Buffer 38 7a 68 45 3d f5 b4 7b> }
received session key response encrypted with distribution key
replyNonce in sessionKeyResp: <Buffer f7 ed de 03 44 32 cb dc>
auth nonce verified
handleSessionKeyResp: session key request succeeded! authFailureCount: 0
received 1 keys
Session key id is as expected
server ret: [object Object]
chosen nonce: <Buffer 69 52 24 6d 48 a7 96 96>
switching to HANDSHAKE_2_SENT
received session key handshake3!
{ replyNonce: <Buffer 69 52 24 6d 48 a7 96 96> }
client authenticated/authorized by solving nonce!
switching to IN_COMM
Handler: secure connection with the client established.
{ id: 3,
  remoteAddress: '::ffff:10.0.1.44:44012',
  status: 'open' }
disconnected from auth
received secure communication!
Received seqNum: 0
data received from server via secure communication
Handler: socketID: 3 data: data1
toSend: { data: <Buffer 64 61 74 61 31>, id: 3 }
specified socketID: 3
Unidentified client disconnected
Handler: secure connection with the client closed.
socket #3 closed
Unidentified client connected
received session key handshake1
switching to HANDSHAKE_1_RECEIVED state.
session key id: 40100475
session key NOT found! sending session key id to AuthService
Distribution protocol: TCP
connected to auth! from local port 43304
received auth hello!
{ authId: 401, nonce: <Buffer d3 c3 1b 47 ad bc e3 fd> }
received session key response encrypted with distribution key
replyNonce in sessionKeyResp: <Buffer d8 8f c4 25 68 58 88 34>
auth nonce verified
handleSessionKeyResp: session key request succeeded! authFailureCount: 0
received 1 keys
Session key id is as expected
server ret: [object Object]
chosen nonce: <Buffer d5 63 b2 5d c9 db 58 c4>
switching to HANDSHAKE_2_SENT
disconnected from auth
received session key handshake3!
{ replyNonce: <Buffer d5 63 b2 5d c9 db 58 c4> }
client authenticated/authorized by solving nonce!
switching to IN_COMM
Handler: secure connection with the client established.
{ id: 4,
  remoteAddress: '::ffff:10.0.1.44:44282',
  status: 'open' }
received secure communication!
Received seqNum: 0
data received from server via secure communication
Handler: socketID: 4 data: data1
toSend: { data: <Buffer 64 61 74 61 31>, id: 4 }
specified socketID: 4
Unidentified client disconnected
Handler: secure connection with the client closed.
socket #4 closed
Unidentified client connected
received session key handshake1
switching to HANDSHAKE_1_RECEIVED state.
session key id: 40100481
session key NOT found! sending session key id to AuthService
Distribution protocol: TCP
connected to auth! from local port 43574
received auth hello!
{ authId: 401, nonce: <Buffer 58 6a 5d e7 95 a4 0e 1b> }
received session key response encrypted with distribution key
replyNonce in sessionKeyResp: <Buffer 12 00 ef a5 01 17 9d fc>
auth nonce verified
handleSessionKeyResp: session key request succeeded! authFailureCount: 0
received 1 keys
Session key id is as expected
server ret: [object Object]
chosen nonce: <Buffer 6b e6 c3 e9 65 1b b9 4c>
switching to HANDSHAKE_2_SENT
disconnected from auth
received session key handshake3!
{ replyNonce: <Buffer 6b e6 c3 e9 65 1b b9 4c> }
client authenticated/authorized by solving nonce!
switching to IN_COMM
Handler: secure connection with the client established.
{ id: 5,
  remoteAddress: '::ffff:10.0.1.44:44552',
  status: 'open' }
received secure communication!
Received seqNum: 0
data received from server via secure communication
Handler: socketID: 5 data: data1
toSend: { data: <Buffer 64 61 74 61 31>, id: 5 }
specified socketID: 5
Unidentified client disconnected
Handler: secure connection with the client closed.
socket #5 closed
Unidentified client connected
received session key handshake1
switching to HANDSHAKE_1_RECEIVED state.
session key id: 40100487
session key NOT found! sending session key id to AuthService
Distribution protocol: TCP
connected to auth! from local port 43844
received auth hello!
{ authId: 401, nonce: <Buffer cd 31 16 d1 e4 23 d7 a6> }
received session key response encrypted with distribution key
replyNonce in sessionKeyResp: <Buffer 92 bc 3c 15 34 11 6f f3>
auth nonce verified
handleSessionKeyResp: session key request succeeded! authFailureCount: 0
received 1 keys
Session key id is as expected
server ret: [object Object]
chosen nonce: <Buffer 70 19 25 84 4f 59 97 3d>
switching to HANDSHAKE_2_SENT
disconnected from auth
received session key handshake3!
{ replyNonce: <Buffer 70 19 25 84 4f 59 97 3d> }
client authenticated/authorized by solving nonce!
switching to IN_COMM
Handler: secure connection with the client established.
{ id: 6,
  remoteAddress: '::ffff:10.0.1.44:44822',
  status: 'open' }
received secure communication!
Received seqNum: 0
data received from server via secure communication
Handler: socketID: 6 data: data1
toSend: { data: <Buffer 64 61 74 61 31>, id: 6 }
specified socketID: 6
Unidentified client disconnected
Handler: secure connection with the client closed.
socket #6 closed
Unidentified client connected
received session key handshake1
switching to HANDSHAKE_1_RECEIVED state.
session key id: 40100493
session key NOT found! sending session key id to AuthService
Distribution protocol: TCP
connected to auth! from local port 44114
received auth hello!
{ authId: 401, nonce: <Buffer ad 79 ee b0 8b 8d 59 e0> }
received session key response encrypted with distribution key
replyNonce in sessionKeyResp: <Buffer c9 9b 67 34 c0 2b af 1d>
auth nonce verified
handleSessionKeyResp: session key request succeeded! authFailureCount: 0
received 1 keys
Session key id is as expected
server ret: [object Object]
chosen nonce: <Buffer 2c d6 d3 37 15 23 34 e8>
switching to HANDSHAKE_2_SENT
received session key handshake3!
{ replyNonce: <Buffer 2c d6 d3 37 15 23 34 e8> }
client authenticated/authorized by solving nonce!
switching to IN_COMM
Handler: secure connection with the client established.
{ id: 7,
  remoteAddress: '::ffff:10.0.1.44:45092',
  status: 'open' }
disconnected from auth
received secure communication!
Received seqNum: 0
data received from server via secure communication
Handler: socketID: 7 data: data1
toSend: { data: <Buffer 64 61 74 61 31>, id: 7 }
specified socketID: 7
Unidentified client disconnected
Handler: secure connection with the client closed.
socket #7 closed
Unidentified client connected
received session key handshake1
switching to HANDSHAKE_1_RECEIVED state.
session key id: 40100499
session key NOT found! sending session key id to AuthService
Distribution protocol: TCP
connected to auth! from local port 44376
received auth hello!
{ authId: 401, nonce: <Buffer ad b9 7a 50 37 71 1f fa> }
received session key response encrypted with distribution key
replyNonce in sessionKeyResp: <Buffer 29 64 0b 56 8d 40 ad a0>
auth nonce verified
handleSessionKeyResp: session key request succeeded! authFailureCount: 0
received 1 keys
Session key id is as expected
server ret: [object Object]
chosen nonce: <Buffer 99 b6 d2 24 f7 58 b6 32>
switching to HANDSHAKE_2_SENT
disconnected from auth
received session key handshake3!
{ replyNonce: <Buffer 99 b6 d2 24 f7 58 b6 32> }
client authenticated/authorized by solving nonce!
switching to IN_COMM
Handler: secure connection with the client established.
{ id: 8,
  remoteAddress: '::ffff:10.0.1.44:45354',
  status: 'open' }
received secure communication!
Received seqNum: 0
data received from server via secure communication
Handler: socketID: 8 data: data1
toSend: { data: <Buffer 64 61 74 61 31>, id: 8 }
specified socketID: 8
Unidentified client disconnected
Handler: secure connection with the client closed.
socket #8 closed
Unidentified client connected
received session key handshake1
switching to HANDSHAKE_1_RECEIVED state.
session key id: 40100505
session key NOT found! sending session key id to AuthService
Distribution protocol: TCP
connected to auth! from local port 44562
received auth hello!
{ authId: 401, nonce: <Buffer 49 3e fa 41 34 d7 22 3e> }
received session key response encrypted with distribution key
replyNonce in sessionKeyResp: <Buffer 5f bd 11 9e 11 2b 27 15>
auth nonce verified
handleSessionKeyResp: session key request succeeded! authFailureCount: 0
received 1 keys
Session key id is as expected
server ret: [object Object]
chosen nonce: <Buffer 95 8e b1 49 5a f9 f0 a6>
switching to HANDSHAKE_2_SENT
disconnected from auth
received session key handshake3!
{ replyNonce: <Buffer 95 8e b1 49 5a f9 f0 a6> }
client authenticated/authorized by solving nonce!
switching to IN_COMM
Handler: secure connection with the client established.
{ id: 9,
  remoteAddress: '::ffff:10.0.1.44:45540',
  status: 'open' }
received secure communication!
Received seqNum: 0
data received from server via secure communication
Handler: socketID: 9 data: data1
toSend: { data: <Buffer 64 61 74 61 31>, id: 9 }
specified socketID: 9
Unidentified client disconnected
Handler: secure connection with the client closed.
socket #9 closed
Unidentified client connected
received session key handshake1
switching to HANDSHAKE_1_RECEIVED state.
session key id: 40100511
session key NOT found! sending session key id to AuthService
Distribution protocol: TCP
connected to auth! from local port 44792
received auth hello!
{ authId: 401, nonce: <Buffer 98 4e d9 15 28 72 f2 f4> }
received session key response encrypted with distribution key
replyNonce in sessionKeyResp: <Buffer aa 49 5d 58 7a 62 f5 14>
auth nonce verified
handleSessionKeyResp: session key request succeeded! authFailureCount: 0
received 1 keys
Session key id is as expected
server ret: [object Object]
chosen nonce: <Buffer 47 19 28 6f 96 93 43 f0>
switching to HANDSHAKE_2_SENT
disconnected from auth
received session key handshake3!
{ replyNonce: <Buffer 47 19 28 6f 96 93 43 f0> }
client authenticated/authorized by solving nonce!
switching to IN_COMM
Handler: secure connection with the client established.
{ id: 10,
  remoteAddress: '::ffff:10.0.1.44:45770',
  status: 'open' }
received secure communication!
Received seqNum: 0
data received from server via secure communication
Handler: socketID: 10 data: data1
toSend: { data: <Buffer 64 61 74 61 31>, id: 10 }
specified socketID: 10
Unidentified client disconnected
Handler: secure connection with the client closed.
socket #10 closed
Unidentified client connected
received session key handshake1
switching to HANDSHAKE_1_RECEIVED state.
session key id: 40100521
session key NOT found! sending session key id to AuthService
Distribution protocol: TCP
connected to auth! from local port 45070
received auth hello!
{ authId: 401, nonce: <Buffer 20 be 75 46 7e 4b aa 3d> }
received session key response encrypted with distribution key
replyNonce in sessionKeyResp: <Buffer 5a 2c 9f 01 3f 4e 01 ff>
auth nonce verified
handleSessionKeyResp: session key request succeeded! authFailureCount: 0
received 1 keys
Session key id is as expected
server ret: [object Object]
chosen nonce: <Buffer 59 a9 bd eb 1c eb d8 06>
switching to HANDSHAKE_2_SENT
received session key handshake3!
{ replyNonce: <Buffer 59 a9 bd eb 1c eb d8 06> }
client authenticated/authorized by solving nonce!
switching to IN_COMM
Handler: secure connection with the client established.
{ id: 11,
  remoteAddress: '::ffff:10.0.1.44:46048',
  status: 'open' }
disconnected from auth
received secure communication!
Received seqNum: 0
data received from server via secure communication
Handler: socketID: 11 data: data1
toSend: { data: <Buffer 64 61 74 61 31>, id: 11 }
specified socketID: 11
Unidentified client disconnected
Handler: secure connection with the client closed.
socket #11 closed
Unidentified client connected
received session key handshake1
switching to HANDSHAKE_1_RECEIVED state.
session key id: 40100531
session key NOT found! sending session key id to AuthService
Distribution protocol: TCP
connected to auth! from local port 45364
received auth hello!
{ authId: 401, nonce: <Buffer 51 e0 66 01 36 86 35 39> }
received session key response encrypted with distribution key
replyNonce in sessionKeyResp: <Buffer fe bd 89 d8 ea 71 c9 3c>
auth nonce verified
handleSessionKeyResp: session key request succeeded! authFailureCount: 0
received 1 keys
Session key id is as expected
server ret: [object Object]
chosen nonce: <Buffer 2f 0c e4 1c 8c cf 08 45>
switching to HANDSHAKE_2_SENT
disconnected from auth
received session key handshake3!
{ replyNonce: <Buffer 2f 0c e4 1c 8c cf 08 45> }
client authenticated/authorized by solving nonce!
switching to IN_COMM
Handler: secure connection with the client established.
{ id: 12,
  remoteAddress: '::ffff:10.0.1.44:46340',
  status: 'open' }
received secure communication!
Received seqNum: 0
data received from server via secure communication
Handler: socketID: 12 data: data1
toSend: { data: <Buffer 64 61 74 61 31>, id: 12 }
specified socketID: 12
Unidentified client disconnected
Handler: secure connection with the client closed.
socket #12 closed
Unidentified client connected
received session key handshake1
switching to HANDSHAKE_1_RECEIVED state.
session key id: 40100541
session key NOT found! sending session key id to AuthService
Distribution protocol: TCP
connected to auth! from local port 45628
received auth hello!
{ authId: 401, nonce: <Buffer cd 8b ac 6d c0 ac 7d 5c> }
received session key response encrypted with distribution key
replyNonce in sessionKeyResp: <Buffer 1f 69 e3 47 06 2e 80 1a>
auth nonce verified
handleSessionKeyResp: session key request succeeded! authFailureCount: 0
received 1 keys
Session key id is as expected
server ret: [object Object]
chosen nonce: <Buffer 46 16 38 84 c6 20 0e 57>
switching to HANDSHAKE_2_SENT
received session key handshake3!
{ replyNonce: <Buffer 46 16 38 84 c6 20 0e 57> }
client authenticated/authorized by solving nonce!
switching to IN_COMM
Handler: secure connection with the client established.
{ id: 13,
  remoteAddress: '::ffff:10.0.1.44:46604',
  status: 'open' }
disconnected from auth
received secure communication!
Received seqNum: 0
data received from server via secure communication
Handler: socketID: 13 data: data1
toSend: { data: <Buffer 64 61 74 61 31>, id: 13 }
specified socketID: 13
Unidentified client disconnected
Handler: secure connection with the client closed.
socket #13 closed
Unidentified client connected
received session key handshake1
switching to HANDSHAKE_1_RECEIVED state.
session key id: 40100552
session key NOT found! sending session key id to AuthService
Distribution protocol: TCP
connected to auth! from local port 45896
received auth hello!
{ authId: 401, nonce: <Buffer 29 b9 cb 68 0e 86 33 55> }
received session key response encrypted with distribution key
replyNonce in sessionKeyResp: <Buffer c6 34 c1 a7 41 a2 dc cf>
auth nonce verified
handleSessionKeyResp: session key request succeeded! authFailureCount: 0
received 1 keys
Session key id is as expected
server ret: [object Object]
chosen nonce: <Buffer f5 58 e7 79 d7 16 6d 02>
switching to HANDSHAKE_2_SENT
disconnected from auth
received session key handshake3!
{ replyNonce: <Buffer f5 58 e7 79 d7 16 6d 02> }
client authenticated/authorized by solving nonce!
switching to IN_COMM
Handler: secure connection with the client established.
{ id: 14,
  remoteAddress: '::ffff:10.0.1.44:46872',
  status: 'open' }
received secure communication!
Received seqNum: 0
data received from server via secure communication
Handler: socketID: 14 data: data1
toSend: { data: <Buffer 64 61 74 61 31>, id: 14 }
specified socketID: 14
Unidentified client disconnected
Handler: secure connection with the client closed.
socket #14 closed
Unidentified client connected
received session key handshake1
switching to HANDSHAKE_1_RECEIVED state.
session key id: 40100563
session key NOT found! sending session key id to AuthService
Distribution protocol: TCP
connected to auth! from local port 46162
Handler: Error in server - details: handshake2 timed out...
Unidentified client disconnected
Handler: Error in server - details: Closed during comm init from undefined:undefined
Handler: Error in server - details: Auth hello timedout ...
Unidentified client connected
received session key handshake1
switching to HANDSHAKE_1_RECEIVED state.
session key id: 40100574
session key NOT found! sending session key id to AuthService
Distribution protocol: TCP
connected to auth! from local port 46424
Handler: Error in server - details: handshake2 timed out...
Unidentified client disconnected
Handler: Error in server - details: Closed during comm init from undefined:undefined
Handler: Error in server - details: Auth hello timedout ...
Unidentified client connected
received session key handshake1
switching to HANDSHAKE_1_RECEIVED state.
session key id: 40100585
session key NOT found! sending session key id to AuthService
Distribution protocol: TCP
connected to auth! from local port 46690
Handler: Error in server - details: handshake2 timed out...
Unidentified client disconnected
Handler: Error in server - details: Closed during comm init from undefined:undefined
Handler: Error in server - details: Auth hello timedout ...
Unidentified client connected
received session key handshake1
switching to HANDSHAKE_1_RECEIVED state.
session key id: 40100596
session key NOT found! sending session key id to AuthService
Distribution protocol: TCP
connected to auth! from local port 46956
Handler: Error in server - details: handshake2 timed out...
Unidentified client disconnected
Handler: Error in server - details: Closed during comm init from undefined:undefined
Handler: Error in server - details: Auth hello timedout ...
Unidentified client connected
received session key handshake1
switching to HANDSHAKE_1_RECEIVED state.
session key id: 40100607
session key NOT found! sending session key id to AuthService
Distribution protocol: TCP
connected to auth! from local port 47226
Handler: Error in server - details: handshake2 timed out...
Unidentified client disconnected
Handler: Error in server - details: Closed during comm init from undefined:undefined
Handler: Error in server - details: Auth hello timedout ...
Unidentified client connected
received session key handshake1
switching to HANDSHAKE_1_RECEIVED state.
session key id: 40100618
session key NOT found! sending session key id to AuthService
Distribution protocol: TCP
connected to auth! from local port 47492
Handler: Error in server - details: handshake2 timed out...
Unidentified client disconnected
Handler: Error in server - details: Closed during comm init from undefined:undefined
Handler: Error in server - details: Auth hello timedout ...
Unidentified client connected
received session key handshake1
switching to HANDSHAKE_1_RECEIVED state.
session key id: 40100629
session key NOT found! sending session key id to AuthService
Distribution protocol: TCP
connected to auth! from local port 47756
received auth hello!
{ authId: 401, nonce: <Buffer d4 0f 5d cd e7 e6 ba 3e> }
received session key response encrypted with distribution key
replyNonce in sessionKeyResp: <Buffer d3 03 b9 28 21 ba 32 3c>
auth nonce verified
handleSessionKeyResp: session key request succeeded! authFailureCount: 0
received 1 keys
Session key id is as expected
server ret: [object Object]
chosen nonce: <Buffer a9 72 cd 03 45 ad 65 90>
switching to HANDSHAKE_2_SENT
disconnected from auth
received session key handshake3!
{ replyNonce: <Buffer a9 72 cd 03 45 ad 65 90> }
client authenticated/authorized by solving nonce!
switching to IN_COMM
Handler: secure connection with the client established.
{ id: 15,
  remoteAddress: '::ffff:10.0.1.44:48732',
  status: 'open' }
received secure communication!
Received seqNum: 0
data received from server via secure communication
Handler: socketID: 15 data: data1
toSend: { data: <Buffer 64 61 74 61 31>, id: 15 }
specified socketID: 15
Unidentified client disconnected
Handler: secure connection with the client closed.
socket #15 closed
Unidentified client connected
received session key handshake1
switching to HANDSHAKE_1_RECEIVED state.
session key id: 40100640
session key NOT found! sending session key id to AuthService
Distribution protocol: TCP
connected to auth! from local port 48020
received auth hello!
{ authId: 401, nonce: <Buffer 99 91 c3 86 46 c3 87 8f> }
received session key response encrypted with distribution key
replyNonce in sessionKeyResp: <Buffer dd 96 df 8a 36 e3 48 5d>
auth nonce verified
handleSessionKeyResp: session key request succeeded! authFailureCount: 0
received 1 keys
Session key id is as expected
server ret: [object Object]
chosen nonce: <Buffer 5e ce 0f d9 85 a0 f2 4b>
switching to HANDSHAKE_2_SENT
disconnected from auth
received session key handshake3!
{ replyNonce: <Buffer 5e ce 0f d9 85 a0 f2 4b> }
client authenticated/authorized by solving nonce!
switching to IN_COMM
Handler: secure connection with the client established.
{ id: 16,
  remoteAddress: '::ffff:10.0.1.44:48998',
  status: 'open' }
received secure communication!
Received seqNum: 0
data received from server via secure communication
Handler: socketID: 16 data: data1
toSend: { data: <Buffer 64 61 74 61 31>, id: 16 }
specified socketID: 16
Handler: Error in server - details: Disconnected from auth before getting session key response
Handler: Error in server - details: Disconnected from auth before getting session key response
Handler: Error in server - details: Disconnected from auth before getting session key response
Handler: Error in server - details: Disconnected from auth before getting session key response
Handler: Error in server - details: Disconnected from auth before getting session key response
Handler: Error in server - details: Disconnected from auth before getting session key response
Unidentified client disconnected
Handler: secure connection with the client closed.
socket #16 closed
Unidentified client connected
received session key handshake1
switching to HANDSHAKE_1_RECEIVED state.
session key id: 40100651
session key NOT found! sending session key id to AuthService
Distribution protocol: TCP
connected to auth! from local port 48286
received auth hello!
{ authId: 401, nonce: <Buffer 30 ac 5c 60 79 61 c1 84> }
received session key response encrypted with distribution key
replyNonce in sessionKeyResp: <Buffer 53 20 b7 f7 ef 04 7c 2e>
auth nonce verified
handleSessionKeyResp: session key request succeeded! authFailureCount: 0
received 1 keys
Session key id is as expected
server ret: [object Object]
chosen nonce: <Buffer 45 21 f1 db 09 10 07 39>
switching to HANDSHAKE_2_SENT
disconnected from auth
received session key handshake3!
{ replyNonce: <Buffer 45 21 f1 db 09 10 07 39> }
client authenticated/authorized by solving nonce!
switching to IN_COMM
Handler: secure connection with the client established.
{ id: 17,
  remoteAddress: '::ffff:10.0.1.44:49264',
  status: 'open' }
received secure communication!
Received seqNum: 0
data received from server via secure communication
Handler: socketID: 17 data: data1
toSend: { data: <Buffer 64 61 74 61 31>, id: 17 }
specified socketID: 17
Unidentified client disconnected
Handler: secure connection with the client closed.
socket #17 closed
Unidentified client connected
received session key handshake1
switching to HANDSHAKE_1_RECEIVED state.
session key id: 40100662
session key NOT found! sending session key id to AuthService
Distribution protocol: TCP
connected to auth! from local port 48556
received auth hello!
{ authId: 401, nonce: <Buffer 9b 63 db 13 6a 8e 23 f7> }
received session key response encrypted with distribution key
replyNonce in sessionKeyResp: <Buffer 97 f3 b2 a7 92 4c 0f 5d>
auth nonce verified
handleSessionKeyResp: session key request succeeded! authFailureCount: 0
received 1 keys
Session key id is as expected
server ret: [object Object]
chosen nonce: <Buffer 83 ef b8 11 fd 2c c3 55>
switching to HANDSHAKE_2_SENT
received session key handshake3!
{ replyNonce: <Buffer 83 ef b8 11 fd 2c c3 55> }
client authenticated/authorized by solving nonce!
switching to IN_COMM
Handler: secure connection with the client established.
{ id: 18,
  remoteAddress: '::ffff:10.0.1.44:49534',
  status: 'open' }
disconnected from auth
received secure communication!
Received seqNum: 0
data received from server via secure communication
Handler: socketID: 18 data: data1
toSend: { data: <Buffer 64 61 74 61 31>, id: 18 }
specified socketID: 18
Unidentified client disconnected
Handler: secure connection with the client closed.
socket #18 closed
Unidentified client connected
received session key handshake1
switching to HANDSHAKE_1_RECEIVED state.
session key id: 40100673
session key NOT found! sending session key id to AuthService
Distribution protocol: TCP
connected to auth! from local port 48822
received auth hello!
{ authId: 401, nonce: <Buffer 76 cf ef ee 2f 8f c3 f8> }
received session key response encrypted with distribution key
replyNonce in sessionKeyResp: <Buffer a3 78 13 a4 72 c2 4e fc>
auth nonce verified
handleSessionKeyResp: session key request succeeded! authFailureCount: 0
received 1 keys
Session key id is as expected
server ret: [object Object]
chosen nonce: <Buffer 43 fa 91 8a a5 a4 a2 17>
switching to HANDSHAKE_2_SENT
disconnected from auth
received session key handshake3!
{ replyNonce: <Buffer 43 fa 91 8a a5 a4 a2 17> }
client authenticated/authorized by solving nonce!
switching to IN_COMM
Handler: secure connection with the client established.
{ id: 19,
  remoteAddress: '::ffff:10.0.1.44:49800',
  status: 'open' }
received secure communication!
Received seqNum: 0
data received from server via secure communication
Handler: socketID: 19 data: data1
toSend: { data: <Buffer 64 61 74 61 31>, id: 19 }
specified socketID: 19
Unidentified client disconnected
Handler: secure connection with the client closed.
socket #19 closed
Unidentified client connected
received session key handshake1
switching to HANDSHAKE_1_RECEIVED state.
session key id: 40100684
session key NOT found! sending session key id to AuthService
Distribution protocol: TCP
connected to auth! from local port 49088
received auth hello!
{ authId: 401, nonce: <Buffer 85 96 89 e9 79 34 80 f4> }
received session key response encrypted with distribution key
replyNonce in sessionKeyResp: <Buffer d3 9e a4 b8 bc 96 4c 41>
auth nonce verified
handleSessionKeyResp: session key request succeeded! authFailureCount: 0
received 1 keys
Session key id is as expected
server ret: [object Object]
chosen nonce: <Buffer fa 31 da c9 be 33 23 74>
switching to HANDSHAKE_2_SENT
disconnected from auth
received session key handshake3!
{ replyNonce: <Buffer fa 31 da c9 be 33 23 74> }
client authenticated/authorized by solving nonce!
switching to IN_COMM
Handler: secure connection with the client established.
{ id: 20,
  remoteAddress: '::ffff:10.0.1.44:50066',
  status: 'open' }
received secure communication!
Received seqNum: 0
data received from server via secure communication
Handler: socketID: 20 data: data1
toSend: { data: <Buffer 64 61 74 61 31>, id: 20 }
specified socketID: 20
Unidentified client disconnected
Handler: secure connection with the client closed.
socket #20 closed
Unidentified client connected
received session key handshake1
switching to HANDSHAKE_1_RECEIVED state.
session key id: 40100695
session key NOT found! sending session key id to AuthService
Distribution protocol: TCP
connected to auth! from local port 49354
received auth hello!
{ authId: 401, nonce: <Buffer 7a d4 7a ef d9 15 8f a7> }
received session key response encrypted with distribution key
replyNonce in sessionKeyResp: <Buffer a3 3a 80 ed ac f3 d9 fe>
auth nonce verified
handleSessionKeyResp: session key request succeeded! authFailureCount: 0
received 1 keys
Session key id is as expected
server ret: [object Object]
chosen nonce: <Buffer 5e 79 69 45 f1 63 af 13>
switching to HANDSHAKE_2_SENT
received session key handshake3!
{ replyNonce: <Buffer 5e 79 69 45 f1 63 af 13> }
client authenticated/authorized by solving nonce!
switching to IN_COMM
Handler: secure connection with the client established.
{ id: 21,
  remoteAddress: '::ffff:10.0.1.44:50332',
  status: 'open' }
disconnected from auth
received secure communication!
Received seqNum: 0
data received from server via secure communication
Handler: socketID: 21 data: data1
toSend: { data: <Buffer 64 61 74 61 31>, id: 21 }
specified socketID: 21
Unidentified client disconnected
Handler: secure connection with the client closed.
socket #21 closed
