changing working directory to: /home/hokeunkim/Development/iotauth/entity/node/example_entities
loading from config file: /home/hokeunkim/Development/iotauth_experiments/experiments/ccs2017/expOptions/expEntity.option
Experimental options for echoServer: { autoSendPeriod: 60000,
  useSameSessionKeyCount: 1,
  connectionTimeout: 50000,
  migrationEnabled: true,
  authFailureThreshold: 2,
  migrationFailureThreshold: 2 }
loading from config file: /home/hokeunkim/Development/iotauth/entity/node/example_entities/configs/Servers/s509.config
initializing secure comm server...
Session protocol: TCP
current parameters: { migrationEnabled: true,
  authFailureThreshold: 3,
  migrationFailureThreshold: 3 }
current parameters: { migrationEnabled: true,
  authFailureThreshold: 2,
  migrationFailureThreshold: 3 }
current parameters: { migrationEnabled: true,
  authFailureThreshold: 2,
  migrationFailureThreshold: 2 }
current entityInfo: { name: 's509',
  group: 'Servers',
  distProtocol: 'TCP',
  usePermanentDistKey: false,
  connectionTimeout: 50000,
  privateKey: <Buffer 2d 2d 2d 2d 2d 42 45 47 49 4e 20 52 53 41 20 50 52 49 56 41 54 45 20 4b 45 59 2d 2d 2d 2d 2d 0a 4d 49 49 45 70 41 49 42 41 41 4b 43 41 51 45 41 76 71 ... > }
Handler: listening on port 22100
s509:Servers prompt>
Unidentified client connected
received session key handshake1
switching to HANDSHAKE_1_RECEIVED state.
session key id: 50200001
session key NOT found! sending session key id to AuthService
Distribution protocol: TCP
connected to auth! from local port 43634
received auth hello!
{ authId: 502, nonce: <Buffer 20 c1 aa 21 7f d7 61 e7> }
received session key response with distribution key attached!
auth signature verified
replyNonce in sessionKeyResp: <Buffer 3e 20 d9 f1 cf ff 9d b8>
auth nonce verified
handleSessionKeyResp: session key request succeeded! authFailureCount: 0
updating distribution key: { cipherKeyVal: <Buffer 39 a5 50 67 3d fc e4 db db 7d 0e 8d 78 21 98 60>,
  macKeyVal: <Buffer b9 de fb 16 ee 86 26 08 be 21 f7 51 bd 4b 41 b6 34 e5 c1 e3 ff ee 85 0d 87 67 98 82 df 35 2c 74>,
  absValidity: 2018-08-27T04:34:11.763Z }
received 1 keys
Session key id is as expected
server ret: [object Object]
chosen nonce: <Buffer 36 a1 08 0f 8c 48 89 c3>
switching to HANDSHAKE_2_SENT
disconnected from auth
received session key handshake3!
{ replyNonce: <Buffer 36 a1 08 0f 8c 48 89 c3> }
client authenticated/authorized by solving nonce!
switching to IN_COMM
Handler: secure connection with the client established.
{ id: 0,
  remoteAddress: '::ffff:10.0.1.73:51492',
  status: 'open' }
received secure communication!
Received seqNum: 0
data received from server via secure communication
Handler: socketID: 0 data: data1
toSend: { data: <Buffer 64 61 74 61 31>, id: 0 }
specified socketID: 0
Unidentified client disconnected
Handler: secure connection with the client closed.
socket #0 closed
Unidentified client connected
received session key handshake1
switching to HANDSHAKE_1_RECEIVED state.
session key id: 50200008
session key NOT found! sending session key id to AuthService
Distribution protocol: TCP
connected to auth! from local port 43902
received auth hello!
{ authId: 502, nonce: <Buffer ab e2 7d ee 0a ea 0c ea> }
received session key response encrypted with distribution key
replyNonce in sessionKeyResp: <Buffer 80 ea ce ac 19 e9 a7 60>
auth nonce verified
handleSessionKeyResp: session key request succeeded! authFailureCount: 0
received 1 keys
Session key id is as expected
server ret: [object Object]
chosen nonce: <Buffer 01 0c 20 ac a5 f5 0f 87>
switching to HANDSHAKE_2_SENT
disconnected from auth
received session key handshake3!
{ replyNonce: <Buffer 01 0c 20 ac a5 f5 0f 87> }
client authenticated/authorized by solving nonce!
switching to IN_COMM
Handler: secure connection with the client established.
{ id: 1,
  remoteAddress: '::ffff:10.0.1.73:51762',
  status: 'open' }
received secure communication!
Received seqNum: 0
data received from server via secure communication
Handler: socketID: 1 data: data1
toSend: { data: <Buffer 64 61 74 61 31>, id: 1 }
specified socketID: 1
Unidentified client disconnected
Handler: secure connection with the client closed.
socket #1 closed
Unidentified client connected
received session key handshake1
switching to HANDSHAKE_1_RECEIVED state.
session key id: 50200015
session key NOT found! sending session key id to AuthService
Distribution protocol: TCP
connected to auth! from local port 44174
received auth hello!
{ authId: 502, nonce: <Buffer 7d d8 9b 5d 9d 2f 3a 57> }
received session key response encrypted with distribution key
replyNonce in sessionKeyResp: <Buffer f7 a3 df 09 27 89 70 f6>
auth nonce verified
handleSessionKeyResp: session key request succeeded! authFailureCount: 0
received 1 keys
Session key id is as expected
server ret: [object Object]
chosen nonce: <Buffer 12 ed 2d 32 98 5c 54 f5>
switching to HANDSHAKE_2_SENT
disconnected from auth
received session key handshake3!
{ replyNonce: <Buffer 12 ed 2d 32 98 5c 54 f5> }
client authenticated/authorized by solving nonce!
switching to IN_COMM
Handler: secure connection with the client established.
{ id: 2,
  remoteAddress: '::ffff:10.0.1.73:52032',
  status: 'open' }
received secure communication!
Received seqNum: 0
data received from server via secure communication
Handler: socketID: 2 data: data1
toSend: { data: <Buffer 64 61 74 61 31>, id: 2 }
specified socketID: 2
Unidentified client disconnected
Handler: secure connection with the client closed.
socket #2 closed
Unidentified client connected
received session key handshake1
switching to HANDSHAKE_1_RECEIVED state.
session key id: 50200022
session key NOT found! sending session key id to AuthService
Distribution protocol: TCP
connected to auth! from local port 44444
received auth hello!
{ authId: 502, nonce: <Buffer 01 65 34 36 8b 87 6d 85> }
received session key response encrypted with distribution key
replyNonce in sessionKeyResp: <Buffer 49 6f 63 21 0b 41 8d ff>
auth nonce verified
handleSessionKeyResp: session key request succeeded! authFailureCount: 0
received 1 keys
Session key id is as expected
server ret: [object Object]
chosen nonce: <Buffer e5 18 7c 37 7d 93 76 40>
switching to HANDSHAKE_2_SENT
disconnected from auth
received session key handshake3!
{ replyNonce: <Buffer e5 18 7c 37 7d 93 76 40> }
client authenticated/authorized by solving nonce!
switching to IN_COMM
Handler: secure connection with the client established.
{ id: 3,
  remoteAddress: '::ffff:10.0.1.73:52302',
  status: 'open' }
received secure communication!
Received seqNum: 0
data received from server via secure communication
Handler: socketID: 3 data: data1
toSend: { data: <Buffer 64 61 74 61 31>, id: 3 }
specified socketID: 3
Unidentified client disconnected
Handler: secure connection with the client closed.
socket #3 closed
Unidentified client connected
received session key handshake1
switching to HANDSHAKE_1_RECEIVED state.
session key id: 50200029
session key NOT found! sending session key id to AuthService
Distribution protocol: TCP
connected to auth! from local port 44714
received auth hello!
{ authId: 502, nonce: <Buffer 92 a0 4e b0 cf a2 7d 60> }
received session key response encrypted with distribution key
replyNonce in sessionKeyResp: <Buffer 0c 6d 2b b7 c6 29 aa 73>
auth nonce verified
handleSessionKeyResp: session key request succeeded! authFailureCount: 0
received 1 keys
Session key id is as expected
server ret: [object Object]
chosen nonce: <Buffer a2 ab 9d 48 86 46 e5 f6>
switching to HANDSHAKE_2_SENT
disconnected from auth
received session key handshake3!
{ replyNonce: <Buffer a2 ab 9d 48 86 46 e5 f6> }
client authenticated/authorized by solving nonce!
switching to IN_COMM
Handler: secure connection with the client established.
{ id: 4,
  remoteAddress: '::ffff:10.0.1.73:52572',
  status: 'open' }
received secure communication!
Received seqNum: 0
data received from server via secure communication
Handler: socketID: 4 data: data1
toSend: { data: <Buffer 64 61 74 61 31>, id: 4 }
specified socketID: 4
Unidentified client disconnected
Handler: secure connection with the client closed.
socket #4 closed
Unidentified client connected
received session key handshake1
switching to HANDSHAKE_1_RECEIVED state.
session key id: 50200036
session key NOT found! sending session key id to AuthService
Distribution protocol: TCP
connected to auth! from local port 44984
received auth hello!
{ authId: 502, nonce: <Buffer 86 1b c1 d9 d2 28 4f 70> }
received session key response encrypted with distribution key
replyNonce in sessionKeyResp: <Buffer 59 8c 99 24 e2 48 a4 e7>
auth nonce verified
handleSessionKeyResp: session key request succeeded! authFailureCount: 0
received 1 keys
Session key id is as expected
server ret: [object Object]
chosen nonce: <Buffer f4 a7 0e 73 12 4c 60 86>
switching to HANDSHAKE_2_SENT
disconnected from auth
received session key handshake3!
{ replyNonce: <Buffer f4 a7 0e 73 12 4c 60 86> }
client authenticated/authorized by solving nonce!
switching to IN_COMM
Handler: secure connection with the client established.
{ id: 5,
  remoteAddress: '::ffff:10.0.1.73:52842',
  status: 'open' }
received secure communication!
Received seqNum: 0
data received from server via secure communication
Handler: socketID: 5 data: data1
toSend: { data: <Buffer 64 61 74 61 31>, id: 5 }
specified socketID: 5
Unidentified client disconnected
Handler: secure connection with the client closed.
socket #5 closed
Unidentified client connected
received session key handshake1
switching to HANDSHAKE_1_RECEIVED state.
session key id: 50200043
session key NOT found! sending session key id to AuthService
Distribution protocol: TCP
connected to auth! from local port 45254
received auth hello!
{ authId: 502, nonce: <Buffer 7b 8a cd f1 6e 94 e4 85> }
received session key response encrypted with distribution key
replyNonce in sessionKeyResp: <Buffer 2b 2d a9 83 4f 20 2a c2>
auth nonce verified
handleSessionKeyResp: session key request succeeded! authFailureCount: 0
received 1 keys
Session key id is as expected
server ret: [object Object]
chosen nonce: <Buffer b5 2c 34 c8 9f f3 d7 0e>
switching to HANDSHAKE_2_SENT
disconnected from auth
received session key handshake3!
{ replyNonce: <Buffer b5 2c 34 c8 9f f3 d7 0e> }
client authenticated/authorized by solving nonce!
switching to IN_COMM
Handler: secure connection with the client established.
{ id: 6,
  remoteAddress: '::ffff:10.0.1.73:53112',
  status: 'open' }
received secure communication!
Received seqNum: 0
data received from server via secure communication
Handler: socketID: 6 data: data1
toSend: { data: <Buffer 64 61 74 61 31>, id: 6 }
specified socketID: 6
Unidentified client disconnected
Handler: secure connection with the client closed.
socket #6 closed
Unidentified client connected
received session key handshake1
switching to HANDSHAKE_1_RECEIVED state.
session key id: 50200050
session key NOT found! sending session key id to AuthService
Distribution protocol: TCP
connected to auth! from local port 45438
received auth hello!
{ authId: 502, nonce: <Buffer a3 45 14 5a 7d 44 0f b6> }
received session key response encrypted with distribution key
replyNonce in sessionKeyResp: <Buffer fc 37 c2 5e 7e f6 06 f6>
auth nonce verified
handleSessionKeyResp: session key request succeeded! authFailureCount: 0
received 1 keys
Session key id is as expected
server ret: [object Object]
chosen nonce: <Buffer 39 7f 35 12 20 0e 3c 1c>
switching to HANDSHAKE_2_SENT
disconnected from auth
received session key handshake3!
{ replyNonce: <Buffer 39 7f 35 12 20 0e 3c 1c> }
client authenticated/authorized by solving nonce!
switching to IN_COMM
Handler: secure connection with the client established.
{ id: 7,
  remoteAddress: '::ffff:10.0.1.73:53298',
  status: 'open' }
received secure communication!
Received seqNum: 0
data received from server via secure communication
Handler: socketID: 7 data: data1
toSend: { data: <Buffer 64 61 74 61 31>, id: 7 }
specified socketID: 7
Unidentified client disconnected
Handler: secure connection with the client closed.
socket #7 closed
Unidentified client connected
received session key handshake1
switching to HANDSHAKE_1_RECEIVED state.
session key id: 50200057
session key NOT found! sending session key id to AuthService
Distribution protocol: TCP
connected to auth! from local port 45644
Handler: Error in server - details: handshake2 timed out...
received auth hello!
{ authId: 502, nonce: <Buffer ce 22 46 c1 f1 ed 90 2b> }
received session key response encrypted with distribution key
replyNonce in sessionKeyResp: <Buffer f3 53 00 23 2c cc 9c 7a>
auth nonce verified
handleSessionKeyResp: session key request succeeded! authFailureCount: 0
received 1 keys
Session key id is as expected
server ret: [object Object]
chosen nonce: <Buffer 83 da 3e 35 74 99 bf 64>
switching to HANDSHAKE_2_SENT
disconnected from auth
received session key handshake3!
{ replyNonce: <Buffer 83 da 3e 35 74 99 bf 64> }
client authenticated/authorized by solving nonce!
switching to IN_COMM
Handler: secure connection with the client established.
{ id: 8,
  remoteAddress: '::ffff:10.0.1.73:53500',
  status: 'open' }
received secure communication!
Received seqNum: 0
data received from server via secure communication
Handler: socketID: 8 data: data1
toSend: { data: <Buffer 64 61 74 61 31>, id: 8 }
specified socketID: 8
Unidentified client disconnected
Handler: secure connection with the client closed.
socket #8 closed
Unidentified client connected
received session key handshake1
switching to HANDSHAKE_1_RECEIVED state.
session key id: 50200065
session key NOT found! sending session key id to AuthService
Distribution protocol: TCP
connected to auth! from local port 45894
received auth hello!
{ authId: 502, nonce: <Buffer 36 11 67 5b c5 58 ea 47> }
received session key response encrypted with distribution key
replyNonce in sessionKeyResp: <Buffer f9 65 2d aa a6 95 70 0d>
auth nonce verified
handleSessionKeyResp: session key request succeeded! authFailureCount: 0
received 1 keys
Session key id is as expected
server ret: [object Object]
chosen nonce: <Buffer f8 0b 14 98 ad 60 a7 dc>
switching to HANDSHAKE_2_SENT
received session key handshake3!
{ replyNonce: <Buffer f8 0b 14 98 ad 60 a7 dc> }
client authenticated/authorized by solving nonce!
switching to IN_COMM
Handler: secure connection with the client established.
{ id: 9,
  remoteAddress: '::ffff:10.0.1.73:53750',
  status: 'open' }
disconnected from auth
received secure communication!
Received seqNum: 0
data received from server via secure communication
Handler: socketID: 9 data: data1
toSend: { data: <Buffer 64 61 74 61 31>, id: 9 }
specified socketID: 9
Unidentified client disconnected
Handler: secure connection with the client closed.
socket #9 closed
Unidentified client connected
received session key handshake1
switching to HANDSHAKE_1_RECEIVED state.
session key id: 50200073
session key NOT found! sending session key id to AuthService
Distribution protocol: TCP
connected to auth! from local port 46086
received auth hello!
{ authId: 502, nonce: <Buffer d9 aa 80 e9 f3 3a 91 c2> }
received session key response encrypted with distribution key
replyNonce in sessionKeyResp: <Buffer 9d 2d ed ae f4 fd 93 10>
auth nonce verified
handleSessionKeyResp: session key request succeeded! authFailureCount: 0
received 1 keys
Session key id is as expected
server ret: [object Object]
chosen nonce: <Buffer ec 14 62 41 5d 23 3e ba>
switching to HANDSHAKE_2_SENT
disconnected from auth
received session key handshake3!
{ replyNonce: <Buffer ec 14 62 41 5d 23 3e ba> }
client authenticated/authorized by solving nonce!
switching to IN_COMM
Handler: secure connection with the client established.
{ id: 10,
  remoteAddress: '::ffff:10.0.1.73:53942',
  status: 'open' }
received secure communication!
Received seqNum: 0
data received from server via secure communication
Handler: socketID: 10 data: data1
toSend: { data: <Buffer 64 61 74 61 31>, id: 10 }
specified socketID: 10
Unidentified client disconnected
Handler: secure connection with the client closed.
socket #10 closed
Unidentified client connected
received session key handshake1
switching to HANDSHAKE_1_RECEIVED state.
session key id: 50200082
session key NOT found! sending session key id to AuthService
Distribution protocol: TCP
connected to auth! from local port 46308
received auth hello!
{ authId: 502, nonce: <Buffer c1 4c b6 64 e6 55 86 40> }
received session key response encrypted with distribution key
replyNonce in sessionKeyResp: <Buffer 3c 48 05 8e 06 63 96 04>
auth nonce verified
handleSessionKeyResp: session key request succeeded! authFailureCount: 0
received 1 keys
Session key id is as expected
server ret: [object Object]
chosen nonce: <Buffer 5e eb 05 c7 c1 25 38 34>
switching to HANDSHAKE_2_SENT
disconnected from auth
received session key handshake3!
{ replyNonce: <Buffer 5e eb 05 c7 c1 25 38 34> }
client authenticated/authorized by solving nonce!
switching to IN_COMM
Handler: secure connection with the client established.
{ id: 11,
  remoteAddress: '::ffff:10.0.1.73:54164',
  status: 'open' }
received secure communication!
Received seqNum: 0
data received from server via secure communication
Handler: socketID: 11 data: data1
toSend: { data: <Buffer 64 61 74 61 31>, id: 11 }
specified socketID: 11
Unidentified client disconnected
Handler: secure connection with the client closed.
socket #11 closed
Unidentified client connected
received session key handshake1
switching to HANDSHAKE_1_RECEIVED state.
session key id: 50200097
session key NOT found! sending session key id to AuthService
Distribution protocol: TCP
connected to auth! from local port 46546
received auth hello!
{ authId: 502, nonce: <Buffer 4e 2b f2 92 4d 2e 85 06> }
received session key response encrypted with distribution key
replyNonce in sessionKeyResp: <Buffer 15 49 c2 d9 1f 8e 2b d3>
auth nonce verified
handleSessionKeyResp: session key request succeeded! authFailureCount: 0
received 1 keys
Session key id is as expected
server ret: [object Object]
chosen nonce: <Buffer 7f ac ff 19 f9 48 86 c1>
switching to HANDSHAKE_2_SENT
disconnected from auth
received session key handshake3!
{ replyNonce: <Buffer 7f ac ff 19 f9 48 86 c1> }
client authenticated/authorized by solving nonce!
switching to IN_COMM
Handler: secure connection with the client established.
{ id: 12,
  remoteAddress: '::ffff:10.0.1.73:54404',
  status: 'open' }
received secure communication!
Received seqNum: 0
data received from server via secure communication
Handler: socketID: 12 data: data1
toSend: { data: <Buffer 64 61 74 61 31>, id: 12 }
specified socketID: 12
Unidentified client disconnected
Handler: secure connection with the client closed.
socket #12 closed
Unidentified client connected
received session key handshake1
switching to HANDSHAKE_1_RECEIVED state.
session key id: 50200112
session key NOT found! sending session key id to AuthService
Distribution protocol: TCP
connected to auth! from local port 46790
received auth hello!
{ authId: 502, nonce: <Buffer 19 48 66 89 2f 91 1d 5e> }
received session key response encrypted with distribution key
replyNonce in sessionKeyResp: <Buffer 12 3d 76 71 b0 82 81 0d>
auth nonce verified
handleSessionKeyResp: session key request succeeded! authFailureCount: 0
received 1 keys
Session key id is as expected
server ret: [object Object]
chosen nonce: <Buffer 78 0c 6d fa 86 40 22 74>
switching to HANDSHAKE_2_SENT
received session key handshake3!
{ replyNonce: <Buffer 78 0c 6d fa 86 40 22 74> }
client authenticated/authorized by solving nonce!
switching to IN_COMM
Handler: secure connection with the client established.
{ id: 13,
  remoteAddress: '::ffff:10.0.1.73:54650',
  status: 'open' }
disconnected from auth
received secure communication!
Received seqNum: 0
data received from server via secure communication
Handler: socketID: 13 data: data1
toSend: { data: <Buffer 64 61 74 61 31>, id: 13 }
specified socketID: 13
Unidentified client disconnected
Handler: secure connection with the client closed.
socket #13 closed
Unidentified client connected
received session key handshake1
switching to HANDSHAKE_1_RECEIVED state.
session key id: 50200127
session key NOT found! sending session key id to AuthService
Distribution protocol: TCP
connected to auth! from local port 47032
received auth hello!
{ authId: 502, nonce: <Buffer 66 52 ba af f7 a5 6f 0e> }
received session key response encrypted with distribution key
replyNonce in sessionKeyResp: <Buffer 6c 08 c1 9d 20 92 d6 08>
auth nonce verified
handleSessionKeyResp: session key request succeeded! authFailureCount: 0
received 1 keys
Session key id is as expected
server ret: [object Object]
chosen nonce: <Buffer ba d3 f4 f2 91 98 cb 2e>
switching to HANDSHAKE_2_SENT
disconnected from auth
received session key handshake3!
{ replyNonce: <Buffer ba d3 f4 f2 91 98 cb 2e> }
client authenticated/authorized by solving nonce!
switching to IN_COMM
Handler: secure connection with the client established.
{ id: 14,
  remoteAddress: '::ffff:10.0.1.73:54892',
  status: 'open' }
received secure communication!
Received seqNum: 0
data received from server via secure communication
Handler: socketID: 14 data: data1
toSend: { data: <Buffer 64 61 74 61 31>, id: 14 }
specified socketID: 14
Unidentified client disconnected
Handler: secure connection with the client closed.
socket #14 closed
Unidentified client connected
received session key handshake1
switching to HANDSHAKE_1_RECEIVED state.
session key id: 50200142
session key NOT found! sending session key id to AuthService
Distribution protocol: TCP
connected to auth! from local port 47296
received auth hello!
{ authId: 502, nonce: <Buffer 68 0a 38 ed b8 e8 cb d3> }
received session key response encrypted with distribution key
replyNonce in sessionKeyResp: <Buffer 20 a8 33 12 41 c3 d3 95>
auth nonce verified
handleSessionKeyResp: session key request succeeded! authFailureCount: 0
received 1 keys
Session key id is as expected
server ret: [object Object]
chosen nonce: <Buffer 24 69 37 b9 ba 45 50 55>
switching to HANDSHAKE_2_SENT
disconnected from auth
received session key handshake3!
{ replyNonce: <Buffer 24 69 37 b9 ba 45 50 55> }
client authenticated/authorized by solving nonce!
switching to IN_COMM
Handler: secure connection with the client established.
{ id: 15,
  remoteAddress: '::ffff:10.0.1.73:55156',
  status: 'open' }
received secure communication!
Received seqNum: 0
data received from server via secure communication
Handler: socketID: 15 data: data1
toSend: { data: <Buffer 64 61 74 61 31>, id: 15 }
specified socketID: 15
Unidentified client disconnected
Handler: secure connection with the client closed.
socket #15 closed
Unidentified client connected
received session key handshake1
switching to HANDSHAKE_1_RECEIVED state.
session key id: 50200161
session key NOT found! sending session key id to AuthService
Distribution protocol: TCP
connected to auth! from local port 47696
Handler: Error in server - details: handshake2 timed out...
Unidentified client connected
received session key handshake1
switching to HANDSHAKE_1_RECEIVED state.
session key id: 50200166
session key NOT found! sending session key id to AuthService
Distribution protocol: TCP
connected to auth! from local port 47830
Handler: Error in server - details: handshake2 timed out...
Unidentified client disconnected
Handler: Error in server - details: Closed during comm init from undefined:undefined
Handler: Error in server - details: Auth hello timedout ...
received auth hello!
{ authId: 502, nonce: <Buffer 65 cc 23 bd 61 bc 7c 11> }
received session key response encrypted with distribution key
replyNonce in sessionKeyResp: <Buffer 1d 61 d9 5a 5b 05 09 03>
auth nonce verified
handleSessionKeyResp: session key request succeeded! authFailureCount: 0
received 1 keys
Session key id is as expected
server ret: [object Object]
chosen nonce: <Buffer 85 e5 ce be 34 d8 ea a4>
switching to HANDSHAKE_2_SENT
disconnected from auth
received session key handshake3!
{ replyNonce: <Buffer 85 e5 ce be 34 d8 ea a4> }
client authenticated/authorized by solving nonce!
switching to IN_COMM
Handler: secure connection with the client established.
{ id: 16,
  remoteAddress: '::ffff:10.0.1.73:55690',
  status: 'open' }
received secure communication!
Received seqNum: 0
data received from server via secure communication
Handler: socketID: 16 data: data1
toSend: { data: <Buffer 64 61 74 61 31>, id: 16 }
specified socketID: 16
Unidentified client disconnected
Handler: secure connection with the client closed.
socket #16 closed
Unidentified client connected
received session key handshake1
switching to HANDSHAKE_1_RECEIVED state.
session key id: 50200180
session key NOT found! sending session key id to AuthService
Distribution protocol: TCP
connected to auth! from local port 48086
Handler: Error in server - details: handshake2 timed out...
Unidentified client disconnected
Handler: Error in server - details: Closed during comm init from undefined:undefined
Handler: Error in server - details: Auth hello timedout ...
Unidentified client connected
received session key handshake1
switching to HANDSHAKE_1_RECEIVED state.
session key id: 50200198
session key NOT found! sending session key id to AuthService
Distribution protocol: TCP
connected to auth! from local port 48414
received auth hello!
{ authId: 502, nonce: <Buffer b8 8f e8 f0 21 2e 2a 4f> }
received session key response encrypted with distribution key
replyNonce in sessionKeyResp: <Buffer e3 db ec 98 44 48 9b 8d>
auth nonce verified
handleSessionKeyResp: session key request succeeded! authFailureCount: 0
received 1 keys
Session key id is as expected
server ret: [object Object]
chosen nonce: <Buffer 86 f3 54 31 86 d2 6e 55>
switching to HANDSHAKE_2_SENT
disconnected from auth
received session key handshake3!
{ replyNonce: <Buffer 86 f3 54 31 86 d2 6e 55> }
client authenticated/authorized by solving nonce!
switching to IN_COMM
Handler: secure connection with the client established.
{ id: 17,
  remoteAddress: '::ffff:10.0.1.73:56274',
  status: 'open' }
received secure communication!
Received seqNum: 0
data received from server via secure communication
Handler: socketID: 17 data: data1
toSend: { data: <Buffer 64 61 74 61 31>, id: 17 }
specified socketID: 17
Unidentified client disconnected
Handler: secure connection with the client closed.
socket #17 closed
Unidentified client connected
received session key handshake1
switching to HANDSHAKE_1_RECEIVED state.
session key id: 50200206
session key NOT found! sending session key id to AuthService
Distribution protocol: TCP
connected to auth! from local port 48536
received auth hello!
{ authId: 502, nonce: <Buffer 12 63 e6 e1 fb a2 03 c4> }
received session key response encrypted with distribution key
replyNonce in sessionKeyResp: <Buffer ca 31 66 e1 08 f0 35 19>
auth nonce verified
handleSessionKeyResp: session key request succeeded! authFailureCount: 0
received 1 keys
Session key id is as expected
server ret: [object Object]
chosen nonce: <Buffer 03 a0 12 74 a7 68 6f c9>
switching to HANDSHAKE_2_SENT
received session key handshake3!
{ replyNonce: <Buffer 03 a0 12 74 a7 68 6f c9> }
client authenticated/authorized by solving nonce!
switching to IN_COMM
Handler: secure connection with the client established.
{ id: 18,
  remoteAddress: '::ffff:10.0.1.73:56396',
  status: 'open' }
disconnected from auth
received secure communication!
Received seqNum: 0
data received from server via secure communication
Handler: socketID: 18 data: data1
toSend: { data: <Buffer 64 61 74 61 31>, id: 18 }
specified socketID: 18
received auth hello!
{ authId: 502, nonce: <Buffer 3d 28 e8 f6 6a b5 67 a3> }
failure in connection with Auth : authFailureCount: 1
Handler: Error in server - details: Error occurred in session key request: Error: write after end
Unidentified client disconnected
Handler: secure connection with the client closed.
socket #18 closed
Unidentified client connected
received session key handshake1
switching to HANDSHAKE_1_RECEIVED state.
session key id: 50200220
session key NOT found! sending session key id to AuthService
Distribution protocol: TCP
connected to auth! from local port 48712
Handler: Error in server - details: handshake2 timed out...
disconnected from auth
received auth hello!
{ authId: 502, nonce: <Buffer c8 2c 60 3c 8c b9 25 c3> }
received session key response encrypted with distribution key
replyNonce in sessionKeyResp: <Buffer 62 2f 64 49 48 8a 64 2a>
auth nonce verified
handleSessionKeyResp: session key request succeeded! authFailureCount: 0
received 1 keys
Session key id is as expected
server ret: [object Object]
chosen nonce: <Buffer d9 47 8d c2 fe 92 35 e0>
switching to HANDSHAKE_2_SENT
disconnected from auth
received session key handshake3!
{ replyNonce: <Buffer d9 47 8d c2 fe 92 35 e0> }
client authenticated/authorized by solving nonce!
switching to IN_COMM
Handler: secure connection with the client established.
{ id: 19,
  remoteAddress: '::ffff:10.0.1.73:56572',
  status: 'open' }
received secure communication!
Received seqNum: 0
data received from server via secure communication
Handler: socketID: 19 data: data1
toSend: { data: <Buffer 64 61 74 61 31>, id: 19 }
specified socketID: 19
Handler: Error in server - details: Connection with Auth timed out...
received auth hello!
{ authId: 502, nonce: <Buffer 02 80 11 b1 8c b6 c8 1a> }
failure in connection with Auth : authFailureCount: 1
Handler: Error in server - details: Error occurred in session key request: Error: write after end
Unidentified client disconnected
Handler: secure connection with the client closed.
socket #19 closed
Unidentified client connected
received session key handshake1
switching to HANDSHAKE_1_RECEIVED state.
session key id: 50200236
session key NOT found! sending session key id to AuthService
Distribution protocol: TCP
connected to auth! from local port 48890
received auth hello!
{ authId: 502, nonce: <Buffer ef 61 26 12 bf 6b 5f da> }
received session key response encrypted with distribution key
replyNonce in sessionKeyResp: <Buffer 02 fb f9 43 1c 3e 53 26>
auth nonce verified
handleSessionKeyResp: session key request succeeded! authFailureCount: 0
received 1 keys
Session key id is as expected
server ret: [object Object]
chosen nonce: <Buffer 67 a6 d1 81 28 84 0a 46>
switching to HANDSHAKE_2_SENT
received session key handshake3!
{ replyNonce: <Buffer 67 a6 d1 81 28 84 0a 46> }
client authenticated/authorized by solving nonce!
switching to IN_COMM
Handler: secure connection with the client established.
{ id: 20,
  remoteAddress: '::ffff:10.0.1.73:56750',
  status: 'open' }
disconnected from auth
received secure communication!
Received seqNum: 0
data received from server via secure communication
Handler: socketID: 20 data: data1
toSend: { data: <Buffer 64 61 74 61 31>, id: 20 }
specified socketID: 20
disconnected from auth
Handler: Error in server - details: Connection with Auth timed out...
Unidentified client disconnected
Handler: secure connection with the client closed.
socket #20 closed
Unidentified client connected
received session key handshake1
switching to HANDSHAKE_1_RECEIVED state.
session key id: 50200252
session key NOT found! sending session key id to AuthService
Distribution protocol: TCP
connected to auth! from local port 49066
received auth hello!
{ authId: 502, nonce: <Buffer 17 87 62 08 00 08 42 d7> }
received session key response encrypted with distribution key
replyNonce in sessionKeyResp: <Buffer f9 fd 95 a5 8f 2c 01 e1>
auth nonce verified
handleSessionKeyResp: session key request succeeded! authFailureCount: 0
received 1 keys
Session key id is as expected
server ret: [object Object]
chosen nonce: <Buffer 98 92 95 b6 3d 27 89 e3>
switching to HANDSHAKE_2_SENT
disconnected from auth
received session key handshake3!
{ replyNonce: <Buffer 98 92 95 b6 3d 27 89 e3> }
client authenticated/authorized by solving nonce!
switching to IN_COMM
Handler: secure connection with the client established.
{ id: 21,
  remoteAddress: '::ffff:10.0.1.73:56926',
  status: 'open' }
received secure communication!
Received seqNum: 0
data received from server via secure communication
Handler: socketID: 21 data: data1
toSend: { data: <Buffer 64 61 74 61 31>, id: 21 }
specified socketID: 21
Unidentified client disconnected
Handler: secure connection with the client closed.
socket #21 closed
Unidentified client connected
received session key handshake1
switching to HANDSHAKE_1_RECEIVED state.
session key id: 50200267
session key NOT found! sending session key id to AuthService
Distribution protocol: TCP
connected to auth! from local port 49240
received auth hello!
{ authId: 502, nonce: <Buffer 2a d7 6e f3 7c 92 17 af> }
received session key response encrypted with distribution key
replyNonce in sessionKeyResp: <Buffer 7f 9f 76 5a 74 46 ed 40>
auth nonce verified
handleSessionKeyResp: session key request succeeded! authFailureCount: 0
received 1 keys
Session key id is as expected
server ret: [object Object]
chosen nonce: <Buffer fe cf 26 95 14 ce fe 3b>
switching to HANDSHAKE_2_SENT
disconnected from auth
received session key handshake3!
{ replyNonce: <Buffer fe cf 26 95 14 ce fe 3b> }
client authenticated/authorized by solving nonce!
switching to IN_COMM
Handler: secure connection with the client established.
{ id: 22,
  remoteAddress: '::ffff:10.0.1.73:57100',
  status: 'open' }
received secure communication!
Received seqNum: 0
data received from server via secure communication
Handler: socketID: 22 data: data1
toSend: { data: <Buffer 64 61 74 61 31>, id: 22 }
specified socketID: 22
Unidentified client disconnected
Handler: secure connection with the client closed.
socket #22 closed
Unidentified client connected
received session key handshake1
switching to HANDSHAKE_1_RECEIVED state.
session key id: 50200282
session key NOT found! sending session key id to AuthService
Distribution protocol: TCP
connected to auth! from local port 49414
received auth hello!
{ authId: 502, nonce: <Buffer 27 f3 53 7f 62 26 25 f0> }
received session key response encrypted with distribution key
replyNonce in sessionKeyResp: <Buffer 4e 3a 22 9a 2d d9 5f 43>
auth nonce verified
handleSessionKeyResp: session key request succeeded! authFailureCount: 0
received 1 keys
Session key id is as expected
server ret: [object Object]
chosen nonce: <Buffer 84 cb 97 5e a0 86 c7 53>
switching to HANDSHAKE_2_SENT
disconnected from auth
received session key handshake3!
{ replyNonce: <Buffer 84 cb 97 5e a0 86 c7 53> }
client authenticated/authorized by solving nonce!
switching to IN_COMM
Handler: secure connection with the client established.
{ id: 23,
  remoteAddress: '::ffff:10.0.1.73:57274',
  status: 'open' }
received secure communication!
Received seqNum: 0
data received from server via secure communication
Handler: socketID: 23 data: data1
toSend: { data: <Buffer 64 61 74 61 31>, id: 23 }
specified socketID: 23
Unidentified client disconnected
Handler: secure connection with the client closed.
socket #23 closed
Unidentified client connected
received session key handshake1
switching to HANDSHAKE_1_RECEIVED state.
session key id: 50200297
session key NOT found! sending session key id to AuthService
Distribution protocol: TCP
connected to auth! from local port 49586
received auth hello!
{ authId: 502, nonce: <Buffer d6 69 c8 a6 1c b8 60 1c> }
received session key response encrypted with distribution key
replyNonce in sessionKeyResp: <Buffer a9 16 75 99 64 78 a6 53>
auth nonce verified
handleSessionKeyResp: session key request succeeded! authFailureCount: 0
received 1 keys
Session key id is as expected
server ret: [object Object]
chosen nonce: <Buffer 3a b1 54 58 50 4e 7a 1e>
switching to HANDSHAKE_2_SENT
received session key handshake3!
{ replyNonce: <Buffer 3a b1 54 58 50 4e 7a 1e> }
client authenticated/authorized by solving nonce!
switching to IN_COMM
Handler: secure connection with the client established.
{ id: 24,
  remoteAddress: '::ffff:10.0.1.73:57446',
  status: 'open' }
disconnected from auth
received secure communication!
Received seqNum: 0
data received from server via secure communication
Handler: socketID: 24 data: data1
toSend: { data: <Buffer 64 61 74 61 31>, id: 24 }
specified socketID: 24
Unidentified client disconnected
Handler: secure connection with the client closed.
socket #24 closed
Unidentified client connected
received session key handshake1
switching to HANDSHAKE_1_RECEIVED state.
session key id: 50200312
session key NOT found! sending session key id to AuthService
Distribution protocol: TCP
connected to auth! from local port 49738
received auth hello!
{ authId: 502, nonce: <Buffer 58 47 2d 00 78 bb 1a f3> }
received session key response encrypted with distribution key
replyNonce in sessionKeyResp: <Buffer e2 87 08 ff 8a 7e 60 bf>
auth nonce verified
handleSessionKeyResp: session key request succeeded! authFailureCount: 0
received 1 keys
Session key id is as expected
server ret: [object Object]
chosen nonce: <Buffer e8 f2 0c 63 93 63 e5 fb>
switching to HANDSHAKE_2_SENT
disconnected from auth
received session key handshake3!
{ replyNonce: <Buffer e8 f2 0c 63 93 63 e5 fb> }
client authenticated/authorized by solving nonce!
switching to IN_COMM
Handler: secure connection with the client established.
{ id: 25,
  remoteAddress: '::ffff:10.0.1.73:57598',
  status: 'open' }
received secure communication!
Received seqNum: 0
data received from server via secure communication
Handler: socketID: 25 data: data1
toSend: { data: <Buffer 64 61 74 61 31>, id: 25 }
specified socketID: 25
Unidentified client disconnected
Handler: secure connection with the client closed.
socket #25 closed
