changing working directory to: /home/hokeunkim/Development/iotauth/entity/node/example_entities
loading from config file: /home/hokeunkim/Development/iotauth_experiments/experiments/ccs2017/expOptions/expEntity.option
Experimental options for autoClient: { autoSendPeriod: 60000,
  useSameSessionKeyCount: 1,
  connectionTimeout: 50000,
  migrationEnabled: false,
  authFailureThreshold: 2,
  migrationFailureThreshold: 2 }
loading from config file: /home/hokeunkim/Development/iotauth/entity/node/example_entities/configs/Clients/c408.config
initializing...
current parameters: { numKeysPerRequest: 3,
  migrationEnabled: false,
  authFailureThreshold: 3,
  migrationFailureThreshold: 3 }
current parameters: { numKeysPerRequest: 1,
  migrationEnabled: false,
  authFailureThreshold: 3,
  migrationFailureThreshold: 3 }
current parameters: { numKeysPerRequest: 1,
  migrationEnabled: false,
  authFailureThreshold: 3,
  migrationFailureThreshold: 3 }
current parameters: { numKeysPerRequest: 1,
  migrationEnabled: false,
  authFailureThreshold: 2,
  migrationFailureThreshold: 3 }
current parameters: { numKeysPerRequest: 1,
  migrationEnabled: false,
  authFailureThreshold: 2,
  migrationFailureThreshold: 2 }
current entityInfo: { name: 'c408',
  group: 'Clients',
  distProtocol: 'TCP',
  usePermanentDistKey: false,
  connectionTimeout: 50000,
  privateKey: <Buffer 2d 2d 2d 2d 2d 42 45 47 49 4e 20 52 53 41 20 50 52 49 56 41 54 45 20 4b 45 59 2d 2d 2d 2d 2d 0a 4d 49 49 45 6f 67 49 42 41 41 4b 43 41 51 45 41 35 69 ... > }
Distribution protocol: TCP
Resp-actual/expected/ratio/ts: 0 1 0 1521668588033
connected to auth! from local port 37280
received auth hello!
{ authId: 402, nonce: <Buffer 38 e3 53 86 68 6f 12 78> }
received session key response with distribution key attached!
auth signature verified
replyNonce in sessionKeyResp: <Buffer 06 6e fe c0 fd 2f ce c3>
auth nonce verified
updating distribution key: { cipherKeyVal: <Buffer f5 3a 5f 6c 2b d6 d8 7e 1c 89 0f e1 d1 1f 1d ee>,
  macKeyVal: <Buffer bd 67 9e 7f 7b 07 b0 d5 7a b8 f7 29 5c ec 7a 46 c8 cd 22 1d aa 5a 62 6b a4 5f 59 c2 17 cb 02 f5>,
  absValidity: 2018-03-21T22:43:08.201Z }
received 1 keys
currentSessionKey: [object Object]
Session protocol: TCP
chosen commSessionKey: 
{ id: 40200723,
  cipherKeyVal: <Buffer b0 df 7e 01 99 df 0f 5f 3e 8d 22 bd d3 6d 0f 58>,
  macKeyVal: <Buffer 90 f6 b3 0d c0 a3 46 be 97 66 90 dc c1 2e 96 fa b0 b1 7a 6a c4 96 56 32 61 39 c0 79 6f 56 9b ad>,
  absValidity: 2018-03-22T21:43:08.201Z,
  relValidity: 7200000 }
options
{ serverHost: '10.0.1.13',
  serverPort: 22100,
  sessionKey: 
   { id: 40200723,
     cipherKeyVal: <Buffer b0 df 7e 01 99 df 0f 5f 3e 8d 22 bd d3 6d 0f 58>,
     macKeyVal: <Buffer 90 f6 b3 0d c0 a3 46 be 97 66 90 dc c1 2e 96 fa b0 b1 7a 6a c4 96 56 32 61 39 c0 79 6f 56 9b ad>,
     absValidity: 2018-03-22T21:43:08.201Z,
     relValidity: 7200000 },
  sessionCryptoSpec: { cipher: 'AES-128-CBC', mac: 'SHA256' },
  sessionProtocol: 'TCP',
  handshakeTimeout: 50000 }
disconnected from auth
chosen nonce: <Buffer c6 0e 3f 20 fb e5 49 c5>
switching to HANDSHAKE_1_SENT
received session key handshake2!
client ret: [object Object]
server authenticated/authorized by solving nonce!
Handler: communication initialization succeeded
file data length: 1024
sending at Wed Mar 21 2018 21:43:08 GMT+0000 (UTC)
switching to IN_COMM
received secure communication message!
Received seqNum: 0
Handler: data received from server via secure communication
data1
Resp-actual/expected/ratio/ts: 1 1 1 1521668589092
Distribution protocol: TCP
Resp-actual/expected/ratio/ts: 1 2 0.5 1521668648085
connected to auth! from local port 37436
received auth hello!
{ authId: 402, nonce: <Buffer 51 a3 ba 1b 4d 67 a8 59> }
received session key response encrypted with distribution key
replyNonce in sessionKeyResp: <Buffer 76 d9 0b 44 40 74 f4 5a>
auth nonce verified
received 1 keys
currentSessionKey: [object Object]
Status: Secure connection closed before starting a new connection.
Session protocol: TCP
chosen commSessionKey: 
{ id: 40200730,
  cipherKeyVal: <Buffer 2f 60 35 95 a9 95 ca e9 6e 96 b4 e1 2a 27 f5 e1>,
  macKeyVal: <Buffer db e3 9c e6 ce 8d ab 51 bf 86 54 bb ad 47 24 81 a2 f9 e2 d1 a4 c4 93 36 de c4 f9 ad 8b 80 87 b8>,
  absValidity: 2018-03-22T21:44:08.216Z,
  relValidity: 7200000 }
options
{ serverHost: '10.0.1.13',
  serverPort: 22100,
  sessionKey: 
   { id: 40200730,
     cipherKeyVal: <Buffer 2f 60 35 95 a9 95 ca e9 6e 96 b4 e1 2a 27 f5 e1>,
     macKeyVal: <Buffer db e3 9c e6 ce 8d ab 51 bf 86 54 bb ad 47 24 81 a2 f9 e2 d1 a4 c4 93 36 de c4 f9 ad 8b 80 87 b8>,
     absValidity: 2018-03-22T21:44:08.216Z,
     relValidity: 7200000 },
  sessionCryptoSpec: { cipher: 'AES-128-CBC', mac: 'SHA256' },
  sessionProtocol: 'TCP',
  handshakeTimeout: 50000 }
chosen nonce: <Buffer 5a 37 f6 77 d1 dd 26 71>
switching to HANDSHAKE_1_SENT
disconnected from auth
Handler: secure connection with the server closed.
received session key handshake2!
client ret: [object Object]
server authenticated/authorized by solving nonce!
Handler: communication initialization succeeded
file data length: 1024
sending at Wed Mar 21 2018 21:44:08 GMT+0000 (UTC)
switching to IN_COMM
received secure communication message!
Received seqNum: 0
Handler: data received from server via secure communication
data1
Resp-actual/expected/ratio/ts: 2 2 1 1521668649044
Distribution protocol: TCP
Resp-actual/expected/ratio/ts: 2 3 0.6666666666666666 1521668708145
connected to auth! from local port 37698
received auth hello!
{ authId: 402, nonce: <Buffer b7 e7 94 d6 5d d8 18 08> }
received session key response encrypted with distribution key
replyNonce in sessionKeyResp: <Buffer 99 f0 93 77 f4 ff cf b8>
auth nonce verified
received 1 keys
currentSessionKey: [object Object]
Status: Secure connection closed before starting a new connection.
Session protocol: TCP
chosen commSessionKey: 
{ id: 40200737,
  cipherKeyVal: <Buffer 55 17 e7 e1 8a 62 21 62 a2 6d 7f df c0 aa fe c0>,
  macKeyVal: <Buffer 99 9c 4e b9 d4 e2 0f 03 d0 5a b1 22 92 97 e3 26 44 93 4b 77 f8 6e d5 57 c6 7b e8 be 32 5b a8 44>,
  absValidity: 2018-03-22T21:45:08.311Z,
  relValidity: 7200000 }
options
{ serverHost: '10.0.1.13',
  serverPort: 22100,
  sessionKey: 
   { id: 40200737,
     cipherKeyVal: <Buffer 55 17 e7 e1 8a 62 21 62 a2 6d 7f df c0 aa fe c0>,
     macKeyVal: <Buffer 99 9c 4e b9 d4 e2 0f 03 d0 5a b1 22 92 97 e3 26 44 93 4b 77 f8 6e d5 57 c6 7b e8 be 32 5b a8 44>,
     absValidity: 2018-03-22T21:45:08.311Z,
     relValidity: 7200000 },
  sessionCryptoSpec: { cipher: 'AES-128-CBC', mac: 'SHA256' },
  sessionProtocol: 'TCP',
  handshakeTimeout: 50000 }
chosen nonce: <Buffer d4 d1 8d 5c 13 37 6a eb>
switching to HANDSHAKE_1_SENT
disconnected from auth
Handler: secure connection with the server closed.
received session key handshake2!
client ret: [object Object]
server authenticated/authorized by solving nonce!
Handler: communication initialization succeeded
file data length: 1024
sending at Wed Mar 21 2018 21:45:08 GMT+0000 (UTC)
switching to IN_COMM
received secure communication message!
Received seqNum: 0
Handler: data received from server via secure communication
data1
Resp-actual/expected/ratio/ts: 3 3 1 1521668709259
Distribution protocol: TCP
Resp-actual/expected/ratio/ts: 3 4 0.75 1521668768201
connected to auth! from local port 37968
received auth hello!
{ authId: 402, nonce: <Buffer be 15 d7 20 a8 b2 00 e7> }
received session key response encrypted with distribution key
replyNonce in sessionKeyResp: <Buffer 90 6c b0 04 f7 4b 55 4b>
auth nonce verified
received 1 keys
currentSessionKey: [object Object]
Status: Secure connection closed before starting a new connection.
Session protocol: TCP
chosen commSessionKey: 
{ id: 40200744,
  cipherKeyVal: <Buffer 2c c3 c9 65 5c 94 46 e6 47 aa 68 07 a6 77 7c 37>,
  macKeyVal: <Buffer c8 80 fd 06 aa ed 0c 98 1d ae 3e a0 5e 2a 78 58 a4 32 2b 1d 35 70 fb 12 93 52 24 45 c4 fd 61 c2>,
  absValidity: 2018-03-22T21:46:08.362Z,
  relValidity: 7200000 }
options
{ serverHost: '10.0.1.13',
  serverPort: 22100,
  sessionKey: 
   { id: 40200744,
     cipherKeyVal: <Buffer 2c c3 c9 65 5c 94 46 e6 47 aa 68 07 a6 77 7c 37>,
     macKeyVal: <Buffer c8 80 fd 06 aa ed 0c 98 1d ae 3e a0 5e 2a 78 58 a4 32 2b 1d 35 70 fb 12 93 52 24 45 c4 fd 61 c2>,
     absValidity: 2018-03-22T21:46:08.362Z,
     relValidity: 7200000 },
  sessionCryptoSpec: { cipher: 'AES-128-CBC', mac: 'SHA256' },
  sessionProtocol: 'TCP',
  handshakeTimeout: 50000 }
chosen nonce: <Buffer cf d8 c5 8c 6c 99 e7 ee>
switching to HANDSHAKE_1_SENT
disconnected from auth
Handler: secure connection with the server closed.
received session key handshake2!
client ret: [object Object]
server authenticated/authorized by solving nonce!
Handler: communication initialization succeeded
file data length: 1024
sending at Wed Mar 21 2018 21:46:08 GMT+0000 (UTC)
switching to IN_COMM
received secure communication message!
Received seqNum: 0
Handler: data received from server via secure communication
data1
Resp-actual/expected/ratio/ts: 4 4 1 1521668769210
Distribution protocol: TCP
Resp-actual/expected/ratio/ts: 4 5 0.8 1521668828228
connected to auth! from local port 38238
received auth hello!
{ authId: 402, nonce: <Buffer 0d 0c 1a 73 e7 8b 6b 80> }
received session key response encrypted with distribution key
replyNonce in sessionKeyResp: <Buffer 29 ef 77 41 f2 03 7f 3e>
auth nonce verified
received 1 keys
currentSessionKey: [object Object]
Status: Secure connection closed before starting a new connection.
Session protocol: TCP
chosen commSessionKey: 
{ id: 40200751,
  cipherKeyVal: <Buffer 13 11 8c 1f 03 e6 39 80 43 72 76 17 f4 55 54 cc>,
  macKeyVal: <Buffer 7a ec 84 07 8e e6 c9 32 51 00 a5 1e 7f 19 e8 bf 28 40 2e 7d 91 ba cb c1 55 40 92 73 f3 46 20 22>,
  absValidity: 2018-03-22T21:47:08.398Z,
  relValidity: 7200000 }
options
{ serverHost: '10.0.1.13',
  serverPort: 22100,
  sessionKey: 
   { id: 40200751,
     cipherKeyVal: <Buffer 13 11 8c 1f 03 e6 39 80 43 72 76 17 f4 55 54 cc>,
     macKeyVal: <Buffer 7a ec 84 07 8e e6 c9 32 51 00 a5 1e 7f 19 e8 bf 28 40 2e 7d 91 ba cb c1 55 40 92 73 f3 46 20 22>,
     absValidity: 2018-03-22T21:47:08.398Z,
     relValidity: 7200000 },
  sessionCryptoSpec: { cipher: 'AES-128-CBC', mac: 'SHA256' },
  sessionProtocol: 'TCP',
  handshakeTimeout: 50000 }
chosen nonce: <Buffer d8 1c 62 d1 8f ed 5b be>
switching to HANDSHAKE_1_SENT
disconnected from auth
Handler: secure connection with the server closed.
received session key handshake2!
client ret: [object Object]
server authenticated/authorized by solving nonce!
Handler: communication initialization succeeded
file data length: 1024
sending at Wed Mar 21 2018 21:47:09 GMT+0000 (UTC)
switching to IN_COMM
received secure communication message!
Received seqNum: 0
Handler: data received from server via secure communication
data1
Resp-actual/expected/ratio/ts: 5 5 1 1521668829340
Distribution protocol: TCP
Resp-actual/expected/ratio/ts: 5 6 0.8333333333333334 1521668888288
connected to auth! from local port 38508
received auth hello!
{ authId: 402, nonce: <Buffer 05 9e 68 b8 ae 55 c5 4c> }
received session key response encrypted with distribution key
replyNonce in sessionKeyResp: <Buffer c0 9e 5c 10 2f a0 6c 6d>
auth nonce verified
received 1 keys
currentSessionKey: [object Object]
Status: Secure connection closed before starting a new connection.
Session protocol: TCP
chosen commSessionKey: 
{ id: 40200758,
  cipherKeyVal: <Buffer cd 2a 10 df 1e 0b bc 34 23 8d 4f 94 ae 17 c6 55>,
  macKeyVal: <Buffer e1 dc f2 79 bd 31 a9 4f 9f 20 12 b6 84 7d 52 3d 8b da 65 54 10 45 6d 8f 17 5d f0 1c 43 f5 4f 03>,
  absValidity: 2018-03-22T21:48:08.454Z,
  relValidity: 7200000 }
options
{ serverHost: '10.0.1.13',
  serverPort: 22100,
  sessionKey: 
   { id: 40200758,
     cipherKeyVal: <Buffer cd 2a 10 df 1e 0b bc 34 23 8d 4f 94 ae 17 c6 55>,
     macKeyVal: <Buffer e1 dc f2 79 bd 31 a9 4f 9f 20 12 b6 84 7d 52 3d 8b da 65 54 10 45 6d 8f 17 5d f0 1c 43 f5 4f 03>,
     absValidity: 2018-03-22T21:48:08.454Z,
     relValidity: 7200000 },
  sessionCryptoSpec: { cipher: 'AES-128-CBC', mac: 'SHA256' },
  sessionProtocol: 'TCP',
  handshakeTimeout: 50000 }
chosen nonce: <Buffer e7 13 6c 10 0f c5 2a e1>
switching to HANDSHAKE_1_SENT
disconnected from auth
Handler: secure connection with the server closed.
received session key handshake2!
client ret: [object Object]
server authenticated/authorized by solving nonce!
Handler: communication initialization succeeded
file data length: 1024
sending at Wed Mar 21 2018 21:48:09 GMT+0000 (UTC)
switching to IN_COMM
received secure communication message!
Received seqNum: 0
Handler: data received from server via secure communication
data1
Resp-actual/expected/ratio/ts: 6 6 1 1521668889309
Distribution protocol: TCP
Resp-actual/expected/ratio/ts: 6 7 0.8571428571428571 1521668948345
connected to auth! from local port 38778
received auth hello!
{ authId: 402, nonce: <Buffer ae 0b 03 cd c4 a2 c6 30> }
received session key response encrypted with distribution key
replyNonce in sessionKeyResp: <Buffer a0 ce 7e 8d 18 15 7b 5e>
auth nonce verified
received 1 keys
currentSessionKey: [object Object]
Status: Secure connection closed before starting a new connection.
Session protocol: TCP
chosen commSessionKey: 
{ id: 40200765,
  cipherKeyVal: <Buffer 7a 6a d6 ff cf fd 9d 3b 23 98 60 8b 00 d4 9b e2>,
  macKeyVal: <Buffer ea 22 72 fa 7f 4c 32 de 01 a5 35 00 54 99 1f ce 25 fe b1 1c c2 1c e0 78 60 ef 9b 1b a2 5d 5c 86>,
  absValidity: 2018-03-22T21:49:08.462Z,
  relValidity: 7200000 }
options
{ serverHost: '10.0.1.13',
  serverPort: 22100,
  sessionKey: 
   { id: 40200765,
     cipherKeyVal: <Buffer 7a 6a d6 ff cf fd 9d 3b 23 98 60 8b 00 d4 9b e2>,
     macKeyVal: <Buffer ea 22 72 fa 7f 4c 32 de 01 a5 35 00 54 99 1f ce 25 fe b1 1c c2 1c e0 78 60 ef 9b 1b a2 5d 5c 86>,
     absValidity: 2018-03-22T21:49:08.462Z,
     relValidity: 7200000 },
  sessionCryptoSpec: { cipher: 'AES-128-CBC', mac: 'SHA256' },
  sessionProtocol: 'TCP',
  handshakeTimeout: 50000 }
chosen nonce: <Buffer 63 e8 63 d1 11 27 d9 7a>
switching to HANDSHAKE_1_SENT
disconnected from auth
Handler: secure connection with the server closed.
received session key handshake2!
client ret: [object Object]
server authenticated/authorized by solving nonce!
Handler: communication initialization succeeded
file data length: 1024
sending at Wed Mar 21 2018 21:49:09 GMT+0000 (UTC)
switching to IN_COMM
received secure communication message!
Received seqNum: 0
Handler: data received from server via secure communication
data1
Resp-actual/expected/ratio/ts: 7 7 1 1521668949441
Distribution protocol: TCP
Resp-actual/expected/ratio/ts: 7 8 0.875 1521669008405
connected to auth! from local port 39048
received auth hello!
{ authId: 402, nonce: <Buffer 6f da 3b d3 f2 21 c6 7e> }
received session key response encrypted with distribution key
replyNonce in sessionKeyResp: <Buffer 8c 45 71 82 b6 3e 4b 02>
auth nonce verified
received 1 keys
currentSessionKey: [object Object]
Status: Secure connection closed before starting a new connection.
Session protocol: TCP
chosen commSessionKey: 
{ id: 40200772,
  cipherKeyVal: <Buffer 36 11 65 44 32 05 c6 d7 67 ac 8c 05 c1 2e 46 d7>,
  macKeyVal: <Buffer 60 f3 88 79 0d c6 71 20 e6 20 0a 38 66 c2 aa 59 84 54 29 b4 07 b7 c2 d5 61 c7 86 6e b7 15 77 6e>,
  absValidity: 2018-03-22T21:50:08.516Z,
  relValidity: 7200000 }
options
{ serverHost: '10.0.1.13',
  serverPort: 22100,
  sessionKey: 
   { id: 40200772,
     cipherKeyVal: <Buffer 36 11 65 44 32 05 c6 d7 67 ac 8c 05 c1 2e 46 d7>,
     macKeyVal: <Buffer 60 f3 88 79 0d c6 71 20 e6 20 0a 38 66 c2 aa 59 84 54 29 b4 07 b7 c2 d5 61 c7 86 6e b7 15 77 6e>,
     absValidity: 2018-03-22T21:50:08.516Z,
     relValidity: 7200000 },
  sessionCryptoSpec: { cipher: 'AES-128-CBC', mac: 'SHA256' },
  sessionProtocol: 'TCP',
  handshakeTimeout: 50000 }
chosen nonce: <Buffer 88 8d 57 19 65 15 99 8b>
switching to HANDSHAKE_1_SENT
disconnected from auth
Handler: secure connection with the server closed.
received session key handshake2!
client ret: [object Object]
server authenticated/authorized by solving nonce!
Handler: communication initialization succeeded
file data length: 1024
sending at Wed Mar 21 2018 21:50:09 GMT+0000 (UTC)
switching to IN_COMM
received secure communication message!
Received seqNum: 0
Handler: data received from server via secure communication
data1
Resp-actual/expected/ratio/ts: 8 8 1 1521669009432
Distribution protocol: TCP
Resp-actual/expected/ratio/ts: 8 9 0.8888888888888888 1521669068445
Handler: Error in secure comm - details: Error occurred in session key request: Error: connect EHOSTUNREACH 10.0.1.2:21100
Handler: Error in secure comm - details: Auth hello timedout ...
Distribution protocol: TCP
Resp-actual/expected/ratio/ts: 8 10 0.8 1521669128456
Handler: Error in secure comm - details: Error occurred in session key request: Error: connect EHOSTUNREACH 10.0.1.2:21100
Handler: Error in secure comm - details: Auth hello timedout ...
Distribution protocol: TCP
Resp-actual/expected/ratio/ts: 8 11 0.7272727272727273 1521669188465
Handler: Error in secure comm - details: Error occurred in session key request: Error: connect EHOSTUNREACH 10.0.1.2:21100
Handler: Error in secure comm - details: Auth hello timedout ...
Distribution protocol: TCP
Resp-actual/expected/ratio/ts: 8 12 0.6666666666666666 1521669248476
Handler: Error in secure comm - details: Error occurred in session key request: Error: connect EHOSTUNREACH 10.0.1.2:21100
Handler: Error in secure comm - details: Auth hello timedout ...
Distribution protocol: TCP
Resp-actual/expected/ratio/ts: 8 13 0.6153846153846154 1521669308485
Handler: Error in secure comm - details: Error occurred in session key request: Error: connect EHOSTUNREACH 10.0.1.2:21100
Handler: Error in secure comm - details: Auth hello timedout ...
Distribution protocol: TCP
Resp-actual/expected/ratio/ts: 8 14 0.5714285714285714 1521669368495
Handler: Error in secure comm - details: Error occurred in session key request: Error: connect EHOSTUNREACH 10.0.1.2:21100
Handler: Error in secure comm - details: Auth hello timedout ...
Distribution protocol: TCP
Resp-actual/expected/ratio/ts: 8 15 0.5333333333333333 1521669428506
Handler: Error in secure comm - details: Error occurred in session key request: Error: connect EHOSTUNREACH 10.0.1.2:21100
Handler: Error in secure comm - details: Auth hello timedout ...
Distribution protocol: TCP
Resp-actual/expected/ratio/ts: 8 16 0.5 1521669488515
Handler: Error in secure comm - details: Error occurred in session key request: Error: connect EHOSTUNREACH 10.0.1.2:21100
Handler: Error in secure comm - details: Auth hello timedout ...
Distribution protocol: TCP
Resp-actual/expected/ratio/ts: 8 17 0.47058823529411764 1521669548526
Handler: Error in secure comm - details: Error occurred in session key request: Error: connect EHOSTUNREACH 10.0.1.2:21100
Handler: Error in secure comm - details: Auth hello timedout ...
Distribution protocol: TCP
Resp-actual/expected/ratio/ts: 8 18 0.4444444444444444 1521669608536
Handler: Error in secure comm - details: Error occurred in session key request: Error: connect EHOSTUNREACH 10.0.1.2:21100
Handler: Error in secure comm - details: Auth hello timedout ...
Distribution protocol: TCP
Resp-actual/expected/ratio/ts: 8 19 0.42105263157894735 1521669668546
Handler: Error in secure comm - details: Error occurred in session key request: Error: connect EHOSTUNREACH 10.0.1.2:21100
Handler: Error in secure comm - details: Auth hello timedout ...
Distribution protocol: TCP
Resp-actual/expected/ratio/ts: 8 20 0.4 1521669728557
Handler: Error in secure comm - details: Error occurred in session key request: Error: connect EHOSTUNREACH 10.0.1.2:21100
Handler: Error in secure comm - details: Auth hello timedout ...
Distribution protocol: TCP
Resp-actual/expected/ratio/ts: 8 21 0.38095238095238093 1521669788567
Handler: Error in secure comm - details: Error occurred in session key request: Error: connect EHOSTUNREACH 10.0.1.2:21100
Handler: Error in secure comm - details: Auth hello timedout ...
Distribution protocol: TCP
Resp-actual/expected/ratio/ts: 8 22 0.36363636363636365 1521669848577
Handler: Error in secure comm - details: Error occurred in session key request: Error: connect EHOSTUNREACH 10.0.1.2:21100
Handler: Error in secure comm - details: Auth hello timedout ...
Distribution protocol: TCP
Resp-actual/expected/ratio/ts: 8 23 0.34782608695652173 1521669908586
Handler: Error in secure comm - details: Error occurred in session key request: Error: connect EHOSTUNREACH 10.0.1.2:21100
Handler: Error in secure comm - details: Auth hello timedout ...
Distribution protocol: TCP
Resp-actual/expected/ratio/ts: 8 24 0.3333333333333333 1521669968596
Handler: Error in secure comm - details: Error occurred in session key request: Error: connect EHOSTUNREACH 10.0.1.2:21100
Handler: Error in secure comm - details: Auth hello timedout ...
Distribution protocol: TCP
Resp-actual/expected/ratio/ts: 8 25 0.32 1521670028601
Handler: Error in secure comm - details: Error occurred in session key request: Error: connect EHOSTUNREACH 10.0.1.2:21100
Handler: Error in secure comm - details: Auth hello timedout ...
Distribution protocol: TCP
Resp-actual/expected/ratio/ts: 8 26 0.3076923076923077 1521670088605
Handler: Error in secure comm - details: Error occurred in session key request: Error: connect EHOSTUNREACH 10.0.1.2:21100
Handler: Error in secure comm - details: Auth hello timedout ...
Distribution protocol: TCP
Resp-actual/expected/ratio/ts: 8 27 0.2962962962962963 1521670148613
Handler: Error in secure comm - details: Error occurred in session key request: Error: connect EHOSTUNREACH 10.0.1.2:21100
Handler: Error in secure comm - details: Auth hello timedout ...
Distribution protocol: TCP
Resp-actual/expected/ratio/ts: 8 28 0.2857142857142857 1521670208614
Handler: Error in secure comm - details: Error occurred in session key request: Error: connect EHOSTUNREACH 10.0.1.2:21100
