changing working directory to: /home/hokeunkim/Development/iotauth/entity/node/example_entities
loading from config file: /home/hokeunkim/Development/iotauth_experiments/experiments/ccs2017/expOptions/expEntity.option
Experimental options for autoClient: { autoSendPeriod: 60000,
  useSameSessionKeyCount: 1,
  connectionTimeout: 50000,
  migrationEnabled: true,
  authFailureThreshold: 2,
  migrationFailureThreshold: 2 }
loading from config file: /home/hokeunkim/Development/iotauth/entity/node/example_entities/configs/Clients/c522.config
initializing...
current parameters: { numKeysPerRequest: 3,
  migrationEnabled: false,
  authFailureThreshold: 3,
  migrationFailureThreshold: 3 }
current parameters: { numKeysPerRequest: 1,
  migrationEnabled: false,
  authFailureThreshold: 3,
  migrationFailureThreshold: 3 }
current parameters: { numKeysPerRequest: 1,
  migrationEnabled: true,
  authFailureThreshold: 3,
  migrationFailureThreshold: 3 }
current parameters: { numKeysPerRequest: 1,
  migrationEnabled: true,
  authFailureThreshold: 2,
  migrationFailureThreshold: 3 }
current parameters: { numKeysPerRequest: 1,
  migrationEnabled: true,
  authFailureThreshold: 2,
  migrationFailureThreshold: 2 }
current entityInfo: { name: 'c522',
  group: 'Clients',
  distProtocol: 'TCP',
  usePermanentDistKey: false,
  connectionTimeout: 50000,
  privateKey: <Buffer 2d 2d 2d 2d 2d 42 45 47 49 4e 20 52 53 41 20 50 52 49 56 41 54 45 20 4b 45 59 2d 2d 2d 2d 2d 0a 4d 49 49 45 6f 77 49 42 41 41 4b 43 41 51 45 41 39 4f ... > }
Distribution protocol: TCP
Resp-actual/expected/ratio/ts: 0 1 0 1535344250758
connected to auth! from local port 54764
received auth hello!
{ authId: 503, nonce: <Buffer 73 55 1d f7 d3 49 56 20> }
received session key response with distribution key attached!
auth signature verified
replyNonce in sessionKeyResp: <Buffer 1b 4d 6f 68 1a 6d 02 71>
auth nonce verified
handleSessionKeyResp: session key request succeeded! authFailureCount: 0
updating distribution key: { cipherKeyVal: <Buffer a1 25 e7 f2 4a df ab 8e 37 d7 9b e5 52 21 fa b1>,
  macKeyVal: <Buffer 54 85 97 59 3e ff 9e cd df 92 6c 16 3e c4 8e 60 ed 07 b8 af 40 64 d6 c8 15 75 0a 96 65 1a 43 f9>,
  absValidity: 2018-08-27T05:30:50.902Z }
received 1 keys
currentSessionKey: [object Object]
Session protocol: TCP
chosen commSessionKey: 
{ id: 50300170,
  cipherKeyVal: <Buffer 93 75 df c4 76 b5 27 71 48 1d e9 ad 1d e5 99 56>,
  macKeyVal: <Buffer a4 26 a4 85 14 fe 81 ed 97 65 1b 81 c2 5f 6d 1a f6 56 8f 39 ce 79 a8 54 10 96 09 5b 9c fe 60 3c>,
  absValidity: 2018-08-28T04:30:50.901Z,
  relValidity: 7200000 }
options
{ serverHost: '10.0.1.40',
  serverPort: 22100,
  sessionKey: 
   { id: 50300170,
     cipherKeyVal: <Buffer 93 75 df c4 76 b5 27 71 48 1d e9 ad 1d e5 99 56>,
     macKeyVal: <Buffer a4 26 a4 85 14 fe 81 ed 97 65 1b 81 c2 5f 6d 1a f6 56 8f 39 ce 79 a8 54 10 96 09 5b 9c fe 60 3c>,
     absValidity: 2018-08-28T04:30:50.901Z,
     relValidity: 7200000 },
  sessionCryptoSpec: { cipher: 'AES-128-CBC', mac: 'SHA256' },
  sessionProtocol: 'TCP',
  handshakeTimeout: 50000 }
chosen nonce: <Buffer 4c 03 02 65 d6 c7 f6 d4>
switching to HANDSHAKE_1_SENT
disconnected from auth
received session key handshake2!
client ret: [object Object]
server authenticated/authorized by solving nonce!
Handler: communication initialization succeeded
file data length: 1024
sending at Mon Aug 27 2018 04:30:52 GMT+0000 (UTC)
switching to IN_COMM
received secure communication message!
Received seqNum: 0
Handler: data received from server via secure communication
data1
Resp-actual/expected/ratio/ts: 1 1 1 1535344252496
Distribution protocol: TCP
Resp-actual/expected/ratio/ts: 1 2 0.5 1535344310817
connected to auth! from local port 55034
received auth hello!
{ authId: 503, nonce: <Buffer 34 2d 40 f7 d7 d7 d6 a1> }
received session key response encrypted with distribution key
replyNonce in sessionKeyResp: <Buffer fd de b3 ab b6 ed 15 ec>
auth nonce verified
handleSessionKeyResp: session key request succeeded! authFailureCount: 0
received 1 keys
currentSessionKey: [object Object]
Status: Secure connection closed before starting a new connection.
Session protocol: TCP
chosen commSessionKey: 
{ id: 50300175,
  cipherKeyVal: <Buffer 8e c5 da 35 d4 98 55 b9 ac 58 b5 e1 dc 1f 66 25>,
  macKeyVal: <Buffer 20 61 54 3c 9e 22 94 d1 ae e9 6f 11 c3 c7 42 3a f0 9f 7d b2 28 a6 8b 50 56 61 3c 5a ca 3f 92 a5>,
  absValidity: 2018-08-28T04:31:50.951Z,
  relValidity: 7200000 }
options
{ serverHost: '10.0.1.40',
  serverPort: 22100,
  sessionKey: 
   { id: 50300175,
     cipherKeyVal: <Buffer 8e c5 da 35 d4 98 55 b9 ac 58 b5 e1 dc 1f 66 25>,
     macKeyVal: <Buffer 20 61 54 3c 9e 22 94 d1 ae e9 6f 11 c3 c7 42 3a f0 9f 7d b2 28 a6 8b 50 56 61 3c 5a ca 3f 92 a5>,
     absValidity: 2018-08-28T04:31:50.951Z,
     relValidity: 7200000 },
  sessionCryptoSpec: { cipher: 'AES-128-CBC', mac: 'SHA256' },
  sessionProtocol: 'TCP',
  handshakeTimeout: 50000 }
chosen nonce: <Buffer 73 6c 93 f1 00 ac 5d 93>
switching to HANDSHAKE_1_SENT
disconnected from auth
Handler: secure connection with the server closed.
received session key handshake2!
client ret: [object Object]
server authenticated/authorized by solving nonce!
Handler: communication initialization succeeded
file data length: 1024
sending at Mon Aug 27 2018 04:31:52 GMT+0000 (UTC)
switching to IN_COMM
received secure communication message!
Received seqNum: 0
Handler: data received from server via secure communication
data1
Resp-actual/expected/ratio/ts: 2 2 1 1535344312495
Distribution protocol: TCP
Resp-actual/expected/ratio/ts: 2 3 0.6666666666666666 1535344370826
connected to auth! from local port 55304
received auth hello!
{ authId: 503, nonce: <Buffer 22 64 a8 58 26 e1 04 a2> }
received session key response encrypted with distribution key
replyNonce in sessionKeyResp: <Buffer d5 ea 35 c4 2a 63 60 89>
auth nonce verified
handleSessionKeyResp: session key request succeeded! authFailureCount: 0
received 1 keys
currentSessionKey: [object Object]
Status: Secure connection closed before starting a new connection.
Session protocol: TCP
chosen commSessionKey: 
{ id: 50300180,
  cipherKeyVal: <Buffer db a3 9d 31 41 4e 69 74 c6 ae 88 94 f2 f2 c0 15>,
  macKeyVal: <Buffer 12 30 8a 1b 69 9a ce 2f bb 23 d7 9f 97 8d 4a cb 02 74 42 61 03 d4 43 06 80 d0 30 c5 15 7c 17 be>,
  absValidity: 2018-08-28T04:32:50.963Z,
  relValidity: 7200000 }
options
{ serverHost: '10.0.1.40',
  serverPort: 22100,
  sessionKey: 
   { id: 50300180,
     cipherKeyVal: <Buffer db a3 9d 31 41 4e 69 74 c6 ae 88 94 f2 f2 c0 15>,
     macKeyVal: <Buffer 12 30 8a 1b 69 9a ce 2f bb 23 d7 9f 97 8d 4a cb 02 74 42 61 03 d4 43 06 80 d0 30 c5 15 7c 17 be>,
     absValidity: 2018-08-28T04:32:50.963Z,
     relValidity: 7200000 },
  sessionCryptoSpec: { cipher: 'AES-128-CBC', mac: 'SHA256' },
  sessionProtocol: 'TCP',
  handshakeTimeout: 50000 }
chosen nonce: <Buffer dc de c4 15 4f 93 5f 7b>
switching to HANDSHAKE_1_SENT
disconnected from auth
Handler: secure connection with the server closed.
received session key handshake2!
client ret: [object Object]
server authenticated/authorized by solving nonce!
Handler: communication initialization succeeded
file data length: 1024
sending at Mon Aug 27 2018 04:32:52 GMT+0000 (UTC)
switching to IN_COMM
received secure communication message!
Received seqNum: 0
Handler: data received from server via secure communication
data1
Resp-actual/expected/ratio/ts: 3 3 1 1535344372480
Distribution protocol: TCP
Resp-actual/expected/ratio/ts: 3 4 0.75 1535344430884
connected to auth! from local port 55574
received auth hello!
{ authId: 503, nonce: <Buffer fc 8c cf 1a fd 58 de 7c> }
received session key response encrypted with distribution key
replyNonce in sessionKeyResp: <Buffer 9e e1 39 9b b6 79 d4 0a>
auth nonce verified
handleSessionKeyResp: session key request succeeded! authFailureCount: 0
received 1 keys
currentSessionKey: [object Object]
Status: Secure connection closed before starting a new connection.
Session protocol: TCP
chosen commSessionKey: 
{ id: 50300185,
  cipherKeyVal: <Buffer bf 43 27 32 5a 28 7b 01 6f 1a fd e5 39 b2 1e 06>,
  macKeyVal: <Buffer be 32 a0 46 df 1f 93 3a 49 c7 d3 6c 29 84 66 de cb 21 3c 8c b4 d2 5c 78 77 ed 92 f5 c7 43 98 06>,
  absValidity: 2018-08-28T04:33:51.013Z,
  relValidity: 7200000 }
options
{ serverHost: '10.0.1.40',
  serverPort: 22100,
  sessionKey: 
   { id: 50300185,
     cipherKeyVal: <Buffer bf 43 27 32 5a 28 7b 01 6f 1a fd e5 39 b2 1e 06>,
     macKeyVal: <Buffer be 32 a0 46 df 1f 93 3a 49 c7 d3 6c 29 84 66 de cb 21 3c 8c b4 d2 5c 78 77 ed 92 f5 c7 43 98 06>,
     absValidity: 2018-08-28T04:33:51.013Z,
     relValidity: 7200000 },
  sessionCryptoSpec: { cipher: 'AES-128-CBC', mac: 'SHA256' },
  sessionProtocol: 'TCP',
  handshakeTimeout: 50000 }
chosen nonce: <Buffer 52 ed bf 9d ab a1 56 db>
switching to HANDSHAKE_1_SENT
disconnected from auth
Handler: secure connection with the server closed.
received session key handshake2!
client ret: [object Object]
server authenticated/authorized by solving nonce!
Handler: communication initialization succeeded
file data length: 1024
sending at Mon Aug 27 2018 04:33:52 GMT+0000 (UTC)
switching to IN_COMM
received secure communication message!
Received seqNum: 0
Handler: data received from server via secure communication
data1
Resp-actual/expected/ratio/ts: 4 4 1 1535344432609
Distribution protocol: TCP
Resp-actual/expected/ratio/ts: 4 5 0.8 1535344490932
connected to auth! from local port 55844
received auth hello!
{ authId: 503, nonce: <Buffer 8d cb 84 81 c2 5f b4 4f> }
received session key response encrypted with distribution key
replyNonce in sessionKeyResp: <Buffer 85 e6 6c 54 f5 0a c5 1d>
auth nonce verified
handleSessionKeyResp: session key request succeeded! authFailureCount: 0
received 1 keys
currentSessionKey: [object Object]
Status: Secure connection closed before starting a new connection.
Session protocol: TCP
chosen commSessionKey: 
{ id: 50300190,
  cipherKeyVal: <Buffer bc bf 6c c7 08 a4 0b de e6 22 f4 37 ad 16 b4 0d>,
  macKeyVal: <Buffer c2 0d 25 95 26 16 c8 d7 ea 6c c5 59 a4 0c 41 e9 5a b8 6a f7 18 bf ea 91 58 11 56 b6 e8 6c 7f 89>,
  absValidity: 2018-08-28T04:34:51.070Z,
  relValidity: 7200000 }
options
{ serverHost: '10.0.1.40',
  serverPort: 22100,
  sessionKey: 
   { id: 50300190,
     cipherKeyVal: <Buffer bc bf 6c c7 08 a4 0b de e6 22 f4 37 ad 16 b4 0d>,
     macKeyVal: <Buffer c2 0d 25 95 26 16 c8 d7 ea 6c c5 59 a4 0c 41 e9 5a b8 6a f7 18 bf ea 91 58 11 56 b6 e8 6c 7f 89>,
     absValidity: 2018-08-28T04:34:51.070Z,
     relValidity: 7200000 },
  sessionCryptoSpec: { cipher: 'AES-128-CBC', mac: 'SHA256' },
  sessionProtocol: 'TCP',
  handshakeTimeout: 50000 }
chosen nonce: <Buffer ca cf 1c 3a b2 ed 1f 03>
switching to HANDSHAKE_1_SENT
disconnected from auth
Handler: secure connection with the server closed.
received session key handshake2!
client ret: [object Object]
server authenticated/authorized by solving nonce!
Handler: communication initialization succeeded
file data length: 1024
sending at Mon Aug 27 2018 04:34:52 GMT+0000 (UTC)
switching to IN_COMM
received secure communication message!
Received seqNum: 0
Handler: data received from server via secure communication
data1
Resp-actual/expected/ratio/ts: 5 5 1 1535344492752
Distribution protocol: TCP
Resp-actual/expected/ratio/ts: 5 6 0.8333333333333334 1535344550969
connected to auth! from local port 56114
received auth hello!
{ authId: 503, nonce: <Buffer 79 2e 96 1d 2b 04 d9 ff> }
received session key response encrypted with distribution key
replyNonce in sessionKeyResp: <Buffer 32 6d 35 3b 36 d7 00 ad>
auth nonce verified
handleSessionKeyResp: session key request succeeded! authFailureCount: 0
received 1 keys
currentSessionKey: [object Object]
Status: Secure connection closed before starting a new connection.
Session protocol: TCP
chosen commSessionKey: 
{ id: 50300195,
  cipherKeyVal: <Buffer 23 03 fa 4e 27 d4 25 f4 0b 58 ef 27 24 4b bf c8>,
  macKeyVal: <Buffer c6 7f bf 0a 7e ba 54 ee 63 cf 52 19 ed bb 28 e2 58 da 99 45 a8 b5 1f 5a dd 2a 42 8b ae ea 1c d9>,
  absValidity: 2018-08-28T04:35:51.111Z,
  relValidity: 7200000 }
options
{ serverHost: '10.0.1.40',
  serverPort: 22100,
  sessionKey: 
   { id: 50300195,
     cipherKeyVal: <Buffer 23 03 fa 4e 27 d4 25 f4 0b 58 ef 27 24 4b bf c8>,
     macKeyVal: <Buffer c6 7f bf 0a 7e ba 54 ee 63 cf 52 19 ed bb 28 e2 58 da 99 45 a8 b5 1f 5a dd 2a 42 8b ae ea 1c d9>,
     absValidity: 2018-08-28T04:35:51.111Z,
     relValidity: 7200000 },
  sessionCryptoSpec: { cipher: 'AES-128-CBC', mac: 'SHA256' },
  sessionProtocol: 'TCP',
  handshakeTimeout: 50000 }
chosen nonce: <Buffer 54 72 80 07 92 2d 6b d9>
switching to HANDSHAKE_1_SENT
disconnected from auth
Handler: secure connection with the server closed.
received session key handshake2!
client ret: [object Object]
server authenticated/authorized by solving nonce!
Handler: communication initialization succeeded
file data length: 1024
sending at Mon Aug 27 2018 04:35:52 GMT+0000 (UTC)
switching to IN_COMM
received secure communication message!
Received seqNum: 0
Handler: data received from server via secure communication
data1
Resp-actual/expected/ratio/ts: 6 6 1 1535344552714
Distribution protocol: TCP
Resp-actual/expected/ratio/ts: 6 7 0.8571428571428571 1535344610970
connected to auth! from local port 56364
received auth hello!
{ authId: 503, nonce: <Buffer 9c 2f 17 3e 07 80 d1 b5> }
received session key response encrypted with distribution key
replyNonce in sessionKeyResp: <Buffer c8 15 1e 20 cf c7 aa 73>
auth nonce verified
handleSessionKeyResp: session key request succeeded! authFailureCount: 0
received 1 keys
currentSessionKey: [object Object]
Status: Secure connection closed before starting a new connection.
Session protocol: TCP
chosen commSessionKey: 
{ id: 50300200,
  cipherKeyVal: <Buffer c9 6d bf e0 44 d2 0b 21 c6 3b 70 80 76 ad a5 a2>,
  macKeyVal: <Buffer cc f0 f4 69 e6 6d bd db 42 55 4e fc 1b df 2e 6e be e0 09 7b 7e 3f 2d c4 4c 4e 58 be af 0f f2 d0>,
  absValidity: 2018-08-28T04:36:51.147Z,
  relValidity: 7200000 }
options
{ serverHost: '10.0.1.40',
  serverPort: 22100,
  sessionKey: 
   { id: 50300200,
     cipherKeyVal: <Buffer c9 6d bf e0 44 d2 0b 21 c6 3b 70 80 76 ad a5 a2>,
     macKeyVal: <Buffer cc f0 f4 69 e6 6d bd db 42 55 4e fc 1b df 2e 6e be e0 09 7b 7e 3f 2d c4 4c 4e 58 be af 0f f2 d0>,
     absValidity: 2018-08-28T04:36:51.147Z,
     relValidity: 7200000 },
  sessionCryptoSpec: { cipher: 'AES-128-CBC', mac: 'SHA256' },
  sessionProtocol: 'TCP',
  handshakeTimeout: 50000 }
chosen nonce: <Buffer 94 a8 4f 01 ac 6f 56 00>
switching to HANDSHAKE_1_SENT
disconnected from auth
Handler: secure connection with the server closed.
received session key handshake2!
client ret: [object Object]
server authenticated/authorized by solving nonce!
Handler: communication initialization succeeded
file data length: 1024
sending at Mon Aug 27 2018 04:36:52 GMT+0000 (UTC)
switching to IN_COMM
received secure communication message!
Received seqNum: 0
Handler: data received from server via secure communication
data1
Resp-actual/expected/ratio/ts: 7 7 1 1535344612621
Distribution protocol: TCP
Resp-actual/expected/ratio/ts: 7 8 0.875 1535344671028
connected to auth! from local port 56556
received auth hello!
{ authId: 503, nonce: <Buffer 48 67 41 f6 a6 8b b1 33> }
received session key response encrypted with distribution key
replyNonce in sessionKeyResp: <Buffer b8 68 4b 19 0a 7a ed cc>
auth nonce verified
handleSessionKeyResp: session key request succeeded! authFailureCount: 0
received 1 keys
currentSessionKey: [object Object]
Status: Secure connection closed before starting a new connection.
Session protocol: TCP
chosen commSessionKey: 
{ id: 50300205,
  cipherKeyVal: <Buffer 2f 89 46 e6 70 22 70 4a 76 fd 63 8a a3 7a 71 fa>,
  macKeyVal: <Buffer 24 f3 9f 6b e5 c3 aa c2 09 cc 61 e7 ff 5b b3 94 5c 3e 76 cc ab ee 8c 50 eb cc 9a 03 ed 7f 1f 96>,
  absValidity: 2018-08-28T04:37:51.195Z,
  relValidity: 7200000 }
options
{ serverHost: '10.0.1.40',
  serverPort: 22100,
  sessionKey: 
   { id: 50300205,
     cipherKeyVal: <Buffer 2f 89 46 e6 70 22 70 4a 76 fd 63 8a a3 7a 71 fa>,
     macKeyVal: <Buffer 24 f3 9f 6b e5 c3 aa c2 09 cc 61 e7 ff 5b b3 94 5c 3e 76 cc ab ee 8c 50 eb cc 9a 03 ed 7f 1f 96>,
     absValidity: 2018-08-28T04:37:51.195Z,
     relValidity: 7200000 },
  sessionCryptoSpec: { cipher: 'AES-128-CBC', mac: 'SHA256' },
  sessionProtocol: 'TCP',
  handshakeTimeout: 50000 }
chosen nonce: <Buffer 10 53 06 14 f3 33 7c 8c>
switching to HANDSHAKE_1_SENT
disconnected from auth
Handler: secure connection with the server closed.
received session key handshake2!
client ret: [object Object]
server authenticated/authorized by solving nonce!
Handler: communication initialization succeeded
file data length: 1024
sending at Mon Aug 27 2018 04:37:52 GMT+0000 (UTC)
switching to IN_COMM
received secure communication message!
Received seqNum: 0
Handler: data received from server via secure communication
data1
Resp-actual/expected/ratio/ts: 8 8 1 1535344672590
Distribution protocol: TCP
Resp-actual/expected/ratio/ts: 8 9 0.8888888888888888 1535344731067
connected to auth! from local port 56782
received auth hello!
{ authId: 503, nonce: <Buffer d3 21 dd e1 e6 2c 36 ee> }
received session key response encrypted with distribution key
replyNonce in sessionKeyResp: <Buffer 20 0e 2c 48 fc 07 cd 61>
auth nonce verified
handleSessionKeyResp: session key request succeeded! authFailureCount: 0
received 1 keys
currentSessionKey: [object Object]
Status: Secure connection closed before starting a new connection.
Session protocol: TCP
chosen commSessionKey: 
{ id: 50300210,
  cipherKeyVal: <Buffer c5 08 4c 72 52 f7 12 62 cb b1 30 5a 6c 51 35 47>,
  macKeyVal: <Buffer 20 7b cf d6 fb d9 28 59 d1 83 fd e1 24 6e b9 5c 98 4f 70 e7 19 97 1c da 7e 53 ac e6 8a f6 eb 49>,
  absValidity: 2018-08-28T04:38:51.283Z,
  relValidity: 7200000 }
options
{ serverHost: '10.0.1.40',
  serverPort: 22100,
  sessionKey: 
   { id: 50300210,
     cipherKeyVal: <Buffer c5 08 4c 72 52 f7 12 62 cb b1 30 5a 6c 51 35 47>,
     macKeyVal: <Buffer 20 7b cf d6 fb d9 28 59 d1 83 fd e1 24 6e b9 5c 98 4f 70 e7 19 97 1c da 7e 53 ac e6 8a f6 eb 49>,
     absValidity: 2018-08-28T04:38:51.283Z,
     relValidity: 7200000 },
  sessionCryptoSpec: { cipher: 'AES-128-CBC', mac: 'SHA256' },
  sessionProtocol: 'TCP',
  handshakeTimeout: 50000 }
chosen nonce: <Buffer f1 0e 18 9f 65 e3 71 a0>
switching to HANDSHAKE_1_SENT
disconnected from auth
Handler: secure connection with the server closed.
received session key handshake2!
client ret: [object Object]
server authenticated/authorized by solving nonce!
Handler: communication initialization succeeded
file data length: 1024
sending at Mon Aug 27 2018 04:38:52 GMT+0000 (UTC)
switching to IN_COMM
received secure communication message!
Received seqNum: 0
Handler: data received from server via secure communication
data1
Resp-actual/expected/ratio/ts: 9 9 1 1535344732579
Distribution protocol: TCP
Resp-actual/expected/ratio/ts: 9 10 0.9 1535344791124
connected to auth! from local port 57018
received auth hello!
{ authId: 503, nonce: <Buffer 42 9e c7 27 95 0b 6a 03> }
received session key response encrypted with distribution key
replyNonce in sessionKeyResp: <Buffer 49 83 b4 54 28 2c 8f 5c>
auth nonce verified
handleSessionKeyResp: session key request succeeded! authFailureCount: 0
received 1 keys
currentSessionKey: [object Object]
Status: Secure connection closed before starting a new connection.
Session protocol: TCP
chosen commSessionKey: 
{ id: 50300215,
  cipherKeyVal: <Buffer 4f 5c 26 8a ac f6 30 da f1 72 64 2a f1 cf f7 9c>,
  macKeyVal: <Buffer ff 81 86 b8 0a c4 67 e5 dd e6 62 d5 9c 52 23 23 4a 43 62 6f 94 5b 40 0c 9c ab 52 d4 5b a9 59 d9>,
  absValidity: 2018-08-28T04:39:51.244Z,
  relValidity: 7200000 }
options
{ serverHost: '10.0.1.40',
  serverPort: 22100,
  sessionKey: 
   { id: 50300215,
     cipherKeyVal: <Buffer 4f 5c 26 8a ac f6 30 da f1 72 64 2a f1 cf f7 9c>,
     macKeyVal: <Buffer ff 81 86 b8 0a c4 67 e5 dd e6 62 d5 9c 52 23 23 4a 43 62 6f 94 5b 40 0c 9c ab 52 d4 5b a9 59 d9>,
     absValidity: 2018-08-28T04:39:51.244Z,
     relValidity: 7200000 },
  sessionCryptoSpec: { cipher: 'AES-128-CBC', mac: 'SHA256' },
  sessionProtocol: 'TCP',
  handshakeTimeout: 50000 }
chosen nonce: <Buffer eb c8 63 1f 0f eb 47 a4>
switching to HANDSHAKE_1_SENT
disconnected from auth
Handler: secure connection with the server closed.
received session key handshake2!
client ret: [object Object]
server authenticated/authorized by solving nonce!
Handler: communication initialization succeeded
file data length: 1024
sending at Mon Aug 27 2018 04:39:52 GMT+0000 (UTC)
switching to IN_COMM
received secure communication message!
Received seqNum: 0
Handler: data received from server via secure communication
data1
Resp-actual/expected/ratio/ts: 10 10 1 1535344792646
Distribution protocol: TCP
Resp-actual/expected/ratio/ts: 10 11 0.9090909090909091 1535344851180
connected to auth! from local port 57256
received auth hello!
{ authId: 503, nonce: <Buffer e7 19 53 e2 5f 0b 48 51> }
received session key response encrypted with distribution key
replyNonce in sessionKeyResp: <Buffer 27 38 f0 e8 53 d1 92 9e>
auth nonce verified
handleSessionKeyResp: session key request succeeded! authFailureCount: 0
received 1 keys
currentSessionKey: [object Object]
Status: Secure connection closed before starting a new connection.
Session protocol: TCP
chosen commSessionKey: 
{ id: 50300220,
  cipherKeyVal: <Buffer 06 20 82 2a da 90 ca a2 1e 97 e1 e8 bf d6 1b 9d>,
  macKeyVal: <Buffer 2d 74 ad 11 56 79 60 c0 1a 9f eb 37 b8 ae 8a 09 a9 6f 24 0e 25 cc cc 0d 11 7b 5d c7 9b b7 6a 5b>,
  absValidity: 2018-08-28T04:40:51.467Z,
  relValidity: 7200000 }
options
{ serverHost: '10.0.1.40',
  serverPort: 22100,
  sessionKey: 
   { id: 50300220,
     cipherKeyVal: <Buffer 06 20 82 2a da 90 ca a2 1e 97 e1 e8 bf d6 1b 9d>,
     macKeyVal: <Buffer 2d 74 ad 11 56 79 60 c0 1a 9f eb 37 b8 ae 8a 09 a9 6f 24 0e 25 cc cc 0d 11 7b 5d c7 9b b7 6a 5b>,
     absValidity: 2018-08-28T04:40:51.467Z,
     relValidity: 7200000 },
  sessionCryptoSpec: { cipher: 'AES-128-CBC', mac: 'SHA256' },
  sessionProtocol: 'TCP',
  handshakeTimeout: 50000 }
chosen nonce: <Buffer f2 14 99 c0 c7 37 e8 29>
switching to HANDSHAKE_1_SENT
disconnected from auth
Handler: secure connection with the server closed.
received session key handshake2!
client ret: [object Object]
server authenticated/authorized by solving nonce!
Handler: communication initialization succeeded
file data length: 1024
sending at Mon Aug 27 2018 04:40:52 GMT+0000 (UTC)
switching to IN_COMM
received secure communication message!
Received seqNum: 0
Handler: data received from server via secure communication
data1
Resp-actual/expected/ratio/ts: 11 11 1 1535344852792
Distribution protocol: TCP
Resp-actual/expected/ratio/ts: 11 12 0.9166666666666666 1535344911198
connected to auth! from local port 57502
received auth hello!
{ authId: 503, nonce: <Buffer 50 38 27 d8 46 e3 f7 97> }
received session key response encrypted with distribution key
replyNonce in sessionKeyResp: <Buffer a0 42 50 6d 7e 3e 7f c1>
auth nonce verified
handleSessionKeyResp: session key request succeeded! authFailureCount: 0
received 1 keys
currentSessionKey: [object Object]
Status: Secure connection closed before starting a new connection.
Session protocol: TCP
chosen commSessionKey: 
{ id: 50300225,
  cipherKeyVal: <Buffer ca 42 39 f9 5b 2c 0c 3e 7c 9c 19 4c 7e 23 4f 19>,
  macKeyVal: <Buffer 73 0c 08 7c 4f c7 a1 ac 52 2f bd d2 80 59 c1 e2 c2 97 e6 b1 14 e8 43 18 03 22 f9 6b 98 73 9a 3c>,
  absValidity: 2018-08-28T04:41:51.364Z,
  relValidity: 7200000 }
options
{ serverHost: '10.0.1.40',
  serverPort: 22100,
  sessionKey: 
   { id: 50300225,
     cipherKeyVal: <Buffer ca 42 39 f9 5b 2c 0c 3e 7c 9c 19 4c 7e 23 4f 19>,
     macKeyVal: <Buffer 73 0c 08 7c 4f c7 a1 ac 52 2f bd d2 80 59 c1 e2 c2 97 e6 b1 14 e8 43 18 03 22 f9 6b 98 73 9a 3c>,
     absValidity: 2018-08-28T04:41:51.364Z,
     relValidity: 7200000 },
  sessionCryptoSpec: { cipher: 'AES-128-CBC', mac: 'SHA256' },
  sessionProtocol: 'TCP',
  handshakeTimeout: 50000 }
chosen nonce: <Buffer fd d4 06 0e e7 23 5c ec>
switching to HANDSHAKE_1_SENT
disconnected from auth
Handler: secure connection with the server closed.
received session key handshake2!
client ret: [object Object]
server authenticated/authorized by solving nonce!
Handler: communication initialization succeeded
file data length: 1024
sending at Mon Aug 27 2018 04:41:52 GMT+0000 (UTC)
switching to IN_COMM
received secure communication message!
Received seqNum: 0
Handler: data received from server via secure communication
data1
Resp-actual/expected/ratio/ts: 12 12 1 1535344912725
Distribution protocol: TCP
Resp-actual/expected/ratio/ts: 12 13 0.9230769230769231 1535344971256
connected to auth! from local port 57760
received auth hello!
{ authId: 503, nonce: <Buffer 8e f3 06 5b 4e cc 14 db> }
received session key response encrypted with distribution key
replyNonce in sessionKeyResp: <Buffer c0 38 be f4 c4 ce 0b 26>
auth nonce verified
handleSessionKeyResp: session key request succeeded! authFailureCount: 0
received 1 keys
currentSessionKey: [object Object]
Status: Secure connection closed before starting a new connection.
Session protocol: TCP
chosen commSessionKey: 
{ id: 50300230,
  cipherKeyVal: <Buffer 9f c6 7b 38 f0 eb a7 7b b4 d7 0a d3 5f 4c 19 64>,
  macKeyVal: <Buffer 20 ff 9c f9 3d 10 3a cb af 71 5a e8 2d de bc 8b 27 6c 55 43 43 ba ea c7 73 51 38 5f a5 d1 c6 94>,
  absValidity: 2018-08-28T04:42:51.437Z,
  relValidity: 7200000 }
options
{ serverHost: '10.0.1.40',
  serverPort: 22100,
  sessionKey: 
   { id: 50300230,
     cipherKeyVal: <Buffer 9f c6 7b 38 f0 eb a7 7b b4 d7 0a d3 5f 4c 19 64>,
     macKeyVal: <Buffer 20 ff 9c f9 3d 10 3a cb af 71 5a e8 2d de bc 8b 27 6c 55 43 43 ba ea c7 73 51 38 5f a5 d1 c6 94>,
     absValidity: 2018-08-28T04:42:51.437Z,
     relValidity: 7200000 },
  sessionCryptoSpec: { cipher: 'AES-128-CBC', mac: 'SHA256' },
  sessionProtocol: 'TCP',
  handshakeTimeout: 50000 }
chosen nonce: <Buffer c4 fe fe d3 a2 98 9d 53>
switching to HANDSHAKE_1_SENT
disconnected from auth
Handler: secure connection with the server closed.
received session key handshake2!
client ret: [object Object]
server authenticated/authorized by solving nonce!
Handler: communication initialization succeeded
file data length: 1024
sending at Mon Aug 27 2018 04:42:52 GMT+0000 (UTC)
switching to IN_COMM
received secure communication message!
Received seqNum: 0
Handler: data received from server via secure communication
data1
Resp-actual/expected/ratio/ts: 13 13 1 1535344973136
Distribution protocol: TCP
Resp-actual/expected/ratio/ts: 13 14 0.9285714285714286 1535345031294
connected to auth! from local port 58012
received auth hello!
{ authId: 503, nonce: <Buffer 80 1c 55 25 f7 93 30 ce> }
received session key response encrypted with distribution key
replyNonce in sessionKeyResp: <Buffer dd b2 e3 a7 14 0e 1a b6>
auth nonce verified
handleSessionKeyResp: session key request succeeded! authFailureCount: 0
received 1 keys
currentSessionKey: [object Object]
Status: Secure connection closed before starting a new connection.
Session protocol: TCP
chosen commSessionKey: 
{ id: 50300235,
  cipherKeyVal: <Buffer 04 9c 15 dc e2 90 5d 03 b0 e3 1d b5 00 d5 03 13>,
  macKeyVal: <Buffer fa 52 66 99 72 8d 90 13 92 93 c7 ea 5b 95 34 f2 6f cb a7 5c a7 4d 98 cb 7a 5d ff 72 65 fe 73 f2>,
  absValidity: 2018-08-28T04:43:51.440Z,
  relValidity: 7200000 }
options
{ serverHost: '10.0.1.40',
  serverPort: 22100,
  sessionKey: 
   { id: 50300235,
     cipherKeyVal: <Buffer 04 9c 15 dc e2 90 5d 03 b0 e3 1d b5 00 d5 03 13>,
     macKeyVal: <Buffer fa 52 66 99 72 8d 90 13 92 93 c7 ea 5b 95 34 f2 6f cb a7 5c a7 4d 98 cb 7a 5d ff 72 65 fe 73 f2>,
     absValidity: 2018-08-28T04:43:51.440Z,
     relValidity: 7200000 },
  sessionCryptoSpec: { cipher: 'AES-128-CBC', mac: 'SHA256' },
  sessionProtocol: 'TCP',
  handshakeTimeout: 50000 }
chosen nonce: <Buffer e3 ba 29 e5 b5 aa be 0b>
switching to HANDSHAKE_1_SENT
disconnected from auth
Handler: secure connection with the server closed.
received session key handshake2!
client ret: [object Object]
server authenticated/authorized by solving nonce!
Handler: communication initialization succeeded
file data length: 1024
sending at Mon Aug 27 2018 04:43:52 GMT+0000 (UTC)
switching to IN_COMM
received secure communication message!
Received seqNum: 0
Handler: data received from server via secure communication
data1
Resp-actual/expected/ratio/ts: 14 14 1 1535345032832
Distribution protocol: TCP
Resp-actual/expected/ratio/ts: 14 15 0.9333333333333333 1535345091352
connected to auth! from local port 58276
received auth hello!
{ authId: 503, nonce: <Buffer ad b5 99 7a c4 c4 e5 55> }
received session key response encrypted with distribution key
replyNonce in sessionKeyResp: <Buffer 76 43 d6 7f 8a 73 fa e7>
auth nonce verified
handleSessionKeyResp: session key request succeeded! authFailureCount: 0
received 1 keys
currentSessionKey: [object Object]
Status: Secure connection closed before starting a new connection.
Session protocol: TCP
chosen commSessionKey: 
{ id: 50300240,
  cipherKeyVal: <Buffer 25 dd 58 c2 d1 0b f9 c1 e7 35 3b 8f bb 56 d0 ba>,
  macKeyVal: <Buffer 55 cf c3 35 28 ca c6 33 b8 3e 4e 12 89 08 11 8d 18 56 d0 18 f2 d2 9c 25 31 d1 28 ef 6e f3 7f c4>,
  absValidity: 2018-08-28T04:44:51.657Z,
  relValidity: 7200000 }
options
{ serverHost: '10.0.1.40',
  serverPort: 22100,
  sessionKey: 
   { id: 50300240,
     cipherKeyVal: <Buffer 25 dd 58 c2 d1 0b f9 c1 e7 35 3b 8f bb 56 d0 ba>,
     macKeyVal: <Buffer 55 cf c3 35 28 ca c6 33 b8 3e 4e 12 89 08 11 8d 18 56 d0 18 f2 d2 9c 25 31 d1 28 ef 6e f3 7f c4>,
     absValidity: 2018-08-28T04:44:51.657Z,
     relValidity: 7200000 },
  sessionCryptoSpec: { cipher: 'AES-128-CBC', mac: 'SHA256' },
  sessionProtocol: 'TCP',
  handshakeTimeout: 50000 }
chosen nonce: <Buffer a3 d0 e1 1c 72 b6 c4 84>
switching to HANDSHAKE_1_SENT
disconnected from auth
Handler: secure connection with the server closed.
received session key handshake2!
client ret: [object Object]
server authenticated/authorized by solving nonce!
Handler: communication initialization succeeded
file data length: 1024
sending at Mon Aug 27 2018 04:44:52 GMT+0000 (UTC)
switching to IN_COMM
received secure communication message!
Received seqNum: 0
Handler: data received from server via secure communication
data1
Resp-actual/expected/ratio/ts: 15 15 1 1535345093003
Distribution protocol: TCP
Resp-actual/expected/ratio/ts: 15 16 0.9375 1535345151381
connected to auth! from local port 58540
received auth hello!
{ authId: 503, nonce: <Buffer b4 e2 25 84 21 54 a2 cb> }
received session key response encrypted with distribution key
replyNonce in sessionKeyResp: <Buffer e0 f0 a2 7d 66 d6 75 e7>
auth nonce verified
handleSessionKeyResp: session key request succeeded! authFailureCount: 0
received 1 keys
currentSessionKey: [object Object]
Status: Secure connection closed before starting a new connection.
Session protocol: TCP
chosen commSessionKey: 
{ id: 50300245,
  cipherKeyVal: <Buffer 22 90 a6 06 3f 0a b6 e5 54 f9 36 ce f5 f6 e6 c7>,
  macKeyVal: <Buffer 1f b4 e7 ea b2 e5 1a 61 09 f3 d0 31 bb 79 0a d7 40 1f 46 ca 8f 43 09 25 f4 bd 61 a1 74 a5 cf 13>,
  absValidity: 2018-08-28T04:45:51.540Z,
  relValidity: 7200000 }
options
{ serverHost: '10.0.1.40',
  serverPort: 22100,
  sessionKey: 
   { id: 50300245,
     cipherKeyVal: <Buffer 22 90 a6 06 3f 0a b6 e5 54 f9 36 ce f5 f6 e6 c7>,
     macKeyVal: <Buffer 1f b4 e7 ea b2 e5 1a 61 09 f3 d0 31 bb 79 0a d7 40 1f 46 ca 8f 43 09 25 f4 bd 61 a1 74 a5 cf 13>,
     absValidity: 2018-08-28T04:45:51.540Z,
     relValidity: 7200000 },
  sessionCryptoSpec: { cipher: 'AES-128-CBC', mac: 'SHA256' },
  sessionProtocol: 'TCP',
  handshakeTimeout: 50000 }
chosen nonce: <Buffer 3c 8e 0a 34 9d 32 6e 2f>
switching to HANDSHAKE_1_SENT
disconnected from auth
Handler: secure connection with the server closed.
received session key handshake2!
client ret: [object Object]
server authenticated/authorized by solving nonce!
Handler: communication initialization succeeded
file data length: 1024
sending at Mon Aug 27 2018 04:45:52 GMT+0000 (UTC)
switching to IN_COMM
received secure communication message!
Received seqNum: 0
Handler: data received from server via secure communication
data1
Resp-actual/expected/ratio/ts: 16 16 1 1535345153593
Distribution protocol: TCP
Resp-actual/expected/ratio/ts: 16 17 0.9411764705882353 1535345211439
connected to auth! from local port 58780
received auth hello!
{ authId: 503, nonce: <Buffer 78 95 62 a0 c2 00 d8 45> }
received session key response encrypted with distribution key
replyNonce in sessionKeyResp: <Buffer 12 0e f6 7e 9a 96 9c 10>
auth nonce verified
handleSessionKeyResp: session key request succeeded! authFailureCount: 0
received 1 keys
currentSessionKey: [object Object]
Status: Secure connection closed before starting a new connection.
Session protocol: TCP
chosen commSessionKey: 
{ id: 50300250,
  cipherKeyVal: <Buffer 28 53 ac 4c 57 b8 d4 15 cf f6 3b e9 f9 a2 56 b8>,
  macKeyVal: <Buffer a5 ae 6e 45 2d c3 eb fd cd 72 25 3a 8a cc 26 e1 1f 0e e7 26 6a b6 1b 23 96 f8 ab 15 4c 15 d8 17>,
  absValidity: 2018-08-28T04:46:51.673Z,
  relValidity: 7200000 }
options
{ serverHost: '10.0.1.40',
  serverPort: 22100,
  sessionKey: 
   { id: 50300250,
     cipherKeyVal: <Buffer 28 53 ac 4c 57 b8 d4 15 cf f6 3b e9 f9 a2 56 b8>,
     macKeyVal: <Buffer a5 ae 6e 45 2d c3 eb fd cd 72 25 3a 8a cc 26 e1 1f 0e e7 26 6a b6 1b 23 96 f8 ab 15 4c 15 d8 17>,
     absValidity: 2018-08-28T04:46:51.673Z,
     relValidity: 7200000 },
  sessionCryptoSpec: { cipher: 'AES-128-CBC', mac: 'SHA256' },
  sessionProtocol: 'TCP',
  handshakeTimeout: 50000 }
chosen nonce: <Buffer b2 4d 98 65 e9 91 05 72>
switching to HANDSHAKE_1_SENT
disconnected from auth
Handler: secure connection with the server closed.
received session key handshake2!
client ret: [object Object]
server authenticated/authorized by solving nonce!
Handler: communication initialization succeeded
file data length: 1024
sending at Mon Aug 27 2018 04:46:52 GMT+0000 (UTC)
switching to IN_COMM
received secure communication message!
Received seqNum: 0
Handler: data received from server via secure communication
data1
Resp-actual/expected/ratio/ts: 17 17 1 1535345213126
Distribution protocol: TCP
Resp-actual/expected/ratio/ts: 17 18 0.9444444444444444 1535345271497
connected to auth! from local port 58996
received auth hello!
{ authId: 503, nonce: <Buffer 96 76 e4 40 66 03 1e 6e> }
received session key response encrypted with distribution key
replyNonce in sessionKeyResp: <Buffer 3e 3a 02 ff e5 96 ac f4>
auth nonce verified
handleSessionKeyResp: session key request succeeded! authFailureCount: 0
received 1 keys
currentSessionKey: [object Object]
Status: Secure connection closed before starting a new connection.
Session protocol: TCP
chosen commSessionKey: 
{ id: 50300255,
  cipherKeyVal: <Buffer 9f 96 8c 15 c0 6b dd 87 65 f3 82 fd 20 92 cb e0>,
  macKeyVal: <Buffer 0c e8 0b 0d a7 68 a1 6b 2d 3c dd 66 80 89 47 38 72 85 d6 85 d8 44 40 7a 4a bf 8e 57 a3 11 15 58>,
  absValidity: 2018-08-28T04:47:51.675Z,
  relValidity: 7200000 }
options
{ serverHost: '10.0.1.40',
  serverPort: 22100,
  sessionKey: 
   { id: 50300255,
     cipherKeyVal: <Buffer 9f 96 8c 15 c0 6b dd 87 65 f3 82 fd 20 92 cb e0>,
     macKeyVal: <Buffer 0c e8 0b 0d a7 68 a1 6b 2d 3c dd 66 80 89 47 38 72 85 d6 85 d8 44 40 7a 4a bf 8e 57 a3 11 15 58>,
     absValidity: 2018-08-28T04:47:51.675Z,
     relValidity: 7200000 },
  sessionCryptoSpec: { cipher: 'AES-128-CBC', mac: 'SHA256' },
  sessionProtocol: 'TCP',
  handshakeTimeout: 50000 }
chosen nonce: <Buffer fb 67 e4 0d b7 5e 33 70>
switching to HANDSHAKE_1_SENT
disconnected from auth
Handler: secure connection with the server closed.
received session key handshake2!
client ret: [object Object]
server authenticated/authorized by solving nonce!
Handler: communication initialization succeeded
file data length: 1024
sending at Mon Aug 27 2018 04:47:52 GMT+0000 (UTC)
switching to IN_COMM
received secure communication message!
Received seqNum: 0
Handler: data received from server via secure communication
data1
Resp-actual/expected/ratio/ts: 18 18 1 1535345273036
Distribution protocol: TCP
Resp-actual/expected/ratio/ts: 18 19 0.9473684210526315 1535345331555
connected to auth! from local port 59200
received auth hello!
{ authId: 503, nonce: <Buffer 16 e4 ad 1e 37 68 ca e6> }
received session key response encrypted with distribution key
replyNonce in sessionKeyResp: <Buffer a9 cb a5 4c 91 98 22 64>
auth nonce verified
handleSessionKeyResp: session key request succeeded! authFailureCount: 0
received 1 keys
currentSessionKey: [object Object]
Status: Secure connection closed before starting a new connection.
Session protocol: TCP
chosen commSessionKey: 
{ id: 50300260,
  cipherKeyVal: <Buffer 64 03 90 ef 0f 68 b4 dc 9f bc aa b5 25 af de ea>,
  macKeyVal: <Buffer 8c 46 45 34 81 c6 55 76 b8 af b8 47 e5 29 00 15 5c 32 bb f2 d6 06 da f4 98 90 73 f4 71 1c b5 2b>,
  absValidity: 2018-08-28T04:48:51.805Z,
  relValidity: 7200000 }
options
{ serverHost: '10.0.1.40',
  serverPort: 22100,
  sessionKey: 
   { id: 50300260,
     cipherKeyVal: <Buffer 64 03 90 ef 0f 68 b4 dc 9f bc aa b5 25 af de ea>,
     macKeyVal: <Buffer 8c 46 45 34 81 c6 55 76 b8 af b8 47 e5 29 00 15 5c 32 bb f2 d6 06 da f4 98 90 73 f4 71 1c b5 2b>,
     absValidity: 2018-08-28T04:48:51.805Z,
     relValidity: 7200000 },
  sessionCryptoSpec: { cipher: 'AES-128-CBC', mac: 'SHA256' },
  sessionProtocol: 'TCP',
  handshakeTimeout: 50000 }
chosen nonce: <Buffer c5 43 20 ed 16 8c d0 f2>
switching to HANDSHAKE_1_SENT
disconnected from auth
Handler: secure connection with the server closed.
received session key handshake2!
client ret: [object Object]
server authenticated/authorized by solving nonce!
Handler: communication initialization succeeded
file data length: 1024
sending at Mon Aug 27 2018 04:48:52 GMT+0000 (UTC)
switching to IN_COMM
received secure communication message!
Received seqNum: 0
Handler: data received from server via secure communication
data1
Resp-actual/expected/ratio/ts: 19 19 1 1535345332991
Distribution protocol: TCP
Resp-actual/expected/ratio/ts: 19 20 0.95 1535345391614
connected to auth! from local port 59404
received auth hello!
{ authId: 503, nonce: <Buffer 90 04 ba b6 3c bb 11 6e> }
received session key response encrypted with distribution key
replyNonce in sessionKeyResp: <Buffer 3f 92 65 41 ab 58 6e 42>
auth nonce verified
handleSessionKeyResp: session key request succeeded! authFailureCount: 0
received 1 keys
currentSessionKey: [object Object]
Status: Secure connection closed before starting a new connection.
Session protocol: TCP
chosen commSessionKey: 
{ id: 50300265,
  cipherKeyVal: <Buffer 85 b2 5a 27 d1 c3 94 1b bd 50 07 15 03 a4 7c 45>,
  macKeyVal: <Buffer 93 9c 04 1a 38 8b 76 73 77 b7 cf 76 7d 29 19 ed 41 63 11 ae f4 4c 98 68 d9 35 7b 6f 26 2b 98 2c>,
  absValidity: 2018-08-28T04:49:51.779Z,
  relValidity: 7200000 }
options
{ serverHost: '10.0.1.40',
  serverPort: 22100,
  sessionKey: 
   { id: 50300265,
     cipherKeyVal: <Buffer 85 b2 5a 27 d1 c3 94 1b bd 50 07 15 03 a4 7c 45>,
     macKeyVal: <Buffer 93 9c 04 1a 38 8b 76 73 77 b7 cf 76 7d 29 19 ed 41 63 11 ae f4 4c 98 68 d9 35 7b 6f 26 2b 98 2c>,
     absValidity: 2018-08-28T04:49:51.779Z,
     relValidity: 7200000 },
  sessionCryptoSpec: { cipher: 'AES-128-CBC', mac: 'SHA256' },
  sessionProtocol: 'TCP',
  handshakeTimeout: 50000 }
chosen nonce: <Buffer b7 74 03 3f e5 ef 1c e0>
switching to HANDSHAKE_1_SENT
disconnected from auth
Handler: secure connection with the server closed.
received session key handshake2!
client ret: [object Object]
server authenticated/authorized by solving nonce!
Handler: communication initialization succeeded
file data length: 1024
sending at Mon Aug 27 2018 04:49:52 GMT+0000 (UTC)
switching to IN_COMM
received secure communication message!
Received seqNum: 0
Handler: data received from server via secure communication
data1
Resp-actual/expected/ratio/ts: 20 20 1 1535345393046
Distribution protocol: TCP
Resp-actual/expected/ratio/ts: 20 21 0.9523809523809523 1535345451672
connected to auth! from local port 59604
received auth hello!
{ authId: 503, nonce: <Buffer 22 ef 85 0e 10 e3 4d 1e> }
received session key response encrypted with distribution key
replyNonce in sessionKeyResp: <Buffer 42 64 cb 98 39 09 99 9c>
auth nonce verified
handleSessionKeyResp: session key request succeeded! authFailureCount: 0
received 1 keys
currentSessionKey: [object Object]
Status: Secure connection closed before starting a new connection.
Session protocol: TCP
chosen commSessionKey: 
{ id: 50300270,
  cipherKeyVal: <Buffer 31 a4 80 b9 a6 d8 57 7f 70 42 2b 90 b2 b4 54 ed>,
  macKeyVal: <Buffer 39 7a a3 d4 46 6b 14 a4 d3 4c 7b 4a df 9b 22 36 42 7f f1 f1 be 57 8d a9 c1 1c 3b c8 f2 cf 4a c8>,
  absValidity: 2018-08-28T04:50:51.853Z,
  relValidity: 7200000 }
options
{ serverHost: '10.0.1.40',
  serverPort: 22100,
  sessionKey: 
   { id: 50300270,
     cipherKeyVal: <Buffer 31 a4 80 b9 a6 d8 57 7f 70 42 2b 90 b2 b4 54 ed>,
     macKeyVal: <Buffer 39 7a a3 d4 46 6b 14 a4 d3 4c 7b 4a df 9b 22 36 42 7f f1 f1 be 57 8d a9 c1 1c 3b c8 f2 cf 4a c8>,
     absValidity: 2018-08-28T04:50:51.853Z,
     relValidity: 7200000 },
  sessionCryptoSpec: { cipher: 'AES-128-CBC', mac: 'SHA256' },
  sessionProtocol: 'TCP',
  handshakeTimeout: 50000 }
chosen nonce: <Buffer bc e6 8e 35 df 86 06 c5>
switching to HANDSHAKE_1_SENT
disconnected from auth
Handler: secure connection with the server closed.
received session key handshake2!
client ret: [object Object]
server authenticated/authorized by solving nonce!
Handler: communication initialization succeeded
file data length: 1024
sending at Mon Aug 27 2018 04:50:52 GMT+0000 (UTC)
switching to IN_COMM
received secure communication message!
Received seqNum: 0
Handler: data received from server via secure communication
data1
Resp-actual/expected/ratio/ts: 21 21 1 1535345453206
Distribution protocol: TCP
Resp-actual/expected/ratio/ts: 21 22 0.9545454545454546 1535345511701
connected to auth! from local port 59804
received auth hello!
{ authId: 503, nonce: <Buffer a9 14 d1 96 01 38 a5 b7> }
received session key response encrypted with distribution key
replyNonce in sessionKeyResp: <Buffer ef 8f 87 79 fa 07 da 71>
auth nonce verified
handleSessionKeyResp: session key request succeeded! authFailureCount: 0
received 1 keys
currentSessionKey: [object Object]
Status: Secure connection closed before starting a new connection.
Session protocol: TCP
chosen commSessionKey: 
{ id: 50300275,
  cipherKeyVal: <Buffer fd 51 4a ca 33 af 61 47 74 fb ff b0 51 69 96 90>,
  macKeyVal: <Buffer c2 1b 1c 26 09 97 52 87 b5 50 83 4d 16 37 b1 aa 20 b8 42 be b3 49 ab 41 08 ca bb ae 23 3d 02 00>,
  absValidity: 2018-08-28T04:51:51.902Z,
  relValidity: 7200000 }
options
{ serverHost: '10.0.1.40',
  serverPort: 22100,
  sessionKey: 
   { id: 50300275,
     cipherKeyVal: <Buffer fd 51 4a ca 33 af 61 47 74 fb ff b0 51 69 96 90>,
     macKeyVal: <Buffer c2 1b 1c 26 09 97 52 87 b5 50 83 4d 16 37 b1 aa 20 b8 42 be b3 49 ab 41 08 ca bb ae 23 3d 02 00>,
     absValidity: 2018-08-28T04:51:51.902Z,
     relValidity: 7200000 },
  sessionCryptoSpec: { cipher: 'AES-128-CBC', mac: 'SHA256' },
  sessionProtocol: 'TCP',
  handshakeTimeout: 50000 }
chosen nonce: <Buffer 95 5e 23 1b ce 99 bf 03>
switching to HANDSHAKE_1_SENT
disconnected from auth
Handler: secure connection with the server closed.
received session key handshake2!
client ret: [object Object]
server authenticated/authorized by solving nonce!
Handler: communication initialization succeeded
file data length: 1024
sending at Mon Aug 27 2018 04:51:52 GMT+0000 (UTC)
switching to IN_COMM
received secure communication message!
Received seqNum: 0
Handler: data received from server via secure communication
data1
Resp-actual/expected/ratio/ts: 22 22 1 1535345513232
Distribution protocol: TCP
Resp-actual/expected/ratio/ts: 22 23 0.9565217391304348 1535345571711
connected to auth! from local port 60002
received auth hello!
{ authId: 503, nonce: <Buffer 17 81 84 40 53 4e 87 30> }
received session key response encrypted with distribution key
replyNonce in sessionKeyResp: <Buffer 05 1b dc d7 02 82 b3 ae>
auth nonce verified
handleSessionKeyResp: session key request succeeded! authFailureCount: 0
received 1 keys
currentSessionKey: [object Object]
Status: Secure connection closed before starting a new connection.
Session protocol: TCP
chosen commSessionKey: 
{ id: 50300280,
  cipherKeyVal: <Buffer fd c2 95 38 c7 a0 b3 9f 4b e6 48 f3 1a 34 70 9b>,
  macKeyVal: <Buffer e3 82 97 5a aa 49 f1 f3 ee b9 96 61 af 5d a1 54 b4 89 50 42 5e 8e b3 b6 ae 0d 51 aa f8 ec c4 d7>,
  absValidity: 2018-08-28T04:52:51.894Z,
  relValidity: 7200000 }
options
{ serverHost: '10.0.1.40',
  serverPort: 22100,
  sessionKey: 
   { id: 50300280,
     cipherKeyVal: <Buffer fd c2 95 38 c7 a0 b3 9f 4b e6 48 f3 1a 34 70 9b>,
     macKeyVal: <Buffer e3 82 97 5a aa 49 f1 f3 ee b9 96 61 af 5d a1 54 b4 89 50 42 5e 8e b3 b6 ae 0d 51 aa f8 ec c4 d7>,
     absValidity: 2018-08-28T04:52:51.894Z,
     relValidity: 7200000 },
  sessionCryptoSpec: { cipher: 'AES-128-CBC', mac: 'SHA256' },
  sessionProtocol: 'TCP',
  handshakeTimeout: 50000 }
chosen nonce: <Buffer 4d 4a b9 d5 d5 72 e5 bd>
switching to HANDSHAKE_1_SENT
disconnected from auth
Handler: secure connection with the server closed.
received session key handshake2!
client ret: [object Object]
server authenticated/authorized by solving nonce!
Handler: communication initialization succeeded
file data length: 1024
sending at Mon Aug 27 2018 04:52:52 GMT+0000 (UTC)
switching to IN_COMM
received secure communication message!
Received seqNum: 0
Handler: data received from server via secure communication
data1
Resp-actual/expected/ratio/ts: 23 23 1 1535345573337
Distribution protocol: TCP
Resp-actual/expected/ratio/ts: 23 24 0.9583333333333334 1535345631770
connected to auth! from local port 60202
received auth hello!
{ authId: 503, nonce: <Buffer 8a 22 6b ff e5 0d e8 0c> }
received session key response encrypted with distribution key
replyNonce in sessionKeyResp: <Buffer 3d 3d 4e e7 22 e5 80 ef>
auth nonce verified
handleSessionKeyResp: session key request succeeded! authFailureCount: 0
received 1 keys
currentSessionKey: [object Object]
Status: Secure connection closed before starting a new connection.
Session protocol: TCP
chosen commSessionKey: 
{ id: 50300285,
  cipherKeyVal: <Buffer ea 38 d9 e9 69 b7 bf 6a 91 81 8e 21 ee c6 4f cd>,
  macKeyVal: <Buffer b4 fc 52 6c 80 a8 9b 53 25 2e f2 51 7e 17 cb 9d b7 89 7e 23 34 b1 29 0b a2 ba 0f ef 55 a2 39 ba>,
  absValidity: 2018-08-28T04:53:52.000Z,
  relValidity: 7200000 }
options
{ serverHost: '10.0.1.40',
  serverPort: 22100,
  sessionKey: 
   { id: 50300285,
     cipherKeyVal: <Buffer ea 38 d9 e9 69 b7 bf 6a 91 81 8e 21 ee c6 4f cd>,
     macKeyVal: <Buffer b4 fc 52 6c 80 a8 9b 53 25 2e f2 51 7e 17 cb 9d b7 89 7e 23 34 b1 29 0b a2 ba 0f ef 55 a2 39 ba>,
     absValidity: 2018-08-28T04:53:52.000Z,
     relValidity: 7200000 },
  sessionCryptoSpec: { cipher: 'AES-128-CBC', mac: 'SHA256' },
  sessionProtocol: 'TCP',
  handshakeTimeout: 50000 }
chosen nonce: <Buffer 34 55 a7 d2 81 86 95 18>
switching to HANDSHAKE_1_SENT
disconnected from auth
Handler: secure connection with the server closed.
received session key handshake2!
client ret: [object Object]
server authenticated/authorized by solving nonce!
Handler: communication initialization succeeded
file data length: 1024
sending at Mon Aug 27 2018 04:53:53 GMT+0000 (UTC)
switching to IN_COMM
received secure communication message!
Received seqNum: 0
Handler: data received from server via secure communication
data1
Resp-actual/expected/ratio/ts: 24 24 1 1535345633364
Distribution protocol: TCP
Resp-actual/expected/ratio/ts: 24 25 0.96 1535345691787
connected to auth! from local port 60402
received auth hello!
{ authId: 503, nonce: <Buffer 77 7a 75 b0 7d 71 44 57> }
received session key response encrypted with distribution key
replyNonce in sessionKeyResp: <Buffer 8e 67 7b 6f 78 c8 00 3d>
auth nonce verified
handleSessionKeyResp: session key request succeeded! authFailureCount: 0
received 1 keys
currentSessionKey: [object Object]
Status: Secure connection closed before starting a new connection.
Session protocol: TCP
chosen commSessionKey: 
{ id: 50300290,
  cipherKeyVal: <Buffer de a1 05 d1 c7 a5 b6 28 3f d7 c6 ee 58 f6 f8 b5>,
  macKeyVal: <Buffer 24 34 88 9c 7a d9 69 ac 63 3f 3b e0 4b 52 ba fc 74 b5 19 c0 16 b1 5b 5f d5 5c 79 7e fc dc 82 01>,
  absValidity: 2018-08-28T04:54:51.927Z,
  relValidity: 7200000 }
options
{ serverHost: '10.0.1.40',
  serverPort: 22100,
  sessionKey: 
   { id: 50300290,
     cipherKeyVal: <Buffer de a1 05 d1 c7 a5 b6 28 3f d7 c6 ee 58 f6 f8 b5>,
     macKeyVal: <Buffer 24 34 88 9c 7a d9 69 ac 63 3f 3b e0 4b 52 ba fc 74 b5 19 c0 16 b1 5b 5f d5 5c 79 7e fc dc 82 01>,
     absValidity: 2018-08-28T04:54:51.927Z,
     relValidity: 7200000 },
  sessionCryptoSpec: { cipher: 'AES-128-CBC', mac: 'SHA256' },
  sessionProtocol: 'TCP',
  handshakeTimeout: 50000 }
chosen nonce: <Buffer 82 43 62 b0 0c 56 e7 c5>
switching to HANDSHAKE_1_SENT
disconnected from auth
Handler: secure connection with the server closed.
received session key handshake2!
client ret: [object Object]
server authenticated/authorized by solving nonce!
Handler: communication initialization succeeded
file data length: 1024
sending at Mon Aug 27 2018 04:54:53 GMT+0000 (UTC)
switching to IN_COMM
received secure communication message!
Received seqNum: 0
Handler: data received from server via secure communication
data1
Resp-actual/expected/ratio/ts: 25 25 1 1535345693420
Distribution protocol: TCP
Resp-actual/expected/ratio/ts: 25 26 0.9615384615384616 1535345751845
connected to auth! from local port 60602
received auth hello!
{ authId: 503, nonce: <Buffer 38 86 cc 7c c1 bb 72 89> }
received session key response encrypted with distribution key
replyNonce in sessionKeyResp: <Buffer 95 10 fe 8f 71 a9 f1 a0>
auth nonce verified
handleSessionKeyResp: session key request succeeded! authFailureCount: 0
received 1 keys
currentSessionKey: [object Object]
Status: Secure connection closed before starting a new connection.
Session protocol: TCP
chosen commSessionKey: 
{ id: 50300295,
  cipherKeyVal: <Buffer 5a 5e e9 8b 96 c1 45 19 5f e9 f4 f8 f9 ef 6e 26>,
  macKeyVal: <Buffer ff 35 be b9 df 8e b6 0c 9f ef 98 65 bf 8b 13 a5 ad 4c bb 78 c5 33 ff 5a 46 53 ab 60 1b 0b f0 ae>,
  absValidity: 2018-08-28T04:55:52.013Z,
  relValidity: 7200000 }
options
{ serverHost: '10.0.1.40',
  serverPort: 22100,
  sessionKey: 
   { id: 50300295,
     cipherKeyVal: <Buffer 5a 5e e9 8b 96 c1 45 19 5f e9 f4 f8 f9 ef 6e 26>,
     macKeyVal: <Buffer ff 35 be b9 df 8e b6 0c 9f ef 98 65 bf 8b 13 a5 ad 4c bb 78 c5 33 ff 5a 46 53 ab 60 1b 0b f0 ae>,
     absValidity: 2018-08-28T04:55:52.013Z,
     relValidity: 7200000 },
  sessionCryptoSpec: { cipher: 'AES-128-CBC', mac: 'SHA256' },
  sessionProtocol: 'TCP',
  handshakeTimeout: 50000 }
chosen nonce: <Buffer f7 f6 4e 39 4e de bb 11>
switching to HANDSHAKE_1_SENT
disconnected from auth
Handler: secure connection with the server closed.
received session key handshake2!
client ret: [object Object]
server authenticated/authorized by solving nonce!
Handler: communication initialization succeeded
file data length: 1024
sending at Mon Aug 27 2018 04:55:53 GMT+0000 (UTC)
switching to IN_COMM
received secure communication message!
Received seqNum: 0
Handler: data received from server via secure communication
data1
Resp-actual/expected/ratio/ts: 26 26 1 1535345753441
Distribution protocol: TCP
Resp-actual/expected/ratio/ts: 26 27 0.9629629629629629 1535345811904
connected to auth! from local port 60778
received auth hello!
{ authId: 503, nonce: <Buffer 92 dc f4 11 1f d6 45 c2> }
received session key response encrypted with distribution key
replyNonce in sessionKeyResp: <Buffer 97 8d 6e c8 c2 75 55 96>
auth nonce verified
handleSessionKeyResp: session key request succeeded! authFailureCount: 0
received 1 keys
currentSessionKey: [object Object]
Status: Secure connection closed before starting a new connection.
Session protocol: TCP
chosen commSessionKey: 
{ id: 50300300,
  cipherKeyVal: <Buffer cb dc 18 86 b4 a4 fc 6f 23 04 eb 63 ad 94 a0 61>,
  macKeyVal: <Buffer 31 51 55 d2 5c 7c 84 36 25 61 23 d5 d9 62 54 72 1a 1a 62 cd 93 97 9b 3b 86 70 58 98 41 4e a9 2c>,
  absValidity: 2018-08-28T04:56:52.072Z,
  relValidity: 7200000 }
options
{ serverHost: '10.0.1.40',
  serverPort: 22100,
  sessionKey: 
   { id: 50300300,
     cipherKeyVal: <Buffer cb dc 18 86 b4 a4 fc 6f 23 04 eb 63 ad 94 a0 61>,
     macKeyVal: <Buffer 31 51 55 d2 5c 7c 84 36 25 61 23 d5 d9 62 54 72 1a 1a 62 cd 93 97 9b 3b 86 70 58 98 41 4e a9 2c>,
     absValidity: 2018-08-28T04:56:52.072Z,
     relValidity: 7200000 },
  sessionCryptoSpec: { cipher: 'AES-128-CBC', mac: 'SHA256' },
  sessionProtocol: 'TCP',
  handshakeTimeout: 50000 }
chosen nonce: <Buffer 0d af 0c 00 b8 01 43 c3>
switching to HANDSHAKE_1_SENT
disconnected from auth
Handler: secure connection with the server closed.
received session key handshake2!
client ret: [object Object]
server authenticated/authorized by solving nonce!
Handler: communication initialization succeeded
file data length: 1024
sending at Mon Aug 27 2018 04:56:53 GMT+0000 (UTC)
switching to IN_COMM
received secure communication message!
Received seqNum: 0
Handler: data received from server via secure communication
data1
Resp-actual/expected/ratio/ts: 27 27 1 1535345813620
Distribution protocol: TCP
Resp-actual/expected/ratio/ts: 27 28 0.9642857142857143 1535345871962
connected to auth! from local port 60802
received auth hello!
{ authId: 503, nonce: <Buffer 4d 53 26 67 5b 10 53 ff> }
received session key response encrypted with distribution key
replyNonce in sessionKeyResp: <Buffer fe 61 c3 9b 52 16 c4 cf>
auth nonce verified
handleSessionKeyResp: session key request succeeded! authFailureCount: 0
received 1 keys
currentSessionKey: [object Object]
Status: Secure connection closed before starting a new connection.
Session protocol: TCP
chosen commSessionKey: 
{ id: 50300304,
  cipherKeyVal: <Buffer d5 0f a4 a6 6d bc b1 2e 2e f2 bd b8 09 f7 b2 13>,
  macKeyVal: <Buffer 2b 37 9f 92 b2 ce b9 01 61 bb b0 f1 3a c7 05 98 4a e4 fc 82 ea 88 fc b0 eb 59 6e 33 b3 9a ac 8e>,
  absValidity: 2018-08-28T04:57:52.099Z,
  relValidity: 7200000 }
options
{ serverHost: '10.0.1.40',
  serverPort: 22100,
  sessionKey: 
   { id: 50300304,
     cipherKeyVal: <Buffer d5 0f a4 a6 6d bc b1 2e 2e f2 bd b8 09 f7 b2 13>,
     macKeyVal: <Buffer 2b 37 9f 92 b2 ce b9 01 61 bb b0 f1 3a c7 05 98 4a e4 fc 82 ea 88 fc b0 eb 59 6e 33 b3 9a ac 8e>,
     absValidity: 2018-08-28T04:57:52.099Z,
     relValidity: 7200000 },
  sessionCryptoSpec: { cipher: 'AES-128-CBC', mac: 'SHA256' },
  sessionProtocol: 'TCP',
  handshakeTimeout: 50000 }
chosen nonce: <Buffer 54 fa c0 ab ac 79 53 59>
switching to HANDSHAKE_1_SENT
disconnected from auth
Handler: secure connection with the server closed.
received session key handshake2!
client ret: [object Object]
server authenticated/authorized by solving nonce!
Handler: communication initialization succeeded
file data length: 1024
sending at Mon Aug 27 2018 04:57:53 GMT+0000 (UTC)
switching to IN_COMM
received secure communication message!
Received seqNum: 0
Handler: data received from server via secure communication
data1
Resp-actual/expected/ratio/ts: 28 28 1 1535345873534
