changing working directory to: /home/hokeunkim/Development/iotauth/entity/node/example_entities
loading from config file: /home/hokeunkim/Development/iotauth_experiments/experiments/ccs2017/expOptions/expEntity.option
Experimental options for echoServer: { autoSendPeriod: 60000,
  useSameSessionKeyCount: 1,
  connectionTimeout: 50000,
  migrationEnabled: true,
  authFailureThreshold: 2,
  migrationFailureThreshold: 2 }
loading from config file: /home/hokeunkim/Development/iotauth/entity/node/example_entities/configs/Servers/s511.config
initializing secure comm server...
Session protocol: TCP
current parameters: { migrationEnabled: true,
  authFailureThreshold: 3,
  migrationFailureThreshold: 3 }
current parameters: { migrationEnabled: true,
  authFailureThreshold: 2,
  migrationFailureThreshold: 3 }
current parameters: { migrationEnabled: true,
  authFailureThreshold: 2,
  migrationFailureThreshold: 2 }
current entityInfo: { name: 's511',
  group: 'Servers',
  distProtocol: 'TCP',
  usePermanentDistKey: false,
  connectionTimeout: 50000,
  privateKey: <Buffer 2d 2d 2d 2d 2d 42 45 47 49 4e 20 52 53 41 20 50 52 49 56 41 54 45 20 4b 45 59 2d 2d 2d 2d 2d 0a 4d 49 49 45 70 41 49 42 41 41 4b 43 41 51 45 41 76 6e ... > }
Handler: listening on port 22100
s511:Servers prompt>
Unidentified client connected
received session key handshake1
switching to HANDSHAKE_1_RECEIVED state.
session key id: 50200004
session key NOT found! sending session key id to AuthService
Distribution protocol: TCP
connected to auth! from local port 54762
received auth hello!
{ authId: 502, nonce: <Buffer 27 17 9d 44 aa a5 55 76> }
received session key response with distribution key attached!
auth signature verified
replyNonce in sessionKeyResp: <Buffer 80 a6 8f d0 a4 78 31 4b>
auth nonce verified
handleSessionKeyResp: session key request succeeded! authFailureCount: 0
updating distribution key: { cipherKeyVal: <Buffer 57 a3 ff 68 ff ab bf f9 22 1d 26 7f 68 c1 b4 b9>,
  macKeyVal: <Buffer 85 54 82 b5 80 86 87 0f 3a e8 44 6e ed 4f 75 fd f4 49 cc ab 38 2f a7 59 91 ff db e8 9e 90 60 f5>,
  absValidity: 2018-03-20T18:07:28.965Z }
received 1 keys
Session key id is as expected
server ret: [object Object]
chosen nonce: <Buffer 5a 73 ff 78 d7 be 96 65>
switching to HANDSHAKE_2_SENT
received session key handshake3!
{ replyNonce: <Buffer 5a 73 ff 78 d7 be 96 65> }
client authenticated/authorized by solving nonce!
switching to IN_COMM
Handler: secure connection with the client established.
{ id: 0,
  remoteAddress: '::ffff:10.0.1.76:38814',
  status: 'open' }
disconnected from auth
received secure communication!
Received seqNum: 0
data received from server via secure communication
Handler: socketID: 0 data: data1
toSend: { data: <Buffer 64 61 74 61 31>, id: 0 }
specified socketID: 0
Unidentified client disconnected
Handler: secure connection with the client closed.
socket #0 closed
Unidentified client connected
received session key handshake1
switching to HANDSHAKE_1_RECEIVED state.
session key id: 50200011
session key NOT found! sending session key id to AuthService
Distribution protocol: TCP
connected to auth! from local port 55032
received auth hello!
{ authId: 502, nonce: <Buffer 3a 28 c9 d7 e8 2e 85 d2> }
received session key response encrypted with distribution key
replyNonce in sessionKeyResp: <Buffer e7 0e f2 67 7a d7 31 10>
auth nonce verified
handleSessionKeyResp: session key request succeeded! authFailureCount: 0
received 1 keys
Session key id is as expected
server ret: [object Object]
chosen nonce: <Buffer 88 b1 94 c6 a8 0e 53 c1>
switching to HANDSHAKE_2_SENT
disconnected from auth
received session key handshake3!
{ replyNonce: <Buffer 88 b1 94 c6 a8 0e 53 c1> }
client authenticated/authorized by solving nonce!
switching to IN_COMM
Handler: secure connection with the client established.
{ id: 1,
  remoteAddress: '::ffff:10.0.1.76:39084',
  status: 'open' }
received secure communication!
Received seqNum: 0
data received from server via secure communication
Handler: socketID: 1 data: data1
toSend: { data: <Buffer 64 61 74 61 31>, id: 1 }
specified socketID: 1
Unidentified client disconnected
Handler: secure connection with the client closed.
socket #1 closed
Unidentified client connected
received session key handshake1
switching to HANDSHAKE_1_RECEIVED state.
session key id: 50200018
session key NOT found! sending session key id to AuthService
Distribution protocol: TCP
connected to auth! from local port 55302
received auth hello!
{ authId: 502, nonce: <Buffer 8b 7b c4 6a 23 f9 91 55> }
received session key response encrypted with distribution key
replyNonce in sessionKeyResp: <Buffer 0c 01 52 25 31 cb 4b 7c>
auth nonce verified
handleSessionKeyResp: session key request succeeded! authFailureCount: 0
received 1 keys
Session key id is as expected
server ret: [object Object]
chosen nonce: <Buffer 73 8a 0a cd 40 13 62 5d>
switching to HANDSHAKE_2_SENT
disconnected from auth
received session key handshake3!
{ replyNonce: <Buffer 73 8a 0a cd 40 13 62 5d> }
client authenticated/authorized by solving nonce!
switching to IN_COMM
Handler: secure connection with the client established.
{ id: 2,
  remoteAddress: '::ffff:10.0.1.76:39354',
  status: 'open' }
received secure communication!
Received seqNum: 0
data received from server via secure communication
Handler: socketID: 2 data: data1
toSend: { data: <Buffer 64 61 74 61 31>, id: 2 }
specified socketID: 2
Unidentified client disconnected
Handler: secure connection with the client closed.
socket #2 closed
Unidentified client connected
received session key handshake1
switching to HANDSHAKE_1_RECEIVED state.
session key id: 50200025
session key NOT found! sending session key id to AuthService
Distribution protocol: TCP
connected to auth! from local port 55572
received auth hello!
{ authId: 502, nonce: <Buffer af 2a a3 8d 88 8a 3a 6d> }
received session key response encrypted with distribution key
replyNonce in sessionKeyResp: <Buffer 77 0d ba f5 6c 49 53 c7>
auth nonce verified
handleSessionKeyResp: session key request succeeded! authFailureCount: 0
received 1 keys
Session key id is as expected
server ret: [object Object]
chosen nonce: <Buffer e4 22 86 be fa 65 b2 7f>
switching to HANDSHAKE_2_SENT
received session key handshake3!
{ replyNonce: <Buffer e4 22 86 be fa 65 b2 7f> }
client authenticated/authorized by solving nonce!
switching to IN_COMM
Handler: secure connection with the client established.
{ id: 3,
  remoteAddress: '::ffff:10.0.1.76:39624',
  status: 'open' }
disconnected from auth
received secure communication!
Received seqNum: 0
data received from server via secure communication
Handler: socketID: 3 data: data1
toSend: { data: <Buffer 64 61 74 61 31>, id: 3 }
specified socketID: 3
Unidentified client disconnected
Handler: secure connection with the client closed.
socket #3 closed
Unidentified client connected
received session key handshake1
switching to HANDSHAKE_1_RECEIVED state.
session key id: 50200032
session key NOT found! sending session key id to AuthService
Distribution protocol: TCP
connected to auth! from local port 55842
received auth hello!
{ authId: 502, nonce: <Buffer dd 06 86 fe 6d 52 e6 09> }
received session key response encrypted with distribution key
replyNonce in sessionKeyResp: <Buffer a5 e9 fa 20 48 f9 69 d1>
auth nonce verified
handleSessionKeyResp: session key request succeeded! authFailureCount: 0
received 1 keys
Session key id is as expected
server ret: [object Object]
chosen nonce: <Buffer b2 af f7 3a b3 da a5 dd>
switching to HANDSHAKE_2_SENT
disconnected from auth
received session key handshake3!
{ replyNonce: <Buffer b2 af f7 3a b3 da a5 dd> }
client authenticated/authorized by solving nonce!
switching to IN_COMM
Handler: secure connection with the client established.
{ id: 4,
  remoteAddress: '::ffff:10.0.1.76:39894',
  status: 'open' }
received secure communication!
Received seqNum: 0
data received from server via secure communication
Handler: socketID: 4 data: data1
toSend: { data: <Buffer 64 61 74 61 31>, id: 4 }
specified socketID: 4
Unidentified client disconnected
Handler: secure connection with the client closed.
socket #4 closed
Unidentified client connected
received session key handshake1
switching to HANDSHAKE_1_RECEIVED state.
session key id: 50200039
session key NOT found! sending session key id to AuthService
Distribution protocol: TCP
connected to auth! from local port 56112
received auth hello!
{ authId: 502, nonce: <Buffer fd 86 21 6f a5 5a 08 b1> }
received session key response encrypted with distribution key
replyNonce in sessionKeyResp: <Buffer c0 e6 dc 8d e2 b3 b8 30>
auth nonce verified
handleSessionKeyResp: session key request succeeded! authFailureCount: 0
received 1 keys
Session key id is as expected
server ret: [object Object]
chosen nonce: <Buffer 1e 73 7c b6 90 aa fe 15>
switching to HANDSHAKE_2_SENT
disconnected from auth
received session key handshake3!
{ replyNonce: <Buffer 1e 73 7c b6 90 aa fe 15> }
client authenticated/authorized by solving nonce!
switching to IN_COMM
Handler: secure connection with the client established.
{ id: 5,
  remoteAddress: '::ffff:10.0.1.76:40164',
  status: 'open' }
received secure communication!
Received seqNum: 0
data received from server via secure communication
Handler: socketID: 5 data: data1
toSend: { data: <Buffer 64 61 74 61 31>, id: 5 }
specified socketID: 5
Unidentified client disconnected
Handler: secure connection with the client closed.
socket #5 closed
Unidentified client connected
received session key handshake1
switching to HANDSHAKE_1_RECEIVED state.
session key id: 50200046
session key NOT found! sending session key id to AuthService
Distribution protocol: TCP
connected to auth! from local port 56378
received auth hello!
{ authId: 502, nonce: <Buffer 75 31 b0 a5 da 42 f4 70> }
received session key response encrypted with distribution key
replyNonce in sessionKeyResp: <Buffer 23 7b 66 9b a3 d7 15 7a>
auth nonce verified
handleSessionKeyResp: session key request succeeded! authFailureCount: 0
received 1 keys
Session key id is as expected
server ret: [object Object]
chosen nonce: <Buffer 03 91 13 ac c2 d2 b3 6e>
switching to HANDSHAKE_2_SENT
disconnected from auth
received session key handshake3!
{ replyNonce: <Buffer 03 91 13 ac c2 d2 b3 6e> }
client authenticated/authorized by solving nonce!
switching to IN_COMM
Handler: secure connection with the client established.
{ id: 6,
  remoteAddress: '::ffff:10.0.1.76:40430',
  status: 'open' }
received secure communication!
Received seqNum: 0
data received from server via secure communication
Handler: socketID: 6 data: data1
toSend: { data: <Buffer 64 61 74 61 31>, id: 6 }
specified socketID: 6
Unidentified client disconnected
Handler: secure connection with the client closed.
socket #6 closed
Unidentified client connected
received session key handshake1
switching to HANDSHAKE_1_RECEIVED state.
session key id: 50200053
session key NOT found! sending session key id to AuthService
Distribution protocol: TCP
connected to auth! from local port 56624
received auth hello!
{ authId: 502, nonce: <Buffer 1e 14 13 c3 75 42 85 fa> }
received session key response encrypted with distribution key
replyNonce in sessionKeyResp: <Buffer 63 e8 cd c6 76 af a5 a1>
auth nonce verified
handleSessionKeyResp: session key request succeeded! authFailureCount: 0
received 1 keys
Session key id is as expected
server ret: [object Object]
chosen nonce: <Buffer ec c2 1c e0 b5 44 0c 57>
switching to HANDSHAKE_2_SENT
disconnected from auth
received session key handshake3!
{ replyNonce: <Buffer ec c2 1c e0 b5 44 0c 57> }
client authenticated/authorized by solving nonce!
switching to IN_COMM
Handler: secure connection with the client established.
{ id: 7,
  remoteAddress: '::ffff:10.0.1.76:40676',
  status: 'open' }
received secure communication!
Received seqNum: 0
data received from server via secure communication
Handler: socketID: 7 data: data1
toSend: { data: <Buffer 64 61 74 61 31>, id: 7 }
specified socketID: 7
Unidentified client disconnected
Handler: secure connection with the client closed.
socket #7 closed
Unidentified client connected
received session key handshake1
switching to HANDSHAKE_1_RECEIVED state.
session key id: 50200060
session key NOT found! sending session key id to AuthService
Distribution protocol: TCP
connected to auth! from local port 56884
received auth hello!
{ authId: 502, nonce: <Buffer 86 53 4d 2c 60 c4 7e 6e> }
received session key response encrypted with distribution key
replyNonce in sessionKeyResp: <Buffer 88 98 74 6b 0a 0c c3 23>
auth nonce verified
handleSessionKeyResp: session key request succeeded! authFailureCount: 0
received 1 keys
Session key id is as expected
server ret: [object Object]
chosen nonce: <Buffer 41 d6 04 bb 7a 25 1e 3b>
switching to HANDSHAKE_2_SENT
disconnected from auth
received session key handshake3!
{ replyNonce: <Buffer 41 d6 04 bb 7a 25 1e 3b> }
client authenticated/authorized by solving nonce!
switching to IN_COMM
Handler: secure connection with the client established.
{ id: 8,
  remoteAddress: '::ffff:10.0.1.76:40936',
  status: 'open' }
received secure communication!
Received seqNum: 0
data received from server via secure communication
Handler: socketID: 8 data: data1
toSend: { data: <Buffer 64 61 74 61 31>, id: 8 }
specified socketID: 8
Unidentified client disconnected
Handler: secure connection with the client closed.
socket #8 closed
Unidentified client connected
received session key handshake1
switching to HANDSHAKE_1_RECEIVED state.
session key id: 50200067
session key NOT found! sending session key id to AuthService
Distribution protocol: TCP
connected to auth! from local port 57146
received auth hello!
{ authId: 502, nonce: <Buffer a1 69 9b 03 eb 88 42 40> }
received session key response encrypted with distribution key
replyNonce in sessionKeyResp: <Buffer 65 b2 d9 f6 51 4c ef e4>
auth nonce verified
handleSessionKeyResp: session key request succeeded! authFailureCount: 0
received 1 keys
Session key id is as expected
server ret: [object Object]
chosen nonce: <Buffer c7 d9 5b 63 42 ec 26 18>
switching to HANDSHAKE_2_SENT
received session key handshake3!
{ replyNonce: <Buffer c7 d9 5b 63 42 ec 26 18> }
client authenticated/authorized by solving nonce!
switching to IN_COMM
Handler: secure connection with the client established.
{ id: 9,
  remoteAddress: '::ffff:10.0.1.76:41198',
  status: 'open' }
disconnected from auth
received secure communication!
Received seqNum: 0
data received from server via secure communication
Handler: socketID: 9 data: data1
toSend: { data: <Buffer 64 61 74 61 31>, id: 9 }
specified socketID: 9
Unidentified client disconnected
Handler: secure connection with the client closed.
socket #9 closed
Unidentified client connected
received session key handshake1
switching to HANDSHAKE_1_RECEIVED state.
session key id: 50200074
session key NOT found! sending session key id to AuthService
Distribution protocol: TCP
connected to auth! from local port 57408
received auth hello!
{ authId: 502, nonce: <Buffer bf 4e ac e3 f8 d6 19 08> }
received session key response encrypted with distribution key
replyNonce in sessionKeyResp: <Buffer 0e a9 ad ba d8 61 74 fb>
auth nonce verified
handleSessionKeyResp: session key request succeeded! authFailureCount: 0
received 1 keys
Session key id is as expected
server ret: [object Object]
chosen nonce: <Buffer 17 f1 c7 9b 09 70 50 d0>
switching to HANDSHAKE_2_SENT
received session key handshake3!
{ replyNonce: <Buffer 17 f1 c7 9b 09 70 50 d0> }
client authenticated/authorized by solving nonce!
switching to IN_COMM
Handler: secure connection with the client established.
{ id: 10,
  remoteAddress: '::ffff:10.0.1.76:41460',
  status: 'open' }
disconnected from auth
received secure communication!
Received seqNum: 0
data received from server via secure communication
Handler: socketID: 10 data: data1
toSend: { data: <Buffer 64 61 74 61 31>, id: 10 }
specified socketID: 10
Unidentified client disconnected
Handler: secure connection with the client closed.
socket #10 closed
Unidentified client connected
received session key handshake1
switching to HANDSHAKE_1_RECEIVED state.
session key id: 50200081
session key NOT found! sending session key id to AuthService
Distribution protocol: TCP
connected to auth! from local port 57670
received auth hello!
{ authId: 502, nonce: <Buffer b7 2f 11 f5 65 aa a9 0f> }
received session key response encrypted with distribution key
replyNonce in sessionKeyResp: <Buffer dd d4 25 c0 b6 ff 69 58>
auth nonce verified
handleSessionKeyResp: session key request succeeded! authFailureCount: 0
received 1 keys
Session key id is as expected
server ret: [object Object]
chosen nonce: <Buffer be ca 66 db be f1 6d d3>
switching to HANDSHAKE_2_SENT
disconnected from auth
received session key handshake3!
{ replyNonce: <Buffer be ca 66 db be f1 6d d3> }
client authenticated/authorized by solving nonce!
switching to IN_COMM
Handler: secure connection with the client established.
{ id: 11,
  remoteAddress: '::ffff:10.0.1.76:41722',
  status: 'open' }
received secure communication!
Received seqNum: 0
data received from server via secure communication
Handler: socketID: 11 data: data1
toSend: { data: <Buffer 64 61 74 61 31>, id: 11 }
specified socketID: 11
Unidentified client disconnected
Handler: secure connection with the client closed.
socket #11 closed
Unidentified client connected
received session key handshake1
switching to HANDSHAKE_1_RECEIVED state.
session key id: 50200088
session key NOT found! sending session key id to AuthService
Distribution protocol: TCP
connected to auth! from local port 57932
received auth hello!
{ authId: 502, nonce: <Buffer 37 4e b3 a0 45 d6 13 18> }
received session key response encrypted with distribution key
replyNonce in sessionKeyResp: <Buffer b1 34 07 91 16 f0 b2 97>
auth nonce verified
handleSessionKeyResp: session key request succeeded! authFailureCount: 0
received 1 keys
Session key id is as expected
server ret: [object Object]
chosen nonce: <Buffer 92 fb 13 f2 e8 08 b7 b8>
switching to HANDSHAKE_2_SENT
received session key handshake3!
{ replyNonce: <Buffer 92 fb 13 f2 e8 08 b7 b8> }
client authenticated/authorized by solving nonce!
switching to IN_COMM
Handler: secure connection with the client established.
{ id: 12,
  remoteAddress: '::ffff:10.0.1.76:41984',
  status: 'open' }
disconnected from auth
received secure communication!
Received seqNum: 0
data received from server via secure communication
Handler: socketID: 12 data: data1
toSend: { data: <Buffer 64 61 74 61 31>, id: 12 }
specified socketID: 12
Unidentified client disconnected
Handler: secure connection with the client closed.
socket #12 closed
Unidentified client connected
received session key handshake1
switching to HANDSHAKE_1_RECEIVED state.
session key id: 50200095
session key NOT found! sending session key id to AuthService
Distribution protocol: TCP
connected to auth! from local port 58198
received auth hello!
{ authId: 502, nonce: <Buffer 56 42 e7 88 f2 51 3c 47> }
received session key response encrypted with distribution key
replyNonce in sessionKeyResp: <Buffer 81 12 e8 3d 94 a6 5c 60>
auth nonce verified
handleSessionKeyResp: session key request succeeded! authFailureCount: 0
received 1 keys
Session key id is as expected
server ret: [object Object]
chosen nonce: <Buffer 66 0b 8e 48 e9 b3 b1 d2>
switching to HANDSHAKE_2_SENT
disconnected from auth
received session key handshake3!
{ replyNonce: <Buffer 66 0b 8e 48 e9 b3 b1 d2> }
client authenticated/authorized by solving nonce!
switching to IN_COMM
Handler: secure connection with the client established.
{ id: 13,
  remoteAddress: '::ffff:10.0.1.76:42250',
  status: 'open' }
received secure communication!
Received seqNum: 0
data received from server via secure communication
Handler: socketID: 13 data: data1
toSend: { data: <Buffer 64 61 74 61 31>, id: 13 }
specified socketID: 13
Unidentified client disconnected
Handler: secure connection with the client closed.
socket #13 closed
Unidentified client connected
received session key handshake1
switching to HANDSHAKE_1_RECEIVED state.
session key id: 50200102
session key NOT found! sending session key id to AuthService
Distribution protocol: TCP
connected to auth! from local port 58466
received auth hello!
{ authId: 502, nonce: <Buffer 2c 8b 38 80 05 02 5d dc> }
received session key response encrypted with distribution key
replyNonce in sessionKeyResp: <Buffer b4 58 4b 84 28 0d b5 95>
auth nonce verified
handleSessionKeyResp: session key request succeeded! authFailureCount: 0
received 1 keys
Session key id is as expected
server ret: [object Object]
chosen nonce: <Buffer 75 95 7e 38 32 47 1c e7>
switching to HANDSHAKE_2_SENT
disconnected from auth
received session key handshake3!
{ replyNonce: <Buffer 75 95 7e 38 32 47 1c e7> }
client authenticated/authorized by solving nonce!
switching to IN_COMM
Handler: secure connection with the client established.
{ id: 14,
  remoteAddress: '::ffff:10.0.1.76:42518',
  status: 'open' }
received secure communication!
Received seqNum: 0
data received from server via secure communication
Handler: socketID: 14 data: data1
toSend: { data: <Buffer 64 61 74 61 31>, id: 14 }
specified socketID: 14
Unidentified client disconnected
Handler: secure connection with the client closed.
socket #14 closed
Unidentified client connected
received session key handshake1
switching to HANDSHAKE_1_RECEIVED state.
session key id: 50200109
session key NOT found! sending session key id to AuthService
Distribution protocol: TCP
connected to auth! from local port 58738
received auth hello!
{ authId: 502, nonce: <Buffer 2b ba 6f e0 d3 2d 01 90> }
received session key response encrypted with distribution key
replyNonce in sessionKeyResp: <Buffer 30 f9 c3 35 c9 4e a8 4f>
auth nonce verified
handleSessionKeyResp: session key request succeeded! authFailureCount: 0
received 1 keys
Session key id is as expected
server ret: [object Object]
chosen nonce: <Buffer 26 0a fc ca 68 90 b1 e0>
switching to HANDSHAKE_2_SENT
disconnected from auth
received session key handshake3!
{ replyNonce: <Buffer 26 0a fc ca 68 90 b1 e0> }
client authenticated/authorized by solving nonce!
switching to IN_COMM
Handler: secure connection with the client established.
{ id: 15,
  remoteAddress: '::ffff:10.0.1.76:42790',
  status: 'open' }
received secure communication!
Received seqNum: 0
data received from server via secure communication
Handler: socketID: 15 data: data1
toSend: { data: <Buffer 64 61 74 61 31>, id: 15 }
specified socketID: 15
Unidentified client disconnected
Handler: secure connection with the client closed.
socket #15 closed
Unidentified client connected
received session key handshake1
switching to HANDSHAKE_1_RECEIVED state.
session key id: 50200116
session key NOT found! sending session key id to AuthService
Distribution protocol: TCP
connected to auth! from local port 59010
received auth hello!
{ authId: 502, nonce: <Buffer 21 92 6e 79 83 d5 5c 7d> }
received session key response encrypted with distribution key
replyNonce in sessionKeyResp: <Buffer 61 21 f6 57 a8 e7 66 93>
auth nonce verified
handleSessionKeyResp: session key request succeeded! authFailureCount: 0
received 1 keys
Session key id is as expected
server ret: [object Object]
chosen nonce: <Buffer cb 3d cc 09 0f 9f fc ee>
switching to HANDSHAKE_2_SENT
disconnected from auth
received session key handshake3!
{ replyNonce: <Buffer cb 3d cc 09 0f 9f fc ee> }
client authenticated/authorized by solving nonce!
switching to IN_COMM
Handler: secure connection with the client established.
{ id: 16,
  remoteAddress: '::ffff:10.0.1.76:43062',
  status: 'open' }
received secure communication!
Received seqNum: 0
data received from server via secure communication
Handler: socketID: 16 data: data1
toSend: { data: <Buffer 64 61 74 61 31>, id: 16 }
specified socketID: 16
Unidentified client disconnected
Handler: secure connection with the client closed.
socket #16 closed
Unidentified client connected
received session key handshake1
switching to HANDSHAKE_1_RECEIVED state.
session key id: 50200123
session key NOT found! sending session key id to AuthService
Distribution protocol: TCP
connected to auth! from local port 59280
received auth hello!
{ authId: 502, nonce: <Buffer 9f 41 f4 8e b5 e0 d1 cd> }
received session key response encrypted with distribution key
replyNonce in sessionKeyResp: <Buffer 92 88 66 7d b7 0c 2c e1>
auth nonce verified
handleSessionKeyResp: session key request succeeded! authFailureCount: 0
received 1 keys
Session key id is as expected
server ret: [object Object]
chosen nonce: <Buffer 22 4e dd 30 53 e9 95 f2>
switching to HANDSHAKE_2_SENT
received session key handshake3!
{ replyNonce: <Buffer 22 4e dd 30 53 e9 95 f2> }
client authenticated/authorized by solving nonce!
switching to IN_COMM
Handler: secure connection with the client established.
{ id: 17,
  remoteAddress: '::ffff:10.0.1.76:43332',
  status: 'open' }
disconnected from auth
received secure communication!
Received seqNum: 0
data received from server via secure communication
Handler: socketID: 17 data: data1
toSend: { data: <Buffer 64 61 74 61 31>, id: 17 }
specified socketID: 17
Unidentified client disconnected
Handler: secure connection with the client closed.
socket #17 closed
Unidentified client connected
received session key handshake1
switching to HANDSHAKE_1_RECEIVED state.
session key id: 50200130
session key NOT found! sending session key id to AuthService
Distribution protocol: TCP
connected to auth! from local port 59554
received auth hello!
{ authId: 502, nonce: <Buffer 33 6c d5 f0 65 3d 4e b8> }
received session key response encrypted with distribution key
replyNonce in sessionKeyResp: <Buffer 7e 90 74 43 e6 81 79 3c>
auth nonce verified
handleSessionKeyResp: session key request succeeded! authFailureCount: 0
received 1 keys
Session key id is as expected
server ret: [object Object]
chosen nonce: <Buffer f4 bc 6a 8c 00 3c 10 62>
switching to HANDSHAKE_2_SENT
disconnected from auth
received session key handshake3!
{ replyNonce: <Buffer f4 bc 6a 8c 00 3c 10 62> }
client authenticated/authorized by solving nonce!
switching to IN_COMM
Handler: secure connection with the client established.
{ id: 18,
  remoteAddress: '::ffff:10.0.1.76:43606',
  status: 'open' }
received secure communication!
Received seqNum: 0
data received from server via secure communication
Handler: socketID: 18 data: data1
toSend: { data: <Buffer 64 61 74 61 31>, id: 18 }
specified socketID: 18
Unidentified client disconnected
Handler: secure connection with the client closed.
socket #18 closed
Unidentified client connected
received session key handshake1
switching to HANDSHAKE_1_RECEIVED state.
session key id: 50200137
session key NOT found! sending session key id to AuthService
Distribution protocol: TCP
connected to auth! from local port 59828
received auth hello!
{ authId: 502, nonce: <Buffer 5c 20 b6 2d 3c 8a 60 73> }
received session key response encrypted with distribution key
replyNonce in sessionKeyResp: <Buffer 76 43 e0 2c af 8b fe 78>
auth nonce verified
handleSessionKeyResp: session key request succeeded! authFailureCount: 0
received 1 keys
Session key id is as expected
server ret: [object Object]
chosen nonce: <Buffer 0f 86 d9 5e fe cc 13 9b>
switching to HANDSHAKE_2_SENT
disconnected from auth
received session key handshake3!
{ replyNonce: <Buffer 0f 86 d9 5e fe cc 13 9b> }
client authenticated/authorized by solving nonce!
switching to IN_COMM
Handler: secure connection with the client established.
{ id: 19,
  remoteAddress: '::ffff:10.0.1.76:43880',
  status: 'open' }
received secure communication!
Received seqNum: 0
data received from server via secure communication
Handler: socketID: 19 data: data1
toSend: { data: <Buffer 64 61 74 61 31>, id: 19 }
specified socketID: 19
Unidentified client disconnected
Handler: secure connection with the client closed.
socket #19 closed
Unidentified client connected
received session key handshake1
switching to HANDSHAKE_1_RECEIVED state.
session key id: 50200144
session key NOT found! sending session key id to AuthService
Distribution protocol: TCP
connected to auth! from local port 60098
received auth hello!
{ authId: 502, nonce: <Buffer 0c 7f dc 0d b1 9d 40 d5> }
received session key response encrypted with distribution key
replyNonce in sessionKeyResp: <Buffer 80 e1 39 68 81 a5 92 92>
auth nonce verified
handleSessionKeyResp: session key request succeeded! authFailureCount: 0
received 1 keys
Session key id is as expected
server ret: [object Object]
chosen nonce: <Buffer cb 4f ab 8d cf 2d 08 a8>
switching to HANDSHAKE_2_SENT
disconnected from auth
received session key handshake3!
{ replyNonce: <Buffer cb 4f ab 8d cf 2d 08 a8> }
client authenticated/authorized by solving nonce!
switching to IN_COMM
Handler: secure connection with the client established.
{ id: 20,
  remoteAddress: '::ffff:10.0.1.76:44150',
  status: 'open' }
received secure communication!
Received seqNum: 0
data received from server via secure communication
Handler: socketID: 20 data: data1
toSend: { data: <Buffer 64 61 74 61 31>, id: 20 }
specified socketID: 20
Unidentified client disconnected
Handler: secure connection with the client closed.
socket #20 closed
Unidentified client connected
received session key handshake1
switching to HANDSHAKE_1_RECEIVED state.
session key id: 50200151
session key NOT found! sending session key id to AuthService
Distribution protocol: TCP
connected to auth! from local port 60356
received auth hello!
{ authId: 502, nonce: <Buffer 99 fe d5 38 37 b7 60 a6> }
received session key response encrypted with distribution key
replyNonce in sessionKeyResp: <Buffer 71 c7 ab 5d f4 57 90 a8>
auth nonce verified
handleSessionKeyResp: session key request succeeded! authFailureCount: 0
received 1 keys
Session key id is as expected
server ret: [object Object]
chosen nonce: <Buffer c1 65 72 e1 19 24 60 d1>
switching to HANDSHAKE_2_SENT
received session key handshake3!
{ replyNonce: <Buffer c1 65 72 e1 19 24 60 d1> }
client authenticated/authorized by solving nonce!
switching to IN_COMM
Handler: secure connection with the client established.
{ id: 21,
  remoteAddress: '::ffff:10.0.1.76:44408',
  status: 'open' }
disconnected from auth
received secure communication!
Received seqNum: 0
data received from server via secure communication
Handler: socketID: 21 data: data1
toSend: { data: <Buffer 64 61 74 61 31>, id: 21 }
specified socketID: 21
Unidentified client disconnected
Handler: secure connection with the client closed.
socket #21 closed
Unidentified client connected
received session key handshake1
switching to HANDSHAKE_1_RECEIVED state.
session key id: 50200158
session key NOT found! sending session key id to AuthService
Distribution protocol: TCP
connected to auth! from local port 60610
received auth hello!
{ authId: 502, nonce: <Buffer 05 59 8e 4b ff 64 94 a6> }
received session key response encrypted with distribution key
replyNonce in sessionKeyResp: <Buffer a7 14 3c 77 3c a1 ce 33>
auth nonce verified
handleSessionKeyResp: session key request succeeded! authFailureCount: 0
received 1 keys
Session key id is as expected
server ret: [object Object]
chosen nonce: <Buffer ad 71 70 42 75 63 41 6c>
switching to HANDSHAKE_2_SENT
disconnected from auth
received session key handshake3!
{ replyNonce: <Buffer ad 71 70 42 75 63 41 6c> }
client authenticated/authorized by solving nonce!
switching to IN_COMM
Handler: secure connection with the client established.
{ id: 22,
  remoteAddress: '::ffff:10.0.1.76:44662',
  status: 'open' }
received secure communication!
Received seqNum: 0
data received from server via secure communication
Handler: socketID: 22 data: data1
toSend: { data: <Buffer 64 61 74 61 31>, id: 22 }
specified socketID: 22
Unidentified client disconnected
Handler: secure connection with the client closed.
socket #22 closed
Unidentified client connected
received session key handshake1
switching to HANDSHAKE_1_RECEIVED state.
session key id: 50200165
session key NOT found! sending session key id to AuthService
Distribution protocol: TCP
connected to auth! from local port 60868
received auth hello!
{ authId: 502, nonce: <Buffer f1 60 ea 25 7e 7e ea 15> }
received session key response encrypted with distribution key
replyNonce in sessionKeyResp: <Buffer 78 d5 0c d8 16 da d9 4b>
auth nonce verified
handleSessionKeyResp: session key request succeeded! authFailureCount: 0
received 1 keys
Session key id is as expected
server ret: [object Object]
chosen nonce: <Buffer 46 25 db 26 b5 89 25 69>
switching to HANDSHAKE_2_SENT
received session key handshake3!
{ replyNonce: <Buffer 46 25 db 26 b5 89 25 69> }
client authenticated/authorized by solving nonce!
switching to IN_COMM
Handler: secure connection with the client established.
{ id: 23,
  remoteAddress: '::ffff:10.0.1.76:44920',
  status: 'open' }
disconnected from auth
received secure communication!
Received seqNum: 0
data received from server via secure communication
Handler: socketID: 23 data: data1
toSend: { data: <Buffer 64 61 74 61 31>, id: 23 }
specified socketID: 23
Unidentified client disconnected
Handler: secure connection with the client closed.
socket #23 closed
Unidentified client connected
received session key handshake1
switching to HANDSHAKE_1_RECEIVED state.
session key id: 50200172
session key NOT found! sending session key id to AuthService
Distribution protocol: TCP
connected to auth! from local port 32894
received auth hello!
{ authId: 502, nonce: <Buffer 8b ff 57 32 d2 56 4a 70> }
received session key response encrypted with distribution key
replyNonce in sessionKeyResp: <Buffer c3 72 be 0b 10 fc f3 ad>
auth nonce verified
handleSessionKeyResp: session key request succeeded! authFailureCount: 0
received 1 keys
Session key id is as expected
server ret: [object Object]
chosen nonce: <Buffer 75 a5 6f d8 7d d9 fa 90>
switching to HANDSHAKE_2_SENT
disconnected from auth
received session key handshake3!
{ replyNonce: <Buffer 75 a5 6f d8 7d d9 fa 90> }
client authenticated/authorized by solving nonce!
switching to IN_COMM
Handler: secure connection with the client established.
{ id: 24,
  remoteAddress: '::ffff:10.0.1.76:45178',
  status: 'open' }
received secure communication!
Received seqNum: 0
data received from server via secure communication
Handler: socketID: 24 data: data1
toSend: { data: <Buffer 64 61 74 61 31>, id: 24 }
specified socketID: 24
Unidentified client disconnected
Handler: secure connection with the client closed.
socket #24 closed
Unidentified client connected
received session key handshake1
switching to HANDSHAKE_1_RECEIVED state.
session key id: 50200179
session key NOT found! sending session key id to AuthService
Distribution protocol: TCP
connected to auth! from local port 33152
received auth hello!
{ authId: 502, nonce: <Buffer 62 d8 b3 49 1a 60 93 47> }
received session key response encrypted with distribution key
replyNonce in sessionKeyResp: <Buffer 09 8f b6 90 53 cc 47 ad>
auth nonce verified
handleSessionKeyResp: session key request succeeded! authFailureCount: 0
received 1 keys
Session key id is as expected
server ret: [object Object]
chosen nonce: <Buffer 04 b1 99 51 4f c1 bf 2d>
switching to HANDSHAKE_2_SENT
received session key handshake3!
{ replyNonce: <Buffer 04 b1 99 51 4f c1 bf 2d> }
client authenticated/authorized by solving nonce!
switching to IN_COMM
Handler: secure connection with the client established.
{ id: 25,
  remoteAddress: '::ffff:10.0.1.76:45436',
  status: 'open' }
disconnected from auth
received secure communication!
Received seqNum: 0
data received from server via secure communication
Handler: socketID: 25 data: data1
toSend: { data: <Buffer 64 61 74 61 31>, id: 25 }
specified socketID: 25
Unidentified client disconnected
Handler: secure connection with the client closed.
socket #25 closed
Unidentified client connected
received session key handshake1
switching to HANDSHAKE_1_RECEIVED state.
session key id: 50200186
session key NOT found! sending session key id to AuthService
Distribution protocol: TCP
connected to auth! from local port 33408
received auth hello!
{ authId: 502, nonce: <Buffer a3 b4 c1 8e b3 a7 db 99> }
received session key response encrypted with distribution key
replyNonce in sessionKeyResp: <Buffer 8a a1 29 a5 6f dc 9e 6d>
auth nonce verified
handleSessionKeyResp: session key request succeeded! authFailureCount: 0
received 1 keys
Session key id is as expected
server ret: [object Object]
chosen nonce: <Buffer 58 75 35 5b a9 fa a0 82>
switching to HANDSHAKE_2_SENT
disconnected from auth
received session key handshake3!
{ replyNonce: <Buffer 58 75 35 5b a9 fa a0 82> }
client authenticated/authorized by solving nonce!
switching to IN_COMM
Handler: secure connection with the client established.
{ id: 26,
  remoteAddress: '::ffff:10.0.1.76:45692',
  status: 'open' }
received secure communication!
Received seqNum: 0
data received from server via secure communication
Handler: socketID: 26 data: data1
toSend: { data: <Buffer 64 61 74 61 31>, id: 26 }
specified socketID: 26
Unidentified client disconnected
Handler: secure connection with the client closed.
socket #26 closed
Unidentified client connected
received session key handshake1
switching to HANDSHAKE_1_RECEIVED state.
session key id: 50200191
session key NOT found! sending session key id to AuthService
Distribution protocol: TCP
connected to auth! from local port 33516
received auth hello!
{ authId: 502, nonce: <Buffer 63 96 20 9a cd 7a e3 ba> }
received session key response encrypted with distribution key
replyNonce in sessionKeyResp: <Buffer 0f 8b 5a a9 87 29 48 c4>
auth nonce verified
handleSessionKeyResp: session key request succeeded! authFailureCount: 0
received 1 keys
Session key id is as expected
server ret: [object Object]
chosen nonce: <Buffer e3 d2 29 01 3b b9 ee c9>
switching to HANDSHAKE_2_SENT
disconnected from auth
received session key handshake3!
{ replyNonce: <Buffer e3 d2 29 01 3b b9 ee c9> }
client authenticated/authorized by solving nonce!
switching to IN_COMM
Handler: secure connection with the client established.
{ id: 27,
  remoteAddress: '::ffff:10.0.1.76:45800',
  status: 'open' }
received secure communication!
Received seqNum: 0
data received from server via secure communication
Handler: socketID: 27 data: data1
toSend: { data: <Buffer 64 61 74 61 31>, id: 27 }
specified socketID: 27
