changing working directory to: /home/hokeunkim/Development/iotauth/entity/node/example_entities
loading from config file: /home/hokeunkim/Development/iotauth_experiments/experiments/ccs2017/expOptions/expEntity.option
Experimental options for autoClient: { autoSendPeriod: 60000,
  useSameSessionKeyCount: 1,
  connectionTimeout: 50000,
  migrationEnabled: true,
  authFailureThreshold: 2,
  migrationFailureThreshold: 2 }
loading from config file: /home/hokeunkim/Development/iotauth/entity/node/example_entities/configs/Clients/c403.config
initializing...
current parameters: { numKeysPerRequest: 3,
  migrationEnabled: false,
  authFailureThreshold: 3,
  migrationFailureThreshold: 3 }
current parameters: { numKeysPerRequest: 1,
  migrationEnabled: false,
  authFailureThreshold: 3,
  migrationFailureThreshold: 3 }
current parameters: { numKeysPerRequest: 1,
  migrationEnabled: true,
  authFailureThreshold: 3,
  migrationFailureThreshold: 3 }
current parameters: { numKeysPerRequest: 1,
  migrationEnabled: true,
  authFailureThreshold: 2,
  migrationFailureThreshold: 3 }
current parameters: { numKeysPerRequest: 1,
  migrationEnabled: true,
  authFailureThreshold: 2,
  migrationFailureThreshold: 2 }
current entityInfo: { name: 'c403',
  group: 'Clients',
  distProtocol: 'TCP',
  usePermanentDistKey: false,
  connectionTimeout: 50000,
  privateKey: <Buffer 2d 2d 2d 2d 2d 42 45 47 49 4e 20 52 53 41 20 50 52 49 56 41 54 45 20 4b 45 59 2d 2d 2d 2d 2d 0a 4d 49 49 45 70 41 49 42 41 41 4b 43 41 51 45 41 77 6e ... > }
Distribution protocol: TCP
Resp-actual/expected/ratio/ts: 0 1 0 1521611221813
connected to auth! from local port 42350
received auth hello!
{ authId: 401, nonce: <Buffer 73 b8 65 33 09 f0 14 71> }
received session key response with distribution key attached!
auth signature verified
replyNonce in sessionKeyResp: <Buffer b4 0b 8d 8e 1f 31 3c 02>
auth nonce verified
handleSessionKeyResp: session key request succeeded! authFailureCount: 0
updating distribution key: { cipherKeyVal: <Buffer ff e5 18 d1 42 7a 62 34 69 94 d0 2d 4e 36 2a 26>,
  macKeyVal: <Buffer 86 2d f3 1d 86 5d be ce 4c 18 2d d6 b0 a5 5c b9 5e 12 44 66 2e 88 e1 f1 46 7a 76 e8 6a 26 2e 51>,
  absValidity: 2018-03-21T06:47:01.989Z }
received 1 keys
currentSessionKey: [object Object]
Session protocol: TCP
chosen commSessionKey: 
{ id: 40100452,
  cipherKeyVal: <Buffer 01 3b a8 c7 8d 95 6a 13 98 36 1d 92 4d 60 18 a7>,
  macKeyVal: <Buffer e6 2e bf 80 08 80 13 75 76 35 04 b9 f1 d6 ac 34 2b f2 93 90 35 a2 9d 30 aa a1 71 b3 8c f5 45 08>,
  absValidity: 2018-03-22T05:47:01.989Z,
  relValidity: 7200000 }
options
{ serverHost: '10.0.1.18',
  serverPort: 22100,
  sessionKey: 
   { id: 40100452,
     cipherKeyVal: <Buffer 01 3b a8 c7 8d 95 6a 13 98 36 1d 92 4d 60 18 a7>,
     macKeyVal: <Buffer e6 2e bf 80 08 80 13 75 76 35 04 b9 f1 d6 ac 34 2b f2 93 90 35 a2 9d 30 aa a1 71 b3 8c f5 45 08>,
     absValidity: 2018-03-22T05:47:01.989Z,
     relValidity: 7200000 },
  sessionCryptoSpec: { cipher: 'AES-128-CBC', mac: 'SHA256' },
  sessionProtocol: 'TCP',
  handshakeTimeout: 50000 }
disconnected from auth
chosen nonce: <Buffer a4 44 ae 66 e5 4a 9e 25>
switching to HANDSHAKE_1_SENT
received session key handshake2!
client ret: [object Object]
server authenticated/authorized by solving nonce!
Handler: communication initialization succeeded
file data length: 1024
sending at Wed Mar 21 2018 05:47:02 GMT+0000 (UTC)
switching to IN_COMM
received secure communication message!
Received seqNum: 0
Handler: data received from server via secure communication
data1
Resp-actual/expected/ratio/ts: 1 1 1 1521611222921
Distribution protocol: TCP
Resp-actual/expected/ratio/ts: 1 2 0.5 1521611281870
connected to auth! from local port 42478
received auth hello!
{ authId: 401, nonce: <Buffer 2e d6 88 da 60 18 01 a8> }
received session key response encrypted with distribution key
replyNonce in sessionKeyResp: <Buffer 88 6d 8d 01 ba a4 ad cd>
auth nonce verified
handleSessionKeyResp: session key request succeeded! authFailureCount: 0
received 1 keys
currentSessionKey: [object Object]
Status: Secure connection closed before starting a new connection.
Session protocol: TCP
chosen commSessionKey: 
{ id: 40100458,
  cipherKeyVal: <Buffer 69 fa 5a 5c 20 63 15 13 a6 5e 13 34 52 ce 8c d0>,
  macKeyVal: <Buffer 8e b7 04 57 ef a5 a9 c7 77 be c2 09 f9 c2 78 24 42 d8 95 55 5f 06 d4 25 2f ce 32 3d 02 fe 7c 11>,
  absValidity: 2018-03-22T05:48:02.000Z,
  relValidity: 7200000 }
options
{ serverHost: '10.0.1.18',
  serverPort: 22100,
  sessionKey: 
   { id: 40100458,
     cipherKeyVal: <Buffer 69 fa 5a 5c 20 63 15 13 a6 5e 13 34 52 ce 8c d0>,
     macKeyVal: <Buffer 8e b7 04 57 ef a5 a9 c7 77 be c2 09 f9 c2 78 24 42 d8 95 55 5f 06 d4 25 2f ce 32 3d 02 fe 7c 11>,
     absValidity: 2018-03-22T05:48:02.000Z,
     relValidity: 7200000 },
  sessionCryptoSpec: { cipher: 'AES-128-CBC', mac: 'SHA256' },
  sessionProtocol: 'TCP',
  handshakeTimeout: 50000 }
chosen nonce: <Buffer 1c 18 01 07 5a 1c a6 ad>
switching to HANDSHAKE_1_SENT
disconnected from auth
Handler: secure connection with the server closed.
received session key handshake2!
client ret: [object Object]
server authenticated/authorized by solving nonce!
Handler: communication initialization succeeded
file data length: 1024
sending at Wed Mar 21 2018 05:48:02 GMT+0000 (UTC)
switching to IN_COMM
received secure communication message!
Received seqNum: 0
Handler: data received from server via secure communication
data1
Resp-actual/expected/ratio/ts: 2 2 1 1521611282826
Distribution protocol: TCP
Resp-actual/expected/ratio/ts: 2 3 0.6666666666666666 1521611341929
connected to auth! from local port 42714
received auth hello!
{ authId: 401, nonce: <Buffer 7d 69 fb 25 ca 24 2e f0> }
received session key response encrypted with distribution key
replyNonce in sessionKeyResp: <Buffer 07 15 be 86 a6 56 30 33>
auth nonce verified
handleSessionKeyResp: session key request succeeded! authFailureCount: 0
received 1 keys
currentSessionKey: [object Object]
Status: Secure connection closed before starting a new connection.
Session protocol: TCP
chosen commSessionKey: 
{ id: 40100464,
  cipherKeyVal: <Buffer c0 d4 d8 2c 43 d2 b0 c5 79 d3 dd 47 ef 28 8b 7e>,
  macKeyVal: <Buffer f1 eb 8a 20 c7 62 4d 52 79 d6 6f 2a e3 ed 27 9d 10 5b 84 fe 5d fb f1 cc 87 9c d9 e2 8a 61 e8 28>,
  absValidity: 2018-03-22T05:49:02.061Z,
  relValidity: 7200000 }
options
{ serverHost: '10.0.1.18',
  serverPort: 22100,
  sessionKey: 
   { id: 40100464,
     cipherKeyVal: <Buffer c0 d4 d8 2c 43 d2 b0 c5 79 d3 dd 47 ef 28 8b 7e>,
     macKeyVal: <Buffer f1 eb 8a 20 c7 62 4d 52 79 d6 6f 2a e3 ed 27 9d 10 5b 84 fe 5d fb f1 cc 87 9c d9 e2 8a 61 e8 28>,
     absValidity: 2018-03-22T05:49:02.061Z,
     relValidity: 7200000 },
  sessionCryptoSpec: { cipher: 'AES-128-CBC', mac: 'SHA256' },
  sessionProtocol: 'TCP',
  handshakeTimeout: 50000 }
chosen nonce: <Buffer 07 31 27 44 07 a1 b3 a7>
switching to HANDSHAKE_1_SENT
disconnected from auth
Handler: secure connection with the server closed.
received session key handshake2!
client ret: [object Object]
server authenticated/authorized by solving nonce!
Handler: communication initialization succeeded
file data length: 1024
sending at Wed Mar 21 2018 05:49:02 GMT+0000 (UTC)
switching to IN_COMM
received secure communication message!
Received seqNum: 0
Handler: data received from server via secure communication
data1
Resp-actual/expected/ratio/ts: 3 3 1 1521611342928
Distribution protocol: TCP
Resp-actual/expected/ratio/ts: 3 4 0.75 1521611401989
connected to auth! from local port 42984
received auth hello!
{ authId: 401, nonce: <Buffer 03 45 3d 2b b2 64 30 64> }
received session key response encrypted with distribution key
replyNonce in sessionKeyResp: <Buffer 08 a8 2f 97 5f 41 8c 07>
auth nonce verified
handleSessionKeyResp: session key request succeeded! authFailureCount: 0
received 1 keys
currentSessionKey: [object Object]
Status: Secure connection closed before starting a new connection.
Session protocol: TCP
chosen commSessionKey: 
{ id: 40100470,
  cipherKeyVal: <Buffer d5 2d 4f 4d 00 b2 e1 4c 0c 15 e9 12 af 14 88 cb>,
  macKeyVal: <Buffer 51 1b bc 3d 1e e4 69 09 36 b5 e5 62 5c 2d 5b d6 14 43 42 dd 53 43 d2 e4 7f 0a e5 16 33 6b 9c ae>,
  absValidity: 2018-03-22T05:50:02.118Z,
  relValidity: 7200000 }
options
{ serverHost: '10.0.1.18',
  serverPort: 22100,
  sessionKey: 
   { id: 40100470,
     cipherKeyVal: <Buffer d5 2d 4f 4d 00 b2 e1 4c 0c 15 e9 12 af 14 88 cb>,
     macKeyVal: <Buffer 51 1b bc 3d 1e e4 69 09 36 b5 e5 62 5c 2d 5b d6 14 43 42 dd 53 43 d2 e4 7f 0a e5 16 33 6b 9c ae>,
     absValidity: 2018-03-22T05:50:02.118Z,
     relValidity: 7200000 },
  sessionCryptoSpec: { cipher: 'AES-128-CBC', mac: 'SHA256' },
  sessionProtocol: 'TCP',
  handshakeTimeout: 50000 }
chosen nonce: <Buffer cd cd 41 cc ae 3d bf 16>
switching to HANDSHAKE_1_SENT
disconnected from auth
Handler: secure connection with the server closed.
received session key handshake2!
client ret: [object Object]
server authenticated/authorized by solving nonce!
Handler: communication initialization succeeded
file data length: 1024
sending at Wed Mar 21 2018 05:50:02 GMT+0000 (UTC)
switching to IN_COMM
received secure communication message!
Received seqNum: 0
Handler: data received from server via secure communication
data1
Resp-actual/expected/ratio/ts: 4 4 1 1521611402940
Distribution protocol: TCP
Resp-actual/expected/ratio/ts: 4 5 0.8 1521611462023
connected to auth! from local port 43254
received auth hello!
{ authId: 401, nonce: <Buffer 8a 2e 03 5f 47 09 b9 5c> }
received session key response encrypted with distribution key
replyNonce in sessionKeyResp: <Buffer ae 30 35 2c ca d3 e1 d5>
auth nonce verified
handleSessionKeyResp: session key request succeeded! authFailureCount: 0
received 1 keys
currentSessionKey: [object Object]
Status: Secure connection closed before starting a new connection.
Session protocol: TCP
chosen commSessionKey: 
{ id: 40100476,
  cipherKeyVal: <Buffer f5 48 27 f8 fe 88 d9 8a 4b bd ce 60 ff 7a 53 ec>,
  macKeyVal: <Buffer b3 13 9a 6f d9 48 49 e1 1a 9f 59 ac 27 7c e4 67 9f 65 68 a6 75 65 9d e7 78 89 31 e8 33 85 09 be>,
  absValidity: 2018-03-22T05:51:02.201Z,
  relValidity: 7200000 }
options
{ serverHost: '10.0.1.18',
  serverPort: 22100,
  sessionKey: 
   { id: 40100476,
     cipherKeyVal: <Buffer f5 48 27 f8 fe 88 d9 8a 4b bd ce 60 ff 7a 53 ec>,
     macKeyVal: <Buffer b3 13 9a 6f d9 48 49 e1 1a 9f 59 ac 27 7c e4 67 9f 65 68 a6 75 65 9d e7 78 89 31 e8 33 85 09 be>,
     absValidity: 2018-03-22T05:51:02.201Z,
     relValidity: 7200000 },
  sessionCryptoSpec: { cipher: 'AES-128-CBC', mac: 'SHA256' },
  sessionProtocol: 'TCP',
  handshakeTimeout: 50000 }
chosen nonce: <Buffer 4c 3d f5 2b 32 e1 0b 46>
switching to HANDSHAKE_1_SENT
disconnected from auth
Handler: secure connection with the server closed.
received session key handshake2!
client ret: [object Object]
server authenticated/authorized by solving nonce!
Handler: communication initialization succeeded
file data length: 1024
sending at Wed Mar 21 2018 05:51:02 GMT+0000 (UTC)
switching to IN_COMM
received secure communication message!
Received seqNum: 0
Handler: data received from server via secure communication
data1
Resp-actual/expected/ratio/ts: 5 5 1 1521611463124
Distribution protocol: TCP
Resp-actual/expected/ratio/ts: 5 6 0.8333333333333334 1521611522052
connected to auth! from local port 43524
received auth hello!
{ authId: 401, nonce: <Buffer 9e 33 1c 07 10 e1 7b e1> }
received session key response encrypted with distribution key
replyNonce in sessionKeyResp: <Buffer e0 59 4f a4 0f c6 63 2e>
auth nonce verified
handleSessionKeyResp: session key request succeeded! authFailureCount: 0
received 1 keys
currentSessionKey: [object Object]
Status: Secure connection closed before starting a new connection.
Session protocol: TCP
chosen commSessionKey: 
{ id: 40100482,
  cipherKeyVal: <Buffer dc 4f e8 d7 8c 7b ed 64 2d 53 1b 44 56 86 42 0d>,
  macKeyVal: <Buffer 39 5d 7f be 6c f3 81 ef 63 ec 1b ec e2 76 45 62 43 3d 32 1b 3d bc 59 2f 80 27 a1 0a cd 75 7a df>,
  absValidity: 2018-03-22T05:52:02.175Z,
  relValidity: 7200000 }
options
{ serverHost: '10.0.1.18',
  serverPort: 22100,
  sessionKey: 
   { id: 40100482,
     cipherKeyVal: <Buffer dc 4f e8 d7 8c 7b ed 64 2d 53 1b 44 56 86 42 0d>,
     macKeyVal: <Buffer 39 5d 7f be 6c f3 81 ef 63 ec 1b ec e2 76 45 62 43 3d 32 1b 3d bc 59 2f 80 27 a1 0a cd 75 7a df>,
     absValidity: 2018-03-22T05:52:02.175Z,
     relValidity: 7200000 },
  sessionCryptoSpec: { cipher: 'AES-128-CBC', mac: 'SHA256' },
  sessionProtocol: 'TCP',
  handshakeTimeout: 50000 }
chosen nonce: <Buffer 69 9a 53 3d cf 7c 42 85>
switching to HANDSHAKE_1_SENT
disconnected from auth
Handler: secure connection with the server closed.
received session key handshake2!
client ret: [object Object]
server authenticated/authorized by solving nonce!
Handler: communication initialization succeeded
file data length: 1024
sending at Wed Mar 21 2018 05:52:02 GMT+0000 (UTC)
switching to IN_COMM
received secure communication message!
Received seqNum: 0
Handler: data received from server via secure communication
data1
Resp-actual/expected/ratio/ts: 6 6 1 1521611523105
Distribution protocol: TCP
Resp-actual/expected/ratio/ts: 6 7 0.8571428571428571 1521611582109
connected to auth! from local port 43794
received auth hello!
{ authId: 401, nonce: <Buffer 2a a2 2c ed 57 be 66 c4> }
received session key response encrypted with distribution key
replyNonce in sessionKeyResp: <Buffer 0c 71 42 f2 3d eb 8d bc>
auth nonce verified
handleSessionKeyResp: session key request succeeded! authFailureCount: 0
received 1 keys
currentSessionKey: [object Object]
Status: Secure connection closed before starting a new connection.
Session protocol: TCP
chosen commSessionKey: 
{ id: 40100488,
  cipherKeyVal: <Buffer a2 48 e0 de e7 ed 84 3f e1 d1 62 c9 7c ba b2 6b>,
  macKeyVal: <Buffer 53 b6 68 a1 3e ac 4c 97 cc 0d c3 88 ca a2 0f c1 72 47 20 e5 d2 b8 c1 f7 c5 fa 04 a1 34 27 f4 2b>,
  absValidity: 2018-03-22T05:53:02.235Z,
  relValidity: 7200000 }
options
{ serverHost: '10.0.1.18',
  serverPort: 22100,
  sessionKey: 
   { id: 40100488,
     cipherKeyVal: <Buffer a2 48 e0 de e7 ed 84 3f e1 d1 62 c9 7c ba b2 6b>,
     macKeyVal: <Buffer 53 b6 68 a1 3e ac 4c 97 cc 0d c3 88 ca a2 0f c1 72 47 20 e5 d2 b8 c1 f7 c5 fa 04 a1 34 27 f4 2b>,
     absValidity: 2018-03-22T05:53:02.235Z,
     relValidity: 7200000 },
  sessionCryptoSpec: { cipher: 'AES-128-CBC', mac: 'SHA256' },
  sessionProtocol: 'TCP',
  handshakeTimeout: 50000 }
chosen nonce: <Buffer 77 c2 57 84 7b 92 96 2c>
switching to HANDSHAKE_1_SENT
disconnected from auth
Handler: secure connection with the server closed.
received session key handshake2!
client ret: [object Object]
server authenticated/authorized by solving nonce!
Handler: communication initialization succeeded
file data length: 1024
sending at Wed Mar 21 2018 05:53:02 GMT+0000 (UTC)
switching to IN_COMM
received secure communication message!
Received seqNum: 0
Handler: data received from server via secure communication
data1
Resp-actual/expected/ratio/ts: 7 7 1 1521611583184
Distribution protocol: TCP
Resp-actual/expected/ratio/ts: 7 8 0.875 1521611642169
connected to auth! from local port 44064
received auth hello!
{ authId: 401, nonce: <Buffer 73 48 19 d0 19 df 75 60> }
received session key response encrypted with distribution key
replyNonce in sessionKeyResp: <Buffer 9b 16 69 82 23 90 06 4b>
auth nonce verified
handleSessionKeyResp: session key request succeeded! authFailureCount: 0
received 1 keys
currentSessionKey: [object Object]
Status: Secure connection closed before starting a new connection.
Session protocol: TCP
chosen commSessionKey: 
{ id: 40100494,
  cipherKeyVal: <Buffer f7 68 76 28 15 be 3b 20 6a b5 b6 77 8d 52 d8 bd>,
  macKeyVal: <Buffer 7b 38 d4 78 cc 23 e6 f2 bf 04 3f 82 69 6d f7 2a cb c8 eb 36 0d 27 f5 ec 37 3d 49 b8 76 bc cc c4>,
  absValidity: 2018-03-22T05:54:02.314Z,
  relValidity: 7200000 }
options
{ serverHost: '10.0.1.18',
  serverPort: 22100,
  sessionKey: 
   { id: 40100494,
     cipherKeyVal: <Buffer f7 68 76 28 15 be 3b 20 6a b5 b6 77 8d 52 d8 bd>,
     macKeyVal: <Buffer 7b 38 d4 78 cc 23 e6 f2 bf 04 3f 82 69 6d f7 2a cb c8 eb 36 0d 27 f5 ec 37 3d 49 b8 76 bc cc c4>,
     absValidity: 2018-03-22T05:54:02.314Z,
     relValidity: 7200000 },
  sessionCryptoSpec: { cipher: 'AES-128-CBC', mac: 'SHA256' },
  sessionProtocol: 'TCP',
  handshakeTimeout: 50000 }
chosen nonce: <Buffer 97 4e a0 d2 9c d3 a1 7c>
switching to HANDSHAKE_1_SENT
disconnected from auth
Handler: secure connection with the server closed.
received session key handshake2!
client ret: [object Object]
server authenticated/authorized by solving nonce!
Handler: communication initialization succeeded
file data length: 1024
sending at Wed Mar 21 2018 05:54:02 GMT+0000 (UTC)
switching to IN_COMM
received secure communication message!
Received seqNum: 0
Handler: data received from server via secure communication
data1
Resp-actual/expected/ratio/ts: 8 8 1 1521611643251
Distribution protocol: TCP
Resp-actual/expected/ratio/ts: 8 9 0.8888888888888888 1521611702187
connected to auth! from local port 44322
received auth hello!
{ authId: 401, nonce: <Buffer bf da b2 8f 1e 53 ce 60> }
received session key response encrypted with distribution key
replyNonce in sessionKeyResp: <Buffer 35 f1 4d 5a 56 ca 09 4d>
auth nonce verified
handleSessionKeyResp: session key request succeeded! authFailureCount: 0
received 1 keys
currentSessionKey: [object Object]
Status: Secure connection closed before starting a new connection.
Session protocol: TCP
chosen commSessionKey: 
{ id: 40100500,
  cipherKeyVal: <Buffer 73 e9 20 be 45 0d c0 8b 2e a1 48 7d 5b 4a f7 44>,
  macKeyVal: <Buffer 40 e9 df 8e 62 41 ed 1f b9 97 62 36 dc 8d 9a 99 d9 d5 89 fa 93 2a a6 99 16 cf 8a d9 88 7c fb 48>,
  absValidity: 2018-03-22T05:55:02.309Z,
  relValidity: 7200000 }
options
{ serverHost: '10.0.1.18',
  serverPort: 22100,
  sessionKey: 
   { id: 40100500,
     cipherKeyVal: <Buffer 73 e9 20 be 45 0d c0 8b 2e a1 48 7d 5b 4a f7 44>,
     macKeyVal: <Buffer 40 e9 df 8e 62 41 ed 1f b9 97 62 36 dc 8d 9a 99 d9 d5 89 fa 93 2a a6 99 16 cf 8a d9 88 7c fb 48>,
     absValidity: 2018-03-22T05:55:02.309Z,
     relValidity: 7200000 },
  sessionCryptoSpec: { cipher: 'AES-128-CBC', mac: 'SHA256' },
  sessionProtocol: 'TCP',
  handshakeTimeout: 50000 }
chosen nonce: <Buffer a6 f4 bd df e3 1f 5e 5e>
switching to HANDSHAKE_1_SENT
disconnected from auth
Handler: secure connection with the server closed.
received session key handshake2!
client ret: [object Object]
server authenticated/authorized by solving nonce!
Handler: communication initialization succeeded
file data length: 1024
sending at Wed Mar 21 2018 05:55:02 GMT+0000 (UTC)
switching to IN_COMM
received secure communication message!
Received seqNum: 0
Handler: data received from server via secure communication
data1
Resp-actual/expected/ratio/ts: 9 9 1 1521611703283
Distribution protocol: TCP
Resp-actual/expected/ratio/ts: 9 10 0.9 1521611762245
connected to auth! from local port 44510
received auth hello!
{ authId: 401, nonce: <Buffer f1 6e 76 e1 79 a8 1c 65> }
received session key response encrypted with distribution key
replyNonce in sessionKeyResp: <Buffer 56 84 ea 45 88 a3 73 30>
auth nonce verified
handleSessionKeyResp: session key request succeeded! authFailureCount: 0
received 1 keys
currentSessionKey: [object Object]
Status: Secure connection closed before starting a new connection.
Session protocol: TCP
chosen commSessionKey: 
{ id: 40100506,
  cipherKeyVal: <Buffer d2 d9 b6 96 79 44 30 a9 ba 15 90 a1 22 1c 6c 8a>,
  macKeyVal: <Buffer 50 ff be 68 2a 99 b8 21 e8 73 05 2d b7 1e 2e c8 4c 33 68 1f a8 56 3b db 56 16 39 b8 15 47 b6 9f>,
  absValidity: 2018-03-22T05:56:02.395Z,
  relValidity: 7200000 }
options
{ serverHost: '10.0.1.18',
  serverPort: 22100,
  sessionKey: 
   { id: 40100506,
     cipherKeyVal: <Buffer d2 d9 b6 96 79 44 30 a9 ba 15 90 a1 22 1c 6c 8a>,
     macKeyVal: <Buffer 50 ff be 68 2a 99 b8 21 e8 73 05 2d b7 1e 2e c8 4c 33 68 1f a8 56 3b db 56 16 39 b8 15 47 b6 9f>,
     absValidity: 2018-03-22T05:56:02.395Z,
     relValidity: 7200000 },
  sessionCryptoSpec: { cipher: 'AES-128-CBC', mac: 'SHA256' },
  sessionProtocol: 'TCP',
  handshakeTimeout: 50000 }
chosen nonce: <Buffer b8 d6 5d 3d 14 d9 bf 73>
switching to HANDSHAKE_1_SENT
disconnected from auth
Handler: secure connection with the server closed.
received session key handshake2!
client ret: [object Object]
server authenticated/authorized by solving nonce!
Handler: communication initialization succeeded
file data length: 1024
sending at Wed Mar 21 2018 05:56:03 GMT+0000 (UTC)
switching to IN_COMM
received secure communication message!
Received seqNum: 0
Handler: data received from server via secure communication
data1
Resp-actual/expected/ratio/ts: 10 10 1 1521611763252
Distribution protocol: TCP
Resp-actual/expected/ratio/ts: 10 11 0.9090909090909091 1521611822301
connected to auth! from local port 44744
received auth hello!
{ authId: 401, nonce: <Buffer e2 16 60 f6 24 bb 0c 0f> }
received session key response encrypted with distribution key
replyNonce in sessionKeyResp: <Buffer 0c 68 d7 e1 71 08 4e 92>
auth nonce verified
handleSessionKeyResp: session key request succeeded! authFailureCount: 0
received 1 keys
currentSessionKey: [object Object]
Status: Secure connection closed before starting a new connection.
Session protocol: TCP
chosen commSessionKey: 
{ id: 40100512,
  cipherKeyVal: <Buffer 77 95 01 a5 df 73 78 46 60 d5 6b 2a 35 6d 57 34>,
  macKeyVal: <Buffer 3b ce e8 ae bb df 67 20 aa af 68 29 9c 4d 8e 40 95 a7 c2 a5 e3 59 53 89 c2 fd d2 89 aa fb 7c a7>,
  absValidity: 2018-03-22T05:57:02.462Z,
  relValidity: 7200000 }
options
{ serverHost: '10.0.1.18',
  serverPort: 22100,
  sessionKey: 
   { id: 40100512,
     cipherKeyVal: <Buffer 77 95 01 a5 df 73 78 46 60 d5 6b 2a 35 6d 57 34>,
     macKeyVal: <Buffer 3b ce e8 ae bb df 67 20 aa af 68 29 9c 4d 8e 40 95 a7 c2 a5 e3 59 53 89 c2 fd d2 89 aa fb 7c a7>,
     absValidity: 2018-03-22T05:57:02.462Z,
     relValidity: 7200000 },
  sessionCryptoSpec: { cipher: 'AES-128-CBC', mac: 'SHA256' },
  sessionProtocol: 'TCP',
  handshakeTimeout: 50000 }
chosen nonce: <Buffer 59 c6 42 93 ee 0f 11 6c>
switching to HANDSHAKE_1_SENT
disconnected from auth
Handler: secure connection with the server closed.
received session key handshake2!
client ret: [object Object]
server authenticated/authorized by solving nonce!
Handler: communication initialization succeeded
file data length: 1024
sending at Wed Mar 21 2018 05:57:03 GMT+0000 (UTC)
switching to IN_COMM
received secure communication message!
Received seqNum: 0
Handler: data received from server via secure communication
data1
Resp-actual/expected/ratio/ts: 11 11 1 1521611823300
Distribution protocol: TCP
Resp-actual/expected/ratio/ts: 11 12 0.9166666666666666 1521611882358
connected to auth! from local port 45022
received auth hello!
{ authId: 401, nonce: <Buffer a2 4f e3 b6 86 d2 d2 65> }
received session key response encrypted with distribution key
replyNonce in sessionKeyResp: <Buffer e8 4f 39 13 3f ea 38 a9>
auth nonce verified
handleSessionKeyResp: session key request succeeded! authFailureCount: 0
received 1 keys
currentSessionKey: [object Object]
Status: Secure connection closed before starting a new connection.
Session protocol: TCP
chosen commSessionKey: 
{ id: 40100522,
  cipherKeyVal: <Buffer 2d 47 c9 8b 51 47 8a cc 69 fc 50 c0 52 b1 b7 4f>,
  macKeyVal: <Buffer 19 9b e2 23 3c 98 0e 97 c5 b9 e0 1c 8a d3 f3 e5 49 4c 9d 11 90 ab 2e 4d 5e 75 99 8a 75 f8 58 55>,
  absValidity: 2018-03-22T05:58:02.513Z,
  relValidity: 7200000 }
options
{ serverHost: '10.0.1.18',
  serverPort: 22100,
  sessionKey: 
   { id: 40100522,
     cipherKeyVal: <Buffer 2d 47 c9 8b 51 47 8a cc 69 fc 50 c0 52 b1 b7 4f>,
     macKeyVal: <Buffer 19 9b e2 23 3c 98 0e 97 c5 b9 e0 1c 8a d3 f3 e5 49 4c 9d 11 90 ab 2e 4d 5e 75 99 8a 75 f8 58 55>,
     absValidity: 2018-03-22T05:58:02.513Z,
     relValidity: 7200000 },
  sessionCryptoSpec: { cipher: 'AES-128-CBC', mac: 'SHA256' },
  sessionProtocol: 'TCP',
  handshakeTimeout: 50000 }
chosen nonce: <Buffer 1e 40 92 c0 7b 51 13 8a>
switching to HANDSHAKE_1_SENT
disconnected from auth
Handler: secure connection with the server closed.
received session key handshake2!
client ret: [object Object]
server authenticated/authorized by solving nonce!
Handler: communication initialization succeeded
file data length: 1024
sending at Wed Mar 21 2018 05:58:03 GMT+0000 (UTC)
switching to IN_COMM
received secure communication message!
Received seqNum: 0
Handler: data received from server via secure communication
data1
Resp-actual/expected/ratio/ts: 12 12 1 1521611883524
Distribution protocol: TCP
Resp-actual/expected/ratio/ts: 12 13 0.9230769230769231 1521611942413
connected to auth! from local port 45316
received auth hello!
{ authId: 401, nonce: <Buffer 88 0d 9d 0f 12 0a 50 1a> }
received session key response encrypted with distribution key
replyNonce in sessionKeyResp: <Buffer 64 79 53 aa 4f 45 a4 55>
auth nonce verified
handleSessionKeyResp: session key request succeeded! authFailureCount: 0
received 1 keys
currentSessionKey: [object Object]
Status: Secure connection closed before starting a new connection.
Session protocol: TCP
chosen commSessionKey: 
{ id: 40100532,
  cipherKeyVal: <Buffer fe ab c8 11 d7 49 41 a9 f9 88 af d2 09 12 84 7b>,
  macKeyVal: <Buffer e0 f1 b8 db ed c8 d4 d5 47 f8 49 50 30 48 57 90 b0 af 44 a5 9b f0 e3 0d 9e 3c 43 6c 05 d4 6f c0>,
  absValidity: 2018-03-22T05:59:02.551Z,
  relValidity: 7200000 }
options
{ serverHost: '10.0.1.18',
  serverPort: 22100,
  sessionKey: 
   { id: 40100532,
     cipherKeyVal: <Buffer fe ab c8 11 d7 49 41 a9 f9 88 af d2 09 12 84 7b>,
     macKeyVal: <Buffer e0 f1 b8 db ed c8 d4 d5 47 f8 49 50 30 48 57 90 b0 af 44 a5 9b f0 e3 0d 9e 3c 43 6c 05 d4 6f c0>,
     absValidity: 2018-03-22T05:59:02.551Z,
     relValidity: 7200000 },
  sessionCryptoSpec: { cipher: 'AES-128-CBC', mac: 'SHA256' },
  sessionProtocol: 'TCP',
  handshakeTimeout: 50000 }
chosen nonce: <Buffer 31 ad 8f ba e4 3d b3 1e>
switching to HANDSHAKE_1_SENT
disconnected from auth
Handler: secure connection with the server closed.
received session key handshake2!
client ret: [object Object]
server authenticated/authorized by solving nonce!
Handler: communication initialization succeeded
file data length: 1024
sending at Wed Mar 21 2018 05:59:03 GMT+0000 (UTC)
switching to IN_COMM
received secure communication message!
Received seqNum: 0
Handler: data received from server via secure communication
data1
Resp-actual/expected/ratio/ts: 13 13 1 1521611943639
Distribution protocol: TCP
Resp-actual/expected/ratio/ts: 13 14 0.9285714285714286 1521612002473
connected to auth! from local port 45580
received auth hello!
{ authId: 401, nonce: <Buffer 23 60 17 b2 b2 f1 c6 94> }
received session key response encrypted with distribution key
replyNonce in sessionKeyResp: <Buffer 73 ba a5 1c e6 67 74 79>
auth nonce verified
handleSessionKeyResp: session key request succeeded! authFailureCount: 0
received 1 keys
currentSessionKey: [object Object]
Status: Secure connection closed before starting a new connection.
Session protocol: TCP
chosen commSessionKey: 
{ id: 40100542,
  cipherKeyVal: <Buffer 8c 6d 59 b8 af b8 4f ef f3 37 72 f0 39 3b b0 f9>,
  macKeyVal: <Buffer 7f 02 f6 ff 21 54 29 de 89 c4 3a e2 fe 5f 00 6a 62 2d ec 3b d9 20 ce 8e 53 ba dc 6e da 3a fb 0f>,
  absValidity: 2018-03-22T06:00:02.624Z,
  relValidity: 7200000 }
options
{ serverHost: '10.0.1.18',
  serverPort: 22100,
  sessionKey: 
   { id: 40100542,
     cipherKeyVal: <Buffer 8c 6d 59 b8 af b8 4f ef f3 37 72 f0 39 3b b0 f9>,
     macKeyVal: <Buffer 7f 02 f6 ff 21 54 29 de 89 c4 3a e2 fe 5f 00 6a 62 2d ec 3b d9 20 ce 8e 53 ba dc 6e da 3a fb 0f>,
     absValidity: 2018-03-22T06:00:02.624Z,
     relValidity: 7200000 },
  sessionCryptoSpec: { cipher: 'AES-128-CBC', mac: 'SHA256' },
  sessionProtocol: 'TCP',
  handshakeTimeout: 50000 }
chosen nonce: <Buffer 7c be 37 34 b9 d7 8a 5c>
switching to HANDSHAKE_1_SENT
disconnected from auth
Handler: secure connection with the server closed.
received session key handshake2!
client ret: [object Object]
server authenticated/authorized by solving nonce!
Handler: communication initialization succeeded
file data length: 1024
sending at Wed Mar 21 2018 06:00:03 GMT+0000 (UTC)
switching to IN_COMM
received secure communication message!
Received seqNum: 0
Handler: data received from server via secure communication
data1
Resp-actual/expected/ratio/ts: 14 14 1 1521612003654
Distribution protocol: TCP
Resp-actual/expected/ratio/ts: 14 15 0.9333333333333333 1521612062532
connected to auth! from local port 45846
received auth hello!
{ authId: 401, nonce: <Buffer d6 db 05 14 d0 72 ec 35> }
received session key response encrypted with distribution key
replyNonce in sessionKeyResp: <Buffer 7e f1 91 f8 f5 d2 8c ff>
auth nonce verified
handleSessionKeyResp: session key request succeeded! authFailureCount: 0
received 1 keys
currentSessionKey: [object Object]
Status: Secure connection closed before starting a new connection.
Session protocol: TCP
chosen commSessionKey: 
{ id: 40100553,
  cipherKeyVal: <Buffer dc 65 ea f3 5d 48 f9 9a dc 05 ce 25 4b 0e ad a1>,
  macKeyVal: <Buffer 8d 6e 0d a3 e7 cb d6 2c 76 c6 ff 61 11 73 c6 b7 d0 04 b3 e9 ae dc c5 d6 06 73 5e 05 bc 90 1a ae>,
  absValidity: 2018-03-22T06:01:02.654Z,
  relValidity: 7200000 }
options
{ serverHost: '10.0.1.18',
  serverPort: 22100,
  sessionKey: 
   { id: 40100553,
     cipherKeyVal: <Buffer dc 65 ea f3 5d 48 f9 9a dc 05 ce 25 4b 0e ad a1>,
     macKeyVal: <Buffer 8d 6e 0d a3 e7 cb d6 2c 76 c6 ff 61 11 73 c6 b7 d0 04 b3 e9 ae dc c5 d6 06 73 5e 05 bc 90 1a ae>,
     absValidity: 2018-03-22T06:01:02.654Z,
     relValidity: 7200000 },
  sessionCryptoSpec: { cipher: 'AES-128-CBC', mac: 'SHA256' },
  sessionProtocol: 'TCP',
  handshakeTimeout: 50000 }
chosen nonce: <Buffer cf 21 1d 6a 14 3e 95 87>
switching to HANDSHAKE_1_SENT
disconnected from auth
Handler: secure connection with the server closed.
received session key handshake2!
client ret: [object Object]
server authenticated/authorized by solving nonce!
Handler: communication initialization succeeded
file data length: 1024
sending at Wed Mar 21 2018 06:01:03 GMT+0000 (UTC)
switching to IN_COMM
received secure communication message!
Received seqNum: 0
Handler: data received from server via secure communication
data1
Resp-actual/expected/ratio/ts: 15 15 1 1521612063605
Distribution protocol: TCP
Resp-actual/expected/ratio/ts: 15 16 0.9375 1521612122591
connected to auth! from local port 46112
received auth hello!
{ authId: 401, nonce: <Buffer 7f 6f 2e 1c 85 3d 42 e0> }
received session key response encrypted with distribution key
replyNonce in sessionKeyResp: <Buffer fb 32 b2 f6 66 a1 d0 c2>
auth nonce verified
handleSessionKeyResp: session key request succeeded! authFailureCount: 0
received 1 keys
currentSessionKey: [object Object]
Status: Secure connection closed before starting a new connection.
Session protocol: TCP
chosen commSessionKey: 
{ id: 40100564,
  cipherKeyVal: <Buffer da 29 03 ae 9a d1 6c 32 af e5 95 58 b8 5f 1c a0>,
  macKeyVal: <Buffer ca 71 2d 54 8a a3 af 79 15 00 a2 f0 58 ce 5f cc 0a 5c 6e 71 16 f0 aa c8 5c 9e 6d 5c 95 9e 97 a4>,
  absValidity: 2018-03-22T06:02:02.735Z,
  relValidity: 7200000 }
options
{ serverHost: '10.0.1.18',
  serverPort: 22100,
  sessionKey: 
   { id: 40100564,
     cipherKeyVal: <Buffer da 29 03 ae 9a d1 6c 32 af e5 95 58 b8 5f 1c a0>,
     macKeyVal: <Buffer ca 71 2d 54 8a a3 af 79 15 00 a2 f0 58 ce 5f cc 0a 5c 6e 71 16 f0 aa c8 5c 9e 6d 5c 95 9e 97 a4>,
     absValidity: 2018-03-22T06:02:02.735Z,
     relValidity: 7200000 },
  sessionCryptoSpec: { cipher: 'AES-128-CBC', mac: 'SHA256' },
  sessionProtocol: 'TCP',
  handshakeTimeout: 50000 }
chosen nonce: <Buffer 71 0a 7e e7 e7 13 4b 4b>
switching to HANDSHAKE_1_SENT
disconnected from auth
Handler: secure connection with the server closed.
received session key handshake2!
client ret: [object Object]
server authenticated/authorized by solving nonce!
Handler: communication initialization succeeded
file data length: 1024
sending at Wed Mar 21 2018 06:02:03 GMT+0000 (UTC)
switching to IN_COMM
received secure communication message!
Received seqNum: 0
Handler: data received from server via secure communication
data1
Resp-actual/expected/ratio/ts: 16 16 1 1521612123809
Distribution protocol: TCP
Resp-actual/expected/ratio/ts: 16 17 0.9411764705882353 1521612182639
connected to auth! from local port 46378
received auth hello!
{ authId: 401, nonce: <Buffer ca 65 19 35 93 b2 42 1f> }
received session key response encrypted with distribution key
replyNonce in sessionKeyResp: <Buffer e1 9f 78 86 e6 64 7d 4d>
auth nonce verified
handleSessionKeyResp: session key request succeeded! authFailureCount: 0
received 1 keys
currentSessionKey: [object Object]
Status: Secure connection closed before starting a new connection.
Session protocol: TCP
chosen commSessionKey: 
{ id: 40100575,
  cipherKeyVal: <Buffer 0c 4b c1 e4 e2 3b 12 4b f6 be 9d e2 8c 57 fa 1a>,
  macKeyVal: <Buffer 47 09 35 8d 7e 17 8a d3 e5 e5 58 ca 8d 41 0f 5a 39 8c ee 57 5e 93 23 a7 3a d5 0c dd 7e 56 cf ae>,
  absValidity: 2018-03-22T06:03:02.828Z,
  relValidity: 7200000 }
options
{ serverHost: '10.0.1.18',
  serverPort: 22100,
  sessionKey: 
   { id: 40100575,
     cipherKeyVal: <Buffer 0c 4b c1 e4 e2 3b 12 4b f6 be 9d e2 8c 57 fa 1a>,
     macKeyVal: <Buffer 47 09 35 8d 7e 17 8a d3 e5 e5 58 ca 8d 41 0f 5a 39 8c ee 57 5e 93 23 a7 3a d5 0c dd 7e 56 cf ae>,
     absValidity: 2018-03-22T06:03:02.828Z,
     relValidity: 7200000 },
  sessionCryptoSpec: { cipher: 'AES-128-CBC', mac: 'SHA256' },
  sessionProtocol: 'TCP',
  handshakeTimeout: 50000 }
chosen nonce: <Buffer 53 81 f6 2a cc ab d9 18>
switching to HANDSHAKE_1_SENT
disconnected from auth
Handler: secure connection with the server closed.
received session key handshake2!
client ret: [object Object]
server authenticated/authorized by solving nonce!
Handler: communication initialization succeeded
file data length: 1024
sending at Wed Mar 21 2018 06:03:03 GMT+0000 (UTC)
switching to IN_COMM
received secure communication message!
Received seqNum: 0
Handler: data received from server via secure communication
data1
Resp-actual/expected/ratio/ts: 17 17 1 1521612183997
Distribution protocol: TCP
Resp-actual/expected/ratio/ts: 17 18 0.9444444444444444 1521612242663
connected to auth! from local port 46644
received auth hello!
{ authId: 401, nonce: <Buffer 42 81 42 b8 02 b3 c3 18> }
received session key response encrypted with distribution key
replyNonce in sessionKeyResp: <Buffer f1 d7 9a 92 06 01 68 d1>
auth nonce verified
handleSessionKeyResp: session key request succeeded! authFailureCount: 0
received 1 keys
currentSessionKey: [object Object]
Status: Secure connection closed before starting a new connection.
Session protocol: TCP
chosen commSessionKey: 
{ id: 40100586,
  cipherKeyVal: <Buffer ab b4 e3 7b f0 47 f5 05 99 80 ac ef 98 be 49 6c>,
  macKeyVal: <Buffer 11 c7 55 47 54 a7 c3 3e e0 a6 bd e3 c7 9c 64 2a a7 eb 6d 63 b6 16 6d 62 4d 61 8a 4b 53 8b c4 1a>,
  absValidity: 2018-03-22T06:04:02.839Z,
  relValidity: 7200000 }
options
{ serverHost: '10.0.1.18',
  serverPort: 22100,
  sessionKey: 
   { id: 40100586,
     cipherKeyVal: <Buffer ab b4 e3 7b f0 47 f5 05 99 80 ac ef 98 be 49 6c>,
     macKeyVal: <Buffer 11 c7 55 47 54 a7 c3 3e e0 a6 bd e3 c7 9c 64 2a a7 eb 6d 63 b6 16 6d 62 4d 61 8a 4b 53 8b c4 1a>,
     absValidity: 2018-03-22T06:04:02.839Z,
     relValidity: 7200000 },
  sessionCryptoSpec: { cipher: 'AES-128-CBC', mac: 'SHA256' },
  sessionProtocol: 'TCP',
  handshakeTimeout: 50000 }
chosen nonce: <Buffer c9 48 98 14 76 36 92 c7>
switching to HANDSHAKE_1_SENT
disconnected from auth
Handler: secure connection with the server closed.
received session key handshake2!
client ret: [object Object]
server authenticated/authorized by solving nonce!
Handler: communication initialization succeeded
file data length: 1024
sending at Wed Mar 21 2018 06:04:03 GMT+0000 (UTC)
switching to IN_COMM
received secure communication message!
Received seqNum: 0
Handler: data received from server via secure communication
data1
Resp-actual/expected/ratio/ts: 18 18 1 1521612244190
Distribution protocol: TCP
Resp-actual/expected/ratio/ts: 18 19 0.9473684210526315 1521612302721
connected to auth! from local port 46910
received auth hello!
{ authId: 401, nonce: <Buffer d8 77 a6 c3 ca 5f e9 e5> }
received session key response encrypted with distribution key
replyNonce in sessionKeyResp: <Buffer 63 02 05 23 96 7a 42 b3>
auth nonce verified
handleSessionKeyResp: session key request succeeded! authFailureCount: 0
received 1 keys
currentSessionKey: [object Object]
Status: Secure connection closed before starting a new connection.
Session protocol: TCP
chosen commSessionKey: 
{ id: 40100597,
  cipherKeyVal: <Buffer 6e e3 aa b4 79 d4 25 ad 8d ee 44 da 90 f0 46 be>,
  macKeyVal: <Buffer d9 41 70 0f ea 2f f3 3b 89 89 6a 4c 51 42 bd 88 ce 24 9c 73 f5 db 4b f8 02 f8 80 96 c7 12 9e 6a>,
  absValidity: 2018-03-22T06:05:02.893Z,
  relValidity: 7200000 }
options
{ serverHost: '10.0.1.18',
  serverPort: 22100,
  sessionKey: 
   { id: 40100597,
     cipherKeyVal: <Buffer 6e e3 aa b4 79 d4 25 ad 8d ee 44 da 90 f0 46 be>,
     macKeyVal: <Buffer d9 41 70 0f ea 2f f3 3b 89 89 6a 4c 51 42 bd 88 ce 24 9c 73 f5 db 4b f8 02 f8 80 96 c7 12 9e 6a>,
     absValidity: 2018-03-22T06:05:02.893Z,
     relValidity: 7200000 },
  sessionCryptoSpec: { cipher: 'AES-128-CBC', mac: 'SHA256' },
  sessionProtocol: 'TCP',
  handshakeTimeout: 50000 }
chosen nonce: <Buffer a3 d8 c6 93 b6 9e 38 b2>
switching to HANDSHAKE_1_SENT
disconnected from auth
Handler: secure connection with the server closed.
received session key handshake2!
client ret: [object Object]
server authenticated/authorized by solving nonce!
Handler: communication initialization succeeded
file data length: 1024
sending at Wed Mar 21 2018 06:05:03 GMT+0000 (UTC)
switching to IN_COMM
received secure communication message!
Received seqNum: 0
Handler: data received from server via secure communication
data1
Resp-actual/expected/ratio/ts: 19 19 1 1521612304107
Distribution protocol: TCP
Resp-actual/expected/ratio/ts: 19 20 0.95 1521612362777
connected to auth! from local port 47176
received auth hello!
{ authId: 401, nonce: <Buffer 11 5d ad c9 0f a5 0c 82> }
received session key response encrypted with distribution key
replyNonce in sessionKeyResp: <Buffer 02 3c f4 ba fa 93 19 a2>
auth nonce verified
handleSessionKeyResp: session key request succeeded! authFailureCount: 0
received 1 keys
currentSessionKey: [object Object]
Status: Secure connection closed before starting a new connection.
Session protocol: TCP
chosen commSessionKey: 
{ id: 40100608,
  cipherKeyVal: <Buffer ee 13 11 af 36 ef 2e 3e 68 9b 04 00 5b b3 f9 c2>,
  macKeyVal: <Buffer dc 33 ec 88 29 bc 8c 75 31 87 35 ef c5 65 bf e1 0f 95 7c 75 47 8b 88 f1 9c 9b 1e b3 75 18 89 5d>,
  absValidity: 2018-03-22T06:06:02.937Z,
  relValidity: 7200000 }
options
{ serverHost: '10.0.1.18',
  serverPort: 22100,
  sessionKey: 
   { id: 40100608,
     cipherKeyVal: <Buffer ee 13 11 af 36 ef 2e 3e 68 9b 04 00 5b b3 f9 c2>,
     macKeyVal: <Buffer dc 33 ec 88 29 bc 8c 75 31 87 35 ef c5 65 bf e1 0f 95 7c 75 47 8b 88 f1 9c 9b 1e b3 75 18 89 5d>,
     absValidity: 2018-03-22T06:06:02.937Z,
     relValidity: 7200000 },
  sessionCryptoSpec: { cipher: 'AES-128-CBC', mac: 'SHA256' },
  sessionProtocol: 'TCP',
  handshakeTimeout: 50000 }
chosen nonce: <Buffer c9 14 05 4f 42 14 9b d4>
switching to HANDSHAKE_1_SENT
disconnected from auth
Handler: secure connection with the server closed.
received session key handshake2!
client ret: [object Object]
server authenticated/authorized by solving nonce!
Handler: communication initialization succeeded
file data length: 1024
sending at Wed Mar 21 2018 06:06:03 GMT+0000 (UTC)
switching to IN_COMM
received secure communication message!
Received seqNum: 0
Handler: data received from server via secure communication
data1
Resp-actual/expected/ratio/ts: 20 20 1 1521612363881
Distribution protocol: TCP
Resp-actual/expected/ratio/ts: 20 21 0.9523809523809523 1521612422833
connected to auth! from local port 47442
received auth hello!
{ authId: 401, nonce: <Buffer 70 7b fc c0 73 cf e6 f4> }
received session key response encrypted with distribution key
replyNonce in sessionKeyResp: <Buffer b4 24 a6 13 83 62 be a0>
auth nonce verified
handleSessionKeyResp: session key request succeeded! authFailureCount: 0
received 1 keys
currentSessionKey: [object Object]
Status: Secure connection closed before starting a new connection.
Session protocol: TCP
chosen commSessionKey: 
{ id: 40100619,
  cipherKeyVal: <Buffer b8 86 0b f1 e8 19 3e 96 4b 8d ce 20 73 47 31 1b>,
  macKeyVal: <Buffer e3 09 f2 6a 93 4e 81 29 bf 02 49 a3 a5 a5 a3 fb 09 95 f6 11 4a 36 67 8b ba 07 20 b0 3b 87 99 72>,
  absValidity: 2018-03-22T06:07:02.968Z,
  relValidity: 7200000 }
options
{ serverHost: '10.0.1.18',
  serverPort: 22100,
  sessionKey: 
   { id: 40100619,
     cipherKeyVal: <Buffer b8 86 0b f1 e8 19 3e 96 4b 8d ce 20 73 47 31 1b>,
     macKeyVal: <Buffer e3 09 f2 6a 93 4e 81 29 bf 02 49 a3 a5 a5 a3 fb 09 95 f6 11 4a 36 67 8b ba 07 20 b0 3b 87 99 72>,
     absValidity: 2018-03-22T06:07:02.968Z,
     relValidity: 7200000 },
  sessionCryptoSpec: { cipher: 'AES-128-CBC', mac: 'SHA256' },
  sessionProtocol: 'TCP',
  handshakeTimeout: 50000 }
chosen nonce: <Buffer ea 14 7b 8c d5 3b 26 b9>
switching to HANDSHAKE_1_SENT
disconnected from auth
Handler: secure connection with the server closed.
received session key handshake2!
client ret: [object Object]
server authenticated/authorized by solving nonce!
Handler: communication initialization succeeded
file data length: 1024
sending at Wed Mar 21 2018 06:07:03 GMT+0000 (UTC)
switching to IN_COMM
received secure communication message!
Received seqNum: 0
Handler: data received from server via secure communication
data1
Resp-actual/expected/ratio/ts: 21 21 1 1521612423961
Distribution protocol: TCP
Resp-actual/expected/ratio/ts: 21 22 0.9545454545454546 1521612482866
connected to auth! from local port 47708
received auth hello!
{ authId: 401, nonce: <Buffer cb 21 2d fb c8 8f 60 06> }
received session key response encrypted with distribution key
replyNonce in sessionKeyResp: <Buffer bf 27 60 2d 7e fd b0 be>
auth nonce verified
handleSessionKeyResp: session key request succeeded! authFailureCount: 0
received 1 keys
currentSessionKey: [object Object]
Status: Secure connection closed before starting a new connection.
Session protocol: TCP
chosen commSessionKey: 
{ id: 40100630,
  cipherKeyVal: <Buffer fb 44 a5 0b 27 3f c7 c1 b1 ca c2 c4 3c a1 05 41>,
  macKeyVal: <Buffer 60 92 10 78 7d 8a c6 76 7b c7 c1 41 83 4a 1f 8a b4 f7 ff 7e 61 2e 36 2c 56 d1 8b 33 58 c7 72 0a>,
  absValidity: 2018-03-22T06:08:03.010Z,
  relValidity: 7200000 }
options
{ serverHost: '10.0.1.18',
  serverPort: 22100,
  sessionKey: 
   { id: 40100630,
     cipherKeyVal: <Buffer fb 44 a5 0b 27 3f c7 c1 b1 ca c2 c4 3c a1 05 41>,
     macKeyVal: <Buffer 60 92 10 78 7d 8a c6 76 7b c7 c1 41 83 4a 1f 8a b4 f7 ff 7e 61 2e 36 2c 56 d1 8b 33 58 c7 72 0a>,
     absValidity: 2018-03-22T06:08:03.010Z,
     relValidity: 7200000 },
  sessionCryptoSpec: { cipher: 'AES-128-CBC', mac: 'SHA256' },
  sessionProtocol: 'TCP',
  handshakeTimeout: 50000 }
chosen nonce: <Buffer 39 12 18 b3 86 7c 33 5c>
switching to HANDSHAKE_1_SENT
disconnected from auth
Handler: secure connection with the server closed.
received session key handshake2!
client ret: [object Object]
server authenticated/authorized by solving nonce!
Handler: communication initialization succeeded
file data length: 1024
sending at Wed Mar 21 2018 06:08:03 GMT+0000 (UTC)
switching to IN_COMM
received secure communication message!
Received seqNum: 0
Handler: data received from server via secure communication
data1
Resp-actual/expected/ratio/ts: 22 22 1 1521612483897
Distribution protocol: TCP
Resp-actual/expected/ratio/ts: 22 23 0.9565217391304348 1521612542882
connected to auth! from local port 47974
received auth hello!
{ authId: 401, nonce: <Buffer 4a 81 e0 94 f5 c0 5c 43> }
received session key response encrypted with distribution key
replyNonce in sessionKeyResp: <Buffer ce b2 46 4b 03 13 33 ec>
auth nonce verified
handleSessionKeyResp: session key request succeeded! authFailureCount: 0
received 1 keys
currentSessionKey: [object Object]
Status: Secure connection closed before starting a new connection.
Session protocol: TCP
chosen commSessionKey: 
{ id: 40100641,
  cipherKeyVal: <Buffer 17 ea 93 c9 78 13 d8 19 61 8f 72 49 0c 71 f0 14>,
  macKeyVal: <Buffer b7 2a 19 1c b3 78 1a 22 de c6 2c 8c da 94 0c 9c a6 2f 4b ce d7 6d 20 5d 1a 2f 0a 93 67 a5 8f f3>,
  absValidity: 2018-03-22T06:09:03.013Z,
  relValidity: 7200000 }
options
{ serverHost: '10.0.1.18',
  serverPort: 22100,
  sessionKey: 
   { id: 40100641,
     cipherKeyVal: <Buffer 17 ea 93 c9 78 13 d8 19 61 8f 72 49 0c 71 f0 14>,
     macKeyVal: <Buffer b7 2a 19 1c b3 78 1a 22 de c6 2c 8c da 94 0c 9c a6 2f 4b ce d7 6d 20 5d 1a 2f 0a 93 67 a5 8f f3>,
     absValidity: 2018-03-22T06:09:03.013Z,
     relValidity: 7200000 },
  sessionCryptoSpec: { cipher: 'AES-128-CBC', mac: 'SHA256' },
  sessionProtocol: 'TCP',
  handshakeTimeout: 50000 }
chosen nonce: <Buffer 61 49 f6 24 00 2a b5 a0>
switching to HANDSHAKE_1_SENT
disconnected from auth
Handler: secure connection with the server closed.
received session key handshake2!
client ret: [object Object]
server authenticated/authorized by solving nonce!
Handler: communication initialization succeeded
file data length: 1024
sending at Wed Mar 21 2018 06:09:03 GMT+0000 (UTC)
switching to IN_COMM
received secure communication message!
Received seqNum: 0
Handler: data received from server via secure communication
data1
Resp-actual/expected/ratio/ts: 23 23 1 1521612544049
Distribution protocol: TCP
Resp-actual/expected/ratio/ts: 23 24 0.9583333333333334 1521612602930
connected to auth! from local port 48240
received auth hello!
{ authId: 401, nonce: <Buffer 1b 1d cc b9 4e 5f 4a 50> }
received session key response encrypted with distribution key
replyNonce in sessionKeyResp: <Buffer 39 af 46 30 3c f6 c4 9e>
auth nonce verified
handleSessionKeyResp: session key request succeeded! authFailureCount: 0
received 1 keys
currentSessionKey: [object Object]
Status: Secure connection closed before starting a new connection.
Session protocol: TCP
chosen commSessionKey: 
{ id: 40100652,
  cipherKeyVal: <Buffer b3 a7 b3 61 cc 1a 6d f3 46 f0 7d 1b 40 e1 9c 73>,
  macKeyVal: <Buffer a8 c4 be 3c 95 30 49 f0 5b 58 95 61 d1 8d 8a cd 17 8c 6a 6e a0 37 d6 f0 20 1e e7 8c f0 2e b8 a4>,
  absValidity: 2018-03-22T06:10:03.058Z,
  relValidity: 7200000 }
options
{ serverHost: '10.0.1.18',
  serverPort: 22100,
  sessionKey: 
   { id: 40100652,
     cipherKeyVal: <Buffer b3 a7 b3 61 cc 1a 6d f3 46 f0 7d 1b 40 e1 9c 73>,
     macKeyVal: <Buffer a8 c4 be 3c 95 30 49 f0 5b 58 95 61 d1 8d 8a cd 17 8c 6a 6e a0 37 d6 f0 20 1e e7 8c f0 2e b8 a4>,
     absValidity: 2018-03-22T06:10:03.058Z,
     relValidity: 7200000 },
  sessionCryptoSpec: { cipher: 'AES-128-CBC', mac: 'SHA256' },
  sessionProtocol: 'TCP',
  handshakeTimeout: 50000 }
chosen nonce: <Buffer 74 aa ff 82 81 99 2f 57>
switching to HANDSHAKE_1_SENT
disconnected from auth
Handler: secure connection with the server closed.
received session key handshake2!
client ret: [object Object]
server authenticated/authorized by solving nonce!
Handler: communication initialization succeeded
file data length: 1024
sending at Wed Mar 21 2018 06:10:03 GMT+0000 (UTC)
switching to IN_COMM
received secure communication message!
Received seqNum: 0
Handler: data received from server via secure communication
data1
Resp-actual/expected/ratio/ts: 24 24 1 1521612604091
Distribution protocol: TCP
Resp-actual/expected/ratio/ts: 24 25 0.96 1521612662989
connected to auth! from local port 48506
received auth hello!
{ authId: 401, nonce: <Buffer 63 38 e1 d2 11 eb b3 dc> }
received session key response encrypted with distribution key
replyNonce in sessionKeyResp: <Buffer 65 ad 8f f9 c7 6d 6a ff>
auth nonce verified
handleSessionKeyResp: session key request succeeded! authFailureCount: 0
received 1 keys
currentSessionKey: [object Object]
Status: Secure connection closed before starting a new connection.
Session protocol: TCP
chosen commSessionKey: 
{ id: 40100663,
  cipherKeyVal: <Buffer 70 90 04 39 d7 91 9f 92 10 65 b4 5b d7 69 1c db>,
  macKeyVal: <Buffer d4 30 0f ac 43 68 53 70 ce 09 2b 44 5d a5 8b 9c 33 45 8c 65 fe 90 95 bc f9 9b 44 00 21 8d 81 b3>,
  absValidity: 2018-03-22T06:11:03.138Z,
  relValidity: 7200000 }
options
{ serverHost: '10.0.1.18',
  serverPort: 22100,
  sessionKey: 
   { id: 40100663,
     cipherKeyVal: <Buffer 70 90 04 39 d7 91 9f 92 10 65 b4 5b d7 69 1c db>,
     macKeyVal: <Buffer d4 30 0f ac 43 68 53 70 ce 09 2b 44 5d a5 8b 9c 33 45 8c 65 fe 90 95 bc f9 9b 44 00 21 8d 81 b3>,
     absValidity: 2018-03-22T06:11:03.138Z,
     relValidity: 7200000 },
  sessionCryptoSpec: { cipher: 'AES-128-CBC', mac: 'SHA256' },
  sessionProtocol: 'TCP',
  handshakeTimeout: 50000 }
chosen nonce: <Buffer 6c 06 b4 fe 92 77 c6 cc>
switching to HANDSHAKE_1_SENT
disconnected from auth
Handler: secure connection with the server closed.
received session key handshake2!
client ret: [object Object]
server authenticated/authorized by solving nonce!
Handler: communication initialization succeeded
file data length: 1024
sending at Wed Mar 21 2018 06:11:03 GMT+0000 (UTC)
switching to IN_COMM
received secure communication message!
Received seqNum: 0
Handler: data received from server via secure communication
data1
Resp-actual/expected/ratio/ts: 25 25 1 1521612664113
Distribution protocol: TCP
Resp-actual/expected/ratio/ts: 25 26 0.9615384615384616 1521612723048
connected to auth! from local port 48772
received auth hello!
{ authId: 401, nonce: <Buffer b9 99 49 38 a4 97 06 5a> }
received session key response encrypted with distribution key
replyNonce in sessionKeyResp: <Buffer c1 0a 2a fd 3a ea af f1>
auth nonce verified
handleSessionKeyResp: session key request succeeded! authFailureCount: 0
received 1 keys
currentSessionKey: [object Object]
Status: Secure connection closed before starting a new connection.
Session protocol: TCP
chosen commSessionKey: 
{ id: 40100674,
  cipherKeyVal: <Buffer 7f 07 e3 84 b3 65 5b c7 10 9c b0 b3 b2 a1 08 76>,
  macKeyVal: <Buffer 81 09 e2 bd 14 5d 31 0e 6d 3e d4 1b d5 84 a5 ed 25 27 94 6c d4 ab 39 d8 84 e9 dd 8c 73 06 90 56>,
  absValidity: 2018-03-22T06:12:03.177Z,
  relValidity: 7200000 }
options
{ serverHost: '10.0.1.18',
  serverPort: 22100,
  sessionKey: 
   { id: 40100674,
     cipherKeyVal: <Buffer 7f 07 e3 84 b3 65 5b c7 10 9c b0 b3 b2 a1 08 76>,
     macKeyVal: <Buffer 81 09 e2 bd 14 5d 31 0e 6d 3e d4 1b d5 84 a5 ed 25 27 94 6c d4 ab 39 d8 84 e9 dd 8c 73 06 90 56>,
     absValidity: 2018-03-22T06:12:03.177Z,
     relValidity: 7200000 },
  sessionCryptoSpec: { cipher: 'AES-128-CBC', mac: 'SHA256' },
  sessionProtocol: 'TCP',
  handshakeTimeout: 50000 }
chosen nonce: <Buffer de 79 e0 ee 77 b9 97 e3>
switching to HANDSHAKE_1_SENT
disconnected from auth
Handler: secure connection with the server closed.
received session key handshake2!
client ret: [object Object]
server authenticated/authorized by solving nonce!
Handler: communication initialization succeeded
file data length: 1024
sending at Wed Mar 21 2018 06:12:03 GMT+0000 (UTC)
switching to IN_COMM
received secure communication message!
Received seqNum: 0
Handler: data received from server via secure communication
data1
Resp-actual/expected/ratio/ts: 26 26 1 1521612724140
Distribution protocol: TCP
Resp-actual/expected/ratio/ts: 26 27 0.9629629629629629 1521612783057
connected to auth! from local port 49038
received auth hello!
{ authId: 401, nonce: <Buffer dc 83 23 c7 5c 6a 39 c4> }
received session key response encrypted with distribution key
replyNonce in sessionKeyResp: <Buffer 4e 9b 6f c6 ee 6c 42 4b>
auth nonce verified
handleSessionKeyResp: session key request succeeded! authFailureCount: 0
received 1 keys
currentSessionKey: [object Object]
Status: Secure connection closed before starting a new connection.
Session protocol: TCP
chosen commSessionKey: 
{ id: 40100685,
  cipherKeyVal: <Buffer 08 7f 91 88 70 6e f5 ef bf 34 d4 3d a0 56 30 bc>,
  macKeyVal: <Buffer 95 17 17 c5 bb 9a 2c 1f 20 1b 17 cd cc 06 cb 49 27 c8 39 62 74 67 55 18 94 a1 49 dc 5b 86 43 d5>,
  absValidity: 2018-03-22T06:13:03.195Z,
  relValidity: 7200000 }
options
{ serverHost: '10.0.1.18',
  serverPort: 22100,
  sessionKey: 
   { id: 40100685,
     cipherKeyVal: <Buffer 08 7f 91 88 70 6e f5 ef bf 34 d4 3d a0 56 30 bc>,
     macKeyVal: <Buffer 95 17 17 c5 bb 9a 2c 1f 20 1b 17 cd cc 06 cb 49 27 c8 39 62 74 67 55 18 94 a1 49 dc 5b 86 43 d5>,
     absValidity: 2018-03-22T06:13:03.195Z,
     relValidity: 7200000 },
  sessionCryptoSpec: { cipher: 'AES-128-CBC', mac: 'SHA256' },
  sessionProtocol: 'TCP',
  handshakeTimeout: 50000 }
chosen nonce: <Buffer 73 40 94 10 97 60 a8 4c>
switching to HANDSHAKE_1_SENT
disconnected from auth
Handler: secure connection with the server closed.
received session key handshake2!
client ret: [object Object]
server authenticated/authorized by solving nonce!
Handler: communication initialization succeeded
file data length: 1024
sending at Wed Mar 21 2018 06:13:03 GMT+0000 (UTC)
switching to IN_COMM
received secure communication message!
Received seqNum: 0
Handler: data received from server via secure communication
data1
Resp-actual/expected/ratio/ts: 27 27 1 1521612784278
Distribution protocol: TCP
Resp-actual/expected/ratio/ts: 27 28 0.9642857142857143 1521612843092
connected to auth! from local port 49304
received auth hello!
{ authId: 401, nonce: <Buffer a5 07 b5 9a 1f f6 f0 17> }
received session key response encrypted with distribution key
replyNonce in sessionKeyResp: <Buffer bc 8f ec f3 91 b7 50 3d>
auth nonce verified
handleSessionKeyResp: session key request succeeded! authFailureCount: 0
received 1 keys
currentSessionKey: [object Object]
Status: Secure connection closed before starting a new connection.
Session protocol: TCP
chosen commSessionKey: 
{ id: 40100696,
  cipherKeyVal: <Buffer 2b ae 3a 22 3c 8a a3 aa 53 e3 9d 8a 1c 09 de d7>,
  macKeyVal: <Buffer 8c f0 10 7f 57 24 a8 87 d3 ac a5 ec cd 18 92 5f 79 a0 1d 60 3e 6b d5 04 f8 67 d3 5c 90 14 80 07>,
  absValidity: 2018-03-22T06:14:03.250Z,
  relValidity: 7200000 }
options
{ serverHost: '10.0.1.18',
  serverPort: 22100,
  sessionKey: 
   { id: 40100696,
     cipherKeyVal: <Buffer 2b ae 3a 22 3c 8a a3 aa 53 e3 9d 8a 1c 09 de d7>,
     macKeyVal: <Buffer 8c f0 10 7f 57 24 a8 87 d3 ac a5 ec cd 18 92 5f 79 a0 1d 60 3e 6b d5 04 f8 67 d3 5c 90 14 80 07>,
     absValidity: 2018-03-22T06:14:03.250Z,
     relValidity: 7200000 },
  sessionCryptoSpec: { cipher: 'AES-128-CBC', mac: 'SHA256' },
  sessionProtocol: 'TCP',
  handshakeTimeout: 50000 }
chosen nonce: <Buffer ae 5c e0 20 63 96 3d fc>
switching to HANDSHAKE_1_SENT
disconnected from auth
Handler: secure connection with the server closed.
received session key handshake2!
client ret: [object Object]
server authenticated/authorized by solving nonce!
Handler: communication initialization succeeded
file data length: 1024
sending at Wed Mar 21 2018 06:14:03 GMT+0000 (UTC)
switching to IN_COMM
received secure communication message!
Received seqNum: 0
Handler: data received from server via secure communication
data1
Resp-actual/expected/ratio/ts: 28 28 1 1521612844223
