changing working directory to: /home/hokeunkim/Development/iotauth/entity/node/example_entities
loading from config file: /home/hokeunkim/Development/iotauth_experiments/experiments/ccs2017/expOptions/expEntity.option
Experimental options for autoClient: { autoSendPeriod: 60000,
  useSameSessionKeyCount: 1,
  connectionTimeout: 50000,
  migrationEnabled: true,
  authFailureThreshold: 2,
  migrationFailureThreshold: 2 }
loading from config file: /home/hokeunkim/Development/iotauth/entity/node/example_entities/configs/Clients/c403.config
initializing...
current parameters: { numKeysPerRequest: 3,
  migrationEnabled: false,
  authFailureThreshold: 3,
  migrationFailureThreshold: 3 }
current parameters: { numKeysPerRequest: 1,
  migrationEnabled: false,
  authFailureThreshold: 3,
  migrationFailureThreshold: 3 }
current parameters: { numKeysPerRequest: 1,
  migrationEnabled: true,
  authFailureThreshold: 3,
  migrationFailureThreshold: 3 }
current parameters: { numKeysPerRequest: 1,
  migrationEnabled: true,
  authFailureThreshold: 2,
  migrationFailureThreshold: 3 }
current parameters: { numKeysPerRequest: 1,
  migrationEnabled: true,
  authFailureThreshold: 2,
  migrationFailureThreshold: 2 }
current entityInfo: { name: 'c403',
  group: 'Clients',
  distProtocol: 'TCP',
  usePermanentDistKey: false,
  connectionTimeout: 50000,
  privateKey: <Buffer 2d 2d 2d 2d 2d 42 45 47 49 4e 20 52 53 41 20 50 52 49 56 41 54 45 20 4b 45 59 2d 2d 2d 2d 2d 0a 4d 49 49 45 70 41 49 42 41 41 4b 43 41 51 45 41 77 4e ... > }
Distribution protocol: TCP
Resp-actual/expected/ratio/ts: 0 1 0 1521569526733
connected to auth! from local port 41728
received auth hello!
{ authId: 401, nonce: <Buffer f3 e2 02 e2 e9 56 91 6e> }
received session key response with distribution key attached!
auth signature verified
replyNonce in sessionKeyResp: <Buffer 9f 4b 94 3f 7b 52 cd 55>
auth nonce verified
handleSessionKeyResp: session key request succeeded! authFailureCount: 0
updating distribution key: { cipherKeyVal: <Buffer f7 05 66 4c 03 96 54 b6 1c 53 82 c2 22 be 4a 23>,
  macKeyVal: <Buffer 5d 20 50 a1 14 63 5c 40 82 d7 fc a6 8b 8f f4 88 42 f8 fc b9 7c c9 4b 8e 7c 4f b1 02 89 6f 5d 7e>,
  absValidity: 2018-03-20T19:12:06.919Z }
received 1 keys
currentSessionKey: [object Object]
Session protocol: TCP
chosen commSessionKey: 
{ id: 40100250,
  cipherKeyVal: <Buffer 4b e3 a7 b8 19 f6 1e b3 f3 7c f4 9b 50 41 62 49>,
  macKeyVal: <Buffer 9e 74 d0 f4 b2 f2 ae de de ca 1f 63 09 5c 6a b6 f0 c4 88 49 f2 49 0f 0c 6e ff 19 94 d8 05 9a 8e>,
  absValidity: 2018-03-21T18:12:06.919Z,
  relValidity: 7200000 }
options
{ serverHost: '10.0.1.18',
  serverPort: 22100,
  sessionKey: 
   { id: 40100250,
     cipherKeyVal: <Buffer 4b e3 a7 b8 19 f6 1e b3 f3 7c f4 9b 50 41 62 49>,
     macKeyVal: <Buffer 9e 74 d0 f4 b2 f2 ae de de ca 1f 63 09 5c 6a b6 f0 c4 88 49 f2 49 0f 0c 6e ff 19 94 d8 05 9a 8e>,
     absValidity: 2018-03-21T18:12:06.919Z,
     relValidity: 7200000 },
  sessionCryptoSpec: { cipher: 'AES-128-CBC', mac: 'SHA256' },
  sessionProtocol: 'TCP',
  handshakeTimeout: 50000 }
chosen nonce: <Buffer 27 47 5a 28 4b b8 14 93>
switching to HANDSHAKE_1_SENT
disconnected from auth
received session key handshake2!
client ret: [object Object]
server authenticated/authorized by solving nonce!
Handler: communication initialization succeeded
file data length: 1024
sending at Tue Mar 20 2018 18:12:07 GMT+0000 (UTC)
switching to IN_COMM
received secure communication message!
Received seqNum: 0
Handler: data received from server via secure communication
data1
Resp-actual/expected/ratio/ts: 1 1 1 1521569527814
Distribution protocol: TCP
Resp-actual/expected/ratio/ts: 1 2 0.5 1521569586790
connected to auth! from local port 41854
received auth hello!
{ authId: 401, nonce: <Buffer 53 af 37 17 ae 3a 88 bf> }
received session key response encrypted with distribution key
replyNonce in sessionKeyResp: <Buffer c3 e7 f3 74 2e 3a 5d 08>
auth nonce verified
handleSessionKeyResp: session key request succeeded! authFailureCount: 0
received 1 keys
currentSessionKey: [object Object]
Status: Secure connection closed before starting a new connection.
Session protocol: TCP
chosen commSessionKey: 
{ id: 40100256,
  cipherKeyVal: <Buffer b8 cc e4 89 7f b5 b8 2f cd 58 6d c3 f4 57 45 81>,
  macKeyVal: <Buffer 5c 99 3d b3 95 fd 6c 8a 9a fd 47 33 7c 10 11 ce 33 c8 af 82 ed ee 7c b1 5b 0a 9c 73 a7 bf a2 d2>,
  absValidity: 2018-03-21T18:13:06.916Z,
  relValidity: 7200000 }
options
{ serverHost: '10.0.1.18',
  serverPort: 22100,
  sessionKey: 
   { id: 40100256,
     cipherKeyVal: <Buffer b8 cc e4 89 7f b5 b8 2f cd 58 6d c3 f4 57 45 81>,
     macKeyVal: <Buffer 5c 99 3d b3 95 fd 6c 8a 9a fd 47 33 7c 10 11 ce 33 c8 af 82 ed ee 7c b1 5b 0a 9c 73 a7 bf a2 d2>,
     absValidity: 2018-03-21T18:13:06.916Z,
     relValidity: 7200000 },
  sessionCryptoSpec: { cipher: 'AES-128-CBC', mac: 'SHA256' },
  sessionProtocol: 'TCP',
  handshakeTimeout: 50000 }
chosen nonce: <Buffer 9e 3d cf ba 4d cb ad 37>
switching to HANDSHAKE_1_SENT
disconnected from auth
Handler: secure connection with the server closed.
received session key handshake2!
client ret: [object Object]
server authenticated/authorized by solving nonce!
Handler: communication initialization succeeded
file data length: 1024
sending at Tue Mar 20 2018 18:13:07 GMT+0000 (UTC)
switching to IN_COMM
received secure communication message!
Received seqNum: 0
Handler: data received from server via secure communication
data1
Resp-actual/expected/ratio/ts: 2 2 1 1521569587764
Distribution protocol: TCP
Resp-actual/expected/ratio/ts: 2 3 0.6666666666666666 1521569646835
connected to auth! from local port 42088
received auth hello!
{ authId: 401, nonce: <Buffer ee e8 85 15 e8 04 61 1c> }
received session key response encrypted with distribution key
replyNonce in sessionKeyResp: <Buffer 0e 4c 21 e8 57 a7 3e 1f>
auth nonce verified
handleSessionKeyResp: session key request succeeded! authFailureCount: 0
received 1 keys
currentSessionKey: [object Object]
Status: Secure connection closed before starting a new connection.
Session protocol: TCP
chosen commSessionKey: 
{ id: 40100262,
  cipherKeyVal: <Buffer 4e e1 9d dc 8a bc d6 58 4e bc 3d 9f 74 b3 90 17>,
  macKeyVal: <Buffer d1 aa 61 96 32 c7 0a 38 17 6e 40 a8 cd 00 ae 45 47 cd e9 fb 3a 7c 7b 4f 2b 42 4f 75 9c 93 ee 5b>,
  absValidity: 2018-03-21T18:14:06.960Z,
  relValidity: 7200000 }
options
{ serverHost: '10.0.1.18',
  serverPort: 22100,
  sessionKey: 
   { id: 40100262,
     cipherKeyVal: <Buffer 4e e1 9d dc 8a bc d6 58 4e bc 3d 9f 74 b3 90 17>,
     macKeyVal: <Buffer d1 aa 61 96 32 c7 0a 38 17 6e 40 a8 cd 00 ae 45 47 cd e9 fb 3a 7c 7b 4f 2b 42 4f 75 9c 93 ee 5b>,
     absValidity: 2018-03-21T18:14:06.960Z,
     relValidity: 7200000 },
  sessionCryptoSpec: { cipher: 'AES-128-CBC', mac: 'SHA256' },
  sessionProtocol: 'TCP',
  handshakeTimeout: 50000 }
chosen nonce: <Buffer 87 ac 08 81 03 87 ce 9d>
switching to HANDSHAKE_1_SENT
disconnected from auth
Handler: secure connection with the server closed.
received session key handshake2!
client ret: [object Object]
server authenticated/authorized by solving nonce!
Handler: communication initialization succeeded
file data length: 1024
sending at Tue Mar 20 2018 18:14:07 GMT+0000 (UTC)
switching to IN_COMM
received secure communication message!
Received seqNum: 0
Handler: data received from server via secure communication
data1
Resp-actual/expected/ratio/ts: 3 3 1 1521569647923
Distribution protocol: TCP
Resp-actual/expected/ratio/ts: 3 4 0.75 1521569706893
connected to auth! from local port 42358
received auth hello!
{ authId: 401, nonce: <Buffer 8d aa 54 0a aa 22 c6 0e> }
received session key response encrypted with distribution key
replyNonce in sessionKeyResp: <Buffer d1 ae 76 78 da 89 71 2b>
auth nonce verified
handleSessionKeyResp: session key request succeeded! authFailureCount: 0
received 1 keys
currentSessionKey: [object Object]
Status: Secure connection closed before starting a new connection.
Session protocol: TCP
chosen commSessionKey: 
{ id: 40100268,
  cipherKeyVal: <Buffer 60 4f 2b 7f 22 58 1f 79 e5 48 9e f8 a2 47 00 34>,
  macKeyVal: <Buffer 68 94 33 b8 80 21 a5 c9 7c 65 2e 4b a0 bd 67 1e b3 4e be 2f e7 89 b9 21 8e cf e9 10 b5 9f 95 cd>,
  absValidity: 2018-03-21T18:15:07.040Z,
  relValidity: 7200000 }
options
{ serverHost: '10.0.1.18',
  serverPort: 22100,
  sessionKey: 
   { id: 40100268,
     cipherKeyVal: <Buffer 60 4f 2b 7f 22 58 1f 79 e5 48 9e f8 a2 47 00 34>,
     macKeyVal: <Buffer 68 94 33 b8 80 21 a5 c9 7c 65 2e 4b a0 bd 67 1e b3 4e be 2f e7 89 b9 21 8e cf e9 10 b5 9f 95 cd>,
     absValidity: 2018-03-21T18:15:07.040Z,
     relValidity: 7200000 },
  sessionCryptoSpec: { cipher: 'AES-128-CBC', mac: 'SHA256' },
  sessionProtocol: 'TCP',
  handshakeTimeout: 50000 }
chosen nonce: <Buffer 45 b4 4c 43 9e 5a 5c f4>
switching to HANDSHAKE_1_SENT
disconnected from auth
Handler: secure connection with the server closed.
received session key handshake2!
client ret: [object Object]
server authenticated/authorized by solving nonce!
Handler: communication initialization succeeded
file data length: 1024
sending at Tue Mar 20 2018 18:15:07 GMT+0000 (UTC)
switching to IN_COMM
received secure communication message!
Received seqNum: 0
Handler: data received from server via secure communication
data1
Resp-actual/expected/ratio/ts: 4 4 1 1521569707860
Distribution protocol: TCP
Resp-actual/expected/ratio/ts: 4 5 0.8 1521569766949
connected to auth! from local port 42628
received auth hello!
{ authId: 401, nonce: <Buffer 50 ef c4 b9 d5 43 85 f0> }
received session key response encrypted with distribution key
replyNonce in sessionKeyResp: <Buffer 27 da 80 94 0c ff 39 55>
auth nonce verified
handleSessionKeyResp: session key request succeeded! authFailureCount: 0
received 1 keys
currentSessionKey: [object Object]
Status: Secure connection closed before starting a new connection.
Session protocol: TCP
chosen commSessionKey: 
{ id: 40100274,
  cipherKeyVal: <Buffer 44 f4 66 f4 29 bb e1 ac 60 25 6b 81 30 a0 3b ff>,
  macKeyVal: <Buffer f1 bb bd 5f 94 37 e3 57 cb c7 1d db f2 b8 45 55 11 c4 9f 6e c9 e4 a2 d2 28 19 5b a6 c9 13 8b 0a>,
  absValidity: 2018-03-21T18:16:07.096Z,
  relValidity: 7200000 }
options
{ serverHost: '10.0.1.18',
  serverPort: 22100,
  sessionKey: 
   { id: 40100274,
     cipherKeyVal: <Buffer 44 f4 66 f4 29 bb e1 ac 60 25 6b 81 30 a0 3b ff>,
     macKeyVal: <Buffer f1 bb bd 5f 94 37 e3 57 cb c7 1d db f2 b8 45 55 11 c4 9f 6e c9 e4 a2 d2 28 19 5b a6 c9 13 8b 0a>,
     absValidity: 2018-03-21T18:16:07.096Z,
     relValidity: 7200000 },
  sessionCryptoSpec: { cipher: 'AES-128-CBC', mac: 'SHA256' },
  sessionProtocol: 'TCP',
  handshakeTimeout: 50000 }
chosen nonce: <Buffer de 26 e9 da 1a 72 67 be>
switching to HANDSHAKE_1_SENT
disconnected from auth
Handler: secure connection with the server closed.
received session key handshake2!
client ret: [object Object]
server authenticated/authorized by solving nonce!
Handler: communication initialization succeeded
file data length: 1024
sending at Tue Mar 20 2018 18:16:07 GMT+0000 (UTC)
switching to IN_COMM
received secure communication message!
Received seqNum: 0
Handler: data received from server via secure communication
data1
Resp-actual/expected/ratio/ts: 5 5 1 1521569768073
Distribution protocol: TCP
Resp-actual/expected/ratio/ts: 5 6 0.8333333333333334 1521569827008
connected to auth! from local port 42898
received auth hello!
{ authId: 401, nonce: <Buffer 86 7a c9 0c 75 2d d4 17> }
received session key response encrypted with distribution key
replyNonce in sessionKeyResp: <Buffer 0a 6d 67 47 4a 56 c0 8e>
auth nonce verified
handleSessionKeyResp: session key request succeeded! authFailureCount: 0
received 1 keys
currentSessionKey: [object Object]
Status: Secure connection closed before starting a new connection.
Session protocol: TCP
chosen commSessionKey: 
{ id: 40100280,
  cipherKeyVal: <Buffer b8 a0 1e 8b fd 47 fd fd af fa bd 8d 7a 9e 72 20>,
  macKeyVal: <Buffer 61 93 e7 52 fb 89 00 31 37 d9 ca 84 6b 56 c5 86 1e b1 63 54 a5 64 f9 49 aa fe ca e3 66 0c 7c 0b>,
  absValidity: 2018-03-21T18:17:07.158Z,
  relValidity: 7200000 }
options
{ serverHost: '10.0.1.18',
  serverPort: 22100,
  sessionKey: 
   { id: 40100280,
     cipherKeyVal: <Buffer b8 a0 1e 8b fd 47 fd fd af fa bd 8d 7a 9e 72 20>,
     macKeyVal: <Buffer 61 93 e7 52 fb 89 00 31 37 d9 ca 84 6b 56 c5 86 1e b1 63 54 a5 64 f9 49 aa fe ca e3 66 0c 7c 0b>,
     absValidity: 2018-03-21T18:17:07.158Z,
     relValidity: 7200000 },
  sessionCryptoSpec: { cipher: 'AES-128-CBC', mac: 'SHA256' },
  sessionProtocol: 'TCP',
  handshakeTimeout: 50000 }
chosen nonce: <Buffer 13 c2 9c 26 76 d1 f8 ad>
switching to HANDSHAKE_1_SENT
disconnected from auth
Handler: secure connection with the server closed.
received session key handshake2!
client ret: [object Object]
server authenticated/authorized by solving nonce!
Handler: communication initialization succeeded
file data length: 1024
sending at Tue Mar 20 2018 18:17:07 GMT+0000 (UTC)
switching to IN_COMM
received secure communication message!
Received seqNum: 0
Handler: data received from server via secure communication
data1
Resp-actual/expected/ratio/ts: 6 6 1 1521569828085
Distribution protocol: TCP
Resp-actual/expected/ratio/ts: 6 7 0.8571428571428571 1521569887044
connected to auth! from local port 43168
received auth hello!
{ authId: 401, nonce: <Buffer 7f 53 62 e4 08 1b 39 49> }
received session key response encrypted with distribution key
replyNonce in sessionKeyResp: <Buffer 26 88 6f e5 15 db 0d c9>
auth nonce verified
handleSessionKeyResp: session key request succeeded! authFailureCount: 0
received 1 keys
currentSessionKey: [object Object]
Status: Secure connection closed before starting a new connection.
Session protocol: TCP
chosen commSessionKey: 
{ id: 40100286,
  cipherKeyVal: <Buffer 42 83 9d d1 ab 28 5f 11 86 2a 4f 1e 7b b9 a9 8d>,
  macKeyVal: <Buffer 6a df 9b 6d 15 10 cd 66 f9 ec f0 5e ed b6 8b 9c 90 fa 3a 1b af 60 fe ba e9 c8 8b 23 49 1f 7f bf>,
  absValidity: 2018-03-21T18:18:07.169Z,
  relValidity: 7200000 }
options
{ serverHost: '10.0.1.18',
  serverPort: 22100,
  sessionKey: 
   { id: 40100286,
     cipherKeyVal: <Buffer 42 83 9d d1 ab 28 5f 11 86 2a 4f 1e 7b b9 a9 8d>,
     macKeyVal: <Buffer 6a df 9b 6d 15 10 cd 66 f9 ec f0 5e ed b6 8b 9c 90 fa 3a 1b af 60 fe ba e9 c8 8b 23 49 1f 7f bf>,
     absValidity: 2018-03-21T18:18:07.169Z,
     relValidity: 7200000 },
  sessionCryptoSpec: { cipher: 'AES-128-CBC', mac: 'SHA256' },
  sessionProtocol: 'TCP',
  handshakeTimeout: 50000 }
chosen nonce: <Buffer 83 f2 81 f3 91 be 51 9f>
switching to HANDSHAKE_1_SENT
Handler: secure connection with the server closed.
disconnected from auth
received session key handshake2!
client ret: [object Object]
server authenticated/authorized by solving nonce!
Handler: communication initialization succeeded
file data length: 1024
sending at Tue Mar 20 2018 18:18:07 GMT+0000 (UTC)
switching to IN_COMM
received secure communication message!
Received seqNum: 0
Handler: data received from server via secure communication
data1
Resp-actual/expected/ratio/ts: 7 7 1 1521569888055
Distribution protocol: TCP
Resp-actual/expected/ratio/ts: 7 8 0.875 1521569947057
connected to auth! from local port 43438
received auth hello!
{ authId: 401, nonce: <Buffer 13 0a 0b 2b 98 0b 17 c3> }
received session key response encrypted with distribution key
replyNonce in sessionKeyResp: <Buffer e4 1a 8e bc 79 2a 68 9b>
auth nonce verified
handleSessionKeyResp: session key request succeeded! authFailureCount: 0
received 1 keys
currentSessionKey: [object Object]
Status: Secure connection closed before starting a new connection.
Session protocol: TCP
chosen commSessionKey: 
{ id: 40100292,
  cipherKeyVal: <Buffer 7f 88 86 19 d5 33 f6 c4 4d ff 92 30 86 9d 02 bd>,
  macKeyVal: <Buffer e7 51 37 fe 51 3e 55 34 7e 4e 12 7a 37 3b 91 f9 e8 df e4 b6 ea f5 d8 d8 9e 98 aa d1 6f 3e 4f 1e>,
  absValidity: 2018-03-21T18:19:07.199Z,
  relValidity: 7200000 }
options
{ serverHost: '10.0.1.18',
  serverPort: 22100,
  sessionKey: 
   { id: 40100292,
     cipherKeyVal: <Buffer 7f 88 86 19 d5 33 f6 c4 4d ff 92 30 86 9d 02 bd>,
     macKeyVal: <Buffer e7 51 37 fe 51 3e 55 34 7e 4e 12 7a 37 3b 91 f9 e8 df e4 b6 ea f5 d8 d8 9e 98 aa d1 6f 3e 4f 1e>,
     absValidity: 2018-03-21T18:19:07.199Z,
     relValidity: 7200000 },
  sessionCryptoSpec: { cipher: 'AES-128-CBC', mac: 'SHA256' },
  sessionProtocol: 'TCP',
  handshakeTimeout: 50000 }
chosen nonce: <Buffer d7 a1 9c b9 e0 1c 8c b0>
switching to HANDSHAKE_1_SENT
disconnected from auth
Handler: secure connection with the server closed.
received session key handshake2!
client ret: [object Object]
server authenticated/authorized by solving nonce!
Handler: communication initialization succeeded
file data length: 1024
sending at Tue Mar 20 2018 18:19:07 GMT+0000 (UTC)
switching to IN_COMM
received secure communication message!
Received seqNum: 0
Handler: data received from server via secure communication
data1
Resp-actual/expected/ratio/ts: 8 8 1 1521569948105
Distribution protocol: TCP
Resp-actual/expected/ratio/ts: 8 9 0.8888888888888888 1521570007070
connected to auth! from local port 43700
received auth hello!
{ authId: 401, nonce: <Buffer a1 50 1b 74 79 c7 c8 c8> }
received session key response encrypted with distribution key
replyNonce in sessionKeyResp: <Buffer ab fb 57 ec 1b 9c 12 9b>
auth nonce verified
handleSessionKeyResp: session key request succeeded! authFailureCount: 0
received 1 keys
currentSessionKey: [object Object]
Status: Secure connection closed before starting a new connection.
Session protocol: TCP
chosen commSessionKey: 
{ id: 40100298,
  cipherKeyVal: <Buffer c0 a2 80 14 6e f8 3e a7 35 9b 2e 36 fa 2d 29 8a>,
  macKeyVal: <Buffer ee 81 18 28 3a c8 08 d6 01 14 1b c9 ac 78 e2 36 76 29 ef b7 ed 4f e1 80 f5 e2 62 b9 db 8c 8b 61>,
  absValidity: 2018-03-21T18:20:07.201Z,
  relValidity: 7200000 }
options
{ serverHost: '10.0.1.18',
  serverPort: 22100,
  sessionKey: 
   { id: 40100298,
     cipherKeyVal: <Buffer c0 a2 80 14 6e f8 3e a7 35 9b 2e 36 fa 2d 29 8a>,
     macKeyVal: <Buffer ee 81 18 28 3a c8 08 d6 01 14 1b c9 ac 78 e2 36 76 29 ef b7 ed 4f e1 80 f5 e2 62 b9 db 8c 8b 61>,
     absValidity: 2018-03-21T18:20:07.201Z,
     relValidity: 7200000 },
  sessionCryptoSpec: { cipher: 'AES-128-CBC', mac: 'SHA256' },
  sessionProtocol: 'TCP',
  handshakeTimeout: 50000 }
chosen nonce: <Buffer d1 45 1f 91 09 54 41 ee>
switching to HANDSHAKE_1_SENT
disconnected from auth
Handler: secure connection with the server closed.
received session key handshake2!
client ret: [object Object]
server authenticated/authorized by solving nonce!
Handler: communication initialization succeeded
file data length: 1024
sending at Tue Mar 20 2018 18:20:07 GMT+0000 (UTC)
switching to IN_COMM
received secure communication message!
Received seqNum: 0
Handler: data received from server via secure communication
data1
Resp-actual/expected/ratio/ts: 9 9 1 1521570008112
Distribution protocol: TCP
Resp-actual/expected/ratio/ts: 9 10 0.9 1521570067130
connected to auth! from local port 43918
received auth hello!
{ authId: 401, nonce: <Buffer 22 89 8c a5 88 90 70 eb> }
received session key response encrypted with distribution key
replyNonce in sessionKeyResp: <Buffer e5 a9 94 69 c6 13 26 f0>
auth nonce verified
handleSessionKeyResp: session key request succeeded! authFailureCount: 0
received 1 keys
currentSessionKey: [object Object]
Status: Secure connection closed before starting a new connection.
Session protocol: TCP
chosen commSessionKey: 
{ id: 40100304,
  cipherKeyVal: <Buffer 72 84 aa 9a f8 e3 57 60 17 7b ee 32 b0 eb 27 df>,
  macKeyVal: <Buffer 2a d2 02 f5 71 f7 32 c6 71 83 4a 03 23 0e ed 96 74 32 de 05 45 09 83 b4 be bc 34 de d9 14 a3 de>,
  absValidity: 2018-03-21T18:21:07.265Z,
  relValidity: 7200000 }
options
{ serverHost: '10.0.1.18',
  serverPort: 22100,
  sessionKey: 
   { id: 40100304,
     cipherKeyVal: <Buffer 72 84 aa 9a f8 e3 57 60 17 7b ee 32 b0 eb 27 df>,
     macKeyVal: <Buffer 2a d2 02 f5 71 f7 32 c6 71 83 4a 03 23 0e ed 96 74 32 de 05 45 09 83 b4 be bc 34 de d9 14 a3 de>,
     absValidity: 2018-03-21T18:21:07.265Z,
     relValidity: 7200000 },
  sessionCryptoSpec: { cipher: 'AES-128-CBC', mac: 'SHA256' },
  sessionProtocol: 'TCP',
  handshakeTimeout: 50000 }
disconnected from auth
chosen nonce: <Buffer 7d ff d1 3d 84 1f 22 b7>
switching to HANDSHAKE_1_SENT
Handler: secure connection with the server closed.
received session key handshake2!
client ret: [object Object]
server authenticated/authorized by solving nonce!
Handler: communication initialization succeeded
file data length: 1024
sending at Tue Mar 20 2018 18:21:07 GMT+0000 (UTC)
switching to IN_COMM
received secure communication message!
Received seqNum: 0
Handler: data received from server via secure communication
data1
Resp-actual/expected/ratio/ts: 10 10 1 1521570068105
Distribution protocol: TCP
Resp-actual/expected/ratio/ts: 10 11 0.9090909090909091 1521570127183
connected to auth! from local port 44164
received auth hello!
{ authId: 401, nonce: <Buffer f2 b9 8a 07 ab 8b df b7> }
received session key response encrypted with distribution key
replyNonce in sessionKeyResp: <Buffer 49 24 cc c0 79 eb fe c5>
auth nonce verified
handleSessionKeyResp: session key request succeeded! authFailureCount: 0
received 1 keys
currentSessionKey: [object Object]
Status: Secure connection closed before starting a new connection.
Session protocol: TCP
chosen commSessionKey: 
{ id: 40100310,
  cipherKeyVal: <Buffer 49 b7 cf fa a8 b7 25 ce 7e ce 24 7a eb 9c f9 fc>,
  macKeyVal: <Buffer 30 5a 85 6d 27 42 54 65 6b 95 8c f8 ab f9 ea ff e5 87 e5 b3 ed f1 e5 55 55 1e be e8 27 61 e3 28>,
  absValidity: 2018-03-21T18:22:07.433Z,
  relValidity: 7200000 }
options
{ serverHost: '10.0.1.18',
  serverPort: 22100,
  sessionKey: 
   { id: 40100310,
     cipherKeyVal: <Buffer 49 b7 cf fa a8 b7 25 ce 7e ce 24 7a eb 9c f9 fc>,
     macKeyVal: <Buffer 30 5a 85 6d 27 42 54 65 6b 95 8c f8 ab f9 ea ff e5 87 e5 b3 ed f1 e5 55 55 1e be e8 27 61 e3 28>,
     absValidity: 2018-03-21T18:22:07.433Z,
     relValidity: 7200000 },
  sessionCryptoSpec: { cipher: 'AES-128-CBC', mac: 'SHA256' },
  sessionProtocol: 'TCP',
  handshakeTimeout: 50000 }
chosen nonce: <Buffer 1d 5f b2 13 ae 8e d5 bf>
switching to HANDSHAKE_1_SENT
disconnected from auth
Handler: secure connection with the server closed.
received session key handshake2!
client ret: [object Object]
server authenticated/authorized by solving nonce!
Handler: communication initialization succeeded
file data length: 1024
sending at Tue Mar 20 2018 18:22:08 GMT+0000 (UTC)
switching to IN_COMM
received secure communication message!
Received seqNum: 0
Handler: data received from server via secure communication
data1
Resp-actual/expected/ratio/ts: 11 11 1 1521570128423
Distribution protocol: TCP
Resp-actual/expected/ratio/ts: 11 12 0.9166666666666666 1521570187199
connected to auth! from local port 44412
received auth hello!
{ authId: 401, nonce: <Buffer db 3e 45 f8 bb de 9d ca> }
received session key response encrypted with distribution key
replyNonce in sessionKeyResp: <Buffer 0d 77 d0 7e 09 b9 55 db>
auth nonce verified
handleSessionKeyResp: session key request succeeded! authFailureCount: 0
received 1 keys
currentSessionKey: [object Object]
Status: Secure connection closed before starting a new connection.
Session protocol: TCP
chosen commSessionKey: 
{ id: 40100318,
  cipherKeyVal: <Buffer 5b ec e2 15 01 65 4c d3 a1 13 6f be 3a 07 30 3f>,
  macKeyVal: <Buffer 33 53 38 c9 6a 3b 73 dd 2d 81 76 60 0c 1a 0b 54 e9 bc 87 21 ae 2c 62 09 97 16 13 af f2 8b ee 8f>,
  absValidity: 2018-03-21T18:23:07.435Z,
  relValidity: 7200000 }
options
{ serverHost: '10.0.1.18',
  serverPort: 22100,
  sessionKey: 
   { id: 40100318,
     cipherKeyVal: <Buffer 5b ec e2 15 01 65 4c d3 a1 13 6f be 3a 07 30 3f>,
     macKeyVal: <Buffer 33 53 38 c9 6a 3b 73 dd 2d 81 76 60 0c 1a 0b 54 e9 bc 87 21 ae 2c 62 09 97 16 13 af f2 8b ee 8f>,
     absValidity: 2018-03-21T18:23:07.435Z,
     relValidity: 7200000 },
  sessionCryptoSpec: { cipher: 'AES-128-CBC', mac: 'SHA256' },
  sessionProtocol: 'TCP',
  handshakeTimeout: 50000 }
chosen nonce: <Buffer 33 65 53 bd 2f 3e 9e 78>
switching to HANDSHAKE_1_SENT
disconnected from auth
Handler: secure connection with the server closed.
received session key handshake2!
client ret: [object Object]
server authenticated/authorized by solving nonce!
Handler: communication initialization succeeded
file data length: 1024
sending at Tue Mar 20 2018 18:23:08 GMT+0000 (UTC)
switching to IN_COMM
received secure communication message!
Received seqNum: 0
Handler: data received from server via secure communication
data1
Resp-actual/expected/ratio/ts: 12 12 1 1521570188381
Distribution protocol: TCP
Resp-actual/expected/ratio/ts: 12 13 0.9230769230769231 1521570247259
connected to auth! from local port 44660
received auth hello!
{ authId: 401, nonce: <Buffer 8c 5c 3c 93 a1 63 05 ae> }
received session key response encrypted with distribution key
replyNonce in sessionKeyResp: <Buffer 56 3a 47 b1 88 50 1f 2c>
auth nonce verified
handleSessionKeyResp: session key request succeeded! authFailureCount: 0
received 1 keys
currentSessionKey: [object Object]
Status: Secure connection closed before starting a new connection.
Session protocol: TCP
chosen commSessionKey: 
{ id: 40100326,
  cipherKeyVal: <Buffer 6d b9 b9 46 cc b1 2f 62 c5 18 83 63 4a 05 5d 1f>,
  macKeyVal: <Buffer 58 fd 52 72 9d 2c 1d ff a2 a6 91 02 33 59 90 6d 81 56 3d 4f f3 38 02 25 94 19 f7 bf e1 4f aa d5>,
  absValidity: 2018-03-21T18:24:07.413Z,
  relValidity: 7200000 }
options
{ serverHost: '10.0.1.18',
  serverPort: 22100,
  sessionKey: 
   { id: 40100326,
     cipherKeyVal: <Buffer 6d b9 b9 46 cc b1 2f 62 c5 18 83 63 4a 05 5d 1f>,
     macKeyVal: <Buffer 58 fd 52 72 9d 2c 1d ff a2 a6 91 02 33 59 90 6d 81 56 3d 4f f3 38 02 25 94 19 f7 bf e1 4f aa d5>,
     absValidity: 2018-03-21T18:24:07.413Z,
     relValidity: 7200000 },
  sessionCryptoSpec: { cipher: 'AES-128-CBC', mac: 'SHA256' },
  sessionProtocol: 'TCP',
  handshakeTimeout: 50000 }
chosen nonce: <Buffer e1 89 35 e1 4a 68 71 95>
switching to HANDSHAKE_1_SENT
disconnected from auth
Handler: secure connection with the server closed.
received session key handshake2!
client ret: [object Object]
server authenticated/authorized by solving nonce!
Handler: communication initialization succeeded
file data length: 1024
sending at Tue Mar 20 2018 18:24:07 GMT+0000 (UTC)
switching to IN_COMM
received secure communication message!
Received seqNum: 0
Handler: data received from server via secure communication
data1
Resp-actual/expected/ratio/ts: 13 13 1 1521570248311
Distribution protocol: TCP
Resp-actual/expected/ratio/ts: 13 14 0.9285714285714286 1521570307319
connected to auth! from local port 44908
received auth hello!
{ authId: 401, nonce: <Buffer 76 c0 3c 23 66 14 bb 8d> }
received session key response encrypted with distribution key
replyNonce in sessionKeyResp: <Buffer a4 0c 03 21 4a c3 73 fc>
auth nonce verified
handleSessionKeyResp: session key request succeeded! authFailureCount: 0
received 1 keys
currentSessionKey: [object Object]
Status: Secure connection closed before starting a new connection.
Session protocol: TCP
chosen commSessionKey: 
{ id: 40100334,
  cipherKeyVal: <Buffer 94 c0 52 0b bd d6 41 0a 61 40 ab f7 41 87 5b b5>,
  macKeyVal: <Buffer 0a c3 7c f7 88 81 78 d4 a7 6b 71 02 f9 17 cb b4 03 76 5b 28 5c 8e 2a 98 a4 6d b0 19 a2 77 d8 7c>,
  absValidity: 2018-03-21T18:25:07.487Z,
  relValidity: 7200000 }
options
{ serverHost: '10.0.1.18',
  serverPort: 22100,
  sessionKey: 
   { id: 40100334,
     cipherKeyVal: <Buffer 94 c0 52 0b bd d6 41 0a 61 40 ab f7 41 87 5b b5>,
     macKeyVal: <Buffer 0a c3 7c f7 88 81 78 d4 a7 6b 71 02 f9 17 cb b4 03 76 5b 28 5c 8e 2a 98 a4 6d b0 19 a2 77 d8 7c>,
     absValidity: 2018-03-21T18:25:07.487Z,
     relValidity: 7200000 },
  sessionCryptoSpec: { cipher: 'AES-128-CBC', mac: 'SHA256' },
  sessionProtocol: 'TCP',
  handshakeTimeout: 50000 }
chosen nonce: <Buffer 97 c7 e0 49 c6 07 3e 5f>
switching to HANDSHAKE_1_SENT
disconnected from auth
Handler: secure connection with the server closed.
received session key handshake2!
client ret: [object Object]
server authenticated/authorized by solving nonce!
Handler: communication initialization succeeded
file data length: 1024
sending at Tue Mar 20 2018 18:25:08 GMT+0000 (UTC)
switching to IN_COMM
received secure communication message!
Received seqNum: 0
Handler: data received from server via secure communication
data1
Resp-actual/expected/ratio/ts: 14 14 1 1521570308360
Distribution protocol: TCP
Resp-actual/expected/ratio/ts: 14 15 0.9333333333333333 1521570367377
connected to auth! from local port 45156
received auth hello!
{ authId: 401, nonce: <Buffer 28 03 19 ce 23 34 e7 b3> }
received session key response encrypted with distribution key
replyNonce in sessionKeyResp: <Buffer 5c 96 2e 28 5f 40 2b 4a>
auth nonce verified
handleSessionKeyResp: session key request succeeded! authFailureCount: 0
received 1 keys
currentSessionKey: [object Object]
Status: Secure connection closed before starting a new connection.
Session protocol: TCP
chosen commSessionKey: 
{ id: 40100342,
  cipherKeyVal: <Buffer 84 29 9d e0 43 89 31 19 c9 0a fc 5e 29 fb 14 97>,
  macKeyVal: <Buffer a1 4a df f4 dd 85 65 ca cf a2 29 ed 85 d8 8a 8b 45 ff bd 0f 7b 8d bf 4f 4d e7 85 f9 44 8b 43 1c>,
  absValidity: 2018-03-21T18:26:07.496Z,
  relValidity: 7200000 }
options
{ serverHost: '10.0.1.18',
  serverPort: 22100,
  sessionKey: 
   { id: 40100342,
     cipherKeyVal: <Buffer 84 29 9d e0 43 89 31 19 c9 0a fc 5e 29 fb 14 97>,
     macKeyVal: <Buffer a1 4a df f4 dd 85 65 ca cf a2 29 ed 85 d8 8a 8b 45 ff bd 0f 7b 8d bf 4f 4d e7 85 f9 44 8b 43 1c>,
     absValidity: 2018-03-21T18:26:07.496Z,
     relValidity: 7200000 },
  sessionCryptoSpec: { cipher: 'AES-128-CBC', mac: 'SHA256' },
  sessionProtocol: 'TCP',
  handshakeTimeout: 50000 }
chosen nonce: <Buffer f1 38 f6 fd 38 4f a7 e7>
switching to HANDSHAKE_1_SENT
disconnected from auth
Handler: secure connection with the server closed.
received session key handshake2!
client ret: [object Object]
server authenticated/authorized by solving nonce!
Handler: communication initialization succeeded
file data length: 1024
sending at Tue Mar 20 2018 18:26:08 GMT+0000 (UTC)
switching to IN_COMM
received secure communication message!
Received seqNum: 0
Handler: data received from server via secure communication
data1
Resp-actual/expected/ratio/ts: 15 15 1 1521570368420
Distribution protocol: TCP
Resp-actual/expected/ratio/ts: 15 16 0.9375 1521570427409
connected to auth! from local port 45408
received auth hello!
{ authId: 401, nonce: <Buffer 72 da 65 7b 2f 16 be 94> }
received session key response encrypted with distribution key
replyNonce in sessionKeyResp: <Buffer 12 16 60 3a e7 86 01 e6>
auth nonce verified
handleSessionKeyResp: session key request succeeded! authFailureCount: 0
received 1 keys
currentSessionKey: [object Object]
Status: Secure connection closed before starting a new connection.
Session protocol: TCP
chosen commSessionKey: 
{ id: 40100352,
  cipherKeyVal: <Buffer de f0 2b 4f ff 94 db b0 ae 26 45 04 8d 8d 5f de>,
  macKeyVal: <Buffer 03 6e e2 a7 26 36 09 9f c7 14 43 04 2b 1a d3 13 d2 cf 2f 17 e1 66 55 cf d3 4f 51 44 06 cd 1a 83>,
  absValidity: 2018-03-21T18:27:07.567Z,
  relValidity: 7200000 }
options
{ serverHost: '10.0.1.18',
  serverPort: 22100,
  sessionKey: 
   { id: 40100352,
     cipherKeyVal: <Buffer de f0 2b 4f ff 94 db b0 ae 26 45 04 8d 8d 5f de>,
     macKeyVal: <Buffer 03 6e e2 a7 26 36 09 9f c7 14 43 04 2b 1a d3 13 d2 cf 2f 17 e1 66 55 cf d3 4f 51 44 06 cd 1a 83>,
     absValidity: 2018-03-21T18:27:07.567Z,
     relValidity: 7200000 },
  sessionCryptoSpec: { cipher: 'AES-128-CBC', mac: 'SHA256' },
  sessionProtocol: 'TCP',
  handshakeTimeout: 50000 }
chosen nonce: <Buffer b8 06 15 e5 5f f4 fe 47>
switching to HANDSHAKE_1_SENT
disconnected from auth
Handler: secure connection with the server closed.
received session key handshake2!
client ret: [object Object]
server authenticated/authorized by solving nonce!
Handler: communication initialization succeeded
file data length: 1024
sending at Tue Mar 20 2018 18:27:08 GMT+0000 (UTC)
switching to IN_COMM
received secure communication message!
Received seqNum: 0
Handler: data received from server via secure communication
data1
Resp-actual/expected/ratio/ts: 16 16 1 1521570428548
Distribution protocol: TCP
Resp-actual/expected/ratio/ts: 16 17 0.9411764705882353 1521570487469
connected to auth! from local port 45656
received auth hello!
{ authId: 401, nonce: <Buffer c9 d2 d0 91 8c 06 8b b5> }
received session key response encrypted with distribution key
replyNonce in sessionKeyResp: <Buffer c9 69 73 af 9a 6f c4 9d>
auth nonce verified
handleSessionKeyResp: session key request succeeded! authFailureCount: 0
received 1 keys
currentSessionKey: [object Object]
Status: Secure connection closed before starting a new connection.
Session protocol: TCP
chosen commSessionKey: 
{ id: 40100362,
  cipherKeyVal: <Buffer af cc 67 e8 5f 70 cc f6 47 4b 5d 42 d9 bf 95 52>,
  macKeyVal: <Buffer f9 9e 36 5b 5d 15 7e e4 bc b5 8f e4 10 35 15 ca 74 73 ec 18 a1 bf 6c e0 e8 ec 5c 99 16 64 6c 97>,
  absValidity: 2018-03-21T18:28:07.603Z,
  relValidity: 7200000 }
options
{ serverHost: '10.0.1.18',
  serverPort: 22100,
  sessionKey: 
   { id: 40100362,
     cipherKeyVal: <Buffer af cc 67 e8 5f 70 cc f6 47 4b 5d 42 d9 bf 95 52>,
     macKeyVal: <Buffer f9 9e 36 5b 5d 15 7e e4 bc b5 8f e4 10 35 15 ca 74 73 ec 18 a1 bf 6c e0 e8 ec 5c 99 16 64 6c 97>,
     absValidity: 2018-03-21T18:28:07.603Z,
     relValidity: 7200000 },
  sessionCryptoSpec: { cipher: 'AES-128-CBC', mac: 'SHA256' },
  sessionProtocol: 'TCP',
  handshakeTimeout: 50000 }
chosen nonce: <Buffer fd 0c c1 df 18 88 25 cd>
switching to HANDSHAKE_1_SENT
disconnected from auth
Handler: secure connection with the server closed.
received session key handshake2!
client ret: [object Object]
server authenticated/authorized by solving nonce!
Handler: communication initialization succeeded
file data length: 1024
sending at Tue Mar 20 2018 18:28:08 GMT+0000 (UTC)
switching to IN_COMM
received secure communication message!
Received seqNum: 0
Handler: data received from server via secure communication
data1
Resp-actual/expected/ratio/ts: 17 17 1 1521570488417
Distribution protocol: TCP
Resp-actual/expected/ratio/ts: 17 18 0.9444444444444444 1521570547471
connected to auth! from local port 45916
received auth hello!
{ authId: 401, nonce: <Buffer 28 0b 90 b7 dd 34 61 57> }
received session key response encrypted with distribution key
replyNonce in sessionKeyResp: <Buffer 0a 24 85 af c4 c2 bb 09>
auth nonce verified
handleSessionKeyResp: session key request succeeded! authFailureCount: 0
received 1 keys
currentSessionKey: [object Object]
Status: Secure connection closed before starting a new connection.
Session protocol: TCP
chosen commSessionKey: 
{ id: 40100374,
  cipherKeyVal: <Buffer f6 42 1f 89 ea 93 a8 df e0 6c c4 67 ca d1 bf f7>,
  macKeyVal: <Buffer 40 5a 8a ae d8 93 87 e6 1e b4 01 d0 d1 64 30 ac 0b 56 9d 7d 29 73 84 17 c2 dd 03 b6 e7 72 40 da>,
  absValidity: 2018-03-21T18:29:07.633Z,
  relValidity: 7200000 }
options
{ serverHost: '10.0.1.18',
  serverPort: 22100,
  sessionKey: 
   { id: 40100374,
     cipherKeyVal: <Buffer f6 42 1f 89 ea 93 a8 df e0 6c c4 67 ca d1 bf f7>,
     macKeyVal: <Buffer 40 5a 8a ae d8 93 87 e6 1e b4 01 d0 d1 64 30 ac 0b 56 9d 7d 29 73 84 17 c2 dd 03 b6 e7 72 40 da>,
     absValidity: 2018-03-21T18:29:07.633Z,
     relValidity: 7200000 },
  sessionCryptoSpec: { cipher: 'AES-128-CBC', mac: 'SHA256' },
  sessionProtocol: 'TCP',
  handshakeTimeout: 50000 }
chosen nonce: <Buffer fb 69 e3 a2 5e 99 a7 b2>
switching to HANDSHAKE_1_SENT
disconnected from auth
Handler: secure connection with the server closed.
received session key handshake2!
client ret: [object Object]
server authenticated/authorized by solving nonce!
Handler: communication initialization succeeded
file data length: 1024
sending at Tue Mar 20 2018 18:29:08 GMT+0000 (UTC)
switching to IN_COMM
received secure communication message!
Received seqNum: 0
Handler: data received from server via secure communication
data1
Resp-actual/expected/ratio/ts: 18 18 1 1521570548510
Distribution protocol: TCP
Resp-actual/expected/ratio/ts: 18 19 0.9473684210526315 1521570607501
connected to auth! from local port 46182
received auth hello!
{ authId: 401, nonce: <Buffer b4 7b 63 a3 e3 a7 63 d3> }
received session key response encrypted with distribution key
replyNonce in sessionKeyResp: <Buffer 81 78 cb f4 b0 32 e2 53>
auth nonce verified
handleSessionKeyResp: session key request succeeded! authFailureCount: 0
received 1 keys
currentSessionKey: [object Object]
Status: Secure connection closed before starting a new connection.
Session protocol: TCP
chosen commSessionKey: 
{ id: 40100387,
  cipherKeyVal: <Buffer 36 dd 20 60 24 ee 77 dc 02 a3 37 a1 1a 97 8f 84>,
  macKeyVal: <Buffer bc c2 08 90 ed c5 98 2c 69 02 97 ed 54 2f 61 c9 b1 99 2e 2f 16 bc 84 eb 7c 2f 27 f4 b8 61 77 04>,
  absValidity: 2018-03-21T18:30:08.083Z,
  relValidity: 7200000 }
options
{ serverHost: '10.0.1.18',
  serverPort: 22100,
  sessionKey: 
   { id: 40100387,
     cipherKeyVal: <Buffer 36 dd 20 60 24 ee 77 dc 02 a3 37 a1 1a 97 8f 84>,
     macKeyVal: <Buffer bc c2 08 90 ed c5 98 2c 69 02 97 ed 54 2f 61 c9 b1 99 2e 2f 16 bc 84 eb 7c 2f 27 f4 b8 61 77 04>,
     absValidity: 2018-03-21T18:30:08.083Z,
     relValidity: 7200000 },
  sessionCryptoSpec: { cipher: 'AES-128-CBC', mac: 'SHA256' },
  sessionProtocol: 'TCP',
  handshakeTimeout: 50000 }
chosen nonce: <Buffer 5e ff 75 5f 02 88 d6 7f>
switching to HANDSHAKE_1_SENT
disconnected from auth
Handler: secure connection with the server closed.
received session key handshake2!
client ret: [object Object]
server authenticated/authorized by solving nonce!
Handler: communication initialization succeeded
file data length: 1024
sending at Tue Mar 20 2018 18:30:08 GMT+0000 (UTC)
switching to IN_COMM
received secure communication message!
Received seqNum: 0
Handler: data received from server via secure communication
data1
Resp-actual/expected/ratio/ts: 19 19 1 1521570609582
Distribution protocol: TCP
Resp-actual/expected/ratio/ts: 19 20 0.95 1521570667541
connected to auth! from local port 46402
received auth hello!
{ authId: 401, nonce: <Buffer ec 86 06 e0 56 0f dc b2> }
received session key response encrypted with distribution key
replyNonce in sessionKeyResp: <Buffer 30 1b a0 13 31 6c d9 72>
auth nonce verified
handleSessionKeyResp: session key request succeeded! authFailureCount: 0
received 1 keys
currentSessionKey: [object Object]
Status: Secure connection closed before starting a new connection.
Session protocol: TCP
chosen commSessionKey: 
{ id: 40100398,
  cipherKeyVal: <Buffer 91 c5 ef 0b af a7 d8 4d f4 eb 25 18 fa 86 78 c1>,
  macKeyVal: <Buffer 8c 8f 29 e8 2e 14 cf a1 d6 bd a8 cb 7c d0 ec 0d 3d d3 4d e6 fb b4 7a e3 56 44 8f f0 64 de d9 1d>,
  absValidity: 2018-03-21T18:31:07.667Z,
  relValidity: 7200000 }
options
{ serverHost: '10.0.1.18',
  serverPort: 22100,
  sessionKey: 
   { id: 40100398,
     cipherKeyVal: <Buffer 91 c5 ef 0b af a7 d8 4d f4 eb 25 18 fa 86 78 c1>,
     macKeyVal: <Buffer 8c 8f 29 e8 2e 14 cf a1 d6 bd a8 cb 7c d0 ec 0d 3d d3 4d e6 fb b4 7a e3 56 44 8f f0 64 de d9 1d>,
     absValidity: 2018-03-21T18:31:07.667Z,
     relValidity: 7200000 },
  sessionCryptoSpec: { cipher: 'AES-128-CBC', mac: 'SHA256' },
  sessionProtocol: 'TCP',
  handshakeTimeout: 50000 }
chosen nonce: <Buffer 99 66 11 19 a3 56 be 31>
switching to HANDSHAKE_1_SENT
disconnected from auth
Handler: secure connection with the server closed.
received session key handshake2!
client ret: [object Object]
server authenticated/authorized by solving nonce!
Handler: communication initialization succeeded
file data length: 1024
sending at Tue Mar 20 2018 18:31:08 GMT+0000 (UTC)
switching to IN_COMM
received secure communication message!
Received seqNum: 0
Handler: data received from server via secure communication
data1
Resp-actual/expected/ratio/ts: 20 20 1 1521570668500
Distribution protocol: TCP
Resp-actual/expected/ratio/ts: 20 21 0.9523809523809523 1521570727568
connected to auth! from local port 46622
received auth hello!
{ authId: 401, nonce: <Buffer 32 4a 83 10 1d 37 db cc> }
received session key response encrypted with distribution key
replyNonce in sessionKeyResp: <Buffer 7d 5d aa 80 80 39 58 ae>
auth nonce verified
handleSessionKeyResp: session key request succeeded! authFailureCount: 0
received 1 keys
currentSessionKey: [object Object]
Status: Secure connection closed before starting a new connection.
Session protocol: TCP
chosen commSessionKey: 
{ id: 40100409,
  cipherKeyVal: <Buffer ca 12 4b b9 69 5a 0f 90 21 65 87 4e a2 d0 16 08>,
  macKeyVal: <Buffer e5 11 01 b8 12 13 bb 37 49 c9 a2 d0 ee 36 45 f6 b6 bb 1f b1 1b 47 72 12 1e 64 6d 98 84 ee 8b 2e>,
  absValidity: 2018-03-21T18:32:07.694Z,
  relValidity: 7200000 }
options
{ serverHost: '10.0.1.18',
  serverPort: 22100,
  sessionKey: 
   { id: 40100409,
     cipherKeyVal: <Buffer ca 12 4b b9 69 5a 0f 90 21 65 87 4e a2 d0 16 08>,
     macKeyVal: <Buffer e5 11 01 b8 12 13 bb 37 49 c9 a2 d0 ee 36 45 f6 b6 bb 1f b1 1b 47 72 12 1e 64 6d 98 84 ee 8b 2e>,
     absValidity: 2018-03-21T18:32:07.694Z,
     relValidity: 7200000 },
  sessionCryptoSpec: { cipher: 'AES-128-CBC', mac: 'SHA256' },
  sessionProtocol: 'TCP',
  handshakeTimeout: 50000 }
chosen nonce: <Buffer 1a 1e bf 6e cf fb d6 e5>
switching to HANDSHAKE_1_SENT
disconnected from auth
Handler: secure connection with the server closed.
received session key handshake2!
client ret: [object Object]
server authenticated/authorized by solving nonce!
Handler: communication initialization succeeded
file data length: 1024
sending at Tue Mar 20 2018 18:32:08 GMT+0000 (UTC)
switching to IN_COMM
received secure communication message!
Received seqNum: 0
Handler: data received from server via secure communication
data1
Resp-actual/expected/ratio/ts: 21 21 1 1521570728550
Distribution protocol: TCP
Resp-actual/expected/ratio/ts: 21 22 0.9545454545454546 1521570787625
connected to auth! from local port 46842
received auth hello!
{ authId: 401, nonce: <Buffer ae 0d 5e 5b ec 7d b8 37> }
received session key response encrypted with distribution key
replyNonce in sessionKeyResp: <Buffer 2b d2 52 3a 44 9e eb af>
auth nonce verified
handleSessionKeyResp: session key request succeeded! authFailureCount: 0
received 1 keys
currentSessionKey: [object Object]
Status: Secure connection closed before starting a new connection.
Session protocol: TCP
chosen commSessionKey: 
{ id: 40100420,
  cipherKeyVal: <Buffer 39 33 9c cc dd db 8b 90 b0 83 54 f1 cd 33 d0 28>,
  macKeyVal: <Buffer c4 07 bd 98 08 02 80 1e aa f1 32 56 25 9c 84 97 80 c7 cc 94 ed 67 29 21 45 7b c9 db 98 4a 33 f9>,
  absValidity: 2018-03-21T18:33:07.742Z,
  relValidity: 7200000 }
options
{ serverHost: '10.0.1.18',
  serverPort: 22100,
  sessionKey: 
   { id: 40100420,
     cipherKeyVal: <Buffer 39 33 9c cc dd db 8b 90 b0 83 54 f1 cd 33 d0 28>,
     macKeyVal: <Buffer c4 07 bd 98 08 02 80 1e aa f1 32 56 25 9c 84 97 80 c7 cc 94 ed 67 29 21 45 7b c9 db 98 4a 33 f9>,
     absValidity: 2018-03-21T18:33:07.742Z,
     relValidity: 7200000 },
  sessionCryptoSpec: { cipher: 'AES-128-CBC', mac: 'SHA256' },
  sessionProtocol: 'TCP',
  handshakeTimeout: 50000 }
chosen nonce: <Buffer 1e 42 b4 69 d1 70 43 49>
switching to HANDSHAKE_1_SENT
disconnected from auth
Handler: secure connection with the server closed.
received session key handshake2!
client ret: [object Object]
server authenticated/authorized by solving nonce!
Handler: communication initialization succeeded
file data length: 1024
sending at Tue Mar 20 2018 18:33:08 GMT+0000 (UTC)
switching to IN_COMM
received secure communication message!
Received seqNum: 0
Handler: data received from server via secure communication
data1
Resp-actual/expected/ratio/ts: 22 22 1 1521570788648
Distribution protocol: TCP
Resp-actual/expected/ratio/ts: 22 23 0.9565217391304348 1521570847667
connected to auth! from local port 47062
received auth hello!
{ authId: 401, nonce: <Buffer 80 95 15 fd 66 12 8c 03> }
received session key response encrypted with distribution key
replyNonce in sessionKeyResp: <Buffer 28 96 88 14 f8 1b 69 e2>
auth nonce verified
handleSessionKeyResp: session key request succeeded! authFailureCount: 0
received 1 keys
currentSessionKey: [object Object]
Status: Secure connection closed before starting a new connection.
Session protocol: TCP
chosen commSessionKey: 
{ id: 40100431,
  cipherKeyVal: <Buffer 2f 9b a6 3d c2 7d da e3 75 21 56 b9 f9 a4 60 2e>,
  macKeyVal: <Buffer bd 38 6d 84 20 0f 7a 5b 3b 6a e2 b1 d8 ec ed 7a 1c b6 37 e3 cf 9c 2d 00 17 66 9e 65 30 f8 a0 bf>,
  absValidity: 2018-03-21T18:34:07.832Z,
  relValidity: 7200000 }
options
{ serverHost: '10.0.1.18',
  serverPort: 22100,
  sessionKey: 
   { id: 40100431,
     cipherKeyVal: <Buffer 2f 9b a6 3d c2 7d da e3 75 21 56 b9 f9 a4 60 2e>,
     macKeyVal: <Buffer bd 38 6d 84 20 0f 7a 5b 3b 6a e2 b1 d8 ec ed 7a 1c b6 37 e3 cf 9c 2d 00 17 66 9e 65 30 f8 a0 bf>,
     absValidity: 2018-03-21T18:34:07.832Z,
     relValidity: 7200000 },
  sessionCryptoSpec: { cipher: 'AES-128-CBC', mac: 'SHA256' },
  sessionProtocol: 'TCP',
  handshakeTimeout: 50000 }
chosen nonce: <Buffer b0 c8 de e5 90 9a 34 fd>
switching to HANDSHAKE_1_SENT
disconnected from auth
Handler: secure connection with the server closed.
received session key handshake2!
client ret: [object Object]
server authenticated/authorized by solving nonce!
Handler: communication initialization succeeded
file data length: 1024
sending at Tue Mar 20 2018 18:34:08 GMT+0000 (UTC)
switching to IN_COMM
received secure communication message!
Received seqNum: 0
Handler: data received from server via secure communication
data1
Resp-actual/expected/ratio/ts: 23 23 1 1521570848645
Distribution protocol: TCP
Resp-actual/expected/ratio/ts: 23 24 0.9583333333333334 1521570907702
connected to auth! from local port 47282
received auth hello!
{ authId: 401, nonce: <Buffer 35 41 fb 06 83 d9 32 dc> }
received session key response encrypted with distribution key
replyNonce in sessionKeyResp: <Buffer 87 d9 39 c2 37 b3 1f 80>
auth nonce verified
handleSessionKeyResp: session key request succeeded! authFailureCount: 0
received 1 keys
currentSessionKey: [object Object]
Status: Secure connection closed before starting a new connection.
Session protocol: TCP
chosen commSessionKey: 
{ id: 40100442,
  cipherKeyVal: <Buffer ad ca cb 7d 63 54 c8 6d f1 da 90 7b 8e f3 d3 f1>,
  macKeyVal: <Buffer 57 61 57 e5 72 44 b8 e5 53 a6 ed f9 39 44 ff 99 7d 8e e2 cb ae 55 d7 a6 48 81 99 65 9f a6 a1 13>,
  absValidity: 2018-03-21T18:35:07.868Z,
  relValidity: 7200000 }
options
{ serverHost: '10.0.1.18',
  serverPort: 22100,
  sessionKey: 
   { id: 40100442,
     cipherKeyVal: <Buffer ad ca cb 7d 63 54 c8 6d f1 da 90 7b 8e f3 d3 f1>,
     macKeyVal: <Buffer 57 61 57 e5 72 44 b8 e5 53 a6 ed f9 39 44 ff 99 7d 8e e2 cb ae 55 d7 a6 48 81 99 65 9f a6 a1 13>,
     absValidity: 2018-03-21T18:35:07.868Z,
     relValidity: 7200000 },
  sessionCryptoSpec: { cipher: 'AES-128-CBC', mac: 'SHA256' },
  sessionProtocol: 'TCP',
  handshakeTimeout: 50000 }
chosen nonce: <Buffer b7 3b 09 5f 1a 7d 8f 23>
switching to HANDSHAKE_1_SENT
disconnected from auth
Handler: secure connection with the server closed.
received session key handshake2!
client ret: [object Object]
server authenticated/authorized by solving nonce!
Handler: communication initialization succeeded
file data length: 1024
sending at Tue Mar 20 2018 18:35:08 GMT+0000 (UTC)
switching to IN_COMM
received secure communication message!
Received seqNum: 0
Handler: data received from server via secure communication
data1
Resp-actual/expected/ratio/ts: 24 24 1 1521570908710
Distribution protocol: TCP
Resp-actual/expected/ratio/ts: 24 25 0.96 1521570967761
connected to auth! from local port 47502
received auth hello!
{ authId: 401, nonce: <Buffer 6f fc 88 99 ed d1 7b fa> }
received session key response encrypted with distribution key
replyNonce in sessionKeyResp: <Buffer 96 d7 a8 5b fe c2 ec 19>
auth nonce verified
handleSessionKeyResp: session key request succeeded! authFailureCount: 0
received 1 keys
currentSessionKey: [object Object]
Status: Secure connection closed before starting a new connection.
Session protocol: TCP
chosen commSessionKey: 
{ id: 40100453,
  cipherKeyVal: <Buffer 57 06 bc 1f 40 3e fd d7 37 fa 84 6f 97 13 a4 21>,
  macKeyVal: <Buffer 14 85 97 17 f1 9a 29 a1 0a 5f 1a 58 e4 de 39 a3 3f 19 2b d3 13 00 9e 6a bf a0 15 7c 53 2a 92 1f>,
  absValidity: 2018-03-21T18:36:07.909Z,
  relValidity: 7200000 }
options
{ serverHost: '10.0.1.18',
  serverPort: 22100,
  sessionKey: 
   { id: 40100453,
     cipherKeyVal: <Buffer 57 06 bc 1f 40 3e fd d7 37 fa 84 6f 97 13 a4 21>,
     macKeyVal: <Buffer 14 85 97 17 f1 9a 29 a1 0a 5f 1a 58 e4 de 39 a3 3f 19 2b d3 13 00 9e 6a bf a0 15 7c 53 2a 92 1f>,
     absValidity: 2018-03-21T18:36:07.909Z,
     relValidity: 7200000 },
  sessionCryptoSpec: { cipher: 'AES-128-CBC', mac: 'SHA256' },
  sessionProtocol: 'TCP',
  handshakeTimeout: 50000 }
chosen nonce: <Buffer df 11 6d 9a ea de 48 b7>
switching to HANDSHAKE_1_SENT
disconnected from auth
Handler: secure connection with the server closed.
received session key handshake2!
client ret: [object Object]
server authenticated/authorized by solving nonce!
Handler: communication initialization succeeded
file data length: 1024
sending at Tue Mar 20 2018 18:36:08 GMT+0000 (UTC)
switching to IN_COMM
received secure communication message!
Received seqNum: 0
Handler: data received from server via secure communication
data1
Resp-actual/expected/ratio/ts: 25 25 1 1521570968684
Distribution protocol: TCP
Resp-actual/expected/ratio/ts: 25 26 0.9615384615384616 1521571027801
connected to auth! from local port 47720
received auth hello!
{ authId: 401, nonce: <Buffer 2a 70 76 cf 92 77 c3 07> }
received session key response encrypted with distribution key
replyNonce in sessionKeyResp: <Buffer e3 09 1d e0 1b 04 ca 4f>
auth nonce verified
handleSessionKeyResp: session key request succeeded! authFailureCount: 0
received 1 keys
currentSessionKey: [object Object]
Status: Secure connection closed before starting a new connection.
Session protocol: TCP
chosen commSessionKey: 
{ id: 40100464,
  cipherKeyVal: <Buffer 99 ac f6 62 bc 6f 3c 4a 04 05 87 8a 64 88 55 e5>,
  macKeyVal: <Buffer ed f3 b0 5c f9 15 0d 5a 77 dd e3 ac ad d8 6a df 9f 93 dd 30 dc 4d 66 49 ba 7a 24 33 c9 33 f4 41>,
  absValidity: 2018-03-21T18:37:07.944Z,
  relValidity: 7200000 }
options
{ serverHost: '10.0.1.18',
  serverPort: 22100,
  sessionKey: 
   { id: 40100464,
     cipherKeyVal: <Buffer 99 ac f6 62 bc 6f 3c 4a 04 05 87 8a 64 88 55 e5>,
     macKeyVal: <Buffer ed f3 b0 5c f9 15 0d 5a 77 dd e3 ac ad d8 6a df 9f 93 dd 30 dc 4d 66 49 ba 7a 24 33 c9 33 f4 41>,
     absValidity: 2018-03-21T18:37:07.944Z,
     relValidity: 7200000 },
  sessionCryptoSpec: { cipher: 'AES-128-CBC', mac: 'SHA256' },
  sessionProtocol: 'TCP',
  handshakeTimeout: 50000 }
chosen nonce: <Buffer 4c 31 ce bb 1f 78 38 40>
switching to HANDSHAKE_1_SENT
disconnected from auth
Handler: secure connection with the server closed.
received session key handshake2!
client ret: [object Object]
server authenticated/authorized by solving nonce!
Handler: communication initialization succeeded
file data length: 1024
sending at Tue Mar 20 2018 18:37:08 GMT+0000 (UTC)
switching to IN_COMM
received secure communication message!
Received seqNum: 0
Handler: data received from server via secure communication
data1
Resp-actual/expected/ratio/ts: 26 26 1 1521571028761
Distribution protocol: TCP
Resp-actual/expected/ratio/ts: 26 27 0.9629629629629629 1521571087857
connected to auth! from local port 47938
received auth hello!
{ authId: 401, nonce: <Buffer af ad 9e 95 2a 0a 11 24> }
received session key response encrypted with distribution key
replyNonce in sessionKeyResp: <Buffer 74 7b 80 05 26 0e 0d f4>
auth nonce verified
handleSessionKeyResp: session key request succeeded! authFailureCount: 0
received 1 keys
currentSessionKey: [object Object]
Status: Secure connection closed before starting a new connection.
Session protocol: TCP
chosen commSessionKey: 
{ id: 40100475,
  cipherKeyVal: <Buffer da 53 f4 9c 8e 3b b3 3f 68 fa ea 2c 99 95 c6 65>,
  macKeyVal: <Buffer 24 bd de f0 9e 21 ce 52 9b 4b 3c 9b 4b 8b 57 aa d2 fe d1 cd 69 6e 25 a0 f3 de 09 c0 47 d6 dd 90>,
  absValidity: 2018-03-21T18:38:07.996Z,
  relValidity: 7200000 }
options
{ serverHost: '10.0.1.18',
  serverPort: 22100,
  sessionKey: 
   { id: 40100475,
     cipherKeyVal: <Buffer da 53 f4 9c 8e 3b b3 3f 68 fa ea 2c 99 95 c6 65>,
     macKeyVal: <Buffer 24 bd de f0 9e 21 ce 52 9b 4b 3c 9b 4b 8b 57 aa d2 fe d1 cd 69 6e 25 a0 f3 de 09 c0 47 d6 dd 90>,
     absValidity: 2018-03-21T18:38:07.996Z,
     relValidity: 7200000 },
  sessionCryptoSpec: { cipher: 'AES-128-CBC', mac: 'SHA256' },
  sessionProtocol: 'TCP',
  handshakeTimeout: 50000 }
chosen nonce: <Buffer 2a 5d 48 69 48 55 57 5b>
switching to HANDSHAKE_1_SENT
disconnected from auth
Handler: secure connection with the server closed.
received session key handshake2!
client ret: [object Object]
server authenticated/authorized by solving nonce!
Handler: communication initialization succeeded
file data length: 1024
sending at Tue Mar 20 2018 18:38:08 GMT+0000 (UTC)
switching to IN_COMM
received secure communication message!
Received seqNum: 0
Handler: data received from server via secure communication
data1
Resp-actual/expected/ratio/ts: 27 27 1 1521571088841
Distribution protocol: TCP
Resp-actual/expected/ratio/ts: 27 28 0.9642857142857143 1521571147917
connected to auth! from local port 48156
received auth hello!
{ authId: 401, nonce: <Buffer c8 82 05 48 3a 09 06 34> }
received session key response encrypted with distribution key
replyNonce in sessionKeyResp: <Buffer 4c f5 a9 67 83 ac de 82>
auth nonce verified
handleSessionKeyResp: session key request succeeded! authFailureCount: 0
received 1 keys
currentSessionKey: [object Object]
Status: Secure connection closed before starting a new connection.
Session protocol: TCP
chosen commSessionKey: 
{ id: 40100486,
  cipherKeyVal: <Buffer 49 7e 90 bf 87 09 22 29 c4 68 3f 18 09 f6 6a 55>,
  macKeyVal: <Buffer 6b 7b f3 21 12 d0 a5 a8 87 a5 c0 8d 87 a0 f7 15 22 9f 20 5c 85 ea 53 e6 b0 53 45 8b c0 df e1 2e>,
  absValidity: 2018-03-21T18:39:08.062Z,
  relValidity: 7200000 }
options
{ serverHost: '10.0.1.18',
  serverPort: 22100,
  sessionKey: 
   { id: 40100486,
     cipherKeyVal: <Buffer 49 7e 90 bf 87 09 22 29 c4 68 3f 18 09 f6 6a 55>,
     macKeyVal: <Buffer 6b 7b f3 21 12 d0 a5 a8 87 a5 c0 8d 87 a0 f7 15 22 9f 20 5c 85 ea 53 e6 b0 53 45 8b c0 df e1 2e>,
     absValidity: 2018-03-21T18:39:08.062Z,
     relValidity: 7200000 },
  sessionCryptoSpec: { cipher: 'AES-128-CBC', mac: 'SHA256' },
  sessionProtocol: 'TCP',
  handshakeTimeout: 50000 }
chosen nonce: <Buffer b7 5d 97 d7 1f 7a fe 6c>
switching to HANDSHAKE_1_SENT
disconnected from auth
Handler: secure connection with the server closed.
received session key handshake2!
client ret: [object Object]
server authenticated/authorized by solving nonce!
Handler: communication initialization succeeded
file data length: 1024
sending at Tue Mar 20 2018 18:39:08 GMT+0000 (UTC)
switching to IN_COMM
received secure communication message!
Received seqNum: 0
Handler: data received from server via secure communication
data1
Resp-actual/expected/ratio/ts: 28 28 1 1521571148968
