changing working directory to: /home/hokeunkim/Development/iotauth/entity/node/example_entities
loading from config file: /home/hokeunkim/Development/iotauth_experiments/experiments/ccs2017/expOptions/expEntity.option
Experimental options for autoClient: { autoSendPeriod: 60000,
  useSameSessionKeyCount: 1,
  connectionTimeout: 50000,
  migrationEnabled: true,
  authFailureThreshold: 2,
  migrationFailureThreshold: 2 }
loading from config file: /home/hokeunkim/Development/iotauth/entity/node/example_entities/configs/Clients/c509.config
initializing...
current parameters: { numKeysPerRequest: 3,
  migrationEnabled: false,
  authFailureThreshold: 3,
  migrationFailureThreshold: 3 }
current parameters: { numKeysPerRequest: 1,
  migrationEnabled: false,
  authFailureThreshold: 3,
  migrationFailureThreshold: 3 }
current parameters: { numKeysPerRequest: 1,
  migrationEnabled: true,
  authFailureThreshold: 3,
  migrationFailureThreshold: 3 }
current parameters: { numKeysPerRequest: 1,
  migrationEnabled: true,
  authFailureThreshold: 2,
  migrationFailureThreshold: 3 }
current parameters: { numKeysPerRequest: 1,
  migrationEnabled: true,
  authFailureThreshold: 2,
  migrationFailureThreshold: 2 }
current entityInfo: { name: 'c509',
  group: 'Clients',
  distProtocol: 'TCP',
  usePermanentDistKey: false,
  connectionTimeout: 50000,
  privateKey: <Buffer 2d 2d 2d 2d 2d 42 45 47 49 4e 20 52 53 41 20 50 52 49 56 41 54 45 20 4b 45 59 2d 2d 2d 2d 2d 0a 4d 49 49 45 6f 77 49 42 41 41 4b 43 41 51 45 41 79 45 ... > }
Distribution protocol: TCP
Resp-actual/expected/ratio/ts: 0 1 0 1521572481421
connected to auth! from local port 44034
received auth hello!
{ authId: 501, nonce: <Buffer e3 24 53 e9 85 6e af 6e> }
received session key response with distribution key attached!
auth signature verified
replyNonce in sessionKeyResp: <Buffer 4b 28 02 02 37 24 c4 a8>
auth nonce verified
handleSessionKeyResp: session key request succeeded! authFailureCount: 0
updating distribution key: { cipherKeyVal: <Buffer 37 d0 fc 4a 9b 2e 53 23 d7 79 2a 8d bb 6e 6d 49>,
  macKeyVal: <Buffer 1d 83 24 fc 05 87 a0 1b 96 f4 f0 8d b4 c4 1a 43 bf 43 e5 7b 3c c0 86 fc f7 fd 09 9f 68 16 e2 42>,
  absValidity: 2018-03-20T20:01:21.599Z }
received 1 keys
currentSessionKey: [object Object]
Session protocol: TCP
chosen commSessionKey: 
{ id: 50100448,
  cipherKeyVal: <Buffer 1d 7b bd 97 ee d4 fb 7a a4 6e cc e9 33 90 5a 4c>,
  macKeyVal: <Buffer d8 98 40 a1 4b 49 49 45 6f 16 34 c4 c3 a8 bf a7 50 fc 32 d3 99 a1 95 49 d0 b8 d4 ed 2c 14 72 15>,
  absValidity: 2018-03-21T19:01:21.598Z,
  relValidity: 7200000 }
options
{ serverHost: '10.0.1.29',
  serverPort: 22100,
  sessionKey: 
   { id: 50100448,
     cipherKeyVal: <Buffer 1d 7b bd 97 ee d4 fb 7a a4 6e cc e9 33 90 5a 4c>,
     macKeyVal: <Buffer d8 98 40 a1 4b 49 49 45 6f 16 34 c4 c3 a8 bf a7 50 fc 32 d3 99 a1 95 49 d0 b8 d4 ed 2c 14 72 15>,
     absValidity: 2018-03-21T19:01:21.598Z,
     relValidity: 7200000 },
  sessionCryptoSpec: { cipher: 'AES-128-CBC', mac: 'SHA256' },
  sessionProtocol: 'TCP',
  handshakeTimeout: 50000 }
disconnected from auth
chosen nonce: <Buffer ff 26 25 1f a5 ab 9f 13>
switching to HANDSHAKE_1_SENT
received session key handshake2!
client ret: [object Object]
server authenticated/authorized by solving nonce!
Handler: communication initialization succeeded
file data length: 1024
sending at Tue Mar 20 2018 19:01:22 GMT+0000 (UTC)
switching to IN_COMM
received secure communication message!
Received seqNum: 0
Handler: data received from server via secure communication
data1
Resp-actual/expected/ratio/ts: 1 1 1 1521572483338
Distribution protocol: TCP
Resp-actual/expected/ratio/ts: 1 2 0.5 1521572541478
connected to auth! from local port 44304
received auth hello!
{ authId: 501, nonce: <Buffer b6 e6 1d 1f 23 bc 0f 6a> }
received session key response encrypted with distribution key
replyNonce in sessionKeyResp: <Buffer 9e 6d a4 ce 14 8e 60 ec>
auth nonce verified
handleSessionKeyResp: session key request succeeded! authFailureCount: 0
received 1 keys
currentSessionKey: [object Object]
Status: Secure connection closed before starting a new connection.
Session protocol: TCP
chosen commSessionKey: 
{ id: 50100456,
  cipherKeyVal: <Buffer d2 86 b4 91 30 a0 a5 60 16 61 10 86 df 49 1f 64>,
  macKeyVal: <Buffer b3 74 af 42 61 f9 92 f0 e7 2c 65 3a 8d fa ab 02 5c 6a d2 8a bc 67 b9 98 e6 58 24 16 39 cc d2 cc>,
  absValidity: 2018-03-21T19:02:21.632Z,
  relValidity: 7200000 }
options
{ serverHost: '10.0.1.29',
  serverPort: 22100,
  sessionKey: 
   { id: 50100456,
     cipherKeyVal: <Buffer d2 86 b4 91 30 a0 a5 60 16 61 10 86 df 49 1f 64>,
     macKeyVal: <Buffer b3 74 af 42 61 f9 92 f0 e7 2c 65 3a 8d fa ab 02 5c 6a d2 8a bc 67 b9 98 e6 58 24 16 39 cc d2 cc>,
     absValidity: 2018-03-21T19:02:21.632Z,
     relValidity: 7200000 },
  sessionCryptoSpec: { cipher: 'AES-128-CBC', mac: 'SHA256' },
  sessionProtocol: 'TCP',
  handshakeTimeout: 50000 }
chosen nonce: <Buffer 2e fa 4b 26 22 ca 39 c1>
switching to HANDSHAKE_1_SENT
disconnected from auth
Handler: secure connection with the server closed.
received session key handshake2!
client ret: [object Object]
server authenticated/authorized by solving nonce!
Handler: communication initialization succeeded
file data length: 1024
sending at Tue Mar 20 2018 19:02:22 GMT+0000 (UTC)
switching to IN_COMM
received secure communication message!
Received seqNum: 0
Handler: data received from server via secure communication
data1
Resp-actual/expected/ratio/ts: 2 2 1 1521572543249
Distribution protocol: TCP
Resp-actual/expected/ratio/ts: 2 3 0.6666666666666666 1521572601498
connected to auth! from local port 44574
received auth hello!
{ authId: 501, nonce: <Buffer 73 0a 9c 7c 72 c8 82 e5> }
received session key response encrypted with distribution key
replyNonce in sessionKeyResp: <Buffer 22 b0 35 5c b9 17 af 20>
auth nonce verified
handleSessionKeyResp: session key request succeeded! authFailureCount: 0
received 1 keys
currentSessionKey: [object Object]
Status: Secure connection closed before starting a new connection.
Session protocol: TCP
chosen commSessionKey: 
{ id: 50100464,
  cipherKeyVal: <Buffer b8 eb d4 81 35 35 2d 73 eb ef 78 f8 85 95 9e 0c>,
  macKeyVal: <Buffer 1b 8b 2a 9b af 26 a8 5e c3 91 2f 94 05 32 51 cb b1 40 b7 2e 17 40 7e 53 b2 81 2c ab db 5f ee 7a>,
  absValidity: 2018-03-21T19:03:21.658Z,
  relValidity: 7200000 }
options
{ serverHost: '10.0.1.29',
  serverPort: 22100,
  sessionKey: 
   { id: 50100464,
     cipherKeyVal: <Buffer b8 eb d4 81 35 35 2d 73 eb ef 78 f8 85 95 9e 0c>,
     macKeyVal: <Buffer 1b 8b 2a 9b af 26 a8 5e c3 91 2f 94 05 32 51 cb b1 40 b7 2e 17 40 7e 53 b2 81 2c ab db 5f ee 7a>,
     absValidity: 2018-03-21T19:03:21.658Z,
     relValidity: 7200000 },
  sessionCryptoSpec: { cipher: 'AES-128-CBC', mac: 'SHA256' },
  sessionProtocol: 'TCP',
  handshakeTimeout: 50000 }
chosen nonce: <Buffer fd d0 bd 9c 6a 67 7a 32>
switching to HANDSHAKE_1_SENT
disconnected from auth
Handler: secure connection with the server closed.
received session key handshake2!
client ret: [object Object]
server authenticated/authorized by solving nonce!
Handler: communication initialization succeeded
file data length: 1024
sending at Tue Mar 20 2018 19:03:22 GMT+0000 (UTC)
switching to IN_COMM
received secure communication message!
Received seqNum: 0
Handler: data received from server via secure communication
data1
Resp-actual/expected/ratio/ts: 3 3 1 1521572603391
Distribution protocol: TCP
Resp-actual/expected/ratio/ts: 3 4 0.75 1521572661553
connected to auth! from local port 44844
received auth hello!
{ authId: 501, nonce: <Buffer eb d4 7a ba c3 45 f9 6e> }
received session key response encrypted with distribution key
replyNonce in sessionKeyResp: <Buffer d5 e8 1e 10 ba 3b fc 1a>
auth nonce verified
handleSessionKeyResp: session key request succeeded! authFailureCount: 0
received 1 keys
currentSessionKey: [object Object]
Status: Secure connection closed before starting a new connection.
Session protocol: TCP
chosen commSessionKey: 
{ id: 50100472,
  cipherKeyVal: <Buffer 53 4e 0b 6c ad 01 77 6d d5 9b e4 aa df 5c 5e 10>,
  macKeyVal: <Buffer 65 49 d4 ca 20 ad f7 ab c6 de 47 72 16 79 ff be 9d 80 8b 4a 8f 7f 34 21 9a c7 14 dc 3d af 20 9d>,
  absValidity: 2018-03-21T19:04:21.715Z,
  relValidity: 7200000 }
options
{ serverHost: '10.0.1.29',
  serverPort: 22100,
  sessionKey: 
   { id: 50100472,
     cipherKeyVal: <Buffer 53 4e 0b 6c ad 01 77 6d d5 9b e4 aa df 5c 5e 10>,
     macKeyVal: <Buffer 65 49 d4 ca 20 ad f7 ab c6 de 47 72 16 79 ff be 9d 80 8b 4a 8f 7f 34 21 9a c7 14 dc 3d af 20 9d>,
     absValidity: 2018-03-21T19:04:21.715Z,
     relValidity: 7200000 },
  sessionCryptoSpec: { cipher: 'AES-128-CBC', mac: 'SHA256' },
  sessionProtocol: 'TCP',
  handshakeTimeout: 50000 }
chosen nonce: <Buffer 2f dc 8d 23 b4 3d 85 49>
switching to HANDSHAKE_1_SENT
disconnected from auth
Handler: secure connection with the server closed.
received session key handshake2!
client ret: [object Object]
server authenticated/authorized by solving nonce!
Handler: communication initialization succeeded
file data length: 1024
sending at Tue Mar 20 2018 19:04:23 GMT+0000 (UTC)
switching to IN_COMM
received secure communication message!
Received seqNum: 0
Handler: data received from server via secure communication
data1
Resp-actual/expected/ratio/ts: 4 4 1 1521572663541
Distribution protocol: TCP
Resp-actual/expected/ratio/ts: 4 5 0.8 1521572721610
connected to auth! from local port 45114
received auth hello!
{ authId: 501, nonce: <Buffer bd fe b3 5e 22 b1 26 0c> }
received session key response encrypted with distribution key
replyNonce in sessionKeyResp: <Buffer fa e3 2c df f3 d1 8a 1b>
auth nonce verified
handleSessionKeyResp: session key request succeeded! authFailureCount: 0
received 1 keys
currentSessionKey: [object Object]
Status: Secure connection closed before starting a new connection.
Session protocol: TCP
chosen commSessionKey: 
{ id: 50100480,
  cipherKeyVal: <Buffer 62 86 80 31 d1 b0 35 4f 00 e3 7b 76 6d f6 94 c3>,
  macKeyVal: <Buffer 72 a1 5f b7 36 7e eb cb b2 89 1b 65 fd c1 fd 43 d2 1a 27 f5 44 92 ee 8d df da 41 f1 c8 67 f2 dd>,
  absValidity: 2018-03-21T19:05:21.777Z,
  relValidity: 7200000 }
options
{ serverHost: '10.0.1.29',
  serverPort: 22100,
  sessionKey: 
   { id: 50100480,
     cipherKeyVal: <Buffer 62 86 80 31 d1 b0 35 4f 00 e3 7b 76 6d f6 94 c3>,
     macKeyVal: <Buffer 72 a1 5f b7 36 7e eb cb b2 89 1b 65 fd c1 fd 43 d2 1a 27 f5 44 92 ee 8d df da 41 f1 c8 67 f2 dd>,
     absValidity: 2018-03-21T19:05:21.777Z,
     relValidity: 7200000 },
  sessionCryptoSpec: { cipher: 'AES-128-CBC', mac: 'SHA256' },
  sessionProtocol: 'TCP',
  handshakeTimeout: 50000 }
chosen nonce: <Buffer a1 3f dd 29 5a 47 68 a0>
switching to HANDSHAKE_1_SENT
disconnected from auth
Handler: secure connection with the server closed.
received session key handshake2!
client ret: [object Object]
server authenticated/authorized by solving nonce!
Handler: communication initialization succeeded
file data length: 1024
sending at Tue Mar 20 2018 19:05:23 GMT+0000 (UTC)
switching to IN_COMM
received secure communication message!
Received seqNum: 0
Handler: data received from server via secure communication
data1
Resp-actual/expected/ratio/ts: 5 5 1 1521572723535
Distribution protocol: TCP
Resp-actual/expected/ratio/ts: 5 6 0.8333333333333334 1521572781665
connected to auth! from local port 45384
received auth hello!
{ authId: 501, nonce: <Buffer 40 09 93 32 90 85 9e 5e> }
received session key response encrypted with distribution key
replyNonce in sessionKeyResp: <Buffer 67 b0 55 0e 6c 2c af 51>
auth nonce verified
handleSessionKeyResp: session key request succeeded! authFailureCount: 0
received 1 keys
currentSessionKey: [object Object]
Status: Secure connection closed before starting a new connection.
Session protocol: TCP
chosen commSessionKey: 
{ id: 50100488,
  cipherKeyVal: <Buffer f3 75 d1 a6 2d f8 31 c2 3f f1 b1 70 7e 95 f4 6e>,
  macKeyVal: <Buffer e2 f7 ee 45 be d8 ac 49 5b 81 b9 43 23 3c bd 60 67 5e 09 fb 2f de 79 bc 4d e3 27 ff c8 e6 f5 df>,
  absValidity: 2018-03-21T19:06:21.817Z,
  relValidity: 7200000 }
options
{ serverHost: '10.0.1.29',
  serverPort: 22100,
  sessionKey: 
   { id: 50100488,
     cipherKeyVal: <Buffer f3 75 d1 a6 2d f8 31 c2 3f f1 b1 70 7e 95 f4 6e>,
     macKeyVal: <Buffer e2 f7 ee 45 be d8 ac 49 5b 81 b9 43 23 3c bd 60 67 5e 09 fb 2f de 79 bc 4d e3 27 ff c8 e6 f5 df>,
     absValidity: 2018-03-21T19:06:21.817Z,
     relValidity: 7200000 },
  sessionCryptoSpec: { cipher: 'AES-128-CBC', mac: 'SHA256' },
  sessionProtocol: 'TCP',
  handshakeTimeout: 50000 }
chosen nonce: <Buffer 2a 3d 63 8d 06 6b 5c 29>
switching to HANDSHAKE_1_SENT
disconnected from auth
Handler: secure connection with the server closed.
received session key handshake2!
client ret: [object Object]
server authenticated/authorized by solving nonce!
Handler: communication initialization succeeded
file data length: 1024
sending at Tue Mar 20 2018 19:06:23 GMT+0000 (UTC)
switching to IN_COMM
received secure communication message!
Received seqNum: 0
Handler: data received from server via secure communication
data1
Resp-actual/expected/ratio/ts: 6 6 1 1521572783434
Distribution protocol: TCP
Resp-actual/expected/ratio/ts: 6 7 0.8571428571428571 1521572841725
connected to auth! from local port 45654
received auth hello!
{ authId: 501, nonce: <Buffer 63 23 2a 36 33 97 b8 69> }
received session key response encrypted with distribution key
replyNonce in sessionKeyResp: <Buffer 75 f8 0f ac c7 e3 a1 fb>
auth nonce verified
handleSessionKeyResp: session key request succeeded! authFailureCount: 0
received 1 keys
currentSessionKey: [object Object]
Status: Secure connection closed before starting a new connection.
Session protocol: TCP
chosen commSessionKey: 
{ id: 50100496,
  cipherKeyVal: <Buffer 8d 5c 4a 98 71 67 dd c0 dd f5 95 ff 66 2a 9d 79>,
  macKeyVal: <Buffer 12 c5 b4 f3 da 7d 45 fb 4f f0 68 e7 13 df 29 4a 6d 0b e3 41 86 c8 71 d4 7f ac a1 22 e7 e3 30 ba>,
  absValidity: 2018-03-21T19:07:21.880Z,
  relValidity: 7200000 }
options
{ serverHost: '10.0.1.29',
  serverPort: 22100,
  sessionKey: 
   { id: 50100496,
     cipherKeyVal: <Buffer 8d 5c 4a 98 71 67 dd c0 dd f5 95 ff 66 2a 9d 79>,
     macKeyVal: <Buffer 12 c5 b4 f3 da 7d 45 fb 4f f0 68 e7 13 df 29 4a 6d 0b e3 41 86 c8 71 d4 7f ac a1 22 e7 e3 30 ba>,
     absValidity: 2018-03-21T19:07:21.880Z,
     relValidity: 7200000 },
  sessionCryptoSpec: { cipher: 'AES-128-CBC', mac: 'SHA256' },
  sessionProtocol: 'TCP',
  handshakeTimeout: 50000 }
disconnected from auth
chosen nonce: <Buffer 1b cd 2b 01 aa ff 6e dd>
switching to HANDSHAKE_1_SENT
Handler: secure connection with the server closed.
received session key handshake2!
client ret: [object Object]
server authenticated/authorized by solving nonce!
Handler: communication initialization succeeded
file data length: 1024
sending at Tue Mar 20 2018 19:07:23 GMT+0000 (UTC)
switching to IN_COMM
received secure communication message!
Received seqNum: 0
Handler: data received from server via secure communication
data1
Resp-actual/expected/ratio/ts: 7 7 1 1521572843663
Distribution protocol: TCP
Resp-actual/expected/ratio/ts: 7 8 0.875 1521572901779
failure in connection with Auth : authFailureCount: 1
Handler: Error in secure comm - details: Error occurred in session key request: Error: connect EHOSTUNREACH 10.0.1.4:21100
Handler: Error in secure comm - details: Auth hello timedout ...
Distribution protocol: TCP
Resp-actual/expected/ratio/ts: 7 9 0.7777777777777778 1521572961780
failure in connection with Auth : authFailureCount: 2
failure count reached threshold (2), try migration...
In iotAuth.js migrateToTrustedAuth: 
In iotAuthService.js sendMigrationReqViaTCP: 
Handler: Error in secure comm - details: Error occurred in session key request: Error: connect EHOSTUNREACH 10.0.1.4:21100
failure in migration to another Auth : migrationFailureCount: 1
Handler: Error in secure comm - details: Error occurred in migration request: Error: connect EHOSTUNREACH 10.0.1.2:21100
Handler: Error in secure comm - details: Auth hello timedout ...
failure in migration to another Auth : migrationFailureCount: 2
Handler: Error in secure comm - details: Error occurred in migration request: Auth hello timedout ...
Distribution protocol: TCP
Resp-actual/expected/ratio/ts: 7 10 0.7 1521573021788
failure in connection with Auth : authFailureCount: 3
failure count reached threshold (2), try migration...
reached migration failure threshold, rotate migration info index from: 0
to: 1
In iotAuth.js migrateToTrustedAuth: 
In iotAuthService.js sendMigrationReqViaTCP: 
Handler: Error in secure comm - details: Error occurred in session key request: Error: connect EHOSTUNREACH 10.0.1.4:21100
connected to auth! from local port 34508
received auth hello!
{ authId: 502, nonce: <Buffer b9 60 e6 7c 20 7d 35 c2> }
more data will come. current: 1445 expected: 1485
received migration response with signature!
{ version: 2,
  subject: 
   { countryName: 'US',
     stateOrProvinceName: 'CA',
     localityName: 'Berkeley',
     organizationName: 'EECS',
     organizationalUnitName: 'Auth502',
     commonName: '10.0.1.5' },
  issuer: 
   { countryName: 'US',
     stateOrProvinceName: 'CA',
     localityName: 'Berkeley',
     organizationName: 'EECS',
     organizationalUnitName: 'Auth501',
     commonName: '10.0.0.4' },
  serial: '016244C731B0',
  notBefore: 2018-03-20T18:57:07.000Z,
  notAfter: 2018-03-21T18:58:47.000Z,
  subjectHash: '9638ffe3',
  signatureAlgorithm: 'sha256WithRSAEncryption',
  fingerPrint: '93:7A:A1:94:F3:58:54:82:C2:CB:99:F0:13:9C:F6:6B:66:B8:99:CC',
  publicKey: 
   { algorithm: 'rsaEncryption',
     e: '65537',
     n: 'E40B9EF20959AA49D02016EC2E9896074EE0818689EAD7319ECC8ED8C9557412ED46C95E67464598F6233ECEB8BF25A876F0D30B65CED2B1FED8D1F07CF9042FD7F86E3B637BE17FBFD7C9F0DB5850835170B354A52C175B769A37BA578F965436FF29BCFD54C5D4E939E02214503C8A69FFBBF0EC06657DF9498BE98DEB26B62E1453817F6DFAE9B50EE21C5A643FF0292539838A682562303CB77FC6028B22B30B78957E4F78E539103F991928681EBF3100D31960F43F8ECFC6C2F3063B353E92BFFEF77A49BBCBF417864AE8169AA061F590E5FB3393A4592EFA1100FC186B95B83724CA0B11D8BC02BC9BD4F9E08552DE2D1EB0EE0E866E41A520730E6F',
     bitSize: 2048 },
  altNames: [],
  extensions: { subjectAlternativeName: 'IP Address:10.0.1.5' } }
null
true
Certificate of new Auth is verified!
Subject information matches Auth ID!
Signature of new Auth is verified.
Auth nonce is verified
migration completed!
new Auth info: !
{ id: 502,
  host: '10.0.1.5',
  port: 21100,
  publicKey: '-----BEGIN CERTIFICATE-----\nMIIDVTCCAj2gAwIBAgIGAWJExzGwMA0GCSqGSIb3DQEBCwUAMGExCzAJBgNVBAYT\nAlVTMQswCQYDVQQIDAJDQTERMA8GA1UEBwwIQmVya2VsZXkxDTALBgNVBAoMBEVF\nQ1MxEDAOBgNVBAsMB0F1dGg1MDExETAPBgNVBAMMCDEwLjAuMC40MB4XDTE4MDMy\nMDE4NTcwN1oXDTE4MDMyMTE4NTg0N1owYTELMAkGA1UEBhMCVVMxCzAJBgNVBAgM\nAkNBMREwDwYDVQQHDAhCZXJrZWxleTENMAsGA1UECgwERUVDUzEQMA4GA1UECwwH\nQXV0aDUwMjERMA8GA1UEAwwIMTAuMC4xLjUwggEiMA0GCSqGSIb3DQEBAQUAA4IB\nDwAwggEKAoIBAQDkC57yCVmqSdAgFuwumJYHTuCBhonq1zGezI7YyVV0Eu1GyV5n\nRkWY9iM+zri/Jah28NMLZc7Ssf7Y0fB8+QQv1/huO2N74X+/18nw21hQg1Fws1Sl\nLBdbdpo3ulePllQ2/ym8/VTF1Ok54CIUUDyKaf+78OwGZX35SYvpjesmti4UU4F/\nbfrptQ7iHFpkP/ApJTmDimglYjA8t3/GAosiswt4lX5PeOU5ED+ZGShoHr8xANMZ\nYPQ/js/GwvMGOzU+kr/+93pJu8v0F4ZK6BaaoGH1kOX7M5OkWS76EQD8GGuVuDck\nygsR2LwCvJvU+eCFUt4tHrDuDoZuQaUgcw5vAgMBAAGjEzARMA8GA1UdEQQIMAaH\nBAoAAQUwDQYJKoZIhvcNAQELBQADggEBAIpAd3VKIQtsOp7Gd/n+U5dQGb1TbSuD\nNQk/HKl8/HzsGeRYEr03C8HMvU65HMRGtBcvzOn2KwcEgiT/9coa+YDtK1xJybhH\nPIloSWRq7NaoE4bYMp+gpRLUhZsV1RmMwFkEgfdjdkzZhQvtC11azkYH1d9yofSK\nAMxR5ZIFMXeAjAqYWVVQZUbCBD+RI7C4tf9TN22n7l8a+LemH6KutXlo2GAcWQVL\ng0GYJeMdzdZd09xIAX5ufxOwpz3QVVJ7nADmjQyVvdhsMoWseoRVmIEVNZ4KF2ow\n+L8v+Z191H3ur6zYAo38yWRpih+c8FR93Izsktw3ACeFXHA5Oyh9k+o=\n-----END CERTIFICATE-----' }
received migration response, for next round of migration, rotate migration info index from: 1
to: 2
disconnected from auth
Handler: Error in secure comm - details: Auth hello timedout ...
Distribution protocol: TCP
Resp-actual/expected/ratio/ts: 7 11 0.6363636363636364 1521573081799
connected to auth! from local port 34738
received auth hello!
{ authId: 502, nonce: <Buffer 7f 56 9b 83 79 ab 84 ce> }
received session key response with distribution key attached!
auth signature verified
replyNonce in sessionKeyResp: <Buffer 10 54 15 f1 08 a7 b8 96>
auth nonce verified
handleSessionKeyResp: session key request succeeded! authFailureCount: 0
updating distribution key: { cipherKeyVal: <Buffer 5a 5f 61 d6 b1 0b b2 e8 00 6a ae 32 b3 4e fd 83>,
  macKeyVal: <Buffer 69 5e 82 70 4a 6f 24 a4 ea f1 f1 21 20 2c 3b ce 9d 2c 55 a3 11 8a b6 1f 42 7e 42 ca 05 96 10 22>,
  absValidity: 2018-03-20T20:11:21.919Z }
received 1 keys
currentSessionKey: [object Object]
Status: Secure connection closed before starting a new connection.
Session protocol: TCP
chosen commSessionKey: 
{ id: 50200459,
  cipherKeyVal: <Buffer ac 0e 3c bf cb ab fb db 22 d1 49 ea 81 ce 01 9b>,
  macKeyVal: <Buffer 6a 74 2b 81 db 54 e4 81 7f 3d e4 f2 f2 c6 76 93 4a 76 9e 11 1c bd 3f 08 85 f5 7f 7a b6 27 8e 7d>,
  absValidity: 2018-03-21T19:11:21.919Z,
  relValidity: 7200000 }
options
{ serverHost: '10.0.1.29',
  serverPort: 22100,
  sessionKey: 
   { id: 50200459,
     cipherKeyVal: <Buffer ac 0e 3c bf cb ab fb db 22 d1 49 ea 81 ce 01 9b>,
     macKeyVal: <Buffer 6a 74 2b 81 db 54 e4 81 7f 3d e4 f2 f2 c6 76 93 4a 76 9e 11 1c bd 3f 08 85 f5 7f 7a b6 27 8e 7d>,
     absValidity: 2018-03-21T19:11:21.919Z,
     relValidity: 7200000 },
  sessionCryptoSpec: { cipher: 'AES-128-CBC', mac: 'SHA256' },
  sessionProtocol: 'TCP',
  handshakeTimeout: 50000 }
chosen nonce: <Buffer 7e 5d 33 92 64 03 4c 9e>
switching to HANDSHAKE_1_SENT
disconnected from auth
Handler: secure connection with the server closed.
Handler: Error in secure comm - details: Comm init failed: handshake1 timed out ...
Handler: Error in secure comm - details: Comm init failed: disconnected from server during communication initialization.10.0.1.29:undefined
Distribution protocol: TCP
Resp-actual/expected/ratio/ts: 7 12 0.5833333333333334 1521573141800
connected to auth! from local port 34976
received auth hello!
{ authId: 502, nonce: <Buffer e3 2c d2 06 68 ed 54 5b> }
received session key response encrypted with distribution key
replyNonce in sessionKeyResp: <Buffer eb 92 ee dc da 29 57 f0>
auth nonce verified
handleSessionKeyResp: session key request succeeded! authFailureCount: 0
received 1 keys
currentSessionKey: [object Object]
Status: Secure connection closed before starting a new connection.
Session protocol: TCP
chosen commSessionKey: 
{ id: 50200468,
  cipherKeyVal: <Buffer 44 72 c1 89 87 55 d4 dc 8d 4e 02 b1 13 fc c7 d7>,
  macKeyVal: <Buffer 5e 5e 8a b7 18 ca 56 59 5f df 4d b7 48 40 54 fb ea 50 29 f8 43 e5 b8 65 ef c5 4c e2 20 7e c6 b5>,
  absValidity: 2018-03-21T19:12:22.282Z,
  relValidity: 7200000 }
options
{ serverHost: '10.0.1.29',
  serverPort: 22100,
  sessionKey: 
   { id: 50200468,
     cipherKeyVal: <Buffer 44 72 c1 89 87 55 d4 dc 8d 4e 02 b1 13 fc c7 d7>,
     macKeyVal: <Buffer 5e 5e 8a b7 18 ca 56 59 5f df 4d b7 48 40 54 fb ea 50 29 f8 43 e5 b8 65 ef c5 4c e2 20 7e c6 b5>,
     absValidity: 2018-03-21T19:12:22.282Z,
     relValidity: 7200000 },
  sessionCryptoSpec: { cipher: 'AES-128-CBC', mac: 'SHA256' },
  sessionProtocol: 'TCP',
  handshakeTimeout: 50000 }
chosen nonce: <Buffer 23 c6 92 59 df 53 3f 5d>
switching to HANDSHAKE_1_SENT
disconnected from auth
Handler: Error in secure comm - details: Comm init failed: handshake1 timed out ...
Handler: Error in secure comm - details: Comm init failed: disconnected from server during communication initialization.10.0.1.29:undefined
Distribution protocol: TCP
Resp-actual/expected/ratio/ts: 7 13 0.5384615384615384 1521573201810
connected to auth! from local port 35236
received auth hello!
{ authId: 502, nonce: <Buffer 7d 4d 51 cd 4a 4c 54 87> }
received session key response encrypted with distribution key
replyNonce in sessionKeyResp: <Buffer be d9 33 7a 06 8f 30 d3>
auth nonce verified
handleSessionKeyResp: session key request succeeded! authFailureCount: 0
received 1 keys
currentSessionKey: [object Object]
Status: Secure connection closed before starting a new connection.
Session protocol: TCP
chosen commSessionKey: 
{ id: 50200483,
  cipherKeyVal: <Buffer 98 a3 09 ac 8b aa 3f 94 ca bb de cb 2b 34 5f 6f>,
  macKeyVal: <Buffer ad c6 18 51 2c 5a fd 00 17 09 e3 f4 03 de 77 99 1c 68 99 b3 a6 ba f2 28 0c c7 d3 61 19 a6 f9 5d>,
  absValidity: 2018-03-21T19:13:22.048Z,
  relValidity: 7200000 }
options
{ serverHost: '10.0.1.29',
  serverPort: 22100,
  sessionKey: 
   { id: 50200483,
     cipherKeyVal: <Buffer 98 a3 09 ac 8b aa 3f 94 ca bb de cb 2b 34 5f 6f>,
     macKeyVal: <Buffer ad c6 18 51 2c 5a fd 00 17 09 e3 f4 03 de 77 99 1c 68 99 b3 a6 ba f2 28 0c c7 d3 61 19 a6 f9 5d>,
     absValidity: 2018-03-21T19:13:22.048Z,
     relValidity: 7200000 },
  sessionCryptoSpec: { cipher: 'AES-128-CBC', mac: 'SHA256' },
  sessionProtocol: 'TCP',
  handshakeTimeout: 50000 }
chosen nonce: <Buffer 01 5a 63 48 cd 8d fb 84>
switching to HANDSHAKE_1_SENT
disconnected from auth
Handler: Error in secure comm - details: Comm init failed: handshake1 timed out ...
Handler: Error in secure comm - details: Comm init failed: disconnected from server during communication initialization.10.0.1.29:undefined
Distribution protocol: TCP
Resp-actual/expected/ratio/ts: 7 14 0.5 1521573261815
connected to auth! from local port 35504
received auth hello!
{ authId: 502, nonce: <Buffer 2e 0c 53 30 25 dc 86 d0> }
received session key response encrypted with distribution key
replyNonce in sessionKeyResp: <Buffer aa 13 92 0e 0e 76 7f 01>
auth nonce verified
handleSessionKeyResp: session key request succeeded! authFailureCount: 0
received 1 keys
currentSessionKey: [object Object]
Status: Secure connection closed before starting a new connection.
Session protocol: TCP
chosen commSessionKey: 
{ id: 50200498,
  cipherKeyVal: <Buffer a7 0f 09 23 64 51 c3 d5 9d b0 bc fd 09 60 d4 9e>,
  macKeyVal: <Buffer 6b 46 31 b2 36 4c 0d bb b3 b6 1d cd 78 73 72 f2 eb 31 70 42 1c 67 a9 6c a1 f4 eb ca d4 fe c6 86>,
  absValidity: 2018-03-21T19:14:22.281Z,
  relValidity: 7200000 }
options
{ serverHost: '10.0.1.29',
  serverPort: 22100,
  sessionKey: 
   { id: 50200498,
     cipherKeyVal: <Buffer a7 0f 09 23 64 51 c3 d5 9d b0 bc fd 09 60 d4 9e>,
     macKeyVal: <Buffer 6b 46 31 b2 36 4c 0d bb b3 b6 1d cd 78 73 72 f2 eb 31 70 42 1c 67 a9 6c a1 f4 eb ca d4 fe c6 86>,
     absValidity: 2018-03-21T19:14:22.281Z,
     relValidity: 7200000 },
  sessionCryptoSpec: { cipher: 'AES-128-CBC', mac: 'SHA256' },
  sessionProtocol: 'TCP',
  handshakeTimeout: 50000 }
chosen nonce: <Buffer ae f8 38 14 0b 04 9e 2d>
switching to HANDSHAKE_1_SENT
disconnected from auth
received session key handshake2!
client ret: [object Object]
server authenticated/authorized by solving nonce!
Handler: communication initialization succeeded
file data length: 1024
sending at Tue Mar 20 2018 19:14:22 GMT+0000 (UTC)
switching to IN_COMM
received secure communication message!
Received seqNum: 0
Handler: data received from server via secure communication
data1
Resp-actual/expected/ratio/ts: 8 14 0.5714285714285714 1521573263341
Distribution protocol: TCP
Resp-actual/expected/ratio/ts: 8 15 0.5333333333333333 1521573321825
connected to auth! from local port 35772
received auth hello!
{ authId: 502, nonce: <Buffer a1 1f a5 e6 4e 9c f8 34> }
received session key response encrypted with distribution key
replyNonce in sessionKeyResp: <Buffer 35 99 c6 8f 8d ca 2c d6>
auth nonce verified
handleSessionKeyResp: session key request succeeded! authFailureCount: 0
received 1 keys
currentSessionKey: [object Object]
Status: Secure connection closed before starting a new connection.
Session protocol: TCP
chosen commSessionKey: 
{ id: 50200513,
  cipherKeyVal: <Buffer 8c 0f d1 c6 72 ea 1e fe 73 36 2b ac 8c cd c8 06>,
  macKeyVal: <Buffer 63 cb cc 0a 8f 10 77 6b 6c 85 cf d1 ec 96 70 ab ce 27 8d 68 ab 01 6f 35 a0 3e 8f 65 0a ec ed ae>,
  absValidity: 2018-03-21T19:15:22.048Z,
  relValidity: 7200000 }
options
{ serverHost: '10.0.1.29',
  serverPort: 22100,
  sessionKey: 
   { id: 50200513,
     cipherKeyVal: <Buffer 8c 0f d1 c6 72 ea 1e fe 73 36 2b ac 8c cd c8 06>,
     macKeyVal: <Buffer 63 cb cc 0a 8f 10 77 6b 6c 85 cf d1 ec 96 70 ab ce 27 8d 68 ab 01 6f 35 a0 3e 8f 65 0a ec ed ae>,
     absValidity: 2018-03-21T19:15:22.048Z,
     relValidity: 7200000 },
  sessionCryptoSpec: { cipher: 'AES-128-CBC', mac: 'SHA256' },
  sessionProtocol: 'TCP',
  handshakeTimeout: 50000 }
chosen nonce: <Buffer 49 f5 15 4b 4a 59 94 f5>
switching to HANDSHAKE_1_SENT
disconnected from auth
Handler: secure connection with the server closed.
received session key handshake2!
client ret: [object Object]
server authenticated/authorized by solving nonce!
Handler: communication initialization succeeded
file data length: 1024
sending at Tue Mar 20 2018 19:15:22 GMT+0000 (UTC)
switching to IN_COMM
received secure communication message!
Received seqNum: 0
Handler: data received from server via secure communication
data1
Resp-actual/expected/ratio/ts: 9 15 0.6 1521573323160
Distribution protocol: TCP
Resp-actual/expected/ratio/ts: 9 16 0.5625 1521573381883
connected to auth! from local port 36054
received auth hello!
{ authId: 502, nonce: <Buffer b1 fc b6 73 9c 40 25 21> }
received session key response encrypted with distribution key
replyNonce in sessionKeyResp: <Buffer ba a3 ea 53 3f d9 0d a4>
auth nonce verified
handleSessionKeyResp: session key request succeeded! authFailureCount: 0
received 1 keys
currentSessionKey: [object Object]
Status: Secure connection closed before starting a new connection.
Session protocol: TCP
chosen commSessionKey: 
{ id: 50200528,
  cipherKeyVal: <Buffer 70 32 b1 76 04 56 fa c3 2f 36 0a 43 ff d3 48 82>,
  macKeyVal: <Buffer b7 8e c0 55 74 1f fe 38 88 d0 19 5a df 7e ef 8d 80 17 f7 31 36 4d 01 80 bc 84 62 d9 d4 d9 26 4d>,
  absValidity: 2018-03-21T19:16:23.720Z,
  relValidity: 7200000 }
options
{ serverHost: '10.0.1.29',
  serverPort: 22100,
  sessionKey: 
   { id: 50200528,
     cipherKeyVal: <Buffer 70 32 b1 76 04 56 fa c3 2f 36 0a 43 ff d3 48 82>,
     macKeyVal: <Buffer b7 8e c0 55 74 1f fe 38 88 d0 19 5a df 7e ef 8d 80 17 f7 31 36 4d 01 80 bc 84 62 d9 d4 d9 26 4d>,
     absValidity: 2018-03-21T19:16:23.720Z,
     relValidity: 7200000 },
  sessionCryptoSpec: { cipher: 'AES-128-CBC', mac: 'SHA256' },
  sessionProtocol: 'TCP',
  handshakeTimeout: 50000 }
chosen nonce: <Buffer 85 48 5b 2b 19 fc 67 38>
switching to HANDSHAKE_1_SENT
disconnected from auth
Handler: secure connection with the server closed.
received session key handshake2!
client ret: [object Object]
server authenticated/authorized by solving nonce!
Handler: communication initialization succeeded
file data length: 1024
sending at Tue Mar 20 2018 19:16:26 GMT+0000 (UTC)
switching to IN_COMM
received secure communication message!
Received seqNum: 0
Handler: data received from server via secure communication
data1
Resp-actual/expected/ratio/ts: 10 16 0.625 1521573386523
Distribution protocol: TCP
Resp-actual/expected/ratio/ts: 10 17 0.5882352941176471 1521573441939
connected to auth! from local port 36294
received auth hello!
{ authId: 502, nonce: <Buffer cf 55 7a fb fc ac 67 5f> }
received session key response encrypted with distribution key
replyNonce in sessionKeyResp: <Buffer 6e 05 d0 4b 13 d7 de 30>
auth nonce verified
handleSessionKeyResp: session key request succeeded! authFailureCount: 0
received 1 keys
currentSessionKey: [object Object]
Status: Secure connection closed before starting a new connection.
Session protocol: TCP
chosen commSessionKey: 
{ id: 50200543,
  cipherKeyVal: <Buffer af 05 6a e9 e6 28 75 80 7c d1 70 cb ee 2e 20 d0>,
  macKeyVal: <Buffer e5 d5 ab a1 bd de f9 70 96 cb ed 16 60 2b f4 94 90 94 ed c3 28 32 c4 29 c4 fd 55 e6 43 e7 ee 5b>,
  absValidity: 2018-03-21T19:17:22.088Z,
  relValidity: 7200000 }
options
{ serverHost: '10.0.1.29',
  serverPort: 22100,
  sessionKey: 
   { id: 50200543,
     cipherKeyVal: <Buffer af 05 6a e9 e6 28 75 80 7c d1 70 cb ee 2e 20 d0>,
     macKeyVal: <Buffer e5 d5 ab a1 bd de f9 70 96 cb ed 16 60 2b f4 94 90 94 ed c3 28 32 c4 29 c4 fd 55 e6 43 e7 ee 5b>,
     absValidity: 2018-03-21T19:17:22.088Z,
     relValidity: 7200000 },
  sessionCryptoSpec: { cipher: 'AES-128-CBC', mac: 'SHA256' },
  sessionProtocol: 'TCP',
  handshakeTimeout: 50000 }
chosen nonce: <Buffer 23 9e e0 60 88 9b 17 14>
switching to HANDSHAKE_1_SENT
disconnected from auth
Handler: secure connection with the server closed.
received session key handshake2!
client ret: [object Object]
server authenticated/authorized by solving nonce!
Handler: communication initialization succeeded
file data length: 1024
sending at Tue Mar 20 2018 19:17:22 GMT+0000 (UTC)
switching to IN_COMM
received secure communication message!
Received seqNum: 0
Handler: data received from server via secure communication
data1
Resp-actual/expected/ratio/ts: 11 17 0.6470588235294118 1521573442952
Distribution protocol: TCP
Resp-actual/expected/ratio/ts: 11 18 0.6111111111111112 1521573501942
connected to auth! from local port 36526
received auth hello!
{ authId: 502, nonce: <Buffer 3a 59 47 65 53 01 e1 9d> }
received session key response encrypted with distribution key
replyNonce in sessionKeyResp: <Buffer 7f 5d 42 92 1e 6c 00 aa>
auth nonce verified
handleSessionKeyResp: session key request succeeded! authFailureCount: 0
received 1 keys
currentSessionKey: [object Object]
Status: Secure connection closed before starting a new connection.
Session protocol: TCP
chosen commSessionKey: 
{ id: 50200558,
  cipherKeyVal: <Buffer 44 39 43 09 a1 6a 25 5c f3 ec 2f 70 04 98 6d e4>,
  macKeyVal: <Buffer 50 15 27 5c 9e f0 a9 0c f0 b0 15 02 e6 18 a4 13 d0 de cb 87 33 03 69 8b be 6b c2 6e f3 02 24 c2>,
  absValidity: 2018-03-21T19:18:22.125Z,
  relValidity: 7200000 }
options
{ serverHost: '10.0.1.29',
  serverPort: 22100,
  sessionKey: 
   { id: 50200558,
     cipherKeyVal: <Buffer 44 39 43 09 a1 6a 25 5c f3 ec 2f 70 04 98 6d e4>,
     macKeyVal: <Buffer 50 15 27 5c 9e f0 a9 0c f0 b0 15 02 e6 18 a4 13 d0 de cb 87 33 03 69 8b be 6b c2 6e f3 02 24 c2>,
     absValidity: 2018-03-21T19:18:22.125Z,
     relValidity: 7200000 },
  sessionCryptoSpec: { cipher: 'AES-128-CBC', mac: 'SHA256' },
  sessionProtocol: 'TCP',
  handshakeTimeout: 50000 }
chosen nonce: <Buffer a8 e4 2f 85 91 45 19 ce>
switching to HANDSHAKE_1_SENT
disconnected from auth
Handler: secure connection with the server closed.
received session key handshake2!
client ret: [object Object]
server authenticated/authorized by solving nonce!
Handler: communication initialization succeeded
file data length: 1024
sending at Tue Mar 20 2018 19:18:22 GMT+0000 (UTC)
switching to IN_COMM
received secure communication message!
Received seqNum: 0
Handler: data received from server via secure communication
data1
Resp-actual/expected/ratio/ts: 12 18 0.6666666666666666 1521573503102
Distribution protocol: TCP
Resp-actual/expected/ratio/ts: 12 19 0.631578947368421 1521573562001
connected to auth! from local port 36754
received auth hello!
{ authId: 502, nonce: <Buffer 0d 99 f0 3e 09 11 49 44> }
received session key response encrypted with distribution key
replyNonce in sessionKeyResp: <Buffer 77 e0 c3 07 4c 8e dc d4>
auth nonce verified
handleSessionKeyResp: session key request succeeded! authFailureCount: 0
received 1 keys
currentSessionKey: [object Object]
Status: Secure connection closed before starting a new connection.
Session protocol: TCP
chosen commSessionKey: 
{ id: 50200573,
  cipherKeyVal: <Buffer e7 c5 14 4f b8 da 17 97 61 9e 8b 5b 96 c1 19 da>,
  macKeyVal: <Buffer db 41 8b 17 0e 7b b6 1b f5 91 57 92 0e 40 69 7a 58 38 ef fd 28 d3 af 49 0a d9 59 de ae 48 a2 d4>,
  absValidity: 2018-03-21T19:19:22.202Z,
  relValidity: 7200000 }
options
{ serverHost: '10.0.1.29',
  serverPort: 22100,
  sessionKey: 
   { id: 50200573,
     cipherKeyVal: <Buffer e7 c5 14 4f b8 da 17 97 61 9e 8b 5b 96 c1 19 da>,
     macKeyVal: <Buffer db 41 8b 17 0e 7b b6 1b f5 91 57 92 0e 40 69 7a 58 38 ef fd 28 d3 af 49 0a d9 59 de ae 48 a2 d4>,
     absValidity: 2018-03-21T19:19:22.202Z,
     relValidity: 7200000 },
  sessionCryptoSpec: { cipher: 'AES-128-CBC', mac: 'SHA256' },
  sessionProtocol: 'TCP',
  handshakeTimeout: 50000 }
chosen nonce: <Buffer 63 f9 24 7a 39 b5 60 0f>
switching to HANDSHAKE_1_SENT
disconnected from auth
Handler: secure connection with the server closed.
received session key handshake2!
client ret: [object Object]
server authenticated/authorized by solving nonce!
Handler: communication initialization succeeded
file data length: 1024
sending at Tue Mar 20 2018 19:19:22 GMT+0000 (UTC)
switching to IN_COMM
received secure communication message!
Received seqNum: 0
Handler: data received from server via secure communication
data1
Resp-actual/expected/ratio/ts: 13 19 0.6842105263157895 1521573563136
Distribution protocol: TCP
Resp-actual/expected/ratio/ts: 13 20 0.65 1521573622004
connected to auth! from local port 36978
received auth hello!
{ authId: 502, nonce: <Buffer 54 e7 a3 ec bc 17 84 2f> }
received session key response encrypted with distribution key
replyNonce in sessionKeyResp: <Buffer 8f b1 a7 6b 2b c5 1a 31>
auth nonce verified
handleSessionKeyResp: session key request succeeded! authFailureCount: 0
received 1 keys
currentSessionKey: [object Object]
Status: Secure connection closed before starting a new connection.
Session protocol: TCP
chosen commSessionKey: 
{ id: 50200588,
  cipherKeyVal: <Buffer 58 4c 5d f9 fa ef 4a ba ad 12 c3 31 4d f1 23 47>,
  macKeyVal: <Buffer 07 49 23 4c dc a9 5d c8 b1 95 61 67 1f d0 23 85 72 78 ae 6c e2 88 20 58 18 1d 30 a2 38 a9 63 0a>,
  absValidity: 2018-03-21T19:20:22.236Z,
  relValidity: 7200000 }
options
{ serverHost: '10.0.1.29',
  serverPort: 22100,
  sessionKey: 
   { id: 50200588,
     cipherKeyVal: <Buffer 58 4c 5d f9 fa ef 4a ba ad 12 c3 31 4d f1 23 47>,
     macKeyVal: <Buffer 07 49 23 4c dc a9 5d c8 b1 95 61 67 1f d0 23 85 72 78 ae 6c e2 88 20 58 18 1d 30 a2 38 a9 63 0a>,
     absValidity: 2018-03-21T19:20:22.236Z,
     relValidity: 7200000 },
  sessionCryptoSpec: { cipher: 'AES-128-CBC', mac: 'SHA256' },
  sessionProtocol: 'TCP',
  handshakeTimeout: 50000 }
chosen nonce: <Buffer 6c 02 01 36 58 7b 74 24>
switching to HANDSHAKE_1_SENT
disconnected from auth
Handler: secure connection with the server closed.
received session key handshake2!
client ret: [object Object]
server authenticated/authorized by solving nonce!
Handler: communication initialization succeeded
file data length: 1024
sending at Tue Mar 20 2018 19:20:22 GMT+0000 (UTC)
switching to IN_COMM
received secure communication message!
Received seqNum: 0
Handler: data received from server via secure communication
data1
Resp-actual/expected/ratio/ts: 14 20 0.7 1521573623184
Distribution protocol: TCP
Resp-actual/expected/ratio/ts: 14 21 0.6666666666666666 1521573682064
connected to auth! from local port 37204
received auth hello!
{ authId: 502, nonce: <Buffer 07 35 e6 f4 1c ca 26 5c> }
received session key response encrypted with distribution key
replyNonce in sessionKeyResp: <Buffer a1 31 53 8b b3 3a 80 6b>
auth nonce verified
handleSessionKeyResp: session key request succeeded! authFailureCount: 0
received 1 keys
currentSessionKey: [object Object]
Status: Secure connection closed before starting a new connection.
Session protocol: TCP
chosen commSessionKey: 
{ id: 50200603,
  cipherKeyVal: <Buffer 6b 97 ce 56 10 26 95 09 eb e6 7b 7c 06 30 9d ed>,
  macKeyVal: <Buffer 2a e2 05 cc 38 7a cd b3 cc 44 5b 4b ce 48 ee 3d 6e ce e7 f4 48 e8 d6 57 1b 84 df 58 6b 7c ef a6>,
  absValidity: 2018-03-21T19:21:22.278Z,
  relValidity: 7200000 }
options
{ serverHost: '10.0.1.29',
  serverPort: 22100,
  sessionKey: 
   { id: 50200603,
     cipherKeyVal: <Buffer 6b 97 ce 56 10 26 95 09 eb e6 7b 7c 06 30 9d ed>,
     macKeyVal: <Buffer 2a e2 05 cc 38 7a cd b3 cc 44 5b 4b ce 48 ee 3d 6e ce e7 f4 48 e8 d6 57 1b 84 df 58 6b 7c ef a6>,
     absValidity: 2018-03-21T19:21:22.278Z,
     relValidity: 7200000 },
  sessionCryptoSpec: { cipher: 'AES-128-CBC', mac: 'SHA256' },
  sessionProtocol: 'TCP',
  handshakeTimeout: 50000 }
disconnected from auth
chosen nonce: <Buffer 84 37 06 e0 95 87 7e 4e>
switching to HANDSHAKE_1_SENT
Handler: secure connection with the server closed.
received session key handshake2!
client ret: [object Object]
server authenticated/authorized by solving nonce!
Handler: communication initialization succeeded
file data length: 1024
sending at Tue Mar 20 2018 19:21:22 GMT+0000 (UTC)
switching to IN_COMM
received secure communication message!
Received seqNum: 0
Handler: data received from server via secure communication
data1
Resp-actual/expected/ratio/ts: 15 21 0.7142857142857143 1521573683234
Distribution protocol: TCP
Resp-actual/expected/ratio/ts: 15 22 0.6818181818181818 1521573742122
connected to auth! from local port 37426
received auth hello!
{ authId: 502, nonce: <Buffer fc b6 2a ad 37 04 3b 31> }
received session key response encrypted with distribution key
replyNonce in sessionKeyResp: <Buffer 11 c7 be 66 f4 ca 32 01>
auth nonce verified
handleSessionKeyResp: session key request succeeded! authFailureCount: 0
received 1 keys
currentSessionKey: [object Object]
Status: Secure connection closed before starting a new connection.
Session protocol: TCP
chosen commSessionKey: 
{ id: 50200618,
  cipherKeyVal: <Buffer 86 26 c6 af cf d4 f7 4d 15 16 2d 11 63 9d cc dd>,
  macKeyVal: <Buffer e1 1a 58 23 52 6e 82 2c 38 ac f6 9f 6e f3 86 3f fc e7 97 bb 43 4c 8d 65 1c f4 bc fb 28 a2 e7 49>,
  absValidity: 2018-03-21T19:22:22.272Z,
  relValidity: 7200000 }
options
{ serverHost: '10.0.1.29',
  serverPort: 22100,
  sessionKey: 
   { id: 50200618,
     cipherKeyVal: <Buffer 86 26 c6 af cf d4 f7 4d 15 16 2d 11 63 9d cc dd>,
     macKeyVal: <Buffer e1 1a 58 23 52 6e 82 2c 38 ac f6 9f 6e f3 86 3f fc e7 97 bb 43 4c 8d 65 1c f4 bc fb 28 a2 e7 49>,
     absValidity: 2018-03-21T19:22:22.272Z,
     relValidity: 7200000 },
  sessionCryptoSpec: { cipher: 'AES-128-CBC', mac: 'SHA256' },
  sessionProtocol: 'TCP',
  handshakeTimeout: 50000 }
chosen nonce: <Buffer 3d de e4 e3 ef 66 36 ef>
switching to HANDSHAKE_1_SENT
disconnected from auth
Handler: secure connection with the server closed.
received session key handshake2!
client ret: [object Object]
server authenticated/authorized by solving nonce!
Handler: communication initialization succeeded
file data length: 1024
sending at Tue Mar 20 2018 19:22:22 GMT+0000 (UTC)
switching to IN_COMM
received secure communication message!
Received seqNum: 0
Handler: data received from server via secure communication
data1
Resp-actual/expected/ratio/ts: 16 22 0.7272727272727273 1521573743347
Distribution protocol: TCP
Resp-actual/expected/ratio/ts: 16 23 0.6956521739130435 1521573802182
connected to auth! from local port 37662
received auth hello!
{ authId: 502, nonce: <Buffer 56 32 4c 14 f4 fe 36 df> }
received session key response encrypted with distribution key
replyNonce in sessionKeyResp: <Buffer 3b 2b 78 74 b1 8c 64 fc>
auth nonce verified
handleSessionKeyResp: session key request succeeded! authFailureCount: 0
received 1 keys
currentSessionKey: [object Object]
Status: Secure connection closed before starting a new connection.
Session protocol: TCP
chosen commSessionKey: 
{ id: 50200633,
  cipherKeyVal: <Buffer 2d b3 24 b3 45 9a 34 bd bd d1 38 f5 2e 3a fc df>,
  macKeyVal: <Buffer 34 be 60 cf fb b4 fe f4 1b 32 ac 34 ed 84 41 83 a1 2c ac e1 1d d1 40 c9 23 d0 cb 9f 13 fb aa fe>,
  absValidity: 2018-03-21T19:23:22.283Z,
  relValidity: 7200000 }
options
{ serverHost: '10.0.1.29',
  serverPort: 22100,
  sessionKey: 
   { id: 50200633,
     cipherKeyVal: <Buffer 2d b3 24 b3 45 9a 34 bd bd d1 38 f5 2e 3a fc df>,
     macKeyVal: <Buffer 34 be 60 cf fb b4 fe f4 1b 32 ac 34 ed 84 41 83 a1 2c ac e1 1d d1 40 c9 23 d0 cb 9f 13 fb aa fe>,
     absValidity: 2018-03-21T19:23:22.283Z,
     relValidity: 7200000 },
  sessionCryptoSpec: { cipher: 'AES-128-CBC', mac: 'SHA256' },
  sessionProtocol: 'TCP',
  handshakeTimeout: 50000 }
chosen nonce: <Buffer f1 80 fb b4 18 3f a5 70>
switching to HANDSHAKE_1_SENT
disconnected from auth
Handler: secure connection with the server closed.
received session key handshake2!
client ret: [object Object]
server authenticated/authorized by solving nonce!
Handler: communication initialization succeeded
file data length: 1024
sending at Tue Mar 20 2018 19:23:22 GMT+0000 (UTC)
switching to IN_COMM
received secure communication message!
Received seqNum: 0
Handler: data received from server via secure communication
data1
Resp-actual/expected/ratio/ts: 17 23 0.7391304347826086 1521573803182
Distribution protocol: TCP
Resp-actual/expected/ratio/ts: 17 24 0.7083333333333334 1521573862195
connected to auth! from local port 37898
received auth hello!
{ authId: 502, nonce: <Buffer 00 c7 df 7e 90 f9 83 c5> }
received session key response encrypted with distribution key
replyNonce in sessionKeyResp: <Buffer c0 ef 13 71 ac 56 5a 1d>
auth nonce verified
handleSessionKeyResp: session key request succeeded! authFailureCount: 0
received 1 keys
currentSessionKey: [object Object]
Status: Secure connection closed before starting a new connection.
Session protocol: TCP
chosen commSessionKey: 
{ id: 50200648,
  cipherKeyVal: <Buffer c5 1c 35 c6 3d ae 50 da 9f ad 2f ae 46 b5 4b 6f>,
  macKeyVal: <Buffer 3c 4b 12 1a ae a5 19 a5 c5 f2 8c 69 79 31 10 66 3b 54 86 62 f2 90 85 0d 7a 07 a9 2a 44 dd ff b3>,
  absValidity: 2018-03-21T19:24:22.330Z,
  relValidity: 7200000 }
options
{ serverHost: '10.0.1.29',
  serverPort: 22100,
  sessionKey: 
   { id: 50200648,
     cipherKeyVal: <Buffer c5 1c 35 c6 3d ae 50 da 9f ad 2f ae 46 b5 4b 6f>,
     macKeyVal: <Buffer 3c 4b 12 1a ae a5 19 a5 c5 f2 8c 69 79 31 10 66 3b 54 86 62 f2 90 85 0d 7a 07 a9 2a 44 dd ff b3>,
     absValidity: 2018-03-21T19:24:22.330Z,
     relValidity: 7200000 },
  sessionCryptoSpec: { cipher: 'AES-128-CBC', mac: 'SHA256' },
  sessionProtocol: 'TCP',
  handshakeTimeout: 50000 }
chosen nonce: <Buffer a3 ca 1a aa ad c1 e7 40>
switching to HANDSHAKE_1_SENT
disconnected from auth
Handler: secure connection with the server closed.
received session key handshake2!
client ret: [object Object]
server authenticated/authorized by solving nonce!
Handler: communication initialization succeeded
file data length: 1024
sending at Tue Mar 20 2018 19:24:22 GMT+0000 (UTC)
switching to IN_COMM
received secure communication message!
Received seqNum: 0
Handler: data received from server via secure communication
data1
Resp-actual/expected/ratio/ts: 18 24 0.75 1521573863298
Distribution protocol: TCP
Resp-actual/expected/ratio/ts: 18 25 0.72 1521573922254
connected to auth! from local port 38136
received auth hello!
{ authId: 502, nonce: <Buffer ea 6e e6 91 6f 02 52 9e> }
received session key response encrypted with distribution key
replyNonce in sessionKeyResp: <Buffer c3 cf e5 3f 7e e8 6f 1f>
auth nonce verified
handleSessionKeyResp: session key request succeeded! authFailureCount: 0
received 1 keys
currentSessionKey: [object Object]
Status: Secure connection closed before starting a new connection.
Session protocol: TCP
chosen commSessionKey: 
{ id: 50200663,
  cipherKeyVal: <Buffer ab 76 f3 43 da 73 ad f3 c0 0a 43 7e 67 63 eb a6>,
  macKeyVal: <Buffer 13 8e 95 15 89 14 ca 1d c0 03 39 d7 9e 46 bf c9 1f b5 7b 5e f7 37 fd 4f 29 f8 09 81 40 7e 28 85>,
  absValidity: 2018-03-21T19:25:22.416Z,
  relValidity: 7200000 }
options
{ serverHost: '10.0.1.29',
  serverPort: 22100,
  sessionKey: 
   { id: 50200663,
     cipherKeyVal: <Buffer ab 76 f3 43 da 73 ad f3 c0 0a 43 7e 67 63 eb a6>,
     macKeyVal: <Buffer 13 8e 95 15 89 14 ca 1d c0 03 39 d7 9e 46 bf c9 1f b5 7b 5e f7 37 fd 4f 29 f8 09 81 40 7e 28 85>,
     absValidity: 2018-03-21T19:25:22.416Z,
     relValidity: 7200000 },
  sessionCryptoSpec: { cipher: 'AES-128-CBC', mac: 'SHA256' },
  sessionProtocol: 'TCP',
  handshakeTimeout: 50000 }
chosen nonce: <Buffer 52 67 8d 13 d1 22 1a 96>
switching to HANDSHAKE_1_SENT
disconnected from auth
Handler: secure connection with the server closed.
received session key handshake2!
client ret: [object Object]
server authenticated/authorized by solving nonce!
Handler: communication initialization succeeded
file data length: 1024
sending at Tue Mar 20 2018 19:25:23 GMT+0000 (UTC)
switching to IN_COMM
received secure communication message!
Received seqNum: 0
Handler: data received from server via secure communication
data1
Resp-actual/expected/ratio/ts: 19 25 0.76 1521573923371
Distribution protocol: TCP
Resp-actual/expected/ratio/ts: 19 26 0.7307692307692307 1521573982313
connected to auth! from local port 38362
received auth hello!
{ authId: 502, nonce: <Buffer 7a 8a d3 0a aa 7e 60 5b> }
received session key response encrypted with distribution key
replyNonce in sessionKeyResp: <Buffer 25 53 aa 8e e9 9a c9 b7>
auth nonce verified
handleSessionKeyResp: session key request succeeded! authFailureCount: 0
received 1 keys
currentSessionKey: [object Object]
Status: Secure connection closed before starting a new connection.
Session protocol: TCP
chosen commSessionKey: 
{ id: 50200678,
  cipherKeyVal: <Buffer 68 da 7a 3e b9 55 c0 b8 e9 05 2d d0 4e 8d b1 f2>,
  macKeyVal: <Buffer d4 48 c3 b7 8a 42 23 f4 7b 44 b9 7d 35 83 2c 8c df af 0c 1e c9 06 7b 68 a3 2a 10 94 e0 a6 6e 8e>,
  absValidity: 2018-03-21T19:26:22.436Z,
  relValidity: 7200000 }
options
{ serverHost: '10.0.1.29',
  serverPort: 22100,
  sessionKey: 
   { id: 50200678,
     cipherKeyVal: <Buffer 68 da 7a 3e b9 55 c0 b8 e9 05 2d d0 4e 8d b1 f2>,
     macKeyVal: <Buffer d4 48 c3 b7 8a 42 23 f4 7b 44 b9 7d 35 83 2c 8c df af 0c 1e c9 06 7b 68 a3 2a 10 94 e0 a6 6e 8e>,
     absValidity: 2018-03-21T19:26:22.436Z,
     relValidity: 7200000 },
  sessionCryptoSpec: { cipher: 'AES-128-CBC', mac: 'SHA256' },
  sessionProtocol: 'TCP',
  handshakeTimeout: 50000 }
chosen nonce: <Buffer 17 05 88 b6 0c a1 50 f1>
switching to HANDSHAKE_1_SENT
Handler: secure connection with the server closed.
disconnected from auth
received session key handshake2!
client ret: [object Object]
server authenticated/authorized by solving nonce!
Handler: communication initialization succeeded
file data length: 1024
sending at Tue Mar 20 2018 19:26:22 GMT+0000 (UTC)
switching to IN_COMM
received secure communication message!
Received seqNum: 0
Handler: data received from server via secure communication
data1
Resp-actual/expected/ratio/ts: 20 26 0.7692307692307693 1521573983347
Distribution protocol: TCP
Resp-actual/expected/ratio/ts: 20 27 0.7407407407407407 1521574042321
connected to auth! from local port 38592
received auth hello!
{ authId: 502, nonce: <Buffer cc c0 9d dd 6c 1c c7 25> }
received session key response encrypted with distribution key
replyNonce in sessionKeyResp: <Buffer 42 09 1a 20 9f a6 38 28>
auth nonce verified
handleSessionKeyResp: session key request succeeded! authFailureCount: 0
received 1 keys
currentSessionKey: [object Object]
Status: Secure connection closed before starting a new connection.
Session protocol: TCP
chosen commSessionKey: 
{ id: 50200693,
  cipherKeyVal: <Buffer 61 08 5b 38 51 cf cf 58 95 6b a0 6b b7 8e 74 c9>,
  macKeyVal: <Buffer 82 4b 4c 1a bc 04 e3 42 38 a3 d2 a9 23 08 d1 34 9d 6e 24 92 17 2c b6 16 1f bd 12 ef ed 19 b4 28>,
  absValidity: 2018-03-21T19:27:22.497Z,
  relValidity: 7200000 }
options
{ serverHost: '10.0.1.29',
  serverPort: 22100,
  sessionKey: 
   { id: 50200693,
     cipherKeyVal: <Buffer 61 08 5b 38 51 cf cf 58 95 6b a0 6b b7 8e 74 c9>,
     macKeyVal: <Buffer 82 4b 4c 1a bc 04 e3 42 38 a3 d2 a9 23 08 d1 34 9d 6e 24 92 17 2c b6 16 1f bd 12 ef ed 19 b4 28>,
     absValidity: 2018-03-21T19:27:22.497Z,
     relValidity: 7200000 },
  sessionCryptoSpec: { cipher: 'AES-128-CBC', mac: 'SHA256' },
  sessionProtocol: 'TCP',
  handshakeTimeout: 50000 }
chosen nonce: <Buffer 4b 9f c1 a4 f0 d5 e6 b9>
switching to HANDSHAKE_1_SENT
disconnected from auth
Handler: secure connection with the server closed.
received session key handshake2!
client ret: [object Object]
server authenticated/authorized by solving nonce!
Handler: communication initialization succeeded
file data length: 1024
sending at Tue Mar 20 2018 19:27:23 GMT+0000 (UTC)
switching to IN_COMM
received secure communication message!
Received seqNum: 0
Handler: data received from server via secure communication
data1
Resp-actual/expected/ratio/ts: 21 27 0.7777777777777778 1521574043676
Distribution protocol: TCP
Resp-actual/expected/ratio/ts: 21 28 0.75 1521574102380
connected to auth! from local port 38746
received auth hello!
{ authId: 502, nonce: <Buffer 86 c6 28 ef f1 f4 9e 88> }
received session key response encrypted with distribution key
replyNonce in sessionKeyResp: <Buffer 42 aa 28 06 0a f7 1f df>
auth nonce verified
handleSessionKeyResp: session key request succeeded! authFailureCount: 0
received 1 keys
currentSessionKey: [object Object]
Status: Secure connection closed before starting a new connection.
Session protocol: TCP
chosen commSessionKey: 
{ id: 50200705,
  cipherKeyVal: <Buffer b3 f4 c0 d8 95 93 e4 c6 2c a1 14 77 41 ed f1 30>,
  macKeyVal: <Buffer ba e9 09 71 f0 43 c7 cb dc 4a 30 bc ec f4 14 30 ac 2f c7 a3 a2 04 60 c0 2b ec 06 7b cb ff 7c 7a>,
  absValidity: 2018-03-21T19:28:22.548Z,
  relValidity: 7200000 }
options
{ serverHost: '10.0.1.29',
  serverPort: 22100,
  sessionKey: 
   { id: 50200705,
     cipherKeyVal: <Buffer b3 f4 c0 d8 95 93 e4 c6 2c a1 14 77 41 ed f1 30>,
     macKeyVal: <Buffer ba e9 09 71 f0 43 c7 cb dc 4a 30 bc ec f4 14 30 ac 2f c7 a3 a2 04 60 c0 2b ec 06 7b cb ff 7c 7a>,
     absValidity: 2018-03-21T19:28:22.548Z,
     relValidity: 7200000 },
  sessionCryptoSpec: { cipher: 'AES-128-CBC', mac: 'SHA256' },
  sessionProtocol: 'TCP',
  handshakeTimeout: 50000 }
chosen nonce: <Buffer ea be a9 9f b2 3b 16 80>
switching to HANDSHAKE_1_SENT
disconnected from auth
Handler: secure connection with the server closed.
received session key handshake2!
client ret: [object Object]
server authenticated/authorized by solving nonce!
Handler: communication initialization succeeded
file data length: 1024
sending at Tue Mar 20 2018 19:28:23 GMT+0000 (UTC)
switching to IN_COMM
received secure communication message!
Received seqNum: 0
Handler: data received from server via secure communication
data1
Resp-actual/expected/ratio/ts: 22 28 0.7857142857142857 1521574103503
