changing working directory to: /home/hokeunkim/Development/iotauth/entity/node/example_entities
loading from config file: /home/hokeunkim/Development/iotauth_experiments/experiments/ccs2017/expOptions/expEntity.option
Experimental options for autoClient: { autoSendPeriod: 60000,
  useSameSessionKeyCount: 1,
  connectionTimeout: 50000,
  migrationEnabled: true,
  authFailureThreshold: 2,
  migrationFailureThreshold: 2 }
loading from config file: /home/hokeunkim/Development/iotauth/entity/node/example_entities/configs/Clients/c409.config
initializing...
current parameters: { numKeysPerRequest: 3,
  migrationEnabled: false,
  authFailureThreshold: 3,
  migrationFailureThreshold: 3 }
current parameters: { numKeysPerRequest: 1,
  migrationEnabled: false,
  authFailureThreshold: 3,
  migrationFailureThreshold: 3 }
current parameters: { numKeysPerRequest: 1,
  migrationEnabled: true,
  authFailureThreshold: 3,
  migrationFailureThreshold: 3 }
current parameters: { numKeysPerRequest: 1,
  migrationEnabled: true,
  authFailureThreshold: 2,
  migrationFailureThreshold: 3 }
current parameters: { numKeysPerRequest: 1,
  migrationEnabled: true,
  authFailureThreshold: 2,
  migrationFailureThreshold: 2 }
current entityInfo: { name: 'c409',
  group: 'Clients',
  distProtocol: 'TCP',
  usePermanentDistKey: false,
  connectionTimeout: 50000,
  privateKey: <Buffer 2d 2d 2d 2d 2d 42 45 47 49 4e 20 52 53 41 20 50 52 49 56 41 54 45 20 4b 45 59 2d 2d 2d 2d 2d 0a 4d 49 49 45 70 41 49 42 41 41 4b 43 41 51 45 41 73 4d ... > }
Distribution protocol: TCP
Resp-actual/expected/ratio/ts: 0 1 0 1521583747028
connected to auth! from local port 50262
received auth hello!
{ authId: 402, nonce: <Buffer 50 5e 45 64 64 d6 ab 84> }
received session key response with distribution key attached!
auth signature verified
replyNonce in sessionKeyResp: <Buffer a8 b8 69 c5 6f 5b 59 42>
auth nonce verified
handleSessionKeyResp: session key request succeeded! authFailureCount: 0
updating distribution key: { cipherKeyVal: <Buffer 21 fe 9b 45 38 ca 67 26 2a 2a 50 68 97 89 1a 02>,
  macKeyVal: <Buffer 7a d8 21 bd b8 ff ab 20 2e 10 e9 f5 d7 8c f5 d0 9c a5 c4 2c 79 e5 74 b7 1d ca 8e cc 39 2d 0b 32>,
  absValidity: 2018-03-20T23:09:07.218Z }
received 1 keys
currentSessionKey: [object Object]
Session protocol: TCP
chosen commSessionKey: 
{ id: 40200418,
  cipherKeyVal: <Buffer 19 e9 87 b4 29 1e b1 46 a4 82 0d 1f 23 23 c4 1b>,
  macKeyVal: <Buffer aa 6f 57 9d 22 61 17 e9 60 ef 3f f8 49 44 92 6e 2f ba c0 8c 9d b9 4c 01 43 d0 9b f3 cf 3b 42 f8>,
  absValidity: 2018-03-21T22:09:07.218Z,
  relValidity: 7200000 }
options
{ serverHost: '10.0.1.14',
  serverPort: 22100,
  sessionKey: 
   { id: 40200418,
     cipherKeyVal: <Buffer 19 e9 87 b4 29 1e b1 46 a4 82 0d 1f 23 23 c4 1b>,
     macKeyVal: <Buffer aa 6f 57 9d 22 61 17 e9 60 ef 3f f8 49 44 92 6e 2f ba c0 8c 9d b9 4c 01 43 d0 9b f3 cf 3b 42 f8>,
     absValidity: 2018-03-21T22:09:07.218Z,
     relValidity: 7200000 },
  sessionCryptoSpec: { cipher: 'AES-128-CBC', mac: 'SHA256' },
  sessionProtocol: 'TCP',
  handshakeTimeout: 50000 }
disconnected from auth
chosen nonce: <Buffer 9a 7d eb e8 5b 7b bd 2e>
switching to HANDSHAKE_1_SENT
received session key handshake2!
client ret: [object Object]
server authenticated/authorized by solving nonce!
Handler: communication initialization succeeded
file data length: 1024
sending at Tue Mar 20 2018 22:09:07 GMT+0000 (UTC)
switching to IN_COMM
received secure communication message!
Received seqNum: 0
Handler: data received from server via secure communication
data1
Resp-actual/expected/ratio/ts: 1 1 1 1521583748206
Distribution protocol: TCP
Resp-actual/expected/ratio/ts: 1 2 0.5 1521583807088
connected to auth! from local port 50424
received auth hello!
{ authId: 402, nonce: <Buffer 0b b3 45 2c 4c 34 2f dc> }
received session key response encrypted with distribution key
replyNonce in sessionKeyResp: <Buffer 2d 97 4b dd 40 3c 37 80>
auth nonce verified
handleSessionKeyResp: session key request succeeded! authFailureCount: 0
received 1 keys
currentSessionKey: [object Object]
Status: Secure connection closed before starting a new connection.
Session protocol: TCP
chosen commSessionKey: 
{ id: 40200425,
  cipherKeyVal: <Buffer 7b 32 ad 89 94 b4 b1 5e 6a e6 11 41 8e 02 a2 63>,
  macKeyVal: <Buffer 57 d9 79 7c b4 f8 4e 21 0e 12 0e 8c b6 14 ce a6 8b 99 f9 67 5a 3e 72 b3 86 4c 9f fb 48 6b e1 e2>,
  absValidity: 2018-03-21T22:10:07.210Z,
  relValidity: 7200000 }
options
{ serverHost: '10.0.1.14',
  serverPort: 22100,
  sessionKey: 
   { id: 40200425,
     cipherKeyVal: <Buffer 7b 32 ad 89 94 b4 b1 5e 6a e6 11 41 8e 02 a2 63>,
     macKeyVal: <Buffer 57 d9 79 7c b4 f8 4e 21 0e 12 0e 8c b6 14 ce a6 8b 99 f9 67 5a 3e 72 b3 86 4c 9f fb 48 6b e1 e2>,
     absValidity: 2018-03-21T22:10:07.210Z,
     relValidity: 7200000 },
  sessionCryptoSpec: { cipher: 'AES-128-CBC', mac: 'SHA256' },
  sessionProtocol: 'TCP',
  handshakeTimeout: 50000 }
chosen nonce: <Buffer f4 40 82 68 08 80 7d 22>
switching to HANDSHAKE_1_SENT
disconnected from auth
Handler: secure connection with the server closed.
received session key handshake2!
client ret: [object Object]
server authenticated/authorized by solving nonce!
Handler: communication initialization succeeded
file data length: 1024
sending at Tue Mar 20 2018 22:10:07 GMT+0000 (UTC)
switching to IN_COMM
received secure communication message!
Received seqNum: 0
Handler: data received from server via secure communication
data1
Resp-actual/expected/ratio/ts: 2 2 1 1521583808075
Distribution protocol: TCP
Resp-actual/expected/ratio/ts: 2 3 0.6666666666666666 1521583867088
connected to auth! from local port 50690
received auth hello!
{ authId: 402, nonce: <Buffer 73 d0 32 79 05 5b 21 bc> }
received session key response encrypted with distribution key
replyNonce in sessionKeyResp: <Buffer fd c1 8f d8 52 7a 99 c6>
auth nonce verified
handleSessionKeyResp: session key request succeeded! authFailureCount: 0
received 1 keys
currentSessionKey: [object Object]
Status: Secure connection closed before starting a new connection.
Session protocol: TCP
chosen commSessionKey: 
{ id: 40200432,
  cipherKeyVal: <Buffer 2f 08 ae e0 83 af 18 99 f3 f1 9a 74 c9 ea d6 25>,
  macKeyVal: <Buffer b6 07 55 f2 cf 47 0f d2 d3 45 d7 05 a8 f1 4a 93 a7 47 04 8b b4 24 52 56 67 c8 2d 2a e3 aa c8 c8>,
  absValidity: 2018-03-21T22:11:07.329Z,
  relValidity: 7200000 }
options
{ serverHost: '10.0.1.14',
  serverPort: 22100,
  sessionKey: 
   { id: 40200432,
     cipherKeyVal: <Buffer 2f 08 ae e0 83 af 18 99 f3 f1 9a 74 c9 ea d6 25>,
     macKeyVal: <Buffer b6 07 55 f2 cf 47 0f d2 d3 45 d7 05 a8 f1 4a 93 a7 47 04 8b b4 24 52 56 67 c8 2d 2a e3 aa c8 c8>,
     absValidity: 2018-03-21T22:11:07.329Z,
     relValidity: 7200000 },
  sessionCryptoSpec: { cipher: 'AES-128-CBC', mac: 'SHA256' },
  sessionProtocol: 'TCP',
  handshakeTimeout: 50000 }
chosen nonce: <Buffer 69 05 2b 5a 4f 9e cb ab>
switching to HANDSHAKE_1_SENT
disconnected from auth
Handler: secure connection with the server closed.
received session key handshake2!
client ret: [object Object]
server authenticated/authorized by solving nonce!
Handler: communication initialization succeeded
file data length: 1024
sending at Tue Mar 20 2018 22:11:08 GMT+0000 (UTC)
switching to IN_COMM
received secure communication message!
Received seqNum: 0
Handler: data received from server via secure communication
data1
Resp-actual/expected/ratio/ts: 3 3 1 1521583868346
Distribution protocol: TCP
Resp-actual/expected/ratio/ts: 3 4 0.75 1521583927145
connected to auth! from local port 50960
received auth hello!
{ authId: 402, nonce: <Buffer 93 ba 70 53 b9 4f bb 29> }
received session key response encrypted with distribution key
replyNonce in sessionKeyResp: <Buffer 9f 44 28 7f e3 d1 3b 2c>
auth nonce verified
handleSessionKeyResp: session key request succeeded! authFailureCount: 0
received 1 keys
currentSessionKey: [object Object]
Status: Secure connection closed before starting a new connection.
Session protocol: TCP
chosen commSessionKey: 
{ id: 40200439,
  cipherKeyVal: <Buffer 9c f1 31 d8 ad 0b a9 d7 8c f5 ee bd e3 40 b4 b5>,
  macKeyVal: <Buffer a4 b0 7a 70 fe a8 07 6c e8 a4 dd 41 5b 50 7d e0 3d 42 d1 7d e4 f6 51 cb d1 0d 78 3d c2 69 d5 72>,
  absValidity: 2018-03-21T22:12:07.341Z,
  relValidity: 7200000 }
options
{ serverHost: '10.0.1.14',
  serverPort: 22100,
  sessionKey: 
   { id: 40200439,
     cipherKeyVal: <Buffer 9c f1 31 d8 ad 0b a9 d7 8c f5 ee bd e3 40 b4 b5>,
     macKeyVal: <Buffer a4 b0 7a 70 fe a8 07 6c e8 a4 dd 41 5b 50 7d e0 3d 42 d1 7d e4 f6 51 cb d1 0d 78 3d c2 69 d5 72>,
     absValidity: 2018-03-21T22:12:07.341Z,
     relValidity: 7200000 },
  sessionCryptoSpec: { cipher: 'AES-128-CBC', mac: 'SHA256' },
  sessionProtocol: 'TCP',
  handshakeTimeout: 50000 }
chosen nonce: <Buffer 58 06 8c 8f 00 fd 2f 05>
switching to HANDSHAKE_1_SENT
disconnected from auth
Handler: secure connection with the server closed.
received session key handshake2!
client ret: [object Object]
server authenticated/authorized by solving nonce!
Handler: communication initialization succeeded
file data length: 1024
sending at Tue Mar 20 2018 22:12:08 GMT+0000 (UTC)
switching to IN_COMM
received secure communication message!
Received seqNum: 0
Handler: data received from server via secure communication
data1
Resp-actual/expected/ratio/ts: 4 4 1 1521583928257
Distribution protocol: TCP
Resp-actual/expected/ratio/ts: 4 5 0.8 1521583987201
connected to auth! from local port 51230
received auth hello!
{ authId: 402, nonce: <Buffer db 78 71 46 90 f6 8c 26> }
received session key response encrypted with distribution key
replyNonce in sessionKeyResp: <Buffer ca de 5b 4e 5f 40 b8 33>
auth nonce verified
handleSessionKeyResp: session key request succeeded! authFailureCount: 0
received 1 keys
currentSessionKey: [object Object]
Status: Secure connection closed before starting a new connection.
Session protocol: TCP
chosen commSessionKey: 
{ id: 40200446,
  cipherKeyVal: <Buffer 28 e6 c7 fa e9 12 74 14 f1 2d 11 ab a9 4d f5 57>,
  macKeyVal: <Buffer 0c 9f 2f f5 79 9c 29 88 53 f5 b5 63 c9 1b 0e 84 a2 9c ae 9a 2a 92 8e d7 92 dd 3e 0e 23 df dc f5>,
  absValidity: 2018-03-21T22:13:07.360Z,
  relValidity: 7200000 }
options
{ serverHost: '10.0.1.14',
  serverPort: 22100,
  sessionKey: 
   { id: 40200446,
     cipherKeyVal: <Buffer 28 e6 c7 fa e9 12 74 14 f1 2d 11 ab a9 4d f5 57>,
     macKeyVal: <Buffer 0c 9f 2f f5 79 9c 29 88 53 f5 b5 63 c9 1b 0e 84 a2 9c ae 9a 2a 92 8e d7 92 dd 3e 0e 23 df dc f5>,
     absValidity: 2018-03-21T22:13:07.360Z,
     relValidity: 7200000 },
  sessionCryptoSpec: { cipher: 'AES-128-CBC', mac: 'SHA256' },
  sessionProtocol: 'TCP',
  handshakeTimeout: 50000 }
chosen nonce: <Buffer ed f8 41 cd 09 ab bf d9>
switching to HANDSHAKE_1_SENT
disconnected from auth
Handler: secure connection with the server closed.
received session key handshake2!
client ret: [object Object]
server authenticated/authorized by solving nonce!
Handler: communication initialization succeeded
file data length: 1024
sending at Tue Mar 20 2018 22:13:08 GMT+0000 (UTC)
switching to IN_COMM
received secure communication message!
Received seqNum: 0
Handler: data received from server via secure communication
data1
Resp-actual/expected/ratio/ts: 5 5 1 1521583988309
Distribution protocol: TCP
Resp-actual/expected/ratio/ts: 5 6 0.8333333333333334 1521584047261
connected to auth! from local port 51500
received auth hello!
{ authId: 402, nonce: <Buffer 33 77 2d b6 83 7a 65 07> }
received session key response encrypted with distribution key
replyNonce in sessionKeyResp: <Buffer 42 b9 6e d9 a5 9b 85 2f>
auth nonce verified
handleSessionKeyResp: session key request succeeded! authFailureCount: 0
received 1 keys
currentSessionKey: [object Object]
Status: Secure connection closed before starting a new connection.
Session protocol: TCP
chosen commSessionKey: 
{ id: 40200453,
  cipherKeyVal: <Buffer 75 47 0b 17 64 72 00 6f 12 27 79 59 b5 4b 41 a2>,
  macKeyVal: <Buffer ba 60 c6 92 2a 68 a3 b5 77 5e c5 53 f2 1b 6d 69 16 c8 ff 75 89 b1 66 d2 dc ed 68 ba f3 81 bc 95>,
  absValidity: 2018-03-21T22:14:07.471Z,
  relValidity: 7200000 }
options
{ serverHost: '10.0.1.14',
  serverPort: 22100,
  sessionKey: 
   { id: 40200453,
     cipherKeyVal: <Buffer 75 47 0b 17 64 72 00 6f 12 27 79 59 b5 4b 41 a2>,
     macKeyVal: <Buffer ba 60 c6 92 2a 68 a3 b5 77 5e c5 53 f2 1b 6d 69 16 c8 ff 75 89 b1 66 d2 dc ed 68 ba f3 81 bc 95>,
     absValidity: 2018-03-21T22:14:07.471Z,
     relValidity: 7200000 },
  sessionCryptoSpec: { cipher: 'AES-128-CBC', mac: 'SHA256' },
  sessionProtocol: 'TCP',
  handshakeTimeout: 50000 }
chosen nonce: <Buffer 10 a3 7b 2a 64 36 37 60>
switching to HANDSHAKE_1_SENT
disconnected from auth
Handler: secure connection with the server closed.
received session key handshake2!
client ret: [object Object]
server authenticated/authorized by solving nonce!
Handler: communication initialization succeeded
file data length: 1024
sending at Tue Mar 20 2018 22:14:08 GMT+0000 (UTC)
switching to IN_COMM
received secure communication message!
Received seqNum: 0
Handler: data received from server via secure communication
data1
Resp-actual/expected/ratio/ts: 6 6 1 1521584048527
Distribution protocol: TCP
Resp-actual/expected/ratio/ts: 6 7 0.8571428571428571 1521584107320
connected to auth! from local port 51770
received auth hello!
{ authId: 402, nonce: <Buffer a4 7f 55 54 90 f8 0a e7> }
received session key response encrypted with distribution key
replyNonce in sessionKeyResp: <Buffer e1 19 47 b0 97 84 d6 c1>
auth nonce verified
handleSessionKeyResp: session key request succeeded! authFailureCount: 0
received 1 keys
currentSessionKey: [object Object]
Status: Secure connection closed before starting a new connection.
Session protocol: TCP
chosen commSessionKey: 
{ id: 40200460,
  cipherKeyVal: <Buffer f7 f1 fb fc 7d 70 78 ca 95 70 cb f0 85 da 04 0a>,
  macKeyVal: <Buffer 11 09 ba e0 45 5f 41 f2 e6 0a 70 31 40 ee 40 dd fc 29 11 79 d1 8d fb 7e fd 0e e1 8a ce 94 48 82>,
  absValidity: 2018-03-21T22:15:07.504Z,
  relValidity: 7200000 }
options
{ serverHost: '10.0.1.14',
  serverPort: 22100,
  sessionKey: 
   { id: 40200460,
     cipherKeyVal: <Buffer f7 f1 fb fc 7d 70 78 ca 95 70 cb f0 85 da 04 0a>,
     macKeyVal: <Buffer 11 09 ba e0 45 5f 41 f2 e6 0a 70 31 40 ee 40 dd fc 29 11 79 d1 8d fb 7e fd 0e e1 8a ce 94 48 82>,
     absValidity: 2018-03-21T22:15:07.504Z,
     relValidity: 7200000 },
  sessionCryptoSpec: { cipher: 'AES-128-CBC', mac: 'SHA256' },
  sessionProtocol: 'TCP',
  handshakeTimeout: 50000 }
chosen nonce: <Buffer 45 c5 74 84 42 b3 ba 18>
switching to HANDSHAKE_1_SENT
disconnected from auth
Handler: secure connection with the server closed.
received session key handshake2!
client ret: [object Object]
server authenticated/authorized by solving nonce!
Handler: communication initialization succeeded
file data length: 1024
sending at Tue Mar 20 2018 22:15:08 GMT+0000 (UTC)
switching to IN_COMM
received secure communication message!
Received seqNum: 0
Handler: data received from server via secure communication
data1
Resp-actual/expected/ratio/ts: 7 7 1 1521584108522
Distribution protocol: TCP
Resp-actual/expected/ratio/ts: 7 8 0.875 1521584167377
connected to auth! from local port 52040
received auth hello!
{ authId: 402, nonce: <Buffer e0 30 6c 5f 73 62 ef 1a> }
received session key response encrypted with distribution key
replyNonce in sessionKeyResp: <Buffer 4b ee 2c 12 bb 10 38 9f>
auth nonce verified
handleSessionKeyResp: session key request succeeded! authFailureCount: 0
received 1 keys
currentSessionKey: [object Object]
Status: Secure connection closed before starting a new connection.
Session protocol: TCP
chosen commSessionKey: 
{ id: 40200467,
  cipherKeyVal: <Buffer e4 60 96 f2 5e 0a 0e e7 b4 64 ba 43 b6 8c 2c 8b>,
  macKeyVal: <Buffer cd 5d 80 cc 51 2e 85 36 9f 9b bb e9 44 e7 f0 eb 13 cb 67 7d 9f d5 bf cf d5 a2 7b 4b 59 b7 61 fb>,
  absValidity: 2018-03-21T22:16:07.527Z,
  relValidity: 7200000 }
options
{ serverHost: '10.0.1.14',
  serverPort: 22100,
  sessionKey: 
   { id: 40200467,
     cipherKeyVal: <Buffer e4 60 96 f2 5e 0a 0e e7 b4 64 ba 43 b6 8c 2c 8b>,
     macKeyVal: <Buffer cd 5d 80 cc 51 2e 85 36 9f 9b bb e9 44 e7 f0 eb 13 cb 67 7d 9f d5 bf cf d5 a2 7b 4b 59 b7 61 fb>,
     absValidity: 2018-03-21T22:16:07.527Z,
     relValidity: 7200000 },
  sessionCryptoSpec: { cipher: 'AES-128-CBC', mac: 'SHA256' },
  sessionProtocol: 'TCP',
  handshakeTimeout: 50000 }
chosen nonce: <Buffer 82 1b 59 b4 46 c3 a3 e0>
switching to HANDSHAKE_1_SENT
disconnected from auth
Handler: secure connection with the server closed.
received session key handshake2!
client ret: [object Object]
server authenticated/authorized by solving nonce!
Handler: communication initialization succeeded
file data length: 1024
sending at Tue Mar 20 2018 22:16:08 GMT+0000 (UTC)
switching to IN_COMM
received secure communication message!
Received seqNum: 0
Handler: data received from server via secure communication
data1
Resp-actual/expected/ratio/ts: 8 8 1 1521584168432
Distribution protocol: TCP
Resp-actual/expected/ratio/ts: 8 9 0.8888888888888888 1521584227430
failure in connection with Auth : authFailureCount: 1
Handler: Error in secure comm - details: Error occurred in session key request: Error: connect EHOSTUNREACH 10.0.1.2:21100
Handler: Error in secure comm - details: Auth hello timedout ...
Distribution protocol: TCP
Resp-actual/expected/ratio/ts: 8 10 0.8 1521584287432
failure in connection with Auth : authFailureCount: 2
failure count reached threshold (2), try migration...
In iotAuth.js migrateToTrustedAuth: 
In iotAuthService.js sendMigrationReqViaTCP: 
Handler: Error in secure comm - details: Error occurred in session key request: Error: connect EHOSTUNREACH 10.0.1.2:21100
connected to auth! from local port 36334
received auth hello!
{ authId: 502, nonce: <Buffer 70 03 d4 43 25 ac 22 27> }
received an Auth alert!
failure in migration to another Auth : migrationFailureCount: 1
Handler: Error in secure comm - details: Error occurred in migration request: received an Auth alert! code: 1
disconnected from auth
Handler: Error in secure comm - details: Auth hello timedout ...
Distribution protocol: TCP
Resp-actual/expected/ratio/ts: 8 11 0.7272727272727273 1521584347441
failure in connection with Auth : authFailureCount: 3
failure count reached threshold (2), try migration...
In iotAuth.js migrateToTrustedAuth: 
In iotAuthService.js sendMigrationReqViaTCP: 
Handler: Error in secure comm - details: Error occurred in session key request: Error: connect EHOSTUNREACH 10.0.1.2:21100
connected to auth! from local port 36530
received auth hello!
{ authId: 502, nonce: <Buffer e0 e9 ec 20 ad db ac d6> }
received an Auth alert!
failure in migration to another Auth : migrationFailureCount: 2
Handler: Error in secure comm - details: Error occurred in migration request: received an Auth alert! code: 1
disconnected from auth
Handler: Error in secure comm - details: Auth hello timedout ...
Distribution protocol: TCP
Resp-actual/expected/ratio/ts: 8 12 0.6666666666666666 1521584407451
failure in connection with Auth : authFailureCount: 4
failure count reached threshold (2), try migration...
reached migration failure threshold, rotate migration info index from: 0
to: 1
In iotAuth.js migrateToTrustedAuth: 
In iotAuthService.js sendMigrationReqViaTCP: 
Handler: Error in secure comm - details: Error occurred in session key request: Error: connect EHOSTUNREACH 10.0.1.2:21100
failure in migration to another Auth : migrationFailureCount: 1
Handler: Error in secure comm - details: Error occurred in migration request: Error: connect EHOSTUNREACH 10.0.1.4:21100
Handler: Error in secure comm - details: Auth hello timedout ...
failure in migration to another Auth : migrationFailureCount: 2
Handler: Error in secure comm - details: Error occurred in migration request: Auth hello timedout ...
Distribution protocol: TCP
Resp-actual/expected/ratio/ts: 8 13 0.6153846153846154 1521584467458
failure in connection with Auth : authFailureCount: 5
failure count reached threshold (2), try migration...
reached migration failure threshold, rotate migration info index from: 1
to: 2
In iotAuth.js migrateToTrustedAuth: 
In iotAuthService.js sendMigrationReqViaTCP: 
Handler: Error in secure comm - details: Error occurred in session key request: Error: connect EHOSTUNREACH 10.0.1.2:21100
failure in migration to another Auth : migrationFailureCount: 1
Handler: Error in secure comm - details: Error occurred in migration request: Error: connect EHOSTUNREACH 10.0.1.1:21100
Handler: Error in secure comm - details: Auth hello timedout ...
failure in migration to another Auth : migrationFailureCount: 2
Handler: Error in secure comm - details: Error occurred in migration request: Auth hello timedout ...
Distribution protocol: TCP
Resp-actual/expected/ratio/ts: 8 14 0.5714285714285714 1521584527466
failure in connection with Auth : authFailureCount: 6
failure count reached threshold (2), try migration...
reached migration failure threshold, rotate migration info index from: 2
to: 3
In iotAuth.js migrateToTrustedAuth: 
In iotAuthService.js sendMigrationReqViaTCP: 
Handler: Error in secure comm - details: Error occurred in session key request: Error: connect EHOSTUNREACH 10.0.1.2:21100
failure in migration to another Auth : migrationFailureCount: 1
Handler: Error in secure comm - details: Error occurred in migration request: Error: connect EHOSTUNREACH 10.0.1.3:21100
Handler: Error in secure comm - details: Auth hello timedout ...
failure in migration to another Auth : migrationFailureCount: 2
Handler: Error in secure comm - details: Error occurred in migration request: Auth hello timedout ...
Distribution protocol: TCP
Resp-actual/expected/ratio/ts: 8 15 0.5333333333333333 1521584587473
failure in connection with Auth : authFailureCount: 7
failure count reached threshold (2), try migration...
reached migration failure threshold, rotate migration info index from: 3
to: 4
In iotAuth.js migrateToTrustedAuth: 
In iotAuthService.js sendMigrationReqViaTCP: 
Handler: Error in secure comm - details: Error occurred in session key request: Error: connect EHOSTUNREACH 10.0.1.2:21100
failure in migration to another Auth : migrationFailureCount: 1
Handler: Error in secure comm - details: Error occurred in migration request: Error: connect EHOSTUNREACH 10.0.1.6:21100
Handler: Error in secure comm - details: Auth hello timedout ...
failure in migration to another Auth : migrationFailureCount: 2
Handler: Error in secure comm - details: Error occurred in migration request: Auth hello timedout ...
Distribution protocol: TCP
Resp-actual/expected/ratio/ts: 8 16 0.5 1521584647479
failure in connection with Auth : authFailureCount: 8
failure count reached threshold (2), try migration...
reached migration failure threshold, rotate migration info index from: 4
to: 5
In iotAuth.js migrateToTrustedAuth: 
In iotAuthService.js sendMigrationReqViaTCP: 
Handler: Error in secure comm - details: Error occurred in session key request: Error: connect EHOSTUNREACH 10.0.1.2:21100
failure in migration to another Auth : migrationFailureCount: 1
Handler: Error in secure comm - details: Error occurred in migration request: Error: connect EHOSTUNREACH 10.0.1.7:21100
Handler: Error in secure comm - details: Auth hello timedout ...
failure in migration to another Auth : migrationFailureCount: 2
Handler: Error in secure comm - details: Error occurred in migration request: Auth hello timedout ...
Distribution protocol: TCP
Resp-actual/expected/ratio/ts: 8 17 0.47058823529411764 1521584707487
failure in connection with Auth : authFailureCount: 9
failure count reached threshold (2), try migration...
reached migration failure threshold, rotate migration info index from: 5
to: 6
Failed to migrate! host/port of current Auth is the same as host of the Auth which we migrate to
Handler: Error in secure comm - details: Error occurred in session key request: Error: connect EHOSTUNREACH 10.0.1.2:21100
Handler: Error in secure comm - details: Auth hello timedout ...
Distribution protocol: TCP
Resp-actual/expected/ratio/ts: 8 18 0.4444444444444444 1521584767497
failure in connection with Auth : authFailureCount: 10
failure count reached threshold (2), try migration...
Failed to migrate! host/port of current Auth is the same as host of the Auth which we migrate to
Handler: Error in secure comm - details: Error occurred in session key request: Error: connect EHOSTUNREACH 10.0.1.2:21100
Handler: Error in secure comm - details: Auth hello timedout ...
Distribution protocol: TCP
Resp-actual/expected/ratio/ts: 8 19 0.42105263157894735 1521584827507
failure in connection with Auth : authFailureCount: 11
failure count reached threshold (2), try migration...
Failed to migrate! host/port of current Auth is the same as host of the Auth which we migrate to
Handler: Error in secure comm - details: Error occurred in session key request: Error: connect EHOSTUNREACH 10.0.1.2:21100
Handler: Error in secure comm - details: Auth hello timedout ...
Distribution protocol: TCP
Resp-actual/expected/ratio/ts: 8 20 0.4 1521584887517
failure in connection with Auth : authFailureCount: 12
failure count reached threshold (2), try migration...
Failed to migrate! host/port of current Auth is the same as host of the Auth which we migrate to
Handler: Error in secure comm - details: Error occurred in session key request: Error: connect EHOSTUNREACH 10.0.1.2:21100
Handler: Error in secure comm - details: Auth hello timedout ...
Distribution protocol: TCP
Resp-actual/expected/ratio/ts: 8 21 0.38095238095238093 1521584947527
failure in connection with Auth : authFailureCount: 13
failure count reached threshold (2), try migration...
Failed to migrate! host/port of current Auth is the same as host of the Auth which we migrate to
Handler: Error in secure comm - details: Error occurred in session key request: Error: connect EHOSTUNREACH 10.0.1.2:21100
Handler: Error in secure comm - details: Auth hello timedout ...
Distribution protocol: TCP
Resp-actual/expected/ratio/ts: 8 22 0.36363636363636365 1521585007537
failure in connection with Auth : authFailureCount: 14
failure count reached threshold (2), try migration...
Failed to migrate! host/port of current Auth is the same as host of the Auth which we migrate to
Handler: Error in secure comm - details: Error occurred in session key request: Error: connect EHOSTUNREACH 10.0.1.2:21100
Handler: Error in secure comm - details: Auth hello timedout ...
Distribution protocol: TCP
Resp-actual/expected/ratio/ts: 8 23 0.34782608695652173 1521585067547
failure in connection with Auth : authFailureCount: 15
failure count reached threshold (2), try migration...
Failed to migrate! host/port of current Auth is the same as host of the Auth which we migrate to
Handler: Error in secure comm - details: Error occurred in session key request: Error: connect EHOSTUNREACH 10.0.1.2:21100
Handler: Error in secure comm - details: Auth hello timedout ...
Distribution protocol: TCP
Resp-actual/expected/ratio/ts: 8 24 0.3333333333333333 1521585127557
failure in connection with Auth : authFailureCount: 16
failure count reached threshold (2), try migration...
Failed to migrate! host/port of current Auth is the same as host of the Auth which we migrate to
Handler: Error in secure comm - details: Error occurred in session key request: Error: connect EHOSTUNREACH 10.0.1.2:21100
Handler: Error in secure comm - details: Auth hello timedout ...
Distribution protocol: TCP
Resp-actual/expected/ratio/ts: 8 25 0.32 1521585187567
failure in connection with Auth : authFailureCount: 17
failure count reached threshold (2), try migration...
Failed to migrate! host/port of current Auth is the same as host of the Auth which we migrate to
Handler: Error in secure comm - details: Error occurred in session key request: Error: connect EHOSTUNREACH 10.0.1.2:21100
Handler: Error in secure comm - details: Auth hello timedout ...
Distribution protocol: TCP
Resp-actual/expected/ratio/ts: 8 26 0.3076923076923077 1521585247578
failure in connection with Auth : authFailureCount: 18
failure count reached threshold (2), try migration...
Failed to migrate! host/port of current Auth is the same as host of the Auth which we migrate to
Handler: Error in secure comm - details: Error occurred in session key request: Error: connect EHOSTUNREACH 10.0.1.2:21100
Handler: Error in secure comm - details: Auth hello timedout ...
Distribution protocol: TCP
Resp-actual/expected/ratio/ts: 8 27 0.2962962962962963 1521585307588
failure in connection with Auth : authFailureCount: 19
failure count reached threshold (2), try migration...
Failed to migrate! host/port of current Auth is the same as host of the Auth which we migrate to
Handler: Error in secure comm - details: Error occurred in session key request: Error: connect EHOSTUNREACH 10.0.1.2:21100
Handler: Error in secure comm - details: Auth hello timedout ...
Distribution protocol: TCP
Resp-actual/expected/ratio/ts: 8 28 0.2857142857142857 1521585367598
failure in connection with Auth : authFailureCount: 20
failure count reached threshold (2), try migration...
Failed to migrate! host/port of current Auth is the same as host of the Auth which we migrate to
Handler: Error in secure comm - details: Error occurred in session key request: Error: connect EHOSTUNREACH 10.0.1.2:21100
Handler: Error in secure comm - details: Auth hello timedout ...
Distribution protocol: TCP
Resp-actual/expected/ratio/ts: 8 29 0.27586206896551724 1521585427607
failure in connection with Auth : authFailureCount: 21
failure count reached threshold (2), try migration...
Failed to migrate! host/port of current Auth is the same as host of the Auth which we migrate to
Handler: Error in secure comm - details: Error occurred in session key request: Error: connect EHOSTUNREACH 10.0.1.2:21100
