changing working directory to: /home/hokeunkim/Development/iotauth/entity/node/example_entities
loading from config file: /home/hokeunkim/Development/iotauth_experiments/experiments/ccs2017/expOptions/expEntity.option
Experimental options for autoClient: { autoSendPeriod: 60000,
  useSameSessionKeyCount: 1,
  connectionTimeout: 50000,
  migrationEnabled: false,
  authFailureThreshold: 2,
  migrationFailureThreshold: 2 }
loading from config file: /home/hokeunkim/Development/iotauth/entity/node/example_entities/configs/Clients/c416.config
initializing...
current parameters: { numKeysPerRequest: 3,
  migrationEnabled: false,
  authFailureThreshold: 3,
  migrationFailureThreshold: 3 }
current parameters: { numKeysPerRequest: 1,
  migrationEnabled: false,
  authFailureThreshold: 3,
  migrationFailureThreshold: 3 }
current parameters: { numKeysPerRequest: 1,
  migrationEnabled: false,
  authFailureThreshold: 3,
  migrationFailureThreshold: 3 }
current parameters: { numKeysPerRequest: 1,
  migrationEnabled: false,
  authFailureThreshold: 2,
  migrationFailureThreshold: 3 }
current parameters: { numKeysPerRequest: 1,
  migrationEnabled: false,
  authFailureThreshold: 2,
  migrationFailureThreshold: 2 }
current entityInfo: { name: 'c416',
  group: 'Clients',
  distProtocol: 'TCP',
  usePermanentDistKey: false,
  connectionTimeout: 50000,
  privateKey: <Buffer 2d 2d 2d 2d 2d 42 45 47 49 4e 20 52 53 41 20 50 52 49 56 41 54 45 20 4b 45 59 2d 2d 2d 2d 2d 0a 4d 49 49 45 6f 77 49 42 41 41 4b 43 41 51 45 41 75 51 ... > }
Distribution protocol: TCP
Resp-actual/expected/ratio/ts: 0 1 0 1521677290695
connected to auth! from local port 59148
received auth hello!
{ authId: 403, nonce: <Buffer e8 31 e5 32 e6 f9 45 7e> }
received session key response with distribution key attached!
auth signature verified
replyNonce in sessionKeyResp: <Buffer b3 16 79 c1 07 2d cf 3f>
auth nonce verified
updating distribution key: { cipherKeyVal: <Buffer bc 00 b2 0a 93 b6 80 0c 05 de e3 6b 30 60 3b 4c>,
  macKeyVal: <Buffer 4d f3 19 1d 4a c4 f0 3c 29 48 82 56 7d 61 ff 6d 26 da 59 5a dc ee 83 0d 1b 23 94 fe 1e 4f 13 f8>,
  absValidity: 2018-03-22T01:08:10.873Z }
received 1 keys
currentSessionKey: [object Object]
Session protocol: TCP
chosen commSessionKey: 
{ id: 40301291,
  cipherKeyVal: <Buffer 95 a6 56 25 e9 94 40 0a 8f 2e 5d bf 0a 9f 4a 10>,
  macKeyVal: <Buffer 5f 8f 4a ff 32 62 ec 46 42 c4 d5 4d 3e c0 06 8d d4 f5 84 91 e5 8f a9 e7 db 6d 10 47 5f 78 40 e6>,
  absValidity: 2018-03-23T00:08:10.873Z,
  relValidity: 7200000 }
options
{ serverHost: '10.0.1.20',
  serverPort: 22100,
  sessionKey: 
   { id: 40301291,
     cipherKeyVal: <Buffer 95 a6 56 25 e9 94 40 0a 8f 2e 5d bf 0a 9f 4a 10>,
     macKeyVal: <Buffer 5f 8f 4a ff 32 62 ec 46 42 c4 d5 4d 3e c0 06 8d d4 f5 84 91 e5 8f a9 e7 db 6d 10 47 5f 78 40 e6>,
     absValidity: 2018-03-23T00:08:10.873Z,
     relValidity: 7200000 },
  sessionCryptoSpec: { cipher: 'AES-128-CBC', mac: 'SHA256' },
  sessionProtocol: 'TCP',
  handshakeTimeout: 50000 }
chosen nonce: <Buffer 8c dd 77 f0 5e bf fc 33>
switching to HANDSHAKE_1_SENT
disconnected from auth
received session key handshake2!
client ret: [object Object]
server authenticated/authorized by solving nonce!
Handler: communication initialization succeeded
file data length: 1024
sending at Thu Mar 22 2018 00:08:11 GMT+0000 (UTC)
switching to IN_COMM
received secure communication message!
Received seqNum: 0
Handler: data received from server via secure communication
data1
Resp-actual/expected/ratio/ts: 1 1 1 1521677291872
Distribution protocol: TCP
Resp-actual/expected/ratio/ts: 1 2 0.5 1521677350754
connected to auth! from local port 59352
received auth hello!
{ authId: 403, nonce: <Buffer ee 20 8a 41 0b 30 8f bf> }
received session key response encrypted with distribution key
replyNonce in sessionKeyResp: <Buffer 77 97 42 77 85 2a 0f 29>
auth nonce verified
received 1 keys
currentSessionKey: [object Object]
Status: Secure connection closed before starting a new connection.
Session protocol: TCP
chosen commSessionKey: 
{ id: 40301297,
  cipherKeyVal: <Buffer d6 e2 5c 21 e6 0d 19 3a 25 bb 2a 61 02 84 cd 3b>,
  macKeyVal: <Buffer 8d b9 93 83 26 04 fb 3f 7d cd 75 27 75 c0 da 7e b8 55 8f 81 c4 37 a3 f6 54 39 2c 2d 23 e2 a1 86>,
  absValidity: 2018-03-23T00:09:10.938Z,
  relValidity: 7200000 }
options
{ serverHost: '10.0.1.20',
  serverPort: 22100,
  sessionKey: 
   { id: 40301297,
     cipherKeyVal: <Buffer d6 e2 5c 21 e6 0d 19 3a 25 bb 2a 61 02 84 cd 3b>,
     macKeyVal: <Buffer 8d b9 93 83 26 04 fb 3f 7d cd 75 27 75 c0 da 7e b8 55 8f 81 c4 37 a3 f6 54 39 2c 2d 23 e2 a1 86>,
     absValidity: 2018-03-23T00:09:10.938Z,
     relValidity: 7200000 },
  sessionCryptoSpec: { cipher: 'AES-128-CBC', mac: 'SHA256' },
  sessionProtocol: 'TCP',
  handshakeTimeout: 50000 }
chosen nonce: <Buffer a5 29 5e bc 49 ac 85 f8>
switching to HANDSHAKE_1_SENT
disconnected from auth
Handler: secure connection with the server closed.
received session key handshake2!
client ret: [object Object]
server authenticated/authorized by solving nonce!
Handler: communication initialization succeeded
file data length: 1024
sending at Thu Mar 22 2018 00:09:11 GMT+0000 (UTC)
switching to IN_COMM
received secure communication message!
Received seqNum: 0
Handler: data received from server via secure communication
data1
Resp-actual/expected/ratio/ts: 2 2 1 1521677352123
Distribution protocol: TCP
Resp-actual/expected/ratio/ts: 2 3 0.6666666666666666 1521677410808
connected to auth! from local port 59624
received auth hello!
{ authId: 403, nonce: <Buffer 50 1b f4 10 b6 a3 7b 86> }
received session key response encrypted with distribution key
replyNonce in sessionKeyResp: <Buffer bb 35 70 34 16 35 91 3f>
auth nonce verified
received 1 keys
currentSessionKey: [object Object]
Status: Secure connection closed before starting a new connection.
Session protocol: TCP
chosen commSessionKey: 
{ id: 40301303,
  cipherKeyVal: <Buffer 8e f1 87 00 51 ac 9a 4c 0b 53 da 3c 5d 77 35 58>,
  macKeyVal: <Buffer b2 d1 42 d3 a1 ad f2 7e 4e bf cc fd 8e 45 f1 7a ca 30 37 14 76 67 c1 7b 38 40 66 81 8b 66 af 28>,
  absValidity: 2018-03-23T00:10:10.959Z,
  relValidity: 7200000 }
options
{ serverHost: '10.0.1.20',
  serverPort: 22100,
  sessionKey: 
   { id: 40301303,
     cipherKeyVal: <Buffer 8e f1 87 00 51 ac 9a 4c 0b 53 da 3c 5d 77 35 58>,
     macKeyVal: <Buffer b2 d1 42 d3 a1 ad f2 7e 4e bf cc fd 8e 45 f1 7a ca 30 37 14 76 67 c1 7b 38 40 66 81 8b 66 af 28>,
     absValidity: 2018-03-23T00:10:10.959Z,
     relValidity: 7200000 },
  sessionCryptoSpec: { cipher: 'AES-128-CBC', mac: 'SHA256' },
  sessionProtocol: 'TCP',
  handshakeTimeout: 50000 }
chosen nonce: <Buffer 19 4a 49 d5 b3 5f 7d 86>
switching to HANDSHAKE_1_SENT
disconnected from auth
Handler: secure connection with the server closed.
received session key handshake2!
client ret: [object Object]
server authenticated/authorized by solving nonce!
Handler: communication initialization succeeded
file data length: 1024
sending at Thu Mar 22 2018 00:10:11 GMT+0000 (UTC)
switching to IN_COMM
received secure communication message!
Received seqNum: 0
Handler: data received from server via secure communication
data1
Resp-actual/expected/ratio/ts: 3 3 1 1521677412120
Distribution protocol: TCP
Resp-actual/expected/ratio/ts: 3 4 0.75 1521677470835
connected to auth! from local port 59894
received auth hello!
{ authId: 403, nonce: <Buffer ef de b7 cd 98 fd be d1> }
received session key response encrypted with distribution key
replyNonce in sessionKeyResp: <Buffer 11 45 d3 84 71 93 01 e1>
auth nonce verified
received 1 keys
currentSessionKey: [object Object]
Status: Secure connection closed before starting a new connection.
Session protocol: TCP
chosen commSessionKey: 
{ id: 40301309,
  cipherKeyVal: <Buffer 51 99 b8 74 95 69 50 35 e7 96 ad b2 73 2a 77 be>,
  macKeyVal: <Buffer ce 2d 2b ab fb b7 da 8d d0 ba 6e ef d0 e7 14 91 9a 6b 56 4c c2 5c 18 3c 3b c1 7b 0d d9 a6 98 22>,
  absValidity: 2018-03-23T00:11:10.992Z,
  relValidity: 7200000 }
options
{ serverHost: '10.0.1.20',
  serverPort: 22100,
  sessionKey: 
   { id: 40301309,
     cipherKeyVal: <Buffer 51 99 b8 74 95 69 50 35 e7 96 ad b2 73 2a 77 be>,
     macKeyVal: <Buffer ce 2d 2b ab fb b7 da 8d d0 ba 6e ef d0 e7 14 91 9a 6b 56 4c c2 5c 18 3c 3b c1 7b 0d d9 a6 98 22>,
     absValidity: 2018-03-23T00:11:10.992Z,
     relValidity: 7200000 },
  sessionCryptoSpec: { cipher: 'AES-128-CBC', mac: 'SHA256' },
  sessionProtocol: 'TCP',
  handshakeTimeout: 50000 }
chosen nonce: <Buffer ac 0e c7 37 9c d1 0b 07>
switching to HANDSHAKE_1_SENT
disconnected from auth
Handler: secure connection with the server closed.
received session key handshake2!
client ret: [object Object]
server authenticated/authorized by solving nonce!
Handler: communication initialization succeeded
file data length: 1024
sending at Thu Mar 22 2018 00:11:11 GMT+0000 (UTC)
switching to IN_COMM
received secure communication message!
Received seqNum: 0
Handler: data received from server via secure communication
data1
Resp-actual/expected/ratio/ts: 4 4 1 1521677472167
Distribution protocol: TCP
Resp-actual/expected/ratio/ts: 4 5 0.8 1521677530894
connected to auth! from local port 60164
received auth hello!
{ authId: 403, nonce: <Buffer df d3 a9 86 c0 f3 cb 07> }
received session key response encrypted with distribution key
replyNonce in sessionKeyResp: <Buffer fd b8 1a 54 84 a4 37 e6>
auth nonce verified
received 1 keys
currentSessionKey: [object Object]
Status: Secure connection closed before starting a new connection.
Session protocol: TCP
chosen commSessionKey: 
{ id: 40301315,
  cipherKeyVal: <Buffer f6 52 e9 1c 8d 43 1d 7d 3c b8 7d ee f7 2f 2c 1c>,
  macKeyVal: <Buffer c6 37 17 5e 91 df dd f1 9b b8 ff 48 ee 7e 08 24 08 a2 af 6a c4 3e 02 cf 2b aa af 0e 93 be 01 93>,
  absValidity: 2018-03-23T00:12:11.036Z,
  relValidity: 7200000 }
options
{ serverHost: '10.0.1.20',
  serverPort: 22100,
  sessionKey: 
   { id: 40301315,
     cipherKeyVal: <Buffer f6 52 e9 1c 8d 43 1d 7d 3c b8 7d ee f7 2f 2c 1c>,
     macKeyVal: <Buffer c6 37 17 5e 91 df dd f1 9b b8 ff 48 ee 7e 08 24 08 a2 af 6a c4 3e 02 cf 2b aa af 0e 93 be 01 93>,
     absValidity: 2018-03-23T00:12:11.036Z,
     relValidity: 7200000 },
  sessionCryptoSpec: { cipher: 'AES-128-CBC', mac: 'SHA256' },
  sessionProtocol: 'TCP',
  handshakeTimeout: 50000 }
chosen nonce: <Buffer e9 e8 5c 08 1f 35 41 a8>
switching to HANDSHAKE_1_SENT
disconnected from auth
Handler: secure connection with the server closed.
received session key handshake2!
client ret: [object Object]
server authenticated/authorized by solving nonce!
Handler: communication initialization succeeded
file data length: 1024
sending at Thu Mar 22 2018 00:12:11 GMT+0000 (UTC)
switching to IN_COMM
received secure communication message!
Received seqNum: 0
Handler: data received from server via secure communication
data1
Resp-actual/expected/ratio/ts: 5 5 1 1521677532098
Distribution protocol: TCP
Resp-actual/expected/ratio/ts: 5 6 0.8333333333333334 1521677590949
connected to auth! from local port 60434
received auth hello!
{ authId: 403, nonce: <Buffer 13 cb ae d4 ad 64 a2 f2> }
received session key response encrypted with distribution key
replyNonce in sessionKeyResp: <Buffer 7f 07 80 99 8e 8a 6e 22>
auth nonce verified
received 1 keys
currentSessionKey: [object Object]
Status: Secure connection closed before starting a new connection.
Session protocol: TCP
chosen commSessionKey: 
{ id: 40301321,
  cipherKeyVal: <Buffer 3b 71 bd 3f 1a ee 79 93 4a ad e6 4c 34 86 20 5f>,
  macKeyVal: <Buffer 0c f9 ed 54 ee d4 c2 17 f3 58 8b d2 72 ee 08 e8 b1 85 1b 3a 57 44 a9 6f d0 8d 66 c8 f9 12 cc f1>,
  absValidity: 2018-03-23T00:13:11.080Z,
  relValidity: 7200000 }
options
{ serverHost: '10.0.1.20',
  serverPort: 22100,
  sessionKey: 
   { id: 40301321,
     cipherKeyVal: <Buffer 3b 71 bd 3f 1a ee 79 93 4a ad e6 4c 34 86 20 5f>,
     macKeyVal: <Buffer 0c f9 ed 54 ee d4 c2 17 f3 58 8b d2 72 ee 08 e8 b1 85 1b 3a 57 44 a9 6f d0 8d 66 c8 f9 12 cc f1>,
     absValidity: 2018-03-23T00:13:11.080Z,
     relValidity: 7200000 },
  sessionCryptoSpec: { cipher: 'AES-128-CBC', mac: 'SHA256' },
  sessionProtocol: 'TCP',
  handshakeTimeout: 50000 }
chosen nonce: <Buffer c3 44 1b c5 4e 8c bd 0f>
switching to HANDSHAKE_1_SENT
disconnected from auth
Handler: secure connection with the server closed.
received session key handshake2!
client ret: [object Object]
server authenticated/authorized by solving nonce!
Handler: communication initialization succeeded
file data length: 1024
sending at Thu Mar 22 2018 00:13:11 GMT+0000 (UTC)
switching to IN_COMM
received secure communication message!
Received seqNum: 0
Handler: data received from server via secure communication
data1
Resp-actual/expected/ratio/ts: 6 6 1 1521677592104
Distribution protocol: TCP
Resp-actual/expected/ratio/ts: 6 7 0.8571428571428571 1521677651008
connected to auth! from local port 60704
received auth hello!
{ authId: 403, nonce: <Buffer ae 1b 08 6c 2e 37 60 8f> }
received session key response encrypted with distribution key
replyNonce in sessionKeyResp: <Buffer f0 74 d0 bb 2c 2e 7b b7>
auth nonce verified
received 1 keys
currentSessionKey: [object Object]
Status: Secure connection closed before starting a new connection.
Session protocol: TCP
chosen commSessionKey: 
{ id: 40301327,
  cipherKeyVal: <Buffer f4 4d a8 08 66 4e b1 53 58 fa fa 27 22 4f 93 eb>,
  macKeyVal: <Buffer 66 c4 f1 bb 38 96 42 c8 74 36 7e 78 65 bf cb 8f 71 8f 8d 08 59 54 15 f2 1f 35 26 c0 55 23 71 d7>,
  absValidity: 2018-03-23T00:14:11.139Z,
  relValidity: 7200000 }
options
{ serverHost: '10.0.1.20',
  serverPort: 22100,
  sessionKey: 
   { id: 40301327,
     cipherKeyVal: <Buffer f4 4d a8 08 66 4e b1 53 58 fa fa 27 22 4f 93 eb>,
     macKeyVal: <Buffer 66 c4 f1 bb 38 96 42 c8 74 36 7e 78 65 bf cb 8f 71 8f 8d 08 59 54 15 f2 1f 35 26 c0 55 23 71 d7>,
     absValidity: 2018-03-23T00:14:11.139Z,
     relValidity: 7200000 },
  sessionCryptoSpec: { cipher: 'AES-128-CBC', mac: 'SHA256' },
  sessionProtocol: 'TCP',
  handshakeTimeout: 50000 }
chosen nonce: <Buffer 92 28 52 a6 95 20 85 28>
switching to HANDSHAKE_1_SENT
disconnected from auth
Handler: secure connection with the server closed.
received session key handshake2!
client ret: [object Object]
server authenticated/authorized by solving nonce!
Handler: communication initialization succeeded
file data length: 1024
sending at Thu Mar 22 2018 00:14:11 GMT+0000 (UTC)
switching to IN_COMM
received secure communication message!
Received seqNum: 0
Handler: data received from server via secure communication
data1
Resp-actual/expected/ratio/ts: 7 7 1 1521677652276
Distribution protocol: TCP
Resp-actual/expected/ratio/ts: 7 8 0.875 1521677711065
connected to auth! from local port 60970
received auth hello!
{ authId: 403, nonce: <Buffer 57 43 43 ea 57 fc 80 e4> }
received session key response encrypted with distribution key
replyNonce in sessionKeyResp: <Buffer 4f 55 69 35 e6 b2 d0 d9>
auth nonce verified
received 1 keys
currentSessionKey: [object Object]
Status: Secure connection closed before starting a new connection.
Session protocol: TCP
chosen commSessionKey: 
{ id: 40301333,
  cipherKeyVal: <Buffer 5a 06 32 c9 48 6c 0c 00 0d d4 d3 58 c3 81 f4 df>,
  macKeyVal: <Buffer 61 37 2a 65 c3 b5 74 43 51 4f e9 60 97 28 23 a6 2f 51 49 53 df 95 68 c3 13 28 27 a1 10 f4 80 30>,
  absValidity: 2018-03-23T00:15:11.199Z,
  relValidity: 7200000 }
options
{ serverHost: '10.0.1.20',
  serverPort: 22100,
  sessionKey: 
   { id: 40301333,
     cipherKeyVal: <Buffer 5a 06 32 c9 48 6c 0c 00 0d d4 d3 58 c3 81 f4 df>,
     macKeyVal: <Buffer 61 37 2a 65 c3 b5 74 43 51 4f e9 60 97 28 23 a6 2f 51 49 53 df 95 68 c3 13 28 27 a1 10 f4 80 30>,
     absValidity: 2018-03-23T00:15:11.199Z,
     relValidity: 7200000 },
  sessionCryptoSpec: { cipher: 'AES-128-CBC', mac: 'SHA256' },
  sessionProtocol: 'TCP',
  handshakeTimeout: 50000 }
chosen nonce: <Buffer 65 0f 43 ea 89 ee 11 02>
switching to HANDSHAKE_1_SENT
disconnected from auth
Handler: secure connection with the server closed.
received session key handshake2!
client ret: [object Object]
server authenticated/authorized by solving nonce!
Handler: communication initialization succeeded
file data length: 1024
sending at Thu Mar 22 2018 00:15:11 GMT+0000 (UTC)
switching to IN_COMM
received secure communication message!
Received seqNum: 0
Handler: data received from server via secure communication
data1
Resp-actual/expected/ratio/ts: 8 8 1 1521677712240
Distribution protocol: TCP
Resp-actual/expected/ratio/ts: 8 9 0.8888888888888888 1521677771121
Handler: Error in secure comm - details: Error occurred in session key request: Error: connect EHOSTUNREACH 10.0.1.3:21100
Handler: Error in secure comm - details: Auth hello timedout ...
Distribution protocol: TCP
Resp-actual/expected/ratio/ts: 8 10 0.8 1521677831132
Handler: Error in secure comm - details: Error occurred in session key request: Error: connect EHOSTUNREACH 10.0.1.3:21100
Handler: Error in secure comm - details: Auth hello timedout ...
Distribution protocol: TCP
Resp-actual/expected/ratio/ts: 8 11 0.7272727272727273 1521677891142
Handler: Error in secure comm - details: Error occurred in session key request: Error: connect EHOSTUNREACH 10.0.1.3:21100
Handler: Error in secure comm - details: Auth hello timedout ...
Distribution protocol: TCP
Resp-actual/expected/ratio/ts: 8 12 0.6666666666666666 1521677951152
Handler: Error in secure comm - details: Error occurred in session key request: Error: connect EHOSTUNREACH 10.0.1.3:21100
Handler: Error in secure comm - details: Auth hello timedout ...
Distribution protocol: TCP
Resp-actual/expected/ratio/ts: 8 13 0.6153846153846154 1521678011162
Handler: Error in secure comm - details: Error occurred in session key request: Error: connect EHOSTUNREACH 10.0.1.3:21100
Handler: Error in secure comm - details: Auth hello timedout ...
Distribution protocol: TCP
Resp-actual/expected/ratio/ts: 8 14 0.5714285714285714 1521678071172
Handler: Error in secure comm - details: Error occurred in session key request: Error: connect EHOSTUNREACH 10.0.1.3:21100
Handler: Error in secure comm - details: Auth hello timedout ...
Distribution protocol: TCP
Resp-actual/expected/ratio/ts: 8 15 0.5333333333333333 1521678131182
Handler: Error in secure comm - details: Error occurred in session key request: Error: connect EHOSTUNREACH 10.0.1.3:21100
Handler: Error in secure comm - details: Auth hello timedout ...
Distribution protocol: TCP
Resp-actual/expected/ratio/ts: 8 16 0.5 1521678191191
Handler: Error in secure comm - details: Error occurred in session key request: Error: connect EHOSTUNREACH 10.0.1.3:21100
Handler: Error in secure comm - details: Auth hello timedout ...
Distribution protocol: TCP
Resp-actual/expected/ratio/ts: 8 17 0.47058823529411764 1521678251201
Handler: Error in secure comm - details: Error occurred in session key request: Error: connect EHOSTUNREACH 10.0.1.3:21100
Handler: Error in secure comm - details: Auth hello timedout ...
Distribution protocol: TCP
Resp-actual/expected/ratio/ts: 8 18 0.4444444444444444 1521678311212
Handler: Error in secure comm - details: Error occurred in session key request: Error: connect EHOSTUNREACH 10.0.1.3:21100
Handler: Error in secure comm - details: Auth hello timedout ...
Distribution protocol: TCP
Resp-actual/expected/ratio/ts: 8 19 0.42105263157894735 1521678371221
Handler: Error in secure comm - details: Error occurred in session key request: Error: connect EHOSTUNREACH 10.0.1.3:21100
Handler: Error in secure comm - details: Auth hello timedout ...
Distribution protocol: TCP
Resp-actual/expected/ratio/ts: 8 20 0.4 1521678431232
Handler: Error in secure comm - details: Error occurred in session key request: Error: connect EHOSTUNREACH 10.0.1.3:21100
Handler: Error in secure comm - details: Auth hello timedout ...
Distribution protocol: TCP
Resp-actual/expected/ratio/ts: 8 21 0.38095238095238093 1521678491242
Handler: Error in secure comm - details: Error occurred in session key request: Error: connect EHOSTUNREACH 10.0.1.3:21100
Handler: Error in secure comm - details: Auth hello timedout ...
Distribution protocol: TCP
Resp-actual/expected/ratio/ts: 8 22 0.36363636363636365 1521678551251
Handler: Error in secure comm - details: Error occurred in session key request: Error: connect EHOSTUNREACH 10.0.1.3:21100
Handler: Error in secure comm - details: Auth hello timedout ...
Distribution protocol: TCP
Resp-actual/expected/ratio/ts: 8 23 0.34782608695652173 1521678611258
Handler: Error in secure comm - details: Error occurred in session key request: Error: connect EHOSTUNREACH 10.0.1.3:21100
Handler: Error in secure comm - details: Auth hello timedout ...
Distribution protocol: TCP
Resp-actual/expected/ratio/ts: 8 24 0.3333333333333333 1521678671269
Handler: Error in secure comm - details: Error occurred in session key request: Error: connect EHOSTUNREACH 10.0.1.3:21100
Handler: Error in secure comm - details: Auth hello timedout ...
Distribution protocol: TCP
Resp-actual/expected/ratio/ts: 8 25 0.32 1521678731279
Handler: Error in secure comm - details: Error occurred in session key request: Error: connect EHOSTUNREACH 10.0.1.3:21100
Handler: Error in secure comm - details: Auth hello timedout ...
Distribution protocol: TCP
Resp-actual/expected/ratio/ts: 8 26 0.3076923076923077 1521678791288
Handler: Error in secure comm - details: Error occurred in session key request: Error: connect EHOSTUNREACH 10.0.1.3:21100
Handler: Error in secure comm - details: Auth hello timedout ...
Distribution protocol: TCP
Resp-actual/expected/ratio/ts: 8 27 0.2962962962962963 1521678851289
Handler: Error in secure comm - details: Error occurred in session key request: Error: connect EHOSTUNREACH 10.0.1.3:21100
Handler: Error in secure comm - details: Auth hello timedout ...
Distribution protocol: TCP
Resp-actual/expected/ratio/ts: 8 28 0.2857142857142857 1521678911299
Handler: Error in secure comm - details: Error occurred in session key request: Error: connect EHOSTUNREACH 10.0.1.3:21100
Handler: Error in secure comm - details: Auth hello timedout ...
Distribution protocol: TCP
Resp-actual/expected/ratio/ts: 8 29 0.27586206896551724 1521678971310
Handler: Error in secure comm - details: Error occurred in session key request: Error: connect EHOSTUNREACH 10.0.1.3:21100
