changing working directory to: /home/hokeunkim/Development/iotauth/entity/node/example_entities
loading from config file: /home/hokeunkim/Development/iotauth_experiments/experiments/ccs2017/expOptions/expEntity.option
Experimental options for echoServer: { autoSendPeriod: 60000,
  useSameSessionKeyCount: 1,
  connectionTimeout: 50000,
  migrationEnabled: false,
  authFailureThreshold: 2,
  migrationFailureThreshold: 2 }
loading from config file: /home/hokeunkim/Development/iotauth/entity/node/example_entities/configs/Servers/s412.config
initializing secure comm server...
Session protocol: TCP
current parameters: { migrationEnabled: false,
  authFailureThreshold: 3,
  migrationFailureThreshold: 3 }
current parameters: { migrationEnabled: false,
  authFailureThreshold: 2,
  migrationFailureThreshold: 3 }
current parameters: { migrationEnabled: false,
  authFailureThreshold: 2,
  migrationFailureThreshold: 2 }
current entityInfo: { name: 's412',
  group: 'Servers',
  distProtocol: 'TCP',
  usePermanentDistKey: false,
  connectionTimeout: 50000,
  privateKey: <Buffer 2d 2d 2d 2d 2d 42 45 47 49 4e 20 52 53 41 20 50 52 49 56 41 54 45 20 4b 45 59 2d 2d 2d 2d 2d 0a 4d 49 49 45 6f 77 49 42 41 41 4b 43 41 51 45 41 34 74 ... > }
Handler: listening on port 22100
s412:Servers prompt>
Unidentified client connected
received session key handshake1
switching to HANDSHAKE_1_RECEIVED state.
session key id: 40300743
session key NOT found! sending session key id to AuthService
Distribution protocol: TCP
connected to auth! from local port 34210
received auth hello!
{ authId: 403, nonce: <Buffer 60 25 cf 40 35 ad 96 90> }
received session key response with distribution key attached!
auth signature verified
replyNonce in sessionKeyResp: <Buffer 2f 99 0e a3 07 b8 1b 58>
auth nonce verified
updating distribution key: { cipherKeyVal: <Buffer 98 9e a9 35 49 38 45 de e4 4b 0c 82 3f 76 bb fc>,
  macKeyVal: <Buffer 72 87 b2 79 6d 9c 9e ca 19 0a 6d 46 b3 30 91 9b 30 36 56 5a ea 5a 4f ab b1 28 b3 da 65 27 8a 10>,
  absValidity: 2018-03-21T17:05:50.985Z }
received 1 keys
Session key id is as expected
server ret: [object Object]
chosen nonce: <Buffer 7a 4b 03 04 46 1f e4 c8>
switching to HANDSHAKE_2_SENT
disconnected from auth
received session key handshake3!
{ replyNonce: <Buffer 7a 4b 03 04 46 1f e4 c8> }
client authenticated/authorized by solving nonce!
switching to IN_COMM
Handler: secure connection with the client established.
{ id: 0,
  remoteAddress: '::ffff:10.0.1.57:43280',
  status: 'open' }
received secure communication!
Received seqNum: 0
data received from server via secure communication
Handler: socketID: 0 data: data1
toSend: { data: <Buffer 64 61 74 61 31>, id: 0 }
specified socketID: 0
Unidentified client disconnected
Handler: secure connection with the client closed.
socket #0 closed
Unidentified client connected
received session key handshake1
switching to HANDSHAKE_1_RECEIVED state.
session key id: 40300749
session key NOT found! sending session key id to AuthService
Distribution protocol: TCP
connected to auth! from local port 34408
received auth hello!
{ authId: 403, nonce: <Buffer 2e f9 25 c7 35 b5 a8 79> }
received session key response encrypted with distribution key
replyNonce in sessionKeyResp: <Buffer ec f3 d3 97 7f 95 08 df>
auth nonce verified
received 1 keys
Session key id is as expected
server ret: [object Object]
chosen nonce: <Buffer 5e ff 30 76 0d c9 82 42>
switching to HANDSHAKE_2_SENT
disconnected from auth
received session key handshake3!
{ replyNonce: <Buffer 5e ff 30 76 0d c9 82 42> }
client authenticated/authorized by solving nonce!
switching to IN_COMM
Handler: secure connection with the client established.
{ id: 1,
  remoteAddress: '::ffff:10.0.1.57:43478',
  status: 'open' }
received secure communication!
Received seqNum: 0
data received from server via secure communication
Handler: socketID: 1 data: data1
toSend: { data: <Buffer 64 61 74 61 31>, id: 1 }
specified socketID: 1
Unidentified client disconnected
Handler: secure connection with the client closed.
socket #1 closed
Unidentified client connected
received session key handshake1
switching to HANDSHAKE_1_RECEIVED state.
session key id: 40300755
session key NOT found! sending session key id to AuthService
Distribution protocol: TCP
connected to auth! from local port 34680
received auth hello!
{ authId: 403, nonce: <Buffer d5 cd 02 17 29 1f 6a b8> }
received session key response encrypted with distribution key
replyNonce in sessionKeyResp: <Buffer 95 ee dc ee f5 e5 fe 47>
auth nonce verified
received 1 keys
Session key id is as expected
server ret: [object Object]
chosen nonce: <Buffer 56 18 e0 e4 db 83 3e d7>
switching to HANDSHAKE_2_SENT
disconnected from auth
received session key handshake3!
{ replyNonce: <Buffer 56 18 e0 e4 db 83 3e d7> }
client authenticated/authorized by solving nonce!
switching to IN_COMM
Handler: secure connection with the client established.
{ id: 2,
  remoteAddress: '::ffff:10.0.1.57:43750',
  status: 'open' }
received secure communication!
Received seqNum: 0
data received from server via secure communication
Handler: socketID: 2 data: data1
toSend: { data: <Buffer 64 61 74 61 31>, id: 2 }
specified socketID: 2
Unidentified client disconnected
Handler: secure connection with the client closed.
socket #2 closed
Unidentified client connected
received session key handshake1
switching to HANDSHAKE_1_RECEIVED state.
session key id: 40300761
session key NOT found! sending session key id to AuthService
Distribution protocol: TCP
connected to auth! from local port 34950
received auth hello!
{ authId: 403, nonce: <Buffer 13 7f 82 dd 9c 5f 37 ca> }
received session key response encrypted with distribution key
replyNonce in sessionKeyResp: <Buffer ff 3c dd fc 0f b6 81 b4>
auth nonce verified
received 1 keys
Session key id is as expected
server ret: [object Object]
chosen nonce: <Buffer 26 7d 04 46 ae c6 9b e4>
switching to HANDSHAKE_2_SENT
disconnected from auth
received session key handshake3!
{ replyNonce: <Buffer 26 7d 04 46 ae c6 9b e4> }
client authenticated/authorized by solving nonce!
switching to IN_COMM
Handler: secure connection with the client established.
{ id: 3,
  remoteAddress: '::ffff:10.0.1.57:44020',
  status: 'open' }
received secure communication!
Received seqNum: 0
data received from server via secure communication
Handler: socketID: 3 data: data1
toSend: { data: <Buffer 64 61 74 61 31>, id: 3 }
specified socketID: 3
Unidentified client disconnected
Handler: secure connection with the client closed.
socket #3 closed
Unidentified client connected
received session key handshake1
switching to HANDSHAKE_1_RECEIVED state.
session key id: 40300767
session key NOT found! sending session key id to AuthService
Distribution protocol: TCP
connected to auth! from local port 35220
received auth hello!
{ authId: 403, nonce: <Buffer e1 c0 79 e6 52 62 03 e1> }
received session key response encrypted with distribution key
replyNonce in sessionKeyResp: <Buffer 8c e2 49 f3 80 54 fa 36>
auth nonce verified
received 1 keys
Session key id is as expected
server ret: [object Object]
chosen nonce: <Buffer 62 73 93 be 31 49 99 20>
switching to HANDSHAKE_2_SENT
disconnected from auth
received session key handshake3!
{ replyNonce: <Buffer 62 73 93 be 31 49 99 20> }
client authenticated/authorized by solving nonce!
switching to IN_COMM
Handler: secure connection with the client established.
{ id: 4,
  remoteAddress: '::ffff:10.0.1.57:44290',
  status: 'open' }
received secure communication!
Received seqNum: 0
data received from server via secure communication
Handler: socketID: 4 data: data1
toSend: { data: <Buffer 64 61 74 61 31>, id: 4 }
specified socketID: 4
Unidentified client disconnected
Handler: secure connection with the client closed.
socket #4 closed
Unidentified client connected
received session key handshake1
switching to HANDSHAKE_1_RECEIVED state.
session key id: 40300773
session key NOT found! sending session key id to AuthService
Distribution protocol: TCP
connected to auth! from local port 35490
received auth hello!
{ authId: 403, nonce: <Buffer aa e5 01 d9 2f 84 02 26> }
received session key response encrypted with distribution key
replyNonce in sessionKeyResp: <Buffer 4a 7c f7 7b fa 98 8e 38>
auth nonce verified
received 1 keys
Session key id is as expected
server ret: [object Object]
chosen nonce: <Buffer 6c 85 0f 2c 1b bf 81 72>
switching to HANDSHAKE_2_SENT
disconnected from auth
received session key handshake3!
{ replyNonce: <Buffer 6c 85 0f 2c 1b bf 81 72> }
client authenticated/authorized by solving nonce!
switching to IN_COMM
Handler: secure connection with the client established.
{ id: 5,
  remoteAddress: '::ffff:10.0.1.57:44560',
  status: 'open' }
received secure communication!
Received seqNum: 0
data received from server via secure communication
Handler: socketID: 5 data: data1
toSend: { data: <Buffer 64 61 74 61 31>, id: 5 }
specified socketID: 5
Unidentified client disconnected
Handler: secure connection with the client closed.
socket #5 closed
Unidentified client connected
received session key handshake1
switching to HANDSHAKE_1_RECEIVED state.
session key id: 40300779
session key NOT found! sending session key id to AuthService
Distribution protocol: TCP
connected to auth! from local port 35760
received auth hello!
{ authId: 403, nonce: <Buffer a2 41 24 a4 a9 b8 0b 45> }
received session key response encrypted with distribution key
replyNonce in sessionKeyResp: <Buffer 44 c6 da ea 5a f5 ca 0f>
auth nonce verified
received 1 keys
Session key id is as expected
server ret: [object Object]
chosen nonce: <Buffer f4 07 38 90 73 e6 11 52>
switching to HANDSHAKE_2_SENT
disconnected from auth
received session key handshake3!
{ replyNonce: <Buffer f4 07 38 90 73 e6 11 52> }
client authenticated/authorized by solving nonce!
switching to IN_COMM
Handler: secure connection with the client established.
{ id: 6,
  remoteAddress: '::ffff:10.0.1.57:44830',
  status: 'open' }
received secure communication!
Received seqNum: 0
data received from server via secure communication
Handler: socketID: 6 data: data1
toSend: { data: <Buffer 64 61 74 61 31>, id: 6 }
specified socketID: 6
Unidentified client disconnected
Handler: secure connection with the client closed.
socket #6 closed
Unidentified client connected
received session key handshake1
switching to HANDSHAKE_1_RECEIVED state.
session key id: 40300785
session key NOT found! sending session key id to AuthService
Distribution protocol: TCP
connected to auth! from local port 36030
received auth hello!
{ authId: 403, nonce: <Buffer f4 4d 4e 39 8b 85 c4 8e> }
received session key response encrypted with distribution key
replyNonce in sessionKeyResp: <Buffer 17 94 66 92 dc 7f 95 2f>
auth nonce verified
received 1 keys
Session key id is as expected
server ret: [object Object]
chosen nonce: <Buffer 6b 8b 00 3a b6 8b 05 4b>
switching to HANDSHAKE_2_SENT
disconnected from auth
received session key handshake3!
{ replyNonce: <Buffer 6b 8b 00 3a b6 8b 05 4b> }
client authenticated/authorized by solving nonce!
switching to IN_COMM
Handler: secure connection with the client established.
{ id: 7,
  remoteAddress: '::ffff:10.0.1.57:45100',
  status: 'open' }
received secure communication!
Received seqNum: 0
data received from server via secure communication
Handler: socketID: 7 data: data1
toSend: { data: <Buffer 64 61 74 61 31>, id: 7 }
specified socketID: 7
Unidentified client disconnected
Handler: secure connection with the client closed.
socket #7 closed
Unidentified client connected
received session key handshake1
switching to HANDSHAKE_1_RECEIVED state.
session key id: 40300791
session key NOT found! sending session key id to AuthService
Distribution protocol: TCP
connected to auth! from local port 36276
received auth hello!
{ authId: 403, nonce: <Buffer 90 ab 1e 3a e0 f8 c9 f3> }
received session key response encrypted with distribution key
replyNonce in sessionKeyResp: <Buffer 1b 05 f2 a6 a1 f3 d1 be>
auth nonce verified
received 1 keys
Session key id is as expected
server ret: [object Object]
chosen nonce: <Buffer b7 74 f8 5a 67 22 a0 7a>
switching to HANDSHAKE_2_SENT
disconnected from auth
received session key handshake3!
{ replyNonce: <Buffer b7 74 f8 5a 67 22 a0 7a> }
client authenticated/authorized by solving nonce!
switching to IN_COMM
Handler: secure connection with the client established.
{ id: 8,
  remoteAddress: '::ffff:10.0.1.57:45346',
  status: 'open' }
received secure communication!
Received seqNum: 0
data received from server via secure communication
Handler: socketID: 8 data: data1
toSend: { data: <Buffer 64 61 74 61 31>, id: 8 }
specified socketID: 8
Unidentified client disconnected
Handler: secure connection with the client closed.
socket #8 closed
Unidentified client connected
received session key handshake1
switching to HANDSHAKE_1_RECEIVED state.
session key id: 40300797
session key NOT found! sending session key id to AuthService
Distribution protocol: TCP
connected to auth! from local port 36522
received auth hello!
{ authId: 403, nonce: <Buffer b2 98 e8 bd 4b a5 19 37> }
received session key response encrypted with distribution key
replyNonce in sessionKeyResp: <Buffer df 2d 04 ed 1e 68 7e 08>
auth nonce verified
received 1 keys
Session key id is as expected
server ret: [object Object]
chosen nonce: <Buffer 4a 34 96 3d cc 7e 8c 84>
switching to HANDSHAKE_2_SENT
disconnected from auth
received session key handshake3!
{ replyNonce: <Buffer 4a 34 96 3d cc 7e 8c 84> }
client authenticated/authorized by solving nonce!
switching to IN_COMM
Handler: secure connection with the client established.
{ id: 9,
  remoteAddress: '::ffff:10.0.1.57:45592',
  status: 'open' }
received secure communication!
Received seqNum: 0
data received from server via secure communication
Handler: socketID: 9 data: data1
toSend: { data: <Buffer 64 61 74 61 31>, id: 9 }
specified socketID: 9
Unidentified client disconnected
Handler: secure connection with the client closed.
socket #9 closed
Unidentified client connected
received session key handshake1
switching to HANDSHAKE_1_RECEIVED state.
session key id: 40300803
session key NOT found! sending session key id to AuthService
Distribution protocol: TCP
connected to auth! from local port 36768
received auth hello!
{ authId: 403, nonce: <Buffer ba 4f b3 21 dc 1b e8 78> }
received session key response encrypted with distribution key
replyNonce in sessionKeyResp: <Buffer 4c 6a 38 56 7e cf 87 c5>
auth nonce verified
received 1 keys
Session key id is as expected
server ret: [object Object]
chosen nonce: <Buffer d5 28 75 c1 6f 5e ff ef>
switching to HANDSHAKE_2_SENT
disconnected from auth
received session key handshake3!
{ replyNonce: <Buffer d5 28 75 c1 6f 5e ff ef> }
client authenticated/authorized by solving nonce!
switching to IN_COMM
Handler: secure connection with the client established.
{ id: 10,
  remoteAddress: '::ffff:10.0.1.57:45838',
  status: 'open' }
received secure communication!
Received seqNum: 0
data received from server via secure communication
Handler: socketID: 10 data: data1
toSend: { data: <Buffer 64 61 74 61 31>, id: 10 }
specified socketID: 10
Unidentified client disconnected
Handler: secure connection with the client closed.
socket #10 closed
Unidentified client connected
received session key handshake1
switching to HANDSHAKE_1_RECEIVED state.
session key id: 40300809
session key NOT found! sending session key id to AuthService
Distribution protocol: TCP
connected to auth! from local port 37014
received auth hello!
{ authId: 403, nonce: <Buffer 5a d2 63 f9 16 c9 49 36> }
received session key response encrypted with distribution key
replyNonce in sessionKeyResp: <Buffer 7f cf 43 c7 3f 1c 9d 35>
auth nonce verified
received 1 keys
Session key id is as expected
server ret: [object Object]
chosen nonce: <Buffer 7f b4 c4 c1 f4 f2 2d dc>
switching to HANDSHAKE_2_SENT
disconnected from auth
received session key handshake3!
{ replyNonce: <Buffer 7f b4 c4 c1 f4 f2 2d dc> }
client authenticated/authorized by solving nonce!
switching to IN_COMM
Handler: secure connection with the client established.
{ id: 11,
  remoteAddress: '::ffff:10.0.1.57:46084',
  status: 'open' }
received secure communication!
Received seqNum: 0
data received from server via secure communication
Handler: socketID: 11 data: data1
toSend: { data: <Buffer 64 61 74 61 31>, id: 11 }
specified socketID: 11
Unidentified client disconnected
Handler: secure connection with the client closed.
socket #11 closed
Unidentified client connected
received session key handshake1
switching to HANDSHAKE_1_RECEIVED state.
session key id: 40300815
session key NOT found! sending session key id to AuthService
Distribution protocol: TCP
connected to auth! from local port 37260
received auth hello!
{ authId: 403, nonce: <Buffer 7d ba ed 8c ce 8c 72 0c> }
received session key response encrypted with distribution key
replyNonce in sessionKeyResp: <Buffer bc 05 f1 44 ea 33 7e d5>
auth nonce verified
received 1 keys
Session key id is as expected
server ret: [object Object]
chosen nonce: <Buffer f8 30 e6 69 a0 15 4b 01>
switching to HANDSHAKE_2_SENT
disconnected from auth
received session key handshake3!
{ replyNonce: <Buffer f8 30 e6 69 a0 15 4b 01> }
client authenticated/authorized by solving nonce!
switching to IN_COMM
Handler: secure connection with the client established.
{ id: 12,
  remoteAddress: '::ffff:10.0.1.57:46330',
  status: 'open' }
received secure communication!
Received seqNum: 0
data received from server via secure communication
Handler: socketID: 12 data: data1
toSend: { data: <Buffer 64 61 74 61 31>, id: 12 }
specified socketID: 12
Unidentified client disconnected
Handler: secure connection with the client closed.
socket #12 closed
Unidentified client connected
received session key handshake1
switching to HANDSHAKE_1_RECEIVED state.
session key id: 40300821
session key NOT found! sending session key id to AuthService
Distribution protocol: TCP
connected to auth! from local port 37506
received auth hello!
{ authId: 403, nonce: <Buffer 6c e4 37 5e b6 56 3a ed> }
received session key response encrypted with distribution key
replyNonce in sessionKeyResp: <Buffer af c5 f7 71 15 02 2f 47>
auth nonce verified
received 1 keys
Session key id is as expected
server ret: [object Object]
chosen nonce: <Buffer 6c 78 0a da 7c 17 82 61>
switching to HANDSHAKE_2_SENT
disconnected from auth
received session key handshake3!
{ replyNonce: <Buffer 6c 78 0a da 7c 17 82 61> }
client authenticated/authorized by solving nonce!
switching to IN_COMM
Handler: secure connection with the client established.
{ id: 13,
  remoteAddress: '::ffff:10.0.1.57:46576',
  status: 'open' }
received secure communication!
Received seqNum: 0
data received from server via secure communication
Handler: socketID: 13 data: data1
toSend: { data: <Buffer 64 61 74 61 31>, id: 13 }
specified socketID: 13
Unidentified client disconnected
Handler: secure connection with the client closed.
socket #13 closed
Unidentified client connected
received session key handshake1
switching to HANDSHAKE_1_RECEIVED state.
session key id: 40300827
session key NOT found! sending session key id to AuthService
Distribution protocol: TCP
connected to auth! from local port 37752
received auth hello!
{ authId: 403, nonce: <Buffer 1b 3c f2 77 90 e9 38 63> }
received session key response encrypted with distribution key
replyNonce in sessionKeyResp: <Buffer 9a 6e c1 fa 37 6d 8c 0d>
auth nonce verified
received 1 keys
Session key id is as expected
server ret: [object Object]
chosen nonce: <Buffer b2 a6 78 47 02 25 fc ea>
switching to HANDSHAKE_2_SENT
disconnected from auth
received session key handshake3!
{ replyNonce: <Buffer b2 a6 78 47 02 25 fc ea> }
client authenticated/authorized by solving nonce!
switching to IN_COMM
Handler: secure connection with the client established.
{ id: 14,
  remoteAddress: '::ffff:10.0.1.57:46822',
  status: 'open' }
received secure communication!
Received seqNum: 0
data received from server via secure communication
Handler: socketID: 14 data: data1
toSend: { data: <Buffer 64 61 74 61 31>, id: 14 }
specified socketID: 14
Unidentified client disconnected
Handler: secure connection with the client closed.
socket #14 closed
Unidentified client connected
received session key handshake1
switching to HANDSHAKE_1_RECEIVED state.
session key id: 40300833
session key NOT found! sending session key id to AuthService
Distribution protocol: TCP
connected to auth! from local port 37998
received auth hello!
{ authId: 403, nonce: <Buffer d5 d5 51 0d 1b 0e fe a2> }
received session key response encrypted with distribution key
replyNonce in sessionKeyResp: <Buffer c8 18 0f 0f f7 71 0d 48>
auth nonce verified
received 1 keys
Session key id is as expected
server ret: [object Object]
chosen nonce: <Buffer 68 b3 22 cf 2b b3 05 75>
switching to HANDSHAKE_2_SENT
disconnected from auth
received session key handshake3!
{ replyNonce: <Buffer 68 b3 22 cf 2b b3 05 75> }
client authenticated/authorized by solving nonce!
switching to IN_COMM
Handler: secure connection with the client established.
{ id: 15,
  remoteAddress: '::ffff:10.0.1.57:47068',
  status: 'open' }
received secure communication!
Received seqNum: 0
data received from server via secure communication
Handler: socketID: 15 data: data1
toSend: { data: <Buffer 64 61 74 61 31>, id: 15 }
specified socketID: 15
Unidentified client disconnected
Handler: secure connection with the client closed.
socket #15 closed
Unidentified client connected
received session key handshake1
switching to HANDSHAKE_1_RECEIVED state.
session key id: 40300839
session key NOT found! sending session key id to AuthService
Distribution protocol: TCP
connected to auth! from local port 38244
received auth hello!
{ authId: 403, nonce: <Buffer af 19 6d 4c de dd d9 06> }
received session key response encrypted with distribution key
replyNonce in sessionKeyResp: <Buffer d3 ff 29 cc fc 74 13 96>
auth nonce verified
received 1 keys
Session key id is as expected
server ret: [object Object]
chosen nonce: <Buffer b3 a6 b5 95 a2 f2 29 b5>
switching to HANDSHAKE_2_SENT
disconnected from auth
received session key handshake3!
{ replyNonce: <Buffer b3 a6 b5 95 a2 f2 29 b5> }
client authenticated/authorized by solving nonce!
switching to IN_COMM
Handler: secure connection with the client established.
{ id: 16,
  remoteAddress: '::ffff:10.0.1.57:47314',
  status: 'open' }
received secure communication!
Received seqNum: 0
data received from server via secure communication
Handler: socketID: 16 data: data1
toSend: { data: <Buffer 64 61 74 61 31>, id: 16 }
specified socketID: 16
Unidentified client disconnected
Handler: secure connection with the client closed.
socket #16 closed
Unidentified client connected
received session key handshake1
switching to HANDSHAKE_1_RECEIVED state.
session key id: 40300845
session key NOT found! sending session key id to AuthService
Distribution protocol: TCP
connected to auth! from local port 38490
received auth hello!
{ authId: 403, nonce: <Buffer 1e e4 f6 95 b4 d3 c4 aa> }
received session key response encrypted with distribution key
replyNonce in sessionKeyResp: <Buffer 42 b0 74 57 be 9a a0 c9>
auth nonce verified
received 1 keys
Session key id is as expected
server ret: [object Object]
chosen nonce: <Buffer 28 87 9d 5b 80 2b 77 22>
switching to HANDSHAKE_2_SENT
disconnected from auth
received session key handshake3!
{ replyNonce: <Buffer 28 87 9d 5b 80 2b 77 22> }
client authenticated/authorized by solving nonce!
switching to IN_COMM
Handler: secure connection with the client established.
{ id: 17,
  remoteAddress: '::ffff:10.0.1.57:47560',
  status: 'open' }
received secure communication!
Received seqNum: 0
data received from server via secure communication
Handler: socketID: 17 data: data1
toSend: { data: <Buffer 64 61 74 61 31>, id: 17 }
specified socketID: 17
Unidentified client disconnected
Handler: secure connection with the client closed.
socket #17 closed
Unidentified client connected
received session key handshake1
switching to HANDSHAKE_1_RECEIVED state.
session key id: 40300851
session key NOT found! sending session key id to AuthService
Distribution protocol: TCP
connected to auth! from local port 38736
received auth hello!
{ authId: 403, nonce: <Buffer 36 2e cd 63 1c a9 f0 1e> }
received session key response encrypted with distribution key
replyNonce in sessionKeyResp: <Buffer 5b 75 3e 2f 26 2c df 2e>
auth nonce verified
received 1 keys
Session key id is as expected
server ret: [object Object]
chosen nonce: <Buffer 53 05 c5 ee 87 53 d5 b2>
switching to HANDSHAKE_2_SENT
disconnected from auth
received session key handshake3!
{ replyNonce: <Buffer 53 05 c5 ee 87 53 d5 b2> }
client authenticated/authorized by solving nonce!
switching to IN_COMM
Handler: secure connection with the client established.
{ id: 18,
  remoteAddress: '::ffff:10.0.1.57:47806',
  status: 'open' }
received secure communication!
Received seqNum: 0
data received from server via secure communication
Handler: socketID: 18 data: data1
toSend: { data: <Buffer 64 61 74 61 31>, id: 18 }
specified socketID: 18
Unidentified client disconnected
Handler: secure connection with the client closed.
socket #18 closed
Unidentified client connected
received session key handshake1
switching to HANDSHAKE_1_RECEIVED state.
session key id: 40300857
session key NOT found! sending session key id to AuthService
Distribution protocol: TCP
connected to auth! from local port 38982
received auth hello!
{ authId: 403, nonce: <Buffer 7a 5b 48 c7 d4 9f 9a 7a> }
received session key response encrypted with distribution key
replyNonce in sessionKeyResp: <Buffer 9b 03 7b a6 17 2c 2a 10>
auth nonce verified
received 1 keys
Session key id is as expected
server ret: [object Object]
chosen nonce: <Buffer 4a d3 50 1d 37 67 f7 67>
switching to HANDSHAKE_2_SENT
disconnected from auth
received session key handshake3!
{ replyNonce: <Buffer 4a d3 50 1d 37 67 f7 67> }
client authenticated/authorized by solving nonce!
switching to IN_COMM
Handler: secure connection with the client established.
{ id: 19,
  remoteAddress: '::ffff:10.0.1.57:48052',
  status: 'open' }
received secure communication!
Received seqNum: 0
data received from server via secure communication
Handler: socketID: 19 data: data1
toSend: { data: <Buffer 64 61 74 61 31>, id: 19 }
specified socketID: 19
Unidentified client disconnected
Handler: secure connection with the client closed.
socket #19 closed
Unidentified client connected
received session key handshake1
switching to HANDSHAKE_1_RECEIVED state.
session key id: 40300863
session key NOT found! sending session key id to AuthService
Distribution protocol: TCP
connected to auth! from local port 39228
received auth hello!
{ authId: 403, nonce: <Buffer 4e 72 93 5d b9 f6 7a 23> }
received session key response encrypted with distribution key
replyNonce in sessionKeyResp: <Buffer 8b be 7b a9 c6 35 45 8a>
auth nonce verified
received 1 keys
Session key id is as expected
server ret: [object Object]
chosen nonce: <Buffer 71 9b e9 83 a2 46 6f a2>
switching to HANDSHAKE_2_SENT
disconnected from auth
received session key handshake3!
{ replyNonce: <Buffer 71 9b e9 83 a2 46 6f a2> }
client authenticated/authorized by solving nonce!
switching to IN_COMM
Handler: secure connection with the client established.
{ id: 20,
  remoteAddress: '::ffff:10.0.1.57:48298',
  status: 'open' }
received secure communication!
Received seqNum: 0
data received from server via secure communication
Handler: socketID: 20 data: data1
toSend: { data: <Buffer 64 61 74 61 31>, id: 20 }
specified socketID: 20
Unidentified client disconnected
Handler: secure connection with the client closed.
socket #20 closed
Unidentified client connected
received session key handshake1
switching to HANDSHAKE_1_RECEIVED state.
session key id: 40300869
session key NOT found! sending session key id to AuthService
Distribution protocol: TCP
connected to auth! from local port 39474
received auth hello!
{ authId: 403, nonce: <Buffer de 53 81 cc fb 96 63 2a> }
received session key response encrypted with distribution key
replyNonce in sessionKeyResp: <Buffer ff 45 ff 9e ad 27 26 6a>
auth nonce verified
received 1 keys
Session key id is as expected
server ret: [object Object]
chosen nonce: <Buffer 91 1b b6 bf 5e 03 04 91>
switching to HANDSHAKE_2_SENT
disconnected from auth
received session key handshake3!
{ replyNonce: <Buffer 91 1b b6 bf 5e 03 04 91> }
client authenticated/authorized by solving nonce!
switching to IN_COMM
Handler: secure connection with the client established.
{ id: 21,
  remoteAddress: '::ffff:10.0.1.57:48544',
  status: 'open' }
received secure communication!
Received seqNum: 0
data received from server via secure communication
Handler: socketID: 21 data: data1
toSend: { data: <Buffer 64 61 74 61 31>, id: 21 }
specified socketID: 21
Unidentified client disconnected
Handler: secure connection with the client closed.
socket #21 closed
Unidentified client connected
received session key handshake1
switching to HANDSHAKE_1_RECEIVED state.
session key id: 40300875
session key NOT found! sending session key id to AuthService
Distribution protocol: TCP
connected to auth! from local port 39720
received auth hello!
{ authId: 403, nonce: <Buffer 01 65 47 25 3a bb 54 ae> }
received session key response encrypted with distribution key
replyNonce in sessionKeyResp: <Buffer 1e c6 e8 bc 2d 34 f7 5a>
auth nonce verified
received 1 keys
Session key id is as expected
server ret: [object Object]
chosen nonce: <Buffer 8f d6 f2 25 82 b0 d7 f4>
switching to HANDSHAKE_2_SENT
disconnected from auth
received session key handshake3!
{ replyNonce: <Buffer 8f d6 f2 25 82 b0 d7 f4> }
client authenticated/authorized by solving nonce!
switching to IN_COMM
Handler: secure connection with the client established.
{ id: 22,
  remoteAddress: '::ffff:10.0.1.57:48790',
  status: 'open' }
received secure communication!
Received seqNum: 0
data received from server via secure communication
Handler: socketID: 22 data: data1
toSend: { data: <Buffer 64 61 74 61 31>, id: 22 }
specified socketID: 22
Unidentified client disconnected
Handler: secure connection with the client closed.
socket #22 closed
Unidentified client connected
received session key handshake1
switching to HANDSHAKE_1_RECEIVED state.
session key id: 40300881
session key NOT found! sending session key id to AuthService
Distribution protocol: TCP
connected to auth! from local port 39966
received auth hello!
{ authId: 403, nonce: <Buffer ed 63 b1 ac 83 ff 7e f0> }
received session key response encrypted with distribution key
replyNonce in sessionKeyResp: <Buffer 1c 29 c5 56 53 65 34 65>
auth nonce verified
received 1 keys
Session key id is as expected
server ret: [object Object]
chosen nonce: <Buffer d6 71 42 53 45 47 1d fa>
switching to HANDSHAKE_2_SENT
disconnected from auth
received session key handshake3!
{ replyNonce: <Buffer d6 71 42 53 45 47 1d fa> }
client authenticated/authorized by solving nonce!
switching to IN_COMM
Handler: secure connection with the client established.
{ id: 23,
  remoteAddress: '::ffff:10.0.1.57:49036',
  status: 'open' }
received secure communication!
Received seqNum: 0
data received from server via secure communication
Handler: socketID: 23 data: data1
toSend: { data: <Buffer 64 61 74 61 31>, id: 23 }
specified socketID: 23
Unidentified client disconnected
Handler: secure connection with the client closed.
socket #23 closed
Unidentified client connected
received session key handshake1
switching to HANDSHAKE_1_RECEIVED state.
session key id: 40300887
session key NOT found! sending session key id to AuthService
Distribution protocol: TCP
connected to auth! from local port 40212
received auth hello!
{ authId: 403, nonce: <Buffer ac d4 9f ed bc 59 f5 72> }
received session key response encrypted with distribution key
replyNonce in sessionKeyResp: <Buffer 54 64 bb 89 44 37 4c 89>
auth nonce verified
received 1 keys
Session key id is as expected
server ret: [object Object]
chosen nonce: <Buffer a3 8a 1d 4d a5 00 85 17>
switching to HANDSHAKE_2_SENT
disconnected from auth
received session key handshake3!
{ replyNonce: <Buffer a3 8a 1d 4d a5 00 85 17> }
client authenticated/authorized by solving nonce!
switching to IN_COMM
Handler: secure connection with the client established.
{ id: 24,
  remoteAddress: '::ffff:10.0.1.57:49282',
  status: 'open' }
received secure communication!
Received seqNum: 0
data received from server via secure communication
Handler: socketID: 24 data: data1
toSend: { data: <Buffer 64 61 74 61 31>, id: 24 }
specified socketID: 24
Unidentified client disconnected
Handler: secure connection with the client closed.
socket #24 closed
Unidentified client connected
received session key handshake1
switching to HANDSHAKE_1_RECEIVED state.
session key id: 40300893
session key NOT found! sending session key id to AuthService
Distribution protocol: TCP
connected to auth! from local port 40458
received auth hello!
{ authId: 403, nonce: <Buffer 8d 84 8d 06 4b e3 c4 e5> }
received session key response encrypted with distribution key
replyNonce in sessionKeyResp: <Buffer 37 35 88 54 82 50 04 e0>
auth nonce verified
received 1 keys
Session key id is as expected
server ret: [object Object]
chosen nonce: <Buffer bb 23 a2 22 28 ff da d4>
switching to HANDSHAKE_2_SENT
received session key handshake3!
{ replyNonce: <Buffer bb 23 a2 22 28 ff da d4> }
client authenticated/authorized by solving nonce!
switching to IN_COMM
Handler: secure connection with the client established.
{ id: 25,
  remoteAddress: '::ffff:10.0.1.57:49528',
  status: 'open' }
disconnected from auth
received secure communication!
Received seqNum: 0
data received from server via secure communication
Handler: socketID: 25 data: data1
toSend: { data: <Buffer 64 61 74 61 31>, id: 25 }
specified socketID: 25
Unidentified client disconnected
Handler: secure connection with the client closed.
socket #25 closed
Unidentified client connected
received session key handshake1
switching to HANDSHAKE_1_RECEIVED state.
session key id: 40300899
session key NOT found! sending session key id to AuthService
Distribution protocol: TCP
connected to auth! from local port 40704
received auth hello!
{ authId: 403, nonce: <Buffer ab af 71 bb b3 b8 e7 6d> }
received session key response encrypted with distribution key
replyNonce in sessionKeyResp: <Buffer 30 4c 78 85 0e 43 aa 87>
auth nonce verified
received 1 keys
Session key id is as expected
server ret: [object Object]
chosen nonce: <Buffer 25 24 9a 73 12 6e b3 00>
switching to HANDSHAKE_2_SENT
disconnected from auth
received session key handshake3!
{ replyNonce: <Buffer 25 24 9a 73 12 6e b3 00> }
client authenticated/authorized by solving nonce!
switching to IN_COMM
Handler: secure connection with the client established.
{ id: 26,
  remoteAddress: '::ffff:10.0.1.57:49774',
  status: 'open' }
received secure communication!
Received seqNum: 0
data received from server via secure communication
Handler: socketID: 26 data: data1
toSend: { data: <Buffer 64 61 74 61 31>, id: 26 }
specified socketID: 26
Unidentified client disconnected
Handler: secure connection with the client closed.
socket #26 closed
