changing working directory to: /home/hokeunkim/Development/iotauth/entity/node/example_entities
loading from config file: /home/hokeunkim/Development/iotauth_experiments/experiments/ccs2017/expOptions/expEntity.option
Experimental options for autoClient: { autoSendPeriod: 60000,
  useSameSessionKeyCount: 1,
  connectionTimeout: 50000,
  migrationEnabled: true,
  authFailureThreshold: 2,
  migrationFailureThreshold: 2 }
loading from config file: /home/hokeunkim/Development/iotauth/entity/node/example_entities/configs/Clients/c405.config
initializing...
current parameters: { numKeysPerRequest: 3,
  migrationEnabled: false,
  authFailureThreshold: 3,
  migrationFailureThreshold: 3 }
current parameters: { numKeysPerRequest: 1,
  migrationEnabled: false,
  authFailureThreshold: 3,
  migrationFailureThreshold: 3 }
current parameters: { numKeysPerRequest: 1,
  migrationEnabled: true,
  authFailureThreshold: 3,
  migrationFailureThreshold: 3 }
current parameters: { numKeysPerRequest: 1,
  migrationEnabled: true,
  authFailureThreshold: 2,
  migrationFailureThreshold: 3 }
current parameters: { numKeysPerRequest: 1,
  migrationEnabled: true,
  authFailureThreshold: 2,
  migrationFailureThreshold: 2 }
current entityInfo: { name: 'c405',
  group: 'Clients',
  distProtocol: 'TCP',
  usePermanentDistKey: false,
  connectionTimeout: 50000,
  privateKey: <Buffer 2d 2d 2d 2d 2d 42 45 47 49 4e 20 52 53 41 20 50 52 49 56 41 54 45 20 4b 45 59 2d 2d 2d 2d 2d 0a 4d 49 49 45 6f 77 49 42 41 41 4b 43 41 51 45 41 73 2b ... > }
Distribution protocol: TCP
Resp-actual/expected/ratio/ts: 0 1 0 1535340765325
connected to auth! from local port 37480
received auth hello!
{ authId: 401, nonce: <Buffer 14 dc 98 fe 01 7f 91 da> }
received session key response with distribution key attached!
auth signature verified
replyNonce in sessionKeyResp: <Buffer 31 aa 9a f8 48 1f e7 1d>
auth nonce verified
handleSessionKeyResp: session key request succeeded! authFailureCount: 0
updating distribution key: { cipherKeyVal: <Buffer c7 5f e5 e1 ed ea 70 ee 14 a1 8a 31 d7 94 7b 8b>,
  macKeyVal: <Buffer 35 01 13 8b 7f 08 8d 7e cf 3c 8d 52 2c 6f b4 9c 2b e2 a8 b3 e1 0b 28 99 79 07 bc 42 41 d1 a3 53>,
  absValidity: 2018-08-27T04:32:45.510Z }
received 1 keys
currentSessionKey: [object Object]
Session protocol: TCP
chosen commSessionKey: 
{ id: 40100004,
  cipherKeyVal: <Buffer 73 65 ac 38 13 82 b1 e5 4f f2 8d 00 ee bd db 42>,
  macKeyVal: <Buffer 6f 89 67 cc 8c fe 73 19 59 75 b8 26 80 ba 36 05 25 3a db ea ae 37 2d d6 1b 02 e4 ac 37 79 2e 43>,
  absValidity: 2018-08-28T03:32:45.510Z,
  relValidity: 7200000 }
options
{ serverHost: '10.0.1.10',
  serverPort: 22100,
  sessionKey: 
   { id: 40100004,
     cipherKeyVal: <Buffer 73 65 ac 38 13 82 b1 e5 4f f2 8d 00 ee bd db 42>,
     macKeyVal: <Buffer 6f 89 67 cc 8c fe 73 19 59 75 b8 26 80 ba 36 05 25 3a db ea ae 37 2d d6 1b 02 e4 ac 37 79 2e 43>,
     absValidity: 2018-08-28T03:32:45.510Z,
     relValidity: 7200000 },
  sessionCryptoSpec: { cipher: 'AES-128-CBC', mac: 'SHA256' },
  sessionProtocol: 'TCP',
  handshakeTimeout: 50000 }
disconnected from auth
chosen nonce: <Buffer 95 91 73 ec c4 25 0d 16>
switching to HANDSHAKE_1_SENT
received session key handshake2!
client ret: [object Object]
server authenticated/authorized by solving nonce!
Handler: communication initialization succeeded
file data length: 1024
sending at Mon Aug 27 2018 03:32:46 GMT+0000 (UTC)
switching to IN_COMM
received secure communication message!
Received seqNum: 0
Handler: data received from server via secure communication
data1
Resp-actual/expected/ratio/ts: 1 1 1 1535340766522
Distribution protocol: TCP
Resp-actual/expected/ratio/ts: 1 2 0.5 1535340825367
connected to auth! from local port 37656
received auth hello!
{ authId: 401, nonce: <Buffer c6 39 06 9e b4 03 b7 5d> }
received session key response encrypted with distribution key
replyNonce in sessionKeyResp: <Buffer 0c 83 4e 3b 6c 3b 7f 1e>
auth nonce verified
handleSessionKeyResp: session key request succeeded! authFailureCount: 0
received 1 keys
currentSessionKey: [object Object]
Status: Secure connection closed before starting a new connection.
Session protocol: TCP
chosen commSessionKey: 
{ id: 40100010,
  cipherKeyVal: <Buffer 1e 6e ad a1 66 7a 72 21 3a a5 80 5c 17 3c 16 c4>,
  macKeyVal: <Buffer b4 f0 98 fa e1 5e af f8 3a fa 8c 8d 71 83 1d cc fd 92 25 35 c1 dd 59 20 3e e7 d6 1a b1 ee 12 b9>,
  absValidity: 2018-08-28T03:33:45.505Z,
  relValidity: 7200000 }
options
{ serverHost: '10.0.1.10',
  serverPort: 22100,
  sessionKey: 
   { id: 40100010,
     cipherKeyVal: <Buffer 1e 6e ad a1 66 7a 72 21 3a a5 80 5c 17 3c 16 c4>,
     macKeyVal: <Buffer b4 f0 98 fa e1 5e af f8 3a fa 8c 8d 71 83 1d cc fd 92 25 35 c1 dd 59 20 3e e7 d6 1a b1 ee 12 b9>,
     absValidity: 2018-08-28T03:33:45.505Z,
     relValidity: 7200000 },
  sessionCryptoSpec: { cipher: 'AES-128-CBC', mac: 'SHA256' },
  sessionProtocol: 'TCP',
  handshakeTimeout: 50000 }
chosen nonce: <Buffer 66 8d a0 96 c0 27 26 41>
switching to HANDSHAKE_1_SENT
disconnected from auth
Handler: secure connection with the server closed.
received session key handshake2!
client ret: [object Object]
server authenticated/authorized by solving nonce!
Handler: communication initialization succeeded
file data length: 1024
sending at Mon Aug 27 2018 03:33:46 GMT+0000 (UTC)
switching to IN_COMM
received secure communication message!
Received seqNum: 0
Handler: data received from server via secure communication
data1
Resp-actual/expected/ratio/ts: 2 2 1 1535340826290
Distribution protocol: TCP
Resp-actual/expected/ratio/ts: 2 3 0.6666666666666666 1535340885370
connected to auth! from local port 37902
received auth hello!
{ authId: 401, nonce: <Buffer c9 3d 76 cb 0b 6e 9f 2a> }
received session key response encrypted with distribution key
replyNonce in sessionKeyResp: <Buffer 50 8c 10 a5 b0 18 ce b4>
auth nonce verified
handleSessionKeyResp: session key request succeeded! authFailureCount: 0
received 1 keys
currentSessionKey: [object Object]
Status: Secure connection closed before starting a new connection.
Session protocol: TCP
chosen commSessionKey: 
{ id: 40100016,
  cipherKeyVal: <Buffer d9 a8 53 63 87 81 89 f6 d4 cb 3a f7 30 13 8c cb>,
  macKeyVal: <Buffer c0 06 24 07 8c f3 72 10 7c 63 af b5 cf c5 20 dd 16 bf 28 d2 b2 a7 1b 68 34 c8 30 23 0b 58 0d a5>,
  absValidity: 2018-08-28T03:34:45.615Z,
  relValidity: 7200000 }
options
{ serverHost: '10.0.1.10',
  serverPort: 22100,
  sessionKey: 
   { id: 40100016,
     cipherKeyVal: <Buffer d9 a8 53 63 87 81 89 f6 d4 cb 3a f7 30 13 8c cb>,
     macKeyVal: <Buffer c0 06 24 07 8c f3 72 10 7c 63 af b5 cf c5 20 dd 16 bf 28 d2 b2 a7 1b 68 34 c8 30 23 0b 58 0d a5>,
     absValidity: 2018-08-28T03:34:45.615Z,
     relValidity: 7200000 },
  sessionCryptoSpec: { cipher: 'AES-128-CBC', mac: 'SHA256' },
  sessionProtocol: 'TCP',
  handshakeTimeout: 50000 }
disconnected from auth
chosen nonce: <Buffer 7b 0d 34 f8 00 aa f7 3f>
switching to HANDSHAKE_1_SENT
Handler: secure connection with the server closed.
received session key handshake2!
client ret: [object Object]
server authenticated/authorized by solving nonce!
Handler: communication initialization succeeded
file data length: 1024
sending at Mon Aug 27 2018 03:34:46 GMT+0000 (UTC)
switching to IN_COMM
received secure communication message!
Received seqNum: 0
Handler: data received from server via secure communication
data1
Resp-actual/expected/ratio/ts: 3 3 1 1535340886584
Distribution protocol: TCP
Resp-actual/expected/ratio/ts: 3 4 0.75 1535340945429
connected to auth! from local port 38172
received auth hello!
{ authId: 401, nonce: <Buffer 06 b0 bd 2f 5b 47 1a 9e> }
received session key response encrypted with distribution key
replyNonce in sessionKeyResp: <Buffer 26 a4 6f 1d d1 99 90 b4>
auth nonce verified
handleSessionKeyResp: session key request succeeded! authFailureCount: 0
received 1 keys
currentSessionKey: [object Object]
Status: Secure connection closed before starting a new connection.
Session protocol: TCP
chosen commSessionKey: 
{ id: 40100022,
  cipherKeyVal: <Buffer c6 4a f2 6e 76 98 ee d4 bc 2f d2 7b 00 dc 3e 53>,
  macKeyVal: <Buffer bd e7 17 aa a4 d4 04 0d 41 a1 27 7f 6b 6e c6 e3 7c ae 99 3f ec 36 04 ae ea 64 10 25 32 7a 50 11>,
  absValidity: 2018-08-28T03:35:45.657Z,
  relValidity: 7200000 }
options
{ serverHost: '10.0.1.10',
  serverPort: 22100,
  sessionKey: 
   { id: 40100022,
     cipherKeyVal: <Buffer c6 4a f2 6e 76 98 ee d4 bc 2f d2 7b 00 dc 3e 53>,
     macKeyVal: <Buffer bd e7 17 aa a4 d4 04 0d 41 a1 27 7f 6b 6e c6 e3 7c ae 99 3f ec 36 04 ae ea 64 10 25 32 7a 50 11>,
     absValidity: 2018-08-28T03:35:45.657Z,
     relValidity: 7200000 },
  sessionCryptoSpec: { cipher: 'AES-128-CBC', mac: 'SHA256' },
  sessionProtocol: 'TCP',
  handshakeTimeout: 50000 }
chosen nonce: <Buffer 42 bb 44 46 a7 22 20 cc>
switching to HANDSHAKE_1_SENT
disconnected from auth
Handler: secure connection with the server closed.
received session key handshake2!
client ret: [object Object]
server authenticated/authorized by solving nonce!
Handler: communication initialization succeeded
file data length: 1024
sending at Mon Aug 27 2018 03:35:46 GMT+0000 (UTC)
switching to IN_COMM
received secure communication message!
Received seqNum: 0
Handler: data received from server via secure communication
data1
Resp-actual/expected/ratio/ts: 4 4 1 1535340946622
Distribution protocol: TCP
Resp-actual/expected/ratio/ts: 4 5 0.8 1535341005464
connected to auth! from local port 38442
received auth hello!
{ authId: 401, nonce: <Buffer 4a e1 65 1f f1 47 85 db> }
received session key response encrypted with distribution key
replyNonce in sessionKeyResp: <Buffer 0b 88 43 2a 7d 32 00 3f>
auth nonce verified
handleSessionKeyResp: session key request succeeded! authFailureCount: 0
received 1 keys
currentSessionKey: [object Object]
Status: Secure connection closed before starting a new connection.
Session protocol: TCP
chosen commSessionKey: 
{ id: 40100028,
  cipherKeyVal: <Buffer f0 4b ce 71 16 d6 47 f7 6c ad 05 a7 36 7d 51 eb>,
  macKeyVal: <Buffer 39 6f 5b 73 48 d3 81 f9 fe 4d b9 26 e4 8f 36 1c b3 90 19 e6 ad f2 e1 a8 3a ef 9a 46 4a e3 d4 a7>,
  absValidity: 2018-08-28T03:36:45.677Z,
  relValidity: 7200000 }
options
{ serverHost: '10.0.1.10',
  serverPort: 22100,
  sessionKey: 
   { id: 40100028,
     cipherKeyVal: <Buffer f0 4b ce 71 16 d6 47 f7 6c ad 05 a7 36 7d 51 eb>,
     macKeyVal: <Buffer 39 6f 5b 73 48 d3 81 f9 fe 4d b9 26 e4 8f 36 1c b3 90 19 e6 ad f2 e1 a8 3a ef 9a 46 4a e3 d4 a7>,
     absValidity: 2018-08-28T03:36:45.677Z,
     relValidity: 7200000 },
  sessionCryptoSpec: { cipher: 'AES-128-CBC', mac: 'SHA256' },
  sessionProtocol: 'TCP',
  handshakeTimeout: 50000 }
chosen nonce: <Buffer a2 6a b7 da 84 86 65 86>
switching to HANDSHAKE_1_SENT
disconnected from auth
Handler: secure connection with the server closed.
received session key handshake2!
client ret: [object Object]
server authenticated/authorized by solving nonce!
Handler: communication initialization succeeded
file data length: 1024
sending at Mon Aug 27 2018 03:36:46 GMT+0000 (UTC)
switching to IN_COMM
received secure communication message!
Received seqNum: 0
Handler: data received from server via secure communication
data1
Resp-actual/expected/ratio/ts: 5 5 1 1535341006606
Distribution protocol: TCP
Resp-actual/expected/ratio/ts: 5 6 0.8333333333333334 1535341065520
connected to auth! from local port 38712
received auth hello!
{ authId: 401, nonce: <Buffer c3 d7 42 ea 64 c1 2f 05> }
received session key response encrypted with distribution key
replyNonce in sessionKeyResp: <Buffer 16 ac 57 78 26 f7 9b 9e>
auth nonce verified
handleSessionKeyResp: session key request succeeded! authFailureCount: 0
received 1 keys
currentSessionKey: [object Object]
Status: Secure connection closed before starting a new connection.
Session protocol: TCP
chosen commSessionKey: 
{ id: 40100034,
  cipherKeyVal: <Buffer 80 bf 7d 65 f0 ae 18 f5 32 1c 83 9a 54 76 6e a4>,
  macKeyVal: <Buffer c0 76 81 0d b1 dd b6 95 49 a1 4e 60 c7 24 7c 52 e7 3b 66 31 2e 50 42 12 28 fb 2b af 19 5d b3 cc>,
  absValidity: 2018-08-28T03:37:45.755Z,
  relValidity: 7200000 }
options
{ serverHost: '10.0.1.10',
  serverPort: 22100,
  sessionKey: 
   { id: 40100034,
     cipherKeyVal: <Buffer 80 bf 7d 65 f0 ae 18 f5 32 1c 83 9a 54 76 6e a4>,
     macKeyVal: <Buffer c0 76 81 0d b1 dd b6 95 49 a1 4e 60 c7 24 7c 52 e7 3b 66 31 2e 50 42 12 28 fb 2b af 19 5d b3 cc>,
     absValidity: 2018-08-28T03:37:45.755Z,
     relValidity: 7200000 },
  sessionCryptoSpec: { cipher: 'AES-128-CBC', mac: 'SHA256' },
  sessionProtocol: 'TCP',
  handshakeTimeout: 50000 }
chosen nonce: <Buffer 99 53 9c 02 6f 15 73 d3>
switching to HANDSHAKE_1_SENT
disconnected from auth
Handler: secure connection with the server closed.
received session key handshake2!
client ret: [object Object]
server authenticated/authorized by solving nonce!
Handler: communication initialization succeeded
file data length: 1024
sending at Mon Aug 27 2018 03:37:46 GMT+0000 (UTC)
switching to IN_COMM
received secure communication message!
Received seqNum: 0
Handler: data received from server via secure communication
data1
Resp-actual/expected/ratio/ts: 6 6 1 1535341066569
Distribution protocol: TCP
Resp-actual/expected/ratio/ts: 6 7 0.8571428571428571 1535341125576
connected to auth! from local port 38982
received auth hello!
{ authId: 401, nonce: <Buffer bd 73 e9 94 f9 e2 76 8a> }
received session key response encrypted with distribution key
replyNonce in sessionKeyResp: <Buffer 3c 6e 0e 55 4e 3b 98 15>
auth nonce verified
handleSessionKeyResp: session key request succeeded! authFailureCount: 0
received 1 keys
currentSessionKey: [object Object]
Status: Secure connection closed before starting a new connection.
Session protocol: TCP
chosen commSessionKey: 
{ id: 40100040,
  cipherKeyVal: <Buffer 17 59 96 4e 55 ad a2 53 4a fa 6b 59 de bf a0 fa>,
  macKeyVal: <Buffer 09 20 fd 79 a6 a2 68 bc a4 9d 87 af 86 f5 d8 e1 d6 d9 02 24 6b 78 f4 60 53 b8 f1 8e d8 d6 2e 4b>,
  absValidity: 2018-08-28T03:38:45.768Z,
  relValidity: 7200000 }
options
{ serverHost: '10.0.1.10',
  serverPort: 22100,
  sessionKey: 
   { id: 40100040,
     cipherKeyVal: <Buffer 17 59 96 4e 55 ad a2 53 4a fa 6b 59 de bf a0 fa>,
     macKeyVal: <Buffer 09 20 fd 79 a6 a2 68 bc a4 9d 87 af 86 f5 d8 e1 d6 d9 02 24 6b 78 f4 60 53 b8 f1 8e d8 d6 2e 4b>,
     absValidity: 2018-08-28T03:38:45.768Z,
     relValidity: 7200000 },
  sessionCryptoSpec: { cipher: 'AES-128-CBC', mac: 'SHA256' },
  sessionProtocol: 'TCP',
  handshakeTimeout: 50000 }
chosen nonce: <Buffer 21 f2 93 93 b0 80 5c cb>
switching to HANDSHAKE_1_SENT
disconnected from auth
Handler: secure connection with the server closed.
received session key handshake2!
client ret: [object Object]
server authenticated/authorized by solving nonce!
Handler: communication initialization succeeded
file data length: 1024
sending at Mon Aug 27 2018 03:38:46 GMT+0000 (UTC)
switching to IN_COMM
received secure communication message!
Received seqNum: 0
Handler: data received from server via secure communication
data1
Resp-actual/expected/ratio/ts: 7 7 1 1535341126750
Distribution protocol: TCP
Resp-actual/expected/ratio/ts: 7 8 0.875 1535341185596
connected to auth! from local port 39252
received auth hello!
{ authId: 401, nonce: <Buffer d5 87 19 57 40 11 e6 92> }
received session key response encrypted with distribution key
replyNonce in sessionKeyResp: <Buffer 94 5a 33 98 44 58 06 0b>
auth nonce verified
handleSessionKeyResp: session key request succeeded! authFailureCount: 0
received 1 keys
currentSessionKey: [object Object]
Status: Secure connection closed before starting a new connection.
Session protocol: TCP
chosen commSessionKey: 
{ id: 40100046,
  cipherKeyVal: <Buffer cd ce 12 87 9f e6 4d 37 eb 57 0e f3 bf 57 41 8d>,
  macKeyVal: <Buffer 9e c0 81 4c d0 5a f5 80 57 e5 51 d1 d8 3d ec 09 6c e7 6f 8e 23 72 08 3a 49 23 e1 4b 2c 90 ba 87>,
  absValidity: 2018-08-28T03:39:45.824Z,
  relValidity: 7200000 }
options
{ serverHost: '10.0.1.10',
  serverPort: 22100,
  sessionKey: 
   { id: 40100046,
     cipherKeyVal: <Buffer cd ce 12 87 9f e6 4d 37 eb 57 0e f3 bf 57 41 8d>,
     macKeyVal: <Buffer 9e c0 81 4c d0 5a f5 80 57 e5 51 d1 d8 3d ec 09 6c e7 6f 8e 23 72 08 3a 49 23 e1 4b 2c 90 ba 87>,
     absValidity: 2018-08-28T03:39:45.824Z,
     relValidity: 7200000 },
  sessionCryptoSpec: { cipher: 'AES-128-CBC', mac: 'SHA256' },
  sessionProtocol: 'TCP',
  handshakeTimeout: 50000 }
chosen nonce: <Buffer 04 ca 9b 71 48 f0 13 b1>
switching to HANDSHAKE_1_SENT
disconnected from auth
Handler: secure connection with the server closed.
received session key handshake2!
client ret: [object Object]
server authenticated/authorized by solving nonce!
Handler: communication initialization succeeded
file data length: 1024
sending at Mon Aug 27 2018 03:39:46 GMT+0000 (UTC)
switching to IN_COMM
received secure communication message!
Received seqNum: 0
Handler: data received from server via secure communication
data1
Resp-actual/expected/ratio/ts: 8 8 1 1535341186784
Distribution protocol: TCP
Resp-actual/expected/ratio/ts: 8 9 0.8888888888888888 1535341245603
connected to auth! from local port 39502
received auth hello!
{ authId: 401, nonce: <Buffer e5 bd eb 74 ca 33 a0 f7> }
received session key response encrypted with distribution key
replyNonce in sessionKeyResp: <Buffer 04 19 ca f4 4c 80 24 35>
auth nonce verified
handleSessionKeyResp: session key request succeeded! authFailureCount: 0
received 1 keys
currentSessionKey: [object Object]
Status: Secure connection closed before starting a new connection.
Session protocol: TCP
chosen commSessionKey: 
{ id: 40100052,
  cipherKeyVal: <Buffer 19 56 8a ec 6f ab e9 4e c3 21 d5 92 a3 41 b9 97>,
  macKeyVal: <Buffer 7b fc ca de af de 60 a9 ed 7a da 54 80 10 73 30 39 0b 77 aa 53 72 2f f5 15 e4 c5 89 59 60 95 93>,
  absValidity: 2018-08-28T03:40:45.801Z,
  relValidity: 7200000 }
options
{ serverHost: '10.0.1.10',
  serverPort: 22100,
  sessionKey: 
   { id: 40100052,
     cipherKeyVal: <Buffer 19 56 8a ec 6f ab e9 4e c3 21 d5 92 a3 41 b9 97>,
     macKeyVal: <Buffer 7b fc ca de af de 60 a9 ed 7a da 54 80 10 73 30 39 0b 77 aa 53 72 2f f5 15 e4 c5 89 59 60 95 93>,
     absValidity: 2018-08-28T03:40:45.801Z,
     relValidity: 7200000 },
  sessionCryptoSpec: { cipher: 'AES-128-CBC', mac: 'SHA256' },
  sessionProtocol: 'TCP',
  handshakeTimeout: 50000 }
chosen nonce: <Buffer 1a a1 60 9a 4c 47 e9 c5>
switching to HANDSHAKE_1_SENT
disconnected from auth
Handler: secure connection with the server closed.
received session key handshake2!
client ret: [object Object]
server authenticated/authorized by solving nonce!
Handler: communication initialization succeeded
file data length: 1024
sending at Mon Aug 27 2018 03:40:46 GMT+0000 (UTC)
switching to IN_COMM
received secure communication message!
Received seqNum: 0
Handler: data received from server via secure communication
data1
Resp-actual/expected/ratio/ts: 9 9 1 1535341246685
Distribution protocol: TCP
Resp-actual/expected/ratio/ts: 9 10 0.9 1535341305661
connected to auth! from local port 39672
received auth hello!
{ authId: 401, nonce: <Buffer 46 03 0d 7a 06 2f 9b 40> }
received session key response encrypted with distribution key
replyNonce in sessionKeyResp: <Buffer fb ca 62 49 03 9b 7d c0>
auth nonce verified
handleSessionKeyResp: session key request succeeded! authFailureCount: 0
received 1 keys
currentSessionKey: [object Object]
Status: Secure connection closed before starting a new connection.
Session protocol: TCP
chosen commSessionKey: 
{ id: 40100058,
  cipherKeyVal: <Buffer ed f1 f0 ca a0 64 48 77 b5 ee 0e 51 69 85 64 65>,
  macKeyVal: <Buffer be ca c5 5e 50 e1 62 5d 91 6d 79 63 7c 70 28 18 b5 3c 17 f1 e3 05 bb 48 2f 66 d2 aa af 6c 80 ff>,
  absValidity: 2018-08-28T03:41:53.511Z,
  relValidity: 7200000 }
options
{ serverHost: '10.0.1.10',
  serverPort: 22100,
  sessionKey: 
   { id: 40100058,
     cipherKeyVal: <Buffer ed f1 f0 ca a0 64 48 77 b5 ee 0e 51 69 85 64 65>,
     macKeyVal: <Buffer be ca c5 5e 50 e1 62 5d 91 6d 79 63 7c 70 28 18 b5 3c 17 f1 e3 05 bb 48 2f 66 d2 aa af 6c 80 ff>,
     absValidity: 2018-08-28T03:41:53.511Z,
     relValidity: 7200000 },
  sessionCryptoSpec: { cipher: 'AES-128-CBC', mac: 'SHA256' },
  sessionProtocol: 'TCP',
  handshakeTimeout: 50000 }
disconnected from auth
chosen nonce: <Buffer ae 42 ad 2e 6e 54 cb 68>
switching to HANDSHAKE_1_SENT
Handler: secure connection with the server closed.
received session key handshake2!
client ret: [object Object]
server authenticated/authorized by solving nonce!
Handler: communication initialization succeeded
file data length: 1024
sending at Mon Aug 27 2018 03:41:57 GMT+0000 (UTC)
switching to IN_COMM
received secure communication message!
Received seqNum: 0
Handler: data received from server via secure communication
data1
Resp-actual/expected/ratio/ts: 10 10 1 1535341318021
Distribution protocol: TCP
Resp-actual/expected/ratio/ts: 10 11 0.9090909090909091 1535341365710
connected to auth! from local port 39886
received auth hello!
{ authId: 401, nonce: <Buffer 0d a5 ba d1 76 c6 dc 56> }
received session key response encrypted with distribution key
replyNonce in sessionKeyResp: <Buffer 86 4c c8 2d 38 d4 47 40>
auth nonce verified
handleSessionKeyResp: session key request succeeded! authFailureCount: 0
received 1 keys
currentSessionKey: [object Object]
Status: Secure connection closed before starting a new connection.
Session protocol: TCP
chosen commSessionKey: 
{ id: 40100067,
  cipherKeyVal: <Buffer e3 20 ab 36 06 29 f8 fd ea 04 ba b8 71 18 99 69>,
  macKeyVal: <Buffer 15 1c 06 cc 50 1c ec 74 76 9e 2f d0 13 41 e0 4f 12 6d 62 bd 2e 90 93 c2 48 19 6c 3b 4b 4c ff 27>,
  absValidity: 2018-08-28T03:42:53.373Z,
  relValidity: 7200000 }
options
{ serverHost: '10.0.1.10',
  serverPort: 22100,
  sessionKey: 
   { id: 40100067,
     cipherKeyVal: <Buffer e3 20 ab 36 06 29 f8 fd ea 04 ba b8 71 18 99 69>,
     macKeyVal: <Buffer 15 1c 06 cc 50 1c ec 74 76 9e 2f d0 13 41 e0 4f 12 6d 62 bd 2e 90 93 c2 48 19 6c 3b 4b 4c ff 27>,
     absValidity: 2018-08-28T03:42:53.373Z,
     relValidity: 7200000 },
  sessionCryptoSpec: { cipher: 'AES-128-CBC', mac: 'SHA256' },
  sessionProtocol: 'TCP',
  handshakeTimeout: 50000 }
chosen nonce: <Buffer 40 da 9d 6b d9 84 70 ac>
switching to HANDSHAKE_1_SENT
disconnected from auth
Handler: secure connection with the server closed.
received session key handshake2!
client ret: [object Object]
server authenticated/authorized by solving nonce!
Handler: communication initialization succeeded
file data length: 1024
sending at Mon Aug 27 2018 03:43:01 GMT+0000 (UTC)
switching to IN_COMM
received secure communication message!
Received seqNum: 0
Handler: data received from server via secure communication
data1
Resp-actual/expected/ratio/ts: 11 11 1 1535341381676
Distribution protocol: TCP
Resp-actual/expected/ratio/ts: 11 12 0.9166666666666666 1535341425756
connected to auth! from local port 40108
received auth hello!
{ authId: 401, nonce: <Buffer 26 3c 0c a2 b1 c1 1f 6c> }
received session key response encrypted with distribution key
replyNonce in sessionKeyResp: <Buffer 8d 12 34 47 62 03 a3 7f>
auth nonce verified
handleSessionKeyResp: session key request succeeded! authFailureCount: 0
received 1 keys
currentSessionKey: [object Object]
Status: Secure connection closed before starting a new connection.
Session protocol: TCP
chosen commSessionKey: 
{ id: 40100073,
  cipherKeyVal: <Buffer a9 27 32 50 f1 f0 9b 32 4c f3 8b 76 4a 69 34 8b>,
  macKeyVal: <Buffer f6 a8 66 11 2b 53 45 70 53 43 04 ff b4 02 c7 12 b7 ec 17 ca c0 41 c1 91 a8 04 ec 4a 15 ab fc 88>,
  absValidity: 2018-08-28T03:43:45.950Z,
  relValidity: 7200000 }
options
{ serverHost: '10.0.1.10',
  serverPort: 22100,
  sessionKey: 
   { id: 40100073,
     cipherKeyVal: <Buffer a9 27 32 50 f1 f0 9b 32 4c f3 8b 76 4a 69 34 8b>,
     macKeyVal: <Buffer f6 a8 66 11 2b 53 45 70 53 43 04 ff b4 02 c7 12 b7 ec 17 ca c0 41 c1 91 a8 04 ec 4a 15 ab fc 88>,
     absValidity: 2018-08-28T03:43:45.950Z,
     relValidity: 7200000 },
  sessionCryptoSpec: { cipher: 'AES-128-CBC', mac: 'SHA256' },
  sessionProtocol: 'TCP',
  handshakeTimeout: 50000 }
chosen nonce: <Buffer da 46 8e 8a 82 49 58 aa>
switching to HANDSHAKE_1_SENT
disconnected from auth
Handler: secure connection with the server closed.
received session key handshake2!
client ret: [object Object]
server authenticated/authorized by solving nonce!
Handler: communication initialization succeeded
file data length: 1024
sending at Mon Aug 27 2018 03:43:48 GMT+0000 (UTC)
switching to IN_COMM
received secure communication message!
Received seqNum: 0
Handler: data received from server via secure communication
data1
Resp-actual/expected/ratio/ts: 12 12 1 1535341428762
Distribution protocol: TCP
Resp-actual/expected/ratio/ts: 12 13 0.9230769230769231 1535341485813
connected to auth! from local port 40330
received auth hello!
{ authId: 401, nonce: <Buffer 4e ec 58 e0 63 06 43 29> }
received session key response encrypted with distribution key
replyNonce in sessionKeyResp: <Buffer db 26 c3 18 7e 82 16 3d>
auth nonce verified
handleSessionKeyResp: session key request succeeded! authFailureCount: 0
received 1 keys
currentSessionKey: [object Object]
Status: Secure connection closed before starting a new connection.
Session protocol: TCP
chosen commSessionKey: 
{ id: 40100081,
  cipherKeyVal: <Buffer 3a a9 5c 9f b2 81 8c a7 c3 62 b8 0a 92 21 9a ef>,
  macKeyVal: <Buffer a6 fd 42 91 e9 e2 da f9 19 3b 7e e5 86 58 0e 86 ac 48 4e 46 c0 81 ac 4f e4 c8 bf f5 e7 7c 34 17>,
  absValidity: 2018-08-28T03:44:45.963Z,
  relValidity: 7200000 }
options
{ serverHost: '10.0.1.10',
  serverPort: 22100,
  sessionKey: 
   { id: 40100081,
     cipherKeyVal: <Buffer 3a a9 5c 9f b2 81 8c a7 c3 62 b8 0a 92 21 9a ef>,
     macKeyVal: <Buffer a6 fd 42 91 e9 e2 da f9 19 3b 7e e5 86 58 0e 86 ac 48 4e 46 c0 81 ac 4f e4 c8 bf f5 e7 7c 34 17>,
     absValidity: 2018-08-28T03:44:45.963Z,
     relValidity: 7200000 },
  sessionCryptoSpec: { cipher: 'AES-128-CBC', mac: 'SHA256' },
  sessionProtocol: 'TCP',
  handshakeTimeout: 50000 }
chosen nonce: <Buffer 46 dc 72 15 87 d4 44 66>
switching to HANDSHAKE_1_SENT
disconnected from auth
Handler: secure connection with the server closed.
received session key handshake2!
client ret: [object Object]
server authenticated/authorized by solving nonce!
Handler: communication initialization succeeded
file data length: 1024
sending at Mon Aug 27 2018 03:44:48 GMT+0000 (UTC)
switching to IN_COMM
received secure communication message!
Received seqNum: 0
Handler: data received from server via secure communication
data1
Resp-actual/expected/ratio/ts: 13 13 1 1535341488843
Distribution protocol: TCP
Resp-actual/expected/ratio/ts: 13 14 0.9285714285714286 1535341545870
connected to auth! from local port 40556
received auth hello!
{ authId: 401, nonce: <Buffer be 21 40 ef b8 c5 61 19> }
received session key response encrypted with distribution key
replyNonce in sessionKeyResp: <Buffer 00 8c ca 69 52 dd 69 dc>
auth nonce verified
handleSessionKeyResp: session key request succeeded! authFailureCount: 0
received 1 keys
currentSessionKey: [object Object]
Status: Secure connection closed before starting a new connection.
Session protocol: TCP
chosen commSessionKey: 
{ id: 40100089,
  cipherKeyVal: <Buffer f0 a4 ad a8 7a 69 d7 b3 ac f3 63 8f 71 af 2c e1>,
  macKeyVal: <Buffer 61 85 6a af f7 97 78 69 ad 24 d6 4b 14 89 ab 62 19 73 a1 1c 09 3d 01 19 00 bb fb 33 83 0a 89 58>,
  absValidity: 2018-08-28T03:45:46.033Z,
  relValidity: 7200000 }
options
{ serverHost: '10.0.1.10',
  serverPort: 22100,
  sessionKey: 
   { id: 40100089,
     cipherKeyVal: <Buffer f0 a4 ad a8 7a 69 d7 b3 ac f3 63 8f 71 af 2c e1>,
     macKeyVal: <Buffer 61 85 6a af f7 97 78 69 ad 24 d6 4b 14 89 ab 62 19 73 a1 1c 09 3d 01 19 00 bb fb 33 83 0a 89 58>,
     absValidity: 2018-08-28T03:45:46.033Z,
     relValidity: 7200000 },
  sessionCryptoSpec: { cipher: 'AES-128-CBC', mac: 'SHA256' },
  sessionProtocol: 'TCP',
  handshakeTimeout: 50000 }
chosen nonce: <Buffer b2 05 dc a9 50 0c 2c e4>
switching to HANDSHAKE_1_SENT
disconnected from auth
Handler: secure connection with the server closed.
received session key handshake2!
client ret: [object Object]
server authenticated/authorized by solving nonce!
Handler: communication initialization succeeded
file data length: 1024
sending at Mon Aug 27 2018 03:45:48 GMT+0000 (UTC)
switching to IN_COMM
received secure communication message!
Received seqNum: 0
Handler: data received from server via secure communication
data1
Resp-actual/expected/ratio/ts: 14 14 1 1535341548866
Distribution protocol: TCP
Resp-actual/expected/ratio/ts: 14 15 0.9333333333333333 1535341605918
connected to auth! from local port 40798
received auth hello!
{ authId: 401, nonce: <Buffer cf 30 4a 60 3a 8b 57 48> }
received session key response encrypted with distribution key
replyNonce in sessionKeyResp: <Buffer 1e f4 fa 71 33 01 9d c6>
auth nonce verified
handleSessionKeyResp: session key request succeeded! authFailureCount: 0
received 1 keys
currentSessionKey: [object Object]
Status: Secure connection closed before starting a new connection.
Session protocol: TCP
chosen commSessionKey: 
{ id: 40100100,
  cipherKeyVal: <Buffer 85 dd be 41 30 33 a6 c2 ff 71 49 11 fd 69 0b 72>,
  macKeyVal: <Buffer 38 e4 21 81 7a 4e 31 c1 cb ad db b0 94 52 3d 45 7d dd 0f 05 40 99 ec ef 37 e5 cf 17 74 22 3e 44>,
  absValidity: 2018-08-28T03:46:48.501Z,
  relValidity: 7200000 }
options
{ serverHost: '10.0.1.10',
  serverPort: 22100,
  sessionKey: 
   { id: 40100100,
     cipherKeyVal: <Buffer 85 dd be 41 30 33 a6 c2 ff 71 49 11 fd 69 0b 72>,
     macKeyVal: <Buffer 38 e4 21 81 7a 4e 31 c1 cb ad db b0 94 52 3d 45 7d dd 0f 05 40 99 ec ef 37 e5 cf 17 74 22 3e 44>,
     absValidity: 2018-08-28T03:46:48.501Z,
     relValidity: 7200000 },
  sessionCryptoSpec: { cipher: 'AES-128-CBC', mac: 'SHA256' },
  sessionProtocol: 'TCP',
  handshakeTimeout: 50000 }
chosen nonce: <Buffer 5d cf 51 1c 1b 94 ea 0e>
switching to HANDSHAKE_1_SENT
disconnected from auth
Handler: secure connection with the server closed.
Handler: Error in secure comm - details: Comm init failed: handshake1 timed out ...
Handler: Error in secure comm - details: Comm init failed: disconnected from server during communication initialization.10.0.1.10:undefined
Distribution protocol: TCP
Resp-actual/expected/ratio/ts: 14 16 0.875 1535341665924
connected to auth! from local port 41038
received auth hello!
{ authId: 401, nonce: <Buffer e8 b6 4d ed b0 91 62 a9> }
received session key response encrypted with distribution key
replyNonce in sessionKeyResp: <Buffer 36 1d f7 ba dc af f2 1e>
auth nonce verified
handleSessionKeyResp: session key request succeeded! authFailureCount: 0
received 1 keys
currentSessionKey: [object Object]
Status: Secure connection closed before starting a new connection.
Session protocol: TCP
chosen commSessionKey: 
{ id: 40100111,
  cipherKeyVal: <Buffer ca a7 dd 97 e8 b6 30 e2 e1 74 84 20 10 3c af f4>,
  macKeyVal: <Buffer 6a ec bf c0 9c 9e 6c 62 4e 78 be c1 fe c0 0a 63 7e d3 d6 c5 99 9d d5 c4 91 09 7d ca 88 6d 39 cb>,
  absValidity: 2018-08-28T03:47:46.144Z,
  relValidity: 7200000 }
options
{ serverHost: '10.0.1.10',
  serverPort: 22100,
  sessionKey: 
   { id: 40100111,
     cipherKeyVal: <Buffer ca a7 dd 97 e8 b6 30 e2 e1 74 84 20 10 3c af f4>,
     macKeyVal: <Buffer 6a ec bf c0 9c 9e 6c 62 4e 78 be c1 fe c0 0a 63 7e d3 d6 c5 99 9d d5 c4 91 09 7d ca 88 6d 39 cb>,
     absValidity: 2018-08-28T03:47:46.144Z,
     relValidity: 7200000 },
  sessionCryptoSpec: { cipher: 'AES-128-CBC', mac: 'SHA256' },
  sessionProtocol: 'TCP',
  handshakeTimeout: 50000 }
chosen nonce: <Buffer 8e 18 54 73 b7 3f 18 81>
switching to HANDSHAKE_1_SENT
disconnected from auth
received session key handshake2!
client ret: [object Object]
server authenticated/authorized by solving nonce!
Handler: communication initialization succeeded
file data length: 1024
sending at Mon Aug 27 2018 03:47:49 GMT+0000 (UTC)
switching to IN_COMM
received secure communication message!
Received seqNum: 0
Handler: data received from server via secure communication
data1
Resp-actual/expected/ratio/ts: 15 16 0.9375 1535341669426
Distribution protocol: TCP
Resp-actual/expected/ratio/ts: 15 17 0.8823529411764706 1535341725971
connected to auth! from local port 41286
received auth hello!
{ authId: 401, nonce: <Buffer 10 1d 91 3c 09 e9 78 3f> }
received session key response encrypted with distribution key
replyNonce in sessionKeyResp: <Buffer bb 82 91 04 2c 8b 5e 32>
auth nonce verified
handleSessionKeyResp: session key request succeeded! authFailureCount: 0
received 1 keys
currentSessionKey: [object Object]
Status: Secure connection closed before starting a new connection.
Session protocol: TCP
chosen commSessionKey: 
{ id: 40100122,
  cipherKeyVal: <Buffer 49 53 16 e6 80 f9 12 6a 78 d1 4c 1f a5 e3 cf 36>,
  macKeyVal: <Buffer fe 0d bf f2 ec bf 21 12 65 e0 51 6d 4d 79 0a b2 dc 41 b3 4c 70 35 ab 11 d9 9f da ac 1a 57 e5 a9>,
  absValidity: 2018-08-28T03:48:46.150Z,
  relValidity: 7200000 }
options
{ serverHost: '10.0.1.10',
  serverPort: 22100,
  sessionKey: 
   { id: 40100122,
     cipherKeyVal: <Buffer 49 53 16 e6 80 f9 12 6a 78 d1 4c 1f a5 e3 cf 36>,
     macKeyVal: <Buffer fe 0d bf f2 ec bf 21 12 65 e0 51 6d 4d 79 0a b2 dc 41 b3 4c 70 35 ab 11 d9 9f da ac 1a 57 e5 a9>,
     absValidity: 2018-08-28T03:48:46.150Z,
     relValidity: 7200000 },
  sessionCryptoSpec: { cipher: 'AES-128-CBC', mac: 'SHA256' },
  sessionProtocol: 'TCP',
  handshakeTimeout: 50000 }
chosen nonce: <Buffer b5 46 80 ef 36 d3 ce 04>
switching to HANDSHAKE_1_SENT
Handler: secure connection with the server closed.
disconnected from auth
received session key handshake2!
client ret: [object Object]
server authenticated/authorized by solving nonce!
Handler: communication initialization succeeded
file data length: 1024
sending at Mon Aug 27 2018 03:48:48 GMT+0000 (UTC)
switching to IN_COMM
received secure communication message!
Received seqNum: 0
Handler: data received from server via secure communication
data1
Resp-actual/expected/ratio/ts: 16 17 0.9411764705882353 1535341728973
Distribution protocol: TCP
Resp-actual/expected/ratio/ts: 16 18 0.8888888888888888 1535341786024
connected to auth! from local port 41538
received auth hello!
{ authId: 401, nonce: <Buffer e7 87 19 0c f0 19 6e 80> }
received session key response encrypted with distribution key
replyNonce in sessionKeyResp: <Buffer 85 3e 8b c4 47 c0 8d 53>
auth nonce verified
handleSessionKeyResp: session key request succeeded! authFailureCount: 0
received 1 keys
currentSessionKey: [object Object]
Status: Secure connection closed before starting a new connection.
Session protocol: TCP
chosen commSessionKey: 
{ id: 40100135,
  cipherKeyVal: <Buffer 72 5b 10 6c f1 ab 56 bc 19 02 83 35 2a 3f 89 9c>,
  macKeyVal: <Buffer a1 15 11 6c dc 0b 90 4d 27 c0 3d 80 8e c9 90 c9 1a 34 f0 0e 7d 3b 0f 1b e0 40 c7 8d ba 47 c0 c7>,
  absValidity: 2018-08-28T03:49:46.349Z,
  relValidity: 7200000 }
options
{ serverHost: '10.0.1.10',
  serverPort: 22100,
  sessionKey: 
   { id: 40100135,
     cipherKeyVal: <Buffer 72 5b 10 6c f1 ab 56 bc 19 02 83 35 2a 3f 89 9c>,
     macKeyVal: <Buffer a1 15 11 6c dc 0b 90 4d 27 c0 3d 80 8e c9 90 c9 1a 34 f0 0e 7d 3b 0f 1b e0 40 c7 8d ba 47 c0 c7>,
     absValidity: 2018-08-28T03:49:46.349Z,
     relValidity: 7200000 },
  sessionCryptoSpec: { cipher: 'AES-128-CBC', mac: 'SHA256' },
  sessionProtocol: 'TCP',
  handshakeTimeout: 50000 }
chosen nonce: <Buffer 33 42 92 d3 7a 76 eb 64>
switching to HANDSHAKE_1_SENT
disconnected from auth
Handler: secure connection with the server closed.
received session key handshake2!
client ret: [object Object]
server authenticated/authorized by solving nonce!
Handler: communication initialization succeeded
file data length: 1024
sending at Mon Aug 27 2018 03:49:48 GMT+0000 (UTC)
switching to IN_COMM
received secure communication message!
Received seqNum: 0
Handler: data received from server via secure communication
data1
Resp-actual/expected/ratio/ts: 17 18 0.9444444444444444 1535341788410
Distribution protocol: TCP
Resp-actual/expected/ratio/ts: 17 19 0.8947368421052632 1535341846082
connected to auth! from local port 41798
received auth hello!
{ authId: 401, nonce: <Buffer 17 48 3c a5 e6 1b b5 85> }
received session key response encrypted with distribution key
replyNonce in sessionKeyResp: <Buffer 89 c4 b5 2e c8 4e d5 5f>
auth nonce verified
handleSessionKeyResp: session key request succeeded! authFailureCount: 0
received 1 keys
currentSessionKey: [object Object]
Status: Secure connection closed before starting a new connection.
Session protocol: TCP
chosen commSessionKey: 
{ id: 40100149,
  cipherKeyVal: <Buffer 44 4f 0c 01 4e 32 b8 42 45 13 65 2e fb af 40 9d>,
  macKeyVal: <Buffer d1 0c 0c cd 4a fb 36 26 12 c3 a6 89 85 d2 74 9e 80 27 f4 f5 e9 6a 86 1d e4 29 66 28 ba d0 e0 fe>,
  absValidity: 2018-08-28T03:50:46.294Z,
  relValidity: 7200000 }
options
{ serverHost: '10.0.1.10',
  serverPort: 22100,
  sessionKey: 
   { id: 40100149,
     cipherKeyVal: <Buffer 44 4f 0c 01 4e 32 b8 42 45 13 65 2e fb af 40 9d>,
     macKeyVal: <Buffer d1 0c 0c cd 4a fb 36 26 12 c3 a6 89 85 d2 74 9e 80 27 f4 f5 e9 6a 86 1d e4 29 66 28 ba d0 e0 fe>,
     absValidity: 2018-08-28T03:50:46.294Z,
     relValidity: 7200000 },
  sessionCryptoSpec: { cipher: 'AES-128-CBC', mac: 'SHA256' },
  sessionProtocol: 'TCP',
  handshakeTimeout: 50000 }
chosen nonce: <Buffer 76 32 92 02 d8 c1 d3 e8>
switching to HANDSHAKE_1_SENT
disconnected from auth
Handler: secure connection with the server closed.
received session key handshake2!
client ret: [object Object]
server authenticated/authorized by solving nonce!
Handler: communication initialization succeeded
file data length: 1024
sending at Mon Aug 27 2018 03:50:48 GMT+0000 (UTC)
switching to IN_COMM
received secure communication message!
Received seqNum: 0
Handler: data received from server via secure communication
data1
Resp-actual/expected/ratio/ts: 18 19 0.9473684210526315 1535341848608
Distribution protocol: TCP
Resp-actual/expected/ratio/ts: 18 20 0.9 1535341906140
connected to auth! from local port 42052
received auth hello!
{ authId: 401, nonce: <Buffer 81 31 98 65 cb bb d1 c7> }
received session key response encrypted with distribution key
replyNonce in sessionKeyResp: <Buffer 38 fe 26 bb 3d e3 f3 48>
auth nonce verified
handleSessionKeyResp: session key request succeeded! authFailureCount: 0
received 1 keys
currentSessionKey: [object Object]
Status: Secure connection closed before starting a new connection.
Session protocol: TCP
chosen commSessionKey: 
{ id: 40100163,
  cipherKeyVal: <Buffer 9d a2 ef 82 b0 a0 98 d6 d8 f2 f6 1a 16 49 27 9f>,
  macKeyVal: <Buffer 64 4c 8e 66 80 9f 70 cd c6 b2 3c dd 97 dd 51 47 4c 08 34 8c 7d ee c3 4c fb 13 52 2e 6e 98 31 ed>,
  absValidity: 2018-08-28T03:51:46.445Z,
  relValidity: 7200000 }
options
{ serverHost: '10.0.1.10',
  serverPort: 22100,
  sessionKey: 
   { id: 40100163,
     cipherKeyVal: <Buffer 9d a2 ef 82 b0 a0 98 d6 d8 f2 f6 1a 16 49 27 9f>,
     macKeyVal: <Buffer 64 4c 8e 66 80 9f 70 cd c6 b2 3c dd 97 dd 51 47 4c 08 34 8c 7d ee c3 4c fb 13 52 2e 6e 98 31 ed>,
     absValidity: 2018-08-28T03:51:46.445Z,
     relValidity: 7200000 },
  sessionCryptoSpec: { cipher: 'AES-128-CBC', mac: 'SHA256' },
  sessionProtocol: 'TCP',
  handshakeTimeout: 50000 }
chosen nonce: <Buffer d3 11 ed a7 9d e6 e0 2c>
switching to HANDSHAKE_1_SENT
disconnected from auth
Handler: secure connection with the server closed.
received session key handshake2!
client ret: [object Object]
server authenticated/authorized by solving nonce!
Handler: communication initialization succeeded
file data length: 1024
sending at Mon Aug 27 2018 03:51:48 GMT+0000 (UTC)
switching to IN_COMM
received secure communication message!
Received seqNum: 0
Handler: data received from server via secure communication
data1
Resp-actual/expected/ratio/ts: 19 20 0.95 1535341908562
Distribution protocol: TCP
Resp-actual/expected/ratio/ts: 19 21 0.9047619047619048 1535341966198
connected to auth! from local port 42304
received auth hello!
{ authId: 401, nonce: <Buffer 01 4a 2e 1d 57 3f 1d eb> }
received session key response encrypted with distribution key
replyNonce in sessionKeyResp: <Buffer 9d 60 62 89 30 f4 c1 d2>
auth nonce verified
handleSessionKeyResp: session key request succeeded! authFailureCount: 0
received 1 keys
currentSessionKey: [object Object]
Status: Secure connection closed before starting a new connection.
Session protocol: TCP
chosen commSessionKey: 
{ id: 40100177,
  cipherKeyVal: <Buffer 09 a8 98 4c b9 ed b4 7a 7b 39 42 65 4f 4b 76 b3>,
  macKeyVal: <Buffer f7 db 2d a3 11 c6 d5 ed 06 eb e2 03 e8 57 4b bd 88 69 2c 14 5e 84 46 0b 35 bd 9e f5 45 2c 65 85>,
  absValidity: 2018-08-28T03:52:46.474Z,
  relValidity: 7200000 }
options
{ serverHost: '10.0.1.10',
  serverPort: 22100,
  sessionKey: 
   { id: 40100177,
     cipherKeyVal: <Buffer 09 a8 98 4c b9 ed b4 7a 7b 39 42 65 4f 4b 76 b3>,
     macKeyVal: <Buffer f7 db 2d a3 11 c6 d5 ed 06 eb e2 03 e8 57 4b bd 88 69 2c 14 5e 84 46 0b 35 bd 9e f5 45 2c 65 85>,
     absValidity: 2018-08-28T03:52:46.474Z,
     relValidity: 7200000 },
  sessionCryptoSpec: { cipher: 'AES-128-CBC', mac: 'SHA256' },
  sessionProtocol: 'TCP',
  handshakeTimeout: 50000 }
chosen nonce: <Buffer e1 97 0c d8 61 08 c2 08>
switching to HANDSHAKE_1_SENT
disconnected from auth
Handler: secure connection with the server closed.
received session key handshake2!
client ret: [object Object]
server authenticated/authorized by solving nonce!
Handler: communication initialization succeeded
file data length: 1024
sending at Mon Aug 27 2018 03:52:48 GMT+0000 (UTC)
switching to IN_COMM
received secure communication message!
Received seqNum: 0
Handler: data received from server via secure communication
data1
Resp-actual/expected/ratio/ts: 20 21 0.9523809523809523 1535341968586
Distribution protocol: TCP
Resp-actual/expected/ratio/ts: 20 22 0.9090909090909091 1535342026252
connected to auth! from local port 42568
received auth hello!
{ authId: 401, nonce: <Buffer 04 47 38 d2 70 96 b2 be> }
received session key response encrypted with distribution key
replyNonce in sessionKeyResp: <Buffer 9f a3 48 a9 67 d0 58 5d>
auth nonce verified
handleSessionKeyResp: session key request succeeded! authFailureCount: 0
received 1 keys
currentSessionKey: [object Object]
Status: Secure connection closed before starting a new connection.
Session protocol: TCP
chosen commSessionKey: 
{ id: 40100192,
  cipherKeyVal: <Buffer ee a5 d0 d8 c0 23 45 7c 2c 7b f3 6d 2d a1 ca 82>,
  macKeyVal: <Buffer f4 d8 a5 2c 29 1e 03 a0 8e c8 8a 62 94 00 ac c9 c3 c2 c8 2e c7 5d 3d 35 f3 ef 18 27 0f 82 3f d3>,
  absValidity: 2018-08-28T03:53:46.469Z,
  relValidity: 7200000 }
options
{ serverHost: '10.0.1.10',
  serverPort: 22100,
  sessionKey: 
   { id: 40100192,
     cipherKeyVal: <Buffer ee a5 d0 d8 c0 23 45 7c 2c 7b f3 6d 2d a1 ca 82>,
     macKeyVal: <Buffer f4 d8 a5 2c 29 1e 03 a0 8e c8 8a 62 94 00 ac c9 c3 c2 c8 2e c7 5d 3d 35 f3 ef 18 27 0f 82 3f d3>,
     absValidity: 2018-08-28T03:53:46.469Z,
     relValidity: 7200000 },
  sessionCryptoSpec: { cipher: 'AES-128-CBC', mac: 'SHA256' },
  sessionProtocol: 'TCP',
  handshakeTimeout: 50000 }
chosen nonce: <Buffer dc 29 77 97 55 28 47 02>
switching to HANDSHAKE_1_SENT
disconnected from auth
Handler: secure connection with the server closed.
Handler: Error in secure comm - details: Comm init failed: handshake1 timed out ...
Handler: Error in secure comm - details: Comm init failed: disconnected from server during communication initialization.10.0.1.10:undefined
Distribution protocol: TCP
Resp-actual/expected/ratio/ts: 20 23 0.8695652173913043 1535342086262
connected to auth! from local port 42752
received auth hello!
{ authId: 401, nonce: <Buffer 56 55 3e 7a 96 96 07 23> }
received session key response encrypted with distribution key
replyNonce in sessionKeyResp: <Buffer 2c 3f 45 dc c4 3b b2 d1>
auth nonce verified
handleSessionKeyResp: session key request succeeded! authFailureCount: 0
received 1 keys
currentSessionKey: [object Object]
Status: Secure connection closed before starting a new connection.
Session protocol: TCP
chosen commSessionKey: 
{ id: 40100205,
  cipherKeyVal: <Buffer 50 67 4d 58 42 b3 57 ee 8f 9b 39 e2 ca de 34 93>,
  macKeyVal: <Buffer fe 14 01 6a 23 b2 ed f8 a0 f8 ed 01 23 8d 03 2b 59 3c 25 52 b4 fb 12 cf ce 1a 6a 1e 5c 4c e7 c8>,
  absValidity: 2018-08-28T03:54:46.584Z,
  relValidity: 7200000 }
options
{ serverHost: '10.0.1.10',
  serverPort: 22100,
  sessionKey: 
   { id: 40100205,
     cipherKeyVal: <Buffer 50 67 4d 58 42 b3 57 ee 8f 9b 39 e2 ca de 34 93>,
     macKeyVal: <Buffer fe 14 01 6a 23 b2 ed f8 a0 f8 ed 01 23 8d 03 2b 59 3c 25 52 b4 fb 12 cf ce 1a 6a 1e 5c 4c e7 c8>,
     absValidity: 2018-08-28T03:54:46.584Z,
     relValidity: 7200000 },
  sessionCryptoSpec: { cipher: 'AES-128-CBC', mac: 'SHA256' },
  sessionProtocol: 'TCP',
  handshakeTimeout: 50000 }
chosen nonce: <Buffer fe 11 0a 38 b5 93 5d f5>
switching to HANDSHAKE_1_SENT
disconnected from auth
Handler: Error in secure comm - details: Comm init failed: handshake1 timed out ...
Handler: Error in secure comm - details: Comm init failed: disconnected from server during communication initialization.10.0.1.10:undefined
Distribution protocol: TCP
Resp-actual/expected/ratio/ts: 20 24 0.8333333333333334 1535342146272
connected to auth! from local port 42926
received auth hello!
{ authId: 401, nonce: <Buffer a8 00 b3 24 63 60 bf 04> }
received session key response encrypted with distribution key
replyNonce in sessionKeyResp: <Buffer 29 89 56 2f 6f ee ca 8d>
auth nonce verified
handleSessionKeyResp: session key request succeeded! authFailureCount: 0
received 1 keys
currentSessionKey: [object Object]
Status: Secure connection closed before starting a new connection.
Session protocol: TCP
chosen commSessionKey: 
{ id: 40100218,
  cipherKeyVal: <Buffer c9 b8 0f 21 c7 0c 36 7d 12 ae 4b 7d 4b 42 2c bc>,
  macKeyVal: <Buffer 59 bd 07 97 a6 13 6f cb e7 1e 14 dd cb 5c df 00 45 8c 9d 52 a1 9f 1f 08 c5 b0 ae 30 60 02 62 3e>,
  absValidity: 2018-08-28T03:55:46.574Z,
  relValidity: 7200000 }
options
{ serverHost: '10.0.1.10',
  serverPort: 22100,
  sessionKey: 
   { id: 40100218,
     cipherKeyVal: <Buffer c9 b8 0f 21 c7 0c 36 7d 12 ae 4b 7d 4b 42 2c bc>,
     macKeyVal: <Buffer 59 bd 07 97 a6 13 6f cb e7 1e 14 dd cb 5c df 00 45 8c 9d 52 a1 9f 1f 08 c5 b0 ae 30 60 02 62 3e>,
     absValidity: 2018-08-28T03:55:46.574Z,
     relValidity: 7200000 },
  sessionCryptoSpec: { cipher: 'AES-128-CBC', mac: 'SHA256' },
  sessionProtocol: 'TCP',
  handshakeTimeout: 50000 }
chosen nonce: <Buffer 87 23 a8 ea 5f 40 54 ec>
switching to HANDSHAKE_1_SENT
disconnected from auth
received session key handshake2!
client ret: [object Object]
server authenticated/authorized by solving nonce!
Handler: communication initialization succeeded
file data length: 1024
sending at Mon Aug 27 2018 03:56:01 GMT+0000 (UTC)
switching to IN_COMM
received secure communication message!
Received seqNum: 0
Handler: data received from server via secure communication
data1
Resp-actual/expected/ratio/ts: 21 24 0.875 1535342161549
Distribution protocol: TCP
Resp-actual/expected/ratio/ts: 21 25 0.84 1535342206316
connected to auth! from local port 43110
received auth hello!
{ authId: 401, nonce: <Buffer 8c 7b 6d f1 f8 40 83 10> }
received session key response encrypted with distribution key
replyNonce in sessionKeyResp: <Buffer 77 1e 72 d7 ef f0 17 44>
auth nonce verified
handleSessionKeyResp: session key request succeeded! authFailureCount: 0
received 1 keys
currentSessionKey: [object Object]
Status: Secure connection closed before starting a new connection.
Session protocol: TCP
chosen commSessionKey: 
{ id: 40100231,
  cipherKeyVal: <Buffer 67 d2 ee 50 a9 09 4a 64 31 b1 44 db 37 04 83 f4>,
  macKeyVal: <Buffer 5b 71 f2 4a 07 c3 6c af 44 69 42 64 aa c2 7f 23 01 91 79 c0 b6 40 f0 41 1d f8 31 ad 60 3e 43 b6>,
  absValidity: 2018-08-28T03:56:46.637Z,
  relValidity: 7200000 }
options
{ serverHost: '10.0.1.10',
  serverPort: 22100,
  sessionKey: 
   { id: 40100231,
     cipherKeyVal: <Buffer 67 d2 ee 50 a9 09 4a 64 31 b1 44 db 37 04 83 f4>,
     macKeyVal: <Buffer 5b 71 f2 4a 07 c3 6c af 44 69 42 64 aa c2 7f 23 01 91 79 c0 b6 40 f0 41 1d f8 31 ad 60 3e 43 b6>,
     absValidity: 2018-08-28T03:56:46.637Z,
     relValidity: 7200000 },
  sessionCryptoSpec: { cipher: 'AES-128-CBC', mac: 'SHA256' },
  sessionProtocol: 'TCP',
  handshakeTimeout: 50000 }
chosen nonce: <Buffer cf 11 b2 a2 e5 11 08 c2>
switching to HANDSHAKE_1_SENT
disconnected from auth
Handler: secure connection with the server closed.
received session key handshake2!
client ret: [object Object]
server authenticated/authorized by solving nonce!
Handler: communication initialization succeeded
file data length: 1024
sending at Mon Aug 27 2018 03:56:49 GMT+0000 (UTC)
switching to IN_COMM
received secure communication message!
Received seqNum: 0
Handler: data received from server via secure communication
data1
Resp-actual/expected/ratio/ts: 22 25 0.88 1535342209600
Distribution protocol: TCP
Resp-actual/expected/ratio/ts: 22 26 0.8461538461538461 1535342266372
connected to auth! from local port 43286
received auth hello!
{ authId: 401, nonce: <Buffer d6 24 d2 18 d0 f8 b4 f6> }
received session key response encrypted with distribution key
replyNonce in sessionKeyResp: <Buffer 68 2b 9b f8 96 bb 21 c7>
auth nonce verified
handleSessionKeyResp: session key request succeeded! authFailureCount: 0
received 1 keys
currentSessionKey: [object Object]
Status: Secure connection closed before starting a new connection.
Session protocol: TCP
chosen commSessionKey: 
{ id: 40100244,
  cipherKeyVal: <Buffer 76 4e a2 26 91 89 9c b1 0c bc ad 05 a5 bb da 2d>,
  macKeyVal: <Buffer f9 0f 32 0e b0 e9 78 6c 1d 56 13 4b 3c 54 99 7f 79 e1 e3 16 99 87 34 a4 04 3c f3 a0 4d 74 de c0>,
  absValidity: 2018-08-28T03:57:46.567Z,
  relValidity: 7200000 }
options
{ serverHost: '10.0.1.10',
  serverPort: 22100,
  sessionKey: 
   { id: 40100244,
     cipherKeyVal: <Buffer 76 4e a2 26 91 89 9c b1 0c bc ad 05 a5 bb da 2d>,
     macKeyVal: <Buffer f9 0f 32 0e b0 e9 78 6c 1d 56 13 4b 3c 54 99 7f 79 e1 e3 16 99 87 34 a4 04 3c f3 a0 4d 74 de c0>,
     absValidity: 2018-08-28T03:57:46.567Z,
     relValidity: 7200000 },
  sessionCryptoSpec: { cipher: 'AES-128-CBC', mac: 'SHA256' },
  sessionProtocol: 'TCP',
  handshakeTimeout: 50000 }
chosen nonce: <Buffer 66 9d 7c d0 da e0 05 55>
switching to HANDSHAKE_1_SENT
disconnected from auth
Handler: secure connection with the server closed.
Handler: Error in secure comm - details: Comm init failed: handshake1 timed out ...
Handler: Error in secure comm - details: Comm init failed: disconnected from server during communication initialization.10.0.1.10:undefined
Distribution protocol: TCP
Resp-actual/expected/ratio/ts: 22 27 0.8148148148148148 1535342326382
connected to auth! from local port 43460
received auth hello!
{ authId: 401, nonce: <Buffer 2c c6 ee 11 c5 80 71 af> }
received session key response encrypted with distribution key
replyNonce in sessionKeyResp: <Buffer 71 19 a5 cc fb 57 25 f3>
auth nonce verified
handleSessionKeyResp: session key request succeeded! authFailureCount: 0
received 1 keys
currentSessionKey: [object Object]
Status: Secure connection closed before starting a new connection.
Session protocol: TCP
chosen commSessionKey: 
{ id: 40100257,
  cipherKeyVal: <Buffer e7 55 20 2b ad 3e 6d 24 06 60 6c 8f be 1e 7e c5>,
  macKeyVal: <Buffer a0 90 50 25 54 e3 ad df 5c 81 03 06 8e 3c 5d c8 67 e9 9d 80 1c 7b 46 6a d3 92 ff 42 00 2c 80 a4>,
  absValidity: 2018-08-28T03:58:46.624Z,
  relValidity: 7200000 }
options
{ serverHost: '10.0.1.10',
  serverPort: 22100,
  sessionKey: 
   { id: 40100257,
     cipherKeyVal: <Buffer e7 55 20 2b ad 3e 6d 24 06 60 6c 8f be 1e 7e c5>,
     macKeyVal: <Buffer a0 90 50 25 54 e3 ad df 5c 81 03 06 8e 3c 5d c8 67 e9 9d 80 1c 7b 46 6a d3 92 ff 42 00 2c 80 a4>,
     absValidity: 2018-08-28T03:58:46.624Z,
     relValidity: 7200000 },
  sessionCryptoSpec: { cipher: 'AES-128-CBC', mac: 'SHA256' },
  sessionProtocol: 'TCP',
  handshakeTimeout: 50000 }
chosen nonce: <Buffer 63 1f d9 3b 2f 34 1d 93>
switching to HANDSHAKE_1_SENT
disconnected from auth
Handler: Error in secure comm - details: Comm init failed: handshake1 timed out ...
Handler: Error in secure comm - details: Comm init failed: disconnected from server during communication initialization.10.0.1.10:undefined
Distribution protocol: TCP
Resp-actual/expected/ratio/ts: 22 28 0.7857142857142857 1535342386392
connected to auth! from local port 43634
received auth hello!
{ authId: 401, nonce: <Buffer c8 9f 08 f5 fb e6 56 48> }
received session key response encrypted with distribution key
replyNonce in sessionKeyResp: <Buffer a5 eb ce ff 1c 95 cc da>
auth nonce verified
handleSessionKeyResp: session key request succeeded! authFailureCount: 0
received 1 keys
currentSessionKey: [object Object]
Status: Secure connection closed before starting a new connection.
Session protocol: TCP
chosen commSessionKey: 
{ id: 40100270,
  cipherKeyVal: <Buffer d8 f4 38 09 b6 0f 1f f9 b7 26 91 25 fa 63 4d 08>,
  macKeyVal: <Buffer 38 18 cd d7 cd 26 29 87 b3 df 96 3d a3 ad f8 d5 41 e3 6d 3b 27 c4 4f 32 41 80 5d 02 ab 22 dc ca>,
  absValidity: 2018-08-28T03:59:46.709Z,
  relValidity: 7200000 }
options
{ serverHost: '10.0.1.10',
  serverPort: 22100,
  sessionKey: 
   { id: 40100270,
     cipherKeyVal: <Buffer d8 f4 38 09 b6 0f 1f f9 b7 26 91 25 fa 63 4d 08>,
     macKeyVal: <Buffer 38 18 cd d7 cd 26 29 87 b3 df 96 3d a3 ad f8 d5 41 e3 6d 3b 27 c4 4f 32 41 80 5d 02 ab 22 dc ca>,
     absValidity: 2018-08-28T03:59:46.709Z,
     relValidity: 7200000 },
  sessionCryptoSpec: { cipher: 'AES-128-CBC', mac: 'SHA256' },
  sessionProtocol: 'TCP',
  handshakeTimeout: 50000 }
chosen nonce: <Buffer b7 89 c8 6d b6 47 e8 4d>
switching to HANDSHAKE_1_SENT
disconnected from auth
received session key handshake2!
client ret: [object Object]
server authenticated/authorized by solving nonce!
Handler: communication initialization succeeded
file data length: 1024
sending at Mon Aug 27 2018 03:59:49 GMT+0000 (UTC)
switching to IN_COMM
received secure communication message!
Received seqNum: 0
Handler: data received from server via secure communication
data1
Resp-actual/expected/ratio/ts: 23 28 0.8214285714285714 1535342389851
