changing working directory to: /home/hokeunkim/Development/iotauth/entity/node/example_entities
loading from config file: /home/hokeunkim/Development/iotauth_experiments/experiments/ccs2017/expOptions/expEntity.option
Experimental options for autoClient: { autoSendPeriod: 60000,
  useSameSessionKeyCount: 1,
  connectionTimeout: 50000,
  migrationEnabled: false,
  authFailureThreshold: 2,
  migrationFailureThreshold: 2 }
loading from config file: /home/hokeunkim/Development/iotauth/entity/node/example_entities/configs/Clients/c503.config
initializing...
current parameters: { numKeysPerRequest: 3,
  migrationEnabled: false,
  authFailureThreshold: 3,
  migrationFailureThreshold: 3 }
current parameters: { numKeysPerRequest: 1,
  migrationEnabled: false,
  authFailureThreshold: 3,
  migrationFailureThreshold: 3 }
current parameters: { numKeysPerRequest: 1,
  migrationEnabled: false,
  authFailureThreshold: 3,
  migrationFailureThreshold: 3 }
current parameters: { numKeysPerRequest: 1,
  migrationEnabled: false,
  authFailureThreshold: 2,
  migrationFailureThreshold: 3 }
current parameters: { numKeysPerRequest: 1,
  migrationEnabled: false,
  authFailureThreshold: 2,
  migrationFailureThreshold: 2 }
current entityInfo: { name: 'c503',
  group: 'Clients',
  distProtocol: 'TCP',
  usePermanentDistKey: false,
  connectionTimeout: 50000,
  privateKey: <Buffer 2d 2d 2d 2d 2d 42 45 47 49 4e 20 52 53 41 20 50 52 49 56 41 54 45 20 4b 45 59 2d 2d 2d 2d 2d 0a 4d 49 49 45 6f 67 49 42 41 41 4b 43 41 51 45 41 77 79 ... > }
Distribution protocol: TCP
Resp-actual/expected/ratio/ts: 0 1 0 1521677310372
connected to auth! from local port 40060
received auth hello!
{ authId: 501, nonce: <Buffer f5 6e f2 87 62 2f c6 8d> }
received session key response with distribution key attached!
auth signature verified
replyNonce in sessionKeyResp: <Buffer 3f 80 a3 60 be 8e 89 ff>
auth nonce verified
updating distribution key: { cipherKeyVal: <Buffer df 98 60 8f 72 f5 4d d2 44 03 e8 08 9c 2e 96 60>,
  macKeyVal: <Buffer d4 1a 6b a2 e6 03 06 31 99 18 8f 96 39 b1 a0 50 b2 c8 4a 76 63 ec c7 91 a2 df 9c 0f 1a 14 ea 3f>,
  absValidity: 2018-03-22T01:08:30.569Z }
received 1 keys
currentSessionKey: [object Object]
Session protocol: TCP
chosen commSessionKey: 
{ id: 50101260,
  cipherKeyVal: <Buffer 23 73 09 b4 ad 29 10 b2 c7 84 9e e4 6b a4 30 d1>,
  macKeyVal: <Buffer d5 9e 64 b4 9f 80 8d bb 57 65 8f 9e 29 44 96 4f 37 c6 a2 03 d5 01 f1 95 ff df 23 41 ba 78 52 02>,
  absValidity: 2018-03-23T00:08:30.568Z,
  relValidity: 7200000 }
options
{ serverHost: '10.0.1.26',
  serverPort: 22100,
  sessionKey: 
   { id: 50101260,
     cipherKeyVal: <Buffer 23 73 09 b4 ad 29 10 b2 c7 84 9e e4 6b a4 30 d1>,
     macKeyVal: <Buffer d5 9e 64 b4 9f 80 8d bb 57 65 8f 9e 29 44 96 4f 37 c6 a2 03 d5 01 f1 95 ff df 23 41 ba 78 52 02>,
     absValidity: 2018-03-23T00:08:30.568Z,
     relValidity: 7200000 },
  sessionCryptoSpec: { cipher: 'AES-128-CBC', mac: 'SHA256' },
  sessionProtocol: 'TCP',
  handshakeTimeout: 50000 }
disconnected from auth
chosen nonce: <Buffer 52 27 ad cc 85 50 b7 4e>
switching to HANDSHAKE_1_SENT
received session key handshake2!
client ret: [object Object]
server authenticated/authorized by solving nonce!
Handler: communication initialization succeeded
file data length: 1024
sending at Thu Mar 22 2018 00:08:31 GMT+0000 (UTC)
switching to IN_COMM
received secure communication message!
Received seqNum: 0
Handler: data received from server via secure communication
data1
Resp-actual/expected/ratio/ts: 1 1 1 1521677311451
Distribution protocol: TCP
Resp-actual/expected/ratio/ts: 1 2 0.5 1521677370430
connected to auth! from local port 40302
received auth hello!
{ authId: 501, nonce: <Buffer 08 36 ff 3c 28 0b 63 56> }
received session key response encrypted with distribution key
replyNonce in sessionKeyResp: <Buffer f9 2a a8 a2 63 1c 5c d5>
auth nonce verified
received 1 keys
currentSessionKey: [object Object]
Status: Secure connection closed before starting a new connection.
Session protocol: TCP
chosen commSessionKey: 
{ id: 50101268,
  cipherKeyVal: <Buffer 3a 99 d9 d7 21 d4 ab 11 80 d7 82 c7 ea db 6b 89>,
  macKeyVal: <Buffer 31 5b d0 ac 55 f3 69 38 bc 35 b8 20 e2 de 77 a5 16 87 f9 2a c0 23 a9 84 1a 5b 46 6b 67 d5 fe e9>,
  absValidity: 2018-03-23T00:09:30.716Z,
  relValidity: 7200000 }
options
{ serverHost: '10.0.1.26',
  serverPort: 22100,
  sessionKey: 
   { id: 50101268,
     cipherKeyVal: <Buffer 3a 99 d9 d7 21 d4 ab 11 80 d7 82 c7 ea db 6b 89>,
     macKeyVal: <Buffer 31 5b d0 ac 55 f3 69 38 bc 35 b8 20 e2 de 77 a5 16 87 f9 2a c0 23 a9 84 1a 5b 46 6b 67 d5 fe e9>,
     absValidity: 2018-03-23T00:09:30.716Z,
     relValidity: 7200000 },
  sessionCryptoSpec: { cipher: 'AES-128-CBC', mac: 'SHA256' },
  sessionProtocol: 'TCP',
  handshakeTimeout: 50000 }
chosen nonce: <Buffer 61 79 19 63 4e bf 7f 77>
switching to HANDSHAKE_1_SENT
disconnected from auth
Handler: secure connection with the server closed.
received session key handshake2!
client ret: [object Object]
server authenticated/authorized by solving nonce!
Handler: communication initialization succeeded
file data length: 1024
sending at Thu Mar 22 2018 00:09:31 GMT+0000 (UTC)
switching to IN_COMM
received secure communication message!
Received seqNum: 0
Handler: data received from server via secure communication
data1
Resp-actual/expected/ratio/ts: 2 2 1 1521677371767
Distribution protocol: TCP
Resp-actual/expected/ratio/ts: 2 3 0.6666666666666666 1521677430481
connected to auth! from local port 40572
received auth hello!
{ authId: 501, nonce: <Buffer 90 e1 c4 b9 d1 2f 79 37> }
received session key response encrypted with distribution key
replyNonce in sessionKeyResp: <Buffer 54 0d 0a d2 35 87 69 e6>
auth nonce verified
received 1 keys
currentSessionKey: [object Object]
Status: Secure connection closed before starting a new connection.
Session protocol: TCP
chosen commSessionKey: 
{ id: 50101276,
  cipherKeyVal: <Buffer cc 13 15 c8 56 44 b4 d2 e7 41 9b 8d 47 e1 4d ec>,
  macKeyVal: <Buffer 88 cc 74 5e d1 61 c5 96 30 75 0b 80 f0 77 dd b4 20 0f d8 cd cf 03 fb e7 ca cf 08 40 a3 f4 a9 20>,
  absValidity: 2018-03-23T00:10:30.686Z,
  relValidity: 7200000 }
options
{ serverHost: '10.0.1.26',
  serverPort: 22100,
  sessionKey: 
   { id: 50101276,
     cipherKeyVal: <Buffer cc 13 15 c8 56 44 b4 d2 e7 41 9b 8d 47 e1 4d ec>,
     macKeyVal: <Buffer 88 cc 74 5e d1 61 c5 96 30 75 0b 80 f0 77 dd b4 20 0f d8 cd cf 03 fb e7 ca cf 08 40 a3 f4 a9 20>,
     absValidity: 2018-03-23T00:10:30.686Z,
     relValidity: 7200000 },
  sessionCryptoSpec: { cipher: 'AES-128-CBC', mac: 'SHA256' },
  sessionProtocol: 'TCP',
  handshakeTimeout: 50000 }
chosen nonce: <Buffer 35 68 fe d3 66 4d d0 48>
switching to HANDSHAKE_1_SENT
disconnected from auth
Handler: secure connection with the server closed.
received session key handshake2!
client ret: [object Object]
server authenticated/authorized by solving nonce!
Handler: communication initialization succeeded
file data length: 1024
sending at Thu Mar 22 2018 00:10:31 GMT+0000 (UTC)
switching to IN_COMM
received secure communication message!
Received seqNum: 0
Handler: data received from server via secure communication
data1
Resp-actual/expected/ratio/ts: 3 3 1 1521677431787
Distribution protocol: TCP
Resp-actual/expected/ratio/ts: 3 4 0.75 1521677490537
connected to auth! from local port 40842
received auth hello!
{ authId: 501, nonce: <Buffer 54 ed 77 57 da fc d1 4e> }
received session key response encrypted with distribution key
replyNonce in sessionKeyResp: <Buffer 3f b5 91 ce 1f 93 ca df>
auth nonce verified
received 1 keys
currentSessionKey: [object Object]
Status: Secure connection closed before starting a new connection.
Session protocol: TCP
chosen commSessionKey: 
{ id: 50101284,
  cipherKeyVal: <Buffer a5 dd f6 1d 3a 3b 29 57 d6 5c b4 5a a6 3a 7d e7>,
  macKeyVal: <Buffer fb e3 06 55 0b 8f 01 47 4d 9b 02 98 0a 0c 6b 8a 66 8a 9e 9a ab 4a 40 d7 6d 47 9e 53 d7 0d 97 49>,
  absValidity: 2018-03-23T00:11:30.727Z,
  relValidity: 7200000 }
options
{ serverHost: '10.0.1.26',
  serverPort: 22100,
  sessionKey: 
   { id: 50101284,
     cipherKeyVal: <Buffer a5 dd f6 1d 3a 3b 29 57 d6 5c b4 5a a6 3a 7d e7>,
     macKeyVal: <Buffer fb e3 06 55 0b 8f 01 47 4d 9b 02 98 0a 0c 6b 8a 66 8a 9e 9a ab 4a 40 d7 6d 47 9e 53 d7 0d 97 49>,
     absValidity: 2018-03-23T00:11:30.727Z,
     relValidity: 7200000 },
  sessionCryptoSpec: { cipher: 'AES-128-CBC', mac: 'SHA256' },
  sessionProtocol: 'TCP',
  handshakeTimeout: 50000 }
chosen nonce: <Buffer 3f 52 4c 65 86 5f 9a 97>
switching to HANDSHAKE_1_SENT
disconnected from auth
Handler: secure connection with the server closed.
received session key handshake2!
client ret: [object Object]
server authenticated/authorized by solving nonce!
Handler: communication initialization succeeded
file data length: 1024
sending at Thu Mar 22 2018 00:11:31 GMT+0000 (UTC)
switching to IN_COMM
received secure communication message!
Received seqNum: 0
Handler: data received from server via secure communication
data1
Resp-actual/expected/ratio/ts: 4 4 1 1521677491845
Distribution protocol: TCP
Resp-actual/expected/ratio/ts: 4 5 0.8 1521677550593
connected to auth! from local port 41112
received auth hello!
{ authId: 501, nonce: <Buffer a1 4f fc 00 84 90 b9 c4> }
received session key response encrypted with distribution key
replyNonce in sessionKeyResp: <Buffer 38 9d 0e 66 81 43 0d ee>
auth nonce verified
received 1 keys
currentSessionKey: [object Object]
Status: Secure connection closed before starting a new connection.
Session protocol: TCP
chosen commSessionKey: 
{ id: 50101292,
  cipherKeyVal: <Buffer ec bb ee 34 24 53 54 5f 29 8a fb 96 5c a8 57 cb>,
  macKeyVal: <Buffer bb 1a fa 20 a5 af 91 95 2b 11 a2 d2 26 fb c6 e2 8f a0 ce 17 34 62 b4 ce 70 2e 33 4b 62 c7 99 fc>,
  absValidity: 2018-03-23T00:12:30.759Z,
  relValidity: 7200000 }
options
{ serverHost: '10.0.1.26',
  serverPort: 22100,
  sessionKey: 
   { id: 50101292,
     cipherKeyVal: <Buffer ec bb ee 34 24 53 54 5f 29 8a fb 96 5c a8 57 cb>,
     macKeyVal: <Buffer bb 1a fa 20 a5 af 91 95 2b 11 a2 d2 26 fb c6 e2 8f a0 ce 17 34 62 b4 ce 70 2e 33 4b 62 c7 99 fc>,
     absValidity: 2018-03-23T00:12:30.759Z,
     relValidity: 7200000 },
  sessionCryptoSpec: { cipher: 'AES-128-CBC', mac: 'SHA256' },
  sessionProtocol: 'TCP',
  handshakeTimeout: 50000 }
chosen nonce: <Buffer a9 d5 65 e7 07 3c 5b f7>
switching to HANDSHAKE_1_SENT
disconnected from auth
Handler: secure connection with the server closed.
received session key handshake2!
client ret: [object Object]
server authenticated/authorized by solving nonce!
Handler: communication initialization succeeded
file data length: 1024
sending at Thu Mar 22 2018 00:12:31 GMT+0000 (UTC)
switching to IN_COMM
received secure communication message!
Received seqNum: 0
Handler: data received from server via secure communication
data1
Resp-actual/expected/ratio/ts: 5 5 1 1521677551918
Distribution protocol: TCP
Resp-actual/expected/ratio/ts: 5 6 0.8333333333333334 1521677610649
connected to auth! from local port 41382
received auth hello!
{ authId: 501, nonce: <Buffer 77 63 c3 49 3a 7a 4e 40> }
received session key response encrypted with distribution key
replyNonce in sessionKeyResp: <Buffer 98 4a 20 68 2a 01 ff 1c>
auth nonce verified
received 1 keys
currentSessionKey: [object Object]
Status: Secure connection closed before starting a new connection.
Session protocol: TCP
chosen commSessionKey: 
{ id: 50101300,
  cipherKeyVal: <Buffer 49 61 0d d3 61 92 32 76 17 df 8b 78 e2 0e a2 71>,
  macKeyVal: <Buffer fd 1c 42 71 2a 0b 09 17 b0 1b a7 3c 61 a0 79 43 c4 e7 15 77 35 f2 cb c0 c6 48 a9 2f 1c 6c ce 79>,
  absValidity: 2018-03-23T00:13:30.847Z,
  relValidity: 7200000 }
options
{ serverHost: '10.0.1.26',
  serverPort: 22100,
  sessionKey: 
   { id: 50101300,
     cipherKeyVal: <Buffer 49 61 0d d3 61 92 32 76 17 df 8b 78 e2 0e a2 71>,
     macKeyVal: <Buffer fd 1c 42 71 2a 0b 09 17 b0 1b a7 3c 61 a0 79 43 c4 e7 15 77 35 f2 cb c0 c6 48 a9 2f 1c 6c ce 79>,
     absValidity: 2018-03-23T00:13:30.847Z,
     relValidity: 7200000 },
  sessionCryptoSpec: { cipher: 'AES-128-CBC', mac: 'SHA256' },
  sessionProtocol: 'TCP',
  handshakeTimeout: 50000 }
chosen nonce: <Buffer 1b 4a 0a 77 b9 db b0 1e>
switching to HANDSHAKE_1_SENT
disconnected from auth
Handler: secure connection with the server closed.
received session key handshake2!
client ret: [object Object]
server authenticated/authorized by solving nonce!
Handler: communication initialization succeeded
file data length: 1024
sending at Thu Mar 22 2018 00:13:31 GMT+0000 (UTC)
switching to IN_COMM
received secure communication message!
Received seqNum: 0
Handler: data received from server via secure communication
data1
Resp-actual/expected/ratio/ts: 6 6 1 1521677611842
Distribution protocol: TCP
Resp-actual/expected/ratio/ts: 6 7 0.8571428571428571 1521677670709
connected to auth! from local port 41652
received auth hello!
{ authId: 501, nonce: <Buffer eb 62 74 71 cf 58 8b bd> }
received session key response encrypted with distribution key
replyNonce in sessionKeyResp: <Buffer 34 6f 61 be 97 c8 6b 2c>
auth nonce verified
received 1 keys
currentSessionKey: [object Object]
Status: Secure connection closed before starting a new connection.
Session protocol: TCP
chosen commSessionKey: 
{ id: 50101308,
  cipherKeyVal: <Buffer 94 40 d8 9b d3 15 8e a6 2c 1b 9c bd 11 26 03 1b>,
  macKeyVal: <Buffer 3c c4 fa 0b 1c ec a2 17 87 ca a3 7c 95 ce 3d 46 f2 31 b9 4e 62 e6 42 cc 39 73 09 b4 fb f9 69 5c>,
  absValidity: 2018-03-23T00:14:30.934Z,
  relValidity: 7200000 }
options
{ serverHost: '10.0.1.26',
  serverPort: 22100,
  sessionKey: 
   { id: 50101308,
     cipherKeyVal: <Buffer 94 40 d8 9b d3 15 8e a6 2c 1b 9c bd 11 26 03 1b>,
     macKeyVal: <Buffer 3c c4 fa 0b 1c ec a2 17 87 ca a3 7c 95 ce 3d 46 f2 31 b9 4e 62 e6 42 cc 39 73 09 b4 fb f9 69 5c>,
     absValidity: 2018-03-23T00:14:30.934Z,
     relValidity: 7200000 },
  sessionCryptoSpec: { cipher: 'AES-128-CBC', mac: 'SHA256' },
  sessionProtocol: 'TCP',
  handshakeTimeout: 50000 }
chosen nonce: <Buffer 58 85 41 f8 a2 78 b6 be>
switching to HANDSHAKE_1_SENT
disconnected from auth
Handler: secure connection with the server closed.
received session key handshake2!
client ret: [object Object]
server authenticated/authorized by solving nonce!
Handler: communication initialization succeeded
file data length: 1024
sending at Thu Mar 22 2018 00:14:31 GMT+0000 (UTC)
switching to IN_COMM
received secure communication message!
Received seqNum: 0
Handler: data received from server via secure communication
data1
Resp-actual/expected/ratio/ts: 7 7 1 1521677672000
Distribution protocol: TCP
Resp-actual/expected/ratio/ts: 7 8 0.875 1521677730753
Handler: Error in secure comm - details: Error occurred in session key request: Error: connect EHOSTUNREACH 10.0.1.4:21100
Handler: Error in secure comm - details: Auth hello timedout ...
Distribution protocol: TCP
Resp-actual/expected/ratio/ts: 7 9 0.7777777777777778 1521677790764
Handler: Error in secure comm - details: Error occurred in session key request: Error: connect EHOSTUNREACH 10.0.1.4:21100
Handler: Error in secure comm - details: Auth hello timedout ...
Distribution protocol: TCP
Resp-actual/expected/ratio/ts: 7 10 0.7 1521677850775
Handler: Error in secure comm - details: Error occurred in session key request: Error: connect EHOSTUNREACH 10.0.1.4:21100
Handler: Error in secure comm - details: Auth hello timedout ...
Distribution protocol: TCP
Resp-actual/expected/ratio/ts: 7 11 0.6363636363636364 1521677910784
Handler: Error in secure comm - details: Error occurred in session key request: Error: connect EHOSTUNREACH 10.0.1.4:21100
Handler: Error in secure comm - details: Auth hello timedout ...
Distribution protocol: TCP
Resp-actual/expected/ratio/ts: 7 12 0.5833333333333334 1521677970795
Handler: Error in secure comm - details: Error occurred in session key request: Error: connect EHOSTUNREACH 10.0.1.4:21100
Handler: Error in secure comm - details: Auth hello timedout ...
Distribution protocol: TCP
Resp-actual/expected/ratio/ts: 7 13 0.5384615384615384 1521678030805
Handler: Error in secure comm - details: Error occurred in session key request: Error: connect EHOSTUNREACH 10.0.1.4:21100
Handler: Error in secure comm - details: Auth hello timedout ...
Distribution protocol: TCP
Resp-actual/expected/ratio/ts: 7 14 0.5 1521678090815
Handler: Error in secure comm - details: Error occurred in session key request: Error: connect EHOSTUNREACH 10.0.1.4:21100
Handler: Error in secure comm - details: Auth hello timedout ...
Distribution protocol: TCP
Resp-actual/expected/ratio/ts: 7 15 0.4666666666666667 1521678150825
Handler: Error in secure comm - details: Error occurred in session key request: Error: connect EHOSTUNREACH 10.0.1.4:21100
Handler: Error in secure comm - details: Auth hello timedout ...
Distribution protocol: TCP
Resp-actual/expected/ratio/ts: 7 16 0.4375 1521678210835
Handler: Error in secure comm - details: Error occurred in session key request: Error: connect EHOSTUNREACH 10.0.1.4:21100
Handler: Error in secure comm - details: Auth hello timedout ...
Distribution protocol: TCP
Resp-actual/expected/ratio/ts: 7 17 0.4117647058823529 1521678270845
Handler: Error in secure comm - details: Error occurred in session key request: Error: connect EHOSTUNREACH 10.0.1.4:21100
Handler: Error in secure comm - details: Auth hello timedout ...
Distribution protocol: TCP
Resp-actual/expected/ratio/ts: 7 18 0.3888888888888889 1521678330855
Handler: Error in secure comm - details: Error occurred in session key request: Error: connect EHOSTUNREACH 10.0.1.4:21100
Handler: Error in secure comm - details: Auth hello timedout ...
Distribution protocol: TCP
Resp-actual/expected/ratio/ts: 7 19 0.3684210526315789 1521678390865
Handler: Error in secure comm - details: Error occurred in session key request: Error: connect EHOSTUNREACH 10.0.1.4:21100
Handler: Error in secure comm - details: Auth hello timedout ...
Distribution protocol: TCP
Resp-actual/expected/ratio/ts: 7 20 0.35 1521678450876
Handler: Error in secure comm - details: Error occurred in session key request: Error: connect EHOSTUNREACH 10.0.1.4:21100
Handler: Error in secure comm - details: Auth hello timedout ...
Distribution protocol: TCP
Resp-actual/expected/ratio/ts: 7 21 0.3333333333333333 1521678510886
Handler: Error in secure comm - details: Error occurred in session key request: Error: connect EHOSTUNREACH 10.0.1.4:21100
Handler: Error in secure comm - details: Auth hello timedout ...
Distribution protocol: TCP
Resp-actual/expected/ratio/ts: 7 22 0.3181818181818182 1521678570896
Handler: Error in secure comm - details: Error occurred in session key request: Error: connect EHOSTUNREACH 10.0.1.4:21100
Handler: Error in secure comm - details: Auth hello timedout ...
Distribution protocol: TCP
Resp-actual/expected/ratio/ts: 7 23 0.30434782608695654 1521678630906
Handler: Error in secure comm - details: Error occurred in session key request: Error: connect EHOSTUNREACH 10.0.1.4:21100
Handler: Error in secure comm - details: Auth hello timedout ...
Distribution protocol: TCP
Resp-actual/expected/ratio/ts: 7 24 0.2916666666666667 1521678690916
Handler: Error in secure comm - details: Error occurred in session key request: Error: connect EHOSTUNREACH 10.0.1.4:21100
Handler: Error in secure comm - details: Auth hello timedout ...
Distribution protocol: TCP
Resp-actual/expected/ratio/ts: 7 25 0.28 1521678750926
Handler: Error in secure comm - details: Error occurred in session key request: Error: connect EHOSTUNREACH 10.0.1.4:21100
Handler: Error in secure comm - details: Auth hello timedout ...
Distribution protocol: TCP
Resp-actual/expected/ratio/ts: 7 26 0.2692307692307692 1521678810935
Handler: Error in secure comm - details: Error occurred in session key request: Error: connect EHOSTUNREACH 10.0.1.4:21100
Handler: Error in secure comm - details: Auth hello timedout ...
Distribution protocol: TCP
Resp-actual/expected/ratio/ts: 7 27 0.25925925925925924 1521678870946
Handler: Error in secure comm - details: Error occurred in session key request: Error: connect EHOSTUNREACH 10.0.1.4:21100
Handler: Error in secure comm - details: Auth hello timedout ...
Distribution protocol: TCP
Resp-actual/expected/ratio/ts: 7 28 0.25 1521678930956
Handler: Error in secure comm - details: Error occurred in session key request: Error: connect EHOSTUNREACH 10.0.1.4:21100
Handler: Error in secure comm - details: Auth hello timedout ...
Distribution protocol: TCP
Resp-actual/expected/ratio/ts: 7 29 0.2413793103448276 1521678990966
Handler: Error in secure comm - details: Error occurred in session key request: Error: connect EHOSTUNREACH 10.0.1.4:21100
