changing working directory to: /home/hokeunkim/Development/iotauth/entity/node/example_entities
loading from config file: /home/hokeunkim/Development/iotauth_experiments/experiments/ccs2017/expOptions/expEntity.option
Experimental options for autoClient: { autoSendPeriod: 60000,
  useSameSessionKeyCount: 1,
  connectionTimeout: 50000,
  migrationEnabled: false,
  authFailureThreshold: 2,
  migrationFailureThreshold: 2 }
loading from config file: /home/hokeunkim/Development/iotauth/entity/node/example_entities/configs/Clients/c417.config
initializing...
current parameters: { numKeysPerRequest: 3,
  migrationEnabled: false,
  authFailureThreshold: 3,
  migrationFailureThreshold: 3 }
current parameters: { numKeysPerRequest: 1,
  migrationEnabled: false,
  authFailureThreshold: 3,
  migrationFailureThreshold: 3 }
current parameters: { numKeysPerRequest: 1,
  migrationEnabled: false,
  authFailureThreshold: 3,
  migrationFailureThreshold: 3 }
current parameters: { numKeysPerRequest: 1,
  migrationEnabled: false,
  authFailureThreshold: 2,
  migrationFailureThreshold: 3 }
current parameters: { numKeysPerRequest: 1,
  migrationEnabled: false,
  authFailureThreshold: 2,
  migrationFailureThreshold: 2 }
current entityInfo: { name: 'c417',
  group: 'Clients',
  distProtocol: 'TCP',
  usePermanentDistKey: false,
  connectionTimeout: 50000,
  privateKey: <Buffer 2d 2d 2d 2d 2d 42 45 47 49 4e 20 52 53 41 20 50 52 49 56 41 54 45 20 4b 45 59 2d 2d 2d 2d 2d 0a 4d 49 49 45 6f 77 49 42 41 41 4b 43 41 51 45 41 75 6c ... > }
Distribution protocol: TCP
Resp-actual/expected/ratio/ts: 0 1 0 1521674374995
connected to auth! from local port 55178
received auth hello!
{ authId: 403, nonce: <Buffer 4b 08 bf 3f ca af 8b 4a> }
received session key response with distribution key attached!
auth signature verified
replyNonce in sessionKeyResp: <Buffer b2 24 4e 15 f1 14 34 f5>
auth nonce verified
updating distribution key: { cipherKeyVal: <Buffer 55 45 93 e0 fd 66 25 e1 2b 19 bc e9 d1 5a 60 29>,
  macKeyVal: <Buffer 8d 82 b6 9f 0f a5 b7 91 cc 73 ec bc e9 a6 14 f4 f8 78 44 7b 30 56 ac 8b 63 68 8b 7a f4 65 84 fa>,
  absValidity: 2018-03-22T00:19:35.161Z }
received 1 keys
currentSessionKey: [object Object]
Session protocol: TCP
chosen commSessionKey: 
{ id: 40301244,
  cipherKeyVal: <Buffer 6a b8 a2 0b 83 64 6f a9 89 66 a1 d2 d2 d2 fa 8c>,
  macKeyVal: <Buffer ec 59 c6 c5 0b f1 93 ae b4 0b 9a 10 c0 cd a1 62 01 91 d3 f9 04 08 4d 71 0f 37 3b b8 e0 d1 4a 18>,
  absValidity: 2018-03-22T23:19:35.160Z,
  relValidity: 7200000 }
options
{ serverHost: '10.0.1.22',
  serverPort: 22100,
  sessionKey: 
   { id: 40301244,
     cipherKeyVal: <Buffer 6a b8 a2 0b 83 64 6f a9 89 66 a1 d2 d2 d2 fa 8c>,
     macKeyVal: <Buffer ec 59 c6 c5 0b f1 93 ae b4 0b 9a 10 c0 cd a1 62 01 91 d3 f9 04 08 4d 71 0f 37 3b b8 e0 d1 4a 18>,
     absValidity: 2018-03-22T23:19:35.160Z,
     relValidity: 7200000 },
  sessionCryptoSpec: { cipher: 'AES-128-CBC', mac: 'SHA256' },
  sessionProtocol: 'TCP',
  handshakeTimeout: 50000 }
disconnected from auth
chosen nonce: <Buffer f0 cb 38 5e 10 27 7a 0d>
switching to HANDSHAKE_1_SENT
received session key handshake2!
client ret: [object Object]
server authenticated/authorized by solving nonce!
Handler: communication initialization succeeded
file data length: 1024
sending at Wed Mar 21 2018 23:19:36 GMT+0000 (UTC)
switching to IN_COMM
received secure communication message!
Received seqNum: 0
Handler: data received from server via secure communication
data1
Resp-actual/expected/ratio/ts: 1 1 1 1521674376781
Distribution protocol: TCP
Resp-actual/expected/ratio/ts: 1 2 0.5 1521674435054
connected to auth! from local port 55384
received auth hello!
{ authId: 403, nonce: <Buffer ff b3 08 9b ff fa 9e b2> }
received session key response encrypted with distribution key
replyNonce in sessionKeyResp: <Buffer 12 5d c7 5b 36 fa 31 a1>
auth nonce verified
received 1 keys
currentSessionKey: [object Object]
Status: Secure connection closed before starting a new connection.
Session protocol: TCP
chosen commSessionKey: 
{ id: 40301250,
  cipherKeyVal: <Buffer 24 d5 86 7f 74 e4 84 6c c8 87 4b c2 ab 03 f8 fa>,
  macKeyVal: <Buffer d3 01 55 fb 55 28 6b d6 ca ef 8d c6 30 74 cd 54 af 6e 40 c8 7d 0e 7c 84 28 0b 3d e2 f3 1e f3 9b>,
  absValidity: 2018-03-22T23:20:35.302Z,
  relValidity: 7200000 }
options
{ serverHost: '10.0.1.22',
  serverPort: 22100,
  sessionKey: 
   { id: 40301250,
     cipherKeyVal: <Buffer 24 d5 86 7f 74 e4 84 6c c8 87 4b c2 ab 03 f8 fa>,
     macKeyVal: <Buffer d3 01 55 fb 55 28 6b d6 ca ef 8d c6 30 74 cd 54 af 6e 40 c8 7d 0e 7c 84 28 0b 3d e2 f3 1e f3 9b>,
     absValidity: 2018-03-22T23:20:35.302Z,
     relValidity: 7200000 },
  sessionCryptoSpec: { cipher: 'AES-128-CBC', mac: 'SHA256' },
  sessionProtocol: 'TCP',
  handshakeTimeout: 50000 }
chosen nonce: <Buffer 24 3e 1b 43 81 87 98 3d>
switching to HANDSHAKE_1_SENT
disconnected from auth
Handler: secure connection with the server closed.
received session key handshake2!
client ret: [object Object]
server authenticated/authorized by solving nonce!
Handler: communication initialization succeeded
file data length: 1024
sending at Wed Mar 21 2018 23:20:36 GMT+0000 (UTC)
switching to IN_COMM
received secure communication message!
Received seqNum: 0
Handler: data received from server via secure communication
data1
Resp-actual/expected/ratio/ts: 2 2 1 1521674436859
Distribution protocol: TCP
Resp-actual/expected/ratio/ts: 2 3 0.6666666666666666 1521674495085
connected to auth! from local port 55656
received auth hello!
{ authId: 403, nonce: <Buffer f2 8b 21 ab d4 c7 d2 13> }
received session key response encrypted with distribution key
replyNonce in sessionKeyResp: <Buffer ee bf f8 bb ab 8b 66 46>
auth nonce verified
received 1 keys
currentSessionKey: [object Object]
Status: Secure connection closed before starting a new connection.
Session protocol: TCP
chosen commSessionKey: 
{ id: 40301256,
  cipherKeyVal: <Buffer 7d 5d f4 46 1e 2e 6b 84 df ad 70 d0 6c af 43 c1>,
  macKeyVal: <Buffer a5 1a 0a 3b d6 63 e0 cd 23 87 6b 6f 33 05 27 5c 04 2c f5 36 59 da 5e db 13 9a e7 72 60 66 a4 75>,
  absValidity: 2018-03-22T23:21:35.297Z,
  relValidity: 7200000 }
options
{ serverHost: '10.0.1.22',
  serverPort: 22100,
  sessionKey: 
   { id: 40301256,
     cipherKeyVal: <Buffer 7d 5d f4 46 1e 2e 6b 84 df ad 70 d0 6c af 43 c1>,
     macKeyVal: <Buffer a5 1a 0a 3b d6 63 e0 cd 23 87 6b 6f 33 05 27 5c 04 2c f5 36 59 da 5e db 13 9a e7 72 60 66 a4 75>,
     absValidity: 2018-03-22T23:21:35.297Z,
     relValidity: 7200000 },
  sessionCryptoSpec: { cipher: 'AES-128-CBC', mac: 'SHA256' },
  sessionProtocol: 'TCP',
  handshakeTimeout: 50000 }
chosen nonce: <Buffer f8 f1 75 0d 67 8a 2b 51>
switching to HANDSHAKE_1_SENT
disconnected from auth
Handler: secure connection with the server closed.
received session key handshake2!
client ret: [object Object]
server authenticated/authorized by solving nonce!
Handler: communication initialization succeeded
file data length: 1024
sending at Wed Mar 21 2018 23:21:36 GMT+0000 (UTC)
switching to IN_COMM
received secure communication message!
Received seqNum: 0
Handler: data received from server via secure communication
data1
Resp-actual/expected/ratio/ts: 3 3 1 1521674496886
Distribution protocol: TCP
Resp-actual/expected/ratio/ts: 3 4 0.75 1521674555141
connected to auth! from local port 55926
received auth hello!
{ authId: 403, nonce: <Buffer 36 05 74 90 a6 88 6d 1e> }
received session key response encrypted with distribution key
replyNonce in sessionKeyResp: <Buffer b3 65 0d 93 08 86 51 8b>
auth nonce verified
received 1 keys
currentSessionKey: [object Object]
Status: Secure connection closed before starting a new connection.
Session protocol: TCP
chosen commSessionKey: 
{ id: 40301262,
  cipherKeyVal: <Buffer 7d 73 8c 76 9a 4f f5 77 a1 46 31 13 05 29 6f 34>,
  macKeyVal: <Buffer b7 5a 41 74 3e 3e 7f fc 60 08 1c 9d 0c e7 7f eb 0e f0 f0 15 26 73 4f 84 3d 0c 2f da c5 37 38 b9>,
  absValidity: 2018-03-22T23:22:35.409Z,
  relValidity: 7200000 }
options
{ serverHost: '10.0.1.22',
  serverPort: 22100,
  sessionKey: 
   { id: 40301262,
     cipherKeyVal: <Buffer 7d 73 8c 76 9a 4f f5 77 a1 46 31 13 05 29 6f 34>,
     macKeyVal: <Buffer b7 5a 41 74 3e 3e 7f fc 60 08 1c 9d 0c e7 7f eb 0e f0 f0 15 26 73 4f 84 3d 0c 2f da c5 37 38 b9>,
     absValidity: 2018-03-22T23:22:35.409Z,
     relValidity: 7200000 },
  sessionCryptoSpec: { cipher: 'AES-128-CBC', mac: 'SHA256' },
  sessionProtocol: 'TCP',
  handshakeTimeout: 50000 }
chosen nonce: <Buffer 35 09 0b 01 27 1c 89 84>
switching to HANDSHAKE_1_SENT
disconnected from auth
Handler: secure connection with the server closed.
received session key handshake2!
client ret: [object Object]
server authenticated/authorized by solving nonce!
Handler: communication initialization succeeded
file data length: 1024
sending at Wed Mar 21 2018 23:22:36 GMT+0000 (UTC)
switching to IN_COMM
received secure communication message!
Received seqNum: 0
Handler: data received from server via secure communication
data1
Resp-actual/expected/ratio/ts: 4 4 1 1521674556886
Distribution protocol: TCP
Resp-actual/expected/ratio/ts: 4 5 0.8 1521674615197
connected to auth! from local port 56196
received auth hello!
{ authId: 403, nonce: <Buffer 46 2a 00 e2 8e 11 46 10> }
received session key response encrypted with distribution key
replyNonce in sessionKeyResp: <Buffer 46 b6 23 5a 3c 62 34 02>
auth nonce verified
received 1 keys
currentSessionKey: [object Object]
Status: Secure connection closed before starting a new connection.
Session protocol: TCP
chosen commSessionKey: 
{ id: 40301268,
  cipherKeyVal: <Buffer 1c 0c 60 5d 9e a6 d1 e3 dd d4 78 6c 1e ce b1 82>,
  macKeyVal: <Buffer 73 be 2c 27 e2 bd 9b 05 fe 17 db 6c 30 8c 5b 0d 6e 72 f1 a6 c5 a4 68 7d 14 90 ca 79 48 93 af 60>,
  absValidity: 2018-03-22T23:23:35.399Z,
  relValidity: 7200000 }
options
{ serverHost: '10.0.1.22',
  serverPort: 22100,
  sessionKey: 
   { id: 40301268,
     cipherKeyVal: <Buffer 1c 0c 60 5d 9e a6 d1 e3 dd d4 78 6c 1e ce b1 82>,
     macKeyVal: <Buffer 73 be 2c 27 e2 bd 9b 05 fe 17 db 6c 30 8c 5b 0d 6e 72 f1 a6 c5 a4 68 7d 14 90 ca 79 48 93 af 60>,
     absValidity: 2018-03-22T23:23:35.399Z,
     relValidity: 7200000 },
  sessionCryptoSpec: { cipher: 'AES-128-CBC', mac: 'SHA256' },
  sessionProtocol: 'TCP',
  handshakeTimeout: 50000 }
chosen nonce: <Buffer 4f fd 6a 6c 01 1f 93 d4>
switching to HANDSHAKE_1_SENT
disconnected from auth
Handler: secure connection with the server closed.
received session key handshake2!
client ret: [object Object]
server authenticated/authorized by solving nonce!
Handler: communication initialization succeeded
file data length: 1024
sending at Wed Mar 21 2018 23:23:36 GMT+0000 (UTC)
switching to IN_COMM
received secure communication message!
Received seqNum: 0
Handler: data received from server via secure communication
data1
Resp-actual/expected/ratio/ts: 5 5 1 1521674616932
Distribution protocol: TCP
Resp-actual/expected/ratio/ts: 5 6 0.8333333333333334 1521674675245
connected to auth! from local port 56466
received auth hello!
{ authId: 403, nonce: <Buffer 8e ea 1a 37 d3 5b c0 69> }
received session key response encrypted with distribution key
replyNonce in sessionKeyResp: <Buffer 76 8f 77 8b 15 16 d8 b7>
auth nonce verified
received 1 keys
currentSessionKey: [object Object]
Status: Secure connection closed before starting a new connection.
Session protocol: TCP
chosen commSessionKey: 
{ id: 40301274,
  cipherKeyVal: <Buffer f8 05 aa cd 15 e9 8e 7a 54 81 54 a1 44 3b 27 8e>,
  macKeyVal: <Buffer b3 c9 f1 10 af e1 5b 81 34 f2 a9 73 2f ac fb 87 52 5b 8d 28 60 d9 36 e5 75 33 14 87 95 e5 ec 70>,
  absValidity: 2018-03-22T23:24:35.456Z,
  relValidity: 7200000 }
options
{ serverHost: '10.0.1.22',
  serverPort: 22100,
  sessionKey: 
   { id: 40301274,
     cipherKeyVal: <Buffer f8 05 aa cd 15 e9 8e 7a 54 81 54 a1 44 3b 27 8e>,
     macKeyVal: <Buffer b3 c9 f1 10 af e1 5b 81 34 f2 a9 73 2f ac fb 87 52 5b 8d 28 60 d9 36 e5 75 33 14 87 95 e5 ec 70>,
     absValidity: 2018-03-22T23:24:35.456Z,
     relValidity: 7200000 },
  sessionCryptoSpec: { cipher: 'AES-128-CBC', mac: 'SHA256' },
  sessionProtocol: 'TCP',
  handshakeTimeout: 50000 }
disconnected from auth
chosen nonce: <Buffer 6e 5d 65 38 2e 0d 84 0f>
switching to HANDSHAKE_1_SENT
Handler: secure connection with the server closed.
received session key handshake2!
client ret: [object Object]
server authenticated/authorized by solving nonce!
Handler: communication initialization succeeded
file data length: 1024
sending at Wed Mar 21 2018 23:24:36 GMT+0000 (UTC)
switching to IN_COMM
received secure communication message!
Received seqNum: 0
Handler: data received from server via secure communication
data1
Resp-actual/expected/ratio/ts: 6 6 1 1521674676906
Distribution protocol: TCP
Resp-actual/expected/ratio/ts: 6 7 0.8571428571428571 1521674735247
connected to auth! from local port 56736
received auth hello!
{ authId: 403, nonce: <Buffer 96 bc 31 69 02 8a e8 ef> }
received session key response encrypted with distribution key
replyNonce in sessionKeyResp: <Buffer d2 44 ff 11 4b 7c 7b 1c>
auth nonce verified
received 1 keys
currentSessionKey: [object Object]
Status: Secure connection closed before starting a new connection.
Session protocol: TCP
chosen commSessionKey: 
{ id: 40301280,
  cipherKeyVal: <Buffer 92 5d 29 54 c7 89 a4 fd 9f 21 6b fe a5 69 e2 1a>,
  macKeyVal: <Buffer f2 de 31 a4 e4 bb 10 17 35 06 ba 54 35 c7 e9 48 46 59 c6 34 25 92 15 13 ba ad 8a bb 08 11 06 5f>,
  absValidity: 2018-03-22T23:25:35.418Z,
  relValidity: 7200000 }
options
{ serverHost: '10.0.1.22',
  serverPort: 22100,
  sessionKey: 
   { id: 40301280,
     cipherKeyVal: <Buffer 92 5d 29 54 c7 89 a4 fd 9f 21 6b fe a5 69 e2 1a>,
     macKeyVal: <Buffer f2 de 31 a4 e4 bb 10 17 35 06 ba 54 35 c7 e9 48 46 59 c6 34 25 92 15 13 ba ad 8a bb 08 11 06 5f>,
     absValidity: 2018-03-22T23:25:35.418Z,
     relValidity: 7200000 },
  sessionCryptoSpec: { cipher: 'AES-128-CBC', mac: 'SHA256' },
  sessionProtocol: 'TCP',
  handshakeTimeout: 50000 }
chosen nonce: <Buffer c7 a9 6a 51 80 95 c3 75>
switching to HANDSHAKE_1_SENT
disconnected from auth
Handler: secure connection with the server closed.
received session key handshake2!
client ret: [object Object]
server authenticated/authorized by solving nonce!
Handler: communication initialization succeeded
file data length: 1024
sending at Wed Mar 21 2018 23:25:36 GMT+0000 (UTC)
switching to IN_COMM
received secure communication message!
Received seqNum: 0
Handler: data received from server via secure communication
data1
Resp-actual/expected/ratio/ts: 7 7 1 1521674737000
Distribution protocol: TCP
Resp-actual/expected/ratio/ts: 7 8 0.875 1521674795305
connected to auth! from local port 56998
received auth hello!
{ authId: 403, nonce: <Buffer 23 0b ac 13 f2 83 1d 3d> }
received session key response encrypted with distribution key
replyNonce in sessionKeyResp: <Buffer 64 66 3f f4 c2 83 6f 80>
auth nonce verified
received 1 keys
currentSessionKey: [object Object]
Status: Secure connection closed before starting a new connection.
Session protocol: TCP
chosen commSessionKey: 
{ id: 40301286,
  cipherKeyVal: <Buffer a0 3f 18 7f 5b df 5e d9 5b 8b 53 f7 ca c2 5a 53>,
  macKeyVal: <Buffer f1 e7 41 f3 9e a8 a2 3b 87 6f 3e 87 fa 95 05 ba 15 c7 0a 7f bf ad 6e 5c c5 53 f4 12 7c 9e 7e 85>,
  absValidity: 2018-03-22T23:26:35.519Z,
  relValidity: 7200000 }
options
{ serverHost: '10.0.1.22',
  serverPort: 22100,
  sessionKey: 
   { id: 40301286,
     cipherKeyVal: <Buffer a0 3f 18 7f 5b df 5e d9 5b 8b 53 f7 ca c2 5a 53>,
     macKeyVal: <Buffer f1 e7 41 f3 9e a8 a2 3b 87 6f 3e 87 fa 95 05 ba 15 c7 0a 7f bf ad 6e 5c c5 53 f4 12 7c 9e 7e 85>,
     absValidity: 2018-03-22T23:26:35.519Z,
     relValidity: 7200000 },
  sessionCryptoSpec: { cipher: 'AES-128-CBC', mac: 'SHA256' },
  sessionProtocol: 'TCP',
  handshakeTimeout: 50000 }
disconnected from auth
chosen nonce: <Buffer 7a 78 b8 e8 98 66 61 a2>
switching to HANDSHAKE_1_SENT
Handler: secure connection with the server closed.
received session key handshake2!
client ret: [object Object]
server authenticated/authorized by solving nonce!
Handler: communication initialization succeeded
file data length: 1024
sending at Wed Mar 21 2018 23:26:36 GMT+0000 (UTC)
switching to IN_COMM
received secure communication message!
Received seqNum: 0
Handler: data received from server via secure communication
data1
Resp-actual/expected/ratio/ts: 8 8 1 1521674797082
Distribution protocol: TCP
Resp-actual/expected/ratio/ts: 8 9 0.8888888888888888 1521674855361
Handler: Error in secure comm - details: Error occurred in session key request: Error: connect EHOSTUNREACH 10.0.1.3:21100
Handler: Error in secure comm - details: Auth hello timedout ...
Distribution protocol: TCP
Resp-actual/expected/ratio/ts: 8 10 0.8 1521674915372
Handler: Error in secure comm - details: Error occurred in session key request: Error: connect EHOSTUNREACH 10.0.1.3:21100
Handler: Error in secure comm - details: Auth hello timedout ...
Distribution protocol: TCP
Resp-actual/expected/ratio/ts: 8 11 0.7272727272727273 1521674975382
Handler: Error in secure comm - details: Error occurred in session key request: Error: connect EHOSTUNREACH 10.0.1.3:21100
Handler: Error in secure comm - details: Auth hello timedout ...
Distribution protocol: TCP
Resp-actual/expected/ratio/ts: 8 12 0.6666666666666666 1521675035392
Handler: Error in secure comm - details: Error occurred in session key request: Error: connect EHOSTUNREACH 10.0.1.3:21100
Handler: Error in secure comm - details: Auth hello timedout ...
Distribution protocol: TCP
Resp-actual/expected/ratio/ts: 8 13 0.6153846153846154 1521675095402
Handler: Error in secure comm - details: Error occurred in session key request: Error: connect EHOSTUNREACH 10.0.1.3:21100
Handler: Error in secure comm - details: Auth hello timedout ...
Distribution protocol: TCP
Resp-actual/expected/ratio/ts: 8 14 0.5714285714285714 1521675155412
Handler: Error in secure comm - details: Error occurred in session key request: Error: connect EHOSTUNREACH 10.0.1.3:21100
Handler: Error in secure comm - details: Auth hello timedout ...
Distribution protocol: TCP
Resp-actual/expected/ratio/ts: 8 15 0.5333333333333333 1521675215422
Handler: Error in secure comm - details: Error occurred in session key request: Error: connect EHOSTUNREACH 10.0.1.3:21100
Handler: Error in secure comm - details: Auth hello timedout ...
Distribution protocol: TCP
Resp-actual/expected/ratio/ts: 8 16 0.5 1521675275432
Handler: Error in secure comm - details: Error occurred in session key request: Error: connect EHOSTUNREACH 10.0.1.3:21100
Handler: Error in secure comm - details: Auth hello timedout ...
Distribution protocol: TCP
Resp-actual/expected/ratio/ts: 8 17 0.47058823529411764 1521675335434
Handler: Error in secure comm - details: Error occurred in session key request: Error: connect EHOSTUNREACH 10.0.1.3:21100
Handler: Error in secure comm - details: Auth hello timedout ...
Distribution protocol: TCP
Resp-actual/expected/ratio/ts: 8 18 0.4444444444444444 1521675395444
Handler: Error in secure comm - details: Error occurred in session key request: Error: connect EHOSTUNREACH 10.0.1.3:21100
Handler: Error in secure comm - details: Auth hello timedout ...
Distribution protocol: TCP
Resp-actual/expected/ratio/ts: 8 19 0.42105263157894735 1521675455453
Handler: Error in secure comm - details: Error occurred in session key request: Error: connect EHOSTUNREACH 10.0.1.3:21100
Handler: Error in secure comm - details: Auth hello timedout ...
Distribution protocol: TCP
Resp-actual/expected/ratio/ts: 8 20 0.4 1521675515464
Handler: Error in secure comm - details: Error occurred in session key request: Error: connect EHOSTUNREACH 10.0.1.3:21100
Handler: Error in secure comm - details: Auth hello timedout ...
Distribution protocol: TCP
Resp-actual/expected/ratio/ts: 8 21 0.38095238095238093 1521675575474
Handler: Error in secure comm - details: Error occurred in session key request: Error: connect EHOSTUNREACH 10.0.1.3:21100
Handler: Error in secure comm - details: Auth hello timedout ...
Distribution protocol: TCP
Resp-actual/expected/ratio/ts: 8 22 0.36363636363636365 1521675635481
Handler: Error in secure comm - details: Error occurred in session key request: Error: connect EHOSTUNREACH 10.0.1.3:21100
Handler: Error in secure comm - details: Auth hello timedout ...
Distribution protocol: TCP
Resp-actual/expected/ratio/ts: 8 23 0.34782608695652173 1521675695492
Handler: Error in secure comm - details: Error occurred in session key request: Error: connect EHOSTUNREACH 10.0.1.3:21100
Handler: Error in secure comm - details: Auth hello timedout ...
Distribution protocol: TCP
Resp-actual/expected/ratio/ts: 8 24 0.3333333333333333 1521675755502
Handler: Error in secure comm - details: Error occurred in session key request: Error: connect EHOSTUNREACH 10.0.1.3:21100
Handler: Error in secure comm - details: Auth hello timedout ...
Distribution protocol: TCP
Resp-actual/expected/ratio/ts: 8 25 0.32 1521675815503
Handler: Error in secure comm - details: Error occurred in session key request: Error: connect EHOSTUNREACH 10.0.1.3:21100
Handler: Error in secure comm - details: Auth hello timedout ...
Distribution protocol: TCP
Resp-actual/expected/ratio/ts: 8 26 0.3076923076923077 1521675875512
Handler: Error in secure comm - details: Error occurred in session key request: Error: connect EHOSTUNREACH 10.0.1.3:21100
Handler: Error in secure comm - details: Auth hello timedout ...
Distribution protocol: TCP
Resp-actual/expected/ratio/ts: 8 27 0.2962962962962963 1521675935523
Handler: Error in secure comm - details: Error occurred in session key request: Error: connect EHOSTUNREACH 10.0.1.3:21100
Handler: Error in secure comm - details: Auth hello timedout ...
Distribution protocol: TCP
Resp-actual/expected/ratio/ts: 8 28 0.2857142857142857 1521675995534
Handler: Error in secure comm - details: Error occurred in session key request: Error: connect EHOSTUNREACH 10.0.1.3:21100
Handler: Error in secure comm - details: Auth hello timedout ...
Distribution protocol: TCP
Resp-actual/expected/ratio/ts: 8 29 0.27586206896551724 1521676055544
