changing working directory to: /home/hokeunkim/Development/iotauth/entity/node/example_entities
loading from config file: /home/hokeunkim/Development/iotauth_experiments/experiments/ccs2017/expOptions/expEntity.option
Experimental options for autoClient: { autoSendPeriod: 60000,
  useSameSessionKeyCount: 1,
  connectionTimeout: 50000,
  migrationEnabled: true,
  authFailureThreshold: 2,
  migrationFailureThreshold: 2 }
loading from config file: /home/hokeunkim/Development/iotauth/entity/node/example_entities/configs/Clients/c411.config
initializing...
current parameters: { numKeysPerRequest: 3,
  migrationEnabled: false,
  authFailureThreshold: 3,
  migrationFailureThreshold: 3 }
current parameters: { numKeysPerRequest: 1,
  migrationEnabled: false,
  authFailureThreshold: 3,
  migrationFailureThreshold: 3 }
current parameters: { numKeysPerRequest: 1,
  migrationEnabled: true,
  authFailureThreshold: 3,
  migrationFailureThreshold: 3 }
current parameters: { numKeysPerRequest: 1,
  migrationEnabled: true,
  authFailureThreshold: 2,
  migrationFailureThreshold: 3 }
current parameters: { numKeysPerRequest: 1,
  migrationEnabled: true,
  authFailureThreshold: 2,
  migrationFailureThreshold: 2 }
current entityInfo: { name: 'c411',
  group: 'Clients',
  distProtocol: 'TCP',
  usePermanentDistKey: false,
  connectionTimeout: 50000,
  privateKey: <Buffer 2d 2d 2d 2d 2d 42 45 47 49 4e 20 52 53 41 20 50 52 49 56 41 54 45 20 4b 45 59 2d 2d 2d 2d 2d 0a 4d 49 49 45 6f 77 49 42 41 41 4b 43 41 51 45 41 76 59 ... > }
Distribution protocol: TCP
Resp-actual/expected/ratio/ts: 0 1 0 1521606137487
connected to auth! from local port 41320
received auth hello!
{ authId: 402, nonce: <Buffer 95 f1 a1 0d 40 3d 88 75> }
received session key response with distribution key attached!
auth signature verified
replyNonce in sessionKeyResp: <Buffer 23 1e d8 9f 95 05 37 34>
auth nonce verified
handleSessionKeyResp: session key request succeeded! authFailureCount: 0
updating distribution key: { cipherKeyVal: <Buffer 51 10 5a 24 fd 6d a0 cd 3d b2 33 9c 5f df 68 03>,
  macKeyVal: <Buffer c1 5d 77 23 01 71 82 1a 54 5a 45 b4 b9 03 43 57 de 05 ec c3 b1 5a 59 c2 9c 8a c7 02 79 b2 1a 1c>,
  absValidity: 2018-03-21T05:22:17.653Z }
received 1 keys
currentSessionKey: [object Object]
Session protocol: TCP
chosen commSessionKey: 
{ id: 40200004,
  cipherKeyVal: <Buffer e1 9d 12 f6 21 9a 6e cc 96 8f 8a a6 9c 4b 2b 12>,
  macKeyVal: <Buffer f0 d5 d7 cb 18 8a 16 75 5a 9d 75 4e ed f5 ba ef 4a e8 54 68 b6 89 f3 c1 f3 be aa 66 30 bf e6 3e>,
  absValidity: 2018-03-22T04:22:17.653Z,
  relValidity: 7200000 }
options
{ serverHost: '10.0.1.17',
  serverPort: 22100,
  sessionKey: 
   { id: 40200004,
     cipherKeyVal: <Buffer e1 9d 12 f6 21 9a 6e cc 96 8f 8a a6 9c 4b 2b 12>,
     macKeyVal: <Buffer f0 d5 d7 cb 18 8a 16 75 5a 9d 75 4e ed f5 ba ef 4a e8 54 68 b6 89 f3 c1 f3 be aa 66 30 bf e6 3e>,
     absValidity: 2018-03-22T04:22:17.653Z,
     relValidity: 7200000 },
  sessionCryptoSpec: { cipher: 'AES-128-CBC', mac: 'SHA256' },
  sessionProtocol: 'TCP',
  handshakeTimeout: 50000 }
disconnected from auth
chosen nonce: <Buffer 0f f7 e8 33 7b 39 c5 e4>
switching to HANDSHAKE_1_SENT
received session key handshake2!
client ret: [object Object]
server authenticated/authorized by solving nonce!
Handler: communication initialization succeeded
file data length: 1024
sending at Wed Mar 21 2018 04:22:19 GMT+0000 (UTC)
switching to IN_COMM
received secure communication message!
Received seqNum: 0
Handler: data received from server via secure communication
data1
Resp-actual/expected/ratio/ts: 1 1 1 1521606139976
Distribution protocol: TCP
Resp-actual/expected/ratio/ts: 1 2 0.5 1521606197531
connected to auth! from local port 41494
received auth hello!
{ authId: 402, nonce: <Buffer 9e e2 66 80 60 31 eb fb> }
received session key response encrypted with distribution key
replyNonce in sessionKeyResp: <Buffer c9 ef 7a 97 04 ab ba 20>
auth nonce verified
handleSessionKeyResp: session key request succeeded! authFailureCount: 0
received 1 keys
currentSessionKey: [object Object]
Status: Secure connection closed before starting a new connection.
Session protocol: TCP
chosen commSessionKey: 
{ id: 40200011,
  cipherKeyVal: <Buffer 14 ac 8e d9 15 38 e6 37 b6 fb 73 f9 d1 90 4d 17>,
  macKeyVal: <Buffer c7 c3 98 e8 a4 38 c0 62 32 09 98 53 7d dd 61 3c 88 18 c2 9c b8 7d d6 26 89 e3 75 7f 11 96 eb 52>,
  absValidity: 2018-03-22T04:23:17.650Z,
  relValidity: 7200000 }
options
{ serverHost: '10.0.1.17',
  serverPort: 22100,
  sessionKey: 
   { id: 40200011,
     cipherKeyVal: <Buffer 14 ac 8e d9 15 38 e6 37 b6 fb 73 f9 d1 90 4d 17>,
     macKeyVal: <Buffer c7 c3 98 e8 a4 38 c0 62 32 09 98 53 7d dd 61 3c 88 18 c2 9c b8 7d d6 26 89 e3 75 7f 11 96 eb 52>,
     absValidity: 2018-03-22T04:23:17.650Z,
     relValidity: 7200000 },
  sessionCryptoSpec: { cipher: 'AES-128-CBC', mac: 'SHA256' },
  sessionProtocol: 'TCP',
  handshakeTimeout: 50000 }
chosen nonce: <Buffer 45 77 ad b7 98 54 de f6>
switching to HANDSHAKE_1_SENT
disconnected from auth
Handler: secure connection with the server closed.
received session key handshake2!
client ret: [object Object]
server authenticated/authorized by solving nonce!
Handler: communication initialization succeeded
file data length: 1024
sending at Wed Mar 21 2018 04:23:19 GMT+0000 (UTC)
switching to IN_COMM
received secure communication message!
Received seqNum: 0
Handler: data received from server via secure communication
data1
Resp-actual/expected/ratio/ts: 2 2 1 1521606200240
Distribution protocol: TCP
Resp-actual/expected/ratio/ts: 2 3 0.6666666666666666 1521606257585
connected to auth! from local port 41766
received auth hello!
{ authId: 402, nonce: <Buffer 70 b4 f0 39 60 ab fb 58> }
received session key response encrypted with distribution key
replyNonce in sessionKeyResp: <Buffer 97 de f9 07 8b d9 1c 1a>
auth nonce verified
handleSessionKeyResp: session key request succeeded! authFailureCount: 0
received 1 keys
currentSessionKey: [object Object]
Status: Secure connection closed before starting a new connection.
Session protocol: TCP
chosen commSessionKey: 
{ id: 40200018,
  cipherKeyVal: <Buffer 13 8b 61 03 10 d2 4d 41 3f 2c 0e 14 a8 0c 7d 2e>,
  macKeyVal: <Buffer 0d 65 25 a7 5a fb b8 f3 8e f7 af cc bd 1f 35 a3 8d fe 0a 96 7a 48 67 58 91 80 aa 07 c5 cc c4 82>,
  absValidity: 2018-03-22T04:24:17.744Z,
  relValidity: 7200000 }
options
{ serverHost: '10.0.1.17',
  serverPort: 22100,
  sessionKey: 
   { id: 40200018,
     cipherKeyVal: <Buffer 13 8b 61 03 10 d2 4d 41 3f 2c 0e 14 a8 0c 7d 2e>,
     macKeyVal: <Buffer 0d 65 25 a7 5a fb b8 f3 8e f7 af cc bd 1f 35 a3 8d fe 0a 96 7a 48 67 58 91 80 aa 07 c5 cc c4 82>,
     absValidity: 2018-03-22T04:24:17.744Z,
     relValidity: 7200000 },
  sessionCryptoSpec: { cipher: 'AES-128-CBC', mac: 'SHA256' },
  sessionProtocol: 'TCP',
  handshakeTimeout: 50000 }
chosen nonce: <Buffer 60 8d b6 d4 2a 49 c5 6d>
switching to HANDSHAKE_1_SENT
disconnected from auth
Handler: secure connection with the server closed.
received session key handshake2!
client ret: [object Object]
server authenticated/authorized by solving nonce!
Handler: communication initialization succeeded
file data length: 1024
sending at Wed Mar 21 2018 04:24:19 GMT+0000 (UTC)
switching to IN_COMM
received secure communication message!
Received seqNum: 0
Handler: data received from server via secure communication
data1
Resp-actual/expected/ratio/ts: 3 3 1 1521606260080
Distribution protocol: TCP
Resp-actual/expected/ratio/ts: 3 4 0.75 1521606317641
connected to auth! from local port 42036
received auth hello!
{ authId: 402, nonce: <Buffer 12 f4 a1 df 7d 92 6a 2b> }
received session key response encrypted with distribution key
replyNonce in sessionKeyResp: <Buffer 46 1a ae 49 c0 a7 b7 bf>
auth nonce verified
handleSessionKeyResp: session key request succeeded! authFailureCount: 0
received 1 keys
currentSessionKey: [object Object]
Status: Secure connection closed before starting a new connection.
Session protocol: TCP
chosen commSessionKey: 
{ id: 40200025,
  cipherKeyVal: <Buffer 47 bd bd 69 77 94 1e a0 c4 4f fc e3 a3 58 21 82>,
  macKeyVal: <Buffer 01 aa f8 3e 83 f7 eb 96 7c 54 ed ff 5e 2f 9e c5 ca 3f d0 2f ad 62 08 83 d5 04 1f 9c 06 09 1d 87>,
  absValidity: 2018-03-22T04:25:17.770Z,
  relValidity: 7200000 }
options
{ serverHost: '10.0.1.17',
  serverPort: 22100,
  sessionKey: 
   { id: 40200025,
     cipherKeyVal: <Buffer 47 bd bd 69 77 94 1e a0 c4 4f fc e3 a3 58 21 82>,
     macKeyVal: <Buffer 01 aa f8 3e 83 f7 eb 96 7c 54 ed ff 5e 2f 9e c5 ca 3f d0 2f ad 62 08 83 d5 04 1f 9c 06 09 1d 87>,
     absValidity: 2018-03-22T04:25:17.770Z,
     relValidity: 7200000 },
  sessionCryptoSpec: { cipher: 'AES-128-CBC', mac: 'SHA256' },
  sessionProtocol: 'TCP',
  handshakeTimeout: 50000 }
chosen nonce: <Buffer 79 13 10 9e be fe 05 23>
switching to HANDSHAKE_1_SENT
disconnected from auth
Handler: secure connection with the server closed.
received session key handshake2!
client ret: [object Object]
server authenticated/authorized by solving nonce!
Handler: communication initialization succeeded
file data length: 1024
sending at Wed Mar 21 2018 04:25:19 GMT+0000 (UTC)
switching to IN_COMM
received secure communication message!
Received seqNum: 0
Handler: data received from server via secure communication
data1
Resp-actual/expected/ratio/ts: 4 4 1 1521606320051
Distribution protocol: TCP
Resp-actual/expected/ratio/ts: 4 5 0.8 1521606377680
connected to auth! from local port 42306
received auth hello!
{ authId: 402, nonce: <Buffer 73 db 3b 11 6e f4 f1 fd> }
received session key response encrypted with distribution key
replyNonce in sessionKeyResp: <Buffer af ff 69 39 b7 d5 fc 77>
auth nonce verified
handleSessionKeyResp: session key request succeeded! authFailureCount: 0
received 1 keys
currentSessionKey: [object Object]
Status: Secure connection closed before starting a new connection.
Session protocol: TCP
chosen commSessionKey: 
{ id: 40200032,
  cipherKeyVal: <Buffer 1f cb e0 9e d0 2b 09 af 17 b6 2d 6a 90 1e 60 1d>,
  macKeyVal: <Buffer 64 1b f9 90 5c 3f 9e 97 1e d4 9f a9 e8 3d 3f 8e 1a a7 6e 15 bb 40 d9 73 0d 70 3b 11 76 9e e4 e5>,
  absValidity: 2018-03-22T04:26:17.817Z,
  relValidity: 7200000 }
options
{ serverHost: '10.0.1.17',
  serverPort: 22100,
  sessionKey: 
   { id: 40200032,
     cipherKeyVal: <Buffer 1f cb e0 9e d0 2b 09 af 17 b6 2d 6a 90 1e 60 1d>,
     macKeyVal: <Buffer 64 1b f9 90 5c 3f 9e 97 1e d4 9f a9 e8 3d 3f 8e 1a a7 6e 15 bb 40 d9 73 0d 70 3b 11 76 9e e4 e5>,
     absValidity: 2018-03-22T04:26:17.817Z,
     relValidity: 7200000 },
  sessionCryptoSpec: { cipher: 'AES-128-CBC', mac: 'SHA256' },
  sessionProtocol: 'TCP',
  handshakeTimeout: 50000 }
chosen nonce: <Buffer 3b 0e 7f ea 27 0e be de>
switching to HANDSHAKE_1_SENT
Handler: secure connection with the server closed.
disconnected from auth
received session key handshake2!
client ret: [object Object]
server authenticated/authorized by solving nonce!
Handler: communication initialization succeeded
file data length: 1024
sending at Wed Mar 21 2018 04:26:19 GMT+0000 (UTC)
switching to IN_COMM
received secure communication message!
Received seqNum: 0
Handler: data received from server via secure communication
data1
Resp-actual/expected/ratio/ts: 5 5 1 1521606380196
Distribution protocol: TCP
Resp-actual/expected/ratio/ts: 5 6 0.8333333333333334 1521606437737
connected to auth! from local port 42576
received auth hello!
{ authId: 402, nonce: <Buffer d7 b0 c9 a0 a8 c2 8f e5> }
received session key response encrypted with distribution key
replyNonce in sessionKeyResp: <Buffer 85 c5 28 3d b8 b7 a6 1b>
auth nonce verified
handleSessionKeyResp: session key request succeeded! authFailureCount: 0
received 1 keys
currentSessionKey: [object Object]
Status: Secure connection closed before starting a new connection.
Session protocol: TCP
chosen commSessionKey: 
{ id: 40200039,
  cipherKeyVal: <Buffer a6 97 25 72 94 ca 9f 67 d3 b8 82 72 3d 7a fd d9>,
  macKeyVal: <Buffer 85 85 a9 14 2a 2f 18 08 f9 5b fa 51 ff 63 58 a6 01 7e e0 3b df 20 e2 a9 85 ac bd 83 2d f9 25 27>,
  absValidity: 2018-03-22T04:27:17.884Z,
  relValidity: 7200000 }
options
{ serverHost: '10.0.1.17',
  serverPort: 22100,
  sessionKey: 
   { id: 40200039,
     cipherKeyVal: <Buffer a6 97 25 72 94 ca 9f 67 d3 b8 82 72 3d 7a fd d9>,
     macKeyVal: <Buffer 85 85 a9 14 2a 2f 18 08 f9 5b fa 51 ff 63 58 a6 01 7e e0 3b df 20 e2 a9 85 ac bd 83 2d f9 25 27>,
     absValidity: 2018-03-22T04:27:17.884Z,
     relValidity: 7200000 },
  sessionCryptoSpec: { cipher: 'AES-128-CBC', mac: 'SHA256' },
  sessionProtocol: 'TCP',
  handshakeTimeout: 50000 }
chosen nonce: <Buffer b7 4f ca c5 c6 e3 a5 86>
switching to HANDSHAKE_1_SENT
disconnected from auth
Handler: secure connection with the server closed.
received session key handshake2!
client ret: [object Object]
server authenticated/authorized by solving nonce!
Handler: communication initialization succeeded
file data length: 1024
sending at Wed Mar 21 2018 04:27:19 GMT+0000 (UTC)
switching to IN_COMM
received secure communication message!
Received seqNum: 0
Handler: data received from server via secure communication
data1
Resp-actual/expected/ratio/ts: 6 6 1 1521606440186
Distribution protocol: TCP
Resp-actual/expected/ratio/ts: 6 7 0.8571428571428571 1521606497793
connected to auth! from local port 42846
received auth hello!
{ authId: 402, nonce: <Buffer ed 5d e3 a5 e6 97 4c fb> }
received session key response encrypted with distribution key
replyNonce in sessionKeyResp: <Buffer 22 1b 77 7e bc dd f8 ba>
auth nonce verified
handleSessionKeyResp: session key request succeeded! authFailureCount: 0
received 1 keys
currentSessionKey: [object Object]
Status: Secure connection closed before starting a new connection.
Session protocol: TCP
chosen commSessionKey: 
{ id: 40200046,
  cipherKeyVal: <Buffer 6f 1a 35 8c 34 92 61 79 39 65 02 74 50 0c 6f 40>,
  macKeyVal: <Buffer 77 80 2d dd bd 3a 0b d7 49 76 af f4 ed 7b d4 8c f2 b9 1b 7d 6c 6d 4e 1d 52 d1 2f 33 76 f7 c5 09>,
  absValidity: 2018-03-22T04:28:17.947Z,
  relValidity: 7200000 }
options
{ serverHost: '10.0.1.17',
  serverPort: 22100,
  sessionKey: 
   { id: 40200046,
     cipherKeyVal: <Buffer 6f 1a 35 8c 34 92 61 79 39 65 02 74 50 0c 6f 40>,
     macKeyVal: <Buffer 77 80 2d dd bd 3a 0b d7 49 76 af f4 ed 7b d4 8c f2 b9 1b 7d 6c 6d 4e 1d 52 d1 2f 33 76 f7 c5 09>,
     absValidity: 2018-03-22T04:28:17.947Z,
     relValidity: 7200000 },
  sessionCryptoSpec: { cipher: 'AES-128-CBC', mac: 'SHA256' },
  sessionProtocol: 'TCP',
  handshakeTimeout: 50000 }
chosen nonce: <Buffer 9d 56 11 ac 8f 36 e9 8c>
switching to HANDSHAKE_1_SENT
disconnected from auth
Handler: secure connection with the server closed.
received session key handshake2!
client ret: [object Object]
server authenticated/authorized by solving nonce!
Handler: communication initialization succeeded
file data length: 1024
sending at Wed Mar 21 2018 04:28:19 GMT+0000 (UTC)
switching to IN_COMM
received secure communication message!
Received seqNum: 0
Handler: data received from server via secure communication
data1
Resp-actual/expected/ratio/ts: 7 7 1 1521606500247
Distribution protocol: TCP
Resp-actual/expected/ratio/ts: 7 8 0.875 1521606557851
connected to auth! from local port 43116
received auth hello!
{ authId: 402, nonce: <Buffer 6a fa 15 b4 8a 4c ef 0f> }
received session key response encrypted with distribution key
replyNonce in sessionKeyResp: <Buffer 58 90 36 ae ac 0d 59 05>
auth nonce verified
handleSessionKeyResp: session key request succeeded! authFailureCount: 0
received 1 keys
currentSessionKey: [object Object]
Status: Secure connection closed before starting a new connection.
Session protocol: TCP
chosen commSessionKey: 
{ id: 40200053,
  cipherKeyVal: <Buffer ce ec 6d ec 09 45 f1 9c 0a b7 51 ff d9 2b 8c 96>,
  macKeyVal: <Buffer 01 99 a3 24 bf b5 db 6f 93 a0 a0 5e d2 f8 d6 f4 4a 9f 7f 9f 8f 16 fd 3d af bd ab a5 fa 78 5e cf>,
  absValidity: 2018-03-22T04:29:18.003Z,
  relValidity: 7200000 }
options
{ serverHost: '10.0.1.17',
  serverPort: 22100,
  sessionKey: 
   { id: 40200053,
     cipherKeyVal: <Buffer ce ec 6d ec 09 45 f1 9c 0a b7 51 ff d9 2b 8c 96>,
     macKeyVal: <Buffer 01 99 a3 24 bf b5 db 6f 93 a0 a0 5e d2 f8 d6 f4 4a 9f 7f 9f 8f 16 fd 3d af bd ab a5 fa 78 5e cf>,
     absValidity: 2018-03-22T04:29:18.003Z,
     relValidity: 7200000 },
  sessionCryptoSpec: { cipher: 'AES-128-CBC', mac: 'SHA256' },
  sessionProtocol: 'TCP',
  handshakeTimeout: 50000 }
chosen nonce: <Buffer 82 bd cc 53 07 53 38 87>
switching to HANDSHAKE_1_SENT
disconnected from auth
Handler: secure connection with the server closed.
received session key handshake2!
client ret: [object Object]
server authenticated/authorized by solving nonce!
Handler: communication initialization succeeded
file data length: 1024
sending at Wed Mar 21 2018 04:29:19 GMT+0000 (UTC)
switching to IN_COMM
received secure communication message!
Received seqNum: 0
Handler: data received from server via secure communication
data1
Resp-actual/expected/ratio/ts: 8 8 1 1521606560322
Distribution protocol: TCP
Resp-actual/expected/ratio/ts: 8 9 0.8888888888888888 1521606617909
connected to auth! from local port 43362
received auth hello!
{ authId: 402, nonce: <Buffer 1a 24 88 1a 13 10 b1 30> }
received session key response encrypted with distribution key
replyNonce in sessionKeyResp: <Buffer 99 f8 bb 1e 31 81 05 a6>
auth nonce verified
handleSessionKeyResp: session key request succeeded! authFailureCount: 0
received 1 keys
currentSessionKey: [object Object]
Status: Secure connection closed before starting a new connection.
Session protocol: TCP
chosen commSessionKey: 
{ id: 40200060,
  cipherKeyVal: <Buffer f7 ca 2f e6 fb 5e 9e 46 bc d5 24 3e c9 a8 8c 80>,
  macKeyVal: <Buffer be c8 ee 09 a0 f6 ff 0d 25 0e b0 4f d9 a8 cf 96 78 1e 21 ab 02 b5 a5 a5 da 6e 68 25 e8 eb 68 04>,
  absValidity: 2018-03-22T04:30:18.075Z,
  relValidity: 7200000 }
options
{ serverHost: '10.0.1.17',
  serverPort: 22100,
  sessionKey: 
   { id: 40200060,
     cipherKeyVal: <Buffer f7 ca 2f e6 fb 5e 9e 46 bc d5 24 3e c9 a8 8c 80>,
     macKeyVal: <Buffer be c8 ee 09 a0 f6 ff 0d 25 0e b0 4f d9 a8 cf 96 78 1e 21 ab 02 b5 a5 a5 da 6e 68 25 e8 eb 68 04>,
     absValidity: 2018-03-22T04:30:18.075Z,
     relValidity: 7200000 },
  sessionCryptoSpec: { cipher: 'AES-128-CBC', mac: 'SHA256' },
  sessionProtocol: 'TCP',
  handshakeTimeout: 50000 }
chosen nonce: <Buffer bf 02 59 ff 5e 38 db c5>
switching to HANDSHAKE_1_SENT
disconnected from auth
Handler: secure connection with the server closed.
received session key handshake2!
client ret: [object Object]
server authenticated/authorized by solving nonce!
Handler: communication initialization succeeded
file data length: 1024
sending at Wed Mar 21 2018 04:30:20 GMT+0000 (UTC)
switching to IN_COMM
received secure communication message!
Received seqNum: 0
Handler: data received from server via secure communication
data1
Resp-actual/expected/ratio/ts: 9 9 1 1521606620469
Distribution protocol: TCP
Resp-actual/expected/ratio/ts: 9 10 0.9 1521606677967
connected to auth! from local port 43618
received auth hello!
{ authId: 402, nonce: <Buffer 50 59 49 ed 78 20 9f 2e> }
received session key response encrypted with distribution key
replyNonce in sessionKeyResp: <Buffer 63 14 42 f5 ff fa 4e b6>
auth nonce verified
handleSessionKeyResp: session key request succeeded! authFailureCount: 0
received 1 keys
currentSessionKey: [object Object]
Status: Secure connection closed before starting a new connection.
Session protocol: TCP
chosen commSessionKey: 
{ id: 40200067,
  cipherKeyVal: <Buffer 3b df 2c 0c 91 29 4c fb 1d 03 c1 42 64 5b 52 0b>,
  macKeyVal: <Buffer c8 58 fe a0 39 40 ae b7 10 6c 68 c8 33 b3 0a e9 c2 89 97 dc bf 2a dd 2f 6e cc eb 97 99 29 13 71>,
  absValidity: 2018-03-22T04:31:18.093Z,
  relValidity: 7200000 }
options
{ serverHost: '10.0.1.17',
  serverPort: 22100,
  sessionKey: 
   { id: 40200067,
     cipherKeyVal: <Buffer 3b df 2c 0c 91 29 4c fb 1d 03 c1 42 64 5b 52 0b>,
     macKeyVal: <Buffer c8 58 fe a0 39 40 ae b7 10 6c 68 c8 33 b3 0a e9 c2 89 97 dc bf 2a dd 2f 6e cc eb 97 99 29 13 71>,
     absValidity: 2018-03-22T04:31:18.093Z,
     relValidity: 7200000 },
  sessionCryptoSpec: { cipher: 'AES-128-CBC', mac: 'SHA256' },
  sessionProtocol: 'TCP',
  handshakeTimeout: 50000 }
chosen nonce: <Buffer 7f 5c c7 9a 1e 29 7f 69>
switching to HANDSHAKE_1_SENT
disconnected from auth
Handler: secure connection with the server closed.
received session key handshake2!
client ret: [object Object]
server authenticated/authorized by solving nonce!
Handler: communication initialization succeeded
file data length: 1024
sending at Wed Mar 21 2018 04:31:20 GMT+0000 (UTC)
switching to IN_COMM
received secure communication message!
Received seqNum: 0
Handler: data received from server via secure communication
data1
Resp-actual/expected/ratio/ts: 10 10 1 1521606680434
Distribution protocol: TCP
Resp-actual/expected/ratio/ts: 10 11 0.9090909090909091 1521606737969
connected to auth! from local port 43894
received auth hello!
{ authId: 402, nonce: <Buffer a5 f6 a8 fb ef 91 92 ad> }
received session key response encrypted with distribution key
replyNonce in sessionKeyResp: <Buffer 49 6d ff ce 75 2c ba ac>
auth nonce verified
handleSessionKeyResp: session key request succeeded! authFailureCount: 0
received 1 keys
currentSessionKey: [object Object]
Status: Secure connection closed before starting a new connection.
Session protocol: TCP
chosen commSessionKey: 
{ id: 40200074,
  cipherKeyVal: <Buffer 06 e0 20 9c e1 aa 8c ea 30 61 24 0f f8 47 fd f1>,
  macKeyVal: <Buffer de b2 33 37 06 eb 60 73 c9 56 de 0c 14 1d 2f 51 d4 3b a3 c1 be 0e e7 4c fa 8f d7 8d 4f d9 f1 4b>,
  absValidity: 2018-03-22T04:32:18.114Z,
  relValidity: 7200000 }
options
{ serverHost: '10.0.1.17',
  serverPort: 22100,
  sessionKey: 
   { id: 40200074,
     cipherKeyVal: <Buffer 06 e0 20 9c e1 aa 8c ea 30 61 24 0f f8 47 fd f1>,
     macKeyVal: <Buffer de b2 33 37 06 eb 60 73 c9 56 de 0c 14 1d 2f 51 d4 3b a3 c1 be 0e e7 4c fa 8f d7 8d 4f d9 f1 4b>,
     absValidity: 2018-03-22T04:32:18.114Z,
     relValidity: 7200000 },
  sessionCryptoSpec: { cipher: 'AES-128-CBC', mac: 'SHA256' },
  sessionProtocol: 'TCP',
  handshakeTimeout: 50000 }
chosen nonce: <Buffer 23 27 5e 86 6e be 08 b0>
switching to HANDSHAKE_1_SENT
disconnected from auth
Handler: secure connection with the server closed.
received session key handshake2!
client ret: [object Object]
server authenticated/authorized by solving nonce!
Handler: communication initialization succeeded
file data length: 1024
sending at Wed Mar 21 2018 04:32:20 GMT+0000 (UTC)
switching to IN_COMM
received secure communication message!
Received seqNum: 0
Handler: data received from server via secure communication
data1
Resp-actual/expected/ratio/ts: 11 11 1 1521606740542
Distribution protocol: TCP
Resp-actual/expected/ratio/ts: 11 12 0.9166666666666666 1521606798011
connected to auth! from local port 44162
received auth hello!
{ authId: 402, nonce: <Buffer 38 82 d6 3b 8d 23 f7 15> }
received session key response encrypted with distribution key
replyNonce in sessionKeyResp: <Buffer e6 0b be d3 7e ae 8f 4a>
auth nonce verified
handleSessionKeyResp: session key request succeeded! authFailureCount: 0
received 1 keys
currentSessionKey: [object Object]
Status: Secure connection closed before starting a new connection.
Session protocol: TCP
chosen commSessionKey: 
{ id: 40200081,
  cipherKeyVal: <Buffer c4 42 e2 26 7c e5 0e e8 bf d9 69 77 a8 d3 e2 98>,
  macKeyVal: <Buffer 84 90 01 dc df 60 81 c5 8b 29 a2 0f 58 ff 4b f2 8e 0c 43 79 85 aa 0a d2 1a 0d 7a e9 6d f7 b6 1e>,
  absValidity: 2018-03-22T04:33:18.144Z,
  relValidity: 7200000 }
options
{ serverHost: '10.0.1.17',
  serverPort: 22100,
  sessionKey: 
   { id: 40200081,
     cipherKeyVal: <Buffer c4 42 e2 26 7c e5 0e e8 bf d9 69 77 a8 d3 e2 98>,
     macKeyVal: <Buffer 84 90 01 dc df 60 81 c5 8b 29 a2 0f 58 ff 4b f2 8e 0c 43 79 85 aa 0a d2 1a 0d 7a e9 6d f7 b6 1e>,
     absValidity: 2018-03-22T04:33:18.144Z,
     relValidity: 7200000 },
  sessionCryptoSpec: { cipher: 'AES-128-CBC', mac: 'SHA256' },
  sessionProtocol: 'TCP',
  handshakeTimeout: 50000 }
chosen nonce: <Buffer 77 33 ca 1b 6e a8 b9 89>
switching to HANDSHAKE_1_SENT
disconnected from auth
Handler: secure connection with the server closed.
received session key handshake2!
client ret: [object Object]
server authenticated/authorized by solving nonce!
Handler: communication initialization succeeded
file data length: 1024
sending at Wed Mar 21 2018 04:33:20 GMT+0000 (UTC)
switching to IN_COMM
received secure communication message!
Received seqNum: 0
Handler: data received from server via secure communication
data1
Resp-actual/expected/ratio/ts: 12 12 1 1521606800445
Distribution protocol: TCP
Resp-actual/expected/ratio/ts: 12 13 0.9230769230769231 1521606858069
connected to auth! from local port 44432
received auth hello!
{ authId: 402, nonce: <Buffer 76 3f b8 5b a9 8b a7 95> }
received session key response encrypted with distribution key
replyNonce in sessionKeyResp: <Buffer 43 73 d5 f5 19 87 61 7a>
auth nonce verified
handleSessionKeyResp: session key request succeeded! authFailureCount: 0
received 1 keys
currentSessionKey: [object Object]
Status: Secure connection closed before starting a new connection.
Session protocol: TCP
chosen commSessionKey: 
{ id: 40200088,
  cipherKeyVal: <Buffer f6 ff 69 f6 8d 8b 1a 71 1c 9c 3a 54 32 79 52 4c>,
  macKeyVal: <Buffer 20 e6 14 73 db 4e 36 2d ac ef e6 31 f5 a7 f0 de 8e ab fb 46 90 84 9a 02 94 fe fe 02 a6 59 dd da>,
  absValidity: 2018-03-22T04:34:18.202Z,
  relValidity: 7200000 }
options
{ serverHost: '10.0.1.17',
  serverPort: 22100,
  sessionKey: 
   { id: 40200088,
     cipherKeyVal: <Buffer f6 ff 69 f6 8d 8b 1a 71 1c 9c 3a 54 32 79 52 4c>,
     macKeyVal: <Buffer 20 e6 14 73 db 4e 36 2d ac ef e6 31 f5 a7 f0 de 8e ab fb 46 90 84 9a 02 94 fe fe 02 a6 59 dd da>,
     absValidity: 2018-03-22T04:34:18.202Z,
     relValidity: 7200000 },
  sessionCryptoSpec: { cipher: 'AES-128-CBC', mac: 'SHA256' },
  sessionProtocol: 'TCP',
  handshakeTimeout: 50000 }
chosen nonce: <Buffer 9d db 3b cc c1 f6 1e 92>
switching to HANDSHAKE_1_SENT
disconnected from auth
Handler: secure connection with the server closed.
received session key handshake2!
client ret: [object Object]
server authenticated/authorized by solving nonce!
Handler: communication initialization succeeded
file data length: 1024
sending at Wed Mar 21 2018 04:34:20 GMT+0000 (UTC)
switching to IN_COMM
received secure communication message!
Received seqNum: 0
Handler: data received from server via secure communication
data1
Resp-actual/expected/ratio/ts: 13 13 1 1521606860710
Distribution protocol: TCP
Resp-actual/expected/ratio/ts: 13 14 0.9285714285714286 1521606918127
connected to auth! from local port 44702
received auth hello!
{ authId: 402, nonce: <Buffer b1 fb 9f 8e a7 7a 34 da> }
received session key response encrypted with distribution key
replyNonce in sessionKeyResp: <Buffer 57 e2 c7 9d 85 64 e4 8a>
auth nonce verified
handleSessionKeyResp: session key request succeeded! authFailureCount: 0
received 1 keys
currentSessionKey: [object Object]
Status: Secure connection closed before starting a new connection.
Session protocol: TCP
chosen commSessionKey: 
{ id: 40200095,
  cipherKeyVal: <Buffer 5b 23 f7 04 30 45 e4 aa a9 cc fa 46 e0 75 8d 23>,
  macKeyVal: <Buffer 4c 23 a2 6e a2 db e6 f4 80 cf ec dd a0 ea 49 49 ef e5 69 9d 24 ae 4d 8b 52 f5 ac f4 a1 ee 4e 06>,
  absValidity: 2018-03-22T04:35:18.275Z,
  relValidity: 7200000 }
options
{ serverHost: '10.0.1.17',
  serverPort: 22100,
  sessionKey: 
   { id: 40200095,
     cipherKeyVal: <Buffer 5b 23 f7 04 30 45 e4 aa a9 cc fa 46 e0 75 8d 23>,
     macKeyVal: <Buffer 4c 23 a2 6e a2 db e6 f4 80 cf ec dd a0 ea 49 49 ef e5 69 9d 24 ae 4d 8b 52 f5 ac f4 a1 ee 4e 06>,
     absValidity: 2018-03-22T04:35:18.275Z,
     relValidity: 7200000 },
  sessionCryptoSpec: { cipher: 'AES-128-CBC', mac: 'SHA256' },
  sessionProtocol: 'TCP',
  handshakeTimeout: 50000 }
chosen nonce: <Buffer b8 2a c3 c0 be d8 96 c5>
switching to HANDSHAKE_1_SENT
disconnected from auth
Handler: secure connection with the server closed.
received session key handshake2!
client ret: [object Object]
server authenticated/authorized by solving nonce!
Handler: communication initialization succeeded
file data length: 1024
sending at Wed Mar 21 2018 04:35:20 GMT+0000 (UTC)
switching to IN_COMM
received secure communication message!
Received seqNum: 0
Handler: data received from server via secure communication
data1
Resp-actual/expected/ratio/ts: 14 14 1 1521606921036
Distribution protocol: TCP
Resp-actual/expected/ratio/ts: 14 15 0.9333333333333333 1521606978181
connected to auth! from local port 44972
received auth hello!
{ authId: 402, nonce: <Buffer 2e 8e ab b9 00 77 49 9d> }
received session key response encrypted with distribution key
replyNonce in sessionKeyResp: <Buffer 1a 8c 82 d6 73 ea c1 35>
auth nonce verified
handleSessionKeyResp: session key request succeeded! authFailureCount: 0
received 1 keys
currentSessionKey: [object Object]
Status: Secure connection closed before starting a new connection.
Session protocol: TCP
chosen commSessionKey: 
{ id: 40200102,
  cipherKeyVal: <Buffer 85 30 86 d1 9b 60 37 35 fe d1 13 6c cc 58 13 2c>,
  macKeyVal: <Buffer 29 8a 41 e0 ba aa 52 9b f4 5b a3 6c 0d 8e 6f 46 16 6e ff 8f 49 57 ef 50 f2 0c 24 fe 72 0e ad 67>,
  absValidity: 2018-03-22T04:36:18.320Z,
  relValidity: 7200000 }
options
{ serverHost: '10.0.1.17',
  serverPort: 22100,
  sessionKey: 
   { id: 40200102,
     cipherKeyVal: <Buffer 85 30 86 d1 9b 60 37 35 fe d1 13 6c cc 58 13 2c>,
     macKeyVal: <Buffer 29 8a 41 e0 ba aa 52 9b f4 5b a3 6c 0d 8e 6f 46 16 6e ff 8f 49 57 ef 50 f2 0c 24 fe 72 0e ad 67>,
     absValidity: 2018-03-22T04:36:18.320Z,
     relValidity: 7200000 },
  sessionCryptoSpec: { cipher: 'AES-128-CBC', mac: 'SHA256' },
  sessionProtocol: 'TCP',
  handshakeTimeout: 50000 }
chosen nonce: <Buffer 43 10 b6 ac d4 de e9 f5>
switching to HANDSHAKE_1_SENT
disconnected from auth
Handler: secure connection with the server closed.
received session key handshake2!
client ret: [object Object]
server authenticated/authorized by solving nonce!
Handler: communication initialization succeeded
file data length: 1024
sending at Wed Mar 21 2018 04:36:20 GMT+0000 (UTC)
switching to IN_COMM
received secure communication message!
Received seqNum: 0
Handler: data received from server via secure communication
data1
Resp-actual/expected/ratio/ts: 15 15 1 1521606980738
Distribution protocol: TCP
Resp-actual/expected/ratio/ts: 15 16 0.9375 1521607038193
connected to auth! from local port 45246
received auth hello!
{ authId: 402, nonce: <Buffer 72 cb e3 67 b4 d7 b8 53> }
received session key response encrypted with distribution key
replyNonce in sessionKeyResp: <Buffer 82 ad 9a 6e 72 06 13 b9>
auth nonce verified
handleSessionKeyResp: session key request succeeded! authFailureCount: 0
received 1 keys
currentSessionKey: [object Object]
Status: Secure connection closed before starting a new connection.
Session protocol: TCP
chosen commSessionKey: 
{ id: 40200109,
  cipherKeyVal: <Buffer 26 4b 3a ab 0e 1c 8a aa f4 2f ee 1b 20 d3 ca 27>,
  macKeyVal: <Buffer 82 18 68 6f 09 b1 c7 c6 1b 7d 0e 92 08 59 4e 7a f3 24 a3 ea 03 1c 49 74 03 0d 8c a9 c1 27 4a ee>,
  absValidity: 2018-03-22T04:37:18.303Z,
  relValidity: 7200000 }
options
{ serverHost: '10.0.1.17',
  serverPort: 22100,
  sessionKey: 
   { id: 40200109,
     cipherKeyVal: <Buffer 26 4b 3a ab 0e 1c 8a aa f4 2f ee 1b 20 d3 ca 27>,
     macKeyVal: <Buffer 82 18 68 6f 09 b1 c7 c6 1b 7d 0e 92 08 59 4e 7a f3 24 a3 ea 03 1c 49 74 03 0d 8c a9 c1 27 4a ee>,
     absValidity: 2018-03-22T04:37:18.303Z,
     relValidity: 7200000 },
  sessionCryptoSpec: { cipher: 'AES-128-CBC', mac: 'SHA256' },
  sessionProtocol: 'TCP',
  handshakeTimeout: 50000 }
disconnected from auth
chosen nonce: <Buffer 92 f2 74 e4 ce be df 6a>
switching to HANDSHAKE_1_SENT
Handler: secure connection with the server closed.
received session key handshake2!
client ret: [object Object]
server authenticated/authorized by solving nonce!
Handler: communication initialization succeeded
file data length: 1024
sending at Wed Mar 21 2018 04:37:20 GMT+0000 (UTC)
switching to IN_COMM
received secure communication message!
Received seqNum: 0
Handler: data received from server via secure communication
data1
Resp-actual/expected/ratio/ts: 16 16 1 1521607040764
Distribution protocol: TCP
Resp-actual/expected/ratio/ts: 16 17 0.9411764705882353 1521607098251
connected to auth! from local port 45512
received auth hello!
{ authId: 402, nonce: <Buffer 84 bc 7c 97 a7 f0 4e 71> }
received session key response encrypted with distribution key
replyNonce in sessionKeyResp: <Buffer ec 8c aa 5b 89 d7 55 f7>
auth nonce verified
handleSessionKeyResp: session key request succeeded! authFailureCount: 0
received 1 keys
currentSessionKey: [object Object]
Status: Secure connection closed before starting a new connection.
Session protocol: TCP
chosen commSessionKey: 
{ id: 40200116,
  cipherKeyVal: <Buffer 55 c6 a2 75 1c e9 d2 ee 6d 34 49 2a 84 77 f9 b1>,
  macKeyVal: <Buffer 21 88 6d d6 55 7d 5c 5e b5 9e e1 65 a7 4f 02 d0 23 1f f9 8a 6d ef 93 ca 5f 41 d7 32 be a4 b0 3e>,
  absValidity: 2018-03-22T04:38:18.364Z,
  relValidity: 7200000 }
options
{ serverHost: '10.0.1.17',
  serverPort: 22100,
  sessionKey: 
   { id: 40200116,
     cipherKeyVal: <Buffer 55 c6 a2 75 1c e9 d2 ee 6d 34 49 2a 84 77 f9 b1>,
     macKeyVal: <Buffer 21 88 6d d6 55 7d 5c 5e b5 9e e1 65 a7 4f 02 d0 23 1f f9 8a 6d ef 93 ca 5f 41 d7 32 be a4 b0 3e>,
     absValidity: 2018-03-22T04:38:18.364Z,
     relValidity: 7200000 },
  sessionCryptoSpec: { cipher: 'AES-128-CBC', mac: 'SHA256' },
  sessionProtocol: 'TCP',
  handshakeTimeout: 50000 }
chosen nonce: <Buffer 2e 22 67 96 8e 3a 4f 73>
switching to HANDSHAKE_1_SENT
disconnected from auth
Handler: secure connection with the server closed.
received session key handshake2!
client ret: [object Object]
server authenticated/authorized by solving nonce!
Handler: communication initialization succeeded
file data length: 1024
sending at Wed Mar 21 2018 04:38:20 GMT+0000 (UTC)
switching to IN_COMM
received secure communication message!
Received seqNum: 0
Handler: data received from server via secure communication
data1
Resp-actual/expected/ratio/ts: 17 17 1 1521607100777
Distribution protocol: TCP
Resp-actual/expected/ratio/ts: 17 18 0.9444444444444444 1521607158308
connected to auth! from local port 45786
received auth hello!
{ authId: 402, nonce: <Buffer a8 f7 b2 a3 36 3f a1 1d> }
received session key response encrypted with distribution key
replyNonce in sessionKeyResp: <Buffer 4e 45 38 ab 51 ae 6d 1b>
auth nonce verified
handleSessionKeyResp: session key request succeeded! authFailureCount: 0
received 1 keys
currentSessionKey: [object Object]
Status: Secure connection closed before starting a new connection.
Session protocol: TCP
chosen commSessionKey: 
{ id: 40200123,
  cipherKeyVal: <Buffer 02 c9 3f aa d9 df e8 ef a2 b6 37 04 62 a8 8d 14>,
  macKeyVal: <Buffer 1b 87 ee c2 91 d3 0e 46 6f 1b 68 d7 0d d4 ab db 6f b0 63 a0 88 fb db ed 61 86 8e 5c f9 97 29 db>,
  absValidity: 2018-03-22T04:39:18.437Z,
  relValidity: 7200000 }
options
{ serverHost: '10.0.1.17',
  serverPort: 22100,
  sessionKey: 
   { id: 40200123,
     cipherKeyVal: <Buffer 02 c9 3f aa d9 df e8 ef a2 b6 37 04 62 a8 8d 14>,
     macKeyVal: <Buffer 1b 87 ee c2 91 d3 0e 46 6f 1b 68 d7 0d d4 ab db 6f b0 63 a0 88 fb db ed 61 86 8e 5c f9 97 29 db>,
     absValidity: 2018-03-22T04:39:18.437Z,
     relValidity: 7200000 },
  sessionCryptoSpec: { cipher: 'AES-128-CBC', mac: 'SHA256' },
  sessionProtocol: 'TCP',
  handshakeTimeout: 50000 }
chosen nonce: <Buffer 2e e8 eb 03 5b d2 39 77>
switching to HANDSHAKE_1_SENT
disconnected from auth
Handler: secure connection with the server closed.
received session key handshake2!
client ret: [object Object]
server authenticated/authorized by solving nonce!
Handler: communication initialization succeeded
file data length: 1024
sending at Wed Mar 21 2018 04:39:20 GMT+0000 (UTC)
switching to IN_COMM
received secure communication message!
Received seqNum: 0
Handler: data received from server via secure communication
data1
Resp-actual/expected/ratio/ts: 18 18 1 1521607161000
Distribution protocol: TCP
Resp-actual/expected/ratio/ts: 18 19 0.9473684210526315 1521607218365
connected to auth! from local port 46052
received auth hello!
{ authId: 402, nonce: <Buffer 86 09 ec 7b 50 03 02 40> }
received session key response encrypted with distribution key
replyNonce in sessionKeyResp: <Buffer 1c 7a 4b 16 a1 a6 50 7e>
auth nonce verified
handleSessionKeyResp: session key request succeeded! authFailureCount: 0
received 1 keys
currentSessionKey: [object Object]
Status: Secure connection closed before starting a new connection.
Session protocol: TCP
chosen commSessionKey: 
{ id: 40200130,
  cipherKeyVal: <Buffer 89 22 62 b1 e9 72 53 4a d6 70 9d cf 4f cf b9 b6>,
  macKeyVal: <Buffer a0 1c 06 bd 17 71 df dd 73 03 4b ca 0e 3b ca 64 88 e4 16 0d 5f fd 6d a3 78 ad 5b fe f5 10 4c 92>,
  absValidity: 2018-03-22T04:40:18.531Z,
  relValidity: 7200000 }
options
{ serverHost: '10.0.1.17',
  serverPort: 22100,
  sessionKey: 
   { id: 40200130,
     cipherKeyVal: <Buffer 89 22 62 b1 e9 72 53 4a d6 70 9d cf 4f cf b9 b6>,
     macKeyVal: <Buffer a0 1c 06 bd 17 71 df dd 73 03 4b ca 0e 3b ca 64 88 e4 16 0d 5f fd 6d a3 78 ad 5b fe f5 10 4c 92>,
     absValidity: 2018-03-22T04:40:18.531Z,
     relValidity: 7200000 },
  sessionCryptoSpec: { cipher: 'AES-128-CBC', mac: 'SHA256' },
  sessionProtocol: 'TCP',
  handshakeTimeout: 50000 }
chosen nonce: <Buffer fc dd 34 d8 9b 05 67 89>
switching to HANDSHAKE_1_SENT
disconnected from auth
Handler: secure connection with the server closed.
received session key handshake2!
client ret: [object Object]
server authenticated/authorized by solving nonce!
Handler: communication initialization succeeded
file data length: 1024
sending at Wed Mar 21 2018 04:40:20 GMT+0000 (UTC)
switching to IN_COMM
received secure communication message!
Received seqNum: 0
Handler: data received from server via secure communication
data1
Resp-actual/expected/ratio/ts: 19 19 1 1521607220930
Distribution protocol: TCP
Resp-actual/expected/ratio/ts: 19 20 0.95 1521607278423
connected to auth! from local port 46326
received auth hello!
{ authId: 402, nonce: <Buffer f7 a9 cb 9f f9 89 de ef> }
received session key response encrypted with distribution key
replyNonce in sessionKeyResp: <Buffer 13 dd 8e e6 89 ce e1 81>
auth nonce verified
handleSessionKeyResp: session key request succeeded! authFailureCount: 0
received 1 keys
currentSessionKey: [object Object]
Status: Secure connection closed before starting a new connection.
Session protocol: TCP
chosen commSessionKey: 
{ id: 40200137,
  cipherKeyVal: <Buffer 8d f1 3a 22 c3 49 d1 bd f9 08 82 a8 0c bc b4 44>,
  macKeyVal: <Buffer f1 a6 f7 6d 91 ea 08 8c af 77 66 be 31 ad 9b 62 59 bf b8 bd 95 5c 73 59 1e b4 5f b1 44 29 b9 d6>,
  absValidity: 2018-03-22T04:41:18.566Z,
  relValidity: 7200000 }
options
{ serverHost: '10.0.1.17',
  serverPort: 22100,
  sessionKey: 
   { id: 40200137,
     cipherKeyVal: <Buffer 8d f1 3a 22 c3 49 d1 bd f9 08 82 a8 0c bc b4 44>,
     macKeyVal: <Buffer f1 a6 f7 6d 91 ea 08 8c af 77 66 be 31 ad 9b 62 59 bf b8 bd 95 5c 73 59 1e b4 5f b1 44 29 b9 d6>,
     absValidity: 2018-03-22T04:41:18.566Z,
     relValidity: 7200000 },
  sessionCryptoSpec: { cipher: 'AES-128-CBC', mac: 'SHA256' },
  sessionProtocol: 'TCP',
  handshakeTimeout: 50000 }
chosen nonce: <Buffer 67 7e fa 53 f7 a5 29 1c>
switching to HANDSHAKE_1_SENT
disconnected from auth
Handler: secure connection with the server closed.
received session key handshake2!
client ret: [object Object]
server authenticated/authorized by solving nonce!
Handler: communication initialization succeeded
file data length: 1024
sending at Wed Mar 21 2018 04:41:20 GMT+0000 (UTC)
switching to IN_COMM
received secure communication message!
Received seqNum: 0
Handler: data received from server via secure communication
data1
Resp-actual/expected/ratio/ts: 20 20 1 1521607280863
Distribution protocol: TCP
Resp-actual/expected/ratio/ts: 20 21 0.9523809523809523 1521607338477
connected to auth! from local port 46592
received auth hello!
{ authId: 402, nonce: <Buffer 97 ef 21 af 8b 0c 4a b4> }
received session key response encrypted with distribution key
replyNonce in sessionKeyResp: <Buffer 90 e1 93 ce fc bb 38 cc>
auth nonce verified
handleSessionKeyResp: session key request succeeded! authFailureCount: 0
received 1 keys
currentSessionKey: [object Object]
Status: Secure connection closed before starting a new connection.
Session protocol: TCP
chosen commSessionKey: 
{ id: 40200144,
  cipherKeyVal: <Buffer 6b 7c f3 a0 11 f6 85 51 2c 35 31 d8 17 cd 2f d2>,
  macKeyVal: <Buffer f3 a6 ff 4e f8 04 f6 86 7c 93 eb 1c 2b 9f 44 2e 7c 5e c2 04 f8 5e d2 b7 0e e8 e1 4d 9d 4a f6 83>,
  absValidity: 2018-03-22T04:42:18.625Z,
  relValidity: 7200000 }
options
{ serverHost: '10.0.1.17',
  serverPort: 22100,
  sessionKey: 
   { id: 40200144,
     cipherKeyVal: <Buffer 6b 7c f3 a0 11 f6 85 51 2c 35 31 d8 17 cd 2f d2>,
     macKeyVal: <Buffer f3 a6 ff 4e f8 04 f6 86 7c 93 eb 1c 2b 9f 44 2e 7c 5e c2 04 f8 5e d2 b7 0e e8 e1 4d 9d 4a f6 83>,
     absValidity: 2018-03-22T04:42:18.625Z,
     relValidity: 7200000 },
  sessionCryptoSpec: { cipher: 'AES-128-CBC', mac: 'SHA256' },
  sessionProtocol: 'TCP',
  handshakeTimeout: 50000 }
chosen nonce: <Buffer 1b 1e 1f 35 d3 d9 37 7e>
switching to HANDSHAKE_1_SENT
disconnected from auth
Handler: secure connection with the server closed.
received session key handshake2!
client ret: [object Object]
server authenticated/authorized by solving nonce!
Handler: communication initialization succeeded
file data length: 1024
sending at Wed Mar 21 2018 04:42:20 GMT+0000 (UTC)
switching to IN_COMM
received secure communication message!
Received seqNum: 0
Handler: data received from server via secure communication
data1
Resp-actual/expected/ratio/ts: 21 21 1 1521607340987
Distribution protocol: TCP
Resp-actual/expected/ratio/ts: 21 22 0.9545454545454546 1521607398533
connected to auth! from local port 46862
received auth hello!
{ authId: 402, nonce: <Buffer 3c 26 49 17 79 ab 17 fe> }
received session key response encrypted with distribution key
replyNonce in sessionKeyResp: <Buffer e8 34 14 83 17 a6 1c 76>
auth nonce verified
handleSessionKeyResp: session key request succeeded! authFailureCount: 0
received 1 keys
currentSessionKey: [object Object]
Status: Secure connection closed before starting a new connection.
Session protocol: TCP
chosen commSessionKey: 
{ id: 40200151,
  cipherKeyVal: <Buffer 34 8c 7a 41 81 d6 2f 9e 39 32 be 7a d2 f4 79 84>,
  macKeyVal: <Buffer e7 d4 33 e0 2f f4 08 84 3f e1 5f 0a 2a 89 d1 78 e6 3e 94 75 19 90 1b 6c 9c e2 f2 ac 56 2f 39 45>,
  absValidity: 2018-03-22T04:43:18.664Z,
  relValidity: 7200000 }
options
{ serverHost: '10.0.1.17',
  serverPort: 22100,
  sessionKey: 
   { id: 40200151,
     cipherKeyVal: <Buffer 34 8c 7a 41 81 d6 2f 9e 39 32 be 7a d2 f4 79 84>,
     macKeyVal: <Buffer e7 d4 33 e0 2f f4 08 84 3f e1 5f 0a 2a 89 d1 78 e6 3e 94 75 19 90 1b 6c 9c e2 f2 ac 56 2f 39 45>,
     absValidity: 2018-03-22T04:43:18.664Z,
     relValidity: 7200000 },
  sessionCryptoSpec: { cipher: 'AES-128-CBC', mac: 'SHA256' },
  sessionProtocol: 'TCP',
  handshakeTimeout: 50000 }
chosen nonce: <Buffer ae f2 95 6f 07 71 3b 65>
switching to HANDSHAKE_1_SENT
disconnected from auth
Handler: secure connection with the server closed.
received session key handshake2!
client ret: [object Object]
server authenticated/authorized by solving nonce!
Handler: communication initialization succeeded
file data length: 1024
sending at Wed Mar 21 2018 04:43:20 GMT+0000 (UTC)
switching to IN_COMM
received secure communication message!
Received seqNum: 0
Handler: data received from server via secure communication
data1
Resp-actual/expected/ratio/ts: 22 22 1 1521607401045
Distribution protocol: TCP
Resp-actual/expected/ratio/ts: 22 23 0.9565217391304348 1521607458565
connected to auth! from local port 47136
received auth hello!
{ authId: 402, nonce: <Buffer 9f 8d 74 6c 64 82 e8 55> }
received session key response encrypted with distribution key
replyNonce in sessionKeyResp: <Buffer 65 8b e9 8e b5 d1 ed 02>
auth nonce verified
handleSessionKeyResp: session key request succeeded! authFailureCount: 0
received 1 keys
currentSessionKey: [object Object]
Status: Secure connection closed before starting a new connection.
Session protocol: TCP
chosen commSessionKey: 
{ id: 40200158,
  cipherKeyVal: <Buffer 1f 1c 3c f2 f4 8e 1c a4 4c 20 c6 6a 01 4e 99 1f>,
  macKeyVal: <Buffer 43 21 d3 04 50 25 d0 be ff 7d dd 28 d7 28 2b ab f9 4d 2a 60 e0 c4 4c 63 1b 21 a9 54 41 5d 0c 14>,
  absValidity: 2018-03-22T04:44:18.732Z,
  relValidity: 7200000 }
options
{ serverHost: '10.0.1.17',
  serverPort: 22100,
  sessionKey: 
   { id: 40200158,
     cipherKeyVal: <Buffer 1f 1c 3c f2 f4 8e 1c a4 4c 20 c6 6a 01 4e 99 1f>,
     macKeyVal: <Buffer 43 21 d3 04 50 25 d0 be ff 7d dd 28 d7 28 2b ab f9 4d 2a 60 e0 c4 4c 63 1b 21 a9 54 41 5d 0c 14>,
     absValidity: 2018-03-22T04:44:18.732Z,
     relValidity: 7200000 },
  sessionCryptoSpec: { cipher: 'AES-128-CBC', mac: 'SHA256' },
  sessionProtocol: 'TCP',
  handshakeTimeout: 50000 }
chosen nonce: <Buffer cc 18 ab 75 83 4f 76 e1>
switching to HANDSHAKE_1_SENT
disconnected from auth
Handler: secure connection with the server closed.
received session key handshake2!
client ret: [object Object]
server authenticated/authorized by solving nonce!
Handler: communication initialization succeeded
file data length: 1024
sending at Wed Mar 21 2018 04:44:20 GMT+0000 (UTC)
switching to IN_COMM
received secure communication message!
Received seqNum: 0
Handler: data received from server via secure communication
data1
Resp-actual/expected/ratio/ts: 23 23 1 1521607461150
Distribution protocol: TCP
Resp-actual/expected/ratio/ts: 23 24 0.9583333333333334 1521607518623
connected to auth! from local port 47402
received auth hello!
{ authId: 402, nonce: <Buffer f2 7a c9 95 c0 3f 80 60> }
received session key response encrypted with distribution key
replyNonce in sessionKeyResp: <Buffer aa 9f 60 d6 ce 27 91 e7>
auth nonce verified
handleSessionKeyResp: session key request succeeded! authFailureCount: 0
received 1 keys
currentSessionKey: [object Object]
Status: Secure connection closed before starting a new connection.
Session protocol: TCP
chosen commSessionKey: 
{ id: 40200165,
  cipherKeyVal: <Buffer b0 59 5b 5f a7 7c 3f 16 9f 99 f5 25 b2 15 a2 7a>,
  macKeyVal: <Buffer 0d a0 37 71 88 53 9d bd 27 b5 af d3 4e 6f b0 81 9f e6 83 2f cd e2 a7 a9 2b 81 7d b5 20 3b 9c 49>,
  absValidity: 2018-03-22T04:45:18.765Z,
  relValidity: 7200000 }
options
{ serverHost: '10.0.1.17',
  serverPort: 22100,
  sessionKey: 
   { id: 40200165,
     cipherKeyVal: <Buffer b0 59 5b 5f a7 7c 3f 16 9f 99 f5 25 b2 15 a2 7a>,
     macKeyVal: <Buffer 0d a0 37 71 88 53 9d bd 27 b5 af d3 4e 6f b0 81 9f e6 83 2f cd e2 a7 a9 2b 81 7d b5 20 3b 9c 49>,
     absValidity: 2018-03-22T04:45:18.765Z,
     relValidity: 7200000 },
  sessionCryptoSpec: { cipher: 'AES-128-CBC', mac: 'SHA256' },
  sessionProtocol: 'TCP',
  handshakeTimeout: 50000 }
chosen nonce: <Buffer 13 7e ea 2e 2d cd 90 dd>
switching to HANDSHAKE_1_SENT
disconnected from auth
Handler: secure connection with the server closed.
received session key handshake2!
client ret: [object Object]
server authenticated/authorized by solving nonce!
Handler: communication initialization succeeded
file data length: 1024
sending at Wed Mar 21 2018 04:45:20 GMT+0000 (UTC)
switching to IN_COMM
received secure communication message!
Received seqNum: 0
Handler: data received from server via secure communication
data1
Resp-actual/expected/ratio/ts: 24 24 1 1521607521319
Distribution protocol: TCP
Resp-actual/expected/ratio/ts: 24 25 0.96 1521607578681
connected to auth! from local port 47672
received auth hello!
{ authId: 402, nonce: <Buffer 83 be 43 b1 4e 8c 16 2d> }
received session key response encrypted with distribution key
replyNonce in sessionKeyResp: <Buffer 5e 81 f2 f3 e4 66 5b ce>
auth nonce verified
handleSessionKeyResp: session key request succeeded! authFailureCount: 0
received 1 keys
currentSessionKey: [object Object]
Status: Secure connection closed before starting a new connection.
Session protocol: TCP
chosen commSessionKey: 
{ id: 40200172,
  cipherKeyVal: <Buffer e4 da 69 f0 29 a1 8d 12 ce 6d 2a 5f 76 cd ee dc>,
  macKeyVal: <Buffer a0 ca 79 8c 84 2d 7c 82 49 d6 76 d3 1f 2c a7 81 26 c1 e8 3e 53 92 aa ac f2 bc 37 22 f2 13 f1 8a>,
  absValidity: 2018-03-22T04:46:18.798Z,
  relValidity: 7200000 }
options
{ serverHost: '10.0.1.17',
  serverPort: 22100,
  sessionKey: 
   { id: 40200172,
     cipherKeyVal: <Buffer e4 da 69 f0 29 a1 8d 12 ce 6d 2a 5f 76 cd ee dc>,
     macKeyVal: <Buffer a0 ca 79 8c 84 2d 7c 82 49 d6 76 d3 1f 2c a7 81 26 c1 e8 3e 53 92 aa ac f2 bc 37 22 f2 13 f1 8a>,
     absValidity: 2018-03-22T04:46:18.798Z,
     relValidity: 7200000 },
  sessionCryptoSpec: { cipher: 'AES-128-CBC', mac: 'SHA256' },
  sessionProtocol: 'TCP',
  handshakeTimeout: 50000 }
chosen nonce: <Buffer 9f fe c8 b0 4e 1a 29 b3>
switching to HANDSHAKE_1_SENT
disconnected from auth
Handler: secure connection with the server closed.
received session key handshake2!
client ret: [object Object]
server authenticated/authorized by solving nonce!
Handler: communication initialization succeeded
file data length: 1024
sending at Wed Mar 21 2018 04:46:20 GMT+0000 (UTC)
switching to IN_COMM
received secure communication message!
Received seqNum: 0
Handler: data received from server via secure communication
data1
Resp-actual/expected/ratio/ts: 25 25 1 1521607581368
Distribution protocol: TCP
Resp-actual/expected/ratio/ts: 25 26 0.9615384615384616 1521607638737
connected to auth! from local port 47946
received auth hello!
{ authId: 402, nonce: <Buffer b6 b2 ab 3d 06 42 cc fc> }
received session key response encrypted with distribution key
replyNonce in sessionKeyResp: <Buffer 21 9b 92 48 09 e8 17 46>
auth nonce verified
handleSessionKeyResp: session key request succeeded! authFailureCount: 0
received 1 keys
currentSessionKey: [object Object]
Status: Secure connection closed before starting a new connection.
Session protocol: TCP
chosen commSessionKey: 
{ id: 40200179,
  cipherKeyVal: <Buffer 54 88 9a 59 7c 4e 8d 09 96 1a 06 70 3e af 57 2c>,
  macKeyVal: <Buffer f4 2f 99 4e bd 53 d6 be e1 85 b6 bd d6 20 4a e6 aa 5d e3 dc 92 c4 93 08 5d 65 82 b9 ec be 6b 45>,
  absValidity: 2018-03-22T04:47:18.864Z,
  relValidity: 7200000 }
options
{ serverHost: '10.0.1.17',
  serverPort: 22100,
  sessionKey: 
   { id: 40200179,
     cipherKeyVal: <Buffer 54 88 9a 59 7c 4e 8d 09 96 1a 06 70 3e af 57 2c>,
     macKeyVal: <Buffer f4 2f 99 4e bd 53 d6 be e1 85 b6 bd d6 20 4a e6 aa 5d e3 dc 92 c4 93 08 5d 65 82 b9 ec be 6b 45>,
     absValidity: 2018-03-22T04:47:18.864Z,
     relValidity: 7200000 },
  sessionCryptoSpec: { cipher: 'AES-128-CBC', mac: 'SHA256' },
  sessionProtocol: 'TCP',
  handshakeTimeout: 50000 }
chosen nonce: <Buffer 92 d7 f4 aa a8 45 a8 4a>
switching to HANDSHAKE_1_SENT
disconnected from auth
Handler: secure connection with the server closed.
received session key handshake2!
client ret: [object Object]
server authenticated/authorized by solving nonce!
Handler: communication initialization succeeded
file data length: 1024
sending at Wed Mar 21 2018 04:47:20 GMT+0000 (UTC)
switching to IN_COMM
received secure communication message!
Received seqNum: 0
Handler: data received from server via secure communication
data1
Resp-actual/expected/ratio/ts: 26 26 1 1521607641193
Distribution protocol: TCP
Resp-actual/expected/ratio/ts: 26 27 0.9629629629629629 1521607698795
connected to auth! from local port 48212
received auth hello!
{ authId: 402, nonce: <Buffer 2f e6 69 e2 b6 63 90 73> }
received session key response encrypted with distribution key
replyNonce in sessionKeyResp: <Buffer 17 6b 4e f1 15 e7 ff 16>
auth nonce verified
handleSessionKeyResp: session key request succeeded! authFailureCount: 0
received 1 keys
currentSessionKey: [object Object]
Status: Secure connection closed before starting a new connection.
Session protocol: TCP
chosen commSessionKey: 
{ id: 40200186,
  cipherKeyVal: <Buffer f5 c5 03 df a2 84 23 fa aa 15 6b b8 e7 df 30 f7>,
  macKeyVal: <Buffer 42 8d 28 c7 5c c7 fb c8 28 95 0d a5 9d e3 04 74 0a b3 d1 b4 02 43 fe 60 d2 4b e2 3a 2a 68 1d d2>,
  absValidity: 2018-03-22T04:48:18.939Z,
  relValidity: 7200000 }
options
{ serverHost: '10.0.1.17',
  serverPort: 22100,
  sessionKey: 
   { id: 40200186,
     cipherKeyVal: <Buffer f5 c5 03 df a2 84 23 fa aa 15 6b b8 e7 df 30 f7>,
     macKeyVal: <Buffer 42 8d 28 c7 5c c7 fb c8 28 95 0d a5 9d e3 04 74 0a b3 d1 b4 02 43 fe 60 d2 4b e2 3a 2a 68 1d d2>,
     absValidity: 2018-03-22T04:48:18.939Z,
     relValidity: 7200000 },
  sessionCryptoSpec: { cipher: 'AES-128-CBC', mac: 'SHA256' },
  sessionProtocol: 'TCP',
  handshakeTimeout: 50000 }
chosen nonce: <Buffer bd 6a 89 16 13 a9 fc 75>
switching to HANDSHAKE_1_SENT
disconnected from auth
Handler: secure connection with the server closed.
received session key handshake2!
client ret: [object Object]
server authenticated/authorized by solving nonce!
Handler: communication initialization succeeded
file data length: 1024
sending at Wed Mar 21 2018 04:48:20 GMT+0000 (UTC)
switching to IN_COMM
received secure communication message!
Received seqNum: 0
Handler: data received from server via secure communication
data1
Resp-actual/expected/ratio/ts: 27 27 1 1521607701399
Distribution protocol: TCP
Resp-actual/expected/ratio/ts: 27 28 0.9642857142857143 1521607758853
connected to auth! from local port 48482
received auth hello!
{ authId: 402, nonce: <Buffer 9d 60 de 51 4d f3 b5 7f> }
received session key response encrypted with distribution key
replyNonce in sessionKeyResp: <Buffer 40 93 36 3c eb 42 bc a3>
auth nonce verified
handleSessionKeyResp: session key request succeeded! authFailureCount: 0
received 1 keys
currentSessionKey: [object Object]
Status: Secure connection closed before starting a new connection.
Session protocol: TCP
chosen commSessionKey: 
{ id: 40200193,
  cipherKeyVal: <Buffer d2 c7 73 5f eb 78 1e ef cb af 12 2d 23 97 19 67>,
  macKeyVal: <Buffer c5 2c 05 99 59 9c 0f 36 5e be 64 ac ec 71 b4 d3 31 e1 d2 01 f2 9f 7f 97 d6 b0 b4 d7 bb 16 34 e0>,
  absValidity: 2018-03-22T04:49:18.998Z,
  relValidity: 7200000 }
options
{ serverHost: '10.0.1.17',
  serverPort: 22100,
  sessionKey: 
   { id: 40200193,
     cipherKeyVal: <Buffer d2 c7 73 5f eb 78 1e ef cb af 12 2d 23 97 19 67>,
     macKeyVal: <Buffer c5 2c 05 99 59 9c 0f 36 5e be 64 ac ec 71 b4 d3 31 e1 d2 01 f2 9f 7f 97 d6 b0 b4 d7 bb 16 34 e0>,
     absValidity: 2018-03-22T04:49:18.998Z,
     relValidity: 7200000 },
  sessionCryptoSpec: { cipher: 'AES-128-CBC', mac: 'SHA256' },
  sessionProtocol: 'TCP',
  handshakeTimeout: 50000 }
disconnected from auth
chosen nonce: <Buffer a1 0c 61 28 ac dc 6e de>
switching to HANDSHAKE_1_SENT
Handler: secure connection with the server closed.
received session key handshake2!
client ret: [object Object]
server authenticated/authorized by solving nonce!
Handler: communication initialization succeeded
file data length: 1024
sending at Wed Mar 21 2018 04:49:20 GMT+0000 (UTC)
switching to IN_COMM
received secure communication message!
Received seqNum: 0
Handler: data received from server via secure communication
data1
Resp-actual/expected/ratio/ts: 28 28 1 1521607761660
