changing working directory to: /home/hokeunkim/Development/iotauth/entity/node/example_entities
loading from config file: /home/hokeunkim/Development/iotauth_experiments/experiments/ccs2017/expOptions/expEntity.option
Experimental options for autoClient: { autoSendPeriod: 60000,
  useSameSessionKeyCount: 1,
  connectionTimeout: 50000,
  migrationEnabled: true,
  authFailureThreshold: 2,
  migrationFailureThreshold: 2 }
loading from config file: /home/hokeunkim/Development/iotauth/entity/node/example_entities/configs/Clients/c405.config
initializing...
current parameters: { numKeysPerRequest: 3,
  migrationEnabled: false,
  authFailureThreshold: 3,
  migrationFailureThreshold: 3 }
current parameters: { numKeysPerRequest: 1,
  migrationEnabled: false,
  authFailureThreshold: 3,
  migrationFailureThreshold: 3 }
current parameters: { numKeysPerRequest: 1,
  migrationEnabled: true,
  authFailureThreshold: 3,
  migrationFailureThreshold: 3 }
current parameters: { numKeysPerRequest: 1,
  migrationEnabled: true,
  authFailureThreshold: 2,
  migrationFailureThreshold: 3 }
current parameters: { numKeysPerRequest: 1,
  migrationEnabled: true,
  authFailureThreshold: 2,
  migrationFailureThreshold: 2 }
current entityInfo: { name: 'c405',
  group: 'Clients',
  distProtocol: 'TCP',
  usePermanentDistKey: false,
  connectionTimeout: 50000,
  privateKey: <Buffer 2d 2d 2d 2d 2d 42 45 47 49 4e 20 52 53 41 20 50 52 49 56 41 54 45 20 4b 45 59 2d 2d 2d 2d 2d 0a 4d 49 49 45 70 51 49 42 41 41 4b 43 41 51 45 41 76 4b ... > }
Distribution protocol: TCP
Resp-actual/expected/ratio/ts: 0 1 0 1521595260353
connected to auth! from local port 60298
received auth hello!
{ authId: 401, nonce: <Buffer a5 39 6a f6 32 7f d8 89> }
received session key response with distribution key attached!
auth signature verified
replyNonce in sessionKeyResp: <Buffer e1 15 2a f2 20 01 0f 90>
auth nonce verified
handleSessionKeyResp: session key request succeeded! authFailureCount: 0
updating distribution key: { cipherKeyVal: <Buffer 06 ca 06 4f 00 ae 46 a9 1b f2 f2 77 6e 4b d5 bf>,
  macKeyVal: <Buffer 51 f1 24 2b c4 fd 59 c2 f2 32 ed 62 e4 b1 a0 9a b7 44 9b 37 c4 00 3c 91 78 f2 18 f7 5a 08 74 09>,
  absValidity: 2018-03-21T02:21:00.538Z }
received 1 keys
currentSessionKey: [object Object]
Session protocol: TCP
chosen commSessionKey: 
{ id: 40100563,
  cipherKeyVal: <Buffer 67 e8 c0 34 0e 3e 8a 1d 49 94 f0 be 74 ec b4 91>,
  macKeyVal: <Buffer 20 6a 03 12 bb af 97 0d 7e 45 e8 b8 a1 be 01 3f 15 57 4e 81 98 24 90 cb 80 a5 e7 3c b3 e3 22 38>,
  absValidity: 2018-03-22T01:21:00.537Z,
  relValidity: 7200000 }
options
{ serverHost: '10.0.1.10',
  serverPort: 22100,
  sessionKey: 
   { id: 40100563,
     cipherKeyVal: <Buffer 67 e8 c0 34 0e 3e 8a 1d 49 94 f0 be 74 ec b4 91>,
     macKeyVal: <Buffer 20 6a 03 12 bb af 97 0d 7e 45 e8 b8 a1 be 01 3f 15 57 4e 81 98 24 90 cb 80 a5 e7 3c b3 e3 22 38>,
     absValidity: 2018-03-22T01:21:00.537Z,
     relValidity: 7200000 },
  sessionCryptoSpec: { cipher: 'AES-128-CBC', mac: 'SHA256' },
  sessionProtocol: 'TCP',
  handshakeTimeout: 50000 }
chosen nonce: <Buffer 15 96 81 71 d4 c8 dc 46>
switching to HANDSHAKE_1_SENT
disconnected from auth
received session key handshake2!
client ret: [object Object]
server authenticated/authorized by solving nonce!
Handler: communication initialization succeeded
file data length: 1024
sending at Wed Mar 21 2018 01:21:01 GMT+0000 (UTC)
switching to IN_COMM
received secure communication message!
Received seqNum: 0
Handler: data received from server via secure communication
data1
Resp-actual/expected/ratio/ts: 1 1 1 1521595261510
Distribution protocol: TCP
Resp-actual/expected/ratio/ts: 1 2 0.5 1521595320413
connected to auth! from local port 60436
received auth hello!
{ authId: 401, nonce: <Buffer d7 7d dc f7 1e 2a 6f d4> }
received session key response encrypted with distribution key
replyNonce in sessionKeyResp: <Buffer 67 f5 49 68 25 ea 9d 21>
auth nonce verified
handleSessionKeyResp: session key request succeeded! authFailureCount: 0
received 1 keys
currentSessionKey: [object Object]
Status: Secure connection closed before starting a new connection.
Session protocol: TCP
chosen commSessionKey: 
{ id: 40100569,
  cipherKeyVal: <Buffer 79 26 3a 35 45 4e 6c f1 93 8b b2 cf 51 46 c4 50>,
  macKeyVal: <Buffer b9 ef 09 02 e7 39 68 17 d8 7f 93 16 8b 33 5f a1 61 50 e6 7a e0 24 28 87 7a b8 c1 30 ac b1 4b ca>,
  absValidity: 2018-03-22T01:22:00.535Z,
  relValidity: 7200000 }
options
{ serverHost: '10.0.1.10',
  serverPort: 22100,
  sessionKey: 
   { id: 40100569,
     cipherKeyVal: <Buffer 79 26 3a 35 45 4e 6c f1 93 8b b2 cf 51 46 c4 50>,
     macKeyVal: <Buffer b9 ef 09 02 e7 39 68 17 d8 7f 93 16 8b 33 5f a1 61 50 e6 7a e0 24 28 87 7a b8 c1 30 ac b1 4b ca>,
     absValidity: 2018-03-22T01:22:00.535Z,
     relValidity: 7200000 },
  sessionCryptoSpec: { cipher: 'AES-128-CBC', mac: 'SHA256' },
  sessionProtocol: 'TCP',
  handshakeTimeout: 50000 }
chosen nonce: <Buffer 95 98 e3 db 07 a8 32 94>
switching to HANDSHAKE_1_SENT
disconnected from auth
Handler: secure connection with the server closed.
received session key handshake2!
client ret: [object Object]
server authenticated/authorized by solving nonce!
Handler: communication initialization succeeded
file data length: 1024
sending at Wed Mar 21 2018 01:22:01 GMT+0000 (UTC)
switching to IN_COMM
received secure communication message!
Received seqNum: 0
Handler: data received from server via secure communication
data1
Resp-actual/expected/ratio/ts: 2 2 1 1521595321425
Distribution protocol: TCP
Resp-actual/expected/ratio/ts: 2 3 0.6666666666666666 1521595380433
connected to auth! from local port 60684
received auth hello!
{ authId: 401, nonce: <Buffer e8 a5 44 e2 ed 1b 78 f6> }
received session key response encrypted with distribution key
replyNonce in sessionKeyResp: <Buffer f3 7b 21 18 1a eb f1 ac>
auth nonce verified
handleSessionKeyResp: session key request succeeded! authFailureCount: 0
received 1 keys
currentSessionKey: [object Object]
Status: Secure connection closed before starting a new connection.
Session protocol: TCP
chosen commSessionKey: 
{ id: 40100575,
  cipherKeyVal: <Buffer 06 ca ae d7 11 86 da ab 03 bd 0e 37 73 7b ff f8>,
  macKeyVal: <Buffer bc f4 a7 d3 47 b2 4c 63 53 0d e8 fd ff eb 2b 04 dc 07 3c f7 c0 41 f8 46 c7 fb 1e a3 49 63 9f 5f>,
  absValidity: 2018-03-22T01:23:00.591Z,
  relValidity: 7200000 }
options
{ serverHost: '10.0.1.10',
  serverPort: 22100,
  sessionKey: 
   { id: 40100575,
     cipherKeyVal: <Buffer 06 ca ae d7 11 86 da ab 03 bd 0e 37 73 7b ff f8>,
     macKeyVal: <Buffer bc f4 a7 d3 47 b2 4c 63 53 0d e8 fd ff eb 2b 04 dc 07 3c f7 c0 41 f8 46 c7 fb 1e a3 49 63 9f 5f>,
     absValidity: 2018-03-22T01:23:00.591Z,
     relValidity: 7200000 },
  sessionCryptoSpec: { cipher: 'AES-128-CBC', mac: 'SHA256' },
  sessionProtocol: 'TCP',
  handshakeTimeout: 50000 }
chosen nonce: <Buffer 9c 0b 36 e0 71 1c 61 bf>
switching to HANDSHAKE_1_SENT
disconnected from auth
Handler: secure connection with the server closed.
received session key handshake2!
client ret: [object Object]
server authenticated/authorized by solving nonce!
Handler: communication initialization succeeded
file data length: 1024
sending at Wed Mar 21 2018 01:23:01 GMT+0000 (UTC)
switching to IN_COMM
received secure communication message!
Received seqNum: 0
Handler: data received from server via secure communication
data1
Resp-actual/expected/ratio/ts: 3 3 1 1521595381439
Distribution protocol: TCP
Resp-actual/expected/ratio/ts: 3 4 0.75 1521595440465
connected to auth! from local port 60954
received auth hello!
{ authId: 401, nonce: <Buffer 1f 74 f5 b1 d7 83 62 e9> }
received session key response encrypted with distribution key
replyNonce in sessionKeyResp: <Buffer 9c 17 fe 92 a4 1f bd c2>
auth nonce verified
handleSessionKeyResp: session key request succeeded! authFailureCount: 0
received 1 keys
currentSessionKey: [object Object]
Status: Secure connection closed before starting a new connection.
Session protocol: TCP
chosen commSessionKey: 
{ id: 40100581,
  cipherKeyVal: <Buffer b3 04 81 d9 b2 f4 dc 8a 6d 79 95 5d 1a 48 e2 9c>,
  macKeyVal: <Buffer 6a e8 3a 13 7a 68 b6 77 7c 4e f9 d4 d3 4e 7a 9f 7f 3b 6d 17 e3 bd 1d f7 28 4c 70 96 8f 9c 9a 30>,
  absValidity: 2018-03-22T01:24:00.595Z,
  relValidity: 7200000 }
options
{ serverHost: '10.0.1.10',
  serverPort: 22100,
  sessionKey: 
   { id: 40100581,
     cipherKeyVal: <Buffer b3 04 81 d9 b2 f4 dc 8a 6d 79 95 5d 1a 48 e2 9c>,
     macKeyVal: <Buffer 6a e8 3a 13 7a 68 b6 77 7c 4e f9 d4 d3 4e 7a 9f 7f 3b 6d 17 e3 bd 1d f7 28 4c 70 96 8f 9c 9a 30>,
     absValidity: 2018-03-22T01:24:00.595Z,
     relValidity: 7200000 },
  sessionCryptoSpec: { cipher: 'AES-128-CBC', mac: 'SHA256' },
  sessionProtocol: 'TCP',
  handshakeTimeout: 50000 }
chosen nonce: <Buffer 66 aa 96 72 6d 8b 74 8c>
switching to HANDSHAKE_1_SENT
disconnected from auth
Handler: secure connection with the server closed.
received session key handshake2!
client ret: [object Object]
server authenticated/authorized by solving nonce!
Handler: communication initialization succeeded
file data length: 1024
sending at Wed Mar 21 2018 01:24:01 GMT+0000 (UTC)
switching to IN_COMM
received secure communication message!
Received seqNum: 0
Handler: data received from server via secure communication
data1
Resp-actual/expected/ratio/ts: 4 4 1 1521595441595
Distribution protocol: TCP
Resp-actual/expected/ratio/ts: 4 5 0.8 1521595500518
connected to auth! from local port 32992
received auth hello!
{ authId: 401, nonce: <Buffer db 79 83 37 da c4 a4 2f> }
received session key response encrypted with distribution key
replyNonce in sessionKeyResp: <Buffer ad 5a 24 1d 99 d0 5e 87>
auth nonce verified
handleSessionKeyResp: session key request succeeded! authFailureCount: 0
received 1 keys
currentSessionKey: [object Object]
Status: Secure connection closed before starting a new connection.
Session protocol: TCP
chosen commSessionKey: 
{ id: 40100587,
  cipherKeyVal: <Buffer 47 44 9c 10 6c 5d 96 20 45 d6 52 fc c5 7b e7 1d>,
  macKeyVal: <Buffer 7f d8 48 81 b4 9c f5 2f 95 4e dc 52 7f c0 b1 64 d2 0b 59 6c 87 72 7a 8f 97 d9 1c 0e bd 1b a1 90>,
  absValidity: 2018-03-22T01:25:00.650Z,
  relValidity: 7200000 }
options
{ serverHost: '10.0.1.10',
  serverPort: 22100,
  sessionKey: 
   { id: 40100587,
     cipherKeyVal: <Buffer 47 44 9c 10 6c 5d 96 20 45 d6 52 fc c5 7b e7 1d>,
     macKeyVal: <Buffer 7f d8 48 81 b4 9c f5 2f 95 4e dc 52 7f c0 b1 64 d2 0b 59 6c 87 72 7a 8f 97 d9 1c 0e bd 1b a1 90>,
     absValidity: 2018-03-22T01:25:00.650Z,
     relValidity: 7200000 },
  sessionCryptoSpec: { cipher: 'AES-128-CBC', mac: 'SHA256' },
  sessionProtocol: 'TCP',
  handshakeTimeout: 50000 }
chosen nonce: <Buffer f1 9b 4a 6e 8f b5 a7 1a>
switching to HANDSHAKE_1_SENT
disconnected from auth
Handler: secure connection with the server closed.
received session key handshake2!
client ret: [object Object]
server authenticated/authorized by solving nonce!
Handler: communication initialization succeeded
file data length: 1024
sending at Wed Mar 21 2018 01:25:01 GMT+0000 (UTC)
switching to IN_COMM
received secure communication message!
Received seqNum: 0
Handler: data received from server via secure communication
data1
Resp-actual/expected/ratio/ts: 5 5 1 1521595501582
Distribution protocol: TCP
Resp-actual/expected/ratio/ts: 5 6 0.8333333333333334 1521595560573
connected to auth! from local port 33262
received auth hello!
{ authId: 401, nonce: <Buffer 17 e9 c8 59 33 f8 fe 14> }
received session key response encrypted with distribution key
replyNonce in sessionKeyResp: <Buffer 1a 35 69 8d ff 5e ab 58>
auth nonce verified
handleSessionKeyResp: session key request succeeded! authFailureCount: 0
received 1 keys
currentSessionKey: [object Object]
Status: Secure connection closed before starting a new connection.
Session protocol: TCP
chosen commSessionKey: 
{ id: 40100593,
  cipherKeyVal: <Buffer 62 32 81 89 8a e7 60 75 49 86 51 c5 b9 93 09 1e>,
  macKeyVal: <Buffer 9d 99 0a d1 73 04 ad 27 88 91 b8 87 00 d9 28 17 06 e4 2c 70 d7 44 b7 0d 6f 65 79 a1 af d2 33 23>,
  absValidity: 2018-03-22T01:26:00.698Z,
  relValidity: 7200000 }
options
{ serverHost: '10.0.1.10',
  serverPort: 22100,
  sessionKey: 
   { id: 40100593,
     cipherKeyVal: <Buffer 62 32 81 89 8a e7 60 75 49 86 51 c5 b9 93 09 1e>,
     macKeyVal: <Buffer 9d 99 0a d1 73 04 ad 27 88 91 b8 87 00 d9 28 17 06 e4 2c 70 d7 44 b7 0d 6f 65 79 a1 af d2 33 23>,
     absValidity: 2018-03-22T01:26:00.698Z,
     relValidity: 7200000 },
  sessionCryptoSpec: { cipher: 'AES-128-CBC', mac: 'SHA256' },
  sessionProtocol: 'TCP',
  handshakeTimeout: 50000 }
chosen nonce: <Buffer 57 76 30 89 12 d5 4d 62>
switching to HANDSHAKE_1_SENT
disconnected from auth
Handler: secure connection with the server closed.
received session key handshake2!
client ret: [object Object]
server authenticated/authorized by solving nonce!
Handler: communication initialization succeeded
file data length: 1024
sending at Wed Mar 21 2018 01:26:01 GMT+0000 (UTC)
switching to IN_COMM
received secure communication message!
Received seqNum: 0
Handler: data received from server via secure communication
data1
Resp-actual/expected/ratio/ts: 6 6 1 1521595561602
Distribution protocol: TCP
Resp-actual/expected/ratio/ts: 6 7 0.8571428571428571 1521595620629
connected to auth! from local port 33532
received auth hello!
{ authId: 401, nonce: <Buffer 69 ed c1 56 58 af b3 4f> }
received session key response encrypted with distribution key
replyNonce in sessionKeyResp: <Buffer c9 5d 9d 3a 00 61 2f f6>
auth nonce verified
handleSessionKeyResp: session key request succeeded! authFailureCount: 0
received 1 keys
currentSessionKey: [object Object]
Status: Secure connection closed before starting a new connection.
Session protocol: TCP
chosen commSessionKey: 
{ id: 40100599,
  cipherKeyVal: <Buffer e5 af e4 4d 0b 52 52 fd 09 07 2b d4 2c 18 fc bd>,
  macKeyVal: <Buffer 23 dc fb 99 8a 81 f4 82 85 50 52 31 b5 0d a1 a0 59 93 2b 0b cf 9f cb b8 71 54 f5 6d 85 d4 ca 5f>,
  absValidity: 2018-03-22T01:27:00.773Z,
  relValidity: 7200000 }
options
{ serverHost: '10.0.1.10',
  serverPort: 22100,
  sessionKey: 
   { id: 40100599,
     cipherKeyVal: <Buffer e5 af e4 4d 0b 52 52 fd 09 07 2b d4 2c 18 fc bd>,
     macKeyVal: <Buffer 23 dc fb 99 8a 81 f4 82 85 50 52 31 b5 0d a1 a0 59 93 2b 0b cf 9f cb b8 71 54 f5 6d 85 d4 ca 5f>,
     absValidity: 2018-03-22T01:27:00.773Z,
     relValidity: 7200000 },
  sessionCryptoSpec: { cipher: 'AES-128-CBC', mac: 'SHA256' },
  sessionProtocol: 'TCP',
  handshakeTimeout: 50000 }
chosen nonce: <Buffer 15 35 3c 13 4a 16 f4 23>
switching to HANDSHAKE_1_SENT
disconnected from auth
Handler: secure connection with the server closed.
received session key handshake2!
client ret: [object Object]
server authenticated/authorized by solving nonce!
Handler: communication initialization succeeded
file data length: 1024
sending at Wed Mar 21 2018 01:27:01 GMT+0000 (UTC)
switching to IN_COMM
received secure communication message!
Received seqNum: 0
Handler: data received from server via secure communication
data1
Resp-actual/expected/ratio/ts: 7 7 1 1521595621645
Distribution protocol: TCP
Resp-actual/expected/ratio/ts: 7 8 0.875 1521595680689
connected to auth! from local port 33802
received auth hello!
{ authId: 401, nonce: <Buffer 7e c0 3f 61 25 b6 9a 2a> }
received session key response encrypted with distribution key
replyNonce in sessionKeyResp: <Buffer 4c c7 1a ea 33 70 78 98>
auth nonce verified
handleSessionKeyResp: session key request succeeded! authFailureCount: 0
received 1 keys
currentSessionKey: [object Object]
Status: Secure connection closed before starting a new connection.
Session protocol: TCP
chosen commSessionKey: 
{ id: 40100605,
  cipherKeyVal: <Buffer e2 e0 62 82 46 e2 1d c7 64 5e 57 00 e2 21 d0 48>,
  macKeyVal: <Buffer 17 36 96 81 ef 45 ed 8a 48 92 d0 b8 9c bf be c7 34 02 c1 5b 75 ca 23 cc a8 5c 31 53 f3 cc 88 87>,
  absValidity: 2018-03-22T01:28:00.839Z,
  relValidity: 7200000 }
options
{ serverHost: '10.0.1.10',
  serverPort: 22100,
  sessionKey: 
   { id: 40100605,
     cipherKeyVal: <Buffer e2 e0 62 82 46 e2 1d c7 64 5e 57 00 e2 21 d0 48>,
     macKeyVal: <Buffer 17 36 96 81 ef 45 ed 8a 48 92 d0 b8 9c bf be c7 34 02 c1 5b 75 ca 23 cc a8 5c 31 53 f3 cc 88 87>,
     absValidity: 2018-03-22T01:28:00.839Z,
     relValidity: 7200000 },
  sessionCryptoSpec: { cipher: 'AES-128-CBC', mac: 'SHA256' },
  sessionProtocol: 'TCP',
  handshakeTimeout: 50000 }
chosen nonce: <Buffer c0 67 c2 a4 6a 56 49 b0>
switching to HANDSHAKE_1_SENT
disconnected from auth
Handler: secure connection with the server closed.
received session key handshake2!
client ret: [object Object]
server authenticated/authorized by solving nonce!
Handler: communication initialization succeeded
file data length: 1024
sending at Wed Mar 21 2018 01:28:01 GMT+0000 (UTC)
switching to IN_COMM
received secure communication message!
Received seqNum: 0
Handler: data received from server via secure communication
data1
Resp-actual/expected/ratio/ts: 8 8 1 1521595681759
Distribution protocol: TCP
Resp-actual/expected/ratio/ts: 8 9 0.8888888888888888 1521595740745
connected to auth! from local port 34052
received auth hello!
{ authId: 401, nonce: <Buffer da 3f a1 5a 55 87 1f ad> }
received session key response encrypted with distribution key
replyNonce in sessionKeyResp: <Buffer c5 32 43 a7 6d 79 c1 2b>
auth nonce verified
handleSessionKeyResp: session key request succeeded! authFailureCount: 0
received 1 keys
currentSessionKey: [object Object]
Status: Secure connection closed before starting a new connection.
Session protocol: TCP
chosen commSessionKey: 
{ id: 40100611,
  cipherKeyVal: <Buffer 23 c1 50 0f 3f 9c 62 84 b9 dc be 50 1e f9 d0 d9>,
  macKeyVal: <Buffer 32 f1 89 df 90 3c f2 65 02 dd 95 77 16 14 ae 84 f8 12 e2 cb b3 aa 3d 2f c8 eb 39 1f d9 38 1b 0c>,
  absValidity: 2018-03-22T01:29:00.868Z,
  relValidity: 7200000 }
options
{ serverHost: '10.0.1.10',
  serverPort: 22100,
  sessionKey: 
   { id: 40100611,
     cipherKeyVal: <Buffer 23 c1 50 0f 3f 9c 62 84 b9 dc be 50 1e f9 d0 d9>,
     macKeyVal: <Buffer 32 f1 89 df 90 3c f2 65 02 dd 95 77 16 14 ae 84 f8 12 e2 cb b3 aa 3d 2f c8 eb 39 1f d9 38 1b 0c>,
     absValidity: 2018-03-22T01:29:00.868Z,
     relValidity: 7200000 },
  sessionCryptoSpec: { cipher: 'AES-128-CBC', mac: 'SHA256' },
  sessionProtocol: 'TCP',
  handshakeTimeout: 50000 }
chosen nonce: <Buffer 5e 3d 01 1e f0 3d 87 f1>
switching to HANDSHAKE_1_SENT
disconnected from auth
Handler: secure connection with the server closed.
received session key handshake2!
client ret: [object Object]
server authenticated/authorized by solving nonce!
Handler: communication initialization succeeded
file data length: 1024
sending at Wed Mar 21 2018 01:29:01 GMT+0000 (UTC)
switching to IN_COMM
received secure communication message!
Received seqNum: 0
Handler: data received from server via secure communication
data1
Resp-actual/expected/ratio/ts: 9 9 1 1521595741716
Distribution protocol: TCP
Resp-actual/expected/ratio/ts: 9 10 0.9 1521595800788
connected to auth! from local port 34244
received auth hello!
{ authId: 401, nonce: <Buffer d2 23 7a d0 fe 09 5c d8> }
received session key response encrypted with distribution key
replyNonce in sessionKeyResp: <Buffer 82 fb 6e bd 0a e7 ae f2>
auth nonce verified
handleSessionKeyResp: session key request succeeded! authFailureCount: 0
received 1 keys
currentSessionKey: [object Object]
Status: Secure connection closed before starting a new connection.
Session protocol: TCP
chosen commSessionKey: 
{ id: 40100617,
  cipherKeyVal: <Buffer f0 6d 68 e7 d0 4e db b4 38 66 51 6d fb cc bc 16>,
  macKeyVal: <Buffer 77 37 23 72 f6 78 46 5c 89 aa 62 92 e9 5f ce 30 0d ff 11 80 6a c1 73 87 6a bc 10 fe 79 d4 b7 28>,
  absValidity: 2018-03-22T01:30:03.657Z,
  relValidity: 7200000 }
options
{ serverHost: '10.0.1.10',
  serverPort: 22100,
  sessionKey: 
   { id: 40100617,
     cipherKeyVal: <Buffer f0 6d 68 e7 d0 4e db b4 38 66 51 6d fb cc bc 16>,
     macKeyVal: <Buffer 77 37 23 72 f6 78 46 5c 89 aa 62 92 e9 5f ce 30 0d ff 11 80 6a c1 73 87 6a bc 10 fe 79 d4 b7 28>,
     absValidity: 2018-03-22T01:30:03.657Z,
     relValidity: 7200000 },
  sessionCryptoSpec: { cipher: 'AES-128-CBC', mac: 'SHA256' },
  sessionProtocol: 'TCP',
  handshakeTimeout: 50000 }
chosen nonce: <Buffer 04 40 8a 32 b4 41 58 4a>
switching to HANDSHAKE_1_SENT
disconnected from auth
Handler: secure connection with the server closed.
received session key handshake2!
client ret: [object Object]
server authenticated/authorized by solving nonce!
Handler: communication initialization succeeded
file data length: 1024
sending at Wed Mar 21 2018 01:30:17 GMT+0000 (UTC)
switching to IN_COMM
received secure communication message!
Received seqNum: 0
Handler: data received from server via secure communication
data1
Resp-actual/expected/ratio/ts: 10 10 1 1521595817459
Distribution protocol: TCP
Resp-actual/expected/ratio/ts: 10 11 0.9090909090909091 1521595860809
connected to auth! from local port 34472
received auth hello!
{ authId: 401, nonce: <Buffer 1a 80 bd 98 29 57 cd 30> }
received session key response encrypted with distribution key
replyNonce in sessionKeyResp: <Buffer 1b d4 69 09 89 28 99 0e>
auth nonce verified
handleSessionKeyResp: session key request succeeded! authFailureCount: 0
received 1 keys
currentSessionKey: [object Object]
Status: Secure connection closed before starting a new connection.
Session protocol: TCP
chosen commSessionKey: 
{ id: 40100623,
  cipherKeyVal: <Buffer 29 5f 6e 59 fc 9d 7f a6 90 4b b0 9a ec 4b d7 04>,
  macKeyVal: <Buffer 27 3c 1a fc 7c d2 62 0b 16 ba ce c6 3b c2 c7 eb 7f 84 8e 1a fc 2e f7 ee 65 5f b3 7e 80 b3 93 15>,
  absValidity: 2018-03-22T01:31:02.920Z,
  relValidity: 7200000 }
options
{ serverHost: '10.0.1.10',
  serverPort: 22100,
  sessionKey: 
   { id: 40100623,
     cipherKeyVal: <Buffer 29 5f 6e 59 fc 9d 7f a6 90 4b b0 9a ec 4b d7 04>,
     macKeyVal: <Buffer 27 3c 1a fc 7c d2 62 0b 16 ba ce c6 3b c2 c7 eb 7f 84 8e 1a fc 2e f7 ee 65 5f b3 7e 80 b3 93 15>,
     absValidity: 2018-03-22T01:31:02.920Z,
     relValidity: 7200000 },
  sessionCryptoSpec: { cipher: 'AES-128-CBC', mac: 'SHA256' },
  sessionProtocol: 'TCP',
  handshakeTimeout: 50000 }
chosen nonce: <Buffer 5b f1 b4 39 d6 ee 58 14>
switching to HANDSHAKE_1_SENT
disconnected from auth
Handler: secure connection with the server closed.
received session key handshake2!
client ret: [object Object]
server authenticated/authorized by solving nonce!
Handler: communication initialization succeeded
file data length: 1024
sending at Wed Mar 21 2018 01:31:06 GMT+0000 (UTC)
switching to IN_COMM
received secure communication message!
Received seqNum: 0
Handler: data received from server via secure communication
data1
Resp-actual/expected/ratio/ts: 11 11 1 1521595866398
Distribution protocol: TCP
Resp-actual/expected/ratio/ts: 11 12 0.9166666666666666 1521595920845
connected to auth! from local port 34712
received auth hello!
{ authId: 401, nonce: <Buffer 52 aa 4f 2c 5e 65 36 cc> }
received session key response encrypted with distribution key
replyNonce in sessionKeyResp: <Buffer 76 96 62 1e 39 22 80 5f>
auth nonce verified
handleSessionKeyResp: session key request succeeded! authFailureCount: 0
received 1 keys
currentSessionKey: [object Object]
Status: Secure connection closed before starting a new connection.
Session protocol: TCP
chosen commSessionKey: 
{ id: 40100633,
  cipherKeyVal: <Buffer 68 65 b5 f1 4b 64 44 62 76 f8 f7 6e ff 8b e4 3d>,
  macKeyVal: <Buffer 15 61 6c 38 b6 14 82 4d 75 5e 36 f2 b2 8f 58 d5 6c a8 37 18 85 0f 5d ba 71 5f 5d 8b 8b 26 b3 61>,
  absValidity: 2018-03-22T01:32:01.000Z,
  relValidity: 7200000 }
options
{ serverHost: '10.0.1.10',
  serverPort: 22100,
  sessionKey: 
   { id: 40100633,
     cipherKeyVal: <Buffer 68 65 b5 f1 4b 64 44 62 76 f8 f7 6e ff 8b e4 3d>,
     macKeyVal: <Buffer 15 61 6c 38 b6 14 82 4d 75 5e 36 f2 b2 8f 58 d5 6c a8 37 18 85 0f 5d ba 71 5f 5d 8b 8b 26 b3 61>,
     absValidity: 2018-03-22T01:32:01.000Z,
     relValidity: 7200000 },
  sessionCryptoSpec: { cipher: 'AES-128-CBC', mac: 'SHA256' },
  sessionProtocol: 'TCP',
  handshakeTimeout: 50000 }
chosen nonce: <Buffer 94 7c 70 e8 96 67 2f ce>
switching to HANDSHAKE_1_SENT
disconnected from auth
Handler: secure connection with the server closed.
received session key handshake2!
client ret: [object Object]
server authenticated/authorized by solving nonce!
Handler: communication initialization succeeded
file data length: 1024
sending at Wed Mar 21 2018 01:32:03 GMT+0000 (UTC)
switching to IN_COMM
received secure communication message!
Received seqNum: 0
Handler: data received from server via secure communication
data1
Resp-actual/expected/ratio/ts: 12 12 1 1521595923340
Distribution protocol: TCP
Resp-actual/expected/ratio/ts: 12 13 0.9230769230769231 1521595980854
connected to auth! from local port 34974
received auth hello!
{ authId: 401, nonce: <Buffer 73 bf b5 66 f3 8e 25 36> }
received session key response encrypted with distribution key
replyNonce in sessionKeyResp: <Buffer 1f 6e ee 40 eb 6c fb 08>
auth nonce verified
handleSessionKeyResp: session key request succeeded! authFailureCount: 0
received 1 keys
currentSessionKey: [object Object]
Status: Secure connection closed before starting a new connection.
Session protocol: TCP
chosen commSessionKey: 
{ id: 40100644,
  cipherKeyVal: <Buffer 91 5e 15 ef ea 6e ab 8b 88 fb 4d 30 51 cd 30 58>,
  macKeyVal: <Buffer 4f 77 5d 1a a2 e6 80 46 f1 f9 59 a0 b8 90 7e bc 5a 73 3f 0a 92 f3 8a 30 26 ef 94 f5 fc 86 5b 59>,
  absValidity: 2018-03-22T01:33:01.017Z,
  relValidity: 7200000 }
options
{ serverHost: '10.0.1.10',
  serverPort: 22100,
  sessionKey: 
   { id: 40100644,
     cipherKeyVal: <Buffer 91 5e 15 ef ea 6e ab 8b 88 fb 4d 30 51 cd 30 58>,
     macKeyVal: <Buffer 4f 77 5d 1a a2 e6 80 46 f1 f9 59 a0 b8 90 7e bc 5a 73 3f 0a 92 f3 8a 30 26 ef 94 f5 fc 86 5b 59>,
     absValidity: 2018-03-22T01:33:01.017Z,
     relValidity: 7200000 },
  sessionCryptoSpec: { cipher: 'AES-128-CBC', mac: 'SHA256' },
  sessionProtocol: 'TCP',
  handshakeTimeout: 50000 }
chosen nonce: <Buffer da 54 6d 6d f5 34 4f b2>
switching to HANDSHAKE_1_SENT
disconnected from auth
Handler: secure connection with the server closed.
received session key handshake2!
client ret: [object Object]
server authenticated/authorized by solving nonce!
Handler: communication initialization succeeded
file data length: 1024
sending at Wed Mar 21 2018 01:33:03 GMT+0000 (UTC)
switching to IN_COMM
received secure communication message!
Received seqNum: 0
Handler: data received from server via secure communication
data1
Resp-actual/expected/ratio/ts: 13 13 1 1521595983512
Distribution protocol: TCP
Resp-actual/expected/ratio/ts: 13 14 0.9285714285714286 1521596040887
connected to auth! from local port 35226
received auth hello!
{ authId: 401, nonce: <Buffer d2 93 5f 85 38 3f 61 39> }
received session key response encrypted with distribution key
replyNonce in sessionKeyResp: <Buffer 69 a9 20 cc 54 b6 b0 39>
auth nonce verified
handleSessionKeyResp: session key request succeeded! authFailureCount: 0
received 1 keys
currentSessionKey: [object Object]
Status: Secure connection closed before starting a new connection.
Session protocol: TCP
chosen commSessionKey: 
{ id: 40100654,
  cipherKeyVal: <Buffer 8a e4 4c dc 19 6c b9 f6 17 cb bb c5 60 a6 e9 4d>,
  macKeyVal: <Buffer 68 3b f2 b0 b2 40 9f 31 85 58 2d f0 0a 10 9a 08 91 99 e7 cf 58 e9 5e 6f bf 69 a7 e0 b7 87 49 30>,
  absValidity: 2018-03-22T01:34:01.048Z,
  relValidity: 7200000 }
options
{ serverHost: '10.0.1.10',
  serverPort: 22100,
  sessionKey: 
   { id: 40100654,
     cipherKeyVal: <Buffer 8a e4 4c dc 19 6c b9 f6 17 cb bb c5 60 a6 e9 4d>,
     macKeyVal: <Buffer 68 3b f2 b0 b2 40 9f 31 85 58 2d f0 0a 10 9a 08 91 99 e7 cf 58 e9 5e 6f bf 69 a7 e0 b7 87 49 30>,
     absValidity: 2018-03-22T01:34:01.048Z,
     relValidity: 7200000 },
  sessionCryptoSpec: { cipher: 'AES-128-CBC', mac: 'SHA256' },
  sessionProtocol: 'TCP',
  handshakeTimeout: 50000 }
chosen nonce: <Buffer 15 5c 0a f4 a1 76 a4 be>
switching to HANDSHAKE_1_SENT
disconnected from auth
Handler: secure connection with the server closed.
received session key handshake2!
client ret: [object Object]
server authenticated/authorized by solving nonce!
Handler: communication initialization succeeded
file data length: 1024
sending at Wed Mar 21 2018 01:34:06 GMT+0000 (UTC)
switching to IN_COMM
received secure communication message!
Received seqNum: 0
Handler: data received from server via secure communication
data1
Resp-actual/expected/ratio/ts: 14 14 1 1521596046806
Distribution protocol: TCP
Resp-actual/expected/ratio/ts: 14 15 0.9333333333333333 1521596100924
connected to auth! from local port 35480
received auth hello!
{ authId: 401, nonce: <Buffer 0d ca 91 62 ca 03 33 9e> }
received session key response encrypted with distribution key
replyNonce in sessionKeyResp: <Buffer a5 5a 83 5c 9f 9d ae 5e>
auth nonce verified
handleSessionKeyResp: session key request succeeded! authFailureCount: 0
received 1 keys
currentSessionKey: [object Object]
Status: Secure connection closed before starting a new connection.
Session protocol: TCP
chosen commSessionKey: 
{ id: 40100666,
  cipherKeyVal: <Buffer 4e 79 d3 74 30 d9 d2 18 fd ff c0 94 c0 ae a4 c2>,
  macKeyVal: <Buffer 96 23 aa c6 48 55 b7 1e dd 4c 4a 81 73 a8 08 0b 7b 51 5b e5 9b 67 d3 20 87 66 33 69 b9 21 02 e4>,
  absValidity: 2018-03-22T01:35:01.075Z,
  relValidity: 7200000 }
options
{ serverHost: '10.0.1.10',
  serverPort: 22100,
  sessionKey: 
   { id: 40100666,
     cipherKeyVal: <Buffer 4e 79 d3 74 30 d9 d2 18 fd ff c0 94 c0 ae a4 c2>,
     macKeyVal: <Buffer 96 23 aa c6 48 55 b7 1e dd 4c 4a 81 73 a8 08 0b 7b 51 5b e5 9b 67 d3 20 87 66 33 69 b9 21 02 e4>,
     absValidity: 2018-03-22T01:35:01.075Z,
     relValidity: 7200000 },
  sessionCryptoSpec: { cipher: 'AES-128-CBC', mac: 'SHA256' },
  sessionProtocol: 'TCP',
  handshakeTimeout: 50000 }
chosen nonce: <Buffer 0a 30 c3 e6 1c b2 17 ce>
switching to HANDSHAKE_1_SENT
disconnected from auth
Handler: secure connection with the server closed.
received session key handshake2!
client ret: [object Object]
server authenticated/authorized by solving nonce!
Handler: communication initialization succeeded
file data length: 1024
sending at Wed Mar 21 2018 01:35:06 GMT+0000 (UTC)
switching to IN_COMM
received secure communication message!
Received seqNum: 0
Handler: data received from server via secure communication
data1
Resp-actual/expected/ratio/ts: 15 15 1 1521596106657
Distribution protocol: TCP
Resp-actual/expected/ratio/ts: 15 16 0.9375 1521596160977
connected to auth! from local port 35732
received auth hello!
{ authId: 401, nonce: <Buffer 4f bf d3 ad 10 94 67 c4> }
received session key response encrypted with distribution key
replyNonce in sessionKeyResp: <Buffer 11 d0 cd 76 f6 ab 96 1f>
auth nonce verified
handleSessionKeyResp: session key request succeeded! authFailureCount: 0
received 1 keys
currentSessionKey: [object Object]
Status: Secure connection closed before starting a new connection.
Session protocol: TCP
chosen commSessionKey: 
{ id: 40100677,
  cipherKeyVal: <Buffer b5 a3 13 26 79 e6 a8 46 46 01 8c 39 12 2c c7 21>,
  macKeyVal: <Buffer 28 40 c6 5f ef 27 b9 1f b6 21 fe 98 83 22 72 5c 54 45 28 a1 8b fc 74 84 9a 5d 52 e0 85 ed 86 44>,
  absValidity: 2018-03-22T01:36:01.150Z,
  relValidity: 7200000 }
options
{ serverHost: '10.0.1.10',
  serverPort: 22100,
  sessionKey: 
   { id: 40100677,
     cipherKeyVal: <Buffer b5 a3 13 26 79 e6 a8 46 46 01 8c 39 12 2c c7 21>,
     macKeyVal: <Buffer 28 40 c6 5f ef 27 b9 1f b6 21 fe 98 83 22 72 5c 54 45 28 a1 8b fc 74 84 9a 5d 52 e0 85 ed 86 44>,
     absValidity: 2018-03-22T01:36:01.150Z,
     relValidity: 7200000 },
  sessionCryptoSpec: { cipher: 'AES-128-CBC', mac: 'SHA256' },
  sessionProtocol: 'TCP',
  handshakeTimeout: 50000 }
chosen nonce: <Buffer 79 9a 37 c2 dd c6 f2 62>
switching to HANDSHAKE_1_SENT
disconnected from auth
Handler: secure connection with the server closed.
received session key handshake2!
client ret: [object Object]
server authenticated/authorized by solving nonce!
Handler: communication initialization succeeded
file data length: 1024
sending at Wed Mar 21 2018 01:36:06 GMT+0000 (UTC)
switching to IN_COMM
received secure communication message!
Received seqNum: 0
Handler: data received from server via secure communication
data1
Resp-actual/expected/ratio/ts: 16 16 1 1521596166969
Distribution protocol: TCP
Resp-actual/expected/ratio/ts: 16 17 0.9411764705882353 1521596221032
connected to auth! from local port 35986
received auth hello!
{ authId: 401, nonce: <Buffer 29 76 1e 4c a3 10 af f0> }
received session key response encrypted with distribution key
replyNonce in sessionKeyResp: <Buffer 8f 32 d7 df a1 a0 87 07>
auth nonce verified
handleSessionKeyResp: session key request succeeded! authFailureCount: 0
received 1 keys
currentSessionKey: [object Object]
Status: Secure connection closed before starting a new connection.
Session protocol: TCP
chosen commSessionKey: 
{ id: 40100689,
  cipherKeyVal: <Buffer 12 03 d8 fd 80 ab 65 8a f2 b8 0e 3e cf d4 93 be>,
  macKeyVal: <Buffer 53 9b e6 7e 47 ac 70 33 df 1f 62 c4 70 77 23 60 11 4c 41 fe 07 ef f5 4c 3c 56 c4 d2 a0 c8 b3 b0>,
  absValidity: 2018-03-22T01:37:01.177Z,
  relValidity: 7200000 }
options
{ serverHost: '10.0.1.10',
  serverPort: 22100,
  sessionKey: 
   { id: 40100689,
     cipherKeyVal: <Buffer 12 03 d8 fd 80 ab 65 8a f2 b8 0e 3e cf d4 93 be>,
     macKeyVal: <Buffer 53 9b e6 7e 47 ac 70 33 df 1f 62 c4 70 77 23 60 11 4c 41 fe 07 ef f5 4c 3c 56 c4 d2 a0 c8 b3 b0>,
     absValidity: 2018-03-22T01:37:01.177Z,
     relValidity: 7200000 },
  sessionCryptoSpec: { cipher: 'AES-128-CBC', mac: 'SHA256' },
  sessionProtocol: 'TCP',
  handshakeTimeout: 50000 }
chosen nonce: <Buffer ef c3 b5 89 37 ab 77 5d>
switching to HANDSHAKE_1_SENT
disconnected from auth
Handler: secure connection with the server closed.
received session key handshake2!
client ret: [object Object]
server authenticated/authorized by solving nonce!
Handler: communication initialization succeeded
file data length: 1024
sending at Wed Mar 21 2018 01:37:06 GMT+0000 (UTC)
switching to IN_COMM
received secure communication message!
Received seqNum: 0
Handler: data received from server via secure communication
data1
Resp-actual/expected/ratio/ts: 17 17 1 1521596226782
Distribution protocol: TCP
Resp-actual/expected/ratio/ts: 17 18 0.9444444444444444 1521596281064
connected to auth! from local port 36234
received auth hello!
{ authId: 401, nonce: <Buffer f7 5d 36 70 9c 62 e9 13> }
received session key response encrypted with distribution key
replyNonce in sessionKeyResp: <Buffer b5 95 1e 0b 88 61 8a 34>
auth nonce verified
handleSessionKeyResp: session key request succeeded! authFailureCount: 0
received 1 keys
currentSessionKey: [object Object]
Status: Secure connection closed before starting a new connection.
Session protocol: TCP
chosen commSessionKey: 
{ id: 40100701,
  cipherKeyVal: <Buffer d2 cc 39 b2 c9 65 39 1d 11 91 fa 32 11 ce 0f 7f>,
  macKeyVal: <Buffer 70 14 a7 af b3 6f 2e f0 58 79 b0 ed ba 92 4d 79 d6 f9 59 4c 0e fc a1 84 bb 93 8d 7d 7e 4c 79 61>,
  absValidity: 2018-03-22T01:38:01.205Z,
  relValidity: 7200000 }
options
{ serverHost: '10.0.1.10',
  serverPort: 22100,
  sessionKey: 
   { id: 40100701,
     cipherKeyVal: <Buffer d2 cc 39 b2 c9 65 39 1d 11 91 fa 32 11 ce 0f 7f>,
     macKeyVal: <Buffer 70 14 a7 af b3 6f 2e f0 58 79 b0 ed ba 92 4d 79 d6 f9 59 4c 0e fc a1 84 bb 93 8d 7d 7e 4c 79 61>,
     absValidity: 2018-03-22T01:38:01.205Z,
     relValidity: 7200000 },
  sessionCryptoSpec: { cipher: 'AES-128-CBC', mac: 'SHA256' },
  sessionProtocol: 'TCP',
  handshakeTimeout: 50000 }
chosen nonce: <Buffer c9 db 97 bf f1 db 46 97>
switching to HANDSHAKE_1_SENT
disconnected from auth
Handler: secure connection with the server closed.
received session key handshake2!
client ret: [object Object]
server authenticated/authorized by solving nonce!
Handler: communication initialization succeeded
file data length: 1024
sending at Wed Mar 21 2018 01:38:10 GMT+0000 (UTC)
switching to IN_COMM
received secure communication message!
Received seqNum: 0
Handler: data received from server via secure communication
data1
Resp-actual/expected/ratio/ts: 18 18 1 1521596291059
Distribution protocol: TCP
Resp-actual/expected/ratio/ts: 18 19 0.9473684210526315 1521596341114
connected to auth! from local port 36478
received auth hello!
{ authId: 401, nonce: <Buffer 3b ea 53 8c 60 a2 21 5b> }
received session key response encrypted with distribution key
replyNonce in sessionKeyResp: <Buffer d1 43 e3 48 4a 86 0a ed>
auth nonce verified
handleSessionKeyResp: session key request succeeded! authFailureCount: 0
received 1 keys
currentSessionKey: [object Object]
Status: Secure connection closed before starting a new connection.
Session protocol: TCP
chosen commSessionKey: 
{ id: 40100712,
  cipherKeyVal: <Buffer 31 05 a7 6d 7b bf eb 7a ca 7d 87 2b 16 9d 7f cb>,
  macKeyVal: <Buffer 5f 97 7b b7 93 f6 ee 3d 5b ba 89 44 67 b6 31 5c b3 67 c9 68 30 bc 38 e9 76 17 19 c6 cd 4e 21 c1>,
  absValidity: 2018-03-22T01:39:01.245Z,
  relValidity: 7200000 }
options
{ serverHost: '10.0.1.10',
  serverPort: 22100,
  sessionKey: 
   { id: 40100712,
     cipherKeyVal: <Buffer 31 05 a7 6d 7b bf eb 7a ca 7d 87 2b 16 9d 7f cb>,
     macKeyVal: <Buffer 5f 97 7b b7 93 f6 ee 3d 5b ba 89 44 67 b6 31 5c b3 67 c9 68 30 bc 38 e9 76 17 19 c6 cd 4e 21 c1>,
     absValidity: 2018-03-22T01:39:01.245Z,
     relValidity: 7200000 },
  sessionCryptoSpec: { cipher: 'AES-128-CBC', mac: 'SHA256' },
  sessionProtocol: 'TCP',
  handshakeTimeout: 50000 }
chosen nonce: <Buffer a7 71 29 10 b3 c8 4c 86>
switching to HANDSHAKE_1_SENT
disconnected from auth
Handler: secure connection with the server closed.
received session key handshake2!
client ret: [object Object]
server authenticated/authorized by solving nonce!
Handler: communication initialization succeeded
file data length: 1024
sending at Wed Mar 21 2018 01:39:04 GMT+0000 (UTC)
switching to IN_COMM
received secure communication message!
Received seqNum: 0
Handler: data received from server via secure communication
data1
Resp-actual/expected/ratio/ts: 19 19 1 1521596344340
Distribution protocol: TCP
Resp-actual/expected/ratio/ts: 19 20 0.95 1521596401169
connected to auth! from local port 36724
received auth hello!
{ authId: 401, nonce: <Buffer 89 d3 39 72 c0 23 fc 8f> }
received session key response encrypted with distribution key
replyNonce in sessionKeyResp: <Buffer f1 ad 5b 82 7e 89 8e af>
auth nonce verified
handleSessionKeyResp: session key request succeeded! authFailureCount: 0
received 1 keys
currentSessionKey: [object Object]
Status: Secure connection closed before starting a new connection.
Session protocol: TCP
chosen commSessionKey: 
{ id: 40100724,
  cipherKeyVal: <Buffer 02 9e 63 48 07 7d 13 63 8d 78 5b da 3c 03 06 6a>,
  macKeyVal: <Buffer 4a 64 e1 59 17 e7 4e 22 13 aa cc 81 9f d6 95 9c 45 2a d2 3d 69 f3 98 37 4a 45 88 55 72 db bd 08>,
  absValidity: 2018-03-22T01:40:01.290Z,
  relValidity: 7200000 }
options
{ serverHost: '10.0.1.10',
  serverPort: 22100,
  sessionKey: 
   { id: 40100724,
     cipherKeyVal: <Buffer 02 9e 63 48 07 7d 13 63 8d 78 5b da 3c 03 06 6a>,
     macKeyVal: <Buffer 4a 64 e1 59 17 e7 4e 22 13 aa cc 81 9f d6 95 9c 45 2a d2 3d 69 f3 98 37 4a 45 88 55 72 db bd 08>,
     absValidity: 2018-03-22T01:40:01.290Z,
     relValidity: 7200000 },
  sessionCryptoSpec: { cipher: 'AES-128-CBC', mac: 'SHA256' },
  sessionProtocol: 'TCP',
  handshakeTimeout: 50000 }
chosen nonce: <Buffer 51 68 81 d0 99 15 66 a1>
switching to HANDSHAKE_1_SENT
disconnected from auth
Handler: secure connection with the server closed.
received session key handshake2!
client ret: [object Object]
server authenticated/authorized by solving nonce!
Handler: communication initialization succeeded
file data length: 1024
sending at Wed Mar 21 2018 01:40:06 GMT+0000 (UTC)
switching to IN_COMM
received secure communication message!
Received seqNum: 0
Handler: data received from server via secure communication
data1
Resp-actual/expected/ratio/ts: 20 20 1 1521596407029
Distribution protocol: TCP
Resp-actual/expected/ratio/ts: 20 21 0.9523809523809523 1521596461200
connected to auth! from local port 36972
received auth hello!
{ authId: 401, nonce: <Buffer a5 62 51 d0 90 6b 61 2f> }
received session key response encrypted with distribution key
replyNonce in sessionKeyResp: <Buffer 93 f4 e9 b2 39 50 c3 37>
auth nonce verified
handleSessionKeyResp: session key request succeeded! authFailureCount: 0
received 1 keys
currentSessionKey: [object Object]
Status: Secure connection closed before starting a new connection.
Session protocol: TCP
chosen commSessionKey: 
{ id: 40100737,
  cipherKeyVal: <Buffer 07 e0 7c 92 d5 c3 1d 57 68 ce 1d 3b 30 0b 0f f2>,
  macKeyVal: <Buffer d6 b5 6d ad a6 37 d2 c9 83 d2 f8 d3 ff 14 da 56 73 26 d9 83 34 47 4b 6d 43 a7 68 22 51 3a 9e ae>,
  absValidity: 2018-03-22T01:41:01.341Z,
  relValidity: 7200000 }
options
{ serverHost: '10.0.1.10',
  serverPort: 22100,
  sessionKey: 
   { id: 40100737,
     cipherKeyVal: <Buffer 07 e0 7c 92 d5 c3 1d 57 68 ce 1d 3b 30 0b 0f f2>,
     macKeyVal: <Buffer d6 b5 6d ad a6 37 d2 c9 83 d2 f8 d3 ff 14 da 56 73 26 d9 83 34 47 4b 6d 43 a7 68 22 51 3a 9e ae>,
     absValidity: 2018-03-22T01:41:01.341Z,
     relValidity: 7200000 },
  sessionCryptoSpec: { cipher: 'AES-128-CBC', mac: 'SHA256' },
  sessionProtocol: 'TCP',
  handshakeTimeout: 50000 }
chosen nonce: <Buffer 80 b0 3f 86 82 5c fc 87>
switching to HANDSHAKE_1_SENT
disconnected from auth
Handler: secure connection with the server closed.
received session key handshake2!
client ret: [object Object]
server authenticated/authorized by solving nonce!
Handler: communication initialization succeeded
file data length: 1024
sending at Wed Mar 21 2018 01:41:06 GMT+0000 (UTC)
switching to IN_COMM
received secure communication message!
Received seqNum: 0
Handler: data received from server via secure communication
data1
Resp-actual/expected/ratio/ts: 21 21 1 1521596466935
Distribution protocol: TCP
Resp-actual/expected/ratio/ts: 21 22 0.9545454545454546 1521596521253
connected to auth! from local port 37222
received auth hello!
{ authId: 401, nonce: <Buffer 67 d1 6e b0 d7 52 5c 38> }
received session key response encrypted with distribution key
replyNonce in sessionKeyResp: <Buffer 99 ce b9 8e 65 ef cb 66>
auth nonce verified
handleSessionKeyResp: session key request succeeded! authFailureCount: 0
received 1 keys
currentSessionKey: [object Object]
Status: Secure connection closed before starting a new connection.
Session protocol: TCP
chosen commSessionKey: 
{ id: 40100750,
  cipherKeyVal: <Buffer 97 85 ec 92 d0 1e 4a fa ac ce 5a 0d 57 a1 3e 97>,
  macKeyVal: <Buffer 22 c9 c8 72 bc 85 6e 4f 31 51 8b 7d 4b ef d0 8d df b7 1d 15 51 a4 32 3a f7 7f ad 7c 83 6b c0 6f>,
  absValidity: 2018-03-22T01:42:01.381Z,
  relValidity: 7200000 }
options
{ serverHost: '10.0.1.10',
  serverPort: 22100,
  sessionKey: 
   { id: 40100750,
     cipherKeyVal: <Buffer 97 85 ec 92 d0 1e 4a fa ac ce 5a 0d 57 a1 3e 97>,
     macKeyVal: <Buffer 22 c9 c8 72 bc 85 6e 4f 31 51 8b 7d 4b ef d0 8d df b7 1d 15 51 a4 32 3a f7 7f ad 7c 83 6b c0 6f>,
     absValidity: 2018-03-22T01:42:01.381Z,
     relValidity: 7200000 },
  sessionCryptoSpec: { cipher: 'AES-128-CBC', mac: 'SHA256' },
  sessionProtocol: 'TCP',
  handshakeTimeout: 50000 }
chosen nonce: <Buffer a4 e1 e0 e4 36 ff 0d 77>
switching to HANDSHAKE_1_SENT
disconnected from auth
Handler: secure connection with the server closed.
received session key handshake2!
client ret: [object Object]
server authenticated/authorized by solving nonce!
Handler: communication initialization succeeded
file data length: 1024
sending at Wed Mar 21 2018 01:42:13 GMT+0000 (UTC)
switching to IN_COMM
received secure communication message!
Received seqNum: 0
Handler: data received from server via secure communication
data1
Resp-actual/expected/ratio/ts: 22 22 1 1521596533546
Distribution protocol: TCP
Resp-actual/expected/ratio/ts: 22 23 0.9565217391304348 1521596581302
connected to auth! from local port 37460
received auth hello!
{ authId: 401, nonce: <Buffer 3d c3 fe 5f 10 ed 66 19> }
received session key response encrypted with distribution key
replyNonce in sessionKeyResp: <Buffer f6 cd 04 34 90 34 d6 15>
auth nonce verified
handleSessionKeyResp: session key request succeeded! authFailureCount: 0
received 1 keys
currentSessionKey: [object Object]
Status: Secure connection closed before starting a new connection.
Session protocol: TCP
chosen commSessionKey: 
{ id: 40100762,
  cipherKeyVal: <Buffer f6 0e cd fa 7b 65 d2 f8 ce db 04 e1 c4 2d cd 2b>,
  macKeyVal: <Buffer 0b ab bb 20 01 c8 6c dd 9d 69 a5 3a e2 2a 15 ec e7 46 fb 84 60 69 e7 a4 e2 e2 77 8b 87 cf 4e 70>,
  absValidity: 2018-03-22T01:43:01.429Z,
  relValidity: 7200000 }
options
{ serverHost: '10.0.1.10',
  serverPort: 22100,
  sessionKey: 
   { id: 40100762,
     cipherKeyVal: <Buffer f6 0e cd fa 7b 65 d2 f8 ce db 04 e1 c4 2d cd 2b>,
     macKeyVal: <Buffer 0b ab bb 20 01 c8 6c dd 9d 69 a5 3a e2 2a 15 ec e7 46 fb 84 60 69 e7 a4 e2 e2 77 8b 87 cf 4e 70>,
     absValidity: 2018-03-22T01:43:01.429Z,
     relValidity: 7200000 },
  sessionCryptoSpec: { cipher: 'AES-128-CBC', mac: 'SHA256' },
  sessionProtocol: 'TCP',
  handshakeTimeout: 50000 }
chosen nonce: <Buffer 4f 46 d6 08 6c b9 cb 5d>
switching to HANDSHAKE_1_SENT
disconnected from auth
Handler: secure connection with the server closed.
received session key handshake2!
client ret: [object Object]
server authenticated/authorized by solving nonce!
Handler: communication initialization succeeded
file data length: 1024
sending at Wed Mar 21 2018 01:43:10 GMT+0000 (UTC)
switching to IN_COMM
received secure communication message!
Received seqNum: 0
Handler: data received from server via secure communication
data1
Resp-actual/expected/ratio/ts: 23 23 1 1521596591421
Distribution protocol: TCP
Resp-actual/expected/ratio/ts: 23 24 0.9583333333333334 1521596641350
connected to auth! from local port 37698
received auth hello!
{ authId: 401, nonce: <Buffer a7 be 0b 2a b8 d7 66 5b> }
received session key response encrypted with distribution key
replyNonce in sessionKeyResp: <Buffer 4b e8 9b a4 bb 0b 64 a8>
auth nonce verified
handleSessionKeyResp: session key request succeeded! authFailureCount: 0
received 1 keys
currentSessionKey: [object Object]
Status: Secure connection closed before starting a new connection.
Session protocol: TCP
chosen commSessionKey: 
{ id: 40100774,
  cipherKeyVal: <Buffer 47 ad a6 9d a8 12 78 12 de 03 69 68 4a d9 67 b0>,
  macKeyVal: <Buffer 41 22 2f 52 42 22 2a 0a c8 5e 67 5e 72 15 04 ff 20 a6 c9 c4 a8 23 37 08 8b da e1 80 01 5a e8 5f>,
  absValidity: 2018-03-22T01:44:01.480Z,
  relValidity: 7200000 }
options
{ serverHost: '10.0.1.10',
  serverPort: 22100,
  sessionKey: 
   { id: 40100774,
     cipherKeyVal: <Buffer 47 ad a6 9d a8 12 78 12 de 03 69 68 4a d9 67 b0>,
     macKeyVal: <Buffer 41 22 2f 52 42 22 2a 0a c8 5e 67 5e 72 15 04 ff 20 a6 c9 c4 a8 23 37 08 8b da e1 80 01 5a e8 5f>,
     absValidity: 2018-03-22T01:44:01.480Z,
     relValidity: 7200000 },
  sessionCryptoSpec: { cipher: 'AES-128-CBC', mac: 'SHA256' },
  sessionProtocol: 'TCP',
  handshakeTimeout: 50000 }
chosen nonce: <Buffer 55 35 1a 42 6b 5c 69 55>
switching to HANDSHAKE_1_SENT
disconnected from auth
Handler: secure connection with the server closed.
received session key handshake2!
client ret: [object Object]
server authenticated/authorized by solving nonce!
Handler: communication initialization succeeded
file data length: 1024
sending at Wed Mar 21 2018 01:44:10 GMT+0000 (UTC)
switching to IN_COMM
received secure communication message!
Received seqNum: 0
Handler: data received from server via secure communication
data1
Resp-actual/expected/ratio/ts: 24 24 1 1521596651092
Distribution protocol: TCP
Resp-actual/expected/ratio/ts: 24 25 0.96 1521596701394
connected to auth! from local port 37936
received auth hello!
{ authId: 401, nonce: <Buffer 6d 6c c3 c1 36 a5 1e 9c> }
received session key response encrypted with distribution key
replyNonce in sessionKeyResp: <Buffer 12 e5 9b 24 a2 ae d1 44>
auth nonce verified
handleSessionKeyResp: session key request succeeded! authFailureCount: 0
received 1 keys
currentSessionKey: [object Object]
Status: Secure connection closed before starting a new connection.
Session protocol: TCP
chosen commSessionKey: 
{ id: 40100786,
  cipherKeyVal: <Buffer 94 29 43 22 0b aa 16 ef 3a e1 ae fa cd dc 83 07>,
  macKeyVal: <Buffer 60 96 42 22 0f f8 a9 5d 5e 01 17 32 11 a3 f3 ba 3d 53 fd 39 af b2 16 d7 17 8e 98 e7 f2 24 3b ae>,
  absValidity: 2018-03-22T01:45:01.540Z,
  relValidity: 7200000 }
options
{ serverHost: '10.0.1.10',
  serverPort: 22100,
  sessionKey: 
   { id: 40100786,
     cipherKeyVal: <Buffer 94 29 43 22 0b aa 16 ef 3a e1 ae fa cd dc 83 07>,
     macKeyVal: <Buffer 60 96 42 22 0f f8 a9 5d 5e 01 17 32 11 a3 f3 ba 3d 53 fd 39 af b2 16 d7 17 8e 98 e7 f2 24 3b ae>,
     absValidity: 2018-03-22T01:45:01.540Z,
     relValidity: 7200000 },
  sessionCryptoSpec: { cipher: 'AES-128-CBC', mac: 'SHA256' },
  sessionProtocol: 'TCP',
  handshakeTimeout: 50000 }
chosen nonce: <Buffer 69 46 68 3b 6d 18 d3 6e>
switching to HANDSHAKE_1_SENT
disconnected from auth
Handler: secure connection with the server closed.
received session key handshake2!
client ret: [object Object]
server authenticated/authorized by solving nonce!
Handler: communication initialization succeeded
file data length: 1024
sending at Wed Mar 21 2018 01:45:12 GMT+0000 (UTC)
switching to IN_COMM
received secure communication message!
Received seqNum: 0
Handler: data received from server via secure communication
data1
Resp-actual/expected/ratio/ts: 25 25 1 1521596713031
Distribution protocol: TCP
Resp-actual/expected/ratio/ts: 25 26 0.9615384615384616 1521596761441
connected to auth! from local port 38174
received auth hello!
{ authId: 401, nonce: <Buffer 45 4b d0 7f b9 df 52 ae> }
received session key response encrypted with distribution key
replyNonce in sessionKeyResp: <Buffer 09 5c b4 2c 47 f3 4a 92>
auth nonce verified
handleSessionKeyResp: session key request succeeded! authFailureCount: 0
received 1 keys
currentSessionKey: [object Object]
Status: Secure connection closed before starting a new connection.
Session protocol: TCP
chosen commSessionKey: 
{ id: 40100798,
  cipherKeyVal: <Buffer 3e 08 50 f8 60 f1 cd f9 e6 bc 34 12 c3 5f 05 24>,
  macKeyVal: <Buffer 09 2a 8c f5 67 db 84 57 80 d2 a1 c8 4f 77 b9 22 6a 46 85 ee 18 a2 6a cd 82 85 f3 b2 e8 c0 fc 0b>,
  absValidity: 2018-03-22T01:46:01.597Z,
  relValidity: 7200000 }
options
{ serverHost: '10.0.1.10',
  serverPort: 22100,
  sessionKey: 
   { id: 40100798,
     cipherKeyVal: <Buffer 3e 08 50 f8 60 f1 cd f9 e6 bc 34 12 c3 5f 05 24>,
     macKeyVal: <Buffer 09 2a 8c f5 67 db 84 57 80 d2 a1 c8 4f 77 b9 22 6a 46 85 ee 18 a2 6a cd 82 85 f3 b2 e8 c0 fc 0b>,
     absValidity: 2018-03-22T01:46:01.597Z,
     relValidity: 7200000 },
  sessionCryptoSpec: { cipher: 'AES-128-CBC', mac: 'SHA256' },
  sessionProtocol: 'TCP',
  handshakeTimeout: 50000 }
chosen nonce: <Buffer 41 62 d3 f9 d7 c4 c5 25>
switching to HANDSHAKE_1_SENT
disconnected from auth
Handler: secure connection with the server closed.
received session key handshake2!
client ret: [object Object]
server authenticated/authorized by solving nonce!
Handler: communication initialization succeeded
file data length: 1024
sending at Wed Mar 21 2018 01:46:04 GMT+0000 (UTC)
switching to IN_COMM
received secure communication message!
Received seqNum: 0
Handler: data received from server via secure communication
data1
Resp-actual/expected/ratio/ts: 26 26 1 1521596765089
Distribution protocol: TCP
Resp-actual/expected/ratio/ts: 26 27 0.9629629629629629 1521596821456
connected to auth! from local port 38406
received auth hello!
{ authId: 401, nonce: <Buffer 67 33 d3 8c 69 b9 b3 d6> }
received session key response encrypted with distribution key
replyNonce in sessionKeyResp: <Buffer dc 70 aa 45 e0 78 6f 25>
auth nonce verified
handleSessionKeyResp: session key request succeeded! authFailureCount: 0
received 1 keys
currentSessionKey: [object Object]
Status: Secure connection closed before starting a new connection.
Session protocol: TCP
chosen commSessionKey: 
{ id: 40100809,
  cipherKeyVal: <Buffer f7 49 2f 10 80 ba 78 6b af cd 5d a5 64 9a 2c a1>,
  macKeyVal: <Buffer 94 e8 31 33 b9 08 5d 92 cb 5d ab bc fc ca 32 07 cc 29 20 e5 36 9a d3 61 bc c1 6b 85 ac 93 20 ed>,
  absValidity: 2018-03-22T01:47:01.621Z,
  relValidity: 7200000 }
options
{ serverHost: '10.0.1.10',
  serverPort: 22100,
  sessionKey: 
   { id: 40100809,
     cipherKeyVal: <Buffer f7 49 2f 10 80 ba 78 6b af cd 5d a5 64 9a 2c a1>,
     macKeyVal: <Buffer 94 e8 31 33 b9 08 5d 92 cb 5d ab bc fc ca 32 07 cc 29 20 e5 36 9a d3 61 bc c1 6b 85 ac 93 20 ed>,
     absValidity: 2018-03-22T01:47:01.621Z,
     relValidity: 7200000 },
  sessionCryptoSpec: { cipher: 'AES-128-CBC', mac: 'SHA256' },
  sessionProtocol: 'TCP',
  handshakeTimeout: 50000 }
chosen nonce: <Buffer 66 52 39 7d 76 21 ee e5>
switching to HANDSHAKE_1_SENT
disconnected from auth
Handler: secure connection with the server closed.
received session key handshake2!
client ret: [object Object]
server authenticated/authorized by solving nonce!
Handler: communication initialization succeeded
file data length: 1024
sending at Wed Mar 21 2018 01:47:10 GMT+0000 (UTC)
switching to IN_COMM
received secure communication message!
Received seqNum: 0
Handler: data received from server via secure communication
data1
Resp-actual/expected/ratio/ts: 27 27 1 1521596831338
Distribution protocol: TCP
Resp-actual/expected/ratio/ts: 27 28 0.9642857142857143 1521596881473
connected to auth! from local port 38644
received auth hello!
{ authId: 401, nonce: <Buffer bc 41 e8 00 87 01 6e 6e> }
received session key response encrypted with distribution key
replyNonce in sessionKeyResp: <Buffer 86 a2 10 ff 69 18 dc 2d>
auth nonce verified
handleSessionKeyResp: session key request succeeded! authFailureCount: 0
received 1 keys
currentSessionKey: [object Object]
Status: Secure connection closed before starting a new connection.
Session protocol: TCP
chosen commSessionKey: 
{ id: 40100821,
  cipherKeyVal: <Buffer f9 12 26 41 02 91 99 2f 7c 20 eb 8f d0 65 ab ef>,
  macKeyVal: <Buffer 04 19 b0 ce ce 19 36 c3 40 f4 20 0f d6 11 05 77 70 09 42 78 b2 13 7f 0a fa 45 c0 98 7f e9 9c 0d>,
  absValidity: 2018-03-22T01:48:01.581Z,
  relValidity: 7200000 }
options
{ serverHost: '10.0.1.10',
  serverPort: 22100,
  sessionKey: 
   { id: 40100821,
     cipherKeyVal: <Buffer f9 12 26 41 02 91 99 2f 7c 20 eb 8f d0 65 ab ef>,
     macKeyVal: <Buffer 04 19 b0 ce ce 19 36 c3 40 f4 20 0f d6 11 05 77 70 09 42 78 b2 13 7f 0a fa 45 c0 98 7f e9 9c 0d>,
     absValidity: 2018-03-22T01:48:01.581Z,
     relValidity: 7200000 },
  sessionCryptoSpec: { cipher: 'AES-128-CBC', mac: 'SHA256' },
  sessionProtocol: 'TCP',
  handshakeTimeout: 50000 }
chosen nonce: <Buffer 53 0f f7 d4 1a 4d 8b a4>
switching to HANDSHAKE_1_SENT
disconnected from auth
Handler: secure connection with the server closed.
received session key handshake2!
client ret: [object Object]
server authenticated/authorized by solving nonce!
Handler: communication initialization succeeded
file data length: 1024
sending at Wed Mar 21 2018 01:48:12 GMT+0000 (UTC)
switching to IN_COMM
received secure communication message!
Received seqNum: 0
Handler: data received from server via secure communication
data1
Resp-actual/expected/ratio/ts: 28 28 1 1521596893508
