changing working directory to: /home/hokeunkim/Development/iotauth/entity/node/example_entities
loading from config file: /home/hokeunkim/Development/iotauth_experiments/experiments/ccs2017/expOptions/expEntity.option
Experimental options for echoServer: { autoSendPeriod: 60000,
  useSameSessionKeyCount: 1,
  connectionTimeout: 50000,
  migrationEnabled: true,
  authFailureThreshold: 2,
  migrationFailureThreshold: 2 }
loading from config file: /home/hokeunkim/Development/iotauth/entity/node/example_entities/configs/Servers/s415.config
initializing secure comm server...
Session protocol: TCP
current parameters: { migrationEnabled: true,
  authFailureThreshold: 3,
  migrationFailureThreshold: 3 }
current parameters: { migrationEnabled: true,
  authFailureThreshold: 2,
  migrationFailureThreshold: 3 }
current parameters: { migrationEnabled: true,
  authFailureThreshold: 2,
  migrationFailureThreshold: 2 }
current entityInfo: { name: 's415',
  group: 'Servers',
  distProtocol: 'TCP',
  usePermanentDistKey: false,
  connectionTimeout: 50000,
  privateKey: <Buffer 2d 2d 2d 2d 2d 42 45 47 49 4e 20 52 53 41 20 50 52 49 56 41 54 45 20 4b 45 59 2d 2d 2d 2d 2d 0a 4d 49 49 45 6f 77 49 42 41 41 4b 43 41 51 45 41 74 46 ... > }
Handler: listening on port 22100
s415:Servers prompt>
Unidentified client connected
received session key handshake1
switching to HANDSHAKE_1_RECEIVED state.
session key id: 40300003
session key NOT found! sending session key id to AuthService
Distribution protocol: TCP
connected to auth! from local port 38022
received auth hello!
{ authId: 403, nonce: <Buffer 66 e1 c6 8a fb f2 0a 47> }
received session key response with distribution key attached!
auth signature verified
replyNonce in sessionKeyResp: <Buffer 5f 3c e7 f2 a4 08 40 7d>
auth nonce verified
handleSessionKeyResp: session key request succeeded! authFailureCount: 0
updating distribution key: { cipherKeyVal: <Buffer ad 6c 46 cb 24 11 88 7e 71 96 e0 a0 e9 2a 03 88>,
  macKeyVal: <Buffer de f1 e7 9f 43 f3 b2 41 aa 67 a8 a8 c3 59 8d 90 3f d4 28 be 4f 8f 9e 7e 3f 0b 43 c5 61 29 7c 47>,
  absValidity: 2018-03-21T05:22:38.394Z }
received 1 keys
Session key id is as expected
server ret: [object Object]
chosen nonce: <Buffer 7d a3 b0 f3 bf 34 b6 ca>
switching to HANDSHAKE_2_SENT
received session key handshake3!
{ replyNonce: <Buffer 7d a3 b0 f3 bf 34 b6 ca> }
client authenticated/authorized by solving nonce!
switching to IN_COMM
Handler: secure connection with the client established.
{ id: 0,
  remoteAddress: '::ffff:10.0.1.59:58996',
  status: 'open' }
disconnected from auth
received secure communication!
Received seqNum: 0
data received from server via secure communication
Handler: socketID: 0 data: data1
toSend: { data: <Buffer 64 61 74 61 31>, id: 0 }
specified socketID: 0
Unidentified client disconnected
Handler: secure connection with the client closed.
socket #0 closed
Unidentified client connected
received session key handshake1
switching to HANDSHAKE_1_RECEIVED state.
session key id: 40300009
session key NOT found! sending session key id to AuthService
Distribution protocol: TCP
connected to auth! from local port 38232
received auth hello!
{ authId: 403, nonce: <Buffer ae e1 bc e9 52 e2 03 ef> }
received session key response encrypted with distribution key
replyNonce in sessionKeyResp: <Buffer a5 54 6f c8 8f ed ab 63>
auth nonce verified
handleSessionKeyResp: session key request succeeded! authFailureCount: 0
received 1 keys
Session key id is as expected
server ret: [object Object]
chosen nonce: <Buffer 66 04 83 9f f5 0d 8d da>
switching to HANDSHAKE_2_SENT
disconnected from auth
received session key handshake3!
{ replyNonce: <Buffer 66 04 83 9f f5 0d 8d da> }
client authenticated/authorized by solving nonce!
switching to IN_COMM
Handler: secure connection with the client established.
{ id: 1,
  remoteAddress: '::ffff:10.0.1.59:59206',
  status: 'open' }
received secure communication!
Received seqNum: 0
data received from server via secure communication
Handler: socketID: 1 data: data1
toSend: { data: <Buffer 64 61 74 61 31>, id: 1 }
specified socketID: 1
Unidentified client disconnected
Handler: secure connection with the client closed.
socket #1 closed
Unidentified client connected
received session key handshake1
switching to HANDSHAKE_1_RECEIVED state.
session key id: 40300015
session key NOT found! sending session key id to AuthService
Distribution protocol: TCP
connected to auth! from local port 38504
received auth hello!
{ authId: 403, nonce: <Buffer bf 04 8a 3f 7c 79 23 f4> }
received session key response encrypted with distribution key
replyNonce in sessionKeyResp: <Buffer 94 48 36 aa 24 cb 17 3f>
auth nonce verified
handleSessionKeyResp: session key request succeeded! authFailureCount: 0
received 1 keys
Session key id is as expected
server ret: [object Object]
chosen nonce: <Buffer 34 63 07 41 db cd 87 7d>
switching to HANDSHAKE_2_SENT
disconnected from auth
received session key handshake3!
{ replyNonce: <Buffer 34 63 07 41 db cd 87 7d> }
client authenticated/authorized by solving nonce!
switching to IN_COMM
Handler: secure connection with the client established.
{ id: 2,
  remoteAddress: '::ffff:10.0.1.59:59478',
  status: 'open' }
received secure communication!
Received seqNum: 0
data received from server via secure communication
Handler: socketID: 2 data: data1
toSend: { data: <Buffer 64 61 74 61 31>, id: 2 }
specified socketID: 2
Unidentified client disconnected
Handler: secure connection with the client closed.
socket #2 closed
Unidentified client connected
received session key handshake1
switching to HANDSHAKE_1_RECEIVED state.
session key id: 40300021
session key NOT found! sending session key id to AuthService
Distribution protocol: TCP
connected to auth! from local port 38774
received auth hello!
{ authId: 403, nonce: <Buffer 49 e9 ce c5 79 f9 09 3a> }
received session key response encrypted with distribution key
replyNonce in sessionKeyResp: <Buffer 27 b8 5e 06 a7 15 0c a4>
auth nonce verified
handleSessionKeyResp: session key request succeeded! authFailureCount: 0
received 1 keys
Session key id is as expected
server ret: [object Object]
chosen nonce: <Buffer 73 d6 c9 0d f4 ff b0 d7>
switching to HANDSHAKE_2_SENT
disconnected from auth
received session key handshake3!
{ replyNonce: <Buffer 73 d6 c9 0d f4 ff b0 d7> }
client authenticated/authorized by solving nonce!
switching to IN_COMM
Handler: secure connection with the client established.
{ id: 3,
  remoteAddress: '::ffff:10.0.1.59:59748',
  status: 'open' }
received secure communication!
Received seqNum: 0
data received from server via secure communication
Handler: socketID: 3 data: data1
toSend: { data: <Buffer 64 61 74 61 31>, id: 3 }
specified socketID: 3
Unidentified client disconnected
Handler: secure connection with the client closed.
socket #3 closed
Unidentified client connected
received session key handshake1
switching to HANDSHAKE_1_RECEIVED state.
session key id: 40300027
session key NOT found! sending session key id to AuthService
Distribution protocol: TCP
connected to auth! from local port 39044
received auth hello!
{ authId: 403, nonce: <Buffer 54 d5 e1 29 32 ba 72 9d> }
received session key response encrypted with distribution key
replyNonce in sessionKeyResp: <Buffer 8a 41 9a 5c 8d 0b c5 68>
auth nonce verified
handleSessionKeyResp: session key request succeeded! authFailureCount: 0
received 1 keys
Session key id is as expected
server ret: [object Object]
chosen nonce: <Buffer fd 71 67 15 30 19 0c b7>
switching to HANDSHAKE_2_SENT
received session key handshake3!
{ replyNonce: <Buffer fd 71 67 15 30 19 0c b7> }
client authenticated/authorized by solving nonce!
switching to IN_COMM
Handler: secure connection with the client established.
{ id: 4,
  remoteAddress: '::ffff:10.0.1.59:60018',
  status: 'open' }
disconnected from auth
received secure communication!
Received seqNum: 0
data received from server via secure communication
Handler: socketID: 4 data: data1
toSend: { data: <Buffer 64 61 74 61 31>, id: 4 }
specified socketID: 4
Unidentified client disconnected
Handler: secure connection with the client closed.
socket #4 closed
Unidentified client connected
received session key handshake1
switching to HANDSHAKE_1_RECEIVED state.
session key id: 40300033
session key NOT found! sending session key id to AuthService
Distribution protocol: TCP
connected to auth! from local port 39314
received auth hello!
{ authId: 403, nonce: <Buffer 36 da 03 8f c8 3f 81 94> }
received session key response encrypted with distribution key
replyNonce in sessionKeyResp: <Buffer 2e a4 53 3e 87 d9 b3 7d>
auth nonce verified
handleSessionKeyResp: session key request succeeded! authFailureCount: 0
received 1 keys
Session key id is as expected
server ret: [object Object]
chosen nonce: <Buffer 63 69 d3 49 80 9d d1 b3>
switching to HANDSHAKE_2_SENT
disconnected from auth
received session key handshake3!
{ replyNonce: <Buffer 63 69 d3 49 80 9d d1 b3> }
client authenticated/authorized by solving nonce!
switching to IN_COMM
Handler: secure connection with the client established.
{ id: 5,
  remoteAddress: '::ffff:10.0.1.59:60288',
  status: 'open' }
received secure communication!
Received seqNum: 0
data received from server via secure communication
Handler: socketID: 5 data: data1
toSend: { data: <Buffer 64 61 74 61 31>, id: 5 }
specified socketID: 5
Unidentified client disconnected
Handler: secure connection with the client closed.
socket #5 closed
Unidentified client connected
received session key handshake1
switching to HANDSHAKE_1_RECEIVED state.
session key id: 40300039
session key NOT found! sending session key id to AuthService
Distribution protocol: TCP
connected to auth! from local port 39584
received auth hello!
{ authId: 403, nonce: <Buffer 0e b1 6e 0d 0f df 44 15> }
received session key response encrypted with distribution key
replyNonce in sessionKeyResp: <Buffer 01 dc 3f a4 87 a6 d8 8f>
auth nonce verified
handleSessionKeyResp: session key request succeeded! authFailureCount: 0
received 1 keys
Session key id is as expected
server ret: [object Object]
chosen nonce: <Buffer 8e 2a de 63 ae 42 7a 5f>
switching to HANDSHAKE_2_SENT
received session key handshake3!
{ replyNonce: <Buffer 8e 2a de 63 ae 42 7a 5f> }
client authenticated/authorized by solving nonce!
switching to IN_COMM
Handler: secure connection with the client established.
{ id: 6,
  remoteAddress: '::ffff:10.0.1.59:60558',
  status: 'open' }
disconnected from auth
received secure communication!
Received seqNum: 0
data received from server via secure communication
Handler: socketID: 6 data: data1
toSend: { data: <Buffer 64 61 74 61 31>, id: 6 }
specified socketID: 6
Unidentified client disconnected
Handler: secure connection with the client closed.
socket #6 closed
Unidentified client connected
received session key handshake1
switching to HANDSHAKE_1_RECEIVED state.
session key id: 40300045
session key NOT found! sending session key id to AuthService
Distribution protocol: TCP
connected to auth! from local port 39854
received auth hello!
{ authId: 403, nonce: <Buffer 10 5a cc a8 b5 f6 6d 71> }
received session key response encrypted with distribution key
replyNonce in sessionKeyResp: <Buffer 90 39 98 f5 ab fb 94 fe>
auth nonce verified
handleSessionKeyResp: session key request succeeded! authFailureCount: 0
received 1 keys
Session key id is as expected
server ret: [object Object]
chosen nonce: <Buffer ee b3 d3 66 de 68 36 4a>
switching to HANDSHAKE_2_SENT
disconnected from auth
received session key handshake3!
{ replyNonce: <Buffer ee b3 d3 66 de 68 36 4a> }
client authenticated/authorized by solving nonce!
switching to IN_COMM
Handler: secure connection with the client established.
{ id: 7,
  remoteAddress: '::ffff:10.0.1.59:60828',
  status: 'open' }
received secure communication!
Received seqNum: 0
data received from server via secure communication
Handler: socketID: 7 data: data1
toSend: { data: <Buffer 64 61 74 61 31>, id: 7 }
specified socketID: 7
Unidentified client disconnected
Handler: secure connection with the client closed.
socket #7 closed
Unidentified client connected
received session key handshake1
switching to HANDSHAKE_1_RECEIVED state.
session key id: 40300051
session key NOT found! sending session key id to AuthService
Distribution protocol: TCP
connected to auth! from local port 40100
received auth hello!
{ authId: 403, nonce: <Buffer dc 3a 1c a9 06 f6 d9 70> }
received session key response encrypted with distribution key
replyNonce in sessionKeyResp: <Buffer 89 9a 39 cd e6 64 13 7c>
auth nonce verified
handleSessionKeyResp: session key request succeeded! authFailureCount: 0
received 1 keys
Session key id is as expected
server ret: [object Object]
chosen nonce: <Buffer a7 c6 ca 32 02 49 76 c5>
switching to HANDSHAKE_2_SENT
disconnected from auth
received session key handshake3!
{ replyNonce: <Buffer a7 c6 ca 32 02 49 76 c5> }
client authenticated/authorized by solving nonce!
switching to IN_COMM
Handler: secure connection with the client established.
{ id: 8,
  remoteAddress: '::ffff:10.0.1.59:32842',
  status: 'open' }
received secure communication!
Received seqNum: 0
data received from server via secure communication
Handler: socketID: 8 data: data1
toSend: { data: <Buffer 64 61 74 61 31>, id: 8 }
specified socketID: 8
Unidentified client disconnected
Handler: secure connection with the client closed.
socket #8 closed
Unidentified client connected
received session key handshake1
switching to HANDSHAKE_1_RECEIVED state.
session key id: 40300057
session key NOT found! sending session key id to AuthService
Distribution protocol: TCP
connected to auth! from local port 40360
received auth hello!
{ authId: 403, nonce: <Buffer d1 8f f7 6c 29 b5 a2 5e> }
received session key response encrypted with distribution key
replyNonce in sessionKeyResp: <Buffer ba 0b fb 88 2d fe c7 b4>
auth nonce verified
handleSessionKeyResp: session key request succeeded! authFailureCount: 0
received 1 keys
Session key id is as expected
server ret: [object Object]
chosen nonce: <Buffer 47 65 0e 8b 41 b3 7c ba>
switching to HANDSHAKE_2_SENT
received session key handshake3!
{ replyNonce: <Buffer 47 65 0e 8b 41 b3 7c ba> }
client authenticated/authorized by solving nonce!
switching to IN_COMM
Handler: secure connection with the client established.
{ id: 9,
  remoteAddress: '::ffff:10.0.1.59:33102',
  status: 'open' }
disconnected from auth
received secure communication!
Received seqNum: 0
data received from server via secure communication
Handler: socketID: 9 data: data1
toSend: { data: <Buffer 64 61 74 61 31>, id: 9 }
specified socketID: 9
Unidentified client disconnected
Handler: secure connection with the client closed.
socket #9 closed
Unidentified client connected
received session key handshake1
switching to HANDSHAKE_1_RECEIVED state.
session key id: 40300063
session key NOT found! sending session key id to AuthService
Distribution protocol: TCP
connected to auth! from local port 40636
received auth hello!
{ authId: 403, nonce: <Buffer e9 80 5f c9 7b e5 fe 6a> }
received session key response encrypted with distribution key
replyNonce in sessionKeyResp: <Buffer 87 2d cf ec 85 a3 ad d6>
auth nonce verified
handleSessionKeyResp: session key request succeeded! authFailureCount: 0
received 1 keys
Session key id is as expected
server ret: [object Object]
chosen nonce: <Buffer 2a fd a1 cd 38 55 87 36>
switching to HANDSHAKE_2_SENT
disconnected from auth
received session key handshake3!
{ replyNonce: <Buffer 2a fd a1 cd 38 55 87 36> }
client authenticated/authorized by solving nonce!
switching to IN_COMM
Handler: secure connection with the client established.
{ id: 10,
  remoteAddress: '::ffff:10.0.1.59:33378',
  status: 'open' }
received secure communication!
Received seqNum: 0
data received from server via secure communication
Handler: socketID: 10 data: data1
toSend: { data: <Buffer 64 61 74 61 31>, id: 10 }
specified socketID: 10
Unidentified client disconnected
Handler: secure connection with the client closed.
socket #10 closed
Unidentified client connected
received session key handshake1
switching to HANDSHAKE_1_RECEIVED state.
session key id: 40300069
session key NOT found! sending session key id to AuthService
Distribution protocol: TCP
connected to auth! from local port 40908
received auth hello!
{ authId: 403, nonce: <Buffer 70 3e c9 2f af 49 62 05> }
received session key response encrypted with distribution key
replyNonce in sessionKeyResp: <Buffer 61 ab 18 42 07 5f b5 ba>
auth nonce verified
handleSessionKeyResp: session key request succeeded! authFailureCount: 0
received 1 keys
Session key id is as expected
server ret: [object Object]
chosen nonce: <Buffer ec 52 08 6b a4 68 c4 9e>
switching to HANDSHAKE_2_SENT
received session key handshake3!
{ replyNonce: <Buffer ec 52 08 6b a4 68 c4 9e> }
client authenticated/authorized by solving nonce!
switching to IN_COMM
Handler: secure connection with the client established.
{ id: 11,
  remoteAddress: '::ffff:10.0.1.59:33650',
  status: 'open' }
disconnected from auth
received secure communication!
Received seqNum: 0
data received from server via secure communication
Handler: socketID: 11 data: data1
toSend: { data: <Buffer 64 61 74 61 31>, id: 11 }
specified socketID: 11
Unidentified client disconnected
Handler: secure connection with the client closed.
socket #11 closed
Unidentified client connected
received session key handshake1
switching to HANDSHAKE_1_RECEIVED state.
session key id: 40300075
session key NOT found! sending session key id to AuthService
Distribution protocol: TCP
connected to auth! from local port 41178
received auth hello!
{ authId: 403, nonce: <Buffer e9 86 61 c7 94 ca 41 55> }
received session key response encrypted with distribution key
replyNonce in sessionKeyResp: <Buffer 1d 91 8b 45 4e d8 b1 94>
auth nonce verified
handleSessionKeyResp: session key request succeeded! authFailureCount: 0
received 1 keys
Session key id is as expected
server ret: [object Object]
chosen nonce: <Buffer cd 66 94 0f d6 f0 ca e3>
switching to HANDSHAKE_2_SENT
received session key handshake3!
{ replyNonce: <Buffer cd 66 94 0f d6 f0 ca e3> }
client authenticated/authorized by solving nonce!
switching to IN_COMM
Handler: secure connection with the client established.
{ id: 12,
  remoteAddress: '::ffff:10.0.1.59:33920',
  status: 'open' }
disconnected from auth
received secure communication!
Received seqNum: 0
data received from server via secure communication
Handler: socketID: 12 data: data1
toSend: { data: <Buffer 64 61 74 61 31>, id: 12 }
specified socketID: 12
Unidentified client disconnected
Handler: secure connection with the client closed.
socket #12 closed
Unidentified client connected
received session key handshake1
switching to HANDSHAKE_1_RECEIVED state.
session key id: 40300081
session key NOT found! sending session key id to AuthService
Distribution protocol: TCP
connected to auth! from local port 41448
received auth hello!
{ authId: 403, nonce: <Buffer 74 dd 88 f9 47 65 81 dc> }
received session key response encrypted with distribution key
replyNonce in sessionKeyResp: <Buffer 6e 21 47 a3 49 57 6d 23>
auth nonce verified
handleSessionKeyResp: session key request succeeded! authFailureCount: 0
received 1 keys
Session key id is as expected
server ret: [object Object]
chosen nonce: <Buffer f3 43 89 cc d0 4e 67 07>
switching to HANDSHAKE_2_SENT
received session key handshake3!
{ replyNonce: <Buffer f3 43 89 cc d0 4e 67 07> }
client authenticated/authorized by solving nonce!
switching to IN_COMM
Handler: secure connection with the client established.
{ id: 13,
  remoteAddress: '::ffff:10.0.1.59:34190',
  status: 'open' }
disconnected from auth
received secure communication!
Received seqNum: 0
data received from server via secure communication
Handler: socketID: 13 data: data1
toSend: { data: <Buffer 64 61 74 61 31>, id: 13 }
specified socketID: 13
Unidentified client disconnected
Handler: secure connection with the client closed.
socket #13 closed
Unidentified client connected
received session key handshake1
switching to HANDSHAKE_1_RECEIVED state.
session key id: 40300087
session key NOT found! sending session key id to AuthService
Distribution protocol: TCP
connected to auth! from local port 41718
received auth hello!
{ authId: 403, nonce: <Buffer f7 bc 1b 75 46 5a af 06> }
received session key response encrypted with distribution key
replyNonce in sessionKeyResp: <Buffer e2 2d 9c c6 30 b9 47 69>
auth nonce verified
handleSessionKeyResp: session key request succeeded! authFailureCount: 0
received 1 keys
Session key id is as expected
server ret: [object Object]
chosen nonce: <Buffer 7c 11 8a 26 a7 af 1e d5>
switching to HANDSHAKE_2_SENT
disconnected from auth
received session key handshake3!
{ replyNonce: <Buffer 7c 11 8a 26 a7 af 1e d5> }
client authenticated/authorized by solving nonce!
switching to IN_COMM
Handler: secure connection with the client established.
{ id: 14,
  remoteAddress: '::ffff:10.0.1.59:34460',
  status: 'open' }
received secure communication!
Received seqNum: 0
data received from server via secure communication
Handler: socketID: 14 data: data1
toSend: { data: <Buffer 64 61 74 61 31>, id: 14 }
specified socketID: 14
Unidentified client disconnected
Handler: secure connection with the client closed.
socket #14 closed
Unidentified client connected
received session key handshake1
switching to HANDSHAKE_1_RECEIVED state.
session key id: 40300093
session key NOT found! sending session key id to AuthService
Distribution protocol: TCP
connected to auth! from local port 41988
received auth hello!
{ authId: 403, nonce: <Buffer fd 3c 01 4f de 47 02 ef> }
received session key response encrypted with distribution key
replyNonce in sessionKeyResp: <Buffer 8c 79 9a 05 83 01 8a 6d>
auth nonce verified
handleSessionKeyResp: session key request succeeded! authFailureCount: 0
received 1 keys
Session key id is as expected
server ret: [object Object]
chosen nonce: <Buffer ca 88 de 61 ea 70 93 ef>
switching to HANDSHAKE_2_SENT
disconnected from auth
received session key handshake3!
{ replyNonce: <Buffer ca 88 de 61 ea 70 93 ef> }
client authenticated/authorized by solving nonce!
switching to IN_COMM
Handler: secure connection with the client established.
{ id: 15,
  remoteAddress: '::ffff:10.0.1.59:34730',
  status: 'open' }
received secure communication!
Received seqNum: 0
data received from server via secure communication
Handler: socketID: 15 data: data1
toSend: { data: <Buffer 64 61 74 61 31>, id: 15 }
specified socketID: 15
Unidentified client disconnected
Handler: secure connection with the client closed.
socket #15 closed
Unidentified client connected
received session key handshake1
switching to HANDSHAKE_1_RECEIVED state.
session key id: 40300099
session key NOT found! sending session key id to AuthService
Distribution protocol: TCP
connected to auth! from local port 42258
received auth hello!
{ authId: 403, nonce: <Buffer 41 1a 4c df 17 12 85 08> }
received session key response encrypted with distribution key
replyNonce in sessionKeyResp: <Buffer 32 8e c1 73 b0 cc a5 af>
auth nonce verified
handleSessionKeyResp: session key request succeeded! authFailureCount: 0
received 1 keys
Session key id is as expected
server ret: [object Object]
chosen nonce: <Buffer 39 45 58 99 1f 97 ee 9a>
switching to HANDSHAKE_2_SENT
received session key handshake3!
{ replyNonce: <Buffer 39 45 58 99 1f 97 ee 9a> }
client authenticated/authorized by solving nonce!
switching to IN_COMM
Handler: secure connection with the client established.
{ id: 16,
  remoteAddress: '::ffff:10.0.1.59:35000',
  status: 'open' }
disconnected from auth
received secure communication!
Received seqNum: 0
data received from server via secure communication
Handler: socketID: 16 data: data1
toSend: { data: <Buffer 64 61 74 61 31>, id: 16 }
specified socketID: 16
Unidentified client disconnected
Handler: secure connection with the client closed.
socket #16 closed
Unidentified client connected
received session key handshake1
switching to HANDSHAKE_1_RECEIVED state.
session key id: 40300105
session key NOT found! sending session key id to AuthService
Distribution protocol: TCP
connected to auth! from local port 42528
received auth hello!
{ authId: 403, nonce: <Buffer 1a 89 ce 0c ed 94 35 b1> }
received session key response encrypted with distribution key
replyNonce in sessionKeyResp: <Buffer fc e6 72 8c 74 b3 24 8d>
auth nonce verified
handleSessionKeyResp: session key request succeeded! authFailureCount: 0
received 1 keys
Session key id is as expected
server ret: [object Object]
chosen nonce: <Buffer d4 59 35 a5 01 5d 8e a2>
switching to HANDSHAKE_2_SENT
received session key handshake3!
{ replyNonce: <Buffer d4 59 35 a5 01 5d 8e a2> }
client authenticated/authorized by solving nonce!
switching to IN_COMM
Handler: secure connection with the client established.
{ id: 17,
  remoteAddress: '::ffff:10.0.1.59:35270',
  status: 'open' }
disconnected from auth
received secure communication!
Received seqNum: 0
data received from server via secure communication
Handler: socketID: 17 data: data1
toSend: { data: <Buffer 64 61 74 61 31>, id: 17 }
specified socketID: 17
Unidentified client disconnected
Handler: secure connection with the client closed.
socket #17 closed
Unidentified client connected
received session key handshake1
switching to HANDSHAKE_1_RECEIVED state.
session key id: 40300111
session key NOT found! sending session key id to AuthService
Distribution protocol: TCP
connected to auth! from local port 42798
received auth hello!
{ authId: 403, nonce: <Buffer 88 1f b0 12 3f 51 0e 26> }
received session key response encrypted with distribution key
replyNonce in sessionKeyResp: <Buffer 6e 48 19 a7 11 fd 22 50>
auth nonce verified
handleSessionKeyResp: session key request succeeded! authFailureCount: 0
received 1 keys
Session key id is as expected
server ret: [object Object]
chosen nonce: <Buffer 2f 7e 2f 7f 3c dd 1b ad>
switching to HANDSHAKE_2_SENT
disconnected from auth
received session key handshake3!
{ replyNonce: <Buffer 2f 7e 2f 7f 3c dd 1b ad> }
client authenticated/authorized by solving nonce!
switching to IN_COMM
Handler: secure connection with the client established.
{ id: 18,
  remoteAddress: '::ffff:10.0.1.59:35540',
  status: 'open' }
received secure communication!
Received seqNum: 0
data received from server via secure communication
Handler: socketID: 18 data: data1
toSend: { data: <Buffer 64 61 74 61 31>, id: 18 }
specified socketID: 18
Unidentified client disconnected
Handler: secure connection with the client closed.
socket #18 closed
Unidentified client connected
received session key handshake1
switching to HANDSHAKE_1_RECEIVED state.
session key id: 40300117
session key NOT found! sending session key id to AuthService
Distribution protocol: TCP
connected to auth! from local port 43068
received auth hello!
{ authId: 403, nonce: <Buffer 43 b5 4a 09 89 f0 aa 5e> }
received session key response encrypted with distribution key
replyNonce in sessionKeyResp: <Buffer df 6d bc 90 08 c2 73 63>
auth nonce verified
handleSessionKeyResp: session key request succeeded! authFailureCount: 0
received 1 keys
Session key id is as expected
server ret: [object Object]
chosen nonce: <Buffer 91 ef 98 37 0e 0a 01 7b>
switching to HANDSHAKE_2_SENT
disconnected from auth
received session key handshake3!
{ replyNonce: <Buffer 91 ef 98 37 0e 0a 01 7b> }
client authenticated/authorized by solving nonce!
switching to IN_COMM
Handler: secure connection with the client established.
{ id: 19,
  remoteAddress: '::ffff:10.0.1.59:35810',
  status: 'open' }
received secure communication!
Received seqNum: 0
data received from server via secure communication
Handler: socketID: 19 data: data1
toSend: { data: <Buffer 64 61 74 61 31>, id: 19 }
specified socketID: 19
Unidentified client disconnected
Handler: secure connection with the client closed.
socket #19 closed
Unidentified client connected
received session key handshake1
switching to HANDSHAKE_1_RECEIVED state.
session key id: 40300123
session key NOT found! sending session key id to AuthService
Distribution protocol: TCP
connected to auth! from local port 43338
received auth hello!
{ authId: 403, nonce: <Buffer d4 29 90 b0 ee 49 62 7f> }
received session key response encrypted with distribution key
replyNonce in sessionKeyResp: <Buffer 2c 61 80 e8 fa ba 58 2f>
auth nonce verified
handleSessionKeyResp: session key request succeeded! authFailureCount: 0
received 1 keys
Session key id is as expected
server ret: [object Object]
chosen nonce: <Buffer aa 26 b2 d9 86 c3 b5 f3>
switching to HANDSHAKE_2_SENT
received session key handshake3!
{ replyNonce: <Buffer aa 26 b2 d9 86 c3 b5 f3> }
client authenticated/authorized by solving nonce!
switching to IN_COMM
Handler: secure connection with the client established.
{ id: 20,
  remoteAddress: '::ffff:10.0.1.59:36080',
  status: 'open' }
disconnected from auth
received secure communication!
Received seqNum: 0
data received from server via secure communication
Handler: socketID: 20 data: data1
toSend: { data: <Buffer 64 61 74 61 31>, id: 20 }
specified socketID: 20
Unidentified client disconnected
Handler: secure connection with the client closed.
socket #20 closed
Unidentified client connected
received session key handshake1
switching to HANDSHAKE_1_RECEIVED state.
session key id: 40300129
session key NOT found! sending session key id to AuthService
Distribution protocol: TCP
connected to auth! from local port 43608
received auth hello!
{ authId: 403, nonce: <Buffer 6b 00 78 d5 bf f1 89 18> }
received session key response encrypted with distribution key
replyNonce in sessionKeyResp: <Buffer ce e4 67 cf d1 9a a4 e6>
auth nonce verified
handleSessionKeyResp: session key request succeeded! authFailureCount: 0
received 1 keys
Session key id is as expected
server ret: [object Object]
chosen nonce: <Buffer c8 1c a5 23 84 5e bd df>
switching to HANDSHAKE_2_SENT
disconnected from auth
received session key handshake3!
{ replyNonce: <Buffer c8 1c a5 23 84 5e bd df> }
client authenticated/authorized by solving nonce!
switching to IN_COMM
Handler: secure connection with the client established.
{ id: 21,
  remoteAddress: '::ffff:10.0.1.59:36350',
  status: 'open' }
received secure communication!
Received seqNum: 0
data received from server via secure communication
Handler: socketID: 21 data: data1
toSend: { data: <Buffer 64 61 74 61 31>, id: 21 }
specified socketID: 21
Unidentified client disconnected
Handler: secure connection with the client closed.
socket #21 closed
Unidentified client connected
received session key handshake1
switching to HANDSHAKE_1_RECEIVED state.
session key id: 40300135
session key NOT found! sending session key id to AuthService
Distribution protocol: TCP
connected to auth! from local port 43878
received auth hello!
{ authId: 403, nonce: <Buffer 80 6f 37 ca a1 50 54 1d> }
received session key response encrypted with distribution key
replyNonce in sessionKeyResp: <Buffer 07 b3 fd 8f 7f e7 da 09>
auth nonce verified
handleSessionKeyResp: session key request succeeded! authFailureCount: 0
received 1 keys
Session key id is as expected
server ret: [object Object]
chosen nonce: <Buffer ab 44 75 c0 59 92 1b c4>
switching to HANDSHAKE_2_SENT
received session key handshake3!
{ replyNonce: <Buffer ab 44 75 c0 59 92 1b c4> }
client authenticated/authorized by solving nonce!
switching to IN_COMM
Handler: secure connection with the client established.
{ id: 22,
  remoteAddress: '::ffff:10.0.1.59:36620',
  status: 'open' }
disconnected from auth
received secure communication!
Received seqNum: 0
data received from server via secure communication
Handler: socketID: 22 data: data1
toSend: { data: <Buffer 64 61 74 61 31>, id: 22 }
specified socketID: 22
Unidentified client disconnected
Handler: secure connection with the client closed.
socket #22 closed
Unidentified client connected
received session key handshake1
switching to HANDSHAKE_1_RECEIVED state.
session key id: 40300141
session key NOT found! sending session key id to AuthService
Distribution protocol: TCP
connected to auth! from local port 44148
received auth hello!
{ authId: 403, nonce: <Buffer 5d f1 7b e7 0c fd 19 a1> }
received session key response encrypted with distribution key
replyNonce in sessionKeyResp: <Buffer ff 88 0e 7e 8d 9d 11 b8>
auth nonce verified
handleSessionKeyResp: session key request succeeded! authFailureCount: 0
received 1 keys
Session key id is as expected
server ret: [object Object]
chosen nonce: <Buffer 96 2b 8e 0f e0 1b dc 46>
switching to HANDSHAKE_2_SENT
received session key handshake3!
{ replyNonce: <Buffer 96 2b 8e 0f e0 1b dc 46> }
client authenticated/authorized by solving nonce!
switching to IN_COMM
Handler: secure connection with the client established.
{ id: 23,
  remoteAddress: '::ffff:10.0.1.59:36890',
  status: 'open' }
disconnected from auth
received secure communication!
Received seqNum: 0
data received from server via secure communication
Handler: socketID: 23 data: data1
toSend: { data: <Buffer 64 61 74 61 31>, id: 23 }
specified socketID: 23
Unidentified client disconnected
Handler: secure connection with the client closed.
socket #23 closed
Unidentified client connected
received session key handshake1
switching to HANDSHAKE_1_RECEIVED state.
session key id: 40300147
session key NOT found! sending session key id to AuthService
Distribution protocol: TCP
connected to auth! from local port 44418
received auth hello!
{ authId: 403, nonce: <Buffer 0f 79 67 0b 3a 4a c8 dc> }
received session key response encrypted with distribution key
replyNonce in sessionKeyResp: <Buffer d9 47 56 eb 2d 2f 0e 5c>
auth nonce verified
handleSessionKeyResp: session key request succeeded! authFailureCount: 0
received 1 keys
Session key id is as expected
server ret: [object Object]
chosen nonce: <Buffer b2 1a 54 9b b1 9f 43 da>
switching to HANDSHAKE_2_SENT
disconnected from auth
received session key handshake3!
{ replyNonce: <Buffer b2 1a 54 9b b1 9f 43 da> }
client authenticated/authorized by solving nonce!
switching to IN_COMM
Handler: secure connection with the client established.
{ id: 24,
  remoteAddress: '::ffff:10.0.1.59:37160',
  status: 'open' }
received secure communication!
Received seqNum: 0
data received from server via secure communication
Handler: socketID: 24 data: data1
toSend: { data: <Buffer 64 61 74 61 31>, id: 24 }
specified socketID: 24
Unidentified client disconnected
Handler: secure connection with the client closed.
socket #24 closed
Unidentified client connected
received session key handshake1
switching to HANDSHAKE_1_RECEIVED state.
session key id: 40300153
session key NOT found! sending session key id to AuthService
Distribution protocol: TCP
connected to auth! from local port 44688
received auth hello!
{ authId: 403, nonce: <Buffer 81 08 34 84 43 ff b4 d7> }
received session key response encrypted with distribution key
replyNonce in sessionKeyResp: <Buffer 54 48 a3 9a 2e 4d f2 32>
auth nonce verified
handleSessionKeyResp: session key request succeeded! authFailureCount: 0
received 1 keys
Session key id is as expected
server ret: [object Object]
chosen nonce: <Buffer 69 b8 44 6f 98 5d cf 29>
switching to HANDSHAKE_2_SENT
received session key handshake3!
{ replyNonce: <Buffer 69 b8 44 6f 98 5d cf 29> }
client authenticated/authorized by solving nonce!
switching to IN_COMM
Handler: secure connection with the client established.
{ id: 25,
  remoteAddress: '::ffff:10.0.1.59:37430',
  status: 'open' }
disconnected from auth
received secure communication!
Received seqNum: 0
data received from server via secure communication
Handler: socketID: 25 data: data1
toSend: { data: <Buffer 64 61 74 61 31>, id: 25 }
specified socketID: 25
Unidentified client disconnected
Handler: secure connection with the client closed.
socket #25 closed
Unidentified client connected
received session key handshake1
switching to HANDSHAKE_1_RECEIVED state.
session key id: 40300159
session key NOT found! sending session key id to AuthService
Distribution protocol: TCP
connected to auth! from local port 44958
received auth hello!
{ authId: 403, nonce: <Buffer 68 b6 89 8e d1 c2 89 b3> }
received session key response encrypted with distribution key
replyNonce in sessionKeyResp: <Buffer 95 14 98 47 c6 ea a3 32>
auth nonce verified
handleSessionKeyResp: session key request succeeded! authFailureCount: 0
received 1 keys
Session key id is as expected
server ret: [object Object]
chosen nonce: <Buffer 35 97 8d f9 98 ad bb 96>
switching to HANDSHAKE_2_SENT
received session key handshake3!
{ replyNonce: <Buffer 35 97 8d f9 98 ad bb 96> }
client authenticated/authorized by solving nonce!
switching to IN_COMM
Handler: secure connection with the client established.
{ id: 26,
  remoteAddress: '::ffff:10.0.1.59:37700',
  status: 'open' }
disconnected from auth
received secure communication!
Received seqNum: 0
data received from server via secure communication
Handler: socketID: 26 data: data1
toSend: { data: <Buffer 64 61 74 61 31>, id: 26 }
specified socketID: 26
Unidentified client disconnected
Handler: secure connection with the client closed.
socket #26 closed
Unidentified client connected
received session key handshake1
switching to HANDSHAKE_1_RECEIVED state.
session key id: 40300165
session key NOT found! sending session key id to AuthService
Distribution protocol: TCP
connected to auth! from local port 45228
received auth hello!
{ authId: 403, nonce: <Buffer ca 59 1f 28 ed 9a d7 ae> }
received session key response encrypted with distribution key
replyNonce in sessionKeyResp: <Buffer aa f6 b2 d4 bf fa 00 2e>
auth nonce verified
handleSessionKeyResp: session key request succeeded! authFailureCount: 0
received 1 keys
Session key id is as expected
server ret: [object Object]
chosen nonce: <Buffer ed 97 60 97 07 70 c4 d0>
switching to HANDSHAKE_2_SENT
received session key handshake3!
{ replyNonce: <Buffer ed 97 60 97 07 70 c4 d0> }
client authenticated/authorized by solving nonce!
switching to IN_COMM
Handler: secure connection with the client established.
{ id: 27,
  remoteAddress: '::ffff:10.0.1.59:37970',
  status: 'open' }
disconnected from auth
received secure communication!
Received seqNum: 0
data received from server via secure communication
Handler: socketID: 27 data: data1
toSend: { data: <Buffer 64 61 74 61 31>, id: 27 }
specified socketID: 27
Unidentified client disconnected
Handler: secure connection with the client closed.
socket #27 closed
