changing working directory to: /home/hokeunkim/Development/iotauth/entity/node/example_entities
loading from config file: /home/hokeunkim/Development/iotauth_experiments/experiments/ccs2017/expOptions/expEntity.option
Experimental options for autoClient: { autoSendPeriod: 60000,
  useSameSessionKeyCount: 1,
  connectionTimeout: 50000,
  migrationEnabled: true,
  authFailureThreshold: 2,
  migrationFailureThreshold: 2 }
loading from config file: /home/hokeunkim/Development/iotauth/entity/node/example_entities/configs/Clients/c501.config
initializing...
current parameters: { numKeysPerRequest: 3,
  migrationEnabled: false,
  authFailureThreshold: 3,
  migrationFailureThreshold: 3 }
current parameters: { numKeysPerRequest: 1,
  migrationEnabled: false,
  authFailureThreshold: 3,
  migrationFailureThreshold: 3 }
current parameters: { numKeysPerRequest: 1,
  migrationEnabled: true,
  authFailureThreshold: 3,
  migrationFailureThreshold: 3 }
current parameters: { numKeysPerRequest: 1,
  migrationEnabled: true,
  authFailureThreshold: 2,
  migrationFailureThreshold: 3 }
current parameters: { numKeysPerRequest: 1,
  migrationEnabled: true,
  authFailureThreshold: 2,
  migrationFailureThreshold: 2 }
current entityInfo: { name: 'c501',
  group: 'Clients',
  distProtocol: 'TCP',
  usePermanentDistKey: false,
  connectionTimeout: 50000,
  privateKey: <Buffer 2d 2d 2d 2d 2d 42 45 47 49 4e 20 52 53 41 20 50 52 49 56 41 54 45 20 4b 45 59 2d 2d 2d 2d 2d 0a 4d 49 49 45 6f 77 49 42 41 41 4b 43 41 51 45 41 70 76 ... > }
Distribution protocol: TCP
Resp-actual/expected/ratio/ts: 0 1 0 1521595308747
connected to auth! from local port 38670
received auth hello!
{ authId: 501, nonce: <Buffer 84 1e 0f c8 c5 03 45 b7> }
received session key response with distribution key attached!
auth signature verified
replyNonce in sessionKeyResp: <Buffer 79 6b 2a 43 fe fa 52 29>
auth nonce verified
handleSessionKeyResp: session key request succeeded! authFailureCount: 0
updating distribution key: { cipherKeyVal: <Buffer b9 45 43 a3 51 8b 1b b9 ab 31 3a e7 38 c1 ac 7d>,
  macKeyVal: <Buffer 2b da ed 35 7a 68 a0 7d 6e 18 77 ea 01 a7 a0 75 8e d0 be 6d 6a c8 4c ec e7 cb b0 23 17 14 ca 77>,
  absValidity: 2018-03-21T02:21:48.950Z }
received 1 keys
currentSessionKey: [object Object]
Session protocol: TCP
chosen commSessionKey: 
{ id: 50100475,
  cipherKeyVal: <Buffer ab 64 9a f1 81 7c fb 7f 3c 5d 0d 11 06 58 1a 0f>,
  macKeyVal: <Buffer 0b f4 ea 67 cb 5e 6e b2 9e 3e 88 85 6f 01 4d 86 6b 43 57 8b 7f b9 09 8a d1 32 e5 b8 6f 2c fd f3>,
  absValidity: 2018-03-22T01:21:48.947Z,
  relValidity: 7200000 }
options
{ serverHost: '10.0.1.24',
  serverPort: 22100,
  sessionKey: 
   { id: 50100475,
     cipherKeyVal: <Buffer ab 64 9a f1 81 7c fb 7f 3c 5d 0d 11 06 58 1a 0f>,
     macKeyVal: <Buffer 0b f4 ea 67 cb 5e 6e b2 9e 3e 88 85 6f 01 4d 86 6b 43 57 8b 7f b9 09 8a d1 32 e5 b8 6f 2c fd f3>,
     absValidity: 2018-03-22T01:21:48.947Z,
     relValidity: 7200000 },
  sessionCryptoSpec: { cipher: 'AES-128-CBC', mac: 'SHA256' },
  sessionProtocol: 'TCP',
  handshakeTimeout: 50000 }
chosen nonce: <Buffer ad 1c d8 20 9a a2 d4 26>
switching to HANDSHAKE_1_SENT
disconnected from auth
received session key handshake2!
client ret: [object Object]
server authenticated/authorized by solving nonce!
Handler: communication initialization succeeded
file data length: 1024
sending at Wed Mar 21 2018 01:21:49 GMT+0000 (UTC)
switching to IN_COMM
received secure communication message!
Received seqNum: 0
Handler: data received from server via secure communication
data1
Resp-actual/expected/ratio/ts: 1 1 1 1521595309929
Distribution protocol: TCP
Resp-actual/expected/ratio/ts: 1 2 0.5 1521595368806
connected to auth! from local port 38898
received auth hello!
{ authId: 501, nonce: <Buffer 96 10 30 b1 8a c7 6c 3b> }
received session key response encrypted with distribution key
replyNonce in sessionKeyResp: <Buffer ff dd 60 27 d8 51 ed 36>
auth nonce verified
handleSessionKeyResp: session key request succeeded! authFailureCount: 0
received 1 keys
currentSessionKey: [object Object]
Status: Secure connection closed before starting a new connection.
Session protocol: TCP
chosen commSessionKey: 
{ id: 50100483,
  cipherKeyVal: <Buffer 69 5b 3d 05 0b 1c 38 7b e1 25 52 29 59 de a2 83>,
  macKeyVal: <Buffer 17 8b c1 45 96 4b c1 9f 5e ac f9 21 16 3b 0a 59 d4 c4 5c 8b 9b fe 93 32 77 d6 7b d4 f1 b9 b7 98>,
  absValidity: 2018-03-22T01:22:49.149Z,
  relValidity: 7200000 }
options
{ serverHost: '10.0.1.24',
  serverPort: 22100,
  sessionKey: 
   { id: 50100483,
     cipherKeyVal: <Buffer 69 5b 3d 05 0b 1c 38 7b e1 25 52 29 59 de a2 83>,
     macKeyVal: <Buffer 17 8b c1 45 96 4b c1 9f 5e ac f9 21 16 3b 0a 59 d4 c4 5c 8b 9b fe 93 32 77 d6 7b d4 f1 b9 b7 98>,
     absValidity: 2018-03-22T01:22:49.149Z,
     relValidity: 7200000 },
  sessionCryptoSpec: { cipher: 'AES-128-CBC', mac: 'SHA256' },
  sessionProtocol: 'TCP',
  handshakeTimeout: 50000 }
chosen nonce: <Buffer 33 59 fb e0 ed 28 e1 b5>
switching to HANDSHAKE_1_SENT
disconnected from auth
Handler: secure connection with the server closed.
received session key handshake2!
client ret: [object Object]
server authenticated/authorized by solving nonce!
Handler: communication initialization succeeded
file data length: 1024
sending at Wed Mar 21 2018 01:22:50 GMT+0000 (UTC)
switching to IN_COMM
received secure communication message!
Received seqNum: 0
Handler: data received from server via secure communication
data1
Resp-actual/expected/ratio/ts: 2 2 1 1521595370486
Distribution protocol: TCP
Resp-actual/expected/ratio/ts: 2 3 0.6666666666666666 1521595428861
connected to auth! from local port 39168
received auth hello!
{ authId: 501, nonce: <Buffer e0 97 be e8 e8 3d d5 99> }
received session key response encrypted with distribution key
replyNonce in sessionKeyResp: <Buffer ef ad fa 64 0a de bb 8d>
auth nonce verified
handleSessionKeyResp: session key request succeeded! authFailureCount: 0
received 1 keys
currentSessionKey: [object Object]
Status: Secure connection closed before starting a new connection.
Session protocol: TCP
chosen commSessionKey: 
{ id: 50100491,
  cipherKeyVal: <Buffer 24 4a 9b b9 ae 1c 8e 8a a7 f6 0b 80 2f c6 ec b8>,
  macKeyVal: <Buffer 29 b1 f3 fc 7a e9 30 b9 c6 d2 6d af ed e4 8c a2 81 4d e1 14 17 3e 0d bf 56 d4 f5 60 a1 02 bb 8a>,
  absValidity: 2018-03-22T01:23:49.147Z,
  relValidity: 7200000 }
options
{ serverHost: '10.0.1.24',
  serverPort: 22100,
  sessionKey: 
   { id: 50100491,
     cipherKeyVal: <Buffer 24 4a 9b b9 ae 1c 8e 8a a7 f6 0b 80 2f c6 ec b8>,
     macKeyVal: <Buffer 29 b1 f3 fc 7a e9 30 b9 c6 d2 6d af ed e4 8c a2 81 4d e1 14 17 3e 0d bf 56 d4 f5 60 a1 02 bb 8a>,
     absValidity: 2018-03-22T01:23:49.147Z,
     relValidity: 7200000 },
  sessionCryptoSpec: { cipher: 'AES-128-CBC', mac: 'SHA256' },
  sessionProtocol: 'TCP',
  handshakeTimeout: 50000 }
chosen nonce: <Buffer 65 29 dd 98 84 a4 c2 b7>
switching to HANDSHAKE_1_SENT
disconnected from auth
Handler: secure connection with the server closed.
received session key handshake2!
client ret: [object Object]
server authenticated/authorized by solving nonce!
Handler: communication initialization succeeded
file data length: 1024
sending at Wed Mar 21 2018 01:23:50 GMT+0000 (UTC)
switching to IN_COMM
received secure communication message!
Received seqNum: 0
Handler: data received from server via secure communication
data1
Resp-actual/expected/ratio/ts: 3 3 1 1521595430374
Distribution protocol: TCP
Resp-actual/expected/ratio/ts: 3 4 0.75 1521595488917
connected to auth! from local port 39440
received auth hello!
{ authId: 501, nonce: <Buffer 55 aa bb cd a6 51 ff 22> }
received session key response encrypted with distribution key
replyNonce in sessionKeyResp: <Buffer f8 90 52 60 16 77 97 6a>
auth nonce verified
handleSessionKeyResp: session key request succeeded! authFailureCount: 0
received 1 keys
currentSessionKey: [object Object]
Status: Secure connection closed before starting a new connection.
Session protocol: TCP
chosen commSessionKey: 
{ id: 50100499,
  cipherKeyVal: <Buffer dd ce a2 b0 b9 39 22 08 5e 84 10 f2 c2 2b c9 5c>,
  macKeyVal: <Buffer e3 6f 40 ea 11 55 cd bf b8 33 1b aa d2 9a 8d 2d c1 0d fc 29 e3 49 c3 45 00 9d e3 bc 3f 7a f6 15>,
  absValidity: 2018-03-22T01:24:49.192Z,
  relValidity: 7200000 }
options
{ serverHost: '10.0.1.24',
  serverPort: 22100,
  sessionKey: 
   { id: 50100499,
     cipherKeyVal: <Buffer dd ce a2 b0 b9 39 22 08 5e 84 10 f2 c2 2b c9 5c>,
     macKeyVal: <Buffer e3 6f 40 ea 11 55 cd bf b8 33 1b aa d2 9a 8d 2d c1 0d fc 29 e3 49 c3 45 00 9d e3 bc 3f 7a f6 15>,
     absValidity: 2018-03-22T01:24:49.192Z,
     relValidity: 7200000 },
  sessionCryptoSpec: { cipher: 'AES-128-CBC', mac: 'SHA256' },
  sessionProtocol: 'TCP',
  handshakeTimeout: 50000 }
chosen nonce: <Buffer e8 ee d8 f7 f3 a2 e9 ab>
switching to HANDSHAKE_1_SENT
disconnected from auth
Handler: secure connection with the server closed.
received session key handshake2!
client ret: [object Object]
server authenticated/authorized by solving nonce!
Handler: communication initialization succeeded
file data length: 1024
sending at Wed Mar 21 2018 01:24:50 GMT+0000 (UTC)
switching to IN_COMM
received secure communication message!
Received seqNum: 0
Handler: data received from server via secure communication
data1
Resp-actual/expected/ratio/ts: 4 4 1 1521595490367
Distribution protocol: TCP
Resp-actual/expected/ratio/ts: 4 5 0.8 1521595548973
connected to auth! from local port 39710
received auth hello!
{ authId: 501, nonce: <Buffer 36 af 37 3d 53 b3 7c 16> }
received session key response encrypted with distribution key
replyNonce in sessionKeyResp: <Buffer f6 88 8b e6 25 7f 03 bd>
auth nonce verified
handleSessionKeyResp: session key request succeeded! authFailureCount: 0
received 1 keys
currentSessionKey: [object Object]
Status: Secure connection closed before starting a new connection.
Session protocol: TCP
chosen commSessionKey: 
{ id: 50100507,
  cipherKeyVal: <Buffer d8 61 f5 71 12 c2 7d 02 f8 03 fd 4d 61 14 1e 7a>,
  macKeyVal: <Buffer 63 6b 18 cf 96 d9 c4 e5 06 8b 13 67 10 ab b0 2f 8c 4c 2e 83 79 da 76 fe a8 7d 07 ba f4 4f e9 27>,
  absValidity: 2018-03-22T01:25:49.219Z,
  relValidity: 7200000 }
options
{ serverHost: '10.0.1.24',
  serverPort: 22100,
  sessionKey: 
   { id: 50100507,
     cipherKeyVal: <Buffer d8 61 f5 71 12 c2 7d 02 f8 03 fd 4d 61 14 1e 7a>,
     macKeyVal: <Buffer 63 6b 18 cf 96 d9 c4 e5 06 8b 13 67 10 ab b0 2f 8c 4c 2e 83 79 da 76 fe a8 7d 07 ba f4 4f e9 27>,
     absValidity: 2018-03-22T01:25:49.219Z,
     relValidity: 7200000 },
  sessionCryptoSpec: { cipher: 'AES-128-CBC', mac: 'SHA256' },
  sessionProtocol: 'TCP',
  handshakeTimeout: 50000 }
chosen nonce: <Buffer af 7f 18 97 64 dc f4 e4>
switching to HANDSHAKE_1_SENT
disconnected from auth
Handler: secure connection with the server closed.
received session key handshake2!
client ret: [object Object]
server authenticated/authorized by solving nonce!
Handler: communication initialization succeeded
file data length: 1024
sending at Wed Mar 21 2018 01:25:50 GMT+0000 (UTC)
switching to IN_COMM
received secure communication message!
Received seqNum: 0
Handler: data received from server via secure communication
data1
Resp-actual/expected/ratio/ts: 5 5 1 1521595550506
Distribution protocol: TCP
Resp-actual/expected/ratio/ts: 5 6 0.8333333333333334 1521595609029
connected to auth! from local port 39980
received auth hello!
{ authId: 501, nonce: <Buffer 39 27 b0 67 ba 6b 52 e4> }
received session key response encrypted with distribution key
replyNonce in sessionKeyResp: <Buffer ff d8 e1 b2 d1 40 d0 41>
auth nonce verified
handleSessionKeyResp: session key request succeeded! authFailureCount: 0
received 1 keys
currentSessionKey: [object Object]
Status: Secure connection closed before starting a new connection.
Session protocol: TCP
chosen commSessionKey: 
{ id: 50100515,
  cipherKeyVal: <Buffer 50 09 d5 3a 29 f3 1c 6d b1 44 b9 8b b6 5a b7 ee>,
  macKeyVal: <Buffer 4b 13 31 bd 69 28 2a 5c 95 26 90 d9 9b 88 eb 08 94 4b c7 76 e9 77 ae c8 dd b4 7e 6d 3e 26 4a 3d>,
  absValidity: 2018-03-22T01:26:49.321Z,
  relValidity: 7200000 }
options
{ serverHost: '10.0.1.24',
  serverPort: 22100,
  sessionKey: 
   { id: 50100515,
     cipherKeyVal: <Buffer 50 09 d5 3a 29 f3 1c 6d b1 44 b9 8b b6 5a b7 ee>,
     macKeyVal: <Buffer 4b 13 31 bd 69 28 2a 5c 95 26 90 d9 9b 88 eb 08 94 4b c7 76 e9 77 ae c8 dd b4 7e 6d 3e 26 4a 3d>,
     absValidity: 2018-03-22T01:26:49.321Z,
     relValidity: 7200000 },
  sessionCryptoSpec: { cipher: 'AES-128-CBC', mac: 'SHA256' },
  sessionProtocol: 'TCP',
  handshakeTimeout: 50000 }
chosen nonce: <Buffer 0b 50 f9 0c 06 c0 10 36>
switching to HANDSHAKE_1_SENT
disconnected from auth
Handler: secure connection with the server closed.
received session key handshake2!
client ret: [object Object]
server authenticated/authorized by solving nonce!
Handler: communication initialization succeeded
file data length: 1024
sending at Wed Mar 21 2018 01:26:50 GMT+0000 (UTC)
switching to IN_COMM
received secure communication message!
Received seqNum: 0
Handler: data received from server via secure communication
data1
Resp-actual/expected/ratio/ts: 6 6 1 1521595610529
Distribution protocol: TCP
Resp-actual/expected/ratio/ts: 6 7 0.8571428571428571 1521595669085
connected to auth! from local port 40248
received auth hello!
{ authId: 501, nonce: <Buffer 93 85 d5 e7 64 34 8e 3e> }
received session key response encrypted with distribution key
replyNonce in sessionKeyResp: <Buffer 08 f4 e1 0a 3d 76 b2 53>
auth nonce verified
handleSessionKeyResp: session key request succeeded! authFailureCount: 0
received 1 keys
currentSessionKey: [object Object]
Status: Secure connection closed before starting a new connection.
Session protocol: TCP
chosen commSessionKey: 
{ id: 50100523,
  cipherKeyVal: <Buffer 2f c8 3b 99 74 00 06 11 16 21 30 b7 76 7c d3 f1>,
  macKeyVal: <Buffer 95 d1 35 9f a4 a8 33 45 c2 d4 47 c9 b4 d9 7e 49 f5 61 1e 88 37 a7 c0 91 91 2b 31 cb 0f 26 17 a2>,
  absValidity: 2018-03-22T01:27:49.385Z,
  relValidity: 7200000 }
options
{ serverHost: '10.0.1.24',
  serverPort: 22100,
  sessionKey: 
   { id: 50100523,
     cipherKeyVal: <Buffer 2f c8 3b 99 74 00 06 11 16 21 30 b7 76 7c d3 f1>,
     macKeyVal: <Buffer 95 d1 35 9f a4 a8 33 45 c2 d4 47 c9 b4 d9 7e 49 f5 61 1e 88 37 a7 c0 91 91 2b 31 cb 0f 26 17 a2>,
     absValidity: 2018-03-22T01:27:49.385Z,
     relValidity: 7200000 },
  sessionCryptoSpec: { cipher: 'AES-128-CBC', mac: 'SHA256' },
  sessionProtocol: 'TCP',
  handshakeTimeout: 50000 }
chosen nonce: <Buffer 37 94 35 91 23 1d 2c 2f>
switching to HANDSHAKE_1_SENT
disconnected from auth
Handler: secure connection with the server closed.
received session key handshake2!
client ret: [object Object]
server authenticated/authorized by solving nonce!
Handler: communication initialization succeeded
file data length: 1024
sending at Wed Mar 21 2018 01:27:50 GMT+0000 (UTC)
switching to IN_COMM
received secure communication message!
Received seqNum: 0
Handler: data received from server via secure communication
data1
Resp-actual/expected/ratio/ts: 7 7 1 1521595670530
Distribution protocol: TCP
Resp-actual/expected/ratio/ts: 7 8 0.875 1521595729102
failure in connection with Auth : authFailureCount: 1
Handler: Error in secure comm - details: Error occurred in session key request: Error: connect EHOSTUNREACH 10.0.1.4:21100
Handler: Error in secure comm - details: Auth hello timedout ...
Distribution protocol: TCP
Resp-actual/expected/ratio/ts: 7 9 0.7777777777777778 1521595789112
failure in connection with Auth : authFailureCount: 2
failure count reached threshold (2), try migration...
In iotAuth.js migrateToTrustedAuth: 
In iotAuthService.js sendMigrationReqViaTCP: 
Handler: Error in secure comm - details: Error occurred in session key request: Error: connect EHOSTUNREACH 10.0.1.4:21100
connected to auth! from local port 43930
received auth hello!
{ authId: 503, nonce: <Buffer 3c 7b 78 85 d8 48 bd 5f> }
received an Auth alert!
failure in migration to another Auth : migrationFailureCount: 1
Handler: Error in secure comm - details: Error occurred in migration request: received an Auth alert! code: 1
disconnected from auth
Handler: Error in secure comm - details: Auth hello timedout ...
Distribution protocol: TCP
Resp-actual/expected/ratio/ts: 7 10 0.7 1521595849121
failure in connection with Auth : authFailureCount: 3
failure count reached threshold (2), try migration...
In iotAuth.js migrateToTrustedAuth: 
In iotAuthService.js sendMigrationReqViaTCP: 
Handler: Error in secure comm - details: Error occurred in session key request: Error: connect EHOSTUNREACH 10.0.1.4:21100
connected to auth! from local port 44158
received auth hello!
{ authId: 503, nonce: <Buffer 1c 5f bf 73 e3 38 bb 87> }
received an Auth alert!
failure in migration to another Auth : migrationFailureCount: 2
Handler: Error in secure comm - details: Error occurred in migration request: received an Auth alert! code: 1
disconnected from auth
Handler: Error in secure comm - details: Auth hello timedout ...
Distribution protocol: TCP
Resp-actual/expected/ratio/ts: 7 11 0.6363636363636364 1521595909132
failure in connection with Auth : authFailureCount: 4
failure count reached threshold (2), try migration...
reached migration failure threshold, rotate migration info index from: 0
to: 1
In iotAuth.js migrateToTrustedAuth: 
In iotAuthService.js sendMigrationReqViaTCP: 
Handler: Error in secure comm - details: Error occurred in session key request: Error: connect EHOSTUNREACH 10.0.1.4:21100
connected to auth! from local port 49058
received auth hello!
{ authId: 502, nonce: <Buffer c8 8b 56 a7 06 97 63 2b> }
more data will come. current: 1445 expected: 1485
received migration response with signature!
{ version: 2,
  subject: 
   { countryName: 'US',
     stateOrProvinceName: 'CA',
     localityName: 'Berkeley',
     organizationName: 'EECS',
     organizationalUnitName: 'Auth502',
     commonName: '10.0.1.5' },
  issuer: 
   { countryName: 'US',
     stateOrProvinceName: 'CA',
     localityName: 'Berkeley',
     organizationName: 'EECS',
     organizationalUnitName: 'Auth501',
     commonName: '10.0.0.4' },
  serial: '01624623E601',
  notBefore: 2018-03-21T01:18:00.000Z,
  notAfter: 2018-03-22T01:19:40.000Z,
  subjectHash: '9638ffe3',
  signatureAlgorithm: 'sha256WithRSAEncryption',
  fingerPrint: 'D6:19:40:AB:3E:00:B6:23:CE:36:36:45:7E:4D:2F:62:1F:9D:05:08',
  publicKey: 
   { algorithm: 'rsaEncryption',
     e: '65537',
     n: 'FF6CB5202497CC77AF28EFDE774858E4FEF04355E5228E378962DF4235BE3683DAF9E38A7E22621D66B3B50166D897E97BF911F9E8FC09D686961AA39679014E5DDD27EA0F02DE853A41537DB5E37F33395E249F355C0D074419572E9856D1D598CAB2CD6951013DDCB0A163B943DFCD2694BE18B9B3892695B3052EBD9115D447293C83AF24A008794B842E4F0A6C2A8D0189612A600AA40A592603E43713C0ECCA681024E5EC429FAD09484B824919DF59C8BD488E0D372D2A3D8B99B6068E24BBBDA8F0BCDDBA806010E4A7181736DF08D4D1CFC16E26507C360EDCBFF1B5F4288CE304DE62E9696665C5108489AD7232658356998FF47C4F7E8A04225423',
     bitSize: 2048 },
  altNames: [],
  extensions: { subjectAlternativeName: 'IP Address:10.0.1.5' } }
null
true
Certificate of new Auth is verified!
Subject information matches Auth ID!
Signature of new Auth is verified.
Auth nonce is verified
migration completed!
new Auth info: !
{ id: 502,
  host: '10.0.1.5',
  port: 21100,
  publicKey: '-----BEGIN CERTIFICATE-----\nMIIDVTCCAj2gAwIBAgIGAWJGI+YBMA0GCSqGSIb3DQEBCwUAMGExCzAJBgNVBAYT\nAlVTMQswCQYDVQQIDAJDQTERMA8GA1UEBwwIQmVya2VsZXkxDTALBgNVBAoMBEVF\nQ1MxEDAOBgNVBAsMB0F1dGg1MDExETAPBgNVBAMMCDEwLjAuMC40MB4XDTE4MDMy\nMTAxMTgwMFoXDTE4MDMyMjAxMTk0MFowYTELMAkGA1UEBhMCVVMxCzAJBgNVBAgM\nAkNBMREwDwYDVQQHDAhCZXJrZWxleTENMAsGA1UECgwERUVDUzEQMA4GA1UECwwH\nQXV0aDUwMjERMA8GA1UEAwwIMTAuMC4xLjUwggEiMA0GCSqGSIb3DQEBAQUAA4IB\nDwAwggEKAoIBAQD/bLUgJJfMd68o7953SFjk/vBDVeUijjeJYt9CNb42g9r544p+\nImIdZrO1AWbYl+l7+RH56PwJ1oaWGqOWeQFOXd0n6g8C3oU6QVN9teN/MzleJJ81\nXA0HRBlXLphW0dWYyrLNaVEBPdywoWO5Q9/NJpS+GLmziSaVswUuvZEV1EcpPIOv\nJKAIeUuELk8KbCqNAYlhKmAKpApZJgPkNxPA7MpoECTl7EKfrQlIS4JJGd9ZyL1I\njg03LSo9i5m2Bo4ku72o8LzduoBgEOSnGBc23wjU0c/BbiZQfDYO3L/xtfQojOME\n3mLpaWZlxRCEia1yMmWDVpmP9HxPfooEIlQjAgMBAAGjEzARMA8GA1UdEQQIMAaH\nBAoAAQUwDQYJKoZIhvcNAQELBQADggEBACYAxx/1Plb2s1TKvTv9hQ1ZUaSaDEMr\nAKRqeJ3b5eFj96Z4Pw1N90OPnPwVN3MRQ86jnT9ogyArLPAfsy6+rZ4hBjuaAFBv\n1ZaaSylRiY6OZty9VXfBbBDXRDYbgT2neLYqBzlKyydStphAkSeaBBm+bcA6+Alr\n06bGwFmPzaYXCfzo6TZC1F38lvhHp4cPw+7VThcDfx5c3QJpC+KmF7C8wMr5uW5R\n/kEXER4og0NE5F15Pc6EM/4qeMnBPQuXO4NHRcsdAyHZUMpb0Rl8lZHZ7ZJ0cdiO\ns9Gmyq1Ae6EM7au/hlF2MnyfoaPzZsBOkujJD07p4aY8Elc/gbsUtGQ=\n-----END CERTIFICATE-----' }
received migration response, for next round of migration, rotate migration info index from: 1
to: 2
disconnected from auth
Handler: Error in secure comm - details: Auth hello timedout ...
Distribution protocol: TCP
Resp-actual/expected/ratio/ts: 7 12 0.5833333333333334 1521595969143
connected to auth! from local port 49302
received auth hello!
{ authId: 502, nonce: <Buffer 48 d5 34 2b 1c c6 17 9b> }
received session key response with distribution key attached!
auth signature verified
replyNonce in sessionKeyResp: <Buffer 81 93 c9 72 1a 5c 1b e6>
auth nonce verified
handleSessionKeyResp: session key request succeeded! authFailureCount: 0
updating distribution key: { cipherKeyVal: <Buffer b5 82 97 b3 31 6d e6 bb 22 b3 4d 63 2f 62 58 fb>,
  macKeyVal: <Buffer 11 77 d4 09 1d 9c 95 94 df b9 e0 34 f7 19 1c f3 5f 1f d9 72 de 6d cf 34 bd f6 0f cf e5 1d e4 54>,
  absValidity: 2018-03-21T02:32:49.503Z }
received 1 keys
currentSessionKey: [object Object]
Status: Secure connection closed before starting a new connection.
Session protocol: TCP
chosen commSessionKey: 
{ id: 50200464,
  cipherKeyVal: <Buffer 95 00 cf 8b ba 3d 23 de 27 99 d0 c1 09 fd 83 0a>,
  macKeyVal: <Buffer 1e dc dc 14 ce b6 5b b6 56 99 60 64 48 89 7a 84 07 e1 83 c3 21 0d 58 6d fa a5 94 fa d9 ad 37 c0>,
  absValidity: 2018-03-22T01:32:49.503Z,
  relValidity: 7200000 }
options
{ serverHost: '10.0.1.24',
  serverPort: 22100,
  sessionKey: 
   { id: 50200464,
     cipherKeyVal: <Buffer 95 00 cf 8b ba 3d 23 de 27 99 d0 c1 09 fd 83 0a>,
     macKeyVal: <Buffer 1e dc dc 14 ce b6 5b b6 56 99 60 64 48 89 7a 84 07 e1 83 c3 21 0d 58 6d fa a5 94 fa d9 ad 37 c0>,
     absValidity: 2018-03-22T01:32:49.503Z,
     relValidity: 7200000 },
  sessionCryptoSpec: { cipher: 'AES-128-CBC', mac: 'SHA256' },
  sessionProtocol: 'TCP',
  handshakeTimeout: 50000 }
disconnected from auth
chosen nonce: <Buffer 68 1d 9f 56 03 33 4a ea>
switching to HANDSHAKE_1_SENT
Handler: secure connection with the server closed.
Handler: Error in secure comm - details: Comm init failed: handshake1 timed out ...
Handler: Error in secure comm - details: Comm init failed: disconnected from server during communication initialization.10.0.1.24:undefined
Distribution protocol: TCP
Resp-actual/expected/ratio/ts: 7 13 0.5384615384615384 1521596029144
connected to auth! from local port 49556
received auth hello!
{ authId: 502, nonce: <Buffer 0c 83 a9 aa f2 d1 9c e0> }
received session key response encrypted with distribution key
replyNonce in sessionKeyResp: <Buffer 1e 1d 15 57 8a 0e 11 63>
auth nonce verified
handleSessionKeyResp: session key request succeeded! authFailureCount: 0
received 1 keys
currentSessionKey: [object Object]
Status: Secure connection closed before starting a new connection.
Session protocol: TCP
chosen commSessionKey: 
{ id: 50200478,
  cipherKeyVal: <Buffer b5 e3 d1 6a 37 fe b6 92 82 0a 22 36 a6 39 c4 96>,
  macKeyVal: <Buffer 1b 8d 93 31 fc bb 5f 96 b3 b5 82 7f cd 6a 72 13 f9 ae 36 61 25 27 2b db f9 29 36 97 b0 53 92 fb>,
  absValidity: 2018-03-22T01:33:52.212Z,
  relValidity: 7200000 }
options
{ serverHost: '10.0.1.24',
  serverPort: 22100,
  sessionKey: 
   { id: 50200478,
     cipherKeyVal: <Buffer b5 e3 d1 6a 37 fe b6 92 82 0a 22 36 a6 39 c4 96>,
     macKeyVal: <Buffer 1b 8d 93 31 fc bb 5f 96 b3 b5 82 7f cd 6a 72 13 f9 ae 36 61 25 27 2b db f9 29 36 97 b0 53 92 fb>,
     absValidity: 2018-03-22T01:33:52.212Z,
     relValidity: 7200000 },
  sessionCryptoSpec: { cipher: 'AES-128-CBC', mac: 'SHA256' },
  sessionProtocol: 'TCP',
  handshakeTimeout: 50000 }
chosen nonce: <Buffer f4 ca a8 ab 33 79 0f e3>
switching to HANDSHAKE_1_SENT
disconnected from auth
Handler: Error in secure comm - details: Comm init failed: handshake1 timed out ...
Handler: Error in secure comm - details: Comm init failed: disconnected from server during communication initialization.10.0.1.24:undefined
Distribution protocol: TCP
Resp-actual/expected/ratio/ts: 7 14 0.5 1521596089151
connected to auth! from local port 49806
received auth hello!
{ authId: 502, nonce: <Buffer db 66 79 ad ea 7f ab ce> }
received session key response encrypted with distribution key
replyNonce in sessionKeyResp: <Buffer a1 0d 3c 75 82 7b e1 82>
auth nonce verified
handleSessionKeyResp: session key request succeeded! authFailureCount: 0
received 1 keys
currentSessionKey: [object Object]
Status: Secure connection closed before starting a new connection.
Session protocol: TCP
chosen commSessionKey: 
{ id: 50200492,
  cipherKeyVal: <Buffer 1d ee a7 af 7b d2 e8 aa e9 76 8a 5c d1 6f c8 27>,
  macKeyVal: <Buffer 73 65 d3 9a e3 e6 cd 16 6e 52 e7 12 47 67 56 cb 31 a9 c7 51 d4 a2 a5 94 a3 be 63 4e 00 c7 9e f9>,
  absValidity: 2018-03-22T01:34:49.539Z,
  relValidity: 7200000 }
options
{ serverHost: '10.0.1.24',
  serverPort: 22100,
  sessionKey: 
   { id: 50200492,
     cipherKeyVal: <Buffer 1d ee a7 af 7b d2 e8 aa e9 76 8a 5c d1 6f c8 27>,
     macKeyVal: <Buffer 73 65 d3 9a e3 e6 cd 16 6e 52 e7 12 47 67 56 cb 31 a9 c7 51 d4 a2 a5 94 a3 be 63 4e 00 c7 9e f9>,
     absValidity: 2018-03-22T01:34:49.539Z,
     relValidity: 7200000 },
  sessionCryptoSpec: { cipher: 'AES-128-CBC', mac: 'SHA256' },
  sessionProtocol: 'TCP',
  handshakeTimeout: 50000 }
chosen nonce: <Buffer 1d a3 48 a4 fe 66 9f dd>
switching to HANDSHAKE_1_SENT
disconnected from auth
Handler: Error in secure comm - details: Comm init failed: handshake1 timed out ...
Handler: Error in secure comm - details: Comm init failed: disconnected from server during communication initialization.10.0.1.24:undefined
Distribution protocol: TCP
Resp-actual/expected/ratio/ts: 7 15 0.4666666666666667 1521596149161
connected to auth! from local port 50058
received auth hello!
{ authId: 502, nonce: <Buffer 4e cf c0 71 40 b0 e2 0c> }
received session key response encrypted with distribution key
replyNonce in sessionKeyResp: <Buffer c8 15 03 95 4a ee c7 f5>
auth nonce verified
handleSessionKeyResp: session key request succeeded! authFailureCount: 0
received 1 keys
currentSessionKey: [object Object]
Status: Secure connection closed before starting a new connection.
Session protocol: TCP
chosen commSessionKey: 
{ id: 50200507,
  cipherKeyVal: <Buffer 28 e2 c5 f6 cd 2d c6 4f c4 49 0b 2b 93 1a 9a 27>,
  macKeyVal: <Buffer b5 e6 d3 69 cd cf 97 a7 8d a9 ac 61 12 31 e1 68 f7 41 da 51 ea 82 9a e0 1e d3 ea 4d 55 e4 03 0d>,
  absValidity: 2018-03-22T01:35:49.508Z,
  relValidity: 7200000 }
options
{ serverHost: '10.0.1.24',
  serverPort: 22100,
  sessionKey: 
   { id: 50200507,
     cipherKeyVal: <Buffer 28 e2 c5 f6 cd 2d c6 4f c4 49 0b 2b 93 1a 9a 27>,
     macKeyVal: <Buffer b5 e6 d3 69 cd cf 97 a7 8d a9 ac 61 12 31 e1 68 f7 41 da 51 ea 82 9a e0 1e d3 ea 4d 55 e4 03 0d>,
     absValidity: 2018-03-22T01:35:49.508Z,
     relValidity: 7200000 },
  sessionCryptoSpec: { cipher: 'AES-128-CBC', mac: 'SHA256' },
  sessionProtocol: 'TCP',
  handshakeTimeout: 50000 }
chosen nonce: <Buffer 65 0d 79 03 f0 2c 9e 2e>
switching to HANDSHAKE_1_SENT
disconnected from auth
Handler: Error in secure comm - details: Comm init failed: handshake1 timed out ...
Handler: Error in secure comm - details: Comm init failed: disconnected from server during communication initialization.10.0.1.24:undefined
Distribution protocol: TCP
Resp-actual/expected/ratio/ts: 7 16 0.4375 1521596209171
connected to auth! from local port 50316
received auth hello!
{ authId: 502, nonce: <Buffer da 8e 8c df 2f 50 f7 e9> }
received session key response encrypted with distribution key
replyNonce in sessionKeyResp: <Buffer 5f 1c f5 17 d1 a3 f8 bb>
auth nonce verified
handleSessionKeyResp: session key request succeeded! authFailureCount: 0
received 1 keys
currentSessionKey: [object Object]
Status: Secure connection closed before starting a new connection.
Session protocol: TCP
chosen commSessionKey: 
{ id: 50200522,
  cipherKeyVal: <Buffer bb eb 10 68 e2 3f f6 16 6b e1 c9 b8 bd 84 78 ab>,
  macKeyVal: <Buffer 8b 99 3b cb 24 13 21 f8 40 b3 3d 9f 93 4d f9 89 bd b4 5d 09 83 3b 63 f6 e4 8c 0e 33 20 c0 32 48>,
  absValidity: 2018-03-22T01:36:49.465Z,
  relValidity: 7200000 }
options
{ serverHost: '10.0.1.24',
  serverPort: 22100,
  sessionKey: 
   { id: 50200522,
     cipherKeyVal: <Buffer bb eb 10 68 e2 3f f6 16 6b e1 c9 b8 bd 84 78 ab>,
     macKeyVal: <Buffer 8b 99 3b cb 24 13 21 f8 40 b3 3d 9f 93 4d f9 89 bd b4 5d 09 83 3b 63 f6 e4 8c 0e 33 20 c0 32 48>,
     absValidity: 2018-03-22T01:36:49.465Z,
     relValidity: 7200000 },
  sessionCryptoSpec: { cipher: 'AES-128-CBC', mac: 'SHA256' },
  sessionProtocol: 'TCP',
  handshakeTimeout: 50000 }
chosen nonce: <Buffer 68 46 37 71 90 ec c0 af>
switching to HANDSHAKE_1_SENT
disconnected from auth
received session key handshake2!
client ret: [object Object]
server authenticated/authorized by solving nonce!
Handler: communication initialization succeeded
file data length: 1024
sending at Wed Mar 21 2018 01:36:51 GMT+0000 (UTC)
switching to IN_COMM
received secure communication message!
Received seqNum: 0
Handler: data received from server via secure communication
data1
Resp-actual/expected/ratio/ts: 8 16 0.5 1521596211997
Distribution protocol: TCP
Resp-actual/expected/ratio/ts: 8 17 0.47058823529411764 1521596269225
connected to auth! from local port 50564
received auth hello!
{ authId: 502, nonce: <Buffer 0c 77 e6 e4 83 44 11 80> }
received session key response encrypted with distribution key
replyNonce in sessionKeyResp: <Buffer 4f f4 e7 e7 98 e8 64 91>
auth nonce verified
handleSessionKeyResp: session key request succeeded! authFailureCount: 0
received 1 keys
currentSessionKey: [object Object]
Status: Secure connection closed before starting a new connection.
Session protocol: TCP
chosen commSessionKey: 
{ id: 50200537,
  cipherKeyVal: <Buffer 4a f9 03 bd e3 35 91 a5 ba 3b 0e 5c 5d 0a a4 d5>,
  macKeyVal: <Buffer 06 a6 b3 01 12 ff 8f 22 aa a5 f8 10 9f 5e e5 d4 d5 da 48 d0 48 02 b5 ac 70 c1 53 06 36 89 a4 0f>,
  absValidity: 2018-03-22T01:37:49.543Z,
  relValidity: 7200000 }
options
{ serverHost: '10.0.1.24',
  serverPort: 22100,
  sessionKey: 
   { id: 50200537,
     cipherKeyVal: <Buffer 4a f9 03 bd e3 35 91 a5 ba 3b 0e 5c 5d 0a a4 d5>,
     macKeyVal: <Buffer 06 a6 b3 01 12 ff 8f 22 aa a5 f8 10 9f 5e e5 d4 d5 da 48 d0 48 02 b5 ac 70 c1 53 06 36 89 a4 0f>,
     absValidity: 2018-03-22T01:37:49.543Z,
     relValidity: 7200000 },
  sessionCryptoSpec: { cipher: 'AES-128-CBC', mac: 'SHA256' },
  sessionProtocol: 'TCP',
  handshakeTimeout: 50000 }
chosen nonce: <Buffer 49 de 32 f1 60 fd 0f e5>
switching to HANDSHAKE_1_SENT
disconnected from auth
Handler: secure connection with the server closed.
received session key handshake2!
client ret: [object Object]
server authenticated/authorized by solving nonce!
Handler: communication initialization succeeded
file data length: 1024
sending at Wed Mar 21 2018 01:37:51 GMT+0000 (UTC)
switching to IN_COMM
received secure communication message!
Received seqNum: 0
Handler: data received from server via secure communication
data1
Resp-actual/expected/ratio/ts: 9 17 0.5294117647058824 1521596272144
Distribution protocol: TCP
Resp-actual/expected/ratio/ts: 9 18 0.5 1521596329282
connected to auth! from local port 50808
received auth hello!
{ authId: 502, nonce: <Buffer da ab ee 47 55 71 14 e0> }
received session key response encrypted with distribution key
replyNonce in sessionKeyResp: <Buffer 0f ab 50 41 d7 6e ef 49>
auth nonce verified
handleSessionKeyResp: session key request succeeded! authFailureCount: 0
received 1 keys
currentSessionKey: [object Object]
Status: Secure connection closed before starting a new connection.
Session protocol: TCP
chosen commSessionKey: 
{ id: 50200552,
  cipherKeyVal: <Buffer 4f ba 39 1d f4 b4 9c c7 bc a6 9f 77 10 b6 e0 b5>,
  macKeyVal: <Buffer be d7 90 79 41 6b 0c 6e 31 fd 6d c2 38 f2 0f d0 36 3f 2d 5c 57 18 3e 58 0e d1 3c 76 6b 81 9c 3d>,
  absValidity: 2018-03-22T01:38:50.903Z,
  relValidity: 7200000 }
options
{ serverHost: '10.0.1.24',
  serverPort: 22100,
  sessionKey: 
   { id: 50200552,
     cipherKeyVal: <Buffer 4f ba 39 1d f4 b4 9c c7 bc a6 9f 77 10 b6 e0 b5>,
     macKeyVal: <Buffer be d7 90 79 41 6b 0c 6e 31 fd 6d c2 38 f2 0f d0 36 3f 2d 5c 57 18 3e 58 0e d1 3c 76 6b 81 9c 3d>,
     absValidity: 2018-03-22T01:38:50.903Z,
     relValidity: 7200000 },
  sessionCryptoSpec: { cipher: 'AES-128-CBC', mac: 'SHA256' },
  sessionProtocol: 'TCP',
  handshakeTimeout: 50000 }
chosen nonce: <Buffer b8 02 de 26 a3 36 5e 7f>
switching to HANDSHAKE_1_SENT
disconnected from auth
Handler: secure connection with the server closed.
received session key handshake2!
client ret: [object Object]
server authenticated/authorized by solving nonce!
Handler: communication initialization succeeded
file data length: 1024
sending at Wed Mar 21 2018 01:38:53 GMT+0000 (UTC)
switching to IN_COMM
received secure communication message!
Received seqNum: 0
Handler: data received from server via secure communication
data1
Resp-actual/expected/ratio/ts: 10 18 0.5555555555555556 1521596333655
Distribution protocol: TCP
Resp-actual/expected/ratio/ts: 10 19 0.5263157894736842 1521596389338
connected to auth! from local port 51052
received auth hello!
{ authId: 502, nonce: <Buffer fa c0 72 65 aa 88 14 dd> }
received session key response encrypted with distribution key
replyNonce in sessionKeyResp: <Buffer 67 14 27 1b d3 6c 54 14>
auth nonce verified
handleSessionKeyResp: session key request succeeded! authFailureCount: 0
received 1 keys
currentSessionKey: [object Object]
Status: Secure connection closed before starting a new connection.
Session protocol: TCP
chosen commSessionKey: 
{ id: 50200567,
  cipherKeyVal: <Buffer 78 12 fe 76 ee 0c 86 71 af 76 5c b2 b7 41 17 59>,
  macKeyVal: <Buffer 0e b0 69 f6 64 bf 0f 7a 59 ae 41 2a 35 fc 35 ad 08 b4 42 07 d8 f0 69 25 bc 6a 1b 03 3d cb 17 c9>,
  absValidity: 2018-03-22T01:39:50.940Z,
  relValidity: 7200000 }
options
{ serverHost: '10.0.1.24',
  serverPort: 22100,
  sessionKey: 
   { id: 50200567,
     cipherKeyVal: <Buffer 78 12 fe 76 ee 0c 86 71 af 76 5c b2 b7 41 17 59>,
     macKeyVal: <Buffer 0e b0 69 f6 64 bf 0f 7a 59 ae 41 2a 35 fc 35 ad 08 b4 42 07 d8 f0 69 25 bc 6a 1b 03 3d cb 17 c9>,
     absValidity: 2018-03-22T01:39:50.940Z,
     relValidity: 7200000 },
  sessionCryptoSpec: { cipher: 'AES-128-CBC', mac: 'SHA256' },
  sessionProtocol: 'TCP',
  handshakeTimeout: 50000 }
chosen nonce: <Buffer 01 7f 18 b4 5c 38 5f 60>
switching to HANDSHAKE_1_SENT
disconnected from auth
Handler: secure connection with the server closed.
received session key handshake2!
client ret: [object Object]
server authenticated/authorized by solving nonce!
Handler: communication initialization succeeded
file data length: 1024
sending at Wed Mar 21 2018 01:39:53 GMT+0000 (UTC)
switching to IN_COMM
received secure communication message!
Received seqNum: 0
Handler: data received from server via secure communication
data1
Resp-actual/expected/ratio/ts: 11 19 0.5789473684210527 1521596393709
Distribution protocol: TCP
Resp-actual/expected/ratio/ts: 11 20 0.55 1521596449381
connected to auth! from local port 51302
received auth hello!
{ authId: 502, nonce: <Buffer fe 9b 6b 26 87 0e 5a 91> }
received session key response encrypted with distribution key
replyNonce in sessionKeyResp: <Buffer e4 9f a4 f6 c4 27 41 e9>
auth nonce verified
handleSessionKeyResp: session key request succeeded! authFailureCount: 0
received 1 keys
currentSessionKey: [object Object]
Status: Secure connection closed before starting a new connection.
Session protocol: TCP
chosen commSessionKey: 
{ id: 50200582,
  cipherKeyVal: <Buffer 40 ee d9 8d 1b b7 98 c7 6a f9 e7 f6 ea c7 9f 8f>,
  macKeyVal: <Buffer e8 58 60 19 f4 b2 72 77 b6 45 f4 33 5a 96 38 f8 2c bf 80 5d 90 2c 32 44 ba d3 bc f0 3d ab 3a 0b>,
  absValidity: 2018-03-22T01:40:49.714Z,
  relValidity: 7200000 }
options
{ serverHost: '10.0.1.24',
  serverPort: 22100,
  sessionKey: 
   { id: 50200582,
     cipherKeyVal: <Buffer 40 ee d9 8d 1b b7 98 c7 6a f9 e7 f6 ea c7 9f 8f>,
     macKeyVal: <Buffer e8 58 60 19 f4 b2 72 77 b6 45 f4 33 5a 96 38 f8 2c bf 80 5d 90 2c 32 44 ba d3 bc f0 3d ab 3a 0b>,
     absValidity: 2018-03-22T01:40:49.714Z,
     relValidity: 7200000 },
  sessionCryptoSpec: { cipher: 'AES-128-CBC', mac: 'SHA256' },
  sessionProtocol: 'TCP',
  handshakeTimeout: 50000 }
chosen nonce: <Buffer db 79 f4 0b fc c1 12 d7>
switching to HANDSHAKE_1_SENT
Handler: secure connection with the server closed.
disconnected from auth
received session key handshake2!
client ret: [object Object]
server authenticated/authorized by solving nonce!
Handler: communication initialization succeeded
file data length: 1024
sending at Wed Mar 21 2018 01:40:51 GMT+0000 (UTC)
switching to IN_COMM
received secure communication message!
Received seqNum: 0
Handler: data received from server via secure communication
data1
Resp-actual/expected/ratio/ts: 12 20 0.6 1521596452084
Distribution protocol: TCP
Resp-actual/expected/ratio/ts: 12 21 0.5714285714285714 1521596509440
connected to auth! from local port 51552
received auth hello!
{ authId: 502, nonce: <Buffer c0 cd 2e 1f 7d f9 5f fb> }
received session key response encrypted with distribution key
replyNonce in sessionKeyResp: <Buffer 08 15 28 63 1f 44 1c 3b>
auth nonce verified
handleSessionKeyResp: session key request succeeded! authFailureCount: 0
received 1 keys
currentSessionKey: [object Object]
Status: Secure connection closed before starting a new connection.
Session protocol: TCP
chosen commSessionKey: 
{ id: 50200597,
  cipherKeyVal: <Buffer 8b c6 e7 aa f8 85 b4 99 55 d3 26 a5 55 5b 0c 92>,
  macKeyVal: <Buffer e5 d2 81 30 f1 81 97 3f 41 03 55 7e ae 48 cd 9d 52 24 05 5c 48 3b 2a d4 f2 b4 7a 31 b9 9d 84 30>,
  absValidity: 2018-03-22T01:41:51.038Z,
  relValidity: 7200000 }
options
{ serverHost: '10.0.1.24',
  serverPort: 22100,
  sessionKey: 
   { id: 50200597,
     cipherKeyVal: <Buffer 8b c6 e7 aa f8 85 b4 99 55 d3 26 a5 55 5b 0c 92>,
     macKeyVal: <Buffer e5 d2 81 30 f1 81 97 3f 41 03 55 7e ae 48 cd 9d 52 24 05 5c 48 3b 2a d4 f2 b4 7a 31 b9 9d 84 30>,
     absValidity: 2018-03-22T01:41:51.038Z,
     relValidity: 7200000 },
  sessionCryptoSpec: { cipher: 'AES-128-CBC', mac: 'SHA256' },
  sessionProtocol: 'TCP',
  handshakeTimeout: 50000 }
chosen nonce: <Buffer 71 b6 5a f6 7d 56 c9 de>
switching to HANDSHAKE_1_SENT
disconnected from auth
Handler: secure connection with the server closed.
received session key handshake2!
client ret: [object Object]
server authenticated/authorized by solving nonce!
Handler: communication initialization succeeded
file data length: 1024
sending at Wed Mar 21 2018 01:41:53 GMT+0000 (UTC)
switching to IN_COMM
received secure communication message!
Received seqNum: 0
Handler: data received from server via secure communication
data1
Resp-actual/expected/ratio/ts: 13 21 0.6190476190476191 1521596513850
Handler: secure connection with the server closed.
Distribution protocol: TCP
Resp-actual/expected/ratio/ts: 13 22 0.5909090909090909 1521596569474
connected to auth! from local port 51792
received auth hello!
{ authId: 502, nonce: <Buffer ff 10 23 51 a6 19 4b a4> }
received session key response encrypted with distribution key
replyNonce in sessionKeyResp: <Buffer 52 c8 46 e6 28 1c 23 ae>
auth nonce verified
handleSessionKeyResp: session key request succeeded! authFailureCount: 0
received 1 keys
currentSessionKey: [object Object]
Status: Secure connection closed before starting a new connection.
Session protocol: TCP
chosen commSessionKey: 
{ id: 50200612,
  cipherKeyVal: <Buffer 08 33 b3 1e fb e0 75 53 b3 e5 1d 1e 12 4f 44 56>,
  macKeyVal: <Buffer 7a fa 57 7d 7b 91 3b 8f b7 ce e1 03 3c ce 5c e0 06 94 80 8f 83 be a1 66 39 2e e5 56 40 6e 48 80>,
  absValidity: 2018-03-22T01:42:49.852Z,
  relValidity: 7200000 }
options
{ serverHost: '10.0.1.24',
  serverPort: 22100,
  sessionKey: 
   { id: 50200612,
     cipherKeyVal: <Buffer 08 33 b3 1e fb e0 75 53 b3 e5 1d 1e 12 4f 44 56>,
     macKeyVal: <Buffer 7a fa 57 7d 7b 91 3b 8f b7 ce e1 03 3c ce 5c e0 06 94 80 8f 83 be a1 66 39 2e e5 56 40 6e 48 80>,
     absValidity: 2018-03-22T01:42:49.852Z,
     relValidity: 7200000 },
  sessionCryptoSpec: { cipher: 'AES-128-CBC', mac: 'SHA256' },
  sessionProtocol: 'TCP',
  handshakeTimeout: 50000 }
Handler: Error in secure comm - details: Comm init failed: Error in comm init - details: Error: connect ECONNREFUSED 10.0.1.24:22100
disconnected from auth
Distribution protocol: TCP
Resp-actual/expected/ratio/ts: 13 23 0.5652173913043478 1521596629533
connected to auth! from local port 52030
received auth hello!
{ authId: 502, nonce: <Buffer 34 51 b9 ff 61 34 a8 42> }
received session key response encrypted with distribution key
replyNonce in sessionKeyResp: <Buffer 86 9e 15 f1 03 c4 8f 72>
auth nonce verified
handleSessionKeyResp: session key request succeeded! authFailureCount: 0
received 1 keys
currentSessionKey: [object Object]
Status: Secure connection closed before starting a new connection.
Session protocol: TCP
chosen commSessionKey: 
{ id: 50200627,
  cipherKeyVal: <Buffer 85 90 f8 20 9c e7 52 c7 7b 3f 38 96 86 81 67 29>,
  macKeyVal: <Buffer 16 f3 a2 84 da 7f 8a 8d 4c f8 69 65 0f 96 1e 68 3e 1e 08 39 d8 4d 4d bc 1a a3 1c bd b8 eb f7 d2>,
  absValidity: 2018-03-22T01:43:49.901Z,
  relValidity: 7200000 }
options
{ serverHost: '10.0.1.24',
  serverPort: 22100,
  sessionKey: 
   { id: 50200627,
     cipherKeyVal: <Buffer 85 90 f8 20 9c e7 52 c7 7b 3f 38 96 86 81 67 29>,
     macKeyVal: <Buffer 16 f3 a2 84 da 7f 8a 8d 4c f8 69 65 0f 96 1e 68 3e 1e 08 39 d8 4d 4d bc 1a a3 1c bd b8 eb f7 d2>,
     absValidity: 2018-03-22T01:43:49.901Z,
     relValidity: 7200000 },
  sessionCryptoSpec: { cipher: 'AES-128-CBC', mac: 'SHA256' },
  sessionProtocol: 'TCP',
  handshakeTimeout: 50000 }
disconnected from auth
Handler: Error in secure comm - details: Comm init failed: Error in comm init - details: Error: connect ECONNREFUSED 10.0.1.24:22100
Distribution protocol: TCP
Resp-actual/expected/ratio/ts: 13 24 0.5416666666666666 1521596689593
connected to auth! from local port 52268
received auth hello!
{ authId: 502, nonce: <Buffer 5f da 28 c6 d3 24 c8 8e> }
received session key response encrypted with distribution key
replyNonce in sessionKeyResp: <Buffer 7b 52 ae 36 f0 57 69 86>
auth nonce verified
handleSessionKeyResp: session key request succeeded! authFailureCount: 0
received 1 keys
currentSessionKey: [object Object]
Status: Secure connection closed before starting a new connection.
Session protocol: TCP
chosen commSessionKey: 
{ id: 50200642,
  cipherKeyVal: <Buffer 6f f8 c0 60 98 18 67 f4 50 b9 96 79 92 84 a1 a3>,
  macKeyVal: <Buffer 07 4b 81 23 e2 09 ee b8 a3 c4 e9 c9 35 4a 09 1a 16 71 4c fb 0a 0d e4 0d 08 ba 6e 68 02 0b 5a 18>,
  absValidity: 2018-03-22T01:44:49.985Z,
  relValidity: 7200000 }
options
{ serverHost: '10.0.1.24',
  serverPort: 22100,
  sessionKey: 
   { id: 50200642,
     cipherKeyVal: <Buffer 6f f8 c0 60 98 18 67 f4 50 b9 96 79 92 84 a1 a3>,
     macKeyVal: <Buffer 07 4b 81 23 e2 09 ee b8 a3 c4 e9 c9 35 4a 09 1a 16 71 4c fb 0a 0d e4 0d 08 ba 6e 68 02 0b 5a 18>,
     absValidity: 2018-03-22T01:44:49.985Z,
     relValidity: 7200000 },
  sessionCryptoSpec: { cipher: 'AES-128-CBC', mac: 'SHA256' },
  sessionProtocol: 'TCP',
  handshakeTimeout: 50000 }
Handler: Error in secure comm - details: Comm init failed: Error in comm init - details: Error: connect ECONNREFUSED 10.0.1.24:22100
disconnected from auth
Distribution protocol: TCP
Resp-actual/expected/ratio/ts: 13 25 0.52 1521596749649
connected to auth! from local port 52506
received auth hello!
{ authId: 502, nonce: <Buffer 1e 64 08 6c b4 1c ca dd> }
received session key response encrypted with distribution key
replyNonce in sessionKeyResp: <Buffer 4b da db d7 c4 af 56 09>
auth nonce verified
handleSessionKeyResp: session key request succeeded! authFailureCount: 0
received 1 keys
currentSessionKey: [object Object]
Status: Secure connection closed before starting a new connection.
Session protocol: TCP
chosen commSessionKey: 
{ id: 50200657,
  cipherKeyVal: <Buffer 94 da 39 db 4b 94 32 9d 3d 31 3e 01 68 50 a1 14>,
  macKeyVal: <Buffer 36 70 2c 28 7c fa c3 29 73 5b c1 09 9c cb ef 74 4f 3c ff 57 c2 01 71 25 0a 70 9d 5a 93 d7 31 a6>,
  absValidity: 2018-03-22T01:45:49.944Z,
  relValidity: 7200000 }
options
{ serverHost: '10.0.1.24',
  serverPort: 22100,
  sessionKey: 
   { id: 50200657,
     cipherKeyVal: <Buffer 94 da 39 db 4b 94 32 9d 3d 31 3e 01 68 50 a1 14>,
     macKeyVal: <Buffer 36 70 2c 28 7c fa c3 29 73 5b c1 09 9c cb ef 74 4f 3c ff 57 c2 01 71 25 0a 70 9d 5a 93 d7 31 a6>,
     absValidity: 2018-03-22T01:45:49.944Z,
     relValidity: 7200000 },
  sessionCryptoSpec: { cipher: 'AES-128-CBC', mac: 'SHA256' },
  sessionProtocol: 'TCP',
  handshakeTimeout: 50000 }
Handler: Error in secure comm - details: Comm init failed: Error in comm init - details: Error: connect ECONNREFUSED 10.0.1.24:22100
disconnected from auth
Distribution protocol: TCP
Resp-actual/expected/ratio/ts: 13 26 0.5 1521596809664
connected to auth! from local port 52738
received auth hello!
{ authId: 502, nonce: <Buffer 26 03 c1 fa 9e 6e fc d6> }
received session key response encrypted with distribution key
replyNonce in sessionKeyResp: <Buffer 71 89 7a d9 5e 7a b5 ef>
auth nonce verified
handleSessionKeyResp: session key request succeeded! authFailureCount: 0
received 1 keys
currentSessionKey: [object Object]
Status: Secure connection closed before starting a new connection.
Session protocol: TCP
chosen commSessionKey: 
{ id: 50200672,
  cipherKeyVal: <Buffer cf 1e f6 81 8d ac 50 db e2 97 10 bd a2 3c a2 d6>,
  macKeyVal: <Buffer c2 4a b3 fc 12 1a 5a b5 e6 12 cc 01 8b c3 8b 19 ec df 48 2c fe c2 59 9d 80 5a bb cc a9 cb e6 17>,
  absValidity: 2018-03-22T01:46:49.965Z,
  relValidity: 7200000 }
options
{ serverHost: '10.0.1.24',
  serverPort: 22100,
  sessionKey: 
   { id: 50200672,
     cipherKeyVal: <Buffer cf 1e f6 81 8d ac 50 db e2 97 10 bd a2 3c a2 d6>,
     macKeyVal: <Buffer c2 4a b3 fc 12 1a 5a b5 e6 12 cc 01 8b c3 8b 19 ec df 48 2c fe c2 59 9d 80 5a bb cc a9 cb e6 17>,
     absValidity: 2018-03-22T01:46:49.965Z,
     relValidity: 7200000 },
  sessionCryptoSpec: { cipher: 'AES-128-CBC', mac: 'SHA256' },
  sessionProtocol: 'TCP',
  handshakeTimeout: 50000 }
Handler: Error in secure comm - details: Comm init failed: Error in comm init - details: Error: connect ECONNREFUSED 10.0.1.24:22100
disconnected from auth
Distribution protocol: TCP
Resp-actual/expected/ratio/ts: 13 27 0.48148148148148145 1521596869725
connected to auth! from local port 52976
received auth hello!
{ authId: 502, nonce: <Buffer cb 49 ad d8 f7 e2 7b 3f> }
received session key response encrypted with distribution key
replyNonce in sessionKeyResp: <Buffer 53 f6 f6 52 a4 3d 1a e5>
auth nonce verified
handleSessionKeyResp: session key request succeeded! authFailureCount: 0
received 1 keys
currentSessionKey: [object Object]
Status: Secure connection closed before starting a new connection.
Session protocol: TCP
chosen commSessionKey: 
{ id: 50200687,
  cipherKeyVal: <Buffer a7 10 e2 43 0f 5e 32 88 0d 46 59 ad 14 80 20 a2>,
  macKeyVal: <Buffer 0b 89 64 c8 20 1d bf c0 f3 cf b5 d3 77 c7 8d a7 26 e5 6f 55 0f 21 2f 38 8f 2b cf 10 b0 7a a0 2e>,
  absValidity: 2018-03-22T01:47:49.996Z,
  relValidity: 7200000 }
options
{ serverHost: '10.0.1.24',
  serverPort: 22100,
  sessionKey: 
   { id: 50200687,
     cipherKeyVal: <Buffer a7 10 e2 43 0f 5e 32 88 0d 46 59 ad 14 80 20 a2>,
     macKeyVal: <Buffer 0b 89 64 c8 20 1d bf c0 f3 cf b5 d3 77 c7 8d a7 26 e5 6f 55 0f 21 2f 38 8f 2b cf 10 b0 7a a0 2e>,
     absValidity: 2018-03-22T01:47:49.996Z,
     relValidity: 7200000 },
  sessionCryptoSpec: { cipher: 'AES-128-CBC', mac: 'SHA256' },
  sessionProtocol: 'TCP',
  handshakeTimeout: 50000 }
Handler: Error in secure comm - details: Comm init failed: Error in comm init - details: Error: connect ECONNREFUSED 10.0.1.24:22100
disconnected from auth
Distribution protocol: TCP
Resp-actual/expected/ratio/ts: 13 28 0.4642857142857143 1521596929746
connected to auth! from local port 53206
received auth hello!
{ authId: 502, nonce: <Buffer db 5c 3a 4f b7 e3 96 31> }
received session key response encrypted with distribution key
replyNonce in sessionKeyResp: <Buffer 66 54 d8 86 11 04 ab 16>
auth nonce verified
handleSessionKeyResp: session key request succeeded! authFailureCount: 0
received 1 keys
currentSessionKey: [object Object]
Status: Secure connection closed before starting a new connection.
Session protocol: TCP
chosen commSessionKey: 
{ id: 50200702,
  cipherKeyVal: <Buffer 24 79 f7 5f 8e b2 60 65 91 19 a0 23 fc 45 04 f3>,
  macKeyVal: <Buffer ec e3 9c 4e cd c7 bc bb 0d fa bb d7 73 d6 09 b7 78 40 00 f2 d4 2d 1b 3f 97 fc 2e af b1 fb b7 ed>,
  absValidity: 2018-03-22T01:48:49.996Z,
  relValidity: 7200000 }
options
{ serverHost: '10.0.1.24',
  serverPort: 22100,
  sessionKey: 
   { id: 50200702,
     cipherKeyVal: <Buffer 24 79 f7 5f 8e b2 60 65 91 19 a0 23 fc 45 04 f3>,
     macKeyVal: <Buffer ec e3 9c 4e cd c7 bc bb 0d fa bb d7 73 d6 09 b7 78 40 00 f2 d4 2d 1b 3f 97 fc 2e af b1 fb b7 ed>,
     absValidity: 2018-03-22T01:48:49.996Z,
     relValidity: 7200000 },
  sessionCryptoSpec: { cipher: 'AES-128-CBC', mac: 'SHA256' },
  sessionProtocol: 'TCP',
  handshakeTimeout: 50000 }
Handler: Error in secure comm - details: Comm init failed: Error in comm init - details: Error: connect ECONNREFUSED 10.0.1.24:22100
disconnected from auth
