changing working directory to: /home/hokeunkim/Development/iotauth/entity/node/example_entities
loading from config file: /home/hokeunkim/Development/iotauth_experiments/experiments/ccs2017/expOptions/expEntity.option
Experimental options for autoClient: { autoSendPeriod: 60000,
  useSameSessionKeyCount: 1,
  connectionTimeout: 50000,
  migrationEnabled: true,
  authFailureThreshold: 2,
  migrationFailureThreshold: 2 }
loading from config file: /home/hokeunkim/Development/iotauth/entity/node/example_entities/configs/Clients/c504.config
initializing...
current parameters: { numKeysPerRequest: 3,
  migrationEnabled: false,
  authFailureThreshold: 3,
  migrationFailureThreshold: 3 }
current parameters: { numKeysPerRequest: 1,
  migrationEnabled: false,
  authFailureThreshold: 3,
  migrationFailureThreshold: 3 }
current parameters: { numKeysPerRequest: 1,
  migrationEnabled: true,
  authFailureThreshold: 3,
  migrationFailureThreshold: 3 }
current parameters: { numKeysPerRequest: 1,
  migrationEnabled: true,
  authFailureThreshold: 2,
  migrationFailureThreshold: 3 }
current parameters: { numKeysPerRequest: 1,
  migrationEnabled: true,
  authFailureThreshold: 2,
  migrationFailureThreshold: 2 }
current entityInfo: { name: 'c504',
  group: 'Clients',
  distProtocol: 'TCP',
  usePermanentDistKey: false,
  connectionTimeout: 50000,
  privateKey: <Buffer 2d 2d 2d 2d 2d 42 45 47 49 4e 20 52 53 41 20 50 52 49 56 41 54 45 20 4b 45 59 2d 2d 2d 2d 2d 0a 4d 49 49 45 70 41 49 42 41 41 4b 43 41 51 45 41 74 54 ... > }
Distribution protocol: TCP
Resp-actual/expected/ratio/ts: 0 1 0 1521581416211
connected to auth! from local port 34976
received auth hello!
{ authId: 504, nonce: <Buffer 70 67 8c 7e 6b 2e 2c f6> }
received session key response with distribution key attached!
auth signature verified
replyNonce in sessionKeyResp: <Buffer 48 78 74 f3 4c b3 85 db>
auth nonce verified
handleSessionKeyResp: session key request succeeded! authFailureCount: 0
updating distribution key: { cipherKeyVal: <Buffer 52 86 55 39 1e 9c 63 a3 fb 98 be 41 cb 23 e6 1c>,
  macKeyVal: <Buffer 6e 31 80 37 35 46 4a 98 9c 4f 38 99 04 93 84 50 7b 3c b5 95 73 d3 33 81 c1 16 07 22 b1 99 cf 94>,
  absValidity: 2018-03-20T22:30:16.382Z }
received 1 keys
currentSessionKey: [object Object]
Session protocol: TCP
chosen commSessionKey: 
{ id: 50400149,
  cipherKeyVal: <Buffer d5 ff 99 e2 15 e7 b1 0d 59 38 93 9e 06 5e 05 48>,
  macKeyVal: <Buffer e1 68 85 46 ee 87 38 ec e0 f5 cf 9b b3 55 37 be b0 58 9c 91 bb a1 38 95 03 11 06 ce 51 26 c5 29>,
  absValidity: 2018-03-21T21:30:16.381Z,
  relValidity: 7200000 }
options
{ serverHost: '10.0.1.26',
  serverPort: 22100,
  sessionKey: 
   { id: 50400149,
     cipherKeyVal: <Buffer d5 ff 99 e2 15 e7 b1 0d 59 38 93 9e 06 5e 05 48>,
     macKeyVal: <Buffer e1 68 85 46 ee 87 38 ec e0 f5 cf 9b b3 55 37 be b0 58 9c 91 bb a1 38 95 03 11 06 ce 51 26 c5 29>,
     absValidity: 2018-03-21T21:30:16.381Z,
     relValidity: 7200000 },
  sessionCryptoSpec: { cipher: 'AES-128-CBC', mac: 'SHA256' },
  sessionProtocol: 'TCP',
  handshakeTimeout: 50000 }
disconnected from auth
chosen nonce: <Buffer 04 3c f4 b9 44 88 ec 65>
switching to HANDSHAKE_1_SENT
received session key handshake2!
client ret: [object Object]
server authenticated/authorized by solving nonce!
Handler: communication initialization succeeded
file data length: 1024
sending at Tue Mar 20 2018 21:30:16 GMT+0000 (UTC)
switching to IN_COMM
received secure communication message!
Received seqNum: 0
Handler: data received from server via secure communication
data1
Resp-actual/expected/ratio/ts: 1 1 1 1521581417227
Distribution protocol: TCP
Resp-actual/expected/ratio/ts: 1 2 0.5 1521581476271
connected to auth! from local port 35222
received auth hello!
{ authId: 504, nonce: <Buffer b9 aa 5f 06 b0 68 60 d6> }
received session key response encrypted with distribution key
replyNonce in sessionKeyResp: <Buffer 7d 32 1d 18 f4 eb 08 db>
auth nonce verified
handleSessionKeyResp: session key request succeeded! authFailureCount: 0
received 1 keys
currentSessionKey: [object Object]
Status: Secure connection closed before starting a new connection.
Session protocol: TCP
chosen commSessionKey: 
{ id: 50400151,
  cipherKeyVal: <Buffer 6d 2c a9 e8 14 9f cd ca e0 0f b5 c0 4e 62 32 aa>,
  macKeyVal: <Buffer f5 05 42 3b 5a fd f4 06 11 42 8a 57 60 d9 f2 6f 31 6e 42 c6 8b cf ae 3e 99 2f 36 2b b5 06 7a 35>,
  absValidity: 2018-03-21T21:31:16.434Z,
  relValidity: 7200000 }
options
{ serverHost: '10.0.1.26',
  serverPort: 22100,
  sessionKey: 
   { id: 50400151,
     cipherKeyVal: <Buffer 6d 2c a9 e8 14 9f cd ca e0 0f b5 c0 4e 62 32 aa>,
     macKeyVal: <Buffer f5 05 42 3b 5a fd f4 06 11 42 8a 57 60 d9 f2 6f 31 6e 42 c6 8b cf ae 3e 99 2f 36 2b b5 06 7a 35>,
     absValidity: 2018-03-21T21:31:16.434Z,
     relValidity: 7200000 },
  sessionCryptoSpec: { cipher: 'AES-128-CBC', mac: 'SHA256' },
  sessionProtocol: 'TCP',
  handshakeTimeout: 50000 }
chosen nonce: <Buffer a1 6e 62 3b 55 52 c9 8d>
switching to HANDSHAKE_1_SENT
disconnected from auth
Handler: secure connection with the server closed.
received session key handshake2!
client ret: [object Object]
server authenticated/authorized by solving nonce!
Handler: communication initialization succeeded
file data length: 1024
sending at Tue Mar 20 2018 21:31:17 GMT+0000 (UTC)
switching to IN_COMM
received secure communication message!
Received seqNum: 0
Handler: data received from server via secure communication
data1
Resp-actual/expected/ratio/ts: 2 2 1 1521581477670
Distribution protocol: TCP
Resp-actual/expected/ratio/ts: 2 3 0.6666666666666666 1521581536325
connected to auth! from local port 35492
received auth hello!
{ authId: 504, nonce: <Buffer 73 67 2c 37 52 9b cc 0f> }
received session key response encrypted with distribution key
replyNonce in sessionKeyResp: <Buffer 34 2d 5e 37 e5 cd 93 aa>
auth nonce verified
handleSessionKeyResp: session key request succeeded! authFailureCount: 0
received 1 keys
currentSessionKey: [object Object]
Status: Secure connection closed before starting a new connection.
Session protocol: TCP
chosen commSessionKey: 
{ id: 50400157,
  cipherKeyVal: <Buffer 67 cd cf fa 51 d2 bf b9 8e 96 0d a0 e3 c2 59 19>,
  macKeyVal: <Buffer 3d 1d b1 d8 b1 1e 2c 2a 9f 26 d3 38 04 85 0d 8f 6c 7c cb 62 eb db fb 17 93 9c c9 e4 e3 9e 79 02>,
  absValidity: 2018-03-21T21:32:16.475Z,
  relValidity: 7200000 }
options
{ serverHost: '10.0.1.26',
  serverPort: 22100,
  sessionKey: 
   { id: 50400157,
     cipherKeyVal: <Buffer 67 cd cf fa 51 d2 bf b9 8e 96 0d a0 e3 c2 59 19>,
     macKeyVal: <Buffer 3d 1d b1 d8 b1 1e 2c 2a 9f 26 d3 38 04 85 0d 8f 6c 7c cb 62 eb db fb 17 93 9c c9 e4 e3 9e 79 02>,
     absValidity: 2018-03-21T21:32:16.475Z,
     relValidity: 7200000 },
  sessionCryptoSpec: { cipher: 'AES-128-CBC', mac: 'SHA256' },
  sessionProtocol: 'TCP',
  handshakeTimeout: 50000 }
chosen nonce: <Buffer 99 36 fb 66 96 4d 0f 6c>
switching to HANDSHAKE_1_SENT
disconnected from auth
Handler: secure connection with the server closed.
received session key handshake2!
client ret: [object Object]
server authenticated/authorized by solving nonce!
Handler: communication initialization succeeded
file data length: 1024
sending at Tue Mar 20 2018 21:32:17 GMT+0000 (UTC)
switching to IN_COMM
received secure communication message!
Received seqNum: 0
Handler: data received from server via secure communication
data1
Resp-actual/expected/ratio/ts: 3 3 1 1521581537733
Distribution protocol: TCP
Resp-actual/expected/ratio/ts: 3 4 0.75 1521581596381
connected to auth! from local port 35762
received auth hello!
{ authId: 504, nonce: <Buffer 68 84 23 e4 11 3b b7 9a> }
received session key response encrypted with distribution key
replyNonce in sessionKeyResp: <Buffer a7 ff 2a 0a bf 25 2e 61>
auth nonce verified
handleSessionKeyResp: session key request succeeded! authFailureCount: 0
received 1 keys
currentSessionKey: [object Object]
Status: Secure connection closed before starting a new connection.
Session protocol: TCP
chosen commSessionKey: 
{ id: 50400163,
  cipherKeyVal: <Buffer 20 bf 6f b5 2f f8 92 8b 83 8a 7d 75 b0 0c 69 2d>,
  macKeyVal: <Buffer 4b 13 e7 b1 e1 69 79 7d 60 6e 70 89 e0 4c 4a 65 3d 45 38 b4 8d 4d d4 e1 b8 5e 80 1f 6f d0 59 2b>,
  absValidity: 2018-03-21T21:33:16.523Z,
  relValidity: 7200000 }
options
{ serverHost: '10.0.1.26',
  serverPort: 22100,
  sessionKey: 
   { id: 50400163,
     cipherKeyVal: <Buffer 20 bf 6f b5 2f f8 92 8b 83 8a 7d 75 b0 0c 69 2d>,
     macKeyVal: <Buffer 4b 13 e7 b1 e1 69 79 7d 60 6e 70 89 e0 4c 4a 65 3d 45 38 b4 8d 4d d4 e1 b8 5e 80 1f 6f d0 59 2b>,
     absValidity: 2018-03-21T21:33:16.523Z,
     relValidity: 7200000 },
  sessionCryptoSpec: { cipher: 'AES-128-CBC', mac: 'SHA256' },
  sessionProtocol: 'TCP',
  handshakeTimeout: 50000 }
chosen nonce: <Buffer e2 ae bd e3 b4 6a a8 38>
switching to HANDSHAKE_1_SENT
disconnected from auth
Handler: secure connection with the server closed.
received session key handshake2!
client ret: [object Object]
server authenticated/authorized by solving nonce!
Handler: communication initialization succeeded
file data length: 1024
sending at Tue Mar 20 2018 21:33:17 GMT+0000 (UTC)
switching to IN_COMM
received secure communication message!
Received seqNum: 0
Handler: data received from server via secure communication
data1
Resp-actual/expected/ratio/ts: 4 4 1 1521581597690
Distribution protocol: TCP
Resp-actual/expected/ratio/ts: 4 5 0.8 1521581656437
connected to auth! from local port 36032
received auth hello!
{ authId: 504, nonce: <Buffer 1a 78 49 81 4e e1 bd a1> }
received session key response encrypted with distribution key
replyNonce in sessionKeyResp: <Buffer 70 b5 6c 36 82 de 19 e7>
auth nonce verified
handleSessionKeyResp: session key request succeeded! authFailureCount: 0
received 1 keys
currentSessionKey: [object Object]
Status: Secure connection closed before starting a new connection.
Session protocol: TCP
chosen commSessionKey: 
{ id: 50400169,
  cipherKeyVal: <Buffer 73 e9 d0 ba 9b c6 cf f7 ac af 6a 45 14 a6 72 a1>,
  macKeyVal: <Buffer 11 b8 4d 5c 16 d3 df aa c8 90 eb d8 4a c9 08 6a eb 88 ef c4 7d 3b 53 a9 52 25 50 2c f7 ff 4c 5b>,
  absValidity: 2018-03-21T21:34:16.585Z,
  relValidity: 7200000 }
options
{ serverHost: '10.0.1.26',
  serverPort: 22100,
  sessionKey: 
   { id: 50400169,
     cipherKeyVal: <Buffer 73 e9 d0 ba 9b c6 cf f7 ac af 6a 45 14 a6 72 a1>,
     macKeyVal: <Buffer 11 b8 4d 5c 16 d3 df aa c8 90 eb d8 4a c9 08 6a eb 88 ef c4 7d 3b 53 a9 52 25 50 2c f7 ff 4c 5b>,
     absValidity: 2018-03-21T21:34:16.585Z,
     relValidity: 7200000 },
  sessionCryptoSpec: { cipher: 'AES-128-CBC', mac: 'SHA256' },
  sessionProtocol: 'TCP',
  handshakeTimeout: 50000 }
disconnected from auth
chosen nonce: <Buffer 60 9f 9c 6f 79 03 28 26>
switching to HANDSHAKE_1_SENT
Handler: secure connection with the server closed.
received session key handshake2!
client ret: [object Object]
server authenticated/authorized by solving nonce!
Handler: communication initialization succeeded
file data length: 1024
sending at Tue Mar 20 2018 21:34:17 GMT+0000 (UTC)
switching to IN_COMM
received secure communication message!
Received seqNum: 0
Handler: data received from server via secure communication
data1
Resp-actual/expected/ratio/ts: 5 5 1 1521581657821
Distribution protocol: TCP
Resp-actual/expected/ratio/ts: 5 6 0.8333333333333334 1521581716493
connected to auth! from local port 36302
received auth hello!
{ authId: 504, nonce: <Buffer b0 00 ed 1a b4 48 86 fb> }
received session key response encrypted with distribution key
replyNonce in sessionKeyResp: <Buffer 99 40 5a 98 1e bb dc e7>
auth nonce verified
handleSessionKeyResp: session key request succeeded! authFailureCount: 0
received 1 keys
currentSessionKey: [object Object]
Status: Secure connection closed before starting a new connection.
Session protocol: TCP
chosen commSessionKey: 
{ id: 50400175,
  cipherKeyVal: <Buffer d0 53 2d 01 e9 f1 23 66 51 51 99 b8 44 41 a4 68>,
  macKeyVal: <Buffer 51 85 ea 53 20 7b 06 dd 39 a4 ef 6a d8 24 32 c1 e3 69 a8 90 fb ba 08 8f ea 18 b8 89 50 30 46 72>,
  absValidity: 2018-03-21T21:35:16.663Z,
  relValidity: 7200000 }
options
{ serverHost: '10.0.1.26',
  serverPort: 22100,
  sessionKey: 
   { id: 50400175,
     cipherKeyVal: <Buffer d0 53 2d 01 e9 f1 23 66 51 51 99 b8 44 41 a4 68>,
     macKeyVal: <Buffer 51 85 ea 53 20 7b 06 dd 39 a4 ef 6a d8 24 32 c1 e3 69 a8 90 fb ba 08 8f ea 18 b8 89 50 30 46 72>,
     absValidity: 2018-03-21T21:35:16.663Z,
     relValidity: 7200000 },
  sessionCryptoSpec: { cipher: 'AES-128-CBC', mac: 'SHA256' },
  sessionProtocol: 'TCP',
  handshakeTimeout: 50000 }
chosen nonce: <Buffer eb 17 5b 58 0d 66 b7 11>
switching to HANDSHAKE_1_SENT
disconnected from auth
Handler: secure connection with the server closed.
received session key handshake2!
client ret: [object Object]
server authenticated/authorized by solving nonce!
Handler: communication initialization succeeded
file data length: 1024
sending at Tue Mar 20 2018 21:35:17 GMT+0000 (UTC)
switching to IN_COMM
received secure communication message!
Received seqNum: 0
Handler: data received from server via secure communication
data1
Resp-actual/expected/ratio/ts: 6 6 1 1521581717763
Distribution protocol: TCP
Resp-actual/expected/ratio/ts: 6 7 0.8571428571428571 1521581776551
connected to auth! from local port 36572
received auth hello!
{ authId: 504, nonce: <Buffer e5 6d ac 40 14 a3 f0 4b> }
received session key response encrypted with distribution key
replyNonce in sessionKeyResp: <Buffer 91 ef 51 ce 87 77 89 72>
auth nonce verified
handleSessionKeyResp: session key request succeeded! authFailureCount: 0
received 1 keys
currentSessionKey: [object Object]
Status: Secure connection closed before starting a new connection.
Session protocol: TCP
chosen commSessionKey: 
{ id: 50400181,
  cipherKeyVal: <Buffer 66 10 ab 8f 72 a3 05 29 33 00 5b e0 30 e6 9c b2>,
  macKeyVal: <Buffer 28 30 5f 50 7a be 7d 98 88 b4 c1 8f 97 64 ea 34 6b d0 97 c4 21 6b 2d 54 fe 66 c7 87 92 28 6c 1e>,
  absValidity: 2018-03-21T21:36:16.674Z,
  relValidity: 7200000 }
options
{ serverHost: '10.0.1.26',
  serverPort: 22100,
  sessionKey: 
   { id: 50400181,
     cipherKeyVal: <Buffer 66 10 ab 8f 72 a3 05 29 33 00 5b e0 30 e6 9c b2>,
     macKeyVal: <Buffer 28 30 5f 50 7a be 7d 98 88 b4 c1 8f 97 64 ea 34 6b d0 97 c4 21 6b 2d 54 fe 66 c7 87 92 28 6c 1e>,
     absValidity: 2018-03-21T21:36:16.674Z,
     relValidity: 7200000 },
  sessionCryptoSpec: { cipher: 'AES-128-CBC', mac: 'SHA256' },
  sessionProtocol: 'TCP',
  handshakeTimeout: 50000 }
chosen nonce: <Buffer 4f 5e ee 1c fd 78 74 0e>
switching to HANDSHAKE_1_SENT
disconnected from auth
Handler: secure connection with the server closed.
received session key handshake2!
client ret: [object Object]
server authenticated/authorized by solving nonce!
Handler: communication initialization succeeded
file data length: 1024
sending at Tue Mar 20 2018 21:36:17 GMT+0000 (UTC)
switching to IN_COMM
received secure communication message!
Received seqNum: 0
Handler: data received from server via secure communication
data1
Resp-actual/expected/ratio/ts: 7 7 1 1521581777918
Distribution protocol: TCP
Resp-actual/expected/ratio/ts: 7 8 0.875 1521581836593
failure in connection with Auth : authFailureCount: 1
Handler: Error in secure comm - details: Error occurred in session key request: Error: connect EHOSTUNREACH 10.0.1.7:21100
Handler: Error in secure comm - details: Auth hello timedout ...
Distribution protocol: TCP
Resp-actual/expected/ratio/ts: 7 9 0.7777777777777778 1521581896601
failure in connection with Auth : authFailureCount: 2
failure count reached threshold (2), try migration...
In iotAuth.js migrateToTrustedAuth: 
In iotAuthService.js sendMigrationReqViaTCP: 
Handler: Error in secure comm - details: Error occurred in session key request: Error: connect EHOSTUNREACH 10.0.1.7:21100
connected to auth! from local port 60900
received auth hello!
{ authId: 401, nonce: <Buffer d1 0c 41 ea 50 a5 f4 ff> }
more data will come. current: 1445 expected: 1485
received migration response with signature!
{ version: 2,
  subject: 
   { countryName: 'US',
     stateOrProvinceName: 'CA',
     localityName: 'Berkeley',
     organizationName: 'EECS',
     organizationalUnitName: 'Auth401',
     commonName: '10.0.1.1' },
  issuer: 
   { countryName: 'US',
     stateOrProvinceName: 'CA',
     localityName: 'Berkeley',
     organizationName: 'EECS',
     organizationalUnitName: 'Auth504',
     commonName: '10.0.0.7' },
  serial: '0162454FC940',
  notBefore: 2018-03-20T21:26:19.000Z,
  notAfter: 2018-03-21T21:27:59.000Z,
  subjectHash: 'de555cae',
  signatureAlgorithm: 'sha256WithRSAEncryption',
  fingerPrint: '04:97:79:AB:DB:5A:4C:39:F4:3C:86:9A:69:EE:51:7C:4E:B8:88:05',
  publicKey: 
   { algorithm: 'rsaEncryption',
     e: '65537',
     n: 'B95EF3029A4C4FAE066EFDE0A6119C37979EDB5A64C834CFDC68175183A2CCB6F817A6CEE1A9EF3E562CF75048E8894B6036030296F313DEBF7C1069E42825C46A5F1F6D69FFE10EE6D73B7805503AA7E6A4C2FF62C2E4D5BF7079FBED00C4B24480D5BC43B7B3B042025990D06DEE0A0388CF2AE7F4B313EF564F2EB3931C44FD1DBD6DFA6DA12843C6DBAAE1EFBC5E7EEDA9407AE6D78B6211169F194056CA6F9CD9F20F33FE469D35BCC944D43D2ECB947F73AF95BB5530BFF2A9B92CA16EB949D06EB8218BBBEC8EA009AC9F6C53C626A2796484448AEDAAB3D19834BA2A19D35D0E105AD47B9A6B3E1589517039E098E992676ED418010E608FA312B251',
     bitSize: 2048 },
  altNames: [],
  extensions: { subjectAlternativeName: 'IP Address:10.0.1.1' } }
null
true
Certificate of new Auth is verified!
Subject information matches Auth ID!
Signature of new Auth is verified.
Auth nonce is verified
migration completed!
new Auth info: !
{ id: 401,
  host: '10.0.1.1',
  port: 21100,
  publicKey: '-----BEGIN CERTIFICATE-----\nMIIDVTCCAj2gAwIBAgIGAWJFT8lAMA0GCSqGSIb3DQEBCwUAMGExCzAJBgNVBAYT\nAlVTMQswCQYDVQQIDAJDQTERMA8GA1UEBwwIQmVya2VsZXkxDTALBgNVBAoMBEVF\nQ1MxEDAOBgNVBAsMB0F1dGg1MDQxETAPBgNVBAMMCDEwLjAuMC43MB4XDTE4MDMy\nMDIxMjYxOVoXDTE4MDMyMTIxMjc1OVowYTELMAkGA1UEBhMCVVMxCzAJBgNVBAgM\nAkNBMREwDwYDVQQHDAhCZXJrZWxleTENMAsGA1UECgwERUVDUzEQMA4GA1UECwwH\nQXV0aDQwMTERMA8GA1UEAwwIMTAuMC4xLjEwggEiMA0GCSqGSIb3DQEBAQUAA4IB\nDwAwggEKAoIBAQC5XvMCmkxPrgZu/eCmEZw3l57bWmTINM/caBdRg6LMtvgXps7h\nqe8+Viz3UEjoiUtgNgMClvMT3r98EGnkKCXEal8fbWn/4Q7m1zt4BVA6p+akwv9i\nwuTVv3B5++0AxLJEgNW8Q7ezsEICWZDQbe4KA4jPKuf0sxPvVk8us5McRP0dvW36\nbaEoQ8bbquHvvF5+7alAeubXi2IRFp8ZQFbKb5zZ8g8z/kadNbzJRNQ9LsuUf3Ov\nlbtVML/yqbksoW65SdBuuCGLu+yOoAmsn2xTxiaieWSERIrtqrPRmDS6KhnTXQ4Q\nWtR7mms+FYlRcDngmOmSZ27UGAEOYI+jErJRAgMBAAGjEzARMA8GA1UdEQQIMAaH\nBAoAAQEwDQYJKoZIhvcNAQELBQADggEBAFJj0yTbPbzBtSyh2bOmM23JKF5jYZln\nRIL2oczbssRQ5t43kLwiXJblaxwNjT4zPPbE64B1F66pbkEPzepyMoz7muAKKcYF\nEETC9RazVpiF4mDS3G7qXitlIXY35UVU0SwCpZynR3TL76gwoPUOO8ie7vIKW6A+\nTZg+iI8/2iFJ8cEMZE687XpRhRL61z6ym53J0PCTqPs6brwFC0qR4kRhp6+BuaYr\ncNzagOO+OOIxFSLhC2kN5KmmWTdHPR7um167fWPi4B9FeUbAeFBwc3QsFG25zWZa\nrlRwplLw+iG1ErhJu7AnZqB6KH6LdAs7RULN35+sy0mhKGgy2pz/E2s=\n-----END CERTIFICATE-----' }
received migration response, for next round of migration, rotate migration info index from: 0
to: 1
disconnected from auth
Handler: Error in secure comm - details: Auth hello timedout ...
Distribution protocol: TCP
Resp-actual/expected/ratio/ts: 7 10 0.7 1521581956605
connected to auth! from local port 32870
Handler: Error in secure comm - details: Auth hello timedout ...
Distribution protocol: TCP
Resp-actual/expected/ratio/ts: 7 11 0.6363636363636364 1521582016609
connected to auth! from local port 33078
received auth hello!
{ authId: 401, nonce: <Buffer ac c6 3a c5 71 69 c3 2d> }
received session key response with distribution key attached!
auth signature verified
replyNonce in sessionKeyResp: <Buffer 91 c3 56 29 f3 e9 de 27>
auth nonce verified
handleSessionKeyResp: session key request succeeded! authFailureCount: 0
updating distribution key: { cipherKeyVal: <Buffer f6 dd e3 5b 2d d7 f5 80 84 03 40 0f 4f a6 ef 30>,
  macKeyVal: <Buffer 87 a3 32 65 c6 93 16 0d 18 15 cc a3 7a 20 60 c1 5d 7e 39 81 31 26 b5 9f 37 6d 3e a7 4d ce 44 38>,
  absValidity: 2018-03-20T22:40:18.232Z }
received 1 keys
currentSessionKey: [object Object]
Status: Secure connection closed before starting a new connection.
Session protocol: TCP
chosen commSessionKey: 
{ id: 40101102,
  cipherKeyVal: <Buffer 86 01 37 57 b0 9b 05 d7 4e e4 b1 6a 3b 0e 6c 5d>,
  macKeyVal: <Buffer 72 65 7b 94 65 92 94 ce 2b 2c 2a 71 10 9c b7 fb f8 95 4f 35 67 85 8b 93 3e 00 13 44 93 af b2 e7>,
  absValidity: 2018-03-21T21:40:18.232Z,
  relValidity: 7200000 }
options
{ serverHost: '10.0.1.26',
  serverPort: 22100,
  sessionKey: 
   { id: 40101102,
     cipherKeyVal: <Buffer 86 01 37 57 b0 9b 05 d7 4e e4 b1 6a 3b 0e 6c 5d>,
     macKeyVal: <Buffer 72 65 7b 94 65 92 94 ce 2b 2c 2a 71 10 9c b7 fb f8 95 4f 35 67 85 8b 93 3e 00 13 44 93 af b2 e7>,
     absValidity: 2018-03-21T21:40:18.232Z,
     relValidity: 7200000 },
  sessionCryptoSpec: { cipher: 'AES-128-CBC', mac: 'SHA256' },
  sessionProtocol: 'TCP',
  handshakeTimeout: 50000 }
disconnected from auth
chosen nonce: <Buffer 2b 01 7d ad 01 62 94 d4>
switching to HANDSHAKE_1_SENT
Handler: secure connection with the server closed.
Handler: Error in secure comm - details: Comm init failed: handshake1 timed out ...
Handler: Error in secure comm - details: Comm init failed: disconnected from server during communication initialization.10.0.1.26:undefined
Distribution protocol: TCP
Resp-actual/expected/ratio/ts: 7 12 0.5833333333333334 1521582076613
connected to auth! from local port 33296
received auth hello!
{ authId: 401, nonce: <Buffer a5 87 a1 66 58 61 ca 5f> }
received session key response encrypted with distribution key
replyNonce in sessionKeyResp: <Buffer 04 41 d1 2f fb 51 a4 d6>
auth nonce verified
handleSessionKeyResp: session key request succeeded! authFailureCount: 0
received 1 keys
currentSessionKey: [object Object]
Status: Secure connection closed before starting a new connection.
Session protocol: TCP
chosen commSessionKey: 
{ id: 40101110,
  cipherKeyVal: <Buffer 31 2c 42 a0 0f 9e ab 5d fa 76 0a 07 a7 a3 11 c1>,
  macKeyVal: <Buffer 7f 6c 39 e3 6c 0e d9 a5 22 9f c6 31 45 5c 2e cb f0 ca 7c a6 64 0f 4b 52 55 5c c7 d4 b4 9c 0f 90>,
  absValidity: 2018-03-21T21:41:16.801Z,
  relValidity: 7200000 }
options
{ serverHost: '10.0.1.26',
  serverPort: 22100,
  sessionKey: 
   { id: 40101110,
     cipherKeyVal: <Buffer 31 2c 42 a0 0f 9e ab 5d fa 76 0a 07 a7 a3 11 c1>,
     macKeyVal: <Buffer 7f 6c 39 e3 6c 0e d9 a5 22 9f c6 31 45 5c 2e cb f0 ca 7c a6 64 0f 4b 52 55 5c c7 d4 b4 9c 0f 90>,
     absValidity: 2018-03-21T21:41:16.801Z,
     relValidity: 7200000 },
  sessionCryptoSpec: { cipher: 'AES-128-CBC', mac: 'SHA256' },
  sessionProtocol: 'TCP',
  handshakeTimeout: 50000 }
chosen nonce: <Buffer e0 75 54 08 e1 ee 07 4f>
switching to HANDSHAKE_1_SENT
disconnected from auth
received session key handshake2!
client ret: [object Object]
server authenticated/authorized by solving nonce!
Handler: communication initialization succeeded
file data length: 1024
sending at Tue Mar 20 2018 21:41:18 GMT+0000 (UTC)
switching to IN_COMM
received secure communication message!
Received seqNum: 0
Handler: data received from server via secure communication
data1
Resp-actual/expected/ratio/ts: 8 12 0.6666666666666666 1521582078739
Distribution protocol: TCP
Resp-actual/expected/ratio/ts: 8 13 0.6153846153846154 1521582136665
connected to auth! from local port 33508
received auth hello!
{ authId: 401, nonce: <Buffer 28 40 7b 44 e8 64 ac 15> }
received session key response encrypted with distribution key
replyNonce in sessionKeyResp: <Buffer ae 59 40 fd a1 29 00 ed>
auth nonce verified
handleSessionKeyResp: session key request succeeded! authFailureCount: 0
received 1 keys
currentSessionKey: [object Object]
Status: Secure connection closed before starting a new connection.
Session protocol: TCP
chosen commSessionKey: 
{ id: 40101119,
  cipherKeyVal: <Buffer dc 18 b0 8b 5f 64 48 21 a8 ce 63 44 98 bb 0b 21>,
  macKeyVal: <Buffer 66 75 61 7d 07 de 1f 11 68 15 77 ff 97 c1 89 20 4f a3 49 fa 18 e9 68 17 72 b8 48 3b 65 86 c2 df>,
  absValidity: 2018-03-21T21:42:16.812Z,
  relValidity: 7200000 }
options
{ serverHost: '10.0.1.26',
  serverPort: 22100,
  sessionKey: 
   { id: 40101119,
     cipherKeyVal: <Buffer dc 18 b0 8b 5f 64 48 21 a8 ce 63 44 98 bb 0b 21>,
     macKeyVal: <Buffer 66 75 61 7d 07 de 1f 11 68 15 77 ff 97 c1 89 20 4f a3 49 fa 18 e9 68 17 72 b8 48 3b 65 86 c2 df>,
     absValidity: 2018-03-21T21:42:16.812Z,
     relValidity: 7200000 },
  sessionCryptoSpec: { cipher: 'AES-128-CBC', mac: 'SHA256' },
  sessionProtocol: 'TCP',
  handshakeTimeout: 50000 }
chosen nonce: <Buffer cb 94 90 78 ed bc 37 75>
switching to HANDSHAKE_1_SENT
disconnected from auth
Handler: secure connection with the server closed.
received session key handshake2!
client ret: [object Object]
server authenticated/authorized by solving nonce!
Handler: communication initialization succeeded
file data length: 1024
sending at Tue Mar 20 2018 21:42:18 GMT+0000 (UTC)
switching to IN_COMM
received secure communication message!
Received seqNum: 0
Handler: data received from server via secure communication
data1
Resp-actual/expected/ratio/ts: 9 13 0.6923076923076923 1521582139147
Distribution protocol: TCP
Resp-actual/expected/ratio/ts: 9 14 0.6428571428571429 1521582196723
connected to auth! from local port 33754
received auth hello!
{ authId: 401, nonce: <Buffer cb 1b 20 8c a9 86 fb 9d> }
received session key response encrypted with distribution key
replyNonce in sessionKeyResp: <Buffer a8 6e bd 3e c9 97 1c ec>
auth nonce verified
handleSessionKeyResp: session key request succeeded! authFailureCount: 0
received 1 keys
currentSessionKey: [object Object]
Status: Secure connection closed before starting a new connection.
Session protocol: TCP
chosen commSessionKey: 
{ id: 40101130,
  cipherKeyVal: <Buffer 36 49 dd c0 2a 95 2c a4 0e 9d 3d e2 81 2b 18 f6>,
  macKeyVal: <Buffer 20 91 44 ba 45 02 4b 58 00 a6 be d6 25 f9 a4 a6 28 9e 7b f7 fb 0d 8e b1 2c f0 a3 0a 58 f8 87 3e>,
  absValidity: 2018-03-21T21:43:16.907Z,
  relValidity: 7200000 }
options
{ serverHost: '10.0.1.26',
  serverPort: 22100,
  sessionKey: 
   { id: 40101130,
     cipherKeyVal: <Buffer 36 49 dd c0 2a 95 2c a4 0e 9d 3d e2 81 2b 18 f6>,
     macKeyVal: <Buffer 20 91 44 ba 45 02 4b 58 00 a6 be d6 25 f9 a4 a6 28 9e 7b f7 fb 0d 8e b1 2c f0 a3 0a 58 f8 87 3e>,
     absValidity: 2018-03-21T21:43:16.907Z,
     relValidity: 7200000 },
  sessionCryptoSpec: { cipher: 'AES-128-CBC', mac: 'SHA256' },
  sessionProtocol: 'TCP',
  handshakeTimeout: 50000 }
chosen nonce: <Buffer ae ce 63 f9 ca 01 f3 32>
switching to HANDSHAKE_1_SENT
disconnected from auth
Handler: secure connection with the server closed.
received session key handshake2!
client ret: [object Object]
server authenticated/authorized by solving nonce!
Handler: communication initialization succeeded
file data length: 1024
sending at Tue Mar 20 2018 21:43:18 GMT+0000 (UTC)
switching to IN_COMM
received secure communication message!
Received seqNum: 0
Handler: data received from server via secure communication
data1
Resp-actual/expected/ratio/ts: 10 14 0.7142857142857143 1521582199066
Distribution protocol: TCP
Resp-actual/expected/ratio/ts: 10 15 0.6666666666666666 1521582256782
connected to auth! from local port 33996
received auth hello!
{ authId: 401, nonce: <Buffer fc 3b a2 46 45 48 c3 39> }
received session key response encrypted with distribution key
replyNonce in sessionKeyResp: <Buffer 19 cf 90 64 4d f5 64 18>
auth nonce verified
handleSessionKeyResp: session key request succeeded! authFailureCount: 0
received 1 keys
currentSessionKey: [object Object]
Status: Secure connection closed before starting a new connection.
Session protocol: TCP
chosen commSessionKey: 
{ id: 40101139,
  cipherKeyVal: <Buffer 4a 41 0f 82 4b fe 9e 03 ce 73 8c f9 ce 39 0c 5d>,
  macKeyVal: <Buffer a8 e2 ce 08 72 a8 fa 2a 5b 2a 63 c7 15 3b d3 e0 b5 a8 5a 87 7f 28 0d de c6 e6 5f 60 f9 ea ec cb>,
  absValidity: 2018-03-21T21:44:18.508Z,
  relValidity: 7200000 }
options
{ serverHost: '10.0.1.26',
  serverPort: 22100,
  sessionKey: 
   { id: 40101139,
     cipherKeyVal: <Buffer 4a 41 0f 82 4b fe 9e 03 ce 73 8c f9 ce 39 0c 5d>,
     macKeyVal: <Buffer a8 e2 ce 08 72 a8 fa 2a 5b 2a 63 c7 15 3b d3 e0 b5 a8 5a 87 7f 28 0d de c6 e6 5f 60 f9 ea ec cb>,
     absValidity: 2018-03-21T21:44:18.508Z,
     relValidity: 7200000 },
  sessionCryptoSpec: { cipher: 'AES-128-CBC', mac: 'SHA256' },
  sessionProtocol: 'TCP',
  handshakeTimeout: 50000 }
chosen nonce: <Buffer a5 1e 4d 10 37 84 78 17>
switching to HANDSHAKE_1_SENT
disconnected from auth
Handler: secure connection with the server closed.
received session key handshake2!
client ret: [object Object]
server authenticated/authorized by solving nonce!
Handler: communication initialization succeeded
file data length: 1024
sending at Tue Mar 20 2018 21:44:27 GMT+0000 (UTC)
switching to IN_COMM
received secure communication message!
Received seqNum: 0
Handler: data received from server via secure communication
data1
Resp-actual/expected/ratio/ts: 11 15 0.7333333333333333 1521582267617
Distribution protocol: TCP
Resp-actual/expected/ratio/ts: 11 16 0.6875 1521582316831
connected to auth! from local port 34224
received auth hello!
{ authId: 401, nonce: <Buffer 86 28 79 75 b8 c5 62 a3> }
received session key response encrypted with distribution key
replyNonce in sessionKeyResp: <Buffer 6f ab 98 fc 6a ff 0c a4>
auth nonce verified
handleSessionKeyResp: session key request succeeded! authFailureCount: 0
received 1 keys
currentSessionKey: [object Object]
Status: Secure connection closed before starting a new connection.
Session protocol: TCP
chosen commSessionKey: 
{ id: 40101148,
  cipherKeyVal: <Buffer 41 e1 02 62 25 3a a1 31 52 d0 26 60 20 6d fe ed>,
  macKeyVal: <Buffer d5 27 ec b3 31 66 4b e0 c7 4b da cb 1c 0e 2f ff 50 37 47 fd 2d f1 b7 14 1b 87 be 2c 3d 52 2b 7a>,
  absValidity: 2018-03-21T21:45:18.610Z,
  relValidity: 7200000 }
options
{ serverHost: '10.0.1.26',
  serverPort: 22100,
  sessionKey: 
   { id: 40101148,
     cipherKeyVal: <Buffer 41 e1 02 62 25 3a a1 31 52 d0 26 60 20 6d fe ed>,
     macKeyVal: <Buffer d5 27 ec b3 31 66 4b e0 c7 4b da cb 1c 0e 2f ff 50 37 47 fd 2d f1 b7 14 1b 87 be 2c 3d 52 2b 7a>,
     absValidity: 2018-03-21T21:45:18.610Z,
     relValidity: 7200000 },
  sessionCryptoSpec: { cipher: 'AES-128-CBC', mac: 'SHA256' },
  sessionProtocol: 'TCP',
  handshakeTimeout: 50000 }
chosen nonce: <Buffer 57 05 ff ed 0f 43 7d eb>
switching to HANDSHAKE_1_SENT
disconnected from auth
Handler: secure connection with the server closed.
received session key handshake2!
client ret: [object Object]
server authenticated/authorized by solving nonce!
Handler: communication initialization succeeded
file data length: 1024
sending at Tue Mar 20 2018 21:45:26 GMT+0000 (UTC)
switching to IN_COMM
received secure communication message!
Received seqNum: 0
Handler: data received from server via secure communication
data1
Resp-actual/expected/ratio/ts: 12 16 0.75 1521582326653
Distribution protocol: TCP
Resp-actual/expected/ratio/ts: 12 17 0.7058823529411765 1521582376882
connected to auth! from local port 34452
received auth hello!
{ authId: 401, nonce: <Buffer e8 48 be 30 3f d5 32 5e> }
received session key response encrypted with distribution key
replyNonce in sessionKeyResp: <Buffer 7c 44 cf f1 10 b7 0f fb>
auth nonce verified
handleSessionKeyResp: session key request succeeded! authFailureCount: 0
received 1 keys
currentSessionKey: [object Object]
Status: Secure connection closed before starting a new connection.
Session protocol: TCP
chosen commSessionKey: 
{ id: 40101159,
  cipherKeyVal: <Buffer d0 76 95 01 cf ca c8 65 eb 26 99 0f d7 b4 91 5c>,
  macKeyVal: <Buffer 72 5b 5b e3 f8 85 3e ca 9b ee d9 39 2f 77 72 31 60 7a c4 64 55 41 57 c2 61 bd ef de aa 4e d3 d3>,
  absValidity: 2018-03-21T21:46:17.876Z,
  relValidity: 7200000 }
options
{ serverHost: '10.0.1.26',
  serverPort: 22100,
  sessionKey: 
   { id: 40101159,
     cipherKeyVal: <Buffer d0 76 95 01 cf ca c8 65 eb 26 99 0f d7 b4 91 5c>,
     macKeyVal: <Buffer 72 5b 5b e3 f8 85 3e ca 9b ee d9 39 2f 77 72 31 60 7a c4 64 55 41 57 c2 61 bd ef de aa 4e d3 d3>,
     absValidity: 2018-03-21T21:46:17.876Z,
     relValidity: 7200000 },
  sessionCryptoSpec: { cipher: 'AES-128-CBC', mac: 'SHA256' },
  sessionProtocol: 'TCP',
  handshakeTimeout: 50000 }
chosen nonce: <Buffer f5 dc f3 57 77 b5 b2 00>
switching to HANDSHAKE_1_SENT
disconnected from auth
Handler: secure connection with the server closed.
received session key handshake2!
client ret: [object Object]
server authenticated/authorized by solving nonce!
Handler: communication initialization succeeded
file data length: 1024
sending at Tue Mar 20 2018 21:46:26 GMT+0000 (UTC)
switching to IN_COMM
received secure communication message!
Received seqNum: 0
Handler: data received from server via secure communication
data1
Resp-actual/expected/ratio/ts: 13 17 0.7647058823529411 1521582386716
Distribution protocol: TCP
Resp-actual/expected/ratio/ts: 13 18 0.7222222222222222 1521582436930
connected to auth! from local port 34678
received auth hello!
{ authId: 401, nonce: <Buffer f5 8f 6f 3a 02 39 74 c4> }
received session key response encrypted with distribution key
replyNonce in sessionKeyResp: <Buffer ba 7e c8 7d 0f 6d 8b 23>
auth nonce verified
handleSessionKeyResp: session key request succeeded! authFailureCount: 0
received 1 keys
currentSessionKey: [object Object]
Status: Secure connection closed before starting a new connection.
Session protocol: TCP
chosen commSessionKey: 
{ id: 40101171,
  cipherKeyVal: <Buffer af 81 b4 cc ea 2a 41 46 11 0b 1b b5 23 56 f1 e0>,
  macKeyVal: <Buffer 90 ba d2 12 e7 63 8c 52 a0 80 f1 5b d2 75 51 d0 cd 31 3c 45 95 47 0c ce 5c c7 77 d9 df 8b a3 06>,
  absValidity: 2018-03-21T21:47:17.919Z,
  relValidity: 7200000 }
options
{ serverHost: '10.0.1.26',
  serverPort: 22100,
  sessionKey: 
   { id: 40101171,
     cipherKeyVal: <Buffer af 81 b4 cc ea 2a 41 46 11 0b 1b b5 23 56 f1 e0>,
     macKeyVal: <Buffer 90 ba d2 12 e7 63 8c 52 a0 80 f1 5b d2 75 51 d0 cd 31 3c 45 95 47 0c ce 5c c7 77 d9 df 8b a3 06>,
     absValidity: 2018-03-21T21:47:17.919Z,
     relValidity: 7200000 },
  sessionCryptoSpec: { cipher: 'AES-128-CBC', mac: 'SHA256' },
  sessionProtocol: 'TCP',
  handshakeTimeout: 50000 }
chosen nonce: <Buffer 22 db 76 a9 5c 27 78 e6>
switching to HANDSHAKE_1_SENT
Handler: secure connection with the server closed.
disconnected from auth
Handler: Error in secure comm - details: Disconnected from auth before getting session key response
received session key handshake2!
client ret: [object Object]
server authenticated/authorized by solving nonce!
Handler: communication initialization succeeded
file data length: 1024
sending at Tue Mar 20 2018 21:47:25 GMT+0000 (UTC)
switching to IN_COMM
received secure communication message!
Received seqNum: 0
Handler: data received from server via secure communication
data1
Resp-actual/expected/ratio/ts: 14 18 0.7777777777777778 1521582445750
Distribution protocol: TCP
Resp-actual/expected/ratio/ts: 14 19 0.7368421052631579 1521582496977
connected to auth! from local port 34870
received auth hello!
{ authId: 401, nonce: <Buffer 3d 1b 48 05 e7 05 b6 e5> }
received session key response encrypted with distribution key
replyNonce in sessionKeyResp: <Buffer 64 dd de bb 8b 29 83 af>
auth nonce verified
handleSessionKeyResp: session key request succeeded! authFailureCount: 0
received 1 keys
currentSessionKey: [object Object]
Status: Secure connection closed before starting a new connection.
Session protocol: TCP
chosen commSessionKey: 
{ id: 40101183,
  cipherKeyVal: <Buffer 8d 07 30 7d d3 6a 18 8a 92 11 53 87 37 1c 74 af>,
  macKeyVal: <Buffer da 46 3e fb e3 e2 74 5b 84 13 54 3a 7f 4d 80 4f c3 3d 71 f6 85 a3 aa f4 73 7a a3 3c 57 90 18 c0>,
  absValidity: 2018-03-21T21:48:17.155Z,
  relValidity: 7200000 }
options
{ serverHost: '10.0.1.26',
  serverPort: 22100,
  sessionKey: 
   { id: 40101183,
     cipherKeyVal: <Buffer 8d 07 30 7d d3 6a 18 8a 92 11 53 87 37 1c 74 af>,
     macKeyVal: <Buffer da 46 3e fb e3 e2 74 5b 84 13 54 3a 7f 4d 80 4f c3 3d 71 f6 85 a3 aa f4 73 7a a3 3c 57 90 18 c0>,
     absValidity: 2018-03-21T21:48:17.155Z,
     relValidity: 7200000 },
  sessionCryptoSpec: { cipher: 'AES-128-CBC', mac: 'SHA256' },
  sessionProtocol: 'TCP',
  handshakeTimeout: 50000 }
disconnected from auth
chosen nonce: <Buffer bb a5 5f 44 4f 2b 58 38>
switching to HANDSHAKE_1_SENT
Handler: secure connection with the server closed.
received session key handshake2!
client ret: [object Object]
server authenticated/authorized by solving nonce!
Handler: communication initialization succeeded
file data length: 1024
sending at Tue Mar 20 2018 21:48:23 GMT+0000 (UTC)
switching to IN_COMM
received secure communication message!
Received seqNum: 0
Handler: data received from server via secure communication
data1
Resp-actual/expected/ratio/ts: 15 19 0.7894736842105263 1521582503977
Distribution protocol: TCP
Resp-actual/expected/ratio/ts: 15 20 0.75 1521582557030
connected to auth! from local port 35054
received auth hello!
{ authId: 401, nonce: <Buffer f3 e7 e2 fa d9 02 7e f9> }
received session key response encrypted with distribution key
replyNonce in sessionKeyResp: <Buffer 93 0e 54 cf 7f ca 48 0e>
auth nonce verified
handleSessionKeyResp: session key request succeeded! authFailureCount: 0
received 1 keys
currentSessionKey: [object Object]
Status: Secure connection closed before starting a new connection.
Session protocol: TCP
chosen commSessionKey: 
{ id: 40101194,
  cipherKeyVal: <Buffer d4 3f ee 64 a4 75 ae e6 a6 03 18 87 b7 36 e8 99>,
  macKeyVal: <Buffer 06 3a 4c 5e 3b 8b de 74 4b 0a b6 2d b3 9f 31 1d 4e db 32 55 12 05 a0 c0 17 05 08 d3 9a eb 5d 71>,
  absValidity: 2018-03-21T21:49:17.289Z,
  relValidity: 7200000 }
options
{ serverHost: '10.0.1.26',
  serverPort: 22100,
  sessionKey: 
   { id: 40101194,
     cipherKeyVal: <Buffer d4 3f ee 64 a4 75 ae e6 a6 03 18 87 b7 36 e8 99>,
     macKeyVal: <Buffer 06 3a 4c 5e 3b 8b de 74 4b 0a b6 2d b3 9f 31 1d 4e db 32 55 12 05 a0 c0 17 05 08 d3 9a eb 5d 71>,
     absValidity: 2018-03-21T21:49:17.289Z,
     relValidity: 7200000 },
  sessionCryptoSpec: { cipher: 'AES-128-CBC', mac: 'SHA256' },
  sessionProtocol: 'TCP',
  handshakeTimeout: 50000 }
disconnected from auth
chosen nonce: <Buffer 5c 67 67 9d ce 5b 40 d4>
switching to HANDSHAKE_1_SENT
Handler: secure connection with the server closed.
Handler: Error in secure comm - details: Comm init failed: handshake1 timed out ...
Handler: Error in secure comm - details: Comm init failed: disconnected from server during communication initialization.10.0.1.26:undefined
Distribution protocol: TCP
Resp-actual/expected/ratio/ts: 15 21 0.7142857142857143 1521582617037
connected to auth! from local port 35232
received auth hello!
{ authId: 401, nonce: <Buffer 13 7a 72 ba 06 36 0b 50> }
received session key response encrypted with distribution key
replyNonce in sessionKeyResp: <Buffer cd 00 6f ad fc ac 2d b7>
auth nonce verified
handleSessionKeyResp: session key request succeeded! authFailureCount: 0
received 1 keys
currentSessionKey: [object Object]
Status: Secure connection closed before starting a new connection.
Session protocol: TCP
chosen commSessionKey: 
{ id: 40101206,
  cipherKeyVal: <Buffer 8d 1d f2 2d 53 25 2c d9 34 ab be 36 be b0 48 b3>,
  macKeyVal: <Buffer 4c 78 68 b0 a8 1a 47 67 c9 4a 0c 36 59 fb 32 87 b7 47 a1 8b 77 d8 c2 68 3f 67 cd 4a 86 d2 0a 05>,
  absValidity: 2018-03-21T21:50:17.274Z,
  relValidity: 7200000 }
options
{ serverHost: '10.0.1.26',
  serverPort: 22100,
  sessionKey: 
   { id: 40101206,
     cipherKeyVal: <Buffer 8d 1d f2 2d 53 25 2c d9 34 ab be 36 be b0 48 b3>,
     macKeyVal: <Buffer 4c 78 68 b0 a8 1a 47 67 c9 4a 0c 36 59 fb 32 87 b7 47 a1 8b 77 d8 c2 68 3f 67 cd 4a 86 d2 0a 05>,
     absValidity: 2018-03-21T21:50:17.274Z,
     relValidity: 7200000 },
  sessionCryptoSpec: { cipher: 'AES-128-CBC', mac: 'SHA256' },
  sessionProtocol: 'TCP',
  handshakeTimeout: 50000 }
disconnected from auth
chosen nonce: <Buffer fd bd b4 f8 ee 7b f5 bc>
switching to HANDSHAKE_1_SENT
received session key handshake2!
client ret: [object Object]
server authenticated/authorized by solving nonce!
Handler: communication initialization succeeded
file data length: 1024
sending at Tue Mar 20 2018 21:50:19 GMT+0000 (UTC)
switching to IN_COMM
received secure communication message!
Received seqNum: 0
Handler: data received from server via secure communication
data1
Resp-actual/expected/ratio/ts: 16 21 0.7619047619047619 1521582619523
Distribution protocol: TCP
Resp-actual/expected/ratio/ts: 16 22 0.7272727272727273 1521582677093
connected to auth! from local port 35414
received auth hello!
{ authId: 401, nonce: <Buffer db bd 5e d6 65 7b 9d e8> }
received session key response encrypted with distribution key
replyNonce in sessionKeyResp: <Buffer 2c 65 3e 8d 47 a5 bf b8>
auth nonce verified
handleSessionKeyResp: session key request succeeded! authFailureCount: 0
received 1 keys
currentSessionKey: [object Object]
Status: Secure connection closed before starting a new connection.
Session protocol: TCP
chosen commSessionKey: 
{ id: 40101218,
  cipherKeyVal: <Buffer de 7d 17 8a 48 78 3b 83 74 1a 40 42 e3 88 dd bd>,
  macKeyVal: <Buffer e7 17 bf 9e ea 4a ce a7 17 a9 a2 4c 9b ec e5 3e 17 54 ea c7 ec d4 2b 56 6d 6c d1 f4 9f f3 db 6f>,
  absValidity: 2018-03-21T21:51:17.225Z,
  relValidity: 7200000 }
options
{ serverHost: '10.0.1.26',
  serverPort: 22100,
  sessionKey: 
   { id: 40101218,
     cipherKeyVal: <Buffer de 7d 17 8a 48 78 3b 83 74 1a 40 42 e3 88 dd bd>,
     macKeyVal: <Buffer e7 17 bf 9e ea 4a ce a7 17 a9 a2 4c 9b ec e5 3e 17 54 ea c7 ec d4 2b 56 6d 6c d1 f4 9f f3 db 6f>,
     absValidity: 2018-03-21T21:51:17.225Z,
     relValidity: 7200000 },
  sessionCryptoSpec: { cipher: 'AES-128-CBC', mac: 'SHA256' },
  sessionProtocol: 'TCP',
  handshakeTimeout: 50000 }
chosen nonce: <Buffer 9c 88 3e 08 63 cc 23 33>
switching to HANDSHAKE_1_SENT
disconnected from auth
Handler: secure connection with the server closed.
received session key handshake2!
client ret: [object Object]
server authenticated/authorized by solving nonce!
Handler: communication initialization succeeded
file data length: 1024
sending at Tue Mar 20 2018 21:51:23 GMT+0000 (UTC)
switching to IN_COMM
received secure communication message!
Received seqNum: 0
Handler: data received from server via secure communication
data1
Resp-actual/expected/ratio/ts: 17 22 0.7727272727272727 1521582683790
Distribution protocol: TCP
Resp-actual/expected/ratio/ts: 17 23 0.7391304347826086 1521582737105
connected to auth! from local port 35580
received auth hello!
{ authId: 401, nonce: <Buffer 6c 5a e7 c0 aa 65 43 7b> }
received session key response encrypted with distribution key
replyNonce in sessionKeyResp: <Buffer 5e bf 1e f1 7f 97 43 84>
auth nonce verified
handleSessionKeyResp: session key request succeeded! authFailureCount: 0
received 1 keys
currentSessionKey: [object Object]
Status: Secure connection closed before starting a new connection.
Session protocol: TCP
chosen commSessionKey: 
{ id: 40101229,
  cipherKeyVal: <Buffer 1a e0 51 02 07 37 a3 f2 4a c8 82 6b cf 1a ab 75>,
  macKeyVal: <Buffer 6e ab c8 72 55 06 88 56 aa d1 eb 15 fb f3 41 c5 0b 6b 15 7b 6a cc c8 02 6e ad 3d bd 0c c0 6d 29>,
  absValidity: 2018-03-21T21:52:17.266Z,
  relValidity: 7200000 }
options
{ serverHost: '10.0.1.26',
  serverPort: 22100,
  sessionKey: 
   { id: 40101229,
     cipherKeyVal: <Buffer 1a e0 51 02 07 37 a3 f2 4a c8 82 6b cf 1a ab 75>,
     macKeyVal: <Buffer 6e ab c8 72 55 06 88 56 aa d1 eb 15 fb f3 41 c5 0b 6b 15 7b 6a cc c8 02 6e ad 3d bd 0c c0 6d 29>,
     absValidity: 2018-03-21T21:52:17.266Z,
     relValidity: 7200000 },
  sessionCryptoSpec: { cipher: 'AES-128-CBC', mac: 'SHA256' },
  sessionProtocol: 'TCP',
  handshakeTimeout: 50000 }
chosen nonce: <Buffer f1 a3 85 d1 61 fb 0b cf>
switching to HANDSHAKE_1_SENT
disconnected from auth
Handler: secure connection with the server closed.
received session key handshake2!
client ret: [object Object]
server authenticated/authorized by solving nonce!
Handler: communication initialization succeeded
file data length: 1024
sending at Tue Mar 20 2018 21:52:22 GMT+0000 (UTC)
switching to IN_COMM
received secure communication message!
Received seqNum: 0
Handler: data received from server via secure communication
data1
Resp-actual/expected/ratio/ts: 18 23 0.782608695652174 1521582742734
Distribution protocol: TCP
Resp-actual/expected/ratio/ts: 18 24 0.75 1521582797160
connected to auth! from local port 35754
received auth hello!
{ authId: 401, nonce: <Buffer 15 d5 5f 81 3e 96 96 db> }
received session key response encrypted with distribution key
replyNonce in sessionKeyResp: <Buffer 60 d6 7a 20 48 6b 3f 49>
auth nonce verified
handleSessionKeyResp: session key request succeeded! authFailureCount: 0
received 1 keys
currentSessionKey: [object Object]
Status: Secure connection closed before starting a new connection.
Session protocol: TCP
chosen commSessionKey: 
{ id: 40101241,
  cipherKeyVal: <Buffer 07 9f 55 6b bd 7c 01 ab 55 71 89 0e 75 3b c0 ee>,
  macKeyVal: <Buffer 23 a7 92 8d 5e be 87 5c 0b 86 29 b8 9e 2c b0 49 b8 19 09 36 6b 37 64 12 10 b4 e7 91 9c da ce e7>,
  absValidity: 2018-03-21T21:53:17.299Z,
  relValidity: 7200000 }
options
{ serverHost: '10.0.1.26',
  serverPort: 22100,
  sessionKey: 
   { id: 40101241,
     cipherKeyVal: <Buffer 07 9f 55 6b bd 7c 01 ab 55 71 89 0e 75 3b c0 ee>,
     macKeyVal: <Buffer 23 a7 92 8d 5e be 87 5c 0b 86 29 b8 9e 2c b0 49 b8 19 09 36 6b 37 64 12 10 b4 e7 91 9c da ce e7>,
     absValidity: 2018-03-21T21:53:17.299Z,
     relValidity: 7200000 },
  sessionCryptoSpec: { cipher: 'AES-128-CBC', mac: 'SHA256' },
  sessionProtocol: 'TCP',
  handshakeTimeout: 50000 }
chosen nonce: <Buffer a5 8f 30 f9 f8 77 0c b6>
switching to HANDSHAKE_1_SENT
disconnected from auth
Handler: secure connection with the server closed.
Handler: Error in secure comm - details: Comm init failed: handshake1 timed out ...
Handler: Error in secure comm - details: Comm init failed: disconnected from server during communication initialization.10.0.1.26:undefined
Distribution protocol: TCP
Resp-actual/expected/ratio/ts: 18 25 0.72 1521582857171
connected to auth! from local port 35926
received auth hello!
{ authId: 401, nonce: <Buffer fd 9d 6d 06 40 2f f2 81> }
received session key response encrypted with distribution key
replyNonce in sessionKeyResp: <Buffer e2 27 5d 8f a0 c4 a9 d8>
auth nonce verified
handleSessionKeyResp: session key request succeeded! authFailureCount: 0
received 1 keys
currentSessionKey: [object Object]
Status: Secure connection closed before starting a new connection.
Session protocol: TCP
chosen commSessionKey: 
{ id: 40101254,
  cipherKeyVal: <Buffer cb 4e 88 2b f6 b0 81 75 0d 4c f5 3b ab 94 37 5b>,
  macKeyVal: <Buffer 78 09 f3 66 b5 89 aa 83 f5 61 59 c2 ab f0 35 f1 b4 86 d9 57 0d 1f 9f 4b 59 3e bf 6a 12 8f b0 bb>,
  absValidity: 2018-03-21T21:54:17.332Z,
  relValidity: 7200000 }
options
{ serverHost: '10.0.1.26',
  serverPort: 22100,
  sessionKey: 
   { id: 40101254,
     cipherKeyVal: <Buffer cb 4e 88 2b f6 b0 81 75 0d 4c f5 3b ab 94 37 5b>,
     macKeyVal: <Buffer 78 09 f3 66 b5 89 aa 83 f5 61 59 c2 ab f0 35 f1 b4 86 d9 57 0d 1f 9f 4b 59 3e bf 6a 12 8f b0 bb>,
     absValidity: 2018-03-21T21:54:17.332Z,
     relValidity: 7200000 },
  sessionCryptoSpec: { cipher: 'AES-128-CBC', mac: 'SHA256' },
  sessionProtocol: 'TCP',
  handshakeTimeout: 50000 }
chosen nonce: <Buffer f7 98 eb ef 28 4e 5a 15>
switching to HANDSHAKE_1_SENT
disconnected from auth
Handler: Error in secure comm - details: Comm init failed: handshake1 timed out ...
Handler: Error in secure comm - details: Comm init failed: disconnected from server during communication initialization.10.0.1.26:undefined
Distribution protocol: TCP
Resp-actual/expected/ratio/ts: 18 26 0.6923076923076923 1521582917173
connected to auth! from local port 36098
received auth hello!
{ authId: 401, nonce: <Buffer df e1 cd b5 5c e8 7d 38> }
received session key response encrypted with distribution key
replyNonce in sessionKeyResp: <Buffer 9b d5 76 8c a4 65 79 5f>
auth nonce verified
handleSessionKeyResp: session key request succeeded! authFailureCount: 0
received 1 keys
currentSessionKey: [object Object]
Status: Secure connection closed before starting a new connection.
Session protocol: TCP
chosen commSessionKey: 
{ id: 40101267,
  cipherKeyVal: <Buffer 05 0d 46 cc 20 e4 94 a6 68 cb cc da db 80 9a 50>,
  macKeyVal: <Buffer 82 6a d6 a6 89 9e 0e 45 38 85 20 3e 02 27 57 71 8b 10 3f 05 df 3f 59 f4 4c 0d bf 17 90 a0 25 29>,
  absValidity: 2018-03-21T21:55:17.404Z,
  relValidity: 7200000 }
options
{ serverHost: '10.0.1.26',
  serverPort: 22100,
  sessionKey: 
   { id: 40101267,
     cipherKeyVal: <Buffer 05 0d 46 cc 20 e4 94 a6 68 cb cc da db 80 9a 50>,
     macKeyVal: <Buffer 82 6a d6 a6 89 9e 0e 45 38 85 20 3e 02 27 57 71 8b 10 3f 05 df 3f 59 f4 4c 0d bf 17 90 a0 25 29>,
     absValidity: 2018-03-21T21:55:17.404Z,
     relValidity: 7200000 },
  sessionCryptoSpec: { cipher: 'AES-128-CBC', mac: 'SHA256' },
  sessionProtocol: 'TCP',
  handshakeTimeout: 50000 }
chosen nonce: <Buffer 28 97 0d 49 03 b2 c1 ad>
switching to HANDSHAKE_1_SENT
disconnected from auth
received session key handshake2!
client ret: [object Object]
server authenticated/authorized by solving nonce!
Handler: communication initialization succeeded
file data length: 1024
sending at Tue Mar 20 2018 21:55:22 GMT+0000 (UTC)
switching to IN_COMM
received secure communication message!
Received seqNum: 0
Handler: data received from server via secure communication
data1
Resp-actual/expected/ratio/ts: 19 26 0.7307692307692307 1521582922911
Distribution protocol: TCP
Resp-actual/expected/ratio/ts: 19 27 0.7037037037037037 1521582977228
connected to auth! from local port 36268
received auth hello!
{ authId: 401, nonce: <Buffer fa d8 d9 52 b9 e0 2b b0> }
received session key response encrypted with distribution key
replyNonce in sessionKeyResp: <Buffer e2 06 65 fb ea 42 09 90>
auth nonce verified
handleSessionKeyResp: session key request succeeded! authFailureCount: 0
received 1 keys
currentSessionKey: [object Object]
Status: Secure connection closed before starting a new connection.
Session protocol: TCP
chosen commSessionKey: 
{ id: 40101279,
  cipherKeyVal: <Buffer 04 65 86 54 4a d8 3f f6 b2 12 31 8f 1a 7e a3 da>,
  macKeyVal: <Buffer de 5f b5 18 6f 70 c0 44 46 0c 59 bd 26 69 89 6f 52 f4 19 91 3e 0a f4 df 5d 90 f2 9a 7b c9 0e 61>,
  absValidity: 2018-03-21T21:56:17.462Z,
  relValidity: 7200000 }
options
{ serverHost: '10.0.1.26',
  serverPort: 22100,
  sessionKey: 
   { id: 40101279,
     cipherKeyVal: <Buffer 04 65 86 54 4a d8 3f f6 b2 12 31 8f 1a 7e a3 da>,
     macKeyVal: <Buffer de 5f b5 18 6f 70 c0 44 46 0c 59 bd 26 69 89 6f 52 f4 19 91 3e 0a f4 df 5d 90 f2 9a 7b c9 0e 61>,
     absValidity: 2018-03-21T21:56:17.462Z,
     relValidity: 7200000 },
  sessionCryptoSpec: { cipher: 'AES-128-CBC', mac: 'SHA256' },
  sessionProtocol: 'TCP',
  handshakeTimeout: 50000 }
disconnected from auth
chosen nonce: <Buffer 43 1e 9f 6c 48 74 8c 07>
switching to HANDSHAKE_1_SENT
Handler: secure connection with the server closed.
received session key handshake2!
client ret: [object Object]
server authenticated/authorized by solving nonce!
Handler: communication initialization succeeded
file data length: 1024
sending at Tue Mar 20 2018 21:56:19 GMT+0000 (UTC)
switching to IN_COMM
received secure communication message!
Received seqNum: 0
Handler: data received from server via secure communication
data1
Resp-actual/expected/ratio/ts: 20 27 0.7407407407407407 1521582979884
Distribution protocol: TCP
Resp-actual/expected/ratio/ts: 20 28 0.7142857142857143 1521583037285
connected to auth! from local port 36452
received auth hello!
{ authId: 401, nonce: <Buffer 26 eb 2f c8 ca 63 ad 99> }
received session key response encrypted with distribution key
replyNonce in sessionKeyResp: <Buffer 70 6f 12 c9 6f 2d e9 d1>
auth nonce verified
handleSessionKeyResp: session key request succeeded! authFailureCount: 0
received 1 keys
currentSessionKey: [object Object]
Status: Secure connection closed before starting a new connection.
Session protocol: TCP
chosen commSessionKey: 
{ id: 40101292,
  cipherKeyVal: <Buffer 99 ac cd 8c 77 28 3d 4c 45 40 3d 3f 25 21 62 0d>,
  macKeyVal: <Buffer 5a 6a 10 ad ae 74 36 e3 03 6b 36 cc aa 9f 25 eb cd 3f e5 26 9b d1 a1 4a 08 16 3d 92 45 5b 5e fb>,
  absValidity: 2018-03-21T21:57:17.513Z,
  relValidity: 7200000 }
options
{ serverHost: '10.0.1.26',
  serverPort: 22100,
  sessionKey: 
   { id: 40101292,
     cipherKeyVal: <Buffer 99 ac cd 8c 77 28 3d 4c 45 40 3d 3f 25 21 62 0d>,
     macKeyVal: <Buffer 5a 6a 10 ad ae 74 36 e3 03 6b 36 cc aa 9f 25 eb cd 3f e5 26 9b d1 a1 4a 08 16 3d 92 45 5b 5e fb>,
     absValidity: 2018-03-21T21:57:17.513Z,
     relValidity: 7200000 },
  sessionCryptoSpec: { cipher: 'AES-128-CBC', mac: 'SHA256' },
  sessionProtocol: 'TCP',
  handshakeTimeout: 50000 }
chosen nonce: <Buffer bc 2e 7e 0d df 28 b5 79>
switching to HANDSHAKE_1_SENT
disconnected from auth
Handler: secure connection with the server closed.
received session key handshake2!
client ret: [object Object]
server authenticated/authorized by solving nonce!
Handler: communication initialization succeeded
file data length: 1024
sending at Tue Mar 20 2018 21:57:24 GMT+0000 (UTC)
switching to IN_COMM
received secure communication message!
Received seqNum: 0
Handler: data received from server via secure communication
data1
Resp-actual/expected/ratio/ts: 21 28 0.75 1521583044710
