changing working directory to: /home/hokeunkim/Development/iotauth/entity/node/example_entities
loading from config file: /home/hokeunkim/Development/iotauth_experiments/experiments/ccs2017/expOptions/expEntity.option
Experimental options for autoClient: { autoSendPeriod: 60000,
  useSameSessionKeyCount: 1,
  connectionTimeout: 50000,
  migrationEnabled: true,
  authFailureThreshold: 2,
  migrationFailureThreshold: 2 }
loading from config file: /home/hokeunkim/Development/iotauth/entity/node/example_entities/configs/Clients/c515.config
initializing...
current parameters: { numKeysPerRequest: 3,
  migrationEnabled: false,
  authFailureThreshold: 3,
  migrationFailureThreshold: 3 }
current parameters: { numKeysPerRequest: 1,
  migrationEnabled: false,
  authFailureThreshold: 3,
  migrationFailureThreshold: 3 }
current parameters: { numKeysPerRequest: 1,
  migrationEnabled: true,
  authFailureThreshold: 3,
  migrationFailureThreshold: 3 }
current parameters: { numKeysPerRequest: 1,
  migrationEnabled: true,
  authFailureThreshold: 2,
  migrationFailureThreshold: 3 }
current parameters: { numKeysPerRequest: 1,
  migrationEnabled: true,
  authFailureThreshold: 2,
  migrationFailureThreshold: 2 }
current entityInfo: { name: 'c515',
  group: 'Clients',
  distProtocol: 'TCP',
  usePermanentDistKey: false,
  connectionTimeout: 50000,
  privateKey: <Buffer 2d 2d 2d 2d 2d 42 45 47 49 4e 20 52 53 41 20 50 52 49 56 41 54 45 20 4b 45 59 2d 2d 2d 2d 2d 0a 4d 49 49 45 70 41 49 42 41 41 4b 43 41 51 45 41 30 62 ... > }
Distribution protocol: TCP
Resp-actual/expected/ratio/ts: 0 1 0 1521619399902
connected to auth! from local port 58774
received auth hello!
{ authId: 502, nonce: <Buffer d7 08 e9 83 03 a1 28 39> }
received session key response with distribution key attached!
auth signature verified
replyNonce in sessionKeyResp: <Buffer 90 7d 5e ac 4d 3f 2d 60>
auth nonce verified
handleSessionKeyResp: session key request succeeded! authFailureCount: 0
updating distribution key: { cipherKeyVal: <Buffer 49 46 22 02 da 26 bd 1a 3c a0 64 f8 a7 7e 3d cd>,
  macKeyVal: <Buffer 31 d1 96 f6 e7 d4 35 36 1d da 85 2f 7a dd 6e b3 8e 25 4e be 81 de 63 bc c1 f1 e7 23 19 3f db 4a>,
  absValidity: 2018-03-21T09:03:20.061Z }
received 1 keys
currentSessionKey: [object Object]
Session protocol: TCP
chosen commSessionKey: 
{ id: 50201461,
  cipherKeyVal: <Buffer d1 45 30 4b b6 d9 e4 56 f4 9c 60 ae 3c 54 5f b1>,
  macKeyVal: <Buffer 5f d4 64 df d2 b6 45 4c de 0e 5d 75 e8 fc 4a 0f 91 55 8e 3e 37 28 70 a6 51 3f f0 7a 9b 20 c5 c9>,
  absValidity: 2018-03-22T08:03:20.060Z,
  relValidity: 7200000 }
options
{ serverHost: '10.0.1.34',
  serverPort: 22100,
  sessionKey: 
   { id: 50201461,
     cipherKeyVal: <Buffer d1 45 30 4b b6 d9 e4 56 f4 9c 60 ae 3c 54 5f b1>,
     macKeyVal: <Buffer 5f d4 64 df d2 b6 45 4c de 0e 5d 75 e8 fc 4a 0f 91 55 8e 3e 37 28 70 a6 51 3f f0 7a 9b 20 c5 c9>,
     absValidity: 2018-03-22T08:03:20.060Z,
     relValidity: 7200000 },
  sessionCryptoSpec: { cipher: 'AES-128-CBC', mac: 'SHA256' },
  sessionProtocol: 'TCP',
  handshakeTimeout: 50000 }
disconnected from auth
chosen nonce: <Buffer 7e d6 0e dc ac 00 16 88>
switching to HANDSHAKE_1_SENT
received session key handshake2!
client ret: [object Object]
server authenticated/authorized by solving nonce!
Handler: communication initialization succeeded
file data length: 1024
sending at Wed Mar 21 2018 08:03:21 GMT+0000 (UTC)
switching to IN_COMM
received secure communication message!
Received seqNum: 0
Handler: data received from server via secure communication
data1
Resp-actual/expected/ratio/ts: 1 1 1 1521619402193
Distribution protocol: TCP
Resp-actual/expected/ratio/ts: 1 2 0.5 1521619459958
connected to auth! from local port 59046
received auth hello!
{ authId: 502, nonce: <Buffer f6 f7 d2 16 1f 7f 07 bc> }
received session key response encrypted with distribution key
replyNonce in sessionKeyResp: <Buffer 67 8d a5 6b f4 f2 ea b9>
auth nonce verified
handleSessionKeyResp: session key request succeeded! authFailureCount: 0
received 1 keys
currentSessionKey: [object Object]
Status: Secure connection closed before starting a new connection.
Session protocol: TCP
chosen commSessionKey: 
{ id: 50201468,
  cipherKeyVal: <Buffer e7 8d c3 63 63 6f 5e 6e ea 40 3c 5b f8 18 65 dd>,
  macKeyVal: <Buffer b9 be 90 fe b1 a3 09 19 93 43 3b bd 29 5e da 18 0b 43 0a d7 ca 75 ce 1d 04 c6 2f 97 73 f9 7b 04>,
  absValidity: 2018-03-22T08:04:20.111Z,
  relValidity: 7200000 }
options
{ serverHost: '10.0.1.34',
  serverPort: 22100,
  sessionKey: 
   { id: 50201468,
     cipherKeyVal: <Buffer e7 8d c3 63 63 6f 5e 6e ea 40 3c 5b f8 18 65 dd>,
     macKeyVal: <Buffer b9 be 90 fe b1 a3 09 19 93 43 3b bd 29 5e da 18 0b 43 0a d7 ca 75 ce 1d 04 c6 2f 97 73 f9 7b 04>,
     absValidity: 2018-03-22T08:04:20.111Z,
     relValidity: 7200000 },
  sessionCryptoSpec: { cipher: 'AES-128-CBC', mac: 'SHA256' },
  sessionProtocol: 'TCP',
  handshakeTimeout: 50000 }
chosen nonce: <Buffer 6e 01 67 39 4d b0 bc a9>
switching to HANDSHAKE_1_SENT
disconnected from auth
Handler: secure connection with the server closed.
received session key handshake2!
client ret: [object Object]
server authenticated/authorized by solving nonce!
Handler: communication initialization succeeded
file data length: 1024
sending at Wed Mar 21 2018 08:04:21 GMT+0000 (UTC)
switching to IN_COMM
received secure communication message!
Received seqNum: 0
Handler: data received from server via secure communication
data1
Resp-actual/expected/ratio/ts: 2 2 1 1521619462254
Distribution protocol: TCP
Resp-actual/expected/ratio/ts: 2 3 0.6666666666666666 1521619520016
connected to auth! from local port 59316
received auth hello!
{ authId: 502, nonce: <Buffer da 0d 4a 76 9e 5d 2d f9> }
received session key response encrypted with distribution key
replyNonce in sessionKeyResp: <Buffer 79 8a c9 f2 2a 10 8d 46>
auth nonce verified
handleSessionKeyResp: session key request succeeded! authFailureCount: 0
received 1 keys
currentSessionKey: [object Object]
Status: Secure connection closed before starting a new connection.
Session protocol: TCP
chosen commSessionKey: 
{ id: 50201475,
  cipherKeyVal: <Buffer 3d 00 12 de 20 be 4e ca 2e 05 1b ac 4c cb b0 98>,
  macKeyVal: <Buffer 9d 21 06 29 8d a4 44 69 79 e9 12 b0 d9 a6 e5 4e 70 3d a1 f5 95 8e 07 1b 14 3a 21 d7 d2 3c a4 c1>,
  absValidity: 2018-03-22T08:05:20.141Z,
  relValidity: 7200000 }
options
{ serverHost: '10.0.1.34',
  serverPort: 22100,
  sessionKey: 
   { id: 50201475,
     cipherKeyVal: <Buffer 3d 00 12 de 20 be 4e ca 2e 05 1b ac 4c cb b0 98>,
     macKeyVal: <Buffer 9d 21 06 29 8d a4 44 69 79 e9 12 b0 d9 a6 e5 4e 70 3d a1 f5 95 8e 07 1b 14 3a 21 d7 d2 3c a4 c1>,
     absValidity: 2018-03-22T08:05:20.141Z,
     relValidity: 7200000 },
  sessionCryptoSpec: { cipher: 'AES-128-CBC', mac: 'SHA256' },
  sessionProtocol: 'TCP',
  handshakeTimeout: 50000 }
chosen nonce: <Buffer ec ad 62 6b 47 40 3d a9>
switching to HANDSHAKE_1_SENT
disconnected from auth
Handler: secure connection with the server closed.
received session key handshake2!
client ret: [object Object]
server authenticated/authorized by solving nonce!
Handler: communication initialization succeeded
file data length: 1024
sending at Wed Mar 21 2018 08:05:21 GMT+0000 (UTC)
switching to IN_COMM
received secure communication message!
Received seqNum: 0
Handler: data received from server via secure communication
data1
Resp-actual/expected/ratio/ts: 3 3 1 1521619522273
Distribution protocol: TCP
Resp-actual/expected/ratio/ts: 3 4 0.75 1521619580050
connected to auth! from local port 59586
received auth hello!
{ authId: 502, nonce: <Buffer a3 b2 c0 fb 59 53 3b ba> }
received session key response encrypted with distribution key
replyNonce in sessionKeyResp: <Buffer 53 c3 dc b5 f4 d9 3c 76>
auth nonce verified
handleSessionKeyResp: session key request succeeded! authFailureCount: 0
received 1 keys
currentSessionKey: [object Object]
Status: Secure connection closed before starting a new connection.
Session protocol: TCP
chosen commSessionKey: 
{ id: 50201482,
  cipherKeyVal: <Buffer cf 50 eb 01 37 dd 08 c7 7b 53 c3 f2 4f 6b 24 2c>,
  macKeyVal: <Buffer 41 8d 86 fd 2b 01 05 a6 49 3c 06 1f e8 f8 e3 63 6b 13 c6 f8 ba e2 b9 a3 64 8b f3 57 20 c8 44 5f>,
  absValidity: 2018-03-22T08:06:20.182Z,
  relValidity: 7200000 }
options
{ serverHost: '10.0.1.34',
  serverPort: 22100,
  sessionKey: 
   { id: 50201482,
     cipherKeyVal: <Buffer cf 50 eb 01 37 dd 08 c7 7b 53 c3 f2 4f 6b 24 2c>,
     macKeyVal: <Buffer 41 8d 86 fd 2b 01 05 a6 49 3c 06 1f e8 f8 e3 63 6b 13 c6 f8 ba e2 b9 a3 64 8b f3 57 20 c8 44 5f>,
     absValidity: 2018-03-22T08:06:20.182Z,
     relValidity: 7200000 },
  sessionCryptoSpec: { cipher: 'AES-128-CBC', mac: 'SHA256' },
  sessionProtocol: 'TCP',
  handshakeTimeout: 50000 }
chosen nonce: <Buffer 2f ba 1b bc b4 c1 1b 9c>
switching to HANDSHAKE_1_SENT
disconnected from auth
Handler: secure connection with the server closed.
received session key handshake2!
client ret: [object Object]
server authenticated/authorized by solving nonce!
Handler: communication initialization succeeded
file data length: 1024
sending at Wed Mar 21 2018 08:06:22 GMT+0000 (UTC)
switching to IN_COMM
received secure communication message!
Received seqNum: 0
Handler: data received from server via secure communication
data1
Resp-actual/expected/ratio/ts: 4 4 1 1521619582357
Distribution protocol: TCP
Resp-actual/expected/ratio/ts: 4 5 0.8 1521619640085
connected to auth! from local port 59856
received auth hello!
{ authId: 502, nonce: <Buffer ea 10 c8 e2 80 ee 8d 7f> }
received session key response encrypted with distribution key
replyNonce in sessionKeyResp: <Buffer 15 1f c7 5b 89 b1 2b 7f>
auth nonce verified
handleSessionKeyResp: session key request succeeded! authFailureCount: 0
received 1 keys
currentSessionKey: [object Object]
Status: Secure connection closed before starting a new connection.
Session protocol: TCP
chosen commSessionKey: 
{ id: 50201489,
  cipherKeyVal: <Buffer d0 43 2c c5 b2 1a 95 95 e1 93 e8 8a 8b ff a0 8d>,
  macKeyVal: <Buffer 6e 43 8c ad ff 31 9e 1e cb 6a 74 d4 dc 51 59 fe 99 3f a2 0f 7f 4a a6 ae fd 2c 5d 7d 90 67 8b 77>,
  absValidity: 2018-03-22T08:07:20.220Z,
  relValidity: 7200000 }
options
{ serverHost: '10.0.1.34',
  serverPort: 22100,
  sessionKey: 
   { id: 50201489,
     cipherKeyVal: <Buffer d0 43 2c c5 b2 1a 95 95 e1 93 e8 8a 8b ff a0 8d>,
     macKeyVal: <Buffer 6e 43 8c ad ff 31 9e 1e cb 6a 74 d4 dc 51 59 fe 99 3f a2 0f 7f 4a a6 ae fd 2c 5d 7d 90 67 8b 77>,
     absValidity: 2018-03-22T08:07:20.220Z,
     relValidity: 7200000 },
  sessionCryptoSpec: { cipher: 'AES-128-CBC', mac: 'SHA256' },
  sessionProtocol: 'TCP',
  handshakeTimeout: 50000 }
chosen nonce: <Buffer 71 15 70 e4 14 2a 72 bb>
switching to HANDSHAKE_1_SENT
disconnected from auth
Handler: secure connection with the server closed.
received session key handshake2!
client ret: [object Object]
server authenticated/authorized by solving nonce!
Handler: communication initialization succeeded
file data length: 1024
sending at Wed Mar 21 2018 08:07:22 GMT+0000 (UTC)
switching to IN_COMM
received secure communication message!
Received seqNum: 0
Handler: data received from server via secure communication
data1
Resp-actual/expected/ratio/ts: 5 5 1 1521619642342
Distribution protocol: TCP
Resp-actual/expected/ratio/ts: 5 6 0.8333333333333334 1521619700085
connected to auth! from local port 60126
received auth hello!
{ authId: 502, nonce: <Buffer 3f 8c 38 1e da 8e 2e 1c> }
received session key response encrypted with distribution key
replyNonce in sessionKeyResp: <Buffer 40 94 8e c6 aa 08 d9 31>
auth nonce verified
handleSessionKeyResp: session key request succeeded! authFailureCount: 0
received 1 keys
currentSessionKey: [object Object]
Status: Secure connection closed before starting a new connection.
Session protocol: TCP
chosen commSessionKey: 
{ id: 50201496,
  cipherKeyVal: <Buffer 52 75 fe e0 b9 50 26 f9 95 f5 2f 62 bd c4 d4 fc>,
  macKeyVal: <Buffer 42 43 a8 c4 71 bc 2f 41 13 f5 6c b9 c4 38 0e 11 24 66 2e da 13 76 cf 5a 19 d8 2d 17 09 a5 42 87>,
  absValidity: 2018-03-22T08:08:20.225Z,
  relValidity: 7200000 }
options
{ serverHost: '10.0.1.34',
  serverPort: 22100,
  sessionKey: 
   { id: 50201496,
     cipherKeyVal: <Buffer 52 75 fe e0 b9 50 26 f9 95 f5 2f 62 bd c4 d4 fc>,
     macKeyVal: <Buffer 42 43 a8 c4 71 bc 2f 41 13 f5 6c b9 c4 38 0e 11 24 66 2e da 13 76 cf 5a 19 d8 2d 17 09 a5 42 87>,
     absValidity: 2018-03-22T08:08:20.225Z,
     relValidity: 7200000 },
  sessionCryptoSpec: { cipher: 'AES-128-CBC', mac: 'SHA256' },
  sessionProtocol: 'TCP',
  handshakeTimeout: 50000 }
chosen nonce: <Buffer f5 a0 89 51 ef 8c 79 ff>
switching to HANDSHAKE_1_SENT
disconnected from auth
Handler: secure connection with the server closed.
received session key handshake2!
client ret: [object Object]
server authenticated/authorized by solving nonce!
Handler: communication initialization succeeded
file data length: 1024
sending at Wed Mar 21 2018 08:08:22 GMT+0000 (UTC)
switching to IN_COMM
received secure communication message!
Received seqNum: 0
Handler: data received from server via secure communication
data1
Resp-actual/expected/ratio/ts: 6 6 1 1521619702478
Distribution protocol: TCP
Resp-actual/expected/ratio/ts: 6 7 0.8571428571428571 1521619760141
connected to auth! from local port 60392
received auth hello!
{ authId: 502, nonce: <Buffer ec 55 6e 61 f7 87 ad 61> }
received session key response encrypted with distribution key
replyNonce in sessionKeyResp: <Buffer 80 36 6b 37 e1 59 e3 04>
auth nonce verified
handleSessionKeyResp: session key request succeeded! authFailureCount: 0
received 1 keys
currentSessionKey: [object Object]
Status: Secure connection closed before starting a new connection.
Session protocol: TCP
chosen commSessionKey: 
{ id: 50201503,
  cipherKeyVal: <Buffer 2c 0b d2 88 34 a4 be 34 48 0d f0 7a e5 ec e0 52>,
  macKeyVal: <Buffer 7e 6d f2 09 ee 8f 68 f2 02 fa 59 16 46 a4 4c d2 2d 9d f1 1c 6b 01 ee 02 99 02 28 64 70 d3 39 6a>,
  absValidity: 2018-03-22T08:09:20.275Z,
  relValidity: 7200000 }
options
{ serverHost: '10.0.1.34',
  serverPort: 22100,
  sessionKey: 
   { id: 50201503,
     cipherKeyVal: <Buffer 2c 0b d2 88 34 a4 be 34 48 0d f0 7a e5 ec e0 52>,
     macKeyVal: <Buffer 7e 6d f2 09 ee 8f 68 f2 02 fa 59 16 46 a4 4c d2 2d 9d f1 1c 6b 01 ee 02 99 02 28 64 70 d3 39 6a>,
     absValidity: 2018-03-22T08:09:20.275Z,
     relValidity: 7200000 },
  sessionCryptoSpec: { cipher: 'AES-128-CBC', mac: 'SHA256' },
  sessionProtocol: 'TCP',
  handshakeTimeout: 50000 }
chosen nonce: <Buffer d5 62 f0 c9 f0 9e 03 b5>
switching to HANDSHAKE_1_SENT
disconnected from auth
Handler: secure connection with the server closed.
received session key handshake2!
client ret: [object Object]
server authenticated/authorized by solving nonce!
Handler: communication initialization succeeded
file data length: 1024
sending at Wed Mar 21 2018 08:09:22 GMT+0000 (UTC)
switching to IN_COMM
received secure communication message!
Received seqNum: 0
Handler: data received from server via secure communication
data1
Resp-actual/expected/ratio/ts: 7 7 1 1521619762516
Distribution protocol: TCP
Resp-actual/expected/ratio/ts: 7 8 0.875 1521619820199
connected to auth! from local port 60566
received auth hello!
{ authId: 502, nonce: <Buffer aa 4b dc a2 a3 dc 51 8f> }
received session key response encrypted with distribution key
replyNonce in sessionKeyResp: <Buffer f2 2d ec 43 a6 e2 0d a6>
auth nonce verified
handleSessionKeyResp: session key request succeeded! authFailureCount: 0
received 1 keys
currentSessionKey: [object Object]
Status: Secure connection closed before starting a new connection.
Session protocol: TCP
chosen commSessionKey: 
{ id: 50201510,
  cipherKeyVal: <Buffer 03 93 35 f9 9b 1a 82 89 25 49 50 92 64 3e f7 ee>,
  macKeyVal: <Buffer 7b 43 7d 75 77 c7 54 56 00 35 cf a3 88 57 83 fc 30 41 b5 c3 88 8b 6c cc 86 5e a6 52 54 65 1c 88>,
  absValidity: 2018-03-22T08:10:20.327Z,
  relValidity: 7200000 }
options
{ serverHost: '10.0.1.34',
  serverPort: 22100,
  sessionKey: 
   { id: 50201510,
     cipherKeyVal: <Buffer 03 93 35 f9 9b 1a 82 89 25 49 50 92 64 3e f7 ee>,
     macKeyVal: <Buffer 7b 43 7d 75 77 c7 54 56 00 35 cf a3 88 57 83 fc 30 41 b5 c3 88 8b 6c cc 86 5e a6 52 54 65 1c 88>,
     absValidity: 2018-03-22T08:10:20.327Z,
     relValidity: 7200000 },
  sessionCryptoSpec: { cipher: 'AES-128-CBC', mac: 'SHA256' },
  sessionProtocol: 'TCP',
  handshakeTimeout: 50000 }
chosen nonce: <Buffer ed 66 f6 e0 a4 26 00 ab>
switching to HANDSHAKE_1_SENT
disconnected from auth
Handler: secure connection with the server closed.
received session key handshake2!
client ret: [object Object]
server authenticated/authorized by solving nonce!
Handler: communication initialization succeeded
file data length: 1024
sending at Wed Mar 21 2018 08:10:22 GMT+0000 (UTC)
switching to IN_COMM
received secure communication message!
Received seqNum: 0
Handler: data received from server via secure communication
data1
Resp-actual/expected/ratio/ts: 8 8 1 1521619822550
Distribution protocol: TCP
Resp-actual/expected/ratio/ts: 8 9 0.8888888888888888 1521619880257
connected to auth! from local port 60726
received auth hello!
{ authId: 502, nonce: <Buffer 0b 3e d3 b9 2e a2 31 d4> }
received session key response encrypted with distribution key
replyNonce in sessionKeyResp: <Buffer b6 1f 55 ec 5a 4e ba 10>
auth nonce verified
handleSessionKeyResp: session key request succeeded! authFailureCount: 0
received 1 keys
currentSessionKey: [object Object]
Status: Secure connection closed before starting a new connection.
Session protocol: TCP
chosen commSessionKey: 
{ id: 50201517,
  cipherKeyVal: <Buffer fe 10 38 00 3b 6d 12 27 dc e3 73 95 73 06 40 5e>,
  macKeyVal: <Buffer 01 ca 86 b4 7e 37 d6 eb 19 ea 2b 66 9b aa 7f 50 c1 b4 c0 f0 42 7c 75 64 19 ab 93 e1 96 11 fd 0a>,
  absValidity: 2018-03-22T08:11:21.927Z,
  relValidity: 7200000 }
options
{ serverHost: '10.0.1.34',
  serverPort: 22100,
  sessionKey: 
   { id: 50201517,
     cipherKeyVal: <Buffer fe 10 38 00 3b 6d 12 27 dc e3 73 95 73 06 40 5e>,
     macKeyVal: <Buffer 01 ca 86 b4 7e 37 d6 eb 19 ea 2b 66 9b aa 7f 50 c1 b4 c0 f0 42 7c 75 64 19 ab 93 e1 96 11 fd 0a>,
     absValidity: 2018-03-22T08:11:21.927Z,
     relValidity: 7200000 },
  sessionCryptoSpec: { cipher: 'AES-128-CBC', mac: 'SHA256' },
  sessionProtocol: 'TCP',
  handshakeTimeout: 50000 }
chosen nonce: <Buffer 0e b1 7d 7e b8 c8 e0 53>
switching to HANDSHAKE_1_SENT
disconnected from auth
Handler: secure connection with the server closed.
received session key handshake2!
client ret: [object Object]
server authenticated/authorized by solving nonce!
Handler: communication initialization succeeded
file data length: 1024
sending at Wed Mar 21 2018 08:11:24 GMT+0000 (UTC)
switching to IN_COMM
received secure communication message!
Received seqNum: 0
Handler: data received from server via secure communication
data1
Resp-actual/expected/ratio/ts: 9 9 1 1521619884838
Distribution protocol: TCP
Resp-actual/expected/ratio/ts: 9 10 0.9 1521619940313
connected to auth! from local port 60880
received auth hello!
{ authId: 502, nonce: <Buffer be b4 7a dd 8e 92 a5 f4> }
received session key response encrypted with distribution key
replyNonce in sessionKeyResp: <Buffer 8f bc 3b 42 07 7f b5 fb>
auth nonce verified
handleSessionKeyResp: session key request succeeded! authFailureCount: 0
received 1 keys
currentSessionKey: [object Object]
Status: Secure connection closed before starting a new connection.
Session protocol: TCP
chosen commSessionKey: 
{ id: 50201530,
  cipherKeyVal: <Buffer 29 0c b3 cb 36 a6 5f a2 06 36 6b d5 af bb cd 5c>,
  macKeyVal: <Buffer 49 6b d1 4f a5 aa 1e f8 aa 6c 91 38 87 61 1c 61 31 58 80 76 c2 f8 6a 14 bd 50 41 91 8f 70 34 40>,
  absValidity: 2018-03-22T08:12:20.463Z,
  relValidity: 7200000 }
options
{ serverHost: '10.0.1.34',
  serverPort: 22100,
  sessionKey: 
   { id: 50201530,
     cipherKeyVal: <Buffer 29 0c b3 cb 36 a6 5f a2 06 36 6b d5 af bb cd 5c>,
     macKeyVal: <Buffer 49 6b d1 4f a5 aa 1e f8 aa 6c 91 38 87 61 1c 61 31 58 80 76 c2 f8 6a 14 bd 50 41 91 8f 70 34 40>,
     absValidity: 2018-03-22T08:12:20.463Z,
     relValidity: 7200000 },
  sessionCryptoSpec: { cipher: 'AES-128-CBC', mac: 'SHA256' },
  sessionProtocol: 'TCP',
  handshakeTimeout: 50000 }
chosen nonce: <Buffer 6a c0 be 5b 53 b7 c4 d2>
switching to HANDSHAKE_1_SENT
disconnected from auth
Handler: secure connection with the server closed.
received session key handshake2!
client ret: [object Object]
server authenticated/authorized by solving nonce!
Handler: communication initialization succeeded
file data length: 1024
sending at Wed Mar 21 2018 08:12:22 GMT+0000 (UTC)
switching to IN_COMM
received secure communication message!
Received seqNum: 0
Handler: data received from server via secure communication
data1
Resp-actual/expected/ratio/ts: 10 10 1 1521619942642
Distribution protocol: TCP
Resp-actual/expected/ratio/ts: 10 11 0.9090909090909091 1521620000370
connected to auth! from local port 32810
received auth hello!
{ authId: 502, nonce: <Buffer a3 83 77 86 82 5c 8e d8> }
received session key response encrypted with distribution key
replyNonce in sessionKeyResp: <Buffer e9 06 19 d0 8b 59 d3 33>
auth nonce verified
handleSessionKeyResp: session key request succeeded! authFailureCount: 0
received 1 keys
currentSessionKey: [object Object]
Status: Secure connection closed before starting a new connection.
Session protocol: TCP
chosen commSessionKey: 
{ id: 50201544,
  cipherKeyVal: <Buffer 67 1c 15 6b eb 7e f5 87 10 d1 82 9c 5c 91 59 92>,
  macKeyVal: <Buffer 34 fb 82 7d 92 94 d3 34 e8 68 d3 13 00 fb 54 34 73 8a d1 29 ec f7 07 59 0c e6 ff cb 89 2e d8 0e>,
  absValidity: 2018-03-22T08:13:22.308Z,
  relValidity: 7200000 }
options
{ serverHost: '10.0.1.34',
  serverPort: 22100,
  sessionKey: 
   { id: 50201544,
     cipherKeyVal: <Buffer 67 1c 15 6b eb 7e f5 87 10 d1 82 9c 5c 91 59 92>,
     macKeyVal: <Buffer 34 fb 82 7d 92 94 d3 34 e8 68 d3 13 00 fb 54 34 73 8a d1 29 ec f7 07 59 0c e6 ff cb 89 2e d8 0e>,
     absValidity: 2018-03-22T08:13:22.308Z,
     relValidity: 7200000 },
  sessionCryptoSpec: { cipher: 'AES-128-CBC', mac: 'SHA256' },
  sessionProtocol: 'TCP',
  handshakeTimeout: 50000 }
chosen nonce: <Buffer 22 cf 03 38 93 cf 4d d0>
switching to HANDSHAKE_1_SENT
disconnected from auth
Handler: secure connection with the server closed.
received session key handshake2!
client ret: [object Object]
server authenticated/authorized by solving nonce!
Handler: communication initialization succeeded
file data length: 1024
sending at Wed Mar 21 2018 08:13:25 GMT+0000 (UTC)
switching to IN_COMM
received secure communication message!
Received seqNum: 0
Handler: data received from server via secure communication
data1
Resp-actual/expected/ratio/ts: 11 11 1 1521620005438
Distribution protocol: TCP
Resp-actual/expected/ratio/ts: 11 12 0.9166666666666666 1521620060426
connected to auth! from local port 32966
received auth hello!
{ authId: 502, nonce: <Buffer ae ae 25 d3 94 50 0c e3> }
received session key response encrypted with distribution key
replyNonce in sessionKeyResp: <Buffer a7 ea 92 35 f1 af 82 95>
auth nonce verified
handleSessionKeyResp: session key request succeeded! authFailureCount: 0
received 1 keys
currentSessionKey: [object Object]
Status: Secure connection closed before starting a new connection.
Session protocol: TCP
chosen commSessionKey: 
{ id: 50201560,
  cipherKeyVal: <Buffer 42 da 76 c2 e8 b1 b9 99 25 84 40 82 37 48 1c b3>,
  macKeyVal: <Buffer 44 3c 76 c1 2e ee 0d c5 82 28 f6 79 0a 56 bc d8 06 21 c9 09 27 14 48 a4 47 02 ba 4c e4 25 40 85>,
  absValidity: 2018-03-22T08:14:21.683Z,
  relValidity: 7200000 }
options
{ serverHost: '10.0.1.34',
  serverPort: 22100,
  sessionKey: 
   { id: 50201560,
     cipherKeyVal: <Buffer 42 da 76 c2 e8 b1 b9 99 25 84 40 82 37 48 1c b3>,
     macKeyVal: <Buffer 44 3c 76 c1 2e ee 0d c5 82 28 f6 79 0a 56 bc d8 06 21 c9 09 27 14 48 a4 47 02 ba 4c e4 25 40 85>,
     absValidity: 2018-03-22T08:14:21.683Z,
     relValidity: 7200000 },
  sessionCryptoSpec: { cipher: 'AES-128-CBC', mac: 'SHA256' },
  sessionProtocol: 'TCP',
  handshakeTimeout: 50000 }
chosen nonce: <Buffer 95 5f 91 ea 03 06 68 4c>
switching to HANDSHAKE_1_SENT
disconnected from auth
Handler: secure connection with the server closed.
received session key handshake2!
client ret: [object Object]
server authenticated/authorized by solving nonce!
Handler: communication initialization succeeded
file data length: 1024
sending at Wed Mar 21 2018 08:14:23 GMT+0000 (UTC)
switching to IN_COMM
received secure communication message!
Received seqNum: 0
Handler: data received from server via secure communication
data1
Resp-actual/expected/ratio/ts: 12 12 1 1521620064138
Distribution protocol: TCP
Resp-actual/expected/ratio/ts: 12 13 0.9230769230769231 1521620120435
connected to auth! from local port 33120
received auth hello!
{ authId: 502, nonce: <Buffer c5 bd cc 1a e3 07 50 84> }
received session key response encrypted with distribution key
replyNonce in sessionKeyResp: <Buffer 23 20 7c f3 e5 02 ef 7c>
auth nonce verified
handleSessionKeyResp: session key request succeeded! authFailureCount: 0
received 1 keys
currentSessionKey: [object Object]
Status: Secure connection closed before starting a new connection.
Session protocol: TCP
chosen commSessionKey: 
{ id: 50201576,
  cipherKeyVal: <Buffer 73 e2 3a bf ea 50 a0 2c ff ee 93 7d 7b 70 ea 6e>,
  macKeyVal: <Buffer 05 37 91 c0 8e 8f 54 1c 67 27 49 26 e6 e8 72 34 ed 42 5d ff 55 b3 c7 01 84 c0 09 7a 68 9a 3d f3>,
  absValidity: 2018-03-22T08:15:24.171Z,
  relValidity: 7200000 }
options
{ serverHost: '10.0.1.34',
  serverPort: 22100,
  sessionKey: 
   { id: 50201576,
     cipherKeyVal: <Buffer 73 e2 3a bf ea 50 a0 2c ff ee 93 7d 7b 70 ea 6e>,
     macKeyVal: <Buffer 05 37 91 c0 8e 8f 54 1c 67 27 49 26 e6 e8 72 34 ed 42 5d ff 55 b3 c7 01 84 c0 09 7a 68 9a 3d f3>,
     absValidity: 2018-03-22T08:15:24.171Z,
     relValidity: 7200000 },
  sessionCryptoSpec: { cipher: 'AES-128-CBC', mac: 'SHA256' },
  sessionProtocol: 'TCP',
  handshakeTimeout: 50000 }
chosen nonce: <Buffer 40 d6 9d b8 c8 e8 a2 6c>
switching to HANDSHAKE_1_SENT
disconnected from auth
Handler: secure connection with the server closed.
received session key handshake2!
client ret: [object Object]
server authenticated/authorized by solving nonce!
Handler: communication initialization succeeded
file data length: 1024
sending at Wed Mar 21 2018 08:15:36 GMT+0000 (UTC)
switching to IN_COMM
received secure communication message!
Received seqNum: 0
Handler: data received from server via secure communication
data1
Resp-actual/expected/ratio/ts: 13 13 1 1521620136583
Distribution protocol: TCP
Resp-actual/expected/ratio/ts: 13 14 0.9285714285714286 1521620180478
connected to auth! from local port 33280
received auth hello!
{ authId: 502, nonce: <Buffer 49 10 ce d6 58 82 0f 32> }
received session key response encrypted with distribution key
replyNonce in sessionKeyResp: <Buffer 22 df 82 52 16 2e c3 26>
auth nonce verified
handleSessionKeyResp: session key request succeeded! authFailureCount: 0
received 1 keys
currentSessionKey: [object Object]
Status: Secure connection closed before starting a new connection.
Session protocol: TCP
chosen commSessionKey: 
{ id: 50201592,
  cipherKeyVal: <Buffer c2 e3 87 b5 b0 a6 91 84 24 f8 8d a1 ad b7 ed 1c>,
  macKeyVal: <Buffer 51 d9 e3 1a 3e 95 80 49 56 cd 0d 01 87 eb bb f6 6d b6 26 41 5e fe bc ab c0 f8 fe 90 33 33 c3 3c>,
  absValidity: 2018-03-22T08:16:21.690Z,
  relValidity: 7200000 }
options
{ serverHost: '10.0.1.34',
  serverPort: 22100,
  sessionKey: 
   { id: 50201592,
     cipherKeyVal: <Buffer c2 e3 87 b5 b0 a6 91 84 24 f8 8d a1 ad b7 ed 1c>,
     macKeyVal: <Buffer 51 d9 e3 1a 3e 95 80 49 56 cd 0d 01 87 eb bb f6 6d b6 26 41 5e fe bc ab c0 f8 fe 90 33 33 c3 3c>,
     absValidity: 2018-03-22T08:16:21.690Z,
     relValidity: 7200000 },
  sessionCryptoSpec: { cipher: 'AES-128-CBC', mac: 'SHA256' },
  sessionProtocol: 'TCP',
  handshakeTimeout: 50000 }
chosen nonce: <Buffer 3e 66 cb 1b 18 89 e7 16>
switching to HANDSHAKE_1_SENT
disconnected from auth
Handler: secure connection with the server closed.
received session key handshake2!
client ret: [object Object]
server authenticated/authorized by solving nonce!
Handler: communication initialization succeeded
file data length: 1024
sending at Wed Mar 21 2018 08:16:23 GMT+0000 (UTC)
switching to IN_COMM
received secure communication message!
Received seqNum: 0
Handler: data received from server via secure communication
data1
Resp-actual/expected/ratio/ts: 14 14 1 1521620184039
Distribution protocol: TCP
Resp-actual/expected/ratio/ts: 14 15 0.9333333333333333 1521620240535
connected to auth! from local port 33434
received auth hello!
{ authId: 502, nonce: <Buffer da f4 b3 31 ac 65 e7 67> }
received session key response encrypted with distribution key
replyNonce in sessionKeyResp: <Buffer a3 23 92 14 39 37 92 c6>
auth nonce verified
handleSessionKeyResp: session key request succeeded! authFailureCount: 0
received 1 keys
currentSessionKey: [object Object]
Status: Secure connection closed before starting a new connection.
Session protocol: TCP
chosen commSessionKey: 
{ id: 50201608,
  cipherKeyVal: <Buffer 7f f9 ba fe b5 13 9f 4b ef 17 da 83 88 62 27 4c>,
  macKeyVal: <Buffer 99 6d 79 31 16 c9 ec 0c f5 4d ac 33 0d 33 21 20 12 37 21 ce 39 5f 0d e9 49 fd 3a 40 b4 ce aa 4b>,
  absValidity: 2018-03-22T08:17:24.259Z,
  relValidity: 7200000 }
options
{ serverHost: '10.0.1.34',
  serverPort: 22100,
  sessionKey: 
   { id: 50201608,
     cipherKeyVal: <Buffer 7f f9 ba fe b5 13 9f 4b ef 17 da 83 88 62 27 4c>,
     macKeyVal: <Buffer 99 6d 79 31 16 c9 ec 0c f5 4d ac 33 0d 33 21 20 12 37 21 ce 39 5f 0d e9 49 fd 3a 40 b4 ce aa 4b>,
     absValidity: 2018-03-22T08:17:24.259Z,
     relValidity: 7200000 },
  sessionCryptoSpec: { cipher: 'AES-128-CBC', mac: 'SHA256' },
  sessionProtocol: 'TCP',
  handshakeTimeout: 50000 }
chosen nonce: <Buffer 37 83 0d bf 3a d5 1d 33>
switching to HANDSHAKE_1_SENT
disconnected from auth
Handler: secure connection with the server closed.
received session key handshake2!
client ret: [object Object]
server authenticated/authorized by solving nonce!
Handler: communication initialization succeeded
file data length: 1024
sending at Wed Mar 21 2018 08:17:36 GMT+0000 (UTC)
switching to IN_COMM
received secure communication message!
Received seqNum: 0
Handler: data received from server via secure communication
data1
Resp-actual/expected/ratio/ts: 15 15 1 1521620256668
Distribution protocol: TCP
Resp-actual/expected/ratio/ts: 15 16 0.9375 1521620300580
connected to auth! from local port 33594
received auth hello!
{ authId: 502, nonce: <Buffer 8b 4e 31 9a 4c 7d b5 4d> }
received session key response encrypted with distribution key
replyNonce in sessionKeyResp: <Buffer 7f 75 a5 1f d5 8f 1e e1>
auth nonce verified
handleSessionKeyResp: session key request succeeded! authFailureCount: 0
received 1 keys
currentSessionKey: [object Object]
Status: Secure connection closed before starting a new connection.
Session protocol: TCP
chosen commSessionKey: 
{ id: 50201624,
  cipherKeyVal: <Buffer d5 48 6d ad a9 88 e7 7b 36 f4 1c a5 5c 79 cd 59>,
  macKeyVal: <Buffer 11 c3 21 f4 b4 50 bc 29 b6 df 6e 06 9d eb 0b 84 85 9e ac fc e6 1f 4f 60 ff 49 35 5f c4 97 2d 5c>,
  absValidity: 2018-03-22T08:18:21.814Z,
  relValidity: 7200000 }
options
{ serverHost: '10.0.1.34',
  serverPort: 22100,
  sessionKey: 
   { id: 50201624,
     cipherKeyVal: <Buffer d5 48 6d ad a9 88 e7 7b 36 f4 1c a5 5c 79 cd 59>,
     macKeyVal: <Buffer 11 c3 21 f4 b4 50 bc 29 b6 df 6e 06 9d eb 0b 84 85 9e ac fc e6 1f 4f 60 ff 49 35 5f c4 97 2d 5c>,
     absValidity: 2018-03-22T08:18:21.814Z,
     relValidity: 7200000 },
  sessionCryptoSpec: { cipher: 'AES-128-CBC', mac: 'SHA256' },
  sessionProtocol: 'TCP',
  handshakeTimeout: 50000 }
chosen nonce: <Buffer ad 81 b4 14 fb 9d 8d d5>
switching to HANDSHAKE_1_SENT
disconnected from auth
Handler: secure connection with the server closed.
received session key handshake2!
client ret: [object Object]
server authenticated/authorized by solving nonce!
Handler: communication initialization succeeded
file data length: 1024
sending at Wed Mar 21 2018 08:18:23 GMT+0000 (UTC)
switching to IN_COMM
received secure communication message!
Received seqNum: 0
Handler: data received from server via secure communication
data1
Resp-actual/expected/ratio/ts: 16 16 1 1521620304181
Distribution protocol: TCP
Resp-actual/expected/ratio/ts: 16 17 0.9411764705882353 1521620360601
connected to auth! from local port 33748
received auth hello!
{ authId: 502, nonce: <Buffer 4c 25 a8 7f c9 0b dd 76> }
received session key response encrypted with distribution key
replyNonce in sessionKeyResp: <Buffer 95 4c 5b c1 98 42 02 9f>
auth nonce verified
handleSessionKeyResp: session key request succeeded! authFailureCount: 0
received 1 keys
currentSessionKey: [object Object]
Status: Secure connection closed before starting a new connection.
Session protocol: TCP
chosen commSessionKey: 
{ id: 50201640,
  cipherKeyVal: <Buffer bb 1e 10 75 c5 9b 60 2e 11 a2 db 91 a2 fb 01 95>,
  macKeyVal: <Buffer 42 f3 62 1b 90 55 5b 6b 46 40 c5 8e 88 16 33 25 51 15 23 b3 7f 49 0e 4c 03 1f 43 97 94 c7 62 ec>,
  absValidity: 2018-03-22T08:19:24.350Z,
  relValidity: 7200000 }
options
{ serverHost: '10.0.1.34',
  serverPort: 22100,
  sessionKey: 
   { id: 50201640,
     cipherKeyVal: <Buffer bb 1e 10 75 c5 9b 60 2e 11 a2 db 91 a2 fb 01 95>,
     macKeyVal: <Buffer 42 f3 62 1b 90 55 5b 6b 46 40 c5 8e 88 16 33 25 51 15 23 b3 7f 49 0e 4c 03 1f 43 97 94 c7 62 ec>,
     absValidity: 2018-03-22T08:19:24.350Z,
     relValidity: 7200000 },
  sessionCryptoSpec: { cipher: 'AES-128-CBC', mac: 'SHA256' },
  sessionProtocol: 'TCP',
  handshakeTimeout: 50000 }
chosen nonce: <Buffer 28 f2 4c 0c f0 80 95 41>
switching to HANDSHAKE_1_SENT
disconnected from auth
Handler: secure connection with the server closed.
received session key handshake2!
client ret: [object Object]
server authenticated/authorized by solving nonce!
Handler: communication initialization succeeded
file data length: 1024
sending at Wed Mar 21 2018 08:19:28 GMT+0000 (UTC)
switching to IN_COMM
received secure communication message!
Received seqNum: 0
Handler: data received from server via secure communication
data1
Resp-actual/expected/ratio/ts: 17 17 1 1521620369076
Distribution protocol: TCP
Resp-actual/expected/ratio/ts: 17 18 0.9444444444444444 1521620420615
connected to auth! from local port 33908
received auth hello!
{ authId: 502, nonce: <Buffer 18 93 86 60 a2 19 50 26> }
received session key response encrypted with distribution key
replyNonce in sessionKeyResp: <Buffer 27 4b 59 69 5b 03 41 c7>
auth nonce verified
handleSessionKeyResp: session key request succeeded! authFailureCount: 0
received 1 keys
currentSessionKey: [object Object]
Status: Secure connection closed before starting a new connection.
Session protocol: TCP
chosen commSessionKey: 
{ id: 50201656,
  cipherKeyVal: <Buffer 7d ca 34 ab 89 49 02 b1 5e 57 32 37 90 5e 3a 93>,
  macKeyVal: <Buffer 54 f1 2a 9d 85 3b d8 a2 7f d5 ef 6c 49 4e 58 26 c1 79 e7 dc 94 ad 24 3d 97 cd ff 69 bf 45 0f b7>,
  absValidity: 2018-03-22T08:20:21.923Z,
  relValidity: 7200000 }
options
{ serverHost: '10.0.1.34',
  serverPort: 22100,
  sessionKey: 
   { id: 50201656,
     cipherKeyVal: <Buffer 7d ca 34 ab 89 49 02 b1 5e 57 32 37 90 5e 3a 93>,
     macKeyVal: <Buffer 54 f1 2a 9d 85 3b d8 a2 7f d5 ef 6c 49 4e 58 26 c1 79 e7 dc 94 ad 24 3d 97 cd ff 69 bf 45 0f b7>,
     absValidity: 2018-03-22T08:20:21.923Z,
     relValidity: 7200000 },
  sessionCryptoSpec: { cipher: 'AES-128-CBC', mac: 'SHA256' },
  sessionProtocol: 'TCP',
  handshakeTimeout: 50000 }
chosen nonce: <Buffer a9 cd 15 f4 44 8a 47 a4>
switching to HANDSHAKE_1_SENT
disconnected from auth
Handler: secure connection with the server closed.
received session key handshake2!
client ret: [object Object]
server authenticated/authorized by solving nonce!
Handler: communication initialization succeeded
file data length: 1024
sending at Wed Mar 21 2018 08:20:24 GMT+0000 (UTC)
switching to IN_COMM
received secure communication message!
Received seqNum: 0
Handler: data received from server via secure communication
data1
Resp-actual/expected/ratio/ts: 18 18 1 1521620424322
Distribution protocol: TCP
Resp-actual/expected/ratio/ts: 18 19 0.9473684210526315 1521620480669
connected to auth! from local port 34062
received auth hello!
{ authId: 502, nonce: <Buffer 25 b7 e6 2e f2 27 69 ad> }
received session key response encrypted with distribution key
replyNonce in sessionKeyResp: <Buffer 1c 1e 20 2c 8b 1b 8b cb>
auth nonce verified
handleSessionKeyResp: session key request succeeded! authFailureCount: 0
received 1 keys
currentSessionKey: [object Object]
Status: Secure connection closed before starting a new connection.
Session protocol: TCP
chosen commSessionKey: 
{ id: 50201672,
  cipherKeyVal: <Buffer 3d 60 99 cd 5c 0b f9 a6 37 9a ec f6 ef 08 ed ce>,
  macKeyVal: <Buffer 85 dc c7 0e d3 8e fa a8 5e 24 f4 fd 02 fd 76 2e 1d 20 df de c6 d9 a9 d6 73 4c c7 90 f4 40 d5 d5>,
  absValidity: 2018-03-22T08:21:24.492Z,
  relValidity: 7200000 }
options
{ serverHost: '10.0.1.34',
  serverPort: 22100,
  sessionKey: 
   { id: 50201672,
     cipherKeyVal: <Buffer 3d 60 99 cd 5c 0b f9 a6 37 9a ec f6 ef 08 ed ce>,
     macKeyVal: <Buffer 85 dc c7 0e d3 8e fa a8 5e 24 f4 fd 02 fd 76 2e 1d 20 df de c6 d9 a9 d6 73 4c c7 90 f4 40 d5 d5>,
     absValidity: 2018-03-22T08:21:24.492Z,
     relValidity: 7200000 },
  sessionCryptoSpec: { cipher: 'AES-128-CBC', mac: 'SHA256' },
  sessionProtocol: 'TCP',
  handshakeTimeout: 50000 }
chosen nonce: <Buffer a4 c6 3e 4c 3e 3e d5 85>
switching to HANDSHAKE_1_SENT
disconnected from auth
Handler: secure connection with the server closed.
received session key handshake2!
client ret: [object Object]
server authenticated/authorized by solving nonce!
Handler: communication initialization succeeded
file data length: 1024
sending at Wed Mar 21 2018 08:21:36 GMT+0000 (UTC)
switching to IN_COMM
received secure communication message!
Received seqNum: 0
Handler: data received from server via secure communication
data1
Resp-actual/expected/ratio/ts: 19 19 1 1521620496834
Distribution protocol: TCP
Resp-actual/expected/ratio/ts: 19 20 0.95 1521620540713
connected to auth! from local port 34222
received auth hello!
{ authId: 502, nonce: <Buffer bd e9 d4 b7 3a ce cc 1a> }
received session key response encrypted with distribution key
replyNonce in sessionKeyResp: <Buffer d7 9b 7d af 38 15 51 86>
auth nonce verified
handleSessionKeyResp: session key request succeeded! authFailureCount: 0
received 1 keys
currentSessionKey: [object Object]
Status: Secure connection closed before starting a new connection.
Session protocol: TCP
chosen commSessionKey: 
{ id: 50201688,
  cipherKeyVal: <Buffer e1 75 d8 0b b1 50 da 3a 67 a2 8d 29 61 05 a9 d2>,
  macKeyVal: <Buffer 7e 82 31 51 20 c9 93 f1 70 16 53 38 3c 77 9e a4 e2 c5 62 c1 ee 44 3a 1f c7 c0 9d f5 7c ee e9 41>,
  absValidity: 2018-03-22T08:22:22.032Z,
  relValidity: 7200000 }
options
{ serverHost: '10.0.1.34',
  serverPort: 22100,
  sessionKey: 
   { id: 50201688,
     cipherKeyVal: <Buffer e1 75 d8 0b b1 50 da 3a 67 a2 8d 29 61 05 a9 d2>,
     macKeyVal: <Buffer 7e 82 31 51 20 c9 93 f1 70 16 53 38 3c 77 9e a4 e2 c5 62 c1 ee 44 3a 1f c7 c0 9d f5 7c ee e9 41>,
     absValidity: 2018-03-22T08:22:22.032Z,
     relValidity: 7200000 },
  sessionCryptoSpec: { cipher: 'AES-128-CBC', mac: 'SHA256' },
  sessionProtocol: 'TCP',
  handshakeTimeout: 50000 }
chosen nonce: <Buffer 38 92 f5 b4 c6 05 99 4b>
switching to HANDSHAKE_1_SENT
disconnected from auth
Handler: secure connection with the server closed.
received session key handshake2!
client ret: [object Object]
server authenticated/authorized by solving nonce!
Handler: communication initialization succeeded
file data length: 1024
sending at Wed Mar 21 2018 08:22:24 GMT+0000 (UTC)
switching to IN_COMM
received secure communication message!
Received seqNum: 0
Handler: data received from server via secure communication
data1
Resp-actual/expected/ratio/ts: 20 20 1 1521620544477
Distribution protocol: TCP
Resp-actual/expected/ratio/ts: 20 21 0.9523809523809523 1521620600725
connected to auth! from local port 34376
received auth hello!
{ authId: 502, nonce: <Buffer ca 9e 60 b3 94 c3 14 1b> }
received session key response encrypted with distribution key
replyNonce in sessionKeyResp: <Buffer 33 dd a9 b1 e3 99 c1 c5>
auth nonce verified
handleSessionKeyResp: session key request succeeded! authFailureCount: 0
received 1 keys
currentSessionKey: [object Object]
Status: Secure connection closed before starting a new connection.
Session protocol: TCP
chosen commSessionKey: 
{ id: 50201706,
  cipherKeyVal: <Buffer 90 c0 1d 38 d5 f9 d3 80 da b3 5b 96 ff 80 be 17>,
  macKeyVal: <Buffer 6b 2f c3 d0 70 3f 9d 4b 75 8b 2b 8b 7e 52 c1 9b 7e 56 97 5a fe c1 5d ed 0f a4 81 f7 79 3b 2d 75>,
  absValidity: 2018-03-22T08:23:32.344Z,
  relValidity: 7200000 }
options
{ serverHost: '10.0.1.34',
  serverPort: 22100,
  sessionKey: 
   { id: 50201706,
     cipherKeyVal: <Buffer 90 c0 1d 38 d5 f9 d3 80 da b3 5b 96 ff 80 be 17>,
     macKeyVal: <Buffer 6b 2f c3 d0 70 3f 9d 4b 75 8b 2b 8b 7e 52 c1 9b 7e 56 97 5a fe c1 5d ed 0f a4 81 f7 79 3b 2d 75>,
     absValidity: 2018-03-22T08:23:32.344Z,
     relValidity: 7200000 },
  sessionCryptoSpec: { cipher: 'AES-128-CBC', mac: 'SHA256' },
  sessionProtocol: 'TCP',
  handshakeTimeout: 50000 }
chosen nonce: <Buffer ae 0a 94 89 08 82 13 bb>
switching to HANDSHAKE_1_SENT
disconnected from auth
Handler: secure connection with the server closed.
received session key handshake2!
client ret: [object Object]
server authenticated/authorized by solving nonce!
Handler: communication initialization succeeded
file data length: 1024
sending at Wed Mar 21 2018 08:23:37 GMT+0000 (UTC)
switching to IN_COMM
received secure communication message!
Received seqNum: 0
Handler: data received from server via secure communication
data1
Resp-actual/expected/ratio/ts: 21 21 1 1521620617848
Distribution protocol: TCP
Resp-actual/expected/ratio/ts: 21 22 0.9545454545454546 1521620660768
connected to auth! from local port 34536
received auth hello!
{ authId: 502, nonce: <Buffer 13 99 5d 54 98 90 ce 20> }
received session key response encrypted with distribution key
replyNonce in sessionKeyResp: <Buffer b1 07 d1 e1 f6 5b 9e 65>
auth nonce verified
handleSessionKeyResp: session key request succeeded! authFailureCount: 0
received 1 keys
currentSessionKey: [object Object]
Status: Secure connection closed before starting a new connection.
Session protocol: TCP
chosen commSessionKey: 
{ id: 50201720,
  cipherKeyVal: <Buffer 93 ea f5 60 66 22 e1 ef cb e9 13 01 73 55 3b 12>,
  macKeyVal: <Buffer 8c 10 b4 ad 40 6e 6f 86 a4 36 0d 26 1f 9e 27 e8 5e 48 fe 7f 5f 2b 94 de f2 3d 24 fa b6 ca 2f 43>,
  absValidity: 2018-03-22T08:24:22.159Z,
  relValidity: 7200000 }
options
{ serverHost: '10.0.1.34',
  serverPort: 22100,
  sessionKey: 
   { id: 50201720,
     cipherKeyVal: <Buffer 93 ea f5 60 66 22 e1 ef cb e9 13 01 73 55 3b 12>,
     macKeyVal: <Buffer 8c 10 b4 ad 40 6e 6f 86 a4 36 0d 26 1f 9e 27 e8 5e 48 fe 7f 5f 2b 94 de f2 3d 24 fa b6 ca 2f 43>,
     absValidity: 2018-03-22T08:24:22.159Z,
     relValidity: 7200000 },
  sessionCryptoSpec: { cipher: 'AES-128-CBC', mac: 'SHA256' },
  sessionProtocol: 'TCP',
  handshakeTimeout: 50000 }
chosen nonce: <Buffer 97 a5 61 ea e9 dc a9 e1>
switching to HANDSHAKE_1_SENT
disconnected from auth
Handler: secure connection with the server closed.
received session key handshake2!
client ret: [object Object]
server authenticated/authorized by solving nonce!
Handler: communication initialization succeeded
file data length: 1024
sending at Wed Mar 21 2018 08:24:24 GMT+0000 (UTC)
switching to IN_COMM
received secure communication message!
Received seqNum: 0
Handler: data received from server via secure communication
data1
Resp-actual/expected/ratio/ts: 22 22 1 1521620664537
Distribution protocol: TCP
Resp-actual/expected/ratio/ts: 22 23 0.9565217391304348 1521620720825
connected to auth! from local port 34690
received auth hello!
{ authId: 502, nonce: <Buffer f2 53 f1 62 18 7d fa 3a> }
received session key response encrypted with distribution key
replyNonce in sessionKeyResp: <Buffer f5 ea a9 74 c1 e0 c8 b9>
auth nonce verified
handleSessionKeyResp: session key request succeeded! authFailureCount: 0
received 1 keys
currentSessionKey: [object Object]
Status: Secure connection closed before starting a new connection.
Session protocol: TCP
chosen commSessionKey: 
{ id: 50201738,
  cipherKeyVal: <Buffer fc f0 28 1b 42 b4 87 dc 65 89 26 32 97 99 bc aa>,
  macKeyVal: <Buffer f8 da f5 42 d9 05 4c 5d 1a e2 92 78 8f cd 58 0b 67 d2 0f 6d 03 38 54 fd be 3f 9b 0d 9e 22 67 a8>,
  absValidity: 2018-03-22T08:25:32.222Z,
  relValidity: 7200000 }
options
{ serverHost: '10.0.1.34',
  serverPort: 22100,
  sessionKey: 
   { id: 50201738,
     cipherKeyVal: <Buffer fc f0 28 1b 42 b4 87 dc 65 89 26 32 97 99 bc aa>,
     macKeyVal: <Buffer f8 da f5 42 d9 05 4c 5d 1a e2 92 78 8f cd 58 0b 67 d2 0f 6d 03 38 54 fd be 3f 9b 0d 9e 22 67 a8>,
     absValidity: 2018-03-22T08:25:32.222Z,
     relValidity: 7200000 },
  sessionCryptoSpec: { cipher: 'AES-128-CBC', mac: 'SHA256' },
  sessionProtocol: 'TCP',
  handshakeTimeout: 50000 }
disconnected from auth
chosen nonce: <Buffer ac af 79 31 77 b9 b7 77>
switching to HANDSHAKE_1_SENT
Handler: secure connection with the server closed.
received session key handshake2!
client ret: [object Object]
server authenticated/authorized by solving nonce!
Handler: communication initialization succeeded
file data length: 1024
sending at Wed Mar 21 2018 08:25:37 GMT+0000 (UTC)
switching to IN_COMM
received secure communication message!
Received seqNum: 0
Handler: data received from server via secure communication
data1
Resp-actual/expected/ratio/ts: 23 23 1 1521620738150
Distribution protocol: TCP
Resp-actual/expected/ratio/ts: 23 24 0.9583333333333334 1521620780869
connected to auth! from local port 34850
received auth hello!
{ authId: 502, nonce: <Buffer 13 4e cc 77 40 66 77 0b> }
received session key response encrypted with distribution key
replyNonce in sessionKeyResp: <Buffer 23 57 df 97 38 6a 79 56>
auth nonce verified
handleSessionKeyResp: session key request succeeded! authFailureCount: 0
received 1 keys
currentSessionKey: [object Object]
Status: Secure connection closed before starting a new connection.
Session protocol: TCP
chosen commSessionKey: 
{ id: 50201752,
  cipherKeyVal: <Buffer 4e 1a 9b 01 b3 34 48 e1 cd 10 a5 78 11 db ea 51>,
  macKeyVal: <Buffer d6 54 c6 23 25 36 fd 16 16 2c c8 51 5d d2 a2 31 fd 54 56 e1 62 43 c0 a7 ca f2 ff 8d 97 27 c8 98>,
  absValidity: 2018-03-22T08:26:22.232Z,
  relValidity: 7200000 }
options
{ serverHost: '10.0.1.34',
  serverPort: 22100,
  sessionKey: 
   { id: 50201752,
     cipherKeyVal: <Buffer 4e 1a 9b 01 b3 34 48 e1 cd 10 a5 78 11 db ea 51>,
     macKeyVal: <Buffer d6 54 c6 23 25 36 fd 16 16 2c c8 51 5d d2 a2 31 fd 54 56 e1 62 43 c0 a7 ca f2 ff 8d 97 27 c8 98>,
     absValidity: 2018-03-22T08:26:22.232Z,
     relValidity: 7200000 },
  sessionCryptoSpec: { cipher: 'AES-128-CBC', mac: 'SHA256' },
  sessionProtocol: 'TCP',
  handshakeTimeout: 50000 }
chosen nonce: <Buffer b4 0f 36 3a 81 35 56 37>
switching to HANDSHAKE_1_SENT
disconnected from auth
Handler: secure connection with the server closed.
received session key handshake2!
client ret: [object Object]
server authenticated/authorized by solving nonce!
Handler: communication initialization succeeded
file data length: 1024
sending at Wed Mar 21 2018 08:26:24 GMT+0000 (UTC)
switching to IN_COMM
received secure communication message!
Received seqNum: 0
Handler: data received from server via secure communication
data1
Resp-actual/expected/ratio/ts: 24 24 1 1521620784649
Distribution protocol: TCP
Resp-actual/expected/ratio/ts: 24 25 0.96 1521620840925
connected to auth! from local port 35004
received auth hello!
{ authId: 502, nonce: <Buffer b6 ed 76 01 44 f4 b5 b8> }
received session key response encrypted with distribution key
replyNonce in sessionKeyResp: <Buffer 7e 74 00 ee fc b5 36 c5>
auth nonce verified
handleSessionKeyResp: session key request succeeded! authFailureCount: 0
received 1 keys
currentSessionKey: [object Object]
Status: Secure connection closed before starting a new connection.
Session protocol: TCP
chosen commSessionKey: 
{ id: 50201770,
  cipherKeyVal: <Buffer e2 fa 48 ba b7 d0 ba 22 07 96 a4 d9 81 98 f9 31>,
  macKeyVal: <Buffer 6c dc 6d 5a 1d 65 b0 bc 0f 97 e0 25 77 f8 83 1b 14 a8 30 54 4a 89 a4 83 a7 3a c4 ec c7 73 3b 44>,
  absValidity: 2018-03-22T08:27:32.522Z,
  relValidity: 7200000 }
options
{ serverHost: '10.0.1.34',
  serverPort: 22100,
  sessionKey: 
   { id: 50201770,
     cipherKeyVal: <Buffer e2 fa 48 ba b7 d0 ba 22 07 96 a4 d9 81 98 f9 31>,
     macKeyVal: <Buffer 6c dc 6d 5a 1d 65 b0 bc 0f 97 e0 25 77 f8 83 1b 14 a8 30 54 4a 89 a4 83 a7 3a c4 ec c7 73 3b 44>,
     absValidity: 2018-03-22T08:27:32.522Z,
     relValidity: 7200000 },
  sessionCryptoSpec: { cipher: 'AES-128-CBC', mac: 'SHA256' },
  sessionProtocol: 'TCP',
  handshakeTimeout: 50000 }
chosen nonce: <Buffer a5 dc a0 96 74 c0 c0 a9>
switching to HANDSHAKE_1_SENT
disconnected from auth
Handler: secure connection with the server closed.
received session key handshake2!
client ret: [object Object]
server authenticated/authorized by solving nonce!
Handler: communication initialization succeeded
file data length: 1024
sending at Wed Mar 21 2018 08:27:37 GMT+0000 (UTC)
switching to IN_COMM
received secure communication message!
Received seqNum: 0
Handler: data received from server via secure communication
data1
Resp-actual/expected/ratio/ts: 25 25 1 1521620858320
Distribution protocol: TCP
Resp-actual/expected/ratio/ts: 25 26 0.9615384615384616 1521620900968
connected to auth! from local port 35164
received auth hello!
{ authId: 502, nonce: <Buffer 5a b6 60 ab 75 a6 ba 44> }
received session key response encrypted with distribution key
replyNonce in sessionKeyResp: <Buffer 89 c4 6f b6 a0 17 6e a4>
auth nonce verified
handleSessionKeyResp: session key request succeeded! authFailureCount: 0
received 1 keys
currentSessionKey: [object Object]
Status: Secure connection closed before starting a new connection.
Session protocol: TCP
chosen commSessionKey: 
{ id: 50201784,
  cipherKeyVal: <Buffer 97 3d 9a 8f d3 f4 c6 72 46 7d 4f 65 c3 0b b2 c1>,
  macKeyVal: <Buffer 7f e1 ca 4e 80 56 39 86 87 ae 16 71 10 3e 7a 4b 43 77 2a e0 16 f5 40 30 eb 9a 62 ae fc 1a 34 68>,
  absValidity: 2018-03-22T08:28:22.355Z,
  relValidity: 7200000 }
options
{ serverHost: '10.0.1.34',
  serverPort: 22100,
  sessionKey: 
   { id: 50201784,
     cipherKeyVal: <Buffer 97 3d 9a 8f d3 f4 c6 72 46 7d 4f 65 c3 0b b2 c1>,
     macKeyVal: <Buffer 7f e1 ca 4e 80 56 39 86 87 ae 16 71 10 3e 7a 4b 43 77 2a e0 16 f5 40 30 eb 9a 62 ae fc 1a 34 68>,
     absValidity: 2018-03-22T08:28:22.355Z,
     relValidity: 7200000 },
  sessionCryptoSpec: { cipher: 'AES-128-CBC', mac: 'SHA256' },
  sessionProtocol: 'TCP',
  handshakeTimeout: 50000 }
chosen nonce: <Buffer 16 22 e6 9a 39 3d 27 d1>
switching to HANDSHAKE_1_SENT
disconnected from auth
Handler: secure connection with the server closed.
received session key handshake2!
client ret: [object Object]
server authenticated/authorized by solving nonce!
Handler: communication initialization succeeded
file data length: 1024
sending at Wed Mar 21 2018 08:28:24 GMT+0000 (UTC)
switching to IN_COMM
received secure communication message!
Received seqNum: 0
Handler: data received from server via secure communication
data1
Resp-actual/expected/ratio/ts: 26 26 1 1521620904742
Distribution protocol: TCP
Resp-actual/expected/ratio/ts: 26 27 0.9629629629629629 1521620961024
connected to auth! from local port 35320
received auth hello!
{ authId: 502, nonce: <Buffer 98 63 02 5e f7 b8 ff 78> }
received session key response encrypted with distribution key
replyNonce in sessionKeyResp: <Buffer bc a2 70 81 4d 93 0c 9a>
auth nonce verified
handleSessionKeyResp: session key request succeeded! authFailureCount: 0
received 1 keys
currentSessionKey: [object Object]
Status: Secure connection closed before starting a new connection.
Session protocol: TCP
chosen commSessionKey: 
{ id: 50201800,
  cipherKeyVal: <Buffer dd e2 07 a5 2e 0d 85 59 62 fa 6d 1c 40 5e 47 33>,
  macKeyVal: <Buffer ea bb 5d bb 87 98 4a 5d b6 e0 fb 47 7d d4 0c de 92 84 68 37 22 24 2d 36 39 80 26 6b ea ef 03 be>,
  absValidity: 2018-03-22T08:29:24.463Z,
  relValidity: 7200000 }
options
{ serverHost: '10.0.1.34',
  serverPort: 22100,
  sessionKey: 
   { id: 50201800,
     cipherKeyVal: <Buffer dd e2 07 a5 2e 0d 85 59 62 fa 6d 1c 40 5e 47 33>,
     macKeyVal: <Buffer ea bb 5d bb 87 98 4a 5d b6 e0 fb 47 7d d4 0c de 92 84 68 37 22 24 2d 36 39 80 26 6b ea ef 03 be>,
     absValidity: 2018-03-22T08:29:24.463Z,
     relValidity: 7200000 },
  sessionCryptoSpec: { cipher: 'AES-128-CBC', mac: 'SHA256' },
  sessionProtocol: 'TCP',
  handshakeTimeout: 50000 }
chosen nonce: <Buffer d0 df 00 8b e2 27 0e 16>
switching to HANDSHAKE_1_SENT
disconnected from auth
Handler: secure connection with the server closed.
received session key handshake2!
client ret: [object Object]
server authenticated/authorized by solving nonce!
Handler: communication initialization succeeded
file data length: 1024
sending at Wed Mar 21 2018 08:29:33 GMT+0000 (UTC)
switching to IN_COMM
received secure communication message!
Received seqNum: 0
Handler: data received from server via secure communication
data1
Resp-actual/expected/ratio/ts: 27 27 1 1521620973455
Distribution protocol: TCP
Resp-actual/expected/ratio/ts: 27 28 0.9642857142857143 1521621021072
connected to auth! from local port 35470
received auth hello!
{ authId: 502, nonce: <Buffer c3 40 c7 36 ef 63 f0 19> }
received session key response encrypted with distribution key
replyNonce in sessionKeyResp: <Buffer ef d7 bb 39 51 7b d1 8a>
auth nonce verified
handleSessionKeyResp: session key request succeeded! authFailureCount: 0
received 1 keys
currentSessionKey: [object Object]
Status: Secure connection closed before starting a new connection.
Session protocol: TCP
chosen commSessionKey: 
{ id: 50201818,
  cipherKeyVal: <Buffer 49 94 5c 36 7f 2a 8f 41 3e 6d 13 4b 70 fc a5 99>,
  macKeyVal: <Buffer 98 b0 94 45 2a 0b 07 19 60 48 18 94 54 96 98 a0 88 a9 c6 b8 e5 1e 8c 6b e6 86 22 d4 29 ef b1 35>,
  absValidity: 2018-03-22T08:30:32.714Z,
  relValidity: 7200000 }
options
{ serverHost: '10.0.1.34',
  serverPort: 22100,
  sessionKey: 
   { id: 50201818,
     cipherKeyVal: <Buffer 49 94 5c 36 7f 2a 8f 41 3e 6d 13 4b 70 fc a5 99>,
     macKeyVal: <Buffer 98 b0 94 45 2a 0b 07 19 60 48 18 94 54 96 98 a0 88 a9 c6 b8 e5 1e 8c 6b e6 86 22 d4 29 ef b1 35>,
     absValidity: 2018-03-22T08:30:32.714Z,
     relValidity: 7200000 },
  sessionCryptoSpec: { cipher: 'AES-128-CBC', mac: 'SHA256' },
  sessionProtocol: 'TCP',
  handshakeTimeout: 50000 }
chosen nonce: <Buffer 7a 35 10 ac 6b fa 82 ae>
switching to HANDSHAKE_1_SENT
disconnected from auth
Handler: secure connection with the server closed.
received session key handshake2!
client ret: [object Object]
server authenticated/authorized by solving nonce!
Handler: communication initialization succeeded
file data length: 1024
sending at Wed Mar 21 2018 08:30:38 GMT+0000 (UTC)
switching to IN_COMM
received secure communication message!
Received seqNum: 0
Handler: data received from server via secure communication
data1
Resp-actual/expected/ratio/ts: 28 28 1 1521621038303
Distribution protocol: TCP
Resp-actual/expected/ratio/ts: 28 29 0.9655172413793104 1521621081116
connected to auth! from local port 35594
received auth hello!
{ authId: 502, nonce: <Buffer b0 98 3f c8 95 05 38 63> }
received session key response encrypted with distribution key
replyNonce in sessionKeyResp: <Buffer 3b a2 15 d7 23 ab d8 53>
auth nonce verified
handleSessionKeyResp: session key request succeeded! authFailureCount: 0
received 1 keys
currentSessionKey: [object Object]
Status: Secure connection closed before starting a new connection.
Session protocol: TCP
chosen commSessionKey: 
{ id: 50201834,
  cipherKeyVal: <Buffer a0 1d 03 b8 08 7f ee 87 98 4f c2 2a e7 99 79 a6>,
  macKeyVal: <Buffer 75 96 4e 3d ef dd 99 42 1e da f0 7e 80 a9 21 a2 0d 40 ef 7f c1 db 0d a2 8a f2 e1 e1 20 b6 53 ea>,
  absValidity: 2018-03-22T08:31:32.779Z,
  relValidity: 7200000 }
options
{ serverHost: '10.0.1.34',
  serverPort: 22100,
  sessionKey: 
   { id: 50201834,
     cipherKeyVal: <Buffer a0 1d 03 b8 08 7f ee 87 98 4f c2 2a e7 99 79 a6>,
     macKeyVal: <Buffer 75 96 4e 3d ef dd 99 42 1e da f0 7e 80 a9 21 a2 0d 40 ef 7f c1 db 0d a2 8a f2 e1 e1 20 b6 53 ea>,
     absValidity: 2018-03-22T08:31:32.779Z,
     relValidity: 7200000 },
  sessionCryptoSpec: { cipher: 'AES-128-CBC', mac: 'SHA256' },
  sessionProtocol: 'TCP',
  handshakeTimeout: 50000 }
chosen nonce: <Buffer 4b 05 c5 68 01 7e e7 ef>
switching to HANDSHAKE_1_SENT
disconnected from auth
Handler: secure connection with the server closed.
received session key handshake2!
client ret: [object Object]
server authenticated/authorized by solving nonce!
Handler: communication initialization succeeded
file data length: 1024
sending at Wed Mar 21 2018 08:31:36 GMT+0000 (UTC)
switching to IN_COMM
received secure communication message!
Received seqNum: 0
Handler: data received from server via secure communication
data1
Resp-actual/expected/ratio/ts: 29 29 1 1521621096957
