changing working directory to: /home/hokeunkim/Development/iotauth/entity/node/example_entities
loading from config file: /home/hokeunkim/Development/iotauth_experiments/experiments/ccs2017/expOptions/expEntity.option
Experimental options for autoClient: { autoSendPeriod: 60000,
  useSameSessionKeyCount: 1,
  connectionTimeout: 50000,
  migrationEnabled: true,
  authFailureThreshold: 2,
  migrationFailureThreshold: 2 }
loading from config file: /home/hokeunkim/Development/iotauth/entity/node/example_entities/configs/Clients/c526.config
initializing...
current parameters: { numKeysPerRequest: 3,
  migrationEnabled: false,
  authFailureThreshold: 3,
  migrationFailureThreshold: 3 }
current parameters: { numKeysPerRequest: 1,
  migrationEnabled: false,
  authFailureThreshold: 3,
  migrationFailureThreshold: 3 }
current parameters: { numKeysPerRequest: 1,
  migrationEnabled: true,
  authFailureThreshold: 3,
  migrationFailureThreshold: 3 }
current parameters: { numKeysPerRequest: 1,
  migrationEnabled: true,
  authFailureThreshold: 2,
  migrationFailureThreshold: 3 }
current parameters: { numKeysPerRequest: 1,
  migrationEnabled: true,
  authFailureThreshold: 2,
  migrationFailureThreshold: 2 }
current entityInfo: { name: 'c526',
  group: 'Clients',
  distProtocol: 'TCP',
  usePermanentDistKey: false,
  connectionTimeout: 50000,
  privateKey: <Buffer 2d 2d 2d 2d 2d 42 45 47 49 4e 20 52 53 41 20 50 52 49 56 41 54 45 20 4b 45 59 2d 2d 2d 2d 2d 0a 4d 49 49 45 6f 77 49 42 41 41 4b 43 41 51 45 41 32 4b ... > }
Distribution protocol: TCP
Resp-actual/expected/ratio/ts: 0 1 0 1535349592024
connected to auth! from local port 39000
received auth hello!
{ authId: 504, nonce: <Buffer a3 a2 fc 0b 75 8b e6 2c> }
received session key response with distribution key attached!
auth signature verified
replyNonce in sessionKeyResp: <Buffer 95 7b 93 9b d6 34 3f f7>
auth nonce verified
handleSessionKeyResp: session key request succeeded! authFailureCount: 0
updating distribution key: { cipherKeyVal: <Buffer 02 c3 38 94 a1 07 9e c5 d1 fc 9e df 63 af 7d 64>,
  macKeyVal: <Buffer 7b 4d 37 1d 2d 84 b8 f4 df 65 70 be 01 d4 99 94 e4 f6 c2 f9 68 3f 77 f5 6f 7e 53 e1 bc 5c 69 42>,
  absValidity: 2018-08-27T06:59:55.420Z }
received 1 keys
currentSessionKey: [object Object]
Session protocol: TCP
chosen commSessionKey: 
{ id: 50400045,
  cipherKeyVal: <Buffer 42 40 f3 87 f2 24 83 66 22 d7 bc 00 11 89 28 78>,
  macKeyVal: <Buffer ae 23 da 67 0b b7 12 da 38 70 5a 2f bb 86 bf c8 90 2c 07 8c 8c 59 2d b3 3e 04 d2 4b e6 e6 e5 e4>,
  absValidity: 2018-08-28T05:59:55.420Z,
  relValidity: 7200000 }
options
{ serverHost: '10.0.1.42',
  serverPort: 22100,
  sessionKey: 
   { id: 50400045,
     cipherKeyVal: <Buffer 42 40 f3 87 f2 24 83 66 22 d7 bc 00 11 89 28 78>,
     macKeyVal: <Buffer ae 23 da 67 0b b7 12 da 38 70 5a 2f bb 86 bf c8 90 2c 07 8c 8c 59 2d b3 3e 04 d2 4b e6 e6 e5 e4>,
     absValidity: 2018-08-28T05:59:55.420Z,
     relValidity: 7200000 },
  sessionCryptoSpec: { cipher: 'AES-128-CBC', mac: 'SHA256' },
  sessionProtocol: 'TCP',
  handshakeTimeout: 50000 }
disconnected from auth
chosen nonce: <Buffer 81 dd dc c4 15 a8 6b 78>
switching to HANDSHAKE_1_SENT
received session key handshake2!
client ret: [object Object]
server authenticated/authorized by solving nonce!
Handler: communication initialization succeeded
file data length: 1024
sending at Mon Aug 27 2018 05:59:58 GMT+0000 (UTC)
switching to IN_COMM
received secure communication message!
Received seqNum: 0
Handler: data received from server via secure communication
data1
Resp-actual/expected/ratio/ts: 1 1 1 1535349598701
Distribution protocol: TCP
Resp-actual/expected/ratio/ts: 1 2 0.5 1535349652076
connected to auth! from local port 39270
received auth hello!
{ authId: 504, nonce: <Buffer 65 9f 54 9b 3d 80 c3 05> }
received session key response encrypted with distribution key
replyNonce in sessionKeyResp: <Buffer 89 8e 41 6b 77 18 b9 67>
auth nonce verified
handleSessionKeyResp: session key request succeeded! authFailureCount: 0
received 1 keys
currentSessionKey: [object Object]
Status: Secure connection closed before starting a new connection.
Session protocol: TCP
chosen commSessionKey: 
{ id: 50400051,
  cipherKeyVal: <Buffer da 50 48 bd a3 0b cc 81 94 74 7a 4b 8c 4e 67 38>,
  macKeyVal: <Buffer 48 98 b0 3d bc fb 2a e0 26 47 3c f1 36 63 1b 54 44 d9 c3 4f a3 dd 07 12 33 5f e8 2d 6d a9 02 1d>,
  absValidity: 2018-08-28T06:00:55.156Z,
  relValidity: 7200000 }
options
{ serverHost: '10.0.1.42',
  serverPort: 22100,
  sessionKey: 
   { id: 50400051,
     cipherKeyVal: <Buffer da 50 48 bd a3 0b cc 81 94 74 7a 4b 8c 4e 67 38>,
     macKeyVal: <Buffer 48 98 b0 3d bc fb 2a e0 26 47 3c f1 36 63 1b 54 44 d9 c3 4f a3 dd 07 12 33 5f e8 2d 6d a9 02 1d>,
     absValidity: 2018-08-28T06:00:55.156Z,
     relValidity: 7200000 },
  sessionCryptoSpec: { cipher: 'AES-128-CBC', mac: 'SHA256' },
  sessionProtocol: 'TCP',
  handshakeTimeout: 50000 }
disconnected from auth
chosen nonce: <Buffer a6 50 e0 3d 54 b9 ef 2c>
switching to HANDSHAKE_1_SENT
Handler: secure connection with the server closed.
received session key handshake2!
client ret: [object Object]
server authenticated/authorized by solving nonce!
Handler: communication initialization succeeded
file data length: 1024
sending at Mon Aug 27 2018 06:00:58 GMT+0000 (UTC)
switching to IN_COMM
received secure communication message!
Received seqNum: 0
Handler: data received from server via secure communication
data1
Resp-actual/expected/ratio/ts: 2 2 1 1535349658507
Distribution protocol: TCP
Resp-actual/expected/ratio/ts: 2 3 0.6666666666666666 1535349712131
connected to auth! from local port 39540
received auth hello!
{ authId: 504, nonce: <Buffer 13 1e 1c 92 3b b3 9a d3> }
received session key response encrypted with distribution key
replyNonce in sessionKeyResp: <Buffer 67 24 36 42 d4 66 54 8e>
auth nonce verified
handleSessionKeyResp: session key request succeeded! authFailureCount: 0
received 1 keys
currentSessionKey: [object Object]
Status: Secure connection closed before starting a new connection.
Session protocol: TCP
chosen commSessionKey: 
{ id: 50400057,
  cipherKeyVal: <Buffer 9f 4c a0 9e 8f fb 69 1b ce 3c fb b6 70 8a b4 68>,
  macKeyVal: <Buffer eb 94 7a 47 fe 13 54 b6 3e 9a f4 7c dd 6c 80 42 dd d6 0a 32 d4 4d a0 c6 ca 64 4f eb a8 f1 0e b9>,
  absValidity: 2018-08-28T06:01:55.748Z,
  relValidity: 7200000 }
options
{ serverHost: '10.0.1.42',
  serverPort: 22100,
  sessionKey: 
   { id: 50400057,
     cipherKeyVal: <Buffer 9f 4c a0 9e 8f fb 69 1b ce 3c fb b6 70 8a b4 68>,
     macKeyVal: <Buffer eb 94 7a 47 fe 13 54 b6 3e 9a f4 7c dd 6c 80 42 dd d6 0a 32 d4 4d a0 c6 ca 64 4f eb a8 f1 0e b9>,
     absValidity: 2018-08-28T06:01:55.748Z,
     relValidity: 7200000 },
  sessionCryptoSpec: { cipher: 'AES-128-CBC', mac: 'SHA256' },
  sessionProtocol: 'TCP',
  handshakeTimeout: 50000 }
chosen nonce: <Buffer 2c 8b 95 1d 8c 59 ab 82>
switching to HANDSHAKE_1_SENT
disconnected from auth
Handler: secure connection with the server closed.
received session key handshake2!
client ret: [object Object]
server authenticated/authorized by solving nonce!
Handler: communication initialization succeeded
file data length: 1024
sending at Mon Aug 27 2018 06:01:58 GMT+0000 (UTC)
switching to IN_COMM
received secure communication message!
Received seqNum: 0
Handler: data received from server via secure communication
data1
Resp-actual/expected/ratio/ts: 3 3 1 1535349718550
Distribution protocol: TCP
Resp-actual/expected/ratio/ts: 3 4 0.75 1535349772184
connected to auth! from local port 39810
received auth hello!
{ authId: 504, nonce: <Buffer 42 60 a7 1b 34 94 54 17> }
received session key response encrypted with distribution key
replyNonce in sessionKeyResp: <Buffer d0 68 af b9 2d 62 f1 79>
auth nonce verified
handleSessionKeyResp: session key request succeeded! authFailureCount: 0
received 1 keys
currentSessionKey: [object Object]
Status: Secure connection closed before starting a new connection.
Session protocol: TCP
chosen commSessionKey: 
{ id: 50400063,
  cipherKeyVal: <Buffer 8b 6f e4 ad d1 d7 9a 51 b7 e1 fc fb 7f c9 20 91>,
  macKeyVal: <Buffer d4 06 bb fa d4 56 98 e2 ff c8 ce 39 8e d0 63 e4 ca f5 b8 96 1b 46 ca 84 1e 42 9f 81 6e 6b 83 19>,
  absValidity: 2018-08-28T06:02:55.758Z,
  relValidity: 7200000 }
options
{ serverHost: '10.0.1.42',
  serverPort: 22100,
  sessionKey: 
   { id: 50400063,
     cipherKeyVal: <Buffer 8b 6f e4 ad d1 d7 9a 51 b7 e1 fc fb 7f c9 20 91>,
     macKeyVal: <Buffer d4 06 bb fa d4 56 98 e2 ff c8 ce 39 8e d0 63 e4 ca f5 b8 96 1b 46 ca 84 1e 42 9f 81 6e 6b 83 19>,
     absValidity: 2018-08-28T06:02:55.758Z,
     relValidity: 7200000 },
  sessionCryptoSpec: { cipher: 'AES-128-CBC', mac: 'SHA256' },
  sessionProtocol: 'TCP',
  handshakeTimeout: 50000 }
chosen nonce: <Buffer cf 89 e3 43 e9 ba f8 0a>
switching to HANDSHAKE_1_SENT
disconnected from auth
Handler: secure connection with the server closed.
received session key handshake2!
client ret: [object Object]
server authenticated/authorized by solving nonce!
Handler: communication initialization succeeded
file data length: 1024
sending at Mon Aug 27 2018 06:02:58 GMT+0000 (UTC)
switching to IN_COMM
received secure communication message!
Received seqNum: 0
Handler: data received from server via secure communication
data1
Resp-actual/expected/ratio/ts: 4 4 1 1535349778543
Distribution protocol: TCP
Resp-actual/expected/ratio/ts: 4 5 0.8 1535349832236
connected to auth! from local port 40114
received auth hello!
{ authId: 504, nonce: <Buffer eb 44 21 ad e0 02 b8 af> }
received session key response encrypted with distribution key
replyNonce in sessionKeyResp: <Buffer e4 12 c0 92 cc e3 25 3b>
auth nonce verified
handleSessionKeyResp: session key request succeeded! authFailureCount: 0
received 1 keys
currentSessionKey: [object Object]
Status: Secure connection closed before starting a new connection.
Session protocol: TCP
chosen commSessionKey: 
{ id: 50400069,
  cipherKeyVal: <Buffer 9d 11 b9 6b d9 c6 4b df f9 41 c5 b8 4a fb 64 a6>,
  macKeyVal: <Buffer d0 30 68 78 0d 7d ac e3 65 df 4e 41 e6 01 e3 77 63 67 03 7d 1e 89 e8 14 f1 cd 43 6c ce e4 91 f7>,
  absValidity: 2018-08-28T06:03:55.799Z,
  relValidity: 7200000 }
options
{ serverHost: '10.0.1.42',
  serverPort: 22100,
  sessionKey: 
   { id: 50400069,
     cipherKeyVal: <Buffer 9d 11 b9 6b d9 c6 4b df f9 41 c5 b8 4a fb 64 a6>,
     macKeyVal: <Buffer d0 30 68 78 0d 7d ac e3 65 df 4e 41 e6 01 e3 77 63 67 03 7d 1e 89 e8 14 f1 cd 43 6c ce e4 91 f7>,
     absValidity: 2018-08-28T06:03:55.799Z,
     relValidity: 7200000 },
  sessionCryptoSpec: { cipher: 'AES-128-CBC', mac: 'SHA256' },
  sessionProtocol: 'TCP',
  handshakeTimeout: 50000 }
chosen nonce: <Buffer 65 31 8e fa e5 bb 3c 1d>
switching to HANDSHAKE_1_SENT
disconnected from auth
Handler: secure connection with the server closed.
received session key handshake2!
client ret: [object Object]
server authenticated/authorized by solving nonce!
Handler: communication initialization succeeded
file data length: 1024
sending at Mon Aug 27 2018 06:03:58 GMT+0000 (UTC)
switching to IN_COMM
received secure communication message!
Received seqNum: 0
Handler: data received from server via secure communication
data1
Resp-actual/expected/ratio/ts: 5 5 1 1535349838598
Distribution protocol: TCP
Resp-actual/expected/ratio/ts: 5 6 0.8333333333333334 1535349892288
connected to auth! from local port 40384
Handler: Error in secure comm - details: Disconnected from auth before getting session key response
Handler: Error in secure comm - details: Auth hello timedout ...
Distribution protocol: TCP
Resp-actual/expected/ratio/ts: 5 7 0.7142857142857143 1535349952298
failure in connection with Auth : authFailureCount: 1
Handler: Error in secure comm - details: Error occurred in session key request: Error: connect EHOSTUNREACH 10.0.1.7:21100
Handler: Error in secure comm - details: Auth hello timedout ...
Distribution protocol: TCP
Resp-actual/expected/ratio/ts: 5 8 0.625 1535350012308
failure in connection with Auth : authFailureCount: 2
failure count reached threshold (2), try migration...
In iotAuth.js migrateToTrustedAuth: 
In iotAuthService.js sendMigrationReqViaTCP: 
Handler: Error in secure comm - details: Error occurred in session key request: Error: connect EHOSTUNREACH 10.0.1.7:21100
failure in migration to another Auth : migrationFailureCount: 1
Handler: Error in secure comm - details: Error occurred in migration request: Error: connect EHOSTUNREACH 10.0.1.4:21100
Handler: Error in secure comm - details: Auth hello timedout ...
failure in migration to another Auth : migrationFailureCount: 2
Handler: Error in secure comm - details: Error occurred in migration request: Auth hello timedout ...
Distribution protocol: TCP
Resp-actual/expected/ratio/ts: 5 9 0.5555555555555556 1535350072316
failure in connection with Auth : authFailureCount: 3
failure count reached threshold (2), try migration...
reached migration failure threshold, rotate migration info index from: 0
to: 1
In iotAuth.js migrateToTrustedAuth: 
In iotAuthService.js sendMigrationReqViaTCP: 
Handler: Error in secure comm - details: Error occurred in session key request: Error: connect EHOSTUNREACH 10.0.1.7:21100
connected to auth! from local port 43696
received auth hello!
{ authId: 401, nonce: <Buffer 35 1f 26 41 e6 b3 b6 1d> }
more data will come. current: 1445 expected: 1485
received migration response with signature!
{ version: 2,
  subject: 
   { countryName: 'US',
     stateOrProvinceName: 'CA',
     localityName: 'Berkeley',
     organizationName: 'EECS',
     organizationalUnitName: 'Auth401',
     commonName: '10.0.1.1' },
  issuer: 
   { countryName: 'US',
     stateOrProvinceName: 'CA',
     localityName: 'Berkeley',
     organizationName: 'EECS',
     organizationalUnitName: 'Auth504',
     commonName: '10.0.0.7' },
  serial: '016579F45A7B',
  notBefore: 2018-08-27T05:54:41.000Z,
  notAfter: 2018-08-28T05:56:21.000Z,
  subjectHash: 'de555cae',
  signatureAlgorithm: 'sha256WithRSAEncryption',
  fingerPrint: 'AF:78:15:66:98:5B:17:9B:64:0E:4A:30:48:A9:7B:3D:B7:65:4E:39',
  publicKey: 
   { algorithm: 'rsaEncryption',
     e: '65537',
     n: 'B530B62681E49BA3C59D023490C8FA22CDFCBEFE3C82DDC2EB20C54A7635E97FA277CACAAFFA4C4DBEC0E2EA6A350C5F49F73EAEBB61D517626C1FA825652FB0A97551D2651617F0C6167998928AE18186E89F69062E5E8569B20C127B9042FA49ECA2FAB22ED2362B41A9B317571C989813E9206F9938B6C8292AF7D26C0B7C22AED2002E379FD7C162E804A6EB39BFBAA4070586BEFFCBD2C6013FFA793744F966D931AF04263D6DC1FE3581000CB938A918CB88E7B7578C43239586252B1B7EEC2CF99B24518FC88A87396CBAD7990A8942E64846F37F40959504D5D6CD39533AB9898B84BA00BDBF0D4350CB87DCACD5B4C13EFF5795D7433B531062172F',
     bitSize: 2048 },
  altNames: [],
  extensions: { subjectAlternativeName: 'IP Address:10.0.1.1' } }
null
true
Certificate of new Auth is verified!
Subject information matches Auth ID!
Signature of new Auth is verified.
Auth nonce is verified
migration completed!
new Auth info: !
{ id: 401,
  host: '10.0.1.1',
  port: 21100,
  publicKey: '-----BEGIN CERTIFICATE-----\nMIIDVTCCAj2gAwIBAgIGAWV59Fp7MA0GCSqGSIb3DQEBCwUAMGExCzAJBgNVBAYT\nAlVTMQswCQYDVQQIDAJDQTERMA8GA1UEBwwIQmVya2VsZXkxDTALBgNVBAoMBEVF\nQ1MxEDAOBgNVBAsMB0F1dGg1MDQxETAPBgNVBAMMCDEwLjAuMC43MB4XDTE4MDgy\nNzA1NTQ0MVoXDTE4MDgyODA1NTYyMVowYTELMAkGA1UEBhMCVVMxCzAJBgNVBAgM\nAkNBMREwDwYDVQQHDAhCZXJrZWxleTENMAsGA1UECgwERUVDUzEQMA4GA1UECwwH\nQXV0aDQwMTERMA8GA1UEAwwIMTAuMC4xLjEwggEiMA0GCSqGSIb3DQEBAQUAA4IB\nDwAwggEKAoIBAQC1MLYmgeSbo8WdAjSQyPoizfy+/jyC3cLrIMVKdjXpf6J3ysqv\n+kxNvsDi6mo1DF9J9z6uu2HVF2JsH6glZS+wqXVR0mUWF/DGFnmYkorhgYbon2kG\nLl6FabIMEnuQQvpJ7KL6si7SNitBqbMXVxyYmBPpIG+ZOLbIKSr30mwLfCKu0gAu\nN5/XwWLoBKbrOb+6pAcFhr7/y9LGAT/6eTdE+WbZMa8EJj1twf41gQAMuTipGMuI\n57dXjEMjlYYlKxt+7Cz5myRRj8iKhzlsuteZColC5khG839AlZUE1dbNOVM6uYmL\nhLoAvb8NQ1DLh9ys1bTBPv9XlddDO1MQYhcvAgMBAAGjEzARMA8GA1UdEQQIMAaH\nBAoAAQEwDQYJKoZIhvcNAQELBQADggEBADce2A1FVXgaWojY/xq9ZQWKh5T6TQYt\nGGfH2OpRl2g/+4HI78UgXMgJhhgjjzipPhVirBD9EcbkKNv2SN1mnfg8HYdBWdA+\nVpRJoGCqQBfYsDrOsWqNsx0iWrNe+rtTDE6rmlpl04+jsZ2f1Eo+GEXG+m43FJTz\nGQAHm1k2oo8ewRXs8CchtbWeTJA6A+wo7LqanZi4Z+/jS73g8N45Nyst04cA+3Pr\nWPxXOsY5lrM1nxvmiGGaI0uV/5l9akZAjfhPwU4GNKlk7+8Ocpk3XuJgjmszctGo\nsomnlui5zQDyN7Wz2AlaYT/ximPYURbHyuuIoR5dcmkepLK4h7WQsGs=\n-----END CERTIFICATE-----' }
received migration response, for next round of migration, rotate migration info index from: 1
to: 2
disconnected from auth
Handler: Error in secure comm - details: Auth hello timedout ...
Distribution protocol: TCP
Resp-actual/expected/ratio/ts: 5 10 0.5 1535350132326
connected to auth! from local port 43942
Handler: Error in secure comm - details: Auth hello timedout ...
Distribution protocol: TCP
Resp-actual/expected/ratio/ts: 5 11 0.45454545454545453 1535350192333
connected to auth! from local port 44180
Handler: Error in secure comm - details: Auth hello timedout ...
Distribution protocol: TCP
Resp-actual/expected/ratio/ts: 5 12 0.4166666666666667 1535350252343
connected to auth! from local port 44402
Handler: Error in secure comm - details: Auth hello timedout ...
Distribution protocol: TCP
Resp-actual/expected/ratio/ts: 5 13 0.38461538461538464 1535350312353
connected to auth! from local port 44606
Handler: Error in secure comm - details: Auth hello timedout ...
Distribution protocol: TCP
Resp-actual/expected/ratio/ts: 5 14 0.35714285714285715 1535350372364
connected to auth! from local port 44822
Handler: Error in secure comm - details: Auth hello timedout ...
Distribution protocol: TCP
Resp-actual/expected/ratio/ts: 5 15 0.3333333333333333 1535350432372
connected to auth! from local port 45040
received auth hello!
{ authId: 401, nonce: <Buffer 3f 33 6d ce 26 34 36 c4> }
received session key response with distribution key attached!
auth signature verified
replyNonce in sessionKeyResp: <Buffer ea 7a 37 10 a9 06 28 30>
auth nonce verified
handleSessionKeyResp: session key request succeeded! authFailureCount: 0
updating distribution key: { cipherKeyVal: <Buffer f8 93 ee 91 64 ac 88 ef 40 3a 80 02 af f1 ee 49>,
  macKeyVal: <Buffer 2d 68 e3 02 d2 db 76 64 25 f4 b0 85 10 97 dd 89 5a 55 b1 3a a0 d8 43 5d 72 ea aa f8 02 7a e5 a7>,
  absValidity: 2018-08-27T07:13:52.741Z }
received 1 keys
currentSessionKey: [object Object]
Status: Secure connection closed before starting a new connection.
Session protocol: TCP
chosen commSessionKey: 
{ id: 40100404,
  cipherKeyVal: <Buffer d2 64 87 71 e5 15 b5 a5 bb 81 32 dc 6f fb 2b fb>,
  macKeyVal: <Buffer a7 58 9e ae 5c 03 0d 07 dc 02 e7 8b 14 97 32 b8 84 e6 31 e0 79 7c d0 2d 51 09 06 e2 c8 fc cd 8a>,
  absValidity: 2018-08-28T06:13:52.741Z,
  relValidity: 7200000 }
options
{ serverHost: '10.0.1.42',
  serverPort: 22100,
  sessionKey: 
   { id: 40100404,
     cipherKeyVal: <Buffer d2 64 87 71 e5 15 b5 a5 bb 81 32 dc 6f fb 2b fb>,
     macKeyVal: <Buffer a7 58 9e ae 5c 03 0d 07 dc 02 e7 8b 14 97 32 b8 84 e6 31 e0 79 7c d0 2d 51 09 06 e2 c8 fc cd 8a>,
     absValidity: 2018-08-28T06:13:52.741Z,
     relValidity: 7200000 },
  sessionCryptoSpec: { cipher: 'AES-128-CBC', mac: 'SHA256' },
  sessionProtocol: 'TCP',
  handshakeTimeout: 50000 }
disconnected from auth
chosen nonce: <Buffer a2 ec 41 33 5a 46 86 99>
switching to HANDSHAKE_1_SENT
Handler: secure connection with the server closed.
received session key handshake2!
client ret: [object Object]
server authenticated/authorized by solving nonce!
Handler: communication initialization succeeded
file data length: 1024
sending at Mon Aug 27 2018 06:13:57 GMT+0000 (UTC)
switching to IN_COMM
received secure communication message!
Received seqNum: 0
Handler: data received from server via secure communication
data1
Resp-actual/expected/ratio/ts: 6 15 0.4 1535350437522
Distribution protocol: TCP
Resp-actual/expected/ratio/ts: 6 16 0.375 1535350492378
connected to auth! from local port 45250
received auth hello!
{ authId: 401, nonce: <Buffer 8f 65 97 ff 5b b5 b0 fa> }
received session key response encrypted with distribution key
replyNonce in sessionKeyResp: <Buffer b6 3b ea 3a 04 bd a5 2b>
auth nonce verified
handleSessionKeyResp: session key request succeeded! authFailureCount: 0
received 1 keys
currentSessionKey: [object Object]
Status: Secure connection closed before starting a new connection.
Session protocol: TCP
chosen commSessionKey: 
{ id: 40100416,
  cipherKeyVal: <Buffer c2 19 0c 96 89 48 41 a4 c3 b3 bd 32 95 2e 98 87>,
  macKeyVal: <Buffer ab a5 9b f0 8a b8 46 3d 40 49 be 68 2b 46 00 99 ea 3b 2a 9e e9 40 59 0d 9a f2 1e 4b e2 eb 08 e0>,
  absValidity: 2018-08-28T06:14:54.083Z,
  relValidity: 7200000 }
options
{ serverHost: '10.0.1.42',
  serverPort: 22100,
  sessionKey: 
   { id: 40100416,
     cipherKeyVal: <Buffer c2 19 0c 96 89 48 41 a4 c3 b3 bd 32 95 2e 98 87>,
     macKeyVal: <Buffer ab a5 9b f0 8a b8 46 3d 40 49 be 68 2b 46 00 99 ea 3b 2a 9e e9 40 59 0d 9a f2 1e 4b e2 eb 08 e0>,
     absValidity: 2018-08-28T06:14:54.083Z,
     relValidity: 7200000 },
  sessionCryptoSpec: { cipher: 'AES-128-CBC', mac: 'SHA256' },
  sessionProtocol: 'TCP',
  handshakeTimeout: 50000 }
chosen nonce: <Buffer c4 32 9a e8 e6 65 05 4c>
switching to HANDSHAKE_1_SENT
disconnected from auth
Handler: secure connection with the server closed.
Handler: Error in secure comm - details: Comm init failed: handshake1 timed out ...
Handler: Error in secure comm - details: Comm init failed: disconnected from server during communication initialization.10.0.1.42:undefined
Distribution protocol: TCP
Resp-actual/expected/ratio/ts: 6 17 0.35294117647058826 1535350552384
connected to auth! from local port 45462
received auth hello!
{ authId: 401, nonce: <Buffer c8 87 37 3b bb e3 68 a6> }
received session key response encrypted with distribution key
replyNonce in sessionKeyResp: <Buffer a3 99 0e 79 4c 8b bb e6>
auth nonce verified
handleSessionKeyResp: session key request succeeded! authFailureCount: 0
received 1 keys
currentSessionKey: [object Object]
Status: Secure connection closed before starting a new connection.
Session protocol: TCP
chosen commSessionKey: 
{ id: 40100428,
  cipherKeyVal: <Buffer f4 cd bc 11 23 50 9b 01 8b b6 0b 7a 79 d8 e0 f8>,
  macKeyVal: <Buffer ec 8b 3b a5 df 2e 80 63 d5 3b 68 f6 c3 0b 33 f6 30 05 64 e4 18 9c 68 a7 83 11 f0 b6 5f 63 53 e1>,
  absValidity: 2018-08-28T06:15:54.226Z,
  relValidity: 7200000 }
options
{ serverHost: '10.0.1.42',
  serverPort: 22100,
  sessionKey: 
   { id: 40100428,
     cipherKeyVal: <Buffer f4 cd bc 11 23 50 9b 01 8b b6 0b 7a 79 d8 e0 f8>,
     macKeyVal: <Buffer ec 8b 3b a5 df 2e 80 63 d5 3b 68 f6 c3 0b 33 f6 30 05 64 e4 18 9c 68 a7 83 11 f0 b6 5f 63 53 e1>,
     absValidity: 2018-08-28T06:15:54.226Z,
     relValidity: 7200000 },
  sessionCryptoSpec: { cipher: 'AES-128-CBC', mac: 'SHA256' },
  sessionProtocol: 'TCP',
  handshakeTimeout: 50000 }
chosen nonce: <Buffer 33 42 6c 44 66 e0 f0 ff>
switching to HANDSHAKE_1_SENT
disconnected from auth
received session key handshake2!
client ret: [object Object]
server authenticated/authorized by solving nonce!
Handler: communication initialization succeeded
file data length: 1024
sending at Mon Aug 27 2018 06:15:58 GMT+0000 (UTC)
switching to IN_COMM
received secure communication message!
Received seqNum: 0
Handler: data received from server via secure communication
data1
Resp-actual/expected/ratio/ts: 7 17 0.4117647058823529 1535350559245
Distribution protocol: TCP
Resp-actual/expected/ratio/ts: 7 18 0.3888888888888889 1535350612436
connected to auth! from local port 45694
received auth hello!
{ authId: 401, nonce: <Buffer b3 79 06 b1 37 c2 c7 7c> }
received session key response encrypted with distribution key
replyNonce in sessionKeyResp: <Buffer 96 40 db f0 2d 94 cf 61>
auth nonce verified
handleSessionKeyResp: session key request succeeded! authFailureCount: 0
received 1 keys
currentSessionKey: [object Object]
Status: Secure connection closed before starting a new connection.
Session protocol: TCP
chosen commSessionKey: 
{ id: 40100441,
  cipherKeyVal: <Buffer 04 c3 52 1d 5c 05 e3 49 52 35 43 1b 70 cd 35 f6>,
  macKeyVal: <Buffer a8 c8 73 cc 7f bf d3 cd 08 6b 3a 0e 84 fd a0 7a 5c f6 69 c0 76 bd 82 cd 18 3c 72 ec 10 3b e8 eb>,
  absValidity: 2018-08-28T06:16:54.242Z,
  relValidity: 7200000 }
options
{ serverHost: '10.0.1.42',
  serverPort: 22100,
  sessionKey: 
   { id: 40100441,
     cipherKeyVal: <Buffer 04 c3 52 1d 5c 05 e3 49 52 35 43 1b 70 cd 35 f6>,
     macKeyVal: <Buffer a8 c8 73 cc 7f bf d3 cd 08 6b 3a 0e 84 fd a0 7a 5c f6 69 c0 76 bd 82 cd 18 3c 72 ec 10 3b e8 eb>,
     absValidity: 2018-08-28T06:16:54.242Z,
     relValidity: 7200000 },
  sessionCryptoSpec: { cipher: 'AES-128-CBC', mac: 'SHA256' },
  sessionProtocol: 'TCP',
  handshakeTimeout: 50000 }
chosen nonce: <Buffer df 8d fe fd 61 5d a2 5e>
switching to HANDSHAKE_1_SENT
disconnected from auth
Handler: secure connection with the server closed.
Handler: Error in secure comm - details: Comm init failed: handshake1 timed out ...
Handler: Error in secure comm - details: Comm init failed: disconnected from server during communication initialization.10.0.1.42:undefined
Handler: Error in secure comm - details: Disconnected from auth before getting session key response
Handler: Error in secure comm - details: Disconnected from auth before getting session key response
Distribution protocol: TCP
Resp-actual/expected/ratio/ts: 7 19 0.3684210526315789 1535350672438
connected to auth! from local port 45904
received auth hello!
{ authId: 401, nonce: <Buffer e2 57 d8 ea b3 e4 a7 bf> }
received session key response encrypted with distribution key
replyNonce in sessionKeyResp: <Buffer 84 86 2c d4 66 5c 80 ac>
auth nonce verified
handleSessionKeyResp: session key request succeeded! authFailureCount: 0
received 1 keys
currentSessionKey: [object Object]
Status: Secure connection closed before starting a new connection.
Session protocol: TCP
chosen commSessionKey: 
{ id: 40100454,
  cipherKeyVal: <Buffer 9a 4f fb 44 b1 d9 14 77 4f 41 02 17 75 fe 95 e0>,
  macKeyVal: <Buffer b1 6f 42 da f6 43 3c 6f 47 8f d9 21 e2 27 be 2f a6 ba 19 b4 e1 62 37 b8 6e ac 9a 31 58 3f 1b 84>,
  absValidity: 2018-08-28T06:17:54.527Z,
  relValidity: 7200000 }
options
{ serverHost: '10.0.1.42',
  serverPort: 22100,
  sessionKey: 
   { id: 40100454,
     cipherKeyVal: <Buffer 9a 4f fb 44 b1 d9 14 77 4f 41 02 17 75 fe 95 e0>,
     macKeyVal: <Buffer b1 6f 42 da f6 43 3c 6f 47 8f d9 21 e2 27 be 2f a6 ba 19 b4 e1 62 37 b8 6e ac 9a 31 58 3f 1b 84>,
     absValidity: 2018-08-28T06:17:54.527Z,
     relValidity: 7200000 },
  sessionCryptoSpec: { cipher: 'AES-128-CBC', mac: 'SHA256' },
  sessionProtocol: 'TCP',
  handshakeTimeout: 50000 }
chosen nonce: <Buffer dc 8c 71 4b f1 9a d8 62>
switching to HANDSHAKE_1_SENT
disconnected from auth
Handler: Error in secure comm - details: Disconnected from auth before getting session key response
Handler: Error in secure comm - details: Disconnected from auth before getting session key response
Handler: Error in secure comm - details: Disconnected from auth before getting session key response
received session key handshake2!
client ret: [object Object]
server authenticated/authorized by solving nonce!
Handler: communication initialization succeeded
file data length: 1024
sending at Mon Aug 27 2018 06:17:58 GMT+0000 (UTC)
switching to IN_COMM
received secure communication message!
Received seqNum: 0
Handler: data received from server via secure communication
data1
Resp-actual/expected/ratio/ts: 8 19 0.42105263157894735 1535350679193
Distribution protocol: TCP
Resp-actual/expected/ratio/ts: 8 20 0.4 1535350732469
connected to auth! from local port 46136
Handler: Error in secure comm - details: Auth hello timedout ...
Distribution protocol: TCP
Resp-actual/expected/ratio/ts: 8 21 0.38095238095238093 1535350792476
connected to auth! from local port 46350
Handler: Error in secure comm - details: Auth hello timedout ...
Distribution protocol: TCP
Resp-actual/expected/ratio/ts: 8 22 0.36363636363636365 1535350852486
connected to auth! from local port 46564
Handler: Error in secure comm - details: Auth hello timedout ...
Distribution protocol: TCP
Resp-actual/expected/ratio/ts: 8 23 0.34782608695652173 1535350912496
connected to auth! from local port 46780
Handler: Error in secure comm - details: Auth hello timedout ...
Distribution protocol: TCP
Resp-actual/expected/ratio/ts: 8 24 0.3333333333333333 1535350972504
connected to auth! from local port 47018
Handler: Error in secure comm - details: Auth hello timedout ...
Distribution protocol: TCP
Resp-actual/expected/ratio/ts: 8 25 0.32 1535351032514
connected to auth! from local port 47254
received auth hello!
{ authId: 401, nonce: <Buffer 1d 85 e6 8a d7 66 a2 ed> }
received session key response encrypted with distribution key
replyNonce in sessionKeyResp: <Buffer ca 21 93 ae 10 7d 3b 52>
auth nonce verified
handleSessionKeyResp: session key request succeeded! authFailureCount: 0
received 1 keys
currentSessionKey: [object Object]
Status: Secure connection closed before starting a new connection.
Session protocol: TCP
chosen commSessionKey: 
{ id: 40100527,
  cipherKeyVal: <Buffer 2c 78 de 8d 00 2d 0b 94 88 72 31 95 7d a7 a3 83>,
  macKeyVal: <Buffer 8d ee 7b db 9a 80 7f 7a d9 dc ba 07 65 a6 7c 05 ee b4 23 78 09 f6 1c 63 f0 8d 52 ca 7b 03 aa e2>,
  absValidity: 2018-08-28T06:23:52.991Z,
  relValidity: 7200000 }
options
{ serverHost: '10.0.1.42',
  serverPort: 22100,
  sessionKey: 
   { id: 40100527,
     cipherKeyVal: <Buffer 2c 78 de 8d 00 2d 0b 94 88 72 31 95 7d a7 a3 83>,
     macKeyVal: <Buffer 8d ee 7b db 9a 80 7f 7a d9 dc ba 07 65 a6 7c 05 ee b4 23 78 09 f6 1c 63 f0 8d 52 ca 7b 03 aa e2>,
     absValidity: 2018-08-28T06:23:52.991Z,
     relValidity: 7200000 },
  sessionCryptoSpec: { cipher: 'AES-128-CBC', mac: 'SHA256' },
  sessionProtocol: 'TCP',
  handshakeTimeout: 50000 }
disconnected from auth
chosen nonce: <Buffer 0e f3 0f 88 1f 8c 43 e6>
switching to HANDSHAKE_1_SENT
Handler: secure connection with the server closed.
received session key handshake2!
client ret: [object Object]
server authenticated/authorized by solving nonce!
Handler: communication initialization succeeded
file data length: 1024
sending at Mon Aug 27 2018 06:24:01 GMT+0000 (UTC)
switching to IN_COMM
received secure communication message!
Received seqNum: 0
Handler: data received from server via secure communication
data1
Resp-actual/expected/ratio/ts: 9 25 0.36 1535351041900
Distribution protocol: TCP
Resp-actual/expected/ratio/ts: 9 26 0.34615384615384615 1535351092559
connected to auth! from local port 47468
received auth hello!
{ authId: 401, nonce: <Buffer db 2b 6c 55 c6 0e d3 cb> }
received session key response encrypted with distribution key
replyNonce in sessionKeyResp: <Buffer 24 a3 d7 49 98 16 1e a6>
auth nonce verified
handleSessionKeyResp: session key request succeeded! authFailureCount: 0
received 1 keys
currentSessionKey: [object Object]
Status: Secure connection closed before starting a new connection.
Session protocol: TCP
chosen commSessionKey: 
{ id: 40100540,
  cipherKeyVal: <Buffer 70 73 e2 67 b1 b8 60 97 b7 1f 79 5e 36 9a 03 3b>,
  macKeyVal: <Buffer 59 6e 39 7d f0 bd 6c c1 7d 7f fa 5e 71 88 73 66 0f 85 2d b5 2b 20 df 17 b4 19 5c 59 61 0d 2a 4a>,
  absValidity: 2018-08-28T06:24:53.130Z,
  relValidity: 7200000 }
options
{ serverHost: '10.0.1.42',
  serverPort: 22100,
  sessionKey: 
   { id: 40100540,
     cipherKeyVal: <Buffer 70 73 e2 67 b1 b8 60 97 b7 1f 79 5e 36 9a 03 3b>,
     macKeyVal: <Buffer 59 6e 39 7d f0 bd 6c c1 7d 7f fa 5e 71 88 73 66 0f 85 2d b5 2b 20 df 17 b4 19 5c 59 61 0d 2a 4a>,
     absValidity: 2018-08-28T06:24:53.130Z,
     relValidity: 7200000 },
  sessionCryptoSpec: { cipher: 'AES-128-CBC', mac: 'SHA256' },
  sessionProtocol: 'TCP',
  handshakeTimeout: 50000 }
chosen nonce: <Buffer 64 56 7c 34 18 12 dd 80>
switching to HANDSHAKE_1_SENT
disconnected from auth
Handler: secure connection with the server closed.
received session key handshake2!
client ret: [object Object]
server authenticated/authorized by solving nonce!
Handler: communication initialization succeeded
file data length: 1024
sending at Mon Aug 27 2018 06:25:01 GMT+0000 (UTC)
switching to IN_COMM
received secure communication message!
Received seqNum: 0
Handler: data received from server via secure communication
data1
Resp-actual/expected/ratio/ts: 10 26 0.38461538461538464 1535351101932
Distribution protocol: TCP
Resp-actual/expected/ratio/ts: 10 27 0.37037037037037035 1535351152611
connected to auth! from local port 47682
Handler: Error in secure comm - details: Auth hello timedout ...
Distribution protocol: TCP
Resp-actual/expected/ratio/ts: 10 28 0.35714285714285715 1535351212620
connected to auth! from local port 47812
received auth hello!
{ authId: 401, nonce: <Buffer 2b 7e c5 5a 1a a1 7d d9> }
received session key response encrypted with distribution key
replyNonce in sessionKeyResp: <Buffer 06 6d 4e 27 03 1b 00 3e>
auth nonce verified
handleSessionKeyResp: session key request succeeded! authFailureCount: 0
received 1 keys
currentSessionKey: [object Object]
Status: Secure connection closed before starting a new connection.
Session protocol: TCP
chosen commSessionKey: 
{ id: 40100557,
  cipherKeyVal: <Buffer 6e 12 b8 08 11 c8 f7 1f 65 ed 41 ac 24 40 c5 9b>,
  macKeyVal: <Buffer f8 23 c4 4f c1 c4 34 6d 15 8c e5 46 2e 07 2a 49 56 a5 cf 0d 2b cd ed 9c 4a d7 d6 84 58 02 49 a9>,
  absValidity: 2018-08-28T06:26:52.774Z,
  relValidity: 7200000 }
options
{ serverHost: '10.0.1.42',
  serverPort: 22100,
  sessionKey: 
   { id: 40100557,
     cipherKeyVal: <Buffer 6e 12 b8 08 11 c8 f7 1f 65 ed 41 ac 24 40 c5 9b>,
     macKeyVal: <Buffer f8 23 c4 4f c1 c4 34 6d 15 8c e5 46 2e 07 2a 49 56 a5 cf 0d 2b cd ed 9c 4a d7 d6 84 58 02 49 a9>,
     absValidity: 2018-08-28T06:26:52.774Z,
     relValidity: 7200000 },
  sessionCryptoSpec: { cipher: 'AES-128-CBC', mac: 'SHA256' },
  sessionProtocol: 'TCP',
  handshakeTimeout: 50000 }
chosen nonce: <Buffer bb 3b 71 9a b5 19 c8 66>
switching to HANDSHAKE_1_SENT
disconnected from auth
Handler: secure connection with the server closed.
received session key handshake2!
client ret: [object Object]
server authenticated/authorized by solving nonce!
Handler: communication initialization succeeded
file data length: 1024
sending at Mon Aug 27 2018 06:26:56 GMT+0000 (UTC)
switching to IN_COMM
received secure communication message!
Received seqNum: 0
Handler: data received from server via secure communication
data1
Resp-actual/expected/ratio/ts: 11 28 0.39285714285714285 1535351217196
