changing working directory to: /home/hokeunkim/Development/iotauth/entity/node/example_entities
loading from config file: /home/hokeunkim/Development/iotauth_experiments/experiments/ccs2017/expOptions/expEntity.option
Experimental options for autoClient: { autoSendPeriod: 60000,
  useSameSessionKeyCount: 1,
  connectionTimeout: 50000,
  migrationEnabled: true,
  authFailureThreshold: 2,
  migrationFailureThreshold: 2 }
loading from config file: /home/hokeunkim/Development/iotauth/entity/node/example_entities/configs/Clients/c518.config
initializing...
current parameters: { numKeysPerRequest: 3,
  migrationEnabled: false,
  authFailureThreshold: 3,
  migrationFailureThreshold: 3 }
current parameters: { numKeysPerRequest: 1,
  migrationEnabled: false,
  authFailureThreshold: 3,
  migrationFailureThreshold: 3 }
current parameters: { numKeysPerRequest: 1,
  migrationEnabled: true,
  authFailureThreshold: 3,
  migrationFailureThreshold: 3 }
current parameters: { numKeysPerRequest: 1,
  migrationEnabled: true,
  authFailureThreshold: 2,
  migrationFailureThreshold: 3 }
current parameters: { numKeysPerRequest: 1,
  migrationEnabled: true,
  authFailureThreshold: 2,
  migrationFailureThreshold: 2 }
current entityInfo: { name: 'c518',
  group: 'Clients',
  distProtocol: 'TCP',
  usePermanentDistKey: false,
  connectionTimeout: 50000,
  privateKey: <Buffer 2d 2d 2d 2d 2d 42 45 47 49 4e 20 52 53 41 20 50 52 49 56 41 54 45 20 4b 45 59 2d 2d 2d 2d 2d 0a 4d 49 49 45 70 41 49 42 41 41 4b 43 41 51 45 41 77 45 ... > }
Distribution protocol: TCP
Resp-actual/expected/ratio/ts: 0 1 0 1521569637976
connected to auth! from local port 51050
received auth hello!
{ authId: 503, nonce: <Buffer f0 da e0 84 ad 49 6c ee> }
received session key response with distribution key attached!
auth signature verified
replyNonce in sessionKeyResp: <Buffer ab 7c 1d 73 0d a8 d0 94>
auth nonce verified
handleSessionKeyResp: session key request succeeded! authFailureCount: 0
updating distribution key: { cipherKeyVal: <Buffer 6c 5f de 7c 5b b3 b1 89 f2 17 59 4c 1d 4c b5 54>,
  macKeyVal: <Buffer db ab 01 4a 2e 68 68 0e 6d 66 e0 a7 43 15 9e 2b 16 29 d8 04 3e a6 c1 46 c4 14 1d a5 6a 9f 6d 55>,
  absValidity: 2018-03-20T19:13:58.236Z }
received 1 keys
currentSessionKey: [object Object]
Session protocol: TCP
chosen commSessionKey: 
{ id: 50300135,
  cipherKeyVal: <Buffer f1 6c 81 07 a1 e7 6d cc 40 59 9c 5c f7 eb 85 b5>,
  macKeyVal: <Buffer 22 cc 2d 14 7e 5b b8 b1 d7 b9 b3 f9 6c 9c f6 51 7f c2 eb 23 83 de 8d 9b 1d 3d 55 0c 03 59 4b 04>,
  absValidity: 2018-03-21T18:13:58.233Z,
  relValidity: 7200000 }
options
{ serverHost: '10.0.1.36',
  serverPort: 22100,
  sessionKey: 
   { id: 50300135,
     cipherKeyVal: <Buffer f1 6c 81 07 a1 e7 6d cc 40 59 9c 5c f7 eb 85 b5>,
     macKeyVal: <Buffer 22 cc 2d 14 7e 5b b8 b1 d7 b9 b3 f9 6c 9c f6 51 7f c2 eb 23 83 de 8d 9b 1d 3d 55 0c 03 59 4b 04>,
     absValidity: 2018-03-21T18:13:58.233Z,
     relValidity: 7200000 },
  sessionCryptoSpec: { cipher: 'AES-128-CBC', mac: 'SHA256' },
  sessionProtocol: 'TCP',
  handshakeTimeout: 50000 }
chosen nonce: <Buffer 36 54 16 46 33 81 ea 69>
switching to HANDSHAKE_1_SENT
disconnected from auth
received session key handshake2!
client ret: [object Object]
server authenticated/authorized by solving nonce!
Handler: communication initialization succeeded
file data length: 1024
sending at Tue Mar 20 2018 18:14:00 GMT+0000 (UTC)
switching to IN_COMM
received secure communication message!
Received seqNum: 0
Handler: data received from server via secure communication
data1
Resp-actual/expected/ratio/ts: 1 1 1 1521569640324
Distribution protocol: TCP
Resp-actual/expected/ratio/ts: 1 2 0.5 1521569698002
connected to auth! from local port 51320
received auth hello!
{ authId: 503, nonce: <Buffer 86 b8 b7 e9 5b d6 80 1f> }
received session key response encrypted with distribution key
replyNonce in sessionKeyResp: <Buffer 21 ce bf fa ea de fd 25>
auth nonce verified
handleSessionKeyResp: session key request succeeded! authFailureCount: 0
received 1 keys
currentSessionKey: [object Object]
Status: Secure connection closed before starting a new connection.
Session protocol: TCP
chosen commSessionKey: 
{ id: 50300140,
  cipherKeyVal: <Buffer 96 f1 1f 4b 72 96 fe 93 a3 fe eb e5 d7 de 95 b2>,
  macKeyVal: <Buffer 7b cd 50 d8 8d 7b c3 8f f3 3d 2c 46 35 7f a7 65 a4 eb 11 29 20 60 ab 13 43 04 02 c7 92 d2 4d 07>,
  absValidity: 2018-03-21T18:14:58.228Z,
  relValidity: 7200000 }
options
{ serverHost: '10.0.1.36',
  serverPort: 22100,
  sessionKey: 
   { id: 50300140,
     cipherKeyVal: <Buffer 96 f1 1f 4b 72 96 fe 93 a3 fe eb e5 d7 de 95 b2>,
     macKeyVal: <Buffer 7b cd 50 d8 8d 7b c3 8f f3 3d 2c 46 35 7f a7 65 a4 eb 11 29 20 60 ab 13 43 04 02 c7 92 d2 4d 07>,
     absValidity: 2018-03-21T18:14:58.228Z,
     relValidity: 7200000 },
  sessionCryptoSpec: { cipher: 'AES-128-CBC', mac: 'SHA256' },
  sessionProtocol: 'TCP',
  handshakeTimeout: 50000 }
chosen nonce: <Buffer 47 80 02 c1 2c d1 21 05>
switching to HANDSHAKE_1_SENT
disconnected from auth
Handler: secure connection with the server closed.
received session key handshake2!
client ret: [object Object]
server authenticated/authorized by solving nonce!
Handler: communication initialization succeeded
file data length: 1024
sending at Tue Mar 20 2018 18:14:59 GMT+0000 (UTC)
switching to IN_COMM
received secure communication message!
Received seqNum: 0
Handler: data received from server via secure communication
data1
Resp-actual/expected/ratio/ts: 2 2 1 1521569700339
Distribution protocol: TCP
Resp-actual/expected/ratio/ts: 2 3 0.6666666666666666 1521569758043
connected to auth! from local port 51590
received auth hello!
{ authId: 503, nonce: <Buffer b7 74 19 6c a0 8c c0 2f> }
received session key response encrypted with distribution key
replyNonce in sessionKeyResp: <Buffer 9b 75 41 49 db c3 f5 0e>
auth nonce verified
handleSessionKeyResp: session key request succeeded! authFailureCount: 0
received 1 keys
currentSessionKey: [object Object]
Status: Secure connection closed before starting a new connection.
Session protocol: TCP
chosen commSessionKey: 
{ id: 50300145,
  cipherKeyVal: <Buffer cf 8e 66 83 8f 01 3e 84 ab 65 27 cf d8 20 4f ca>,
  macKeyVal: <Buffer 79 c7 58 1b 4b 29 1b b9 9b c8 5d ec 23 b7 c2 84 4b b8 da 7c a1 02 9b 9f 04 27 4d 69 3d bf f5 d8>,
  absValidity: 2018-03-21T18:15:58.252Z,
  relValidity: 7200000 }
options
{ serverHost: '10.0.1.36',
  serverPort: 22100,
  sessionKey: 
   { id: 50300145,
     cipherKeyVal: <Buffer cf 8e 66 83 8f 01 3e 84 ab 65 27 cf d8 20 4f ca>,
     macKeyVal: <Buffer 79 c7 58 1b 4b 29 1b b9 9b c8 5d ec 23 b7 c2 84 4b b8 da 7c a1 02 9b 9f 04 27 4d 69 3d bf f5 d8>,
     absValidity: 2018-03-21T18:15:58.252Z,
     relValidity: 7200000 },
  sessionCryptoSpec: { cipher: 'AES-128-CBC', mac: 'SHA256' },
  sessionProtocol: 'TCP',
  handshakeTimeout: 50000 }
chosen nonce: <Buffer 62 86 9c 95 c7 03 59 a3>
switching to HANDSHAKE_1_SENT
disconnected from auth
Handler: secure connection with the server closed.
received session key handshake2!
client ret: [object Object]
server authenticated/authorized by solving nonce!
Handler: communication initialization succeeded
file data length: 1024
sending at Tue Mar 20 2018 18:16:00 GMT+0000 (UTC)
switching to IN_COMM
received secure communication message!
Received seqNum: 0
Handler: data received from server via secure communication
data1
Resp-actual/expected/ratio/ts: 3 3 1 1521569760358
Distribution protocol: TCP
Resp-actual/expected/ratio/ts: 3 4 0.75 1521569818101
connected to auth! from local port 51860
received auth hello!
{ authId: 503, nonce: <Buffer 6b 63 18 97 5b cf f9 f0> }
received session key response encrypted with distribution key
replyNonce in sessionKeyResp: <Buffer 4e 25 5e 45 e1 3a c2 0e>
auth nonce verified
handleSessionKeyResp: session key request succeeded! authFailureCount: 0
received 1 keys
currentSessionKey: [object Object]
Status: Secure connection closed before starting a new connection.
Session protocol: TCP
chosen commSessionKey: 
{ id: 50300150,
  cipherKeyVal: <Buffer fe 1f 6a ae f0 64 a2 b9 f5 4c be 30 63 1e bd 75>,
  macKeyVal: <Buffer 72 0e 96 0e fe 8f 65 f6 e6 9b e9 61 a4 97 6a a7 91 86 e8 5c 65 ad 5f 74 e4 64 a9 c0 59 95 f7 9e>,
  absValidity: 2018-03-21T18:16:58.344Z,
  relValidity: 7200000 }
options
{ serverHost: '10.0.1.36',
  serverPort: 22100,
  sessionKey: 
   { id: 50300150,
     cipherKeyVal: <Buffer fe 1f 6a ae f0 64 a2 b9 f5 4c be 30 63 1e bd 75>,
     macKeyVal: <Buffer 72 0e 96 0e fe 8f 65 f6 e6 9b e9 61 a4 97 6a a7 91 86 e8 5c 65 ad 5f 74 e4 64 a9 c0 59 95 f7 9e>,
     absValidity: 2018-03-21T18:16:58.344Z,
     relValidity: 7200000 },
  sessionCryptoSpec: { cipher: 'AES-128-CBC', mac: 'SHA256' },
  sessionProtocol: 'TCP',
  handshakeTimeout: 50000 }
chosen nonce: <Buffer c2 78 e7 37 1d c7 83 bf>
switching to HANDSHAKE_1_SENT
disconnected from auth
Handler: secure connection with the server closed.
received session key handshake2!
client ret: [object Object]
server authenticated/authorized by solving nonce!
Handler: communication initialization succeeded
file data length: 1024
sending at Tue Mar 20 2018 18:17:00 GMT+0000 (UTC)
switching to IN_COMM
received secure communication message!
Received seqNum: 0
Handler: data received from server via secure communication
data1
Resp-actual/expected/ratio/ts: 4 4 1 1521569820444
Distribution protocol: TCP
Resp-actual/expected/ratio/ts: 4 5 0.8 1521569878159
connected to auth! from local port 52130
received auth hello!
{ authId: 503, nonce: <Buffer 19 fd 08 eb 56 2d 71 71> }
received session key response encrypted with distribution key
replyNonce in sessionKeyResp: <Buffer 76 ea b9 43 ef 9d 4a 98>
auth nonce verified
handleSessionKeyResp: session key request succeeded! authFailureCount: 0
received 1 keys
currentSessionKey: [object Object]
Status: Secure connection closed before starting a new connection.
Session protocol: TCP
chosen commSessionKey: 
{ id: 50300155,
  cipherKeyVal: <Buffer be 2b 9f 67 25 0b 97 bd a2 11 e5 de 74 1f 78 e3>,
  macKeyVal: <Buffer 39 50 93 da 00 fc dc 67 f3 09 94 9b 5e 96 2a 45 6e ed 27 94 83 1a 45 2b 4a d7 99 89 a6 db 06 77>,
  absValidity: 2018-03-21T18:17:58.362Z,
  relValidity: 7200000 }
options
{ serverHost: '10.0.1.36',
  serverPort: 22100,
  sessionKey: 
   { id: 50300155,
     cipherKeyVal: <Buffer be 2b 9f 67 25 0b 97 bd a2 11 e5 de 74 1f 78 e3>,
     macKeyVal: <Buffer 39 50 93 da 00 fc dc 67 f3 09 94 9b 5e 96 2a 45 6e ed 27 94 83 1a 45 2b 4a d7 99 89 a6 db 06 77>,
     absValidity: 2018-03-21T18:17:58.362Z,
     relValidity: 7200000 },
  sessionCryptoSpec: { cipher: 'AES-128-CBC', mac: 'SHA256' },
  sessionProtocol: 'TCP',
  handshakeTimeout: 50000 }
chosen nonce: <Buffer 8e a4 25 a9 42 6a 68 fd>
switching to HANDSHAKE_1_SENT
disconnected from auth
Handler: secure connection with the server closed.
received session key handshake2!
client ret: [object Object]
server authenticated/authorized by solving nonce!
Handler: communication initialization succeeded
file data length: 1024
sending at Tue Mar 20 2018 18:18:00 GMT+0000 (UTC)
switching to IN_COMM
received secure communication message!
Received seqNum: 0
Handler: data received from server via secure communication
data1
Resp-actual/expected/ratio/ts: 5 5 1 1521569880406
Distribution protocol: TCP
Resp-actual/expected/ratio/ts: 5 6 0.8333333333333334 1521569938218
connected to auth! from local port 52400
received auth hello!
{ authId: 503, nonce: <Buffer e8 18 93 50 b0 6e 1d 69> }
received session key response encrypted with distribution key
replyNonce in sessionKeyResp: <Buffer ca ea 8e 21 2f 2b e0 ad>
auth nonce verified
handleSessionKeyResp: session key request succeeded! authFailureCount: 0
received 1 keys
currentSessionKey: [object Object]
Status: Secure connection closed before starting a new connection.
Session protocol: TCP
chosen commSessionKey: 
{ id: 50300160,
  cipherKeyVal: <Buffer 31 b3 9f 05 48 5b 00 a8 30 a2 f9 c7 54 85 95 bb>,
  macKeyVal: <Buffer 9a 83 d0 35 46 75 5c a1 ce 15 6c 27 1e e8 12 2c a3 8e 33 ab 8a ed 82 2c 95 ad 7b fc de 13 7e 27>,
  absValidity: 2018-03-21T18:18:58.371Z,
  relValidity: 7200000 }
options
{ serverHost: '10.0.1.36',
  serverPort: 22100,
  sessionKey: 
   { id: 50300160,
     cipherKeyVal: <Buffer 31 b3 9f 05 48 5b 00 a8 30 a2 f9 c7 54 85 95 bb>,
     macKeyVal: <Buffer 9a 83 d0 35 46 75 5c a1 ce 15 6c 27 1e e8 12 2c a3 8e 33 ab 8a ed 82 2c 95 ad 7b fc de 13 7e 27>,
     absValidity: 2018-03-21T18:18:58.371Z,
     relValidity: 7200000 },
  sessionCryptoSpec: { cipher: 'AES-128-CBC', mac: 'SHA256' },
  sessionProtocol: 'TCP',
  handshakeTimeout: 50000 }
chosen nonce: <Buffer 77 f4 8c 66 46 5e 9f ad>
switching to HANDSHAKE_1_SENT
disconnected from auth
Handler: secure connection with the server closed.
received session key handshake2!
client ret: [object Object]
server authenticated/authorized by solving nonce!
Handler: communication initialization succeeded
file data length: 1024
sending at Tue Mar 20 2018 18:19:00 GMT+0000 (UTC)
switching to IN_COMM
received secure communication message!
Received seqNum: 0
Handler: data received from server via secure communication
data1
Resp-actual/expected/ratio/ts: 6 6 1 1521569940442
Distribution protocol: TCP
Resp-actual/expected/ratio/ts: 6 7 0.8571428571428571 1521569998269
connected to auth! from local port 52662
received auth hello!
{ authId: 503, nonce: <Buffer 56 e5 71 85 42 0e 82 98> }
received session key response encrypted with distribution key
replyNonce in sessionKeyResp: <Buffer d5 45 27 5f f5 d4 cf 8f>
auth nonce verified
handleSessionKeyResp: session key request succeeded! authFailureCount: 0
received 1 keys
currentSessionKey: [object Object]
Status: Secure connection closed before starting a new connection.
Session protocol: TCP
chosen commSessionKey: 
{ id: 50300165,
  cipherKeyVal: <Buffer 52 17 56 aa f5 a7 d4 a0 ab 83 32 f0 97 00 86 f0>,
  macKeyVal: <Buffer b5 e2 6e 4c 1a 36 43 8a a7 34 0d 24 6f 1e b8 0f 34 ea 98 d3 24 57 5d 45 92 d6 d8 5d e6 2b c9 2b>,
  absValidity: 2018-03-21T18:19:58.505Z,
  relValidity: 7200000 }
options
{ serverHost: '10.0.1.36',
  serverPort: 22100,
  sessionKey: 
   { id: 50300165,
     cipherKeyVal: <Buffer 52 17 56 aa f5 a7 d4 a0 ab 83 32 f0 97 00 86 f0>,
     macKeyVal: <Buffer b5 e2 6e 4c 1a 36 43 8a a7 34 0d 24 6f 1e b8 0f 34 ea 98 d3 24 57 5d 45 92 d6 d8 5d e6 2b c9 2b>,
     absValidity: 2018-03-21T18:19:58.505Z,
     relValidity: 7200000 },
  sessionCryptoSpec: { cipher: 'AES-128-CBC', mac: 'SHA256' },
  sessionProtocol: 'TCP',
  handshakeTimeout: 50000 }
chosen nonce: <Buffer 92 0f b7 38 a4 82 6b 88>
switching to HANDSHAKE_1_SENT
disconnected from auth
Handler: secure connection with the server closed.
received session key handshake2!
client ret: [object Object]
server authenticated/authorized by solving nonce!
Handler: communication initialization succeeded
file data length: 1024
sending at Tue Mar 20 2018 18:20:00 GMT+0000 (UTC)
switching to IN_COMM
received secure communication message!
Received seqNum: 0
Handler: data received from server via secure communication
data1
Resp-actual/expected/ratio/ts: 7 7 1 1521570000604
Distribution protocol: TCP
Resp-actual/expected/ratio/ts: 7 8 0.875 1521570058327
connected to auth! from local port 52880
received auth hello!
{ authId: 503, nonce: <Buffer b2 da eb 78 dd 48 c6 ef> }
received session key response encrypted with distribution key
replyNonce in sessionKeyResp: <Buffer 13 c8 f6 9c 5c a9 d8 5e>
auth nonce verified
handleSessionKeyResp: session key request succeeded! authFailureCount: 0
received 1 keys
currentSessionKey: [object Object]
Status: Secure connection closed before starting a new connection.
Session protocol: TCP
chosen commSessionKey: 
{ id: 50300170,
  cipherKeyVal: <Buffer 25 38 5b 37 0a 46 7c d4 f3 38 1d 2d ae 16 77 76>,
  macKeyVal: <Buffer f5 c2 95 1b e8 97 a1 2f f3 e2 bd 7f 10 ab 63 20 01 cd a4 4b 66 23 2d cc b9 c3 9b 66 fe e8 eb 91>,
  absValidity: 2018-03-21T18:20:58.556Z,
  relValidity: 7200000 }
options
{ serverHost: '10.0.1.36',
  serverPort: 22100,
  sessionKey: 
   { id: 50300170,
     cipherKeyVal: <Buffer 25 38 5b 37 0a 46 7c d4 f3 38 1d 2d ae 16 77 76>,
     macKeyVal: <Buffer f5 c2 95 1b e8 97 a1 2f f3 e2 bd 7f 10 ab 63 20 01 cd a4 4b 66 23 2d cc b9 c3 9b 66 fe e8 eb 91>,
     absValidity: 2018-03-21T18:20:58.556Z,
     relValidity: 7200000 },
  sessionCryptoSpec: { cipher: 'AES-128-CBC', mac: 'SHA256' },
  sessionProtocol: 'TCP',
  handshakeTimeout: 50000 }
chosen nonce: <Buffer ed ab c4 21 ac 93 58 c6>
switching to HANDSHAKE_1_SENT
disconnected from auth
Handler: secure connection with the server closed.
received session key handshake2!
client ret: [object Object]
server authenticated/authorized by solving nonce!
Handler: communication initialization succeeded
file data length: 1024
sending at Tue Mar 20 2018 18:21:00 GMT+0000 (UTC)
switching to IN_COMM
received secure communication message!
Received seqNum: 0
Handler: data received from server via secure communication
data1
Resp-actual/expected/ratio/ts: 8 8 1 1521570060666
Distribution protocol: TCP
Resp-actual/expected/ratio/ts: 8 9 0.8888888888888888 1521570118361
connected to auth! from local port 53122
received auth hello!
{ authId: 503, nonce: <Buffer 1a 54 90 d0 41 a0 73 10> }
received session key response encrypted with distribution key
replyNonce in sessionKeyResp: <Buffer 9b c8 92 4f af 31 e7 86>
auth nonce verified
handleSessionKeyResp: session key request succeeded! authFailureCount: 0
received 1 keys
currentSessionKey: [object Object]
Status: Secure connection closed before starting a new connection.
Session protocol: TCP
chosen commSessionKey: 
{ id: 50300175,
  cipherKeyVal: <Buffer af 91 3e c6 a1 cf cd a5 08 b2 42 2c f1 53 3d e4>,
  macKeyVal: <Buffer 96 30 fc 29 03 27 73 89 09 3e c1 a4 9c 07 48 47 82 19 a6 21 a6 44 b6 56 5c 8f 70 82 1e d1 8f 80>,
  absValidity: 2018-03-21T18:21:58.508Z,
  relValidity: 7200000 }
options
{ serverHost: '10.0.1.36',
  serverPort: 22100,
  sessionKey: 
   { id: 50300175,
     cipherKeyVal: <Buffer af 91 3e c6 a1 cf cd a5 08 b2 42 2c f1 53 3d e4>,
     macKeyVal: <Buffer 96 30 fc 29 03 27 73 89 09 3e c1 a4 9c 07 48 47 82 19 a6 21 a6 44 b6 56 5c 8f 70 82 1e d1 8f 80>,
     absValidity: 2018-03-21T18:21:58.508Z,
     relValidity: 7200000 },
  sessionCryptoSpec: { cipher: 'AES-128-CBC', mac: 'SHA256' },
  sessionProtocol: 'TCP',
  handshakeTimeout: 50000 }
chosen nonce: <Buffer 54 40 5e 59 98 ac 2e 93>
switching to HANDSHAKE_1_SENT
disconnected from auth
Handler: secure connection with the server closed.
received session key handshake2!
client ret: [object Object]
server authenticated/authorized by solving nonce!
Handler: communication initialization succeeded
file data length: 1024
sending at Tue Mar 20 2018 18:22:02 GMT+0000 (UTC)
switching to IN_COMM
received secure communication message!
Received seqNum: 0
Handler: data received from server via secure communication
data1
Resp-actual/expected/ratio/ts: 9 9 1 1521570123448
Distribution protocol: TCP
Resp-actual/expected/ratio/ts: 9 10 0.9 1521570178417
connected to auth! from local port 53366
received auth hello!
{ authId: 503, nonce: <Buffer bd 91 df e1 b0 8b c7 e7> }
received session key response encrypted with distribution key
replyNonce in sessionKeyResp: <Buffer bb 4d f8 96 55 a0 37 42>
auth nonce verified
handleSessionKeyResp: session key request succeeded! authFailureCount: 0
received 1 keys
currentSessionKey: [object Object]
Status: Secure connection closed before starting a new connection.
Session protocol: TCP
chosen commSessionKey: 
{ id: 50300180,
  cipherKeyVal: <Buffer 83 1b 23 fb 12 c0 97 f2 02 7a 4c 4b c8 0e 42 0b>,
  macKeyVal: <Buffer 2b 91 c2 f4 72 89 4d d8 9d bd c5 0f ae 00 77 55 8b 2a 57 51 84 84 81 82 c1 4f 66 1f e6 3b f7 3a>,
  absValidity: 2018-03-21T18:22:58.555Z,
  relValidity: 7200000 }
options
{ serverHost: '10.0.1.36',
  serverPort: 22100,
  sessionKey: 
   { id: 50300180,
     cipherKeyVal: <Buffer 83 1b 23 fb 12 c0 97 f2 02 7a 4c 4b c8 0e 42 0b>,
     macKeyVal: <Buffer 2b 91 c2 f4 72 89 4d d8 9d bd c5 0f ae 00 77 55 8b 2a 57 51 84 84 81 82 c1 4f 66 1f e6 3b f7 3a>,
     absValidity: 2018-03-21T18:22:58.555Z,
     relValidity: 7200000 },
  sessionCryptoSpec: { cipher: 'AES-128-CBC', mac: 'SHA256' },
  sessionProtocol: 'TCP',
  handshakeTimeout: 50000 }
chosen nonce: <Buffer 6b 44 d8 98 e3 70 01 f3>
switching to HANDSHAKE_1_SENT
disconnected from auth
Handler: secure connection with the server closed.
received session key handshake2!
client ret: [object Object]
server authenticated/authorized by solving nonce!
Handler: communication initialization succeeded
file data length: 1024
sending at Tue Mar 20 2018 18:23:05 GMT+0000 (UTC)
switching to IN_COMM
received secure communication message!
Received seqNum: 0
Handler: data received from server via secure communication
data1
Resp-actual/expected/ratio/ts: 10 10 1 1521570186032
Distribution protocol: TCP
Resp-actual/expected/ratio/ts: 10 11 0.9090909090909091 1521570238465
connected to auth! from local port 53622
received auth hello!
{ authId: 503, nonce: <Buffer 9c 5b 5c e0 5b 7a d3 a1> }
received session key response encrypted with distribution key
replyNonce in sessionKeyResp: <Buffer 6c c7 27 80 19 6a e6 46>
auth nonce verified
handleSessionKeyResp: session key request succeeded! authFailureCount: 0
received 1 keys
currentSessionKey: [object Object]
Status: Secure connection closed before starting a new connection.
Session protocol: TCP
chosen commSessionKey: 
{ id: 50300185,
  cipherKeyVal: <Buffer 68 f5 86 d5 42 6a 48 0b 78 e0 1c 13 60 71 93 60>,
  macKeyVal: <Buffer dd e9 28 6c 9c 0d d9 8c cd aa 30 59 5a ba ef 39 06 e5 a7 62 a3 46 63 09 50 54 10 1e 0a 7f bd a2>,
  absValidity: 2018-03-21T18:23:58.682Z,
  relValidity: 7200000 }
options
{ serverHost: '10.0.1.36',
  serverPort: 22100,
  sessionKey: 
   { id: 50300185,
     cipherKeyVal: <Buffer 68 f5 86 d5 42 6a 48 0b 78 e0 1c 13 60 71 93 60>,
     macKeyVal: <Buffer dd e9 28 6c 9c 0d d9 8c cd aa 30 59 5a ba ef 39 06 e5 a7 62 a3 46 63 09 50 54 10 1e 0a 7f bd a2>,
     absValidity: 2018-03-21T18:23:58.682Z,
     relValidity: 7200000 },
  sessionCryptoSpec: { cipher: 'AES-128-CBC', mac: 'SHA256' },
  sessionProtocol: 'TCP',
  handshakeTimeout: 50000 }
chosen nonce: <Buffer 4e 9c bf 1b 59 1c 75 8e>
switching to HANDSHAKE_1_SENT
disconnected from auth
Handler: secure connection with the server closed.
received session key handshake2!
client ret: [object Object]
server authenticated/authorized by solving nonce!
Handler: communication initialization succeeded
file data length: 1024
sending at Tue Mar 20 2018 18:24:00 GMT+0000 (UTC)
switching to IN_COMM
received secure communication message!
Received seqNum: 0
Handler: data received from server via secure communication
data1
Resp-actual/expected/ratio/ts: 11 11 1 1521570240737
Distribution protocol: TCP
Resp-actual/expected/ratio/ts: 11 12 0.9166666666666666 1521570298524
connected to auth! from local port 53870
received auth hello!
{ authId: 503, nonce: <Buffer 72 9c 58 82 25 c4 0a 14> }
received session key response encrypted with distribution key
replyNonce in sessionKeyResp: <Buffer c4 cd 01 4f 1f 5b e9 97>
auth nonce verified
handleSessionKeyResp: session key request succeeded! authFailureCount: 0
received 1 keys
currentSessionKey: [object Object]
Status: Secure connection closed before starting a new connection.
Session protocol: TCP
chosen commSessionKey: 
{ id: 50300190,
  cipherKeyVal: <Buffer b6 fc ed a1 3a 86 3e 32 64 42 b2 6f f3 e1 0a 86>,
  macKeyVal: <Buffer 68 b6 49 6f cc 11 47 19 b4 cc 34 b0 16 8b 46 f1 f2 5d 49 e5 4c a2 79 6c 94 7f 06 45 f5 b5 ca 9a>,
  absValidity: 2018-03-21T18:24:58.772Z,
  relValidity: 7200000 }
options
{ serverHost: '10.0.1.36',
  serverPort: 22100,
  sessionKey: 
   { id: 50300190,
     cipherKeyVal: <Buffer b6 fc ed a1 3a 86 3e 32 64 42 b2 6f f3 e1 0a 86>,
     macKeyVal: <Buffer 68 b6 49 6f cc 11 47 19 b4 cc 34 b0 16 8b 46 f1 f2 5d 49 e5 4c a2 79 6c 94 7f 06 45 f5 b5 ca 9a>,
     absValidity: 2018-03-21T18:24:58.772Z,
     relValidity: 7200000 },
  sessionCryptoSpec: { cipher: 'AES-128-CBC', mac: 'SHA256' },
  sessionProtocol: 'TCP',
  handshakeTimeout: 50000 }
chosen nonce: <Buffer a5 87 84 59 3d fc ed e9>
switching to HANDSHAKE_1_SENT
disconnected from auth
Handler: secure connection with the server closed.
received session key handshake2!
client ret: [object Object]
server authenticated/authorized by solving nonce!
Handler: communication initialization succeeded
file data length: 1024
sending at Tue Mar 20 2018 18:25:00 GMT+0000 (UTC)
switching to IN_COMM
received secure communication message!
Received seqNum: 0
Handler: data received from server via secure communication
data1
Resp-actual/expected/ratio/ts: 12 12 1 1521570300918
Distribution protocol: TCP
Resp-actual/expected/ratio/ts: 12 13 0.9230769230769231 1521570358582
connected to auth! from local port 54118
received auth hello!
{ authId: 503, nonce: <Buffer 9b c3 0a cb 76 62 e1 48> }
received session key response encrypted with distribution key
replyNonce in sessionKeyResp: <Buffer 83 c0 66 ed c4 52 2f 6b>
auth nonce verified
handleSessionKeyResp: session key request succeeded! authFailureCount: 0
received 1 keys
currentSessionKey: [object Object]
Status: Secure connection closed before starting a new connection.
Session protocol: TCP
chosen commSessionKey: 
{ id: 50300195,
  cipherKeyVal: <Buffer f8 c9 7d ea 8d ef d2 7b f3 16 6b 35 40 3a d2 a9>,
  macKeyVal: <Buffer 24 ec df 53 ca 1f 14 af 66 19 b4 fb 38 8c 40 31 24 bc 6b c2 ab 1b a1 8e e7 62 3b 0b 25 b2 da 90>,
  absValidity: 2018-03-21T18:25:58.869Z,
  relValidity: 7200000 }
options
{ serverHost: '10.0.1.36',
  serverPort: 22100,
  sessionKey: 
   { id: 50300195,
     cipherKeyVal: <Buffer f8 c9 7d ea 8d ef d2 7b f3 16 6b 35 40 3a d2 a9>,
     macKeyVal: <Buffer 24 ec df 53 ca 1f 14 af 66 19 b4 fb 38 8c 40 31 24 bc 6b c2 ab 1b a1 8e e7 62 3b 0b 25 b2 da 90>,
     absValidity: 2018-03-21T18:25:58.869Z,
     relValidity: 7200000 },
  sessionCryptoSpec: { cipher: 'AES-128-CBC', mac: 'SHA256' },
  sessionProtocol: 'TCP',
  handshakeTimeout: 50000 }
chosen nonce: <Buffer da 8a 92 f1 ec 0c d3 34>
switching to HANDSHAKE_1_SENT
disconnected from auth
Handler: secure connection with the server closed.
received session key handshake2!
client ret: [object Object]
server authenticated/authorized by solving nonce!
Handler: communication initialization succeeded
file data length: 1024
sending at Tue Mar 20 2018 18:26:00 GMT+0000 (UTC)
switching to IN_COMM
received secure communication message!
Received seqNum: 0
Handler: data received from server via secure communication
data1
Resp-actual/expected/ratio/ts: 13 13 1 1521570360978
Distribution protocol: TCP
Resp-actual/expected/ratio/ts: 13 14 0.9285714285714286 1521570418620
connected to auth! from local port 54370
received auth hello!
{ authId: 503, nonce: <Buffer e3 db f4 b3 00 dc ca d4> }
received session key response encrypted with distribution key
replyNonce in sessionKeyResp: <Buffer 25 0a 5f 4e fc ec e4 74>
auth nonce verified
handleSessionKeyResp: session key request succeeded! authFailureCount: 0
received 1 keys
currentSessionKey: [object Object]
Status: Secure connection closed before starting a new connection.
Session protocol: TCP
chosen commSessionKey: 
{ id: 50300200,
  cipherKeyVal: <Buffer d8 a7 89 9d 85 0b 53 b0 5f 7e 70 7d 46 39 61 77>,
  macKeyVal: <Buffer ed ab 08 cc 0b 39 5d b6 7f ac d0 19 13 ec e7 f6 f7 23 ab 61 48 7c 48 e4 f5 04 57 a2 7b ab ba 4e>,
  absValidity: 2018-03-21T18:26:58.836Z,
  relValidity: 7200000 }
options
{ serverHost: '10.0.1.36',
  serverPort: 22100,
  sessionKey: 
   { id: 50300200,
     cipherKeyVal: <Buffer d8 a7 89 9d 85 0b 53 b0 5f 7e 70 7d 46 39 61 77>,
     macKeyVal: <Buffer ed ab 08 cc 0b 39 5d b6 7f ac d0 19 13 ec e7 f6 f7 23 ab 61 48 7c 48 e4 f5 04 57 a2 7b ab ba 4e>,
     absValidity: 2018-03-21T18:26:58.836Z,
     relValidity: 7200000 },
  sessionCryptoSpec: { cipher: 'AES-128-CBC', mac: 'SHA256' },
  sessionProtocol: 'TCP',
  handshakeTimeout: 50000 }
chosen nonce: <Buffer 5c c8 28 01 a9 8e d2 cc>
switching to HANDSHAKE_1_SENT
disconnected from auth
Handler: secure connection with the server closed.
received session key handshake2!
client ret: [object Object]
server authenticated/authorized by solving nonce!
Handler: communication initialization succeeded
file data length: 1024
sending at Tue Mar 20 2018 18:27:00 GMT+0000 (UTC)
switching to IN_COMM
received secure communication message!
Received seqNum: 0
Handler: data received from server via secure communication
data1
Resp-actual/expected/ratio/ts: 14 14 1 1521570420966
Distribution protocol: TCP
Resp-actual/expected/ratio/ts: 14 15 0.9333333333333333 1521570478677
connected to auth! from local port 54618
received auth hello!
{ authId: 503, nonce: <Buffer e8 30 38 c3 36 de 9b 53> }
received session key response encrypted with distribution key
replyNonce in sessionKeyResp: <Buffer a5 9f 32 b0 5c a0 e0 04>
auth nonce verified
handleSessionKeyResp: session key request succeeded! authFailureCount: 0
received 1 keys
currentSessionKey: [object Object]
Status: Secure connection closed before starting a new connection.
Session protocol: TCP
chosen commSessionKey: 
{ id: 50300205,
  cipherKeyVal: <Buffer ca 9f 17 54 97 cf e0 56 41 1a c1 f9 69 82 98 25>,
  macKeyVal: <Buffer c2 2d cf ec 7e c6 0e cb cb 85 05 1e be 7a 79 85 0b 1b fd ca f4 b6 ad e1 56 91 15 6f 29 f5 25 b2>,
  absValidity: 2018-03-21T18:27:58.943Z,
  relValidity: 7200000 }
options
{ serverHost: '10.0.1.36',
  serverPort: 22100,
  sessionKey: 
   { id: 50300205,
     cipherKeyVal: <Buffer ca 9f 17 54 97 cf e0 56 41 1a c1 f9 69 82 98 25>,
     macKeyVal: <Buffer c2 2d cf ec 7e c6 0e cb cb 85 05 1e be 7a 79 85 0b 1b fd ca f4 b6 ad e1 56 91 15 6f 29 f5 25 b2>,
     absValidity: 2018-03-21T18:27:58.943Z,
     relValidity: 7200000 },
  sessionCryptoSpec: { cipher: 'AES-128-CBC', mac: 'SHA256' },
  sessionProtocol: 'TCP',
  handshakeTimeout: 50000 }
chosen nonce: <Buffer 3f 36 33 27 36 3c 51 99>
switching to HANDSHAKE_1_SENT
disconnected from auth
Handler: secure connection with the server closed.
received session key handshake2!
client ret: [object Object]
server authenticated/authorized by solving nonce!
Handler: communication initialization succeeded
file data length: 1024
sending at Tue Mar 20 2018 18:28:00 GMT+0000 (UTC)
switching to IN_COMM
received secure communication message!
Received seqNum: 0
Handler: data received from server via secure communication
data1
Resp-actual/expected/ratio/ts: 15 15 1 1521570480952
Distribution protocol: TCP
Resp-actual/expected/ratio/ts: 15 16 0.9375 1521570538734
connected to auth! from local port 54878
received auth hello!
{ authId: 503, nonce: <Buffer 50 99 85 67 e4 a6 4b 6d> }
received session key response encrypted with distribution key
replyNonce in sessionKeyResp: <Buffer 44 ec d1 5c ce 0a 9e 31>
auth nonce verified
handleSessionKeyResp: session key request succeeded! authFailureCount: 0
received 1 keys
currentSessionKey: [object Object]
Status: Secure connection closed before starting a new connection.
Session protocol: TCP
chosen commSessionKey: 
{ id: 50300210,
  cipherKeyVal: <Buffer 3b d2 0e 56 21 ef 62 dd 79 c0 fb 23 3d f2 53 bc>,
  macKeyVal: <Buffer 97 33 04 56 f0 ba 6d 3a 80 91 86 a1 4f 42 0a e6 c4 64 7c e7 8a 92 d5 e6 fc 6f 5f 1c e2 4e 3c 32>,
  absValidity: 2018-03-21T18:28:58.959Z,
  relValidity: 7200000 }
options
{ serverHost: '10.0.1.36',
  serverPort: 22100,
  sessionKey: 
   { id: 50300210,
     cipherKeyVal: <Buffer 3b d2 0e 56 21 ef 62 dd 79 c0 fb 23 3d f2 53 bc>,
     macKeyVal: <Buffer 97 33 04 56 f0 ba 6d 3a 80 91 86 a1 4f 42 0a e6 c4 64 7c e7 8a 92 d5 e6 fc 6f 5f 1c e2 4e 3c 32>,
     absValidity: 2018-03-21T18:28:58.959Z,
     relValidity: 7200000 },
  sessionCryptoSpec: { cipher: 'AES-128-CBC', mac: 'SHA256' },
  sessionProtocol: 'TCP',
  handshakeTimeout: 50000 }
chosen nonce: <Buffer 84 85 de af 6d 7b ef a1>
switching to HANDSHAKE_1_SENT
disconnected from auth
Handler: secure connection with the server closed.
received session key handshake2!
client ret: [object Object]
server authenticated/authorized by solving nonce!
Handler: communication initialization succeeded
file data length: 1024
sending at Tue Mar 20 2018 18:29:00 GMT+0000 (UTC)
switching to IN_COMM
received secure communication message!
Received seqNum: 0
Handler: data received from server via secure communication
data1
Resp-actual/expected/ratio/ts: 16 16 1 1521570541078
Distribution protocol: TCP
Resp-actual/expected/ratio/ts: 16 17 0.9411764705882353 1521570598793
connected to auth! from local port 55144
received auth hello!
{ authId: 503, nonce: <Buffer 6d e0 83 f9 e2 82 5d 47> }
received session key response encrypted with distribution key
replyNonce in sessionKeyResp: <Buffer 2f 9d 86 e0 d6 85 5d cc>
auth nonce verified
handleSessionKeyResp: session key request succeeded! authFailureCount: 0
received 1 keys
currentSessionKey: [object Object]
Status: Secure connection closed before starting a new connection.
Session protocol: TCP
chosen commSessionKey: 
{ id: 50300215,
  cipherKeyVal: <Buffer b0 b8 fb 96 84 45 e5 61 54 5a 76 45 fb 81 21 22>,
  macKeyVal: <Buffer 79 be c9 cc 91 40 46 d0 f6 d5 9f c4 27 bf 44 2b 18 d4 55 99 51 4b ce e8 81 3d 22 19 26 f9 fb 2e>,
  absValidity: 2018-03-21T18:29:59.040Z,
  relValidity: 7200000 }
options
{ serverHost: '10.0.1.36',
  serverPort: 22100,
  sessionKey: 
   { id: 50300215,
     cipherKeyVal: <Buffer b0 b8 fb 96 84 45 e5 61 54 5a 76 45 fb 81 21 22>,
     macKeyVal: <Buffer 79 be c9 cc 91 40 46 d0 f6 d5 9f c4 27 bf 44 2b 18 d4 55 99 51 4b ce e8 81 3d 22 19 26 f9 fb 2e>,
     absValidity: 2018-03-21T18:29:59.040Z,
     relValidity: 7200000 },
  sessionCryptoSpec: { cipher: 'AES-128-CBC', mac: 'SHA256' },
  sessionProtocol: 'TCP',
  handshakeTimeout: 50000 }
chosen nonce: <Buffer c0 6c 73 5f b5 00 3b e4>
switching to HANDSHAKE_1_SENT
disconnected from auth
Handler: secure connection with the server closed.
received session key handshake2!
client ret: [object Object]
server authenticated/authorized by solving nonce!
Handler: communication initialization succeeded
file data length: 1024
sending at Tue Mar 20 2018 18:30:00 GMT+0000 (UTC)
switching to IN_COMM
received secure communication message!
Received seqNum: 0
Handler: data received from server via secure communication
data1
Resp-actual/expected/ratio/ts: 17 17 1 1521570601169
Distribution protocol: TCP
Resp-actual/expected/ratio/ts: 17 18 0.9444444444444444 1521570658850
connected to auth! from local port 55364
received auth hello!
{ authId: 503, nonce: <Buffer 6e e8 64 1e 48 45 a9 4d> }
received session key response encrypted with distribution key
replyNonce in sessionKeyResp: <Buffer a1 a6 18 33 19 ee a4 b6>
auth nonce verified
handleSessionKeyResp: session key request succeeded! authFailureCount: 0
received 1 keys
currentSessionKey: [object Object]
Status: Secure connection closed before starting a new connection.
Session protocol: TCP
chosen commSessionKey: 
{ id: 50300220,
  cipherKeyVal: <Buffer f7 39 d8 1a fd a0 22 74 a1 d0 e0 35 d2 80 89 82>,
  macKeyVal: <Buffer ac 4c 29 f9 3b 6f 58 97 5a c9 eb f1 f7 07 a8 12 ae dc 58 ed 6d 2e 4c bb 08 41 06 2b 5c 5f ee a4>,
  absValidity: 2018-03-21T18:30:59.029Z,
  relValidity: 7200000 }
options
{ serverHost: '10.0.1.36',
  serverPort: 22100,
  sessionKey: 
   { id: 50300220,
     cipherKeyVal: <Buffer f7 39 d8 1a fd a0 22 74 a1 d0 e0 35 d2 80 89 82>,
     macKeyVal: <Buffer ac 4c 29 f9 3b 6f 58 97 5a c9 eb f1 f7 07 a8 12 ae dc 58 ed 6d 2e 4c bb 08 41 06 2b 5c 5f ee a4>,
     absValidity: 2018-03-21T18:30:59.029Z,
     relValidity: 7200000 },
  sessionCryptoSpec: { cipher: 'AES-128-CBC', mac: 'SHA256' },
  sessionProtocol: 'TCP',
  handshakeTimeout: 50000 }
chosen nonce: <Buffer f3 4f 69 e6 a3 6a fa 98>
switching to HANDSHAKE_1_SENT
disconnected from auth
Handler: secure connection with the server closed.
received session key handshake2!
client ret: [object Object]
server authenticated/authorized by solving nonce!
Handler: communication initialization succeeded
file data length: 1024
sending at Tue Mar 20 2018 18:31:00 GMT+0000 (UTC)
switching to IN_COMM
received secure communication message!
Received seqNum: 0
Handler: data received from server via secure communication
data1
Resp-actual/expected/ratio/ts: 18 18 1 1521570661194
Distribution protocol: TCP
Resp-actual/expected/ratio/ts: 18 19 0.9473684210526315 1521570718908
connected to auth! from local port 55584
received auth hello!
{ authId: 503, nonce: <Buffer ba 24 39 77 fa a9 f7 35> }
received session key response encrypted with distribution key
replyNonce in sessionKeyResp: <Buffer d6 af 74 a1 97 02 be 0a>
auth nonce verified
handleSessionKeyResp: session key request succeeded! authFailureCount: 0
received 1 keys
currentSessionKey: [object Object]
Status: Secure connection closed before starting a new connection.
Session protocol: TCP
chosen commSessionKey: 
{ id: 50300225,
  cipherKeyVal: <Buffer 9b b1 82 36 17 d2 fd 2c fe 24 92 65 88 58 41 2e>,
  macKeyVal: <Buffer 07 ea c5 43 5f e0 77 07 8e e2 61 5c 16 69 e8 6e bc d4 aa 90 13 79 09 51 5c 60 82 ec 68 a9 a8 c7>,
  absValidity: 2018-03-21T18:31:59.115Z,
  relValidity: 7200000 }
options
{ serverHost: '10.0.1.36',
  serverPort: 22100,
  sessionKey: 
   { id: 50300225,
     cipherKeyVal: <Buffer 9b b1 82 36 17 d2 fd 2c fe 24 92 65 88 58 41 2e>,
     macKeyVal: <Buffer 07 ea c5 43 5f e0 77 07 8e e2 61 5c 16 69 e8 6e bc d4 aa 90 13 79 09 51 5c 60 82 ec 68 a9 a8 c7>,
     absValidity: 2018-03-21T18:31:59.115Z,
     relValidity: 7200000 },
  sessionCryptoSpec: { cipher: 'AES-128-CBC', mac: 'SHA256' },
  sessionProtocol: 'TCP',
  handshakeTimeout: 50000 }
chosen nonce: <Buffer 2d 57 7d 71 f4 50 c8 10>
switching to HANDSHAKE_1_SENT
disconnected from auth
Handler: secure connection with the server closed.
received session key handshake2!
client ret: [object Object]
server authenticated/authorized by solving nonce!
Handler: communication initialization succeeded
file data length: 1024
sending at Tue Mar 20 2018 18:32:00 GMT+0000 (UTC)
switching to IN_COMM
received secure communication message!
Received seqNum: 0
Handler: data received from server via secure communication
data1
Resp-actual/expected/ratio/ts: 19 19 1 1521570721236
Distribution protocol: TCP
Resp-actual/expected/ratio/ts: 19 20 0.95 1521570778967
connected to auth! from local port 55804
received auth hello!
{ authId: 503, nonce: <Buffer 0b 8e 54 7a 2d 32 27 68> }
received session key response encrypted with distribution key
replyNonce in sessionKeyResp: <Buffer 12 3e a2 ae ef ea 81 6c>
auth nonce verified
handleSessionKeyResp: session key request succeeded! authFailureCount: 0
received 1 keys
currentSessionKey: [object Object]
Status: Secure connection closed before starting a new connection.
Session protocol: TCP
chosen commSessionKey: 
{ id: 50300230,
  cipherKeyVal: <Buffer e7 2f 6d 44 ed 8c eb 71 95 c5 39 6b 38 f0 ea 5c>,
  macKeyVal: <Buffer cd 64 d6 fb 96 b8 3b 28 09 77 13 dc 55 37 0b 37 4e 18 00 25 e5 b3 f4 96 cb f5 8b 5f a1 03 3d ce>,
  absValidity: 2018-03-21T18:32:59.181Z,
  relValidity: 7200000 }
options
{ serverHost: '10.0.1.36',
  serverPort: 22100,
  sessionKey: 
   { id: 50300230,
     cipherKeyVal: <Buffer e7 2f 6d 44 ed 8c eb 71 95 c5 39 6b 38 f0 ea 5c>,
     macKeyVal: <Buffer cd 64 d6 fb 96 b8 3b 28 09 77 13 dc 55 37 0b 37 4e 18 00 25 e5 b3 f4 96 cb f5 8b 5f a1 03 3d ce>,
     absValidity: 2018-03-21T18:32:59.181Z,
     relValidity: 7200000 },
  sessionCryptoSpec: { cipher: 'AES-128-CBC', mac: 'SHA256' },
  sessionProtocol: 'TCP',
  handshakeTimeout: 50000 }
chosen nonce: <Buffer fd 2a f2 58 d4 96 d5 46>
switching to HANDSHAKE_1_SENT
disconnected from auth
Handler: secure connection with the server closed.
received session key handshake2!
client ret: [object Object]
server authenticated/authorized by solving nonce!
Handler: communication initialization succeeded
file data length: 1024
sending at Tue Mar 20 2018 18:33:00 GMT+0000 (UTC)
switching to IN_COMM
received secure communication message!
Received seqNum: 0
Handler: data received from server via secure communication
data1
Resp-actual/expected/ratio/ts: 20 20 1 1521570781256
Distribution protocol: TCP
Resp-actual/expected/ratio/ts: 20 21 0.9523809523809523 1521570839000
connected to auth! from local port 56024
received auth hello!
{ authId: 503, nonce: <Buffer 28 cd 3f 1e 02 c3 0a 8d> }
received session key response encrypted with distribution key
replyNonce in sessionKeyResp: <Buffer de 04 2a 9f 05 30 84 e7>
auth nonce verified
handleSessionKeyResp: session key request succeeded! authFailureCount: 0
received 1 keys
currentSessionKey: [object Object]
Status: Secure connection closed before starting a new connection.
Session protocol: TCP
chosen commSessionKey: 
{ id: 50300235,
  cipherKeyVal: <Buffer 2c 05 cb b7 1e da 61 75 e2 84 0e 3b 0b 37 4d a4>,
  macKeyVal: <Buffer c5 6a dc 3f 91 81 6f 7e a6 0e 27 35 fd 86 73 44 53 44 47 80 c9 07 02 4c 16 cb bc b4 01 61 0c 4e>,
  absValidity: 2018-03-21T18:33:59.257Z,
  relValidity: 7200000 }
options
{ serverHost: '10.0.1.36',
  serverPort: 22100,
  sessionKey: 
   { id: 50300235,
     cipherKeyVal: <Buffer 2c 05 cb b7 1e da 61 75 e2 84 0e 3b 0b 37 4d a4>,
     macKeyVal: <Buffer c5 6a dc 3f 91 81 6f 7e a6 0e 27 35 fd 86 73 44 53 44 47 80 c9 07 02 4c 16 cb bc b4 01 61 0c 4e>,
     absValidity: 2018-03-21T18:33:59.257Z,
     relValidity: 7200000 },
  sessionCryptoSpec: { cipher: 'AES-128-CBC', mac: 'SHA256' },
  sessionProtocol: 'TCP',
  handshakeTimeout: 50000 }
chosen nonce: <Buffer fd b0 8c de 7a 1f 72 d1>
switching to HANDSHAKE_1_SENT
disconnected from auth
Handler: secure connection with the server closed.
received session key handshake2!
client ret: [object Object]
server authenticated/authorized by solving nonce!
Handler: communication initialization succeeded
file data length: 1024
sending at Tue Mar 20 2018 18:34:01 GMT+0000 (UTC)
switching to IN_COMM
received secure communication message!
Received seqNum: 0
Handler: data received from server via secure communication
data1
Resp-actual/expected/ratio/ts: 21 21 1 1521570841268
Distribution protocol: TCP
Resp-actual/expected/ratio/ts: 21 22 0.9545454545454546 1521570899043
connected to auth! from local port 56244
received auth hello!
{ authId: 503, nonce: <Buffer b8 28 78 ec 5d b0 db c6> }
received session key response encrypted with distribution key
replyNonce in sessionKeyResp: <Buffer f1 37 1c c6 30 47 84 e8>
auth nonce verified
handleSessionKeyResp: session key request succeeded! authFailureCount: 0
received 1 keys
currentSessionKey: [object Object]
Status: Secure connection closed before starting a new connection.
Session protocol: TCP
chosen commSessionKey: 
{ id: 50300240,
  cipherKeyVal: <Buffer ba af 2a a5 ea c8 5e b1 6d e3 b9 c0 98 31 5d e6>,
  macKeyVal: <Buffer 8c bc ec 79 cd af 3e 09 8e d0 cf bf 48 2a a9 25 7a 72 4e 99 24 0e 09 a4 e0 3c 00 ab 12 cc 65 74>,
  absValidity: 2018-03-21T18:34:59.294Z,
  relValidity: 7200000 }
options
{ serverHost: '10.0.1.36',
  serverPort: 22100,
  sessionKey: 
   { id: 50300240,
     cipherKeyVal: <Buffer ba af 2a a5 ea c8 5e b1 6d e3 b9 c0 98 31 5d e6>,
     macKeyVal: <Buffer 8c bc ec 79 cd af 3e 09 8e d0 cf bf 48 2a a9 25 7a 72 4e 99 24 0e 09 a4 e0 3c 00 ab 12 cc 65 74>,
     absValidity: 2018-03-21T18:34:59.294Z,
     relValidity: 7200000 },
  sessionCryptoSpec: { cipher: 'AES-128-CBC', mac: 'SHA256' },
  sessionProtocol: 'TCP',
  handshakeTimeout: 50000 }
chosen nonce: <Buffer aa cd e8 4d 3f 0e f1 87>
switching to HANDSHAKE_1_SENT
disconnected from auth
Handler: secure connection with the server closed.
received session key handshake2!
client ret: [object Object]
server authenticated/authorized by solving nonce!
Handler: communication initialization succeeded
file data length: 1024
sending at Tue Mar 20 2018 18:35:01 GMT+0000 (UTC)
switching to IN_COMM
received secure communication message!
Received seqNum: 0
Handler: data received from server via secure communication
data1
Resp-actual/expected/ratio/ts: 22 22 1 1521570901391
Distribution protocol: TCP
Resp-actual/expected/ratio/ts: 22 23 0.9565217391304348 1521570959101
connected to auth! from local port 56464
received auth hello!
{ authId: 503, nonce: <Buffer 4d 84 a0 ac 45 9c 28 12> }
received session key response encrypted with distribution key
replyNonce in sessionKeyResp: <Buffer fc 7a 92 eb 8e 1f c3 c5>
auth nonce verified
handleSessionKeyResp: session key request succeeded! authFailureCount: 0
received 1 keys
currentSessionKey: [object Object]
Status: Secure connection closed before starting a new connection.
Session protocol: TCP
chosen commSessionKey: 
{ id: 50300245,
  cipherKeyVal: <Buffer e5 ef 62 1d 76 3a 69 2d 93 8f 4b ad 7b a9 5d 8a>,
  macKeyVal: <Buffer 4a 9d 8a fc de 23 3c 88 16 81 b3 b4 14 3b e5 da 4f 45 d6 51 85 dc 64 45 0e b9 5e 1c d2 cc d9 13>,
  absValidity: 2018-03-21T18:35:59.308Z,
  relValidity: 7200000 }
options
{ serverHost: '10.0.1.36',
  serverPort: 22100,
  sessionKey: 
   { id: 50300245,
     cipherKeyVal: <Buffer e5 ef 62 1d 76 3a 69 2d 93 8f 4b ad 7b a9 5d 8a>,
     macKeyVal: <Buffer 4a 9d 8a fc de 23 3c 88 16 81 b3 b4 14 3b e5 da 4f 45 d6 51 85 dc 64 45 0e b9 5e 1c d2 cc d9 13>,
     absValidity: 2018-03-21T18:35:59.308Z,
     relValidity: 7200000 },
  sessionCryptoSpec: { cipher: 'AES-128-CBC', mac: 'SHA256' },
  sessionProtocol: 'TCP',
  handshakeTimeout: 50000 }
chosen nonce: <Buffer 5b bf 52 ea 48 84 27 f9>
switching to HANDSHAKE_1_SENT
disconnected from auth
Handler: secure connection with the server closed.
received session key handshake2!
client ret: [object Object]
server authenticated/authorized by solving nonce!
Handler: communication initialization succeeded
file data length: 1024
sending at Tue Mar 20 2018 18:36:01 GMT+0000 (UTC)
switching to IN_COMM
received secure communication message!
Received seqNum: 0
Handler: data received from server via secure communication
data1
Resp-actual/expected/ratio/ts: 23 23 1 1521570961394
Distribution protocol: TCP
Resp-actual/expected/ratio/ts: 23 24 0.9583333333333334 1521571019132
connected to auth! from local port 56682
received auth hello!
{ authId: 503, nonce: <Buffer e5 72 06 91 91 13 ec c6> }
received session key response encrypted with distribution key
replyNonce in sessionKeyResp: <Buffer 2e be 40 0c 71 50 1e df>
auth nonce verified
handleSessionKeyResp: session key request succeeded! authFailureCount: 0
received 1 keys
currentSessionKey: [object Object]
Status: Secure connection closed before starting a new connection.
Session protocol: TCP
chosen commSessionKey: 
{ id: 50300250,
  cipherKeyVal: <Buffer d7 5b 2b e8 76 b1 a1 ee ff 31 83 aa c3 81 06 b8>,
  macKeyVal: <Buffer 05 84 88 f8 e8 1e 83 f6 ec c5 31 11 e8 fd 1b b0 36 30 83 0a 5e 0a 52 59 30 89 94 5f b0 a2 ef b6>,
  absValidity: 2018-03-21T18:36:59.374Z,
  relValidity: 7200000 }
options
{ serverHost: '10.0.1.36',
  serverPort: 22100,
  sessionKey: 
   { id: 50300250,
     cipherKeyVal: <Buffer d7 5b 2b e8 76 b1 a1 ee ff 31 83 aa c3 81 06 b8>,
     macKeyVal: <Buffer 05 84 88 f8 e8 1e 83 f6 ec c5 31 11 e8 fd 1b b0 36 30 83 0a 5e 0a 52 59 30 89 94 5f b0 a2 ef b6>,
     absValidity: 2018-03-21T18:36:59.374Z,
     relValidity: 7200000 },
  sessionCryptoSpec: { cipher: 'AES-128-CBC', mac: 'SHA256' },
  sessionProtocol: 'TCP',
  handshakeTimeout: 50000 }
chosen nonce: <Buffer e6 3f 51 b1 36 1a 08 94>
switching to HANDSHAKE_1_SENT
disconnected from auth
Handler: secure connection with the server closed.
received session key handshake2!
client ret: [object Object]
server authenticated/authorized by solving nonce!
Handler: communication initialization succeeded
file data length: 1024
sending at Tue Mar 20 2018 18:37:01 GMT+0000 (UTC)
switching to IN_COMM
received secure communication message!
Received seqNum: 0
Handler: data received from server via secure communication
data1
Resp-actual/expected/ratio/ts: 24 24 1 1521571021410
Distribution protocol: TCP
Resp-actual/expected/ratio/ts: 24 25 0.96 1521571079189
connected to auth! from local port 56900
received auth hello!
{ authId: 503, nonce: <Buffer ff e0 f4 1a 86 62 a6 60> }
received session key response encrypted with distribution key
replyNonce in sessionKeyResp: <Buffer 8f d8 18 81 1a 6a e9 2e>
auth nonce verified
handleSessionKeyResp: session key request succeeded! authFailureCount: 0
received 1 keys
currentSessionKey: [object Object]
Status: Secure connection closed before starting a new connection.
Session protocol: TCP
chosen commSessionKey: 
{ id: 50300255,
  cipherKeyVal: <Buffer 1f 1e 72 4a 8b 98 7c cc bc 09 24 eb ab d2 7d 4b>,
  macKeyVal: <Buffer 39 f1 b4 6f 79 cc 52 71 3d 6d 48 de 2c 11 cd 66 6e d0 67 6e 39 7e ed d0 df 90 a8 82 e8 c0 f3 a3>,
  absValidity: 2018-03-21T18:37:59.450Z,
  relValidity: 7200000 }
options
{ serverHost: '10.0.1.36',
  serverPort: 22100,
  sessionKey: 
   { id: 50300255,
     cipherKeyVal: <Buffer 1f 1e 72 4a 8b 98 7c cc bc 09 24 eb ab d2 7d 4b>,
     macKeyVal: <Buffer 39 f1 b4 6f 79 cc 52 71 3d 6d 48 de 2c 11 cd 66 6e d0 67 6e 39 7e ed d0 df 90 a8 82 e8 c0 f3 a3>,
     absValidity: 2018-03-21T18:37:59.450Z,
     relValidity: 7200000 },
  sessionCryptoSpec: { cipher: 'AES-128-CBC', mac: 'SHA256' },
  sessionProtocol: 'TCP',
  handshakeTimeout: 50000 }
chosen nonce: <Buffer 64 0d 1b 76 db a8 1f a3>
switching to HANDSHAKE_1_SENT
disconnected from auth
Handler: secure connection with the server closed.
received session key handshake2!
client ret: [object Object]
server authenticated/authorized by solving nonce!
Handler: communication initialization succeeded
file data length: 1024
sending at Tue Mar 20 2018 18:38:01 GMT+0000 (UTC)
switching to IN_COMM
received secure communication message!
Received seqNum: 0
Handler: data received from server via secure communication
data1
Resp-actual/expected/ratio/ts: 25 25 1 1521571081465
Distribution protocol: TCP
Resp-actual/expected/ratio/ts: 25 26 0.9615384615384616 1521571139242
connected to auth! from local port 57118
received auth hello!
{ authId: 503, nonce: <Buffer 80 8e 9d b6 8f d7 52 95> }
received session key response encrypted with distribution key
replyNonce in sessionKeyResp: <Buffer b5 6a fa fc ea 70 da 6c>
auth nonce verified
handleSessionKeyResp: session key request succeeded! authFailureCount: 0
received 1 keys
currentSessionKey: [object Object]
Status: Secure connection closed before starting a new connection.
Session protocol: TCP
chosen commSessionKey: 
{ id: 50300260,
  cipherKeyVal: <Buffer e8 8e 4c 6d 87 40 34 6d 10 15 9d 62 c3 81 f8 a5>,
  macKeyVal: <Buffer 3e b5 94 6a db a5 5a a4 b9 b5 0c 82 2f ee f4 ee 44 f0 ea 8e aa a0 c4 a0 e9 8a c7 99 04 0a 11 eb>,
  absValidity: 2018-03-21T18:38:59.475Z,
  relValidity: 7200000 }
options
{ serverHost: '10.0.1.36',
  serverPort: 22100,
  sessionKey: 
   { id: 50300260,
     cipherKeyVal: <Buffer e8 8e 4c 6d 87 40 34 6d 10 15 9d 62 c3 81 f8 a5>,
     macKeyVal: <Buffer 3e b5 94 6a db a5 5a a4 b9 b5 0c 82 2f ee f4 ee 44 f0 ea 8e aa a0 c4 a0 e9 8a c7 99 04 0a 11 eb>,
     absValidity: 2018-03-21T18:38:59.475Z,
     relValidity: 7200000 },
  sessionCryptoSpec: { cipher: 'AES-128-CBC', mac: 'SHA256' },
  sessionProtocol: 'TCP',
  handshakeTimeout: 50000 }
chosen nonce: <Buffer 6b 79 e9 b7 9a 39 ae ce>
switching to HANDSHAKE_1_SENT
disconnected from auth
Handler: secure connection with the server closed.
received session key handshake2!
client ret: [object Object]
server authenticated/authorized by solving nonce!
Handler: communication initialization succeeded
file data length: 1024
sending at Tue Mar 20 2018 18:39:01 GMT+0000 (UTC)
switching to IN_COMM
received secure communication message!
Received seqNum: 0
Handler: data received from server via secure communication
data1
Resp-actual/expected/ratio/ts: 26 26 1 1521571141428
Distribution protocol: TCP
Resp-actual/expected/ratio/ts: 26 27 0.9629629629629629 1521571199258
connected to auth! from local port 57336
received auth hello!
{ authId: 503, nonce: <Buffer 34 74 ce aa a3 7f 79 03> }
received session key response encrypted with distribution key
replyNonce in sessionKeyResp: <Buffer 8b 44 86 8f 53 bd a7 51>
auth nonce verified
handleSessionKeyResp: session key request succeeded! authFailureCount: 0
received 1 keys
currentSessionKey: [object Object]
Status: Secure connection closed before starting a new connection.
Session protocol: TCP
chosen commSessionKey: 
{ id: 50300265,
  cipherKeyVal: <Buffer a5 dd fd 9f 27 a3 45 9e 3f 1e 3b ba c3 9f 49 b0>,
  macKeyVal: <Buffer 3a 56 9b 6d 41 49 1d 83 80 ea 2c 05 1d 46 37 3e 9d 60 e5 16 68 b3 55 1e ad d9 5a 1f c1 1b e9 88>,
  absValidity: 2018-03-21T18:39:59.559Z,
  relValidity: 7200000 }
options
{ serverHost: '10.0.1.36',
  serverPort: 22100,
  sessionKey: 
   { id: 50300265,
     cipherKeyVal: <Buffer a5 dd fd 9f 27 a3 45 9e 3f 1e 3b ba c3 9f 49 b0>,
     macKeyVal: <Buffer 3a 56 9b 6d 41 49 1d 83 80 ea 2c 05 1d 46 37 3e 9d 60 e5 16 68 b3 55 1e ad d9 5a 1f c1 1b e9 88>,
     absValidity: 2018-03-21T18:39:59.559Z,
     relValidity: 7200000 },
  sessionCryptoSpec: { cipher: 'AES-128-CBC', mac: 'SHA256' },
  sessionProtocol: 'TCP',
  handshakeTimeout: 50000 }
chosen nonce: <Buffer e6 a6 cf 66 d1 d2 86 96>
switching to HANDSHAKE_1_SENT
disconnected from auth
Handler: secure connection with the server closed.
received session key handshake2!
client ret: [object Object]
server authenticated/authorized by solving nonce!
Handler: communication initialization succeeded
file data length: 1024
sending at Tue Mar 20 2018 18:40:01 GMT+0000 (UTC)
switching to IN_COMM
received secure communication message!
Received seqNum: 0
Handler: data received from server via secure communication
data1
Resp-actual/expected/ratio/ts: 27 27 1 1521571201514
Distribution protocol: TCP
Resp-actual/expected/ratio/ts: 27 28 0.9642857142857143 1521571259265
connected to auth! from local port 57482
received auth hello!
{ authId: 503, nonce: <Buffer 93 84 57 c7 19 93 d0 3e> }
received session key response encrypted with distribution key
replyNonce in sessionKeyResp: <Buffer 91 7d 91 b8 c9 1d c2 eb>
auth nonce verified
handleSessionKeyResp: session key request succeeded! authFailureCount: 0
received 1 keys
currentSessionKey: [object Object]
Status: Secure connection closed before starting a new connection.
Session protocol: TCP
chosen commSessionKey: 
{ id: 50300270,
  cipherKeyVal: <Buffer 29 9e f0 28 f4 e4 e9 dd d6 a6 84 33 54 a8 58 7e>,
  macKeyVal: <Buffer 3d 26 45 f1 c5 73 36 a8 fd de 1e d8 62 00 6f 76 6d 68 b7 d1 42 71 9f 3e 29 68 a2 55 ff 29 9e 2c>,
  absValidity: 2018-03-21T18:40:59.452Z,
  relValidity: 7200000 }
options
{ serverHost: '10.0.1.36',
  serverPort: 22100,
  sessionKey: 
   { id: 50300270,
     cipherKeyVal: <Buffer 29 9e f0 28 f4 e4 e9 dd d6 a6 84 33 54 a8 58 7e>,
     macKeyVal: <Buffer 3d 26 45 f1 c5 73 36 a8 fd de 1e d8 62 00 6f 76 6d 68 b7 d1 42 71 9f 3e 29 68 a2 55 ff 29 9e 2c>,
     absValidity: 2018-03-21T18:40:59.452Z,
     relValidity: 7200000 },
  sessionCryptoSpec: { cipher: 'AES-128-CBC', mac: 'SHA256' },
  sessionProtocol: 'TCP',
  handshakeTimeout: 50000 }
chosen nonce: <Buffer a8 95 94 f7 f4 5c 98 4b>
switching to HANDSHAKE_1_SENT
disconnected from auth
Handler: secure connection with the server closed.
received session key handshake2!
client ret: [object Object]
server authenticated/authorized by solving nonce!
Handler: communication initialization succeeded
file data length: 1024
sending at Tue Mar 20 2018 18:41:01 GMT+0000 (UTC)
switching to IN_COMM
received secure communication message!
Received seqNum: 0
Handler: data received from server via secure communication
data1
Resp-actual/expected/ratio/ts: 28 28 1 1521571261576
