changing working directory to: /home/hokeunkim/Development/iotauth/entity/node/example_entities
loading from config file: /home/hokeunkim/Development/iotauth_experiments/experiments/ccs2017/expOptions/expEntity.option
Experimental options for autoClient: { autoSendPeriod: 60000,
  useSameSessionKeyCount: 1,
  connectionTimeout: 50000,
  migrationEnabled: false,
  authFailureThreshold: 2,
  migrationFailureThreshold: 2 }
loading from config file: /home/hokeunkim/Development/iotauth/entity/node/example_entities/configs/Clients/c408.config
initializing...
current parameters: { numKeysPerRequest: 3,
  migrationEnabled: false,
  authFailureThreshold: 3,
  migrationFailureThreshold: 3 }
current parameters: { numKeysPerRequest: 1,
  migrationEnabled: false,
  authFailureThreshold: 3,
  migrationFailureThreshold: 3 }
current parameters: { numKeysPerRequest: 1,
  migrationEnabled: false,
  authFailureThreshold: 3,
  migrationFailureThreshold: 3 }
current parameters: { numKeysPerRequest: 1,
  migrationEnabled: false,
  authFailureThreshold: 2,
  migrationFailureThreshold: 3 }
current parameters: { numKeysPerRequest: 1,
  migrationEnabled: false,
  authFailureThreshold: 2,
  migrationFailureThreshold: 2 }
current entityInfo: { name: 'c408',
  group: 'Clients',
  distProtocol: 'TCP',
  usePermanentDistKey: false,
  connectionTimeout: 50000,
  privateKey: <Buffer 2d 2d 2d 2d 2d 42 45 47 49 4e 20 52 53 41 20 50 52 49 56 41 54 45 20 4b 45 59 2d 2d 2d 2d 2d 0a 4d 49 49 45 6f 67 49 42 41 41 4b 43 41 51 45 41 35 69 ... > }
Distribution protocol: TCP
Resp-actual/expected/ratio/ts: 0 1 0 1521680067056
connected to auth! from local port 53702
received auth hello!
{ authId: 402, nonce: <Buffer 6b 0e f5 6a db 9a 12 58> }
received session key response with distribution key attached!
auth signature verified
replyNonce in sessionKeyResp: <Buffer 0f bd 41 a2 3d 9a 7e cc>
auth nonce verified
updating distribution key: { cipherKeyVal: <Buffer 49 28 b6 87 b4 63 b5 50 66 53 88 b3 8b 5a 75 f5>,
  macKeyVal: <Buffer 6a a4 1a bf 5c 6d 3b 86 9d a3 9e df 4d ae 71 0f 9d 9e 6f 26 99 ac b8 59 ad 78 30 9f b7 15 6b 0d>,
  absValidity: 2018-03-22T01:54:27.237Z }
received 1 keys
currentSessionKey: [object Object]
Session protocol: TCP
chosen commSessionKey: 
{ id: 40200888,
  cipherKeyVal: <Buffer 97 cb b2 fd f3 88 33 24 72 71 09 c5 d2 5d 5a 28>,
  macKeyVal: <Buffer 23 78 0b 5e 92 06 57 f5 d8 ce a9 e6 1d 02 21 c5 a6 f0 b4 f2 36 26 6e 43 5b 0d 8a e3 bf 3a 43 a3>,
  absValidity: 2018-03-23T00:54:27.237Z,
  relValidity: 7200000 }
options
{ serverHost: '10.0.1.13',
  serverPort: 22100,
  sessionKey: 
   { id: 40200888,
     cipherKeyVal: <Buffer 97 cb b2 fd f3 88 33 24 72 71 09 c5 d2 5d 5a 28>,
     macKeyVal: <Buffer 23 78 0b 5e 92 06 57 f5 d8 ce a9 e6 1d 02 21 c5 a6 f0 b4 f2 36 26 6e 43 5b 0d 8a e3 bf 3a 43 a3>,
     absValidity: 2018-03-23T00:54:27.237Z,
     relValidity: 7200000 },
  sessionCryptoSpec: { cipher: 'AES-128-CBC', mac: 'SHA256' },
  sessionProtocol: 'TCP',
  handshakeTimeout: 50000 }
disconnected from auth
chosen nonce: <Buffer 55 cb f9 e8 c9 80 c2 6d>
switching to HANDSHAKE_1_SENT
received session key handshake2!
client ret: [object Object]
server authenticated/authorized by solving nonce!
Handler: communication initialization succeeded
file data length: 1024
sending at Thu Mar 22 2018 00:54:27 GMT+0000 (UTC)
switching to IN_COMM
received secure communication message!
Received seqNum: 0
Handler: data received from server via secure communication
data1
Resp-actual/expected/ratio/ts: 1 1 1 1521680068131
Distribution protocol: TCP
Resp-actual/expected/ratio/ts: 1 2 0.5 1521680127086
connected to auth! from local port 53858
received auth hello!
{ authId: 402, nonce: <Buffer 7a b7 f5 98 91 31 5a 95> }
received session key response encrypted with distribution key
replyNonce in sessionKeyResp: <Buffer f3 c5 cb b1 5b 40 56 03>
auth nonce verified
received 1 keys
currentSessionKey: [object Object]
Status: Secure connection closed before starting a new connection.
Session protocol: TCP
chosen commSessionKey: 
{ id: 40200895,
  cipherKeyVal: <Buffer 56 fa c5 fa 5c fd 5c da 85 e8 59 df 5d 65 19 3b>,
  macKeyVal: <Buffer 24 3d bb 7d c7 22 2e 79 ef 7b 6e cb 9a 87 f7 33 0c 09 87 10 00 3a b7 43 be 0f 9e 1a 13 45 f0 32>,
  absValidity: 2018-03-23T00:55:27.227Z,
  relValidity: 7200000 }
options
{ serverHost: '10.0.1.13',
  serverPort: 22100,
  sessionKey: 
   { id: 40200895,
     cipherKeyVal: <Buffer 56 fa c5 fa 5c fd 5c da 85 e8 59 df 5d 65 19 3b>,
     macKeyVal: <Buffer 24 3d bb 7d c7 22 2e 79 ef 7b 6e cb 9a 87 f7 33 0c 09 87 10 00 3a b7 43 be 0f 9e 1a 13 45 f0 32>,
     absValidity: 2018-03-23T00:55:27.227Z,
     relValidity: 7200000 },
  sessionCryptoSpec: { cipher: 'AES-128-CBC', mac: 'SHA256' },
  sessionProtocol: 'TCP',
  handshakeTimeout: 50000 }
chosen nonce: <Buffer bb 9f cb 42 f3 65 7f 52>
switching to HANDSHAKE_1_SENT
disconnected from auth
Handler: secure connection with the server closed.
received session key handshake2!
client ret: [object Object]
server authenticated/authorized by solving nonce!
Handler: communication initialization succeeded
file data length: 1024
sending at Thu Mar 22 2018 00:55:27 GMT+0000 (UTC)
switching to IN_COMM
received secure communication message!
Received seqNum: 0
Handler: data received from server via secure communication
data1
Resp-actual/expected/ratio/ts: 2 2 1 1521680128027
Distribution protocol: TCP
Resp-actual/expected/ratio/ts: 2 3 0.6666666666666666 1521680187141
connected to auth! from local port 54120
received auth hello!
{ authId: 402, nonce: <Buffer 9b 97 7b 34 8f cd 83 df> }
received session key response encrypted with distribution key
replyNonce in sessionKeyResp: <Buffer 42 4d f8 f0 b2 eb 3b 2b>
auth nonce verified
received 1 keys
currentSessionKey: [object Object]
Status: Secure connection closed before starting a new connection.
Session protocol: TCP
chosen commSessionKey: 
{ id: 40200902,
  cipherKeyVal: <Buffer 86 1f 77 76 f8 51 a2 fc 10 2a a2 82 07 dc 34 15>,
  macKeyVal: <Buffer c2 53 ee 0c 35 66 21 a5 79 0a cf cd 84 ec b5 1e 55 b2 05 1b f9 e5 7e f3 14 ad 42 58 0b 07 84 33>,
  absValidity: 2018-03-23T00:56:27.308Z,
  relValidity: 7200000 }
options
{ serverHost: '10.0.1.13',
  serverPort: 22100,
  sessionKey: 
   { id: 40200902,
     cipherKeyVal: <Buffer 86 1f 77 76 f8 51 a2 fc 10 2a a2 82 07 dc 34 15>,
     macKeyVal: <Buffer c2 53 ee 0c 35 66 21 a5 79 0a cf cd 84 ec b5 1e 55 b2 05 1b f9 e5 7e f3 14 ad 42 58 0b 07 84 33>,
     absValidity: 2018-03-23T00:56:27.308Z,
     relValidity: 7200000 },
  sessionCryptoSpec: { cipher: 'AES-128-CBC', mac: 'SHA256' },
  sessionProtocol: 'TCP',
  handshakeTimeout: 50000 }
chosen nonce: <Buffer 07 f5 68 84 3d f5 83 05>
switching to HANDSHAKE_1_SENT
disconnected from auth
Handler: secure connection with the server closed.
received session key handshake2!
client ret: [object Object]
server authenticated/authorized by solving nonce!
Handler: communication initialization succeeded
file data length: 1024
sending at Thu Mar 22 2018 00:56:27 GMT+0000 (UTC)
switching to IN_COMM
received secure communication message!
Received seqNum: 0
Handler: data received from server via secure communication
data1
Resp-actual/expected/ratio/ts: 3 3 1 1521680188184
Distribution protocol: TCP
Resp-actual/expected/ratio/ts: 3 4 0.75 1521680247164
connected to auth! from local port 54390
received auth hello!
{ authId: 402, nonce: <Buffer 26 cc 24 5a 7e 2e a7 e0> }
received session key response encrypted with distribution key
replyNonce in sessionKeyResp: <Buffer f5 9b 12 15 2d 68 d8 c4>
auth nonce verified
received 1 keys
currentSessionKey: [object Object]
Status: Secure connection closed before starting a new connection.
Session protocol: TCP
chosen commSessionKey: 
{ id: 40200909,
  cipherKeyVal: <Buffer bb 27 8b d8 71 1e e7 c4 13 de a9 16 7b 15 89 da>,
  macKeyVal: <Buffer cc c3 2a 9c 62 94 84 87 6f 88 19 dc 11 16 9b 83 02 2d 96 62 71 c3 71 c4 bf b6 69 2a 67 09 6f 5a>,
  absValidity: 2018-03-23T00:57:27.329Z,
  relValidity: 7200000 }
options
{ serverHost: '10.0.1.13',
  serverPort: 22100,
  sessionKey: 
   { id: 40200909,
     cipherKeyVal: <Buffer bb 27 8b d8 71 1e e7 c4 13 de a9 16 7b 15 89 da>,
     macKeyVal: <Buffer cc c3 2a 9c 62 94 84 87 6f 88 19 dc 11 16 9b 83 02 2d 96 62 71 c3 71 c4 bf b6 69 2a 67 09 6f 5a>,
     absValidity: 2018-03-23T00:57:27.329Z,
     relValidity: 7200000 },
  sessionCryptoSpec: { cipher: 'AES-128-CBC', mac: 'SHA256' },
  sessionProtocol: 'TCP',
  handshakeTimeout: 50000 }
chosen nonce: <Buffer 77 7f b5 f5 32 01 6f da>
switching to HANDSHAKE_1_SENT
disconnected from auth
Handler: secure connection with the server closed.
received session key handshake2!
client ret: [object Object]
server authenticated/authorized by solving nonce!
Handler: communication initialization succeeded
file data length: 1024
sending at Thu Mar 22 2018 00:57:27 GMT+0000 (UTC)
switching to IN_COMM
received secure communication message!
Received seqNum: 0
Handler: data received from server via secure communication
data1
Resp-actual/expected/ratio/ts: 4 4 1 1521680248079
Distribution protocol: TCP
Resp-actual/expected/ratio/ts: 4 5 0.8 1521680307222
connected to auth! from local port 54660
received auth hello!
{ authId: 402, nonce: <Buffer e9 e5 27 9e 01 c1 f3 df> }
received session key response encrypted with distribution key
replyNonce in sessionKeyResp: <Buffer 93 05 d4 ec 28 91 20 12>
auth nonce verified
received 1 keys
currentSessionKey: [object Object]
Status: Secure connection closed before starting a new connection.
Session protocol: TCP
chosen commSessionKey: 
{ id: 40200916,
  cipherKeyVal: <Buffer d6 35 b8 af 9b 8e 09 39 84 e4 04 b1 98 1e 53 d8>,
  macKeyVal: <Buffer 14 3e b4 20 f1 fd 72 21 4d dd f5 90 f0 4d ae 1b 5a 69 ac 88 a8 0d 00 c4 c0 ac c8 00 ca ea e0 8e>,
  absValidity: 2018-03-23T00:58:27.400Z,
  relValidity: 7200000 }
options
{ serverHost: '10.0.1.13',
  serverPort: 22100,
  sessionKey: 
   { id: 40200916,
     cipherKeyVal: <Buffer d6 35 b8 af 9b 8e 09 39 84 e4 04 b1 98 1e 53 d8>,
     macKeyVal: <Buffer 14 3e b4 20 f1 fd 72 21 4d dd f5 90 f0 4d ae 1b 5a 69 ac 88 a8 0d 00 c4 c0 ac c8 00 ca ea e0 8e>,
     absValidity: 2018-03-23T00:58:27.400Z,
     relValidity: 7200000 },
  sessionCryptoSpec: { cipher: 'AES-128-CBC', mac: 'SHA256' },
  sessionProtocol: 'TCP',
  handshakeTimeout: 50000 }
chosen nonce: <Buffer 9b ec 66 3d 0b 9e 91 48>
switching to HANDSHAKE_1_SENT
disconnected from auth
Handler: secure connection with the server closed.
received session key handshake2!
client ret: [object Object]
server authenticated/authorized by solving nonce!
Handler: communication initialization succeeded
file data length: 1024
sending at Thu Mar 22 2018 00:58:28 GMT+0000 (UTC)
switching to IN_COMM
received secure communication message!
Received seqNum: 0
Handler: data received from server via secure communication
data1
Resp-actual/expected/ratio/ts: 5 5 1 1521680308283
Distribution protocol: TCP
Resp-actual/expected/ratio/ts: 5 6 0.8333333333333334 1521680367281
connected to auth! from local port 54930
received auth hello!
{ authId: 402, nonce: <Buffer 51 b4 81 8d 45 18 55 7f> }
received session key response encrypted with distribution key
replyNonce in sessionKeyResp: <Buffer d7 38 eb ee 76 2b aa 70>
auth nonce verified
received 1 keys
currentSessionKey: [object Object]
Status: Secure connection closed before starting a new connection.
Session protocol: TCP
chosen commSessionKey: 
{ id: 40200923,
  cipherKeyVal: <Buffer 7a 35 04 49 71 86 8b c8 4a 01 a7 ae a7 c8 c9 e4>,
  macKeyVal: <Buffer e0 11 0d 19 27 d9 bf 7d 0e ba 01 fa 7f a3 e7 e0 63 47 12 e9 2f d0 9c 08 f7 cc fe 39 e5 b8 45 19>,
  absValidity: 2018-03-23T00:59:27.444Z,
  relValidity: 7200000 }
options
{ serverHost: '10.0.1.13',
  serverPort: 22100,
  sessionKey: 
   { id: 40200923,
     cipherKeyVal: <Buffer 7a 35 04 49 71 86 8b c8 4a 01 a7 ae a7 c8 c9 e4>,
     macKeyVal: <Buffer e0 11 0d 19 27 d9 bf 7d 0e ba 01 fa 7f a3 e7 e0 63 47 12 e9 2f d0 9c 08 f7 cc fe 39 e5 b8 45 19>,
     absValidity: 2018-03-23T00:59:27.444Z,
     relValidity: 7200000 },
  sessionCryptoSpec: { cipher: 'AES-128-CBC', mac: 'SHA256' },
  sessionProtocol: 'TCP',
  handshakeTimeout: 50000 }
chosen nonce: <Buffer 67 2f 31 7a f4 4f a0 f3>
switching to HANDSHAKE_1_SENT
disconnected from auth
Handler: secure connection with the server closed.
received session key handshake2!
client ret: [object Object]
server authenticated/authorized by solving nonce!
Handler: communication initialization succeeded
file data length: 1024
sending at Thu Mar 22 2018 00:59:27 GMT+0000 (UTC)
switching to IN_COMM
received secure communication message!
Received seqNum: 0
Handler: data received from server via secure communication
data1
Resp-actual/expected/ratio/ts: 6 6 1 1521680368261
Distribution protocol: TCP
Resp-actual/expected/ratio/ts: 6 7 0.8571428571428571 1521680427337
connected to auth! from local port 55200
received auth hello!
{ authId: 402, nonce: <Buffer 3f f2 bc 01 31 76 a8 8e> }
received session key response encrypted with distribution key
replyNonce in sessionKeyResp: <Buffer f1 4a 34 e3 6d 9a b5 f9>
auth nonce verified
received 1 keys
currentSessionKey: [object Object]
Status: Secure connection closed before starting a new connection.
Session protocol: TCP
chosen commSessionKey: 
{ id: 40200930,
  cipherKeyVal: <Buffer 44 44 d5 8f 84 f6 33 b2 b8 85 bb cc 1a 04 2a 62>,
  macKeyVal: <Buffer 07 05 eb 55 50 55 1a 5e eb c7 21 cc 41 a3 16 95 19 e6 34 e6 84 72 68 9a a8 21 05 01 0e 75 01 28>,
  absValidity: 2018-03-23T01:00:27.471Z,
  relValidity: 7200000 }
options
{ serverHost: '10.0.1.13',
  serverPort: 22100,
  sessionKey: 
   { id: 40200930,
     cipherKeyVal: <Buffer 44 44 d5 8f 84 f6 33 b2 b8 85 bb cc 1a 04 2a 62>,
     macKeyVal: <Buffer 07 05 eb 55 50 55 1a 5e eb c7 21 cc 41 a3 16 95 19 e6 34 e6 84 72 68 9a a8 21 05 01 0e 75 01 28>,
     absValidity: 2018-03-23T01:00:27.471Z,
     relValidity: 7200000 },
  sessionCryptoSpec: { cipher: 'AES-128-CBC', mac: 'SHA256' },
  sessionProtocol: 'TCP',
  handshakeTimeout: 50000 }
chosen nonce: <Buffer d6 15 9c 86 d1 b1 62 2f>
switching to HANDSHAKE_1_SENT
disconnected from auth
Handler: secure connection with the server closed.
received session key handshake2!
client ret: [object Object]
server authenticated/authorized by solving nonce!
Handler: communication initialization succeeded
file data length: 1024
sending at Thu Mar 22 2018 01:00:28 GMT+0000 (UTC)
switching to IN_COMM
received secure communication message!
Received seqNum: 0
Handler: data received from server via secure communication
data1
Resp-actual/expected/ratio/ts: 7 7 1 1521680428397
Distribution protocol: TCP
Resp-actual/expected/ratio/ts: 7 8 0.875 1521680487393
connected to auth! from local port 55470
received auth hello!
{ authId: 402, nonce: <Buffer 27 c9 05 08 bc f3 61 7a> }
received session key response encrypted with distribution key
replyNonce in sessionKeyResp: <Buffer c2 78 38 49 a9 22 ec 16>
auth nonce verified
received 1 keys
currentSessionKey: [object Object]
Status: Secure connection closed before starting a new connection.
Session protocol: TCP
chosen commSessionKey: 
{ id: 40200937,
  cipherKeyVal: <Buffer 2b df 93 f7 39 13 a4 37 6b ee ab 22 c1 09 38 07>,
  macKeyVal: <Buffer 63 60 b2 af 8c 4c a3 1d 96 57 53 96 83 6c 74 aa f1 76 bb e4 dd bb fb 56 06 0c 56 59 e5 72 67 7c>,
  absValidity: 2018-03-23T01:01:27.562Z,
  relValidity: 7200000 }
options
{ serverHost: '10.0.1.13',
  serverPort: 22100,
  sessionKey: 
   { id: 40200937,
     cipherKeyVal: <Buffer 2b df 93 f7 39 13 a4 37 6b ee ab 22 c1 09 38 07>,
     macKeyVal: <Buffer 63 60 b2 af 8c 4c a3 1d 96 57 53 96 83 6c 74 aa f1 76 bb e4 dd bb fb 56 06 0c 56 59 e5 72 67 7c>,
     absValidity: 2018-03-23T01:01:27.562Z,
     relValidity: 7200000 },
  sessionCryptoSpec: { cipher: 'AES-128-CBC', mac: 'SHA256' },
  sessionProtocol: 'TCP',
  handshakeTimeout: 50000 }
chosen nonce: <Buffer 9f 45 1c de 0b bd b2 aa>
switching to HANDSHAKE_1_SENT
disconnected from auth
Handler: secure connection with the server closed.
received session key handshake2!
client ret: [object Object]
server authenticated/authorized by solving nonce!
Handler: communication initialization succeeded
file data length: 1024
sending at Thu Mar 22 2018 01:01:28 GMT+0000 (UTC)
switching to IN_COMM
received secure communication message!
Received seqNum: 0
Handler: data received from server via secure communication
data1
Resp-actual/expected/ratio/ts: 8 8 1 1521680488475
Distribution protocol: TCP
Resp-actual/expected/ratio/ts: 8 9 0.8888888888888888 1521680547453
Handler: Error in secure comm - details: Error occurred in session key request: Error: connect EHOSTUNREACH 10.0.1.2:21100
Handler: Error in secure comm - details: Auth hello timedout ...
Distribution protocol: TCP
Resp-actual/expected/ratio/ts: 8 10 0.8 1521680607463
Handler: Error in secure comm - details: Error occurred in session key request: Error: connect EHOSTUNREACH 10.0.1.2:21100
Handler: Error in secure comm - details: Auth hello timedout ...
Distribution protocol: TCP
Resp-actual/expected/ratio/ts: 8 11 0.7272727272727273 1521680667473
Handler: Error in secure comm - details: Error occurred in session key request: Error: connect EHOSTUNREACH 10.0.1.2:21100
Handler: Error in secure comm - details: Auth hello timedout ...
Distribution protocol: TCP
Resp-actual/expected/ratio/ts: 8 12 0.6666666666666666 1521680727482
Handler: Error in secure comm - details: Error occurred in session key request: Error: connect EHOSTUNREACH 10.0.1.2:21100
Handler: Error in secure comm - details: Auth hello timedout ...
Distribution protocol: TCP
Resp-actual/expected/ratio/ts: 8 13 0.6153846153846154 1521680787489
Handler: Error in secure comm - details: Error occurred in session key request: Error: connect EHOSTUNREACH 10.0.1.2:21100
Handler: Error in secure comm - details: Auth hello timedout ...
Distribution protocol: TCP
Resp-actual/expected/ratio/ts: 8 14 0.5714285714285714 1521680847499
Handler: Error in secure comm - details: Error occurred in session key request: Error: connect EHOSTUNREACH 10.0.1.2:21100
Handler: Error in secure comm - details: Auth hello timedout ...
Distribution protocol: TCP
Resp-actual/expected/ratio/ts: 8 15 0.5333333333333333 1521680907510
Handler: Error in secure comm - details: Error occurred in session key request: Error: connect EHOSTUNREACH 10.0.1.2:21100
Handler: Error in secure comm - details: Auth hello timedout ...
Distribution protocol: TCP
Resp-actual/expected/ratio/ts: 8 16 0.5 1521680967520
Handler: Error in secure comm - details: Error occurred in session key request: Error: connect EHOSTUNREACH 10.0.1.2:21100
Handler: Error in secure comm - details: Auth hello timedout ...
Distribution protocol: TCP
Resp-actual/expected/ratio/ts: 8 17 0.47058823529411764 1521681027530
Handler: Error in secure comm - details: Error occurred in session key request: Error: connect EHOSTUNREACH 10.0.1.2:21100
Handler: Error in secure comm - details: Auth hello timedout ...
Distribution protocol: TCP
Resp-actual/expected/ratio/ts: 8 18 0.4444444444444444 1521681087541
Handler: Error in secure comm - details: Error occurred in session key request: Error: connect EHOSTUNREACH 10.0.1.2:21100
Handler: Error in secure comm - details: Auth hello timedout ...
Distribution protocol: TCP
Resp-actual/expected/ratio/ts: 8 19 0.42105263157894735 1521681147551
Handler: Error in secure comm - details: Error occurred in session key request: Error: connect EHOSTUNREACH 10.0.1.2:21100
Handler: Error in secure comm - details: Auth hello timedout ...
Distribution protocol: TCP
Resp-actual/expected/ratio/ts: 8 20 0.4 1521681207561
Handler: Error in secure comm - details: Error occurred in session key request: Error: connect EHOSTUNREACH 10.0.1.2:21100
Handler: Error in secure comm - details: Auth hello timedout ...
Distribution protocol: TCP
Resp-actual/expected/ratio/ts: 8 21 0.38095238095238093 1521681267572
Handler: Error in secure comm - details: Error occurred in session key request: Error: connect EHOSTUNREACH 10.0.1.2:21100
Handler: Error in secure comm - details: Auth hello timedout ...
Distribution protocol: TCP
Resp-actual/expected/ratio/ts: 8 22 0.36363636363636365 1521681327582
Handler: Error in secure comm - details: Error occurred in session key request: Error: connect EHOSTUNREACH 10.0.1.2:21100
Handler: Error in secure comm - details: Auth hello timedout ...
Distribution protocol: TCP
Resp-actual/expected/ratio/ts: 8 23 0.34782608695652173 1521681387592
Handler: Error in secure comm - details: Error occurred in session key request: Error: connect EHOSTUNREACH 10.0.1.2:21100
Handler: Error in secure comm - details: Auth hello timedout ...
Distribution protocol: TCP
Resp-actual/expected/ratio/ts: 8 24 0.3333333333333333 1521681447602
Handler: Error in secure comm - details: Error occurred in session key request: Error: connect EHOSTUNREACH 10.0.1.2:21100
Handler: Error in secure comm - details: Auth hello timedout ...
Distribution protocol: TCP
Resp-actual/expected/ratio/ts: 8 25 0.32 1521681507612
Handler: Error in secure comm - details: Error occurred in session key request: Error: connect EHOSTUNREACH 10.0.1.2:21100
Handler: Error in secure comm - details: Auth hello timedout ...
Distribution protocol: TCP
Resp-actual/expected/ratio/ts: 8 26 0.3076923076923077 1521681567622
Handler: Error in secure comm - details: Error occurred in session key request: Error: connect EHOSTUNREACH 10.0.1.2:21100
Handler: Error in secure comm - details: Auth hello timedout ...
Distribution protocol: TCP
Resp-actual/expected/ratio/ts: 8 27 0.2962962962962963 1521681627632
Handler: Error in secure comm - details: Error occurred in session key request: Error: connect EHOSTUNREACH 10.0.1.2:21100
Handler: Error in secure comm - details: Auth hello timedout ...
Distribution protocol: TCP
Resp-actual/expected/ratio/ts: 8 28 0.2857142857142857 1521681687642
Handler: Error in secure comm - details: Error occurred in session key request: Error: connect EHOSTUNREACH 10.0.1.2:21100
Handler: Error in secure comm - details: Auth hello timedout ...
Distribution protocol: TCP
Resp-actual/expected/ratio/ts: 8 29 0.27586206896551724 1521681747652
Handler: Error in secure comm - details: Error occurred in session key request: Error: connect EHOSTUNREACH 10.0.1.2:21100
