changing working directory to: /home/hokeunkim/Development/iotauth/entity/node/example_entities
loading from config file: /home/hokeunkim/Development/iotauth_experiments/experiments/ccs2017/expOptions/expEntity.option
Experimental options for autoClient: { autoSendPeriod: 60000,
  useSameSessionKeyCount: 1,
  connectionTimeout: 50000,
  migrationEnabled: false,
  authFailureThreshold: 2,
  migrationFailureThreshold: 2 }
loading from config file: /home/hokeunkim/Development/iotauth/entity/node/example_entities/configs/Clients/c414.config
initializing...
current parameters: { numKeysPerRequest: 3,
  migrationEnabled: false,
  authFailureThreshold: 3,
  migrationFailureThreshold: 3 }
current parameters: { numKeysPerRequest: 1,
  migrationEnabled: false,
  authFailureThreshold: 3,
  migrationFailureThreshold: 3 }
current parameters: { numKeysPerRequest: 1,
  migrationEnabled: false,
  authFailureThreshold: 3,
  migrationFailureThreshold: 3 }
current parameters: { numKeysPerRequest: 1,
  migrationEnabled: false,
  authFailureThreshold: 2,
  migrationFailureThreshold: 3 }
current parameters: { numKeysPerRequest: 1,
  migrationEnabled: false,
  authFailureThreshold: 2,
  migrationFailureThreshold: 2 }
current entityInfo: { name: 'c414',
  group: 'Clients',
  distProtocol: 'TCP',
  usePermanentDistKey: false,
  connectionTimeout: 50000,
  privateKey: <Buffer 2d 2d 2d 2d 2d 42 45 47 49 4e 20 52 53 41 20 50 52 49 56 41 54 45 20 4b 45 59 2d 2d 2d 2d 2d 0a 4d 49 49 45 6f 67 49 42 41 41 4b 43 41 51 45 41 75 45 ... > }
Distribution protocol: TCP
Resp-actual/expected/ratio/ts: 0 1 0 1521677284317
connected to auth! from local port 56628
received auth hello!
{ authId: 403, nonce: <Buffer c7 5d 27 fb fd 22 eb 4e> }
received session key response with distribution key attached!
auth signature verified
replyNonce in sessionKeyResp: <Buffer d6 47 ec 37 e0 3d a0 9b>
auth nonce verified
updating distribution key: { cipherKeyVal: <Buffer 84 a4 28 45 e0 db b9 e5 4a 0a 98 ce 99 1d 73 15>,
  macKeyVal: <Buffer 4f 60 0e 3c 46 19 32 22 1d 81 5b 08 cb c1 65 21 59 2e af 0b 1b ea a5 bb ef 53 f0 67 5d d8 96 3b>,
  absValidity: 2018-03-22T01:08:04.499Z }
received 1 keys
currentSessionKey: [object Object]
Session protocol: TCP
chosen commSessionKey: 
{ id: 40301289,
  cipherKeyVal: <Buffer 71 ab 77 b2 33 42 8d 81 9e ce 52 e1 7d e0 d6 15>,
  macKeyVal: <Buffer 3c 50 a6 b7 8e 71 4f 2a b1 94 2f 92 44 8d 8c e6 4e c1 3e 80 af d8 13 c6 1c d5 53 f5 9a 5b e6 a5>,
  absValidity: 2018-03-23T00:08:04.498Z,
  relValidity: 7200000 }
options
{ serverHost: '10.0.1.21',
  serverPort: 22100,
  sessionKey: 
   { id: 40301289,
     cipherKeyVal: <Buffer 71 ab 77 b2 33 42 8d 81 9e ce 52 e1 7d e0 d6 15>,
     macKeyVal: <Buffer 3c 50 a6 b7 8e 71 4f 2a b1 94 2f 92 44 8d 8c e6 4e c1 3e 80 af d8 13 c6 1c d5 53 f5 9a 5b e6 a5>,
     absValidity: 2018-03-23T00:08:04.498Z,
     relValidity: 7200000 },
  sessionCryptoSpec: { cipher: 'AES-128-CBC', mac: 'SHA256' },
  sessionProtocol: 'TCP',
  handshakeTimeout: 50000 }
chosen nonce: <Buffer 9a e3 a4 f4 01 6b 3d 75>
switching to HANDSHAKE_1_SENT
disconnected from auth
received session key handshake2!
client ret: [object Object]
server authenticated/authorized by solving nonce!
Handler: communication initialization succeeded
file data length: 1024
sending at Thu Mar 22 2018 00:08:05 GMT+0000 (UTC)
switching to IN_COMM
received secure communication message!
Received seqNum: 0
Handler: data received from server via secure communication
data1
Resp-actual/expected/ratio/ts: 1 1 1 1521677285674
Distribution protocol: TCP
Resp-actual/expected/ratio/ts: 1 2 0.5 1521677344358
connected to auth! from local port 56820
received auth hello!
{ authId: 403, nonce: <Buffer 08 51 2a 7f ff 03 43 f7> }
received session key response encrypted with distribution key
replyNonce in sessionKeyResp: <Buffer 26 1b bc ba 96 d4 6e 3b>
auth nonce verified
received 1 keys
currentSessionKey: [object Object]
Status: Secure connection closed before starting a new connection.
Session protocol: TCP
chosen commSessionKey: 
{ id: 40301295,
  cipherKeyVal: <Buffer 6f c2 39 95 3d 8d 23 84 63 23 0b 7d a6 73 8a 14>,
  macKeyVal: <Buffer 88 12 0f 98 9a c1 49 b8 f9 1d 59 8e 32 b0 c6 ce 6a 83 cf c7 ae 5d 3d 4a 4e 77 15 54 d8 49 1f e2>,
  absValidity: 2018-03-23T00:09:04.514Z,
  relValidity: 7200000 }
options
{ serverHost: '10.0.1.21',
  serverPort: 22100,
  sessionKey: 
   { id: 40301295,
     cipherKeyVal: <Buffer 6f c2 39 95 3d 8d 23 84 63 23 0b 7d a6 73 8a 14>,
     macKeyVal: <Buffer 88 12 0f 98 9a c1 49 b8 f9 1d 59 8e 32 b0 c6 ce 6a 83 cf c7 ae 5d 3d 4a 4e 77 15 54 d8 49 1f e2>,
     absValidity: 2018-03-23T00:09:04.514Z,
     relValidity: 7200000 },
  sessionCryptoSpec: { cipher: 'AES-128-CBC', mac: 'SHA256' },
  sessionProtocol: 'TCP',
  handshakeTimeout: 50000 }
chosen nonce: <Buffer 43 f6 dd cf 50 0d 0d 62>
switching to HANDSHAKE_1_SENT
disconnected from auth
Handler: secure connection with the server closed.
received session key handshake2!
client ret: [object Object]
server authenticated/authorized by solving nonce!
Handler: communication initialization succeeded
file data length: 1024
sending at Thu Mar 22 2018 00:09:05 GMT+0000 (UTC)
switching to IN_COMM
received secure communication message!
Received seqNum: 0
Handler: data received from server via secure communication
data1
Resp-actual/expected/ratio/ts: 2 2 1 1521677345743
Distribution protocol: TCP
Resp-actual/expected/ratio/ts: 2 3 0.6666666666666666 1521677404380
connected to auth! from local port 57092
received auth hello!
{ authId: 403, nonce: <Buffer 82 20 c6 af ed 6b 3b 25> }
received session key response encrypted with distribution key
replyNonce in sessionKeyResp: <Buffer e8 a1 ba 11 ea a3 d8 a2>
auth nonce verified
received 1 keys
currentSessionKey: [object Object]
Status: Secure connection closed before starting a new connection.
Session protocol: TCP
chosen commSessionKey: 
{ id: 40301301,
  cipherKeyVal: <Buffer 97 c8 90 61 4a de d1 aa 77 47 43 15 82 bc 7c ae>,
  macKeyVal: <Buffer 76 21 26 37 8f 72 41 63 cd 55 1b 67 ce 9e b3 0c 45 5d e0 11 ee 75 26 e5 c6 4f 96 f9 8e 7b 63 c7>,
  absValidity: 2018-03-23T00:10:04.555Z,
  relValidity: 7200000 }
options
{ serverHost: '10.0.1.21',
  serverPort: 22100,
  sessionKey: 
   { id: 40301301,
     cipherKeyVal: <Buffer 97 c8 90 61 4a de d1 aa 77 47 43 15 82 bc 7c ae>,
     macKeyVal: <Buffer 76 21 26 37 8f 72 41 63 cd 55 1b 67 ce 9e b3 0c 45 5d e0 11 ee 75 26 e5 c6 4f 96 f9 8e 7b 63 c7>,
     absValidity: 2018-03-23T00:10:04.555Z,
     relValidity: 7200000 },
  sessionCryptoSpec: { cipher: 'AES-128-CBC', mac: 'SHA256' },
  sessionProtocol: 'TCP',
  handshakeTimeout: 50000 }
chosen nonce: <Buffer 97 01 d6 40 22 89 14 d7>
switching to HANDSHAKE_1_SENT
disconnected from auth
Handler: secure connection with the server closed.
received session key handshake2!
client ret: [object Object]
server authenticated/authorized by solving nonce!
Handler: communication initialization succeeded
file data length: 1024
sending at Thu Mar 22 2018 00:10:05 GMT+0000 (UTC)
switching to IN_COMM
received secure communication message!
Received seqNum: 0
Handler: data received from server via secure communication
data1
Resp-actual/expected/ratio/ts: 3 3 1 1521677405644
Distribution protocol: TCP
Resp-actual/expected/ratio/ts: 3 4 0.75 1521677464437
connected to auth! from local port 57362
received auth hello!
{ authId: 403, nonce: <Buffer 33 89 0e dd 19 7c 78 a8> }
received session key response encrypted with distribution key
replyNonce in sessionKeyResp: <Buffer c6 86 50 1e 86 52 f9 9c>
auth nonce verified
received 1 keys
currentSessionKey: [object Object]
Status: Secure connection closed before starting a new connection.
Session protocol: TCP
chosen commSessionKey: 
{ id: 40301307,
  cipherKeyVal: <Buffer 0d 9b a7 9d c7 41 7e ee 6a d0 b6 3b 53 56 6d ce>,
  macKeyVal: <Buffer 0b 8f cc 11 59 88 a9 ad 7f 7f ca bb e3 d0 92 9b 29 03 a4 c8 0f 8e 44 9c a0 1b dc 68 0b eb ba 67>,
  absValidity: 2018-03-23T00:11:04.573Z,
  relValidity: 7200000 }
options
{ serverHost: '10.0.1.21',
  serverPort: 22100,
  sessionKey: 
   { id: 40301307,
     cipherKeyVal: <Buffer 0d 9b a7 9d c7 41 7e ee 6a d0 b6 3b 53 56 6d ce>,
     macKeyVal: <Buffer 0b 8f cc 11 59 88 a9 ad 7f 7f ca bb e3 d0 92 9b 29 03 a4 c8 0f 8e 44 9c a0 1b dc 68 0b eb ba 67>,
     absValidity: 2018-03-23T00:11:04.573Z,
     relValidity: 7200000 },
  sessionCryptoSpec: { cipher: 'AES-128-CBC', mac: 'SHA256' },
  sessionProtocol: 'TCP',
  handshakeTimeout: 50000 }
chosen nonce: <Buffer cd fe a7 73 0a b7 dc b4>
switching to HANDSHAKE_1_SENT
disconnected from auth
Handler: secure connection with the server closed.
received session key handshake2!
client ret: [object Object]
server authenticated/authorized by solving nonce!
Handler: communication initialization succeeded
file data length: 1024
sending at Thu Mar 22 2018 00:11:05 GMT+0000 (UTC)
switching to IN_COMM
received secure communication message!
Received seqNum: 0
Handler: data received from server via secure communication
data1
Resp-actual/expected/ratio/ts: 4 4 1 1521677465686
Distribution protocol: TCP
Resp-actual/expected/ratio/ts: 4 5 0.8 1521677524467
connected to auth! from local port 57632
received auth hello!
{ authId: 403, nonce: <Buffer 6f cc 24 56 24 28 30 ae> }
received session key response encrypted with distribution key
replyNonce in sessionKeyResp: <Buffer e7 24 f3 2c a6 2e 68 ea>
auth nonce verified
received 1 keys
currentSessionKey: [object Object]
Status: Secure connection closed before starting a new connection.
Session protocol: TCP
chosen commSessionKey: 
{ id: 40301313,
  cipherKeyVal: <Buffer b5 ad 9e f3 33 1d 71 12 96 77 8a 51 52 fc ff 3a>,
  macKeyVal: <Buffer 0d be d2 42 06 70 7d 17 fb a7 4f 54 52 06 b3 f0 92 27 15 ad 85 45 f3 09 bc f6 b2 03 5c 82 6b 17>,
  absValidity: 2018-03-23T00:12:04.637Z,
  relValidity: 7200000 }
options
{ serverHost: '10.0.1.21',
  serverPort: 22100,
  sessionKey: 
   { id: 40301313,
     cipherKeyVal: <Buffer b5 ad 9e f3 33 1d 71 12 96 77 8a 51 52 fc ff 3a>,
     macKeyVal: <Buffer 0d be d2 42 06 70 7d 17 fb a7 4f 54 52 06 b3 f0 92 27 15 ad 85 45 f3 09 bc f6 b2 03 5c 82 6b 17>,
     absValidity: 2018-03-23T00:12:04.637Z,
     relValidity: 7200000 },
  sessionCryptoSpec: { cipher: 'AES-128-CBC', mac: 'SHA256' },
  sessionProtocol: 'TCP',
  handshakeTimeout: 50000 }
chosen nonce: <Buffer 20 c1 ef c3 6f 25 c5 07>
switching to HANDSHAKE_1_SENT
disconnected from auth
Handler: secure connection with the server closed.
received session key handshake2!
client ret: [object Object]
server authenticated/authorized by solving nonce!
Handler: communication initialization succeeded
file data length: 1024
sending at Thu Mar 22 2018 00:12:05 GMT+0000 (UTC)
switching to IN_COMM
received secure communication message!
Received seqNum: 0
Handler: data received from server via secure communication
data1
Resp-actual/expected/ratio/ts: 5 5 1 1521677525719
Distribution protocol: TCP
Resp-actual/expected/ratio/ts: 5 6 0.8333333333333334 1521677584525
connected to auth! from local port 57902
received auth hello!
{ authId: 403, nonce: <Buffer b6 a0 5e 9c 55 3b b6 c1> }
received session key response encrypted with distribution key
replyNonce in sessionKeyResp: <Buffer 39 44 60 b2 44 b4 bd 21>
auth nonce verified
received 1 keys
currentSessionKey: [object Object]
Status: Secure connection closed before starting a new connection.
Session protocol: TCP
chosen commSessionKey: 
{ id: 40301319,
  cipherKeyVal: <Buffer 76 6a 5a 70 e4 fd a9 fb 5d 6f 8b 18 6e de 5e c6>,
  macKeyVal: <Buffer ec 80 89 59 a8 9d 37 e0 20 4f ff 69 a7 a2 84 ea c4 9a 47 7c 83 d4 f0 fe c9 98 9f 09 49 fc 31 7d>,
  absValidity: 2018-03-23T00:13:04.695Z,
  relValidity: 7200000 }
options
{ serverHost: '10.0.1.21',
  serverPort: 22100,
  sessionKey: 
   { id: 40301319,
     cipherKeyVal: <Buffer 76 6a 5a 70 e4 fd a9 fb 5d 6f 8b 18 6e de 5e c6>,
     macKeyVal: <Buffer ec 80 89 59 a8 9d 37 e0 20 4f ff 69 a7 a2 84 ea c4 9a 47 7c 83 d4 f0 fe c9 98 9f 09 49 fc 31 7d>,
     absValidity: 2018-03-23T00:13:04.695Z,
     relValidity: 7200000 },
  sessionCryptoSpec: { cipher: 'AES-128-CBC', mac: 'SHA256' },
  sessionProtocol: 'TCP',
  handshakeTimeout: 50000 }
chosen nonce: <Buffer ba b7 4e a6 35 dd 05 57>
switching to HANDSHAKE_1_SENT
disconnected from auth
Handler: secure connection with the server closed.
received session key handshake2!
client ret: [object Object]
server authenticated/authorized by solving nonce!
Handler: communication initialization succeeded
file data length: 1024
sending at Thu Mar 22 2018 00:13:05 GMT+0000 (UTC)
switching to IN_COMM
received secure communication message!
Received seqNum: 0
Handler: data received from server via secure communication
data1
Resp-actual/expected/ratio/ts: 6 6 1 1521677585725
Distribution protocol: TCP
Resp-actual/expected/ratio/ts: 6 7 0.8571428571428571 1521677644585
connected to auth! from local port 58172
received auth hello!
{ authId: 403, nonce: <Buffer b3 78 c1 54 3d 05 5a 7a> }
received session key response encrypted with distribution key
replyNonce in sessionKeyResp: <Buffer ec ec fc b1 66 f3 39 cc>
auth nonce verified
received 1 keys
currentSessionKey: [object Object]
Status: Secure connection closed before starting a new connection.
Session protocol: TCP
chosen commSessionKey: 
{ id: 40301325,
  cipherKeyVal: <Buffer 3f aa f2 7b 74 86 4a 5e a4 0e fb 55 06 b8 66 e5>,
  macKeyVal: <Buffer 20 e6 0d 2e 7b 6a 1f 89 30 18 c0 94 3d c6 40 43 b2 5d de 52 f9 48 65 a8 4f 33 c0 fd 60 5b 12 0e>,
  absValidity: 2018-03-23T00:14:04.738Z,
  relValidity: 7200000 }
options
{ serverHost: '10.0.1.21',
  serverPort: 22100,
  sessionKey: 
   { id: 40301325,
     cipherKeyVal: <Buffer 3f aa f2 7b 74 86 4a 5e a4 0e fb 55 06 b8 66 e5>,
     macKeyVal: <Buffer 20 e6 0d 2e 7b 6a 1f 89 30 18 c0 94 3d c6 40 43 b2 5d de 52 f9 48 65 a8 4f 33 c0 fd 60 5b 12 0e>,
     absValidity: 2018-03-23T00:14:04.738Z,
     relValidity: 7200000 },
  sessionCryptoSpec: { cipher: 'AES-128-CBC', mac: 'SHA256' },
  sessionProtocol: 'TCP',
  handshakeTimeout: 50000 }
chosen nonce: <Buffer 85 1c 0d 43 d1 07 c2 84>
switching to HANDSHAKE_1_SENT
disconnected from auth
Handler: secure connection with the server closed.
received session key handshake2!
client ret: [object Object]
server authenticated/authorized by solving nonce!
Handler: communication initialization succeeded
file data length: 1024
sending at Thu Mar 22 2018 00:14:05 GMT+0000 (UTC)
switching to IN_COMM
received secure communication message!
Received seqNum: 0
Handler: data received from server via secure communication
data1
Resp-actual/expected/ratio/ts: 7 7 1 1521677645769
Distribution protocol: TCP
Resp-actual/expected/ratio/ts: 7 8 0.875 1521677704641
connected to auth! from local port 58438
received auth hello!
{ authId: 403, nonce: <Buffer 49 a4 83 e5 19 cb 73 86> }
received session key response encrypted with distribution key
replyNonce in sessionKeyResp: <Buffer 0c 6b 1f 1a d6 f9 21 e9>
auth nonce verified
received 1 keys
currentSessionKey: [object Object]
Status: Secure connection closed before starting a new connection.
Session protocol: TCP
chosen commSessionKey: 
{ id: 40301331,
  cipherKeyVal: <Buffer 69 66 f7 94 2c 25 da a1 cf 78 7f 24 47 89 b5 4f>,
  macKeyVal: <Buffer 0d db f4 1e fe 33 79 b9 c4 05 6d 14 fd 16 8e 22 35 04 cc 0e ba 8c 63 58 74 d9 fb c5 54 6f b2 da>,
  absValidity: 2018-03-23T00:15:04.782Z,
  relValidity: 7200000 }
options
{ serverHost: '10.0.1.21',
  serverPort: 22100,
  sessionKey: 
   { id: 40301331,
     cipherKeyVal: <Buffer 69 66 f7 94 2c 25 da a1 cf 78 7f 24 47 89 b5 4f>,
     macKeyVal: <Buffer 0d db f4 1e fe 33 79 b9 c4 05 6d 14 fd 16 8e 22 35 04 cc 0e ba 8c 63 58 74 d9 fb c5 54 6f b2 da>,
     absValidity: 2018-03-23T00:15:04.782Z,
     relValidity: 7200000 },
  sessionCryptoSpec: { cipher: 'AES-128-CBC', mac: 'SHA256' },
  sessionProtocol: 'TCP',
  handshakeTimeout: 50000 }
chosen nonce: <Buffer 4f ac 14 e3 a0 56 5a a5>
switching to HANDSHAKE_1_SENT
disconnected from auth
Handler: secure connection with the server closed.
received session key handshake2!
client ret: [object Object]
server authenticated/authorized by solving nonce!
Handler: communication initialization succeeded
file data length: 1024
sending at Thu Mar 22 2018 00:15:05 GMT+0000 (UTC)
switching to IN_COMM
received secure communication message!
Received seqNum: 0
Handler: data received from server via secure communication
data1
Resp-actual/expected/ratio/ts: 8 8 1 1521677705620
Distribution protocol: TCP
Resp-actual/expected/ratio/ts: 8 9 0.8888888888888888 1521677764701
Handler: Error in secure comm - details: Error occurred in session key request: Error: connect EHOSTUNREACH 10.0.1.3:21100
Handler: Error in secure comm - details: Auth hello timedout ...
Distribution protocol: TCP
Resp-actual/expected/ratio/ts: 8 10 0.8 1521677824711
Handler: Error in secure comm - details: Error occurred in session key request: Error: connect EHOSTUNREACH 10.0.1.3:21100
Handler: Error in secure comm - details: Auth hello timedout ...
Distribution protocol: TCP
Resp-actual/expected/ratio/ts: 8 11 0.7272727272727273 1521677884722
Handler: Error in secure comm - details: Error occurred in session key request: Error: connect EHOSTUNREACH 10.0.1.3:21100
Handler: Error in secure comm - details: Auth hello timedout ...
Distribution protocol: TCP
Resp-actual/expected/ratio/ts: 8 12 0.6666666666666666 1521677944732
Handler: Error in secure comm - details: Error occurred in session key request: Error: connect EHOSTUNREACH 10.0.1.3:21100
Handler: Error in secure comm - details: Auth hello timedout ...
Distribution protocol: TCP
Resp-actual/expected/ratio/ts: 8 13 0.6153846153846154 1521678004742
Handler: Error in secure comm - details: Error occurred in session key request: Error: connect EHOSTUNREACH 10.0.1.3:21100
Handler: Error in secure comm - details: Auth hello timedout ...
Distribution protocol: TCP
Resp-actual/expected/ratio/ts: 8 14 0.5714285714285714 1521678064752
Handler: Error in secure comm - details: Error occurred in session key request: Error: connect EHOSTUNREACH 10.0.1.3:21100
Handler: Error in secure comm - details: Auth hello timedout ...
Distribution protocol: TCP
Resp-actual/expected/ratio/ts: 8 15 0.5333333333333333 1521678124762
Handler: Error in secure comm - details: Error occurred in session key request: Error: connect EHOSTUNREACH 10.0.1.3:21100
Handler: Error in secure comm - details: Auth hello timedout ...
Distribution protocol: TCP
Resp-actual/expected/ratio/ts: 8 16 0.5 1521678184772
Handler: Error in secure comm - details: Error occurred in session key request: Error: connect EHOSTUNREACH 10.0.1.3:21100
Handler: Error in secure comm - details: Auth hello timedout ...
Distribution protocol: TCP
Resp-actual/expected/ratio/ts: 8 17 0.47058823529411764 1521678244782
Handler: Error in secure comm - details: Error occurred in session key request: Error: connect EHOSTUNREACH 10.0.1.3:21100
Handler: Error in secure comm - details: Auth hello timedout ...
Distribution protocol: TCP
Resp-actual/expected/ratio/ts: 8 18 0.4444444444444444 1521678304793
Handler: Error in secure comm - details: Error occurred in session key request: Error: connect EHOSTUNREACH 10.0.1.3:21100
Handler: Error in secure comm - details: Auth hello timedout ...
Distribution protocol: TCP
Resp-actual/expected/ratio/ts: 8 19 0.42105263157894735 1521678364803
Handler: Error in secure comm - details: Error occurred in session key request: Error: connect EHOSTUNREACH 10.0.1.3:21100
Handler: Error in secure comm - details: Auth hello timedout ...
Distribution protocol: TCP
Resp-actual/expected/ratio/ts: 8 20 0.4 1521678424813
Handler: Error in secure comm - details: Error occurred in session key request: Error: connect EHOSTUNREACH 10.0.1.3:21100
Handler: Error in secure comm - details: Auth hello timedout ...
Distribution protocol: TCP
Resp-actual/expected/ratio/ts: 8 21 0.38095238095238093 1521678484823
Handler: Error in secure comm - details: Error occurred in session key request: Error: connect EHOSTUNREACH 10.0.1.3:21100
Handler: Error in secure comm - details: Auth hello timedout ...
Distribution protocol: TCP
Resp-actual/expected/ratio/ts: 8 22 0.36363636363636365 1521678544833
Handler: Error in secure comm - details: Error occurred in session key request: Error: connect EHOSTUNREACH 10.0.1.3:21100
Handler: Error in secure comm - details: Auth hello timedout ...
Distribution protocol: TCP
Resp-actual/expected/ratio/ts: 8 23 0.34782608695652173 1521678604843
Handler: Error in secure comm - details: Error occurred in session key request: Error: connect EHOSTUNREACH 10.0.1.3:21100
Handler: Error in secure comm - details: Auth hello timedout ...
Distribution protocol: TCP
Resp-actual/expected/ratio/ts: 8 24 0.3333333333333333 1521678664853
Handler: Error in secure comm - details: Error occurred in session key request: Error: connect EHOSTUNREACH 10.0.1.3:21100
Handler: Error in secure comm - details: Auth hello timedout ...
Distribution protocol: TCP
Resp-actual/expected/ratio/ts: 8 25 0.32 1521678724863
Handler: Error in secure comm - details: Error occurred in session key request: Error: connect EHOSTUNREACH 10.0.1.3:21100
Handler: Error in secure comm - details: Auth hello timedout ...
Distribution protocol: TCP
Resp-actual/expected/ratio/ts: 8 26 0.3076923076923077 1521678784873
Handler: Error in secure comm - details: Error occurred in session key request: Error: connect EHOSTUNREACH 10.0.1.3:21100
Handler: Error in secure comm - details: Auth hello timedout ...
Distribution protocol: TCP
Resp-actual/expected/ratio/ts: 8 27 0.2962962962962963 1521678844883
Handler: Error in secure comm - details: Error occurred in session key request: Error: connect EHOSTUNREACH 10.0.1.3:21100
Handler: Error in secure comm - details: Auth hello timedout ...
Distribution protocol: TCP
Resp-actual/expected/ratio/ts: 8 28 0.2857142857142857 1521678904893
Handler: Error in secure comm - details: Error occurred in session key request: Error: connect EHOSTUNREACH 10.0.1.3:21100
Handler: Error in secure comm - details: Auth hello timedout ...
Distribution protocol: TCP
Resp-actual/expected/ratio/ts: 8 29 0.27586206896551724 1521678964903
Handler: Error in secure comm - details: Error occurred in session key request: Error: connect EHOSTUNREACH 10.0.1.3:21100
