changing working directory to: /home/hokeunkim/Development/iotauth/entity/node/example_entities
loading from config file: /home/hokeunkim/Development/iotauth_experiments/experiments/ccs2017/expOptions/expEntity.option
Experimental options for echoServer: { autoSendPeriod: 60000,
  useSameSessionKeyCount: 1,
  connectionTimeout: 50000,
  migrationEnabled: false,
  authFailureThreshold: 2,
  migrationFailureThreshold: 2 }
loading from config file: /home/hokeunkim/Development/iotauth/entity/node/example_entities/configs/Servers/s402.config
initializing secure comm server...
Session protocol: TCP
current parameters: { migrationEnabled: false,
  authFailureThreshold: 3,
  migrationFailureThreshold: 3 }
current parameters: { migrationEnabled: false,
  authFailureThreshold: 2,
  migrationFailureThreshold: 3 }
current parameters: { migrationEnabled: false,
  authFailureThreshold: 2,
  migrationFailureThreshold: 2 }
current entityInfo: { name: 's402',
  group: 'Servers',
  distProtocol: 'TCP',
  usePermanentDistKey: false,
  connectionTimeout: 50000,
  privateKey: <Buffer 2d 2d 2d 2d 2d 42 45 47 49 4e 20 52 53 41 20 50 52 49 56 41 54 45 20 4b 45 59 2d 2d 2d 2d 2d 0a 4d 49 49 45 70 41 49 42 41 41 4b 43 41 51 45 41 35 57 ... > }
Handler: listening on port 22100
s402:Servers prompt>
Unidentified client connected
received session key handshake1
switching to HANDSHAKE_1_RECEIVED state.
session key id: 40101984
session key NOT found! sending session key id to AuthService
Distribution protocol: TCP
connected to auth! from local port 36334
received auth hello!
{ authId: 401, nonce: <Buffer ce 1d ca 14 93 7f d7 37> }
received session key response with distribution key attached!
auth signature verified
replyNonce in sessionKeyResp: <Buffer 5d 29 01 78 10 0e 0a 89>
auth nonce verified
updating distribution key: { cipherKeyVal: <Buffer 83 db ad 8f e8 28 ce 55 96 29 c1 24 6d 48 30 1f>,
  macKeyVal: <Buffer 14 15 ca bd fc e8 15 3f 09 1a 01 59 6b 34 61 97 5d fe 27 a4 c4 9b 3d e6 0c dd 19 9d 6d 81 c9 32>,
  absValidity: 2018-03-22T01:07:26.098Z }
received 1 keys
Session key id is as expected
server ret: [object Object]
chosen nonce: <Buffer 5a e7 1c 7d c2 8a 8d 42>
switching to HANDSHAKE_2_SENT
received session key handshake3!
{ replyNonce: <Buffer 5a e7 1c 7d c2 8a 8d 42> }
client authenticated/authorized by solving nonce!
switching to IN_COMM
Handler: secure connection with the client established.
{ id: 0,
  remoteAddress: '::ffff:10.0.1.44:37312',
  status: 'open' }
disconnected from auth
received secure communication!
Received seqNum: 0
data received from server via secure communication
Handler: socketID: 0 data: data1
toSend: { data: <Buffer 64 61 74 61 31>, id: 0 }
specified socketID: 0
Unidentified client disconnected
Handler: secure connection with the client closed.
socket #0 closed
Unidentified client connected
received session key handshake1
switching to HANDSHAKE_1_RECEIVED state.
session key id: 40101990
session key NOT found! sending session key id to AuthService
Distribution protocol: TCP
connected to auth! from local port 36456
received auth hello!
{ authId: 401, nonce: <Buffer e8 29 eb bd 17 b7 55 29> }
received session key response encrypted with distribution key
replyNonce in sessionKeyResp: <Buffer 0e 37 57 b3 95 12 57 2f>
auth nonce verified
received 1 keys
Session key id is as expected
server ret: [object Object]
chosen nonce: <Buffer a5 02 72 8d 42 10 00 11>
switching to HANDSHAKE_2_SENT
disconnected from auth
received session key handshake3!
{ replyNonce: <Buffer a5 02 72 8d 42 10 00 11> }
client authenticated/authorized by solving nonce!
switching to IN_COMM
Handler: secure connection with the client established.
{ id: 1,
  remoteAddress: '::ffff:10.0.1.44:37434',
  status: 'open' }
received secure communication!
Received seqNum: 0
data received from server via secure communication
Handler: socketID: 1 data: data1
toSend: { data: <Buffer 64 61 74 61 31>, id: 1 }
specified socketID: 1
Unidentified client disconnected
Handler: secure connection with the client closed.
socket #1 closed
Unidentified client connected
received session key handshake1
switching to HANDSHAKE_1_RECEIVED state.
session key id: 40101996
session key NOT found! sending session key id to AuthService
Distribution protocol: TCP
connected to auth! from local port 36686
received auth hello!
{ authId: 401, nonce: <Buffer 92 0b 24 86 ff 41 09 18> }
received session key response encrypted with distribution key
replyNonce in sessionKeyResp: <Buffer ff f3 d6 68 4c 35 57 f3>
auth nonce verified
received 1 keys
Session key id is as expected
server ret: [object Object]
chosen nonce: <Buffer b9 e6 7b 58 1f 28 bf 37>
switching to HANDSHAKE_2_SENT
disconnected from auth
received session key handshake3!
{ replyNonce: <Buffer b9 e6 7b 58 1f 28 bf 37> }
client authenticated/authorized by solving nonce!
switching to IN_COMM
Handler: secure connection with the client established.
{ id: 2,
  remoteAddress: '::ffff:10.0.1.44:37664',
  status: 'open' }
received secure communication!
Received seqNum: 0
data received from server via secure communication
Handler: socketID: 2 data: data1
toSend: { data: <Buffer 64 61 74 61 31>, id: 2 }
specified socketID: 2
Unidentified client disconnected
Handler: secure connection with the client closed.
socket #2 closed
Unidentified client connected
received session key handshake1
switching to HANDSHAKE_1_RECEIVED state.
session key id: 40102002
session key NOT found! sending session key id to AuthService
Distribution protocol: TCP
connected to auth! from local port 36956
received auth hello!
{ authId: 401, nonce: <Buffer 48 9b ab 55 0b ac 59 c7> }
received session key response encrypted with distribution key
replyNonce in sessionKeyResp: <Buffer 29 87 fd 18 4c 99 39 3d>
auth nonce verified
received 1 keys
Session key id is as expected
server ret: [object Object]
chosen nonce: <Buffer fc a7 2d 33 e2 fa a2 bb>
switching to HANDSHAKE_2_SENT
received session key handshake3!
{ replyNonce: <Buffer fc a7 2d 33 e2 fa a2 bb> }
client authenticated/authorized by solving nonce!
switching to IN_COMM
Handler: secure connection with the client established.
{ id: 3,
  remoteAddress: '::ffff:10.0.1.44:37934',
  status: 'open' }
disconnected from auth
received secure communication!
Received seqNum: 0
data received from server via secure communication
Handler: socketID: 3 data: data1
toSend: { data: <Buffer 64 61 74 61 31>, id: 3 }
specified socketID: 3
Unidentified client disconnected
Handler: secure connection with the client closed.
socket #3 closed
Unidentified client connected
received session key handshake1
switching to HANDSHAKE_1_RECEIVED state.
session key id: 40102008
session key NOT found! sending session key id to AuthService
Distribution protocol: TCP
connected to auth! from local port 37226
received auth hello!
{ authId: 401, nonce: <Buffer 71 89 9b 28 65 7c 3a e3> }
received session key response encrypted with distribution key
replyNonce in sessionKeyResp: <Buffer 63 8d 9f 4a cb bf 9e f0>
auth nonce verified
received 1 keys
Session key id is as expected
server ret: [object Object]
chosen nonce: <Buffer a9 c2 dd 4e 22 1f c9 d9>
switching to HANDSHAKE_2_SENT
disconnected from auth
received session key handshake3!
{ replyNonce: <Buffer a9 c2 dd 4e 22 1f c9 d9> }
client authenticated/authorized by solving nonce!
switching to IN_COMM
Handler: secure connection with the client established.
{ id: 4,
  remoteAddress: '::ffff:10.0.1.44:38204',
  status: 'open' }
received secure communication!
Received seqNum: 0
data received from server via secure communication
Handler: socketID: 4 data: data1
toSend: { data: <Buffer 64 61 74 61 31>, id: 4 }
specified socketID: 4
Unidentified client disconnected
Handler: secure connection with the client closed.
socket #4 closed
Unidentified client connected
received session key handshake1
switching to HANDSHAKE_1_RECEIVED state.
session key id: 40102014
session key NOT found! sending session key id to AuthService
Distribution protocol: TCP
connected to auth! from local port 37496
received auth hello!
{ authId: 401, nonce: <Buffer 51 e9 3b 61 54 96 6b b6> }
received session key response encrypted with distribution key
replyNonce in sessionKeyResp: <Buffer b7 1b b3 58 fe c3 a6 ff>
auth nonce verified
received 1 keys
Session key id is as expected
server ret: [object Object]
chosen nonce: <Buffer af 08 36 40 cb 85 0a 7f>
switching to HANDSHAKE_2_SENT
disconnected from auth
received session key handshake3!
{ replyNonce: <Buffer af 08 36 40 cb 85 0a 7f> }
client authenticated/authorized by solving nonce!
switching to IN_COMM
Handler: secure connection with the client established.
{ id: 5,
  remoteAddress: '::ffff:10.0.1.44:38474',
  status: 'open' }
received secure communication!
Received seqNum: 0
data received from server via secure communication
Handler: socketID: 5 data: data1
toSend: { data: <Buffer 64 61 74 61 31>, id: 5 }
specified socketID: 5
Unidentified client disconnected
Handler: secure connection with the client closed.
socket #5 closed
Unidentified client connected
received session key handshake1
switching to HANDSHAKE_1_RECEIVED state.
session key id: 40102020
session key NOT found! sending session key id to AuthService
Distribution protocol: TCP
connected to auth! from local port 37766
received auth hello!
{ authId: 401, nonce: <Buffer 5c 28 2c 6d 6e 5b c3 19> }
received session key response encrypted with distribution key
replyNonce in sessionKeyResp: <Buffer 50 4e 3b f0 9c 91 18 88>
auth nonce verified
received 1 keys
Session key id is as expected
server ret: [object Object]
chosen nonce: <Buffer 4c 1a 86 28 61 a1 7e 6a>
switching to HANDSHAKE_2_SENT
disconnected from auth
received session key handshake3!
{ replyNonce: <Buffer 4c 1a 86 28 61 a1 7e 6a> }
client authenticated/authorized by solving nonce!
switching to IN_COMM
Handler: secure connection with the client established.
{ id: 6,
  remoteAddress: '::ffff:10.0.1.44:38744',
  status: 'open' }
received secure communication!
Received seqNum: 0
data received from server via secure communication
Handler: socketID: 6 data: data1
toSend: { data: <Buffer 64 61 74 61 31>, id: 6 }
specified socketID: 6
Unidentified client disconnected
Handler: secure connection with the client closed.
socket #6 closed
Unidentified client connected
received session key handshake1
switching to HANDSHAKE_1_RECEIVED state.
session key id: 40102026
session key NOT found! sending session key id to AuthService
Distribution protocol: TCP
connected to auth! from local port 38036
received auth hello!
{ authId: 401, nonce: <Buffer ab c3 6c f9 fd 39 76 bd> }
received session key response encrypted with distribution key
replyNonce in sessionKeyResp: <Buffer 20 df 96 fe fa f8 69 c7>
auth nonce verified
received 1 keys
Session key id is as expected
server ret: [object Object]
chosen nonce: <Buffer 44 04 b5 55 13 05 d2 91>
switching to HANDSHAKE_2_SENT
disconnected from auth
received session key handshake3!
{ replyNonce: <Buffer 44 04 b5 55 13 05 d2 91> }
client authenticated/authorized by solving nonce!
switching to IN_COMM
Handler: secure connection with the client established.
{ id: 7,
  remoteAddress: '::ffff:10.0.1.44:39014',
  status: 'open' }
received secure communication!
Received seqNum: 0
data received from server via secure communication
Handler: socketID: 7 data: data1
toSend: { data: <Buffer 64 61 74 61 31>, id: 7 }
specified socketID: 7
Unidentified client disconnected
Handler: secure connection with the client closed.
socket #7 closed
Unidentified client connected
received session key handshake1
switching to HANDSHAKE_1_RECEIVED state.
session key id: 40102032
session key NOT found! sending session key id to AuthService
Distribution protocol: TCP
connected to auth! from local port 38298
received auth hello!
{ authId: 401, nonce: <Buffer c2 36 c1 7b 85 85 eb a3> }
received session key response encrypted with distribution key
replyNonce in sessionKeyResp: <Buffer 43 a6 35 e5 1b 33 45 d8>
auth nonce verified
received 1 keys
Session key id is as expected
server ret: [object Object]
chosen nonce: <Buffer 33 86 83 de de e1 4f 04>
switching to HANDSHAKE_2_SENT
disconnected from auth
received session key handshake3!
{ replyNonce: <Buffer 33 86 83 de de e1 4f 04> }
client authenticated/authorized by solving nonce!
switching to IN_COMM
Handler: secure connection with the client established.
{ id: 8,
  remoteAddress: '::ffff:10.0.1.44:39276',
  status: 'open' }
received secure communication!
Received seqNum: 0
data received from server via secure communication
Handler: socketID: 8 data: data1
toSend: { data: <Buffer 64 61 74 61 31>, id: 8 }
specified socketID: 8
Unidentified client disconnected
Handler: secure connection with the client closed.
socket #8 closed
Unidentified client connected
received session key handshake1
switching to HANDSHAKE_1_RECEIVED state.
session key id: 40102038
session key NOT found! sending session key id to AuthService
Distribution protocol: TCP
connected to auth! from local port 38448
received auth hello!
{ authId: 401, nonce: <Buffer 0d 05 a1 3c 61 19 e8 88> }
received session key response encrypted with distribution key
replyNonce in sessionKeyResp: <Buffer fc 1c 1a 33 77 80 2d 44>
auth nonce verified
received 1 keys
Session key id is as expected
server ret: [object Object]
chosen nonce: <Buffer cf a2 16 b0 25 55 e6 e5>
switching to HANDSHAKE_2_SENT
received session key handshake3!
{ replyNonce: <Buffer cf a2 16 b0 25 55 e6 e5> }
client authenticated/authorized by solving nonce!
switching to IN_COMM
Handler: secure connection with the client established.
{ id: 9,
  remoteAddress: '::ffff:10.0.1.44:39426',
  status: 'open' }
disconnected from auth
received secure communication!
Received seqNum: 0
data received from server via secure communication
Handler: socketID: 9 data: data1
toSend: { data: <Buffer 64 61 74 61 31>, id: 9 }
specified socketID: 9
Unidentified client disconnected
Handler: secure connection with the client closed.
socket #9 closed
Unidentified client connected
received session key handshake1
switching to HANDSHAKE_1_RECEIVED state.
session key id: 40102044
session key NOT found! sending session key id to AuthService
Distribution protocol: TCP
connected to auth! from local port 38590
received auth hello!
{ authId: 401, nonce: <Buffer 24 26 18 5d 1d cc dc be> }
received session key response encrypted with distribution key
replyNonce in sessionKeyResp: <Buffer e8 b2 bd 3e e7 5b 20 9b>
auth nonce verified
received 1 keys
Session key id is as expected
server ret: [object Object]
chosen nonce: <Buffer 5d 63 4c e4 15 f1 2a 40>
switching to HANDSHAKE_2_SENT
disconnected from auth
received session key handshake3!
{ replyNonce: <Buffer 5d 63 4c e4 15 f1 2a 40> }
client authenticated/authorized by solving nonce!
switching to IN_COMM
Handler: secure connection with the client established.
{ id: 10,
  remoteAddress: '::ffff:10.0.1.44:39568',
  status: 'open' }
received secure communication!
Received seqNum: 0
data received from server via secure communication
Handler: socketID: 10 data: data1
toSend: { data: <Buffer 64 61 74 61 31>, id: 10 }
specified socketID: 10
Unidentified client disconnected
Handler: secure connection with the client closed.
socket #10 closed
Unidentified client connected
received session key handshake1
switching to HANDSHAKE_1_RECEIVED state.
session key id: 40102050
session key NOT found! sending session key id to AuthService
Distribution protocol: TCP
connected to auth! from local port 38732
received auth hello!
{ authId: 401, nonce: <Buffer 45 a5 53 0b 46 93 17 40> }
received session key response encrypted with distribution key
replyNonce in sessionKeyResp: <Buffer 68 4d d1 7e 41 2b e2 da>
auth nonce verified
received 1 keys
Session key id is as expected
server ret: [object Object]
chosen nonce: <Buffer bf 8f 24 f1 82 ba 01 a1>
switching to HANDSHAKE_2_SENT
disconnected from auth
received session key handshake3!
{ replyNonce: <Buffer bf 8f 24 f1 82 ba 01 a1> }
client authenticated/authorized by solving nonce!
switching to IN_COMM
Handler: secure connection with the client established.
{ id: 11,
  remoteAddress: '::ffff:10.0.1.44:39710',
  status: 'open' }
received secure communication!
Received seqNum: 0
data received from server via secure communication
Handler: socketID: 11 data: data1
toSend: { data: <Buffer 64 61 74 61 31>, id: 11 }
specified socketID: 11
Unidentified client disconnected
Handler: secure connection with the client closed.
socket #11 closed
Unidentified client connected
received session key handshake1
switching to HANDSHAKE_1_RECEIVED state.
session key id: 40102056
session key NOT found! sending session key id to AuthService
Distribution protocol: TCP
connected to auth! from local port 38874
received auth hello!
{ authId: 401, nonce: <Buffer e0 cc ff 8a 28 49 f7 b8> }
received session key response encrypted with distribution key
replyNonce in sessionKeyResp: <Buffer ff 06 ca 4b d5 d3 20 8c>
auth nonce verified
received 1 keys
Session key id is as expected
server ret: [object Object]
chosen nonce: <Buffer 51 e0 fb 55 0a 22 bc 28>
switching to HANDSHAKE_2_SENT
disconnected from auth
received session key handshake3!
{ replyNonce: <Buffer 51 e0 fb 55 0a 22 bc 28> }
client authenticated/authorized by solving nonce!
switching to IN_COMM
Handler: secure connection with the client established.
{ id: 12,
  remoteAddress: '::ffff:10.0.1.44:39852',
  status: 'open' }
received secure communication!
Received seqNum: 0
data received from server via secure communication
Handler: socketID: 12 data: data1
toSend: { data: <Buffer 64 61 74 61 31>, id: 12 }
specified socketID: 12
Unidentified client disconnected
Handler: secure connection with the client closed.
socket #12 closed
Unidentified client connected
received session key handshake1
switching to HANDSHAKE_1_RECEIVED state.
session key id: 40102062
session key NOT found! sending session key id to AuthService
Distribution protocol: TCP
connected to auth! from local port 39016
received auth hello!
{ authId: 401, nonce: <Buffer 88 75 6b da 7b 2d 06 68> }
received session key response encrypted with distribution key
replyNonce in sessionKeyResp: <Buffer 12 17 5f c4 b1 0f 79 b6>
auth nonce verified
received 1 keys
Session key id is as expected
server ret: [object Object]
chosen nonce: <Buffer f9 80 5b fd ec c1 e7 99>
switching to HANDSHAKE_2_SENT
disconnected from auth
received session key handshake3!
{ replyNonce: <Buffer f9 80 5b fd ec c1 e7 99> }
client authenticated/authorized by solving nonce!
switching to IN_COMM
Handler: secure connection with the client established.
{ id: 13,
  remoteAddress: '::ffff:10.0.1.44:39994',
  status: 'open' }
received secure communication!
Received seqNum: 0
data received from server via secure communication
Handler: socketID: 13 data: data1
toSend: { data: <Buffer 64 61 74 61 31>, id: 13 }
specified socketID: 13
Unidentified client disconnected
Handler: secure connection with the client closed.
socket #13 closed
Unidentified client connected
received session key handshake1
switching to HANDSHAKE_1_RECEIVED state.
session key id: 40102068
session key NOT found! sending session key id to AuthService
Distribution protocol: TCP
connected to auth! from local port 39158
received auth hello!
{ authId: 401, nonce: <Buffer 35 92 59 75 50 c3 07 4a> }
received session key response encrypted with distribution key
replyNonce in sessionKeyResp: <Buffer ed 68 00 e8 b7 fb 51 0a>
auth nonce verified
received 1 keys
Session key id is as expected
server ret: [object Object]
chosen nonce: <Buffer da 4e 73 2a 86 78 b3 d4>
switching to HANDSHAKE_2_SENT
disconnected from auth
received session key handshake3!
{ replyNonce: <Buffer da 4e 73 2a 86 78 b3 d4> }
client authenticated/authorized by solving nonce!
switching to IN_COMM
Handler: secure connection with the client established.
{ id: 14,
  remoteAddress: '::ffff:10.0.1.44:40136',
  status: 'open' }
received secure communication!
Received seqNum: 0
data received from server via secure communication
Handler: socketID: 14 data: data1
toSend: { data: <Buffer 64 61 74 61 31>, id: 14 }
specified socketID: 14
Unidentified client disconnected
Handler: secure connection with the client closed.
socket #14 closed
Unidentified client connected
received session key handshake1
switching to HANDSHAKE_1_RECEIVED state.
session key id: 40102074
session key NOT found! sending session key id to AuthService
Distribution protocol: TCP
connected to auth! from local port 39300
received auth hello!
{ authId: 401, nonce: <Buffer 0c 03 5d 38 38 b7 8d 3f> }
received session key response encrypted with distribution key
replyNonce in sessionKeyResp: <Buffer 6b b0 97 f0 c0 7d 3f ab>
auth nonce verified
received 1 keys
Session key id is as expected
server ret: [object Object]
chosen nonce: <Buffer b2 88 44 51 e0 f5 ec 1b>
switching to HANDSHAKE_2_SENT
disconnected from auth
received session key handshake3!
{ replyNonce: <Buffer b2 88 44 51 e0 f5 ec 1b> }
client authenticated/authorized by solving nonce!
switching to IN_COMM
Handler: secure connection with the client established.
{ id: 15,
  remoteAddress: '::ffff:10.0.1.44:40278',
  status: 'open' }
received secure communication!
Received seqNum: 0
data received from server via secure communication
Handler: socketID: 15 data: data1
toSend: { data: <Buffer 64 61 74 61 31>, id: 15 }
specified socketID: 15
Unidentified client disconnected
Handler: secure connection with the client closed.
socket #15 closed
Unidentified client connected
received session key handshake1
switching to HANDSHAKE_1_RECEIVED state.
session key id: 40102080
session key NOT found! sending session key id to AuthService
Distribution protocol: TCP
connected to auth! from local port 39442
received auth hello!
{ authId: 401, nonce: <Buffer 63 48 46 53 7d 7e 53 56> }
received session key response encrypted with distribution key
replyNonce in sessionKeyResp: <Buffer 09 b1 2c c3 11 ae 6c e6>
auth nonce verified
received 1 keys
Session key id is as expected
server ret: [object Object]
chosen nonce: <Buffer b2 b2 40 6f 80 e0 c0 66>
switching to HANDSHAKE_2_SENT
received session key handshake3!
{ replyNonce: <Buffer b2 b2 40 6f 80 e0 c0 66> }
client authenticated/authorized by solving nonce!
switching to IN_COMM
Handler: secure connection with the client established.
{ id: 16,
  remoteAddress: '::ffff:10.0.1.44:40420',
  status: 'open' }
disconnected from auth
received secure communication!
Received seqNum: 0
data received from server via secure communication
Handler: socketID: 16 data: data1
toSend: { data: <Buffer 64 61 74 61 31>, id: 16 }
specified socketID: 16
Unidentified client disconnected
Handler: secure connection with the client closed.
socket #16 closed
Unidentified client connected
received session key handshake1
switching to HANDSHAKE_1_RECEIVED state.
session key id: 40102086
session key NOT found! sending session key id to AuthService
Distribution protocol: TCP
connected to auth! from local port 39584
received auth hello!
{ authId: 401, nonce: <Buffer 16 88 f1 8b 06 fa 7d 2f> }
received session key response encrypted with distribution key
replyNonce in sessionKeyResp: <Buffer c7 67 6d 48 bc 08 6c c2>
auth nonce verified
received 1 keys
Session key id is as expected
server ret: [object Object]
chosen nonce: <Buffer e8 3a 66 f9 93 ae fb cd>
switching to HANDSHAKE_2_SENT
disconnected from auth
received session key handshake3!
{ replyNonce: <Buffer e8 3a 66 f9 93 ae fb cd> }
client authenticated/authorized by solving nonce!
switching to IN_COMM
Handler: secure connection with the client established.
{ id: 17,
  remoteAddress: '::ffff:10.0.1.44:40562',
  status: 'open' }
received secure communication!
Received seqNum: 0
data received from server via secure communication
Handler: socketID: 17 data: data1
toSend: { data: <Buffer 64 61 74 61 31>, id: 17 }
specified socketID: 17
Unidentified client disconnected
Handler: secure connection with the client closed.
socket #17 closed
Unidentified client connected
received session key handshake1
switching to HANDSHAKE_1_RECEIVED state.
session key id: 40102092
session key NOT found! sending session key id to AuthService
Distribution protocol: TCP
connected to auth! from local port 39726
received auth hello!
{ authId: 401, nonce: <Buffer 94 b7 54 e9 94 80 6c da> }
received session key response encrypted with distribution key
replyNonce in sessionKeyResp: <Buffer 34 3e e2 3f 71 99 96 65>
auth nonce verified
received 1 keys
Session key id is as expected
server ret: [object Object]
chosen nonce: <Buffer c5 5c f0 7c 28 dc 98 d8>
switching to HANDSHAKE_2_SENT
received session key handshake3!
{ replyNonce: <Buffer c5 5c f0 7c 28 dc 98 d8> }
client authenticated/authorized by solving nonce!
switching to IN_COMM
Handler: secure connection with the client established.
{ id: 18,
  remoteAddress: '::ffff:10.0.1.44:40704',
  status: 'open' }
disconnected from auth
received secure communication!
Received seqNum: 0
data received from server via secure communication
Handler: socketID: 18 data: data1
toSend: { data: <Buffer 64 61 74 61 31>, id: 18 }
specified socketID: 18
Unidentified client disconnected
Handler: secure connection with the client closed.
socket #18 closed
Unidentified client connected
received session key handshake1
switching to HANDSHAKE_1_RECEIVED state.
session key id: 40102098
session key NOT found! sending session key id to AuthService
Distribution protocol: TCP
connected to auth! from local port 39868
received auth hello!
{ authId: 401, nonce: <Buffer e5 ce 4f f2 8e 7d ef bf> }
received session key response encrypted with distribution key
replyNonce in sessionKeyResp: <Buffer 99 83 60 9e d4 0d 15 19>
auth nonce verified
received 1 keys
Session key id is as expected
server ret: [object Object]
chosen nonce: <Buffer 88 76 20 b4 0a eb 89 cf>
switching to HANDSHAKE_2_SENT
disconnected from auth
received session key handshake3!
{ replyNonce: <Buffer 88 76 20 b4 0a eb 89 cf> }
client authenticated/authorized by solving nonce!
switching to IN_COMM
Handler: secure connection with the client established.
{ id: 19,
  remoteAddress: '::ffff:10.0.1.44:40846',
  status: 'open' }
received secure communication!
Received seqNum: 0
data received from server via secure communication
Handler: socketID: 19 data: data1
toSend: { data: <Buffer 64 61 74 61 31>, id: 19 }
specified socketID: 19
Unidentified client disconnected
Handler: secure connection with the client closed.
socket #19 closed
Unidentified client connected
received session key handshake1
switching to HANDSHAKE_1_RECEIVED state.
session key id: 40102104
session key NOT found! sending session key id to AuthService
Distribution protocol: TCP
connected to auth! from local port 40010
received auth hello!
{ authId: 401, nonce: <Buffer 2f 9e ed 2c aa d6 2d a1> }
received session key response encrypted with distribution key
replyNonce in sessionKeyResp: <Buffer 2f 64 4c c0 6c 1b af 80>
auth nonce verified
received 1 keys
Session key id is as expected
server ret: [object Object]
chosen nonce: <Buffer 58 3b c3 b0 45 71 b6 f6>
switching to HANDSHAKE_2_SENT
received session key handshake3!
{ replyNonce: <Buffer 58 3b c3 b0 45 71 b6 f6> }
client authenticated/authorized by solving nonce!
switching to IN_COMM
Handler: secure connection with the client established.
{ id: 20,
  remoteAddress: '::ffff:10.0.1.44:40988',
  status: 'open' }
disconnected from auth
received secure communication!
Received seqNum: 0
data received from server via secure communication
Handler: socketID: 20 data: data1
toSend: { data: <Buffer 64 61 74 61 31>, id: 20 }
specified socketID: 20
Unidentified client disconnected
Handler: secure connection with the client closed.
socket #20 closed
Unidentified client connected
received session key handshake1
switching to HANDSHAKE_1_RECEIVED state.
session key id: 40102110
session key NOT found! sending session key id to AuthService
Distribution protocol: TCP
connected to auth! from local port 40152
received auth hello!
{ authId: 401, nonce: <Buffer 82 99 bd 46 f6 28 c1 87> }
received session key response encrypted with distribution key
replyNonce in sessionKeyResp: <Buffer 6a cd 13 c7 a1 bb 9b 14>
auth nonce verified
received 1 keys
Session key id is as expected
server ret: [object Object]
chosen nonce: <Buffer 01 f3 fd 70 cd a6 6d 12>
switching to HANDSHAKE_2_SENT
disconnected from auth
received session key handshake3!
{ replyNonce: <Buffer 01 f3 fd 70 cd a6 6d 12> }
client authenticated/authorized by solving nonce!
switching to IN_COMM
Handler: secure connection with the client established.
{ id: 21,
  remoteAddress: '::ffff:10.0.1.44:41130',
  status: 'open' }
received secure communication!
Received seqNum: 0
data received from server via secure communication
Handler: socketID: 21 data: data1
toSend: { data: <Buffer 64 61 74 61 31>, id: 21 }
specified socketID: 21
Unidentified client disconnected
Handler: secure connection with the client closed.
socket #21 closed
Unidentified client connected
received session key handshake1
switching to HANDSHAKE_1_RECEIVED state.
session key id: 40102116
session key NOT found! sending session key id to AuthService
Distribution protocol: TCP
connected to auth! from local port 40294
received auth hello!
{ authId: 401, nonce: <Buffer 2f 62 40 bd f4 24 a5 fa> }
received session key response encrypted with distribution key
replyNonce in sessionKeyResp: <Buffer 39 43 f9 dd 62 2e 62 ee>
auth nonce verified
received 1 keys
Session key id is as expected
server ret: [object Object]
chosen nonce: <Buffer b8 4b 52 6b c0 f1 55 0e>
switching to HANDSHAKE_2_SENT
disconnected from auth
received session key handshake3!
{ replyNonce: <Buffer b8 4b 52 6b c0 f1 55 0e> }
client authenticated/authorized by solving nonce!
switching to IN_COMM
Handler: secure connection with the client established.
{ id: 22,
  remoteAddress: '::ffff:10.0.1.44:41272',
  status: 'open' }
received secure communication!
Received seqNum: 0
data received from server via secure communication
Handler: socketID: 22 data: data1
toSend: { data: <Buffer 64 61 74 61 31>, id: 22 }
specified socketID: 22
Unidentified client disconnected
Handler: secure connection with the client closed.
socket #22 closed
Unidentified client connected
received session key handshake1
switching to HANDSHAKE_1_RECEIVED state.
session key id: 40102122
session key NOT found! sending session key id to AuthService
Distribution protocol: TCP
connected to auth! from local port 40436
received auth hello!
{ authId: 401, nonce: <Buffer 12 d2 ea 1d 42 5d 2f 7e> }
received session key response encrypted with distribution key
replyNonce in sessionKeyResp: <Buffer c8 27 1b 85 5e 80 50 ba>
auth nonce verified
received 1 keys
Session key id is as expected
server ret: [object Object]
chosen nonce: <Buffer be 6d 39 de 20 46 0c aa>
switching to HANDSHAKE_2_SENT
disconnected from auth
received session key handshake3!
{ replyNonce: <Buffer be 6d 39 de 20 46 0c aa> }
client authenticated/authorized by solving nonce!
switching to IN_COMM
Handler: secure connection with the client established.
{ id: 23,
  remoteAddress: '::ffff:10.0.1.44:41414',
  status: 'open' }
received secure communication!
Received seqNum: 0
data received from server via secure communication
Handler: socketID: 23 data: data1
toSend: { data: <Buffer 64 61 74 61 31>, id: 23 }
specified socketID: 23
Unidentified client disconnected
Handler: secure connection with the client closed.
socket #23 closed
Unidentified client connected
received session key handshake1
switching to HANDSHAKE_1_RECEIVED state.
session key id: 40102128
session key NOT found! sending session key id to AuthService
Distribution protocol: TCP
connected to auth! from local port 40580
received auth hello!
{ authId: 401, nonce: <Buffer 65 70 26 bb 8e a6 c6 6d> }
received session key response encrypted with distribution key
replyNonce in sessionKeyResp: <Buffer 2d b9 e1 88 a5 c4 97 3d>
auth nonce verified
received 1 keys
Session key id is as expected
server ret: [object Object]
chosen nonce: <Buffer e4 37 ab 84 c1 0b 77 1c>
switching to HANDSHAKE_2_SENT
disconnected from auth
received session key handshake3!
{ replyNonce: <Buffer e4 37 ab 84 c1 0b 77 1c> }
client authenticated/authorized by solving nonce!
switching to IN_COMM
Handler: secure connection with the client established.
{ id: 24,
  remoteAddress: '::ffff:10.0.1.44:41556',
  status: 'open' }
received secure communication!
Received seqNum: 0
data received from server via secure communication
Handler: socketID: 24 data: data1
toSend: { data: <Buffer 64 61 74 61 31>, id: 24 }
specified socketID: 24
Unidentified client disconnected
Handler: secure connection with the client closed.
socket #24 closed
Unidentified client connected
received session key handshake1
switching to HANDSHAKE_1_RECEIVED state.
session key id: 40102134
session key NOT found! sending session key id to AuthService
Distribution protocol: TCP
connected to auth! from local port 40722
received auth hello!
{ authId: 401, nonce: <Buffer f5 8e fb 9e 7a c5 4e 83> }
received session key response encrypted with distribution key
replyNonce in sessionKeyResp: <Buffer 8e 0f 4d 39 b2 18 9a 61>
auth nonce verified
received 1 keys
Session key id is as expected
server ret: [object Object]
chosen nonce: <Buffer 86 4d 5c 51 2c 07 04 aa>
switching to HANDSHAKE_2_SENT
disconnected from auth
received session key handshake3!
{ replyNonce: <Buffer 86 4d 5c 51 2c 07 04 aa> }
client authenticated/authorized by solving nonce!
switching to IN_COMM
Handler: secure connection with the client established.
{ id: 25,
  remoteAddress: '::ffff:10.0.1.44:41698',
  status: 'open' }
received secure communication!
Received seqNum: 0
data received from server via secure communication
Handler: socketID: 25 data: data1
toSend: { data: <Buffer 64 61 74 61 31>, id: 25 }
specified socketID: 25
Unidentified client disconnected
Handler: secure connection with the client closed.
socket #25 closed
Unidentified client connected
received session key handshake1
switching to HANDSHAKE_1_RECEIVED state.
session key id: 40102140
session key NOT found! sending session key id to AuthService
Distribution protocol: TCP
connected to auth! from local port 40864
received auth hello!
{ authId: 401, nonce: <Buffer d1 bf 83 81 ac f4 d5 cd> }
received session key response encrypted with distribution key
replyNonce in sessionKeyResp: <Buffer 06 d4 d6 01 c8 8b 2e b1>
auth nonce verified
received 1 keys
Session key id is as expected
server ret: [object Object]
chosen nonce: <Buffer eb f1 3d 82 19 ce cc cd>
switching to HANDSHAKE_2_SENT
disconnected from auth
received session key handshake3!
{ replyNonce: <Buffer eb f1 3d 82 19 ce cc cd> }
client authenticated/authorized by solving nonce!
switching to IN_COMM
Handler: secure connection with the client established.
{ id: 26,
  remoteAddress: '::ffff:10.0.1.44:41840',
  status: 'open' }
received secure communication!
Received seqNum: 0
data received from server via secure communication
Handler: socketID: 26 data: data1
toSend: { data: <Buffer 64 61 74 61 31>, id: 26 }
specified socketID: 26
Unidentified client disconnected
Handler: secure connection with the client closed.
socket #26 closed
Unidentified client connected
received session key handshake1
switching to HANDSHAKE_1_RECEIVED state.
session key id: 40102146
session key NOT found! sending session key id to AuthService
Distribution protocol: TCP
connected to auth! from local port 41006
received auth hello!
{ authId: 401, nonce: <Buffer 1d a0 d6 87 1d 67 41 69> }
received session key response encrypted with distribution key
replyNonce in sessionKeyResp: <Buffer 7b 68 73 6c c8 a7 66 71>
auth nonce verified
received 1 keys
Session key id is as expected
server ret: [object Object]
chosen nonce: <Buffer 9f d4 1b 5a 44 87 1e af>
switching to HANDSHAKE_2_SENT
received session key handshake3!
{ replyNonce: <Buffer 9f d4 1b 5a 44 87 1e af> }
client authenticated/authorized by solving nonce!
switching to IN_COMM
Handler: secure connection with the client established.
{ id: 27,
  remoteAddress: '::ffff:10.0.1.44:41982',
  status: 'open' }
disconnected from auth
received secure communication!
Received seqNum: 0
data received from server via secure communication
Handler: socketID: 27 data: data1
toSend: { data: <Buffer 64 61 74 61 31>, id: 27 }
specified socketID: 27
Unidentified client disconnected
Handler: secure connection with the client closed.
socket #27 closed
Unidentified client connected
received session key handshake1
switching to HANDSHAKE_1_RECEIVED state.
session key id: 40102152
session key NOT found! sending session key id to AuthService
Distribution protocol: TCP
connected to auth! from local port 41148
received auth hello!
{ authId: 401, nonce: <Buffer 67 b1 52 33 d2 17 ee dd> }
received session key response encrypted with distribution key
replyNonce in sessionKeyResp: <Buffer 53 55 3d 13 21 38 cd fb>
auth nonce verified
received 1 keys
Session key id is as expected
server ret: [object Object]
chosen nonce: <Buffer 00 d5 0f 59 78 f5 e2 29>
switching to HANDSHAKE_2_SENT
received session key handshake3!
{ replyNonce: <Buffer 00 d5 0f 59 78 f5 e2 29> }
client authenticated/authorized by solving nonce!
switching to IN_COMM
Handler: secure connection with the client established.
{ id: 28,
  remoteAddress: '::ffff:10.0.1.44:42124',
  status: 'open' }
disconnected from auth
received secure communication!
Received seqNum: 0
data received from server via secure communication
Handler: socketID: 28 data: data1
toSend: { data: <Buffer 64 61 74 61 31>, id: 28 }
specified socketID: 28
Unidentified client disconnected
Handler: secure connection with the client closed.
socket #28 closed
