changing working directory to: /home/hokeunkim/Development/iotauth/entity/node/example_entities
loading from config file: /home/hokeunkim/Development/iotauth_experiments/experiments/ccs2017/expOptions/expEntity.option
Experimental options for echoServer: { autoSendPeriod: 60000,
  useSameSessionKeyCount: 1,
  connectionTimeout: 50000,
  migrationEnabled: true,
  authFailureThreshold: 2,
  migrationFailureThreshold: 2 }
loading from config file: /home/hokeunkim/Development/iotauth/entity/node/example_entities/configs/Servers/s515.config
initializing secure comm server...
Session protocol: TCP
current parameters: { migrationEnabled: true,
  authFailureThreshold: 3,
  migrationFailureThreshold: 3 }
current parameters: { migrationEnabled: true,
  authFailureThreshold: 2,
  migrationFailureThreshold: 3 }
current parameters: { migrationEnabled: true,
  authFailureThreshold: 2,
  migrationFailureThreshold: 2 }
current entityInfo: { name: 's515',
  group: 'Servers',
  distProtocol: 'TCP',
  usePermanentDistKey: false,
  connectionTimeout: 50000,
  privateKey: <Buffer 2d 2d 2d 2d 2d 42 45 47 49 4e 20 52 53 41 20 50 52 49 56 41 54 45 20 4b 45 59 2d 2d 2d 2d 2d 0a 4d 49 49 45 6f 77 49 42 41 41 4b 43 41 51 45 41 73 4e ... > }
Handler: listening on port 22100
s515:Servers prompt>
Unidentified client connected
received session key handshake1
switching to HANDSHAKE_1_RECEIVED state.
session key id: 50300168
session key NOT found! sending session key id to AuthService
Distribution protocol: TCP
connected to auth! from local port 34874
received auth hello!
{ authId: 503, nonce: <Buffer 41 7e cd c6 19 6e 3e 99> }
received session key response with distribution key attached!
auth signature verified
replyNonce in sessionKeyResp: <Buffer 0e 35 bb 5c 47 43 74 4a>
auth nonce verified
handleSessionKeyResp: session key request succeeded! authFailureCount: 0
updating distribution key: { cipherKeyVal: <Buffer f4 6b 8a 6e a6 1b 86 05 44 f3 b5 a0 26 0d 71 3c>,
  macKeyVal: <Buffer 23 f2 d7 92 fd 3c 07 c2 b2 30 6c 20 fd 72 b8 9d 70 c4 3d 56 98 ea a7 2b 7b 85 ea 16 d2 69 e2 75>,
  absValidity: 2018-08-27T05:30:45.299Z }
received 1 keys
Session key id is as expected
server ret: [object Object]
chosen nonce: <Buffer b2 3e 3f 24 24 cd 8e 95>
switching to HANDSHAKE_2_SENT
disconnected from auth
received session key handshake3!
{ replyNonce: <Buffer b2 3e 3f 24 24 cd 8e 95> }
client authenticated/authorized by solving nonce!
switching to IN_COMM
Handler: secure connection with the client established.
{ id: 0,
  remoteAddress: '::ffff:10.0.1.81:46252',
  status: 'open' }
received secure communication!
Received seqNum: 0
data received from server via secure communication
Handler: socketID: 0 data: data1
toSend: { data: <Buffer 64 61 74 61 31>, id: 0 }
specified socketID: 0
Unidentified client disconnected
Handler: secure connection with the client closed.
socket #0 closed
Unidentified client connected
received session key handshake1
switching to HANDSHAKE_1_RECEIVED state.
session key id: 50300173
session key NOT found! sending session key id to AuthService
Distribution protocol: TCP
connected to auth! from local port 35144
received auth hello!
{ authId: 503, nonce: <Buffer a1 b0 2f 82 1a 7f 08 fe> }
received session key response encrypted with distribution key
replyNonce in sessionKeyResp: <Buffer 04 b3 21 5d e1 03 e9 ba>
auth nonce verified
handleSessionKeyResp: session key request succeeded! authFailureCount: 0
received 1 keys
Session key id is as expected
server ret: [object Object]
chosen nonce: <Buffer ef a5 d7 90 53 ed 94 77>
switching to HANDSHAKE_2_SENT
disconnected from auth
received session key handshake3!
{ replyNonce: <Buffer ef a5 d7 90 53 ed 94 77> }
client authenticated/authorized by solving nonce!
switching to IN_COMM
Handler: secure connection with the client established.
{ id: 1,
  remoteAddress: '::ffff:10.0.1.81:46522',
  status: 'open' }
received secure communication!
Received seqNum: 0
data received from server via secure communication
Handler: socketID: 1 data: data1
toSend: { data: <Buffer 64 61 74 61 31>, id: 1 }
specified socketID: 1
Unidentified client disconnected
Handler: secure connection with the client closed.
socket #1 closed
Unidentified client connected
received session key handshake1
switching to HANDSHAKE_1_RECEIVED state.
session key id: 50300178
session key NOT found! sending session key id to AuthService
Distribution protocol: TCP
connected to auth! from local port 35414
received auth hello!
{ authId: 503, nonce: <Buffer eb c0 21 fa b6 d5 24 f5> }
received session key response encrypted with distribution key
replyNonce in sessionKeyResp: <Buffer e1 8d dd ff 1a 49 a6 af>
auth nonce verified
handleSessionKeyResp: session key request succeeded! authFailureCount: 0
received 1 keys
Session key id is as expected
server ret: [object Object]
chosen nonce: <Buffer 92 0d 27 db 7b d7 82 8a>
switching to HANDSHAKE_2_SENT
disconnected from auth
received session key handshake3!
{ replyNonce: <Buffer 92 0d 27 db 7b d7 82 8a> }
client authenticated/authorized by solving nonce!
switching to IN_COMM
Handler: secure connection with the client established.
{ id: 2,
  remoteAddress: '::ffff:10.0.1.81:46794',
  status: 'open' }
received secure communication!
Received seqNum: 0
data received from server via secure communication
Handler: socketID: 2 data: data1
toSend: { data: <Buffer 64 61 74 61 31>, id: 2 }
specified socketID: 2
Unidentified client disconnected
Handler: secure connection with the client closed.
socket #2 closed
Unidentified client connected
received session key handshake1
switching to HANDSHAKE_1_RECEIVED state.
session key id: 50300183
session key NOT found! sending session key id to AuthService
Distribution protocol: TCP
connected to auth! from local port 35684
received auth hello!
{ authId: 503, nonce: <Buffer cb e3 fd ea 60 b1 26 d0> }
received session key response encrypted with distribution key
replyNonce in sessionKeyResp: <Buffer 39 23 75 44 56 ef fb 71>
auth nonce verified
handleSessionKeyResp: session key request succeeded! authFailureCount: 0
received 1 keys
Session key id is as expected
server ret: [object Object]
chosen nonce: <Buffer 79 be 56 ca 33 63 ab 29>
switching to HANDSHAKE_2_SENT
disconnected from auth
received session key handshake3!
{ replyNonce: <Buffer 79 be 56 ca 33 63 ab 29> }
client authenticated/authorized by solving nonce!
switching to IN_COMM
Handler: secure connection with the client established.
{ id: 3,
  remoteAddress: '::ffff:10.0.1.81:47062',
  status: 'open' }
received secure communication!
Received seqNum: 0
data received from server via secure communication
Handler: socketID: 3 data: data1
toSend: { data: <Buffer 64 61 74 61 31>, id: 3 }
specified socketID: 3
Unidentified client disconnected
Handler: secure connection with the client closed.
socket #3 closed
Unidentified client connected
received session key handshake1
switching to HANDSHAKE_1_RECEIVED state.
session key id: 50300188
session key NOT found! sending session key id to AuthService
Distribution protocol: TCP
connected to auth! from local port 35954
received auth hello!
{ authId: 503, nonce: <Buffer b5 b3 2a 71 e1 b4 fe 12> }
received session key response encrypted with distribution key
replyNonce in sessionKeyResp: <Buffer b8 84 07 4a 75 1e a3 cc>
auth nonce verified
handleSessionKeyResp: session key request succeeded! authFailureCount: 0
received 1 keys
Session key id is as expected
server ret: [object Object]
chosen nonce: <Buffer df 74 23 86 eb a2 da a1>
switching to HANDSHAKE_2_SENT
disconnected from auth
received session key handshake3!
{ replyNonce: <Buffer df 74 23 86 eb a2 da a1> }
client authenticated/authorized by solving nonce!
switching to IN_COMM
Handler: secure connection with the client established.
{ id: 4,
  remoteAddress: '::ffff:10.0.1.81:47334',
  status: 'open' }
received secure communication!
Received seqNum: 0
data received from server via secure communication
Handler: socketID: 4 data: data1
toSend: { data: <Buffer 64 61 74 61 31>, id: 4 }
specified socketID: 4
Unidentified client disconnected
Handler: secure connection with the client closed.
socket #4 closed
Unidentified client connected
received session key handshake1
switching to HANDSHAKE_1_RECEIVED state.
session key id: 50300193
session key NOT found! sending session key id to AuthService
Distribution protocol: TCP
connected to auth! from local port 36226
received auth hello!
{ authId: 503, nonce: <Buffer 1a 55 b9 7b 7c 62 68 41> }
received session key response encrypted with distribution key
replyNonce in sessionKeyResp: <Buffer d0 e3 99 4f 37 4a c3 ec>
auth nonce verified
handleSessionKeyResp: session key request succeeded! authFailureCount: 0
received 1 keys
Session key id is as expected
server ret: [object Object]
chosen nonce: <Buffer 14 32 78 21 b4 dc c9 70>
switching to HANDSHAKE_2_SENT
disconnected from auth
received session key handshake3!
{ replyNonce: <Buffer 14 32 78 21 b4 dc c9 70> }
client authenticated/authorized by solving nonce!
switching to IN_COMM
Handler: secure connection with the client established.
{ id: 5,
  remoteAddress: '::ffff:10.0.1.81:47604',
  status: 'open' }
received secure communication!
Received seqNum: 0
data received from server via secure communication
Handler: socketID: 5 data: data1
toSend: { data: <Buffer 64 61 74 61 31>, id: 5 }
specified socketID: 5
Unidentified client disconnected
Handler: secure connection with the client closed.
socket #5 closed
Unidentified client connected
received session key handshake1
switching to HANDSHAKE_1_RECEIVED state.
session key id: 50300198
session key NOT found! sending session key id to AuthService
Distribution protocol: TCP
connected to auth! from local port 36480
received auth hello!
{ authId: 503, nonce: <Buffer 5c fc 15 14 07 a0 1f e1> }
received session key response encrypted with distribution key
replyNonce in sessionKeyResp: <Buffer 2a 1c fd e9 35 22 43 b9>
auth nonce verified
handleSessionKeyResp: session key request succeeded! authFailureCount: 0
received 1 keys
Session key id is as expected
server ret: [object Object]
chosen nonce: <Buffer 74 99 2d 63 89 ec 1a 75>
switching to HANDSHAKE_2_SENT
disconnected from auth
received session key handshake3!
{ replyNonce: <Buffer 74 99 2d 63 89 ec 1a 75> }
client authenticated/authorized by solving nonce!
switching to IN_COMM
Handler: secure connection with the client established.
{ id: 6,
  remoteAddress: '::ffff:10.0.1.81:47860',
  status: 'open' }
received secure communication!
Received seqNum: 0
data received from server via secure communication
Handler: socketID: 6 data: data1
toSend: { data: <Buffer 64 61 74 61 31>, id: 6 }
specified socketID: 6
Unidentified client disconnected
Handler: secure connection with the client closed.
socket #6 closed
Unidentified client connected
received session key handshake1
switching to HANDSHAKE_1_RECEIVED state.
session key id: 50300203
session key NOT found! sending session key id to AuthService
Distribution protocol: TCP
connected to auth! from local port 36668
received auth hello!
{ authId: 503, nonce: <Buffer 05 67 e5 36 97 ab fd 70> }
received session key response encrypted with distribution key
replyNonce in sessionKeyResp: <Buffer 53 26 97 46 98 97 67 8f>
auth nonce verified
handleSessionKeyResp: session key request succeeded! authFailureCount: 0
received 1 keys
Session key id is as expected
server ret: [object Object]
chosen nonce: <Buffer 4e 91 78 ee 1e 0d 36 0a>
switching to HANDSHAKE_2_SENT
disconnected from auth
received session key handshake3!
{ replyNonce: <Buffer 4e 91 78 ee 1e 0d 36 0a> }
client authenticated/authorized by solving nonce!
switching to IN_COMM
Handler: secure connection with the client established.
{ id: 7,
  remoteAddress: '::ffff:10.0.1.81:48048',
  status: 'open' }
received secure communication!
Received seqNum: 0
data received from server via secure communication
Handler: socketID: 7 data: data1
toSend: { data: <Buffer 64 61 74 61 31>, id: 7 }
specified socketID: 7
Unidentified client disconnected
Handler: secure connection with the client closed.
socket #7 closed
Unidentified client connected
received session key handshake1
switching to HANDSHAKE_1_RECEIVED state.
session key id: 50300208
session key NOT found! sending session key id to AuthService
Distribution protocol: TCP
connected to auth! from local port 36896
received auth hello!
{ authId: 503, nonce: <Buffer e5 e6 bd 5a d4 1b ac 7e> }
received session key response encrypted with distribution key
replyNonce in sessionKeyResp: <Buffer d7 66 0a 0c 76 30 e9 5b>
auth nonce verified
handleSessionKeyResp: session key request succeeded! authFailureCount: 0
received 1 keys
Session key id is as expected
server ret: [object Object]
chosen nonce: <Buffer a3 71 16 44 64 3e 27 a7>
switching to HANDSHAKE_2_SENT
disconnected from auth
received session key handshake3!
{ replyNonce: <Buffer a3 71 16 44 64 3e 27 a7> }
client authenticated/authorized by solving nonce!
switching to IN_COMM
Handler: secure connection with the client established.
{ id: 8,
  remoteAddress: '::ffff:10.0.1.81:48276',
  status: 'open' }
received secure communication!
Received seqNum: 0
data received from server via secure communication
Handler: socketID: 8 data: data1
toSend: { data: <Buffer 64 61 74 61 31>, id: 8 }
specified socketID: 8
Unidentified client disconnected
Handler: secure connection with the client closed.
socket #8 closed
Unidentified client connected
received session key handshake1
switching to HANDSHAKE_1_RECEIVED state.
session key id: 50300213
session key NOT found! sending session key id to AuthService
Distribution protocol: TCP
connected to auth! from local port 37130
received auth hello!
{ authId: 503, nonce: <Buffer 91 d3 be 4b 68 77 09 39> }
received session key response encrypted with distribution key
replyNonce in sessionKeyResp: <Buffer 51 5e 27 82 f5 9a 29 03>
auth nonce verified
handleSessionKeyResp: session key request succeeded! authFailureCount: 0
received 1 keys
Session key id is as expected
server ret: [object Object]
chosen nonce: <Buffer 90 99 db d0 a1 23 f9 a4>
switching to HANDSHAKE_2_SENT
disconnected from auth
received session key handshake3!
{ replyNonce: <Buffer 90 99 db d0 a1 23 f9 a4> }
client authenticated/authorized by solving nonce!
switching to IN_COMM
Handler: secure connection with the client established.
{ id: 9,
  remoteAddress: '::ffff:10.0.1.81:48510',
  status: 'open' }
received secure communication!
Received seqNum: 0
data received from server via secure communication
Handler: socketID: 9 data: data1
toSend: { data: <Buffer 64 61 74 61 31>, id: 9 }
specified socketID: 9
Unidentified client disconnected
Handler: secure connection with the client closed.
socket #9 closed
Unidentified client connected
received session key handshake1
switching to HANDSHAKE_1_RECEIVED state.
session key id: 50300218
session key NOT found! sending session key id to AuthService
Distribution protocol: TCP
connected to auth! from local port 37368
received auth hello!
{ authId: 503, nonce: <Buffer 97 8a 45 75 9f 26 5d ca> }
received session key response encrypted with distribution key
replyNonce in sessionKeyResp: <Buffer 66 f7 04 9a 20 a3 78 e7>
auth nonce verified
handleSessionKeyResp: session key request succeeded! authFailureCount: 0
received 1 keys
Session key id is as expected
server ret: [object Object]
chosen nonce: <Buffer 1d 9a c2 0c 04 d6 e4 f5>
switching to HANDSHAKE_2_SENT
received session key handshake3!
{ replyNonce: <Buffer 1d 9a c2 0c 04 d6 e4 f5> }
client authenticated/authorized by solving nonce!
switching to IN_COMM
Handler: secure connection with the client established.
{ id: 10,
  remoteAddress: '::ffff:10.0.1.81:48748',
  status: 'open' }
disconnected from auth
received secure communication!
Received seqNum: 0
data received from server via secure communication
Handler: socketID: 10 data: data1
toSend: { data: <Buffer 64 61 74 61 31>, id: 10 }
specified socketID: 10
Unidentified client disconnected
Handler: secure connection with the client closed.
socket #10 closed
Unidentified client connected
received session key handshake1
switching to HANDSHAKE_1_RECEIVED state.
session key id: 50300223
session key NOT found! sending session key id to AuthService
Distribution protocol: TCP
connected to auth! from local port 37614
received auth hello!
{ authId: 503, nonce: <Buffer b8 78 01 20 d1 d3 42 9e> }
received session key response encrypted with distribution key
replyNonce in sessionKeyResp: <Buffer 93 56 ad 9e 05 61 d7 b7>
auth nonce verified
handleSessionKeyResp: session key request succeeded! authFailureCount: 0
received 1 keys
Session key id is as expected
server ret: [object Object]
chosen nonce: <Buffer 72 1c eb b8 c6 59 55 06>
switching to HANDSHAKE_2_SENT
disconnected from auth
received session key handshake3!
{ replyNonce: <Buffer 72 1c eb b8 c6 59 55 06> }
client authenticated/authorized by solving nonce!
switching to IN_COMM
Handler: secure connection with the client established.
{ id: 11,
  remoteAddress: '::ffff:10.0.1.81:48992',
  status: 'open' }
received secure communication!
Received seqNum: 0
data received from server via secure communication
Handler: socketID: 11 data: data1
toSend: { data: <Buffer 64 61 74 61 31>, id: 11 }
specified socketID: 11
Unidentified client disconnected
Handler: secure connection with the client closed.
socket #11 closed
Unidentified client connected
received session key handshake1
switching to HANDSHAKE_1_RECEIVED state.
session key id: 50300228
session key NOT found! sending session key id to AuthService
Distribution protocol: TCP
connected to auth! from local port 37866
received auth hello!
{ authId: 503, nonce: <Buffer df 6d e6 55 d6 5a 82 e9> }
received session key response encrypted with distribution key
replyNonce in sessionKeyResp: <Buffer 5a cd ba 67 db b8 9e 46>
auth nonce verified
handleSessionKeyResp: session key request succeeded! authFailureCount: 0
received 1 keys
Session key id is as expected
server ret: [object Object]
chosen nonce: <Buffer 55 68 b5 aa 09 e8 ce 18>
switching to HANDSHAKE_2_SENT
disconnected from auth
received session key handshake3!
{ replyNonce: <Buffer 55 68 b5 aa 09 e8 ce 18> }
client authenticated/authorized by solving nonce!
switching to IN_COMM
Handler: secure connection with the client established.
{ id: 12,
  remoteAddress: '::ffff:10.0.1.81:49246',
  status: 'open' }
received secure communication!
Received seqNum: 0
data received from server via secure communication
Handler: socketID: 12 data: data1
toSend: { data: <Buffer 64 61 74 61 31>, id: 12 }
specified socketID: 12
Unidentified client disconnected
Handler: secure connection with the client closed.
socket #12 closed
Unidentified client connected
received session key handshake1
switching to HANDSHAKE_1_RECEIVED state.
session key id: 50300233
session key NOT found! sending session key id to AuthService
Distribution protocol: TCP
connected to auth! from local port 38118
received auth hello!
{ authId: 503, nonce: <Buffer 61 db 26 4e ad 04 af 50> }
received session key response encrypted with distribution key
replyNonce in sessionKeyResp: <Buffer 7f 3e 21 f1 7c 39 3a ff>
auth nonce verified
handleSessionKeyResp: session key request succeeded! authFailureCount: 0
received 1 keys
Session key id is as expected
server ret: [object Object]
chosen nonce: <Buffer e7 b4 59 48 5d 70 a4 58>
switching to HANDSHAKE_2_SENT
disconnected from auth
received session key handshake3!
{ replyNonce: <Buffer e7 b4 59 48 5d 70 a4 58> }
client authenticated/authorized by solving nonce!
switching to IN_COMM
Handler: secure connection with the client established.
{ id: 13,
  remoteAddress: '::ffff:10.0.1.81:49496',
  status: 'open' }
received secure communication!
Received seqNum: 0
data received from server via secure communication
Handler: socketID: 13 data: data1
toSend: { data: <Buffer 64 61 74 61 31>, id: 13 }
specified socketID: 13
Unidentified client disconnected
Handler: secure connection with the client closed.
socket #13 closed
Unidentified client connected
received session key handshake1
switching to HANDSHAKE_1_RECEIVED state.
session key id: 50300238
session key NOT found! sending session key id to AuthService
Distribution protocol: TCP
connected to auth! from local port 38384
received auth hello!
{ authId: 503, nonce: <Buffer 87 25 7b 4e ee 94 fa 57> }
received session key response encrypted with distribution key
replyNonce in sessionKeyResp: <Buffer 3e 0c 2e 9f 32 18 6c c7>
auth nonce verified
handleSessionKeyResp: session key request succeeded! authFailureCount: 0
received 1 keys
Session key id is as expected
server ret: [object Object]
chosen nonce: <Buffer 3a 6a ff eb bc 36 e2 70>
switching to HANDSHAKE_2_SENT
disconnected from auth
received session key handshake3!
{ replyNonce: <Buffer 3a 6a ff eb bc 36 e2 70> }
client authenticated/authorized by solving nonce!
switching to IN_COMM
Handler: secure connection with the client established.
{ id: 14,
  remoteAddress: '::ffff:10.0.1.81:49762',
  status: 'open' }
received secure communication!
Received seqNum: 0
data received from server via secure communication
Handler: socketID: 14 data: data1
toSend: { data: <Buffer 64 61 74 61 31>, id: 14 }
specified socketID: 14
Unidentified client disconnected
Handler: secure connection with the client closed.
socket #14 closed
Unidentified client connected
received session key handshake1
switching to HANDSHAKE_1_RECEIVED state.
session key id: 50300243
session key NOT found! sending session key id to AuthService
Distribution protocol: TCP
connected to auth! from local port 38654
received auth hello!
{ authId: 503, nonce: <Buffer 84 38 6d c6 5b 0f 9b ea> }
received session key response encrypted with distribution key
replyNonce in sessionKeyResp: <Buffer 04 15 9c d8 9c 85 b2 2f>
auth nonce verified
handleSessionKeyResp: session key request succeeded! authFailureCount: 0
received 1 keys
Session key id is as expected
server ret: [object Object]
chosen nonce: <Buffer ed d5 ff b0 e8 9d 44 80>
switching to HANDSHAKE_2_SENT
received session key handshake3!
{ replyNonce: <Buffer ed d5 ff b0 e8 9d 44 80> }
client authenticated/authorized by solving nonce!
switching to IN_COMM
Handler: secure connection with the client established.
{ id: 15,
  remoteAddress: '::ffff:10.0.1.81:50032',
  status: 'open' }
disconnected from auth
received secure communication!
Received seqNum: 0
data received from server via secure communication
Handler: socketID: 15 data: data1
toSend: { data: <Buffer 64 61 74 61 31>, id: 15 }
specified socketID: 15
Unidentified client disconnected
Handler: secure connection with the client closed.
socket #15 closed
Unidentified client connected
received session key handshake1
switching to HANDSHAKE_1_RECEIVED state.
session key id: 50300248
session key NOT found! sending session key id to AuthService
Distribution protocol: TCP
connected to auth! from local port 38894
received auth hello!
{ authId: 503, nonce: <Buffer 74 ec 92 8c 42 1e 89 d1> }
received session key response encrypted with distribution key
replyNonce in sessionKeyResp: <Buffer 1e 49 97 91 c1 9e e6 b5>
auth nonce verified
handleSessionKeyResp: session key request succeeded! authFailureCount: 0
received 1 keys
Session key id is as expected
server ret: [object Object]
chosen nonce: <Buffer 38 74 d2 30 f0 07 12 91>
switching to HANDSHAKE_2_SENT
disconnected from auth
received session key handshake3!
{ replyNonce: <Buffer 38 74 d2 30 f0 07 12 91> }
client authenticated/authorized by solving nonce!
switching to IN_COMM
Handler: secure connection with the client established.
{ id: 16,
  remoteAddress: '::ffff:10.0.1.81:50274',
  status: 'open' }
received secure communication!
Received seqNum: 0
data received from server via secure communication
Handler: socketID: 16 data: data1
toSend: { data: <Buffer 64 61 74 61 31>, id: 16 }
specified socketID: 16
Unidentified client disconnected
Handler: secure connection with the client closed.
socket #16 closed
Unidentified client connected
received session key handshake1
switching to HANDSHAKE_1_RECEIVED state.
session key id: 50300253
session key NOT found! sending session key id to AuthService
Distribution protocol: TCP
connected to auth! from local port 39106
received auth hello!
{ authId: 503, nonce: <Buffer a2 d3 f7 ea 70 cf 87 d6> }
received session key response encrypted with distribution key
replyNonce in sessionKeyResp: <Buffer 1c a9 53 51 17 9f f5 70>
auth nonce verified
handleSessionKeyResp: session key request succeeded! authFailureCount: 0
received 1 keys
Session key id is as expected
server ret: [object Object]
chosen nonce: <Buffer b0 9c 8f 0e c3 b9 c7 30>
switching to HANDSHAKE_2_SENT
disconnected from auth
received session key handshake3!
{ replyNonce: <Buffer b0 9c 8f 0e c3 b9 c7 30> }
client authenticated/authorized by solving nonce!
switching to IN_COMM
Handler: secure connection with the client established.
{ id: 17,
  remoteAddress: '::ffff:10.0.1.81:50486',
  status: 'open' }
received secure communication!
Received seqNum: 0
data received from server via secure communication
Handler: socketID: 17 data: data1
toSend: { data: <Buffer 64 61 74 61 31>, id: 17 }
specified socketID: 17
Unidentified client disconnected
Handler: secure connection with the client closed.
socket #17 closed
Unidentified client connected
received session key handshake1
switching to HANDSHAKE_1_RECEIVED state.
session key id: 50300258
session key NOT found! sending session key id to AuthService
Distribution protocol: TCP
connected to auth! from local port 39312
received auth hello!
{ authId: 503, nonce: <Buffer 9c 78 28 2e 35 d2 9d dc> }
received session key response encrypted with distribution key
replyNonce in sessionKeyResp: <Buffer f5 7d 5b e7 14 d3 fe 2b>
auth nonce verified
handleSessionKeyResp: session key request succeeded! authFailureCount: 0
received 1 keys
Session key id is as expected
server ret: [object Object]
chosen nonce: <Buffer 93 2f e4 72 47 e9 89 54>
switching to HANDSHAKE_2_SENT
disconnected from auth
received session key handshake3!
{ replyNonce: <Buffer 93 2f e4 72 47 e9 89 54> }
client authenticated/authorized by solving nonce!
switching to IN_COMM
Handler: secure connection with the client established.
{ id: 18,
  remoteAddress: '::ffff:10.0.1.81:50690',
  status: 'open' }
received secure communication!
Received seqNum: 0
data received from server via secure communication
Handler: socketID: 18 data: data1
toSend: { data: <Buffer 64 61 74 61 31>, id: 18 }
specified socketID: 18
Unidentified client disconnected
Handler: secure connection with the client closed.
socket #18 closed
Unidentified client connected
received session key handshake1
switching to HANDSHAKE_1_RECEIVED state.
session key id: 50300263
session key NOT found! sending session key id to AuthService
Distribution protocol: TCP
connected to auth! from local port 39516
received auth hello!
{ authId: 503, nonce: <Buffer 09 2e ed 27 19 d1 b1 0e> }
received session key response encrypted with distribution key
replyNonce in sessionKeyResp: <Buffer f0 1c ed 54 f1 e1 3b e6>
auth nonce verified
handleSessionKeyResp: session key request succeeded! authFailureCount: 0
received 1 keys
Session key id is as expected
server ret: [object Object]
chosen nonce: <Buffer bb 26 a9 18 db 9b b2 d9>
switching to HANDSHAKE_2_SENT
disconnected from auth
received session key handshake3!
{ replyNonce: <Buffer bb 26 a9 18 db 9b b2 d9> }
client authenticated/authorized by solving nonce!
switching to IN_COMM
Handler: secure connection with the client established.
{ id: 19,
  remoteAddress: '::ffff:10.0.1.81:50894',
  status: 'open' }
received secure communication!
Received seqNum: 0
data received from server via secure communication
Handler: socketID: 19 data: data1
toSend: { data: <Buffer 64 61 74 61 31>, id: 19 }
specified socketID: 19
Unidentified client disconnected
Handler: secure connection with the client closed.
socket #19 closed
Unidentified client connected
received session key handshake1
switching to HANDSHAKE_1_RECEIVED state.
session key id: 50300268
session key NOT found! sending session key id to AuthService
Distribution protocol: TCP
connected to auth! from local port 39716
received auth hello!
{ authId: 503, nonce: <Buffer 7e f3 3a 26 f5 05 56 ce> }
received session key response encrypted with distribution key
replyNonce in sessionKeyResp: <Buffer 8c 79 fe 30 1b 5c cd be>
auth nonce verified
handleSessionKeyResp: session key request succeeded! authFailureCount: 0
received 1 keys
Session key id is as expected
server ret: [object Object]
chosen nonce: <Buffer a6 66 4e 9d 19 8b f9 08>
switching to HANDSHAKE_2_SENT
disconnected from auth
received session key handshake3!
{ replyNonce: <Buffer a6 66 4e 9d 19 8b f9 08> }
client authenticated/authorized by solving nonce!
switching to IN_COMM
Handler: secure connection with the client established.
{ id: 20,
  remoteAddress: '::ffff:10.0.1.81:51094',
  status: 'open' }
received secure communication!
Received seqNum: 0
data received from server via secure communication
Handler: socketID: 20 data: data1
toSend: { data: <Buffer 64 61 74 61 31>, id: 20 }
specified socketID: 20
Unidentified client disconnected
Handler: secure connection with the client closed.
socket #20 closed
Unidentified client connected
received session key handshake1
switching to HANDSHAKE_1_RECEIVED state.
session key id: 50300273
session key NOT found! sending session key id to AuthService
Distribution protocol: TCP
connected to auth! from local port 39916
received auth hello!
{ authId: 503, nonce: <Buffer a3 c7 95 fe 1a fe e1 7d> }
received session key response encrypted with distribution key
replyNonce in sessionKeyResp: <Buffer c0 80 cf 9a 5c 07 a1 58>
auth nonce verified
handleSessionKeyResp: session key request succeeded! authFailureCount: 0
received 1 keys
Session key id is as expected
server ret: [object Object]
chosen nonce: <Buffer 58 42 37 94 b1 d8 b2 ad>
switching to HANDSHAKE_2_SENT
disconnected from auth
received session key handshake3!
{ replyNonce: <Buffer 58 42 37 94 b1 d8 b2 ad> }
client authenticated/authorized by solving nonce!
switching to IN_COMM
Handler: secure connection with the client established.
{ id: 21,
  remoteAddress: '::ffff:10.0.1.81:51294',
  status: 'open' }
received secure communication!
Received seqNum: 0
data received from server via secure communication
Handler: socketID: 21 data: data1
toSend: { data: <Buffer 64 61 74 61 31>, id: 21 }
specified socketID: 21
Unidentified client disconnected
Handler: secure connection with the client closed.
socket #21 closed
Unidentified client connected
received session key handshake1
switching to HANDSHAKE_1_RECEIVED state.
session key id: 50300278
session key NOT found! sending session key id to AuthService
Distribution protocol: TCP
connected to auth! from local port 40116
received auth hello!
{ authId: 503, nonce: <Buffer f2 a4 92 d6 b5 f5 fb ed> }
received session key response encrypted with distribution key
replyNonce in sessionKeyResp: <Buffer 45 b9 28 b0 8e 73 b2 50>
auth nonce verified
handleSessionKeyResp: session key request succeeded! authFailureCount: 0
received 1 keys
Session key id is as expected
server ret: [object Object]
chosen nonce: <Buffer 0c 1c 16 90 f4 81 0f a2>
switching to HANDSHAKE_2_SENT
disconnected from auth
received session key handshake3!
{ replyNonce: <Buffer 0c 1c 16 90 f4 81 0f a2> }
client authenticated/authorized by solving nonce!
switching to IN_COMM
Handler: secure connection with the client established.
{ id: 22,
  remoteAddress: '::ffff:10.0.1.81:51494',
  status: 'open' }
received secure communication!
Received seqNum: 0
data received from server via secure communication
Handler: socketID: 22 data: data1
toSend: { data: <Buffer 64 61 74 61 31>, id: 22 }
specified socketID: 22
Unidentified client disconnected
Handler: secure connection with the client closed.
socket #22 closed
Unidentified client connected
received session key handshake1
switching to HANDSHAKE_1_RECEIVED state.
session key id: 50300283
session key NOT found! sending session key id to AuthService
Distribution protocol: TCP
connected to auth! from local port 40316
received auth hello!
{ authId: 503, nonce: <Buffer e0 78 96 fd 73 20 e7 8f> }
received session key response encrypted with distribution key
replyNonce in sessionKeyResp: <Buffer b2 46 d3 a3 4e 6f b2 00>
auth nonce verified
handleSessionKeyResp: session key request succeeded! authFailureCount: 0
received 1 keys
Session key id is as expected
server ret: [object Object]
chosen nonce: <Buffer 0e db ef 91 46 fb 95 21>
switching to HANDSHAKE_2_SENT
disconnected from auth
received session key handshake3!
{ replyNonce: <Buffer 0e db ef 91 46 fb 95 21> }
client authenticated/authorized by solving nonce!
switching to IN_COMM
Handler: secure connection with the client established.
{ id: 23,
  remoteAddress: '::ffff:10.0.1.81:51694',
  status: 'open' }
received secure communication!
Received seqNum: 0
data received from server via secure communication
Handler: socketID: 23 data: data1
toSend: { data: <Buffer 64 61 74 61 31>, id: 23 }
specified socketID: 23
Unidentified client disconnected
Handler: secure connection with the client closed.
socket #23 closed
Unidentified client connected
received session key handshake1
switching to HANDSHAKE_1_RECEIVED state.
session key id: 50300288
session key NOT found! sending session key id to AuthService
Distribution protocol: TCP
connected to auth! from local port 40516
received auth hello!
{ authId: 503, nonce: <Buffer 1e 82 47 e3 4c e6 31 71> }
received session key response encrypted with distribution key
replyNonce in sessionKeyResp: <Buffer 2b 00 b8 ff 1c 2b 5a 98>
auth nonce verified
handleSessionKeyResp: session key request succeeded! authFailureCount: 0
received 1 keys
Session key id is as expected
server ret: [object Object]
chosen nonce: <Buffer cb 1d a6 35 2a 1d 31 45>
switching to HANDSHAKE_2_SENT
disconnected from auth
received session key handshake3!
{ replyNonce: <Buffer cb 1d a6 35 2a 1d 31 45> }
client authenticated/authorized by solving nonce!
switching to IN_COMM
Handler: secure connection with the client established.
{ id: 24,
  remoteAddress: '::ffff:10.0.1.81:51894',
  status: 'open' }
received secure communication!
Received seqNum: 0
data received from server via secure communication
Handler: socketID: 24 data: data1
toSend: { data: <Buffer 64 61 74 61 31>, id: 24 }
specified socketID: 24
Unidentified client disconnected
Handler: secure connection with the client closed.
socket #24 closed
Unidentified client connected
received session key handshake1
switching to HANDSHAKE_1_RECEIVED state.
session key id: 50300293
session key NOT found! sending session key id to AuthService
Distribution protocol: TCP
connected to auth! from local port 40716
received auth hello!
{ authId: 503, nonce: <Buffer 54 8c 1f 57 f7 a2 15 11> }
received session key response encrypted with distribution key
replyNonce in sessionKeyResp: <Buffer 8b c4 59 19 40 e6 0a af>
auth nonce verified
handleSessionKeyResp: session key request succeeded! authFailureCount: 0
received 1 keys
Session key id is as expected
server ret: [object Object]
chosen nonce: <Buffer 93 10 7b 0e 1f ba f7 ca>
switching to HANDSHAKE_2_SENT
disconnected from auth
received session key handshake3!
{ replyNonce: <Buffer 93 10 7b 0e 1f ba f7 ca> }
client authenticated/authorized by solving nonce!
switching to IN_COMM
Handler: secure connection with the client established.
{ id: 25,
  remoteAddress: '::ffff:10.0.1.81:52094',
  status: 'open' }
received secure communication!
Received seqNum: 0
data received from server via secure communication
Handler: socketID: 25 data: data1
toSend: { data: <Buffer 64 61 74 61 31>, id: 25 }
specified socketID: 25
Unidentified client disconnected
Handler: secure connection with the client closed.
socket #25 closed
Unidentified client connected
received session key handshake1
switching to HANDSHAKE_1_RECEIVED state.
session key id: 50300298
session key NOT found! sending session key id to AuthService
Distribution protocol: TCP
connected to auth! from local port 40902
received auth hello!
{ authId: 503, nonce: <Buffer 53 59 2d 0b c9 8e d6 89> }
received session key response encrypted with distribution key
replyNonce in sessionKeyResp: <Buffer 3f f9 4b 3b d5 09 18 b6>
auth nonce verified
handleSessionKeyResp: session key request succeeded! authFailureCount: 0
received 1 keys
Session key id is as expected
server ret: [object Object]
chosen nonce: <Buffer 92 b2 55 c2 99 f0 15 81>
switching to HANDSHAKE_2_SENT
received session key handshake3!
{ replyNonce: <Buffer 92 b2 55 c2 99 f0 15 81> }
client authenticated/authorized by solving nonce!
switching to IN_COMM
Handler: secure connection with the client established.
{ id: 26,
  remoteAddress: '::ffff:10.0.1.81:52282',
  status: 'open' }
disconnected from auth
received secure communication!
Received seqNum: 0
data received from server via secure communication
Handler: socketID: 26 data: data1
toSend: { data: <Buffer 64 61 74 61 31>, id: 26 }
specified socketID: 26
Unidentified client disconnected
Handler: secure connection with the client closed.
socket #26 closed
Unidentified client connected
received session key handshake1
switching to HANDSHAKE_1_RECEIVED state.
session key id: 50300302
session key NOT found! sending session key id to AuthService
Distribution protocol: TCP
connected to auth! from local port 40932
received auth hello!
{ authId: 503, nonce: <Buffer 63 ff 4f 89 4c 06 4d 8f> }
received session key response encrypted with distribution key
replyNonce in sessionKeyResp: <Buffer 46 3c 4f a5 f5 7a 10 1f>
auth nonce verified
handleSessionKeyResp: session key request succeeded! authFailureCount: 0
received 1 keys
Session key id is as expected
server ret: [object Object]
chosen nonce: <Buffer b3 a2 a9 77 37 79 d7 cc>
switching to HANDSHAKE_2_SENT
disconnected from auth
received session key handshake3!
{ replyNonce: <Buffer b3 a2 a9 77 37 79 d7 cc> }
client authenticated/authorized by solving nonce!
switching to IN_COMM
Handler: secure connection with the client established.
{ id: 27,
  remoteAddress: '::ffff:10.0.1.81:52312',
  status: 'open' }
received secure communication!
Received seqNum: 0
data received from server via secure communication
Handler: socketID: 27 data: data1
toSend: { data: <Buffer 64 61 74 61 31>, id: 27 }
specified socketID: 27
Unidentified client disconnected
Handler: secure connection with the client closed.
socket #27 closed
