changing working directory to: /home/hokeunkim/Development/iotauth/entity/node/example_entities
loading from config file: /home/hokeunkim/Development/iotauth_experiments/experiments/ccs2017/expOptions/expEntity.option
Experimental options for echoServer: { autoSendPeriod: 60000,
  useSameSessionKeyCount: 1,
  connectionTimeout: 50000,
  migrationEnabled: false,
  authFailureThreshold: 2,
  migrationFailureThreshold: 2 }
loading from config file: /home/hokeunkim/Development/iotauth/entity/node/example_entities/configs/Servers/s503.config
initializing secure comm server...
Session protocol: TCP
current parameters: { migrationEnabled: false,
  authFailureThreshold: 3,
  migrationFailureThreshold: 3 }
current parameters: { migrationEnabled: false,
  authFailureThreshold: 2,
  migrationFailureThreshold: 3 }
current parameters: { migrationEnabled: false,
  authFailureThreshold: 2,
  migrationFailureThreshold: 2 }
current entityInfo: { name: 's503',
  group: 'Servers',
  distProtocol: 'TCP',
  usePermanentDistKey: false,
  connectionTimeout: 50000,
  privateKey: <Buffer 2d 2d 2d 2d 2d 42 45 47 49 4e 20 52 53 41 20 50 52 49 56 41 54 45 20 4b 45 59 2d 2d 2d 2d 2d 0a 4d 49 49 45 70 41 49 42 41 41 4b 43 41 51 45 41 77 6f ... > }
Handler: listening on port 22100
s503:Servers prompt>
Unidentified client connected
received session key handshake1
switching to HANDSHAKE_1_RECEIVED state.
session key id: 50101204
session key NOT found! sending session key id to AuthService
Distribution protocol: TCP
connected to auth! from local port 34742
received auth hello!
{ authId: 504, nonce: <Buffer 5b ae db 86 08 fa 91 d7> }
received session key response with distribution key attached!
auth signature verified
replyNonce in sessionKeyResp: <Buffer 74 97 dd 14 8d 19 f0 0f>
auth nonce verified
updating distribution key: { cipherKeyVal: <Buffer e7 a5 00 cf 22 38 10 58 a2 2c 32 09 99 98 b0 73>,
  macKeyVal: <Buffer fe 1e fc ae 44 c4 b7 55 69 7b 86 34 d6 c2 ee 91 9e d6 79 59 4d ef af a3 cc 40 87 a5 43 fd bf 60>,
  absValidity: 2018-03-22T00:19:52.230Z }
received 1 keys
Session key id is as expected
server ret: [object Object]
chosen nonce: <Buffer 49 26 9c 7d 8a b4 d4 3e>
switching to HANDSHAKE_2_SENT
disconnected from auth
received session key handshake3!
{ replyNonce: <Buffer 49 26 9c 7d 8a b4 d4 3e> }
client authenticated/authorized by solving nonce!
switching to IN_COMM
Handler: secure connection with the client established.
{ id: 0,
  remoteAddress: '::ffff:10.0.1.64:55672',
  status: 'open' }
received secure communication!
Received seqNum: 0
data received from server via secure communication
Handler: socketID: 0 data: data1
toSend: { data: <Buffer 64 61 74 61 31>, id: 0 }
specified socketID: 0
Unidentified client connected
received session key handshake1
switching to HANDSHAKE_1_RECEIVED state.
session key id: 50400338
session key NOT found! sending session key id to AuthService
Distribution protocol: TCP
connected to auth! from local port 34754
received auth hello!
{ authId: 504, nonce: <Buffer 26 5b 54 be 4d ae ed 92> }
received session key response encrypted with distribution key
replyNonce in sessionKeyResp: <Buffer fd a2 9c f4 5a fd 4a ee>
auth nonce verified
received 1 keys
Session key id is as expected
server ret: [object Object]
chosen nonce: <Buffer 13 e2 58 ce e1 56 bd 66>
switching to HANDSHAKE_2_SENT
received session key handshake3!
{ replyNonce: <Buffer 13 e2 58 ce e1 56 bd 66> }
client authenticated/authorized by solving nonce!
switching to IN_COMM
Handler: secure connection with the client established.
{ id: 1,
  remoteAddress: '::ffff:10.0.1.65:32782',
  status: 'open' }
disconnected from auth
received secure communication!
Received seqNum: 0
data received from server via secure communication
Handler: socketID: 1 data: data1
toSend: { data: <Buffer 64 61 74 61 31>, id: 1 }
specified socketID: 1
Unidentified client connected
received session key handshake1
switching to HANDSHAKE_1_RECEIVED state.
session key id: 50400339
session key NOT found! sending session key id to AuthService
Distribution protocol: TCP
connected to auth! from local port 34766
received auth hello!
{ authId: 504, nonce: <Buffer 66 46 a4 ba 38 9d 87 3e> }
received session key response encrypted with distribution key
replyNonce in sessionKeyResp: <Buffer 67 43 fd ff e0 05 bc 5e>
auth nonce verified
received 1 keys
Session key id is as expected
server ret: [object Object]
chosen nonce: <Buffer bd 52 98 a7 4d 2a e7 d6>
switching to HANDSHAKE_2_SENT
disconnected from auth
received session key handshake3!
{ replyNonce: <Buffer bd 52 98 a7 4d 2a e7 d6> }
client authenticated/authorized by solving nonce!
switching to IN_COMM
Handler: secure connection with the client established.
{ id: 2,
  remoteAddress: '::ffff:10.0.1.66:59586',
  status: 'open' }
received secure communication!
Received seqNum: 0
data received from server via secure communication
Handler: socketID: 2 data: data1
toSend: { data: <Buffer 64 61 74 61 31>, id: 2 }
specified socketID: 2
Unidentified client disconnected
Handler: secure connection with the client closed.
socket #0 closed
Unidentified client connected
received session key handshake1
switching to HANDSHAKE_1_RECEIVED state.
session key id: 50101212
session key NOT found! sending session key id to AuthService
Distribution protocol: TCP
connected to auth! from local port 34984
received auth hello!
{ authId: 504, nonce: <Buffer 40 e4 9c c2 cb 71 bd 32> }
received session key response encrypted with distribution key
replyNonce in sessionKeyResp: <Buffer d9 b9 c5 a3 5a 7a ad cb>
auth nonce verified
received 1 keys
Session key id is as expected
server ret: [object Object]
chosen nonce: <Buffer 86 44 ca ba b1 a9 98 91>
switching to HANDSHAKE_2_SENT
disconnected from auth
received session key handshake3!
{ replyNonce: <Buffer 86 44 ca ba b1 a9 98 91> }
client authenticated/authorized by solving nonce!
switching to IN_COMM
Handler: secure connection with the client established.
{ id: 3,
  remoteAddress: '::ffff:10.0.1.64:55914',
  status: 'open' }
received secure communication!
Received seqNum: 0
data received from server via secure communication
Handler: socketID: 3 data: data1
toSend: { data: <Buffer 64 61 74 61 31>, id: 3 }
specified socketID: 3
Unidentified client disconnected
Handler: secure connection with the client closed.
socket #1 closed
Unidentified client connected
received session key handshake1
switching to HANDSHAKE_1_RECEIVED state.
session key id: 50400340
session key NOT found! sending session key id to AuthService
Distribution protocol: TCP
connected to auth! from local port 35002
received auth hello!
{ authId: 504, nonce: <Buffer 58 33 5b a6 ce bc 8f d4> }
received session key response encrypted with distribution key
replyNonce in sessionKeyResp: <Buffer f5 c4 17 6b 0e 13 a3 28>
auth nonce verified
received 1 keys
Session key id is as expected
server ret: [object Object]
chosen nonce: <Buffer e2 37 31 5d f7 83 bf d2>
switching to HANDSHAKE_2_SENT
disconnected from auth
received session key handshake3!
{ replyNonce: <Buffer e2 37 31 5d f7 83 bf d2> }
client authenticated/authorized by solving nonce!
switching to IN_COMM
Handler: secure connection with the client established.
{ id: 4,
  remoteAddress: '::ffff:10.0.1.65:33030',
  status: 'open' }
received secure communication!
Received seqNum: 0
data received from server via secure communication
Handler: socketID: 4 data: data1
toSend: { data: <Buffer 64 61 74 61 31>, id: 4 }
specified socketID: 4
Unidentified client disconnected
Handler: secure connection with the client closed.
socket #2 closed
Unidentified client connected
received session key handshake1
switching to HANDSHAKE_1_RECEIVED state.
session key id: 50400342
session key NOT found! sending session key id to AuthService
Distribution protocol: TCP
connected to auth! from local port 35020
received auth hello!
{ authId: 504, nonce: <Buffer 37 53 15 f8 92 de 83 f6> }
received session key response encrypted with distribution key
replyNonce in sessionKeyResp: <Buffer 21 41 45 00 71 a0 75 08>
auth nonce verified
received 1 keys
Session key id is as expected
server ret: [object Object]
chosen nonce: <Buffer af dc db 79 d0 97 ec 70>
switching to HANDSHAKE_2_SENT
disconnected from auth
received session key handshake3!
{ replyNonce: <Buffer af dc db 79 d0 97 ec 70> }
client authenticated/authorized by solving nonce!
switching to IN_COMM
Handler: secure connection with the client established.
{ id: 5,
  remoteAddress: '::ffff:10.0.1.66:59840',
  status: 'open' }
received secure communication!
Received seqNum: 0
data received from server via secure communication
Handler: socketID: 5 data: data1
toSend: { data: <Buffer 64 61 74 61 31>, id: 5 }
specified socketID: 5
Unidentified client disconnected
Handler: secure connection with the client closed.
socket #3 closed
Unidentified client connected
received session key handshake1
switching to HANDSHAKE_1_RECEIVED state.
session key id: 50101220
session key NOT found! sending session key id to AuthService
Distribution protocol: TCP
connected to auth! from local port 35254
received auth hello!
{ authId: 504, nonce: <Buffer 17 05 f1 23 e9 a9 aa 6e> }
received session key response encrypted with distribution key
replyNonce in sessionKeyResp: <Buffer 8f 9c b7 c6 ec 30 1e 2f>
auth nonce verified
received 1 keys
Session key id is as expected
server ret: [object Object]
chosen nonce: <Buffer 26 f7 6d ed 96 0e 62 56>
switching to HANDSHAKE_2_SENT
disconnected from auth
received session key handshake3!
{ replyNonce: <Buffer 26 f7 6d ed 96 0e 62 56> }
client authenticated/authorized by solving nonce!
switching to IN_COMM
Handler: secure connection with the client established.
{ id: 6,
  remoteAddress: '::ffff:10.0.1.64:56184',
  status: 'open' }
received secure communication!
Received seqNum: 0
data received from server via secure communication
Handler: socketID: 6 data: data1
toSend: { data: <Buffer 64 61 74 61 31>, id: 6 }
specified socketID: 6
Unidentified client disconnected
Handler: secure connection with the client closed.
socket #4 closed
Unidentified client connected
received session key handshake1
switching to HANDSHAKE_1_RECEIVED state.
session key id: 50400346
session key NOT found! sending session key id to AuthService
Distribution protocol: TCP
connected to auth! from local port 35272
received auth hello!
{ authId: 504, nonce: <Buffer 70 0f ac a5 b5 f2 f4 e0> }
received session key response encrypted with distribution key
replyNonce in sessionKeyResp: <Buffer c5 56 62 a4 40 15 ba 12>
auth nonce verified
received 1 keys
Session key id is as expected
server ret: [object Object]
chosen nonce: <Buffer b8 27 41 df 46 4b 77 ed>
switching to HANDSHAKE_2_SENT
disconnected from auth
received session key handshake3!
{ replyNonce: <Buffer b8 27 41 df 46 4b 77 ed> }
client authenticated/authorized by solving nonce!
switching to IN_COMM
Handler: secure connection with the client established.
{ id: 7,
  remoteAddress: '::ffff:10.0.1.65:33300',
  status: 'open' }
received secure communication!
Received seqNum: 0
data received from server via secure communication
Handler: socketID: 7 data: data1
toSend: { data: <Buffer 64 61 74 61 31>, id: 7 }
specified socketID: 7
Unidentified client disconnected
Handler: secure connection with the client closed.
socket #5 closed
Unidentified client connected
received session key handshake1
switching to HANDSHAKE_1_RECEIVED state.
session key id: 50400348
session key NOT found! sending session key id to AuthService
Distribution protocol: TCP
connected to auth! from local port 35290
received auth hello!
{ authId: 504, nonce: <Buffer 18 e9 64 02 51 13 8b c1> }
received session key response encrypted with distribution key
replyNonce in sessionKeyResp: <Buffer a6 a1 64 8a c0 53 a7 77>
auth nonce verified
received 1 keys
Session key id is as expected
server ret: [object Object]
chosen nonce: <Buffer 89 a7 b1 b4 f0 4e ed d3>
switching to HANDSHAKE_2_SENT
received session key handshake3!
{ replyNonce: <Buffer 89 a7 b1 b4 f0 4e ed d3> }
client authenticated/authorized by solving nonce!
switching to IN_COMM
Handler: secure connection with the client established.
{ id: 8,
  remoteAddress: '::ffff:10.0.1.66:60110',
  status: 'open' }
disconnected from auth
received secure communication!
Received seqNum: 0
data received from server via secure communication
Handler: socketID: 8 data: data1
toSend: { data: <Buffer 64 61 74 61 31>, id: 8 }
specified socketID: 8
Unidentified client disconnected
Handler: secure connection with the client closed.
socket #6 closed
Unidentified client connected
received session key handshake1
switching to HANDSHAKE_1_RECEIVED state.
session key id: 50101228
session key NOT found! sending session key id to AuthService
Distribution protocol: TCP
connected to auth! from local port 35524
received auth hello!
{ authId: 504, nonce: <Buffer 76 10 45 b0 45 b5 4a 03> }
received session key response encrypted with distribution key
replyNonce in sessionKeyResp: <Buffer ca ac b7 73 48 63 9d 65>
auth nonce verified
received 1 keys
Session key id is as expected
server ret: [object Object]
chosen nonce: <Buffer 6d 07 0d 77 9d ee 93 79>
switching to HANDSHAKE_2_SENT
received session key handshake3!
{ replyNonce: <Buffer 6d 07 0d 77 9d ee 93 79> }
client authenticated/authorized by solving nonce!
switching to IN_COMM
Handler: secure connection with the client established.
{ id: 9,
  remoteAddress: '::ffff:10.0.1.64:56454',
  status: 'open' }
disconnected from auth
received secure communication!
Received seqNum: 0
data received from server via secure communication
Handler: socketID: 9 data: data1
toSend: { data: <Buffer 64 61 74 61 31>, id: 9 }
specified socketID: 9
Unidentified client disconnected
Handler: secure connection with the client closed.
socket #7 closed
Unidentified client connected
received session key handshake1
switching to HANDSHAKE_1_RECEIVED state.
session key id: 50400352
session key NOT found! sending session key id to AuthService
Distribution protocol: TCP
connected to auth! from local port 35542
received auth hello!
{ authId: 504, nonce: <Buffer e4 94 66 26 8a 44 d9 7a> }
received session key response encrypted with distribution key
replyNonce in sessionKeyResp: <Buffer e8 86 ed d9 b4 8b 92 61>
auth nonce verified
received 1 keys
Session key id is as expected
server ret: [object Object]
chosen nonce: <Buffer d7 75 28 a5 0d 95 78 34>
switching to HANDSHAKE_2_SENT
received session key handshake3!
{ replyNonce: <Buffer d7 75 28 a5 0d 95 78 34> }
client authenticated/authorized by solving nonce!
switching to IN_COMM
Handler: secure connection with the client established.
{ id: 10,
  remoteAddress: '::ffff:10.0.1.65:33570',
  status: 'open' }
disconnected from auth
received secure communication!
Received seqNum: 0
data received from server via secure communication
Handler: socketID: 10 data: data1
toSend: { data: <Buffer 64 61 74 61 31>, id: 10 }
specified socketID: 10
Unidentified client disconnected
Handler: secure connection with the client closed.
socket #8 closed
Unidentified client connected
received session key handshake1
switching to HANDSHAKE_1_RECEIVED state.
session key id: 50400354
session key NOT found! sending session key id to AuthService
Distribution protocol: TCP
connected to auth! from local port 35566
received auth hello!
{ authId: 504, nonce: <Buffer 38 15 38 be 7c 3e 60 a7> }
received session key response encrypted with distribution key
replyNonce in sessionKeyResp: <Buffer 42 79 e9 fd e7 52 98 72>
auth nonce verified
received 1 keys
Session key id is as expected
server ret: [object Object]
chosen nonce: <Buffer 43 2e 6c 9b be 26 45 a0>
switching to HANDSHAKE_2_SENT
disconnected from auth
received session key handshake3!
{ replyNonce: <Buffer 43 2e 6c 9b be 26 45 a0> }
client authenticated/authorized by solving nonce!
switching to IN_COMM
Handler: secure connection with the client established.
{ id: 11,
  remoteAddress: '::ffff:10.0.1.66:60386',
  status: 'open' }
received secure communication!
Received seqNum: 0
data received from server via secure communication
Handler: socketID: 11 data: data1
toSend: { data: <Buffer 64 61 74 61 31>, id: 11 }
specified socketID: 11
Unidentified client disconnected
Handler: secure connection with the client closed.
socket #9 closed
Unidentified client connected
received session key handshake1
switching to HANDSHAKE_1_RECEIVED state.
session key id: 50101236
session key NOT found! sending session key id to AuthService
Distribution protocol: TCP
connected to auth! from local port 35794
received auth hello!
{ authId: 504, nonce: <Buffer c9 9d 73 92 f2 9a 00 bd> }
received session key response encrypted with distribution key
replyNonce in sessionKeyResp: <Buffer b7 af 30 90 0b 50 ca 54>
auth nonce verified
received 1 keys
Session key id is as expected
server ret: [object Object]
chosen nonce: <Buffer bf e1 41 37 14 41 8f de>
switching to HANDSHAKE_2_SENT
disconnected from auth
received session key handshake3!
{ replyNonce: <Buffer bf e1 41 37 14 41 8f de> }
client authenticated/authorized by solving nonce!
switching to IN_COMM
Handler: secure connection with the client established.
{ id: 12,
  remoteAddress: '::ffff:10.0.1.64:56724',
  status: 'open' }
received secure communication!
Received seqNum: 0
data received from server via secure communication
Handler: socketID: 12 data: data1
toSend: { data: <Buffer 64 61 74 61 31>, id: 12 }
specified socketID: 12
Unidentified client disconnected
Handler: secure connection with the client closed.
socket #10 closed
Unidentified client connected
received session key handshake1
switching to HANDSHAKE_1_RECEIVED state.
session key id: 50400358
session key NOT found! sending session key id to AuthService
Distribution protocol: TCP
connected to auth! from local port 35812
received auth hello!
{ authId: 504, nonce: <Buffer 2f 55 c5 98 b6 c1 02 4a> }
received session key response encrypted with distribution key
replyNonce in sessionKeyResp: <Buffer 5d 02 6c ec 4d 5a aa 21>
auth nonce verified
received 1 keys
Session key id is as expected
server ret: [object Object]
chosen nonce: <Buffer 2e 78 df 5a e9 c2 94 5c>
switching to HANDSHAKE_2_SENT
disconnected from auth
received session key handshake3!
{ replyNonce: <Buffer 2e 78 df 5a e9 c2 94 5c> }
client authenticated/authorized by solving nonce!
switching to IN_COMM
Handler: secure connection with the client established.
{ id: 13,
  remoteAddress: '::ffff:10.0.1.65:33840',
  status: 'open' }
received secure communication!
Received seqNum: 0
data received from server via secure communication
Handler: socketID: 13 data: data1
toSend: { data: <Buffer 64 61 74 61 31>, id: 13 }
specified socketID: 13
Unidentified client disconnected
Handler: secure connection with the client closed.
socket #11 closed
Unidentified client connected
received session key handshake1
switching to HANDSHAKE_1_RECEIVED state.
session key id: 50400360
session key NOT found! sending session key id to AuthService
Distribution protocol: TCP
connected to auth! from local port 35830
received auth hello!
{ authId: 504, nonce: <Buffer 34 00 b0 03 4c 4d 1f 2d> }
received session key response encrypted with distribution key
replyNonce in sessionKeyResp: <Buffer 2f b8 12 0e 73 cb cc 9a>
auth nonce verified
received 1 keys
Session key id is as expected
server ret: [object Object]
chosen nonce: <Buffer 2c 19 c8 6b f8 97 ce d1>
switching to HANDSHAKE_2_SENT
received session key handshake3!
{ replyNonce: <Buffer 2c 19 c8 6b f8 97 ce d1> }
client authenticated/authorized by solving nonce!
switching to IN_COMM
Handler: secure connection with the client established.
{ id: 14,
  remoteAddress: '::ffff:10.0.1.66:60650',
  status: 'open' }
disconnected from auth
received secure communication!
Received seqNum: 0
data received from server via secure communication
Handler: socketID: 14 data: data1
toSend: { data: <Buffer 64 61 74 61 31>, id: 14 }
specified socketID: 14
Unidentified client disconnected
Handler: secure connection with the client closed.
socket #12 closed
Unidentified client connected
received session key handshake1
switching to HANDSHAKE_1_RECEIVED state.
session key id: 50101244
session key NOT found! sending session key id to AuthService
Distribution protocol: TCP
connected to auth! from local port 36064
received auth hello!
{ authId: 504, nonce: <Buffer 61 9e ab d5 db 45 6a bf> }
received session key response encrypted with distribution key
replyNonce in sessionKeyResp: <Buffer 3d a4 98 9e ee fa b2 d3>
auth nonce verified
received 1 keys
Session key id is as expected
server ret: [object Object]
chosen nonce: <Buffer d5 2c 27 c8 c5 c0 57 d9>
switching to HANDSHAKE_2_SENT
disconnected from auth
received session key handshake3!
{ replyNonce: <Buffer d5 2c 27 c8 c5 c0 57 d9> }
client authenticated/authorized by solving nonce!
switching to IN_COMM
Handler: secure connection with the client established.
{ id: 15,
  remoteAddress: '::ffff:10.0.1.64:56994',
  status: 'open' }
received secure communication!
Received seqNum: 0
data received from server via secure communication
Handler: socketID: 15 data: data1
toSend: { data: <Buffer 64 61 74 61 31>, id: 15 }
specified socketID: 15
Unidentified client disconnected
Handler: secure connection with the client closed.
socket #13 closed
Unidentified client connected
received session key handshake1
switching to HANDSHAKE_1_RECEIVED state.
session key id: 50400364
session key NOT found! sending session key id to AuthService
Distribution protocol: TCP
connected to auth! from local port 36082
received auth hello!
{ authId: 504, nonce: <Buffer f1 4d f3 0a 41 fa 12 4a> }
received session key response encrypted with distribution key
replyNonce in sessionKeyResp: <Buffer 92 36 54 e9 15 d1 aa 5a>
auth nonce verified
received 1 keys
Session key id is as expected
server ret: [object Object]
chosen nonce: <Buffer ec 87 64 b0 ee 6c 6c b9>
switching to HANDSHAKE_2_SENT
disconnected from auth
received session key handshake3!
{ replyNonce: <Buffer ec 87 64 b0 ee 6c 6c b9> }
client authenticated/authorized by solving nonce!
switching to IN_COMM
Handler: secure connection with the client established.
{ id: 16,
  remoteAddress: '::ffff:10.0.1.65:34110',
  status: 'open' }
received secure communication!
Received seqNum: 0
data received from server via secure communication
Handler: socketID: 16 data: data1
toSend: { data: <Buffer 64 61 74 61 31>, id: 16 }
specified socketID: 16
Unidentified client disconnected
Handler: secure connection with the client closed.
socket #14 closed
Unidentified client connected
received session key handshake1
switching to HANDSHAKE_1_RECEIVED state.
session key id: 50400366
session key NOT found! sending session key id to AuthService
Distribution protocol: TCP
connected to auth! from local port 36106
received auth hello!
{ authId: 504, nonce: <Buffer 8c 8d 95 15 78 fe 68 7a> }
received session key response encrypted with distribution key
replyNonce in sessionKeyResp: <Buffer f9 26 ba 22 83 5a 8f 7b>
auth nonce verified
received 1 keys
Session key id is as expected
server ret: [object Object]
chosen nonce: <Buffer b4 d9 86 e9 d3 e7 cb 67>
switching to HANDSHAKE_2_SENT
disconnected from auth
received session key handshake3!
{ replyNonce: <Buffer b4 d9 86 e9 d3 e7 cb 67> }
client authenticated/authorized by solving nonce!
switching to IN_COMM
Handler: secure connection with the client established.
{ id: 17,
  remoteAddress: '::ffff:10.0.1.66:60926',
  status: 'open' }
received secure communication!
Received seqNum: 0
data received from server via secure communication
Handler: socketID: 17 data: data1
toSend: { data: <Buffer 64 61 74 61 31>, id: 17 }
specified socketID: 17
Unidentified client disconnected
Handler: secure connection with the client closed.
socket #15 closed
Unidentified client connected
received session key handshake1
switching to HANDSHAKE_1_RECEIVED state.
session key id: 50101252
session key NOT found! sending session key id to AuthService
Distribution protocol: TCP
connected to auth! from local port 36334
received auth hello!
{ authId: 504, nonce: <Buffer 55 47 ec 79 8e 2b 87 9a> }
received session key response encrypted with distribution key
replyNonce in sessionKeyResp: <Buffer 35 15 19 da 91 22 9f 8d>
auth nonce verified
received 1 keys
Session key id is as expected
server ret: [object Object]
chosen nonce: <Buffer 62 1d 9e 51 1b 99 48 19>
switching to HANDSHAKE_2_SENT
disconnected from auth
received session key handshake3!
{ replyNonce: <Buffer 62 1d 9e 51 1b 99 48 19> }
client authenticated/authorized by solving nonce!
switching to IN_COMM
Handler: secure connection with the client established.
{ id: 18,
  remoteAddress: '::ffff:10.0.1.64:57264',
  status: 'open' }
received secure communication!
Received seqNum: 0
data received from server via secure communication
Handler: socketID: 18 data: data1
toSend: { data: <Buffer 64 61 74 61 31>, id: 18 }
specified socketID: 18
Unidentified client disconnected
Handler: secure connection with the client closed.
socket #16 closed
Unidentified client connected
received session key handshake1
switching to HANDSHAKE_1_RECEIVED state.
session key id: 50400370
session key NOT found! sending session key id to AuthService
Distribution protocol: TCP
connected to auth! from local port 36352
received auth hello!
{ authId: 504, nonce: <Buffer 79 1e 50 89 cd 61 d1 52> }
received session key response encrypted with distribution key
replyNonce in sessionKeyResp: <Buffer a1 dd f2 b4 c0 69 56 c2>
auth nonce verified
received 1 keys
Session key id is as expected
server ret: [object Object]
chosen nonce: <Buffer c1 a0 a0 35 0e d0 b0 d5>
switching to HANDSHAKE_2_SENT
received session key handshake3!
{ replyNonce: <Buffer c1 a0 a0 35 0e d0 b0 d5> }
client authenticated/authorized by solving nonce!
switching to IN_COMM
Handler: secure connection with the client established.
{ id: 19,
  remoteAddress: '::ffff:10.0.1.65:34380',
  status: 'open' }
disconnected from auth
received secure communication!
Received seqNum: 0
data received from server via secure communication
Handler: socketID: 19 data: data1
toSend: { data: <Buffer 64 61 74 61 31>, id: 19 }
specified socketID: 19
Unidentified client disconnected
Handler: secure connection with the client closed.
socket #17 closed
Unidentified client connected
received session key handshake1
switching to HANDSHAKE_1_RECEIVED state.
session key id: 50400372
session key NOT found! sending session key id to AuthService
Distribution protocol: TCP
connected to auth! from local port 36376
received auth hello!
{ authId: 504, nonce: <Buffer 3d 17 3b 71 18 d8 e6 de> }
received session key response encrypted with distribution key
replyNonce in sessionKeyResp: <Buffer dc b9 8d 42 51 4b c6 af>
auth nonce verified
received 1 keys
Session key id is as expected
server ret: [object Object]
chosen nonce: <Buffer 60 78 10 17 31 b9 94 bf>
switching to HANDSHAKE_2_SENT
disconnected from auth
received session key handshake3!
{ replyNonce: <Buffer 60 78 10 17 31 b9 94 bf> }
client authenticated/authorized by solving nonce!
switching to IN_COMM
Handler: secure connection with the client established.
{ id: 20,
  remoteAddress: '::ffff:10.0.1.66:32964',
  status: 'open' }
received secure communication!
Received seqNum: 0
data received from server via secure communication
Handler: socketID: 20 data: data1
toSend: { data: <Buffer 64 61 74 61 31>, id: 20 }
specified socketID: 20
Unidentified client disconnected
Handler: secure connection with the client closed.
socket #18 closed
Unidentified client disconnected
Handler: secure connection with the client closed.
socket #19 closed
Unidentified client disconnected
Handler: secure connection with the client closed.
socket #20 closed
