changing working directory to: /home/hokeunkim/Development/iotauth/entity/node/example_entities
loading from config file: /home/hokeunkim/Development/iotauth_experiments/experiments/ccs2017/expOptions/expEntity.option
Experimental options for autoClient: { autoSendPeriod: 60000,
  useSameSessionKeyCount: 1,
  connectionTimeout: 50000,
  migrationEnabled: false,
  authFailureThreshold: 2,
  migrationFailureThreshold: 2 }
loading from config file: /home/hokeunkim/Development/iotauth/entity/node/example_entities/configs/Clients/c405.config
initializing...
current parameters: { numKeysPerRequest: 3,
  migrationEnabled: false,
  authFailureThreshold: 3,
  migrationFailureThreshold: 3 }
current parameters: { numKeysPerRequest: 1,
  migrationEnabled: false,
  authFailureThreshold: 3,
  migrationFailureThreshold: 3 }
current parameters: { numKeysPerRequest: 1,
  migrationEnabled: false,
  authFailureThreshold: 3,
  migrationFailureThreshold: 3 }
current parameters: { numKeysPerRequest: 1,
  migrationEnabled: false,
  authFailureThreshold: 2,
  migrationFailureThreshold: 3 }
current parameters: { numKeysPerRequest: 1,
  migrationEnabled: false,
  authFailureThreshold: 2,
  migrationFailureThreshold: 2 }
current entityInfo: { name: 'c405',
  group: 'Clients',
  distProtocol: 'TCP',
  usePermanentDistKey: false,
  connectionTimeout: 50000,
  privateKey: <Buffer 2d 2d 2d 2d 2d 42 45 47 49 4e 20 52 53 41 20 50 52 49 56 41 54 45 20 4b 45 59 2d 2d 2d 2d 2d 0a 4d 49 49 45 70 41 49 42 41 41 4b 43 41 51 45 41 6e 42 ... > }
Distribution protocol: TCP
Resp-actual/expected/ratio/ts: 0 1 0 1521680057396
connected to auth! from local port 42128
received auth hello!
{ authId: 401, nonce: <Buffer c2 a0 19 0d 6c b2 92 63> }
received session key response with distribution key attached!
auth signature verified
replyNonce in sessionKeyResp: <Buffer 4e 32 9c d1 c7 7b db b7>
auth nonce verified
updating distribution key: { cipherKeyVal: <Buffer 9b 2b 9d c5 c3 b7 1b ac 1f 9d 61 6a 22 3b f5 6f>,
  macKeyVal: <Buffer 82 c0 2a 60 41 18 12 3d 74 93 de 82 11 26 48 83 93 5a 62 a9 34 dc ce ed 02 11 ee 7a 3a 0e ab 06>,
  absValidity: 2018-03-22T01:54:17.590Z }
received 1 keys
currentSessionKey: [object Object]
Session protocol: TCP
chosen commSessionKey: 
{ id: 40102161,
  cipherKeyVal: <Buffer ec 30 6d ba 1c 78 23 03 05 47 93 2b 1b df d3 89>,
  macKeyVal: <Buffer 75 02 26 94 0a 6d 41 01 ed 36 68 8d e3 57 70 a5 93 83 3f f7 0c c6 e8 fd 6c fa 78 b3 7c 48 bd 4b>,
  absValidity: 2018-03-23T00:54:17.590Z,
  relValidity: 7200000 }
options
{ serverHost: '10.0.1.10',
  serverPort: 22100,
  sessionKey: 
   { id: 40102161,
     cipherKeyVal: <Buffer ec 30 6d ba 1c 78 23 03 05 47 93 2b 1b df d3 89>,
     macKeyVal: <Buffer 75 02 26 94 0a 6d 41 01 ed 36 68 8d e3 57 70 a5 93 83 3f f7 0c c6 e8 fd 6c fa 78 b3 7c 48 bd 4b>,
     absValidity: 2018-03-23T00:54:17.590Z,
     relValidity: 7200000 },
  sessionCryptoSpec: { cipher: 'AES-128-CBC', mac: 'SHA256' },
  sessionProtocol: 'TCP',
  handshakeTimeout: 50000 }
chosen nonce: <Buffer d7 82 5d 7f 7b db 8c 6e>
switching to HANDSHAKE_1_SENT
disconnected from auth
received session key handshake2!
client ret: [object Object]
server authenticated/authorized by solving nonce!
Handler: communication initialization succeeded
file data length: 1024
sending at Thu Mar 22 2018 00:54:18 GMT+0000 (UTC)
switching to IN_COMM
received secure communication message!
Received seqNum: 0
Handler: data received from server via secure communication
data1
Resp-actual/expected/ratio/ts: 1 1 1 1521680058566
Distribution protocol: TCP
Resp-actual/expected/ratio/ts: 1 2 0.5 1521680117453
connected to auth! from local port 42266
received auth hello!
{ authId: 401, nonce: <Buffer c5 b4 06 4b 87 ae 1f 0f> }
received session key response encrypted with distribution key
replyNonce in sessionKeyResp: <Buffer 84 af 62 ca 18 d0 43 63>
auth nonce verified
received 1 keys
currentSessionKey: [object Object]
Status: Secure connection closed before starting a new connection.
Session protocol: TCP
chosen commSessionKey: 
{ id: 40102167,
  cipherKeyVal: <Buffer 9a b6 a5 5e 2e 24 a4 5b 65 cd 00 c3 53 99 5b 86>,
  macKeyVal: <Buffer 04 73 85 94 a4 26 16 fc 00 eb b4 2e b9 81 84 06 ea bf eb 7f a8 d2 6c 75 39 e7 5b 45 9a c1 87 fe>,
  absValidity: 2018-03-23T00:55:17.605Z,
  relValidity: 7200000 }
options
{ serverHost: '10.0.1.10',
  serverPort: 22100,
  sessionKey: 
   { id: 40102167,
     cipherKeyVal: <Buffer 9a b6 a5 5e 2e 24 a4 5b 65 cd 00 c3 53 99 5b 86>,
     macKeyVal: <Buffer 04 73 85 94 a4 26 16 fc 00 eb b4 2e b9 81 84 06 ea bf eb 7f a8 d2 6c 75 39 e7 5b 45 9a c1 87 fe>,
     absValidity: 2018-03-23T00:55:17.605Z,
     relValidity: 7200000 },
  sessionCryptoSpec: { cipher: 'AES-128-CBC', mac: 'SHA256' },
  sessionProtocol: 'TCP',
  handshakeTimeout: 50000 }
chosen nonce: <Buffer e5 e3 90 e1 47 76 8d 61>
switching to HANDSHAKE_1_SENT
disconnected from auth
Handler: secure connection with the server closed.
received session key handshake2!
client ret: [object Object]
server authenticated/authorized by solving nonce!
Handler: communication initialization succeeded
file data length: 1024
sending at Thu Mar 22 2018 00:55:18 GMT+0000 (UTC)
switching to IN_COMM
received secure communication message!
Received seqNum: 0
Handler: data received from server via secure communication
data1
Resp-actual/expected/ratio/ts: 2 2 1 1521680118472
Distribution protocol: TCP
Resp-actual/expected/ratio/ts: 2 3 0.6666666666666666 1521680177511
connected to auth! from local port 42514
received auth hello!
{ authId: 401, nonce: <Buffer 06 83 7e bd 40 4f d4 6c> }
received session key response encrypted with distribution key
replyNonce in sessionKeyResp: <Buffer 37 21 4c 6d 2d 58 d1 05>
auth nonce verified
received 1 keys
currentSessionKey: [object Object]
Status: Secure connection closed before starting a new connection.
Session protocol: TCP
chosen commSessionKey: 
{ id: 40102173,
  cipherKeyVal: <Buffer 5e 37 c9 09 ff ec 1f 7a 70 bd 69 48 a9 46 f1 ab>,
  macKeyVal: <Buffer 62 0c 0d 4e 76 25 1a 55 88 b7 f0 91 d7 f2 5a 42 56 73 74 b3 2a a7 ae 76 7f 82 a6 ff f3 84 fd 87>,
  absValidity: 2018-03-23T00:56:17.714Z,
  relValidity: 7200000 }
options
{ serverHost: '10.0.1.10',
  serverPort: 22100,
  sessionKey: 
   { id: 40102173,
     cipherKeyVal: <Buffer 5e 37 c9 09 ff ec 1f 7a 70 bd 69 48 a9 46 f1 ab>,
     macKeyVal: <Buffer 62 0c 0d 4e 76 25 1a 55 88 b7 f0 91 d7 f2 5a 42 56 73 74 b3 2a a7 ae 76 7f 82 a6 ff f3 84 fd 87>,
     absValidity: 2018-03-23T00:56:17.714Z,
     relValidity: 7200000 },
  sessionCryptoSpec: { cipher: 'AES-128-CBC', mac: 'SHA256' },
  sessionProtocol: 'TCP',
  handshakeTimeout: 50000 }
chosen nonce: <Buffer 1d d5 86 e6 ed 8d 4a 51>
switching to HANDSHAKE_1_SENT
disconnected from auth
Handler: secure connection with the server closed.
received session key handshake2!
client ret: [object Object]
server authenticated/authorized by solving nonce!
Handler: communication initialization succeeded
file data length: 1024
sending at Thu Mar 22 2018 00:56:18 GMT+0000 (UTC)
switching to IN_COMM
received secure communication message!
Received seqNum: 0
Handler: data received from server via secure communication
data1
Resp-actual/expected/ratio/ts: 3 3 1 1521680178721
Distribution protocol: TCP
Resp-actual/expected/ratio/ts: 3 4 0.75 1521680237571
connected to auth! from local port 42784
received auth hello!
{ authId: 401, nonce: <Buffer fa 93 f5 a1 db af bb 5f> }
received session key response encrypted with distribution key
replyNonce in sessionKeyResp: <Buffer 18 a3 21 2e 49 05 f1 6f>
auth nonce verified
received 1 keys
currentSessionKey: [object Object]
Status: Secure connection closed before starting a new connection.
Session protocol: TCP
chosen commSessionKey: 
{ id: 40102179,
  cipherKeyVal: <Buffer 74 36 b5 a4 9c 1e 9a 3a aa f7 80 ed 83 a7 10 d8>,
  macKeyVal: <Buffer 6b 5a b1 1c 3c f4 2a 6d f5 ac 32 5d 9c aa 5d a8 09 e4 98 10 db ae 33 79 72 06 4e aa 36 04 e4 c2>,
  absValidity: 2018-03-23T00:57:17.774Z,
  relValidity: 7200000 }
options
{ serverHost: '10.0.1.10',
  serverPort: 22100,
  sessionKey: 
   { id: 40102179,
     cipherKeyVal: <Buffer 74 36 b5 a4 9c 1e 9a 3a aa f7 80 ed 83 a7 10 d8>,
     macKeyVal: <Buffer 6b 5a b1 1c 3c f4 2a 6d f5 ac 32 5d 9c aa 5d a8 09 e4 98 10 db ae 33 79 72 06 4e aa 36 04 e4 c2>,
     absValidity: 2018-03-23T00:57:17.774Z,
     relValidity: 7200000 },
  sessionCryptoSpec: { cipher: 'AES-128-CBC', mac: 'SHA256' },
  sessionProtocol: 'TCP',
  handshakeTimeout: 50000 }
chosen nonce: <Buffer db f7 c2 1d 16 24 4c 8c>
switching to HANDSHAKE_1_SENT
disconnected from auth
Handler: secure connection with the server closed.
received session key handshake2!
client ret: [object Object]
server authenticated/authorized by solving nonce!
Handler: communication initialization succeeded
file data length: 1024
sending at Thu Mar 22 2018 00:57:18 GMT+0000 (UTC)
switching to IN_COMM
received secure communication message!
Received seqNum: 0
Handler: data received from server via secure communication
data1
Resp-actual/expected/ratio/ts: 4 4 1 1521680238787
Distribution protocol: TCP
Resp-actual/expected/ratio/ts: 4 5 0.8 1521680297625
connected to auth! from local port 43054
received auth hello!
{ authId: 401, nonce: <Buffer af c6 02 48 6d 09 a4 61> }
received session key response encrypted with distribution key
replyNonce in sessionKeyResp: <Buffer 71 b4 5d 96 99 45 ac 2a>
auth nonce verified
received 1 keys
currentSessionKey: [object Object]
Status: Secure connection closed before starting a new connection.
Session protocol: TCP
chosen commSessionKey: 
{ id: 40102185,
  cipherKeyVal: <Buffer d3 0a d9 42 6b 33 85 d9 a7 4d 81 f3 c9 dc 74 65>,
  macKeyVal: <Buffer f3 7e 7b f8 54 19 ae b2 39 c7 94 d8 03 f9 e9 b7 be b9 60 85 e5 cd 41 59 f2 6c a1 3f e4 5f 6f e0>,
  absValidity: 2018-03-23T00:58:17.780Z,
  relValidity: 7200000 }
options
{ serverHost: '10.0.1.10',
  serverPort: 22100,
  sessionKey: 
   { id: 40102185,
     cipherKeyVal: <Buffer d3 0a d9 42 6b 33 85 d9 a7 4d 81 f3 c9 dc 74 65>,
     macKeyVal: <Buffer f3 7e 7b f8 54 19 ae b2 39 c7 94 d8 03 f9 e9 b7 be b9 60 85 e5 cd 41 59 f2 6c a1 3f e4 5f 6f e0>,
     absValidity: 2018-03-23T00:58:17.780Z,
     relValidity: 7200000 },
  sessionCryptoSpec: { cipher: 'AES-128-CBC', mac: 'SHA256' },
  sessionProtocol: 'TCP',
  handshakeTimeout: 50000 }
chosen nonce: <Buffer 7d 5c ce a6 f5 70 d0 98>
switching to HANDSHAKE_1_SENT
disconnected from auth
Handler: secure connection with the server closed.
received session key handshake2!
client ret: [object Object]
server authenticated/authorized by solving nonce!
Handler: communication initialization succeeded
file data length: 1024
sending at Thu Mar 22 2018 00:58:18 GMT+0000 (UTC)
switching to IN_COMM
received secure communication message!
Received seqNum: 0
Handler: data received from server via secure communication
data1
Resp-actual/expected/ratio/ts: 5 5 1 1521680298752
Distribution protocol: TCP
Resp-actual/expected/ratio/ts: 5 6 0.8333333333333334 1521680357681
connected to auth! from local port 43324
received auth hello!
{ authId: 401, nonce: <Buffer a3 f8 5f 4a b8 2a 16 8a> }
received session key response encrypted with distribution key
replyNonce in sessionKeyResp: <Buffer c4 47 6b 13 38 ea a3 d8>
auth nonce verified
received 1 keys
currentSessionKey: [object Object]
Status: Secure connection closed before starting a new connection.
Session protocol: TCP
chosen commSessionKey: 
{ id: 40102191,
  cipherKeyVal: <Buffer 85 f6 01 b8 3e d6 2c c9 35 6f 2f 6f 91 2c af 01>,
  macKeyVal: <Buffer 9f 10 16 32 c7 bf 06 68 58 8b 18 e8 89 b9 3f 82 f9 98 26 2f a6 3e 62 e8 06 65 f9 a6 47 17 da 52>,
  absValidity: 2018-03-23T00:59:17.835Z,
  relValidity: 7200000 }
options
{ serverHost: '10.0.1.10',
  serverPort: 22100,
  sessionKey: 
   { id: 40102191,
     cipherKeyVal: <Buffer 85 f6 01 b8 3e d6 2c c9 35 6f 2f 6f 91 2c af 01>,
     macKeyVal: <Buffer 9f 10 16 32 c7 bf 06 68 58 8b 18 e8 89 b9 3f 82 f9 98 26 2f a6 3e 62 e8 06 65 f9 a6 47 17 da 52>,
     absValidity: 2018-03-23T00:59:17.835Z,
     relValidity: 7200000 },
  sessionCryptoSpec: { cipher: 'AES-128-CBC', mac: 'SHA256' },
  sessionProtocol: 'TCP',
  handshakeTimeout: 50000 }
chosen nonce: <Buffer 23 22 4d a7 45 f7 b6 4b>
switching to HANDSHAKE_1_SENT
disconnected from auth
Handler: secure connection with the server closed.
received session key handshake2!
client ret: [object Object]
server authenticated/authorized by solving nonce!
Handler: communication initialization succeeded
file data length: 1024
sending at Thu Mar 22 2018 00:59:18 GMT+0000 (UTC)
switching to IN_COMM
received secure communication message!
Received seqNum: 0
Handler: data received from server via secure communication
data1
Resp-actual/expected/ratio/ts: 6 6 1 1521680358762
Distribution protocol: TCP
Resp-actual/expected/ratio/ts: 6 7 0.8571428571428571 1521680417727
connected to auth! from local port 43594
received auth hello!
{ authId: 401, nonce: <Buffer 0d 8d cb 94 ad d2 48 ff> }
received session key response encrypted with distribution key
replyNonce in sessionKeyResp: <Buffer 9f ed 8a 8e 9f d1 f6 b9>
auth nonce verified
received 1 keys
currentSessionKey: [object Object]
Status: Secure connection closed before starting a new connection.
Session protocol: TCP
chosen commSessionKey: 
{ id: 40102197,
  cipherKeyVal: <Buffer 40 8f 67 45 5d 7a f1 fc 04 ed 6c 80 6d ee f7 1c>,
  macKeyVal: <Buffer 6b 7e 8e 0e d3 93 50 92 94 5c ec 66 b1 51 a9 37 71 44 57 a3 48 ad 53 8b e7 68 6c 16 6f 33 3f 36>,
  absValidity: 2018-03-23T01:00:17.874Z,
  relValidity: 7200000 }
options
{ serverHost: '10.0.1.10',
  serverPort: 22100,
  sessionKey: 
   { id: 40102197,
     cipherKeyVal: <Buffer 40 8f 67 45 5d 7a f1 fc 04 ed 6c 80 6d ee f7 1c>,
     macKeyVal: <Buffer 6b 7e 8e 0e d3 93 50 92 94 5c ec 66 b1 51 a9 37 71 44 57 a3 48 ad 53 8b e7 68 6c 16 6f 33 3f 36>,
     absValidity: 2018-03-23T01:00:17.874Z,
     relValidity: 7200000 },
  sessionCryptoSpec: { cipher: 'AES-128-CBC', mac: 'SHA256' },
  sessionProtocol: 'TCP',
  handshakeTimeout: 50000 }
chosen nonce: <Buffer b2 2b a4 b9 0c 62 b0 40>
switching to HANDSHAKE_1_SENT
disconnected from auth
Handler: secure connection with the server closed.
received session key handshake2!
client ret: [object Object]
server authenticated/authorized by solving nonce!
Handler: communication initialization succeeded
file data length: 1024
sending at Thu Mar 22 2018 01:00:18 GMT+0000 (UTC)
switching to IN_COMM
received secure communication message!
Received seqNum: 0
Handler: data received from server via secure communication
data1
Resp-actual/expected/ratio/ts: 7 7 1 1521680418714
Distribution protocol: TCP
Resp-actual/expected/ratio/ts: 7 8 0.875 1521680477775
connected to auth! from local port 43864
received auth hello!
{ authId: 401, nonce: <Buffer 20 9d ec 0c e7 26 95 7c> }
received session key response encrypted with distribution key
replyNonce in sessionKeyResp: <Buffer 9c 8f b7 3b e7 81 fa a1>
auth nonce verified
received 1 keys
currentSessionKey: [object Object]
Status: Secure connection closed before starting a new connection.
Session protocol: TCP
chosen commSessionKey: 
{ id: 40102203,
  cipherKeyVal: <Buffer 80 4b cf 29 01 29 d5 71 0b df 5a 83 f9 33 72 06>,
  macKeyVal: <Buffer 89 73 c3 75 29 70 3c a4 85 b7 6a 8e 10 2b aa 3d 94 75 7c 5e 64 6e 24 4a 6e 89 11 20 0e 0b 3c 20>,
  absValidity: 2018-03-23T01:01:17.898Z,
  relValidity: 7200000 }
options
{ serverHost: '10.0.1.10',
  serverPort: 22100,
  sessionKey: 
   { id: 40102203,
     cipherKeyVal: <Buffer 80 4b cf 29 01 29 d5 71 0b df 5a 83 f9 33 72 06>,
     macKeyVal: <Buffer 89 73 c3 75 29 70 3c a4 85 b7 6a 8e 10 2b aa 3d 94 75 7c 5e 64 6e 24 4a 6e 89 11 20 0e 0b 3c 20>,
     absValidity: 2018-03-23T01:01:17.898Z,
     relValidity: 7200000 },
  sessionCryptoSpec: { cipher: 'AES-128-CBC', mac: 'SHA256' },
  sessionProtocol: 'TCP',
  handshakeTimeout: 50000 }
chosen nonce: <Buffer 3b 70 c8 21 28 0d 2f a5>
switching to HANDSHAKE_1_SENT
disconnected from auth
Handler: secure connection with the server closed.
received session key handshake2!
client ret: [object Object]
server authenticated/authorized by solving nonce!
Handler: communication initialization succeeded
file data length: 1024
sending at Thu Mar 22 2018 01:01:18 GMT+0000 (UTC)
switching to IN_COMM
received secure communication message!
Received seqNum: 0
Handler: data received from server via secure communication
data1
Resp-actual/expected/ratio/ts: 8 8 1 1521680478844
Distribution protocol: TCP
Resp-actual/expected/ratio/ts: 8 9 0.8888888888888888 1521680537813
connected to auth! from local port 44110
received auth hello!
{ authId: 401, nonce: <Buffer c7 5d 80 21 5c ff de f7> }
received session key response encrypted with distribution key
replyNonce in sessionKeyResp: <Buffer e5 70 79 fe ed f0 8f 4c>
auth nonce verified
received 1 keys
currentSessionKey: [object Object]
Status: Secure connection closed before starting a new connection.
Session protocol: TCP
chosen commSessionKey: 
{ id: 40102209,
  cipherKeyVal: <Buffer 9d b2 41 81 74 29 74 11 78 8e 65 58 96 fb 30 8c>,
  macKeyVal: <Buffer df cc 47 40 b5 94 de 8b ba 03 9c e7 8f b3 5d 19 3e 59 7f e8 7e cf 08 65 0d 98 cf 9c dc 36 a1 71>,
  absValidity: 2018-03-23T01:02:17.963Z,
  relValidity: 7200000 }
options
{ serverHost: '10.0.1.10',
  serverPort: 22100,
  sessionKey: 
   { id: 40102209,
     cipherKeyVal: <Buffer 9d b2 41 81 74 29 74 11 78 8e 65 58 96 fb 30 8c>,
     macKeyVal: <Buffer df cc 47 40 b5 94 de 8b ba 03 9c e7 8f b3 5d 19 3e 59 7f e8 7e cf 08 65 0d 98 cf 9c dc 36 a1 71>,
     absValidity: 2018-03-23T01:02:17.963Z,
     relValidity: 7200000 },
  sessionCryptoSpec: { cipher: 'AES-128-CBC', mac: 'SHA256' },
  sessionProtocol: 'TCP',
  handshakeTimeout: 50000 }
chosen nonce: <Buffer f8 54 43 c6 3d a8 d5 96>
switching to HANDSHAKE_1_SENT
disconnected from auth
Handler: secure connection with the server closed.
received session key handshake2!
client ret: [object Object]
server authenticated/authorized by solving nonce!
Handler: communication initialization succeeded
file data length: 1024
sending at Thu Mar 22 2018 01:02:18 GMT+0000 (UTC)
switching to IN_COMM
received secure communication message!
Received seqNum: 0
Handler: data received from server via secure communication
data1
Resp-actual/expected/ratio/ts: 9 9 1 1521680538822
Distribution protocol: TCP
Resp-actual/expected/ratio/ts: 9 10 0.9 1521680597872
Handler: Error in secure comm - details: Error occurred in session key request: Error: connect EHOSTUNREACH 10.0.1.1:21100
Handler: Error in secure comm - details: Auth hello timedout ...
Distribution protocol: TCP
Resp-actual/expected/ratio/ts: 9 11 0.8181818181818182 1521680657882
Handler: Error in secure comm - details: Error occurred in session key request: Error: connect EHOSTUNREACH 10.0.1.1:21100
Handler: Error in secure comm - details: Auth hello timedout ...
Distribution protocol: TCP
Resp-actual/expected/ratio/ts: 9 12 0.75 1521680717893
Handler: Error in secure comm - details: Error occurred in session key request: Error: connect EHOSTUNREACH 10.0.1.1:21100
Handler: Error in secure comm - details: Auth hello timedout ...
Distribution protocol: TCP
Resp-actual/expected/ratio/ts: 9 13 0.6923076923076923 1521680777903
Handler: Error in secure comm - details: Error occurred in session key request: Error: connect EHOSTUNREACH 10.0.1.1:21100
Handler: Error in secure comm - details: Auth hello timedout ...
Distribution protocol: TCP
Resp-actual/expected/ratio/ts: 9 14 0.6428571428571429 1521680837909
Handler: Error in secure comm - details: Error occurred in session key request: Error: connect EHOSTUNREACH 10.0.1.1:21100
Handler: Error in secure comm - details: Auth hello timedout ...
Distribution protocol: TCP
Resp-actual/expected/ratio/ts: 9 15 0.6 1521680897918
Handler: Error in secure comm - details: Error occurred in session key request: Error: connect EHOSTUNREACH 10.0.1.1:21100
Handler: Error in secure comm - details: Auth hello timedout ...
Distribution protocol: TCP
Resp-actual/expected/ratio/ts: 9 16 0.5625 1521680957927
Handler: Error in secure comm - details: Error occurred in session key request: Error: connect EHOSTUNREACH 10.0.1.1:21100
Handler: Error in secure comm - details: Auth hello timedout ...
Distribution protocol: TCP
Resp-actual/expected/ratio/ts: 9 17 0.5294117647058824 1521681017938
Handler: Error in secure comm - details: Error occurred in session key request: Error: connect EHOSTUNREACH 10.0.1.1:21100
Handler: Error in secure comm - details: Auth hello timedout ...
Distribution protocol: TCP
Resp-actual/expected/ratio/ts: 9 18 0.5 1521681077948
Handler: Error in secure comm - details: Error occurred in session key request: Error: connect EHOSTUNREACH 10.0.1.1:21100
Handler: Error in secure comm - details: Auth hello timedout ...
Distribution protocol: TCP
Resp-actual/expected/ratio/ts: 9 19 0.47368421052631576 1521681137958
Handler: Error in secure comm - details: Error occurred in session key request: Error: connect EHOSTUNREACH 10.0.1.1:21100
Handler: Error in secure comm - details: Auth hello timedout ...
Distribution protocol: TCP
Resp-actual/expected/ratio/ts: 9 20 0.45 1521681197969
Handler: Error in secure comm - details: Error occurred in session key request: Error: connect EHOSTUNREACH 10.0.1.1:21100
Handler: Error in secure comm - details: Auth hello timedout ...
Distribution protocol: TCP
Resp-actual/expected/ratio/ts: 9 21 0.42857142857142855 1521681257979
Handler: Error in secure comm - details: Error occurred in session key request: Error: connect EHOSTUNREACH 10.0.1.1:21100
Handler: Error in secure comm - details: Auth hello timedout ...
Distribution protocol: TCP
Resp-actual/expected/ratio/ts: 9 22 0.4090909090909091 1521681317988
Handler: Error in secure comm - details: Error occurred in session key request: Error: connect EHOSTUNREACH 10.0.1.1:21100
Handler: Error in secure comm - details: Auth hello timedout ...
Distribution protocol: TCP
Resp-actual/expected/ratio/ts: 9 23 0.391304347826087 1521681377999
Handler: Error in secure comm - details: Error occurred in session key request: Error: connect EHOSTUNREACH 10.0.1.1:21100
Handler: Error in secure comm - details: Auth hello timedout ...
Distribution protocol: TCP
Resp-actual/expected/ratio/ts: 9 24 0.375 1521681438009
Handler: Error in secure comm - details: Error occurred in session key request: Error: connect EHOSTUNREACH 10.0.1.1:21100
Handler: Error in secure comm - details: Auth hello timedout ...
Distribution protocol: TCP
Resp-actual/expected/ratio/ts: 9 25 0.36 1521681498019
Handler: Error in secure comm - details: Error occurred in session key request: Error: connect EHOSTUNREACH 10.0.1.1:21100
Handler: Error in secure comm - details: Auth hello timedout ...
Distribution protocol: TCP
Resp-actual/expected/ratio/ts: 9 26 0.34615384615384615 1521681558029
Handler: Error in secure comm - details: Error occurred in session key request: Error: connect EHOSTUNREACH 10.0.1.1:21100
Handler: Error in secure comm - details: Auth hello timedout ...
Distribution protocol: TCP
Resp-actual/expected/ratio/ts: 9 27 0.3333333333333333 1521681618039
Handler: Error in secure comm - details: Error occurred in session key request: Error: connect EHOSTUNREACH 10.0.1.1:21100
Handler: Error in secure comm - details: Auth hello timedout ...
Distribution protocol: TCP
Resp-actual/expected/ratio/ts: 9 28 0.32142857142857145 1521681678048
Handler: Error in secure comm - details: Error occurred in session key request: Error: connect EHOSTUNREACH 10.0.1.1:21100
Handler: Error in secure comm - details: Auth hello timedout ...
Distribution protocol: TCP
Resp-actual/expected/ratio/ts: 9 29 0.3103448275862069 1521681738059
Handler: Error in secure comm - details: Error occurred in session key request: Error: connect EHOSTUNREACH 10.0.1.1:21100
