changing working directory to: /home/hokeunkim/Development/iotauth/entity/node/example_entities
loading from config file: /home/hokeunkim/Development/iotauth_experiments/experiments/ccs2017/expOptions/expEntity.option
Experimental options for autoClient: { autoSendPeriod: 60000,
  useSameSessionKeyCount: 1,
  connectionTimeout: 50000,
  migrationEnabled: true,
  authFailureThreshold: 2,
  migrationFailureThreshold: 2 }
loading from config file: /home/hokeunkim/Development/iotauth/entity/node/example_entities/configs/Clients/c505.config
initializing...
current parameters: { numKeysPerRequest: 3,
  migrationEnabled: false,
  authFailureThreshold: 3,
  migrationFailureThreshold: 3 }
current parameters: { numKeysPerRequest: 1,
  migrationEnabled: false,
  authFailureThreshold: 3,
  migrationFailureThreshold: 3 }
current parameters: { numKeysPerRequest: 1,
  migrationEnabled: true,
  authFailureThreshold: 3,
  migrationFailureThreshold: 3 }
current parameters: { numKeysPerRequest: 1,
  migrationEnabled: true,
  authFailureThreshold: 2,
  migrationFailureThreshold: 3 }
current parameters: { numKeysPerRequest: 1,
  migrationEnabled: true,
  authFailureThreshold: 2,
  migrationFailureThreshold: 2 }
current entityInfo: { name: 'c505',
  group: 'Clients',
  distProtocol: 'TCP',
  usePermanentDistKey: false,
  connectionTimeout: 50000,
  privateKey: <Buffer 2d 2d 2d 2d 2d 42 45 47 49 4e 20 52 53 41 20 50 52 49 56 41 54 45 20 4b 45 59 2d 2d 2d 2d 2d 0a 4d 49 49 45 70 41 49 42 41 41 4b 43 41 51 45 41 34 31 ... > }
Distribution protocol: TCP
Resp-actual/expected/ratio/ts: 0 1 0 1521595322102
connected to auth! from local port 60340
received auth hello!
{ authId: 504, nonce: <Buffer a1 3e 1a f5 05 22 cb b8> }
received session key response with distribution key attached!
auth signature verified
replyNonce in sessionKeyResp: <Buffer a7 56 42 29 af b9 64 05>
auth nonce verified
handleSessionKeyResp: session key request succeeded! authFailureCount: 0
updating distribution key: { cipherKeyVal: <Buffer 90 bd 2e f3 f8 34 1d 19 0f fd 11 ea 2c 6e 5c 49>,
  macKeyVal: <Buffer 4e 41 cb c8 84 b5 1d a4 7e af c5 0e a9 d9 fa e8 35 3a fd bb ce 3a 11 6b 82 d7 de f8 11 1e e2 8e>,
  absValidity: 2018-03-21T02:22:02.271Z }
received 1 keys
currentSessionKey: [object Object]
Session protocol: TCP
chosen commSessionKey: 
{ id: 50400076,
  cipherKeyVal: <Buffer 3a 41 59 a5 b5 3c 0c 34 26 33 82 90 b6 c3 b2 09>,
  macKeyVal: <Buffer e3 18 87 04 25 10 6b 72 68 7c ba cc 4c 97 8b 9a a5 a8 ed 4a cb ca a9 9c c8 c8 9f f7 dd 57 7f 9d>,
  absValidity: 2018-03-22T01:22:02.271Z,
  relValidity: 7200000 }
options
{ serverHost: '10.0.1.26',
  serverPort: 22100,
  sessionKey: 
   { id: 50400076,
     cipherKeyVal: <Buffer 3a 41 59 a5 b5 3c 0c 34 26 33 82 90 b6 c3 b2 09>,
     macKeyVal: <Buffer e3 18 87 04 25 10 6b 72 68 7c ba cc 4c 97 8b 9a a5 a8 ed 4a cb ca a9 9c c8 c8 9f f7 dd 57 7f 9d>,
     absValidity: 2018-03-22T01:22:02.271Z,
     relValidity: 7200000 },
  sessionCryptoSpec: { cipher: 'AES-128-CBC', mac: 'SHA256' },
  sessionProtocol: 'TCP',
  handshakeTimeout: 50000 }
disconnected from auth
chosen nonce: <Buffer 69 f8 25 95 ca 26 bc 10>
switching to HANDSHAKE_1_SENT
received session key handshake2!
client ret: [object Object]
server authenticated/authorized by solving nonce!
Handler: communication initialization succeeded
file data length: 1024
sending at Wed Mar 21 2018 01:22:02 GMT+0000 (UTC)
switching to IN_COMM
received secure communication message!
Received seqNum: 0
Handler: data received from server via secure communication
data1
Resp-actual/expected/ratio/ts: 1 1 1 1521595323182
Distribution protocol: TCP
Resp-actual/expected/ratio/ts: 1 2 0.5 1521595382158
connected to auth! from local port 60594
received auth hello!
{ authId: 504, nonce: <Buffer 5f ab 63 6b 01 d6 d7 33> }
received session key response encrypted with distribution key
replyNonce in sessionKeyResp: <Buffer 54 22 f7 d4 4e 19 1e 7e>
auth nonce verified
handleSessionKeyResp: session key request succeeded! authFailureCount: 0
received 1 keys
currentSessionKey: [object Object]
Status: Secure connection closed before starting a new connection.
Session protocol: TCP
chosen commSessionKey: 
{ id: 50400079,
  cipherKeyVal: <Buffer 16 c8 ce 47 73 b4 32 54 42 eb ae 3a b7 2e b6 93>,
  macKeyVal: <Buffer b8 c5 e3 78 cd 47 0c b6 4a 55 50 a0 51 c6 55 66 a0 a2 d7 3b 76 1a db 15 ee ff 9f be 50 d2 0b cf>,
  absValidity: 2018-03-22T01:23:03.980Z,
  relValidity: 7200000 }
options
{ serverHost: '10.0.1.26',
  serverPort: 22100,
  sessionKey: 
   { id: 50400079,
     cipherKeyVal: <Buffer 16 c8 ce 47 73 b4 32 54 42 eb ae 3a b7 2e b6 93>,
     macKeyVal: <Buffer b8 c5 e3 78 cd 47 0c b6 4a 55 50 a0 51 c6 55 66 a0 a2 d7 3b 76 1a db 15 ee ff 9f be 50 d2 0b cf>,
     absValidity: 2018-03-22T01:23:03.980Z,
     relValidity: 7200000 },
  sessionCryptoSpec: { cipher: 'AES-128-CBC', mac: 'SHA256' },
  sessionProtocol: 'TCP',
  handshakeTimeout: 50000 }
chosen nonce: <Buffer 47 22 c6 61 2d 07 8a a9>
switching to HANDSHAKE_1_SENT
disconnected from auth
Handler: secure connection with the server closed.
received session key handshake2!
client ret: [object Object]
server authenticated/authorized by solving nonce!
Handler: communication initialization succeeded
file data length: 1024
sending at Wed Mar 21 2018 01:23:07 GMT+0000 (UTC)
switching to IN_COMM
received secure communication message!
Received seqNum: 0
Handler: data received from server via secure communication
data1
Resp-actual/expected/ratio/ts: 2 2 1 1521595387981
Distribution protocol: TCP
Resp-actual/expected/ratio/ts: 2 3 0.6666666666666666 1521595442209
connected to auth! from local port 60864
received auth hello!
{ authId: 504, nonce: <Buffer bb 2d e7 56 8a 46 37 e4> }
received session key response encrypted with distribution key
replyNonce in sessionKeyResp: <Buffer a6 14 c0 58 77 1b e6 89>
auth nonce verified
handleSessionKeyResp: session key request succeeded! authFailureCount: 0
received 1 keys
currentSessionKey: [object Object]
Status: Secure connection closed before starting a new connection.
Session protocol: TCP
chosen commSessionKey: 
{ id: 50400085,
  cipherKeyVal: <Buffer fd 76 b1 8d ee f5 b2 0d 38 25 cd 1c f0 56 0d 04>,
  macKeyVal: <Buffer 49 38 7f 82 56 87 e2 c3 6b d3 03 2b ee 46 05 a8 7f 2e f9 44 95 28 1f 48 28 f4 28 3b 0e ea 9a 66>,
  absValidity: 2018-03-22T01:24:04.034Z,
  relValidity: 7200000 }
options
{ serverHost: '10.0.1.26',
  serverPort: 22100,
  sessionKey: 
   { id: 50400085,
     cipherKeyVal: <Buffer fd 76 b1 8d ee f5 b2 0d 38 25 cd 1c f0 56 0d 04>,
     macKeyVal: <Buffer 49 38 7f 82 56 87 e2 c3 6b d3 03 2b ee 46 05 a8 7f 2e f9 44 95 28 1f 48 28 f4 28 3b 0e ea 9a 66>,
     absValidity: 2018-03-22T01:24:04.034Z,
     relValidity: 7200000 },
  sessionCryptoSpec: { cipher: 'AES-128-CBC', mac: 'SHA256' },
  sessionProtocol: 'TCP',
  handshakeTimeout: 50000 }
chosen nonce: <Buffer b5 94 d7 a7 92 7b 76 57>
switching to HANDSHAKE_1_SENT
disconnected from auth
Handler: secure connection with the server closed.
received session key handshake2!
client ret: [object Object]
server authenticated/authorized by solving nonce!
Handler: communication initialization succeeded
file data length: 1024
sending at Wed Mar 21 2018 01:24:07 GMT+0000 (UTC)
switching to IN_COMM
received secure communication message!
Received seqNum: 0
Handler: data received from server via secure communication
data1
Resp-actual/expected/ratio/ts: 3 3 1 1521595447833
Distribution protocol: TCP
Resp-actual/expected/ratio/ts: 3 4 0.75 1521595502261
connected to auth! from local port 32902
received auth hello!
{ authId: 504, nonce: <Buffer 0b 36 0e 41 9e a4 f3 51> }
received session key response encrypted with distribution key
replyNonce in sessionKeyResp: <Buffer 97 64 c4 8a 40 ac f5 47>
auth nonce verified
handleSessionKeyResp: session key request succeeded! authFailureCount: 0
received 1 keys
currentSessionKey: [object Object]
Status: Secure connection closed before starting a new connection.
Session protocol: TCP
chosen commSessionKey: 
{ id: 50400091,
  cipherKeyVal: <Buffer 89 35 6d 02 58 b8 78 a9 57 21 72 9d 65 c9 f0 ff>,
  macKeyVal: <Buffer 61 1f 2e 42 bd 5c 79 e1 60 f3 a0 84 d1 a0 af fe 41 c5 14 6e 7c 60 bf f3 7d 70 86 a0 b6 36 15 32>,
  absValidity: 2018-03-22T01:25:04.109Z,
  relValidity: 7200000 }
options
{ serverHost: '10.0.1.26',
  serverPort: 22100,
  sessionKey: 
   { id: 50400091,
     cipherKeyVal: <Buffer 89 35 6d 02 58 b8 78 a9 57 21 72 9d 65 c9 f0 ff>,
     macKeyVal: <Buffer 61 1f 2e 42 bd 5c 79 e1 60 f3 a0 84 d1 a0 af fe 41 c5 14 6e 7c 60 bf f3 7d 70 86 a0 b6 36 15 32>,
     absValidity: 2018-03-22T01:25:04.109Z,
     relValidity: 7200000 },
  sessionCryptoSpec: { cipher: 'AES-128-CBC', mac: 'SHA256' },
  sessionProtocol: 'TCP',
  handshakeTimeout: 50000 }
chosen nonce: <Buffer f5 89 ed 4a 50 b7 79 e3>
switching to HANDSHAKE_1_SENT
disconnected from auth
Handler: secure connection with the server closed.
received session key handshake2!
client ret: [object Object]
server authenticated/authorized by solving nonce!
Handler: communication initialization succeeded
file data length: 1024
sending at Wed Mar 21 2018 01:25:07 GMT+0000 (UTC)
switching to IN_COMM
received secure communication message!
Received seqNum: 0
Handler: data received from server via secure communication
data1
Resp-actual/expected/ratio/ts: 4 4 1 1521595507975
Distribution protocol: TCP
Resp-actual/expected/ratio/ts: 4 5 0.8 1521595562268
connected to auth! from local port 33172
received auth hello!
{ authId: 504, nonce: <Buffer d8 8e 2b ba 46 80 fd 6e> }
received session key response encrypted with distribution key
replyNonce in sessionKeyResp: <Buffer 2c 55 ea b2 bf d5 8d 95>
auth nonce verified
handleSessionKeyResp: session key request succeeded! authFailureCount: 0
received 1 keys
currentSessionKey: [object Object]
Status: Secure connection closed before starting a new connection.
Session protocol: TCP
chosen commSessionKey: 
{ id: 50400097,
  cipherKeyVal: <Buffer 7e 95 28 e3 76 16 89 c3 94 e0 95 0d a1 c5 e4 a4>,
  macKeyVal: <Buffer dd ee 5a 98 eb 1d 0b 4c 2c 16 e0 6f ab 80 a9 3b 34 88 07 a8 39 53 aa 6e be 08 3d d6 9b a5 ab 77>,
  absValidity: 2018-03-22T01:26:04.127Z,
  relValidity: 7200000 }
options
{ serverHost: '10.0.1.26',
  serverPort: 22100,
  sessionKey: 
   { id: 50400097,
     cipherKeyVal: <Buffer 7e 95 28 e3 76 16 89 c3 94 e0 95 0d a1 c5 e4 a4>,
     macKeyVal: <Buffer dd ee 5a 98 eb 1d 0b 4c 2c 16 e0 6f ab 80 a9 3b 34 88 07 a8 39 53 aa 6e be 08 3d d6 9b a5 ab 77>,
     absValidity: 2018-03-22T01:26:04.127Z,
     relValidity: 7200000 },
  sessionCryptoSpec: { cipher: 'AES-128-CBC', mac: 'SHA256' },
  sessionProtocol: 'TCP',
  handshakeTimeout: 50000 }
chosen nonce: <Buffer 69 28 cd b1 75 67 db 19>
switching to HANDSHAKE_1_SENT
disconnected from auth
Handler: secure connection with the server closed.
received session key handshake2!
client ret: [object Object]
server authenticated/authorized by solving nonce!
Handler: communication initialization succeeded
file data length: 1024
sending at Wed Mar 21 2018 01:26:07 GMT+0000 (UTC)
switching to IN_COMM
received secure communication message!
Received seqNum: 0
Handler: data received from server via secure communication
data1
Resp-actual/expected/ratio/ts: 5 5 1 1521595567869
Distribution protocol: TCP
Resp-actual/expected/ratio/ts: 5 6 0.8333333333333334 1521595622321
connected to auth! from local port 33442
received auth hello!
{ authId: 504, nonce: <Buffer dd b3 f9 cb e4 a4 0b 94> }
received session key response encrypted with distribution key
replyNonce in sessionKeyResp: <Buffer 5e ed 98 6a 22 84 d5 1c>
auth nonce verified
handleSessionKeyResp: session key request succeeded! authFailureCount: 0
received 1 keys
currentSessionKey: [object Object]
Status: Secure connection closed before starting a new connection.
Session protocol: TCP
chosen commSessionKey: 
{ id: 50400103,
  cipherKeyVal: <Buffer 87 e5 1f 30 ac 09 df 65 8c ad 5c c9 14 50 a7 22>,
  macKeyVal: <Buffer 57 56 ee fe f9 8b 66 44 f7 c8 34 d0 d2 db d2 cc 67 b2 42 c9 dd 50 b8 86 bf 11 cb 1b 83 f4 dd 54>,
  absValidity: 2018-03-22T01:27:04.120Z,
  relValidity: 7200000 }
options
{ serverHost: '10.0.1.26',
  serverPort: 22100,
  sessionKey: 
   { id: 50400103,
     cipherKeyVal: <Buffer 87 e5 1f 30 ac 09 df 65 8c ad 5c c9 14 50 a7 22>,
     macKeyVal: <Buffer 57 56 ee fe f9 8b 66 44 f7 c8 34 d0 d2 db d2 cc 67 b2 42 c9 dd 50 b8 86 bf 11 cb 1b 83 f4 dd 54>,
     absValidity: 2018-03-22T01:27:04.120Z,
     relValidity: 7200000 },
  sessionCryptoSpec: { cipher: 'AES-128-CBC', mac: 'SHA256' },
  sessionProtocol: 'TCP',
  handshakeTimeout: 50000 }
chosen nonce: <Buffer ef 82 c5 25 20 58 f2 d0>
switching to HANDSHAKE_1_SENT
disconnected from auth
Handler: secure connection with the server closed.
received session key handshake2!
client ret: [object Object]
server authenticated/authorized by solving nonce!
Handler: communication initialization succeeded
file data length: 1024
sending at Wed Mar 21 2018 01:27:07 GMT+0000 (UTC)
switching to IN_COMM
received secure communication message!
Received seqNum: 0
Handler: data received from server via secure communication
data1
Resp-actual/expected/ratio/ts: 6 6 1 1521595628009
Distribution protocol: TCP
Resp-actual/expected/ratio/ts: 6 7 0.8571428571428571 1521595682373
connected to auth! from local port 33712
received auth hello!
{ authId: 504, nonce: <Buffer c0 a5 2d df ec 39 6d 91> }
received session key response encrypted with distribution key
replyNonce in sessionKeyResp: <Buffer eb d1 3c 25 fc 69 9c aa>
auth nonce verified
handleSessionKeyResp: session key request succeeded! authFailureCount: 0
received 1 keys
currentSessionKey: [object Object]
Status: Secure connection closed before starting a new connection.
Session protocol: TCP
chosen commSessionKey: 
{ id: 50400109,
  cipherKeyVal: <Buffer 80 43 a5 4f a9 25 07 91 4e 59 ce 2f 41 95 02 29>,
  macKeyVal: <Buffer 28 b3 34 41 93 d0 06 77 7e 17 48 03 4b d6 65 30 3f e3 87 9b 40 2e 40 06 1f b1 21 66 27 b9 58 e3>,
  absValidity: 2018-03-22T01:28:04.194Z,
  relValidity: 7200000 }
options
{ serverHost: '10.0.1.26',
  serverPort: 22100,
  sessionKey: 
   { id: 50400109,
     cipherKeyVal: <Buffer 80 43 a5 4f a9 25 07 91 4e 59 ce 2f 41 95 02 29>,
     macKeyVal: <Buffer 28 b3 34 41 93 d0 06 77 7e 17 48 03 4b d6 65 30 3f e3 87 9b 40 2e 40 06 1f b1 21 66 27 b9 58 e3>,
     absValidity: 2018-03-22T01:28:04.194Z,
     relValidity: 7200000 },
  sessionCryptoSpec: { cipher: 'AES-128-CBC', mac: 'SHA256' },
  sessionProtocol: 'TCP',
  handshakeTimeout: 50000 }
chosen nonce: <Buffer b3 f2 57 64 51 1c 2d 7f>
switching to HANDSHAKE_1_SENT
disconnected from auth
Handler: secure connection with the server closed.
received session key handshake2!
client ret: [object Object]
server authenticated/authorized by solving nonce!
Handler: communication initialization succeeded
file data length: 1024
sending at Wed Mar 21 2018 01:28:07 GMT+0000 (UTC)
switching to IN_COMM
received secure communication message!
Received seqNum: 0
Handler: data received from server via secure communication
data1
Resp-actual/expected/ratio/ts: 7 7 1 1521595687960
Distribution protocol: TCP
Resp-actual/expected/ratio/ts: 7 8 0.875 1521595742423
failure in connection with Auth : authFailureCount: 1
Handler: Error in secure comm - details: Error occurred in session key request: Error: connect EHOSTUNREACH 10.0.1.7:21100
Handler: Error in secure comm - details: Auth hello timedout ...
Distribution protocol: TCP
Resp-actual/expected/ratio/ts: 7 9 0.7777777777777778 1521595802434
failure in connection with Auth : authFailureCount: 2
failure count reached threshold (2), try migration...
In iotAuth.js migrateToTrustedAuth: 
In iotAuthService.js sendMigrationReqViaTCP: 
Handler: Error in secure comm - details: Error occurred in session key request: Error: connect EHOSTUNREACH 10.0.1.7:21100
failure in migration to another Auth : migrationFailureCount: 1
Handler: Error in secure comm - details: Error occurred in migration request: Error: connect EHOSTUNREACH 10.0.1.4:21100
Handler: Error in secure comm - details: Auth hello timedout ...
failure in migration to another Auth : migrationFailureCount: 2
Handler: Error in secure comm - details: Error occurred in migration request: Auth hello timedout ...
Distribution protocol: TCP
Resp-actual/expected/ratio/ts: 7 10 0.7 1521595862441
failure in connection with Auth : authFailureCount: 3
failure count reached threshold (2), try migration...
reached migration failure threshold, rotate migration info index from: 0
to: 1
In iotAuth.js migrateToTrustedAuth: 
In iotAuthService.js sendMigrationReqViaTCP: 
Handler: Error in secure comm - details: Error occurred in session key request: Error: connect EHOSTUNREACH 10.0.1.7:21100
connected to auth! from local port 40480
received auth hello!
{ authId: 502, nonce: <Buffer 23 ab 92 41 20 70 66 4e> }
more data will come. current: 1445 expected: 1485
received migration response with signature!
{ version: 2,
  subject: 
   { countryName: 'US',
     stateOrProvinceName: 'CA',
     localityName: 'Berkeley',
     organizationName: 'EECS',
     organizationalUnitName: 'Auth502',
     commonName: '10.0.1.5' },
  issuer: 
   { countryName: 'US',
     stateOrProvinceName: 'CA',
     localityName: 'Berkeley',
     organizationName: 'EECS',
     organizationalUnitName: 'Auth504',
     commonName: '10.0.0.7' },
  serial: '01624623EB9F',
  notBefore: 2018-03-21T01:18:01.000Z,
  notAfter: 2018-03-22T01:19:41.000Z,
  subjectHash: '9638ffe3',
  signatureAlgorithm: 'sha256WithRSAEncryption',
  fingerPrint: 'C6:32:A0:24:4C:29:3D:1D:8B:39:46:E3:FE:D0:75:F3:FC:77:1A:B0',
  publicKey: 
   { algorithm: 'rsaEncryption',
     e: '65537',
     n: 'FF6CB5202497CC77AF28EFDE774858E4FEF04355E5228E378962DF4235BE3683DAF9E38A7E22621D66B3B50166D897E97BF911F9E8FC09D686961AA39679014E5DDD27EA0F02DE853A41537DB5E37F33395E249F355C0D074419572E9856D1D598CAB2CD6951013DDCB0A163B943DFCD2694BE18B9B3892695B3052EBD9115D447293C83AF24A008794B842E4F0A6C2A8D0189612A600AA40A592603E43713C0ECCA681024E5EC429FAD09484B824919DF59C8BD488E0D372D2A3D8B99B6068E24BBBDA8F0BCDDBA806010E4A7181736DF08D4D1CFC16E26507C360EDCBFF1B5F4288CE304DE62E9696665C5108489AD7232658356998FF47C4F7E8A04225423',
     bitSize: 2048 },
  altNames: [],
  extensions: { subjectAlternativeName: 'IP Address:10.0.1.5' } }
null
true
Certificate of new Auth is verified!
Subject information matches Auth ID!
Signature of new Auth is verified.
Auth nonce is verified
migration completed!
new Auth info: !
{ id: 502,
  host: '10.0.1.5',
  port: 21100,
  publicKey: '-----BEGIN CERTIFICATE-----\nMIIDVTCCAj2gAwIBAgIGAWJGI+ufMA0GCSqGSIb3DQEBCwUAMGExCzAJBgNVBAYT\nAlVTMQswCQYDVQQIDAJDQTERMA8GA1UEBwwIQmVya2VsZXkxDTALBgNVBAoMBEVF\nQ1MxEDAOBgNVBAsMB0F1dGg1MDQxETAPBgNVBAMMCDEwLjAuMC43MB4XDTE4MDMy\nMTAxMTgwMVoXDTE4MDMyMjAxMTk0MVowYTELMAkGA1UEBhMCVVMxCzAJBgNVBAgM\nAkNBMREwDwYDVQQHDAhCZXJrZWxleTENMAsGA1UECgwERUVDUzEQMA4GA1UECwwH\nQXV0aDUwMjERMA8GA1UEAwwIMTAuMC4xLjUwggEiMA0GCSqGSIb3DQEBAQUAA4IB\nDwAwggEKAoIBAQD/bLUgJJfMd68o7953SFjk/vBDVeUijjeJYt9CNb42g9r544p+\nImIdZrO1AWbYl+l7+RH56PwJ1oaWGqOWeQFOXd0n6g8C3oU6QVN9teN/MzleJJ81\nXA0HRBlXLphW0dWYyrLNaVEBPdywoWO5Q9/NJpS+GLmziSaVswUuvZEV1EcpPIOv\nJKAIeUuELk8KbCqNAYlhKmAKpApZJgPkNxPA7MpoECTl7EKfrQlIS4JJGd9ZyL1I\njg03LSo9i5m2Bo4ku72o8LzduoBgEOSnGBc23wjU0c/BbiZQfDYO3L/xtfQojOME\n3mLpaWZlxRCEia1yMmWDVpmP9HxPfooEIlQjAgMBAAGjEzARMA8GA1UdEQQIMAaH\nBAoAAQUwDQYJKoZIhvcNAQELBQADggEBAK3yuDW7US+1TTqbZ9IzcRsugyKjW3eF\nZ+ICuR46YrXW5VzHNWodZbDFCiNV0Bo1ZzL+dXDEmJVn71jKThgUDz7ENFbf3mS5\ngkrY38lRykAzitvOTlk828IcC8B0qxGqAV2sB8YAzMwdGgCAKJXwH4dPI7AUTXx9\njqYF1HGLtRqs21mUbjY66163HCXkgjSud7hIvGV/etIvWIGypyuGrNObT8Cegd9K\nrJtqzjTtWMuoUSbZwNmr9jS9fGLD1cWb8lgnjfdFkjtKNG0PUu9iL6rsptye3iXm\n4rd3P8mgoFauizjDlzaDA48yqr6bcs6KyQrnKl+9jgAQvgvJDgCETKg=\n-----END CERTIFICATE-----' }
received migration response, for next round of migration, rotate migration info index from: 1
to: 2
disconnected from auth
Handler: Error in secure comm - details: Auth hello timedout ...
Distribution protocol: TCP
Resp-actual/expected/ratio/ts: 7 11 0.6363636363636364 1521595922447
connected to auth! from local port 40714
received auth hello!
{ authId: 502, nonce: <Buffer 41 23 64 04 63 63 ca 6c> }
received session key response with distribution key attached!
auth signature verified
replyNonce in sessionKeyResp: <Buffer 65 64 4d 55 2c a9 82 92>
auth nonce verified
handleSessionKeyResp: session key request succeeded! authFailureCount: 0
updating distribution key: { cipherKeyVal: <Buffer 50 b9 6f b9 bc 19 9a 32 d6 64 ac bc 72 76 62 3b>,
  macKeyVal: <Buffer 01 bc 4f 12 e3 01 cd 99 e0 df 3f f9 65 0d 2e ac 57 ef e4 47 87 c1 2e bd 9e c1 7a a2 24 3b 3e e3>,
  absValidity: 2018-03-21T02:32:02.586Z }
received 1 keys
currentSessionKey: [object Object]
Status: Secure connection closed before starting a new connection.
Session protocol: TCP
chosen commSessionKey: 
{ id: 50200455,
  cipherKeyVal: <Buffer 19 26 19 d9 06 07 d6 81 a3 70 2e 62 24 50 42 2a>,
  macKeyVal: <Buffer ca da b9 34 70 0f 25 05 a3 dc 6a e0 92 17 53 75 8e c2 a8 7a 51 75 bb 23 51 f3 68 5c 92 5b a5 15>,
  absValidity: 2018-03-22T01:32:02.585Z,
  relValidity: 7200000 }
options
{ serverHost: '10.0.1.26',
  serverPort: 22100,
  sessionKey: 
   { id: 50200455,
     cipherKeyVal: <Buffer 19 26 19 d9 06 07 d6 81 a3 70 2e 62 24 50 42 2a>,
     macKeyVal: <Buffer ca da b9 34 70 0f 25 05 a3 dc 6a e0 92 17 53 75 8e c2 a8 7a 51 75 bb 23 51 f3 68 5c 92 5b a5 15>,
     absValidity: 2018-03-22T01:32:02.585Z,
     relValidity: 7200000 },
  sessionCryptoSpec: { cipher: 'AES-128-CBC', mac: 'SHA256' },
  sessionProtocol: 'TCP',
  handshakeTimeout: 50000 }
disconnected from auth
chosen nonce: <Buffer 7d e9 cf e0 ba fd 87 45>
switching to HANDSHAKE_1_SENT
Handler: secure connection with the server closed.
Handler: Error in secure comm - details: Comm init failed: handshake1 timed out ...
Handler: Error in secure comm - details: Comm init failed: disconnected from server during communication initialization.10.0.1.26:undefined
Distribution protocol: TCP
Resp-actual/expected/ratio/ts: 7 12 0.5833333333333334 1521595982457
connected to auth! from local port 40976
received auth hello!
{ authId: 502, nonce: <Buffer 47 49 ab 07 1c 38 d9 ef> }
received session key response encrypted with distribution key
replyNonce in sessionKeyResp: <Buffer cf 56 83 d4 cb 54 8f b1>
auth nonce verified
handleSessionKeyResp: session key request succeeded! authFailureCount: 0
received 1 keys
currentSessionKey: [object Object]
Status: Secure connection closed before starting a new connection.
Session protocol: TCP
chosen commSessionKey: 
{ id: 50200466,
  cipherKeyVal: <Buffer be 13 84 d3 ad 24 90 1c 2c d2 3a 3c ed 89 01 6b>,
  macKeyVal: <Buffer 10 d0 f5 ca 9e 8b c4 f4 01 ff bc b9 74 77 07 d8 c2 49 e0 9f e5 c1 06 a0 67 c7 48 84 15 7c 33 02>,
  absValidity: 2018-03-22T01:33:02.587Z,
  relValidity: 7200000 }
options
{ serverHost: '10.0.1.26',
  serverPort: 22100,
  sessionKey: 
   { id: 50200466,
     cipherKeyVal: <Buffer be 13 84 d3 ad 24 90 1c 2c d2 3a 3c ed 89 01 6b>,
     macKeyVal: <Buffer 10 d0 f5 ca 9e 8b c4 f4 01 ff bc b9 74 77 07 d8 c2 49 e0 9f e5 c1 06 a0 67 c7 48 84 15 7c 33 02>,
     absValidity: 2018-03-22T01:33:02.587Z,
     relValidity: 7200000 },
  sessionCryptoSpec: { cipher: 'AES-128-CBC', mac: 'SHA256' },
  sessionProtocol: 'TCP',
  handshakeTimeout: 50000 }
chosen nonce: <Buffer 60 8f 98 45 5c 68 eb 61>
switching to HANDSHAKE_1_SENT
disconnected from auth
Handler: Error in secure comm - details: Comm init failed: disconnected from server during communication initialization.10.0.1.26:undefined
Handler: Error in secure comm - details: Comm init failed: handshake1 timed out ...
Distribution protocol: TCP
Resp-actual/expected/ratio/ts: 7 13 0.5384615384615384 1521596042467
connected to auth! from local port 41228
received auth hello!
{ authId: 502, nonce: <Buffer 06 97 54 7a c2 93 83 9b> }
received session key response encrypted with distribution key
replyNonce in sessionKeyResp: <Buffer 93 9b f8 37 95 39 a8 c2>
auth nonce verified
handleSessionKeyResp: session key request succeeded! authFailureCount: 0
received 1 keys
currentSessionKey: [object Object]
Status: Secure connection closed before starting a new connection.
Session protocol: TCP
chosen commSessionKey: 
{ id: 50200480,
  cipherKeyVal: <Buffer e8 8f e8 2e c3 98 aa cb 81 5a 16 2e 08 dc 64 bd>,
  macKeyVal: <Buffer a2 07 2b f5 da 09 97 39 9b 72 af 2a 50 b6 1e 09 23 41 17 35 26 d4 9f cd 49 a9 22 ee 53 ba 7a 6a>,
  absValidity: 2018-03-22T01:34:02.597Z,
  relValidity: 7200000 }
options
{ serverHost: '10.0.1.26',
  serverPort: 22100,
  sessionKey: 
   { id: 50200480,
     cipherKeyVal: <Buffer e8 8f e8 2e c3 98 aa cb 81 5a 16 2e 08 dc 64 bd>,
     macKeyVal: <Buffer a2 07 2b f5 da 09 97 39 9b 72 af 2a 50 b6 1e 09 23 41 17 35 26 d4 9f cd 49 a9 22 ee 53 ba 7a 6a>,
     absValidity: 2018-03-22T01:34:02.597Z,
     relValidity: 7200000 },
  sessionCryptoSpec: { cipher: 'AES-128-CBC', mac: 'SHA256' },
  sessionProtocol: 'TCP',
  handshakeTimeout: 50000 }
Handler: Error in secure comm - details: Comm init failed: Error in comm init - details: Error: connect ECONNREFUSED 10.0.1.26:22100
disconnected from auth
Distribution protocol: TCP
Resp-actual/expected/ratio/ts: 7 14 0.5 1521596102504
connected to auth! from local port 41482
received auth hello!
{ authId: 502, nonce: <Buffer 27 bf 70 08 4c 28 51 f0> }
received session key response encrypted with distribution key
replyNonce in sessionKeyResp: <Buffer 4d c4 d0 67 d2 0e e4 66>
auth nonce verified
handleSessionKeyResp: session key request succeeded! authFailureCount: 0
received 1 keys
currentSessionKey: [object Object]
Status: Secure connection closed before starting a new connection.
Session protocol: TCP
chosen commSessionKey: 
{ id: 50200495,
  cipherKeyVal: <Buffer 72 dd e6 8e a0 65 c3 2a 63 82 da a5 9d 67 cb 66>,
  macKeyVal: <Buffer 3a af db 68 b5 ba 3d 62 56 f7 5e f7 9c ff 93 0a 41 d7 81 6c c7 17 a9 b5 51 c5 6c cc 39 17 32 35>,
  absValidity: 2018-03-22T01:35:02.665Z,
  relValidity: 7200000 }
options
{ serverHost: '10.0.1.26',
  serverPort: 22100,
  sessionKey: 
   { id: 50200495,
     cipherKeyVal: <Buffer 72 dd e6 8e a0 65 c3 2a 63 82 da a5 9d 67 cb 66>,
     macKeyVal: <Buffer 3a af db 68 b5 ba 3d 62 56 f7 5e f7 9c ff 93 0a 41 d7 81 6c c7 17 a9 b5 51 c5 6c cc 39 17 32 35>,
     absValidity: 2018-03-22T01:35:02.665Z,
     relValidity: 7200000 },
  sessionCryptoSpec: { cipher: 'AES-128-CBC', mac: 'SHA256' },
  sessionProtocol: 'TCP',
  handshakeTimeout: 50000 }
Handler: Error in secure comm - details: Comm init failed: Error in comm init - details: Error: connect ECONNREFUSED 10.0.1.26:22100
disconnected from auth
Distribution protocol: TCP
Resp-actual/expected/ratio/ts: 7 15 0.4666666666666667 1521596162552
connected to auth! from local port 41734
received auth hello!
{ authId: 502, nonce: <Buffer c6 7c 3c 7b ba f6 b2 78> }
received session key response encrypted with distribution key
replyNonce in sessionKeyResp: <Buffer 9d ba 13 31 4a ff 12 b5>
auth nonce verified
handleSessionKeyResp: session key request succeeded! authFailureCount: 0
received 1 keys
currentSessionKey: [object Object]
Status: Secure connection closed before starting a new connection.
Session protocol: TCP
chosen commSessionKey: 
{ id: 50200510,
  cipherKeyVal: <Buffer a0 a9 80 73 3e ab cf 2e f8 d0 7f 24 f4 61 e4 ee>,
  macKeyVal: <Buffer b5 d2 8f 78 be ab bf 90 ed 7f 71 d7 9b a7 71 c9 c4 1e ba ab a6 64 76 7b 51 57 ce 04 20 ae 24 9e>,
  absValidity: 2018-03-22T01:36:02.690Z,
  relValidity: 7200000 }
options
{ serverHost: '10.0.1.26',
  serverPort: 22100,
  sessionKey: 
   { id: 50200510,
     cipherKeyVal: <Buffer a0 a9 80 73 3e ab cf 2e f8 d0 7f 24 f4 61 e4 ee>,
     macKeyVal: <Buffer b5 d2 8f 78 be ab bf 90 ed 7f 71 d7 9b a7 71 c9 c4 1e ba ab a6 64 76 7b 51 57 ce 04 20 ae 24 9e>,
     absValidity: 2018-03-22T01:36:02.690Z,
     relValidity: 7200000 },
  sessionCryptoSpec: { cipher: 'AES-128-CBC', mac: 'SHA256' },
  sessionProtocol: 'TCP',
  handshakeTimeout: 50000 }
Handler: Error in secure comm - details: Comm init failed: Error in comm init - details: Error: connect ECONNREFUSED 10.0.1.26:22100
disconnected from auth
Distribution protocol: TCP
Resp-actual/expected/ratio/ts: 7 16 0.4375 1521596222612
connected to auth! from local port 41988
received auth hello!
{ authId: 502, nonce: <Buffer 6b 4e ab f3 d3 44 f5 22> }
received session key response encrypted with distribution key
replyNonce in sessionKeyResp: <Buffer 9e 5b 2b 6f 15 0a 62 39>
auth nonce verified
handleSessionKeyResp: session key request succeeded! authFailureCount: 0
received 1 keys
currentSessionKey: [object Object]
Status: Secure connection closed before starting a new connection.
Session protocol: TCP
chosen commSessionKey: 
{ id: 50200525,
  cipherKeyVal: <Buffer 21 9d dd 72 38 42 b4 98 38 1e 94 e8 fb 34 ef a1>,
  macKeyVal: <Buffer d9 ef 72 b5 89 57 ff bc 57 19 1f 5a b1 be 2f e9 c5 bf be ca d5 2e 9b 86 74 6a fb d7 7f 2b dd 89>,
  absValidity: 2018-03-22T01:37:02.813Z,
  relValidity: 7200000 }
options
{ serverHost: '10.0.1.26',
  serverPort: 22100,
  sessionKey: 
   { id: 50200525,
     cipherKeyVal: <Buffer 21 9d dd 72 38 42 b4 98 38 1e 94 e8 fb 34 ef a1>,
     macKeyVal: <Buffer d9 ef 72 b5 89 57 ff bc 57 19 1f 5a b1 be 2f e9 c5 bf be ca d5 2e 9b 86 74 6a fb d7 7f 2b dd 89>,
     absValidity: 2018-03-22T01:37:02.813Z,
     relValidity: 7200000 },
  sessionCryptoSpec: { cipher: 'AES-128-CBC', mac: 'SHA256' },
  sessionProtocol: 'TCP',
  handshakeTimeout: 50000 }
Handler: Error in secure comm - details: Comm init failed: Error in comm init - details: Error: connect ECONNREFUSED 10.0.1.26:22100
disconnected from auth
Distribution protocol: TCP
Resp-actual/expected/ratio/ts: 7 17 0.4117647058823529 1521596282672
connected to auth! from local port 42236
received auth hello!
{ authId: 502, nonce: <Buffer 0c 46 bb 3e 03 c3 99 7a> }
received session key response encrypted with distribution key
replyNonce in sessionKeyResp: <Buffer e4 de c5 56 e6 c2 57 e0>
auth nonce verified
handleSessionKeyResp: session key request succeeded! authFailureCount: 0
received 1 keys
currentSessionKey: [object Object]
Status: Secure connection closed before starting a new connection.
Session protocol: TCP
chosen commSessionKey: 
{ id: 50200540,
  cipherKeyVal: <Buffer 2c c5 d7 79 bd 06 98 d5 d3 fc 2f b2 2f 56 3f 26>,
  macKeyVal: <Buffer cd af 33 d5 27 99 d7 42 2d d2 1d 91 68 cb fd 53 a1 fb d0 c4 42 5c 11 1d 2b f9 8d 17 f6 11 13 d3>,
  absValidity: 2018-03-22T01:38:02.788Z,
  relValidity: 7200000 }
options
{ serverHost: '10.0.1.26',
  serverPort: 22100,
  sessionKey: 
   { id: 50200540,
     cipherKeyVal: <Buffer 2c c5 d7 79 bd 06 98 d5 d3 fc 2f b2 2f 56 3f 26>,
     macKeyVal: <Buffer cd af 33 d5 27 99 d7 42 2d d2 1d 91 68 cb fd 53 a1 fb d0 c4 42 5c 11 1d 2b f9 8d 17 f6 11 13 d3>,
     absValidity: 2018-03-22T01:38:02.788Z,
     relValidity: 7200000 },
  sessionCryptoSpec: { cipher: 'AES-128-CBC', mac: 'SHA256' },
  sessionProtocol: 'TCP',
  handshakeTimeout: 50000 }
Handler: Error in secure comm - details: Comm init failed: Error in comm init - details: Error: connect ECONNREFUSED 10.0.1.26:22100
disconnected from auth
Distribution protocol: TCP
Resp-actual/expected/ratio/ts: 7 18 0.3888888888888889 1521596342730
connected to auth! from local port 42480
received auth hello!
{ authId: 502, nonce: <Buffer df 2e d8 e7 26 06 1e 44> }
received session key response encrypted with distribution key
replyNonce in sessionKeyResp: <Buffer dd 30 74 7e c0 af 5b 0a>
auth nonce verified
handleSessionKeyResp: session key request succeeded! authFailureCount: 0
received 1 keys
currentSessionKey: [object Object]
Status: Secure connection closed before starting a new connection.
Session protocol: TCP
chosen commSessionKey: 
{ id: 50200555,
  cipherKeyVal: <Buffer ab 9f cc 15 56 21 3f 25 27 01 96 5b 5c 17 bc fd>,
  macKeyVal: <Buffer dd bc 5f e8 6a 89 5f 3f 99 2e ba 43 56 50 6d 41 ac 29 23 29 03 6f 60 0f 5c 98 80 3f a1 20 93 f0>,
  absValidity: 2018-03-22T01:39:02.896Z,
  relValidity: 7200000 }
options
{ serverHost: '10.0.1.26',
  serverPort: 22100,
  sessionKey: 
   { id: 50200555,
     cipherKeyVal: <Buffer ab 9f cc 15 56 21 3f 25 27 01 96 5b 5c 17 bc fd>,
     macKeyVal: <Buffer dd bc 5f e8 6a 89 5f 3f 99 2e ba 43 56 50 6d 41 ac 29 23 29 03 6f 60 0f 5c 98 80 3f a1 20 93 f0>,
     absValidity: 2018-03-22T01:39:02.896Z,
     relValidity: 7200000 },
  sessionCryptoSpec: { cipher: 'AES-128-CBC', mac: 'SHA256' },
  sessionProtocol: 'TCP',
  handshakeTimeout: 50000 }
Handler: Error in secure comm - details: Comm init failed: Error in comm init - details: Error: connect ECONNREFUSED 10.0.1.26:22100
disconnected from auth
Distribution protocol: TCP
Resp-actual/expected/ratio/ts: 7 19 0.3684210526315789 1521596402789
connected to auth! from local port 42726
received auth hello!
{ authId: 502, nonce: <Buffer c5 11 37 f0 f8 12 5e dd> }
received session key response encrypted with distribution key
replyNonce in sessionKeyResp: <Buffer b4 57 ab 31 ac 30 ea c7>
auth nonce verified
handleSessionKeyResp: session key request succeeded! authFailureCount: 0
received 1 keys
currentSessionKey: [object Object]
Status: Secure connection closed before starting a new connection.
Session protocol: TCP
chosen commSessionKey: 
{ id: 50200570,
  cipherKeyVal: <Buffer 80 62 a5 2b 56 76 ce 76 05 e2 57 9c d2 93 08 00>,
  macKeyVal: <Buffer 84 b2 79 e9 e4 b0 f7 b0 ed 08 85 22 31 48 23 15 b1 46 30 0e 9f 44 c1 15 b6 85 52 0d e3 db 68 c6>,
  absValidity: 2018-03-22T01:40:02.942Z,
  relValidity: 7200000 }
options
{ serverHost: '10.0.1.26',
  serverPort: 22100,
  sessionKey: 
   { id: 50200570,
     cipherKeyVal: <Buffer 80 62 a5 2b 56 76 ce 76 05 e2 57 9c d2 93 08 00>,
     macKeyVal: <Buffer 84 b2 79 e9 e4 b0 f7 b0 ed 08 85 22 31 48 23 15 b1 46 30 0e 9f 44 c1 15 b6 85 52 0d e3 db 68 c6>,
     absValidity: 2018-03-22T01:40:02.942Z,
     relValidity: 7200000 },
  sessionCryptoSpec: { cipher: 'AES-128-CBC', mac: 'SHA256' },
  sessionProtocol: 'TCP',
  handshakeTimeout: 50000 }
Handler: Error in secure comm - details: Comm init failed: Error in comm init - details: Error: connect ECONNREFUSED 10.0.1.26:22100
disconnected from auth
Distribution protocol: TCP
Resp-actual/expected/ratio/ts: 7 20 0.35 1521596462801
connected to auth! from local port 42974
received auth hello!
{ authId: 502, nonce: <Buffer c1 3f a2 94 b4 06 c5 4e> }
received session key response encrypted with distribution key
replyNonce in sessionKeyResp: <Buffer 0b 40 9a db db 10 6e 19>
auth nonce verified
handleSessionKeyResp: session key request succeeded! authFailureCount: 0
received 1 keys
currentSessionKey: [object Object]
Status: Secure connection closed before starting a new connection.
Session protocol: TCP
chosen commSessionKey: 
{ id: 50200585,
  cipherKeyVal: <Buffer 54 02 74 cd de bb 45 10 be 57 6d 23 85 67 2a 73>,
  macKeyVal: <Buffer da c6 21 f6 15 33 0c f4 4e 9f b1 b7 1c 74 4b 5e 43 ca c2 22 db fe 04 00 a8 93 44 d3 86 e6 06 b1>,
  absValidity: 2018-03-22T01:41:02.998Z,
  relValidity: 7200000 }
options
{ serverHost: '10.0.1.26',
  serverPort: 22100,
  sessionKey: 
   { id: 50200585,
     cipherKeyVal: <Buffer 54 02 74 cd de bb 45 10 be 57 6d 23 85 67 2a 73>,
     macKeyVal: <Buffer da c6 21 f6 15 33 0c f4 4e 9f b1 b7 1c 74 4b 5e 43 ca c2 22 db fe 04 00 a8 93 44 d3 86 e6 06 b1>,
     absValidity: 2018-03-22T01:41:02.998Z,
     relValidity: 7200000 },
  sessionCryptoSpec: { cipher: 'AES-128-CBC', mac: 'SHA256' },
  sessionProtocol: 'TCP',
  handshakeTimeout: 50000 }
Handler: Error in secure comm - details: Comm init failed: Error in comm init - details: Error: connect ECONNREFUSED 10.0.1.26:22100
disconnected from auth
Distribution protocol: TCP
Resp-actual/expected/ratio/ts: 7 21 0.3333333333333333 1521596522862
connected to auth! from local port 43224
received auth hello!
{ authId: 502, nonce: <Buffer 6f e1 83 6f e2 0e f1 94> }
received session key response encrypted with distribution key
replyNonce in sessionKeyResp: <Buffer 9a 99 47 47 cc 3b 1a 65>
auth nonce verified
handleSessionKeyResp: session key request succeeded! authFailureCount: 0
received 1 keys
currentSessionKey: [object Object]
Status: Secure connection closed before starting a new connection.
Session protocol: TCP
chosen commSessionKey: 
{ id: 50200600,
  cipherKeyVal: <Buffer 27 2e ea 7e 3a 37 99 f4 ca bf 37 78 2d 5e 5a 31>,
  macKeyVal: <Buffer 5a ec fc 78 63 9d ac 89 a3 24 95 b4 b9 13 67 52 ea 4d 68 34 4b f2 46 54 0b e6 c6 15 38 56 00 23>,
  absValidity: 2018-03-22T01:42:03.003Z,
  relValidity: 7200000 }
options
{ serverHost: '10.0.1.26',
  serverPort: 22100,
  sessionKey: 
   { id: 50200600,
     cipherKeyVal: <Buffer 27 2e ea 7e 3a 37 99 f4 ca bf 37 78 2d 5e 5a 31>,
     macKeyVal: <Buffer 5a ec fc 78 63 9d ac 89 a3 24 95 b4 b9 13 67 52 ea 4d 68 34 4b f2 46 54 0b e6 c6 15 38 56 00 23>,
     absValidity: 2018-03-22T01:42:03.003Z,
     relValidity: 7200000 },
  sessionCryptoSpec: { cipher: 'AES-128-CBC', mac: 'SHA256' },
  sessionProtocol: 'TCP',
  handshakeTimeout: 50000 }
Handler: Error in secure comm - details: Comm init failed: Error in comm init - details: Error: connect ECONNREFUSED 10.0.1.26:22100
disconnected from auth
Distribution protocol: TCP
Resp-actual/expected/ratio/ts: 7 22 0.3181818181818182 1521596582921
connected to auth! from local port 43462
received auth hello!
{ authId: 502, nonce: <Buffer 00 08 9d 15 92 7a 1a 7e> }
received session key response encrypted with distribution key
replyNonce in sessionKeyResp: <Buffer 77 dd 04 4b 06 d1 12 65>
auth nonce verified
handleSessionKeyResp: session key request succeeded! authFailureCount: 0
received 1 keys
currentSessionKey: [object Object]
Status: Secure connection closed before starting a new connection.
Session protocol: TCP
chosen commSessionKey: 
{ id: 50200615,
  cipherKeyVal: <Buffer d9 f8 ac 9d 62 de c6 51 77 4b 44 b0 df d4 44 c3>,
  macKeyVal: <Buffer 9c 58 f6 4c 92 e1 99 f3 97 26 8e 23 ed 6e dd 57 9e 08 8d fa f6 4f 66 e5 c6 d8 8c b8 a5 44 14 fe>,
  absValidity: 2018-03-22T01:43:03.054Z,
  relValidity: 7200000 }
options
{ serverHost: '10.0.1.26',
  serverPort: 22100,
  sessionKey: 
   { id: 50200615,
     cipherKeyVal: <Buffer d9 f8 ac 9d 62 de c6 51 77 4b 44 b0 df d4 44 c3>,
     macKeyVal: <Buffer 9c 58 f6 4c 92 e1 99 f3 97 26 8e 23 ed 6e dd 57 9e 08 8d fa f6 4f 66 e5 c6 d8 8c b8 a5 44 14 fe>,
     absValidity: 2018-03-22T01:43:03.054Z,
     relValidity: 7200000 },
  sessionCryptoSpec: { cipher: 'AES-128-CBC', mac: 'SHA256' },
  sessionProtocol: 'TCP',
  handshakeTimeout: 50000 }
Handler: Error in secure comm - details: Comm init failed: Error in comm init - details: Error: connect ECONNREFUSED 10.0.1.26:22100
disconnected from auth
Distribution protocol: TCP
Resp-actual/expected/ratio/ts: 7 23 0.30434782608695654 1521596642973
connected to auth! from local port 43700
received auth hello!
{ authId: 502, nonce: <Buffer d8 9c 39 7e 43 8c c0 44> }
received session key response encrypted with distribution key
replyNonce in sessionKeyResp: <Buffer d0 2b df 6d a2 9e 7a 29>
auth nonce verified
handleSessionKeyResp: session key request succeeded! authFailureCount: 0
received 1 keys
currentSessionKey: [object Object]
Status: Secure connection closed before starting a new connection.
Session protocol: TCP
chosen commSessionKey: 
{ id: 50200630,
  cipherKeyVal: <Buffer ae 05 8f 6b a7 d1 04 87 51 16 72 26 5a 8b bd 9a>,
  macKeyVal: <Buffer 85 4b 18 a6 86 29 2c fe 62 bb b4 fa 3a 18 a7 a2 8c ab 95 64 88 fc f8 01 9b eb 69 69 ea 8e d5 21>,
  absValidity: 2018-03-22T01:44:03.119Z,
  relValidity: 7200000 }
options
{ serverHost: '10.0.1.26',
  serverPort: 22100,
  sessionKey: 
   { id: 50200630,
     cipherKeyVal: <Buffer ae 05 8f 6b a7 d1 04 87 51 16 72 26 5a 8b bd 9a>,
     macKeyVal: <Buffer 85 4b 18 a6 86 29 2c fe 62 bb b4 fa 3a 18 a7 a2 8c ab 95 64 88 fc f8 01 9b eb 69 69 ea 8e d5 21>,
     absValidity: 2018-03-22T01:44:03.119Z,
     relValidity: 7200000 },
  sessionCryptoSpec: { cipher: 'AES-128-CBC', mac: 'SHA256' },
  sessionProtocol: 'TCP',
  handshakeTimeout: 50000 }
Handler: Error in secure comm - details: Comm init failed: Error in comm init - details: Error: connect ECONNREFUSED 10.0.1.26:22100
disconnected from auth
Distribution protocol: TCP
Resp-actual/expected/ratio/ts: 7 24 0.2916666666666667 1521596703001
connected to auth! from local port 43938
received auth hello!
{ authId: 502, nonce: <Buffer bb 50 86 5d d7 a9 5e 0e> }
received session key response encrypted with distribution key
replyNonce in sessionKeyResp: <Buffer 2f 18 34 39 18 ec 11 0d>
auth nonce verified
handleSessionKeyResp: session key request succeeded! authFailureCount: 0
received 1 keys
currentSessionKey: [object Object]
Status: Secure connection closed before starting a new connection.
Session protocol: TCP
chosen commSessionKey: 
{ id: 50200645,
  cipherKeyVal: <Buffer f6 74 f3 6c f3 bd 2b 9a 1f dc 0f 16 61 5f a4 ae>,
  macKeyVal: <Buffer 8e b1 65 96 b2 e9 c3 03 97 9f 93 3d 74 ff 0c 46 ac e7 6b 50 4e a6 13 46 87 5c bb 19 14 31 1d a7>,
  absValidity: 2018-03-22T01:45:03.170Z,
  relValidity: 7200000 }
options
{ serverHost: '10.0.1.26',
  serverPort: 22100,
  sessionKey: 
   { id: 50200645,
     cipherKeyVal: <Buffer f6 74 f3 6c f3 bd 2b 9a 1f dc 0f 16 61 5f a4 ae>,
     macKeyVal: <Buffer 8e b1 65 96 b2 e9 c3 03 97 9f 93 3d 74 ff 0c 46 ac e7 6b 50 4e a6 13 46 87 5c bb 19 14 31 1d a7>,
     absValidity: 2018-03-22T01:45:03.170Z,
     relValidity: 7200000 },
  sessionCryptoSpec: { cipher: 'AES-128-CBC', mac: 'SHA256' },
  sessionProtocol: 'TCP',
  handshakeTimeout: 50000 }
Handler: Error in secure comm - details: Comm init failed: Error in comm init - details: Error: connect ECONNREFUSED 10.0.1.26:22100
disconnected from auth
Distribution protocol: TCP
Resp-actual/expected/ratio/ts: 7 25 0.28 1521596763060
connected to auth! from local port 44176
received auth hello!
{ authId: 502, nonce: <Buffer a4 f0 78 04 81 9e 13 02> }
received session key response encrypted with distribution key
replyNonce in sessionKeyResp: <Buffer 86 87 46 a3 c9 7f 33 18>
auth nonce verified
handleSessionKeyResp: session key request succeeded! authFailureCount: 0
received 1 keys
currentSessionKey: [object Object]
Status: Secure connection closed before starting a new connection.
Session protocol: TCP
chosen commSessionKey: 
{ id: 50200660,
  cipherKeyVal: <Buffer 9c 31 2f 0c 21 b4 cc 6b d6 d0 9b 0a c1 0b ff bc>,
  macKeyVal: <Buffer 9c ad 98 80 64 b7 bc 14 0a 9a 76 db 00 bf c6 e6 7d 05 04 78 38 51 2a 55 28 f8 68 06 d8 a3 77 c9>,
  absValidity: 2018-03-22T01:46:03.177Z,
  relValidity: 7200000 }
options
{ serverHost: '10.0.1.26',
  serverPort: 22100,
  sessionKey: 
   { id: 50200660,
     cipherKeyVal: <Buffer 9c 31 2f 0c 21 b4 cc 6b d6 d0 9b 0a c1 0b ff bc>,
     macKeyVal: <Buffer 9c ad 98 80 64 b7 bc 14 0a 9a 76 db 00 bf c6 e6 7d 05 04 78 38 51 2a 55 28 f8 68 06 d8 a3 77 c9>,
     absValidity: 2018-03-22T01:46:03.177Z,
     relValidity: 7200000 },
  sessionCryptoSpec: { cipher: 'AES-128-CBC', mac: 'SHA256' },
  sessionProtocol: 'TCP',
  handshakeTimeout: 50000 }
Handler: Error in secure comm - details: Comm init failed: Error in comm init - details: Error: connect ECONNREFUSED 10.0.1.26:22100
disconnected from auth
Distribution protocol: TCP
Resp-actual/expected/ratio/ts: 7 26 0.2692307692307692 1521596823120
connected to auth! from local port 44408
received auth hello!
{ authId: 502, nonce: <Buffer fc f2 4a a5 b0 dc 39 ef> }
received session key response encrypted with distribution key
replyNonce in sessionKeyResp: <Buffer a6 e3 fe e2 a6 2c 4f 61>
auth nonce verified
handleSessionKeyResp: session key request succeeded! authFailureCount: 0
received 1 keys
currentSessionKey: [object Object]
Status: Secure connection closed before starting a new connection.
Session protocol: TCP
chosen commSessionKey: 
{ id: 50200675,
  cipherKeyVal: <Buffer d7 ae 88 e4 dc 95 e9 1f aa b9 b5 16 b7 f9 b6 35>,
  macKeyVal: <Buffer 84 03 71 8e 81 5a e0 05 47 5e 0f ca 63 c1 73 17 a2 b8 14 c7 68 bc ce 68 02 a8 43 ca f5 5a 73 d8>,
  absValidity: 2018-03-22T01:47:03.257Z,
  relValidity: 7200000 }
options
{ serverHost: '10.0.1.26',
  serverPort: 22100,
  sessionKey: 
   { id: 50200675,
     cipherKeyVal: <Buffer d7 ae 88 e4 dc 95 e9 1f aa b9 b5 16 b7 f9 b6 35>,
     macKeyVal: <Buffer 84 03 71 8e 81 5a e0 05 47 5e 0f ca 63 c1 73 17 a2 b8 14 c7 68 bc ce 68 02 a8 43 ca f5 5a 73 d8>,
     absValidity: 2018-03-22T01:47:03.257Z,
     relValidity: 7200000 },
  sessionCryptoSpec: { cipher: 'AES-128-CBC', mac: 'SHA256' },
  sessionProtocol: 'TCP',
  handshakeTimeout: 50000 }
Handler: Error in secure comm - details: Comm init failed: Error in comm init - details: Error: connect ECONNREFUSED 10.0.1.26:22100
disconnected from auth
Distribution protocol: TCP
Resp-actual/expected/ratio/ts: 7 27 0.25925925925925924 1521596883177
connected to auth! from local port 44646
received auth hello!
{ authId: 502, nonce: <Buffer 6d 8b 7b c3 3b a4 c0 0d> }
received session key response encrypted with distribution key
replyNonce in sessionKeyResp: <Buffer 35 e8 d6 51 58 88 62 f4>
auth nonce verified
handleSessionKeyResp: session key request succeeded! authFailureCount: 0
received 1 keys
currentSessionKey: [object Object]
Status: Secure connection closed before starting a new connection.
Session protocol: TCP
chosen commSessionKey: 
{ id: 50200690,
  cipherKeyVal: <Buffer e6 99 7d 5f c0 bf 43 9b be eb 4e 56 fe cf a4 33>,
  macKeyVal: <Buffer 1b 0a 26 44 e1 10 00 d0 d5 de db 38 94 87 d8 16 66 9b 52 37 a4 f1 16 cb a2 5c 27 03 c9 f3 6d a5>,
  absValidity: 2018-03-22T01:48:03.310Z,
  relValidity: 7200000 }
options
{ serverHost: '10.0.1.26',
  serverPort: 22100,
  sessionKey: 
   { id: 50200690,
     cipherKeyVal: <Buffer e6 99 7d 5f c0 bf 43 9b be eb 4e 56 fe cf a4 33>,
     macKeyVal: <Buffer 1b 0a 26 44 e1 10 00 d0 d5 de db 38 94 87 d8 16 66 9b 52 37 a4 f1 16 cb a2 5c 27 03 c9 f3 6d a5>,
     absValidity: 2018-03-22T01:48:03.310Z,
     relValidity: 7200000 },
  sessionCryptoSpec: { cipher: 'AES-128-CBC', mac: 'SHA256' },
  sessionProtocol: 'TCP',
  handshakeTimeout: 50000 }
Handler: Error in secure comm - details: Comm init failed: Error in comm init - details: Error: connect ECONNREFUSED 10.0.1.26:22100
disconnected from auth
Distribution protocol: TCP
Resp-actual/expected/ratio/ts: 7 28 0.25 1521596943234
connected to auth! from local port 44856
received auth hello!
{ authId: 502, nonce: <Buffer 18 c4 cf 92 94 7a df a9> }
received session key response encrypted with distribution key
replyNonce in sessionKeyResp: <Buffer ce 03 0e 7e 20 bf b5 8a>
auth nonce verified
handleSessionKeyResp: session key request succeeded! authFailureCount: 0
received 1 keys
currentSessionKey: [object Object]
Status: Secure connection closed before starting a new connection.
Session protocol: TCP
chosen commSessionKey: 
{ id: 50200705,
  cipherKeyVal: <Buffer 15 16 10 0c b4 54 e0 d0 c5 6e ab eb bc 54 26 91>,
  macKeyVal: <Buffer 97 23 c0 3f 74 72 99 5c b3 b8 0c 1f 2a 70 ba 64 97 b5 39 5c 6d 73 ed 60 11 30 a0 b7 3c 09 99 9f>,
  absValidity: 2018-03-22T01:49:03.530Z,
  relValidity: 7200000 }
options
{ serverHost: '10.0.1.26',
  serverPort: 22100,
  sessionKey: 
   { id: 50200705,
     cipherKeyVal: <Buffer 15 16 10 0c b4 54 e0 d0 c5 6e ab eb bc 54 26 91>,
     macKeyVal: <Buffer 97 23 c0 3f 74 72 99 5c b3 b8 0c 1f 2a 70 ba 64 97 b5 39 5c 6d 73 ed 60 11 30 a0 b7 3c 09 99 9f>,
     absValidity: 2018-03-22T01:49:03.530Z,
     relValidity: 7200000 },
  sessionCryptoSpec: { cipher: 'AES-128-CBC', mac: 'SHA256' },
  sessionProtocol: 'TCP',
  handshakeTimeout: 50000 }
Handler: Error in secure comm - details: Comm init failed: Error in comm init - details: Error: connect ECONNREFUSED 10.0.1.26:22100
disconnected from auth
