changing working directory to: /home/hokeunkim/Development/iotauth/entity/node/example_entities
loading from config file: /home/hokeunkim/Development/iotauth_experiments/experiments/ccs2017/expOptions/expEntity.option
Experimental options for echoServer: { autoSendPeriod: 60000,
  useSameSessionKeyCount: 1,
  connectionTimeout: 50000,
  migrationEnabled: true,
  authFailureThreshold: 2,
  migrationFailureThreshold: 2 }
loading from config file: /home/hokeunkim/Development/iotauth/entity/node/example_entities/configs/Servers/s505.config
initializing secure comm server...
Session protocol: TCP
current parameters: { migrationEnabled: true,
  authFailureThreshold: 3,
  migrationFailureThreshold: 3 }
current parameters: { migrationEnabled: true,
  authFailureThreshold: 2,
  migrationFailureThreshold: 3 }
current parameters: { migrationEnabled: true,
  authFailureThreshold: 2,
  migrationFailureThreshold: 2 }
current entityInfo: { name: 's505',
  group: 'Servers',
  distProtocol: 'TCP',
  usePermanentDistKey: false,
  connectionTimeout: 50000,
  privateKey: <Buffer 2d 2d 2d 2d 2d 42 45 47 49 4e 20 52 53 41 20 50 52 49 56 41 54 45 20 4b 45 59 2d 2d 2d 2d 2d 0a 4d 49 49 45 70 41 49 42 41 41 4b 43 41 51 45 41 71 79 ... > }
Handler: listening on port 22100
s505:Servers prompt>
Unidentified client connected
received session key handshake1
switching to HANDSHAKE_1_RECEIVED state.
session key id: 50100486
session key NOT found! sending session key id to AuthService
Distribution protocol: TCP
connected to auth! from local port 33560
received auth hello!
{ authId: 501, nonce: <Buffer 0a 41 3c 51 1f 0a 9e a0> }
received session key response with distribution key attached!
auth signature verified
replyNonce in sessionKeyResp: <Buffer 5a 2f f1 ae 76 f3 9b 8a>
auth nonce verified
handleSessionKeyResp: session key request succeeded! authFailureCount: 0
updating distribution key: { cipherKeyVal: <Buffer b0 9b 1f 41 78 07 55 72 ae 2e a1 03 44 9b fa eb>,
  macKeyVal: <Buffer c6 2b 25 e7 3f b7 41 2c 44 a0 e9 31 96 97 81 cb 55 ef 8a 58 d5 c8 dd da d8 96 2a fd 78 c4 fe a6>,
  absValidity: 2018-03-21T06:48:17.540Z }
received 1 keys
Session key id is as expected
server ret: [object Object]
chosen nonce: <Buffer 92 0d 1d db 90 4c 1e c2>
switching to HANDSHAKE_2_SENT
disconnected from auth
received session key handshake3!
{ replyNonce: <Buffer 92 0d 1d db 90 4c 1e c2> }
client authenticated/authorized by solving nonce!
switching to IN_COMM
Handler: secure connection with the client established.
{ id: 0,
  remoteAddress: '::ffff:10.0.1.68:32846',
  status: 'open' }
received secure communication!
Received seqNum: 0
data received from server via secure communication
Handler: socketID: 0 data: data1
toSend: { data: <Buffer 64 61 74 61 31>, id: 0 }
specified socketID: 0
Unidentified client connected
received session key handshake1
switching to HANDSHAKE_1_RECEIVED state.
session key id: 50100487
session key NOT found! sending session key id to AuthService
Distribution protocol: TCP
connected to auth! from local port 33572
received auth hello!
{ authId: 501, nonce: <Buffer 0f 52 c1 3a 38 d2 fd 91> }
received session key response encrypted with distribution key
replyNonce in sessionKeyResp: <Buffer 3a 54 83 b2 3d bf 48 b6>
auth nonce verified
handleSessionKeyResp: session key request succeeded! authFailureCount: 0
received 1 keys
Session key id is as expected
server ret: [object Object]
chosen nonce: <Buffer e9 f7 ef 61 2b 30 55 81>
switching to HANDSHAKE_2_SENT
received session key handshake3!
{ replyNonce: <Buffer e9 f7 ef 61 2b 30 55 81> }
client authenticated/authorized by solving nonce!
switching to IN_COMM
Handler: secure connection with the client established.
{ id: 1,
  remoteAddress: '::ffff:10.0.1.69:49750',
  status: 'open' }
disconnected from auth
received secure communication!
Received seqNum: 0
data received from server via secure communication
Handler: socketID: 1 data: data1
toSend: { data: <Buffer 64 61 74 61 31>, id: 1 }
specified socketID: 1
Unidentified client disconnected
Handler: secure connection with the client closed.
socket #0 closed
Unidentified client connected
received session key handshake1
switching to HANDSHAKE_1_RECEIVED state.
session key id: 50100494
session key NOT found! sending session key id to AuthService
Distribution protocol: TCP
connected to auth! from local port 33822
received auth hello!
{ authId: 501, nonce: <Buffer ba 95 52 31 cf 73 e7 a8> }
received session key response encrypted with distribution key
replyNonce in sessionKeyResp: <Buffer ec 26 7e e1 72 e5 60 95>
auth nonce verified
handleSessionKeyResp: session key request succeeded! authFailureCount: 0
received 1 keys
Session key id is as expected
server ret: [object Object]
chosen nonce: <Buffer 89 19 9c dc cf 22 f4 57>
switching to HANDSHAKE_2_SENT
disconnected from auth
received session key handshake3!
{ replyNonce: <Buffer 89 19 9c dc cf 22 f4 57> }
client authenticated/authorized by solving nonce!
switching to IN_COMM
Handler: secure connection with the client established.
{ id: 2,
  remoteAddress: '::ffff:10.0.1.68:33108',
  status: 'open' }
received secure communication!
Received seqNum: 0
data received from server via secure communication
Handler: socketID: 2 data: data1
toSend: { data: <Buffer 64 61 74 61 31>, id: 2 }
specified socketID: 2
Unidentified client disconnected
Handler: secure connection with the client closed.
socket #1 closed
Unidentified client connected
received session key handshake1
switching to HANDSHAKE_1_RECEIVED state.
session key id: 50100495
session key NOT found! sending session key id to AuthService
Distribution protocol: TCP
connected to auth! from local port 33840
received auth hello!
{ authId: 501, nonce: <Buffer 19 26 ae 54 4a 90 7a 3b> }
received session key response encrypted with distribution key
replyNonce in sessionKeyResp: <Buffer a5 9a 13 86 9b 9f 2f ea>
auth nonce verified
handleSessionKeyResp: session key request succeeded! authFailureCount: 0
received 1 keys
Session key id is as expected
server ret: [object Object]
chosen nonce: <Buffer 13 bd 9c 4c df 2c 97 39>
switching to HANDSHAKE_2_SENT
disconnected from auth
received session key handshake3!
{ replyNonce: <Buffer 13 bd 9c 4c df 2c 97 39> }
client authenticated/authorized by solving nonce!
switching to IN_COMM
Handler: secure connection with the client established.
{ id: 3,
  remoteAddress: '::ffff:10.0.1.69:50018',
  status: 'open' }
received secure communication!
Received seqNum: 0
data received from server via secure communication
Handler: socketID: 3 data: data1
toSend: { data: <Buffer 64 61 74 61 31>, id: 3 }
specified socketID: 3
Unidentified client disconnected
Handler: secure connection with the client closed.
socket #2 closed
Unidentified client connected
received session key handshake1
switching to HANDSHAKE_1_RECEIVED state.
session key id: 50100502
session key NOT found! sending session key id to AuthService
Distribution protocol: TCP
connected to auth! from local port 34092
received auth hello!
{ authId: 501, nonce: <Buffer 78 1d 90 d3 2e e8 58 ad> }
received session key response encrypted with distribution key
replyNonce in sessionKeyResp: <Buffer 0c 3f ac 46 30 51 83 0e>
auth nonce verified
handleSessionKeyResp: session key request succeeded! authFailureCount: 0
received 1 keys
Session key id is as expected
server ret: [object Object]
chosen nonce: <Buffer c0 eb 9d e5 8e 45 e6 8e>
switching to HANDSHAKE_2_SENT
disconnected from auth
received session key handshake3!
{ replyNonce: <Buffer c0 eb 9d e5 8e 45 e6 8e> }
client authenticated/authorized by solving nonce!
switching to IN_COMM
Handler: secure connection with the client established.
{ id: 4,
  remoteAddress: '::ffff:10.0.1.68:33378',
  status: 'open' }
received secure communication!
Received seqNum: 0
data received from server via secure communication
Handler: socketID: 4 data: data1
toSend: { data: <Buffer 64 61 74 61 31>, id: 4 }
specified socketID: 4
Unidentified client disconnected
Handler: secure connection with the client closed.
socket #3 closed
Unidentified client connected
received session key handshake1
switching to HANDSHAKE_1_RECEIVED state.
session key id: 50100503
session key NOT found! sending session key id to AuthService
Distribution protocol: TCP
connected to auth! from local port 34110
received auth hello!
{ authId: 501, nonce: <Buffer 5f 53 6c 0d 6b b9 3e 2e> }
received session key response encrypted with distribution key
replyNonce in sessionKeyResp: <Buffer 39 1e a7 f5 83 db e5 b9>
auth nonce verified
handleSessionKeyResp: session key request succeeded! authFailureCount: 0
received 1 keys
Session key id is as expected
server ret: [object Object]
chosen nonce: <Buffer 51 76 0b 6b ec d7 45 e1>
switching to HANDSHAKE_2_SENT
disconnected from auth
received session key handshake3!
{ replyNonce: <Buffer 51 76 0b 6b ec d7 45 e1> }
client authenticated/authorized by solving nonce!
switching to IN_COMM
Handler: secure connection with the client established.
{ id: 5,
  remoteAddress: '::ffff:10.0.1.69:50288',
  status: 'open' }
received secure communication!
Received seqNum: 0
data received from server via secure communication
Handler: socketID: 5 data: data1
toSend: { data: <Buffer 64 61 74 61 31>, id: 5 }
specified socketID: 5
Unidentified client disconnected
Handler: secure connection with the client closed.
socket #4 closed
Unidentified client connected
received session key handshake1
switching to HANDSHAKE_1_RECEIVED state.
session key id: 50100510
session key NOT found! sending session key id to AuthService
Distribution protocol: TCP
connected to auth! from local port 34362
received auth hello!
{ authId: 501, nonce: <Buffer 55 ac f4 19 0e 84 25 6f> }
received session key response encrypted with distribution key
replyNonce in sessionKeyResp: <Buffer f3 f4 13 8b a3 f6 e0 06>
auth nonce verified
handleSessionKeyResp: session key request succeeded! authFailureCount: 0
received 1 keys
Session key id is as expected
server ret: [object Object]
chosen nonce: <Buffer 1e f2 55 a6 38 cd 82 5c>
switching to HANDSHAKE_2_SENT
disconnected from auth
received session key handshake3!
{ replyNonce: <Buffer 1e f2 55 a6 38 cd 82 5c> }
client authenticated/authorized by solving nonce!
switching to IN_COMM
Handler: secure connection with the client established.
{ id: 6,
  remoteAddress: '::ffff:10.0.1.68:33648',
  status: 'open' }
received secure communication!
Received seqNum: 0
data received from server via secure communication
Handler: socketID: 6 data: data1
toSend: { data: <Buffer 64 61 74 61 31>, id: 6 }
specified socketID: 6
Unidentified client disconnected
Handler: secure connection with the client closed.
socket #5 closed
Unidentified client connected
received session key handshake1
switching to HANDSHAKE_1_RECEIVED state.
session key id: 50100511
session key NOT found! sending session key id to AuthService
Distribution protocol: TCP
connected to auth! from local port 34378
received auth hello!
{ authId: 501, nonce: <Buffer 4e 68 c7 a5 af d1 c0 97> }
received session key response encrypted with distribution key
replyNonce in sessionKeyResp: <Buffer 1b ca f2 a1 21 77 55 94>
auth nonce verified
handleSessionKeyResp: session key request succeeded! authFailureCount: 0
received 1 keys
Session key id is as expected
server ret: [object Object]
chosen nonce: <Buffer 23 a4 7e 3a b9 58 e0 06>
switching to HANDSHAKE_2_SENT
disconnected from auth
received session key handshake3!
{ replyNonce: <Buffer 23 a4 7e 3a b9 58 e0 06> }
client authenticated/authorized by solving nonce!
switching to IN_COMM
Handler: secure connection with the client established.
{ id: 7,
  remoteAddress: '::ffff:10.0.1.69:50554',
  status: 'open' }
received secure communication!
Received seqNum: 0
data received from server via secure communication
Handler: socketID: 7 data: data1
toSend: { data: <Buffer 64 61 74 61 31>, id: 7 }
specified socketID: 7
Unidentified client disconnected
Handler: secure connection with the client closed.
socket #6 closed
Unidentified client connected
received session key handshake1
switching to HANDSHAKE_1_RECEIVED state.
session key id: 50100518
session key NOT found! sending session key id to AuthService
Distribution protocol: TCP
connected to auth! from local port 34632
received auth hello!
{ authId: 501, nonce: <Buffer 83 6a e4 e6 00 ce 83 53> }
received session key response encrypted with distribution key
replyNonce in sessionKeyResp: <Buffer e1 27 0f c5 15 8e 07 26>
auth nonce verified
handleSessionKeyResp: session key request succeeded! authFailureCount: 0
received 1 keys
Session key id is as expected
server ret: [object Object]
chosen nonce: <Buffer 08 cc cd fa 2f 05 6e 6b>
switching to HANDSHAKE_2_SENT
disconnected from auth
received session key handshake3!
{ replyNonce: <Buffer 08 cc cd fa 2f 05 6e 6b> }
client authenticated/authorized by solving nonce!
switching to IN_COMM
Handler: secure connection with the client established.
{ id: 8,
  remoteAddress: '::ffff:10.0.1.68:33918',
  status: 'open' }
received secure communication!
Received seqNum: 0
data received from server via secure communication
Handler: socketID: 8 data: data1
toSend: { data: <Buffer 64 61 74 61 31>, id: 8 }
specified socketID: 8
Unidentified client disconnected
Handler: secure connection with the client closed.
socket #7 closed
Unidentified client connected
received session key handshake1
switching to HANDSHAKE_1_RECEIVED state.
session key id: 50100519
session key NOT found! sending session key id to AuthService
Distribution protocol: TCP
connected to auth! from local port 34648
received auth hello!
{ authId: 501, nonce: <Buffer 91 26 38 a5 89 f6 97 3b> }
received session key response encrypted with distribution key
replyNonce in sessionKeyResp: <Buffer 78 8a b5 b0 a4 59 30 82>
auth nonce verified
handleSessionKeyResp: session key request succeeded! authFailureCount: 0
received 1 keys
Session key id is as expected
server ret: [object Object]
chosen nonce: <Buffer 8b 7d 81 3a b2 1c 07 1f>
switching to HANDSHAKE_2_SENT
disconnected from auth
received session key handshake3!
{ replyNonce: <Buffer 8b 7d 81 3a b2 1c 07 1f> }
client authenticated/authorized by solving nonce!
switching to IN_COMM
Handler: secure connection with the client established.
{ id: 9,
  remoteAddress: '::ffff:10.0.1.69:50824',
  status: 'open' }
received secure communication!
Received seqNum: 0
data received from server via secure communication
Handler: socketID: 9 data: data1
toSend: { data: <Buffer 64 61 74 61 31>, id: 9 }
specified socketID: 9
Unidentified client disconnected
Handler: secure connection with the client closed.
socket #8 closed
Unidentified client connected
received session key handshake1
switching to HANDSHAKE_1_RECEIVED state.
session key id: 50100526
session key NOT found! sending session key id to AuthService
Distribution protocol: TCP
connected to auth! from local port 34902
received auth hello!
{ authId: 501, nonce: <Buffer 9b 80 e5 c0 e8 e5 f1 79> }
received session key response encrypted with distribution key
replyNonce in sessionKeyResp: <Buffer 02 e4 3e 01 b1 e4 d3 e5>
auth nonce verified
handleSessionKeyResp: session key request succeeded! authFailureCount: 0
received 1 keys
Session key id is as expected
server ret: [object Object]
chosen nonce: <Buffer 81 ec ce 70 b6 73 85 98>
switching to HANDSHAKE_2_SENT
disconnected from auth
received session key handshake3!
{ replyNonce: <Buffer 81 ec ce 70 b6 73 85 98> }
client authenticated/authorized by solving nonce!
switching to IN_COMM
Handler: secure connection with the client established.
{ id: 10,
  remoteAddress: '::ffff:10.0.1.68:34188',
  status: 'open' }
received secure communication!
Received seqNum: 0
data received from server via secure communication
Handler: socketID: 10 data: data1
toSend: { data: <Buffer 64 61 74 61 31>, id: 10 }
specified socketID: 10
Unidentified client disconnected
Handler: secure connection with the client closed.
socket #9 closed
Unidentified client connected
received session key handshake1
switching to HANDSHAKE_1_RECEIVED state.
session key id: 50100527
session key NOT found! sending session key id to AuthService
Distribution protocol: TCP
connected to auth! from local port 34920
received auth hello!
{ authId: 501, nonce: <Buffer 06 aa c4 b4 c2 c5 6e 29> }
received session key response encrypted with distribution key
replyNonce in sessionKeyResp: <Buffer ad 49 ad 2f a6 b7 e1 1f>
auth nonce verified
handleSessionKeyResp: session key request succeeded! authFailureCount: 0
received 1 keys
Session key id is as expected
server ret: [object Object]
chosen nonce: <Buffer 0d 92 dd 50 40 8f a2 fb>
switching to HANDSHAKE_2_SENT
received session key handshake3!
{ replyNonce: <Buffer 0d 92 dd 50 40 8f a2 fb> }
client authenticated/authorized by solving nonce!
switching to IN_COMM
Handler: secure connection with the client established.
{ id: 11,
  remoteAddress: '::ffff:10.0.1.69:51098',
  status: 'open' }
disconnected from auth
received secure communication!
Received seqNum: 0
data received from server via secure communication
Handler: socketID: 11 data: data1
toSend: { data: <Buffer 64 61 74 61 31>, id: 11 }
specified socketID: 11
Unidentified client disconnected
Handler: secure connection with the client closed.
socket #10 closed
Unidentified client connected
received session key handshake1
switching to HANDSHAKE_1_RECEIVED state.
session key id: 50100534
session key NOT found! sending session key id to AuthService
Distribution protocol: TCP
connected to auth! from local port 35172
received auth hello!
{ authId: 501, nonce: <Buffer ba 87 56 c2 89 bc 34 13> }
received session key response encrypted with distribution key
replyNonce in sessionKeyResp: <Buffer 19 9d ab a4 6b 86 71 0a>
auth nonce verified
handleSessionKeyResp: session key request succeeded! authFailureCount: 0
received 1 keys
Session key id is as expected
server ret: [object Object]
chosen nonce: <Buffer 5d af fb 00 19 9a 0f 9b>
switching to HANDSHAKE_2_SENT
disconnected from auth
received session key handshake3!
{ replyNonce: <Buffer 5d af fb 00 19 9a 0f 9b> }
client authenticated/authorized by solving nonce!
switching to IN_COMM
Handler: secure connection with the client established.
{ id: 12,
  remoteAddress: '::ffff:10.0.1.68:34458',
  status: 'open' }
received secure communication!
Received seqNum: 0
data received from server via secure communication
Handler: socketID: 12 data: data1
toSend: { data: <Buffer 64 61 74 61 31>, id: 12 }
specified socketID: 12
Unidentified client disconnected
Handler: secure connection with the client closed.
socket #11 closed
Unidentified client connected
received session key handshake1
switching to HANDSHAKE_1_RECEIVED state.
session key id: 50100535
session key NOT found! sending session key id to AuthService
Distribution protocol: TCP
connected to auth! from local port 35186
received auth hello!
{ authId: 501, nonce: <Buffer 39 21 d0 a3 a5 20 15 79> }
received session key response encrypted with distribution key
replyNonce in sessionKeyResp: <Buffer e7 e1 65 0c dd fa 10 36>
auth nonce verified
handleSessionKeyResp: session key request succeeded! authFailureCount: 0
received 1 keys
Session key id is as expected
server ret: [object Object]
chosen nonce: <Buffer 76 d0 99 19 c0 d3 95 7b>
switching to HANDSHAKE_2_SENT
received session key handshake3!
{ replyNonce: <Buffer 76 d0 99 19 c0 d3 95 7b> }
client authenticated/authorized by solving nonce!
switching to IN_COMM
Handler: secure connection with the client established.
{ id: 13,
  remoteAddress: '::ffff:10.0.1.69:51364',
  status: 'open' }
disconnected from auth
received secure communication!
Received seqNum: 0
data received from server via secure communication
Handler: socketID: 13 data: data1
toSend: { data: <Buffer 64 61 74 61 31>, id: 13 }
specified socketID: 13
Unidentified client disconnected
Handler: secure connection with the client closed.
socket #12 closed
Unidentified client connected
received session key handshake1
switching to HANDSHAKE_1_RECEIVED state.
session key id: 40300397
session key NOT found! sending session key id to AuthService
Distribution protocol: TCP
Unidentified client disconnected
Handler: secure connection with the client closed.
socket #13 closed
failure in connection with Auth : authFailureCount: 1
Handler: Error in server - details: Error occurred in session key request: Error: connect EHOSTUNREACH 10.0.1.4:21100
Unidentified client connected
received session key handshake1
switching to HANDSHAKE_1_RECEIVED state.
session key id: 40300398
session key NOT found! sending session key id to AuthService
Distribution protocol: TCP
Handler: Error in server - details: handshake2 timed out...
failure in connection with Auth : authFailureCount: 2
failure count reached threshold (2), try migration...
In iotAuth.js migrateToTrustedAuth: 
In iotAuthService.js sendMigrationReqViaTCP: 
Handler: Error in server - details: Error occurred in session key request: Error: connect EHOSTUNREACH 10.0.1.4:21100
connected to auth! from local port 40716
received auth hello!
{ authId: 403, nonce: <Buffer 1c a7 d1 22 e8 8d 1a 34> }
more data will come. current: 1445 expected: 1485
received migration response with signature!
{ version: 2,
  subject: 
   { countryName: 'US',
     stateOrProvinceName: 'CA',
     localityName: 'Berkeley',
     organizationName: 'EECS',
     organizationalUnitName: 'Auth403',
     commonName: '10.0.1.3' },
  issuer: 
   { countryName: 'US',
     stateOrProvinceName: 'CA',
     localityName: 'Berkeley',
     organizationName: 'EECS',
     organizationalUnitName: 'Auth501',
     commonName: '10.0.0.4' },
  serial: '016247178C54',
  notBefore: 2018-03-21T05:44:08.000Z,
  notAfter: 2018-03-22T05:45:48.000Z,
  subjectHash: 'f6675d02',
  signatureAlgorithm: 'sha256WithRSAEncryption',
  fingerPrint: '93:F5:B9:A8:BA:50:45:5B:22:49:3C:C7:38:E0:17:A4:7F:D5:C4:B4',
  publicKey: 
   { algorithm: 'rsaEncryption',
     e: '65537',
     n: 'C1AF2AC14B2F9392816EA88E782CC620B8F0D9E9DF6104EF1AF7999CEFD8A2AEFC535AEE32C8AC2DEEF8D8C3E1D186A9573F54B742E50E789C1A1BEE9249B9F4B3FC8821417A35131B1D3A5EA5C25715102E5B23A1D99A36E95F8737CF107DA75A7C3ED9B39BC6B81E16A95865D4AFE6338ED606A7AC25BC3DD385B313915D9B4CC716C41035CE9F3D7C05EE7B6FA15F93F6F65703A9AE169B5AF8DF9E6CFCA863F962EF8A45E8AE4DFCE5E01A3DD5E9294C309F59829BE396D2E5638A3288C3B2B9AE54A576847BE786ACABDC946A06B02895771675ADE4537E87BC980D9456CB3777B9C475C1405AE6C01B6C37AC672A3C28340090055170CAAE6720274ADD',
     bitSize: 2048 },
  altNames: [],
  extensions: { subjectAlternativeName: 'IP Address:10.0.1.3' } }
null
true
Certificate of new Auth is verified!
Subject information matches Auth ID!
Signature of new Auth is verified.
Auth nonce is verified
migration completed!
new Auth info: !
{ id: 403,
  host: '10.0.1.3',
  port: 21100,
  publicKey: '-----BEGIN CERTIFICATE-----\nMIIDVTCCAj2gAwIBAgIGAWJHF4xUMA0GCSqGSIb3DQEBCwUAMGExCzAJBgNVBAYT\nAlVTMQswCQYDVQQIDAJDQTERMA8GA1UEBwwIQmVya2VsZXkxDTALBgNVBAoMBEVF\nQ1MxEDAOBgNVBAsMB0F1dGg1MDExETAPBgNVBAMMCDEwLjAuMC40MB4XDTE4MDMy\nMTA1NDQwOFoXDTE4MDMyMjA1NDU0OFowYTELMAkGA1UEBhMCVVMxCzAJBgNVBAgM\nAkNBMREwDwYDVQQHDAhCZXJrZWxleTENMAsGA1UECgwERUVDUzEQMA4GA1UECwwH\nQXV0aDQwMzERMA8GA1UEAwwIMTAuMC4xLjMwggEiMA0GCSqGSIb3DQEBAQUAA4IB\nDwAwggEKAoIBAQDBryrBSy+TkoFuqI54LMYguPDZ6d9hBO8a95mc79iirvxTWu4y\nyKwt7vjYw+HRhqlXP1S3QuUOeJwaG+6SSbn0s/yIIUF6NRMbHTpepcJXFRAuWyOh\n2Zo26V+HN88QfadafD7Zs5vGuB4WqVhl1K/mM47WBqesJbw904WzE5Fdm0zHFsQQ\nNc6fPXwF7ntvoV+T9vZXA6muFpta+N+ebPyoY/li74pF6K5N/OXgGj3V6SlMMJ9Z\ngpvjltLlY4oyiMOyua5UpXaEe+eGrKvclGoGsCiVdxZ1reRTfoe8mA2UVss3d7nE\ndcFAWubAG2w3rGcqPCg0AJAFUXDKrmcgJ0rdAgMBAAGjEzARMA8GA1UdEQQIMAaH\nBAoAAQMwDQYJKoZIhvcNAQELBQADggEBADyUrzxyzkZEjFF5v/R9vJ8l8u5d0w6V\n/8AjHTdLk98X0PDQ2897hP9leASyAbTzxodgkNjIHhnmPMlRnv9GTCCuw1lOVNXG\nQqE7z6po6o343o60xOEe3MC4vyHQIQ7LPvc4enGSobtgJ+1FtqcTlBsM/H22eruW\nbrkpbFoYOA4YsLkNFW0sLSWAYbcQ31ObIULCYPq4k/njmRAEo0a8KqykS4WUliJ2\nxDzptcok8GKJ6cqDQED1DzvOsyx7GdRJzKl3YKuoI89ca3ZMtfM5QzxAluYQEl25\n2a+EcUUW/IX2BYclLP3QPcpQh1FZOsyxnf7pOuAu+RvNk4uZrXxICa0=\n-----END CERTIFICATE-----' }
received migration response, for next round of migration, rotate migration info index from: 0
to: 1
disconnected from auth
Handler: Error in server - details: handshake2 timed out...
Unidentified client disconnected
Handler: Error in server - details: Closed during comm init from undefined:undefined
Handler: Error in server - details: Auth hello timedout ...
Unidentified client disconnected
Handler: Error in server - details: Closed during comm init from undefined:undefined
Handler: Error in server - details: Auth hello timedout ...
Unidentified client connected
received session key handshake1
switching to HANDSHAKE_1_RECEIVED state.
session key id: 40300408
session key NOT found! sending session key id to AuthService
Distribution protocol: TCP
connected to auth! from local port 40958
received auth hello!
{ authId: 403, nonce: <Buffer d9 b7 52 6c 78 1d 31 e7> }
received session key response with distribution key attached!
auth signature verified
replyNonce in sessionKeyResp: <Buffer 5f c2 dd 98 ec a2 e4 2a>
auth nonce verified
handleSessionKeyResp: session key request succeeded! authFailureCount: 0
updating distribution key: { cipherKeyVal: <Buffer a2 f3 1a a6 f0 dd 90 34 f9 22 38 3e 74 4c 7e c2>,
  macKeyVal: <Buffer e8 f8 6b be 46 59 b0 10 ac 68 0a e0 5f cb df 91 ba 84 53 98 fc 34 54 e8 d1 ca 85 d1 3f b8 0f 57>,
  absValidity: 2018-03-21T06:58:18.122Z }
received 1 keys
Session key id is as expected
server ret: [object Object]
chosen nonce: <Buffer 1f b6 9d bb c9 00 aa 52>
switching to HANDSHAKE_2_SENT
received session key handshake3!
{ replyNonce: <Buffer 1f b6 9d bb c9 00 aa 52> }
client authenticated/authorized by solving nonce!
switching to IN_COMM
Handler: secure connection with the client established.
{ id: 14,
  remoteAddress: '::ffff:10.0.1.68:35414',
  status: 'open' }
disconnected from auth
received secure communication!
Received seqNum: 0
data received from server via secure communication
Handler: socketID: 14 data: data1
toSend: { data: <Buffer 64 61 74 61 31>, id: 14 }
specified socketID: 14
Unidentified client connected
received session key handshake1
switching to HANDSHAKE_1_RECEIVED state.
session key id: 40300409
session key NOT found! sending session key id to AuthService
Distribution protocol: TCP
connected to auth! from local port 40976
received auth hello!
{ authId: 403, nonce: <Buffer 01 89 97 1d 70 c3 8d 37> }
received session key response encrypted with distribution key
replyNonce in sessionKeyResp: <Buffer 0d 0f ef 55 d0 aa a4 a1>
auth nonce verified
handleSessionKeyResp: session key request succeeded! authFailureCount: 0
received 1 keys
Session key id is as expected
server ret: [object Object]
chosen nonce: <Buffer 9b eb e3 08 13 bc 6a b7>
switching to HANDSHAKE_2_SENT
disconnected from auth
received session key handshake3!
{ replyNonce: <Buffer 9b eb e3 08 13 bc 6a b7> }
client authenticated/authorized by solving nonce!
switching to IN_COMM
Handler: secure connection with the client established.
{ id: 15,
  remoteAddress: '::ffff:10.0.1.69:52324',
  status: 'open' }
received secure communication!
Received seqNum: 0
data received from server via secure communication
Handler: socketID: 15 data: data1
toSend: { data: <Buffer 64 61 74 61 31>, id: 15 }
specified socketID: 15
Unidentified client disconnected
Handler: secure connection with the client closed.
socket #14 closed
Unidentified client connected
received session key handshake1
switching to HANDSHAKE_1_RECEIVED state.
session key id: 40300419
session key NOT found! sending session key id to AuthService
Distribution protocol: TCP
connected to auth! from local port 41246
received auth hello!
{ authId: 403, nonce: <Buffer 41 bf 0d 48 e3 b5 d9 e8> }
received session key response encrypted with distribution key
replyNonce in sessionKeyResp: <Buffer 79 7d 35 e3 86 e9 23 a0>
auth nonce verified
handleSessionKeyResp: session key request succeeded! authFailureCount: 0
received 1 keys
Session key id is as expected
server ret: [object Object]
chosen nonce: <Buffer 2e 11 b9 cb df 07 b0 45>
switching to HANDSHAKE_2_SENT
disconnected from auth
received session key handshake3!
{ replyNonce: <Buffer 2e 11 b9 cb df 07 b0 45> }
client authenticated/authorized by solving nonce!
switching to IN_COMM
Handler: secure connection with the client established.
{ id: 16,
  remoteAddress: '::ffff:10.0.1.68:35700',
  status: 'open' }
received secure communication!
Received seqNum: 0
data received from server via secure communication
Handler: socketID: 16 data: data1
toSend: { data: <Buffer 64 61 74 61 31>, id: 16 }
specified socketID: 16
Unidentified client disconnected
Handler: secure connection with the client closed.
socket #15 closed
Unidentified client connected
received session key handshake1
switching to HANDSHAKE_1_RECEIVED state.
session key id: 40300420
session key NOT found! sending session key id to AuthService
Distribution protocol: TCP
connected to auth! from local port 41264
received auth hello!
{ authId: 403, nonce: <Buffer b2 8a 03 e6 21 81 31 bd> }
received session key response encrypted with distribution key
replyNonce in sessionKeyResp: <Buffer 09 02 2c af 75 e1 da 35>
auth nonce verified
handleSessionKeyResp: session key request succeeded! authFailureCount: 0
received 1 keys
Session key id is as expected
server ret: [object Object]
chosen nonce: <Buffer 34 bc 62 6d d6 89 ab d8>
switching to HANDSHAKE_2_SENT
disconnected from auth
received session key handshake3!
{ replyNonce: <Buffer 34 bc 62 6d d6 89 ab d8> }
client authenticated/authorized by solving nonce!
switching to IN_COMM
Handler: secure connection with the client established.
{ id: 17,
  remoteAddress: '::ffff:10.0.1.69:52612',
  status: 'open' }
received secure communication!
Received seqNum: 0
data received from server via secure communication
Handler: socketID: 17 data: data1
toSend: { data: <Buffer 64 61 74 61 31>, id: 17 }
specified socketID: 17
Unidentified client disconnected
Handler: secure connection with the client closed.
socket #16 closed
Unidentified client connected
received session key handshake1
switching to HANDSHAKE_1_RECEIVED state.
session key id: 40300430
session key NOT found! sending session key id to AuthService
Distribution protocol: TCP
connected to auth! from local port 41506
received auth hello!
{ authId: 403, nonce: <Buffer 6f ba d5 4a d9 43 f2 e7> }
received session key response encrypted with distribution key
replyNonce in sessionKeyResp: <Buffer d4 1c c6 85 79 03 37 d7>
auth nonce verified
handleSessionKeyResp: session key request succeeded! authFailureCount: 0
received 1 keys
Session key id is as expected
server ret: [object Object]
chosen nonce: <Buffer a6 53 a0 9c 4e fb 1c 5f>
switching to HANDSHAKE_2_SENT
disconnected from auth
received session key handshake3!
{ replyNonce: <Buffer a6 53 a0 9c 4e fb 1c 5f> }
client authenticated/authorized by solving nonce!
switching to IN_COMM
Handler: secure connection with the client established.
{ id: 18,
  remoteAddress: '::ffff:10.0.1.68:35962',
  status: 'open' }
received secure communication!
Received seqNum: 0
data received from server via secure communication
Handler: socketID: 18 data: data1
toSend: { data: <Buffer 64 61 74 61 31>, id: 18 }
specified socketID: 18
Unidentified client disconnected
Handler: secure connection with the client closed.
socket #17 closed
Unidentified client connected
received session key handshake1
switching to HANDSHAKE_1_RECEIVED state.
session key id: 40300431
session key NOT found! sending session key id to AuthService
Distribution protocol: TCP
connected to auth! from local port 41524
received auth hello!
{ authId: 403, nonce: <Buffer c9 95 41 b3 81 cd 95 04> }
received session key response encrypted with distribution key
replyNonce in sessionKeyResp: <Buffer 08 cb 28 a0 69 31 10 3e>
auth nonce verified
handleSessionKeyResp: session key request succeeded! authFailureCount: 0
received 1 keys
Session key id is as expected
server ret: [object Object]
chosen nonce: <Buffer a2 66 0d 39 37 a0 5e 74>
switching to HANDSHAKE_2_SENT
disconnected from auth
received session key handshake3!
{ replyNonce: <Buffer a2 66 0d 39 37 a0 5e 74> }
client authenticated/authorized by solving nonce!
switching to IN_COMM
Handler: secure connection with the client established.
{ id: 19,
  remoteAddress: '::ffff:10.0.1.69:52872',
  status: 'open' }
received secure communication!
Received seqNum: 0
data received from server via secure communication
Handler: socketID: 19 data: data1
toSend: { data: <Buffer 64 61 74 61 31>, id: 19 }
specified socketID: 19
Unidentified client disconnected
Handler: secure connection with the client closed.
socket #18 closed
Unidentified client connected
received session key handshake1
switching to HANDSHAKE_1_RECEIVED state.
session key id: 40300441
session key NOT found! sending session key id to AuthService
Distribution protocol: TCP
connected to auth! from local port 41772
received auth hello!
{ authId: 403, nonce: <Buffer d7 0c 39 55 54 b9 dc cb> }
received session key response encrypted with distribution key
replyNonce in sessionKeyResp: <Buffer 97 e1 6a 07 4f cf e2 5d>
auth nonce verified
handleSessionKeyResp: session key request succeeded! authFailureCount: 0
received 1 keys
Session key id is as expected
server ret: [object Object]
chosen nonce: <Buffer dc 73 65 cb 5b ec 01 b4>
switching to HANDSHAKE_2_SENT
disconnected from auth
received session key handshake3!
{ replyNonce: <Buffer dc 73 65 cb 5b ec 01 b4> }
client authenticated/authorized by solving nonce!
switching to IN_COMM
Handler: secure connection with the client established.
{ id: 20,
  remoteAddress: '::ffff:10.0.1.68:36228',
  status: 'open' }
received secure communication!
Received seqNum: 0
data received from server via secure communication
Handler: socketID: 20 data: data1
toSend: { data: <Buffer 64 61 74 61 31>, id: 20 }
specified socketID: 20
Unidentified client disconnected
Handler: secure connection with the client closed.
socket #19 closed
Unidentified client connected
received session key handshake1
switching to HANDSHAKE_1_RECEIVED state.
session key id: 40300442
session key NOT found! sending session key id to AuthService
Distribution protocol: TCP
connected to auth! from local port 41800
received auth hello!
{ authId: 403, nonce: <Buffer e3 ac 82 6d 71 a9 10 4c> }
received session key response encrypted with distribution key
replyNonce in sessionKeyResp: <Buffer d0 70 3a d0 d7 c8 95 6c>
auth nonce verified
handleSessionKeyResp: session key request succeeded! authFailureCount: 0
received 1 keys
Session key id is as expected
server ret: [object Object]
chosen nonce: <Buffer 0b 87 0d f1 e4 66 7c 63>
switching to HANDSHAKE_2_SENT
disconnected from auth
received session key handshake3!
{ replyNonce: <Buffer 0b 87 0d f1 e4 66 7c 63> }
client authenticated/authorized by solving nonce!
switching to IN_COMM
Handler: secure connection with the client established.
{ id: 21,
  remoteAddress: '::ffff:10.0.1.69:53144',
  status: 'open' }
received secure communication!
Received seqNum: 0
data received from server via secure communication
Handler: socketID: 21 data: data1
toSend: { data: <Buffer 64 61 74 61 31>, id: 21 }
specified socketID: 21
Unidentified client disconnected
Handler: secure connection with the client closed.
socket #20 closed
Unidentified client connected
received session key handshake1
switching to HANDSHAKE_1_RECEIVED state.
session key id: 40300452
session key NOT found! sending session key id to AuthService
Distribution protocol: TCP
connected to auth! from local port 42042
received auth hello!
{ authId: 403, nonce: <Buffer 10 d4 81 af 54 b2 2b 53> }
received session key response encrypted with distribution key
replyNonce in sessionKeyResp: <Buffer 44 80 0e 19 87 e8 91 16>
auth nonce verified
handleSessionKeyResp: session key request succeeded! authFailureCount: 0
received 1 keys
Session key id is as expected
server ret: [object Object]
chosen nonce: <Buffer 4e 6f 1a bb 46 dc e2 b0>
switching to HANDSHAKE_2_SENT
disconnected from auth
received session key handshake3!
{ replyNonce: <Buffer 4e 6f 1a bb 46 dc e2 b0> }
client authenticated/authorized by solving nonce!
switching to IN_COMM
Handler: secure connection with the client established.
{ id: 22,
  remoteAddress: '::ffff:10.0.1.68:36498',
  status: 'open' }
received secure communication!
Received seqNum: 0
data received from server via secure communication
Handler: socketID: 22 data: data1
toSend: { data: <Buffer 64 61 74 61 31>, id: 22 }
specified socketID: 22
Unidentified client disconnected
Handler: secure connection with the client closed.
socket #21 closed
Unidentified client connected
received session key handshake1
switching to HANDSHAKE_1_RECEIVED state.
session key id: 40300453
session key NOT found! sending session key id to AuthService
Distribution protocol: TCP
connected to auth! from local port 42056
received auth hello!
{ authId: 403, nonce: <Buffer a8 33 47 1a bd 1e 42 92> }
received session key response encrypted with distribution key
replyNonce in sessionKeyResp: <Buffer 1a 98 8c c1 ca 7e 65 4f>
auth nonce verified
handleSessionKeyResp: session key request succeeded! authFailureCount: 0
received 1 keys
Session key id is as expected
server ret: [object Object]
chosen nonce: <Buffer 82 7b 0a 68 dc e2 f5 8d>
switching to HANDSHAKE_2_SENT
disconnected from auth
received session key handshake3!
{ replyNonce: <Buffer 82 7b 0a 68 dc e2 f5 8d> }
client authenticated/authorized by solving nonce!
switching to IN_COMM
Handler: secure connection with the client established.
{ id: 23,
  remoteAddress: '::ffff:10.0.1.69:53404',
  status: 'open' }
received secure communication!
Received seqNum: 0
data received from server via secure communication
Handler: socketID: 23 data: data1
toSend: { data: <Buffer 64 61 74 61 31>, id: 23 }
specified socketID: 23
Unidentified client disconnected
Handler: secure connection with the client closed.
socket #22 closed
Unidentified client connected
received session key handshake1
switching to HANDSHAKE_1_RECEIVED state.
session key id: 40300463
session key NOT found! sending session key id to AuthService
Distribution protocol: TCP
connected to auth! from local port 42308
received auth hello!
{ authId: 403, nonce: <Buffer 67 17 f3 61 d6 1a 49 2b> }
received session key response encrypted with distribution key
replyNonce in sessionKeyResp: <Buffer d2 f7 31 95 96 82 20 50>
auth nonce verified
handleSessionKeyResp: session key request succeeded! authFailureCount: 0
received 1 keys
Session key id is as expected
server ret: [object Object]
chosen nonce: <Buffer 97 2e 5d 16 1b ff 36 79>
switching to HANDSHAKE_2_SENT
disconnected from auth
received session key handshake3!
{ replyNonce: <Buffer 97 2e 5d 16 1b ff 36 79> }
client authenticated/authorized by solving nonce!
switching to IN_COMM
Handler: secure connection with the client established.
{ id: 24,
  remoteAddress: '::ffff:10.0.1.68:36764',
  status: 'open' }
received secure communication!
Received seqNum: 0
data received from server via secure communication
Handler: socketID: 24 data: data1
toSend: { data: <Buffer 64 61 74 61 31>, id: 24 }
specified socketID: 24
Unidentified client disconnected
Handler: secure connection with the client closed.
socket #23 closed
Unidentified client connected
received session key handshake1
switching to HANDSHAKE_1_RECEIVED state.
session key id: 40300464
session key NOT found! sending session key id to AuthService
Distribution protocol: TCP
connected to auth! from local port 42322
received auth hello!
{ authId: 403, nonce: <Buffer d7 a7 76 54 63 3a ab c6> }
received session key response encrypted with distribution key
replyNonce in sessionKeyResp: <Buffer 47 1a 15 16 bd a3 63 39>
auth nonce verified
handleSessionKeyResp: session key request succeeded! authFailureCount: 0
received 1 keys
Session key id is as expected
server ret: [object Object]
chosen nonce: <Buffer 5e 7e fc 56 c8 62 fd c1>
switching to HANDSHAKE_2_SENT
disconnected from auth
received session key handshake3!
{ replyNonce: <Buffer 5e 7e fc 56 c8 62 fd c1> }
client authenticated/authorized by solving nonce!
switching to IN_COMM
Handler: secure connection with the client established.
{ id: 25,
  remoteAddress: '::ffff:10.0.1.69:53670',
  status: 'open' }
received secure communication!
Received seqNum: 0
data received from server via secure communication
Handler: socketID: 25 data: data1
toSend: { data: <Buffer 64 61 74 61 31>, id: 25 }
specified socketID: 25
Unidentified client disconnected
Handler: secure connection with the client closed.
socket #24 closed
Unidentified client connected
received session key handshake1
switching to HANDSHAKE_1_RECEIVED state.
session key id: 40300474
session key NOT found! sending session key id to AuthService
Distribution protocol: TCP
connected to auth! from local port 42574
received auth hello!
{ authId: 403, nonce: <Buffer 33 ab 10 17 18 f0 48 c1> }
received session key response encrypted with distribution key
replyNonce in sessionKeyResp: <Buffer 14 ed bb a5 53 5c 67 20>
auth nonce verified
handleSessionKeyResp: session key request succeeded! authFailureCount: 0
received 1 keys
Session key id is as expected
server ret: [object Object]
chosen nonce: <Buffer 63 43 5e b1 ed d0 37 2d>
switching to HANDSHAKE_2_SENT
received session key handshake3!
{ replyNonce: <Buffer 63 43 5e b1 ed d0 37 2d> }
client authenticated/authorized by solving nonce!
switching to IN_COMM
Handler: secure connection with the client established.
{ id: 26,
  remoteAddress: '::ffff:10.0.1.68:37030',
  status: 'open' }
disconnected from auth
received secure communication!
Received seqNum: 0
data received from server via secure communication
Handler: socketID: 26 data: data1
toSend: { data: <Buffer 64 61 74 61 31>, id: 26 }
specified socketID: 26
Unidentified client disconnected
Handler: secure connection with the client closed.
socket #25 closed
Unidentified client connected
received session key handshake1
switching to HANDSHAKE_1_RECEIVED state.
session key id: 40300475
session key NOT found! sending session key id to AuthService
Distribution protocol: TCP
connected to auth! from local port 42588
received auth hello!
{ authId: 403, nonce: <Buffer ad 95 1a 18 f4 4e d8 94> }
received session key response encrypted with distribution key
replyNonce in sessionKeyResp: <Buffer aa 60 46 cc 76 48 34 f5>
auth nonce verified
handleSessionKeyResp: session key request succeeded! authFailureCount: 0
received 1 keys
Session key id is as expected
server ret: [object Object]
chosen nonce: <Buffer d4 3a d0 36 c3 c8 9b 83>
switching to HANDSHAKE_2_SENT
disconnected from auth
received session key handshake3!
{ replyNonce: <Buffer d4 3a d0 36 c3 c8 9b 83> }
client authenticated/authorized by solving nonce!
switching to IN_COMM
Handler: secure connection with the client established.
{ id: 27,
  remoteAddress: '::ffff:10.0.1.69:53936',
  status: 'open' }
received secure communication!
Received seqNum: 0
data received from server via secure communication
Handler: socketID: 27 data: data1
toSend: { data: <Buffer 64 61 74 61 31>, id: 27 }
specified socketID: 27
Unidentified client disconnected
Handler: secure connection with the client closed.
socket #26 closed
Unidentified client connected
received session key handshake1
switching to HANDSHAKE_1_RECEIVED state.
session key id: 40300485
session key NOT found! sending session key id to AuthService
Distribution protocol: TCP
connected to auth! from local port 42840
received auth hello!
{ authId: 403, nonce: <Buffer 76 af c5 21 1c 78 ce d9> }
received session key response encrypted with distribution key
replyNonce in sessionKeyResp: <Buffer 4b 72 12 21 d0 8c 4c 2a>
auth nonce verified
handleSessionKeyResp: session key request succeeded! authFailureCount: 0
received 1 keys
Session key id is as expected
server ret: [object Object]
chosen nonce: <Buffer 31 62 d6 3d 10 e2 9e 8f>
switching to HANDSHAKE_2_SENT
disconnected from auth
received session key handshake3!
{ replyNonce: <Buffer 31 62 d6 3d 10 e2 9e 8f> }
client authenticated/authorized by solving nonce!
switching to IN_COMM
Handler: secure connection with the client established.
{ id: 28,
  remoteAddress: '::ffff:10.0.1.68:37296',
  status: 'open' }
received secure communication!
Received seqNum: 0
data received from server via secure communication
Handler: socketID: 28 data: data1
toSend: { data: <Buffer 64 61 74 61 31>, id: 28 }
specified socketID: 28
Unidentified client disconnected
Handler: secure connection with the client closed.
socket #27 closed
Unidentified client connected
received session key handshake1
switching to HANDSHAKE_1_RECEIVED state.
session key id: 40300486
session key NOT found! sending session key id to AuthService
Distribution protocol: TCP
connected to auth! from local port 42854
received auth hello!
{ authId: 403, nonce: <Buffer 17 cd eb e1 d0 de 67 6c> }
received session key response encrypted with distribution key
replyNonce in sessionKeyResp: <Buffer 2a 24 98 1a 89 54 5d 73>
auth nonce verified
handleSessionKeyResp: session key request succeeded! authFailureCount: 0
received 1 keys
Session key id is as expected
server ret: [object Object]
chosen nonce: <Buffer 75 45 03 00 0a ef c9 0f>
switching to HANDSHAKE_2_SENT
received session key handshake3!
{ replyNonce: <Buffer 75 45 03 00 0a ef c9 0f> }
client authenticated/authorized by solving nonce!
switching to IN_COMM
Handler: secure connection with the client established.
{ id: 29,
  remoteAddress: '::ffff:10.0.1.69:54202',
  status: 'open' }
disconnected from auth
received secure communication!
Received seqNum: 0
data received from server via secure communication
Handler: socketID: 29 data: data1
toSend: { data: <Buffer 64 61 74 61 31>, id: 29 }
specified socketID: 29
Unidentified client disconnected
Handler: secure connection with the client closed.
socket #28 closed
Unidentified client connected
received session key handshake1
switching to HANDSHAKE_1_RECEIVED state.
session key id: 40300496
session key NOT found! sending session key id to AuthService
Distribution protocol: TCP
connected to auth! from local port 43106
received auth hello!
{ authId: 403, nonce: <Buffer 6e 60 6e 94 0c 3e 04 c6> }
received session key response encrypted with distribution key
replyNonce in sessionKeyResp: <Buffer eb 2e 81 57 7a 56 a0 55>
auth nonce verified
handleSessionKeyResp: session key request succeeded! authFailureCount: 0
received 1 keys
Session key id is as expected
server ret: [object Object]
chosen nonce: <Buffer 47 0c 57 87 a1 41 e2 22>
switching to HANDSHAKE_2_SENT
received session key handshake3!
{ replyNonce: <Buffer 47 0c 57 87 a1 41 e2 22> }
client authenticated/authorized by solving nonce!
switching to IN_COMM
Handler: secure connection with the client established.
{ id: 30,
  remoteAddress: '::ffff:10.0.1.68:37562',
  status: 'open' }
disconnected from auth
received secure communication!
Received seqNum: 0
data received from server via secure communication
Handler: socketID: 30 data: data1
toSend: { data: <Buffer 64 61 74 61 31>, id: 30 }
specified socketID: 30
Unidentified client disconnected
Handler: secure connection with the client closed.
socket #29 closed
Unidentified client connected
received session key handshake1
switching to HANDSHAKE_1_RECEIVED state.
session key id: 40300497
session key NOT found! sending session key id to AuthService
Distribution protocol: TCP
connected to auth! from local port 43124
received auth hello!
{ authId: 403, nonce: <Buffer 0b 2c 14 3c c7 8b 9e 99> }
received session key response encrypted with distribution key
replyNonce in sessionKeyResp: <Buffer 8c c2 b3 ef 80 9d b9 5e>
auth nonce verified
handleSessionKeyResp: session key request succeeded! authFailureCount: 0
received 1 keys
Session key id is as expected
server ret: [object Object]
chosen nonce: <Buffer fc 77 fa 34 5f 6d 2f ac>
switching to HANDSHAKE_2_SENT
disconnected from auth
received session key handshake3!
{ replyNonce: <Buffer fc 77 fa 34 5f 6d 2f ac> }
client authenticated/authorized by solving nonce!
switching to IN_COMM
Handler: secure connection with the client established.
{ id: 31,
  remoteAddress: '::ffff:10.0.1.69:54472',
  status: 'open' }
received secure communication!
Received seqNum: 0
data received from server via secure communication
Handler: socketID: 31 data: data1
toSend: { data: <Buffer 64 61 74 61 31>, id: 31 }
specified socketID: 31
Unidentified client disconnected
Handler: secure connection with the client closed.
socket #30 closed
Unidentified client connected
received session key handshake1
switching to HANDSHAKE_1_RECEIVED state.
session key id: 40300507
session key NOT found! sending session key id to AuthService
Distribution protocol: TCP
connected to auth! from local port 43372
received auth hello!
{ authId: 403, nonce: <Buffer d9 f5 4e 37 c1 bc 25 fd> }
received session key response encrypted with distribution key
replyNonce in sessionKeyResp: <Buffer 68 69 76 7d b9 43 af 97>
auth nonce verified
handleSessionKeyResp: session key request succeeded! authFailureCount: 0
received 1 keys
Session key id is as expected
server ret: [object Object]
chosen nonce: <Buffer 0b a0 55 3e b2 39 dc 35>
switching to HANDSHAKE_2_SENT
disconnected from auth
received session key handshake3!
{ replyNonce: <Buffer 0b a0 55 3e b2 39 dc 35> }
client authenticated/authorized by solving nonce!
switching to IN_COMM
Handler: secure connection with the client established.
{ id: 32,
  remoteAddress: '::ffff:10.0.1.68:37828',
  status: 'open' }
received secure communication!
Received seqNum: 0
data received from server via secure communication
Handler: socketID: 32 data: data1
toSend: { data: <Buffer 64 61 74 61 31>, id: 32 }
specified socketID: 32
Unidentified client disconnected
Handler: secure connection with the client closed.
socket #31 closed
Unidentified client connected
received session key handshake1
switching to HANDSHAKE_1_RECEIVED state.
session key id: 40300508
session key NOT found! sending session key id to AuthService
Distribution protocol: TCP
connected to auth! from local port 43386
received auth hello!
{ authId: 403, nonce: <Buffer d8 51 40 f4 42 f7 34 29> }
received session key response encrypted with distribution key
replyNonce in sessionKeyResp: <Buffer c2 d6 8f cd 78 20 fe d6>
auth nonce verified
handleSessionKeyResp: session key request succeeded! authFailureCount: 0
received 1 keys
Session key id is as expected
server ret: [object Object]
chosen nonce: <Buffer 6e 2e 8e 8a 4f 34 3d 0a>
switching to HANDSHAKE_2_SENT
disconnected from auth
received session key handshake3!
{ replyNonce: <Buffer 6e 2e 8e 8a 4f 34 3d 0a> }
client authenticated/authorized by solving nonce!
switching to IN_COMM
Handler: secure connection with the client established.
{ id: 33,
  remoteAddress: '::ffff:10.0.1.69:54734',
  status: 'open' }
received secure communication!
Received seqNum: 0
data received from server via secure communication
Handler: socketID: 33 data: data1
toSend: { data: <Buffer 64 61 74 61 31>, id: 33 }
specified socketID: 33
Unidentified client disconnected
Handler: secure connection with the client closed.
socket #32 closed
Unidentified client connected
received session key handshake1
switching to HANDSHAKE_1_RECEIVED state.
session key id: 40300518
session key NOT found! sending session key id to AuthService
Distribution protocol: TCP
connected to auth! from local port 43638
received auth hello!
{ authId: 403, nonce: <Buffer 73 60 6f 43 54 5b a0 59> }
received session key response encrypted with distribution key
replyNonce in sessionKeyResp: <Buffer ba 38 54 6c 5a 2b c5 20>
auth nonce verified
handleSessionKeyResp: session key request succeeded! authFailureCount: 0
received 1 keys
Session key id is as expected
server ret: [object Object]
chosen nonce: <Buffer 98 1b 60 8e 6b cb 2f 35>
switching to HANDSHAKE_2_SENT
disconnected from auth
received session key handshake3!
{ replyNonce: <Buffer 98 1b 60 8e 6b cb 2f 35> }
client authenticated/authorized by solving nonce!
switching to IN_COMM
Handler: secure connection with the client established.
{ id: 34,
  remoteAddress: '::ffff:10.0.1.68:38094',
  status: 'open' }
received secure communication!
Received seqNum: 0
data received from server via secure communication
Handler: socketID: 34 data: data1
toSend: { data: <Buffer 64 61 74 61 31>, id: 34 }
specified socketID: 34
Unidentified client disconnected
Handler: secure connection with the client closed.
socket #33 closed
Unidentified client connected
received session key handshake1
switching to HANDSHAKE_1_RECEIVED state.
session key id: 40300519
session key NOT found! sending session key id to AuthService
Distribution protocol: TCP
connected to auth! from local port 43652
received auth hello!
{ authId: 403, nonce: <Buffer 2e 27 60 52 d1 a8 51 35> }
received session key response encrypted with distribution key
replyNonce in sessionKeyResp: <Buffer dc 79 1d 75 f5 50 b9 a1>
auth nonce verified
handleSessionKeyResp: session key request succeeded! authFailureCount: 0
received 1 keys
Session key id is as expected
server ret: [object Object]
chosen nonce: <Buffer cf fb 12 4a c3 70 88 f4>
switching to HANDSHAKE_2_SENT
received session key handshake3!
{ replyNonce: <Buffer cf fb 12 4a c3 70 88 f4> }
client authenticated/authorized by solving nonce!
switching to IN_COMM
Handler: secure connection with the client established.
{ id: 35,
  remoteAddress: '::ffff:10.0.1.69:55000',
  status: 'open' }
disconnected from auth
received secure communication!
Received seqNum: 0
data received from server via secure communication
Handler: socketID: 35 data: data1
toSend: { data: <Buffer 64 61 74 61 31>, id: 35 }
specified socketID: 35
Unidentified client disconnected
Handler: secure connection with the client closed.
socket #34 closed
Unidentified client connected
received session key handshake1
switching to HANDSHAKE_1_RECEIVED state.
session key id: 40300529
session key NOT found! sending session key id to AuthService
Distribution protocol: TCP
connected to auth! from local port 43904
received auth hello!
{ authId: 403, nonce: <Buffer 31 0e 2c 43 1f 6e 82 0b> }
received session key response encrypted with distribution key
replyNonce in sessionKeyResp: <Buffer 9a f6 c1 67 c4 1e 94 c5>
auth nonce verified
handleSessionKeyResp: session key request succeeded! authFailureCount: 0
received 1 keys
Session key id is as expected
server ret: [object Object]
chosen nonce: <Buffer 5a 5e f2 76 db fb 8f 63>
switching to HANDSHAKE_2_SENT
disconnected from auth
received session key handshake3!
{ replyNonce: <Buffer 5a 5e f2 76 db fb 8f 63> }
client authenticated/authorized by solving nonce!
switching to IN_COMM
Handler: secure connection with the client established.
{ id: 36,
  remoteAddress: '::ffff:10.0.1.68:38360',
  status: 'open' }
received secure communication!
Received seqNum: 0
data received from server via secure communication
Handler: socketID: 36 data: data1
toSend: { data: <Buffer 64 61 74 61 31>, id: 36 }
specified socketID: 36
Unidentified client disconnected
Handler: secure connection with the client closed.
socket #35 closed
Unidentified client connected
received session key handshake1
switching to HANDSHAKE_1_RECEIVED state.
session key id: 40300530
session key NOT found! sending session key id to AuthService
Distribution protocol: TCP
connected to auth! from local port 43918
received auth hello!
{ authId: 403, nonce: <Buffer 8d 87 9c 28 2d 2c ec 9c> }
received session key response encrypted with distribution key
replyNonce in sessionKeyResp: <Buffer df b3 b6 16 c1 96 7f 30>
auth nonce verified
handleSessionKeyResp: session key request succeeded! authFailureCount: 0
received 1 keys
Session key id is as expected
server ret: [object Object]
chosen nonce: <Buffer fc b0 f9 58 3f 3d e3 e8>
switching to HANDSHAKE_2_SENT
disconnected from auth
received session key handshake3!
{ replyNonce: <Buffer fc b0 f9 58 3f 3d e3 e8> }
client authenticated/authorized by solving nonce!
switching to IN_COMM
Handler: secure connection with the client established.
{ id: 37,
  remoteAddress: '::ffff:10.0.1.69:55266',
  status: 'open' }
received secure communication!
Received seqNum: 0
data received from server via secure communication
Handler: socketID: 37 data: data1
toSend: { data: <Buffer 64 61 74 61 31>, id: 37 }
specified socketID: 37
Unidentified client disconnected
Handler: secure connection with the client closed.
socket #36 closed
Unidentified client connected
received session key handshake1
switching to HANDSHAKE_1_RECEIVED state.
session key id: 40300540
session key NOT found! sending session key id to AuthService
Distribution protocol: TCP
connected to auth! from local port 44170
received auth hello!
{ authId: 403, nonce: <Buffer a1 b3 fc 3a 88 56 73 22> }
received session key response encrypted with distribution key
replyNonce in sessionKeyResp: <Buffer 1b e2 64 a8 03 99 80 8f>
auth nonce verified
handleSessionKeyResp: session key request succeeded! authFailureCount: 0
received 1 keys
Session key id is as expected
server ret: [object Object]
chosen nonce: <Buffer 27 6b b0 8a ea 50 c6 1d>
switching to HANDSHAKE_2_SENT
disconnected from auth
received session key handshake3!
{ replyNonce: <Buffer 27 6b b0 8a ea 50 c6 1d> }
client authenticated/authorized by solving nonce!
switching to IN_COMM
Handler: secure connection with the client established.
{ id: 38,
  remoteAddress: '::ffff:10.0.1.68:38626',
  status: 'open' }
received secure communication!
Received seqNum: 0
data received from server via secure communication
Handler: socketID: 38 data: data1
toSend: { data: <Buffer 64 61 74 61 31>, id: 38 }
specified socketID: 38
Unidentified client disconnected
Handler: secure connection with the client closed.
socket #37 closed
Unidentified client connected
received session key handshake1
switching to HANDSHAKE_1_RECEIVED state.
session key id: 40300541
session key NOT found! sending session key id to AuthService
Distribution protocol: TCP
connected to auth! from local port 44192
received auth hello!
{ authId: 403, nonce: <Buffer 42 0f 3a f5 27 c6 9d b0> }
received session key response encrypted with distribution key
replyNonce in sessionKeyResp: <Buffer 79 3f ee 72 6f 19 37 3a>
auth nonce verified
handleSessionKeyResp: session key request succeeded! authFailureCount: 0
received 1 keys
Session key id is as expected
server ret: [object Object]
chosen nonce: <Buffer 68 53 18 9c 8f 71 b7 fc>
switching to HANDSHAKE_2_SENT
disconnected from auth
received session key handshake3!
{ replyNonce: <Buffer 68 53 18 9c 8f 71 b7 fc> }
client authenticated/authorized by solving nonce!
switching to IN_COMM
Handler: secure connection with the client established.
{ id: 39,
  remoteAddress: '::ffff:10.0.1.69:55540',
  status: 'open' }
received secure communication!
Received seqNum: 0
data received from server via secure communication
Handler: socketID: 39 data: data1
toSend: { data: <Buffer 64 61 74 61 31>, id: 39 }
specified socketID: 39
Unidentified client disconnected
Handler: secure connection with the client closed.
socket #38 closed
Unidentified client connected
received session key handshake1
switching to HANDSHAKE_1_RECEIVED state.
session key id: 40300551
session key NOT found! sending session key id to AuthService
Distribution protocol: TCP
connected to auth! from local port 44436
received auth hello!
{ authId: 403, nonce: <Buffer c0 40 97 11 21 72 d5 7f> }
received session key response encrypted with distribution key
replyNonce in sessionKeyResp: <Buffer 3c 53 8f dc cb 87 76 be>
auth nonce verified
handleSessionKeyResp: session key request succeeded! authFailureCount: 0
received 1 keys
Session key id is as expected
server ret: [object Object]
chosen nonce: <Buffer 6d b6 db 09 a5 fb 16 ea>
switching to HANDSHAKE_2_SENT
disconnected from auth
received session key handshake3!
{ replyNonce: <Buffer 6d b6 db 09 a5 fb 16 ea> }
client authenticated/authorized by solving nonce!
switching to IN_COMM
Handler: secure connection with the client established.
{ id: 40,
  remoteAddress: '::ffff:10.0.1.68:38892',
  status: 'open' }
received secure communication!
Received seqNum: 0
data received from server via secure communication
Handler: socketID: 40 data: data1
toSend: { data: <Buffer 64 61 74 61 31>, id: 40 }
specified socketID: 40
Unidentified client disconnected
Handler: secure connection with the client closed.
socket #39 closed
Unidentified client connected
received session key handshake1
switching to HANDSHAKE_1_RECEIVED state.
session key id: 40300552
session key NOT found! sending session key id to AuthService
Distribution protocol: TCP
connected to auth! from local port 44454
received auth hello!
{ authId: 403, nonce: <Buffer 6a f6 9f cb 59 76 2c 43> }
received session key response encrypted with distribution key
replyNonce in sessionKeyResp: <Buffer b8 80 e2 23 4d 1a 11 9f>
auth nonce verified
handleSessionKeyResp: session key request succeeded! authFailureCount: 0
received 1 keys
Session key id is as expected
server ret: [object Object]
chosen nonce: <Buffer 5a b1 56 4f b6 b0 91 02>
switching to HANDSHAKE_2_SENT
disconnected from auth
received session key handshake3!
{ replyNonce: <Buffer 5a b1 56 4f b6 b0 91 02> }
client authenticated/authorized by solving nonce!
switching to IN_COMM
Handler: secure connection with the client established.
{ id: 41,
  remoteAddress: '::ffff:10.0.1.69:55802',
  status: 'open' }
received secure communication!
Received seqNum: 0
data received from server via secure communication
Handler: socketID: 41 data: data1
toSend: { data: <Buffer 64 61 74 61 31>, id: 41 }
specified socketID: 41
Unidentified client disconnected
Handler: secure connection with the client closed.
socket #40 closed
Unidentified client connected
received session key handshake1
switching to HANDSHAKE_1_RECEIVED state.
session key id: 40300562
session key NOT found! sending session key id to AuthService
Distribution protocol: TCP
connected to auth! from local port 44702
received auth hello!
{ authId: 403, nonce: <Buffer c9 6c eb 81 ba be fb ea> }
received session key response encrypted with distribution key
replyNonce in sessionKeyResp: <Buffer f8 0e 1c 44 5e 9a 6e 61>
auth nonce verified
handleSessionKeyResp: session key request succeeded! authFailureCount: 0
received 1 keys
Session key id is as expected
server ret: [object Object]
chosen nonce: <Buffer 2e 3d e7 9a 05 d0 26 86>
switching to HANDSHAKE_2_SENT
disconnected from auth
received session key handshake3!
{ replyNonce: <Buffer 2e 3d e7 9a 05 d0 26 86> }
client authenticated/authorized by solving nonce!
switching to IN_COMM
Handler: secure connection with the client established.
{ id: 42,
  remoteAddress: '::ffff:10.0.1.68:39158',
  status: 'open' }
received secure communication!
Received seqNum: 0
data received from server via secure communication
Handler: socketID: 42 data: data1
toSend: { data: <Buffer 64 61 74 61 31>, id: 42 }
specified socketID: 42
Unidentified client disconnected
Handler: secure connection with the client closed.
socket #41 closed
Unidentified client connected
received session key handshake1
switching to HANDSHAKE_1_RECEIVED state.
session key id: 40300563
session key NOT found! sending session key id to AuthService
Distribution protocol: TCP
connected to auth! from local port 44720
received auth hello!
{ authId: 403, nonce: <Buffer 4d 46 9c f0 44 8f 9f 89> }
received session key response encrypted with distribution key
replyNonce in sessionKeyResp: <Buffer d2 06 3f 83 49 02 86 47>
auth nonce verified
handleSessionKeyResp: session key request succeeded! authFailureCount: 0
received 1 keys
Session key id is as expected
server ret: [object Object]
chosen nonce: <Buffer 97 0f a9 54 c8 12 8a 42>
switching to HANDSHAKE_2_SENT
received session key handshake3!
{ replyNonce: <Buffer 97 0f a9 54 c8 12 8a 42> }
client authenticated/authorized by solving nonce!
switching to IN_COMM
Handler: secure connection with the client established.
{ id: 43,
  remoteAddress: '::ffff:10.0.1.69:56068',
  status: 'open' }
disconnected from auth
received secure communication!
Received seqNum: 0
data received from server via secure communication
Handler: socketID: 43 data: data1
toSend: { data: <Buffer 64 61 74 61 31>, id: 43 }
specified socketID: 43
Unidentified client disconnected
Handler: secure connection with the client closed.
socket #42 closed
Unidentified client connected
received session key handshake1
switching to HANDSHAKE_1_RECEIVED state.
session key id: 40300573
session key NOT found! sending session key id to AuthService
Distribution protocol: TCP
connected to auth! from local port 44964
received auth hello!
{ authId: 403, nonce: <Buffer bb 1c 3b d4 00 44 c0 08> }
received session key response encrypted with distribution key
replyNonce in sessionKeyResp: <Buffer 2e ff 06 42 72 2b 17 b4>
auth nonce verified
handleSessionKeyResp: session key request succeeded! authFailureCount: 0
received 1 keys
Session key id is as expected
server ret: [object Object]
chosen nonce: <Buffer 19 8f 01 8c 63 83 c8 3a>
switching to HANDSHAKE_2_SENT
disconnected from auth
received session key handshake3!
{ replyNonce: <Buffer 19 8f 01 8c 63 83 c8 3a> }
client authenticated/authorized by solving nonce!
switching to IN_COMM
Handler: secure connection with the client established.
{ id: 44,
  remoteAddress: '::ffff:10.0.1.68:39420',
  status: 'open' }
received secure communication!
Received seqNum: 0
data received from server via secure communication
Handler: socketID: 44 data: data1
toSend: { data: <Buffer 64 61 74 61 31>, id: 44 }
specified socketID: 44
Unidentified client disconnected
Handler: secure connection with the client closed.
socket #43 closed
Unidentified client connected
received session key handshake1
switching to HANDSHAKE_1_RECEIVED state.
session key id: 40300574
session key NOT found! sending session key id to AuthService
Distribution protocol: TCP
connected to auth! from local port 44982
received auth hello!
{ authId: 403, nonce: <Buffer c6 d8 6a ec 11 91 50 44> }
received session key response encrypted with distribution key
replyNonce in sessionKeyResp: <Buffer c2 a8 ed 96 a3 6c ae 60>
auth nonce verified
handleSessionKeyResp: session key request succeeded! authFailureCount: 0
received 1 keys
Session key id is as expected
server ret: [object Object]
chosen nonce: <Buffer a5 cc c4 ac 8b ca 6e ee>
switching to HANDSHAKE_2_SENT
received session key handshake3!
{ replyNonce: <Buffer a5 cc c4 ac 8b ca 6e ee> }
client authenticated/authorized by solving nonce!
switching to IN_COMM
Handler: secure connection with the client established.
{ id: 45,
  remoteAddress: '::ffff:10.0.1.69:56330',
  status: 'open' }
disconnected from auth
received secure communication!
Received seqNum: 0
data received from server via secure communication
Handler: socketID: 45 data: data1
toSend: { data: <Buffer 64 61 74 61 31>, id: 45 }
specified socketID: 45
Unidentified client disconnected
Handler: secure connection with the client closed.
socket #44 closed
Unidentified client connected
received session key handshake1
switching to HANDSHAKE_1_RECEIVED state.
session key id: 40300584
session key NOT found! sending session key id to AuthService
Distribution protocol: TCP
connected to auth! from local port 45234
received auth hello!
{ authId: 403, nonce: <Buffer a4 ee d3 19 4f ce 1d 63> }
received session key response encrypted with distribution key
replyNonce in sessionKeyResp: <Buffer 07 ef 90 da 0d 7c de 4a>
auth nonce verified
handleSessionKeyResp: session key request succeeded! authFailureCount: 0
received 1 keys
Session key id is as expected
server ret: [object Object]
chosen nonce: <Buffer ec 57 b9 0e ee 29 1d 54>
switching to HANDSHAKE_2_SENT
disconnected from auth
received session key handshake3!
{ replyNonce: <Buffer ec 57 b9 0e ee 29 1d 54> }
client authenticated/authorized by solving nonce!
switching to IN_COMM
Handler: secure connection with the client established.
{ id: 46,
  remoteAddress: '::ffff:10.0.1.68:39690',
  status: 'open' }
received secure communication!
Received seqNum: 0
data received from server via secure communication
Handler: socketID: 46 data: data1
toSend: { data: <Buffer 64 61 74 61 31>, id: 46 }
specified socketID: 46
Unidentified client disconnected
Handler: secure connection with the client closed.
socket #45 closed
Unidentified client connected
received session key handshake1
switching to HANDSHAKE_1_RECEIVED state.
session key id: 40300585
session key NOT found! sending session key id to AuthService
Distribution protocol: TCP
connected to auth! from local port 45252
received auth hello!
{ authId: 403, nonce: <Buffer 08 b6 f8 43 62 83 3f 6a> }
received session key response encrypted with distribution key
replyNonce in sessionKeyResp: <Buffer ee 8d d6 8c 08 4b 0d 80>
auth nonce verified
handleSessionKeyResp: session key request succeeded! authFailureCount: 0
received 1 keys
Session key id is as expected
server ret: [object Object]
chosen nonce: <Buffer 75 c9 5f 2c 6e f7 bc 11>
switching to HANDSHAKE_2_SENT
disconnected from auth
received session key handshake3!
{ replyNonce: <Buffer 75 c9 5f 2c 6e f7 bc 11> }
client authenticated/authorized by solving nonce!
switching to IN_COMM
Handler: secure connection with the client established.
{ id: 47,
  remoteAddress: '::ffff:10.0.1.69:56600',
  status: 'open' }
received secure communication!
Received seqNum: 0
data received from server via secure communication
Handler: socketID: 47 data: data1
toSend: { data: <Buffer 64 61 74 61 31>, id: 47 }
specified socketID: 47
Unidentified client disconnected
Handler: secure connection with the client closed.
socket #46 closed
Unidentified client connected
received session key handshake1
switching to HANDSHAKE_1_RECEIVED state.
session key id: 40300595
session key NOT found! sending session key id to AuthService
Distribution protocol: TCP
connected to auth! from local port 45470
received auth hello!
{ authId: 403, nonce: <Buffer 43 57 cc 43 8f 88 70 cd> }
received session key response encrypted with distribution key
replyNonce in sessionKeyResp: <Buffer a7 b6 49 99 c2 54 83 e7>
auth nonce verified
handleSessionKeyResp: session key request succeeded! authFailureCount: 0
received 1 keys
Session key id is as expected
server ret: [object Object]
chosen nonce: <Buffer 5f 9f 52 49 84 c1 b8 ba>
switching to HANDSHAKE_2_SENT
disconnected from auth
received session key handshake3!
{ replyNonce: <Buffer 5f 9f 52 49 84 c1 b8 ba> }
client authenticated/authorized by solving nonce!
switching to IN_COMM
Handler: secure connection with the client established.
{ id: 48,
  remoteAddress: '::ffff:10.0.1.68:39926',
  status: 'open' }
received secure communication!
Received seqNum: 0
data received from server via secure communication
Handler: socketID: 48 data: data1
toSend: { data: <Buffer 64 61 74 61 31>, id: 48 }
specified socketID: 48
Unidentified client disconnected
Handler: secure connection with the client closed.
socket #47 closed
Unidentified client connected
received session key handshake1
switching to HANDSHAKE_1_RECEIVED state.
session key id: 40300596
session key NOT found! sending session key id to AuthService
Distribution protocol: TCP
connected to auth! from local port 45482
received auth hello!
{ authId: 403, nonce: <Buffer 50 36 64 cb f4 bb cf b5> }
received session key response encrypted with distribution key
replyNonce in sessionKeyResp: <Buffer 9f 23 19 a3 54 12 b6 e0>
auth nonce verified
handleSessionKeyResp: session key request succeeded! authFailureCount: 0
received 1 keys
Session key id is as expected
server ret: [object Object]
chosen nonce: <Buffer 8a 05 48 2c 86 62 ac 55>
switching to HANDSHAKE_2_SENT
disconnected from auth
received session key handshake3!
{ replyNonce: <Buffer 8a 05 48 2c 86 62 ac 55> }
client authenticated/authorized by solving nonce!
switching to IN_COMM
Handler: secure connection with the client established.
{ id: 49,
  remoteAddress: '::ffff:10.0.1.69:56830',
  status: 'open' }
received secure communication!
Received seqNum: 0
data received from server via secure communication
Handler: socketID: 49 data: data1
toSend: { data: <Buffer 64 61 74 61 31>, id: 49 }
specified socketID: 49
Unidentified client disconnected
Handler: secure connection with the client closed.
socket #48 closed
Unidentified client disconnected
Handler: secure connection with the client closed.
socket #49 closed
