changing working directory to: /home/hokeunkim/Development/iotauth/entity/node/example_entities
loading from config file: /home/hokeunkim/Development/iotauth_experiments/experiments/ccs2017/expOptions/expEntity.option
Experimental options for echoServer: { autoSendPeriod: 60000,
  useSameSessionKeyCount: 1,
  connectionTimeout: 50000,
  migrationEnabled: true,
  authFailureThreshold: 2,
  migrationFailureThreshold: 2 }
loading from config file: /home/hokeunkim/Development/iotauth/entity/node/example_entities/configs/Servers/s409.config
initializing secure comm server...
Session protocol: TCP
current parameters: { migrationEnabled: true,
  authFailureThreshold: 3,
  migrationFailureThreshold: 3 }
current parameters: { migrationEnabled: true,
  authFailureThreshold: 2,
  migrationFailureThreshold: 3 }
current parameters: { migrationEnabled: true,
  authFailureThreshold: 2,
  migrationFailureThreshold: 2 }
current entityInfo: { name: 's409',
  group: 'Servers',
  distProtocol: 'TCP',
  usePermanentDistKey: false,
  connectionTimeout: 50000,
  privateKey: <Buffer 2d 2d 2d 2d 2d 42 45 47 49 4e 20 52 53 41 20 50 52 49 56 41 54 45 20 4b 45 59 2d 2d 2d 2d 2d 0a 4d 49 49 45 70 41 49 42 41 41 4b 43 41 51 45 41 79 58 ... > }
Handler: listening on port 22100
s409:Servers prompt>
Unidentified client connected
received session key handshake1
switching to HANDSHAKE_1_RECEIVED state.
session key id: 40200006
session key NOT found! sending session key id to AuthService
Distribution protocol: TCP
connected to auth! from local port 49938
received auth hello!
{ authId: 402, nonce: <Buffer 3b b6 77 3a 71 f5 07 c6> }
received session key response with distribution key attached!
auth signature verified
replyNonce in sessionKeyResp: <Buffer b4 ff d3 a6 52 da 4f 9e>
auth nonce verified
handleSessionKeyResp: session key request succeeded! authFailureCount: 0
updating distribution key: { cipherKeyVal: <Buffer 59 f5 99 75 9e 4a 40 ed 9e d8 65 31 c3 13 6b 1b>,
  macKeyVal: <Buffer 74 e0 f8 3a fe 29 1b fa 8b 89 2e 3c b0 b0 1f 48 7e 38 49 ca fd 5a 1f df 79 d7 57 d2 c5 aa c5 8c>,
  absValidity: 2018-08-27T07:49:28.206Z }
received 1 keys
Session key id is as expected
server ret: [object Object]
chosen nonce: <Buffer b0 9e 31 6b ac 08 16 65>
switching to HANDSHAKE_2_SENT
received session key handshake3!
{ replyNonce: <Buffer b0 9e 31 6b ac 08 16 65> }
client authenticated/authorized by solving nonce!
switching to IN_COMM
Handler: secure connection with the client established.
{ id: 0,
  remoteAddress: '::ffff:10.0.1.55:47606',
  status: 'open' }
disconnected from auth
received secure communication!
Received seqNum: 0
data received from server via secure communication
Handler: socketID: 0 data: data1
toSend: { data: <Buffer 64 61 74 61 31>, id: 0 }
specified socketID: 0
Unidentified client disconnected
Handler: secure connection with the client closed.
socket #0 closed
Unidentified client connected
received session key handshake1
switching to HANDSHAKE_1_RECEIVED state.
session key id: 40200013
session key NOT found! sending session key id to AuthService
Distribution protocol: TCP
connected to auth! from local port 50124
received auth hello!
{ authId: 402, nonce: <Buffer e3 8f c9 dc 52 d3 b4 7e> }
received session key response encrypted with distribution key
replyNonce in sessionKeyResp: <Buffer c8 c4 72 63 23 ce e6 75>
auth nonce verified
handleSessionKeyResp: session key request succeeded! authFailureCount: 0
received 1 keys
Session key id is as expected
server ret: [object Object]
chosen nonce: <Buffer 61 9a dc 7b 7a 45 65 3a>
switching to HANDSHAKE_2_SENT
received session key handshake3!
{ replyNonce: <Buffer 61 9a dc 7b 7a 45 65 3a> }
client authenticated/authorized by solving nonce!
switching to IN_COMM
Handler: secure connection with the client established.
{ id: 1,
  remoteAddress: '::ffff:10.0.1.55:47792',
  status: 'open' }
disconnected from auth
received secure communication!
Received seqNum: 0
data received from server via secure communication
Handler: socketID: 1 data: data1
toSend: { data: <Buffer 64 61 74 61 31>, id: 1 }
specified socketID: 1
Unidentified client disconnected
Handler: secure connection with the client closed.
socket #1 closed
Unidentified client connected
received session key handshake1
switching to HANDSHAKE_1_RECEIVED state.
session key id: 40200020
session key NOT found! sending session key id to AuthService
Distribution protocol: TCP
connected to auth! from local port 50396
received auth hello!
{ authId: 402, nonce: <Buffer 01 83 e2 da 2d d5 da 83> }
received session key response encrypted with distribution key
replyNonce in sessionKeyResp: <Buffer 74 40 bc 2b 00 cc 0d 46>
auth nonce verified
handleSessionKeyResp: session key request succeeded! authFailureCount: 0
received 1 keys
Session key id is as expected
server ret: [object Object]
chosen nonce: <Buffer cb e0 46 2d cd 73 00 4b>
switching to HANDSHAKE_2_SENT
received session key handshake3!
{ replyNonce: <Buffer cb e0 46 2d cd 73 00 4b> }
client authenticated/authorized by solving nonce!
switching to IN_COMM
Handler: secure connection with the client established.
{ id: 2,
  remoteAddress: '::ffff:10.0.1.55:48064',
  status: 'open' }
disconnected from auth
received secure communication!
Received seqNum: 0
data received from server via secure communication
Handler: socketID: 2 data: data1
toSend: { data: <Buffer 64 61 74 61 31>, id: 2 }
specified socketID: 2
Unidentified client disconnected
Handler: secure connection with the client closed.
socket #2 closed
Unidentified client connected
received session key handshake1
switching to HANDSHAKE_1_RECEIVED state.
session key id: 40200027
session key NOT found! sending session key id to AuthService
Distribution protocol: TCP
connected to auth! from local port 50666
received auth hello!
{ authId: 402, nonce: <Buffer d3 c8 8b 02 07 84 a9 f3> }
received session key response encrypted with distribution key
replyNonce in sessionKeyResp: <Buffer 0c 2f 6d 39 9d b1 80 a7>
auth nonce verified
handleSessionKeyResp: session key request succeeded! authFailureCount: 0
received 1 keys
Session key id is as expected
server ret: [object Object]
chosen nonce: <Buffer 2c 07 c1 9c c3 0c c3 a3>
switching to HANDSHAKE_2_SENT
disconnected from auth
received session key handshake3!
{ replyNonce: <Buffer 2c 07 c1 9c c3 0c c3 a3> }
client authenticated/authorized by solving nonce!
switching to IN_COMM
Handler: secure connection with the client established.
{ id: 3,
  remoteAddress: '::ffff:10.0.1.55:48334',
  status: 'open' }
received secure communication!
Received seqNum: 0
data received from server via secure communication
Handler: socketID: 3 data: data1
toSend: { data: <Buffer 64 61 74 61 31>, id: 3 }
specified socketID: 3
Unidentified client disconnected
Handler: secure connection with the client closed.
socket #3 closed
Unidentified client connected
received session key handshake1
switching to HANDSHAKE_1_RECEIVED state.
session key id: 40200034
session key NOT found! sending session key id to AuthService
Distribution protocol: TCP
connected to auth! from local port 50936
received auth hello!
{ authId: 402, nonce: <Buffer 48 f9 bd 82 0e 63 59 07> }
received session key response encrypted with distribution key
replyNonce in sessionKeyResp: <Buffer 36 5a 27 f6 a8 aa 47 21>
auth nonce verified
handleSessionKeyResp: session key request succeeded! authFailureCount: 0
received 1 keys
Session key id is as expected
server ret: [object Object]
chosen nonce: <Buffer 60 f7 cf d9 49 d8 50 18>
switching to HANDSHAKE_2_SENT
received session key handshake3!
{ replyNonce: <Buffer 60 f7 cf d9 49 d8 50 18> }
client authenticated/authorized by solving nonce!
switching to IN_COMM
Handler: secure connection with the client established.
{ id: 4,
  remoteAddress: '::ffff:10.0.1.55:48604',
  status: 'open' }
disconnected from auth
received secure communication!
Received seqNum: 0
data received from server via secure communication
Handler: socketID: 4 data: data1
toSend: { data: <Buffer 64 61 74 61 31>, id: 4 }
specified socketID: 4
Unidentified client disconnected
Handler: secure connection with the client closed.
socket #4 closed
Unidentified client connected
received session key handshake1
switching to HANDSHAKE_1_RECEIVED state.
session key id: 40200041
session key NOT found! sending session key id to AuthService
Distribution protocol: TCP
connected to auth! from local port 51206
received auth hello!
{ authId: 402, nonce: <Buffer 52 96 cc d5 1b af 10 6f> }
received session key response encrypted with distribution key
replyNonce in sessionKeyResp: <Buffer 00 fa 14 84 91 db 84 7e>
auth nonce verified
handleSessionKeyResp: session key request succeeded! authFailureCount: 0
received 1 keys
Session key id is as expected
server ret: [object Object]
chosen nonce: <Buffer af 1a ff ff d1 21 0f 1e>
switching to HANDSHAKE_2_SENT
received session key handshake3!
{ replyNonce: <Buffer af 1a ff ff d1 21 0f 1e> }
client authenticated/authorized by solving nonce!
switching to IN_COMM
Handler: secure connection with the client established.
{ id: 5,
  remoteAddress: '::ffff:10.0.1.55:48874',
  status: 'open' }
disconnected from auth
received secure communication!
Received seqNum: 0
data received from server via secure communication
Handler: socketID: 5 data: data1
toSend: { data: <Buffer 64 61 74 61 31>, id: 5 }
specified socketID: 5
Unidentified client disconnected
Handler: secure connection with the client closed.
socket #5 closed
Unidentified client connected
received session key handshake1
switching to HANDSHAKE_1_RECEIVED state.
session key id: 40200048
session key NOT found! sending session key id to AuthService
Distribution protocol: TCP
connected to auth! from local port 51476
received auth hello!
{ authId: 402, nonce: <Buffer f3 8e 58 cc 31 ba f0 14> }
received session key response encrypted with distribution key
replyNonce in sessionKeyResp: <Buffer 9f 47 88 d7 f6 27 e8 b7>
auth nonce verified
handleSessionKeyResp: session key request succeeded! authFailureCount: 0
received 1 keys
Session key id is as expected
server ret: [object Object]
chosen nonce: <Buffer 64 c3 31 4f 0d 47 ef 4a>
switching to HANDSHAKE_2_SENT
disconnected from auth
received session key handshake3!
{ replyNonce: <Buffer 64 c3 31 4f 0d 47 ef 4a> }
client authenticated/authorized by solving nonce!
switching to IN_COMM
Handler: secure connection with the client established.
{ id: 6,
  remoteAddress: '::ffff:10.0.1.55:49144',
  status: 'open' }
received secure communication!
Received seqNum: 0
data received from server via secure communication
Handler: socketID: 6 data: data1
toSend: { data: <Buffer 64 61 74 61 31>, id: 6 }
specified socketID: 6
Unidentified client disconnected
Handler: secure connection with the client closed.
socket #6 closed
Unidentified client connected
received session key handshake1
switching to HANDSHAKE_1_RECEIVED state.
session key id: 40100069
session key NOT found! sending session key id to AuthService
Distribution protocol: TCP
failure in connection with Auth : authFailureCount: 1
Handler: Error in server - details: Error occurred in session key request: Error: connect EHOSTUNREACH 10.0.1.2:21100
Handler: Error in server - details: handshake2 timed out...
Unidentified client disconnected
Handler: Error in server - details: Closed during comm init from undefined:undefined
Handler: Error in server - details: Auth hello timedout ...
Unidentified client connected
received session key handshake1
switching to HANDSHAKE_1_RECEIVED state.
session key id: 40100080
session key NOT found! sending session key id to AuthService
Distribution protocol: TCP
failure in connection with Auth : authFailureCount: 2
failure count reached threshold (2), try migration...
In iotAuth.js migrateToTrustedAuth: 
In iotAuthService.js sendMigrationReqViaTCP: 
Handler: Error in server - details: Error occurred in session key request: Error: connect EHOSTUNREACH 10.0.1.2:21100
connected to auth! from local port 39642
received auth hello!
{ authId: 503, nonce: <Buffer e2 ef d3 ab 8e 7f ee f7> }
more data will come. current: 1445 expected: 1485
received migration response with signature!
{ version: 2,
  subject: 
   { countryName: 'US',
     stateOrProvinceName: 'CA',
     localityName: 'Berkeley',
     organizationName: 'EECS',
     organizationalUnitName: 'Auth503',
     commonName: '10.0.1.6' },
  issuer: 
   { countryName: 'US',
     stateOrProvinceName: 'CA',
     localityName: 'Berkeley',
     organizationName: 'EECS',
     organizationalUnitName: 'Auth402',
     commonName: '10.0.0.2' },
  serial: '01657A23471C',
  notBefore: 2018-08-27T06:45:56.000Z,
  notAfter: 2018-08-28T06:47:36.000Z,
  subjectHash: '5542437f',
  signatureAlgorithm: 'sha256WithRSAEncryption',
  fingerPrint: 'CB:2C:9F:98:99:4E:1A:2B:8E:63:3C:1F:E1:0E:82:FE:36:DF:F8:7C',
  publicKey: 
   { algorithm: 'rsaEncryption',
     e: '65537',
     n: 'BC5D33480D8E7016713911F6B0F0A9131DC7B60A8CB9E1A10BD7543A76CF24678BCCDEF96EAE9DEBCABF978E7789E6CA0C84927254FA399F63769AE55F612D6596ED8937A047D141B0D94354445A0E25D81DE385B8957F9947FECEBCDBC6998D6544DD90F3D3ED8804119CBEF9AD775F3F63F7F6C01396688740867299DD55D2F05ED7417633969B004111F87931929D7463F27FD75E378152650127AE67180E37BB11DC459BB1B15A8A91A3EC4E9A4F409BAB5AD5C90FB833EA0A8D966FFEA0CC1054B7557DF4DC8B1152F7CC89313B4089920237B6D064F37CDE972831ADFD6643D155A4CDB156DC70EE29EC7CAE2C434B3120E75B3A239E854968A41D6A23',
     bitSize: 2048 },
  altNames: [],
  extensions: { subjectAlternativeName: 'IP Address:10.0.1.6' } }
null
true
Certificate of new Auth is verified!
Subject information matches Auth ID!
Signature of new Auth is verified.
Auth nonce is verified
migration completed!
new Auth info: !
{ id: 503,
  host: '10.0.1.6',
  port: 21100,
  publicKey: '-----BEGIN CERTIFICATE-----\nMIIDVTCCAj2gAwIBAgIGAWV6I0ccMA0GCSqGSIb3DQEBCwUAMGExCzAJBgNVBAYT\nAlVTMQswCQYDVQQIDAJDQTERMA8GA1UEBwwIQmVya2VsZXkxDTALBgNVBAoMBEVF\nQ1MxEDAOBgNVBAsMB0F1dGg0MDIxETAPBgNVBAMMCDEwLjAuMC4yMB4XDTE4MDgy\nNzA2NDU1NloXDTE4MDgyODA2NDczNlowYTELMAkGA1UEBhMCVVMxCzAJBgNVBAgM\nAkNBMREwDwYDVQQHDAhCZXJrZWxleTENMAsGA1UECgwERUVDUzEQMA4GA1UECwwH\nQXV0aDUwMzERMA8GA1UEAwwIMTAuMC4xLjYwggEiMA0GCSqGSIb3DQEBAQUAA4IB\nDwAwggEKAoIBAQC8XTNIDY5wFnE5Efaw8KkTHce2Coy54aEL11Q6ds8kZ4vM3vlu\nrp3ryr+XjneJ5soMhJJyVPo5n2N2muVfYS1llu2JN6BH0UGw2UNURFoOJdgd44W4\nlX+ZR/7OvNvGmY1lRN2Q89PtiAQRnL75rXdfP2P39sATlmiHQIZymd1V0vBe10F2\nM5abAEER+Hkxkp10Y/J/1143gVJlASeuZxgON7sR3EWbsbFaipGj7E6aT0Cbq1rV\nyQ+4M+oKjZZv/qDMEFS3VX303IsRUvfMiTE7QImSAje20GTzfN6XKDGt/WZD0VWk\nzbFW3HDuKex8rixDSzEg51s6I56FSWikHWojAgMBAAGjEzARMA8GA1UdEQQIMAaH\nBAoAAQYwDQYJKoZIhvcNAQELBQADggEBAKWo18E79zWY3nEnAgwXcHI0s33viYBb\nqun+UJWLyXjrMQCvfmINGPbR4UniF2t3b1aBl9QOZAIzVvqcxbKLNnxPWWFibMPn\nfHQmPEU1irUJ4xjjZzrq/iLX4Qw9TuMihVH/TCaPXQAAeaddGvYJZxeR2YxbJ25k\nzTIf9GDBZNENe48j+M/aYUx9zke42OBoF6LTK4567LOmYsLBsTs3w18Zd/gsSWEt\neSOFiv/FXhbB/ndB/pvd+8rmSoCuzo2SXQqQuUS6jS1yXHKA6YlYNGdTMRqp4eHc\nHIbxcUn98Tlia1I0KMK6H0v1uTSF8RgOrFZO288taqy0E5VShUyD0kA=\n-----END CERTIFICATE-----' }
received migration response, for next round of migration, rotate migration info index from: 0
to: 1
disconnected from auth
Handler: Error in server - details: handshake2 timed out...
Unidentified client disconnected
Handler: Error in server - details: Closed during comm init from undefined:undefined
Handler: Error in server - details: Auth hello timedout ...
Unidentified client connected
received session key handshake1
switching to HANDSHAKE_1_RECEIVED state.
session key id: 40100091
session key NOT found! sending session key id to AuthService
Distribution protocol: TCP
connected to auth! from local port 39862
received auth hello!
{ authId: 503, nonce: <Buffer 09 e1 e4 36 e4 4c eb 7c> }
disconnected from auth
Handler: Error in server - details: handshake2 timed out...
Unidentified client disconnected
Handler: Error in server - details: Closed during comm init from undefined:undefined
Handler: Error in server - details: Connection with Auth timed out...
Unidentified client connected
received session key handshake1
switching to HANDSHAKE_1_RECEIVED state.
session key id: 40100102
session key NOT found! sending session key id to AuthService
Distribution protocol: TCP
connected to auth! from local port 40086
received auth hello!
{ authId: 503, nonce: <Buffer 8e 9d 1a d3 76 b0 2f 63> }
disconnected from auth
Handler: Error in server - details: handshake2 timed out...
Unidentified client disconnected
Handler: Error in server - details: Closed during comm init from undefined:undefined
Handler: Error in server - details: Connection with Auth timed out...
Unidentified client connected
received session key handshake1
switching to HANDSHAKE_1_RECEIVED state.
session key id: 40100113
session key NOT found! sending session key id to AuthService
Distribution protocol: TCP
connected to auth! from local port 40308
received auth hello!
{ authId: 503, nonce: <Buffer 0b 01 be f4 7e cf ed bc> }
disconnected from auth
Handler: Error in server - details: handshake2 timed out...
Unidentified client disconnected
Handler: Error in server - details: Closed during comm init from undefined:undefined
Handler: Error in server - details: Connection with Auth timed out...
Unidentified client connected
received session key handshake1
switching to HANDSHAKE_1_RECEIVED state.
session key id: 40100123
session key NOT found! sending session key id to AuthService
Distribution protocol: TCP
connected to auth! from local port 40526
received auth hello!
{ authId: 503, nonce: <Buffer 01 3b 81 1b 47 8b df f5> }
disconnected from auth
Handler: Error in server - details: handshake2 timed out...
Unidentified client disconnected
Handler: Error in server - details: Closed during comm init from undefined:undefined
Handler: Error in server - details: Connection with Auth timed out...
Unidentified client connected
received session key handshake1
switching to HANDSHAKE_1_RECEIVED state.
session key id: 40100134
session key NOT found! sending session key id to AuthService
Distribution protocol: TCP
connected to auth! from local port 40748
received auth hello!
{ authId: 503, nonce: <Buffer 2d 3c 66 ac c4 d8 3b 15> }
disconnected from auth
Handler: Error in server - details: handshake2 timed out...
Unidentified client disconnected
Handler: Error in server - details: Closed during comm init from undefined:undefined
Handler: Error in server - details: Connection with Auth timed out...
Unidentified client connected
received session key handshake1
switching to HANDSHAKE_1_RECEIVED state.
session key id: 40100145
session key NOT found! sending session key id to AuthService
Distribution protocol: TCP
connected to auth! from local port 40970
received auth hello!
{ authId: 503, nonce: <Buffer e3 fe 9a 90 6e ab 32 4b> }
disconnected from auth
Handler: Error in server - details: handshake2 timed out...
Unidentified client disconnected
Handler: Error in server - details: Closed during comm init from undefined:undefined
Handler: Error in server - details: Connection with Auth timed out...
Unidentified client connected
received session key handshake1
switching to HANDSHAKE_1_RECEIVED state.
session key id: 40100156
session key NOT found! sending session key id to AuthService
Distribution protocol: TCP
connected to auth! from local port 41192
received auth hello!
{ authId: 503, nonce: <Buffer c4 55 75 ba f4 00 be d0> }
disconnected from auth
Handler: Error in server - details: handshake2 timed out...
Unidentified client disconnected
Handler: Error in server - details: Closed during comm init from undefined:undefined
Handler: Error in server - details: Connection with Auth timed out...
Unidentified client connected
received session key handshake1
switching to HANDSHAKE_1_RECEIVED state.
session key id: 40100167
session key NOT found! sending session key id to AuthService
Distribution protocol: TCP
connected to auth! from local port 41414
received auth hello!
{ authId: 503, nonce: <Buffer e1 97 6e 29 38 c7 73 77> }
disconnected from auth
Handler: Error in server - details: handshake2 timed out...
Unidentified client disconnected
Handler: Error in server - details: Closed during comm init from undefined:undefined
Handler: Error in server - details: Connection with Auth timed out...
Unidentified client connected
received session key handshake1
switching to HANDSHAKE_1_RECEIVED state.
session key id: 40100178
session key NOT found! sending session key id to AuthService
Distribution protocol: TCP
connected to auth! from local port 41636
received auth hello!
{ authId: 503, nonce: <Buffer 60 2a b7 24 33 4a 04 07> }
disconnected from auth
Handler: Error in server - details: handshake2 timed out...
Unidentified client disconnected
Handler: Error in server - details: Closed during comm init from undefined:undefined
Handler: Error in server - details: Connection with Auth timed out...
Unidentified client connected
received session key handshake1
switching to HANDSHAKE_1_RECEIVED state.
session key id: 40100189
session key NOT found! sending session key id to AuthService
Distribution protocol: TCP
connected to auth! from local port 41858
received auth hello!
{ authId: 503, nonce: <Buffer 97 3a 0f 8c 94 cc 55 dc> }
disconnected from auth
Handler: Error in server - details: handshake2 timed out...
Unidentified client disconnected
Handler: Error in server - details: Closed during comm init from undefined:undefined
Handler: Error in server - details: Connection with Auth timed out...
Unidentified client connected
received session key handshake1
switching to HANDSHAKE_1_RECEIVED state.
session key id: 40100200
session key NOT found! sending session key id to AuthService
Distribution protocol: TCP
connected to auth! from local port 42080
received auth hello!
{ authId: 503, nonce: <Buffer a6 18 ae 10 1c 3e ba fe> }
disconnected from auth
Handler: Error in server - details: handshake2 timed out...
Unidentified client disconnected
Handler: Error in server - details: Closed during comm init from undefined:undefined
Handler: Error in server - details: Connection with Auth timed out...
Unidentified client connected
received session key handshake1
switching to HANDSHAKE_1_RECEIVED state.
session key id: 40100211
session key NOT found! sending session key id to AuthService
Distribution protocol: TCP
connected to auth! from local port 42302
received auth hello!
{ authId: 503, nonce: <Buffer b5 86 a5 e3 bf 6b 36 38> }
disconnected from auth
Handler: Error in server - details: handshake2 timed out...
Unidentified client disconnected
Handler: Error in server - details: Closed during comm init from undefined:undefined
Handler: Error in server - details: Connection with Auth timed out...
Unidentified client connected
received session key handshake1
switching to HANDSHAKE_1_RECEIVED state.
session key id: 40100222
session key NOT found! sending session key id to AuthService
Distribution protocol: TCP
connected to auth! from local port 42524
received auth hello!
{ authId: 503, nonce: <Buffer 86 c5 ea a1 be f9 b9 82> }
disconnected from auth
Handler: Error in server - details: handshake2 timed out...
Unidentified client disconnected
Handler: Error in server - details: Closed during comm init from undefined:undefined
Handler: Error in server - details: Connection with Auth timed out...
Unidentified client connected
received session key handshake1
switching to HANDSHAKE_1_RECEIVED state.
session key id: 40100233
session key NOT found! sending session key id to AuthService
Distribution protocol: TCP
connected to auth! from local port 42744
received auth hello!
{ authId: 503, nonce: <Buffer 37 3f 1a e1 a6 50 ef fe> }
disconnected from auth
Handler: Error in server - details: handshake2 timed out...
Unidentified client disconnected
Handler: Error in server - details: Closed during comm init from undefined:undefined
Handler: Error in server - details: Connection with Auth timed out...
Unidentified client connected
received session key handshake1
switching to HANDSHAKE_1_RECEIVED state.
session key id: 40100244
session key NOT found! sending session key id to AuthService
Distribution protocol: TCP
connected to auth! from local port 42970
received auth hello!
{ authId: 503, nonce: <Buffer 91 d8 74 07 82 3d 1c c8> }
disconnected from auth
Handler: Error in server - details: handshake2 timed out...
Unidentified client disconnected
Handler: Error in server - details: Closed during comm init from undefined:undefined
Handler: Error in server - details: Connection with Auth timed out...
Unidentified client connected
received session key handshake1
switching to HANDSHAKE_1_RECEIVED state.
session key id: 40100255
session key NOT found! sending session key id to AuthService
Distribution protocol: TCP
connected to auth! from local port 43192
received auth hello!
{ authId: 503, nonce: <Buffer 5e 72 c2 50 ce 77 d9 4a> }
disconnected from auth
Handler: Error in server - details: handshake2 timed out...
Unidentified client disconnected
Handler: Error in server - details: Closed during comm init from undefined:undefined
Handler: Error in server - details: Connection with Auth timed out...
