changing working directory to: /home/hokeunkim/Development/iotauth/entity/node/example_entities
loading from config file: /home/hokeunkim/Development/iotauth_experiments/experiments/ccs2017/expOptions/expEntity.option
Experimental options for autoClient: { autoSendPeriod: 60000,
  useSameSessionKeyCount: 1,
  connectionTimeout: 50000,
  migrationEnabled: true,
  authFailureThreshold: 2,
  migrationFailureThreshold: 2 }
loading from config file: /home/hokeunkim/Development/iotauth/entity/node/example_entities/configs/Clients/c406.config
initializing...
current parameters: { numKeysPerRequest: 3,
  migrationEnabled: false,
  authFailureThreshold: 3,
  migrationFailureThreshold: 3 }
current parameters: { numKeysPerRequest: 1,
  migrationEnabled: false,
  authFailureThreshold: 3,
  migrationFailureThreshold: 3 }
current parameters: { numKeysPerRequest: 1,
  migrationEnabled: true,
  authFailureThreshold: 3,
  migrationFailureThreshold: 3 }
current parameters: { numKeysPerRequest: 1,
  migrationEnabled: true,
  authFailureThreshold: 2,
  migrationFailureThreshold: 3 }
current parameters: { numKeysPerRequest: 1,
  migrationEnabled: true,
  authFailureThreshold: 2,
  migrationFailureThreshold: 2 }
current entityInfo: { name: 'c406',
  group: 'Clients',
  distProtocol: 'TCP',
  usePermanentDistKey: false,
  connectionTimeout: 50000,
  privateKey: <Buffer 2d 2d 2d 2d 2d 42 45 47 49 4e 20 52 53 41 20 50 52 49 56 41 54 45 20 4b 45 59 2d 2d 2d 2d 2d 0a 4d 49 49 45 70 41 49 42 41 41 4b 43 41 51 45 41 6e 48 ... > }
Distribution protocol: TCP
Resp-actual/expected/ratio/ts: 0 1 0 1521587077943
connected to auth! from local port 41412
received auth hello!
{ authId: 401, nonce: <Buffer 07 d7 6b c1 11 70 9d e0> }
received session key response with distribution key attached!
auth signature verified
replyNonce in sessionKeyResp: <Buffer 6e 71 2f 3e 38 75 4b c1>
auth nonce verified
handleSessionKeyResp: session key request succeeded! authFailureCount: 0
updating distribution key: { cipherKeyVal: <Buffer 6e 9d 03 ee 18 7a 4f f9 49 d9 d7 b3 5b 80 c0 4e>,
  macKeyVal: <Buffer d3 0c ec a8 8e 93 57 76 28 a7 38 c2 b2 6b 27 6b d6 83 9b 43 7e 8d a5 3f dc 7e 9a 67 4f 94 08 f7>,
  absValidity: 2018-03-21T00:04:38.085Z }
received 1 keys
currentSessionKey: [object Object]
Session protocol: TCP
chosen commSessionKey: 
{ id: 40100005,
  cipherKeyVal: <Buffer 9c 5e e8 f9 c4 2c 41 24 f7 79 34 6d 16 80 0f e2>,
  macKeyVal: <Buffer 70 ed d9 30 5a 25 40 5d 06 df ea 3c 44 1f 46 b2 c9 a3 87 d2 be 0d 62 79 80 1a f7 52 f1 63 cc 06>,
  absValidity: 2018-03-21T23:04:38.084Z,
  relValidity: 7200000 }
options
{ serverHost: '10.0.1.11',
  serverPort: 22100,
  sessionKey: 
   { id: 40100005,
     cipherKeyVal: <Buffer 9c 5e e8 f9 c4 2c 41 24 f7 79 34 6d 16 80 0f e2>,
     macKeyVal: <Buffer 70 ed d9 30 5a 25 40 5d 06 df ea 3c 44 1f 46 b2 c9 a3 87 d2 be 0d 62 79 80 1a f7 52 f1 63 cc 06>,
     absValidity: 2018-03-21T23:04:38.084Z,
     relValidity: 7200000 },
  sessionCryptoSpec: { cipher: 'AES-128-CBC', mac: 'SHA256' },
  sessionProtocol: 'TCP',
  handshakeTimeout: 50000 }
chosen nonce: <Buffer 59 d7 21 4d 39 45 2b 64>
switching to HANDSHAKE_1_SENT
disconnected from auth
received session key handshake2!
client ret: [object Object]
server authenticated/authorized by solving nonce!
Handler: communication initialization succeeded
file data length: 1024
sending at Tue Mar 20 2018 23:04:38 GMT+0000 (UTC)
switching to IN_COMM
received secure communication message!
Received seqNum: 0
Handler: data received from server via secure communication
data1
Resp-actual/expected/ratio/ts: 1 1 1 1521587079354
Distribution protocol: TCP
Resp-actual/expected/ratio/ts: 1 2 0.5 1521587137974
connected to auth! from local port 41556
received auth hello!
{ authId: 401, nonce: <Buffer 9c 00 31 1f 7e 37 e9 a1> }
received session key response encrypted with distribution key
replyNonce in sessionKeyResp: <Buffer 17 35 9a d1 b5 9f a3 db>
auth nonce verified
handleSessionKeyResp: session key request succeeded! authFailureCount: 0
received 1 keys
currentSessionKey: [object Object]
Status: Secure connection closed before starting a new connection.
Session protocol: TCP
chosen commSessionKey: 
{ id: 40100011,
  cipherKeyVal: <Buffer 8d f1 a1 57 44 50 29 1c 31 2f 0a ec d9 54 fd c8>,
  macKeyVal: <Buffer b4 78 94 48 90 42 9c 5a f4 dc 48 e4 f2 d4 e9 c0 fb 40 97 0b 91 e6 04 76 a0 b0 92 75 5d 71 59 6c>,
  absValidity: 2018-03-21T23:05:38.132Z,
  relValidity: 7200000 }
options
{ serverHost: '10.0.1.11',
  serverPort: 22100,
  sessionKey: 
   { id: 40100011,
     cipherKeyVal: <Buffer 8d f1 a1 57 44 50 29 1c 31 2f 0a ec d9 54 fd c8>,
     macKeyVal: <Buffer b4 78 94 48 90 42 9c 5a f4 dc 48 e4 f2 d4 e9 c0 fb 40 97 0b 91 e6 04 76 a0 b0 92 75 5d 71 59 6c>,
     absValidity: 2018-03-21T23:05:38.132Z,
     relValidity: 7200000 },
  sessionCryptoSpec: { cipher: 'AES-128-CBC', mac: 'SHA256' },
  sessionProtocol: 'TCP',
  handshakeTimeout: 50000 }
chosen nonce: <Buffer 91 4a 11 d7 3d 2a aa 10>
switching to HANDSHAKE_1_SENT
disconnected from auth
Handler: secure connection with the server closed.
received session key handshake2!
client ret: [object Object]
server authenticated/authorized by solving nonce!
Handler: communication initialization succeeded
file data length: 1024
sending at Tue Mar 20 2018 23:05:39 GMT+0000 (UTC)
switching to IN_COMM
received secure communication message!
Received seqNum: 0
Handler: data received from server via secure communication
data1
Resp-actual/expected/ratio/ts: 2 2 1 1521587139271
Distribution protocol: TCP
Resp-actual/expected/ratio/ts: 2 3 0.6666666666666666 1521587198033
connected to auth! from local port 41810
received auth hello!
{ authId: 401, nonce: <Buffer 35 d8 8a 48 e8 6f a6 ba> }
received session key response encrypted with distribution key
replyNonce in sessionKeyResp: <Buffer 77 cd 4e 30 96 f4 c9 27>
auth nonce verified
handleSessionKeyResp: session key request succeeded! authFailureCount: 0
received 1 keys
currentSessionKey: [object Object]
Status: Secure connection closed before starting a new connection.
Session protocol: TCP
chosen commSessionKey: 
{ id: 40100017,
  cipherKeyVal: <Buffer 36 01 c1 a3 6f ff b6 6f 00 a9 7c 1c e0 9b d9 bb>,
  macKeyVal: <Buffer fe 47 83 1d 96 25 5c a8 24 1d 85 19 4e 26 04 5f 72 4a 66 82 5e 1f b9 db 8b 96 96 48 12 66 ee 18>,
  absValidity: 2018-03-21T23:06:38.191Z,
  relValidity: 7200000 }
options
{ serverHost: '10.0.1.11',
  serverPort: 22100,
  sessionKey: 
   { id: 40100017,
     cipherKeyVal: <Buffer 36 01 c1 a3 6f ff b6 6f 00 a9 7c 1c e0 9b d9 bb>,
     macKeyVal: <Buffer fe 47 83 1d 96 25 5c a8 24 1d 85 19 4e 26 04 5f 72 4a 66 82 5e 1f b9 db 8b 96 96 48 12 66 ee 18>,
     absValidity: 2018-03-21T23:06:38.191Z,
     relValidity: 7200000 },
  sessionCryptoSpec: { cipher: 'AES-128-CBC', mac: 'SHA256' },
  sessionProtocol: 'TCP',
  handshakeTimeout: 50000 }
chosen nonce: <Buffer 39 55 23 6a 67 c0 bd 74>
switching to HANDSHAKE_1_SENT
disconnected from auth
Handler: secure connection with the server closed.
received session key handshake2!
client ret: [object Object]
server authenticated/authorized by solving nonce!
Handler: communication initialization succeeded
file data length: 1024
sending at Tue Mar 20 2018 23:06:39 GMT+0000 (UTC)
switching to IN_COMM
received secure communication message!
Received seqNum: 0
Handler: data received from server via secure communication
data1
Resp-actual/expected/ratio/ts: 3 3 1 1521587199612
Distribution protocol: TCP
Resp-actual/expected/ratio/ts: 3 4 0.75 1521587258085
connected to auth! from local port 42080
received auth hello!
{ authId: 401, nonce: <Buffer 42 34 b2 3d 87 74 31 b7> }
received session key response encrypted with distribution key
replyNonce in sessionKeyResp: <Buffer 78 2f 33 1e cc 20 67 0a>
auth nonce verified
handleSessionKeyResp: session key request succeeded! authFailureCount: 0
received 1 keys
currentSessionKey: [object Object]
Status: Secure connection closed before starting a new connection.
Session protocol: TCP
chosen commSessionKey: 
{ id: 40100023,
  cipherKeyVal: <Buffer 4c a5 51 1b 93 33 d0 65 b9 e5 a2 78 30 07 76 b7>,
  macKeyVal: <Buffer bf c0 1b 07 69 ca c9 63 07 10 d3 f0 bd dd 46 02 aa d2 f0 a6 92 68 87 9d 76 a3 ff 1c 31 1a d5 d0>,
  absValidity: 2018-03-21T23:07:38.244Z,
  relValidity: 7200000 }
options
{ serverHost: '10.0.1.11',
  serverPort: 22100,
  sessionKey: 
   { id: 40100023,
     cipherKeyVal: <Buffer 4c a5 51 1b 93 33 d0 65 b9 e5 a2 78 30 07 76 b7>,
     macKeyVal: <Buffer bf c0 1b 07 69 ca c9 63 07 10 d3 f0 bd dd 46 02 aa d2 f0 a6 92 68 87 9d 76 a3 ff 1c 31 1a d5 d0>,
     absValidity: 2018-03-21T23:07:38.244Z,
     relValidity: 7200000 },
  sessionCryptoSpec: { cipher: 'AES-128-CBC', mac: 'SHA256' },
  sessionProtocol: 'TCP',
  handshakeTimeout: 50000 }
chosen nonce: <Buffer 9a 4f 56 c3 40 a1 15 e7>
switching to HANDSHAKE_1_SENT
disconnected from auth
Handler: secure connection with the server closed.
received session key handshake2!
client ret: [object Object]
server authenticated/authorized by solving nonce!
Handler: communication initialization succeeded
file data length: 1024
sending at Tue Mar 20 2018 23:07:39 GMT+0000 (UTC)
switching to IN_COMM
received secure communication message!
Received seqNum: 0
Handler: data received from server via secure communication
data1
Resp-actual/expected/ratio/ts: 4 4 1 1521587259629
Distribution protocol: TCP
Resp-actual/expected/ratio/ts: 4 5 0.8 1521587318141
connected to auth! from local port 42350
received auth hello!
{ authId: 401, nonce: <Buffer 0b ea b4 b2 a3 d1 11 4b> }
received session key response encrypted with distribution key
replyNonce in sessionKeyResp: <Buffer 0d db 4f 5c 64 2c 7c 53>
auth nonce verified
handleSessionKeyResp: session key request succeeded! authFailureCount: 0
received 1 keys
currentSessionKey: [object Object]
Status: Secure connection closed before starting a new connection.
Session protocol: TCP
chosen commSessionKey: 
{ id: 40100029,
  cipherKeyVal: <Buffer fe 6b bf 41 0f 62 6b 3e 0b d2 ff 1a f8 7c e5 37>,
  macKeyVal: <Buffer 2e 23 8a 9d 51 b6 07 45 f5 8b 4a 25 98 5e de d6 11 39 8e 3c 68 e8 b7 68 d6 7d 0b a2 da 48 dd ac>,
  absValidity: 2018-03-21T23:08:38.299Z,
  relValidity: 7200000 }
options
{ serverHost: '10.0.1.11',
  serverPort: 22100,
  sessionKey: 
   { id: 40100029,
     cipherKeyVal: <Buffer fe 6b bf 41 0f 62 6b 3e 0b d2 ff 1a f8 7c e5 37>,
     macKeyVal: <Buffer 2e 23 8a 9d 51 b6 07 45 f5 8b 4a 25 98 5e de d6 11 39 8e 3c 68 e8 b7 68 d6 7d 0b a2 da 48 dd ac>,
     absValidity: 2018-03-21T23:08:38.299Z,
     relValidity: 7200000 },
  sessionCryptoSpec: { cipher: 'AES-128-CBC', mac: 'SHA256' },
  sessionProtocol: 'TCP',
  handshakeTimeout: 50000 }
chosen nonce: <Buffer d7 c0 41 d8 ac b6 55 12>
switching to HANDSHAKE_1_SENT
disconnected from auth
Handler: secure connection with the server closed.
received session key handshake2!
client ret: [object Object]
server authenticated/authorized by solving nonce!
Handler: communication initialization succeeded
file data length: 1024
sending at Tue Mar 20 2018 23:08:39 GMT+0000 (UTC)
switching to IN_COMM
received secure communication message!
Received seqNum: 0
Handler: data received from server via secure communication
data1
Resp-actual/expected/ratio/ts: 5 5 1 1521587319463
Distribution protocol: TCP
Resp-actual/expected/ratio/ts: 5 6 0.8333333333333334 1521587378197
connected to auth! from local port 42620
received auth hello!
{ authId: 401, nonce: <Buffer 1b 90 b5 de a8 4b 30 a6> }
received session key response encrypted with distribution key
replyNonce in sessionKeyResp: <Buffer 2b 1a b6 a6 5c 98 2c 98>
auth nonce verified
handleSessionKeyResp: session key request succeeded! authFailureCount: 0
received 1 keys
currentSessionKey: [object Object]
Status: Secure connection closed before starting a new connection.
Session protocol: TCP
chosen commSessionKey: 
{ id: 40100035,
  cipherKeyVal: <Buffer d9 88 d8 fc 99 d1 70 5c fc fd b4 b3 e2 b6 46 56>,
  macKeyVal: <Buffer 83 ec 7f 5f 22 9f 7f 3f 1c 70 bb ea 29 7c 7c 0d 72 21 1f 93 b5 46 09 4d af 21 20 55 e7 5c e2 e5>,
  absValidity: 2018-03-21T23:09:38.322Z,
  relValidity: 7200000 }
options
{ serverHost: '10.0.1.11',
  serverPort: 22100,
  sessionKey: 
   { id: 40100035,
     cipherKeyVal: <Buffer d9 88 d8 fc 99 d1 70 5c fc fd b4 b3 e2 b6 46 56>,
     macKeyVal: <Buffer 83 ec 7f 5f 22 9f 7f 3f 1c 70 bb ea 29 7c 7c 0d 72 21 1f 93 b5 46 09 4d af 21 20 55 e7 5c e2 e5>,
     absValidity: 2018-03-21T23:09:38.322Z,
     relValidity: 7200000 },
  sessionCryptoSpec: { cipher: 'AES-128-CBC', mac: 'SHA256' },
  sessionProtocol: 'TCP',
  handshakeTimeout: 50000 }
chosen nonce: <Buffer 5d 39 eb 1b 18 7a d2 cd>
switching to HANDSHAKE_1_SENT
disconnected from auth
Handler: secure connection with the server closed.
received session key handshake2!
client ret: [object Object]
server authenticated/authorized by solving nonce!
Handler: communication initialization succeeded
file data length: 1024
sending at Tue Mar 20 2018 23:09:39 GMT+0000 (UTC)
switching to IN_COMM
received secure communication message!
Received seqNum: 0
Handler: data received from server via secure communication
data1
Resp-actual/expected/ratio/ts: 6 6 1 1521587379547
Distribution protocol: TCP
Resp-actual/expected/ratio/ts: 6 7 0.8571428571428571 1521587438211
connected to auth! from local port 42890
received auth hello!
{ authId: 401, nonce: <Buffer e6 ce 26 b1 43 56 9a 58> }
received session key response encrypted with distribution key
replyNonce in sessionKeyResp: <Buffer ec a4 f2 0b a2 6f 49 fa>
auth nonce verified
handleSessionKeyResp: session key request succeeded! authFailureCount: 0
received 1 keys
currentSessionKey: [object Object]
Status: Secure connection closed before starting a new connection.
Session protocol: TCP
chosen commSessionKey: 
{ id: 40100041,
  cipherKeyVal: <Buffer 90 43 db 63 d0 b1 85 f9 bd b3 a6 69 27 4c 3b 75>,
  macKeyVal: <Buffer ff 64 2c 95 75 39 d6 f2 b4 c7 5a ff a0 a5 ba 7e 49 e0 3e ac c9 fc 00 03 6d 8e 4e 67 79 06 4c c8>,
  absValidity: 2018-03-21T23:10:38.333Z,
  relValidity: 7200000 }
options
{ serverHost: '10.0.1.11',
  serverPort: 22100,
  sessionKey: 
   { id: 40100041,
     cipherKeyVal: <Buffer 90 43 db 63 d0 b1 85 f9 bd b3 a6 69 27 4c 3b 75>,
     macKeyVal: <Buffer ff 64 2c 95 75 39 d6 f2 b4 c7 5a ff a0 a5 ba 7e 49 e0 3e ac c9 fc 00 03 6d 8e 4e 67 79 06 4c c8>,
     absValidity: 2018-03-21T23:10:38.333Z,
     relValidity: 7200000 },
  sessionCryptoSpec: { cipher: 'AES-128-CBC', mac: 'SHA256' },
  sessionProtocol: 'TCP',
  handshakeTimeout: 50000 }
disconnected from auth
chosen nonce: <Buffer 54 74 31 af 6c 33 33 cd>
switching to HANDSHAKE_1_SENT
Handler: secure connection with the server closed.
received session key handshake2!
client ret: [object Object]
server authenticated/authorized by solving nonce!
Handler: communication initialization succeeded
file data length: 1024
sending at Tue Mar 20 2018 23:10:39 GMT+0000 (UTC)
switching to IN_COMM
received secure communication message!
Received seqNum: 0
Handler: data received from server via secure communication
data1
Resp-actual/expected/ratio/ts: 7 7 1 1521587439589
Distribution protocol: TCP
Resp-actual/expected/ratio/ts: 7 8 0.875 1521587498270
connected to auth! from local port 43160
received auth hello!
{ authId: 401, nonce: <Buffer 85 01 e5 78 e9 15 c9 58> }
received session key response encrypted with distribution key
replyNonce in sessionKeyResp: <Buffer 0e f3 70 f1 14 d4 22 20>
auth nonce verified
handleSessionKeyResp: session key request succeeded! authFailureCount: 0
received 1 keys
currentSessionKey: [object Object]
Status: Secure connection closed before starting a new connection.
Session protocol: TCP
chosen commSessionKey: 
{ id: 40100047,
  cipherKeyVal: <Buffer 34 37 0b 39 e6 df f2 b6 5a e6 c0 c6 98 df a2 02>,
  macKeyVal: <Buffer 12 6f 9d ba e8 65 52 e0 dd e6 9c fa 68 93 7b 8d ef ee c9 f8 4d 16 2c c2 c7 8e 87 8c 20 5e c4 8e>,
  absValidity: 2018-03-21T23:11:38.419Z,
  relValidity: 7200000 }
options
{ serverHost: '10.0.1.11',
  serverPort: 22100,
  sessionKey: 
   { id: 40100047,
     cipherKeyVal: <Buffer 34 37 0b 39 e6 df f2 b6 5a e6 c0 c6 98 df a2 02>,
     macKeyVal: <Buffer 12 6f 9d ba e8 65 52 e0 dd e6 9c fa 68 93 7b 8d ef ee c9 f8 4d 16 2c c2 c7 8e 87 8c 20 5e c4 8e>,
     absValidity: 2018-03-21T23:11:38.419Z,
     relValidity: 7200000 },
  sessionCryptoSpec: { cipher: 'AES-128-CBC', mac: 'SHA256' },
  sessionProtocol: 'TCP',
  handshakeTimeout: 50000 }
chosen nonce: <Buffer 42 2a 1c 6d 26 10 08 a6>
switching to HANDSHAKE_1_SENT
disconnected from auth
Handler: secure connection with the server closed.
received session key handshake2!
client ret: [object Object]
server authenticated/authorized by solving nonce!
Handler: communication initialization succeeded
file data length: 1024
sending at Tue Mar 20 2018 23:11:39 GMT+0000 (UTC)
switching to IN_COMM
received secure communication message!
Received seqNum: 0
Handler: data received from server via secure communication
data1
Resp-actual/expected/ratio/ts: 8 8 1 1521587499610
Distribution protocol: TCP
Resp-actual/expected/ratio/ts: 8 9 0.8888888888888888 1521587558291
connected to auth! from local port 43418
received auth hello!
{ authId: 401, nonce: <Buffer 57 74 fe a7 ec 3c bf 1b> }
received session key response encrypted with distribution key
replyNonce in sessionKeyResp: <Buffer 90 c7 18 41 80 59 74 8a>
auth nonce verified
handleSessionKeyResp: session key request succeeded! authFailureCount: 0
received 1 keys
currentSessionKey: [object Object]
Status: Secure connection closed before starting a new connection.
Session protocol: TCP
chosen commSessionKey: 
{ id: 40100053,
  cipherKeyVal: <Buffer 5a 3e ff 34 ab a1 12 55 15 ca d2 06 d8 b8 24 84>,
  macKeyVal: <Buffer 8f f3 91 0e e6 f7 a3 f6 d9 bd 74 2f fb dc 90 5b 04 74 8e 44 0c 44 02 db 94 63 da 25 5c 08 8b 60>,
  absValidity: 2018-03-21T23:12:38.430Z,
  relValidity: 7200000 }
options
{ serverHost: '10.0.1.11',
  serverPort: 22100,
  sessionKey: 
   { id: 40100053,
     cipherKeyVal: <Buffer 5a 3e ff 34 ab a1 12 55 15 ca d2 06 d8 b8 24 84>,
     macKeyVal: <Buffer 8f f3 91 0e e6 f7 a3 f6 d9 bd 74 2f fb dc 90 5b 04 74 8e 44 0c 44 02 db 94 63 da 25 5c 08 8b 60>,
     absValidity: 2018-03-21T23:12:38.430Z,
     relValidity: 7200000 },
  sessionCryptoSpec: { cipher: 'AES-128-CBC', mac: 'SHA256' },
  sessionProtocol: 'TCP',
  handshakeTimeout: 50000 }
chosen nonce: <Buffer 5c 6f 88 a6 6e 9f 79 37>
switching to HANDSHAKE_1_SENT
disconnected from auth
Handler: secure connection with the server closed.
received session key handshake2!
client ret: [object Object]
server authenticated/authorized by solving nonce!
Handler: communication initialization succeeded
file data length: 1024
sending at Tue Mar 20 2018 23:12:39 GMT+0000 (UTC)
switching to IN_COMM
received secure communication message!
Received seqNum: 0
Handler: data received from server via secure communication
data1
Resp-actual/expected/ratio/ts: 9 9 1 1521587559789
Distribution protocol: TCP
Resp-actual/expected/ratio/ts: 9 10 0.9 1521587618317
connected to auth! from local port 43668
received auth hello!
{ authId: 401, nonce: <Buffer 66 23 fa 79 a6 ea a4 9c> }
received session key response encrypted with distribution key
replyNonce in sessionKeyResp: <Buffer e9 d0 9d c3 0a fb 7a af>
auth nonce verified
handleSessionKeyResp: session key request succeeded! authFailureCount: 0
received 1 keys
currentSessionKey: [object Object]
Status: Secure connection closed before starting a new connection.
Session protocol: TCP
chosen commSessionKey: 
{ id: 40100059,
  cipherKeyVal: <Buffer 19 7d 65 ab 83 b8 bf 2a 33 b0 40 17 ab b3 29 d5>,
  macKeyVal: <Buffer ff 6e ba 7c dd d7 59 1b 62 16 0f b6 4f 60 0e bd 0d 77 dc f3 61 f3 97 c2 1f 0e d8 f4 76 fd 22 c3>,
  absValidity: 2018-03-21T23:13:39.414Z,
  relValidity: 7200000 }
options
{ serverHost: '10.0.1.11',
  serverPort: 22100,
  sessionKey: 
   { id: 40100059,
     cipherKeyVal: <Buffer 19 7d 65 ab 83 b8 bf 2a 33 b0 40 17 ab b3 29 d5>,
     macKeyVal: <Buffer ff 6e ba 7c dd d7 59 1b 62 16 0f b6 4f 60 0e bd 0d 77 dc f3 61 f3 97 c2 1f 0e d8 f4 76 fd 22 c3>,
     absValidity: 2018-03-21T23:13:39.414Z,
     relValidity: 7200000 },
  sessionCryptoSpec: { cipher: 'AES-128-CBC', mac: 'SHA256' },
  sessionProtocol: 'TCP',
  handshakeTimeout: 50000 }
chosen nonce: <Buffer 32 08 96 ce 50 9b d5 0b>
switching to HANDSHAKE_1_SENT
disconnected from auth
Handler: secure connection with the server closed.
received session key handshake2!
client ret: [object Object]
server authenticated/authorized by solving nonce!
Handler: communication initialization succeeded
file data length: 1024
sending at Tue Mar 20 2018 23:13:42 GMT+0000 (UTC)
switching to IN_COMM
received secure communication message!
Received seqNum: 0
Handler: data received from server via secure communication
data1
Resp-actual/expected/ratio/ts: 10 10 1 1521587623093
Distribution protocol: TCP
Resp-actual/expected/ratio/ts: 10 11 0.9090909090909091 1521587678373
connected to auth! from local port 43932
received auth hello!
{ authId: 401, nonce: <Buffer 63 a6 9d 9b fd 96 ab e0> }
received session key response encrypted with distribution key
replyNonce in sessionKeyResp: <Buffer da fa 70 35 71 3c 40 8c>
auth nonce verified
handleSessionKeyResp: session key request succeeded! authFailureCount: 0
received 1 keys
currentSessionKey: [object Object]
Status: Secure connection closed before starting a new connection.
Session protocol: TCP
chosen commSessionKey: 
{ id: 40100066,
  cipherKeyVal: <Buffer fb b4 3d c1 71 fe 25 55 68 26 e6 5d 8d 8b b1 ca>,
  macKeyVal: <Buffer e0 c7 b5 cf f2 af 8d b9 9c 40 a3 56 e3 10 2b 76 6b 10 b4 58 8b e5 c3 1c eb 78 7d 9e 9c e3 68 94>,
  absValidity: 2018-03-21T23:14:42.210Z,
  relValidity: 7200000 }
options
{ serverHost: '10.0.1.11',
  serverPort: 22100,
  sessionKey: 
   { id: 40100066,
     cipherKeyVal: <Buffer fb b4 3d c1 71 fe 25 55 68 26 e6 5d 8d 8b b1 ca>,
     macKeyVal: <Buffer e0 c7 b5 cf f2 af 8d b9 9c 40 a3 56 e3 10 2b 76 6b 10 b4 58 8b e5 c3 1c eb 78 7d 9e 9c e3 68 94>,
     absValidity: 2018-03-21T23:14:42.210Z,
     relValidity: 7200000 },
  sessionCryptoSpec: { cipher: 'AES-128-CBC', mac: 'SHA256' },
  sessionProtocol: 'TCP',
  handshakeTimeout: 50000 }
chosen nonce: <Buffer b7 26 cd 2b 48 04 80 f1>
switching to HANDSHAKE_1_SENT
disconnected from auth
Handler: secure connection with the server closed.
received session key handshake2!
client ret: [object Object]
server authenticated/authorized by solving nonce!
Handler: communication initialization succeeded
file data length: 1024
sending at Tue Mar 20 2018 23:14:46 GMT+0000 (UTC)
switching to IN_COMM
received secure communication message!
Received seqNum: 0
Handler: data received from server via secure communication
data1
Resp-actual/expected/ratio/ts: 11 11 1 1521587687057
Distribution protocol: TCP
Resp-actual/expected/ratio/ts: 11 12 0.9166666666666666 1521587738425
connected to auth! from local port 44202
received auth hello!
{ authId: 401, nonce: <Buffer b3 ac 4b 69 9c 5c ed be> }
received session key response encrypted with distribution key
replyNonce in sessionKeyResp: <Buffer ca 75 24 e5 96 7e 81 ec>
auth nonce verified
handleSessionKeyResp: session key request succeeded! authFailureCount: 0
received 1 keys
currentSessionKey: [object Object]
Status: Secure connection closed before starting a new connection.
Session protocol: TCP
chosen commSessionKey: 
{ id: 40100076,
  cipherKeyVal: <Buffer 10 ec 47 cc 11 29 08 1e 62 0e e7 3c 70 a1 32 ba>,
  macKeyVal: <Buffer 1c da c1 08 43 69 fd 1a 31 30 70 21 d5 a0 13 21 37 4f 3a 62 8d 6b 13 8a 85 21 94 74 aa a9 a2 8c>,
  absValidity: 2018-03-21T23:15:42.262Z,
  relValidity: 7200000 }
options
{ serverHost: '10.0.1.11',
  serverPort: 22100,
  sessionKey: 
   { id: 40100076,
     cipherKeyVal: <Buffer 10 ec 47 cc 11 29 08 1e 62 0e e7 3c 70 a1 32 ba>,
     macKeyVal: <Buffer 1c da c1 08 43 69 fd 1a 31 30 70 21 d5 a0 13 21 37 4f 3a 62 8d 6b 13 8a 85 21 94 74 aa a9 a2 8c>,
     absValidity: 2018-03-21T23:15:42.262Z,
     relValidity: 7200000 },
  sessionCryptoSpec: { cipher: 'AES-128-CBC', mac: 'SHA256' },
  sessionProtocol: 'TCP',
  handshakeTimeout: 50000 }
chosen nonce: <Buffer ec c4 62 e2 26 24 df ec>
switching to HANDSHAKE_1_SENT
disconnected from auth
Handler: secure connection with the server closed.
received session key handshake2!
client ret: [object Object]
server authenticated/authorized by solving nonce!
Handler: communication initialization succeeded
file data length: 1024
sending at Tue Mar 20 2018 23:15:46 GMT+0000 (UTC)
switching to IN_COMM
received secure communication message!
Received seqNum: 0
Handler: data received from server via secure communication
data1
Resp-actual/expected/ratio/ts: 12 12 1 1521587747106
Distribution protocol: TCP
Resp-actual/expected/ratio/ts: 12 13 0.9230769230769231 1521587798460
connected to auth! from local port 44474
received auth hello!
{ authId: 401, nonce: <Buffer 5f 1a 14 23 74 eb f7 1b> }
received session key response encrypted with distribution key
replyNonce in sessionKeyResp: <Buffer c2 15 8f 88 5b 74 3c 79>
auth nonce verified
handleSessionKeyResp: session key request succeeded! authFailureCount: 0
received 1 keys
currentSessionKey: [object Object]
Status: Secure connection closed before starting a new connection.
Session protocol: TCP
chosen commSessionKey: 
{ id: 40100087,
  cipherKeyVal: <Buffer 46 de f9 7a ec e4 0a c7 c1 5a 06 73 cc 7b 66 d5>,
  macKeyVal: <Buffer cb 94 95 70 a2 4c 6b ca ea de 82 e0 6b 39 f2 02 32 82 04 b8 e0 dc 1a ab 24 c0 54 ee 51 40 e9 07>,
  absValidity: 2018-03-21T23:16:42.894Z,
  relValidity: 7200000 }
options
{ serverHost: '10.0.1.11',
  serverPort: 22100,
  sessionKey: 
   { id: 40100087,
     cipherKeyVal: <Buffer 46 de f9 7a ec e4 0a c7 c1 5a 06 73 cc 7b 66 d5>,
     macKeyVal: <Buffer cb 94 95 70 a2 4c 6b ca ea de 82 e0 6b 39 f2 02 32 82 04 b8 e0 dc 1a ab 24 c0 54 ee 51 40 e9 07>,
     absValidity: 2018-03-21T23:16:42.894Z,
     relValidity: 7200000 },
  sessionCryptoSpec: { cipher: 'AES-128-CBC', mac: 'SHA256' },
  sessionProtocol: 'TCP',
  handshakeTimeout: 50000 }
chosen nonce: <Buffer 7c fa 9c 07 e9 0b c8 2f>
switching to HANDSHAKE_1_SENT
disconnected from auth
Handler: secure connection with the server closed.
received session key handshake2!
client ret: [object Object]
server authenticated/authorized by solving nonce!
Handler: communication initialization succeeded
file data length: 1024
sending at Tue Mar 20 2018 23:16:47 GMT+0000 (UTC)
switching to IN_COMM
received secure communication message!
Received seqNum: 0
Handler: data received from server via secure communication
data1
Resp-actual/expected/ratio/ts: 13 13 1 1521587807928
Distribution protocol: TCP
Resp-actual/expected/ratio/ts: 13 14 0.9285714285714286 1521587858511
connected to auth! from local port 44748
received auth hello!
{ authId: 401, nonce: <Buffer 53 32 a4 e0 fd 1e 23 32> }
received session key response encrypted with distribution key
replyNonce in sessionKeyResp: <Buffer 71 df ff 02 a9 45 0c 41>
auth nonce verified
handleSessionKeyResp: session key request succeeded! authFailureCount: 0
received 1 keys
currentSessionKey: [object Object]
Status: Secure connection closed before starting a new connection.
Session protocol: TCP
chosen commSessionKey: 
{ id: 40100097,
  cipherKeyVal: <Buffer 13 5c 42 36 83 50 40 c9 12 59 cb 17 ce 74 90 c8>,
  macKeyVal: <Buffer aa b4 4d 84 b1 2c a4 c4 7c fc f2 eb c0 22 50 51 06 20 74 84 2a 27 b3 46 1f 37 2a f0 1a fb e6 38>,
  absValidity: 2018-03-21T23:17:42.420Z,
  relValidity: 7200000 }
options
{ serverHost: '10.0.1.11',
  serverPort: 22100,
  sessionKey: 
   { id: 40100097,
     cipherKeyVal: <Buffer 13 5c 42 36 83 50 40 c9 12 59 cb 17 ce 74 90 c8>,
     macKeyVal: <Buffer aa b4 4d 84 b1 2c a4 c4 7c fc f2 eb c0 22 50 51 06 20 74 84 2a 27 b3 46 1f 37 2a f0 1a fb e6 38>,
     absValidity: 2018-03-21T23:17:42.420Z,
     relValidity: 7200000 },
  sessionCryptoSpec: { cipher: 'AES-128-CBC', mac: 'SHA256' },
  sessionProtocol: 'TCP',
  handshakeTimeout: 50000 }
chosen nonce: <Buffer 78 b4 4c 67 48 d3 3e 4e>
switching to HANDSHAKE_1_SENT
disconnected from auth
Handler: secure connection with the server closed.
received session key handshake2!
client ret: [object Object]
server authenticated/authorized by solving nonce!
Handler: communication initialization succeeded
file data length: 1024
sending at Tue Mar 20 2018 23:17:46 GMT+0000 (UTC)
switching to IN_COMM
received secure communication message!
Received seqNum: 0
Handler: data received from server via secure communication
data1
Resp-actual/expected/ratio/ts: 14 14 1 1521587867230
Distribution protocol: TCP
Resp-actual/expected/ratio/ts: 14 15 0.9333333333333333 1521587918561
connected to auth! from local port 45022
received auth hello!
{ authId: 401, nonce: <Buffer 09 a9 de 46 b3 c9 8e 95> }
received session key response encrypted with distribution key
replyNonce in sessionKeyResp: <Buffer 3c ee 29 2d 12 47 78 87>
auth nonce verified
handleSessionKeyResp: session key request succeeded! authFailureCount: 0
received 1 keys
currentSessionKey: [object Object]
Status: Secure connection closed before starting a new connection.
Session protocol: TCP
chosen commSessionKey: 
{ id: 40100108,
  cipherKeyVal: <Buffer c7 9d fa bf 52 fc 5b a9 ca 5d 68 e5 e8 29 42 10>,
  macKeyVal: <Buffer 82 c7 40 07 ac 85 3a f4 c5 0f a3 8b 91 ee 9e 16 77 f4 78 dc e7 b0 2c 72 f2 56 8f 8f e1 31 bd 8c>,
  absValidity: 2018-03-21T23:18:42.434Z,
  relValidity: 7200000 }
options
{ serverHost: '10.0.1.11',
  serverPort: 22100,
  sessionKey: 
   { id: 40100108,
     cipherKeyVal: <Buffer c7 9d fa bf 52 fc 5b a9 ca 5d 68 e5 e8 29 42 10>,
     macKeyVal: <Buffer 82 c7 40 07 ac 85 3a f4 c5 0f a3 8b 91 ee 9e 16 77 f4 78 dc e7 b0 2c 72 f2 56 8f 8f e1 31 bd 8c>,
     absValidity: 2018-03-21T23:18:42.434Z,
     relValidity: 7200000 },
  sessionCryptoSpec: { cipher: 'AES-128-CBC', mac: 'SHA256' },
  sessionProtocol: 'TCP',
  handshakeTimeout: 50000 }
chosen nonce: <Buffer 5e 43 7e e6 94 5b 08 bf>
switching to HANDSHAKE_1_SENT
disconnected from auth
Handler: secure connection with the server closed.
received session key handshake2!
client ret: [object Object]
server authenticated/authorized by solving nonce!
Handler: communication initialization succeeded
file data length: 1024
sending at Tue Mar 20 2018 23:18:46 GMT+0000 (UTC)
switching to IN_COMM
received secure communication message!
Received seqNum: 0
Handler: data received from server via secure communication
data1
Resp-actual/expected/ratio/ts: 15 15 1 1521587927265
Distribution protocol: TCP
Resp-actual/expected/ratio/ts: 15 16 0.9375 1521587978609
connected to auth! from local port 45292
received auth hello!
{ authId: 401, nonce: <Buffer 92 2f 36 04 96 fa 63 ff> }
received session key response encrypted with distribution key
replyNonce in sessionKeyResp: <Buffer 1f 73 39 f8 6f 62 f8 c5>
auth nonce verified
handleSessionKeyResp: session key request succeeded! authFailureCount: 0
received 1 keys
currentSessionKey: [object Object]
Status: Secure connection closed before starting a new connection.
Session protocol: TCP
chosen commSessionKey: 
{ id: 40100119,
  cipherKeyVal: <Buffer 59 7c b5 30 06 30 c5 97 c7 43 88 48 a3 21 19 1e>,
  macKeyVal: <Buffer 51 5c 71 a8 03 24 e9 84 0d 82 c8 93 bc 41 75 bb c3 f1 8e d4 75 9d 2f 94 0f ca 82 a4 8b 37 fa 10>,
  absValidity: 2018-03-21T23:19:42.513Z,
  relValidity: 7200000 }
options
{ serverHost: '10.0.1.11',
  serverPort: 22100,
  sessionKey: 
   { id: 40100119,
     cipherKeyVal: <Buffer 59 7c b5 30 06 30 c5 97 c7 43 88 48 a3 21 19 1e>,
     macKeyVal: <Buffer 51 5c 71 a8 03 24 e9 84 0d 82 c8 93 bc 41 75 bb c3 f1 8e d4 75 9d 2f 94 0f ca 82 a4 8b 37 fa 10>,
     absValidity: 2018-03-21T23:19:42.513Z,
     relValidity: 7200000 },
  sessionCryptoSpec: { cipher: 'AES-128-CBC', mac: 'SHA256' },
  sessionProtocol: 'TCP',
  handshakeTimeout: 50000 }
chosen nonce: <Buffer aa e4 10 44 7b 50 49 f6>
switching to HANDSHAKE_1_SENT
disconnected from auth
Handler: secure connection with the server closed.
received session key handshake2!
client ret: [object Object]
server authenticated/authorized by solving nonce!
Handler: communication initialization succeeded
file data length: 1024
sending at Tue Mar 20 2018 23:19:47 GMT+0000 (UTC)
switching to IN_COMM
received secure communication message!
Received seqNum: 0
Handler: data received from server via secure communication
data1
Resp-actual/expected/ratio/ts: 16 16 1 1521587987348
Distribution protocol: TCP
Resp-actual/expected/ratio/ts: 16 17 0.9411764705882353 1521588038628
connected to auth! from local port 45562
received auth hello!
{ authId: 401, nonce: <Buffer 61 c3 94 25 15 92 58 be> }
received session key response encrypted with distribution key
replyNonce in sessionKeyResp: <Buffer 88 64 1f 1e ec c5 ac 66>
auth nonce verified
handleSessionKeyResp: session key request succeeded! authFailureCount: 0
received 1 keys
currentSessionKey: [object Object]
Status: Secure connection closed before starting a new connection.
Session protocol: TCP
chosen commSessionKey: 
{ id: 40100131,
  cipherKeyVal: <Buffer b7 f0 9c 72 ed 18 50 2c df 71 ce f1 a6 6c 00 c1>,
  macKeyVal: <Buffer be 99 3e ef fd b3 ef d7 91 21 94 f2 5f b8 bf af 2a aa 20 c0 1d 1f 55 e7 8c 19 40 6f 35 86 82 ea>,
  absValidity: 2018-03-21T23:20:43.092Z,
  relValidity: 7200000 }
options
{ serverHost: '10.0.1.11',
  serverPort: 22100,
  sessionKey: 
   { id: 40100131,
     cipherKeyVal: <Buffer b7 f0 9c 72 ed 18 50 2c df 71 ce f1 a6 6c 00 c1>,
     macKeyVal: <Buffer be 99 3e ef fd b3 ef d7 91 21 94 f2 5f b8 bf af 2a aa 20 c0 1d 1f 55 e7 8c 19 40 6f 35 86 82 ea>,
     absValidity: 2018-03-21T23:20:43.092Z,
     relValidity: 7200000 },
  sessionCryptoSpec: { cipher: 'AES-128-CBC', mac: 'SHA256' },
  sessionProtocol: 'TCP',
  handshakeTimeout: 50000 }
chosen nonce: <Buffer b5 eb f8 40 a6 71 4d 0b>
switching to HANDSHAKE_1_SENT
disconnected from auth
Handler: secure connection with the server closed.
received session key handshake2!
client ret: [object Object]
server authenticated/authorized by solving nonce!
Handler: communication initialization succeeded
file data length: 1024
sending at Tue Mar 20 2018 23:20:49 GMT+0000 (UTC)
switching to IN_COMM
received secure communication message!
Received seqNum: 0
Handler: data received from server via secure communication
data1
Resp-actual/expected/ratio/ts: 17 17 1 1521588049825
Distribution protocol: TCP
Resp-actual/expected/ratio/ts: 17 18 0.9444444444444444 1521588098677
connected to auth! from local port 45832
received auth hello!
{ authId: 401, nonce: <Buffer 55 93 85 4c d5 2e 8c 42> }
received session key response encrypted with distribution key
replyNonce in sessionKeyResp: <Buffer ad 5c 9b fb a1 73 06 37>
auth nonce verified
handleSessionKeyResp: session key request succeeded! authFailureCount: 0
received 1 keys
currentSessionKey: [object Object]
Status: Secure connection closed before starting a new connection.
Session protocol: TCP
chosen commSessionKey: 
{ id: 40100142,
  cipherKeyVal: <Buffer 56 d1 7e c9 35 b0 9a 3f 8e c9 42 79 9e 05 61 5b>,
  macKeyVal: <Buffer 75 17 30 34 ce 41 78 52 ca 16 5c eb 9b e4 e3 e0 dc 3a 7a ec 71 c0 ae 56 ad ad 75 21 aa 40 c2 3f>,
  absValidity: 2018-03-21T23:21:43.182Z,
  relValidity: 7200000 }
options
{ serverHost: '10.0.1.11',
  serverPort: 22100,
  sessionKey: 
   { id: 40100142,
     cipherKeyVal: <Buffer 56 d1 7e c9 35 b0 9a 3f 8e c9 42 79 9e 05 61 5b>,
     macKeyVal: <Buffer 75 17 30 34 ce 41 78 52 ca 16 5c eb 9b e4 e3 e0 dc 3a 7a ec 71 c0 ae 56 ad ad 75 21 aa 40 c2 3f>,
     absValidity: 2018-03-21T23:21:43.182Z,
     relValidity: 7200000 },
  sessionCryptoSpec: { cipher: 'AES-128-CBC', mac: 'SHA256' },
  sessionProtocol: 'TCP',
  handshakeTimeout: 50000 }
chosen nonce: <Buffer 46 fa 37 32 1d 7c 85 74>
switching to HANDSHAKE_1_SENT
disconnected from auth
Handler: secure connection with the server closed.
received session key handshake2!
client ret: [object Object]
server authenticated/authorized by solving nonce!
Handler: communication initialization succeeded
file data length: 1024
sending at Tue Mar 20 2018 23:21:49 GMT+0000 (UTC)
switching to IN_COMM
received secure communication message!
Received seqNum: 0
Handler: data received from server via secure communication
data1
Resp-actual/expected/ratio/ts: 18 18 1 1521588110197
Distribution protocol: TCP
Resp-actual/expected/ratio/ts: 18 19 0.9473684210526315 1521588158726
connected to auth! from local port 46102
received auth hello!
{ authId: 401, nonce: <Buffer e9 ab a7 3f 3e ec ea 57> }
received session key response encrypted with distribution key
replyNonce in sessionKeyResp: <Buffer a0 37 a2 fd d4 05 f8 ef>
auth nonce verified
handleSessionKeyResp: session key request succeeded! authFailureCount: 0
received 1 keys
currentSessionKey: [object Object]
Status: Secure connection closed before starting a new connection.
Session protocol: TCP
chosen commSessionKey: 
{ id: 40100153,
  cipherKeyVal: <Buffer c8 da 08 e5 d4 eb d0 19 cf c5 2d 7a ee d5 36 cc>,
  macKeyVal: <Buffer 00 da 4d 34 4d ba da 4e c9 13 9d b3 b8 2e b7 7f 87 a3 e2 b6 30 f9 31 73 9a 26 73 94 3c 74 39 8e>,
  absValidity: 2018-03-21T23:22:43.186Z,
  relValidity: 7200000 }
options
{ serverHost: '10.0.1.11',
  serverPort: 22100,
  sessionKey: 
   { id: 40100153,
     cipherKeyVal: <Buffer c8 da 08 e5 d4 eb d0 19 cf c5 2d 7a ee d5 36 cc>,
     macKeyVal: <Buffer 00 da 4d 34 4d ba da 4e c9 13 9d b3 b8 2e b7 7f 87 a3 e2 b6 30 f9 31 73 9a 26 73 94 3c 74 39 8e>,
     absValidity: 2018-03-21T23:22:43.186Z,
     relValidity: 7200000 },
  sessionCryptoSpec: { cipher: 'AES-128-CBC', mac: 'SHA256' },
  sessionProtocol: 'TCP',
  handshakeTimeout: 50000 }
chosen nonce: <Buffer f4 ee 69 c2 89 8c 66 fa>
switching to HANDSHAKE_1_SENT
disconnected from auth
Handler: secure connection with the server closed.
received session key handshake2!
client ret: [object Object]
server authenticated/authorized by solving nonce!
Handler: communication initialization succeeded
file data length: 1024
sending at Tue Mar 20 2018 23:22:47 GMT+0000 (UTC)
switching to IN_COMM
received secure communication message!
Received seqNum: 0
Handler: data received from server via secure communication
data1
Resp-actual/expected/ratio/ts: 19 19 1 1521588168007
Distribution protocol: TCP
Resp-actual/expected/ratio/ts: 19 20 0.95 1521588218777
connected to auth! from local port 46372
received auth hello!
{ authId: 401, nonce: <Buffer 5f 8a 35 b6 92 3e 40 92> }
received session key response encrypted with distribution key
replyNonce in sessionKeyResp: <Buffer 51 f2 05 65 60 78 95 26>
auth nonce verified
handleSessionKeyResp: session key request succeeded! authFailureCount: 0
received 1 keys
currentSessionKey: [object Object]
Status: Secure connection closed before starting a new connection.
Session protocol: TCP
chosen commSessionKey: 
{ id: 40100164,
  cipherKeyVal: <Buffer 19 16 b8 85 6c c6 c3 a3 f2 11 15 2a ca 83 47 f5>,
  macKeyVal: <Buffer a5 63 90 19 97 1f ee 4b f8 84 6c e3 c6 00 e9 b2 42 13 cf c6 86 e8 bf 2c c0 12 1b 62 9f 45 01 77>,
  absValidity: 2018-03-21T23:23:43.207Z,
  relValidity: 7200000 }
options
{ serverHost: '10.0.1.11',
  serverPort: 22100,
  sessionKey: 
   { id: 40100164,
     cipherKeyVal: <Buffer 19 16 b8 85 6c c6 c3 a3 f2 11 15 2a ca 83 47 f5>,
     macKeyVal: <Buffer a5 63 90 19 97 1f ee 4b f8 84 6c e3 c6 00 e9 b2 42 13 cf c6 86 e8 bf 2c c0 12 1b 62 9f 45 01 77>,
     absValidity: 2018-03-21T23:23:43.207Z,
     relValidity: 7200000 },
  sessionCryptoSpec: { cipher: 'AES-128-CBC', mac: 'SHA256' },
  sessionProtocol: 'TCP',
  handshakeTimeout: 50000 }
chosen nonce: <Buffer 03 57 ae bf 16 1d ce 6e>
switching to HANDSHAKE_1_SENT
disconnected from auth
Handler: secure connection with the server closed.
received session key handshake2!
client ret: [object Object]
server authenticated/authorized by solving nonce!
Handler: communication initialization succeeded
file data length: 1024
sending at Tue Mar 20 2018 23:23:49 GMT+0000 (UTC)
switching to IN_COMM
received secure communication message!
Received seqNum: 0
Handler: data received from server via secure communication
data1
Resp-actual/expected/ratio/ts: 20 20 1 1521588229808
Distribution protocol: TCP
Resp-actual/expected/ratio/ts: 20 21 0.9523809523809523 1521588278826
connected to auth! from local port 46642
received auth hello!
{ authId: 401, nonce: <Buffer 68 31 af 76 3f 7f 2a e1> }
received session key response encrypted with distribution key
replyNonce in sessionKeyResp: <Buffer ab 5e 00 44 25 16 d5 af>
auth nonce verified
handleSessionKeyResp: session key request succeeded! authFailureCount: 0
received 1 keys
currentSessionKey: [object Object]
Status: Secure connection closed before starting a new connection.
Session protocol: TCP
chosen commSessionKey: 
{ id: 40100175,
  cipherKeyVal: <Buffer ee 34 9c 1c 24 96 b0 51 87 82 80 5b 2c 3f 33 7f>,
  macKeyVal: <Buffer ef dd b7 02 09 16 76 01 a5 31 24 f3 99 eb 89 bd 5e 68 e6 37 6a 44 66 e9 d6 b7 69 48 97 8c e3 f4>,
  absValidity: 2018-03-21T23:24:43.285Z,
  relValidity: 7200000 }
options
{ serverHost: '10.0.1.11',
  serverPort: 22100,
  sessionKey: 
   { id: 40100175,
     cipherKeyVal: <Buffer ee 34 9c 1c 24 96 b0 51 87 82 80 5b 2c 3f 33 7f>,
     macKeyVal: <Buffer ef dd b7 02 09 16 76 01 a5 31 24 f3 99 eb 89 bd 5e 68 e6 37 6a 44 66 e9 d6 b7 69 48 97 8c e3 f4>,
     absValidity: 2018-03-21T23:24:43.285Z,
     relValidity: 7200000 },
  sessionCryptoSpec: { cipher: 'AES-128-CBC', mac: 'SHA256' },
  sessionProtocol: 'TCP',
  handshakeTimeout: 50000 }
chosen nonce: <Buffer 34 a6 0c b7 05 4f 4e 2f>
switching to HANDSHAKE_1_SENT
disconnected from auth
Handler: secure connection with the server closed.
received session key handshake2!
client ret: [object Object]
server authenticated/authorized by solving nonce!
Handler: communication initialization succeeded
file data length: 1024
sending at Tue Mar 20 2018 23:24:52 GMT+0000 (UTC)
switching to IN_COMM
received secure communication message!
Received seqNum: 0
Handler: data received from server via secure communication
data1
Resp-actual/expected/ratio/ts: 21 21 1 1521588292683
Distribution protocol: TCP
Resp-actual/expected/ratio/ts: 21 22 0.9545454545454546 1521588338871
connected to auth! from local port 46912
received auth hello!
{ authId: 401, nonce: <Buffer a1 ee 4e ac f1 36 07 8a> }
received session key response encrypted with distribution key
replyNonce in sessionKeyResp: <Buffer ca 46 ae a8 ba 75 d7 29>
auth nonce verified
handleSessionKeyResp: session key request succeeded! authFailureCount: 0
received 1 keys
currentSessionKey: [object Object]
Status: Secure connection closed before starting a new connection.
Session protocol: TCP
chosen commSessionKey: 
{ id: 40100186,
  cipherKeyVal: <Buffer 5f a2 83 0a d2 b8 13 55 8d d3 50 b1 96 dc 3e fb>,
  macKeyVal: <Buffer 22 29 09 11 7a 71 1a b0 d6 fd ec 51 d2 09 08 18 08 f4 39 95 11 91 34 46 fd a4 85 c2 1e cb ce ea>,
  absValidity: 2018-03-21T23:25:43.289Z,
  relValidity: 7200000 }
options
{ serverHost: '10.0.1.11',
  serverPort: 22100,
  sessionKey: 
   { id: 40100186,
     cipherKeyVal: <Buffer 5f a2 83 0a d2 b8 13 55 8d d3 50 b1 96 dc 3e fb>,
     macKeyVal: <Buffer 22 29 09 11 7a 71 1a b0 d6 fd ec 51 d2 09 08 18 08 f4 39 95 11 91 34 46 fd a4 85 c2 1e cb ce ea>,
     absValidity: 2018-03-21T23:25:43.289Z,
     relValidity: 7200000 },
  sessionCryptoSpec: { cipher: 'AES-128-CBC', mac: 'SHA256' },
  sessionProtocol: 'TCP',
  handshakeTimeout: 50000 }
chosen nonce: <Buffer 78 84 90 bd c0 f0 ce ad>
switching to HANDSHAKE_1_SENT
disconnected from auth
Handler: secure connection with the server closed.
received session key handshake2!
client ret: [object Object]
server authenticated/authorized by solving nonce!
Handler: communication initialization succeeded
file data length: 1024
sending at Tue Mar 20 2018 23:25:53 GMT+0000 (UTC)
switching to IN_COMM
received secure communication message!
Received seqNum: 0
Handler: data received from server via secure communication
data1
Resp-actual/expected/ratio/ts: 22 22 1 1521588353396
Distribution protocol: TCP
Resp-actual/expected/ratio/ts: 22 23 0.9565217391304348 1521588398902
connected to auth! from local port 47182
received auth hello!
{ authId: 401, nonce: <Buffer 4e 5f 1b e4 e4 75 cf 8d> }
received session key response encrypted with distribution key
replyNonce in sessionKeyResp: <Buffer bc 12 e5 3f f3 91 2d ac>
auth nonce verified
handleSessionKeyResp: session key request succeeded! authFailureCount: 0
received 1 keys
currentSessionKey: [object Object]
Status: Secure connection closed before starting a new connection.
Session protocol: TCP
chosen commSessionKey: 
{ id: 40100197,
  cipherKeyVal: <Buffer 32 f6 4f 5b cf 28 8e 95 1b e7 0c 79 2c 9c bd d9>,
  macKeyVal: <Buffer 46 2a 49 14 d8 32 4d e8 06 f7 5a 4f 4e a6 9a 1a 05 81 bb 13 10 34 92 f8 f0 97 05 41 95 b2 d5 20>,
  absValidity: 2018-03-21T23:26:43.418Z,
  relValidity: 7200000 }
options
{ serverHost: '10.0.1.11',
  serverPort: 22100,
  sessionKey: 
   { id: 40100197,
     cipherKeyVal: <Buffer 32 f6 4f 5b cf 28 8e 95 1b e7 0c 79 2c 9c bd d9>,
     macKeyVal: <Buffer 46 2a 49 14 d8 32 4d e8 06 f7 5a 4f 4e a6 9a 1a 05 81 bb 13 10 34 92 f8 f0 97 05 41 95 b2 d5 20>,
     absValidity: 2018-03-21T23:26:43.418Z,
     relValidity: 7200000 },
  sessionCryptoSpec: { cipher: 'AES-128-CBC', mac: 'SHA256' },
  sessionProtocol: 'TCP',
  handshakeTimeout: 50000 }
chosen nonce: <Buffer 27 fe b1 2e 91 ac a4 8d>
switching to HANDSHAKE_1_SENT
disconnected from auth
Handler: secure connection with the server closed.
received session key handshake2!
client ret: [object Object]
server authenticated/authorized by solving nonce!
Handler: communication initialization succeeded
file data length: 1024
sending at Tue Mar 20 2018 23:26:51 GMT+0000 (UTC)
switching to IN_COMM
received secure communication message!
Received seqNum: 0
Handler: data received from server via secure communication
data1
Resp-actual/expected/ratio/ts: 23 23 1 1521588412203
Distribution protocol: TCP
Resp-actual/expected/ratio/ts: 23 24 0.9583333333333334 1521588458947
connected to auth! from local port 47452
received auth hello!
{ authId: 401, nonce: <Buffer b0 76 f9 35 9b c7 4c be> }
received session key response encrypted with distribution key
replyNonce in sessionKeyResp: <Buffer be 3d 4c ff 23 bf 8b 6c>
auth nonce verified
handleSessionKeyResp: session key request succeeded! authFailureCount: 0
received 1 keys
currentSessionKey: [object Object]
Status: Secure connection closed before starting a new connection.
Session protocol: TCP
chosen commSessionKey: 
{ id: 40100207,
  cipherKeyVal: <Buffer 76 c9 9b 64 9b 40 a3 e1 82 40 05 14 b8 de ae 96>,
  macKeyVal: <Buffer f9 6a 5f 03 fd 21 4b 16 cc ad 41 c0 df b2 e8 9a 5b 41 a8 6f 90 f5 4d 76 cd 1b d5 df f7 42 7c 2a>,
  absValidity: 2018-03-21T23:27:43.030Z,
  relValidity: 7200000 }
options
{ serverHost: '10.0.1.11',
  serverPort: 22100,
  sessionKey: 
   { id: 40100207,
     cipherKeyVal: <Buffer 76 c9 9b 64 9b 40 a3 e1 82 40 05 14 b8 de ae 96>,
     macKeyVal: <Buffer f9 6a 5f 03 fd 21 4b 16 cc ad 41 c0 df b2 e8 9a 5b 41 a8 6f 90 f5 4d 76 cd 1b d5 df f7 42 7c 2a>,
     absValidity: 2018-03-21T23:27:43.030Z,
     relValidity: 7200000 },
  sessionCryptoSpec: { cipher: 'AES-128-CBC', mac: 'SHA256' },
  sessionProtocol: 'TCP',
  handshakeTimeout: 50000 }
chosen nonce: <Buffer 9a 6f a6 d3 ee 70 0d cb>
switching to HANDSHAKE_1_SENT
disconnected from auth
Handler: secure connection with the server closed.
received session key handshake2!
client ret: [object Object]
server authenticated/authorized by solving nonce!
Handler: communication initialization succeeded
file data length: 1024
sending at Tue Mar 20 2018 23:27:47 GMT+0000 (UTC)
switching to IN_COMM
received secure communication message!
Received seqNum: 0
Handler: data received from server via secure communication
data1
Resp-actual/expected/ratio/ts: 24 24 1 1521588467692
Distribution protocol: TCP
Resp-actual/expected/ratio/ts: 24 25 0.96 1521588518975
connected to auth! from local port 47722
received auth hello!
{ authId: 401, nonce: <Buffer 13 b6 18 b7 95 e5 8d 46> }
received session key response encrypted with distribution key
replyNonce in sessionKeyResp: <Buffer cc 3f 15 f4 3e 16 b8 29>
auth nonce verified
handleSessionKeyResp: session key request succeeded! authFailureCount: 0
received 1 keys
currentSessionKey: [object Object]
Status: Secure connection closed before starting a new connection.
Session protocol: TCP
chosen commSessionKey: 
{ id: 40100219,
  cipherKeyVal: <Buffer ec da ae 28 42 ff 22 74 3e d6 6b 62 5d aa 67 f2>,
  macKeyVal: <Buffer 96 cb 8c 16 e5 f9 83 e5 6a 39 d9 33 d6 cb a0 c4 f7 25 44 59 09 d5 c0 26 93 d9 6a 66 d5 8d 28 c2>,
  absValidity: 2018-03-21T23:28:43.445Z,
  relValidity: 7200000 }
options
{ serverHost: '10.0.1.11',
  serverPort: 22100,
  sessionKey: 
   { id: 40100219,
     cipherKeyVal: <Buffer ec da ae 28 42 ff 22 74 3e d6 6b 62 5d aa 67 f2>,
     macKeyVal: <Buffer 96 cb 8c 16 e5 f9 83 e5 6a 39 d9 33 d6 cb a0 c4 f7 25 44 59 09 d5 c0 26 93 d9 6a 66 d5 8d 28 c2>,
     absValidity: 2018-03-21T23:28:43.445Z,
     relValidity: 7200000 },
  sessionCryptoSpec: { cipher: 'AES-128-CBC', mac: 'SHA256' },
  sessionProtocol: 'TCP',
  handshakeTimeout: 50000 }
chosen nonce: <Buffer 29 cd f5 ba 75 c2 3b 84>
switching to HANDSHAKE_1_SENT
disconnected from auth
Handler: secure connection with the server closed.
received session key handshake2!
client ret: [object Object]
server authenticated/authorized by solving nonce!
Handler: communication initialization succeeded
file data length: 1024
sending at Tue Mar 20 2018 23:28:49 GMT+0000 (UTC)
switching to IN_COMM
received secure communication message!
Received seqNum: 0
Handler: data received from server via secure communication
data1
Resp-actual/expected/ratio/ts: 25 25 1 1521588530329
Distribution protocol: TCP
Resp-actual/expected/ratio/ts: 25 26 0.9615384615384616 1521588579021
connected to auth! from local port 47992
received auth hello!
{ authId: 401, nonce: <Buffer 6c 8d c0 ef 91 8a df f2> }
received session key response encrypted with distribution key
replyNonce in sessionKeyResp: <Buffer 55 28 3c 78 81 a7 08 7d>
auth nonce verified
handleSessionKeyResp: session key request succeeded! authFailureCount: 0
received 1 keys
currentSessionKey: [object Object]
Status: Secure connection closed before starting a new connection.
Session protocol: TCP
chosen commSessionKey: 
{ id: 40100229,
  cipherKeyVal: <Buffer 70 39 8b 5b 27 80 bd 7a 86 23 ff b1 6a 46 c5 f1>,
  macKeyVal: <Buffer 64 4d 6c 71 92 e5 46 af 95 7f e4 2f 2d ff 27 ba 49 48 59 49 1c 6d 4e e9 48 81 ed 2a b9 b3 96 72>,
  absValidity: 2018-03-21T23:29:42.715Z,
  relValidity: 7200000 }
options
{ serverHost: '10.0.1.11',
  serverPort: 22100,
  sessionKey: 
   { id: 40100229,
     cipherKeyVal: <Buffer 70 39 8b 5b 27 80 bd 7a 86 23 ff b1 6a 46 c5 f1>,
     macKeyVal: <Buffer 64 4d 6c 71 92 e5 46 af 95 7f e4 2f 2d ff 27 ba 49 48 59 49 1c 6d 4e e9 48 81 ed 2a b9 b3 96 72>,
     absValidity: 2018-03-21T23:29:42.715Z,
     relValidity: 7200000 },
  sessionCryptoSpec: { cipher: 'AES-128-CBC', mac: 'SHA256' },
  sessionProtocol: 'TCP',
  handshakeTimeout: 50000 }
chosen nonce: <Buffer 21 81 d1 bf ad ba 8f d0>
switching to HANDSHAKE_1_SENT
disconnected from auth
Handler: secure connection with the server closed.
received session key handshake2!
client ret: [object Object]
server authenticated/authorized by solving nonce!
Handler: communication initialization succeeded
file data length: 1024
sending at Tue Mar 20 2018 23:29:49 GMT+0000 (UTC)
switching to IN_COMM
received secure communication message!
Received seqNum: 0
Handler: data received from server via secure communication
data1
Resp-actual/expected/ratio/ts: 26 26 1 1521588590115
Distribution protocol: TCP
Resp-actual/expected/ratio/ts: 26 27 0.9629629629629629 1521588639035
connected to auth! from local port 48262
received auth hello!
{ authId: 401, nonce: <Buffer fd a1 ea e5 d7 2d fd e6> }
received session key response encrypted with distribution key
replyNonce in sessionKeyResp: <Buffer eb bd a5 01 5b 6b 6f ff>
auth nonce verified
handleSessionKeyResp: session key request succeeded! authFailureCount: 0
received 1 keys
currentSessionKey: [object Object]
Status: Secure connection closed before starting a new connection.
Session protocol: TCP
chosen commSessionKey: 
{ id: 40100241,
  cipherKeyVal: <Buffer 17 4e 3f 99 ab ff 8d 50 e8 a8 05 86 c7 44 fa c4>,
  macKeyVal: <Buffer 05 42 14 68 b0 fa 5c 94 05 33 11 60 9d 77 ca 18 da f5 5f 06 0e 2a eb 83 e3 84 b5 96 ad c2 65 9f>,
  absValidity: 2018-03-21T23:30:43.553Z,
  relValidity: 7200000 }
options
{ serverHost: '10.0.1.11',
  serverPort: 22100,
  sessionKey: 
   { id: 40100241,
     cipherKeyVal: <Buffer 17 4e 3f 99 ab ff 8d 50 e8 a8 05 86 c7 44 fa c4>,
     macKeyVal: <Buffer 05 42 14 68 b0 fa 5c 94 05 33 11 60 9d 77 ca 18 da f5 5f 06 0e 2a eb 83 e3 84 b5 96 ad c2 65 9f>,
     absValidity: 2018-03-21T23:30:43.553Z,
     relValidity: 7200000 },
  sessionCryptoSpec: { cipher: 'AES-128-CBC', mac: 'SHA256' },
  sessionProtocol: 'TCP',
  handshakeTimeout: 50000 }
chosen nonce: <Buffer f9 d8 cb 26 98 fd 44 f2>
switching to HANDSHAKE_1_SENT
disconnected from auth
Handler: secure connection with the server closed.
received session key handshake2!
client ret: [object Object]
server authenticated/authorized by solving nonce!
Handler: communication initialization succeeded
file data length: 1024
sending at Tue Mar 20 2018 23:30:49 GMT+0000 (UTC)
switching to IN_COMM
received secure communication message!
Received seqNum: 0
Handler: data received from server via secure communication
data1
Resp-actual/expected/ratio/ts: 27 27 1 1521588650495
Distribution protocol: TCP
Resp-actual/expected/ratio/ts: 27 28 0.9642857142857143 1521588699068
connected to auth! from local port 48532
received auth hello!
{ authId: 401, nonce: <Buffer 26 76 7f fa d8 36 d7 d2> }
received session key response encrypted with distribution key
replyNonce in sessionKeyResp: <Buffer 85 53 d1 d2 94 8d e8 9b>
auth nonce verified
handleSessionKeyResp: session key request succeeded! authFailureCount: 0
received 1 keys
currentSessionKey: [object Object]
Status: Secure connection closed before starting a new connection.
Session protocol: TCP
chosen commSessionKey: 
{ id: 40100252,
  cipherKeyVal: <Buffer 72 2e ab 66 27 4d 64 e6 31 0e 4f 69 97 dd 33 25>,
  macKeyVal: <Buffer da 2c 96 34 9f e5 43 2c d0 8c 5e 00 4b 67 d6 99 c6 21 e9 18 ff 34 19 f9 8b 81 23 9f eb 09 60 70>,
  absValidity: 2018-03-21T23:31:43.612Z,
  relValidity: 7200000 }
options
{ serverHost: '10.0.1.11',
  serverPort: 22100,
  sessionKey: 
   { id: 40100252,
     cipherKeyVal: <Buffer 72 2e ab 66 27 4d 64 e6 31 0e 4f 69 97 dd 33 25>,
     macKeyVal: <Buffer da 2c 96 34 9f e5 43 2c d0 8c 5e 00 4b 67 d6 99 c6 21 e9 18 ff 34 19 f9 8b 81 23 9f eb 09 60 70>,
     absValidity: 2018-03-21T23:31:43.612Z,
     relValidity: 7200000 },
  sessionCryptoSpec: { cipher: 'AES-128-CBC', mac: 'SHA256' },
  sessionProtocol: 'TCP',
  handshakeTimeout: 50000 }
chosen nonce: <Buffer 6a b9 8a 86 ac b7 31 81>
switching to HANDSHAKE_1_SENT
disconnected from auth
Handler: secure connection with the server closed.
received session key handshake2!
client ret: [object Object]
server authenticated/authorized by solving nonce!
Handler: communication initialization succeeded
file data length: 1024
sending at Tue Mar 20 2018 23:31:53 GMT+0000 (UTC)
switching to IN_COMM
received secure communication message!
Received seqNum: 0
Handler: data received from server via secure communication
data1
Resp-actual/expected/ratio/ts: 28 28 1 1521588714204
