ILP_mt_ac

WAIT_TIME_FOR_AUTH_INIT=60s
TIME_BEFOR_FAIL=300s
TIME_AFTER_FAIL=1200s
NUM_AUTHS_TO_KILL=5
AUTHS_TO_KILL=auth504 auth402 auth501 auth403 auth503 
CURRENT_DIR=/home/hokeunkim/Development/iotauth_experiments/network_sim/container_execution
WAIT_TIME_BETWEEN_CLIENTS=3s
Cleaning outcomes from previous experiments ...
rm: cannot remove 'execution.log': No such file or directory
Starting Auths ...
nohup: appending output to 'nohup.out'
nohup: appending output to 'nohup.out'
nohup: appending output to 'nohup.out'
nohup: appending output to 'nohup.out'
nohup: appending output to 'nohup.out'
nohup: appending output to 'nohup.out'
Starting servers ...
nohup: appending output to 'nohup.out'
nohup: appending output to 'nohup.out'
nohup: appending output to 'nohup.out'
nohup: appending output to 'nohup.out'
nohup: appending output to 'nohup.out'
nohup: appending output to 'nohup.out'
nohup: appending output to 'nohup.out'
nohup: appending output to 'nohup.out'
nohup: appending output to 'nohup.out'
nohup: appending output to 'nohup.out'
nohup: appending output to 'nohup.out'
nohup: appending output to 'nohup.out'
nohup: appending output to 'nohup.out'
nohup: appending output to 'nohup.out'
nohup: appending output to 'nohup.out'
nohup: appending output to 'nohup.out'
nohup: appending output to 'nohup.out'
nohup: appending output to 'nohup.out'
nohup: appending output to 'nohup.out'
nohup: appending output to 'nohup.out'
nohup: appending output to 'nohup.out'
nohup: appending output to 'nohup.out'
nohup: appending output to 'nohup.out'
nohup: appending output to 'nohup.out'
nohup: appending output to 'nohup.out'
nohup: appending output to 'nohup.out'
nohup: appending output to 'nohup.out'
nohup: appending output to 'nohup.out'
nohup: appending output to 'nohup.out'
nohup: appending output to 'nohup.out'
nohup: appending output to 'nohup.out'
nohup: appending output to 'nohup.out'
nohup: appending output to 'nohup.out'
nohup: appending output to 'nohup.out'
nohup: appending output to 'nohup.out'
Waiting for Auths to initialize for 60s ...
nohup: appending output to 'nohup.out'
Starting clients ...
nohup: appending output to 'nohup.out'
nohup: appending output to 'nohup.out'
nohup: appending output to 'nohup.out'
nohup: appending output to 'nohup.out'
nohup: appending output to 'nohup.out'
nohup: appending output to 'nohup.out'
nohup: appending output to 'nohup.out'
nohup: appending output to 'nohup.out'
nohup: appending output to 'nohup.out'
nohup: appending output to 'nohup.out'
nohup: appending output to 'nohup.out'
nohup: appending output to 'nohup.out'
nohup: appending output to 'nohup.out'
nohup: appending output to 'nohup.out'
nohup: appending output to 'nohup.out'
nohup: appending output to 'nohup.out'
nohup: appending output to 'nohup.out'
nohup: appending output to 'nohup.out'
nohup: appending output to 'nohup.out'
nohup: appending output to 'nohup.out'
nohup: appending output to 'nohup.out'
nohup: appending output to 'nohup.out'
nohup: appending output to 'nohup.out'
nohup: appending output to 'nohup.out'
nohup: appending output to 'nohup.out'
nohup: appending output to 'nohup.out'
nohup: appending output to 'nohup.out'
nohup: appending output to 'nohup.out'
nohup: appending output to 'nohup.out'
nohup: appending output to 'nohup.out'
nohup: appending output to 'nohup.out'
nohup: appending output to 'nohup.out'
nohup: appending output to 'nohup.out'
nohup: appending output to 'nohup.out'
nohup: appending output to 'nohup.out'
nohup: appending output to 'nohup.out'
nohup: appending output to 'nohup.out'
nohup: appending output to 'nohup.out'
nohup: appending output to 'nohup.out'
nohup: appending output to 'nohup.out'
nohup: appending output to 'nohup.out'
nohup: appending output to 'nohup.out'
nohup: appending output to 'nohup.out'
nohup: appending output to 'nohup.out'
nohup: appending output to 'nohup.out'
Now running experiemtns for 300s before failure ... from time: 1521616830266
Killing auth504 at time: 1521617130269
Killing auth402 at time: 1521617141043
Killing auth501 at time: 1521617151507
Killing auth403 at time: 1521617162131
Killing auth503 at time: 1521617172703
Now running experiemtns for 1200s after failure ... from time: 1521617183135
Stopping simulation at time: 1521618383137
Stopping clients ...
Stopping servers ...
Stoping Auths ...
auth402 is not running
auth403 is not running
auth501 is not running
auth503 is not running
auth504 is not running
Changing ownership of execution logs ...
chown: cannot access 'client_execution/t[0-9]*': No such file or directory
chown: cannot access 'client_execution/t[0-9]*/nohup.out': No such file or
directory
chown: cannot access 'server_execution/t[0-9]*': No such file or directory
chown: cannot access 'server_execution/t[0-9]*/nohup.out': No such file or
directory

