changing working directory to: /home/hokeunkim/Development/iotauth/entity/node/example_entities
loading from config file: /home/hokeunkim/Development/iotauth_experiments/experiments/ccs2017/expOptions/expEntity.option
Experimental options for echoServer: { autoSendPeriod: 60000,
  useSameSessionKeyCount: 1,
  connectionTimeout: 50000,
  migrationEnabled: true,
  authFailureThreshold: 2,
  migrationFailureThreshold: 2 }
loading from config file: /home/hokeunkim/Development/iotauth/entity/node/example_entities/configs/Servers/s409.config
initializing secure comm server...
Session protocol: TCP
current parameters: { migrationEnabled: true,
  authFailureThreshold: 3,
  migrationFailureThreshold: 3 }
current parameters: { migrationEnabled: true,
  authFailureThreshold: 2,
  migrationFailureThreshold: 3 }
current parameters: { migrationEnabled: true,
  authFailureThreshold: 2,
  migrationFailureThreshold: 2 }
current entityInfo: { name: 's409',
  group: 'Servers',
  distProtocol: 'TCP',
  usePermanentDistKey: false,
  connectionTimeout: 50000,
  privateKey: <Buffer 2d 2d 2d 2d 2d 42 45 47 49 4e 20 52 53 41 20 50 52 49 56 41 54 45 20 4b 45 59 2d 2d 2d 2d 2d 0a 4d 49 49 45 6f 77 49 42 41 41 4b 43 41 51 45 41 79 64 ... > }
Handler: listening on port 22100
s409:Servers prompt>
Unidentified client connected
received session key handshake1
switching to HANDSHAKE_1_RECEIVED state.
session key id: 40200006
session key NOT found! sending session key id to AuthService
Distribution protocol: TCP
connected to auth! from local port 49070
received auth hello!
{ authId: 402, nonce: <Buffer 30 7b 09 40 68 62 45 96> }
received session key response with distribution key attached!
auth signature verified
replyNonce in sessionKeyResp: <Buffer 9e c9 40 a0 4a 44 d9 1a>
auth nonce verified
handleSessionKeyResp: session key request succeeded! authFailureCount: 0
updating distribution key: { cipherKeyVal: <Buffer 70 8d c3 cb b4 80 48 e5 75 13 8a ef a5 a6 8e 68>,
  macKeyVal: <Buffer 9c b4 7e e6 a5 3a 27 b0 b7 9f 03 3d fe 58 f8 21 33 30 81 28 ff 2e 71 a8 3e 7b 10 71 52 fb e0 d6>,
  absValidity: 2018-03-20T18:06:21.636Z }
received 1 keys
Session key id is as expected
server ret: [object Object]
chosen nonce: <Buffer 31 2d 79 2b 52 2c 61 86>
switching to HANDSHAKE_2_SENT
received session key handshake3!
{ replyNonce: <Buffer 31 2d 79 2b 52 2c 61 86> }
client authenticated/authorized by solving nonce!
switching to IN_COMM
Handler: secure connection with the client established.
{ id: 0,
  remoteAddress: '::ffff:10.0.1.55:38238',
  status: 'open' }
received secure communication!
Received seqNum: 0
data received from server via secure communication
Handler: socketID: 0 data: data1
toSend: { data: <Buffer 64 61 74 61 31>, id: 0 }
specified socketID: 0
disconnected from auth
Unidentified client disconnected
Handler: secure connection with the client closed.
socket #0 closed
Unidentified client connected
received session key handshake1
switching to HANDSHAKE_1_RECEIVED state.
session key id: 40200013
session key NOT found! sending session key id to AuthService
Distribution protocol: TCP
connected to auth! from local port 49256
received auth hello!
{ authId: 402, nonce: <Buffer cb 98 98 eb 62 51 71 08> }
received session key response encrypted with distribution key
replyNonce in sessionKeyResp: <Buffer 25 cd 34 cd d2 b6 35 9e>
auth nonce verified
handleSessionKeyResp: session key request succeeded! authFailureCount: 0
received 1 keys
Session key id is as expected
server ret: [object Object]
chosen nonce: <Buffer 89 a0 b6 af cc 94 93 25>
switching to HANDSHAKE_2_SENT
received session key handshake3!
{ replyNonce: <Buffer 89 a0 b6 af cc 94 93 25> }
client authenticated/authorized by solving nonce!
switching to IN_COMM
Handler: secure connection with the client established.
{ id: 1,
  remoteAddress: '::ffff:10.0.1.55:38424',
  status: 'open' }
disconnected from auth
received secure communication!
Received seqNum: 0
data received from server via secure communication
Handler: socketID: 1 data: data1
toSend: { data: <Buffer 64 61 74 61 31>, id: 1 }
specified socketID: 1
Unidentified client disconnected
Handler: secure connection with the client closed.
socket #1 closed
Unidentified client connected
received session key handshake1
switching to HANDSHAKE_1_RECEIVED state.
session key id: 40200020
session key NOT found! sending session key id to AuthService
Distribution protocol: TCP
connected to auth! from local port 49526
received auth hello!
{ authId: 402, nonce: <Buffer 8f 45 c7 7c 42 6b f1 ed> }
received session key response encrypted with distribution key
replyNonce in sessionKeyResp: <Buffer 23 7f de 76 da 3b a4 f4>
auth nonce verified
handleSessionKeyResp: session key request succeeded! authFailureCount: 0
received 1 keys
Session key id is as expected
server ret: [object Object]
chosen nonce: <Buffer f1 84 2e 9d 1f 57 54 76>
switching to HANDSHAKE_2_SENT
disconnected from auth
received session key handshake3!
{ replyNonce: <Buffer f1 84 2e 9d 1f 57 54 76> }
client authenticated/authorized by solving nonce!
switching to IN_COMM
Handler: secure connection with the client established.
{ id: 2,
  remoteAddress: '::ffff:10.0.1.55:38694',
  status: 'open' }
received secure communication!
Received seqNum: 0
data received from server via secure communication
Handler: socketID: 2 data: data1
toSend: { data: <Buffer 64 61 74 61 31>, id: 2 }
specified socketID: 2
Unidentified client disconnected
Handler: secure connection with the client closed.
socket #2 closed
Unidentified client connected
received session key handshake1
switching to HANDSHAKE_1_RECEIVED state.
session key id: 40200027
session key NOT found! sending session key id to AuthService
Distribution protocol: TCP
connected to auth! from local port 49796
received auth hello!
{ authId: 402, nonce: <Buffer d3 f3 13 ad 50 c8 59 41> }
received session key response encrypted with distribution key
replyNonce in sessionKeyResp: <Buffer a7 66 12 27 6b 19 87 c8>
auth nonce verified
handleSessionKeyResp: session key request succeeded! authFailureCount: 0
received 1 keys
Session key id is as expected
server ret: [object Object]
chosen nonce: <Buffer 55 11 3b 62 29 50 35 32>
switching to HANDSHAKE_2_SENT
disconnected from auth
received session key handshake3!
{ replyNonce: <Buffer 55 11 3b 62 29 50 35 32> }
client authenticated/authorized by solving nonce!
switching to IN_COMM
Handler: secure connection with the client established.
{ id: 3,
  remoteAddress: '::ffff:10.0.1.55:38964',
  status: 'open' }
received secure communication!
Received seqNum: 0
data received from server via secure communication
Handler: socketID: 3 data: data1
toSend: { data: <Buffer 64 61 74 61 31>, id: 3 }
specified socketID: 3
Unidentified client disconnected
Handler: secure connection with the client closed.
socket #3 closed
Unidentified client connected
received session key handshake1
switching to HANDSHAKE_1_RECEIVED state.
session key id: 40200034
session key NOT found! sending session key id to AuthService
Distribution protocol: TCP
connected to auth! from local port 50066
received auth hello!
{ authId: 402, nonce: <Buffer ef ea 1f 7b 93 6c 66 52> }
received session key response encrypted with distribution key
replyNonce in sessionKeyResp: <Buffer b1 66 be 83 24 25 f8 ed>
auth nonce verified
handleSessionKeyResp: session key request succeeded! authFailureCount: 0
received 1 keys
Session key id is as expected
server ret: [object Object]
chosen nonce: <Buffer 9a 16 ed 9a e8 1f eb a8>
switching to HANDSHAKE_2_SENT
disconnected from auth
received session key handshake3!
{ replyNonce: <Buffer 9a 16 ed 9a e8 1f eb a8> }
client authenticated/authorized by solving nonce!
switching to IN_COMM
Handler: secure connection with the client established.
{ id: 4,
  remoteAddress: '::ffff:10.0.1.55:39234',
  status: 'open' }
received secure communication!
Received seqNum: 0
data received from server via secure communication
Handler: socketID: 4 data: data1
toSend: { data: <Buffer 64 61 74 61 31>, id: 4 }
specified socketID: 4
Unidentified client disconnected
Handler: secure connection with the client closed.
socket #4 closed
Unidentified client connected
received session key handshake1
switching to HANDSHAKE_1_RECEIVED state.
session key id: 40200041
session key NOT found! sending session key id to AuthService
Distribution protocol: TCP
connected to auth! from local port 50336
received auth hello!
{ authId: 402, nonce: <Buffer c7 0c 4e 4d 83 72 95 5c> }
received session key response encrypted with distribution key
replyNonce in sessionKeyResp: <Buffer 74 b8 51 f0 63 ae 6e 5c>
auth nonce verified
handleSessionKeyResp: session key request succeeded! authFailureCount: 0
received 1 keys
Session key id is as expected
server ret: [object Object]
chosen nonce: <Buffer c1 d1 e9 a1 67 4b 98 1b>
switching to HANDSHAKE_2_SENT
disconnected from auth
received session key handshake3!
{ replyNonce: <Buffer c1 d1 e9 a1 67 4b 98 1b> }
client authenticated/authorized by solving nonce!
switching to IN_COMM
Handler: secure connection with the client established.
{ id: 5,
  remoteAddress: '::ffff:10.0.1.55:39504',
  status: 'open' }
received secure communication!
Received seqNum: 0
data received from server via secure communication
Handler: socketID: 5 data: data1
toSend: { data: <Buffer 64 61 74 61 31>, id: 5 }
specified socketID: 5
Unidentified client disconnected
Handler: secure connection with the client closed.
socket #5 closed
Unidentified client connected
received session key handshake1
switching to HANDSHAKE_1_RECEIVED state.
session key id: 40200048
session key NOT found! sending session key id to AuthService
Distribution protocol: TCP
connected to auth! from local port 50606
received auth hello!
{ authId: 402, nonce: <Buffer 6e 47 f5 78 f0 72 82 4e> }
received session key response encrypted with distribution key
replyNonce in sessionKeyResp: <Buffer 82 82 c9 55 64 ee df b9>
auth nonce verified
handleSessionKeyResp: session key request succeeded! authFailureCount: 0
received 1 keys
Session key id is as expected
server ret: [object Object]
chosen nonce: <Buffer 64 90 32 43 df 79 65 ec>
switching to HANDSHAKE_2_SENT
disconnected from auth
received session key handshake3!
{ replyNonce: <Buffer 64 90 32 43 df 79 65 ec> }
client authenticated/authorized by solving nonce!
switching to IN_COMM
Handler: secure connection with the client established.
{ id: 6,
  remoteAddress: '::ffff:10.0.1.55:39774',
  status: 'open' }
received secure communication!
Received seqNum: 0
data received from server via secure communication
Handler: socketID: 6 data: data1
toSend: { data: <Buffer 64 61 74 61 31>, id: 6 }
specified socketID: 6
Unidentified client disconnected
Handler: secure connection with the client closed.
socket #6 closed
Unidentified client connected
received session key handshake1
switching to HANDSHAKE_1_RECEIVED state.
session key id: 40200055
session key NOT found! sending session key id to AuthService
Distribution protocol: TCP
connected to auth! from local port 50872
received auth hello!
{ authId: 402, nonce: <Buffer 92 11 51 7b 16 0f 84 51> }
received session key response encrypted with distribution key
replyNonce in sessionKeyResp: <Buffer ef 16 a6 1c 14 ea 2c 2f>
auth nonce verified
handleSessionKeyResp: session key request succeeded! authFailureCount: 0
received 1 keys
Session key id is as expected
server ret: [object Object]
chosen nonce: <Buffer 8f bb 75 07 8d 00 13 9d>
switching to HANDSHAKE_2_SENT
disconnected from auth
received session key handshake3!
{ replyNonce: <Buffer 8f bb 75 07 8d 00 13 9d> }
client authenticated/authorized by solving nonce!
switching to IN_COMM
Handler: secure connection with the client established.
{ id: 7,
  remoteAddress: '::ffff:10.0.1.55:40040',
  status: 'open' }
received secure communication!
Received seqNum: 0
data received from server via secure communication
Handler: socketID: 7 data: data1
toSend: { data: <Buffer 64 61 74 61 31>, id: 7 }
specified socketID: 7
Unidentified client disconnected
Handler: secure connection with the client closed.
socket #7 closed
Unidentified client connected
received session key handshake1
switching to HANDSHAKE_1_RECEIVED state.
session key id: 40200062
session key NOT found! sending session key id to AuthService
Distribution protocol: TCP
connected to auth! from local port 51118
received auth hello!
{ authId: 402, nonce: <Buffer 19 99 ac b7 3d 45 e1 ee> }
received session key response encrypted with distribution key
replyNonce in sessionKeyResp: <Buffer 12 46 6c e7 3b c3 5b c5>
auth nonce verified
handleSessionKeyResp: session key request succeeded! authFailureCount: 0
received 1 keys
Session key id is as expected
server ret: [object Object]
chosen nonce: <Buffer f2 ad b8 41 d6 1b 3b 35>
switching to HANDSHAKE_2_SENT
disconnected from auth
received session key handshake3!
{ replyNonce: <Buffer f2 ad b8 41 d6 1b 3b 35> }
client authenticated/authorized by solving nonce!
switching to IN_COMM
Handler: secure connection with the client established.
{ id: 8,
  remoteAddress: '::ffff:10.0.1.55:40286',
  status: 'open' }
received secure communication!
Received seqNum: 0
data received from server via secure communication
Handler: socketID: 8 data: data1
toSend: { data: <Buffer 64 61 74 61 31>, id: 8 }
specified socketID: 8
Unidentified client disconnected
Handler: secure connection with the client closed.
socket #8 closed
Unidentified client connected
received session key handshake1
switching to HANDSHAKE_1_RECEIVED state.
session key id: 40200069
session key NOT found! sending session key id to AuthService
Distribution protocol: TCP
connected to auth! from local port 51378
received auth hello!
{ authId: 402, nonce: <Buffer b4 73 bc df 94 9c 51 19> }
received session key response encrypted with distribution key
replyNonce in sessionKeyResp: <Buffer 84 66 dc e7 03 96 35 cf>
auth nonce verified
handleSessionKeyResp: session key request succeeded! authFailureCount: 0
received 1 keys
Session key id is as expected
server ret: [object Object]
chosen nonce: <Buffer 3e b0 ac e6 c5 24 29 e9>
switching to HANDSHAKE_2_SENT
disconnected from auth
received session key handshake3!
{ replyNonce: <Buffer 3e b0 ac e6 c5 24 29 e9> }
client authenticated/authorized by solving nonce!
switching to IN_COMM
Handler: secure connection with the client established.
{ id: 9,
  remoteAddress: '::ffff:10.0.1.55:40546',
  status: 'open' }
received secure communication!
Received seqNum: 0
data received from server via secure communication
Handler: socketID: 9 data: data1
toSend: { data: <Buffer 64 61 74 61 31>, id: 9 }
specified socketID: 9
Unidentified client disconnected
Handler: secure connection with the client closed.
socket #9 closed
Unidentified client connected
received session key handshake1
switching to HANDSHAKE_1_RECEIVED state.
session key id: 40200076
session key NOT found! sending session key id to AuthService
Distribution protocol: TCP
connected to auth! from local port 51640
received auth hello!
{ authId: 402, nonce: <Buffer 6e b9 ba 10 b7 f2 ff 17> }
received session key response encrypted with distribution key
replyNonce in sessionKeyResp: <Buffer cd ab 5a 4e 9a 0a d3 57>
auth nonce verified
handleSessionKeyResp: session key request succeeded! authFailureCount: 0
received 1 keys
Session key id is as expected
server ret: [object Object]
chosen nonce: <Buffer ed f5 2c f9 5b 0a 18 5f>
switching to HANDSHAKE_2_SENT
disconnected from auth
received session key handshake3!
{ replyNonce: <Buffer ed f5 2c f9 5b 0a 18 5f> }
client authenticated/authorized by solving nonce!
switching to IN_COMM
Handler: secure connection with the client established.
{ id: 10,
  remoteAddress: '::ffff:10.0.1.55:40808',
  status: 'open' }
received secure communication!
Received seqNum: 0
data received from server via secure communication
Handler: socketID: 10 data: data1
toSend: { data: <Buffer 64 61 74 61 31>, id: 10 }
specified socketID: 10
Unidentified client disconnected
Handler: secure connection with the client closed.
socket #10 closed
Unidentified client connected
received session key handshake1
switching to HANDSHAKE_1_RECEIVED state.
session key id: 40200083
session key NOT found! sending session key id to AuthService
Distribution protocol: TCP
connected to auth! from local port 51902
received auth hello!
{ authId: 402, nonce: <Buffer cd ab 07 95 6e 58 87 40> }
received session key response encrypted with distribution key
replyNonce in sessionKeyResp: <Buffer f7 fe a0 2a 4c 89 7c 8a>
auth nonce verified
handleSessionKeyResp: session key request succeeded! authFailureCount: 0
received 1 keys
Session key id is as expected
server ret: [object Object]
chosen nonce: <Buffer 3c 19 e0 61 25 b6 80 31>
switching to HANDSHAKE_2_SENT
disconnected from auth
received session key handshake3!
{ replyNonce: <Buffer 3c 19 e0 61 25 b6 80 31> }
client authenticated/authorized by solving nonce!
switching to IN_COMM
Handler: secure connection with the client established.
{ id: 11,
  remoteAddress: '::ffff:10.0.1.55:41070',
  status: 'open' }
received secure communication!
Received seqNum: 0
data received from server via secure communication
Handler: socketID: 11 data: data1
toSend: { data: <Buffer 64 61 74 61 31>, id: 11 }
specified socketID: 11
Unidentified client disconnected
Handler: secure connection with the client closed.
socket #11 closed
Unidentified client connected
received session key handshake1
switching to HANDSHAKE_1_RECEIVED state.
session key id: 40200090
session key NOT found! sending session key id to AuthService
Distribution protocol: TCP
connected to auth! from local port 52164
received auth hello!
{ authId: 402, nonce: <Buffer 07 14 43 0b d5 0e ba 01> }
received session key response encrypted with distribution key
replyNonce in sessionKeyResp: <Buffer a5 18 59 20 0f 67 ef 03>
auth nonce verified
handleSessionKeyResp: session key request succeeded! authFailureCount: 0
received 1 keys
Session key id is as expected
server ret: [object Object]
chosen nonce: <Buffer 34 91 c3 f6 01 b9 53 b1>
switching to HANDSHAKE_2_SENT
disconnected from auth
received session key handshake3!
{ replyNonce: <Buffer 34 91 c3 f6 01 b9 53 b1> }
client authenticated/authorized by solving nonce!
switching to IN_COMM
Handler: secure connection with the client established.
{ id: 12,
  remoteAddress: '::ffff:10.0.1.55:41332',
  status: 'open' }
received secure communication!
Received seqNum: 0
data received from server via secure communication
Handler: socketID: 12 data: data1
toSend: { data: <Buffer 64 61 74 61 31>, id: 12 }
specified socketID: 12
Unidentified client disconnected
Handler: secure connection with the client closed.
socket #12 closed
Unidentified client connected
received session key handshake1
switching to HANDSHAKE_1_RECEIVED state.
session key id: 40200097
session key NOT found! sending session key id to AuthService
Distribution protocol: TCP
connected to auth! from local port 52426
received auth hello!
{ authId: 402, nonce: <Buffer 5d 1b 09 fe dd df 54 2b> }
received session key response encrypted with distribution key
replyNonce in sessionKeyResp: <Buffer 13 e2 6c cf 59 20 87 89>
auth nonce verified
handleSessionKeyResp: session key request succeeded! authFailureCount: 0
received 1 keys
Session key id is as expected
server ret: [object Object]
chosen nonce: <Buffer 78 3d 26 a0 32 fd 89 6f>
switching to HANDSHAKE_2_SENT
disconnected from auth
received session key handshake3!
{ replyNonce: <Buffer 78 3d 26 a0 32 fd 89 6f> }
client authenticated/authorized by solving nonce!
switching to IN_COMM
Handler: secure connection with the client established.
{ id: 13,
  remoteAddress: '::ffff:10.0.1.55:41594',
  status: 'open' }
received secure communication!
Received seqNum: 0
data received from server via secure communication
Handler: socketID: 13 data: data1
toSend: { data: <Buffer 64 61 74 61 31>, id: 13 }
specified socketID: 13
Unidentified client disconnected
Handler: secure connection with the client closed.
socket #13 closed
Unidentified client connected
received session key handshake1
switching to HANDSHAKE_1_RECEIVED state.
session key id: 40200104
session key NOT found! sending session key id to AuthService
Distribution protocol: TCP
connected to auth! from local port 52692
received auth hello!
{ authId: 402, nonce: <Buffer 27 ec 54 a2 a3 e9 14 65> }
received session key response encrypted with distribution key
replyNonce in sessionKeyResp: <Buffer 43 cd f7 cc c2 72 8f 30>
auth nonce verified
handleSessionKeyResp: session key request succeeded! authFailureCount: 0
received 1 keys
Session key id is as expected
server ret: [object Object]
chosen nonce: <Buffer 5b 90 ba b7 75 f5 16 f1>
switching to HANDSHAKE_2_SENT
disconnected from auth
received session key handshake3!
{ replyNonce: <Buffer 5b 90 ba b7 75 f5 16 f1> }
client authenticated/authorized by solving nonce!
switching to IN_COMM
Handler: secure connection with the client established.
{ id: 14,
  remoteAddress: '::ffff:10.0.1.55:41860',
  status: 'open' }
received secure communication!
Received seqNum: 0
data received from server via secure communication
Handler: socketID: 14 data: data1
toSend: { data: <Buffer 64 61 74 61 31>, id: 14 }
specified socketID: 14
Unidentified client disconnected
Handler: secure connection with the client closed.
socket #14 closed
Unidentified client connected
received session key handshake1
switching to HANDSHAKE_1_RECEIVED state.
session key id: 40200111
session key NOT found! sending session key id to AuthService
Distribution protocol: TCP
connected to auth! from local port 52960
received auth hello!
{ authId: 402, nonce: <Buffer 4e 17 98 3d e5 d6 e3 b1> }
received session key response encrypted with distribution key
replyNonce in sessionKeyResp: <Buffer 39 e4 4b 59 f2 0f a3 af>
auth nonce verified
handleSessionKeyResp: session key request succeeded! authFailureCount: 0
received 1 keys
Session key id is as expected
server ret: [object Object]
chosen nonce: <Buffer be 38 b2 53 4d 77 65 8a>
switching to HANDSHAKE_2_SENT
disconnected from auth
received session key handshake3!
{ replyNonce: <Buffer be 38 b2 53 4d 77 65 8a> }
client authenticated/authorized by solving nonce!
switching to IN_COMM
Handler: secure connection with the client established.
{ id: 15,
  remoteAddress: '::ffff:10.0.1.55:42128',
  status: 'open' }
received secure communication!
Received seqNum: 0
data received from server via secure communication
Handler: socketID: 15 data: data1
toSend: { data: <Buffer 64 61 74 61 31>, id: 15 }
specified socketID: 15
Unidentified client disconnected
Handler: secure connection with the client closed.
socket #15 closed
Unidentified client connected
received session key handshake1
switching to HANDSHAKE_1_RECEIVED state.
session key id: 40200118
session key NOT found! sending session key id to AuthService
Distribution protocol: TCP
connected to auth! from local port 53232
received auth hello!
{ authId: 402, nonce: <Buffer 27 e3 d7 e7 95 74 35 c2> }
received session key response encrypted with distribution key
replyNonce in sessionKeyResp: <Buffer f4 1c cc 23 54 99 11 3c>
auth nonce verified
handleSessionKeyResp: session key request succeeded! authFailureCount: 0
received 1 keys
Session key id is as expected
server ret: [object Object]
chosen nonce: <Buffer 9e 91 47 a5 34 bc 5e 30>
switching to HANDSHAKE_2_SENT
disconnected from auth
received session key handshake3!
{ replyNonce: <Buffer 9e 91 47 a5 34 bc 5e 30> }
client authenticated/authorized by solving nonce!
switching to IN_COMM
Handler: secure connection with the client established.
{ id: 16,
  remoteAddress: '::ffff:10.0.1.55:42400',
  status: 'open' }
received secure communication!
Received seqNum: 0
data received from server via secure communication
Handler: socketID: 16 data: data1
toSend: { data: <Buffer 64 61 74 61 31>, id: 16 }
specified socketID: 16
Unidentified client disconnected
Handler: secure connection with the client closed.
socket #16 closed
Unidentified client connected
received session key handshake1
switching to HANDSHAKE_1_RECEIVED state.
session key id: 40200125
session key NOT found! sending session key id to AuthService
Distribution protocol: TCP
connected to auth! from local port 53504
received auth hello!
{ authId: 402, nonce: <Buffer a8 3e fb 5d 07 79 a0 1e> }
received session key response encrypted with distribution key
replyNonce in sessionKeyResp: <Buffer 4f 85 a9 f1 a3 46 e8 9a>
auth nonce verified
handleSessionKeyResp: session key request succeeded! authFailureCount: 0
received 1 keys
Session key id is as expected
server ret: [object Object]
chosen nonce: <Buffer 2d f2 b4 24 61 ad 87 12>
switching to HANDSHAKE_2_SENT
received session key handshake3!
{ replyNonce: <Buffer 2d f2 b4 24 61 ad 87 12> }
client authenticated/authorized by solving nonce!
switching to IN_COMM
Handler: secure connection with the client established.
{ id: 17,
  remoteAddress: '::ffff:10.0.1.55:42672',
  status: 'open' }
disconnected from auth
received secure communication!
Received seqNum: 0
data received from server via secure communication
Handler: socketID: 17 data: data1
toSend: { data: <Buffer 64 61 74 61 31>, id: 17 }
specified socketID: 17
Unidentified client disconnected
Handler: secure connection with the client closed.
socket #17 closed
Unidentified client connected
received session key handshake1
switching to HANDSHAKE_1_RECEIVED state.
session key id: 40200132
session key NOT found! sending session key id to AuthService
Distribution protocol: TCP
connected to auth! from local port 53774
received auth hello!
{ authId: 402, nonce: <Buffer e5 5b 52 de d4 76 6a ba> }
received session key response encrypted with distribution key
replyNonce in sessionKeyResp: <Buffer e8 db 3a d5 a6 12 74 b9>
auth nonce verified
handleSessionKeyResp: session key request succeeded! authFailureCount: 0
received 1 keys
Session key id is as expected
server ret: [object Object]
chosen nonce: <Buffer 6f 98 f4 a5 ca 2d 8a ee>
switching to HANDSHAKE_2_SENT
received session key handshake3!
{ replyNonce: <Buffer 6f 98 f4 a5 ca 2d 8a ee> }
client authenticated/authorized by solving nonce!
switching to IN_COMM
Handler: secure connection with the client established.
{ id: 18,
  remoteAddress: '::ffff:10.0.1.55:42942',
  status: 'open' }
disconnected from auth
received secure communication!
Received seqNum: 0
data received from server via secure communication
Handler: socketID: 18 data: data1
toSend: { data: <Buffer 64 61 74 61 31>, id: 18 }
specified socketID: 18
Unidentified client disconnected
Handler: secure connection with the client closed.
socket #18 closed
Unidentified client connected
received session key handshake1
switching to HANDSHAKE_1_RECEIVED state.
session key id: 40200139
session key NOT found! sending session key id to AuthService
Distribution protocol: TCP
connected to auth! from local port 54048
received auth hello!
{ authId: 402, nonce: <Buffer 6e b9 c6 31 21 cb 82 23> }
received session key response encrypted with distribution key
replyNonce in sessionKeyResp: <Buffer 24 d8 b8 fb 32 12 5f af>
auth nonce verified
handleSessionKeyResp: session key request succeeded! authFailureCount: 0
received 1 keys
Session key id is as expected
server ret: [object Object]
chosen nonce: <Buffer cc 74 20 e9 fc fa 43 76>
switching to HANDSHAKE_2_SENT
disconnected from auth
received session key handshake3!
{ replyNonce: <Buffer cc 74 20 e9 fc fa 43 76> }
client authenticated/authorized by solving nonce!
switching to IN_COMM
Handler: secure connection with the client established.
{ id: 19,
  remoteAddress: '::ffff:10.0.1.55:43216',
  status: 'open' }
received secure communication!
Received seqNum: 0
data received from server via secure communication
Handler: socketID: 19 data: data1
toSend: { data: <Buffer 64 61 74 61 31>, id: 19 }
specified socketID: 19
Unidentified client disconnected
Handler: secure connection with the client closed.
socket #19 closed
Unidentified client connected
received session key handshake1
switching to HANDSHAKE_1_RECEIVED state.
session key id: 40200146
session key NOT found! sending session key id to AuthService
Distribution protocol: TCP
connected to auth! from local port 54322
received auth hello!
{ authId: 402, nonce: <Buffer d0 1e bf 2c 05 81 6a af> }
received session key response encrypted with distribution key
replyNonce in sessionKeyResp: <Buffer d5 c2 a4 b8 45 f4 a9 05>
auth nonce verified
handleSessionKeyResp: session key request succeeded! authFailureCount: 0
received 1 keys
Session key id is as expected
server ret: [object Object]
chosen nonce: <Buffer de b8 39 36 a4 eb 7f 71>
switching to HANDSHAKE_2_SENT
received session key handshake3!
{ replyNonce: <Buffer de b8 39 36 a4 eb 7f 71> }
client authenticated/authorized by solving nonce!
switching to IN_COMM
Handler: secure connection with the client established.
{ id: 20,
  remoteAddress: '::ffff:10.0.1.55:43490',
  status: 'open' }
disconnected from auth
received secure communication!
Received seqNum: 0
data received from server via secure communication
Handler: socketID: 20 data: data1
toSend: { data: <Buffer 64 61 74 61 31>, id: 20 }
specified socketID: 20
Unidentified client disconnected
Handler: secure connection with the client closed.
socket #20 closed
Unidentified client connected
received session key handshake1
switching to HANDSHAKE_1_RECEIVED state.
session key id: 40200153
session key NOT found! sending session key id to AuthService
Distribution protocol: TCP
connected to auth! from local port 54604
received auth hello!
{ authId: 402, nonce: <Buffer 4d fb 38 79 47 a9 c8 5b> }
received session key response encrypted with distribution key
replyNonce in sessionKeyResp: <Buffer ac 19 d1 e2 42 0e 6d 68>
auth nonce verified
handleSessionKeyResp: session key request succeeded! authFailureCount: 0
received 1 keys
Session key id is as expected
server ret: [object Object]
chosen nonce: <Buffer 4c 59 7f ba fb 18 b0 72>
switching to HANDSHAKE_2_SENT
disconnected from auth
received session key handshake3!
{ replyNonce: <Buffer 4c 59 7f ba fb 18 b0 72> }
client authenticated/authorized by solving nonce!
switching to IN_COMM
Handler: secure connection with the client established.
{ id: 21,
  remoteAddress: '::ffff:10.0.1.55:43770',
  status: 'open' }
received secure communication!
Received seqNum: 0
data received from server via secure communication
Handler: socketID: 21 data: data1
toSend: { data: <Buffer 64 61 74 61 31>, id: 21 }
specified socketID: 21
Unidentified client disconnected
Handler: secure connection with the client closed.
socket #21 closed
Unidentified client connected
received session key handshake1
switching to HANDSHAKE_1_RECEIVED state.
session key id: 40200160
session key NOT found! sending session key id to AuthService
Distribution protocol: TCP
connected to auth! from local port 54850
received auth hello!
{ authId: 402, nonce: <Buffer 65 65 e2 df c7 85 48 a7> }
received session key response encrypted with distribution key
replyNonce in sessionKeyResp: <Buffer 24 bf e4 24 12 b7 ed 5d>
auth nonce verified
handleSessionKeyResp: session key request succeeded! authFailureCount: 0
received 1 keys
Session key id is as expected
server ret: [object Object]
chosen nonce: <Buffer 77 f9 dd 54 f8 ec 76 3c>
switching to HANDSHAKE_2_SENT
disconnected from auth
received session key handshake3!
{ replyNonce: <Buffer 77 f9 dd 54 f8 ec 76 3c> }
client authenticated/authorized by solving nonce!
switching to IN_COMM
Handler: secure connection with the client established.
{ id: 22,
  remoteAddress: '::ffff:10.0.1.55:44018',
  status: 'open' }
received secure communication!
Received seqNum: 0
data received from server via secure communication
Handler: socketID: 22 data: data1
toSend: { data: <Buffer 64 61 74 61 31>, id: 22 }
specified socketID: 22
Unidentified client disconnected
Handler: secure connection with the client closed.
socket #22 closed
Unidentified client connected
received session key handshake1
switching to HANDSHAKE_1_RECEIVED state.
session key id: 40200167
session key NOT found! sending session key id to AuthService
Distribution protocol: TCP
connected to auth! from local port 55104
received auth hello!
{ authId: 402, nonce: <Buffer 67 eb 5a 5c 94 b1 6d 16> }
received session key response encrypted with distribution key
replyNonce in sessionKeyResp: <Buffer 13 24 8f 48 35 ee 18 df>
auth nonce verified
handleSessionKeyResp: session key request succeeded! authFailureCount: 0
received 1 keys
Session key id is as expected
server ret: [object Object]
chosen nonce: <Buffer 34 9c b0 68 d8 30 86 af>
switching to HANDSHAKE_2_SENT
received session key handshake3!
{ replyNonce: <Buffer 34 9c b0 68 d8 30 86 af> }
client authenticated/authorized by solving nonce!
switching to IN_COMM
Handler: secure connection with the client established.
{ id: 23,
  remoteAddress: '::ffff:10.0.1.55:44272',
  status: 'open' }
disconnected from auth
received secure communication!
Received seqNum: 0
data received from server via secure communication
Handler: socketID: 23 data: data1
toSend: { data: <Buffer 64 61 74 61 31>, id: 23 }
specified socketID: 23
Unidentified client disconnected
Handler: secure connection with the client closed.
socket #23 closed
Unidentified client connected
received session key handshake1
switching to HANDSHAKE_1_RECEIVED state.
session key id: 40200174
session key NOT found! sending session key id to AuthService
Distribution protocol: TCP
connected to auth! from local port 55362
received auth hello!
{ authId: 402, nonce: <Buffer 97 08 8a 3e a8 1c 9a da> }
received session key response encrypted with distribution key
replyNonce in sessionKeyResp: <Buffer 98 eb 95 f5 d3 c0 b7 57>
auth nonce verified
handleSessionKeyResp: session key request succeeded! authFailureCount: 0
received 1 keys
Session key id is as expected
server ret: [object Object]
chosen nonce: <Buffer 79 57 00 56 9b 00 bf c2>
switching to HANDSHAKE_2_SENT
disconnected from auth
received session key handshake3!
{ replyNonce: <Buffer 79 57 00 56 9b 00 bf c2> }
client authenticated/authorized by solving nonce!
switching to IN_COMM
Handler: secure connection with the client established.
{ id: 24,
  remoteAddress: '::ffff:10.0.1.55:44530',
  status: 'open' }
received secure communication!
Received seqNum: 0
data received from server via secure communication
Handler: socketID: 24 data: data1
toSend: { data: <Buffer 64 61 74 61 31>, id: 24 }
specified socketID: 24
Unidentified client disconnected
Handler: secure connection with the client closed.
socket #24 closed
Unidentified client connected
received session key handshake1
switching to HANDSHAKE_1_RECEIVED state.
session key id: 40200181
session key NOT found! sending session key id to AuthService
Distribution protocol: TCP
connected to auth! from local port 55620
received auth hello!
{ authId: 402, nonce: <Buffer 4e 9a ed 03 e1 51 15 77> }
received session key response encrypted with distribution key
replyNonce in sessionKeyResp: <Buffer 60 52 dd f7 8d 82 d4 b6>
auth nonce verified
handleSessionKeyResp: session key request succeeded! authFailureCount: 0
received 1 keys
Session key id is as expected
server ret: [object Object]
chosen nonce: <Buffer ec 53 9c c2 70 6b 48 33>
switching to HANDSHAKE_2_SENT
disconnected from auth
received session key handshake3!
{ replyNonce: <Buffer ec 53 9c c2 70 6b 48 33> }
client authenticated/authorized by solving nonce!
switching to IN_COMM
Handler: secure connection with the client established.
{ id: 25,
  remoteAddress: '::ffff:10.0.1.55:44788',
  status: 'open' }
received secure communication!
Received seqNum: 0
data received from server via secure communication
Handler: socketID: 25 data: data1
toSend: { data: <Buffer 64 61 74 61 31>, id: 25 }
specified socketID: 25
Unidentified client disconnected
Handler: secure connection with the client closed.
socket #25 closed
Unidentified client connected
received session key handshake1
switching to HANDSHAKE_1_RECEIVED state.
session key id: 40200188
session key NOT found! sending session key id to AuthService
Distribution protocol: TCP
connected to auth! from local port 55878
received auth hello!
{ authId: 402, nonce: <Buffer 97 03 01 3f 8e b5 11 a3> }
received session key response encrypted with distribution key
replyNonce in sessionKeyResp: <Buffer 9c 92 81 b2 47 62 1e d4>
auth nonce verified
handleSessionKeyResp: session key request succeeded! authFailureCount: 0
received 1 keys
Session key id is as expected
server ret: [object Object]
chosen nonce: <Buffer 15 e6 bb dd 55 2b 19 23>
switching to HANDSHAKE_2_SENT
received session key handshake3!
{ replyNonce: <Buffer 15 e6 bb dd 55 2b 19 23> }
client authenticated/authorized by solving nonce!
switching to IN_COMM
Handler: secure connection with the client established.
{ id: 26,
  remoteAddress: '::ffff:10.0.1.55:45046',
  status: 'open' }
disconnected from auth
received secure communication!
Received seqNum: 0
data received from server via secure communication
Handler: socketID: 26 data: data1
toSend: { data: <Buffer 64 61 74 61 31>, id: 26 }
specified socketID: 26
Unidentified client disconnected
Handler: secure connection with the client closed.
socket #26 closed
Unidentified client connected
received session key handshake1
switching to HANDSHAKE_1_RECEIVED state.
session key id: 40200195
session key NOT found! sending session key id to AuthService
Distribution protocol: TCP
connected to auth! from local port 56134
received auth hello!
{ authId: 402, nonce: <Buffer 5f f6 50 28 a6 00 8c 28> }
received session key response encrypted with distribution key
replyNonce in sessionKeyResp: <Buffer 81 43 98 a1 5c 11 36 1f>
auth nonce verified
handleSessionKeyResp: session key request succeeded! authFailureCount: 0
received 1 keys
Session key id is as expected
server ret: [object Object]
chosen nonce: <Buffer 31 55 73 eb 96 0a d0 d9>
switching to HANDSHAKE_2_SENT
disconnected from auth
received session key handshake3!
{ replyNonce: <Buffer 31 55 73 eb 96 0a d0 d9> }
client authenticated/authorized by solving nonce!
switching to IN_COMM
Handler: secure connection with the client established.
{ id: 27,
  remoteAddress: '::ffff:10.0.1.55:45302',
  status: 'open' }
received secure communication!
Received seqNum: 0
data received from server via secure communication
Handler: socketID: 27 data: data1
toSend: { data: <Buffer 64 61 74 61 31>, id: 27 }
specified socketID: 27
Unidentified client disconnected
Handler: secure connection with the client closed.
socket #27 closed
