changing working directory to: /home/hokeunkim/Development/iotauth/entity/node/example_entities
loading from config file: /home/hokeunkim/Development/iotauth_experiments/experiments/ccs2017/expOptions/expEntity.option
Experimental options for autoClient: { autoSendPeriod: 60000,
  useSameSessionKeyCount: 1,
  connectionTimeout: 50000,
  migrationEnabled: true,
  authFailureThreshold: 2,
  migrationFailureThreshold: 2 }
loading from config file: /home/hokeunkim/Development/iotauth/entity/node/example_entities/configs/Clients/c415.config
initializing...
current parameters: { numKeysPerRequest: 3,
  migrationEnabled: false,
  authFailureThreshold: 3,
  migrationFailureThreshold: 3 }
current parameters: { numKeysPerRequest: 1,
  migrationEnabled: false,
  authFailureThreshold: 3,
  migrationFailureThreshold: 3 }
current parameters: { numKeysPerRequest: 1,
  migrationEnabled: true,
  authFailureThreshold: 3,
  migrationFailureThreshold: 3 }
current parameters: { numKeysPerRequest: 1,
  migrationEnabled: true,
  authFailureThreshold: 2,
  migrationFailureThreshold: 3 }
current parameters: { numKeysPerRequest: 1,
  migrationEnabled: true,
  authFailureThreshold: 2,
  migrationFailureThreshold: 2 }
current entityInfo: { name: 'c415',
  group: 'Clients',
  distProtocol: 'TCP',
  usePermanentDistKey: false,
  connectionTimeout: 50000,
  privateKey: <Buffer 2d 2d 2d 2d 2d 42 45 47 49 4e 20 52 53 41 20 50 52 49 56 41 54 45 20 4b 45 59 2d 2d 2d 2d 2d 0a 4d 49 49 45 6f 77 49 42 41 41 4b 43 41 51 45 41 6e 6e ... > }
Distribution protocol: TCP
Resp-actual/expected/ratio/ts: 0 1 0 1521587107211
connected to auth! from local port 47472
received auth hello!
{ authId: 403, nonce: <Buffer fb f0 91 fa 72 37 62 09> }
received session key response with distribution key attached!
auth signature verified
replyNonce in sessionKeyResp: <Buffer ee ba 3e 9a c2 29 39 50>
auth nonce verified
handleSessionKeyResp: session key request succeeded! authFailureCount: 0
updating distribution key: { cipherKeyVal: <Buffer 66 cb 59 3b 98 98 f4 f5 32 ce f3 48 46 ab b9 e4>,
  macKeyVal: <Buffer c3 01 70 81 94 34 1f 74 4e 1a 44 3f 41 7c 48 f9 8f 3f ed fd 16 87 42 d1 73 95 42 80 b6 69 34 3d>,
  absValidity: 2018-03-21T00:05:07.383Z }
received 1 keys
currentSessionKey: [object Object]
Session protocol: TCP
chosen commSessionKey: 
{ id: 40300001,
  cipherKeyVal: <Buffer 11 c0 8b 9c 4b 79 c3 3c 55 d8 63 f0 5a 56 17 62>,
  macKeyVal: <Buffer e5 eb ee b0 82 8c f2 ab 46 44 f6 85 1c f6 46 c7 4f 6d 18 96 72 36 7f e6 6b 0a bb 31 fd e1 d4 62>,
  absValidity: 2018-03-21T23:05:07.382Z,
  relValidity: 7200000 }
options
{ serverHost: '10.0.1.19',
  serverPort: 22100,
  sessionKey: 
   { id: 40300001,
     cipherKeyVal: <Buffer 11 c0 8b 9c 4b 79 c3 3c 55 d8 63 f0 5a 56 17 62>,
     macKeyVal: <Buffer e5 eb ee b0 82 8c f2 ab 46 44 f6 85 1c f6 46 c7 4f 6d 18 96 72 36 7f e6 6b 0a bb 31 fd e1 d4 62>,
     absValidity: 2018-03-21T23:05:07.382Z,
     relValidity: 7200000 },
  sessionCryptoSpec: { cipher: 'AES-128-CBC', mac: 'SHA256' },
  sessionProtocol: 'TCP',
  handshakeTimeout: 50000 }
disconnected from auth
chosen nonce: <Buffer 80 f0 7a 26 d0 cc 6d c6>
switching to HANDSHAKE_1_SENT
received session key handshake2!
client ret: [object Object]
server authenticated/authorized by solving nonce!
Handler: communication initialization succeeded
file data length: 1024
sending at Tue Mar 20 2018 23:05:08 GMT+0000 (UTC)
switching to IN_COMM
received secure communication message!
Received seqNum: 0
Handler: data received from server via secure communication
data1
Resp-actual/expected/ratio/ts: 1 1 1 1521587108359
Distribution protocol: TCP
Resp-actual/expected/ratio/ts: 1 2 0.5 1521587167248
connected to auth! from local port 47668
received auth hello!
{ authId: 403, nonce: <Buffer fb c0 83 c1 53 af 0e 49> }
received session key response encrypted with distribution key
replyNonce in sessionKeyResp: <Buffer 7f 86 13 fd e2 e3 42 ac>
auth nonce verified
handleSessionKeyResp: session key request succeeded! authFailureCount: 0
received 1 keys
currentSessionKey: [object Object]
Status: Secure connection closed before starting a new connection.
Session protocol: TCP
chosen commSessionKey: 
{ id: 40300007,
  cipherKeyVal: <Buffer d9 7a d9 1d d8 fb ee fe 2a e3 de 50 25 56 af 9b>,
  macKeyVal: <Buffer 64 a6 02 49 6f a0 ed 67 bf e7 a4 83 a3 e5 ec 6c c5 b3 80 1f dd 55 ed 77 d8 87 47 d7 f0 10 bc b3>,
  absValidity: 2018-03-21T23:06:07.463Z,
  relValidity: 7200000 }
options
{ serverHost: '10.0.1.19',
  serverPort: 22100,
  sessionKey: 
   { id: 40300007,
     cipherKeyVal: <Buffer d9 7a d9 1d d8 fb ee fe 2a e3 de 50 25 56 af 9b>,
     macKeyVal: <Buffer 64 a6 02 49 6f a0 ed 67 bf e7 a4 83 a3 e5 ec 6c c5 b3 80 1f dd 55 ed 77 d8 87 47 d7 f0 10 bc b3>,
     absValidity: 2018-03-21T23:06:07.463Z,
     relValidity: 7200000 },
  sessionCryptoSpec: { cipher: 'AES-128-CBC', mac: 'SHA256' },
  sessionProtocol: 'TCP',
  handshakeTimeout: 50000 }
chosen nonce: <Buffer df 09 5b dd 81 78 9f 50>
switching to HANDSHAKE_1_SENT
disconnected from auth
Handler: secure connection with the server closed.
received session key handshake2!
client ret: [object Object]
server authenticated/authorized by solving nonce!
Handler: communication initialization succeeded
file data length: 1024
sending at Tue Mar 20 2018 23:06:08 GMT+0000 (UTC)
switching to IN_COMM
received secure communication message!
Received seqNum: 0
Handler: data received from server via secure communication
data1
Resp-actual/expected/ratio/ts: 2 2 1 1521587168598
Distribution protocol: TCP
Resp-actual/expected/ratio/ts: 2 3 0.6666666666666666 1521587227293
connected to auth! from local port 47940
received auth hello!
{ authId: 403, nonce: <Buffer 8c e5 48 a4 76 a5 ef 94> }
received session key response encrypted with distribution key
replyNonce in sessionKeyResp: <Buffer 64 61 b0 53 97 01 df 21>
auth nonce verified
handleSessionKeyResp: session key request succeeded! authFailureCount: 0
received 1 keys
currentSessionKey: [object Object]
Status: Secure connection closed before starting a new connection.
Session protocol: TCP
chosen commSessionKey: 
{ id: 40300013,
  cipherKeyVal: <Buffer 83 b1 c0 7b b9 39 41 42 3f 86 2f d9 3b 8b 4e 48>,
  macKeyVal: <Buffer b6 68 0b d8 7e 8a 76 2d 0c 8c 27 e8 63 94 5d 87 e2 80 ef 06 43 7b 86 fc c3 42 a3 53 70 6f 11 9b>,
  absValidity: 2018-03-21T23:07:07.540Z,
  relValidity: 7200000 }
options
{ serverHost: '10.0.1.19',
  serverPort: 22100,
  sessionKey: 
   { id: 40300013,
     cipherKeyVal: <Buffer 83 b1 c0 7b b9 39 41 42 3f 86 2f d9 3b 8b 4e 48>,
     macKeyVal: <Buffer b6 68 0b d8 7e 8a 76 2d 0c 8c 27 e8 63 94 5d 87 e2 80 ef 06 43 7b 86 fc c3 42 a3 53 70 6f 11 9b>,
     absValidity: 2018-03-21T23:07:07.540Z,
     relValidity: 7200000 },
  sessionCryptoSpec: { cipher: 'AES-128-CBC', mac: 'SHA256' },
  sessionProtocol: 'TCP',
  handshakeTimeout: 50000 }
chosen nonce: <Buffer aa 0a ed 0d b6 5c b2 ca>
switching to HANDSHAKE_1_SENT
disconnected from auth
Handler: secure connection with the server closed.
received session key handshake2!
client ret: [object Object]
server authenticated/authorized by solving nonce!
Handler: communication initialization succeeded
file data length: 1024
sending at Tue Mar 20 2018 23:07:08 GMT+0000 (UTC)
switching to IN_COMM
received secure communication message!
Received seqNum: 0
Handler: data received from server via secure communication
data1
Resp-actual/expected/ratio/ts: 3 3 1 1521587228722
Distribution protocol: TCP
Resp-actual/expected/ratio/ts: 3 4 0.75 1521587287349
connected to auth! from local port 48210
received auth hello!
{ authId: 403, nonce: <Buffer 55 7d 6b fe 1c e8 78 b4> }
received session key response encrypted with distribution key
replyNonce in sessionKeyResp: <Buffer 4c 6f 64 f3 e5 98 c8 21>
auth nonce verified
handleSessionKeyResp: session key request succeeded! authFailureCount: 0
received 1 keys
currentSessionKey: [object Object]
Status: Secure connection closed before starting a new connection.
Session protocol: TCP
chosen commSessionKey: 
{ id: 40300019,
  cipherKeyVal: <Buffer b2 d0 58 eb 7b d7 40 30 8c 54 88 01 8c c4 09 3f>,
  macKeyVal: <Buffer 8c 9a a2 e1 e6 c3 d3 f8 35 92 b7 39 3d 35 8e 6f 7a 9c 8d 41 f8 d4 44 95 73 93 bd 1b 84 4e 25 3b>,
  absValidity: 2018-03-21T23:08:07.555Z,
  relValidity: 7200000 }
options
{ serverHost: '10.0.1.19',
  serverPort: 22100,
  sessionKey: 
   { id: 40300019,
     cipherKeyVal: <Buffer b2 d0 58 eb 7b d7 40 30 8c 54 88 01 8c c4 09 3f>,
     macKeyVal: <Buffer 8c 9a a2 e1 e6 c3 d3 f8 35 92 b7 39 3d 35 8e 6f 7a 9c 8d 41 f8 d4 44 95 73 93 bd 1b 84 4e 25 3b>,
     absValidity: 2018-03-21T23:08:07.555Z,
     relValidity: 7200000 },
  sessionCryptoSpec: { cipher: 'AES-128-CBC', mac: 'SHA256' },
  sessionProtocol: 'TCP',
  handshakeTimeout: 50000 }
chosen nonce: <Buffer 76 f4 07 00 aa ad 52 b9>
switching to HANDSHAKE_1_SENT
disconnected from auth
Handler: secure connection with the server closed.
received session key handshake2!
client ret: [object Object]
server authenticated/authorized by solving nonce!
Handler: communication initialization succeeded
file data length: 1024
sending at Tue Mar 20 2018 23:08:08 GMT+0000 (UTC)
switching to IN_COMM
received secure communication message!
Received seqNum: 0
Handler: data received from server via secure communication
data1
Resp-actual/expected/ratio/ts: 4 4 1 1521587288658
Distribution protocol: TCP
Resp-actual/expected/ratio/ts: 4 5 0.8 1521587347405
connected to auth! from local port 48480
received auth hello!
{ authId: 403, nonce: <Buffer 3f 2b 64 d5 7e 2d 34 1f> }
received session key response encrypted with distribution key
replyNonce in sessionKeyResp: <Buffer ee 4f d9 1f e8 e3 bb 21>
auth nonce verified
handleSessionKeyResp: session key request succeeded! authFailureCount: 0
received 1 keys
currentSessionKey: [object Object]
Status: Secure connection closed before starting a new connection.
Session protocol: TCP
chosen commSessionKey: 
{ id: 40300025,
  cipherKeyVal: <Buffer 95 99 26 bf 06 42 13 6c 21 2b 79 45 60 04 3e 00>,
  macKeyVal: <Buffer f2 1d 5d 9c 14 4b 73 1f 7b 1e 99 eb 63 1a e7 83 05 47 55 44 c4 d9 81 f1 6b 1b 2a 94 a8 a1 89 54>,
  absValidity: 2018-03-21T23:09:07.561Z,
  relValidity: 7200000 }
options
{ serverHost: '10.0.1.19',
  serverPort: 22100,
  sessionKey: 
   { id: 40300025,
     cipherKeyVal: <Buffer 95 99 26 bf 06 42 13 6c 21 2b 79 45 60 04 3e 00>,
     macKeyVal: <Buffer f2 1d 5d 9c 14 4b 73 1f 7b 1e 99 eb 63 1a e7 83 05 47 55 44 c4 d9 81 f1 6b 1b 2a 94 a8 a1 89 54>,
     absValidity: 2018-03-21T23:09:07.561Z,
     relValidity: 7200000 },
  sessionCryptoSpec: { cipher: 'AES-128-CBC', mac: 'SHA256' },
  sessionProtocol: 'TCP',
  handshakeTimeout: 50000 }
chosen nonce: <Buffer 5b 55 3b 5e ba 1c 7a 08>
switching to HANDSHAKE_1_SENT
disconnected from auth
Handler: secure connection with the server closed.
received session key handshake2!
client ret: [object Object]
server authenticated/authorized by solving nonce!
Handler: communication initialization succeeded
file data length: 1024
sending at Tue Mar 20 2018 23:09:08 GMT+0000 (UTC)
switching to IN_COMM
received secure communication message!
Received seqNum: 0
Handler: data received from server via secure communication
data1
Resp-actual/expected/ratio/ts: 5 5 1 1521587348931
Distribution protocol: TCP
Resp-actual/expected/ratio/ts: 5 6 0.8333333333333334 1521587407461
connected to auth! from local port 48750
received auth hello!
{ authId: 403, nonce: <Buffer 68 18 2c 9a a6 a3 8d 4a> }
received session key response encrypted with distribution key
replyNonce in sessionKeyResp: <Buffer 37 19 85 f6 ec e4 d4 f0>
auth nonce verified
handleSessionKeyResp: session key request succeeded! authFailureCount: 0
received 1 keys
currentSessionKey: [object Object]
Status: Secure connection closed before starting a new connection.
Session protocol: TCP
chosen commSessionKey: 
{ id: 40300031,
  cipherKeyVal: <Buffer 4c b9 88 d6 22 1a 61 f3 1b 87 06 e6 a3 41 1f 38>,
  macKeyVal: <Buffer 96 5d b7 08 85 71 49 ca 2b ac 49 9b 6b 91 16 62 38 32 20 95 3a 2e 9b da db 5c 16 88 3c 88 bf 3d>,
  absValidity: 2018-03-21T23:10:07.595Z,
  relValidity: 7200000 }
options
{ serverHost: '10.0.1.19',
  serverPort: 22100,
  sessionKey: 
   { id: 40300031,
     cipherKeyVal: <Buffer 4c b9 88 d6 22 1a 61 f3 1b 87 06 e6 a3 41 1f 38>,
     macKeyVal: <Buffer 96 5d b7 08 85 71 49 ca 2b ac 49 9b 6b 91 16 62 38 32 20 95 3a 2e 9b da db 5c 16 88 3c 88 bf 3d>,
     absValidity: 2018-03-21T23:10:07.595Z,
     relValidity: 7200000 },
  sessionCryptoSpec: { cipher: 'AES-128-CBC', mac: 'SHA256' },
  sessionProtocol: 'TCP',
  handshakeTimeout: 50000 }
chosen nonce: <Buffer 99 2e d8 61 82 17 c8 7b>
switching to HANDSHAKE_1_SENT
disconnected from auth
Handler: secure connection with the server closed.
received session key handshake2!
client ret: [object Object]
server authenticated/authorized by solving nonce!
Handler: communication initialization succeeded
file data length: 1024
sending at Tue Mar 20 2018 23:10:08 GMT+0000 (UTC)
switching to IN_COMM
received secure communication message!
Received seqNum: 0
Handler: data received from server via secure communication
data1
Resp-actual/expected/ratio/ts: 6 6 1 1521587408788
Distribution protocol: TCP
Resp-actual/expected/ratio/ts: 6 7 0.8571428571428571 1521587467496
connected to auth! from local port 49020
received auth hello!
{ authId: 403, nonce: <Buffer d2 5e bb 63 4b de b5 f9> }
received session key response encrypted with distribution key
replyNonce in sessionKeyResp: <Buffer c8 9c e4 67 fe df 21 12>
auth nonce verified
handleSessionKeyResp: session key request succeeded! authFailureCount: 0
received 1 keys
currentSessionKey: [object Object]
Status: Secure connection closed before starting a new connection.
Session protocol: TCP
chosen commSessionKey: 
{ id: 40300037,
  cipherKeyVal: <Buffer 10 74 21 70 7f 0d 62 ec ae 8d 7c 60 ac 27 38 6f>,
  macKeyVal: <Buffer 41 b6 8d c8 23 26 1c 6b 6d de c9 12 10 a0 0b 07 54 02 47 9b 60 b2 b1 80 68 0d 32 5a 2c c8 55 19>,
  absValidity: 2018-03-21T23:11:07.627Z,
  relValidity: 7200000 }
options
{ serverHost: '10.0.1.19',
  serverPort: 22100,
  sessionKey: 
   { id: 40300037,
     cipherKeyVal: <Buffer 10 74 21 70 7f 0d 62 ec ae 8d 7c 60 ac 27 38 6f>,
     macKeyVal: <Buffer 41 b6 8d c8 23 26 1c 6b 6d de c9 12 10 a0 0b 07 54 02 47 9b 60 b2 b1 80 68 0d 32 5a 2c c8 55 19>,
     absValidity: 2018-03-21T23:11:07.627Z,
     relValidity: 7200000 },
  sessionCryptoSpec: { cipher: 'AES-128-CBC', mac: 'SHA256' },
  sessionProtocol: 'TCP',
  handshakeTimeout: 50000 }
chosen nonce: <Buffer 76 d7 e7 de 66 f2 33 d9>
switching to HANDSHAKE_1_SENT
disconnected from auth
Handler: secure connection with the server closed.
received session key handshake2!
client ret: [object Object]
server authenticated/authorized by solving nonce!
Handler: communication initialization succeeded
file data length: 1024
sending at Tue Mar 20 2018 23:11:08 GMT+0000 (UTC)
switching to IN_COMM
received secure communication message!
Received seqNum: 0
Handler: data received from server via secure communication
data1
Resp-actual/expected/ratio/ts: 7 7 1 1521587468787
Distribution protocol: TCP
Resp-actual/expected/ratio/ts: 7 8 0.875 1521587527554
connected to auth! from local port 49290
received auth hello!
{ authId: 403, nonce: <Buffer c1 9e 75 82 d2 49 e5 38> }
received session key response encrypted with distribution key
replyNonce in sessionKeyResp: <Buffer 2c f7 63 15 4b bf 7b 6a>
auth nonce verified
handleSessionKeyResp: session key request succeeded! authFailureCount: 0
received 1 keys
currentSessionKey: [object Object]
Status: Secure connection closed before starting a new connection.
Session protocol: TCP
chosen commSessionKey: 
{ id: 40300043,
  cipherKeyVal: <Buffer 8d 86 10 02 33 2d a6 6d 62 c3 1b c8 f7 c6 e2 e7>,
  macKeyVal: <Buffer a7 ea 43 83 da 5e 0e 9f e7 cc 1c 90 86 41 bf 1f 6c 58 20 f6 ca f1 d2 18 48 6e 2d 9f 0a 19 d3 8a>,
  absValidity: 2018-03-21T23:12:07.702Z,
  relValidity: 7200000 }
options
{ serverHost: '10.0.1.19',
  serverPort: 22100,
  sessionKey: 
   { id: 40300043,
     cipherKeyVal: <Buffer 8d 86 10 02 33 2d a6 6d 62 c3 1b c8 f7 c6 e2 e7>,
     macKeyVal: <Buffer a7 ea 43 83 da 5e 0e 9f e7 cc 1c 90 86 41 bf 1f 6c 58 20 f6 ca f1 d2 18 48 6e 2d 9f 0a 19 d3 8a>,
     absValidity: 2018-03-21T23:12:07.702Z,
     relValidity: 7200000 },
  sessionCryptoSpec: { cipher: 'AES-128-CBC', mac: 'SHA256' },
  sessionProtocol: 'TCP',
  handshakeTimeout: 50000 }
chosen nonce: <Buffer 35 4b 59 ea 07 c2 18 1e>
switching to HANDSHAKE_1_SENT
disconnected from auth
Handler: secure connection with the server closed.
received session key handshake2!
client ret: [object Object]
server authenticated/authorized by solving nonce!
Handler: communication initialization succeeded
file data length: 1024
sending at Tue Mar 20 2018 23:12:08 GMT+0000 (UTC)
switching to IN_COMM
received secure communication message!
Received seqNum: 0
Handler: data received from server via secure communication
data1
Resp-actual/expected/ratio/ts: 8 8 1 1521587528980
Distribution protocol: TCP
Resp-actual/expected/ratio/ts: 8 9 0.8888888888888888 1521587587556
connected to auth! from local port 49536
received auth hello!
{ authId: 403, nonce: <Buffer 8a e2 56 9f 99 d5 1a dc> }
received session key response encrypted with distribution key
replyNonce in sessionKeyResp: <Buffer fa 38 b0 17 1d 44 25 33>
auth nonce verified
handleSessionKeyResp: session key request succeeded! authFailureCount: 0
received 1 keys
currentSessionKey: [object Object]
Status: Secure connection closed before starting a new connection.
Session protocol: TCP
chosen commSessionKey: 
{ id: 40300049,
  cipherKeyVal: <Buffer 4c 61 55 3c 83 c7 b4 8b aa 90 fb cb ff a1 eb 28>,
  macKeyVal: <Buffer 3f 1c 2d e8 dc fd 3d 44 49 39 2d 1c a3 7f 04 6b c8 01 da 88 0c f3 ee fe 1e e2 b6 91 55 5c cf e8>,
  absValidity: 2018-03-21T23:13:07.741Z,
  relValidity: 7200000 }
options
{ serverHost: '10.0.1.19',
  serverPort: 22100,
  sessionKey: 
   { id: 40300049,
     cipherKeyVal: <Buffer 4c 61 55 3c 83 c7 b4 8b aa 90 fb cb ff a1 eb 28>,
     macKeyVal: <Buffer 3f 1c 2d e8 dc fd 3d 44 49 39 2d 1c a3 7f 04 6b c8 01 da 88 0c f3 ee fe 1e e2 b6 91 55 5c cf e8>,
     absValidity: 2018-03-21T23:13:07.741Z,
     relValidity: 7200000 },
  sessionCryptoSpec: { cipher: 'AES-128-CBC', mac: 'SHA256' },
  sessionProtocol: 'TCP',
  handshakeTimeout: 50000 }
chosen nonce: <Buffer a2 c0 ca 1c 25 bf d0 f9>
switching to HANDSHAKE_1_SENT
disconnected from auth
Handler: secure connection with the server closed.
received session key handshake2!
client ret: [object Object]
server authenticated/authorized by solving nonce!
Handler: communication initialization succeeded
file data length: 1024
sending at Tue Mar 20 2018 23:13:08 GMT+0000 (UTC)
switching to IN_COMM
received secure communication message!
Received seqNum: 0
Handler: data received from server via secure communication
data1
Resp-actual/expected/ratio/ts: 9 9 1 1521587589050
Distribution protocol: TCP
Resp-actual/expected/ratio/ts: 9 10 0.9 1521587647573
connected to auth! from local port 49796
received auth hello!
{ authId: 403, nonce: <Buffer a0 f6 d8 b1 64 cf 9d 39> }
received session key response encrypted with distribution key
replyNonce in sessionKeyResp: <Buffer cb 46 3e 16 ed 19 40 a5>
auth nonce verified
handleSessionKeyResp: session key request succeeded! authFailureCount: 0
received 1 keys
currentSessionKey: [object Object]
Status: Secure connection closed before starting a new connection.
Session protocol: TCP
chosen commSessionKey: 
{ id: 40300055,
  cipherKeyVal: <Buffer fa 93 c6 c9 c1 e5 3c 83 f0 1b 9a ad 01 48 f8 ea>,
  macKeyVal: <Buffer 39 5d 67 5b bc d3 43 ac fb 34 2d b6 00 8b 03 9b 4d 24 23 ef 5d 87 3c 58 18 f9 97 0d 74 d9 12 23>,
  absValidity: 2018-03-21T23:14:07.754Z,
  relValidity: 7200000 }
options
{ serverHost: '10.0.1.19',
  serverPort: 22100,
  sessionKey: 
   { id: 40300055,
     cipherKeyVal: <Buffer fa 93 c6 c9 c1 e5 3c 83 f0 1b 9a ad 01 48 f8 ea>,
     macKeyVal: <Buffer 39 5d 67 5b bc d3 43 ac fb 34 2d b6 00 8b 03 9b 4d 24 23 ef 5d 87 3c 58 18 f9 97 0d 74 d9 12 23>,
     absValidity: 2018-03-21T23:14:07.754Z,
     relValidity: 7200000 },
  sessionCryptoSpec: { cipher: 'AES-128-CBC', mac: 'SHA256' },
  sessionProtocol: 'TCP',
  handshakeTimeout: 50000 }
chosen nonce: <Buffer c3 ce d1 f3 45 9a a3 a0>
switching to HANDSHAKE_1_SENT
disconnected from auth
Handler: secure connection with the server closed.
received session key handshake2!
client ret: [object Object]
server authenticated/authorized by solving nonce!
Handler: communication initialization succeeded
file data length: 1024
sending at Tue Mar 20 2018 23:14:08 GMT+0000 (UTC)
switching to IN_COMM
received secure communication message!
Received seqNum: 0
Handler: data received from server via secure communication
data1
Resp-actual/expected/ratio/ts: 10 10 1 1521587648845
Distribution protocol: TCP
Resp-actual/expected/ratio/ts: 10 11 0.9090909090909091 1521587707601
connected to auth! from local port 50066
received auth hello!
{ authId: 403, nonce: <Buffer 4e d6 57 b6 54 43 6d d9> }
received session key response encrypted with distribution key
replyNonce in sessionKeyResp: <Buffer 0b ac f5 85 8a e0 6d c0>
auth nonce verified
handleSessionKeyResp: session key request succeeded! authFailureCount: 0
received 1 keys
currentSessionKey: [object Object]
Status: Secure connection closed before starting a new connection.
Session protocol: TCP
chosen commSessionKey: 
{ id: 40300061,
  cipherKeyVal: <Buffer a7 c4 b8 93 9a e4 ff 29 25 59 28 97 f4 c2 6c 95>,
  macKeyVal: <Buffer 0c ca 9c bf 96 05 d9 ac c1 b2 68 1e 6e dd 35 5b 96 46 65 25 d7 72 79 08 67 94 64 d0 b1 b9 3a ef>,
  absValidity: 2018-03-21T23:15:07.778Z,
  relValidity: 7200000 }
options
{ serverHost: '10.0.1.19',
  serverPort: 22100,
  sessionKey: 
   { id: 40300061,
     cipherKeyVal: <Buffer a7 c4 b8 93 9a e4 ff 29 25 59 28 97 f4 c2 6c 95>,
     macKeyVal: <Buffer 0c ca 9c bf 96 05 d9 ac c1 b2 68 1e 6e dd 35 5b 96 46 65 25 d7 72 79 08 67 94 64 d0 b1 b9 3a ef>,
     absValidity: 2018-03-21T23:15:07.778Z,
     relValidity: 7200000 },
  sessionCryptoSpec: { cipher: 'AES-128-CBC', mac: 'SHA256' },
  sessionProtocol: 'TCP',
  handshakeTimeout: 50000 }
chosen nonce: <Buffer 1e 1b 9a d5 f5 5f 8f 86>
switching to HANDSHAKE_1_SENT
disconnected from auth
Handler: secure connection with the server closed.
received session key handshake2!
client ret: [object Object]
server authenticated/authorized by solving nonce!
Handler: communication initialization succeeded
file data length: 1024
sending at Tue Mar 20 2018 23:15:08 GMT+0000 (UTC)
switching to IN_COMM
received secure communication message!
Received seqNum: 0
Handler: data received from server via secure communication
data1
Resp-actual/expected/ratio/ts: 11 11 1 1521587708998
Distribution protocol: TCP
Resp-actual/expected/ratio/ts: 11 12 0.9166666666666666 1521587767616
connected to auth! from local port 50338
received auth hello!
{ authId: 403, nonce: <Buffer 25 7b 45 44 ee d0 a4 52> }
received session key response encrypted with distribution key
replyNonce in sessionKeyResp: <Buffer 55 c0 01 10 22 f5 e5 48>
auth nonce verified
handleSessionKeyResp: session key request succeeded! authFailureCount: 0
received 1 keys
currentSessionKey: [object Object]
Status: Secure connection closed before starting a new connection.
Session protocol: TCP
chosen commSessionKey: 
{ id: 40300067,
  cipherKeyVal: <Buffer ac 16 3e 5e 13 13 ea 6d d9 62 27 44 a3 f1 b4 6b>,
  macKeyVal: <Buffer cf 61 20 b2 5c e5 41 b0 a4 dc 93 41 60 75 3f 7d 96 cc 83 96 a4 20 5a 0c 73 a4 f4 78 d6 51 b7 0e>,
  absValidity: 2018-03-21T23:16:07.842Z,
  relValidity: 7200000 }
options
{ serverHost: '10.0.1.19',
  serverPort: 22100,
  sessionKey: 
   { id: 40300067,
     cipherKeyVal: <Buffer ac 16 3e 5e 13 13 ea 6d d9 62 27 44 a3 f1 b4 6b>,
     macKeyVal: <Buffer cf 61 20 b2 5c e5 41 b0 a4 dc 93 41 60 75 3f 7d 96 cc 83 96 a4 20 5a 0c 73 a4 f4 78 d6 51 b7 0e>,
     absValidity: 2018-03-21T23:16:07.842Z,
     relValidity: 7200000 },
  sessionCryptoSpec: { cipher: 'AES-128-CBC', mac: 'SHA256' },
  sessionProtocol: 'TCP',
  handshakeTimeout: 50000 }
chosen nonce: <Buffer c9 24 f5 58 74 a2 8b 0f>
switching to HANDSHAKE_1_SENT
disconnected from auth
Handler: secure connection with the server closed.
received session key handshake2!
client ret: [object Object]
server authenticated/authorized by solving nonce!
Handler: communication initialization succeeded
file data length: 1024
sending at Tue Mar 20 2018 23:16:08 GMT+0000 (UTC)
switching to IN_COMM
received secure communication message!
Received seqNum: 0
Handler: data received from server via secure communication
data1
Resp-actual/expected/ratio/ts: 12 12 1 1521587769038
Distribution protocol: TCP
Resp-actual/expected/ratio/ts: 12 13 0.9230769230769231 1521587827637
connected to auth! from local port 50610
received auth hello!
{ authId: 403, nonce: <Buffer 95 11 b7 d3 84 23 10 b7> }
received session key response encrypted with distribution key
replyNonce in sessionKeyResp: <Buffer 64 41 41 8c 90 97 05 53>
auth nonce verified
handleSessionKeyResp: session key request succeeded! authFailureCount: 0
received 1 keys
currentSessionKey: [object Object]
Status: Secure connection closed before starting a new connection.
Session protocol: TCP
chosen commSessionKey: 
{ id: 40300073,
  cipherKeyVal: <Buffer 06 f4 96 ac eb 93 c3 52 ec 05 c0 4a 00 61 55 43>,
  macKeyVal: <Buffer 51 05 1f 85 06 ba 9c b9 2e 25 20 7c c3 29 f7 66 67 9b bc 8a 67 17 85 1e 38 25 61 6d 16 93 09 98>,
  absValidity: 2018-03-21T23:17:07.900Z,
  relValidity: 7200000 }
options
{ serverHost: '10.0.1.19',
  serverPort: 22100,
  sessionKey: 
   { id: 40300073,
     cipherKeyVal: <Buffer 06 f4 96 ac eb 93 c3 52 ec 05 c0 4a 00 61 55 43>,
     macKeyVal: <Buffer 51 05 1f 85 06 ba 9c b9 2e 25 20 7c c3 29 f7 66 67 9b bc 8a 67 17 85 1e 38 25 61 6d 16 93 09 98>,
     absValidity: 2018-03-21T23:17:07.900Z,
     relValidity: 7200000 },
  sessionCryptoSpec: { cipher: 'AES-128-CBC', mac: 'SHA256' },
  sessionProtocol: 'TCP',
  handshakeTimeout: 50000 }
chosen nonce: <Buffer ad 80 3a c8 0d 79 cb 44>
switching to HANDSHAKE_1_SENT
disconnected from auth
Handler: secure connection with the server closed.
received session key handshake2!
client ret: [object Object]
server authenticated/authorized by solving nonce!
Handler: communication initialization succeeded
file data length: 1024
sending at Tue Mar 20 2018 23:17:08 GMT+0000 (UTC)
switching to IN_COMM
received secure communication message!
Received seqNum: 0
Handler: data received from server via secure communication
data1
Resp-actual/expected/ratio/ts: 13 13 1 1521587829453
Distribution protocol: TCP
Resp-actual/expected/ratio/ts: 13 14 0.9285714285714286 1521587887682
connected to auth! from local port 50886
received auth hello!
{ authId: 403, nonce: <Buffer 26 c2 6c 3e 5e b0 9e fa> }
received session key response encrypted with distribution key
replyNonce in sessionKeyResp: <Buffer 88 17 7d 2c 58 5b b9 f8>
auth nonce verified
handleSessionKeyResp: session key request succeeded! authFailureCount: 0
received 1 keys
currentSessionKey: [object Object]
Status: Secure connection closed before starting a new connection.
Session protocol: TCP
chosen commSessionKey: 
{ id: 40300079,
  cipherKeyVal: <Buffer 6e c2 d7 35 6e 00 27 7a c1 0b b0 dd da 39 ea cf>,
  macKeyVal: <Buffer ea 58 e5 19 19 89 63 4a 57 cf f0 d7 78 e8 cf f7 12 cc ba f2 9a 0d 90 32 72 56 5e e7 32 b8 34 18>,
  absValidity: 2018-03-21T23:18:07.876Z,
  relValidity: 7200000 }
options
{ serverHost: '10.0.1.19',
  serverPort: 22100,
  sessionKey: 
   { id: 40300079,
     cipherKeyVal: <Buffer 6e c2 d7 35 6e 00 27 7a c1 0b b0 dd da 39 ea cf>,
     macKeyVal: <Buffer ea 58 e5 19 19 89 63 4a 57 cf f0 d7 78 e8 cf f7 12 cc ba f2 9a 0d 90 32 72 56 5e e7 32 b8 34 18>,
     absValidity: 2018-03-21T23:18:07.876Z,
     relValidity: 7200000 },
  sessionCryptoSpec: { cipher: 'AES-128-CBC', mac: 'SHA256' },
  sessionProtocol: 'TCP',
  handshakeTimeout: 50000 }
chosen nonce: <Buffer 40 aa 44 1c ad 07 95 7b>
switching to HANDSHAKE_1_SENT
disconnected from auth
Handler: secure connection with the server closed.
received session key handshake2!
client ret: [object Object]
server authenticated/authorized by solving nonce!
Handler: communication initialization succeeded
file data length: 1024
sending at Tue Mar 20 2018 23:18:08 GMT+0000 (UTC)
switching to IN_COMM
received secure communication message!
Received seqNum: 0
Handler: data received from server via secure communication
data1
Resp-actual/expected/ratio/ts: 14 14 1 1521587889246
Distribution protocol: TCP
Resp-actual/expected/ratio/ts: 14 15 0.9333333333333333 1521587947740
connected to auth! from local port 51156
received auth hello!
{ authId: 403, nonce: <Buffer 7f 37 de 3e 27 70 1e 9e> }
received session key response encrypted with distribution key
replyNonce in sessionKeyResp: <Buffer 99 f9 c8 4e c5 ad fd 2a>
auth nonce verified
handleSessionKeyResp: session key request succeeded! authFailureCount: 0
received 1 keys
currentSessionKey: [object Object]
Status: Secure connection closed before starting a new connection.
Session protocol: TCP
chosen commSessionKey: 
{ id: 40300085,
  cipherKeyVal: <Buffer fe 99 d7 f2 a0 d6 3e d2 c3 9d fd e2 2a 6d 29 41>,
  macKeyVal: <Buffer 79 5c d8 8d 4e 35 61 1b 30 dc 56 aa fe 1c 45 99 43 a2 6e ea 2a 43 ab e4 1c 1c 47 a1 ac 20 f8 bf>,
  absValidity: 2018-03-21T23:19:07.952Z,
  relValidity: 7200000 }
options
{ serverHost: '10.0.1.19',
  serverPort: 22100,
  sessionKey: 
   { id: 40300085,
     cipherKeyVal: <Buffer fe 99 d7 f2 a0 d6 3e d2 c3 9d fd e2 2a 6d 29 41>,
     macKeyVal: <Buffer 79 5c d8 8d 4e 35 61 1b 30 dc 56 aa fe 1c 45 99 43 a2 6e ea 2a 43 ab e4 1c 1c 47 a1 ac 20 f8 bf>,
     absValidity: 2018-03-21T23:19:07.952Z,
     relValidity: 7200000 },
  sessionCryptoSpec: { cipher: 'AES-128-CBC', mac: 'SHA256' },
  sessionProtocol: 'TCP',
  handshakeTimeout: 50000 }
chosen nonce: <Buffer 16 9d f1 36 f8 c1 d7 1d>
switching to HANDSHAKE_1_SENT
Handler: secure connection with the server closed.
disconnected from auth
received session key handshake2!
client ret: [object Object]
server authenticated/authorized by solving nonce!
Handler: communication initialization succeeded
file data length: 1024
sending at Tue Mar 20 2018 23:19:08 GMT+0000 (UTC)
switching to IN_COMM
received secure communication message!
Received seqNum: 0
Handler: data received from server via secure communication
data1
Resp-actual/expected/ratio/ts: 15 15 1 1521587949284
Distribution protocol: TCP
Resp-actual/expected/ratio/ts: 15 16 0.9375 1521588007799
connected to auth! from local port 51426
received auth hello!
{ authId: 403, nonce: <Buffer 10 9c be 67 7d 8d a4 22> }
received session key response encrypted with distribution key
replyNonce in sessionKeyResp: <Buffer 86 46 4c 66 55 1f 2a f1>
auth nonce verified
handleSessionKeyResp: session key request succeeded! authFailureCount: 0
received 1 keys
currentSessionKey: [object Object]
Status: Secure connection closed before starting a new connection.
Session protocol: TCP
chosen commSessionKey: 
{ id: 40300091,
  cipherKeyVal: <Buffer 72 e7 35 25 f4 19 31 94 8c ea c1 6e 28 41 b7 a1>,
  macKeyVal: <Buffer 9e 56 3e 2b 15 28 cd 01 28 aa 2a 5b 46 eb 5d cc e2 76 8e 5f e2 5a eb b7 ed 89 70 9a 15 c7 3b ac>,
  absValidity: 2018-03-21T23:20:08.040Z,
  relValidity: 7200000 }
options
{ serverHost: '10.0.1.19',
  serverPort: 22100,
  sessionKey: 
   { id: 40300091,
     cipherKeyVal: <Buffer 72 e7 35 25 f4 19 31 94 8c ea c1 6e 28 41 b7 a1>,
     macKeyVal: <Buffer 9e 56 3e 2b 15 28 cd 01 28 aa 2a 5b 46 eb 5d cc e2 76 8e 5f e2 5a eb b7 ed 89 70 9a 15 c7 3b ac>,
     absValidity: 2018-03-21T23:20:08.040Z,
     relValidity: 7200000 },
  sessionCryptoSpec: { cipher: 'AES-128-CBC', mac: 'SHA256' },
  sessionProtocol: 'TCP',
  handshakeTimeout: 50000 }
chosen nonce: <Buffer d4 9d 70 99 89 be 14 39>
switching to HANDSHAKE_1_SENT
disconnected from auth
Handler: secure connection with the server closed.
received session key handshake2!
client ret: [object Object]
server authenticated/authorized by solving nonce!
Handler: communication initialization succeeded
file data length: 1024
sending at Tue Mar 20 2018 23:20:08 GMT+0000 (UTC)
switching to IN_COMM
received secure communication message!
Received seqNum: 0
Handler: data received from server via secure communication
data1
Resp-actual/expected/ratio/ts: 16 16 1 1521588009287
Distribution protocol: TCP
Resp-actual/expected/ratio/ts: 16 17 0.9411764705882353 1521588067852
connected to auth! from local port 51696
received auth hello!
{ authId: 403, nonce: <Buffer 47 65 c2 0c 17 66 7d 8d> }
received session key response encrypted with distribution key
replyNonce in sessionKeyResp: <Buffer 10 97 40 1c f8 af 65 66>
auth nonce verified
handleSessionKeyResp: session key request succeeded! authFailureCount: 0
received 1 keys
currentSessionKey: [object Object]
Status: Secure connection closed before starting a new connection.
Session protocol: TCP
chosen commSessionKey: 
{ id: 40300097,
  cipherKeyVal: <Buffer bf 3c ce 65 a3 82 39 22 d0 e0 66 15 7f 8c 75 fb>,
  macKeyVal: <Buffer df 69 44 00 fb c5 4d ba 2d 67 1f 7e 75 a5 a7 e2 50 d3 65 3a 30 0c dd 2d 55 f2 03 26 4b d1 ff c5>,
  absValidity: 2018-03-21T23:21:08.069Z,
  relValidity: 7200000 }
options
{ serverHost: '10.0.1.19',
  serverPort: 22100,
  sessionKey: 
   { id: 40300097,
     cipherKeyVal: <Buffer bf 3c ce 65 a3 82 39 22 d0 e0 66 15 7f 8c 75 fb>,
     macKeyVal: <Buffer df 69 44 00 fb c5 4d ba 2d 67 1f 7e 75 a5 a7 e2 50 d3 65 3a 30 0c dd 2d 55 f2 03 26 4b d1 ff c5>,
     absValidity: 2018-03-21T23:21:08.069Z,
     relValidity: 7200000 },
  sessionCryptoSpec: { cipher: 'AES-128-CBC', mac: 'SHA256' },
  sessionProtocol: 'TCP',
  handshakeTimeout: 50000 }
chosen nonce: <Buffer eb 65 b4 52 e9 76 fe 0b>
switching to HANDSHAKE_1_SENT
disconnected from auth
Handler: secure connection with the server closed.
received session key handshake2!
client ret: [object Object]
server authenticated/authorized by solving nonce!
Handler: communication initialization succeeded
file data length: 1024
sending at Tue Mar 20 2018 23:21:08 GMT+0000 (UTC)
switching to IN_COMM
received secure communication message!
Received seqNum: 0
Handler: data received from server via secure communication
data1
Resp-actual/expected/ratio/ts: 17 17 1 1521588069390
Distribution protocol: TCP
Resp-actual/expected/ratio/ts: 17 18 0.9444444444444444 1521588127910
connected to auth! from local port 51966
received auth hello!
{ authId: 403, nonce: <Buffer cf 7b a5 6c 6b de 7b ac> }
received session key response encrypted with distribution key
replyNonce in sessionKeyResp: <Buffer 10 6f d3 64 22 f8 3c 81>
auth nonce verified
handleSessionKeyResp: session key request succeeded! authFailureCount: 0
received 1 keys
currentSessionKey: [object Object]
Status: Secure connection closed before starting a new connection.
Session protocol: TCP
chosen commSessionKey: 
{ id: 40300103,
  cipherKeyVal: <Buffer 23 a6 de 12 63 98 27 a4 c8 cb 8d ae 0f ed 71 a1>,
  macKeyVal: <Buffer 6c 0d 03 7b a9 89 de 7a a8 6c b8 45 4f eb 59 ea 54 2b 53 80 50 0d 32 4f 16 0f f3 cd 2a 52 01 af>,
  absValidity: 2018-03-21T23:22:08.113Z,
  relValidity: 7200000 }
options
{ serverHost: '10.0.1.19',
  serverPort: 22100,
  sessionKey: 
   { id: 40300103,
     cipherKeyVal: <Buffer 23 a6 de 12 63 98 27 a4 c8 cb 8d ae 0f ed 71 a1>,
     macKeyVal: <Buffer 6c 0d 03 7b a9 89 de 7a a8 6c b8 45 4f eb 59 ea 54 2b 53 80 50 0d 32 4f 16 0f f3 cd 2a 52 01 af>,
     absValidity: 2018-03-21T23:22:08.113Z,
     relValidity: 7200000 },
  sessionCryptoSpec: { cipher: 'AES-128-CBC', mac: 'SHA256' },
  sessionProtocol: 'TCP',
  handshakeTimeout: 50000 }
chosen nonce: <Buffer c7 4e 3b de 7e 8b d6 c7>
switching to HANDSHAKE_1_SENT
disconnected from auth
Handler: secure connection with the server closed.
received session key handshake2!
client ret: [object Object]
server authenticated/authorized by solving nonce!
Handler: communication initialization succeeded
file data length: 1024
sending at Tue Mar 20 2018 23:22:09 GMT+0000 (UTC)
switching to IN_COMM
received secure communication message!
Received seqNum: 0
Handler: data received from server via secure communication
data1
Resp-actual/expected/ratio/ts: 18 18 1 1521588129417
Distribution protocol: TCP
Resp-actual/expected/ratio/ts: 18 19 0.9473684210526315 1521588187969
connected to auth! from local port 52236
received auth hello!
{ authId: 403, nonce: <Buffer 63 c7 08 72 c1 1f dd f5> }
received session key response encrypted with distribution key
replyNonce in sessionKeyResp: <Buffer 42 8d 8c 38 91 db c5 44>
auth nonce verified
handleSessionKeyResp: session key request succeeded! authFailureCount: 0
received 1 keys
currentSessionKey: [object Object]
Status: Secure connection closed before starting a new connection.
Session protocol: TCP
chosen commSessionKey: 
{ id: 40300109,
  cipherKeyVal: <Buffer d2 65 ca 75 27 4b 40 66 03 7f 53 a9 00 99 d0 69>,
  macKeyVal: <Buffer 97 09 e4 ed c7 31 8c 13 fb 35 41 fb d7 1a d2 0b 80 1f 79 e3 cc 2d 06 eb c9 ff 80 07 41 be 3c 13>,
  absValidity: 2018-03-21T23:23:08.207Z,
  relValidity: 7200000 }
options
{ serverHost: '10.0.1.19',
  serverPort: 22100,
  sessionKey: 
   { id: 40300109,
     cipherKeyVal: <Buffer d2 65 ca 75 27 4b 40 66 03 7f 53 a9 00 99 d0 69>,
     macKeyVal: <Buffer 97 09 e4 ed c7 31 8c 13 fb 35 41 fb d7 1a d2 0b 80 1f 79 e3 cc 2d 06 eb c9 ff 80 07 41 be 3c 13>,
     absValidity: 2018-03-21T23:23:08.207Z,
     relValidity: 7200000 },
  sessionCryptoSpec: { cipher: 'AES-128-CBC', mac: 'SHA256' },
  sessionProtocol: 'TCP',
  handshakeTimeout: 50000 }
chosen nonce: <Buffer 3f 27 7c 90 6d fa 52 dd>
switching to HANDSHAKE_1_SENT
disconnected from auth
Handler: secure connection with the server closed.
received session key handshake2!
client ret: [object Object]
server authenticated/authorized by solving nonce!
Handler: communication initialization succeeded
file data length: 1024
sending at Tue Mar 20 2018 23:23:09 GMT+0000 (UTC)
switching to IN_COMM
received secure communication message!
Received seqNum: 0
Handler: data received from server via secure communication
data1
Resp-actual/expected/ratio/ts: 19 19 1 1521588189439
Distribution protocol: TCP
Resp-actual/expected/ratio/ts: 19 20 0.95 1521588248025
connected to auth! from local port 52506
received auth hello!
{ authId: 403, nonce: <Buffer 27 62 88 8c 27 06 fb de> }
received session key response encrypted with distribution key
replyNonce in sessionKeyResp: <Buffer ac 01 5e 71 ca 4e 47 57>
auth nonce verified
handleSessionKeyResp: session key request succeeded! authFailureCount: 0
received 1 keys
currentSessionKey: [object Object]
Status: Secure connection closed before starting a new connection.
Session protocol: TCP
chosen commSessionKey: 
{ id: 40300115,
  cipherKeyVal: <Buffer c1 f7 26 de 86 1d 02 cc 38 f2 9d 6c 3f 4e a2 02>,
  macKeyVal: <Buffer 2a fb 25 a5 f5 f5 9f 2e 85 5b 15 e9 fe 45 ff 5f be c9 ff dc 26 7f 35 9e 1d 5f 99 5e 63 16 fd 65>,
  absValidity: 2018-03-21T23:24:08.288Z,
  relValidity: 7200000 }
options
{ serverHost: '10.0.1.19',
  serverPort: 22100,
  sessionKey: 
   { id: 40300115,
     cipherKeyVal: <Buffer c1 f7 26 de 86 1d 02 cc 38 f2 9d 6c 3f 4e a2 02>,
     macKeyVal: <Buffer 2a fb 25 a5 f5 f5 9f 2e 85 5b 15 e9 fe 45 ff 5f be c9 ff dc 26 7f 35 9e 1d 5f 99 5e 63 16 fd 65>,
     absValidity: 2018-03-21T23:24:08.288Z,
     relValidity: 7200000 },
  sessionCryptoSpec: { cipher: 'AES-128-CBC', mac: 'SHA256' },
  sessionProtocol: 'TCP',
  handshakeTimeout: 50000 }
chosen nonce: <Buffer da f9 76 09 4a 54 c2 04>
switching to HANDSHAKE_1_SENT
disconnected from auth
Handler: secure connection with the server closed.
received session key handshake2!
client ret: [object Object]
server authenticated/authorized by solving nonce!
Handler: communication initialization succeeded
file data length: 1024
sending at Tue Mar 20 2018 23:24:09 GMT+0000 (UTC)
switching to IN_COMM
received secure communication message!
Received seqNum: 0
Handler: data received from server via secure communication
data1
Resp-actual/expected/ratio/ts: 20 20 1 1521588249442
Distribution protocol: TCP
Resp-actual/expected/ratio/ts: 20 21 0.9523809523809523 1521588308073
connected to auth! from local port 52776
received auth hello!
{ authId: 403, nonce: <Buffer fd 64 5d 89 ad 44 6f 56> }
received session key response encrypted with distribution key
replyNonce in sessionKeyResp: <Buffer f5 09 59 06 95 59 cb 65>
auth nonce verified
handleSessionKeyResp: session key request succeeded! authFailureCount: 0
received 1 keys
currentSessionKey: [object Object]
Status: Secure connection closed before starting a new connection.
Session protocol: TCP
chosen commSessionKey: 
{ id: 40300121,
  cipherKeyVal: <Buffer b0 05 db b8 b0 bc b7 55 94 21 6f c4 84 51 fb b2>,
  macKeyVal: <Buffer 8b b0 25 08 c3 07 de 89 8f 44 5a d2 49 5c 47 99 f4 0c d4 10 22 5d 92 34 8c 6e 43 4a 84 71 01 6d>,
  absValidity: 2018-03-21T23:25:08.272Z,
  relValidity: 7200000 }
options
{ serverHost: '10.0.1.19',
  serverPort: 22100,
  sessionKey: 
   { id: 40300121,
     cipherKeyVal: <Buffer b0 05 db b8 b0 bc b7 55 94 21 6f c4 84 51 fb b2>,
     macKeyVal: <Buffer 8b b0 25 08 c3 07 de 89 8f 44 5a d2 49 5c 47 99 f4 0c d4 10 22 5d 92 34 8c 6e 43 4a 84 71 01 6d>,
     absValidity: 2018-03-21T23:25:08.272Z,
     relValidity: 7200000 },
  sessionCryptoSpec: { cipher: 'AES-128-CBC', mac: 'SHA256' },
  sessionProtocol: 'TCP',
  handshakeTimeout: 50000 }
chosen nonce: <Buffer a4 c3 a6 98 66 fd b3 80>
switching to HANDSHAKE_1_SENT
disconnected from auth
Handler: secure connection with the server closed.
received session key handshake2!
client ret: [object Object]
server authenticated/authorized by solving nonce!
Handler: communication initialization succeeded
file data length: 1024
sending at Tue Mar 20 2018 23:25:09 GMT+0000 (UTC)
switching to IN_COMM
received secure communication message!
Received seqNum: 0
Handler: data received from server via secure communication
data1
Resp-actual/expected/ratio/ts: 21 21 1 1521588309628
Distribution protocol: TCP
Resp-actual/expected/ratio/ts: 21 22 0.9545454545454546 1521588368131
connected to auth! from local port 53046
received auth hello!
{ authId: 403, nonce: <Buffer 01 57 ae e9 a8 b4 dc a4> }
received session key response encrypted with distribution key
replyNonce in sessionKeyResp: <Buffer 5a e6 20 00 37 34 d8 3e>
auth nonce verified
handleSessionKeyResp: session key request succeeded! authFailureCount: 0
received 1 keys
currentSessionKey: [object Object]
Status: Secure connection closed before starting a new connection.
Session protocol: TCP
chosen commSessionKey: 
{ id: 40300127,
  cipherKeyVal: <Buffer af 1b e1 22 7f b8 59 8f 7a 9f fe d6 c6 94 8f 47>,
  macKeyVal: <Buffer 97 79 ef 4a 99 ad b7 70 3c db 4a 3e 4b d5 56 43 e8 45 0f ac 84 5d 71 32 b3 42 b0 9c 24 e0 47 c9>,
  absValidity: 2018-03-21T23:26:08.387Z,
  relValidity: 7200000 }
options
{ serverHost: '10.0.1.19',
  serverPort: 22100,
  sessionKey: 
   { id: 40300127,
     cipherKeyVal: <Buffer af 1b e1 22 7f b8 59 8f 7a 9f fe d6 c6 94 8f 47>,
     macKeyVal: <Buffer 97 79 ef 4a 99 ad b7 70 3c db 4a 3e 4b d5 56 43 e8 45 0f ac 84 5d 71 32 b3 42 b0 9c 24 e0 47 c9>,
     absValidity: 2018-03-21T23:26:08.387Z,
     relValidity: 7200000 },
  sessionCryptoSpec: { cipher: 'AES-128-CBC', mac: 'SHA256' },
  sessionProtocol: 'TCP',
  handshakeTimeout: 50000 }
chosen nonce: <Buffer 55 66 66 30 50 bd c0 0b>
switching to HANDSHAKE_1_SENT
disconnected from auth
Handler: secure connection with the server closed.
received session key handshake2!
client ret: [object Object]
server authenticated/authorized by solving nonce!
Handler: communication initialization succeeded
file data length: 1024
sending at Tue Mar 20 2018 23:26:09 GMT+0000 (UTC)
switching to IN_COMM
received secure communication message!
Received seqNum: 0
Handler: data received from server via secure communication
data1
Resp-actual/expected/ratio/ts: 22 22 1 1521588369638
Distribution protocol: TCP
Resp-actual/expected/ratio/ts: 22 23 0.9565217391304348 1521588428158
connected to auth! from local port 53316
received auth hello!
{ authId: 403, nonce: <Buffer ba fc 5c 34 5c 7b 0f c5> }
received session key response encrypted with distribution key
replyNonce in sessionKeyResp: <Buffer d4 4b bb c3 e4 10 27 8c>
auth nonce verified
handleSessionKeyResp: session key request succeeded! authFailureCount: 0
received 1 keys
currentSessionKey: [object Object]
Status: Secure connection closed before starting a new connection.
Session protocol: TCP
chosen commSessionKey: 
{ id: 40300133,
  cipherKeyVal: <Buffer c3 83 fc fa 7c 19 d4 23 89 cf af e0 06 c8 a9 9b>,
  macKeyVal: <Buffer 3e 9d dd 0f 65 6d ee a8 52 9e 1e 02 76 ec de 7d 85 c6 e4 66 10 2c be ec 48 32 e7 fb 14 27 cd 14>,
  absValidity: 2018-03-21T23:27:08.388Z,
  relValidity: 7200000 }
options
{ serverHost: '10.0.1.19',
  serverPort: 22100,
  sessionKey: 
   { id: 40300133,
     cipherKeyVal: <Buffer c3 83 fc fa 7c 19 d4 23 89 cf af e0 06 c8 a9 9b>,
     macKeyVal: <Buffer 3e 9d dd 0f 65 6d ee a8 52 9e 1e 02 76 ec de 7d 85 c6 e4 66 10 2c be ec 48 32 e7 fb 14 27 cd 14>,
     absValidity: 2018-03-21T23:27:08.388Z,
     relValidity: 7200000 },
  sessionCryptoSpec: { cipher: 'AES-128-CBC', mac: 'SHA256' },
  sessionProtocol: 'TCP',
  handshakeTimeout: 50000 }
chosen nonce: <Buffer 8a e1 9f 04 6f 8d b3 94>
switching to HANDSHAKE_1_SENT
disconnected from auth
Handler: secure connection with the server closed.
received session key handshake2!
client ret: [object Object]
server authenticated/authorized by solving nonce!
Handler: communication initialization succeeded
file data length: 1024
sending at Tue Mar 20 2018 23:27:09 GMT+0000 (UTC)
switching to IN_COMM
received secure communication message!
Received seqNum: 0
Handler: data received from server via secure communication
data1
Resp-actual/expected/ratio/ts: 23 23 1 1521588429535
Distribution protocol: TCP
Resp-actual/expected/ratio/ts: 23 24 0.9583333333333334 1521588488163
connected to auth! from local port 53584
received auth hello!
{ authId: 403, nonce: <Buffer 3a 87 35 fb df 67 66 64> }
received session key response encrypted with distribution key
replyNonce in sessionKeyResp: <Buffer 74 9f a2 39 60 7b 7a d5>
auth nonce verified
handleSessionKeyResp: session key request succeeded! authFailureCount: 0
received 1 keys
currentSessionKey: [object Object]
Status: Secure connection closed before starting a new connection.
Session protocol: TCP
chosen commSessionKey: 
{ id: 40300139,
  cipherKeyVal: <Buffer 70 c1 c3 f8 e0 37 43 22 44 76 82 f7 e6 25 ac 53>,
  macKeyVal: <Buffer c3 4f 28 df 83 2f ab 3e f5 d6 89 7d 1f 3b ba b7 3c 88 11 c7 57 7c 67 6b d4 d0 9d 06 d8 b8 3e 14>,
  absValidity: 2018-03-21T23:28:08.370Z,
  relValidity: 7200000 }
options
{ serverHost: '10.0.1.19',
  serverPort: 22100,
  sessionKey: 
   { id: 40300139,
     cipherKeyVal: <Buffer 70 c1 c3 f8 e0 37 43 22 44 76 82 f7 e6 25 ac 53>,
     macKeyVal: <Buffer c3 4f 28 df 83 2f ab 3e f5 d6 89 7d 1f 3b ba b7 3c 88 11 c7 57 7c 67 6b d4 d0 9d 06 d8 b8 3e 14>,
     absValidity: 2018-03-21T23:28:08.370Z,
     relValidity: 7200000 },
  sessionCryptoSpec: { cipher: 'AES-128-CBC', mac: 'SHA256' },
  sessionProtocol: 'TCP',
  handshakeTimeout: 50000 }
chosen nonce: <Buffer 1f 6e 8c 4f dd 5f 32 92>
switching to HANDSHAKE_1_SENT
disconnected from auth
Handler: secure connection with the server closed.
received session key handshake2!
client ret: [object Object]
server authenticated/authorized by solving nonce!
Handler: communication initialization succeeded
file data length: 1024
sending at Tue Mar 20 2018 23:28:09 GMT+0000 (UTC)
switching to IN_COMM
received secure communication message!
Received seqNum: 0
Handler: data received from server via secure communication
data1
Resp-actual/expected/ratio/ts: 24 24 1 1521588489556
Distribution protocol: TCP
Resp-actual/expected/ratio/ts: 24 25 0.96 1521588548222
connected to auth! from local port 53856
received auth hello!
{ authId: 403, nonce: <Buffer dc fc 21 d2 8c 74 f3 bf> }
received session key response encrypted with distribution key
replyNonce in sessionKeyResp: <Buffer c0 95 b7 cb 88 23 c5 c0>
auth nonce verified
handleSessionKeyResp: session key request succeeded! authFailureCount: 0
received 1 keys
currentSessionKey: [object Object]
Status: Secure connection closed before starting a new connection.
Session protocol: TCP
chosen commSessionKey: 
{ id: 40300145,
  cipherKeyVal: <Buffer e2 0a 4a be db 09 38 43 48 c7 5b bc a0 5c 25 2a>,
  macKeyVal: <Buffer 65 eb 42 e6 56 fc 0e c0 d1 24 18 ce c2 04 d4 8d 9c fa e6 fb e2 0c ec 99 2d 4a fe 9d 4e 36 c3 3d>,
  absValidity: 2018-03-21T23:29:08.434Z,
  relValidity: 7200000 }
options
{ serverHost: '10.0.1.19',
  serverPort: 22100,
  sessionKey: 
   { id: 40300145,
     cipherKeyVal: <Buffer e2 0a 4a be db 09 38 43 48 c7 5b bc a0 5c 25 2a>,
     macKeyVal: <Buffer 65 eb 42 e6 56 fc 0e c0 d1 24 18 ce c2 04 d4 8d 9c fa e6 fb e2 0c ec 99 2d 4a fe 9d 4e 36 c3 3d>,
     absValidity: 2018-03-21T23:29:08.434Z,
     relValidity: 7200000 },
  sessionCryptoSpec: { cipher: 'AES-128-CBC', mac: 'SHA256' },
  sessionProtocol: 'TCP',
  handshakeTimeout: 50000 }
chosen nonce: <Buffer 9d 58 36 9f e0 53 a9 13>
switching to HANDSHAKE_1_SENT
disconnected from auth
Handler: secure connection with the server closed.
received session key handshake2!
client ret: [object Object]
server authenticated/authorized by solving nonce!
Handler: communication initialization succeeded
file data length: 1024
sending at Tue Mar 20 2018 23:29:09 GMT+0000 (UTC)
switching to IN_COMM
received secure communication message!
Received seqNum: 0
Handler: data received from server via secure communication
data1
Resp-actual/expected/ratio/ts: 25 25 1 1521588549785
Distribution protocol: TCP
Resp-actual/expected/ratio/ts: 25 26 0.9615384615384616 1521588608239
connected to auth! from local port 54124
received auth hello!
{ authId: 403, nonce: <Buffer 77 13 dc 34 45 0b 1a ce> }
received session key response encrypted with distribution key
replyNonce in sessionKeyResp: <Buffer 0a 16 5f 37 6c 52 3b 3c>
auth nonce verified
handleSessionKeyResp: session key request succeeded! authFailureCount: 0
received 1 keys
currentSessionKey: [object Object]
Status: Secure connection closed before starting a new connection.
Session protocol: TCP
chosen commSessionKey: 
{ id: 40300151,
  cipherKeyVal: <Buffer d6 bf 00 a9 fb 1a ac bc cb 1f 2b 2c 44 57 8c 0d>,
  macKeyVal: <Buffer 35 6a ee a2 e8 c7 fd e6 a7 57 30 3c 44 8d 0a ae 56 6e 30 11 14 ab 4b 4e 6c ca 98 e1 03 36 3f 6d>,
  absValidity: 2018-03-21T23:30:08.405Z,
  relValidity: 7200000 }
options
{ serverHost: '10.0.1.19',
  serverPort: 22100,
  sessionKey: 
   { id: 40300151,
     cipherKeyVal: <Buffer d6 bf 00 a9 fb 1a ac bc cb 1f 2b 2c 44 57 8c 0d>,
     macKeyVal: <Buffer 35 6a ee a2 e8 c7 fd e6 a7 57 30 3c 44 8d 0a ae 56 6e 30 11 14 ab 4b 4e 6c ca 98 e1 03 36 3f 6d>,
     absValidity: 2018-03-21T23:30:08.405Z,
     relValidity: 7200000 },
  sessionCryptoSpec: { cipher: 'AES-128-CBC', mac: 'SHA256' },
  sessionProtocol: 'TCP',
  handshakeTimeout: 50000 }
chosen nonce: <Buffer 77 f7 93 bf 4e ae e8 86>
switching to HANDSHAKE_1_SENT
disconnected from auth
Handler: secure connection with the server closed.
received session key handshake2!
client ret: [object Object]
server authenticated/authorized by solving nonce!
Handler: communication initialization succeeded
file data length: 1024
sending at Tue Mar 20 2018 23:30:09 GMT+0000 (UTC)
switching to IN_COMM
received secure communication message!
Received seqNum: 0
Handler: data received from server via secure communication
data1
Resp-actual/expected/ratio/ts: 26 26 1 1521588609770
Distribution protocol: TCP
Resp-actual/expected/ratio/ts: 26 27 0.9629629629629629 1521588668290
connected to auth! from local port 54394
received auth hello!
{ authId: 403, nonce: <Buffer 56 64 f3 00 b9 99 5e 20> }
received session key response encrypted with distribution key
replyNonce in sessionKeyResp: <Buffer f6 54 be 7b a7 2d 5a c7>
auth nonce verified
handleSessionKeyResp: session key request succeeded! authFailureCount: 0
received 1 keys
currentSessionKey: [object Object]
Status: Secure connection closed before starting a new connection.
Session protocol: TCP
chosen commSessionKey: 
{ id: 40300157,
  cipherKeyVal: <Buffer 31 c2 f1 3f 62 fa 41 a8 06 a5 c3 6f 73 de 1f 43>,
  macKeyVal: <Buffer 10 56 33 5b ef 2a f3 a2 a2 26 5b 2c 07 b9 13 ae 5f 65 2d 08 f4 5e c8 fd 51 18 d7 86 09 5b 5f 8f>,
  absValidity: 2018-03-21T23:31:08.447Z,
  relValidity: 7200000 }
options
{ serverHost: '10.0.1.19',
  serverPort: 22100,
  sessionKey: 
   { id: 40300157,
     cipherKeyVal: <Buffer 31 c2 f1 3f 62 fa 41 a8 06 a5 c3 6f 73 de 1f 43>,
     macKeyVal: <Buffer 10 56 33 5b ef 2a f3 a2 a2 26 5b 2c 07 b9 13 ae 5f 65 2d 08 f4 5e c8 fd 51 18 d7 86 09 5b 5f 8f>,
     absValidity: 2018-03-21T23:31:08.447Z,
     relValidity: 7200000 },
  sessionCryptoSpec: { cipher: 'AES-128-CBC', mac: 'SHA256' },
  sessionProtocol: 'TCP',
  handshakeTimeout: 50000 }
chosen nonce: <Buffer b1 3d 46 1a 57 ad 7e 3d>
switching to HANDSHAKE_1_SENT
disconnected from auth
Handler: secure connection with the server closed.
received session key handshake2!
client ret: [object Object]
server authenticated/authorized by solving nonce!
Handler: communication initialization succeeded
file data length: 1024
sending at Tue Mar 20 2018 23:31:09 GMT+0000 (UTC)
switching to IN_COMM
received secure communication message!
Received seqNum: 0
Handler: data received from server via secure communication
data1
Resp-actual/expected/ratio/ts: 27 27 1 1521588669691
Distribution protocol: TCP
Resp-actual/expected/ratio/ts: 27 28 0.9642857142857143 1521588728343
connected to auth! from local port 54664
received auth hello!
{ authId: 403, nonce: <Buffer cf 8b 24 04 b1 cd 9e 43> }
received session key response encrypted with distribution key
replyNonce in sessionKeyResp: <Buffer 69 7e 44 1c da a0 9b 96>
auth nonce verified
handleSessionKeyResp: session key request succeeded! authFailureCount: 0
received 1 keys
currentSessionKey: [object Object]
Status: Secure connection closed before starting a new connection.
Session protocol: TCP
chosen commSessionKey: 
{ id: 40300163,
  cipherKeyVal: <Buffer ec a4 1e 26 b0 46 18 1c 77 6f 34 84 3b 6b 81 f9>,
  macKeyVal: <Buffer 47 f6 76 84 62 63 5f 75 17 5c ea 30 73 b1 1c 69 15 a4 6f 60 26 25 9c 2c 8e d0 c3 d8 04 52 15 72>,
  absValidity: 2018-03-21T23:32:08.572Z,
  relValidity: 7200000 }
options
{ serverHost: '10.0.1.19',
  serverPort: 22100,
  sessionKey: 
   { id: 40300163,
     cipherKeyVal: <Buffer ec a4 1e 26 b0 46 18 1c 77 6f 34 84 3b 6b 81 f9>,
     macKeyVal: <Buffer 47 f6 76 84 62 63 5f 75 17 5c ea 30 73 b1 1c 69 15 a4 6f 60 26 25 9c 2c 8e d0 c3 d8 04 52 15 72>,
     absValidity: 2018-03-21T23:32:08.572Z,
     relValidity: 7200000 },
  sessionCryptoSpec: { cipher: 'AES-128-CBC', mac: 'SHA256' },
  sessionProtocol: 'TCP',
  handshakeTimeout: 50000 }
chosen nonce: <Buffer 7a 5d a1 5c 6e eb 7e f5>
switching to HANDSHAKE_1_SENT
disconnected from auth
Handler: secure connection with the server closed.
received session key handshake2!
client ret: [object Object]
server authenticated/authorized by solving nonce!
Handler: communication initialization succeeded
file data length: 1024
sending at Tue Mar 20 2018 23:32:09 GMT+0000 (UTC)
switching to IN_COMM
received secure communication message!
Received seqNum: 0
Handler: data received from server via secure communication
data1
Resp-actual/expected/ratio/ts: 28 28 1 1521588729877
