changing working directory to: /home/hokeunkim/Development/iotauth/entity/node/example_entities
loading from config file: /home/hokeunkim/Development/iotauth_experiments/experiments/ccs2017/expOptions/expEntity.option
Experimental options for autoClient: { autoSendPeriod: 60000,
  useSameSessionKeyCount: 1,
  connectionTimeout: 50000,
  migrationEnabled: true,
  authFailureThreshold: 2,
  migrationFailureThreshold: 2 }
loading from config file: /home/hokeunkim/Development/iotauth/entity/node/example_entities/configs/Clients/c417.config
initializing...
current parameters: { numKeysPerRequest: 3,
  migrationEnabled: false,
  authFailureThreshold: 3,
  migrationFailureThreshold: 3 }
current parameters: { numKeysPerRequest: 1,
  migrationEnabled: false,
  authFailureThreshold: 3,
  migrationFailureThreshold: 3 }
current parameters: { numKeysPerRequest: 1,
  migrationEnabled: true,
  authFailureThreshold: 3,
  migrationFailureThreshold: 3 }
current parameters: { numKeysPerRequest: 1,
  migrationEnabled: true,
  authFailureThreshold: 2,
  migrationFailureThreshold: 3 }
current parameters: { numKeysPerRequest: 1,
  migrationEnabled: true,
  authFailureThreshold: 2,
  migrationFailureThreshold: 2 }
current entityInfo: { name: 'c417',
  group: 'Clients',
  distProtocol: 'TCP',
  usePermanentDistKey: false,
  connectionTimeout: 50000,
  privateKey: <Buffer 2d 2d 2d 2d 2d 42 45 47 49 4e 20 52 53 41 20 50 52 49 56 41 54 45 20 4b 45 59 2d 2d 2d 2d 2d 0a 4d 49 49 45 70 67 49 42 41 41 4b 43 41 51 45 41 38 58 ... > }
Distribution protocol: TCP
Resp-actual/expected/ratio/ts: 0 1 0 1521592824456
connected to auth! from local port 48478
received auth hello!
{ authId: 403, nonce: <Buffer 7c cc e5 75 fe 7d f8 81> }
received session key response with distribution key attached!
auth signature verified
replyNonce in sessionKeyResp: <Buffer c9 86 61 f8 4e fa 13 2d>
auth nonce verified
handleSessionKeyResp: session key request succeeded! authFailureCount: 0
updating distribution key: { cipherKeyVal: <Buffer fc ab 87 53 cb 15 0a 23 3d 09 41 0f a7 f4 64 89>,
  macKeyVal: <Buffer 98 89 cf 76 33 a0 11 22 a2 8d c3 fe 3a bf ad d1 04 f0 d9 b6 da 13 57 14 df 3c c2 12 5e de b5 fc>,
  absValidity: 2018-03-21T01:40:24.616Z }
received 1 keys
currentSessionKey: [object Object]
Session protocol: TCP
chosen commSessionKey: 
{ id: 40300171,
  cipherKeyVal: <Buffer 05 52 11 e3 92 85 7c 7e 88 23 33 f3 a5 a4 84 a4>,
  macKeyVal: <Buffer d2 1d ba 5c 15 ad 84 8a fd c1 53 4d b6 0f e9 b3 af da ce 2d 49 28 ba 8e 86 69 40 40 63 e8 bf a0>,
  absValidity: 2018-03-22T00:40:24.615Z,
  relValidity: 7200000 }
options
{ serverHost: '10.0.1.22',
  serverPort: 22100,
  sessionKey: 
   { id: 40300171,
     cipherKeyVal: <Buffer 05 52 11 e3 92 85 7c 7e 88 23 33 f3 a5 a4 84 a4>,
     macKeyVal: <Buffer d2 1d ba 5c 15 ad 84 8a fd c1 53 4d b6 0f e9 b3 af da ce 2d 49 28 ba 8e 86 69 40 40 63 e8 bf a0>,
     absValidity: 2018-03-22T00:40:24.615Z,
     relValidity: 7200000 },
  sessionCryptoSpec: { cipher: 'AES-128-CBC', mac: 'SHA256' },
  sessionProtocol: 'TCP',
  handshakeTimeout: 50000 }
disconnected from auth
chosen nonce: <Buffer 23 27 4e df 52 fa 12 6a>
switching to HANDSHAKE_1_SENT
received session key handshake2!
client ret: [object Object]
server authenticated/authorized by solving nonce!
Handler: communication initialization succeeded
file data length: 1024
sending at Wed Mar 21 2018 00:40:25 GMT+0000 (UTC)
switching to IN_COMM
received secure communication message!
Received seqNum: 0
Handler: data received from server via secure communication
data1
Resp-actual/expected/ratio/ts: 1 1 1 1521592826307
Distribution protocol: TCP
Resp-actual/expected/ratio/ts: 1 2 0.5 1521592884516
connected to auth! from local port 48688
received auth hello!
{ authId: 403, nonce: <Buffer 16 b7 eb 41 bb 3c 89 18> }
received session key response encrypted with distribution key
replyNonce in sessionKeyResp: <Buffer dd f7 e8 f1 bd 62 a9 2f>
auth nonce verified
handleSessionKeyResp: session key request succeeded! authFailureCount: 0
received 1 keys
currentSessionKey: [object Object]
Status: Secure connection closed before starting a new connection.
Session protocol: TCP
chosen commSessionKey: 
{ id: 40300177,
  cipherKeyVal: <Buffer 3d ff 91 1f 90 5b 8b d4 dc a3 6b 45 43 8c 22 b3>,
  macKeyVal: <Buffer 88 66 49 f3 4d 7f a7 e1 bc 6a 59 93 52 e9 48 81 88 3b bc b6 49 28 a9 60 e0 b4 9c 65 a4 a5 61 c4>,
  absValidity: 2018-03-22T00:41:24.760Z,
  relValidity: 7200000 }
options
{ serverHost: '10.0.1.22',
  serverPort: 22100,
  sessionKey: 
   { id: 40300177,
     cipherKeyVal: <Buffer 3d ff 91 1f 90 5b 8b d4 dc a3 6b 45 43 8c 22 b3>,
     macKeyVal: <Buffer 88 66 49 f3 4d 7f a7 e1 bc 6a 59 93 52 e9 48 81 88 3b bc b6 49 28 a9 60 e0 b4 9c 65 a4 a5 61 c4>,
     absValidity: 2018-03-22T00:41:24.760Z,
     relValidity: 7200000 },
  sessionCryptoSpec: { cipher: 'AES-128-CBC', mac: 'SHA256' },
  sessionProtocol: 'TCP',
  handshakeTimeout: 50000 }
chosen nonce: <Buffer dc 47 88 9b b0 ae 79 c5>
switching to HANDSHAKE_1_SENT
disconnected from auth
Handler: secure connection with the server closed.
received session key handshake2!
client ret: [object Object]
server authenticated/authorized by solving nonce!
Handler: communication initialization succeeded
file data length: 1024
sending at Wed Mar 21 2018 00:41:26 GMT+0000 (UTC)
switching to IN_COMM
received secure communication message!
Received seqNum: 0
Handler: data received from server via secure communication
data1
Resp-actual/expected/ratio/ts: 2 2 1 1521592886487
Distribution protocol: TCP
Resp-actual/expected/ratio/ts: 2 3 0.6666666666666666 1521592944573
connected to auth! from local port 48958
received auth hello!
{ authId: 403, nonce: <Buffer dc a8 b8 a4 c4 cf 40 ea> }
received session key response encrypted with distribution key
replyNonce in sessionKeyResp: <Buffer 8f 52 f5 fe 29 94 60 ae>
auth nonce verified
handleSessionKeyResp: session key request succeeded! authFailureCount: 0
received 1 keys
currentSessionKey: [object Object]
Status: Secure connection closed before starting a new connection.
Session protocol: TCP
chosen commSessionKey: 
{ id: 40300183,
  cipherKeyVal: <Buffer 2d c1 f7 44 a7 85 7f b9 6d 37 01 22 eb 17 81 d2>,
  macKeyVal: <Buffer 56 9a 3e 3d ba 02 a9 b1 c6 c6 bf 0c 85 b5 ca 66 d1 29 3f 36 e6 5a b9 64 89 d4 fc 93 89 d3 36 66>,
  absValidity: 2018-03-22T00:42:24.780Z,
  relValidity: 7200000 }
options
{ serverHost: '10.0.1.22',
  serverPort: 22100,
  sessionKey: 
   { id: 40300183,
     cipherKeyVal: <Buffer 2d c1 f7 44 a7 85 7f b9 6d 37 01 22 eb 17 81 d2>,
     macKeyVal: <Buffer 56 9a 3e 3d ba 02 a9 b1 c6 c6 bf 0c 85 b5 ca 66 d1 29 3f 36 e6 5a b9 64 89 d4 fc 93 89 d3 36 66>,
     absValidity: 2018-03-22T00:42:24.780Z,
     relValidity: 7200000 },
  sessionCryptoSpec: { cipher: 'AES-128-CBC', mac: 'SHA256' },
  sessionProtocol: 'TCP',
  handshakeTimeout: 50000 }
chosen nonce: <Buffer 34 71 86 e8 5d e2 5c b3>
switching to HANDSHAKE_1_SENT
disconnected from auth
Handler: secure connection with the server closed.
received session key handshake2!
client ret: [object Object]
server authenticated/authorized by solving nonce!
Handler: communication initialization succeeded
file data length: 1024
sending at Wed Mar 21 2018 00:42:26 GMT+0000 (UTC)
switching to IN_COMM
received secure communication message!
Received seqNum: 0
Handler: data received from server via secure communication
data1
Resp-actual/expected/ratio/ts: 3 3 1 1521592946452
Distribution protocol: TCP
Resp-actual/expected/ratio/ts: 3 4 0.75 1521593004629
connected to auth! from local port 49230
received auth hello!
{ authId: 403, nonce: <Buffer c8 23 a5 df 37 c5 df 99> }
received session key response encrypted with distribution key
replyNonce in sessionKeyResp: <Buffer bd 3e 8b 6d 86 2e a4 4d>
auth nonce verified
handleSessionKeyResp: session key request succeeded! authFailureCount: 0
received 1 keys
currentSessionKey: [object Object]
Status: Secure connection closed before starting a new connection.
Session protocol: TCP
chosen commSessionKey: 
{ id: 40300189,
  cipherKeyVal: <Buffer 23 f1 d5 90 16 b1 c3 c5 51 24 eb b0 fd 80 40 41>,
  macKeyVal: <Buffer aa 24 1c 28 74 22 19 36 6a a6 75 27 e9 a4 8e 14 5e 4a 7f 5b 26 d7 6e c9 ff 60 16 8e 0b ae 9d 35>,
  absValidity: 2018-03-22T00:43:24.847Z,
  relValidity: 7200000 }
options
{ serverHost: '10.0.1.22',
  serverPort: 22100,
  sessionKey: 
   { id: 40300189,
     cipherKeyVal: <Buffer 23 f1 d5 90 16 b1 c3 c5 51 24 eb b0 fd 80 40 41>,
     macKeyVal: <Buffer aa 24 1c 28 74 22 19 36 6a a6 75 27 e9 a4 8e 14 5e 4a 7f 5b 26 d7 6e c9 ff 60 16 8e 0b ae 9d 35>,
     absValidity: 2018-03-22T00:43:24.847Z,
     relValidity: 7200000 },
  sessionCryptoSpec: { cipher: 'AES-128-CBC', mac: 'SHA256' },
  sessionProtocol: 'TCP',
  handshakeTimeout: 50000 }
chosen nonce: <Buffer ed a7 29 ad 67 0f d6 a1>
switching to HANDSHAKE_1_SENT
disconnected from auth
Handler: secure connection with the server closed.
received session key handshake2!
client ret: [object Object]
server authenticated/authorized by solving nonce!
Handler: communication initialization succeeded
file data length: 1024
sending at Wed Mar 21 2018 00:43:26 GMT+0000 (UTC)
switching to IN_COMM
received secure communication message!
Received seqNum: 0
Handler: data received from server via secure communication
data1
Resp-actual/expected/ratio/ts: 4 4 1 1521593006456
Distribution protocol: TCP
Resp-actual/expected/ratio/ts: 4 5 0.8 1521593064688
connected to auth! from local port 49500
received auth hello!
{ authId: 403, nonce: <Buffer 0d 53 d1 8a f1 53 b4 bd> }
received session key response encrypted with distribution key
replyNonce in sessionKeyResp: <Buffer 95 5f 65 76 51 3d 1a 28>
auth nonce verified
handleSessionKeyResp: session key request succeeded! authFailureCount: 0
received 1 keys
currentSessionKey: [object Object]
Status: Secure connection closed before starting a new connection.
Session protocol: TCP
chosen commSessionKey: 
{ id: 40300195,
  cipherKeyVal: <Buffer 67 05 ce 13 3b 90 90 4f b2 2c 18 a0 c1 d8 9d 6b>,
  macKeyVal: <Buffer b8 91 33 9a 6b 67 2c 70 ea 8b c3 ad 13 6f 51 26 92 d4 c6 db 61 75 86 e6 ce cb dd ef 6c 2e 1b 26>,
  absValidity: 2018-03-22T00:44:24.858Z,
  relValidity: 7200000 }
options
{ serverHost: '10.0.1.22',
  serverPort: 22100,
  sessionKey: 
   { id: 40300195,
     cipherKeyVal: <Buffer 67 05 ce 13 3b 90 90 4f b2 2c 18 a0 c1 d8 9d 6b>,
     macKeyVal: <Buffer b8 91 33 9a 6b 67 2c 70 ea 8b c3 ad 13 6f 51 26 92 d4 c6 db 61 75 86 e6 ce cb dd ef 6c 2e 1b 26>,
     absValidity: 2018-03-22T00:44:24.858Z,
     relValidity: 7200000 },
  sessionCryptoSpec: { cipher: 'AES-128-CBC', mac: 'SHA256' },
  sessionProtocol: 'TCP',
  handshakeTimeout: 50000 }
chosen nonce: <Buffer 3d fb 1d 50 e1 80 fa 73>
switching to HANDSHAKE_1_SENT
disconnected from auth
Handler: secure connection with the server closed.
received session key handshake2!
client ret: [object Object]
server authenticated/authorized by solving nonce!
Handler: communication initialization succeeded
file data length: 1024
sending at Wed Mar 21 2018 00:44:26 GMT+0000 (UTC)
switching to IN_COMM
received secure communication message!
Received seqNum: 0
Handler: data received from server via secure communication
data1
Resp-actual/expected/ratio/ts: 5 5 1 1521593066654
Distribution protocol: TCP
Resp-actual/expected/ratio/ts: 5 6 0.8333333333333334 1521593124696
connected to auth! from local port 49768
received auth hello!
{ authId: 403, nonce: <Buffer e8 e5 c2 b1 d2 bb 95 60> }
received session key response encrypted with distribution key
replyNonce in sessionKeyResp: <Buffer 10 99 b6 24 9b 02 4d 87>
auth nonce verified
handleSessionKeyResp: session key request succeeded! authFailureCount: 0
received 1 keys
currentSessionKey: [object Object]
Status: Secure connection closed before starting a new connection.
Session protocol: TCP
chosen commSessionKey: 
{ id: 40300201,
  cipherKeyVal: <Buffer 23 ab 9f dd 7e 67 13 a9 40 a2 60 98 68 5e 65 aa>,
  macKeyVal: <Buffer 32 c0 8a 3a eb 2d a6 1d 1a 3d 71 36 e1 c7 1c be 6e b4 56 0f 7e 56 0b 5f ab 8d e1 f0 5a e1 4d 28>,
  absValidity: 2018-03-22T00:45:24.924Z,
  relValidity: 7200000 }
options
{ serverHost: '10.0.1.22',
  serverPort: 22100,
  sessionKey: 
   { id: 40300201,
     cipherKeyVal: <Buffer 23 ab 9f dd 7e 67 13 a9 40 a2 60 98 68 5e 65 aa>,
     macKeyVal: <Buffer 32 c0 8a 3a eb 2d a6 1d 1a 3d 71 36 e1 c7 1c be 6e b4 56 0f 7e 56 0b 5f ab 8d e1 f0 5a e1 4d 28>,
     absValidity: 2018-03-22T00:45:24.924Z,
     relValidity: 7200000 },
  sessionCryptoSpec: { cipher: 'AES-128-CBC', mac: 'SHA256' },
  sessionProtocol: 'TCP',
  handshakeTimeout: 50000 }
chosen nonce: <Buffer 69 3e 0b ce fc 63 f5 b5>
switching to HANDSHAKE_1_SENT
disconnected from auth
Handler: secure connection with the server closed.
received session key handshake2!
client ret: [object Object]
server authenticated/authorized by solving nonce!
Handler: communication initialization succeeded
file data length: 1024
sending at Wed Mar 21 2018 00:45:26 GMT+0000 (UTC)
switching to IN_COMM
received secure communication message!
Received seqNum: 0
Handler: data received from server via secure communication
data1
Resp-actual/expected/ratio/ts: 6 6 1 1521593126630
Distribution protocol: TCP
Resp-actual/expected/ratio/ts: 6 7 0.8571428571428571 1521593184732
connected to auth! from local port 50040
received auth hello!
{ authId: 403, nonce: <Buffer 2a 9a 88 fa 1d fd ce 33> }
received session key response encrypted with distribution key
replyNonce in sessionKeyResp: <Buffer 0f bf 2e 35 94 43 bc 0e>
auth nonce verified
handleSessionKeyResp: session key request succeeded! authFailureCount: 0
received 1 keys
currentSessionKey: [object Object]
Status: Secure connection closed before starting a new connection.
Session protocol: TCP
chosen commSessionKey: 
{ id: 40300207,
  cipherKeyVal: <Buffer 2f 2a 72 3f d3 23 8c 61 84 52 1e 03 93 92 9f 3b>,
  macKeyVal: <Buffer 53 8c cc 6e f0 4f fd aa 11 c2 5f 4d 59 34 6c b9 9d 6f 62 fd a9 96 fc da e3 57 e2 7f 6e 34 9d 57>,
  absValidity: 2018-03-22T00:46:24.906Z,
  relValidity: 7200000 }
options
{ serverHost: '10.0.1.22',
  serverPort: 22100,
  sessionKey: 
   { id: 40300207,
     cipherKeyVal: <Buffer 2f 2a 72 3f d3 23 8c 61 84 52 1e 03 93 92 9f 3b>,
     macKeyVal: <Buffer 53 8c cc 6e f0 4f fd aa 11 c2 5f 4d 59 34 6c b9 9d 6f 62 fd a9 96 fc da e3 57 e2 7f 6e 34 9d 57>,
     absValidity: 2018-03-22T00:46:24.906Z,
     relValidity: 7200000 },
  sessionCryptoSpec: { cipher: 'AES-128-CBC', mac: 'SHA256' },
  sessionProtocol: 'TCP',
  handshakeTimeout: 50000 }
chosen nonce: <Buffer 00 b8 49 af 23 9d bb 2e>
switching to HANDSHAKE_1_SENT
disconnected from auth
Handler: secure connection with the server closed.
received session key handshake2!
client ret: [object Object]
server authenticated/authorized by solving nonce!
Handler: communication initialization succeeded
file data length: 1024
sending at Wed Mar 21 2018 00:46:26 GMT+0000 (UTC)
switching to IN_COMM
received secure communication message!
Received seqNum: 0
Handler: data received from server via secure communication
data1
Resp-actual/expected/ratio/ts: 7 7 1 1521593186599
Distribution protocol: TCP
Resp-actual/expected/ratio/ts: 7 8 0.875 1521593244791
connected to auth! from local port 50300
received auth hello!
{ authId: 403, nonce: <Buffer bd f6 f3 ec c0 82 c1 52> }
received session key response encrypted with distribution key
replyNonce in sessionKeyResp: <Buffer 6d 1a 30 91 44 fd ee 90>
auth nonce verified
handleSessionKeyResp: session key request succeeded! authFailureCount: 0
received 1 keys
currentSessionKey: [object Object]
Status: Secure connection closed before starting a new connection.
Session protocol: TCP
chosen commSessionKey: 
{ id: 40300213,
  cipherKeyVal: <Buffer 2b 96 e0 8c c0 c4 c4 c5 1c 3b 1a ff 60 8e 43 65>,
  macKeyVal: <Buffer 63 52 bc 5b 01 c9 87 ee c6 39 ed c9 bd 4e 32 0e 5f 18 25 26 9f c9 91 e9 bf 10 e1 18 da 9a 36 ef>,
  absValidity: 2018-03-22T00:47:24.983Z,
  relValidity: 7200000 }
options
{ serverHost: '10.0.1.22',
  serverPort: 22100,
  sessionKey: 
   { id: 40300213,
     cipherKeyVal: <Buffer 2b 96 e0 8c c0 c4 c4 c5 1c 3b 1a ff 60 8e 43 65>,
     macKeyVal: <Buffer 63 52 bc 5b 01 c9 87 ee c6 39 ed c9 bd 4e 32 0e 5f 18 25 26 9f c9 91 e9 bf 10 e1 18 da 9a 36 ef>,
     absValidity: 2018-03-22T00:47:24.983Z,
     relValidity: 7200000 },
  sessionCryptoSpec: { cipher: 'AES-128-CBC', mac: 'SHA256' },
  sessionProtocol: 'TCP',
  handshakeTimeout: 50000 }
chosen nonce: <Buffer dd 4f 9e 88 01 44 01 c8>
switching to HANDSHAKE_1_SENT
disconnected from auth
Handler: secure connection with the server closed.
received session key handshake2!
client ret: [object Object]
server authenticated/authorized by solving nonce!
Handler: communication initialization succeeded
file data length: 1024
sending at Wed Mar 21 2018 00:47:26 GMT+0000 (UTC)
switching to IN_COMM
received secure communication message!
Received seqNum: 0
Handler: data received from server via secure communication
data1
Resp-actual/expected/ratio/ts: 8 8 1 1521593246714
Distribution protocol: TCP
Resp-actual/expected/ratio/ts: 8 9 0.8888888888888888 1521593304850
connected to auth! from local port 50518
received auth hello!
{ authId: 403, nonce: <Buffer fa 00 52 09 37 c5 8f 9b> }
received session key response encrypted with distribution key
replyNonce in sessionKeyResp: <Buffer aa c4 a4 22 a6 34 a3 9f>
auth nonce verified
handleSessionKeyResp: session key request succeeded! authFailureCount: 0
received 1 keys
currentSessionKey: [object Object]
Status: Secure connection closed before starting a new connection.
Session protocol: TCP
chosen commSessionKey: 
{ id: 40300219,
  cipherKeyVal: <Buffer 76 ed 68 1e a3 78 c7 7c 51 70 a2 07 29 90 78 7e>,
  macKeyVal: <Buffer 5e c4 18 d2 50 87 d2 09 32 12 b4 08 29 5d e6 5b 62 95 05 bd 1f 9d 55 24 33 6f 0a 46 1e 8a e8 6c>,
  absValidity: 2018-03-22T00:48:25.031Z,
  relValidity: 7200000 }
options
{ serverHost: '10.0.1.22',
  serverPort: 22100,
  sessionKey: 
   { id: 40300219,
     cipherKeyVal: <Buffer 76 ed 68 1e a3 78 c7 7c 51 70 a2 07 29 90 78 7e>,
     macKeyVal: <Buffer 5e c4 18 d2 50 87 d2 09 32 12 b4 08 29 5d e6 5b 62 95 05 bd 1f 9d 55 24 33 6f 0a 46 1e 8a e8 6c>,
     absValidity: 2018-03-22T00:48:25.031Z,
     relValidity: 7200000 },
  sessionCryptoSpec: { cipher: 'AES-128-CBC', mac: 'SHA256' },
  sessionProtocol: 'TCP',
  handshakeTimeout: 50000 }
chosen nonce: <Buffer 97 31 77 d8 f9 45 2c c5>
switching to HANDSHAKE_1_SENT
disconnected from auth
Handler: secure connection with the server closed.
received session key handshake2!
client ret: [object Object]
server authenticated/authorized by solving nonce!
Handler: communication initialization succeeded
file data length: 1024
sending at Wed Mar 21 2018 00:48:26 GMT+0000 (UTC)
switching to IN_COMM
received secure communication message!
Received seqNum: 0
Handler: data received from server via secure communication
data1
Resp-actual/expected/ratio/ts: 9 9 1 1521593306775
Distribution protocol: TCP
Resp-actual/expected/ratio/ts: 9 10 0.9 1521593364908
connected to auth! from local port 50764
received auth hello!
{ authId: 403, nonce: <Buffer a9 76 34 d9 62 d5 cc 9b> }
received session key response encrypted with distribution key
replyNonce in sessionKeyResp: <Buffer 8f f2 90 4c ad 58 42 77>
auth nonce verified
handleSessionKeyResp: session key request succeeded! authFailureCount: 0
received 1 keys
currentSessionKey: [object Object]
Status: Secure connection closed before starting a new connection.
Session protocol: TCP
chosen commSessionKey: 
{ id: 40300225,
  cipherKeyVal: <Buffer ee e3 ec d7 89 68 e9 5c 6e 67 b9 a3 66 3d f3 50>,
  macKeyVal: <Buffer 4c 31 e2 42 37 67 fe d7 82 12 f4 db 65 ca 1f 40 39 07 67 40 c5 34 34 e7 1d 52 5a 3b 54 a0 dc 6a>,
  absValidity: 2018-03-22T00:49:25.129Z,
  relValidity: 7200000 }
options
{ serverHost: '10.0.1.22',
  serverPort: 22100,
  sessionKey: 
   { id: 40300225,
     cipherKeyVal: <Buffer ee e3 ec d7 89 68 e9 5c 6e 67 b9 a3 66 3d f3 50>,
     macKeyVal: <Buffer 4c 31 e2 42 37 67 fe d7 82 12 f4 db 65 ca 1f 40 39 07 67 40 c5 34 34 e7 1d 52 5a 3b 54 a0 dc 6a>,
     absValidity: 2018-03-22T00:49:25.129Z,
     relValidity: 7200000 },
  sessionCryptoSpec: { cipher: 'AES-128-CBC', mac: 'SHA256' },
  sessionProtocol: 'TCP',
  handshakeTimeout: 50000 }
chosen nonce: <Buffer 43 75 99 59 ef 1e 0f 0c>
switching to HANDSHAKE_1_SENT
disconnected from auth
Handler: secure connection with the server closed.
received session key handshake2!
client ret: [object Object]
server authenticated/authorized by solving nonce!
Handler: communication initialization succeeded
file data length: 1024
sending at Wed Mar 21 2018 00:49:26 GMT+0000 (UTC)
switching to IN_COMM
received secure communication message!
Received seqNum: 0
Handler: data received from server via secure communication
data1
Resp-actual/expected/ratio/ts: 10 10 1 1521593366704
Distribution protocol: TCP
Resp-actual/expected/ratio/ts: 10 11 0.9090909090909091 1521593424968
connected to auth! from local port 51022
received auth hello!
{ authId: 403, nonce: <Buffer 19 6a b3 2b b7 e5 cb f3> }
received session key response encrypted with distribution key
replyNonce in sessionKeyResp: <Buffer d3 29 40 0a f0 c4 4b 35>
auth nonce verified
handleSessionKeyResp: session key request succeeded! authFailureCount: 0
received 1 keys
currentSessionKey: [object Object]
Status: Secure connection closed before starting a new connection.
Session protocol: TCP
chosen commSessionKey: 
{ id: 40300231,
  cipherKeyVal: <Buffer 88 4b 31 62 0a 27 08 62 8a be 50 0d 31 2a 02 25>,
  macKeyVal: <Buffer 18 d2 1e 66 2f f5 59 3e 29 06 44 45 7f d8 ab c3 dc 4f 58 68 15 03 a1 0d a0 cd 1f 17 9c 4c a9 c9>,
  absValidity: 2018-03-22T00:50:25.170Z,
  relValidity: 7200000 }
options
{ serverHost: '10.0.1.22',
  serverPort: 22100,
  sessionKey: 
   { id: 40300231,
     cipherKeyVal: <Buffer 88 4b 31 62 0a 27 08 62 8a be 50 0d 31 2a 02 25>,
     macKeyVal: <Buffer 18 d2 1e 66 2f f5 59 3e 29 06 44 45 7f d8 ab c3 dc 4f 58 68 15 03 a1 0d a0 cd 1f 17 9c 4c a9 c9>,
     absValidity: 2018-03-22T00:50:25.170Z,
     relValidity: 7200000 },
  sessionCryptoSpec: { cipher: 'AES-128-CBC', mac: 'SHA256' },
  sessionProtocol: 'TCP',
  handshakeTimeout: 50000 }
disconnected from auth
chosen nonce: <Buffer 63 9e 30 69 87 1b e3 a7>
switching to HANDSHAKE_1_SENT
Handler: secure connection with the server closed.
received session key handshake2!
client ret: [object Object]
server authenticated/authorized by solving nonce!
Handler: communication initialization succeeded
file data length: 1024
sending at Wed Mar 21 2018 00:50:26 GMT+0000 (UTC)
switching to IN_COMM
received secure communication message!
Received seqNum: 0
Handler: data received from server via secure communication
data1
Resp-actual/expected/ratio/ts: 11 11 1 1521593426728
Distribution protocol: TCP
Resp-actual/expected/ratio/ts: 11 12 0.9166666666666666 1521593485021
connected to auth! from local port 51284
received auth hello!
{ authId: 403, nonce: <Buffer dc ff 80 39 e8 d9 19 76> }
received session key response encrypted with distribution key
replyNonce in sessionKeyResp: <Buffer 79 60 21 28 ea 4e 27 43>
auth nonce verified
handleSessionKeyResp: session key request succeeded! authFailureCount: 0
received 1 keys
currentSessionKey: [object Object]
Status: Secure connection closed before starting a new connection.
Session protocol: TCP
chosen commSessionKey: 
{ id: 40300237,
  cipherKeyVal: <Buffer 40 e2 73 4b 84 34 52 a8 88 e6 d2 02 19 9d 10 e1>,
  macKeyVal: <Buffer 84 3a 60 3e 59 0b 52 b9 70 d6 24 ab f2 7a 45 d6 ce 78 5d 38 f5 67 59 2c 08 ac 61 d1 df e9 4e 2f>,
  absValidity: 2018-03-22T00:51:25.206Z,
  relValidity: 7200000 }
options
{ serverHost: '10.0.1.22',
  serverPort: 22100,
  sessionKey: 
   { id: 40300237,
     cipherKeyVal: <Buffer 40 e2 73 4b 84 34 52 a8 88 e6 d2 02 19 9d 10 e1>,
     macKeyVal: <Buffer 84 3a 60 3e 59 0b 52 b9 70 d6 24 ab f2 7a 45 d6 ce 78 5d 38 f5 67 59 2c 08 ac 61 d1 df e9 4e 2f>,
     absValidity: 2018-03-22T00:51:25.206Z,
     relValidity: 7200000 },
  sessionCryptoSpec: { cipher: 'AES-128-CBC', mac: 'SHA256' },
  sessionProtocol: 'TCP',
  handshakeTimeout: 50000 }
chosen nonce: <Buffer b4 45 c5 9c 6a 7f 22 4c>
switching to HANDSHAKE_1_SENT
disconnected from auth
Handler: secure connection with the server closed.
received session key handshake2!
client ret: [object Object]
server authenticated/authorized by solving nonce!
Handler: communication initialization succeeded
file data length: 1024
sending at Wed Mar 21 2018 00:51:26 GMT+0000 (UTC)
switching to IN_COMM
received secure communication message!
Received seqNum: 0
Handler: data received from server via secure communication
data1
Resp-actual/expected/ratio/ts: 12 12 1 1521593486924
Distribution protocol: TCP
Resp-actual/expected/ratio/ts: 12 13 0.9230769230769231 1521593545079
connected to auth! from local port 51548
received auth hello!
{ authId: 403, nonce: <Buffer 83 44 a9 45 51 08 ee cf> }
received session key response encrypted with distribution key
replyNonce in sessionKeyResp: <Buffer 33 af 10 74 08 bc 91 6d>
auth nonce verified
handleSessionKeyResp: session key request succeeded! authFailureCount: 0
received 1 keys
currentSessionKey: [object Object]
Status: Secure connection closed before starting a new connection.
Session protocol: TCP
chosen commSessionKey: 
{ id: 40300243,
  cipherKeyVal: <Buffer 04 21 3f d3 b4 ff ac c6 4f d9 10 ad 88 f2 39 a9>,
  macKeyVal: <Buffer e1 98 a5 dd 95 52 6c d0 38 5c 98 a9 9a d0 2b 8f d8 b3 b4 aa 50 f0 e8 de 9c d2 ff 4a 75 d3 1a 85>,
  absValidity: 2018-03-22T00:52:25.340Z,
  relValidity: 7200000 }
options
{ serverHost: '10.0.1.22',
  serverPort: 22100,
  sessionKey: 
   { id: 40300243,
     cipherKeyVal: <Buffer 04 21 3f d3 b4 ff ac c6 4f d9 10 ad 88 f2 39 a9>,
     macKeyVal: <Buffer e1 98 a5 dd 95 52 6c d0 38 5c 98 a9 9a d0 2b 8f d8 b3 b4 aa 50 f0 e8 de 9c d2 ff 4a 75 d3 1a 85>,
     absValidity: 2018-03-22T00:52:25.340Z,
     relValidity: 7200000 },
  sessionCryptoSpec: { cipher: 'AES-128-CBC', mac: 'SHA256' },
  sessionProtocol: 'TCP',
  handshakeTimeout: 50000 }
chosen nonce: <Buffer c4 68 79 ac ca 3f 4e be>
switching to HANDSHAKE_1_SENT
disconnected from auth
Handler: secure connection with the server closed.
received session key handshake2!
client ret: [object Object]
server authenticated/authorized by solving nonce!
Handler: communication initialization succeeded
file data length: 1024
sending at Wed Mar 21 2018 00:52:26 GMT+0000 (UTC)
switching to IN_COMM
received secure communication message!
Received seqNum: 0
Handler: data received from server via secure communication
data1
Resp-actual/expected/ratio/ts: 13 13 1 1521593546826
Distribution protocol: TCP
Resp-actual/expected/ratio/ts: 13 14 0.9285714285714286 1521593605125
connected to auth! from local port 51812
received auth hello!
{ authId: 403, nonce: <Buffer de 53 85 c9 aa 2a 4b 5f> }
received session key response encrypted with distribution key
replyNonce in sessionKeyResp: <Buffer 7e f7 e1 73 fd e1 cf 72>
auth nonce verified
handleSessionKeyResp: session key request succeeded! authFailureCount: 0
received 1 keys
currentSessionKey: [object Object]
Status: Secure connection closed before starting a new connection.
Session protocol: TCP
chosen commSessionKey: 
{ id: 40300249,
  cipherKeyVal: <Buffer f7 00 5d ec e9 b7 3a f8 ba c9 a0 4c 89 b5 6c 87>,
  macKeyVal: <Buffer 26 d9 8f dc 5c c8 3a 2f 25 c5 22 86 50 3b ef 0a b5 87 ca 86 3b 2a 54 cd c2 08 57 88 b1 e9 f0 d6>,
  absValidity: 2018-03-22T00:53:25.255Z,
  relValidity: 7200000 }
options
{ serverHost: '10.0.1.22',
  serverPort: 22100,
  sessionKey: 
   { id: 40300249,
     cipherKeyVal: <Buffer f7 00 5d ec e9 b7 3a f8 ba c9 a0 4c 89 b5 6c 87>,
     macKeyVal: <Buffer 26 d9 8f dc 5c c8 3a 2f 25 c5 22 86 50 3b ef 0a b5 87 ca 86 3b 2a 54 cd c2 08 57 88 b1 e9 f0 d6>,
     absValidity: 2018-03-22T00:53:25.255Z,
     relValidity: 7200000 },
  sessionCryptoSpec: { cipher: 'AES-128-CBC', mac: 'SHA256' },
  sessionProtocol: 'TCP',
  handshakeTimeout: 50000 }
chosen nonce: <Buffer 43 fd 44 f1 6b 98 10 2c>
switching to HANDSHAKE_1_SENT
disconnected from auth
Handler: secure connection with the server closed.
received session key handshake2!
client ret: [object Object]
server authenticated/authorized by solving nonce!
Handler: communication initialization succeeded
file data length: 1024
sending at Wed Mar 21 2018 00:53:26 GMT+0000 (UTC)
switching to IN_COMM
received secure communication message!
Received seqNum: 0
Handler: data received from server via secure communication
data1
Resp-actual/expected/ratio/ts: 14 14 1 1521593606883
Distribution protocol: TCP
Resp-actual/expected/ratio/ts: 14 15 0.9333333333333333 1521593665181
connected to auth! from local port 52080
received auth hello!
{ authId: 403, nonce: <Buffer 64 ab 8f 6b a2 e7 c0 73> }
received session key response encrypted with distribution key
replyNonce in sessionKeyResp: <Buffer a2 f2 49 e1 4c f4 5c 55>
auth nonce verified
handleSessionKeyResp: session key request succeeded! authFailureCount: 0
received 1 keys
currentSessionKey: [object Object]
Status: Secure connection closed before starting a new connection.
Session protocol: TCP
chosen commSessionKey: 
{ id: 40300255,
  cipherKeyVal: <Buffer da 93 2b fb 47 27 d9 7e 90 1e b9 23 d7 2f 2e cd>,
  macKeyVal: <Buffer f6 1d af 38 28 dc 75 2b 9e 69 4c 27 9f 70 c3 cc c2 4d 63 e9 3a 9d e6 be ce 6e d9 7b b5 a8 22 21>,
  absValidity: 2018-03-22T00:54:25.373Z,
  relValidity: 7200000 }
options
{ serverHost: '10.0.1.22',
  serverPort: 22100,
  sessionKey: 
   { id: 40300255,
     cipherKeyVal: <Buffer da 93 2b fb 47 27 d9 7e 90 1e b9 23 d7 2f 2e cd>,
     macKeyVal: <Buffer f6 1d af 38 28 dc 75 2b 9e 69 4c 27 9f 70 c3 cc c2 4d 63 e9 3a 9d e6 be ce 6e d9 7b b5 a8 22 21>,
     absValidity: 2018-03-22T00:54:25.373Z,
     relValidity: 7200000 },
  sessionCryptoSpec: { cipher: 'AES-128-CBC', mac: 'SHA256' },
  sessionProtocol: 'TCP',
  handshakeTimeout: 50000 }
chosen nonce: <Buffer d2 5c d6 42 e8 37 9d 75>
switching to HANDSHAKE_1_SENT
disconnected from auth
Handler: secure connection with the server closed.
received session key handshake2!
client ret: [object Object]
server authenticated/authorized by solving nonce!
Handler: communication initialization succeeded
file data length: 1024
sending at Wed Mar 21 2018 00:54:26 GMT+0000 (UTC)
switching to IN_COMM
received secure communication message!
Received seqNum: 0
Handler: data received from server via secure communication
data1
Resp-actual/expected/ratio/ts: 15 15 1 1521593666823
Distribution protocol: TCP
Resp-actual/expected/ratio/ts: 15 16 0.9375 1521593725237
connected to auth! from local port 52344
received auth hello!
{ authId: 403, nonce: <Buffer 1d af 04 d7 fe aa d3 8d> }
received session key response encrypted with distribution key
replyNonce in sessionKeyResp: <Buffer 62 72 fb ba bb 68 93 a5>
auth nonce verified
handleSessionKeyResp: session key request succeeded! authFailureCount: 0
received 1 keys
currentSessionKey: [object Object]
Status: Secure connection closed before starting a new connection.
Session protocol: TCP
chosen commSessionKey: 
{ id: 40300261,
  cipherKeyVal: <Buffer 14 a2 4c 9d 53 db 9d 83 2f 9c 42 5e 4a 6a bc 2c>,
  macKeyVal: <Buffer d9 cf 26 57 c4 94 85 bb 82 9f 27 cd db 9e 50 7d 85 24 e0 24 45 a8 ca 44 da 7a e5 53 08 4c 50 8d>,
  absValidity: 2018-03-22T00:55:25.391Z,
  relValidity: 7200000 }
options
{ serverHost: '10.0.1.22',
  serverPort: 22100,
  sessionKey: 
   { id: 40300261,
     cipherKeyVal: <Buffer 14 a2 4c 9d 53 db 9d 83 2f 9c 42 5e 4a 6a bc 2c>,
     macKeyVal: <Buffer d9 cf 26 57 c4 94 85 bb 82 9f 27 cd db 9e 50 7d 85 24 e0 24 45 a8 ca 44 da 7a e5 53 08 4c 50 8d>,
     absValidity: 2018-03-22T00:55:25.391Z,
     relValidity: 7200000 },
  sessionCryptoSpec: { cipher: 'AES-128-CBC', mac: 'SHA256' },
  sessionProtocol: 'TCP',
  handshakeTimeout: 50000 }
chosen nonce: <Buffer 82 f5 7e ad 5b 7e f4 aa>
switching to HANDSHAKE_1_SENT
disconnected from auth
Handler: secure connection with the server closed.
received session key handshake2!
client ret: [object Object]
server authenticated/authorized by solving nonce!
Handler: communication initialization succeeded
file data length: 1024
sending at Wed Mar 21 2018 00:55:26 GMT+0000 (UTC)
switching to IN_COMM
received secure communication message!
Received seqNum: 0
Handler: data received from server via secure communication
data1
Resp-actual/expected/ratio/ts: 16 16 1 1521593726921
Distribution protocol: TCP
Resp-actual/expected/ratio/ts: 16 17 0.9411764705882353 1521593785294
connected to auth! from local port 52608
received auth hello!
{ authId: 403, nonce: <Buffer 53 3a e0 14 5e 3d 11 f7> }
received session key response encrypted with distribution key
replyNonce in sessionKeyResp: <Buffer 3f 9f 9d c5 37 4b 92 2f>
auth nonce verified
handleSessionKeyResp: session key request succeeded! authFailureCount: 0
received 1 keys
currentSessionKey: [object Object]
Status: Secure connection closed before starting a new connection.
Session protocol: TCP
chosen commSessionKey: 
{ id: 40300267,
  cipherKeyVal: <Buffer 4b 32 18 b3 e7 2d 1d f1 11 1d 86 33 5f 1f fd 70>,
  macKeyVal: <Buffer e3 80 33 2e da 58 93 ad 97 61 17 ac 65 ba b8 1b fc 69 58 fd 6a 96 f1 fb 47 ab 49 61 0f 96 ec 98>,
  absValidity: 2018-03-22T00:56:25.497Z,
  relValidity: 7200000 }
options
{ serverHost: '10.0.1.22',
  serverPort: 22100,
  sessionKey: 
   { id: 40300267,
     cipherKeyVal: <Buffer 4b 32 18 b3 e7 2d 1d f1 11 1d 86 33 5f 1f fd 70>,
     macKeyVal: <Buffer e3 80 33 2e da 58 93 ad 97 61 17 ac 65 ba b8 1b fc 69 58 fd 6a 96 f1 fb 47 ab 49 61 0f 96 ec 98>,
     absValidity: 2018-03-22T00:56:25.497Z,
     relValidity: 7200000 },
  sessionCryptoSpec: { cipher: 'AES-128-CBC', mac: 'SHA256' },
  sessionProtocol: 'TCP',
  handshakeTimeout: 50000 }
chosen nonce: <Buffer fc b5 5b 06 9d 88 b6 f8>
switching to HANDSHAKE_1_SENT
disconnected from auth
Handler: secure connection with the server closed.
received session key handshake2!
client ret: [object Object]
server authenticated/authorized by solving nonce!
Handler: communication initialization succeeded
file data length: 1024
sending at Wed Mar 21 2018 00:56:26 GMT+0000 (UTC)
switching to IN_COMM
received secure communication message!
Received seqNum: 0
Handler: data received from server via secure communication
data1
Resp-actual/expected/ratio/ts: 17 17 1 1521593786974
Distribution protocol: TCP
Resp-actual/expected/ratio/ts: 17 18 0.9444444444444444 1521593845337
connected to auth! from local port 52872
received auth hello!
{ authId: 403, nonce: <Buffer 3b 45 d3 82 99 47 02 16> }
received session key response encrypted with distribution key
replyNonce in sessionKeyResp: <Buffer 9a 68 af c8 f0 0a 0a ae>
auth nonce verified
handleSessionKeyResp: session key request succeeded! authFailureCount: 0
received 1 keys
currentSessionKey: [object Object]
Status: Secure connection closed before starting a new connection.
Session protocol: TCP
chosen commSessionKey: 
{ id: 40300273,
  cipherKeyVal: <Buffer a5 28 a8 13 d9 7b 69 f5 68 53 63 e4 69 b7 b6 28>,
  macKeyVal: <Buffer c6 e6 47 6a ca 3d b1 86 e4 35 75 00 d1 d1 0d 54 1c f6 12 87 63 9e 17 6a b8 7a f4 d4 6a 04 05 8a>,
  absValidity: 2018-03-22T00:57:25.521Z,
  relValidity: 7200000 }
options
{ serverHost: '10.0.1.22',
  serverPort: 22100,
  sessionKey: 
   { id: 40300273,
     cipherKeyVal: <Buffer a5 28 a8 13 d9 7b 69 f5 68 53 63 e4 69 b7 b6 28>,
     macKeyVal: <Buffer c6 e6 47 6a ca 3d b1 86 e4 35 75 00 d1 d1 0d 54 1c f6 12 87 63 9e 17 6a b8 7a f4 d4 6a 04 05 8a>,
     absValidity: 2018-03-22T00:57:25.521Z,
     relValidity: 7200000 },
  sessionCryptoSpec: { cipher: 'AES-128-CBC', mac: 'SHA256' },
  sessionProtocol: 'TCP',
  handshakeTimeout: 50000 }
chosen nonce: <Buffer 88 e0 3c 33 ab 53 fd be>
switching to HANDSHAKE_1_SENT
disconnected from auth
Handler: secure connection with the server closed.
received session key handshake2!
client ret: [object Object]
server authenticated/authorized by solving nonce!
Handler: communication initialization succeeded
file data length: 1024
sending at Wed Mar 21 2018 00:57:26 GMT+0000 (UTC)
switching to IN_COMM
received secure communication message!
Received seqNum: 0
Handler: data received from server via secure communication
data1
Resp-actual/expected/ratio/ts: 18 18 1 1521593847082
Distribution protocol: TCP
Resp-actual/expected/ratio/ts: 18 19 0.9473684210526315 1521593905393
connected to auth! from local port 53134
received auth hello!
{ authId: 403, nonce: <Buffer e2 62 78 40 3f 39 38 5c> }
received session key response encrypted with distribution key
replyNonce in sessionKeyResp: <Buffer 42 0a 86 f1 63 c6 69 bd>
auth nonce verified
handleSessionKeyResp: session key request succeeded! authFailureCount: 0
received 1 keys
currentSessionKey: [object Object]
Status: Secure connection closed before starting a new connection.
Session protocol: TCP
chosen commSessionKey: 
{ id: 40300279,
  cipherKeyVal: <Buffer 40 a1 0b 64 dc 63 aa e5 d8 0e 43 79 75 83 3e af>,
  macKeyVal: <Buffer 8f 29 4a d7 64 b8 e9 74 fe 54 8d 41 7e 60 f1 67 60 b6 73 c4 c5 c4 c8 5c 6d ef e8 4f 8e c4 ef 20>,
  absValidity: 2018-03-22T00:58:25.588Z,
  relValidity: 7200000 }
options
{ serverHost: '10.0.1.22',
  serverPort: 22100,
  sessionKey: 
   { id: 40300279,
     cipherKeyVal: <Buffer 40 a1 0b 64 dc 63 aa e5 d8 0e 43 79 75 83 3e af>,
     macKeyVal: <Buffer 8f 29 4a d7 64 b8 e9 74 fe 54 8d 41 7e 60 f1 67 60 b6 73 c4 c5 c4 c8 5c 6d ef e8 4f 8e c4 ef 20>,
     absValidity: 2018-03-22T00:58:25.588Z,
     relValidity: 7200000 },
  sessionCryptoSpec: { cipher: 'AES-128-CBC', mac: 'SHA256' },
  sessionProtocol: 'TCP',
  handshakeTimeout: 50000 }
chosen nonce: <Buffer 9f b9 17 5e dd b6 e3 cb>
switching to HANDSHAKE_1_SENT
disconnected from auth
Handler: secure connection with the server closed.
received session key handshake2!
client ret: [object Object]
server authenticated/authorized by solving nonce!
Handler: communication initialization succeeded
file data length: 1024
sending at Wed Mar 21 2018 00:58:26 GMT+0000 (UTC)
switching to IN_COMM
received secure communication message!
Received seqNum: 0
Handler: data received from server via secure communication
data1
Resp-actual/expected/ratio/ts: 19 19 1 1521593907068
Distribution protocol: TCP
Resp-actual/expected/ratio/ts: 19 20 0.95 1521593965453
connected to auth! from local port 53390
received auth hello!
{ authId: 403, nonce: <Buffer 3e 80 d2 4a ff aa d9 13> }
received session key response encrypted with distribution key
replyNonce in sessionKeyResp: <Buffer c5 ec 50 7b fe d6 80 23>
auth nonce verified
handleSessionKeyResp: session key request succeeded! authFailureCount: 0
received 1 keys
currentSessionKey: [object Object]
Status: Secure connection closed before starting a new connection.
Session protocol: TCP
chosen commSessionKey: 
{ id: 40300285,
  cipherKeyVal: <Buffer 4e 1d f8 15 ad 20 bd fd 2f 28 3f a7 f3 e1 6f 32>,
  macKeyVal: <Buffer 14 3f 26 ba 1c 09 3d 5b 38 28 ff fe 1b d7 ce d5 ae 75 0d 91 d8 82 3b 7d 23 eb 3f 1b 83 61 8f cc>,
  absValidity: 2018-03-22T00:59:25.650Z,
  relValidity: 7200000 }
options
{ serverHost: '10.0.1.22',
  serverPort: 22100,
  sessionKey: 
   { id: 40300285,
     cipherKeyVal: <Buffer 4e 1d f8 15 ad 20 bd fd 2f 28 3f a7 f3 e1 6f 32>,
     macKeyVal: <Buffer 14 3f 26 ba 1c 09 3d 5b 38 28 ff fe 1b d7 ce d5 ae 75 0d 91 d8 82 3b 7d 23 eb 3f 1b 83 61 8f cc>,
     absValidity: 2018-03-22T00:59:25.650Z,
     relValidity: 7200000 },
  sessionCryptoSpec: { cipher: 'AES-128-CBC', mac: 'SHA256' },
  sessionProtocol: 'TCP',
  handshakeTimeout: 50000 }
chosen nonce: <Buffer d4 53 b9 3a b6 8f ef 85>
switching to HANDSHAKE_1_SENT
disconnected from auth
Handler: secure connection with the server closed.
received session key handshake2!
client ret: [object Object]
server authenticated/authorized by solving nonce!
Handler: communication initialization succeeded
file data length: 1024
sending at Wed Mar 21 2018 00:59:26 GMT+0000 (UTC)
switching to IN_COMM
received secure communication message!
Received seqNum: 0
Handler: data received from server via secure communication
data1
Resp-actual/expected/ratio/ts: 20 20 1 1521593967097
Distribution protocol: TCP
Resp-actual/expected/ratio/ts: 20 21 0.9523809523809523 1521594025458
connected to auth! from local port 53648
received auth hello!
{ authId: 403, nonce: <Buffer 8b c8 36 59 eb 57 d5 f2> }
received session key response encrypted with distribution key
replyNonce in sessionKeyResp: <Buffer 5b a6 55 37 f6 23 aa 62>
auth nonce verified
handleSessionKeyResp: session key request succeeded! authFailureCount: 0
received 1 keys
currentSessionKey: [object Object]
Status: Secure connection closed before starting a new connection.
Session protocol: TCP
chosen commSessionKey: 
{ id: 40300291,
  cipherKeyVal: <Buffer 11 c0 4b 73 9a 48 2c 48 dd 62 53 37 b7 83 92 25>,
  macKeyVal: <Buffer c8 43 21 24 79 1d 9d 18 9d 45 a3 5a 5e 9b 6d cf 79 68 77 0b 47 39 7f 9f 16 b6 34 c8 b8 56 c3 2f>,
  absValidity: 2018-03-22T01:00:25.631Z,
  relValidity: 7200000 }
options
{ serverHost: '10.0.1.22',
  serverPort: 22100,
  sessionKey: 
   { id: 40300291,
     cipherKeyVal: <Buffer 11 c0 4b 73 9a 48 2c 48 dd 62 53 37 b7 83 92 25>,
     macKeyVal: <Buffer c8 43 21 24 79 1d 9d 18 9d 45 a3 5a 5e 9b 6d cf 79 68 77 0b 47 39 7f 9f 16 b6 34 c8 b8 56 c3 2f>,
     absValidity: 2018-03-22T01:00:25.631Z,
     relValidity: 7200000 },
  sessionCryptoSpec: { cipher: 'AES-128-CBC', mac: 'SHA256' },
  sessionProtocol: 'TCP',
  handshakeTimeout: 50000 }
chosen nonce: <Buffer 59 04 aa 1c d4 67 b2 b7>
switching to HANDSHAKE_1_SENT
disconnected from auth
Handler: secure connection with the server closed.
received session key handshake2!
client ret: [object Object]
server authenticated/authorized by solving nonce!
Handler: communication initialization succeeded
file data length: 1024
sending at Wed Mar 21 2018 01:00:26 GMT+0000 (UTC)
switching to IN_COMM
received secure communication message!
Received seqNum: 0
Handler: data received from server via secure communication
data1
Resp-actual/expected/ratio/ts: 21 21 1 1521594027099
Distribution protocol: TCP
Resp-actual/expected/ratio/ts: 21 22 0.9545454545454546 1521594085516
connected to auth! from local port 53906
received auth hello!
{ authId: 403, nonce: <Buffer 61 5e 53 1c 27 8a 3d e4> }
received session key response encrypted with distribution key
replyNonce in sessionKeyResp: <Buffer c3 d5 02 c6 76 5f 28 f0>
auth nonce verified
handleSessionKeyResp: session key request succeeded! authFailureCount: 0
received 1 keys
currentSessionKey: [object Object]
Status: Secure connection closed before starting a new connection.
Session protocol: TCP
chosen commSessionKey: 
{ id: 40300297,
  cipherKeyVal: <Buffer 76 08 52 b9 c3 78 99 df a6 fd 75 75 a8 be d0 d6>,
  macKeyVal: <Buffer 44 f1 87 f0 f5 73 55 c9 a2 9c 18 f6 45 59 81 37 f1 99 a8 df 8b 38 20 23 ff 26 0e 99 9a 4c 3f 84>,
  absValidity: 2018-03-22T01:01:25.712Z,
  relValidity: 7200000 }
options
{ serverHost: '10.0.1.22',
  serverPort: 22100,
  sessionKey: 
   { id: 40300297,
     cipherKeyVal: <Buffer 76 08 52 b9 c3 78 99 df a6 fd 75 75 a8 be d0 d6>,
     macKeyVal: <Buffer 44 f1 87 f0 f5 73 55 c9 a2 9c 18 f6 45 59 81 37 f1 99 a8 df 8b 38 20 23 ff 26 0e 99 9a 4c 3f 84>,
     absValidity: 2018-03-22T01:01:25.712Z,
     relValidity: 7200000 },
  sessionCryptoSpec: { cipher: 'AES-128-CBC', mac: 'SHA256' },
  sessionProtocol: 'TCP',
  handshakeTimeout: 50000 }
chosen nonce: <Buffer 25 41 00 71 0b ba bd 5d>
switching to HANDSHAKE_1_SENT
disconnected from auth
Handler: secure connection with the server closed.
received session key handshake2!
client ret: [object Object]
server authenticated/authorized by solving nonce!
Handler: communication initialization succeeded
file data length: 1024
sending at Wed Mar 21 2018 01:01:26 GMT+0000 (UTC)
switching to IN_COMM
received secure communication message!
Received seqNum: 0
Handler: data received from server via secure communication
data1
Resp-actual/expected/ratio/ts: 22 22 1 1521594087150
Distribution protocol: TCP
Resp-actual/expected/ratio/ts: 22 23 0.9565217391304348 1521594145566
connected to auth! from local port 54168
received auth hello!
{ authId: 403, nonce: <Buffer d8 09 f1 e1 90 1e f5 0e> }
received session key response encrypted with distribution key
replyNonce in sessionKeyResp: <Buffer 27 1e fa 1a 51 e1 f2 b2>
auth nonce verified
handleSessionKeyResp: session key request succeeded! authFailureCount: 0
received 1 keys
currentSessionKey: [object Object]
Status: Secure connection closed before starting a new connection.
Session protocol: TCP
chosen commSessionKey: 
{ id: 40300303,
  cipherKeyVal: <Buffer 2a a4 08 f1 1c 7b 18 c4 0a 49 0a 7b df b1 c2 e1>,
  macKeyVal: <Buffer 71 42 b0 80 b9 2a 46 1b 10 42 a2 f3 f8 d0 36 6d b0 07 4e f7 1d ca 7b 15 ad 21 07 ea be 2f 36 6a>,
  absValidity: 2018-03-22T01:02:25.750Z,
  relValidity: 7200000 }
options
{ serverHost: '10.0.1.22',
  serverPort: 22100,
  sessionKey: 
   { id: 40300303,
     cipherKeyVal: <Buffer 2a a4 08 f1 1c 7b 18 c4 0a 49 0a 7b df b1 c2 e1>,
     macKeyVal: <Buffer 71 42 b0 80 b9 2a 46 1b 10 42 a2 f3 f8 d0 36 6d b0 07 4e f7 1d ca 7b 15 ad 21 07 ea be 2f 36 6a>,
     absValidity: 2018-03-22T01:02:25.750Z,
     relValidity: 7200000 },
  sessionCryptoSpec: { cipher: 'AES-128-CBC', mac: 'SHA256' },
  sessionProtocol: 'TCP',
  handshakeTimeout: 50000 }
chosen nonce: <Buffer 52 7e 6a 93 2b e6 01 44>
switching to HANDSHAKE_1_SENT
disconnected from auth
Handler: secure connection with the server closed.
received session key handshake2!
client ret: [object Object]
server authenticated/authorized by solving nonce!
Handler: communication initialization succeeded
file data length: 1024
sending at Wed Mar 21 2018 01:02:26 GMT+0000 (UTC)
switching to IN_COMM
received secure communication message!
Received seqNum: 0
Handler: data received from server via secure communication
data1
Resp-actual/expected/ratio/ts: 23 23 1 1521594147261
Distribution protocol: TCP
Resp-actual/expected/ratio/ts: 23 24 0.9583333333333334 1521594205625
connected to auth! from local port 54426
received auth hello!
{ authId: 403, nonce: <Buffer ff 09 97 e3 2d 99 99 9e> }
received session key response encrypted with distribution key
replyNonce in sessionKeyResp: <Buffer 93 34 4e 36 dc 5f 67 95>
auth nonce verified
handleSessionKeyResp: session key request succeeded! authFailureCount: 0
received 1 keys
currentSessionKey: [object Object]
Status: Secure connection closed before starting a new connection.
Session protocol: TCP
chosen commSessionKey: 
{ id: 40300309,
  cipherKeyVal: <Buffer 02 1e 56 19 24 15 34 c5 cf eb 25 a9 c9 9b 26 17>,
  macKeyVal: <Buffer 6a f4 f2 21 dc 8a 4c 09 3c af 1e 20 c1 7e f5 c9 e8 7a b4 aa 1b 52 f6 26 79 b4 0d 62 cf 5d d3 a5>,
  absValidity: 2018-03-22T01:03:25.867Z,
  relValidity: 7200000 }
options
{ serverHost: '10.0.1.22',
  serverPort: 22100,
  sessionKey: 
   { id: 40300309,
     cipherKeyVal: <Buffer 02 1e 56 19 24 15 34 c5 cf eb 25 a9 c9 9b 26 17>,
     macKeyVal: <Buffer 6a f4 f2 21 dc 8a 4c 09 3c af 1e 20 c1 7e f5 c9 e8 7a b4 aa 1b 52 f6 26 79 b4 0d 62 cf 5d d3 a5>,
     absValidity: 2018-03-22T01:03:25.867Z,
     relValidity: 7200000 },
  sessionCryptoSpec: { cipher: 'AES-128-CBC', mac: 'SHA256' },
  sessionProtocol: 'TCP',
  handshakeTimeout: 50000 }
chosen nonce: <Buffer bf b3 73 7f a7 8d 3e 26>
switching to HANDSHAKE_1_SENT
disconnected from auth
Handler: secure connection with the server closed.
received session key handshake2!
client ret: [object Object]
server authenticated/authorized by solving nonce!
Handler: communication initialization succeeded
file data length: 1024
sending at Wed Mar 21 2018 01:03:26 GMT+0000 (UTC)
switching to IN_COMM
received secure communication message!
Received seqNum: 0
Handler: data received from server via secure communication
data1
Resp-actual/expected/ratio/ts: 24 24 1 1521594207196
Distribution protocol: TCP
Resp-actual/expected/ratio/ts: 24 25 0.96 1521594265648
connected to auth! from local port 54676
received auth hello!
{ authId: 403, nonce: <Buffer 19 05 7f 79 7c 3b 8d 7d> }
received session key response encrypted with distribution key
replyNonce in sessionKeyResp: <Buffer 8a 99 ea 85 c6 15 08 b3>
auth nonce verified
handleSessionKeyResp: session key request succeeded! authFailureCount: 0
received 1 keys
currentSessionKey: [object Object]
Status: Secure connection closed before starting a new connection.
Session protocol: TCP
chosen commSessionKey: 
{ id: 40300315,
  cipherKeyVal: <Buffer 30 af 57 8f 16 3b cb df 05 17 c0 1a 4f e8 37 51>,
  macKeyVal: <Buffer 2c 6f ec f0 22 b1 f5 d2 3a e7 bd df f1 b5 49 d4 0f 04 e4 ef e0 f0 2f 76 e9 0d 90 62 54 ee 75 ea>,
  absValidity: 2018-03-22T01:04:25.921Z,
  relValidity: 7200000 }
options
{ serverHost: '10.0.1.22',
  serverPort: 22100,
  sessionKey: 
   { id: 40300315,
     cipherKeyVal: <Buffer 30 af 57 8f 16 3b cb df 05 17 c0 1a 4f e8 37 51>,
     macKeyVal: <Buffer 2c 6f ec f0 22 b1 f5 d2 3a e7 bd df f1 b5 49 d4 0f 04 e4 ef e0 f0 2f 76 e9 0d 90 62 54 ee 75 ea>,
     absValidity: 2018-03-22T01:04:25.921Z,
     relValidity: 7200000 },
  sessionCryptoSpec: { cipher: 'AES-128-CBC', mac: 'SHA256' },
  sessionProtocol: 'TCP',
  handshakeTimeout: 50000 }
chosen nonce: <Buffer 5a c6 cb e7 9b 08 a0 99>
switching to HANDSHAKE_1_SENT
disconnected from auth
Handler: secure connection with the server closed.
received session key handshake2!
client ret: [object Object]
server authenticated/authorized by solving nonce!
Handler: communication initialization succeeded
file data length: 1024
sending at Wed Mar 21 2018 01:04:26 GMT+0000 (UTC)
switching to IN_COMM
received secure communication message!
Received seqNum: 0
Handler: data received from server via secure communication
data1
Resp-actual/expected/ratio/ts: 25 25 1 1521594267237
Distribution protocol: TCP
Resp-actual/expected/ratio/ts: 25 26 0.9615384615384616 1521594325657
connected to auth! from local port 54928
received auth hello!
{ authId: 403, nonce: <Buffer 09 38 ef 93 60 8b 32 e7> }
received session key response encrypted with distribution key
replyNonce in sessionKeyResp: <Buffer 1b ad e3 15 ff c3 90 cb>
auth nonce verified
handleSessionKeyResp: session key request succeeded! authFailureCount: 0
received 1 keys
currentSessionKey: [object Object]
Status: Secure connection closed before starting a new connection.
Session protocol: TCP
chosen commSessionKey: 
{ id: 40300321,
  cipherKeyVal: <Buffer c6 cb 75 85 ac c4 35 76 bd 25 4a 31 98 4b cb da>,
  macKeyVal: <Buffer 27 f7 b5 6f 1c 0a 72 84 a1 93 91 27 55 87 3b f3 25 fb 8f ce db 24 43 d7 74 91 d2 ab 01 d8 38 09>,
  absValidity: 2018-03-22T01:05:25.901Z,
  relValidity: 7200000 }
options
{ serverHost: '10.0.1.22',
  serverPort: 22100,
  sessionKey: 
   { id: 40300321,
     cipherKeyVal: <Buffer c6 cb 75 85 ac c4 35 76 bd 25 4a 31 98 4b cb da>,
     macKeyVal: <Buffer 27 f7 b5 6f 1c 0a 72 84 a1 93 91 27 55 87 3b f3 25 fb 8f ce db 24 43 d7 74 91 d2 ab 01 d8 38 09>,
     absValidity: 2018-03-22T01:05:25.901Z,
     relValidity: 7200000 },
  sessionCryptoSpec: { cipher: 'AES-128-CBC', mac: 'SHA256' },
  sessionProtocol: 'TCP',
  handshakeTimeout: 50000 }
chosen nonce: <Buffer 65 30 f4 d0 97 d8 c0 65>
switching to HANDSHAKE_1_SENT
disconnected from auth
Handler: secure connection with the server closed.
received session key handshake2!
client ret: [object Object]
server authenticated/authorized by solving nonce!
Handler: communication initialization succeeded
file data length: 1024
sending at Wed Mar 21 2018 01:05:27 GMT+0000 (UTC)
switching to IN_COMM
received secure communication message!
Received seqNum: 0
Handler: data received from server via secure communication
data1
Resp-actual/expected/ratio/ts: 26 26 1 1521594327331
Distribution protocol: TCP
Resp-actual/expected/ratio/ts: 26 27 0.9629629629629629 1521594385673
connected to auth! from local port 55180
received auth hello!
{ authId: 403, nonce: <Buffer 3f be fa 85 94 3c 9d a4> }
received session key response encrypted with distribution key
replyNonce in sessionKeyResp: <Buffer 89 af 1b 99 92 7b 95 7f>
auth nonce verified
handleSessionKeyResp: session key request succeeded! authFailureCount: 0
received 1 keys
currentSessionKey: [object Object]
Status: Secure connection closed before starting a new connection.
Session protocol: TCP
chosen commSessionKey: 
{ id: 40300327,
  cipherKeyVal: <Buffer 77 ee 6e 7e 78 98 75 eb 99 59 ff 4d 7c 82 ad 4e>,
  macKeyVal: <Buffer 24 ca 33 0d da b5 43 2e c9 4a 14 bb 76 94 a8 dc c3 f4 25 4c 63 fb 41 e8 22 54 3b b8 19 a0 d8 a5>,
  absValidity: 2018-03-22T01:06:25.893Z,
  relValidity: 7200000 }
options
{ serverHost: '10.0.1.22',
  serverPort: 22100,
  sessionKey: 
   { id: 40300327,
     cipherKeyVal: <Buffer 77 ee 6e 7e 78 98 75 eb 99 59 ff 4d 7c 82 ad 4e>,
     macKeyVal: <Buffer 24 ca 33 0d da b5 43 2e c9 4a 14 bb 76 94 a8 dc c3 f4 25 4c 63 fb 41 e8 22 54 3b b8 19 a0 d8 a5>,
     absValidity: 2018-03-22T01:06:25.893Z,
     relValidity: 7200000 },
  sessionCryptoSpec: { cipher: 'AES-128-CBC', mac: 'SHA256' },
  sessionProtocol: 'TCP',
  handshakeTimeout: 50000 }
chosen nonce: <Buffer 4b d9 cb aa 53 62 ee 49>
switching to HANDSHAKE_1_SENT
disconnected from auth
Handler: secure connection with the server closed.
received session key handshake2!
client ret: [object Object]
server authenticated/authorized by solving nonce!
Handler: communication initialization succeeded
file data length: 1024
sending at Wed Mar 21 2018 01:06:27 GMT+0000 (UTC)
switching to IN_COMM
received secure communication message!
Received seqNum: 0
Handler: data received from server via secure communication
data1
Resp-actual/expected/ratio/ts: 27 27 1 1521594387390
Distribution protocol: TCP
Resp-actual/expected/ratio/ts: 27 28 0.9642857142857143 1521594445674
connected to auth! from local port 55432
received auth hello!
{ authId: 403, nonce: <Buffer 0c 8b 5f b3 73 2f 3d da> }
received session key response encrypted with distribution key
replyNonce in sessionKeyResp: <Buffer 65 e3 b2 1b 63 4e 0b c5>
auth nonce verified
handleSessionKeyResp: session key request succeeded! authFailureCount: 0
received 1 keys
currentSessionKey: [object Object]
Status: Secure connection closed before starting a new connection.
Session protocol: TCP
chosen commSessionKey: 
{ id: 40300333,
  cipherKeyVal: <Buffer 79 01 30 42 62 2c c5 14 5a 5d f4 87 4a 44 bf d2>,
  macKeyVal: <Buffer 62 6d 6e d6 eb 04 87 51 32 ce 4f 13 28 d5 79 8d 1a da 34 76 77 6e 38 dd cd 80 3d bb f3 71 42 82>,
  absValidity: 2018-03-22T01:07:25.867Z,
  relValidity: 7200000 }
options
{ serverHost: '10.0.1.22',
  serverPort: 22100,
  sessionKey: 
   { id: 40300333,
     cipherKeyVal: <Buffer 79 01 30 42 62 2c c5 14 5a 5d f4 87 4a 44 bf d2>,
     macKeyVal: <Buffer 62 6d 6e d6 eb 04 87 51 32 ce 4f 13 28 d5 79 8d 1a da 34 76 77 6e 38 dd cd 80 3d bb f3 71 42 82>,
     absValidity: 2018-03-22T01:07:25.867Z,
     relValidity: 7200000 },
  sessionCryptoSpec: { cipher: 'AES-128-CBC', mac: 'SHA256' },
  sessionProtocol: 'TCP',
  handshakeTimeout: 50000 }
chosen nonce: <Buffer 63 aa 3b 88 90 b2 1d 2d>
switching to HANDSHAKE_1_SENT
disconnected from auth
Handler: secure connection with the server closed.
received session key handshake2!
client ret: [object Object]
server authenticated/authorized by solving nonce!
Handler: communication initialization succeeded
file data length: 1024
sending at Wed Mar 21 2018 01:07:27 GMT+0000 (UTC)
switching to IN_COMM
received secure communication message!
Received seqNum: 0
Handler: data received from server via secure communication
data1
Resp-actual/expected/ratio/ts: 28 28 1 1521594447617
