changing working directory to: /home/hokeunkim/Development/iotauth/entity/node/example_entities
loading from config file: /home/hokeunkim/Development/iotauth_experiments/experiments/ccs2017/expOptions/expEntity.option
Experimental options for autoClient: { autoSendPeriod: 60000,
  useSameSessionKeyCount: 1,
  connectionTimeout: 50000,
  migrationEnabled: true,
  authFailureThreshold: 2,
  migrationFailureThreshold: 2 }
loading from config file: /home/hokeunkim/Development/iotauth/entity/node/example_entities/configs/Clients/c414.config
initializing...
current parameters: { numKeysPerRequest: 3,
  migrationEnabled: false,
  authFailureThreshold: 3,
  migrationFailureThreshold: 3 }
current parameters: { numKeysPerRequest: 1,
  migrationEnabled: false,
  authFailureThreshold: 3,
  migrationFailureThreshold: 3 }
current parameters: { numKeysPerRequest: 1,
  migrationEnabled: true,
  authFailureThreshold: 3,
  migrationFailureThreshold: 3 }
current parameters: { numKeysPerRequest: 1,
  migrationEnabled: true,
  authFailureThreshold: 2,
  migrationFailureThreshold: 3 }
current parameters: { numKeysPerRequest: 1,
  migrationEnabled: true,
  authFailureThreshold: 2,
  migrationFailureThreshold: 2 }
current entityInfo: { name: 'c414',
  group: 'Clients',
  distProtocol: 'TCP',
  usePermanentDistKey: false,
  connectionTimeout: 50000,
  privateKey: <Buffer 2d 2d 2d 2d 2d 42 45 47 49 4e 20 52 53 41 20 50 52 49 56 41 54 45 20 4b 45 59 2d 2d 2d 2d 2d 0a 4d 49 49 45 70 41 49 42 41 41 4b 43 41 51 45 41 76 55 ... > }
Distribution protocol: TCP
Resp-actual/expected/ratio/ts: 0 1 0 1521583763218
connected to auth! from local port 59676
received auth hello!
{ authId: 403, nonce: <Buffer 3c 59 8e 10 53 b4 ae 21> }
received session key response with distribution key attached!
auth signature verified
replyNonce in sessionKeyResp: <Buffer 27 54 a4 bd c7 43 e9 ab>
auth nonce verified
handleSessionKeyResp: session key request succeeded! authFailureCount: 0
updating distribution key: { cipherKeyVal: <Buffer e7 0b 3c c8 60 18 69 ad 70 5d d1 3c 80 16 98 f7>,
  macKeyVal: <Buffer 96 9d 19 13 3c 56 25 12 c9 28 79 54 72 a4 a4 ba 18 8d bf 8e 1d cc aa 5f 2a c6 00 a3 23 ff fa 1c>,
  absValidity: 2018-03-20T23:09:23.393Z }
received 1 keys
currentSessionKey: [object Object]
Session protocol: TCP
chosen commSessionKey: 
{ id: 40300600,
  cipherKeyVal: <Buffer a6 db be d5 f7 c9 3c 58 d6 4c 3f 49 86 ab 58 80>,
  macKeyVal: <Buffer c6 f6 fe 81 f4 e1 cb 16 97 7e 38 63 56 09 74 74 8f db fc b1 6c fa 8e db 95 f1 77 c0 10 5f 6e 66>,
  absValidity: 2018-03-21T22:09:23.392Z,
  relValidity: 7200000 }
options
{ serverHost: '10.0.1.21',
  serverPort: 22100,
  sessionKey: 
   { id: 40300600,
     cipherKeyVal: <Buffer a6 db be d5 f7 c9 3c 58 d6 4c 3f 49 86 ab 58 80>,
     macKeyVal: <Buffer c6 f6 fe 81 f4 e1 cb 16 97 7e 38 63 56 09 74 74 8f db fc b1 6c fa 8e db 95 f1 77 c0 10 5f 6e 66>,
     absValidity: 2018-03-21T22:09:23.392Z,
     relValidity: 7200000 },
  sessionCryptoSpec: { cipher: 'AES-128-CBC', mac: 'SHA256' },
  sessionProtocol: 'TCP',
  handshakeTimeout: 50000 }
chosen nonce: <Buffer 7e 4c ca 10 17 de fb 97>
switching to HANDSHAKE_1_SENT
disconnected from auth
received session key handshake2!
client ret: [object Object]
server authenticated/authorized by solving nonce!
Handler: communication initialization succeeded
file data length: 1024
sending at Tue Mar 20 2018 22:09:24 GMT+0000 (UTC)
switching to IN_COMM
received secure communication message!
Received seqNum: 0
Handler: data received from server via secure communication
data1
Resp-actual/expected/ratio/ts: 1 1 1 1521583764608
Distribution protocol: TCP
Resp-actual/expected/ratio/ts: 1 2 0.5 1521583823277
connected to auth! from local port 59868
received auth hello!
{ authId: 403, nonce: <Buffer f5 c4 b5 f0 bc 4f c8 b1> }
received session key response encrypted with distribution key
replyNonce in sessionKeyResp: <Buffer 68 9a 63 dd a6 88 bc bf>
auth nonce verified
handleSessionKeyResp: session key request succeeded! authFailureCount: 0
received 1 keys
currentSessionKey: [object Object]
Status: Secure connection closed before starting a new connection.
Session protocol: TCP
chosen commSessionKey: 
{ id: 40300606,
  cipherKeyVal: <Buffer 0b b7 e4 55 5d 94 b6 d3 fb d3 f3 82 fa b6 17 85>,
  macKeyVal: <Buffer 52 17 a9 de ee 68 e1 ef 74 be 21 af 7c cb 6b 1f e4 c9 d2 e2 76 a8 4d 08 ec 13 7c ef a4 d1 24 4e>,
  absValidity: 2018-03-21T22:10:23.551Z,
  relValidity: 7200000 }
options
{ serverHost: '10.0.1.21',
  serverPort: 22100,
  sessionKey: 
   { id: 40300606,
     cipherKeyVal: <Buffer 0b b7 e4 55 5d 94 b6 d3 fb d3 f3 82 fa b6 17 85>,
     macKeyVal: <Buffer 52 17 a9 de ee 68 e1 ef 74 be 21 af 7c cb 6b 1f e4 c9 d2 e2 76 a8 4d 08 ec 13 7c ef a4 d1 24 4e>,
     absValidity: 2018-03-21T22:10:23.551Z,
     relValidity: 7200000 },
  sessionCryptoSpec: { cipher: 'AES-128-CBC', mac: 'SHA256' },
  sessionProtocol: 'TCP',
  handshakeTimeout: 50000 }
chosen nonce: <Buffer 81 18 11 b0 79 de a1 75>
switching to HANDSHAKE_1_SENT
disconnected from auth
Handler: secure connection with the server closed.
received session key handshake2!
client ret: [object Object]
server authenticated/authorized by solving nonce!
Handler: communication initialization succeeded
file data length: 1024
sending at Tue Mar 20 2018 22:10:24 GMT+0000 (UTC)
switching to IN_COMM
received secure communication message!
Received seqNum: 0
Handler: data received from server via secure communication
data1
Resp-actual/expected/ratio/ts: 2 2 1 1521583824838
Distribution protocol: TCP
Resp-actual/expected/ratio/ts: 2 3 0.6666666666666666 1521583883335
connected to auth! from local port 60138
received auth hello!
{ authId: 403, nonce: <Buffer 3e 7b e5 7c e4 ec 8d 9a> }
received session key response encrypted with distribution key
replyNonce in sessionKeyResp: <Buffer d8 d4 da 08 ae 61 b5 02>
auth nonce verified
handleSessionKeyResp: session key request succeeded! authFailureCount: 0
received 1 keys
currentSessionKey: [object Object]
Status: Secure connection closed before starting a new connection.
Session protocol: TCP
chosen commSessionKey: 
{ id: 40300612,
  cipherKeyVal: <Buffer 87 f6 6c ca 66 97 32 34 fe 92 65 df 79 bd 8e 3b>,
  macKeyVal: <Buffer cd c4 86 d2 96 3b 7c 63 7c bc 0e 6a fb a0 f2 1f b2 8e f7 b6 98 51 68 d3 23 c1 b6 0a db a2 d3 86>,
  absValidity: 2018-03-21T22:11:23.576Z,
  relValidity: 7200000 }
options
{ serverHost: '10.0.1.21',
  serverPort: 22100,
  sessionKey: 
   { id: 40300612,
     cipherKeyVal: <Buffer 87 f6 6c ca 66 97 32 34 fe 92 65 df 79 bd 8e 3b>,
     macKeyVal: <Buffer cd c4 86 d2 96 3b 7c 63 7c bc 0e 6a fb a0 f2 1f b2 8e f7 b6 98 51 68 d3 23 c1 b6 0a db a2 d3 86>,
     absValidity: 2018-03-21T22:11:23.576Z,
     relValidity: 7200000 },
  sessionCryptoSpec: { cipher: 'AES-128-CBC', mac: 'SHA256' },
  sessionProtocol: 'TCP',
  handshakeTimeout: 50000 }
chosen nonce: <Buffer 8e ac 16 e6 1f fa 40 86>
switching to HANDSHAKE_1_SENT
disconnected from auth
Handler: secure connection with the server closed.
received session key handshake2!
client ret: [object Object]
server authenticated/authorized by solving nonce!
Handler: communication initialization succeeded
file data length: 1024
sending at Tue Mar 20 2018 22:11:24 GMT+0000 (UTC)
switching to IN_COMM
received secure communication message!
Received seqNum: 0
Handler: data received from server via secure communication
data1
Resp-actual/expected/ratio/ts: 3 3 1 1521583884823
Distribution protocol: TCP
Resp-actual/expected/ratio/ts: 3 4 0.75 1521583943384
connected to auth! from local port 60408
received auth hello!
{ authId: 403, nonce: <Buffer 5a cd b1 79 35 64 0b 90> }
received session key response encrypted with distribution key
replyNonce in sessionKeyResp: <Buffer 31 e5 47 d3 83 93 15 e8>
auth nonce verified
handleSessionKeyResp: session key request succeeded! authFailureCount: 0
received 1 keys
currentSessionKey: [object Object]
Status: Secure connection closed before starting a new connection.
Session protocol: TCP
chosen commSessionKey: 
{ id: 40300618,
  cipherKeyVal: <Buffer f4 9f 35 7d 41 97 02 73 7f 40 fe dc ca d7 88 b3>,
  macKeyVal: <Buffer 06 d6 7f ac aa 66 ec 47 45 00 99 56 88 ce 7a ac b6 1c 51 f8 81 01 3f b9 ab e9 ca 15 05 be fd 83>,
  absValidity: 2018-03-21T22:12:23.617Z,
  relValidity: 7200000 }
options
{ serverHost: '10.0.1.21',
  serverPort: 22100,
  sessionKey: 
   { id: 40300618,
     cipherKeyVal: <Buffer f4 9f 35 7d 41 97 02 73 7f 40 fe dc ca d7 88 b3>,
     macKeyVal: <Buffer 06 d6 7f ac aa 66 ec 47 45 00 99 56 88 ce 7a ac b6 1c 51 f8 81 01 3f b9 ab e9 ca 15 05 be fd 83>,
     absValidity: 2018-03-21T22:12:23.617Z,
     relValidity: 7200000 },
  sessionCryptoSpec: { cipher: 'AES-128-CBC', mac: 'SHA256' },
  sessionProtocol: 'TCP',
  handshakeTimeout: 50000 }
chosen nonce: <Buffer e1 ee 50 e4 08 e4 91 5d>
switching to HANDSHAKE_1_SENT
disconnected from auth
Handler: secure connection with the server closed.
received session key handshake2!
client ret: [object Object]
server authenticated/authorized by solving nonce!
Handler: communication initialization succeeded
file data length: 1024
sending at Tue Mar 20 2018 22:12:24 GMT+0000 (UTC)
switching to IN_COMM
received secure communication message!
Received seqNum: 0
Handler: data received from server via secure communication
data1
Resp-actual/expected/ratio/ts: 4 4 1 1521583944889
Distribution protocol: TCP
Resp-actual/expected/ratio/ts: 4 5 0.8 1521584003406
connected to auth! from local port 60678
received auth hello!
{ authId: 403, nonce: <Buffer 2e 77 dd 57 09 c4 70 f1> }
received session key response encrypted with distribution key
replyNonce in sessionKeyResp: <Buffer 73 9a af a6 2a fe 26 29>
auth nonce verified
handleSessionKeyResp: session key request succeeded! authFailureCount: 0
received 1 keys
currentSessionKey: [object Object]
Status: Secure connection closed before starting a new connection.
Session protocol: TCP
chosen commSessionKey: 
{ id: 40300624,
  cipherKeyVal: <Buffer 5a 78 b3 dd 5d 3a 15 09 ee af 41 41 c3 90 10 42>,
  macKeyVal: <Buffer 18 88 4d ae 63 a2 a2 2f df 6a da bd 3c 88 85 6c ee 2e 08 6e 8b 79 c5 a3 72 c1 90 dc 3f 9f 94 89>,
  absValidity: 2018-03-21T22:13:23.678Z,
  relValidity: 7200000 }
options
{ serverHost: '10.0.1.21',
  serverPort: 22100,
  sessionKey: 
   { id: 40300624,
     cipherKeyVal: <Buffer 5a 78 b3 dd 5d 3a 15 09 ee af 41 41 c3 90 10 42>,
     macKeyVal: <Buffer 18 88 4d ae 63 a2 a2 2f df 6a da bd 3c 88 85 6c ee 2e 08 6e 8b 79 c5 a3 72 c1 90 dc 3f 9f 94 89>,
     absValidity: 2018-03-21T22:13:23.678Z,
     relValidity: 7200000 },
  sessionCryptoSpec: { cipher: 'AES-128-CBC', mac: 'SHA256' },
  sessionProtocol: 'TCP',
  handshakeTimeout: 50000 }
chosen nonce: <Buffer 12 9f 10 65 ec d3 07 e3>
switching to HANDSHAKE_1_SENT
disconnected from auth
Handler: secure connection with the server closed.
received session key handshake2!
client ret: [object Object]
server authenticated/authorized by solving nonce!
Handler: communication initialization succeeded
file data length: 1024
sending at Tue Mar 20 2018 22:13:24 GMT+0000 (UTC)
switching to IN_COMM
received secure communication message!
Received seqNum: 0
Handler: data received from server via secure communication
data1
Resp-actual/expected/ratio/ts: 5 5 1 1521584004958
Distribution protocol: TCP
Resp-actual/expected/ratio/ts: 5 6 0.8333333333333334 1521584063461
connected to auth! from local port 60948
received auth hello!
{ authId: 403, nonce: <Buffer c4 b4 45 6d a2 85 3d 83> }
received session key response encrypted with distribution key
replyNonce in sessionKeyResp: <Buffer ef 58 7e d8 70 fb ad 86>
auth nonce verified
handleSessionKeyResp: session key request succeeded! authFailureCount: 0
received 1 keys
currentSessionKey: [object Object]
Status: Secure connection closed before starting a new connection.
Session protocol: TCP
chosen commSessionKey: 
{ id: 40300630,
  cipherKeyVal: <Buffer 5b 36 92 e2 7d 31 80 0d 40 7e be e7 97 b7 4e 92>,
  macKeyVal: <Buffer f0 ab 13 65 c3 7d 80 24 1d 13 c7 cb 7f 1e 96 0f b3 81 12 fc a4 b9 b6 59 cb 68 36 69 be d7 ba 7c>,
  absValidity: 2018-03-21T22:14:23.702Z,
  relValidity: 7200000 }
options
{ serverHost: '10.0.1.21',
  serverPort: 22100,
  sessionKey: 
   { id: 40300630,
     cipherKeyVal: <Buffer 5b 36 92 e2 7d 31 80 0d 40 7e be e7 97 b7 4e 92>,
     macKeyVal: <Buffer f0 ab 13 65 c3 7d 80 24 1d 13 c7 cb 7f 1e 96 0f b3 81 12 fc a4 b9 b6 59 cb 68 36 69 be d7 ba 7c>,
     absValidity: 2018-03-21T22:14:23.702Z,
     relValidity: 7200000 },
  sessionCryptoSpec: { cipher: 'AES-128-CBC', mac: 'SHA256' },
  sessionProtocol: 'TCP',
  handshakeTimeout: 50000 }
chosen nonce: <Buffer 02 94 1d 09 f9 9a 67 04>
switching to HANDSHAKE_1_SENT
disconnected from auth
Handler: secure connection with the server closed.
received session key handshake2!
client ret: [object Object]
server authenticated/authorized by solving nonce!
Handler: communication initialization succeeded
file data length: 1024
sending at Tue Mar 20 2018 22:14:24 GMT+0000 (UTC)
switching to IN_COMM
received secure communication message!
Received seqNum: 0
Handler: data received from server via secure communication
data1
Resp-actual/expected/ratio/ts: 6 6 1 1521584064788
Distribution protocol: TCP
Resp-actual/expected/ratio/ts: 6 7 0.8571428571428571 1521584123510
connected to auth! from local port 32986
received auth hello!
{ authId: 403, nonce: <Buffer 3c 0e 59 f4 57 50 e0 5f> }
received session key response encrypted with distribution key
replyNonce in sessionKeyResp: <Buffer b1 1c 58 d8 16 45 1d 06>
auth nonce verified
handleSessionKeyResp: session key request succeeded! authFailureCount: 0
received 1 keys
currentSessionKey: [object Object]
Status: Secure connection closed before starting a new connection.
Session protocol: TCP
chosen commSessionKey: 
{ id: 40300636,
  cipherKeyVal: <Buffer 58 3f 6e 8a cb 1d c2 53 d0 2d 5f 2a 33 99 79 33>,
  macKeyVal: <Buffer 4b 24 42 e7 5c b6 c7 12 43 c1 d5 ed ba 53 e6 d7 b6 ce 7f cb 50 b2 8f ae 0a 2d 7c 6b df fb bd dc>,
  absValidity: 2018-03-21T22:15:23.737Z,
  relValidity: 7200000 }
options
{ serverHost: '10.0.1.21',
  serverPort: 22100,
  sessionKey: 
   { id: 40300636,
     cipherKeyVal: <Buffer 58 3f 6e 8a cb 1d c2 53 d0 2d 5f 2a 33 99 79 33>,
     macKeyVal: <Buffer 4b 24 42 e7 5c b6 c7 12 43 c1 d5 ed ba 53 e6 d7 b6 ce 7f cb 50 b2 8f ae 0a 2d 7c 6b df fb bd dc>,
     absValidity: 2018-03-21T22:15:23.737Z,
     relValidity: 7200000 },
  sessionCryptoSpec: { cipher: 'AES-128-CBC', mac: 'SHA256' },
  sessionProtocol: 'TCP',
  handshakeTimeout: 50000 }
chosen nonce: <Buffer 59 bb 49 c0 64 1c 9e 28>
switching to HANDSHAKE_1_SENT
disconnected from auth
Handler: secure connection with the server closed.
received session key handshake2!
client ret: [object Object]
server authenticated/authorized by solving nonce!
Handler: communication initialization succeeded
file data length: 1024
sending at Tue Mar 20 2018 22:15:24 GMT+0000 (UTC)
switching to IN_COMM
received secure communication message!
Received seqNum: 0
Handler: data received from server via secure communication
data1
Resp-actual/expected/ratio/ts: 7 7 1 1521584124881
Distribution protocol: TCP
Resp-actual/expected/ratio/ts: 7 8 0.875 1521584183569
connected to auth! from local port 33252
received auth hello!
{ authId: 403, nonce: <Buffer b8 d3 b2 26 58 a9 a4 3f> }
received session key response encrypted with distribution key
replyNonce in sessionKeyResp: <Buffer 43 94 41 95 0e a0 7a e3>
auth nonce verified
handleSessionKeyResp: session key request succeeded! authFailureCount: 0
received 1 keys
currentSessionKey: [object Object]
Status: Secure connection closed before starting a new connection.
Session protocol: TCP
chosen commSessionKey: 
{ id: 40300642,
  cipherKeyVal: <Buffer 0e 79 a1 15 f1 78 21 ec 95 b5 9e 52 45 2a 9c 4e>,
  macKeyVal: <Buffer 81 35 08 2f af a7 d0 f8 bd 2a ef 0c 46 96 a1 0b 86 77 90 cd 7c 4d 8f 73 2e 55 74 0a a0 98 7d 92>,
  absValidity: 2018-03-21T22:16:23.781Z,
  relValidity: 7200000 }
options
{ serverHost: '10.0.1.21',
  serverPort: 22100,
  sessionKey: 
   { id: 40300642,
     cipherKeyVal: <Buffer 0e 79 a1 15 f1 78 21 ec 95 b5 9e 52 45 2a 9c 4e>,
     macKeyVal: <Buffer 81 35 08 2f af a7 d0 f8 bd 2a ef 0c 46 96 a1 0b 86 77 90 cd 7c 4d 8f 73 2e 55 74 0a a0 98 7d 92>,
     absValidity: 2018-03-21T22:16:23.781Z,
     relValidity: 7200000 },
  sessionCryptoSpec: { cipher: 'AES-128-CBC', mac: 'SHA256' },
  sessionProtocol: 'TCP',
  handshakeTimeout: 50000 }
chosen nonce: <Buffer d2 72 18 f0 22 6d be 49>
switching to HANDSHAKE_1_SENT
disconnected from auth
Handler: secure connection with the server closed.
received session key handshake2!
client ret: [object Object]
server authenticated/authorized by solving nonce!
Handler: communication initialization succeeded
file data length: 1024
sending at Tue Mar 20 2018 22:16:24 GMT+0000 (UTC)
switching to IN_COMM
received secure communication message!
Received seqNum: 0
Handler: data received from server via secure communication
data1
Resp-actual/expected/ratio/ts: 8 8 1 1521584184733
Distribution protocol: TCP
Resp-actual/expected/ratio/ts: 8 9 0.8888888888888888 1521584243628
failure in connection with Auth : authFailureCount: 1
Handler: Error in secure comm - details: Error occurred in session key request: Error: connect EHOSTUNREACH 10.0.1.3:21100
Handler: Error in secure comm - details: Auth hello timedout ...
Distribution protocol: TCP
Resp-actual/expected/ratio/ts: 8 10 0.8 1521584303638
failure in connection with Auth : authFailureCount: 2
failure count reached threshold (2), try migration...
In iotAuth.js migrateToTrustedAuth: 
In iotAuthService.js sendMigrationReqViaTCP: 
Handler: Error in secure comm - details: Error occurred in session key request: Error: connect EHOSTUNREACH 10.0.1.3:21100
failure in migration to another Auth : migrationFailureCount: 1
Handler: Error in secure comm - details: Error occurred in migration request: Error: connect EHOSTUNREACH 10.0.1.7:21100
Handler: Error in secure comm - details: Auth hello timedout ...
failure in migration to another Auth : migrationFailureCount: 2
Handler: Error in secure comm - details: Error occurred in migration request: Auth hello timedout ...
Distribution protocol: TCP
Resp-actual/expected/ratio/ts: 8 11 0.7272727272727273 1521584363646
failure in connection with Auth : authFailureCount: 3
failure count reached threshold (2), try migration...
reached migration failure threshold, rotate migration info index from: 0
to: 1
In iotAuth.js migrateToTrustedAuth: 
In iotAuthService.js sendMigrationReqViaTCP: 
Handler: Error in secure comm - details: Error occurred in session key request: Error: connect EHOSTUNREACH 10.0.1.3:21100
failure in migration to another Auth : migrationFailureCount: 1
Handler: Error in secure comm - details: Error occurred in migration request: Error: connect EHOSTUNREACH 10.0.1.6:21100
Handler: Error in secure comm - details: Auth hello timedout ...
failure in migration to another Auth : migrationFailureCount: 2
Handler: Error in secure comm - details: Error occurred in migration request: Auth hello timedout ...
Distribution protocol: TCP
Resp-actual/expected/ratio/ts: 8 12 0.6666666666666666 1521584423653
failure in connection with Auth : authFailureCount: 4
failure count reached threshold (2), try migration...
reached migration failure threshold, rotate migration info index from: 1
to: 2
In iotAuth.js migrateToTrustedAuth: 
In iotAuthService.js sendMigrationReqViaTCP: 
Handler: Error in secure comm - details: Error occurred in session key request: Error: connect EHOSTUNREACH 10.0.1.3:21100
failure in migration to another Auth : migrationFailureCount: 1
Handler: Error in secure comm - details: Error occurred in migration request: Error: connect EHOSTUNREACH 10.0.1.1:21100
Handler: Error in secure comm - details: Auth hello timedout ...
failure in migration to another Auth : migrationFailureCount: 2
Handler: Error in secure comm - details: Error occurred in migration request: Auth hello timedout ...
Distribution protocol: TCP
Resp-actual/expected/ratio/ts: 8 13 0.6153846153846154 1521584483653
failure in connection with Auth : authFailureCount: 5
failure count reached threshold (2), try migration...
reached migration failure threshold, rotate migration info index from: 2
to: 3
In iotAuth.js migrateToTrustedAuth: 
In iotAuthService.js sendMigrationReqViaTCP: 
Handler: Error in secure comm - details: Error occurred in session key request: Error: connect EHOSTUNREACH 10.0.1.3:21100
failure in migration to another Auth : migrationFailureCount: 1
Handler: Error in secure comm - details: Error occurred in migration request: Error: connect EHOSTUNREACH 10.0.1.4:21100
Handler: Error in secure comm - details: Auth hello timedout ...
failure in migration to another Auth : migrationFailureCount: 2
Handler: Error in secure comm - details: Error occurred in migration request: Auth hello timedout ...
Distribution protocol: TCP
Resp-actual/expected/ratio/ts: 8 14 0.5714285714285714 1521584543661
failure in connection with Auth : authFailureCount: 6
failure count reached threshold (2), try migration...
reached migration failure threshold, rotate migration info index from: 3
to: 4
In iotAuth.js migrateToTrustedAuth: 
In iotAuthService.js sendMigrationReqViaTCP: 
Handler: Error in secure comm - details: Error occurred in session key request: Error: connect EHOSTUNREACH 10.0.1.3:21100
failure in migration to another Auth : migrationFailureCount: 1
Handler: Error in secure comm - details: Error occurred in migration request: Error: connect EHOSTUNREACH 10.0.1.2:21100
Handler: Error in secure comm - details: Auth hello timedout ...
failure in migration to another Auth : migrationFailureCount: 2
Handler: Error in secure comm - details: Error occurred in migration request: Auth hello timedout ...
Distribution protocol: TCP
Resp-actual/expected/ratio/ts: 8 15 0.5333333333333333 1521584603668
failure in connection with Auth : authFailureCount: 7
failure count reached threshold (2), try migration...
reached migration failure threshold, rotate migration info index from: 4
to: 5
In iotAuth.js migrateToTrustedAuth: 
In iotAuthService.js sendMigrationReqViaTCP: 
Handler: Error in secure comm - details: Error occurred in session key request: Error: connect EHOSTUNREACH 10.0.1.3:21100
connected to auth! from local port 59114
Handler: Error in secure comm - details: Auth hello timedout ...
failure in migration to another Auth : migrationFailureCount: 1
Handler: Error in secure comm - details: Error occurred in migration request: Auth hello timedout ...
Distribution protocol: TCP
Resp-actual/expected/ratio/ts: 8 16 0.5 1521584663675
failure in connection with Auth : authFailureCount: 8
failure count reached threshold (2), try migration...
In iotAuth.js migrateToTrustedAuth: 
In iotAuthService.js sendMigrationReqViaTCP: 
Handler: Error in secure comm - details: Error occurred in session key request: Error: connect EHOSTUNREACH 10.0.1.3:21100
connected to auth! from local port 59310
Handler: Error in secure comm - details: Auth hello timedout ...
failure in migration to another Auth : migrationFailureCount: 2
Handler: Error in secure comm - details: Error occurred in migration request: Auth hello timedout ...
Distribution protocol: TCP
Resp-actual/expected/ratio/ts: 8 17 0.47058823529411764 1521584723683
failure in connection with Auth : authFailureCount: 9
failure count reached threshold (2), try migration...
reached migration failure threshold, rotate migration info index from: 5
to: 6
Failed to migrate! host/port of current Auth is the same as host of the Auth which we migrate to
Handler: Error in secure comm - details: Error occurred in session key request: Error: connect EHOSTUNREACH 10.0.1.3:21100
Handler: Error in secure comm - details: Auth hello timedout ...
Distribution protocol: TCP
Resp-actual/expected/ratio/ts: 8 18 0.4444444444444444 1521584783693
failure in connection with Auth : authFailureCount: 10
failure count reached threshold (2), try migration...
Failed to migrate! host/port of current Auth is the same as host of the Auth which we migrate to
Handler: Error in secure comm - details: Error occurred in session key request: Error: connect EHOSTUNREACH 10.0.1.3:21100
Handler: Error in secure comm - details: Auth hello timedout ...
Distribution protocol: TCP
Resp-actual/expected/ratio/ts: 8 19 0.42105263157894735 1521584843703
failure in connection with Auth : authFailureCount: 11
failure count reached threshold (2), try migration...
Failed to migrate! host/port of current Auth is the same as host of the Auth which we migrate to
Handler: Error in secure comm - details: Error occurred in session key request: Error: connect EHOSTUNREACH 10.0.1.3:21100
Handler: Error in secure comm - details: Auth hello timedout ...
Distribution protocol: TCP
Resp-actual/expected/ratio/ts: 8 20 0.4 1521584903713
failure in connection with Auth : authFailureCount: 12
failure count reached threshold (2), try migration...
Failed to migrate! host/port of current Auth is the same as host of the Auth which we migrate to
Handler: Error in secure comm - details: Error occurred in session key request: Error: connect EHOSTUNREACH 10.0.1.3:21100
Handler: Error in secure comm - details: Auth hello timedout ...
Distribution protocol: TCP
Resp-actual/expected/ratio/ts: 8 21 0.38095238095238093 1521584963723
failure in connection with Auth : authFailureCount: 13
failure count reached threshold (2), try migration...
Failed to migrate! host/port of current Auth is the same as host of the Auth which we migrate to
Handler: Error in secure comm - details: Error occurred in session key request: Error: connect EHOSTUNREACH 10.0.1.3:21100
Handler: Error in secure comm - details: Auth hello timedout ...
Distribution protocol: TCP
Resp-actual/expected/ratio/ts: 8 22 0.36363636363636365 1521585023734
failure in connection with Auth : authFailureCount: 14
failure count reached threshold (2), try migration...
Failed to migrate! host/port of current Auth is the same as host of the Auth which we migrate to
Handler: Error in secure comm - details: Error occurred in session key request: Error: connect EHOSTUNREACH 10.0.1.3:21100
Handler: Error in secure comm - details: Auth hello timedout ...
Distribution protocol: TCP
Resp-actual/expected/ratio/ts: 8 23 0.34782608695652173 1521585083743
failure in connection with Auth : authFailureCount: 15
failure count reached threshold (2), try migration...
Failed to migrate! host/port of current Auth is the same as host of the Auth which we migrate to
Handler: Error in secure comm - details: Error occurred in session key request: Error: connect EHOSTUNREACH 10.0.1.3:21100
Handler: Error in secure comm - details: Auth hello timedout ...
Distribution protocol: TCP
Resp-actual/expected/ratio/ts: 8 24 0.3333333333333333 1521585143754
failure in connection with Auth : authFailureCount: 16
failure count reached threshold (2), try migration...
Failed to migrate! host/port of current Auth is the same as host of the Auth which we migrate to
Handler: Error in secure comm - details: Error occurred in session key request: Error: connect EHOSTUNREACH 10.0.1.3:21100
Handler: Error in secure comm - details: Auth hello timedout ...
Distribution protocol: TCP
Resp-actual/expected/ratio/ts: 8 25 0.32 1521585203764
failure in connection with Auth : authFailureCount: 17
failure count reached threshold (2), try migration...
Failed to migrate! host/port of current Auth is the same as host of the Auth which we migrate to
Handler: Error in secure comm - details: Error occurred in session key request: Error: connect EHOSTUNREACH 10.0.1.3:21100
Handler: Error in secure comm - details: Auth hello timedout ...
Distribution protocol: TCP
Resp-actual/expected/ratio/ts: 8 26 0.3076923076923077 1521585263774
failure in connection with Auth : authFailureCount: 18
failure count reached threshold (2), try migration...
Failed to migrate! host/port of current Auth is the same as host of the Auth which we migrate to
Handler: Error in secure comm - details: Error occurred in session key request: Error: connect EHOSTUNREACH 10.0.1.3:21100
Handler: Error in secure comm - details: Auth hello timedout ...
Distribution protocol: TCP
Resp-actual/expected/ratio/ts: 8 27 0.2962962962962963 1521585323783
failure in connection with Auth : authFailureCount: 19
failure count reached threshold (2), try migration...
Failed to migrate! host/port of current Auth is the same as host of the Auth which we migrate to
Handler: Error in secure comm - details: Error occurred in session key request: Error: connect EHOSTUNREACH 10.0.1.3:21100
Handler: Error in secure comm - details: Auth hello timedout ...
Distribution protocol: TCP
Resp-actual/expected/ratio/ts: 8 28 0.2857142857142857 1521585383793
failure in connection with Auth : authFailureCount: 20
failure count reached threshold (2), try migration...
Failed to migrate! host/port of current Auth is the same as host of the Auth which we migrate to
Handler: Error in secure comm - details: Error occurred in session key request: Error: connect EHOSTUNREACH 10.0.1.3:21100
Handler: Error in secure comm - details: Auth hello timedout ...
Distribution protocol: TCP
Resp-actual/expected/ratio/ts: 8 29 0.27586206896551724 1521585443801
failure in connection with Auth : authFailureCount: 21
failure count reached threshold (2), try migration...
Failed to migrate! host/port of current Auth is the same as host of the Auth which we migrate to
Handler: Error in secure comm - details: Error occurred in session key request: Error: connect EHOSTUNREACH 10.0.1.3:21100
