changing working directory to: /home/hokeunkim/Development/iotauth/entity/node/example_entities
loading from config file: /home/hokeunkim/Development/iotauth_experiments/experiments/ccs2017/expOptions/expEntity.option
Experimental options for autoClient: { autoSendPeriod: 60000,
  useSameSessionKeyCount: 1,
  connectionTimeout: 50000,
  migrationEnabled: true,
  authFailureThreshold: 2,
  migrationFailureThreshold: 2 }
loading from config file: /home/hokeunkim/Development/iotauth/entity/node/example_entities/configs/Clients/c515.config
initializing...
current parameters: { numKeysPerRequest: 3,
  migrationEnabled: false,
  authFailureThreshold: 3,
  migrationFailureThreshold: 3 }
current parameters: { numKeysPerRequest: 1,
  migrationEnabled: false,
  authFailureThreshold: 3,
  migrationFailureThreshold: 3 }
current parameters: { numKeysPerRequest: 1,
  migrationEnabled: true,
  authFailureThreshold: 3,
  migrationFailureThreshold: 3 }
current parameters: { numKeysPerRequest: 1,
  migrationEnabled: true,
  authFailureThreshold: 2,
  migrationFailureThreshold: 3 }
current parameters: { numKeysPerRequest: 1,
  migrationEnabled: true,
  authFailureThreshold: 2,
  migrationFailureThreshold: 2 }
current entityInfo: { name: 'c515',
  group: 'Clients',
  distProtocol: 'TCP',
  usePermanentDistKey: false,
  connectionTimeout: 50000,
  privateKey: <Buffer 2d 2d 2d 2d 2d 42 45 47 49 4e 20 52 53 41 20 50 52 49 56 41 54 45 20 4b 45 59 2d 2d 2d 2d 2d 0a 4d 49 49 45 70 41 49 42 41 41 4b 43 41 51 45 41 30 62 ... > }
Distribution protocol: TCP
Resp-actual/expected/ratio/ts: 0 1 0 1521611322989
connected to auth! from local port 38608
received auth hello!
{ authId: 502, nonce: <Buffer 92 7f b1 31 5a 4c 3c d8> }
received session key response with distribution key attached!
auth signature verified
replyNonce in sessionKeyResp: <Buffer 29 b3 7f 2f b9 c0 3b e2>
auth nonce verified
handleSessionKeyResp: session key request succeeded! authFailureCount: 0
updating distribution key: { cipherKeyVal: <Buffer c7 b6 c9 52 d4 48 38 6c da d3 e9 84 e5 93 41 7f>,
  macKeyVal: <Buffer f8 1f 42 13 cf bd f3 8e 2a 1a a6 4d 81 05 a2 82 d0 a0 c7 e7 75 e2 4b d1 07 a1 7b 36 21 90 b3 0d>,
  absValidity: 2018-03-21T06:48:43.173Z }
received 1 keys
currentSessionKey: [object Object]
Session protocol: TCP
chosen commSessionKey: 
{ id: 50200505,
  cipherKeyVal: <Buffer 31 47 2c 6b 9d f4 19 b1 8b f1 99 17 96 ba d5 cf>,
  macKeyVal: <Buffer 42 c0 55 77 35 12 9a 98 c0 45 07 d4 ed f4 6e 9c 39 b7 ed d2 59 60 6a d4 b7 19 64 37 8a c1 09 15>,
  absValidity: 2018-03-22T05:48:43.173Z,
  relValidity: 7200000 }
options
{ serverHost: '10.0.1.34',
  serverPort: 22100,
  sessionKey: 
   { id: 50200505,
     cipherKeyVal: <Buffer 31 47 2c 6b 9d f4 19 b1 8b f1 99 17 96 ba d5 cf>,
     macKeyVal: <Buffer 42 c0 55 77 35 12 9a 98 c0 45 07 d4 ed f4 6e 9c 39 b7 ed d2 59 60 6a d4 b7 19 64 37 8a c1 09 15>,
     absValidity: 2018-03-22T05:48:43.173Z,
     relValidity: 7200000 },
  sessionCryptoSpec: { cipher: 'AES-128-CBC', mac: 'SHA256' },
  sessionProtocol: 'TCP',
  handshakeTimeout: 50000 }
disconnected from auth
chosen nonce: <Buffer f8 6f e5 d0 17 9f 63 b2>
switching to HANDSHAKE_1_SENT
received session key handshake2!
client ret: [object Object]
server authenticated/authorized by solving nonce!
Handler: communication initialization succeeded
file data length: 1024
sending at Wed Mar 21 2018 05:48:45 GMT+0000 (UTC)
switching to IN_COMM
received secure communication message!
Received seqNum: 0
Handler: data received from server via secure communication
data1
Resp-actual/expected/ratio/ts: 1 1 1 1521611325576
Distribution protocol: TCP
Resp-actual/expected/ratio/ts: 1 2 0.5 1521611383047
connected to auth! from local port 38880
received auth hello!
{ authId: 502, nonce: <Buffer 7d c4 98 ad 07 9f f5 3b> }
received session key response encrypted with distribution key
replyNonce in sessionKeyResp: <Buffer 5e 37 5c d0 67 56 aa 7e>
auth nonce verified
handleSessionKeyResp: session key request succeeded! authFailureCount: 0
received 1 keys
currentSessionKey: [object Object]
Status: Secure connection closed before starting a new connection.
Session protocol: TCP
chosen commSessionKey: 
{ id: 50200512,
  cipherKeyVal: <Buffer ea dd 78 d6 a9 bf 92 4c 54 2c cd 15 81 e4 8c bd>,
  macKeyVal: <Buffer 41 1a e3 f4 08 41 37 12 5f 0f 90 98 80 0e a4 54 8f b3 13 f0 af f0 6b 1d de 70 ed 0b 1a ce 0d 1d>,
  absValidity: 2018-03-22T05:49:43.200Z,
  relValidity: 7200000 }
options
{ serverHost: '10.0.1.34',
  serverPort: 22100,
  sessionKey: 
   { id: 50200512,
     cipherKeyVal: <Buffer ea dd 78 d6 a9 bf 92 4c 54 2c cd 15 81 e4 8c bd>,
     macKeyVal: <Buffer 41 1a e3 f4 08 41 37 12 5f 0f 90 98 80 0e a4 54 8f b3 13 f0 af f0 6b 1d de 70 ed 0b 1a ce 0d 1d>,
     absValidity: 2018-03-22T05:49:43.200Z,
     relValidity: 7200000 },
  sessionCryptoSpec: { cipher: 'AES-128-CBC', mac: 'SHA256' },
  sessionProtocol: 'TCP',
  handshakeTimeout: 50000 }
chosen nonce: <Buffer ca 8e 4e c6 2b 88 21 60>
switching to HANDSHAKE_1_SENT
disconnected from auth
Handler: secure connection with the server closed.
received session key handshake2!
client ret: [object Object]
server authenticated/authorized by solving nonce!
Handler: communication initialization succeeded
file data length: 1024
sending at Wed Mar 21 2018 05:49:45 GMT+0000 (UTC)
switching to IN_COMM
received secure communication message!
Received seqNum: 0
Handler: data received from server via secure communication
data1
Resp-actual/expected/ratio/ts: 2 2 1 1521611385510
Distribution protocol: TCP
Resp-actual/expected/ratio/ts: 2 3 0.6666666666666666 1521611443101
connected to auth! from local port 39150
received auth hello!
{ authId: 502, nonce: <Buffer 95 4b 22 86 e3 25 39 3e> }
received session key response encrypted with distribution key
replyNonce in sessionKeyResp: <Buffer 39 31 9e 7c 0a f4 31 c5>
auth nonce verified
handleSessionKeyResp: session key request succeeded! authFailureCount: 0
received 1 keys
currentSessionKey: [object Object]
Status: Secure connection closed before starting a new connection.
Session protocol: TCP
chosen commSessionKey: 
{ id: 50200519,
  cipherKeyVal: <Buffer 78 81 e0 5b 75 08 52 fa 0e 91 b2 4e 7e 2b 9c b4>,
  macKeyVal: <Buffer 59 7a 4c 2a 6c 2c af 76 8a 5b 10 c9 a4 a7 bb 68 30 80 d4 58 94 a2 11 7b e0 3d e2 3b 3e 35 b7 c7>,
  absValidity: 2018-03-22T05:50:43.248Z,
  relValidity: 7200000 }
options
{ serverHost: '10.0.1.34',
  serverPort: 22100,
  sessionKey: 
   { id: 50200519,
     cipherKeyVal: <Buffer 78 81 e0 5b 75 08 52 fa 0e 91 b2 4e 7e 2b 9c b4>,
     macKeyVal: <Buffer 59 7a 4c 2a 6c 2c af 76 8a 5b 10 c9 a4 a7 bb 68 30 80 d4 58 94 a2 11 7b e0 3d e2 3b 3e 35 b7 c7>,
     absValidity: 2018-03-22T05:50:43.248Z,
     relValidity: 7200000 },
  sessionCryptoSpec: { cipher: 'AES-128-CBC', mac: 'SHA256' },
  sessionProtocol: 'TCP',
  handshakeTimeout: 50000 }
chosen nonce: <Buffer 6b 74 e5 84 9c 12 d1 db>
switching to HANDSHAKE_1_SENT
disconnected from auth
Handler: secure connection with the server closed.
received session key handshake2!
client ret: [object Object]
server authenticated/authorized by solving nonce!
Handler: communication initialization succeeded
file data length: 1024
sending at Wed Mar 21 2018 05:50:45 GMT+0000 (UTC)
switching to IN_COMM
received secure communication message!
Received seqNum: 0
Handler: data received from server via secure communication
data1
Resp-actual/expected/ratio/ts: 3 3 1 1521611445543
Distribution protocol: TCP
Resp-actual/expected/ratio/ts: 3 4 0.75 1521611503130
connected to auth! from local port 39420
received auth hello!
{ authId: 502, nonce: <Buffer 1d 4a ad 00 d8 d9 87 53> }
received session key response encrypted with distribution key
replyNonce in sessionKeyResp: <Buffer f2 a8 9b e0 9b 97 46 9d>
auth nonce verified
handleSessionKeyResp: session key request succeeded! authFailureCount: 0
received 1 keys
currentSessionKey: [object Object]
Status: Secure connection closed before starting a new connection.
Session protocol: TCP
chosen commSessionKey: 
{ id: 50200526,
  cipherKeyVal: <Buffer a7 a1 76 a0 32 7a e5 24 de a2 fa 1a 75 de 1f b1>,
  macKeyVal: <Buffer fb 43 dd 66 5d 19 90 25 95 9e 7f 6c d6 60 92 e6 c3 c9 af b3 bc ad a5 e3 5d 2d 02 3a b8 37 89 ab>,
  absValidity: 2018-03-22T05:51:43.251Z,
  relValidity: 7200000 }
options
{ serverHost: '10.0.1.34',
  serverPort: 22100,
  sessionKey: 
   { id: 50200526,
     cipherKeyVal: <Buffer a7 a1 76 a0 32 7a e5 24 de a2 fa 1a 75 de 1f b1>,
     macKeyVal: <Buffer fb 43 dd 66 5d 19 90 25 95 9e 7f 6c d6 60 92 e6 c3 c9 af b3 bc ad a5 e3 5d 2d 02 3a b8 37 89 ab>,
     absValidity: 2018-03-22T05:51:43.251Z,
     relValidity: 7200000 },
  sessionCryptoSpec: { cipher: 'AES-128-CBC', mac: 'SHA256' },
  sessionProtocol: 'TCP',
  handshakeTimeout: 50000 }
chosen nonce: <Buffer e5 7d 5b b3 36 ea cf ad>
switching to HANDSHAKE_1_SENT
Handler: secure connection with the server closed.
disconnected from auth
received session key handshake2!
client ret: [object Object]
server authenticated/authorized by solving nonce!
Handler: communication initialization succeeded
file data length: 1024
sending at Wed Mar 21 2018 05:51:45 GMT+0000 (UTC)
switching to IN_COMM
received secure communication message!
Received seqNum: 0
Handler: data received from server via secure communication
data1
Resp-actual/expected/ratio/ts: 4 4 1 1521611505624
Distribution protocol: TCP
Resp-actual/expected/ratio/ts: 4 5 0.8 1521611563188
connected to auth! from local port 39690
received auth hello!
{ authId: 502, nonce: <Buffer 9c e1 d0 bb 10 92 02 53> }
received session key response encrypted with distribution key
replyNonce in sessionKeyResp: <Buffer 3b e3 d7 07 0b 89 6b 13>
auth nonce verified
handleSessionKeyResp: session key request succeeded! authFailureCount: 0
received 1 keys
currentSessionKey: [object Object]
Status: Secure connection closed before starting a new connection.
Session protocol: TCP
chosen commSessionKey: 
{ id: 50200533,
  cipherKeyVal: <Buffer 49 5b 5b 90 34 9a d1 36 7a fb e1 d8 72 e4 2d be>,
  macKeyVal: <Buffer 6d 42 1b b3 d1 be 11 62 4f 3b 0c cb b6 37 cb ef d8 b3 35 15 1f 85 d7 7d 3e 25 60 78 7b 37 58 37>,
  absValidity: 2018-03-22T05:52:43.323Z,
  relValidity: 7200000 }
options
{ serverHost: '10.0.1.34',
  serverPort: 22100,
  sessionKey: 
   { id: 50200533,
     cipherKeyVal: <Buffer 49 5b 5b 90 34 9a d1 36 7a fb e1 d8 72 e4 2d be>,
     macKeyVal: <Buffer 6d 42 1b b3 d1 be 11 62 4f 3b 0c cb b6 37 cb ef d8 b3 35 15 1f 85 d7 7d 3e 25 60 78 7b 37 58 37>,
     absValidity: 2018-03-22T05:52:43.323Z,
     relValidity: 7200000 },
  sessionCryptoSpec: { cipher: 'AES-128-CBC', mac: 'SHA256' },
  sessionProtocol: 'TCP',
  handshakeTimeout: 50000 }
chosen nonce: <Buffer 45 fe 14 04 0f dc 5e 6a>
switching to HANDSHAKE_1_SENT
disconnected from auth
Handler: secure connection with the server closed.
received session key handshake2!
client ret: [object Object]
server authenticated/authorized by solving nonce!
Handler: communication initialization succeeded
file data length: 1024
sending at Wed Mar 21 2018 05:52:45 GMT+0000 (UTC)
switching to IN_COMM
received secure communication message!
Received seqNum: 0
Handler: data received from server via secure communication
data1
Resp-actual/expected/ratio/ts: 5 5 1 1521611565635
Distribution protocol: TCP
Resp-actual/expected/ratio/ts: 5 6 0.8333333333333334 1521611623232
connected to auth! from local port 39960
received auth hello!
{ authId: 502, nonce: <Buffer 84 fb 89 b1 9c c6 47 32> }
received session key response encrypted with distribution key
replyNonce in sessionKeyResp: <Buffer 4e 80 67 d7 d1 3f 9f 35>
auth nonce verified
handleSessionKeyResp: session key request succeeded! authFailureCount: 0
received 1 keys
currentSessionKey: [object Object]
Status: Secure connection closed before starting a new connection.
Session protocol: TCP
chosen commSessionKey: 
{ id: 50200540,
  cipherKeyVal: <Buffer 65 98 07 62 c3 aa 64 5a fd 9b ef 0a b2 b5 b9 5a>,
  macKeyVal: <Buffer e0 86 e7 01 d3 d7 3a 13 f4 4a be fb 09 76 1a 7a 9a cd dd 38 35 ec 9e 56 7a c6 92 1e f8 46 d7 33>,
  absValidity: 2018-03-22T05:53:43.371Z,
  relValidity: 7200000 }
options
{ serverHost: '10.0.1.34',
  serverPort: 22100,
  sessionKey: 
   { id: 50200540,
     cipherKeyVal: <Buffer 65 98 07 62 c3 aa 64 5a fd 9b ef 0a b2 b5 b9 5a>,
     macKeyVal: <Buffer e0 86 e7 01 d3 d7 3a 13 f4 4a be fb 09 76 1a 7a 9a cd dd 38 35 ec 9e 56 7a c6 92 1e f8 46 d7 33>,
     absValidity: 2018-03-22T05:53:43.371Z,
     relValidity: 7200000 },
  sessionCryptoSpec: { cipher: 'AES-128-CBC', mac: 'SHA256' },
  sessionProtocol: 'TCP',
  handshakeTimeout: 50000 }
chosen nonce: <Buffer 30 14 c1 a1 d5 db c2 a6>
switching to HANDSHAKE_1_SENT
disconnected from auth
Handler: secure connection with the server closed.
received session key handshake2!
client ret: [object Object]
server authenticated/authorized by solving nonce!
Handler: communication initialization succeeded
file data length: 1024
sending at Wed Mar 21 2018 05:53:45 GMT+0000 (UTC)
switching to IN_COMM
received secure communication message!
Received seqNum: 0
Handler: data received from server via secure communication
data1
Resp-actual/expected/ratio/ts: 6 6 1 1521611625747
Distribution protocol: TCP
Resp-actual/expected/ratio/ts: 6 7 0.8571428571428571 1521611683289
connected to auth! from local port 40226
received auth hello!
{ authId: 502, nonce: <Buffer f0 ab 5f 81 d7 e5 75 16> }
received session key response encrypted with distribution key
replyNonce in sessionKeyResp: <Buffer 50 d4 5c 79 f4 8f 69 ce>
auth nonce verified
handleSessionKeyResp: session key request succeeded! authFailureCount: 0
received 1 keys
currentSessionKey: [object Object]
Status: Secure connection closed before starting a new connection.
Session protocol: TCP
chosen commSessionKey: 
{ id: 50200547,
  cipherKeyVal: <Buffer 63 60 a4 a6 28 01 ec fd a6 50 1d 1b 32 6e eb 45>,
  macKeyVal: <Buffer 5f 74 f4 f0 1b ca b3 99 4f ab 63 88 a8 20 e9 09 f7 20 10 aa 85 13 05 c8 5d 00 f3 85 0a 43 aa 5e>,
  absValidity: 2018-03-22T05:54:43.453Z,
  relValidity: 7200000 }
options
{ serverHost: '10.0.1.34',
  serverPort: 22100,
  sessionKey: 
   { id: 50200547,
     cipherKeyVal: <Buffer 63 60 a4 a6 28 01 ec fd a6 50 1d 1b 32 6e eb 45>,
     macKeyVal: <Buffer 5f 74 f4 f0 1b ca b3 99 4f ab 63 88 a8 20 e9 09 f7 20 10 aa 85 13 05 c8 5d 00 f3 85 0a 43 aa 5e>,
     absValidity: 2018-03-22T05:54:43.453Z,
     relValidity: 7200000 },
  sessionCryptoSpec: { cipher: 'AES-128-CBC', mac: 'SHA256' },
  sessionProtocol: 'TCP',
  handshakeTimeout: 50000 }
chosen nonce: <Buffer e5 bf 70 53 04 06 8c 3d>
switching to HANDSHAKE_1_SENT
disconnected from auth
Handler: secure connection with the server closed.
received session key handshake2!
client ret: [object Object]
server authenticated/authorized by solving nonce!
Handler: communication initialization succeeded
file data length: 1024
sending at Wed Mar 21 2018 05:54:45 GMT+0000 (UTC)
switching to IN_COMM
received secure communication message!
Received seqNum: 0
Handler: data received from server via secure communication
data1
Resp-actual/expected/ratio/ts: 7 7 1 1521611685735
Distribution protocol: TCP
Resp-actual/expected/ratio/ts: 7 8 0.875 1521611743346
connected to auth! from local port 40412
received auth hello!
{ authId: 502, nonce: <Buffer 9e 2e 95 48 49 68 84 54> }
received session key response encrypted with distribution key
replyNonce in sessionKeyResp: <Buffer df 7f 99 dd 8c 36 79 7e>
auth nonce verified
handleSessionKeyResp: session key request succeeded! authFailureCount: 0
received 1 keys
currentSessionKey: [object Object]
Status: Secure connection closed before starting a new connection.
Session protocol: TCP
chosen commSessionKey: 
{ id: 50200554,
  cipherKeyVal: <Buffer 85 88 c3 db 56 fe fd ad 1d b9 d6 e4 79 0e 3e 11>,
  macKeyVal: <Buffer 58 c1 48 c0 52 b0 82 4b bb 07 15 07 80 3e 2e a5 19 c4 5b f4 9c 0e bd c0 c0 7b c8 fd b1 95 db 7b>,
  absValidity: 2018-03-22T05:55:43.475Z,
  relValidity: 7200000 }
options
{ serverHost: '10.0.1.34',
  serverPort: 22100,
  sessionKey: 
   { id: 50200554,
     cipherKeyVal: <Buffer 85 88 c3 db 56 fe fd ad 1d b9 d6 e4 79 0e 3e 11>,
     macKeyVal: <Buffer 58 c1 48 c0 52 b0 82 4b bb 07 15 07 80 3e 2e a5 19 c4 5b f4 9c 0e bd c0 c0 7b c8 fd b1 95 db 7b>,
     absValidity: 2018-03-22T05:55:43.475Z,
     relValidity: 7200000 },
  sessionCryptoSpec: { cipher: 'AES-128-CBC', mac: 'SHA256' },
  sessionProtocol: 'TCP',
  handshakeTimeout: 50000 }
chosen nonce: <Buffer f4 89 82 ee fb 1f 86 4a>
switching to HANDSHAKE_1_SENT
disconnected from auth
Handler: secure connection with the server closed.
received session key handshake2!
client ret: [object Object]
server authenticated/authorized by solving nonce!
Handler: communication initialization succeeded
file data length: 1024
sending at Wed Mar 21 2018 05:55:45 GMT+0000 (UTC)
switching to IN_COMM
received secure communication message!
Received seqNum: 0
Handler: data received from server via secure communication
data1
Resp-actual/expected/ratio/ts: 8 8 1 1521611745627
Distribution protocol: TCP
Resp-actual/expected/ratio/ts: 8 9 0.8888888888888888 1521611803404
connected to auth! from local port 40640
received auth hello!
{ authId: 502, nonce: <Buffer ae 96 57 fa 96 ae 35 d8> }
received session key response encrypted with distribution key
replyNonce in sessionKeyResp: <Buffer a7 5d 95 64 5e 43 2e b4>
auth nonce verified
handleSessionKeyResp: session key request succeeded! authFailureCount: 0
received 1 keys
currentSessionKey: [object Object]
Status: Secure connection closed before starting a new connection.
Session protocol: TCP
chosen commSessionKey: 
{ id: 50200561,
  cipherKeyVal: <Buffer 92 e8 c0 39 99 cf b5 3b d9 fe 36 a2 f7 e8 b8 36>,
  macKeyVal: <Buffer 4a 71 ed 97 a7 9d 3d 42 f8 ca e3 73 5e dd 92 12 90 a6 8a 97 44 13 0c 7e dd 87 79 5b 7c f0 d7 3a>,
  absValidity: 2018-03-22T05:56:45.233Z,
  relValidity: 7200000 }
options
{ serverHost: '10.0.1.34',
  serverPort: 22100,
  sessionKey: 
   { id: 50200561,
     cipherKeyVal: <Buffer 92 e8 c0 39 99 cf b5 3b d9 fe 36 a2 f7 e8 b8 36>,
     macKeyVal: <Buffer 4a 71 ed 97 a7 9d 3d 42 f8 ca e3 73 5e dd 92 12 90 a6 8a 97 44 13 0c 7e dd 87 79 5b 7c f0 d7 3a>,
     absValidity: 2018-03-22T05:56:45.233Z,
     relValidity: 7200000 },
  sessionCryptoSpec: { cipher: 'AES-128-CBC', mac: 'SHA256' },
  sessionProtocol: 'TCP',
  handshakeTimeout: 50000 }
chosen nonce: <Buffer 14 74 7e 43 e9 9a ed 4e>
switching to HANDSHAKE_1_SENT
disconnected from auth
Handler: secure connection with the server closed.
received session key handshake2!
client ret: [object Object]
server authenticated/authorized by solving nonce!
Handler: communication initialization succeeded
file data length: 1024
sending at Wed Mar 21 2018 05:56:47 GMT+0000 (UTC)
switching to IN_COMM
received secure communication message!
Received seqNum: 0
Handler: data received from server via secure communication
data1
Resp-actual/expected/ratio/ts: 9 9 1 1521611808262
Distribution protocol: TCP
Resp-actual/expected/ratio/ts: 9 10 0.9 1521611863457
connected to auth! from local port 40916
received auth hello!
{ authId: 502, nonce: <Buffer 6c 10 54 28 1e f5 e7 7f> }
received session key response encrypted with distribution key
replyNonce in sessionKeyResp: <Buffer c9 b1 06 55 0b fa f7 98>
auth nonce verified
handleSessionKeyResp: session key request succeeded! authFailureCount: 0
received 1 keys
currentSessionKey: [object Object]
Status: Secure connection closed before starting a new connection.
Session protocol: TCP
chosen commSessionKey: 
{ id: 50200574,
  cipherKeyVal: <Buffer 87 e1 f8 bc 1c 83 cd c0 d4 a7 b7 c4 e0 df 70 e4>,
  macKeyVal: <Buffer d1 f3 de 67 85 0c a2 87 88 e8 f6 3f 42 65 78 be 1e ae 44 63 f0 ce 1c f9 cd d8 bc fd 49 60 fa e8>,
  absValidity: 2018-03-22T05:57:43.621Z,
  relValidity: 7200000 }
options
{ serverHost: '10.0.1.34',
  serverPort: 22100,
  sessionKey: 
   { id: 50200574,
     cipherKeyVal: <Buffer 87 e1 f8 bc 1c 83 cd c0 d4 a7 b7 c4 e0 df 70 e4>,
     macKeyVal: <Buffer d1 f3 de 67 85 0c a2 87 88 e8 f6 3f 42 65 78 be 1e ae 44 63 f0 ce 1c f9 cd d8 bc fd 49 60 fa e8>,
     absValidity: 2018-03-22T05:57:43.621Z,
     relValidity: 7200000 },
  sessionCryptoSpec: { cipher: 'AES-128-CBC', mac: 'SHA256' },
  sessionProtocol: 'TCP',
  handshakeTimeout: 50000 }
chosen nonce: <Buffer a5 7e b0 bb f9 40 fd cf>
switching to HANDSHAKE_1_SENT
disconnected from auth
Handler: secure connection with the server closed.
received session key handshake2!
client ret: [object Object]
server authenticated/authorized by solving nonce!
Handler: communication initialization succeeded
file data length: 1024
sending at Wed Mar 21 2018 05:57:45 GMT+0000 (UTC)
switching to IN_COMM
received secure communication message!
Received seqNum: 0
Handler: data received from server via secure communication
data1
Resp-actual/expected/ratio/ts: 10 10 1 1521611865776
Distribution protocol: TCP
Resp-actual/expected/ratio/ts: 10 11 0.9090909090909091 1521611923505
connected to auth! from local port 41212
received auth hello!
{ authId: 502, nonce: <Buffer ab 9c 79 99 2c 41 05 2b> }
received session key response encrypted with distribution key
replyNonce in sessionKeyResp: <Buffer 10 4d 15 99 e1 12 20 12>
auth nonce verified
handleSessionKeyResp: session key request succeeded! authFailureCount: 0
received 1 keys
currentSessionKey: [object Object]
Status: Secure connection closed before starting a new connection.
Session protocol: TCP
chosen commSessionKey: 
{ id: 50200587,
  cipherKeyVal: <Buffer 10 80 dc 24 45 f0 08 31 d8 e1 b5 64 b6 3b b7 69>,
  macKeyVal: <Buffer d2 27 5b c3 9f 14 8b 6b 9b a2 0e 66 f0 fc a6 5c d8 b4 35 95 e6 f7 a9 a5 5f 69 5d 38 7c 59 94 39>,
  absValidity: 2018-03-22T05:58:45.417Z,
  relValidity: 7200000 }
options
{ serverHost: '10.0.1.34',
  serverPort: 22100,
  sessionKey: 
   { id: 50200587,
     cipherKeyVal: <Buffer 10 80 dc 24 45 f0 08 31 d8 e1 b5 64 b6 3b b7 69>,
     macKeyVal: <Buffer d2 27 5b c3 9f 14 8b 6b 9b a2 0e 66 f0 fc a6 5c d8 b4 35 95 e6 f7 a9 a5 5f 69 5d 38 7c 59 94 39>,
     absValidity: 2018-03-22T05:58:45.417Z,
     relValidity: 7200000 },
  sessionCryptoSpec: { cipher: 'AES-128-CBC', mac: 'SHA256' },
  sessionProtocol: 'TCP',
  handshakeTimeout: 50000 }
chosen nonce: <Buffer eb a9 d4 91 03 5a 2e e4>
switching to HANDSHAKE_1_SENT
disconnected from auth
Handler: secure connection with the server closed.
received session key handshake2!
client ret: [object Object]
server authenticated/authorized by solving nonce!
Handler: communication initialization succeeded
file data length: 1024
sending at Wed Mar 21 2018 05:58:48 GMT+0000 (UTC)
switching to IN_COMM
received secure communication message!
Received seqNum: 0
Handler: data received from server via secure communication
data1
Resp-actual/expected/ratio/ts: 11 11 1 1521611928514
Distribution protocol: TCP
Resp-actual/expected/ratio/ts: 11 12 0.9166666666666666 1521611983561
connected to auth! from local port 41476
received auth hello!
{ authId: 502, nonce: <Buffer 9c 53 fc 0b 19 74 81 79> }
received session key response encrypted with distribution key
replyNonce in sessionKeyResp: <Buffer 9f 1b ab de f2 e0 8d e7>
auth nonce verified
handleSessionKeyResp: session key request succeeded! authFailureCount: 0
received 1 keys
currentSessionKey: [object Object]
Status: Secure connection closed before starting a new connection.
Session protocol: TCP
chosen commSessionKey: 
{ id: 50200600,
  cipherKeyVal: <Buffer 76 bd 47 0d c0 cf 19 b0 e9 d9 88 90 8a 62 9d d0>,
  macKeyVal: <Buffer 45 1f 6a b8 17 ba 62 e8 46 50 72 7e a2 37 d9 6a f5 d5 a7 e9 c1 45 ff 6e 5e 15 59 49 8d 22 0f 51>,
  absValidity: 2018-03-22T05:59:45.470Z,
  relValidity: 7200000 }
options
{ serverHost: '10.0.1.34',
  serverPort: 22100,
  sessionKey: 
   { id: 50200600,
     cipherKeyVal: <Buffer 76 bd 47 0d c0 cf 19 b0 e9 d9 88 90 8a 62 9d d0>,
     macKeyVal: <Buffer 45 1f 6a b8 17 ba 62 e8 46 50 72 7e a2 37 d9 6a f5 d5 a7 e9 c1 45 ff 6e 5e 15 59 49 8d 22 0f 51>,
     absValidity: 2018-03-22T05:59:45.470Z,
     relValidity: 7200000 },
  sessionCryptoSpec: { cipher: 'AES-128-CBC', mac: 'SHA256' },
  sessionProtocol: 'TCP',
  handshakeTimeout: 50000 }
chosen nonce: <Buffer a3 b5 7a 2c 5d 64 ff 67>
switching to HANDSHAKE_1_SENT
disconnected from auth
Handler: secure connection with the server closed.
received session key handshake2!
client ret: [object Object]
server authenticated/authorized by solving nonce!
Handler: communication initialization succeeded
file data length: 1024
sending at Wed Mar 21 2018 05:59:48 GMT+0000 (UTC)
switching to IN_COMM
received secure communication message!
Received seqNum: 0
Handler: data received from server via secure communication
data1
Resp-actual/expected/ratio/ts: 12 12 1 1521611988525
Distribution protocol: TCP
Resp-actual/expected/ratio/ts: 12 13 0.9230769230769231 1521612043616
connected to auth! from local port 41742
received auth hello!
{ authId: 502, nonce: <Buffer 92 48 d1 5b b0 ba e7 39> }
received session key response encrypted with distribution key
replyNonce in sessionKeyResp: <Buffer ef 5b 09 18 bb c3 9a 23>
auth nonce verified
handleSessionKeyResp: session key request succeeded! authFailureCount: 0
received 1 keys
currentSessionKey: [object Object]
Status: Secure connection closed before starting a new connection.
Session protocol: TCP
chosen commSessionKey: 
{ id: 50200613,
  cipherKeyVal: <Buffer b2 3f 68 47 a1 63 5c 3b 79 ce 1f e2 f1 e6 f2 82>,
  macKeyVal: <Buffer c3 c7 72 b3 52 13 94 54 55 20 db 59 78 4d 48 fa 0f 6f 72 d8 b9 9a 79 88 ab 55 ce ee 53 97 ef 9a>,
  absValidity: 2018-03-22T06:00:45.265Z,
  relValidity: 7200000 }
options
{ serverHost: '10.0.1.34',
  serverPort: 22100,
  sessionKey: 
   { id: 50200613,
     cipherKeyVal: <Buffer b2 3f 68 47 a1 63 5c 3b 79 ce 1f e2 f1 e6 f2 82>,
     macKeyVal: <Buffer c3 c7 72 b3 52 13 94 54 55 20 db 59 78 4d 48 fa 0f 6f 72 d8 b9 9a 79 88 ab 55 ce ee 53 97 ef 9a>,
     absValidity: 2018-03-22T06:00:45.265Z,
     relValidity: 7200000 },
  sessionCryptoSpec: { cipher: 'AES-128-CBC', mac: 'SHA256' },
  sessionProtocol: 'TCP',
  handshakeTimeout: 50000 }
chosen nonce: <Buffer 8a 44 29 b1 23 ea a5 e7>
switching to HANDSHAKE_1_SENT
disconnected from auth
Handler: secure connection with the server closed.
received session key handshake2!
client ret: [object Object]
server authenticated/authorized by solving nonce!
Handler: communication initialization succeeded
file data length: 1024
sending at Wed Mar 21 2018 06:00:47 GMT+0000 (UTC)
switching to IN_COMM
received secure communication message!
Received seqNum: 0
Handler: data received from server via secure communication
data1
Resp-actual/expected/ratio/ts: 13 13 1 1521612047949
Distribution protocol: TCP
Resp-actual/expected/ratio/ts: 13 14 0.9285714285714286 1521612103669
connected to auth! from local port 42008
received auth hello!
{ authId: 502, nonce: <Buffer df 8a 19 85 5b 84 32 3e> }
received session key response encrypted with distribution key
replyNonce in sessionKeyResp: <Buffer da c1 83 61 c4 49 4d 96>
auth nonce verified
handleSessionKeyResp: session key request succeeded! authFailureCount: 0
received 1 keys
currentSessionKey: [object Object]
Status: Secure connection closed before starting a new connection.
Session protocol: TCP
chosen commSessionKey: 
{ id: 50200626,
  cipherKeyVal: <Buffer a0 fb 59 e4 1f 2b 33 23 0b 7f 42 a1 dd 4d 61 46>,
  macKeyVal: <Buffer a3 fd 73 70 04 13 02 d5 b4 33 8c 57 f9 59 4c 9b 35 fd d1 35 07 1f 21 44 ed b7 f1 02 28 cc 28 48>,
  absValidity: 2018-03-22T06:01:44.244Z,
  relValidity: 7200000 }
options
{ serverHost: '10.0.1.34',
  serverPort: 22100,
  sessionKey: 
   { id: 50200626,
     cipherKeyVal: <Buffer a0 fb 59 e4 1f 2b 33 23 0b 7f 42 a1 dd 4d 61 46>,
     macKeyVal: <Buffer a3 fd 73 70 04 13 02 d5 b4 33 8c 57 f9 59 4c 9b 35 fd d1 35 07 1f 21 44 ed b7 f1 02 28 cc 28 48>,
     absValidity: 2018-03-22T06:01:44.244Z,
     relValidity: 7200000 },
  sessionCryptoSpec: { cipher: 'AES-128-CBC', mac: 'SHA256' },
  sessionProtocol: 'TCP',
  handshakeTimeout: 50000 }
chosen nonce: <Buffer 84 f5 fa 2f 20 6c a2 bc>
switching to HANDSHAKE_1_SENT
disconnected from auth
Handler: secure connection with the server closed.
received session key handshake2!
client ret: [object Object]
server authenticated/authorized by solving nonce!
Handler: communication initialization succeeded
file data length: 1024
sending at Wed Mar 21 2018 06:01:46 GMT+0000 (UTC)
switching to IN_COMM
received secure communication message!
Received seqNum: 0
Handler: data received from server via secure communication
data1
Resp-actual/expected/ratio/ts: 14 14 1 1521612106551
Distribution protocol: TCP
Resp-actual/expected/ratio/ts: 14 15 0.9333333333333333 1521612163727
connected to auth! from local port 42272
received auth hello!
{ authId: 502, nonce: <Buffer b8 82 1c 90 1c 4d f9 7f> }
received session key response encrypted with distribution key
replyNonce in sessionKeyResp: <Buffer 87 de dc 9e 30 1a 7b 65>
auth nonce verified
handleSessionKeyResp: session key request succeeded! authFailureCount: 0
received 1 keys
currentSessionKey: [object Object]
Status: Secure connection closed before starting a new connection.
Session protocol: TCP
chosen commSessionKey: 
{ id: 50200639,
  cipherKeyVal: <Buffer 2f 0a 1a 60 7f b8 60 09 0a d3 e5 8b c6 0a 3e 2d>,
  macKeyVal: <Buffer c0 e5 a5 d2 0b 22 fa 35 b8 42 8b 52 dd 53 87 de b0 66 72 e6 7a 00 1a b4 39 96 80 b6 08 75 3b 30>,
  absValidity: 2018-03-22T06:02:46.926Z,
  relValidity: 7200000 }
options
{ serverHost: '10.0.1.34',
  serverPort: 22100,
  sessionKey: 
   { id: 50200639,
     cipherKeyVal: <Buffer 2f 0a 1a 60 7f b8 60 09 0a d3 e5 8b c6 0a 3e 2d>,
     macKeyVal: <Buffer c0 e5 a5 d2 0b 22 fa 35 b8 42 8b 52 dd 53 87 de b0 66 72 e6 7a 00 1a b4 39 96 80 b6 08 75 3b 30>,
     absValidity: 2018-03-22T06:02:46.926Z,
     relValidity: 7200000 },
  sessionCryptoSpec: { cipher: 'AES-128-CBC', mac: 'SHA256' },
  sessionProtocol: 'TCP',
  handshakeTimeout: 50000 }
chosen nonce: <Buffer 9f 00 b0 d1 8a 51 95 f1>
switching to HANDSHAKE_1_SENT
disconnected from auth
Handler: secure connection with the server closed.
received session key handshake2!
client ret: [object Object]
server authenticated/authorized by solving nonce!
Handler: communication initialization succeeded
file data length: 1024
sending at Wed Mar 21 2018 06:02:51 GMT+0000 (UTC)
switching to IN_COMM
received secure communication message!
Received seqNum: 0
Handler: data received from server via secure communication
data1
Resp-actual/expected/ratio/ts: 15 15 1 1521612171366
Distribution protocol: TCP
Resp-actual/expected/ratio/ts: 15 16 0.9375 1521612223779
connected to auth! from local port 42540
received auth hello!
{ authId: 502, nonce: <Buffer d7 9c aa c1 58 a7 e7 bc> }
received session key response encrypted with distribution key
replyNonce in sessionKeyResp: <Buffer 37 fb 07 2a 29 58 8c 0c>
auth nonce verified
handleSessionKeyResp: session key request succeeded! authFailureCount: 0
received 1 keys
currentSessionKey: [object Object]
Status: Secure connection closed before starting a new connection.
Session protocol: TCP
chosen commSessionKey: 
{ id: 50200652,
  cipherKeyVal: <Buffer 6e 4b 22 68 87 ae 65 83 3a 3d 38 1a c2 5e c0 8a>,
  macKeyVal: <Buffer a6 c9 91 df fb 59 cb f5 3f 34 76 a8 f1 bc 78 2b 80 ec f2 a5 33 b3 a6 d9 9a b9 c3 0d 28 05 c0 a7>,
  absValidity: 2018-03-22T06:03:47.595Z,
  relValidity: 7200000 }
options
{ serverHost: '10.0.1.34',
  serverPort: 22100,
  sessionKey: 
   { id: 50200652,
     cipherKeyVal: <Buffer 6e 4b 22 68 87 ae 65 83 3a 3d 38 1a c2 5e c0 8a>,
     macKeyVal: <Buffer a6 c9 91 df fb 59 cb f5 3f 34 76 a8 f1 bc 78 2b 80 ec f2 a5 33 b3 a6 d9 9a b9 c3 0d 28 05 c0 a7>,
     absValidity: 2018-03-22T06:03:47.595Z,
     relValidity: 7200000 },
  sessionCryptoSpec: { cipher: 'AES-128-CBC', mac: 'SHA256' },
  sessionProtocol: 'TCP',
  handshakeTimeout: 50000 }
chosen nonce: <Buffer bd 35 fa 17 44 a9 98 8c>
switching to HANDSHAKE_1_SENT
disconnected from auth
Handler: secure connection with the server closed.
received session key handshake2!
client ret: [object Object]
server authenticated/authorized by solving nonce!
Handler: communication initialization succeeded
file data length: 1024
sending at Wed Mar 21 2018 06:03:59 GMT+0000 (UTC)
switching to IN_COMM
received secure communication message!
Received seqNum: 0
Handler: data received from server via secure communication
data1
Resp-actual/expected/ratio/ts: 16 16 1 1521612240205
Distribution protocol: TCP
Resp-actual/expected/ratio/ts: 16 17 0.9411764705882353 1521612283822
connected to auth! from local port 42806
received auth hello!
{ authId: 502, nonce: <Buffer 0f 4d 8d 84 90 6a 74 40> }
received session key response encrypted with distribution key
replyNonce in sessionKeyResp: <Buffer aa 23 2d e9 65 f8 1e 31>
auth nonce verified
handleSessionKeyResp: session key request succeeded! authFailureCount: 0
received 1 keys
currentSessionKey: [object Object]
Status: Secure connection closed before starting a new connection.
Session protocol: TCP
chosen commSessionKey: 
{ id: 50200665,
  cipherKeyVal: <Buffer c0 39 87 14 98 56 c5 38 59 3e 7d 0d 5d dc f3 a3>,
  macKeyVal: <Buffer 5c a0 07 83 4c 9e 3f a0 e3 00 a0 af c1 08 b2 9b 54 aa ab 24 a9 7e 68 b5 c2 06 05 f3 4d f6 d9 2c>,
  absValidity: 2018-03-22T06:04:47.666Z,
  relValidity: 7200000 }
options
{ serverHost: '10.0.1.34',
  serverPort: 22100,
  sessionKey: 
   { id: 50200665,
     cipherKeyVal: <Buffer c0 39 87 14 98 56 c5 38 59 3e 7d 0d 5d dc f3 a3>,
     macKeyVal: <Buffer 5c a0 07 83 4c 9e 3f a0 e3 00 a0 af c1 08 b2 9b 54 aa ab 24 a9 7e 68 b5 c2 06 05 f3 4d f6 d9 2c>,
     absValidity: 2018-03-22T06:04:47.666Z,
     relValidity: 7200000 },
  sessionCryptoSpec: { cipher: 'AES-128-CBC', mac: 'SHA256' },
  sessionProtocol: 'TCP',
  handshakeTimeout: 50000 }
chosen nonce: <Buffer a1 5b 81 cd 38 48 7a 72>
switching to HANDSHAKE_1_SENT
disconnected from auth
Handler: secure connection with the server closed.
received session key handshake2!
client ret: [object Object]
server authenticated/authorized by solving nonce!
Handler: communication initialization succeeded
file data length: 1024
sending at Wed Mar 21 2018 06:04:59 GMT+0000 (UTC)
switching to IN_COMM
received secure communication message!
Received seqNum: 0
Handler: data received from server via secure communication
data1
Resp-actual/expected/ratio/ts: 17 17 1 1521612300237
Distribution protocol: TCP
Resp-actual/expected/ratio/ts: 17 18 0.9444444444444444 1521612343865
connected to auth! from local port 43072
received auth hello!
{ authId: 502, nonce: <Buffer a9 a3 c8 f4 f9 d7 2b 48> }
received session key response encrypted with distribution key
replyNonce in sessionKeyResp: <Buffer 6c ca 2d b6 9b f6 26 48>
auth nonce verified
handleSessionKeyResp: session key request succeeded! authFailureCount: 0
received 1 keys
currentSessionKey: [object Object]
Status: Secure connection closed before starting a new connection.
Session protocol: TCP
chosen commSessionKey: 
{ id: 50200678,
  cipherKeyVal: <Buffer 37 49 57 73 26 60 f5 e7 93 05 ae 5b d3 c5 f1 e7>,
  macKeyVal: <Buffer 8a 0c da 18 ef 54 e5 06 55 47 75 1d 62 2e 99 44 73 27 35 ae 87 df 0c d6 29 c9 2e 05 a5 ce ad 04>,
  absValidity: 2018-03-22T06:05:45.302Z,
  relValidity: 7200000 }
options
{ serverHost: '10.0.1.34',
  serverPort: 22100,
  sessionKey: 
   { id: 50200678,
     cipherKeyVal: <Buffer 37 49 57 73 26 60 f5 e7 93 05 ae 5b d3 c5 f1 e7>,
     macKeyVal: <Buffer 8a 0c da 18 ef 54 e5 06 55 47 75 1d 62 2e 99 44 73 27 35 ae 87 df 0c d6 29 c9 2e 05 a5 ce ad 04>,
     absValidity: 2018-03-22T06:05:45.302Z,
     relValidity: 7200000 },
  sessionCryptoSpec: { cipher: 'AES-128-CBC', mac: 'SHA256' },
  sessionProtocol: 'TCP',
  handshakeTimeout: 50000 }
chosen nonce: <Buffer 2f 2e 79 b1 2f 1b a3 d0>
switching to HANDSHAKE_1_SENT
disconnected from auth
Handler: secure connection with the server closed.
received session key handshake2!
client ret: [object Object]
server authenticated/authorized by solving nonce!
Handler: communication initialization succeeded
file data length: 1024
sending at Wed Mar 21 2018 06:05:47 GMT+0000 (UTC)
switching to IN_COMM
received secure communication message!
Received seqNum: 0
Handler: data received from server via secure communication
data1
Resp-actual/expected/ratio/ts: 18 18 1 1521612347947
Distribution protocol: TCP
Resp-actual/expected/ratio/ts: 18 19 0.9473684210526315 1521612403922
connected to auth! from local port 43338
received auth hello!
{ authId: 502, nonce: <Buffer ab 61 4b 66 b0 de 83 a3> }
received session key response encrypted with distribution key
replyNonce in sessionKeyResp: <Buffer 99 88 50 82 4e ce 8a f3>
auth nonce verified
handleSessionKeyResp: session key request succeeded! authFailureCount: 0
received 1 keys
currentSessionKey: [object Object]
Status: Secure connection closed before starting a new connection.
Session protocol: TCP
chosen commSessionKey: 
{ id: 50200691,
  cipherKeyVal: <Buffer cb 0a c0 f7 e2 6e c7 45 a5 e5 28 26 86 d4 e6 ab>,
  macKeyVal: <Buffer 62 59 1e 60 58 a5 5f 8e cb 91 2a 41 7b 6e f8 ee f0 bd 1e f0 87 2c 42 dc 98 91 e6 38 0b f7 df 74>,
  absValidity: 2018-03-22T06:06:44.478Z,
  relValidity: 7200000 }
options
{ serverHost: '10.0.1.34',
  serverPort: 22100,
  sessionKey: 
   { id: 50200691,
     cipherKeyVal: <Buffer cb 0a c0 f7 e2 6e c7 45 a5 e5 28 26 86 d4 e6 ab>,
     macKeyVal: <Buffer 62 59 1e 60 58 a5 5f 8e cb 91 2a 41 7b 6e f8 ee f0 bd 1e f0 87 2c 42 dc 98 91 e6 38 0b f7 df 74>,
     absValidity: 2018-03-22T06:06:44.478Z,
     relValidity: 7200000 },
  sessionCryptoSpec: { cipher: 'AES-128-CBC', mac: 'SHA256' },
  sessionProtocol: 'TCP',
  handshakeTimeout: 50000 }
chosen nonce: <Buffer 9d d2 72 a3 e3 d1 f6 ef>
switching to HANDSHAKE_1_SENT
disconnected from auth
Handler: secure connection with the server closed.
received session key handshake2!
client ret: [object Object]
server authenticated/authorized by solving nonce!
Handler: communication initialization succeeded
file data length: 1024
sending at Wed Mar 21 2018 06:06:46 GMT+0000 (UTC)
switching to IN_COMM
received secure communication message!
Received seqNum: 0
Handler: data received from server via secure communication
data1
Resp-actual/expected/ratio/ts: 19 19 1 1521612406808
Distribution protocol: TCP
Resp-actual/expected/ratio/ts: 19 20 0.95 1521612463979
connected to auth! from local port 43604
received auth hello!
{ authId: 502, nonce: <Buffer 23 c4 c2 e8 36 5c a7 0d> }
received session key response encrypted with distribution key
replyNonce in sessionKeyResp: <Buffer ff 4d eb 53 b0 3c 11 e9>
auth nonce verified
handleSessionKeyResp: session key request succeeded! authFailureCount: 0
received 1 keys
currentSessionKey: [object Object]
Status: Secure connection closed before starting a new connection.
Session protocol: TCP
chosen commSessionKey: 
{ id: 50200704,
  cipherKeyVal: <Buffer 81 ee 10 80 eb 3c 29 17 32 d6 72 c2 7b ee b8 82>,
  macKeyVal: <Buffer 56 ed 39 77 dd a7 aa 1e 05 13 d2 f5 2e 64 e0 58 b8 42 3f bf ba 8c 92 fc f9 a2 f6 a3 28 75 1a 4c>,
  absValidity: 2018-03-22T06:07:45.670Z,
  relValidity: 7200000 }
options
{ serverHost: '10.0.1.34',
  serverPort: 22100,
  sessionKey: 
   { id: 50200704,
     cipherKeyVal: <Buffer 81 ee 10 80 eb 3c 29 17 32 d6 72 c2 7b ee b8 82>,
     macKeyVal: <Buffer 56 ed 39 77 dd a7 aa 1e 05 13 d2 f5 2e 64 e0 58 b8 42 3f bf ba 8c 92 fc f9 a2 f6 a3 28 75 1a 4c>,
     absValidity: 2018-03-22T06:07:45.670Z,
     relValidity: 7200000 },
  sessionCryptoSpec: { cipher: 'AES-128-CBC', mac: 'SHA256' },
  sessionProtocol: 'TCP',
  handshakeTimeout: 50000 }
chosen nonce: <Buffer 17 b7 72 db e4 93 5d 65>
switching to HANDSHAKE_1_SENT
disconnected from auth
Handler: secure connection with the server closed.
received session key handshake2!
client ret: [object Object]
server authenticated/authorized by solving nonce!
Handler: communication initialization succeeded
file data length: 1024
sending at Wed Mar 21 2018 06:07:48 GMT+0000 (UTC)
switching to IN_COMM
received secure communication message!
Received seqNum: 0
Handler: data received from server via secure communication
data1
Resp-actual/expected/ratio/ts: 20 20 1 1521612468612
Distribution protocol: TCP
Resp-actual/expected/ratio/ts: 20 21 0.9523809523809523 1521612524035
connected to auth! from local port 43870
received auth hello!
{ authId: 502, nonce: <Buffer e6 fe dd 1c 23 5e 8e 74> }
received session key response encrypted with distribution key
replyNonce in sessionKeyResp: <Buffer 74 d8 b9 ae d1 11 8e 38>
auth nonce verified
handleSessionKeyResp: session key request succeeded! authFailureCount: 0
received 1 keys
currentSessionKey: [object Object]
Status: Secure connection closed before starting a new connection.
Session protocol: TCP
chosen commSessionKey: 
{ id: 50200717,
  cipherKeyVal: <Buffer 84 a4 c9 e7 72 a4 4e 2d fa e4 19 59 1c ce f8 73>,
  macKeyVal: <Buffer f7 1b 37 0f 82 64 f2 73 f4 7d ea bf 51 81 6b 4f 5a 5d 16 7e 49 98 ab 41 f8 f4 98 72 16 60 bb 7c>,
  absValidity: 2018-03-22T06:08:46.095Z,
  relValidity: 7200000 }
options
{ serverHost: '10.0.1.34',
  serverPort: 22100,
  sessionKey: 
   { id: 50200717,
     cipherKeyVal: <Buffer 84 a4 c9 e7 72 a4 4e 2d fa e4 19 59 1c ce f8 73>,
     macKeyVal: <Buffer f7 1b 37 0f 82 64 f2 73 f4 7d ea bf 51 81 6b 4f 5a 5d 16 7e 49 98 ab 41 f8 f4 98 72 16 60 bb 7c>,
     absValidity: 2018-03-22T06:08:46.095Z,
     relValidity: 7200000 },
  sessionCryptoSpec: { cipher: 'AES-128-CBC', mac: 'SHA256' },
  sessionProtocol: 'TCP',
  handshakeTimeout: 50000 }
chosen nonce: <Buffer a2 61 a5 95 03 33 20 25>
switching to HANDSHAKE_1_SENT
disconnected from auth
Handler: secure connection with the server closed.
received session key handshake2!
client ret: [object Object]
server authenticated/authorized by solving nonce!
Handler: communication initialization succeeded
file data length: 1024
sending at Wed Mar 21 2018 06:08:49 GMT+0000 (UTC)
switching to IN_COMM
received secure communication message!
Received seqNum: 0
Handler: data received from server via secure communication
data1
Resp-actual/expected/ratio/ts: 21 21 1 1521612529392
Distribution protocol: TCP
Resp-actual/expected/ratio/ts: 21 22 0.9545454545454546 1521612584066
connected to auth! from local port 44136
received auth hello!
{ authId: 502, nonce: <Buffer 0d ed 57 d2 04 03 cd c8> }
received session key response encrypted with distribution key
replyNonce in sessionKeyResp: <Buffer 2d b1 9f 9a 9b f2 bd fe>
auth nonce verified
handleSessionKeyResp: session key request succeeded! authFailureCount: 0
received 1 keys
currentSessionKey: [object Object]
Status: Secure connection closed before starting a new connection.
Session protocol: TCP
chosen commSessionKey: 
{ id: 50200730,
  cipherKeyVal: <Buffer 59 86 e7 2f 32 bd 01 c8 de 5b ca 34 5b 55 f3 db>,
  macKeyVal: <Buffer e9 6f de 37 d3 60 86 f8 1f f6 21 7a 5a 6b b1 75 61 b4 8c 3d 1d 29 29 28 5b 5c 2f 3e b6 96 b1 29>,
  absValidity: 2018-03-22T06:09:46.021Z,
  relValidity: 7200000 }
options
{ serverHost: '10.0.1.34',
  serverPort: 22100,
  sessionKey: 
   { id: 50200730,
     cipherKeyVal: <Buffer 59 86 e7 2f 32 bd 01 c8 de 5b ca 34 5b 55 f3 db>,
     macKeyVal: <Buffer e9 6f de 37 d3 60 86 f8 1f f6 21 7a 5a 6b b1 75 61 b4 8c 3d 1d 29 29 28 5b 5c 2f 3e b6 96 b1 29>,
     absValidity: 2018-03-22T06:09:46.021Z,
     relValidity: 7200000 },
  sessionCryptoSpec: { cipher: 'AES-128-CBC', mac: 'SHA256' },
  sessionProtocol: 'TCP',
  handshakeTimeout: 50000 }
chosen nonce: <Buffer c1 67 8f 3b 1b ad e5 48>
switching to HANDSHAKE_1_SENT
disconnected from auth
Handler: secure connection with the server closed.
received session key handshake2!
client ret: [object Object]
server authenticated/authorized by solving nonce!
Handler: communication initialization succeeded
file data length: 1024
sending at Wed Mar 21 2018 06:09:48 GMT+0000 (UTC)
switching to IN_COMM
received secure communication message!
Received seqNum: 0
Handler: data received from server via secure communication
data1
Resp-actual/expected/ratio/ts: 22 22 1 1521612589067
Distribution protocol: TCP
Resp-actual/expected/ratio/ts: 22 23 0.9565217391304348 1521612644117
connected to auth! from local port 44402
received auth hello!
{ authId: 502, nonce: <Buffer 71 13 73 72 05 82 71 d5> }
received session key response encrypted with distribution key
replyNonce in sessionKeyResp: <Buffer 7f 28 bf f4 2e c9 73 34>
auth nonce verified
handleSessionKeyResp: session key request succeeded! authFailureCount: 0
received 1 keys
currentSessionKey: [object Object]
Status: Secure connection closed before starting a new connection.
Session protocol: TCP
chosen commSessionKey: 
{ id: 50200743,
  cipherKeyVal: <Buffer 1d b4 17 8f 50 54 6d 0b ad 9a e3 b1 34 9e 82 65>,
  macKeyVal: <Buffer 10 81 dd 2e e2 d8 34 48 75 7a 2c e3 77 6f 05 60 eb 8f e6 9d 26 c2 23 e4 ab 58 ea f7 3f 30 d1 49>,
  absValidity: 2018-03-22T06:10:44.663Z,
  relValidity: 7200000 }
options
{ serverHost: '10.0.1.34',
  serverPort: 22100,
  sessionKey: 
   { id: 50200743,
     cipherKeyVal: <Buffer 1d b4 17 8f 50 54 6d 0b ad 9a e3 b1 34 9e 82 65>,
     macKeyVal: <Buffer 10 81 dd 2e e2 d8 34 48 75 7a 2c e3 77 6f 05 60 eb 8f e6 9d 26 c2 23 e4 ab 58 ea f7 3f 30 d1 49>,
     absValidity: 2018-03-22T06:10:44.663Z,
     relValidity: 7200000 },
  sessionCryptoSpec: { cipher: 'AES-128-CBC', mac: 'SHA256' },
  sessionProtocol: 'TCP',
  handshakeTimeout: 50000 }
chosen nonce: <Buffer 99 e6 ff 6f f3 8a 74 3b>
switching to HANDSHAKE_1_SENT
disconnected from auth
Handler: secure connection with the server closed.
received session key handshake2!
client ret: [object Object]
server authenticated/authorized by solving nonce!
Handler: communication initialization succeeded
file data length: 1024
sending at Wed Mar 21 2018 06:10:46 GMT+0000 (UTC)
switching to IN_COMM
received secure communication message!
Received seqNum: 0
Handler: data received from server via secure communication
data1
Resp-actual/expected/ratio/ts: 23 23 1 1521612647024
Distribution protocol: TCP
Resp-actual/expected/ratio/ts: 23 24 0.9583333333333334 1521612704175
connected to auth! from local port 44668
received auth hello!
{ authId: 502, nonce: <Buffer 1d 2b 15 08 f3 c0 b5 20> }
received session key response encrypted with distribution key
replyNonce in sessionKeyResp: <Buffer 2b af a3 e8 ef 13 59 17>
auth nonce verified
handleSessionKeyResp: session key request succeeded! authFailureCount: 0
received 1 keys
currentSessionKey: [object Object]
Status: Secure connection closed before starting a new connection.
Session protocol: TCP
chosen commSessionKey: 
{ id: 50200756,
  cipherKeyVal: <Buffer bb 2e 85 61 e7 e0 81 0e bd c7 0e 73 1f 40 78 30>,
  macKeyVal: <Buffer 44 aa c3 17 0e a0 91 fc 23 7c 7b de fd de 70 ff ec c6 53 94 d0 10 73 d8 6c 7f d4 72 6d 27 f9 06>,
  absValidity: 2018-03-22T06:11:45.201Z,
  relValidity: 7200000 }
options
{ serverHost: '10.0.1.34',
  serverPort: 22100,
  sessionKey: 
   { id: 50200756,
     cipherKeyVal: <Buffer bb 2e 85 61 e7 e0 81 0e bd c7 0e 73 1f 40 78 30>,
     macKeyVal: <Buffer 44 aa c3 17 0e a0 91 fc 23 7c 7b de fd de 70 ff ec c6 53 94 d0 10 73 d8 6c 7f d4 72 6d 27 f9 06>,
     absValidity: 2018-03-22T06:11:45.201Z,
     relValidity: 7200000 },
  sessionCryptoSpec: { cipher: 'AES-128-CBC', mac: 'SHA256' },
  sessionProtocol: 'TCP',
  handshakeTimeout: 50000 }
chosen nonce: <Buffer 2c ab a2 1e c3 63 da 21>
switching to HANDSHAKE_1_SENT
disconnected from auth
Handler: secure connection with the server closed.
received session key handshake2!
client ret: [object Object]
server authenticated/authorized by solving nonce!
Handler: communication initialization succeeded
file data length: 1024
sending at Wed Mar 21 2018 06:11:47 GMT+0000 (UTC)
switching to IN_COMM
received secure communication message!
Received seqNum: 0
Handler: data received from server via secure communication
data1
Resp-actual/expected/ratio/ts: 24 24 1 1521612707563
Distribution protocol: TCP
Resp-actual/expected/ratio/ts: 24 25 0.96 1521612764225
connected to auth! from local port 44934
received auth hello!
{ authId: 502, nonce: <Buffer a7 b6 d8 f2 12 9a 16 ff> }
received session key response encrypted with distribution key
replyNonce in sessionKeyResp: <Buffer 59 a5 c0 47 38 aa 43 93>
auth nonce verified
handleSessionKeyResp: session key request succeeded! authFailureCount: 0
received 1 keys
currentSessionKey: [object Object]
Status: Secure connection closed before starting a new connection.
Session protocol: TCP
chosen commSessionKey: 
{ id: 50200769,
  cipherKeyVal: <Buffer 22 ce 69 22 73 c9 80 f6 74 e3 b6 47 f0 15 4c b1>,
  macKeyVal: <Buffer 1a 03 75 fe 14 e7 95 0a 14 db c2 21 e0 b5 a3 ab 34 60 c7 b2 ea 6a f3 f3 13 65 d1 b6 be 73 14 8e>,
  absValidity: 2018-03-22T06:12:45.325Z,
  relValidity: 7200000 }
options
{ serverHost: '10.0.1.34',
  serverPort: 22100,
  sessionKey: 
   { id: 50200769,
     cipherKeyVal: <Buffer 22 ce 69 22 73 c9 80 f6 74 e3 b6 47 f0 15 4c b1>,
     macKeyVal: <Buffer 1a 03 75 fe 14 e7 95 0a 14 db c2 21 e0 b5 a3 ab 34 60 c7 b2 ea 6a f3 f3 13 65 d1 b6 be 73 14 8e>,
     absValidity: 2018-03-22T06:12:45.325Z,
     relValidity: 7200000 },
  sessionCryptoSpec: { cipher: 'AES-128-CBC', mac: 'SHA256' },
  sessionProtocol: 'TCP',
  handshakeTimeout: 50000 }
chosen nonce: <Buffer d8 f5 c0 ae 1b ad 43 8f>
switching to HANDSHAKE_1_SENT
disconnected from auth
Handler: secure connection with the server closed.
received session key handshake2!
client ret: [object Object]
server authenticated/authorized by solving nonce!
Handler: communication initialization succeeded
file data length: 1024
sending at Wed Mar 21 2018 06:12:47 GMT+0000 (UTC)
switching to IN_COMM
received secure communication message!
Received seqNum: 0
Handler: data received from server via secure communication
data1
Resp-actual/expected/ratio/ts: 25 25 1 1521612767654
Distribution protocol: TCP
Resp-actual/expected/ratio/ts: 25 26 0.9615384615384616 1521612824258
connected to auth! from local port 45200
received auth hello!
{ authId: 502, nonce: <Buffer fb a1 9e 5b b4 81 6a 51> }
received session key response encrypted with distribution key
replyNonce in sessionKeyResp: <Buffer b2 ee 42 2b 06 0f 32 71>
auth nonce verified
handleSessionKeyResp: session key request succeeded! authFailureCount: 0
received 1 keys
currentSessionKey: [object Object]
Status: Secure connection closed before starting a new connection.
Session protocol: TCP
chosen commSessionKey: 
{ id: 50200782,
  cipherKeyVal: <Buffer 66 fa f3 e6 0a 10 c3 c3 60 28 87 e5 bb 54 69 bf>,
  macKeyVal: <Buffer ee b9 36 72 c4 0c ff f4 04 d6 0e bf 55 82 07 80 e1 ce 9a dc 07 77 b8 fc 44 8a 27 16 7e aa 87 12>,
  absValidity: 2018-03-22T06:13:45.331Z,
  relValidity: 7200000 }
options
{ serverHost: '10.0.1.34',
  serverPort: 22100,
  sessionKey: 
   { id: 50200782,
     cipherKeyVal: <Buffer 66 fa f3 e6 0a 10 c3 c3 60 28 87 e5 bb 54 69 bf>,
     macKeyVal: <Buffer ee b9 36 72 c4 0c ff f4 04 d6 0e bf 55 82 07 80 e1 ce 9a dc 07 77 b8 fc 44 8a 27 16 7e aa 87 12>,
     absValidity: 2018-03-22T06:13:45.331Z,
     relValidity: 7200000 },
  sessionCryptoSpec: { cipher: 'AES-128-CBC', mac: 'SHA256' },
  sessionProtocol: 'TCP',
  handshakeTimeout: 50000 }
chosen nonce: <Buffer 67 f6 42 7d 1c 0c db a7>
switching to HANDSHAKE_1_SENT
disconnected from auth
Handler: secure connection with the server closed.
received session key handshake2!
client ret: [object Object]
server authenticated/authorized by solving nonce!
Handler: communication initialization succeeded
file data length: 1024
sending at Wed Mar 21 2018 06:13:47 GMT+0000 (UTC)
switching to IN_COMM
received secure communication message!
Received seqNum: 0
Handler: data received from server via secure communication
data1
Resp-actual/expected/ratio/ts: 26 26 1 1521612827712
Distribution protocol: TCP
Resp-actual/expected/ratio/ts: 26 27 0.9629629629629629 1521612884315
connected to auth! from local port 45466
received auth hello!
{ authId: 502, nonce: <Buffer 3f 40 10 3d ed dd 30 01> }
received session key response encrypted with distribution key
replyNonce in sessionKeyResp: <Buffer 4e 7f 5c c0 13 56 7f 5d>
auth nonce verified
handleSessionKeyResp: session key request succeeded! authFailureCount: 0
received 1 keys
currentSessionKey: [object Object]
Status: Secure connection closed before starting a new connection.
Session protocol: TCP
chosen commSessionKey: 
{ id: 50200795,
  cipherKeyVal: <Buffer ef 7f a4 aa 09 7a 7f f8 53 52 b1 d7 12 87 f3 ab>,
  macKeyVal: <Buffer 72 4e 34 eb 2b 33 66 df 15 3f 1e bd 41 16 e7 d4 ab 7c 71 f7 78 84 ae 07 ad 51 cb 83 5c f2 0b a4>,
  absValidity: 2018-03-22T06:14:44.798Z,
  relValidity: 7200000 }
options
{ serverHost: '10.0.1.34',
  serverPort: 22100,
  sessionKey: 
   { id: 50200795,
     cipherKeyVal: <Buffer ef 7f a4 aa 09 7a 7f f8 53 52 b1 d7 12 87 f3 ab>,
     macKeyVal: <Buffer 72 4e 34 eb 2b 33 66 df 15 3f 1e bd 41 16 e7 d4 ab 7c 71 f7 78 84 ae 07 ad 51 cb 83 5c f2 0b a4>,
     absValidity: 2018-03-22T06:14:44.798Z,
     relValidity: 7200000 },
  sessionCryptoSpec: { cipher: 'AES-128-CBC', mac: 'SHA256' },
  sessionProtocol: 'TCP',
  handshakeTimeout: 50000 }
chosen nonce: <Buffer 7a 80 c4 32 33 0a 39 ad>
switching to HANDSHAKE_1_SENT
disconnected from auth
Handler: secure connection with the server closed.
received session key handshake2!
client ret: [object Object]
server authenticated/authorized by solving nonce!
Handler: communication initialization succeeded
file data length: 1024
sending at Wed Mar 21 2018 06:14:46 GMT+0000 (UTC)
switching to IN_COMM
received secure communication message!
Received seqNum: 0
Handler: data received from server via secure communication
data1
Resp-actual/expected/ratio/ts: 27 27 1 1521612887132
Distribution protocol: TCP
Resp-actual/expected/ratio/ts: 27 28 0.9642857142857143 1521612944373
connected to auth! from local port 45646
received auth hello!
{ authId: 502, nonce: <Buffer 02 45 e8 51 e3 49 05 c2> }
received session key response encrypted with distribution key
replyNonce in sessionKeyResp: <Buffer 6b f1 9e ba 80 33 b4 e5>
auth nonce verified
handleSessionKeyResp: session key request succeeded! authFailureCount: 0
received 1 keys
currentSessionKey: [object Object]
Status: Secure connection closed before starting a new connection.
Session protocol: TCP
chosen commSessionKey: 
{ id: 50200808,
  cipherKeyVal: <Buffer bf c0 de 0e d2 da 46 f9 e6 1d 91 cf 77 f1 ba 54>,
  macKeyVal: <Buffer 04 46 29 f2 df c5 d4 47 dd 0a cf 68 ea 00 39 0d 08 b6 00 81 43 49 5b 5c 6b b6 29 45 d2 88 f9 b7>,
  absValidity: 2018-03-22T06:15:44.864Z,
  relValidity: 7200000 }
options
{ serverHost: '10.0.1.34',
  serverPort: 22100,
  sessionKey: 
   { id: 50200808,
     cipherKeyVal: <Buffer bf c0 de 0e d2 da 46 f9 e6 1d 91 cf 77 f1 ba 54>,
     macKeyVal: <Buffer 04 46 29 f2 df c5 d4 47 dd 0a cf 68 ea 00 39 0d 08 b6 00 81 43 49 5b 5c 6b b6 29 45 d2 88 f9 b7>,
     absValidity: 2018-03-22T06:15:44.864Z,
     relValidity: 7200000 },
  sessionCryptoSpec: { cipher: 'AES-128-CBC', mac: 'SHA256' },
  sessionProtocol: 'TCP',
  handshakeTimeout: 50000 }
chosen nonce: <Buffer e3 55 e2 8b 80 cf a1 81>
switching to HANDSHAKE_1_SENT
disconnected from auth
Handler: secure connection with the server closed.
received session key handshake2!
client ret: [object Object]
server authenticated/authorized by solving nonce!
Handler: communication initialization succeeded
file data length: 1024
sending at Wed Mar 21 2018 06:15:46 GMT+0000 (UTC)
switching to IN_COMM
received secure communication message!
Received seqNum: 0
Handler: data received from server via secure communication
data1
Resp-actual/expected/ratio/ts: 28 28 1 1521612947202
Distribution protocol: TCP
Resp-actual/expected/ratio/ts: 28 29 0.9655172413793104 1521613004429
connected to auth! from local port 45724
received auth hello!
{ authId: 502, nonce: <Buffer 8c 80 23 4c 54 d8 ba f5> }
received session key response encrypted with distribution key
replyNonce in sessionKeyResp: <Buffer e3 c6 5a 5b c3 68 92 e7>
auth nonce verified
handleSessionKeyResp: session key request succeeded! authFailureCount: 0
received 1 keys
currentSessionKey: [object Object]
Status: Secure connection closed before starting a new connection.
Session protocol: TCP
chosen commSessionKey: 
{ id: 50200813,
  cipherKeyVal: <Buffer cf f9 86 db a6 56 f2 cf 98 1c 85 21 f3 44 bc 97>,
  macKeyVal: <Buffer cf 7f 54 2f 34 0b 8e 5c 1f 2c da 4d 78 17 c6 5c 69 b3 1e bc 18 17 53 ff 63 fc cc 86 84 ac 5a ef>,
  absValidity: 2018-03-22T06:16:44.545Z,
  relValidity: 7200000 }
options
{ serverHost: '10.0.1.34',
  serverPort: 22100,
  sessionKey: 
   { id: 50200813,
     cipherKeyVal: <Buffer cf f9 86 db a6 56 f2 cf 98 1c 85 21 f3 44 bc 97>,
     macKeyVal: <Buffer cf 7f 54 2f 34 0b 8e 5c 1f 2c da 4d 78 17 c6 5c 69 b3 1e bc 18 17 53 ff 63 fc cc 86 84 ac 5a ef>,
     absValidity: 2018-03-22T06:16:44.545Z,
     relValidity: 7200000 },
  sessionCryptoSpec: { cipher: 'AES-128-CBC', mac: 'SHA256' },
  sessionProtocol: 'TCP',
  handshakeTimeout: 50000 }
chosen nonce: <Buffer 31 a5 55 fa b9 a2 31 13>
switching to HANDSHAKE_1_SENT
disconnected from auth
Handler: secure connection with the server closed.
received session key handshake2!
client ret: [object Object]
server authenticated/authorized by solving nonce!
Handler: communication initialization succeeded
file data length: 1024
sending at Wed Mar 21 2018 06:16:45 GMT+0000 (UTC)
switching to IN_COMM
received secure communication message!
Received seqNum: 0
Handler: data received from server via secure communication
data1
Resp-actual/expected/ratio/ts: 29 29 1 1521613005506
