changing working directory to: /home/hokeunkim/Development/iotauth/entity/node/example_entities
loading from config file: /home/hokeunkim/Development/iotauth_experiments/experiments/ccs2017/expOptions/expEntity.option
Experimental options for autoClient: { autoSendPeriod: 60000,
  useSameSessionKeyCount: 1,
  connectionTimeout: 50000,
  migrationEnabled: false,
  authFailureThreshold: 2,
  migrationFailureThreshold: 2 }
loading from config file: /home/hokeunkim/Development/iotauth/entity/node/example_entities/configs/Clients/c512.config
initializing...
current parameters: { numKeysPerRequest: 3,
  migrationEnabled: false,
  authFailureThreshold: 3,
  migrationFailureThreshold: 3 }
current parameters: { numKeysPerRequest: 1,
  migrationEnabled: false,
  authFailureThreshold: 3,
  migrationFailureThreshold: 3 }
current parameters: { numKeysPerRequest: 1,
  migrationEnabled: false,
  authFailureThreshold: 3,
  migrationFailureThreshold: 3 }
current parameters: { numKeysPerRequest: 1,
  migrationEnabled: false,
  authFailureThreshold: 2,
  migrationFailureThreshold: 3 }
current parameters: { numKeysPerRequest: 1,
  migrationEnabled: false,
  authFailureThreshold: 2,
  migrationFailureThreshold: 2 }
current entityInfo: { name: 'c512',
  group: 'Clients',
  distProtocol: 'TCP',
  usePermanentDistKey: false,
  connectionTimeout: 50000,
  privateKey: <Buffer 2d 2d 2d 2d 2d 42 45 47 49 4e 20 52 53 41 20 50 52 49 56 41 54 45 20 4b 45 59 2d 2d 2d 2d 2d 0a 4d 49 49 45 70 41 49 42 41 41 4b 43 41 51 45 41 75 71 ... > }
Distribution protocol: TCP
Resp-actual/expected/ratio/ts: 0 1 0 1521674421271
connected to auth! from local port 58330
received auth hello!
{ authId: 502, nonce: <Buffer 20 6a bd e3 6a ad 29 4f> }
received session key response with distribution key attached!
auth signature verified
replyNonce in sessionKeyResp: <Buffer 20 6d 8a a0 f4 38 4e ff>
auth nonce verified
updating distribution key: { cipherKeyVal: <Buffer 64 7c 22 49 c2 bf 7e a5 ff 62 43 52 12 00 d1 b5>,
  macKeyVal: <Buffer ba 46 ee b4 bc 34 55 ab 44 c8 d7 5c a3 fe c7 f6 6d 97 37 1e 62 f9 97 11 e2 aa cd ab 0f 59 5a 1a>,
  absValidity: 2018-03-22T00:20:21.433Z }
received 1 keys
currentSessionKey: [object Object]
Session protocol: TCP
chosen commSessionKey: 
{ id: 50202426,
  cipherKeyVal: <Buffer 45 04 e9 f0 e4 5f b7 f0 28 a5 d9 d1 88 4c b5 5f>,
  macKeyVal: <Buffer 07 14 91 9a 86 5b bc 7d 4d 47 bd 19 16 96 3e b3 84 d9 52 cd c0 4f 0f 12 c8 8c da 85 39 26 bf 1c>,
  absValidity: 2018-03-22T23:20:21.433Z,
  relValidity: 7200000 }
options
{ serverHost: '10.0.1.32',
  serverPort: 22100,
  sessionKey: 
   { id: 50202426,
     cipherKeyVal: <Buffer 45 04 e9 f0 e4 5f b7 f0 28 a5 d9 d1 88 4c b5 5f>,
     macKeyVal: <Buffer 07 14 91 9a 86 5b bc 7d 4d 47 bd 19 16 96 3e b3 84 d9 52 cd c0 4f 0f 12 c8 8c da 85 39 26 bf 1c>,
     absValidity: 2018-03-22T23:20:21.433Z,
     relValidity: 7200000 },
  sessionCryptoSpec: { cipher: 'AES-128-CBC', mac: 'SHA256' },
  sessionProtocol: 'TCP',
  handshakeTimeout: 50000 }
disconnected from auth
chosen nonce: <Buffer df e5 07 66 2d 8b 6b c9>
switching to HANDSHAKE_1_SENT
received session key handshake2!
client ret: [object Object]
server authenticated/authorized by solving nonce!
Handler: communication initialization succeeded
file data length: 1024
sending at Wed Mar 21 2018 23:20:22 GMT+0000 (UTC)
switching to IN_COMM
received secure communication message!
Received seqNum: 0
Handler: data received from server via secure communication
data1
Resp-actual/expected/ratio/ts: 1 1 1 1521674422677
Distribution protocol: TCP
Resp-actual/expected/ratio/ts: 1 2 0.5 1521674481331
connected to auth! from local port 58602
received auth hello!
{ authId: 502, nonce: <Buffer 5b 39 a3 b1 c2 1c 2f 53> }
received session key response encrypted with distribution key
replyNonce in sessionKeyResp: <Buffer 36 e6 68 55 19 3e 03 8f>
auth nonce verified
received 1 keys
currentSessionKey: [object Object]
Status: Secure connection closed before starting a new connection.
Session protocol: TCP
chosen commSessionKey: 
{ id: 50202433,
  cipherKeyVal: <Buffer 3b 5c f8 2f 5e 6b 0b 22 e3 ab 83 ff 1b 56 fe 8e>,
  macKeyVal: <Buffer 7c bb 4f ea 7c 97 3e f6 9a 35 c3 ba 5c c3 9a 5d d1 a3 08 09 24 a5 af fe 99 69 6d 23 03 50 a7 3b>,
  absValidity: 2018-03-22T23:21:21.476Z,
  relValidity: 7200000 }
options
{ serverHost: '10.0.1.32',
  serverPort: 22100,
  sessionKey: 
   { id: 50202433,
     cipherKeyVal: <Buffer 3b 5c f8 2f 5e 6b 0b 22 e3 ab 83 ff 1b 56 fe 8e>,
     macKeyVal: <Buffer 7c bb 4f ea 7c 97 3e f6 9a 35 c3 ba 5c c3 9a 5d d1 a3 08 09 24 a5 af fe 99 69 6d 23 03 50 a7 3b>,
     absValidity: 2018-03-22T23:21:21.476Z,
     relValidity: 7200000 },
  sessionCryptoSpec: { cipher: 'AES-128-CBC', mac: 'SHA256' },
  sessionProtocol: 'TCP',
  handshakeTimeout: 50000 }
chosen nonce: <Buffer 16 b3 2a 0d ac 5d 8f bc>
switching to HANDSHAKE_1_SENT
disconnected from auth
Handler: secure connection with the server closed.
received session key handshake2!
client ret: [object Object]
server authenticated/authorized by solving nonce!
Handler: communication initialization succeeded
file data length: 1024
sending at Wed Mar 21 2018 23:21:22 GMT+0000 (UTC)
switching to IN_COMM
received secure communication message!
Received seqNum: 0
Handler: data received from server via secure communication
data1
Resp-actual/expected/ratio/ts: 2 2 1 1521674482614
Distribution protocol: TCP
Resp-actual/expected/ratio/ts: 2 3 0.6666666666666666 1521674541385
connected to auth! from local port 58872
received auth hello!
{ authId: 502, nonce: <Buffer ec ed 7d f4 5e 12 30 97> }
received session key response encrypted with distribution key
replyNonce in sessionKeyResp: <Buffer 4d 59 1e c8 dc 8a 46 1a>
auth nonce verified
received 1 keys
currentSessionKey: [object Object]
Status: Secure connection closed before starting a new connection.
Session protocol: TCP
chosen commSessionKey: 
{ id: 50202440,
  cipherKeyVal: <Buffer 3b ef 3a ee a7 12 76 92 45 bc da f9 c7 23 6f b0>,
  macKeyVal: <Buffer b8 f9 8b 94 b5 43 4f 72 dd 5a 8f bb cd e9 63 31 a7 f3 3b 36 e8 77 40 17 34 fc ca da 21 f1 06 81>,
  absValidity: 2018-03-22T23:22:21.521Z,
  relValidity: 7200000 }
options
{ serverHost: '10.0.1.32',
  serverPort: 22100,
  sessionKey: 
   { id: 50202440,
     cipherKeyVal: <Buffer 3b ef 3a ee a7 12 76 92 45 bc da f9 c7 23 6f b0>,
     macKeyVal: <Buffer b8 f9 8b 94 b5 43 4f 72 dd 5a 8f bb cd e9 63 31 a7 f3 3b 36 e8 77 40 17 34 fc ca da 21 f1 06 81>,
     absValidity: 2018-03-22T23:22:21.521Z,
     relValidity: 7200000 },
  sessionCryptoSpec: { cipher: 'AES-128-CBC', mac: 'SHA256' },
  sessionProtocol: 'TCP',
  handshakeTimeout: 50000 }
chosen nonce: <Buffer 5d 2e 38 19 0a a0 71 76>
switching to HANDSHAKE_1_SENT
disconnected from auth
Handler: secure connection with the server closed.
received session key handshake2!
client ret: [object Object]
server authenticated/authorized by solving nonce!
Handler: communication initialization succeeded
file data length: 1024
sending at Wed Mar 21 2018 23:22:22 GMT+0000 (UTC)
switching to IN_COMM
received secure communication message!
Received seqNum: 0
Handler: data received from server via secure communication
data1
Resp-actual/expected/ratio/ts: 3 3 1 1521674542746
Distribution protocol: TCP
Resp-actual/expected/ratio/ts: 3 4 0.75 1521674601442
connected to auth! from local port 59142
received auth hello!
{ authId: 502, nonce: <Buffer a1 b0 52 bc 86 66 72 20> }
received session key response encrypted with distribution key
replyNonce in sessionKeyResp: <Buffer 9e 13 dc 7c 61 48 ae cb>
auth nonce verified
received 1 keys
currentSessionKey: [object Object]
Status: Secure connection closed before starting a new connection.
Session protocol: TCP
chosen commSessionKey: 
{ id: 50202447,
  cipherKeyVal: <Buffer 92 4a c6 28 76 1c 0a 52 a8 71 56 a0 29 fd 73 6d>,
  macKeyVal: <Buffer f9 e6 67 a9 0c d8 ed eb 2e 4a 11 c7 60 c1 b0 0d 7a 77 c6 39 11 d4 03 bc 75 ec a2 e5 b9 9a 02 ab>,
  absValidity: 2018-03-22T23:23:21.585Z,
  relValidity: 7200000 }
options
{ serverHost: '10.0.1.32',
  serverPort: 22100,
  sessionKey: 
   { id: 50202447,
     cipherKeyVal: <Buffer 92 4a c6 28 76 1c 0a 52 a8 71 56 a0 29 fd 73 6d>,
     macKeyVal: <Buffer f9 e6 67 a9 0c d8 ed eb 2e 4a 11 c7 60 c1 b0 0d 7a 77 c6 39 11 d4 03 bc 75 ec a2 e5 b9 9a 02 ab>,
     absValidity: 2018-03-22T23:23:21.585Z,
     relValidity: 7200000 },
  sessionCryptoSpec: { cipher: 'AES-128-CBC', mac: 'SHA256' },
  sessionProtocol: 'TCP',
  handshakeTimeout: 50000 }
chosen nonce: <Buffer c8 ae ae a7 7d be cc 64>
switching to HANDSHAKE_1_SENT
disconnected from auth
Handler: secure connection with the server closed.
received session key handshake2!
client ret: [object Object]
server authenticated/authorized by solving nonce!
Handler: communication initialization succeeded
file data length: 1024
sending at Wed Mar 21 2018 23:23:22 GMT+0000 (UTC)
switching to IN_COMM
received secure communication message!
Received seqNum: 0
Handler: data received from server via secure communication
data1
Resp-actual/expected/ratio/ts: 4 4 1 1521674602677
Distribution protocol: TCP
Resp-actual/expected/ratio/ts: 4 5 0.8 1521674661457
connected to auth! from local port 59412
received auth hello!
{ authId: 502, nonce: <Buffer ca ee e5 ce d7 a3 47 f2> }
received session key response encrypted with distribution key
replyNonce in sessionKeyResp: <Buffer 48 5c 42 53 3b 6a 22 3f>
auth nonce verified
received 1 keys
currentSessionKey: [object Object]
Status: Secure connection closed before starting a new connection.
Session protocol: TCP
chosen commSessionKey: 
{ id: 50202454,
  cipherKeyVal: <Buffer 6a ec f3 f0 db 59 6e 36 6f 09 d2 9a 1f 6f 33 0f>,
  macKeyVal: <Buffer 7c 49 0a c1 22 2f b0 13 18 c6 0e 06 e0 66 ee 6b f1 a0 1a 0a 36 e1 23 60 f1 c7 49 2a 32 89 7d 2b>,
  absValidity: 2018-03-22T23:24:21.587Z,
  relValidity: 7200000 }
options
{ serverHost: '10.0.1.32',
  serverPort: 22100,
  sessionKey: 
   { id: 50202454,
     cipherKeyVal: <Buffer 6a ec f3 f0 db 59 6e 36 6f 09 d2 9a 1f 6f 33 0f>,
     macKeyVal: <Buffer 7c 49 0a c1 22 2f b0 13 18 c6 0e 06 e0 66 ee 6b f1 a0 1a 0a 36 e1 23 60 f1 c7 49 2a 32 89 7d 2b>,
     absValidity: 2018-03-22T23:24:21.587Z,
     relValidity: 7200000 },
  sessionCryptoSpec: { cipher: 'AES-128-CBC', mac: 'SHA256' },
  sessionProtocol: 'TCP',
  handshakeTimeout: 50000 }
chosen nonce: <Buffer 3e c9 13 44 e7 ae 03 d8>
switching to HANDSHAKE_1_SENT
disconnected from auth
Handler: secure connection with the server closed.
received session key handshake2!
client ret: [object Object]
server authenticated/authorized by solving nonce!
Handler: communication initialization succeeded
file data length: 1024
sending at Wed Mar 21 2018 23:24:22 GMT+0000 (UTC)
switching to IN_COMM
received secure communication message!
Received seqNum: 0
Handler: data received from server via secure communication
data1
Resp-actual/expected/ratio/ts: 5 5 1 1521674662732
Distribution protocol: TCP
Resp-actual/expected/ratio/ts: 5 6 0.8333333333333334 1521674721516
connected to auth! from local port 59682
received auth hello!
{ authId: 502, nonce: <Buffer 7a f4 01 53 55 53 e3 28> }
received session key response encrypted with distribution key
replyNonce in sessionKeyResp: <Buffer f6 c5 e3 eb bf 8d bd 9f>
auth nonce verified
received 1 keys
currentSessionKey: [object Object]
Status: Secure connection closed before starting a new connection.
Session protocol: TCP
chosen commSessionKey: 
{ id: 50202461,
  cipherKeyVal: <Buffer e0 b7 11 64 2d 5c 12 4d fb ee 11 03 f0 3c d6 b4>,
  macKeyVal: <Buffer 68 1a 99 4e e5 01 46 3d 99 32 92 6f 26 a0 49 35 f3 3f 71 31 3e f1 3c 0b ea 09 4a 67 b6 b7 43 65>,
  absValidity: 2018-03-22T23:25:21.661Z,
  relValidity: 7200000 }
options
{ serverHost: '10.0.1.32',
  serverPort: 22100,
  sessionKey: 
   { id: 50202461,
     cipherKeyVal: <Buffer e0 b7 11 64 2d 5c 12 4d fb ee 11 03 f0 3c d6 b4>,
     macKeyVal: <Buffer 68 1a 99 4e e5 01 46 3d 99 32 92 6f 26 a0 49 35 f3 3f 71 31 3e f1 3c 0b ea 09 4a 67 b6 b7 43 65>,
     absValidity: 2018-03-22T23:25:21.661Z,
     relValidity: 7200000 },
  sessionCryptoSpec: { cipher: 'AES-128-CBC', mac: 'SHA256' },
  sessionProtocol: 'TCP',
  handshakeTimeout: 50000 }
chosen nonce: <Buffer e9 e6 dc 33 08 7f fb cc>
switching to HANDSHAKE_1_SENT
disconnected from auth
Handler: secure connection with the server closed.
received session key handshake2!
client ret: [object Object]
server authenticated/authorized by solving nonce!
Handler: communication initialization succeeded
file data length: 1024
sending at Wed Mar 21 2018 23:25:22 GMT+0000 (UTC)
switching to IN_COMM
received secure communication message!
Received seqNum: 0
Handler: data received from server via secure communication
data1
Resp-actual/expected/ratio/ts: 6 6 1 1521674722868
Distribution protocol: TCP
Resp-actual/expected/ratio/ts: 6 7 0.8571428571428571 1521674781573
connected to auth! from local port 59948
received auth hello!
{ authId: 502, nonce: <Buffer be 83 a1 aa 1e 7b f9 73> }
received session key response encrypted with distribution key
replyNonce in sessionKeyResp: <Buffer 6f ad 0b 60 44 22 b0 bc>
auth nonce verified
received 1 keys
currentSessionKey: [object Object]
Status: Secure connection closed before starting a new connection.
Session protocol: TCP
chosen commSessionKey: 
{ id: 50202468,
  cipherKeyVal: <Buffer 51 ec f8 5a 22 68 b5 ae d1 11 da 35 46 45 4f 7f>,
  macKeyVal: <Buffer ae 1a 98 02 16 75 16 aa 4f c0 1e 1e 54 9b fa ae dc c3 eb fc 4e 18 d5 6f b9 d1 80 e8 01 aa 04 9f>,
  absValidity: 2018-03-22T23:26:21.726Z,
  relValidity: 7200000 }
options
{ serverHost: '10.0.1.32',
  serverPort: 22100,
  sessionKey: 
   { id: 50202468,
     cipherKeyVal: <Buffer 51 ec f8 5a 22 68 b5 ae d1 11 da 35 46 45 4f 7f>,
     macKeyVal: <Buffer ae 1a 98 02 16 75 16 aa 4f c0 1e 1e 54 9b fa ae dc c3 eb fc 4e 18 d5 6f b9 d1 80 e8 01 aa 04 9f>,
     absValidity: 2018-03-22T23:26:21.726Z,
     relValidity: 7200000 },
  sessionCryptoSpec: { cipher: 'AES-128-CBC', mac: 'SHA256' },
  sessionProtocol: 'TCP',
  handshakeTimeout: 50000 }
chosen nonce: <Buffer 34 a6 c9 ed f6 41 7a 97>
switching to HANDSHAKE_1_SENT
disconnected from auth
Handler: secure connection with the server closed.
received session key handshake2!
client ret: [object Object]
server authenticated/authorized by solving nonce!
Handler: communication initialization succeeded
file data length: 1024
sending at Wed Mar 21 2018 23:26:22 GMT+0000 (UTC)
switching to IN_COMM
received secure communication message!
Received seqNum: 0
Handler: data received from server via secure communication
data1
Resp-actual/expected/ratio/ts: 7 7 1 1521674782595
Distribution protocol: TCP
Resp-actual/expected/ratio/ts: 7 8 0.875 1521674841633
connected to auth! from local port 60134
received auth hello!
{ authId: 502, nonce: <Buffer 5e 03 ae c9 ce eb a7 9c> }
received session key response encrypted with distribution key
replyNonce in sessionKeyResp: <Buffer c4 00 dc 02 88 d0 f3 35>
auth nonce verified
received 1 keys
currentSessionKey: [object Object]
Status: Secure connection closed before starting a new connection.
Session protocol: TCP
chosen commSessionKey: 
{ id: 50202475,
  cipherKeyVal: <Buffer fc 93 df 75 9c 58 b0 65 d1 f4 a6 8e 6f da fb 60>,
  macKeyVal: <Buffer 1e b6 a5 f0 2f 11 bc c3 e5 e0 de b0 04 72 eb 46 bb 9b 16 e9 6d 14 d4 73 85 34 8a 19 9e cb 5a 6b>,
  absValidity: 2018-03-22T23:27:21.774Z,
  relValidity: 7200000 }
options
{ serverHost: '10.0.1.32',
  serverPort: 22100,
  sessionKey: 
   { id: 50202475,
     cipherKeyVal: <Buffer fc 93 df 75 9c 58 b0 65 d1 f4 a6 8e 6f da fb 60>,
     macKeyVal: <Buffer 1e b6 a5 f0 2f 11 bc c3 e5 e0 de b0 04 72 eb 46 bb 9b 16 e9 6d 14 d4 73 85 34 8a 19 9e cb 5a 6b>,
     absValidity: 2018-03-22T23:27:21.774Z,
     relValidity: 7200000 },
  sessionCryptoSpec: { cipher: 'AES-128-CBC', mac: 'SHA256' },
  sessionProtocol: 'TCP',
  handshakeTimeout: 50000 }
chosen nonce: <Buffer 4c 91 9c db f5 6d 17 7b>
switching to HANDSHAKE_1_SENT
disconnected from auth
Handler: secure connection with the server closed.
received session key handshake2!
client ret: [object Object]
server authenticated/authorized by solving nonce!
Handler: communication initialization succeeded
file data length: 1024
sending at Wed Mar 21 2018 23:27:22 GMT+0000 (UTC)
switching to IN_COMM
received secure communication message!
Received seqNum: 0
Handler: data received from server via secure communication
data1
Resp-actual/expected/ratio/ts: 8 8 1 1521674842772
Distribution protocol: TCP
Resp-actual/expected/ratio/ts: 8 9 0.8888888888888888 1521674901643
connected to auth! from local port 60296
received auth hello!
{ authId: 502, nonce: <Buffer be f4 7b 06 e5 26 d2 6e> }
received session key response encrypted with distribution key
replyNonce in sessionKeyResp: <Buffer 83 c4 a9 c8 18 97 93 4d>
auth nonce verified
received 1 keys
currentSessionKey: [object Object]
Status: Secure connection closed before starting a new connection.
Session protocol: TCP
chosen commSessionKey: 
{ id: 50202482,
  cipherKeyVal: <Buffer 96 0b 57 03 ff 82 2a 5e 5c 05 59 b5 d8 ce 27 7f>,
  macKeyVal: <Buffer 39 37 71 c9 ec 5c 5e 47 31 ad 15 c1 3b 30 b2 b9 db 70 d5 32 00 60 eb 01 68 25 89 ab d0 54 ff cd>,
  absValidity: 2018-03-22T23:28:21.771Z,
  relValidity: 7200000 }
options
{ serverHost: '10.0.1.32',
  serverPort: 22100,
  sessionKey: 
   { id: 50202482,
     cipherKeyVal: <Buffer 96 0b 57 03 ff 82 2a 5e 5c 05 59 b5 d8 ce 27 7f>,
     macKeyVal: <Buffer 39 37 71 c9 ec 5c 5e 47 31 ad 15 c1 3b 30 b2 b9 db 70 d5 32 00 60 eb 01 68 25 89 ab d0 54 ff cd>,
     absValidity: 2018-03-22T23:28:21.771Z,
     relValidity: 7200000 },
  sessionCryptoSpec: { cipher: 'AES-128-CBC', mac: 'SHA256' },
  sessionProtocol: 'TCP',
  handshakeTimeout: 50000 }
chosen nonce: <Buffer cc 7f 72 77 71 ab b9 7c>
switching to HANDSHAKE_1_SENT
disconnected from auth
Handler: secure connection with the server closed.
received session key handshake2!
client ret: [object Object]
server authenticated/authorized by solving nonce!
Handler: communication initialization succeeded
file data length: 1024
sending at Wed Mar 21 2018 23:28:22 GMT+0000 (UTC)
switching to IN_COMM
received secure communication message!
Received seqNum: 0
Handler: data received from server via secure communication
data1
Resp-actual/expected/ratio/ts: 9 9 1 1521674902612
Distribution protocol: TCP
Resp-actual/expected/ratio/ts: 9 10 0.9 1521674961703
connected to auth! from local port 60458
received auth hello!
{ authId: 502, nonce: <Buffer 5d 42 49 9d 8a 45 a6 83> }
received session key response encrypted with distribution key
replyNonce in sessionKeyResp: <Buffer cb dd 5a 4a e1 b0 86 e6>
auth nonce verified
received 1 keys
currentSessionKey: [object Object]
Status: Secure connection closed before starting a new connection.
Session protocol: TCP
chosen commSessionKey: 
{ id: 50202489,
  cipherKeyVal: <Buffer 47 b2 27 6e 85 fa 8d 4b a2 9b fe 5a 7c 4d e2 63>,
  macKeyVal: <Buffer 02 ff 24 b7 33 4d 6c db 67 40 fb 82 ae 07 ea 91 7e 2b 81 22 57 a8 3e c3 a4 07 82 71 31 56 14 a3>,
  absValidity: 2018-03-22T23:29:21.833Z,
  relValidity: 7200000 }
options
{ serverHost: '10.0.1.32',
  serverPort: 22100,
  sessionKey: 
   { id: 50202489,
     cipherKeyVal: <Buffer 47 b2 27 6e 85 fa 8d 4b a2 9b fe 5a 7c 4d e2 63>,
     macKeyVal: <Buffer 02 ff 24 b7 33 4d 6c db 67 40 fb 82 ae 07 ea 91 7e 2b 81 22 57 a8 3e c3 a4 07 82 71 31 56 14 a3>,
     absValidity: 2018-03-22T23:29:21.833Z,
     relValidity: 7200000 },
  sessionCryptoSpec: { cipher: 'AES-128-CBC', mac: 'SHA256' },
  sessionProtocol: 'TCP',
  handshakeTimeout: 50000 }
chosen nonce: <Buffer b7 bd 85 6b 1c 5a 1f 77>
switching to HANDSHAKE_1_SENT
disconnected from auth
Handler: secure connection with the server closed.
received session key handshake2!
client ret: [object Object]
server authenticated/authorized by solving nonce!
Handler: communication initialization succeeded
file data length: 1024
sending at Wed Mar 21 2018 23:29:22 GMT+0000 (UTC)
switching to IN_COMM
received secure communication message!
Received seqNum: 0
Handler: data received from server via secure communication
data1
Resp-actual/expected/ratio/ts: 10 10 1 1521674962692
Distribution protocol: TCP
Resp-actual/expected/ratio/ts: 10 11 0.9090909090909091 1521675021743
connected to auth! from local port 60620
received auth hello!
{ authId: 502, nonce: <Buffer c5 cd 14 d5 ae a7 20 54> }
received session key response encrypted with distribution key
replyNonce in sessionKeyResp: <Buffer 45 e3 47 d7 f6 f2 ff 67>
auth nonce verified
received 1 keys
currentSessionKey: [object Object]
Status: Secure connection closed before starting a new connection.
Session protocol: TCP
chosen commSessionKey: 
{ id: 50202496,
  cipherKeyVal: <Buffer f2 34 a8 5b 5b 46 5e 28 60 2e 67 f6 3e 11 b5 64>,
  macKeyVal: <Buffer d7 98 1c c1 6d af b6 6c 74 bf b4 2c 61 0e 94 ed 4a 8d 42 bc 9e a5 b5 2d e0 94 7b 52 df 74 f5 12>,
  absValidity: 2018-03-22T23:30:21.874Z,
  relValidity: 7200000 }
options
{ serverHost: '10.0.1.32',
  serverPort: 22100,
  sessionKey: 
   { id: 50202496,
     cipherKeyVal: <Buffer f2 34 a8 5b 5b 46 5e 28 60 2e 67 f6 3e 11 b5 64>,
     macKeyVal: <Buffer d7 98 1c c1 6d af b6 6c 74 bf b4 2c 61 0e 94 ed 4a 8d 42 bc 9e a5 b5 2d e0 94 7b 52 df 74 f5 12>,
     absValidity: 2018-03-22T23:30:21.874Z,
     relValidity: 7200000 },
  sessionCryptoSpec: { cipher: 'AES-128-CBC', mac: 'SHA256' },
  sessionProtocol: 'TCP',
  handshakeTimeout: 50000 }
chosen nonce: <Buffer 78 96 a2 79 66 2b db 19>
switching to HANDSHAKE_1_SENT
disconnected from auth
Handler: secure connection with the server closed.
received session key handshake2!
client ret: [object Object]
server authenticated/authorized by solving nonce!
Handler: communication initialization succeeded
file data length: 1024
sending at Wed Mar 21 2018 23:30:22 GMT+0000 (UTC)
switching to IN_COMM
received secure communication message!
Received seqNum: 0
Handler: data received from server via secure communication
data1
Resp-actual/expected/ratio/ts: 11 11 1 1521675022796
Distribution protocol: TCP
Resp-actual/expected/ratio/ts: 11 12 0.9166666666666666 1521675081803
connected to auth! from local port 60782
received auth hello!
{ authId: 502, nonce: <Buffer 2f 52 63 9f 7f fa 2f 37> }
received session key response encrypted with distribution key
replyNonce in sessionKeyResp: <Buffer fd 35 c7 3b 74 f1 f2 06>
auth nonce verified
received 1 keys
currentSessionKey: [object Object]
Status: Secure connection closed before starting a new connection.
Session protocol: TCP
chosen commSessionKey: 
{ id: 50202503,
  cipherKeyVal: <Buffer 4e a5 d2 32 ee 0e 9f df a8 36 83 59 cd 73 56 f0>,
  macKeyVal: <Buffer 49 fa 00 bc 5b 00 5d 35 f9 79 c0 ef c1 9f e1 f6 3a 5c c5 3f fc 12 56 bd 03 41 d8 df 9c 82 ec 78>,
  absValidity: 2018-03-22T23:31:21.954Z,
  relValidity: 7200000 }
options
{ serverHost: '10.0.1.32',
  serverPort: 22100,
  sessionKey: 
   { id: 50202503,
     cipherKeyVal: <Buffer 4e a5 d2 32 ee 0e 9f df a8 36 83 59 cd 73 56 f0>,
     macKeyVal: <Buffer 49 fa 00 bc 5b 00 5d 35 f9 79 c0 ef c1 9f e1 f6 3a 5c c5 3f fc 12 56 bd 03 41 d8 df 9c 82 ec 78>,
     absValidity: 2018-03-22T23:31:21.954Z,
     relValidity: 7200000 },
  sessionCryptoSpec: { cipher: 'AES-128-CBC', mac: 'SHA256' },
  sessionProtocol: 'TCP',
  handshakeTimeout: 50000 }
chosen nonce: <Buffer 92 d5 f2 38 e9 b3 db 70>
switching to HANDSHAKE_1_SENT
disconnected from auth
Handler: secure connection with the server closed.
received session key handshake2!
client ret: [object Object]
server authenticated/authorized by solving nonce!
Handler: communication initialization succeeded
file data length: 1024
sending at Wed Mar 21 2018 23:31:22 GMT+0000 (UTC)
switching to IN_COMM
received secure communication message!
Received seqNum: 0
Handler: data received from server via secure communication
data1
Resp-actual/expected/ratio/ts: 12 12 1 1521675082810
Distribution protocol: TCP
Resp-actual/expected/ratio/ts: 12 13 0.9230769230769231 1521675141861
connected to auth! from local port 60944
received auth hello!
{ authId: 502, nonce: <Buffer 36 82 c8 4a 65 d7 09 c8> }
received session key response encrypted with distribution key
replyNonce in sessionKeyResp: <Buffer f3 19 9c 92 50 74 90 12>
auth nonce verified
received 1 keys
currentSessionKey: [object Object]
Status: Secure connection closed before starting a new connection.
Session protocol: TCP
chosen commSessionKey: 
{ id: 50202510,
  cipherKeyVal: <Buffer 84 70 73 9f ec c1 f6 9c 37 19 56 3b 05 b5 8f 07>,
  macKeyVal: <Buffer 05 50 e9 99 3b 74 84 31 2c 93 85 f5 2f 67 f7 43 dc f8 62 b1 0b 9a d6 0f a9 b0 5e 49 ca 76 8b d8>,
  absValidity: 2018-03-22T23:32:21.999Z,
  relValidity: 7200000 }
options
{ serverHost: '10.0.1.32',
  serverPort: 22100,
  sessionKey: 
   { id: 50202510,
     cipherKeyVal: <Buffer 84 70 73 9f ec c1 f6 9c 37 19 56 3b 05 b5 8f 07>,
     macKeyVal: <Buffer 05 50 e9 99 3b 74 84 31 2c 93 85 f5 2f 67 f7 43 dc f8 62 b1 0b 9a d6 0f a9 b0 5e 49 ca 76 8b d8>,
     absValidity: 2018-03-22T23:32:21.999Z,
     relValidity: 7200000 },
  sessionCryptoSpec: { cipher: 'AES-128-CBC', mac: 'SHA256' },
  sessionProtocol: 'TCP',
  handshakeTimeout: 50000 }
chosen nonce: <Buffer ae 25 81 16 25 7f f0 d6>
switching to HANDSHAKE_1_SENT
disconnected from auth
Handler: secure connection with the server closed.
received session key handshake2!
client ret: [object Object]
server authenticated/authorized by solving nonce!
Handler: communication initialization succeeded
file data length: 1024
sending at Wed Mar 21 2018 23:32:22 GMT+0000 (UTC)
switching to IN_COMM
received secure communication message!
Received seqNum: 0
Handler: data received from server via secure communication
data1
Resp-actual/expected/ratio/ts: 13 13 1 1521675142895
Distribution protocol: TCP
Resp-actual/expected/ratio/ts: 13 14 0.9285714285714286 1521675201921
connected to auth! from local port 32874
received auth hello!
{ authId: 502, nonce: <Buffer 50 91 5d 52 3f 63 8b 69> }
received session key response encrypted with distribution key
replyNonce in sessionKeyResp: <Buffer dd 33 b7 53 14 f6 bc 12>
auth nonce verified
received 1 keys
currentSessionKey: [object Object]
Status: Secure connection closed before starting a new connection.
Session protocol: TCP
chosen commSessionKey: 
{ id: 50202517,
  cipherKeyVal: <Buffer f0 7e f1 e0 ac 8e 4c 67 8c 5c 5f 6a ce d6 83 8c>,
  macKeyVal: <Buffer 3a a0 e8 0e a5 ac d1 26 bc 60 0f 52 b6 20 81 35 ef b2 31 27 c8 83 d9 07 1d b8 31 60 f4 3e be ac>,
  absValidity: 2018-03-22T23:33:22.078Z,
  relValidity: 7200000 }
options
{ serverHost: '10.0.1.32',
  serverPort: 22100,
  sessionKey: 
   { id: 50202517,
     cipherKeyVal: <Buffer f0 7e f1 e0 ac 8e 4c 67 8c 5c 5f 6a ce d6 83 8c>,
     macKeyVal: <Buffer 3a a0 e8 0e a5 ac d1 26 bc 60 0f 52 b6 20 81 35 ef b2 31 27 c8 83 d9 07 1d b8 31 60 f4 3e be ac>,
     absValidity: 2018-03-22T23:33:22.078Z,
     relValidity: 7200000 },
  sessionCryptoSpec: { cipher: 'AES-128-CBC', mac: 'SHA256' },
  sessionProtocol: 'TCP',
  handshakeTimeout: 50000 }
chosen nonce: <Buffer e8 af 10 ca 0c 23 75 5c>
switching to HANDSHAKE_1_SENT
disconnected from auth
Handler: secure connection with the server closed.
received session key handshake2!
client ret: [object Object]
server authenticated/authorized by solving nonce!
Handler: communication initialization succeeded
file data length: 1024
sending at Wed Mar 21 2018 23:33:22 GMT+0000 (UTC)
switching to IN_COMM
received secure communication message!
Received seqNum: 0
Handler: data received from server via secure communication
data1
Resp-actual/expected/ratio/ts: 14 14 1 1521675202928
Distribution protocol: TCP
Resp-actual/expected/ratio/ts: 14 15 0.9333333333333333 1521675261980
connected to auth! from local port 33036
received auth hello!
{ authId: 502, nonce: <Buffer a5 ac 86 07 a7 65 06 97> }
received session key response encrypted with distribution key
replyNonce in sessionKeyResp: <Buffer 89 24 50 ef 2f b8 4e b5>
auth nonce verified
received 1 keys
currentSessionKey: [object Object]
Status: Secure connection closed before starting a new connection.
Session protocol: TCP
chosen commSessionKey: 
{ id: 50202524,
  cipherKeyVal: <Buffer df d6 b8 e5 23 35 45 51 c3 ed 69 78 19 ae 36 6d>,
  macKeyVal: <Buffer a8 cb 0e 90 65 81 2f 1f 86 9a 10 1a 12 c0 6a 2e b9 bf f9 2d 29 04 b3 27 9e 38 95 5b 56 04 a2 38>,
  absValidity: 2018-03-22T23:34:22.126Z,
  relValidity: 7200000 }
options
{ serverHost: '10.0.1.32',
  serverPort: 22100,
  sessionKey: 
   { id: 50202524,
     cipherKeyVal: <Buffer df d6 b8 e5 23 35 45 51 c3 ed 69 78 19 ae 36 6d>,
     macKeyVal: <Buffer a8 cb 0e 90 65 81 2f 1f 86 9a 10 1a 12 c0 6a 2e b9 bf f9 2d 29 04 b3 27 9e 38 95 5b 56 04 a2 38>,
     absValidity: 2018-03-22T23:34:22.126Z,
     relValidity: 7200000 },
  sessionCryptoSpec: { cipher: 'AES-128-CBC', mac: 'SHA256' },
  sessionProtocol: 'TCP',
  handshakeTimeout: 50000 }
chosen nonce: <Buffer 4f 0c cc c9 9d de d2 6b>
switching to HANDSHAKE_1_SENT
disconnected from auth
Handler: secure connection with the server closed.
received session key handshake2!
client ret: [object Object]
server authenticated/authorized by solving nonce!
Handler: communication initialization succeeded
file data length: 1024
sending at Wed Mar 21 2018 23:34:22 GMT+0000 (UTC)
switching to IN_COMM
received secure communication message!
Received seqNum: 0
Handler: data received from server via secure communication
data1
Resp-actual/expected/ratio/ts: 15 15 1 1521675263031
Distribution protocol: TCP
Resp-actual/expected/ratio/ts: 15 16 0.9375 1521675322038
connected to auth! from local port 33198
received auth hello!
{ authId: 502, nonce: <Buffer d0 4d 93 63 79 69 e2 cf> }
received session key response encrypted with distribution key
replyNonce in sessionKeyResp: <Buffer 28 0a e2 ac e7 d9 f8 06>
auth nonce verified
received 1 keys
currentSessionKey: [object Object]
Status: Secure connection closed before starting a new connection.
Session protocol: TCP
chosen commSessionKey: 
{ id: 50202531,
  cipherKeyVal: <Buffer 24 19 2e 57 96 92 52 5d c8 c3 20 b3 b5 f9 07 ee>,
  macKeyVal: <Buffer 5a 35 c3 15 b5 d0 e1 78 53 75 26 87 a1 b0 48 5b 90 54 9e 5e a0 f2 08 cf 3b ee 1a dd 40 c1 6a 26>,
  absValidity: 2018-03-22T23:35:22.167Z,
  relValidity: 7200000 }
options
{ serverHost: '10.0.1.32',
  serverPort: 22100,
  sessionKey: 
   { id: 50202531,
     cipherKeyVal: <Buffer 24 19 2e 57 96 92 52 5d c8 c3 20 b3 b5 f9 07 ee>,
     macKeyVal: <Buffer 5a 35 c3 15 b5 d0 e1 78 53 75 26 87 a1 b0 48 5b 90 54 9e 5e a0 f2 08 cf 3b ee 1a dd 40 c1 6a 26>,
     absValidity: 2018-03-22T23:35:22.167Z,
     relValidity: 7200000 },
  sessionCryptoSpec: { cipher: 'AES-128-CBC', mac: 'SHA256' },
  sessionProtocol: 'TCP',
  handshakeTimeout: 50000 }
chosen nonce: <Buffer 7f d2 88 47 f1 df cd eb>
switching to HANDSHAKE_1_SENT
disconnected from auth
Handler: secure connection with the server closed.
received session key handshake2!
client ret: [object Object]
server authenticated/authorized by solving nonce!
Handler: communication initialization succeeded
file data length: 1024
sending at Wed Mar 21 2018 23:35:22 GMT+0000 (UTC)
switching to IN_COMM
received secure communication message!
Received seqNum: 0
Handler: data received from server via secure communication
data1
Resp-actual/expected/ratio/ts: 16 16 1 1521675322976
Distribution protocol: TCP
Resp-actual/expected/ratio/ts: 16 17 0.9411764705882353 1521675382098
connected to auth! from local port 33360
received auth hello!
{ authId: 502, nonce: <Buffer 81 36 88 49 8f df 5f 39> }
received session key response encrypted with distribution key
replyNonce in sessionKeyResp: <Buffer b8 36 50 0b 40 0b 59 8b>
auth nonce verified
received 1 keys
currentSessionKey: [object Object]
Status: Secure connection closed before starting a new connection.
Session protocol: TCP
chosen commSessionKey: 
{ id: 50202538,
  cipherKeyVal: <Buffer a7 cc 65 a2 a6 f5 93 a5 62 06 e3 8f 80 12 cf 14>,
  macKeyVal: <Buffer b0 e4 ba 5e 17 3e 2c a0 f2 8b b0 88 e4 9a 08 68 92 cc 6f 7b e1 dd 72 c7 42 2b f3 cf 8f cc 69 8c>,
  absValidity: 2018-03-22T23:36:22.256Z,
  relValidity: 7200000 }
options
{ serverHost: '10.0.1.32',
  serverPort: 22100,
  sessionKey: 
   { id: 50202538,
     cipherKeyVal: <Buffer a7 cc 65 a2 a6 f5 93 a5 62 06 e3 8f 80 12 cf 14>,
     macKeyVal: <Buffer b0 e4 ba 5e 17 3e 2c a0 f2 8b b0 88 e4 9a 08 68 92 cc 6f 7b e1 dd 72 c7 42 2b f3 cf 8f cc 69 8c>,
     absValidity: 2018-03-22T23:36:22.256Z,
     relValidity: 7200000 },
  sessionCryptoSpec: { cipher: 'AES-128-CBC', mac: 'SHA256' },
  sessionProtocol: 'TCP',
  handshakeTimeout: 50000 }
chosen nonce: <Buffer 58 a4 29 43 d6 f3 bf 41>
switching to HANDSHAKE_1_SENT
disconnected from auth
Handler: secure connection with the server closed.
received session key handshake2!
client ret: [object Object]
server authenticated/authorized by solving nonce!
Handler: communication initialization succeeded
file data length: 1024
sending at Wed Mar 21 2018 23:36:22 GMT+0000 (UTC)
switching to IN_COMM
received secure communication message!
Received seqNum: 0
Handler: data received from server via secure communication
data1
Resp-actual/expected/ratio/ts: 17 17 1 1521675383105
Distribution protocol: TCP
Resp-actual/expected/ratio/ts: 17 18 0.9444444444444444 1521675442153
connected to auth! from local port 33522
received auth hello!
{ authId: 502, nonce: <Buffer 3c 73 d1 31 60 aa 2e c2> }
received session key response encrypted with distribution key
replyNonce in sessionKeyResp: <Buffer 09 b2 2e 46 46 71 8e 16>
auth nonce verified
received 1 keys
currentSessionKey: [object Object]
Status: Secure connection closed before starting a new connection.
Session protocol: TCP
chosen commSessionKey: 
{ id: 50202545,
  cipherKeyVal: <Buffer 66 65 c1 a1 a2 6b 9c 4e 85 92 16 38 03 57 5c e8>,
  macKeyVal: <Buffer 3b 35 f4 ba b0 09 ad 3e a1 48 68 79 f2 5e d6 08 a2 d2 4d 5f 6e ab 3c fb 7d 26 c5 4c 36 8e 42 04>,
  absValidity: 2018-03-22T23:37:22.281Z,
  relValidity: 7200000 }
options
{ serverHost: '10.0.1.32',
  serverPort: 22100,
  sessionKey: 
   { id: 50202545,
     cipherKeyVal: <Buffer 66 65 c1 a1 a2 6b 9c 4e 85 92 16 38 03 57 5c e8>,
     macKeyVal: <Buffer 3b 35 f4 ba b0 09 ad 3e a1 48 68 79 f2 5e d6 08 a2 d2 4d 5f 6e ab 3c fb 7d 26 c5 4c 36 8e 42 04>,
     absValidity: 2018-03-22T23:37:22.281Z,
     relValidity: 7200000 },
  sessionCryptoSpec: { cipher: 'AES-128-CBC', mac: 'SHA256' },
  sessionProtocol: 'TCP',
  handshakeTimeout: 50000 }
chosen nonce: <Buffer 7e f5 2d 95 1e 09 ac 4d>
switching to HANDSHAKE_1_SENT
disconnected from auth
Handler: secure connection with the server closed.
received session key handshake2!
client ret: [object Object]
server authenticated/authorized by solving nonce!
Handler: communication initialization succeeded
file data length: 1024
sending at Wed Mar 21 2018 23:37:22 GMT+0000 (UTC)
switching to IN_COMM
received secure communication message!
Received seqNum: 0
Handler: data received from server via secure communication
data1
Resp-actual/expected/ratio/ts: 18 18 1 1521675443261
Distribution protocol: TCP
Resp-actual/expected/ratio/ts: 18 19 0.9473684210526315 1521675502212
connected to auth! from local port 33684
received auth hello!
{ authId: 502, nonce: <Buffer 02 69 c4 60 6a 96 0e 27> }
received session key response encrypted with distribution key
replyNonce in sessionKeyResp: <Buffer 10 5e 69 fd 20 01 14 80>
auth nonce verified
received 1 keys
currentSessionKey: [object Object]
Status: Secure connection closed before starting a new connection.
Session protocol: TCP
chosen commSessionKey: 
{ id: 50202552,
  cipherKeyVal: <Buffer 92 96 6d e8 9c 52 c6 49 6f eb 22 04 a1 58 cd a4>,
  macKeyVal: <Buffer ef 86 2f a4 02 fe 8d cf 5e e8 9c ba 8f 41 83 55 e7 ef 21 e5 7a 35 74 f7 f8 e0 cd c8 a1 98 7b 89>,
  absValidity: 2018-03-22T23:38:22.335Z,
  relValidity: 7200000 }
options
{ serverHost: '10.0.1.32',
  serverPort: 22100,
  sessionKey: 
   { id: 50202552,
     cipherKeyVal: <Buffer 92 96 6d e8 9c 52 c6 49 6f eb 22 04 a1 58 cd a4>,
     macKeyVal: <Buffer ef 86 2f a4 02 fe 8d cf 5e e8 9c ba 8f 41 83 55 e7 ef 21 e5 7a 35 74 f7 f8 e0 cd c8 a1 98 7b 89>,
     absValidity: 2018-03-22T23:38:22.335Z,
     relValidity: 7200000 },
  sessionCryptoSpec: { cipher: 'AES-128-CBC', mac: 'SHA256' },
  sessionProtocol: 'TCP',
  handshakeTimeout: 50000 }
chosen nonce: <Buffer 66 ae b5 cd 33 50 48 f6>
switching to HANDSHAKE_1_SENT
disconnected from auth
Handler: secure connection with the server closed.
received session key handshake2!
client ret: [object Object]
server authenticated/authorized by solving nonce!
Handler: communication initialization succeeded
file data length: 1024
sending at Wed Mar 21 2018 23:38:22 GMT+0000 (UTC)
switching to IN_COMM
received secure communication message!
Received seqNum: 0
Handler: data received from server via secure communication
data1
Resp-actual/expected/ratio/ts: 19 19 1 1521675503262
Distribution protocol: TCP
Resp-actual/expected/ratio/ts: 19 20 0.95 1521675562272
connected to auth! from local port 33846
received auth hello!
{ authId: 502, nonce: <Buffer 52 d2 bb c9 5d df 64 6b> }
received session key response encrypted with distribution key
replyNonce in sessionKeyResp: <Buffer 67 d3 35 98 ce c3 4e 4e>
auth nonce verified
received 1 keys
currentSessionKey: [object Object]
Status: Secure connection closed before starting a new connection.
Session protocol: TCP
chosen commSessionKey: 
{ id: 50202559,
  cipherKeyVal: <Buffer 57 b1 0a da a2 40 fc 5e 46 fa da ed c0 ce eb 01>,
  macKeyVal: <Buffer 23 9e 71 95 55 84 60 80 d5 f6 2f 0b 72 35 46 29 82 a8 75 3f d8 8a c3 39 84 db 75 78 4e 8a 9d 32>,
  absValidity: 2018-03-22T23:39:22.415Z,
  relValidity: 7200000 }
options
{ serverHost: '10.0.1.32',
  serverPort: 22100,
  sessionKey: 
   { id: 50202559,
     cipherKeyVal: <Buffer 57 b1 0a da a2 40 fc 5e 46 fa da ed c0 ce eb 01>,
     macKeyVal: <Buffer 23 9e 71 95 55 84 60 80 d5 f6 2f 0b 72 35 46 29 82 a8 75 3f d8 8a c3 39 84 db 75 78 4e 8a 9d 32>,
     absValidity: 2018-03-22T23:39:22.415Z,
     relValidity: 7200000 },
  sessionCryptoSpec: { cipher: 'AES-128-CBC', mac: 'SHA256' },
  sessionProtocol: 'TCP',
  handshakeTimeout: 50000 }
chosen nonce: <Buffer 23 b0 e6 f8 bd 4d 4b f4>
switching to HANDSHAKE_1_SENT
disconnected from auth
Handler: secure connection with the server closed.
received session key handshake2!
client ret: [object Object]
server authenticated/authorized by solving nonce!
Handler: communication initialization succeeded
file data length: 1024
sending at Wed Mar 21 2018 23:39:23 GMT+0000 (UTC)
switching to IN_COMM
received secure communication message!
Received seqNum: 0
Handler: data received from server via secure communication
data1
Resp-actual/expected/ratio/ts: 20 20 1 1521675563392
Distribution protocol: TCP
Resp-actual/expected/ratio/ts: 20 21 0.9523809523809523 1521675622331
connected to auth! from local port 34008
received auth hello!
{ authId: 502, nonce: <Buffer b4 bb 76 37 19 aa 2a ca> }
received session key response encrypted with distribution key
replyNonce in sessionKeyResp: <Buffer 35 ab 6d 2e 12 ed 4e d1>
auth nonce verified
received 1 keys
currentSessionKey: [object Object]
Status: Secure connection closed before starting a new connection.
Session protocol: TCP
chosen commSessionKey: 
{ id: 50202566,
  cipherKeyVal: <Buffer cf 75 6e fc c7 c8 6e d2 d4 62 9c c2 f3 fc 26 b9>,
  macKeyVal: <Buffer c9 e6 70 66 2e 92 6c 69 f8 94 b9 06 6f 4a 16 6c df 98 4b 55 b0 84 18 d8 2f 29 66 63 c0 87 4b ba>,
  absValidity: 2018-03-22T23:40:22.484Z,
  relValidity: 7200000 }
options
{ serverHost: '10.0.1.32',
  serverPort: 22100,
  sessionKey: 
   { id: 50202566,
     cipherKeyVal: <Buffer cf 75 6e fc c7 c8 6e d2 d4 62 9c c2 f3 fc 26 b9>,
     macKeyVal: <Buffer c9 e6 70 66 2e 92 6c 69 f8 94 b9 06 6f 4a 16 6c df 98 4b 55 b0 84 18 d8 2f 29 66 63 c0 87 4b ba>,
     absValidity: 2018-03-22T23:40:22.484Z,
     relValidity: 7200000 },
  sessionCryptoSpec: { cipher: 'AES-128-CBC', mac: 'SHA256' },
  sessionProtocol: 'TCP',
  handshakeTimeout: 50000 }
chosen nonce: <Buffer 75 41 5f c0 01 5d 45 02>
switching to HANDSHAKE_1_SENT
disconnected from auth
Handler: secure connection with the server closed.
received session key handshake2!
client ret: [object Object]
server authenticated/authorized by solving nonce!
Handler: communication initialization succeeded
file data length: 1024
sending at Wed Mar 21 2018 23:40:23 GMT+0000 (UTC)
switching to IN_COMM
received secure communication message!
Received seqNum: 0
Handler: data received from server via secure communication
data1
Resp-actual/expected/ratio/ts: 21 21 1 1521675623342
Distribution protocol: TCP
Resp-actual/expected/ratio/ts: 21 22 0.9545454545454546 1521675682391
connected to auth! from local port 34170
received auth hello!
{ authId: 502, nonce: <Buffer 58 26 83 11 78 b4 fd 74> }
received session key response encrypted with distribution key
replyNonce in sessionKeyResp: <Buffer f2 c2 3b 3a 04 ca 0f a5>
auth nonce verified
received 1 keys
currentSessionKey: [object Object]
Status: Secure connection closed before starting a new connection.
Session protocol: TCP
chosen commSessionKey: 
{ id: 50202573,
  cipherKeyVal: <Buffer 18 74 63 68 49 60 89 c6 1e 5e 6a b3 b7 14 11 18>,
  macKeyVal: <Buffer 87 31 6e c1 1c 1e 63 0b fd 18 3b 0c fb 61 34 98 9f e3 83 a1 61 0b c6 71 ea 8f e0 a8 c2 74 00 55>,
  absValidity: 2018-03-22T23:41:22.522Z,
  relValidity: 7200000 }
options
{ serverHost: '10.0.1.32',
  serverPort: 22100,
  sessionKey: 
   { id: 50202573,
     cipherKeyVal: <Buffer 18 74 63 68 49 60 89 c6 1e 5e 6a b3 b7 14 11 18>,
     macKeyVal: <Buffer 87 31 6e c1 1c 1e 63 0b fd 18 3b 0c fb 61 34 98 9f e3 83 a1 61 0b c6 71 ea 8f e0 a8 c2 74 00 55>,
     absValidity: 2018-03-22T23:41:22.522Z,
     relValidity: 7200000 },
  sessionCryptoSpec: { cipher: 'AES-128-CBC', mac: 'SHA256' },
  sessionProtocol: 'TCP',
  handshakeTimeout: 50000 }
chosen nonce: <Buffer 97 f6 13 e0 b9 6c 04 25>
switching to HANDSHAKE_1_SENT
disconnected from auth
Handler: secure connection with the server closed.
received session key handshake2!
client ret: [object Object]
server authenticated/authorized by solving nonce!
Handler: communication initialization succeeded
file data length: 1024
sending at Wed Mar 21 2018 23:41:23 GMT+0000 (UTC)
switching to IN_COMM
received secure communication message!
Received seqNum: 0
Handler: data received from server via secure communication
data1
Resp-actual/expected/ratio/ts: 22 22 1 1521675683388
Distribution protocol: TCP
Resp-actual/expected/ratio/ts: 22 23 0.9565217391304348 1521675742410
connected to auth! from local port 34332
received auth hello!
{ authId: 502, nonce: <Buffer d8 9b c5 bb 0d b6 95 bc> }
received session key response encrypted with distribution key
replyNonce in sessionKeyResp: <Buffer eb 08 13 63 0f a0 c5 25>
auth nonce verified
received 1 keys
currentSessionKey: [object Object]
Status: Secure connection closed before starting a new connection.
Session protocol: TCP
chosen commSessionKey: 
{ id: 50202580,
  cipherKeyVal: <Buffer a5 37 30 2b c5 9d 63 68 fe 40 39 ad ae f7 a9 99>,
  macKeyVal: <Buffer 76 69 55 06 be e3 52 aa a9 11 8f 6e a6 ba d8 02 b0 a7 fd 75 83 4a b7 9f c8 04 20 80 8a 28 b9 f3>,
  absValidity: 2018-03-22T23:42:22.559Z,
  relValidity: 7200000 }
options
{ serverHost: '10.0.1.32',
  serverPort: 22100,
  sessionKey: 
   { id: 50202580,
     cipherKeyVal: <Buffer a5 37 30 2b c5 9d 63 68 fe 40 39 ad ae f7 a9 99>,
     macKeyVal: <Buffer 76 69 55 06 be e3 52 aa a9 11 8f 6e a6 ba d8 02 b0 a7 fd 75 83 4a b7 9f c8 04 20 80 8a 28 b9 f3>,
     absValidity: 2018-03-22T23:42:22.559Z,
     relValidity: 7200000 },
  sessionCryptoSpec: { cipher: 'AES-128-CBC', mac: 'SHA256' },
  sessionProtocol: 'TCP',
  handshakeTimeout: 50000 }
chosen nonce: <Buffer c6 68 36 65 1b fb 0c b4>
switching to HANDSHAKE_1_SENT
disconnected from auth
Handler: secure connection with the server closed.
received session key handshake2!
client ret: [object Object]
server authenticated/authorized by solving nonce!
Handler: communication initialization succeeded
file data length: 1024
sending at Wed Mar 21 2018 23:42:23 GMT+0000 (UTC)
switching to IN_COMM
received secure communication message!
Received seqNum: 0
Handler: data received from server via secure communication
data1
Resp-actual/expected/ratio/ts: 23 23 1 1521675743481
Distribution protocol: TCP
Resp-actual/expected/ratio/ts: 23 24 0.9583333333333334 1521675802469
connected to auth! from local port 34494
received auth hello!
{ authId: 502, nonce: <Buffer 43 9c cf c9 8e 07 12 dd> }
received session key response encrypted with distribution key
replyNonce in sessionKeyResp: <Buffer d9 28 16 ac cc 3c 77 25>
auth nonce verified
received 1 keys
currentSessionKey: [object Object]
Status: Secure connection closed before starting a new connection.
Session protocol: TCP
chosen commSessionKey: 
{ id: 50202587,
  cipherKeyVal: <Buffer 1a d5 27 ed 97 e2 03 5d 5d 22 30 03 e7 2b a0 e9>,
  macKeyVal: <Buffer 1f 74 87 d4 88 c5 2e 34 8e c3 55 a3 f0 0e cc 03 bb 9e e0 e8 6d 8e 3e 8c e3 e9 fa 09 a0 e9 c8 0e>,
  absValidity: 2018-03-22T23:43:22.604Z,
  relValidity: 7200000 }
options
{ serverHost: '10.0.1.32',
  serverPort: 22100,
  sessionKey: 
   { id: 50202587,
     cipherKeyVal: <Buffer 1a d5 27 ed 97 e2 03 5d 5d 22 30 03 e7 2b a0 e9>,
     macKeyVal: <Buffer 1f 74 87 d4 88 c5 2e 34 8e c3 55 a3 f0 0e cc 03 bb 9e e0 e8 6d 8e 3e 8c e3 e9 fa 09 a0 e9 c8 0e>,
     absValidity: 2018-03-22T23:43:22.604Z,
     relValidity: 7200000 },
  sessionCryptoSpec: { cipher: 'AES-128-CBC', mac: 'SHA256' },
  sessionProtocol: 'TCP',
  handshakeTimeout: 50000 }
chosen nonce: <Buffer 11 9c a7 d9 5d 31 42 81>
switching to HANDSHAKE_1_SENT
disconnected from auth
Handler: secure connection with the server closed.
received session key handshake2!
client ret: [object Object]
server authenticated/authorized by solving nonce!
Handler: communication initialization succeeded
file data length: 1024
sending at Wed Mar 21 2018 23:43:23 GMT+0000 (UTC)
switching to IN_COMM
received secure communication message!
Received seqNum: 0
Handler: data received from server via secure communication
data1
Resp-actual/expected/ratio/ts: 24 24 1 1521675803537
Distribution protocol: TCP
Resp-actual/expected/ratio/ts: 24 25 0.96 1521675862472
connected to auth! from local port 34656
received auth hello!
{ authId: 502, nonce: <Buffer 3f 17 0b 95 3d 5f 6b c1> }
received session key response encrypted with distribution key
replyNonce in sessionKeyResp: <Buffer 34 07 43 62 93 6b 88 9f>
auth nonce verified
received 1 keys
currentSessionKey: [object Object]
Status: Secure connection closed before starting a new connection.
Session protocol: TCP
chosen commSessionKey: 
{ id: 50202594,
  cipherKeyVal: <Buffer 60 13 82 99 78 70 45 ff 4c 00 34 a2 94 36 87 fd>,
  macKeyVal: <Buffer c6 71 df 61 59 3a b1 05 41 54 99 4a 1a 2f f6 5d af d4 87 1f 14 86 d0 15 e7 cf c7 f5 7e 44 25 14>,
  absValidity: 2018-03-22T23:44:22.596Z,
  relValidity: 7200000 }
options
{ serverHost: '10.0.1.32',
  serverPort: 22100,
  sessionKey: 
   { id: 50202594,
     cipherKeyVal: <Buffer 60 13 82 99 78 70 45 ff 4c 00 34 a2 94 36 87 fd>,
     macKeyVal: <Buffer c6 71 df 61 59 3a b1 05 41 54 99 4a 1a 2f f6 5d af d4 87 1f 14 86 d0 15 e7 cf c7 f5 7e 44 25 14>,
     absValidity: 2018-03-22T23:44:22.596Z,
     relValidity: 7200000 },
  sessionCryptoSpec: { cipher: 'AES-128-CBC', mac: 'SHA256' },
  sessionProtocol: 'TCP',
  handshakeTimeout: 50000 }
chosen nonce: <Buffer fc 63 97 a0 47 4c d7 fe>
switching to HANDSHAKE_1_SENT
disconnected from auth
Handler: secure connection with the server closed.
received session key handshake2!
client ret: [object Object]
server authenticated/authorized by solving nonce!
Handler: communication initialization succeeded
file data length: 1024
sending at Wed Mar 21 2018 23:44:23 GMT+0000 (UTC)
switching to IN_COMM
received secure communication message!
Received seqNum: 0
Handler: data received from server via secure communication
data1
Resp-actual/expected/ratio/ts: 25 25 1 1521675863434
Distribution protocol: TCP
Resp-actual/expected/ratio/ts: 25 26 0.9615384615384616 1521675922531
connected to auth! from local port 34820
received auth hello!
{ authId: 502, nonce: <Buffer 11 f5 e7 32 22 c4 ad 54> }
received session key response encrypted with distribution key
replyNonce in sessionKeyResp: <Buffer 6f 7c f7 b3 48 98 2a c3>
auth nonce verified
received 1 keys
currentSessionKey: [object Object]
Status: Secure connection closed before starting a new connection.
Session protocol: TCP
chosen commSessionKey: 
{ id: 50202601,
  cipherKeyVal: <Buffer 09 59 dd 2e 4e 04 1d 12 58 bd 34 d7 15 73 86 75>,
  macKeyVal: <Buffer b4 c6 c4 dc 0b 64 e5 1a eb ed c0 82 36 02 0d b4 47 9b 70 06 7f 64 e3 ac 65 fc 5b 19 e3 74 80 e1>,
  absValidity: 2018-03-22T23:45:22.665Z,
  relValidity: 7200000 }
options
{ serverHost: '10.0.1.32',
  serverPort: 22100,
  sessionKey: 
   { id: 50202601,
     cipherKeyVal: <Buffer 09 59 dd 2e 4e 04 1d 12 58 bd 34 d7 15 73 86 75>,
     macKeyVal: <Buffer b4 c6 c4 dc 0b 64 e5 1a eb ed c0 82 36 02 0d b4 47 9b 70 06 7f 64 e3 ac 65 fc 5b 19 e3 74 80 e1>,
     absValidity: 2018-03-22T23:45:22.665Z,
     relValidity: 7200000 },
  sessionCryptoSpec: { cipher: 'AES-128-CBC', mac: 'SHA256' },
  sessionProtocol: 'TCP',
  handshakeTimeout: 50000 }
chosen nonce: <Buffer 00 8d 3b 31 89 7b d0 3e>
switching to HANDSHAKE_1_SENT
disconnected from auth
Handler: secure connection with the server closed.
received session key handshake2!
client ret: [object Object]
server authenticated/authorized by solving nonce!
Handler: communication initialization succeeded
file data length: 1024
sending at Wed Mar 21 2018 23:45:23 GMT+0000 (UTC)
switching to IN_COMM
received secure communication message!
Received seqNum: 0
Handler: data received from server via secure communication
data1
Resp-actual/expected/ratio/ts: 26 26 1 1521675923526
Distribution protocol: TCP
Resp-actual/expected/ratio/ts: 26 27 0.9629629629629629 1521675982590
connected to auth! from local port 34982
received auth hello!
{ authId: 502, nonce: <Buffer 4a 8e fd 60 9c 32 54 4a> }
received session key response encrypted with distribution key
replyNonce in sessionKeyResp: <Buffer b6 46 87 8c 1e b4 8f 3b>
auth nonce verified
received 1 keys
currentSessionKey: [object Object]
Status: Secure connection closed before starting a new connection.
Session protocol: TCP
chosen commSessionKey: 
{ id: 50202608,
  cipherKeyVal: <Buffer 71 53 cb 94 8c 9f 25 4f 0d 69 a5 3a 35 2f ef 8f>,
  macKeyVal: <Buffer 27 a7 e9 4f 89 66 b3 1d 21 26 b6 4c 2c ff 2a ce 14 d2 d1 b2 eb 44 34 11 52 18 f6 22 25 51 90 68>,
  absValidity: 2018-03-22T23:46:22.744Z,
  relValidity: 7200000 }
options
{ serverHost: '10.0.1.32',
  serverPort: 22100,
  sessionKey: 
   { id: 50202608,
     cipherKeyVal: <Buffer 71 53 cb 94 8c 9f 25 4f 0d 69 a5 3a 35 2f ef 8f>,
     macKeyVal: <Buffer 27 a7 e9 4f 89 66 b3 1d 21 26 b6 4c 2c ff 2a ce 14 d2 d1 b2 eb 44 34 11 52 18 f6 22 25 51 90 68>,
     absValidity: 2018-03-22T23:46:22.744Z,
     relValidity: 7200000 },
  sessionCryptoSpec: { cipher: 'AES-128-CBC', mac: 'SHA256' },
  sessionProtocol: 'TCP',
  handshakeTimeout: 50000 }
chosen nonce: <Buffer 0e 16 3f aa 3c 96 98 52>
switching to HANDSHAKE_1_SENT
disconnected from auth
Handler: secure connection with the server closed.
received session key handshake2!
client ret: [object Object]
server authenticated/authorized by solving nonce!
Handler: communication initialization succeeded
file data length: 1024
sending at Wed Mar 21 2018 23:46:23 GMT+0000 (UTC)
switching to IN_COMM
received secure communication message!
Received seqNum: 0
Handler: data received from server via secure communication
data1
Resp-actual/expected/ratio/ts: 27 27 1 1521675983591
Distribution protocol: TCP
Resp-actual/expected/ratio/ts: 27 28 0.9642857142857143 1521676042629
connected to auth! from local port 35130
received auth hello!
{ authId: 502, nonce: <Buffer 21 91 a9 6e 11 97 ab 59> }
received session key response encrypted with distribution key
replyNonce in sessionKeyResp: <Buffer 08 3a 00 d1 22 36 86 9c>
auth nonce verified
received 1 keys
currentSessionKey: [object Object]
Status: Secure connection closed before starting a new connection.
Session protocol: TCP
chosen commSessionKey: 
{ id: 50202615,
  cipherKeyVal: <Buffer c7 b9 8d e5 85 82 84 17 3d b8 35 09 25 da c3 7c>,
  macKeyVal: <Buffer 7c ce 97 36 20 1f d1 98 03 62 b1 c5 30 a7 87 49 1f 4f 47 c4 b0 46 32 4b 69 4a e1 55 82 4c 1a b3>,
  absValidity: 2018-03-22T23:47:22.737Z,
  relValidity: 7200000 }
options
{ serverHost: '10.0.1.32',
  serverPort: 22100,
  sessionKey: 
   { id: 50202615,
     cipherKeyVal: <Buffer c7 b9 8d e5 85 82 84 17 3d b8 35 09 25 da c3 7c>,
     macKeyVal: <Buffer 7c ce 97 36 20 1f d1 98 03 62 b1 c5 30 a7 87 49 1f 4f 47 c4 b0 46 32 4b 69 4a e1 55 82 4c 1a b3>,
     absValidity: 2018-03-22T23:47:22.737Z,
     relValidity: 7200000 },
  sessionCryptoSpec: { cipher: 'AES-128-CBC', mac: 'SHA256' },
  sessionProtocol: 'TCP',
  handshakeTimeout: 50000 }
chosen nonce: <Buffer 4f 23 5d f6 58 21 a8 39>
switching to HANDSHAKE_1_SENT
disconnected from auth
Handler: secure connection with the server closed.
received session key handshake2!
client ret: [object Object]
server authenticated/authorized by solving nonce!
Handler: communication initialization succeeded
file data length: 1024
sending at Wed Mar 21 2018 23:47:23 GMT+0000 (UTC)
switching to IN_COMM
received secure communication message!
Received seqNum: 0
Handler: data received from server via secure communication
data1
Resp-actual/expected/ratio/ts: 28 28 1 1521676043662
Distribution protocol: TCP
Resp-actual/expected/ratio/ts: 28 29 0.9655172413793104 1521676102685
connected to auth! from local port 35242
received auth hello!
{ authId: 502, nonce: <Buffer 9a c2 cd 46 25 0d 7f 1a> }
received session key response encrypted with distribution key
replyNonce in sessionKeyResp: <Buffer 10 83 0d 2f aa 53 14 8e>
auth nonce verified
received 1 keys
currentSessionKey: [object Object]
Status: Secure connection closed before starting a new connection.
Session protocol: TCP
chosen commSessionKey: 
{ id: 50202622,
  cipherKeyVal: <Buffer e9 da de f0 e9 58 84 25 50 98 4e 29 a3 a7 19 ae>,
  macKeyVal: <Buffer fa b6 47 b8 d6 0a 18 2b a1 c1 48 6d 1c a9 f3 96 4c ff c0 94 8d 6b 56 9a 14 10 56 ee 10 ee c9 3d>,
  absValidity: 2018-03-22T23:48:22.827Z,
  relValidity: 7200000 }
options
{ serverHost: '10.0.1.32',
  serverPort: 22100,
  sessionKey: 
   { id: 50202622,
     cipherKeyVal: <Buffer e9 da de f0 e9 58 84 25 50 98 4e 29 a3 a7 19 ae>,
     macKeyVal: <Buffer fa b6 47 b8 d6 0a 18 2b a1 c1 48 6d 1c a9 f3 96 4c ff c0 94 8d 6b 56 9a 14 10 56 ee 10 ee c9 3d>,
     absValidity: 2018-03-22T23:48:22.827Z,
     relValidity: 7200000 },
  sessionCryptoSpec: { cipher: 'AES-128-CBC', mac: 'SHA256' },
  sessionProtocol: 'TCP',
  handshakeTimeout: 50000 }
chosen nonce: <Buffer f2 26 2e 00 6d 7a 5e 21>
switching to HANDSHAKE_1_SENT
disconnected from auth
Handler: secure connection with the server closed.
received session key handshake2!
client ret: [object Object]
server authenticated/authorized by solving nonce!
Handler: communication initialization succeeded
file data length: 1024
sending at Wed Mar 21 2018 23:48:23 GMT+0000 (UTC)
switching to IN_COMM
received secure communication message!
Received seqNum: 0
Handler: data received from server via secure communication
data1
Resp-actual/expected/ratio/ts: 29 29 1 1521676103828
