changing working directory to: /home/hokeunkim/Development/iotauth/entity/node/example_entities
loading from config file: /home/hokeunkim/Development/iotauth_experiments/experiments/ccs2017/expOptions/expEntity.option
Experimental options for autoClient: { autoSendPeriod: 60000,
  useSameSessionKeyCount: 1,
  connectionTimeout: 50000,
  migrationEnabled: false,
  authFailureThreshold: 2,
  migrationFailureThreshold: 2 }
loading from config file: /home/hokeunkim/Development/iotauth/entity/node/example_entities/configs/Clients/c513.config
initializing...
current parameters: { numKeysPerRequest: 3,
  migrationEnabled: false,
  authFailureThreshold: 3,
  migrationFailureThreshold: 3 }
current parameters: { numKeysPerRequest: 1,
  migrationEnabled: false,
  authFailureThreshold: 3,
  migrationFailureThreshold: 3 }
current parameters: { numKeysPerRequest: 1,
  migrationEnabled: false,
  authFailureThreshold: 3,
  migrationFailureThreshold: 3 }
current parameters: { numKeysPerRequest: 1,
  migrationEnabled: false,
  authFailureThreshold: 2,
  migrationFailureThreshold: 3 }
current parameters: { numKeysPerRequest: 1,
  migrationEnabled: false,
  authFailureThreshold: 2,
  migrationFailureThreshold: 2 }
current entityInfo: { name: 'c513',
  group: 'Clients',
  distProtocol: 'TCP',
  usePermanentDistKey: false,
  connectionTimeout: 50000,
  privateKey: <Buffer 2d 2d 2d 2d 2d 42 45 47 49 4e 20 52 53 41 20 50 52 49 56 41 54 45 20 4b 45 59 2d 2d 2d 2d 2d 0a 4d 49 49 45 6f 51 49 42 41 41 4b 43 41 51 45 41 6e 2f ... > }
Distribution protocol: TCP
Resp-actual/expected/ratio/ts: 0 1 0 1521674424554
connected to auth! from local port 51826
received auth hello!
{ authId: 502, nonce: <Buffer 81 40 2e 01 7b b1 6d a6> }
received session key response with distribution key attached!
auth signature verified
replyNonce in sessionKeyResp: <Buffer 98 4e 9d 7d fb a1 f7 f3>
auth nonce verified
updating distribution key: { cipherKeyVal: <Buffer 81 27 47 af 47 43 80 0c ce 39 b2 59 2b d2 46 7d>,
  macKeyVal: <Buffer 4c 30 fc 75 42 6f 22 f6 ab c8 a2 2e 31 9d 5f 0a 81 a1 df f7 9f d9 7e 4c 5a bc 1c e1 a1 ec 94 d7>,
  absValidity: 2018-03-22T00:20:24.729Z }
received 1 keys
currentSessionKey: [object Object]
Session protocol: TCP
chosen commSessionKey: 
{ id: 50202427,
  cipherKeyVal: <Buffer 8a b7 55 ba 22 ef 9c ec d1 81 f8 f1 bb 0f ac 69>,
  macKeyVal: <Buffer 0d 8c f5 e0 36 c9 81 1c f0 7e 9a f9 1e b7 15 1d 8c 45 7a dd e2 75 a3 c2 7d 29 a8 5e be 6f 63 a4>,
  absValidity: 2018-03-22T23:20:24.729Z,
  relValidity: 7200000 }
options
{ serverHost: '10.0.1.33',
  serverPort: 22100,
  sessionKey: 
   { id: 50202427,
     cipherKeyVal: <Buffer 8a b7 55 ba 22 ef 9c ec d1 81 f8 f1 bb 0f ac 69>,
     macKeyVal: <Buffer 0d 8c f5 e0 36 c9 81 1c f0 7e 9a f9 1e b7 15 1d 8c 45 7a dd e2 75 a3 c2 7d 29 a8 5e be 6f 63 a4>,
     absValidity: 2018-03-22T23:20:24.729Z,
     relValidity: 7200000 },
  sessionCryptoSpec: { cipher: 'AES-128-CBC', mac: 'SHA256' },
  sessionProtocol: 'TCP',
  handshakeTimeout: 50000 }
disconnected from auth
chosen nonce: <Buffer 1a c4 4a 6f d9 95 6a eb>
switching to HANDSHAKE_1_SENT
received session key handshake2!
client ret: [object Object]
server authenticated/authorized by solving nonce!
Handler: communication initialization succeeded
file data length: 1024
sending at Wed Mar 21 2018 23:20:25 GMT+0000 (UTC)
switching to IN_COMM
received secure communication message!
Received seqNum: 0
Handler: data received from server via secure communication
data1
Resp-actual/expected/ratio/ts: 1 1 1 1521674425898
Distribution protocol: TCP
Resp-actual/expected/ratio/ts: 1 2 0.5 1521674484610
connected to auth! from local port 52098
received auth hello!
{ authId: 502, nonce: <Buffer 96 2c ac b2 4b 1c 07 ac> }
received session key response encrypted with distribution key
replyNonce in sessionKeyResp: <Buffer 16 2a 6e 22 47 05 0f f8>
auth nonce verified
received 1 keys
currentSessionKey: [object Object]
Status: Secure connection closed before starting a new connection.
Session protocol: TCP
chosen commSessionKey: 
{ id: 50202434,
  cipherKeyVal: <Buffer 9d ae c4 8c f0 59 ba e3 a6 50 e9 54 a4 69 11 e8>,
  macKeyVal: <Buffer ac 88 f2 2b 1a ab 28 99 df 6d c6 b4 e5 c2 bb f3 e5 da 33 ac f3 2a c1 9d e8 16 1e c8 3a 64 f2 5e>,
  absValidity: 2018-03-22T23:21:24.785Z,
  relValidity: 7200000 }
options
{ serverHost: '10.0.1.33',
  serverPort: 22100,
  sessionKey: 
   { id: 50202434,
     cipherKeyVal: <Buffer 9d ae c4 8c f0 59 ba e3 a6 50 e9 54 a4 69 11 e8>,
     macKeyVal: <Buffer ac 88 f2 2b 1a ab 28 99 df 6d c6 b4 e5 c2 bb f3 e5 da 33 ac f3 2a c1 9d e8 16 1e c8 3a 64 f2 5e>,
     absValidity: 2018-03-22T23:21:24.785Z,
     relValidity: 7200000 },
  sessionCryptoSpec: { cipher: 'AES-128-CBC', mac: 'SHA256' },
  sessionProtocol: 'TCP',
  handshakeTimeout: 50000 }
chosen nonce: <Buffer 08 d7 a5 e5 86 a7 b3 9f>
switching to HANDSHAKE_1_SENT
disconnected from auth
Handler: secure connection with the server closed.
received session key handshake2!
client ret: [object Object]
server authenticated/authorized by solving nonce!
Handler: communication initialization succeeded
file data length: 1024
sending at Wed Mar 21 2018 23:21:25 GMT+0000 (UTC)
switching to IN_COMM
received secure communication message!
Received seqNum: 0
Handler: data received from server via secure communication
data1
Resp-actual/expected/ratio/ts: 2 2 1 1521674486052
Distribution protocol: TCP
Resp-actual/expected/ratio/ts: 2 3 0.6666666666666666 1521674544652
connected to auth! from local port 52368
received auth hello!
{ authId: 502, nonce: <Buffer 2a d1 15 22 80 a3 cd 91> }
received session key response encrypted with distribution key
replyNonce in sessionKeyResp: <Buffer e2 5a 93 64 2c bf 0f 40>
auth nonce verified
received 1 keys
currentSessionKey: [object Object]
Status: Secure connection closed before starting a new connection.
Session protocol: TCP
chosen commSessionKey: 
{ id: 50202441,
  cipherKeyVal: <Buffer 63 64 66 93 38 c4 83 92 cb e9 cd ac 17 48 25 12>,
  macKeyVal: <Buffer 17 65 c7 1b 37 cd 67 65 61 be 7b dc 46 d4 e0 f9 ed 61 33 8f 3c a5 13 7a b0 8d 8d c7 fa 29 e3 3b>,
  absValidity: 2018-03-22T23:22:24.795Z,
  relValidity: 7200000 }
options
{ serverHost: '10.0.1.33',
  serverPort: 22100,
  sessionKey: 
   { id: 50202441,
     cipherKeyVal: <Buffer 63 64 66 93 38 c4 83 92 cb e9 cd ac 17 48 25 12>,
     macKeyVal: <Buffer 17 65 c7 1b 37 cd 67 65 61 be 7b dc 46 d4 e0 f9 ed 61 33 8f 3c a5 13 7a b0 8d 8d c7 fa 29 e3 3b>,
     absValidity: 2018-03-22T23:22:24.795Z,
     relValidity: 7200000 },
  sessionCryptoSpec: { cipher: 'AES-128-CBC', mac: 'SHA256' },
  sessionProtocol: 'TCP',
  handshakeTimeout: 50000 }
chosen nonce: <Buffer b9 ee 7f 0b c1 bc a9 32>
switching to HANDSHAKE_1_SENT
disconnected from auth
Handler: secure connection with the server closed.
received session key handshake2!
client ret: [object Object]
server authenticated/authorized by solving nonce!
Handler: communication initialization succeeded
file data length: 1024
sending at Wed Mar 21 2018 23:22:25 GMT+0000 (UTC)
switching to IN_COMM
received secure communication message!
Received seqNum: 0
Handler: data received from server via secure communication
data1
Resp-actual/expected/ratio/ts: 3 3 1 1521674546143
Distribution protocol: TCP
Resp-actual/expected/ratio/ts: 3 4 0.75 1521674604701
connected to auth! from local port 52638
received auth hello!
{ authId: 502, nonce: <Buffer 98 01 5b f2 36 93 d2 8b> }
received session key response encrypted with distribution key
replyNonce in sessionKeyResp: <Buffer 80 fb 4f 36 c7 23 f8 4e>
auth nonce verified
received 1 keys
currentSessionKey: [object Object]
Status: Secure connection closed before starting a new connection.
Session protocol: TCP
chosen commSessionKey: 
{ id: 50202448,
  cipherKeyVal: <Buffer 8e 55 71 98 75 87 41 1c ae 8d 2b cb ac 01 cd 2e>,
  macKeyVal: <Buffer 49 e1 77 50 35 c1 9d 7f 0f f5 76 8c 60 fd 1c 8f a0 f0 c5 1f 07 55 2e 9d 05 8a 59 be 38 f9 23 9a>,
  absValidity: 2018-03-22T23:23:24.826Z,
  relValidity: 7200000 }
options
{ serverHost: '10.0.1.33',
  serverPort: 22100,
  sessionKey: 
   { id: 50202448,
     cipherKeyVal: <Buffer 8e 55 71 98 75 87 41 1c ae 8d 2b cb ac 01 cd 2e>,
     macKeyVal: <Buffer 49 e1 77 50 35 c1 9d 7f 0f f5 76 8c 60 fd 1c 8f a0 f0 c5 1f 07 55 2e 9d 05 8a 59 be 38 f9 23 9a>,
     absValidity: 2018-03-22T23:23:24.826Z,
     relValidity: 7200000 },
  sessionCryptoSpec: { cipher: 'AES-128-CBC', mac: 'SHA256' },
  sessionProtocol: 'TCP',
  handshakeTimeout: 50000 }
chosen nonce: <Buffer 76 8a a5 cb ce af f1 19>
switching to HANDSHAKE_1_SENT
disconnected from auth
Handler: secure connection with the server closed.
received session key handshake2!
client ret: [object Object]
server authenticated/authorized by solving nonce!
Handler: communication initialization succeeded
file data length: 1024
sending at Wed Mar 21 2018 23:23:25 GMT+0000 (UTC)
switching to IN_COMM
received secure communication message!
Received seqNum: 0
Handler: data received from server via secure communication
data1
Resp-actual/expected/ratio/ts: 4 4 1 1521674606164
Distribution protocol: TCP
Resp-actual/expected/ratio/ts: 4 5 0.8 1521674664757
connected to auth! from local port 52908
received auth hello!
{ authId: 502, nonce: <Buffer 1f 4d 72 29 d6 15 b8 8e> }
received session key response encrypted with distribution key
replyNonce in sessionKeyResp: <Buffer 6a 42 76 f2 c0 30 49 86>
auth nonce verified
received 1 keys
currentSessionKey: [object Object]
Status: Secure connection closed before starting a new connection.
Session protocol: TCP
chosen commSessionKey: 
{ id: 50202455,
  cipherKeyVal: <Buffer 97 1a 6e 89 81 dd b9 79 ee 4d 0f ab 09 10 90 d7>,
  macKeyVal: <Buffer e2 7c 46 d7 5e e5 c1 5c 4a f3 c1 fa fd c8 f3 20 d7 0a ab 31 d0 76 a6 12 8f 90 83 0f 3d d4 9b e7>,
  absValidity: 2018-03-22T23:24:24.891Z,
  relValidity: 7200000 }
options
{ serverHost: '10.0.1.33',
  serverPort: 22100,
  sessionKey: 
   { id: 50202455,
     cipherKeyVal: <Buffer 97 1a 6e 89 81 dd b9 79 ee 4d 0f ab 09 10 90 d7>,
     macKeyVal: <Buffer e2 7c 46 d7 5e e5 c1 5c 4a f3 c1 fa fd c8 f3 20 d7 0a ab 31 d0 76 a6 12 8f 90 83 0f 3d d4 9b e7>,
     absValidity: 2018-03-22T23:24:24.891Z,
     relValidity: 7200000 },
  sessionCryptoSpec: { cipher: 'AES-128-CBC', mac: 'SHA256' },
  sessionProtocol: 'TCP',
  handshakeTimeout: 50000 }
chosen nonce: <Buffer cd 93 c0 21 5a ab 69 d7>
switching to HANDSHAKE_1_SENT
disconnected from auth
Handler: secure connection with the server closed.
received session key handshake2!
client ret: [object Object]
server authenticated/authorized by solving nonce!
Handler: communication initialization succeeded
file data length: 1024
sending at Wed Mar 21 2018 23:24:25 GMT+0000 (UTC)
switching to IN_COMM
received secure communication message!
Received seqNum: 0
Handler: data received from server via secure communication
data1
Resp-actual/expected/ratio/ts: 5 5 1 1521674665912
Distribution protocol: TCP
Resp-actual/expected/ratio/ts: 5 6 0.8333333333333334 1521674724817
connected to auth! from local port 53178
received auth hello!
{ authId: 502, nonce: <Buffer 0e 38 44 98 78 95 d1 eb> }
received session key response encrypted with distribution key
replyNonce in sessionKeyResp: <Buffer 2e 95 a4 9a d7 22 80 f2>
auth nonce verified
received 1 keys
currentSessionKey: [object Object]
Status: Secure connection closed before starting a new connection.
Session protocol: TCP
chosen commSessionKey: 
{ id: 50202462,
  cipherKeyVal: <Buffer 9f 4b a2 df 7c 9d 59 fb 4d 2f 7b c9 96 20 7c fd>,
  macKeyVal: <Buffer 32 6e fc 16 23 a5 a8 48 a9 c1 b4 97 62 5c 56 9d 3d 73 21 77 b4 cf da 3e bd b8 81 9a be 7c 48 88>,
  absValidity: 2018-03-22T23:25:24.986Z,
  relValidity: 7200000 }
options
{ serverHost: '10.0.1.33',
  serverPort: 22100,
  sessionKey: 
   { id: 50202462,
     cipherKeyVal: <Buffer 9f 4b a2 df 7c 9d 59 fb 4d 2f 7b c9 96 20 7c fd>,
     macKeyVal: <Buffer 32 6e fc 16 23 a5 a8 48 a9 c1 b4 97 62 5c 56 9d 3d 73 21 77 b4 cf da 3e bd b8 81 9a be 7c 48 88>,
     absValidity: 2018-03-22T23:25:24.986Z,
     relValidity: 7200000 },
  sessionCryptoSpec: { cipher: 'AES-128-CBC', mac: 'SHA256' },
  sessionProtocol: 'TCP',
  handshakeTimeout: 50000 }
chosen nonce: <Buffer 28 56 3f 97 57 4b d7 54>
switching to HANDSHAKE_1_SENT
disconnected from auth
Handler: secure connection with the server closed.
received session key handshake2!
client ret: [object Object]
server authenticated/authorized by solving nonce!
Handler: communication initialization succeeded
file data length: 1024
sending at Wed Mar 21 2018 23:25:25 GMT+0000 (UTC)
switching to IN_COMM
received secure communication message!
Received seqNum: 0
Handler: data received from server via secure communication
data1
Resp-actual/expected/ratio/ts: 6 6 1 1521674725942
Distribution protocol: TCP
Resp-actual/expected/ratio/ts: 6 7 0.8571428571428571 1521674784835
connected to auth! from local port 53440
received auth hello!
{ authId: 502, nonce: <Buffer 70 b7 28 32 ef af 67 29> }
received session key response encrypted with distribution key
replyNonce in sessionKeyResp: <Buffer fc b0 a2 4f 29 a8 3c b8>
auth nonce verified
received 1 keys
currentSessionKey: [object Object]
Status: Secure connection closed before starting a new connection.
Session protocol: TCP
chosen commSessionKey: 
{ id: 50202469,
  cipherKeyVal: <Buffer e4 7e 2b 98 34 1c a1 e1 eb 74 8d d0 fa 99 b7 a8>,
  macKeyVal: <Buffer 4d d5 a8 91 b3 0e 8f 41 3e 8f d2 ef 32 b3 f6 08 d2 0b 57 45 8e 5a 14 5f 7b b9 0e cc d7 5a e3 e4>,
  absValidity: 2018-03-22T23:26:24.970Z,
  relValidity: 7200000 }
options
{ serverHost: '10.0.1.33',
  serverPort: 22100,
  sessionKey: 
   { id: 50202469,
     cipherKeyVal: <Buffer e4 7e 2b 98 34 1c a1 e1 eb 74 8d d0 fa 99 b7 a8>,
     macKeyVal: <Buffer 4d d5 a8 91 b3 0e 8f 41 3e 8f d2 ef 32 b3 f6 08 d2 0b 57 45 8e 5a 14 5f 7b b9 0e cc d7 5a e3 e4>,
     absValidity: 2018-03-22T23:26:24.970Z,
     relValidity: 7200000 },
  sessionCryptoSpec: { cipher: 'AES-128-CBC', mac: 'SHA256' },
  sessionProtocol: 'TCP',
  handshakeTimeout: 50000 }
chosen nonce: <Buffer 13 4f 24 0b d8 bf 9b f9>
switching to HANDSHAKE_1_SENT
disconnected from auth
Handler: secure connection with the server closed.
received session key handshake2!
client ret: [object Object]
server authenticated/authorized by solving nonce!
Handler: communication initialization succeeded
file data length: 1024
sending at Wed Mar 21 2018 23:26:25 GMT+0000 (UTC)
switching to IN_COMM
received secure communication message!
Received seqNum: 0
Handler: data received from server via secure communication
data1
Resp-actual/expected/ratio/ts: 7 7 1 1521674786075
Distribution protocol: TCP
Resp-actual/expected/ratio/ts: 7 8 0.875 1521674844880
connected to auth! from local port 53626
received auth hello!
{ authId: 502, nonce: <Buffer 33 6d 8d 88 81 56 7a 31> }
received session key response encrypted with distribution key
replyNonce in sessionKeyResp: <Buffer 85 e1 63 8a dc ea cf 28>
auth nonce verified
received 1 keys
currentSessionKey: [object Object]
Status: Secure connection closed before starting a new connection.
Session protocol: TCP
chosen commSessionKey: 
{ id: 50202476,
  cipherKeyVal: <Buffer 19 f0 91 38 d4 6f 80 96 65 e8 2f e1 92 2f b3 2d>,
  macKeyVal: <Buffer 08 ff 38 bb 8b c0 0a 6b 0c 7b fc 7e bc 59 a7 ca 6d bc 5d 7a 2d c0 a4 79 3d 14 79 f0 df 1b 80 a4>,
  absValidity: 2018-03-22T23:27:25.004Z,
  relValidity: 7200000 }
options
{ serverHost: '10.0.1.33',
  serverPort: 22100,
  sessionKey: 
   { id: 50202476,
     cipherKeyVal: <Buffer 19 f0 91 38 d4 6f 80 96 65 e8 2f e1 92 2f b3 2d>,
     macKeyVal: <Buffer 08 ff 38 bb 8b c0 0a 6b 0c 7b fc 7e bc 59 a7 ca 6d bc 5d 7a 2d c0 a4 79 3d 14 79 f0 df 1b 80 a4>,
     absValidity: 2018-03-22T23:27:25.004Z,
     relValidity: 7200000 },
  sessionCryptoSpec: { cipher: 'AES-128-CBC', mac: 'SHA256' },
  sessionProtocol: 'TCP',
  handshakeTimeout: 50000 }
chosen nonce: <Buffer 61 49 44 16 c1 77 54 a4>
switching to HANDSHAKE_1_SENT
Handler: secure connection with the server closed.
disconnected from auth
received session key handshake2!
client ret: [object Object]
server authenticated/authorized by solving nonce!
Handler: communication initialization succeeded
file data length: 1024
sending at Wed Mar 21 2018 23:27:25 GMT+0000 (UTC)
switching to IN_COMM
received secure communication message!
Received seqNum: 0
Handler: data received from server via secure communication
data1
Resp-actual/expected/ratio/ts: 8 8 1 1521674845888
Distribution protocol: TCP
Resp-actual/expected/ratio/ts: 8 9 0.8888888888888888 1521674904940
connected to auth! from local port 53788
received auth hello!
{ authId: 502, nonce: <Buffer 86 49 53 4c 43 e2 7f f5> }
received session key response encrypted with distribution key
replyNonce in sessionKeyResp: <Buffer df 8c 3d c0 61 20 cf 58>
auth nonce verified
received 1 keys
currentSessionKey: [object Object]
Status: Secure connection closed before starting a new connection.
Session protocol: TCP
chosen commSessionKey: 
{ id: 50202483,
  cipherKeyVal: <Buffer 09 75 3a aa 55 51 cc eb 91 db dd af af 54 2d aa>,
  macKeyVal: <Buffer 20 d6 a9 40 a0 50 29 38 ed 41 ba 06 50 b1 65 63 90 fb c1 34 d9 9d 59 42 62 7e 6b 01 66 f8 91 dd>,
  absValidity: 2018-03-22T23:28:25.069Z,
  relValidity: 7200000 }
options
{ serverHost: '10.0.1.33',
  serverPort: 22100,
  sessionKey: 
   { id: 50202483,
     cipherKeyVal: <Buffer 09 75 3a aa 55 51 cc eb 91 db dd af af 54 2d aa>,
     macKeyVal: <Buffer 20 d6 a9 40 a0 50 29 38 ed 41 ba 06 50 b1 65 63 90 fb c1 34 d9 9d 59 42 62 7e 6b 01 66 f8 91 dd>,
     absValidity: 2018-03-22T23:28:25.069Z,
     relValidity: 7200000 },
  sessionCryptoSpec: { cipher: 'AES-128-CBC', mac: 'SHA256' },
  sessionProtocol: 'TCP',
  handshakeTimeout: 50000 }
chosen nonce: <Buffer 8f 7b 3d 3f c1 de 6f 9b>
switching to HANDSHAKE_1_SENT
disconnected from auth
Handler: secure connection with the server closed.
received session key handshake2!
client ret: [object Object]
server authenticated/authorized by solving nonce!
Handler: communication initialization succeeded
file data length: 1024
sending at Wed Mar 21 2018 23:28:25 GMT+0000 (UTC)
switching to IN_COMM
received secure communication message!
Received seqNum: 0
Handler: data received from server via secure communication
data1
Resp-actual/expected/ratio/ts: 9 9 1 1521674906028
Distribution protocol: TCP
Resp-actual/expected/ratio/ts: 9 10 0.9 1521674965000
connected to auth! from local port 53950
received auth hello!
{ authId: 502, nonce: <Buffer 86 53 2a 60 02 57 43 d3> }
received session key response encrypted with distribution key
replyNonce in sessionKeyResp: <Buffer a0 9d 0f ee 03 73 3d 59>
auth nonce verified
received 1 keys
currentSessionKey: [object Object]
Status: Secure connection closed before starting a new connection.
Session protocol: TCP
chosen commSessionKey: 
{ id: 50202490,
  cipherKeyVal: <Buffer 7b c1 04 9e 84 1e 0f 6f 0b f9 61 42 5c c3 90 c1>,
  macKeyVal: <Buffer 82 8b e7 0f 3b 89 65 5d 37 51 c9 ac e3 f3 af d7 07 27 25 f5 d7 28 54 34 bf e9 d1 19 f3 76 8e 9e>,
  absValidity: 2018-03-22T23:29:25.139Z,
  relValidity: 7200000 }
options
{ serverHost: '10.0.1.33',
  serverPort: 22100,
  sessionKey: 
   { id: 50202490,
     cipherKeyVal: <Buffer 7b c1 04 9e 84 1e 0f 6f 0b f9 61 42 5c c3 90 c1>,
     macKeyVal: <Buffer 82 8b e7 0f 3b 89 65 5d 37 51 c9 ac e3 f3 af d7 07 27 25 f5 d7 28 54 34 bf e9 d1 19 f3 76 8e 9e>,
     absValidity: 2018-03-22T23:29:25.139Z,
     relValidity: 7200000 },
  sessionCryptoSpec: { cipher: 'AES-128-CBC', mac: 'SHA256' },
  sessionProtocol: 'TCP',
  handshakeTimeout: 50000 }
chosen nonce: <Buffer a8 c7 44 9a fa be f6 50>
switching to HANDSHAKE_1_SENT
disconnected from auth
Handler: secure connection with the server closed.
received session key handshake2!
client ret: [object Object]
server authenticated/authorized by solving nonce!
Handler: communication initialization succeeded
file data length: 1024
sending at Wed Mar 21 2018 23:29:25 GMT+0000 (UTC)
switching to IN_COMM
received secure communication message!
Received seqNum: 0
Handler: data received from server via secure communication
data1
Resp-actual/expected/ratio/ts: 10 10 1 1521674965950
Distribution protocol: TCP
Resp-actual/expected/ratio/ts: 10 11 0.9090909090909091 1521675025057
connected to auth! from local port 54112
received auth hello!
{ authId: 502, nonce: <Buffer cd a2 2f 0e bd 06 cd 72> }
received session key response encrypted with distribution key
replyNonce in sessionKeyResp: <Buffer d2 5f 57 c8 ee 32 ae 80>
auth nonce verified
received 1 keys
currentSessionKey: [object Object]
Status: Secure connection closed before starting a new connection.
Session protocol: TCP
chosen commSessionKey: 
{ id: 50202497,
  cipherKeyVal: <Buffer 88 97 87 5e 03 59 ac 4b 14 33 dc ef c5 fd fa 37>,
  macKeyVal: <Buffer b4 e1 a9 30 5a a7 17 66 84 b9 28 0b 12 b8 ea 63 fa 15 e9 a5 cf d5 8e a3 04 ab ab 00 ef a7 73 47>,
  absValidity: 2018-03-22T23:30:25.209Z,
  relValidity: 7200000 }
options
{ serverHost: '10.0.1.33',
  serverPort: 22100,
  sessionKey: 
   { id: 50202497,
     cipherKeyVal: <Buffer 88 97 87 5e 03 59 ac 4b 14 33 dc ef c5 fd fa 37>,
     macKeyVal: <Buffer b4 e1 a9 30 5a a7 17 66 84 b9 28 0b 12 b8 ea 63 fa 15 e9 a5 cf d5 8e a3 04 ab ab 00 ef a7 73 47>,
     absValidity: 2018-03-22T23:30:25.209Z,
     relValidity: 7200000 },
  sessionCryptoSpec: { cipher: 'AES-128-CBC', mac: 'SHA256' },
  sessionProtocol: 'TCP',
  handshakeTimeout: 50000 }
chosen nonce: <Buffer ea eb e2 10 8c d4 44 14>
switching to HANDSHAKE_1_SENT
disconnected from auth
Handler: secure connection with the server closed.
received session key handshake2!
client ret: [object Object]
server authenticated/authorized by solving nonce!
Handler: communication initialization succeeded
file data length: 1024
sending at Wed Mar 21 2018 23:30:25 GMT+0000 (UTC)
switching to IN_COMM
received secure communication message!
Received seqNum: 0
Handler: data received from server via secure communication
data1
Resp-actual/expected/ratio/ts: 11 11 1 1521675026087
Distribution protocol: TCP
Resp-actual/expected/ratio/ts: 11 12 0.9166666666666666 1521675085117
connected to auth! from local port 54274
received auth hello!
{ authId: 502, nonce: <Buffer d2 a4 4d 0d 29 46 3c 88> }
received session key response encrypted with distribution key
replyNonce in sessionKeyResp: <Buffer 83 76 cc 64 8a 3f 9e 88>
auth nonce verified
received 1 keys
currentSessionKey: [object Object]
Status: Secure connection closed before starting a new connection.
Session protocol: TCP
chosen commSessionKey: 
{ id: 50202504,
  cipherKeyVal: <Buffer a8 b5 61 69 5e d2 03 14 a0 55 d8 a7 33 bb 8e c7>,
  macKeyVal: <Buffer 51 ac 49 a3 cb 21 f5 08 98 92 1f 99 eb 00 fa 13 7a 65 d5 1c e1 af ae 5e 30 20 99 8e 0d 06 d6 75>,
  absValidity: 2018-03-22T23:31:25.244Z,
  relValidity: 7200000 }
options
{ serverHost: '10.0.1.33',
  serverPort: 22100,
  sessionKey: 
   { id: 50202504,
     cipherKeyVal: <Buffer a8 b5 61 69 5e d2 03 14 a0 55 d8 a7 33 bb 8e c7>,
     macKeyVal: <Buffer 51 ac 49 a3 cb 21 f5 08 98 92 1f 99 eb 00 fa 13 7a 65 d5 1c e1 af ae 5e 30 20 99 8e 0d 06 d6 75>,
     absValidity: 2018-03-22T23:31:25.244Z,
     relValidity: 7200000 },
  sessionCryptoSpec: { cipher: 'AES-128-CBC', mac: 'SHA256' },
  sessionProtocol: 'TCP',
  handshakeTimeout: 50000 }
chosen nonce: <Buffer 65 5b d0 d3 ad 13 4d f3>
switching to HANDSHAKE_1_SENT
disconnected from auth
Handler: secure connection with the server closed.
received session key handshake2!
client ret: [object Object]
server authenticated/authorized by solving nonce!
Handler: communication initialization succeeded
file data length: 1024
sending at Wed Mar 21 2018 23:31:25 GMT+0000 (UTC)
switching to IN_COMM
received secure communication message!
Received seqNum: 0
Handler: data received from server via secure communication
data1
Resp-actual/expected/ratio/ts: 12 12 1 1521675086120
Distribution protocol: TCP
Resp-actual/expected/ratio/ts: 12 13 0.9230769230769231 1521675145176
connected to auth! from local port 54436
received auth hello!
{ authId: 502, nonce: <Buffer 5a 29 b9 1d 64 7b 68 ff> }
received session key response encrypted with distribution key
replyNonce in sessionKeyResp: <Buffer 0d 56 ef 48 03 c1 85 3f>
auth nonce verified
received 1 keys
currentSessionKey: [object Object]
Status: Secure connection closed before starting a new connection.
Session protocol: TCP
chosen commSessionKey: 
{ id: 50202511,
  cipherKeyVal: <Buffer 3a 0b 02 b6 be f8 ce 37 80 ac 67 c7 60 ce e1 de>,
  macKeyVal: <Buffer 3b c5 6d 38 ad d7 01 c9 c2 70 86 5b 49 e3 ba eb b3 ec db 0a b5 a3 2d 69 90 94 45 ef 0e a5 a4 16>,
  absValidity: 2018-03-22T23:32:25.315Z,
  relValidity: 7200000 }
options
{ serverHost: '10.0.1.33',
  serverPort: 22100,
  sessionKey: 
   { id: 50202511,
     cipherKeyVal: <Buffer 3a 0b 02 b6 be f8 ce 37 80 ac 67 c7 60 ce e1 de>,
     macKeyVal: <Buffer 3b c5 6d 38 ad d7 01 c9 c2 70 86 5b 49 e3 ba eb b3 ec db 0a b5 a3 2d 69 90 94 45 ef 0e a5 a4 16>,
     absValidity: 2018-03-22T23:32:25.315Z,
     relValidity: 7200000 },
  sessionCryptoSpec: { cipher: 'AES-128-CBC', mac: 'SHA256' },
  sessionProtocol: 'TCP',
  handshakeTimeout: 50000 }
chosen nonce: <Buffer 19 89 3d 8f 5e 9e 65 62>
switching to HANDSHAKE_1_SENT
disconnected from auth
Handler: secure connection with the server closed.
received session key handshake2!
client ret: [object Object]
server authenticated/authorized by solving nonce!
Handler: communication initialization succeeded
file data length: 1024
sending at Wed Mar 21 2018 23:32:25 GMT+0000 (UTC)
switching to IN_COMM
received secure communication message!
Received seqNum: 0
Handler: data received from server via secure communication
data1
Resp-actual/expected/ratio/ts: 13 13 1 1521675146210
Distribution protocol: TCP
Resp-actual/expected/ratio/ts: 13 14 0.9285714285714286 1521675205178
connected to auth! from local port 54598
received auth hello!
{ authId: 502, nonce: <Buffer ca 00 f1 b5 0f 5d 3e 5f> }
received session key response encrypted with distribution key
replyNonce in sessionKeyResp: <Buffer 28 81 99 02 49 79 9b 1a>
auth nonce verified
received 1 keys
currentSessionKey: [object Object]
Status: Secure connection closed before starting a new connection.
Session protocol: TCP
chosen commSessionKey: 
{ id: 50202518,
  cipherKeyVal: <Buffer d4 70 f8 c8 6f f1 13 98 b4 1b d3 d3 c7 db 26 92>,
  macKeyVal: <Buffer a0 83 d2 69 6e 1b 73 d5 fc 88 cb c0 5d 89 01 a1 39 27 e1 af 61 7c d3 26 f0 9c be 52 21 16 9d 54>,
  absValidity: 2018-03-22T23:33:25.303Z,
  relValidity: 7200000 }
options
{ serverHost: '10.0.1.33',
  serverPort: 22100,
  sessionKey: 
   { id: 50202518,
     cipherKeyVal: <Buffer d4 70 f8 c8 6f f1 13 98 b4 1b d3 d3 c7 db 26 92>,
     macKeyVal: <Buffer a0 83 d2 69 6e 1b 73 d5 fc 88 cb c0 5d 89 01 a1 39 27 e1 af 61 7c d3 26 f0 9c be 52 21 16 9d 54>,
     absValidity: 2018-03-22T23:33:25.303Z,
     relValidity: 7200000 },
  sessionCryptoSpec: { cipher: 'AES-128-CBC', mac: 'SHA256' },
  sessionProtocol: 'TCP',
  handshakeTimeout: 50000 }
chosen nonce: <Buffer 95 4d ef 87 19 b9 dd c7>
switching to HANDSHAKE_1_SENT
disconnected from auth
Handler: secure connection with the server closed.
received session key handshake2!
client ret: [object Object]
server authenticated/authorized by solving nonce!
Handler: communication initialization succeeded
file data length: 1024
sending at Wed Mar 21 2018 23:33:25 GMT+0000 (UTC)
switching to IN_COMM
received secure communication message!
Received seqNum: 0
Handler: data received from server via secure communication
data1
Resp-actual/expected/ratio/ts: 14 14 1 1521675206132
Distribution protocol: TCP
Resp-actual/expected/ratio/ts: 14 15 0.9333333333333333 1521675265206
connected to auth! from local port 54760
received auth hello!
{ authId: 502, nonce: <Buffer 22 b4 da d9 c3 48 b5 5e> }
received session key response encrypted with distribution key
replyNonce in sessionKeyResp: <Buffer 98 60 8a e5 07 a6 36 62>
auth nonce verified
received 1 keys
currentSessionKey: [object Object]
Status: Secure connection closed before starting a new connection.
Session protocol: TCP
chosen commSessionKey: 
{ id: 50202525,
  cipherKeyVal: <Buffer 56 c1 0c 45 d1 52 9e ad f7 cd bb c2 c1 31 29 1d>,
  macKeyVal: <Buffer 2f 45 12 97 94 4a 0c b8 6b 3b a0 8e 0b f0 bc 19 3e 39 ad 1c f5 1c 36 ed 4d 23 6c 97 e6 5d 50 4d>,
  absValidity: 2018-03-22T23:34:25.325Z,
  relValidity: 7200000 }
options
{ serverHost: '10.0.1.33',
  serverPort: 22100,
  sessionKey: 
   { id: 50202525,
     cipherKeyVal: <Buffer 56 c1 0c 45 d1 52 9e ad f7 cd bb c2 c1 31 29 1d>,
     macKeyVal: <Buffer 2f 45 12 97 94 4a 0c b8 6b 3b a0 8e 0b f0 bc 19 3e 39 ad 1c f5 1c 36 ed 4d 23 6c 97 e6 5d 50 4d>,
     absValidity: 2018-03-22T23:34:25.325Z,
     relValidity: 7200000 },
  sessionCryptoSpec: { cipher: 'AES-128-CBC', mac: 'SHA256' },
  sessionProtocol: 'TCP',
  handshakeTimeout: 50000 }
chosen nonce: <Buffer b7 59 0e e2 da 3f 0a 00>
switching to HANDSHAKE_1_SENT
disconnected from auth
Handler: secure connection with the server closed.
received session key handshake2!
client ret: [object Object]
server authenticated/authorized by solving nonce!
Handler: communication initialization succeeded
file data length: 1024
sending at Wed Mar 21 2018 23:34:25 GMT+0000 (UTC)
switching to IN_COMM
received secure communication message!
Received seqNum: 0
Handler: data received from server via secure communication
data1
Resp-actual/expected/ratio/ts: 15 15 1 1521675266226
Distribution protocol: TCP
Resp-actual/expected/ratio/ts: 15 16 0.9375 1521675325265
connected to auth! from local port 54922
received auth hello!
{ authId: 502, nonce: <Buffer 2e dc 0a e5 e0 77 63 f1> }
received session key response encrypted with distribution key
replyNonce in sessionKeyResp: <Buffer f3 2e f7 38 e5 93 2c 08>
auth nonce verified
received 1 keys
currentSessionKey: [object Object]
Status: Secure connection closed before starting a new connection.
Session protocol: TCP
chosen commSessionKey: 
{ id: 50202532,
  cipherKeyVal: <Buffer a6 4b 49 95 43 38 bd 3a 28 73 93 38 8e b2 a3 28>,
  macKeyVal: <Buffer c2 6f 1e 68 80 0c ba 13 18 97 32 5d 7b 8a 4f 75 d1 ea 65 a2 40 de 4d 84 f3 6f fa 2b 0a f2 9f 57>,
  absValidity: 2018-03-22T23:35:25.415Z,
  relValidity: 7200000 }
options
{ serverHost: '10.0.1.33',
  serverPort: 22100,
  sessionKey: 
   { id: 50202532,
     cipherKeyVal: <Buffer a6 4b 49 95 43 38 bd 3a 28 73 93 38 8e b2 a3 28>,
     macKeyVal: <Buffer c2 6f 1e 68 80 0c ba 13 18 97 32 5d 7b 8a 4f 75 d1 ea 65 a2 40 de 4d 84 f3 6f fa 2b 0a f2 9f 57>,
     absValidity: 2018-03-22T23:35:25.415Z,
     relValidity: 7200000 },
  sessionCryptoSpec: { cipher: 'AES-128-CBC', mac: 'SHA256' },
  sessionProtocol: 'TCP',
  handshakeTimeout: 50000 }
chosen nonce: <Buffer ef 5b ab e8 71 9e 98 c1>
switching to HANDSHAKE_1_SENT
disconnected from auth
Handler: secure connection with the server closed.
received session key handshake2!
client ret: [object Object]
server authenticated/authorized by solving nonce!
Handler: communication initialization succeeded
file data length: 1024
sending at Wed Mar 21 2018 23:35:25 GMT+0000 (UTC)
switching to IN_COMM
received secure communication message!
Received seqNum: 0
Handler: data received from server via secure communication
data1
Resp-actual/expected/ratio/ts: 16 16 1 1521675326323
Distribution protocol: TCP
Resp-actual/expected/ratio/ts: 16 17 0.9411764705882353 1521675385325
connected to auth! from local port 55084
received auth hello!
{ authId: 502, nonce: <Buffer 6b 72 41 a8 a0 98 7f 96> }
received session key response encrypted with distribution key
replyNonce in sessionKeyResp: <Buffer e2 8b 88 87 3a 36 71 76>
auth nonce verified
received 1 keys
currentSessionKey: [object Object]
Status: Secure connection closed before starting a new connection.
Session protocol: TCP
chosen commSessionKey: 
{ id: 50202539,
  cipherKeyVal: <Buffer 1c 75 ae cf 8c c8 45 94 a9 f8 13 56 05 73 9c de>,
  macKeyVal: <Buffer 12 5b f3 c4 8c a1 44 ee d0 cd 08 ac 9d e0 ff 2b 55 7b 75 e3 56 b1 92 bd de e5 da cf 73 2f 2a 0c>,
  absValidity: 2018-03-22T23:36:25.478Z,
  relValidity: 7200000 }
options
{ serverHost: '10.0.1.33',
  serverPort: 22100,
  sessionKey: 
   { id: 50202539,
     cipherKeyVal: <Buffer 1c 75 ae cf 8c c8 45 94 a9 f8 13 56 05 73 9c de>,
     macKeyVal: <Buffer 12 5b f3 c4 8c a1 44 ee d0 cd 08 ac 9d e0 ff 2b 55 7b 75 e3 56 b1 92 bd de e5 da cf 73 2f 2a 0c>,
     absValidity: 2018-03-22T23:36:25.478Z,
     relValidity: 7200000 },
  sessionCryptoSpec: { cipher: 'AES-128-CBC', mac: 'SHA256' },
  sessionProtocol: 'TCP',
  handshakeTimeout: 50000 }
chosen nonce: <Buffer cf 71 32 ce 9b aa ec d0>
switching to HANDSHAKE_1_SENT
disconnected from auth
Handler: secure connection with the server closed.
received session key handshake2!
client ret: [object Object]
server authenticated/authorized by solving nonce!
Handler: communication initialization succeeded
file data length: 1024
sending at Wed Mar 21 2018 23:36:26 GMT+0000 (UTC)
switching to IN_COMM
received secure communication message!
Received seqNum: 0
Handler: data received from server via secure communication
data1
Resp-actual/expected/ratio/ts: 17 17 1 1521675386277
Distribution protocol: TCP
Resp-actual/expected/ratio/ts: 17 18 0.9444444444444444 1521675445361
connected to auth! from local port 55246
received auth hello!
{ authId: 502, nonce: <Buffer ff 53 30 9b 51 c8 e0 e1> }
received session key response encrypted with distribution key
replyNonce in sessionKeyResp: <Buffer a9 7a 4b b1 b8 4d 17 04>
auth nonce verified
received 1 keys
currentSessionKey: [object Object]
Status: Secure connection closed before starting a new connection.
Session protocol: TCP
chosen commSessionKey: 
{ id: 50202546,
  cipherKeyVal: <Buffer 00 1e 36 86 dc 71 53 31 1c 30 92 5a d2 07 7d 10>,
  macKeyVal: <Buffer 32 b0 9a b8 3d 4d fc c7 8c 97 9a 14 ab 8d 0f 41 c6 85 38 ea a2 22 90 b2 9c d5 0a 6c b1 ec d3 a2>,
  absValidity: 2018-03-22T23:37:25.482Z,
  relValidity: 7200000 }
options
{ serverHost: '10.0.1.33',
  serverPort: 22100,
  sessionKey: 
   { id: 50202546,
     cipherKeyVal: <Buffer 00 1e 36 86 dc 71 53 31 1c 30 92 5a d2 07 7d 10>,
     macKeyVal: <Buffer 32 b0 9a b8 3d 4d fc c7 8c 97 9a 14 ab 8d 0f 41 c6 85 38 ea a2 22 90 b2 9c d5 0a 6c b1 ec d3 a2>,
     absValidity: 2018-03-22T23:37:25.482Z,
     relValidity: 7200000 },
  sessionCryptoSpec: { cipher: 'AES-128-CBC', mac: 'SHA256' },
  sessionProtocol: 'TCP',
  handshakeTimeout: 50000 }
chosen nonce: <Buffer 9e bd c1 fb d3 e3 9c ca>
switching to HANDSHAKE_1_SENT
disconnected from auth
Handler: secure connection with the server closed.
received session key handshake2!
client ret: [object Object]
server authenticated/authorized by solving nonce!
Handler: communication initialization succeeded
file data length: 1024
sending at Wed Mar 21 2018 23:37:26 GMT+0000 (UTC)
switching to IN_COMM
received secure communication message!
Received seqNum: 0
Handler: data received from server via secure communication
data1
Resp-actual/expected/ratio/ts: 18 18 1 1521675446382
Distribution protocol: TCP
Resp-actual/expected/ratio/ts: 18 19 0.9473684210526315 1521675505421
connected to auth! from local port 55408
received auth hello!
{ authId: 502, nonce: <Buffer 0a 95 15 87 30 e7 08 fd> }
received session key response encrypted with distribution key
replyNonce in sessionKeyResp: <Buffer 92 a2 01 53 77 7d bb 68>
auth nonce verified
received 1 keys
currentSessionKey: [object Object]
Status: Secure connection closed before starting a new connection.
Session protocol: TCP
chosen commSessionKey: 
{ id: 50202553,
  cipherKeyVal: <Buffer f6 03 f9 fc 24 9a 3b 79 3d 3f 4f 97 17 53 46 47>,
  macKeyVal: <Buffer 16 0b 6f fe 80 ac fe 46 8d d1 07 5b bd ea 78 a3 a6 16 61 df 2b fc 54 02 75 3b ea 10 77 6b 6b fe>,
  absValidity: 2018-03-22T23:38:25.552Z,
  relValidity: 7200000 }
options
{ serverHost: '10.0.1.33',
  serverPort: 22100,
  sessionKey: 
   { id: 50202553,
     cipherKeyVal: <Buffer f6 03 f9 fc 24 9a 3b 79 3d 3f 4f 97 17 53 46 47>,
     macKeyVal: <Buffer 16 0b 6f fe 80 ac fe 46 8d d1 07 5b bd ea 78 a3 a6 16 61 df 2b fc 54 02 75 3b ea 10 77 6b 6b fe>,
     absValidity: 2018-03-22T23:38:25.552Z,
     relValidity: 7200000 },
  sessionCryptoSpec: { cipher: 'AES-128-CBC', mac: 'SHA256' },
  sessionProtocol: 'TCP',
  handshakeTimeout: 50000 }
chosen nonce: <Buffer 7a 38 37 01 cb 08 25 f5>
switching to HANDSHAKE_1_SENT
disconnected from auth
Handler: secure connection with the server closed.
received session key handshake2!
client ret: [object Object]
server authenticated/authorized by solving nonce!
Handler: communication initialization succeeded
file data length: 1024
sending at Wed Mar 21 2018 23:38:26 GMT+0000 (UTC)
switching to IN_COMM
received secure communication message!
Received seqNum: 0
Handler: data received from server via secure communication
data1
Resp-actual/expected/ratio/ts: 19 19 1 1521675506422
Distribution protocol: TCP
Resp-actual/expected/ratio/ts: 19 20 0.95 1521675565481
connected to auth! from local port 55570
received auth hello!
{ authId: 502, nonce: <Buffer 3e 89 77 98 2b 1e e6 7d> }
received session key response encrypted with distribution key
replyNonce in sessionKeyResp: <Buffer d2 9d 86 cd 0c 09 39 4d>
auth nonce verified
received 1 keys
currentSessionKey: [object Object]
Status: Secure connection closed before starting a new connection.
Session protocol: TCP
chosen commSessionKey: 
{ id: 50202560,
  cipherKeyVal: <Buffer e0 bb 1f 5c 2c ad 6e ee 1f 80 a8 d1 77 fe 2f cd>,
  macKeyVal: <Buffer 94 80 8f 35 cb e2 8c a7 86 9c 15 19 3e ca bb e2 97 eb 18 1e 92 e6 30 8d 53 13 29 ee ff 92 a9 8c>,
  absValidity: 2018-03-22T23:39:25.612Z,
  relValidity: 7200000 }
options
{ serverHost: '10.0.1.33',
  serverPort: 22100,
  sessionKey: 
   { id: 50202560,
     cipherKeyVal: <Buffer e0 bb 1f 5c 2c ad 6e ee 1f 80 a8 d1 77 fe 2f cd>,
     macKeyVal: <Buffer 94 80 8f 35 cb e2 8c a7 86 9c 15 19 3e ca bb e2 97 eb 18 1e 92 e6 30 8d 53 13 29 ee ff 92 a9 8c>,
     absValidity: 2018-03-22T23:39:25.612Z,
     relValidity: 7200000 },
  sessionCryptoSpec: { cipher: 'AES-128-CBC', mac: 'SHA256' },
  sessionProtocol: 'TCP',
  handshakeTimeout: 50000 }
chosen nonce: <Buffer 39 00 fb 5d 85 1b b9 68>
switching to HANDSHAKE_1_SENT
disconnected from auth
Handler: secure connection with the server closed.
received session key handshake2!
client ret: [object Object]
server authenticated/authorized by solving nonce!
Handler: communication initialization succeeded
file data length: 1024
sending at Wed Mar 21 2018 23:39:26 GMT+0000 (UTC)
switching to IN_COMM
received secure communication message!
Received seqNum: 0
Handler: data received from server via secure communication
data1
Resp-actual/expected/ratio/ts: 20 20 1 1521675566546
Distribution protocol: TCP
Resp-actual/expected/ratio/ts: 20 21 0.9523809523809523 1521675625524
connected to auth! from local port 55732
received auth hello!
{ authId: 502, nonce: <Buffer 63 14 15 80 65 a8 cf 06> }
received session key response encrypted with distribution key
replyNonce in sessionKeyResp: <Buffer 17 2c 53 53 e5 14 b9 a0>
auth nonce verified
received 1 keys
currentSessionKey: [object Object]
Status: Secure connection closed before starting a new connection.
Session protocol: TCP
chosen commSessionKey: 
{ id: 50202567,
  cipherKeyVal: <Buffer a5 37 29 ef fe 7f af c1 cf 75 8d f8 f3 9d d3 60>,
  macKeyVal: <Buffer 56 c0 5e 26 f0 28 de 30 89 32 b2 da 81 84 ca 63 22 a7 96 88 13 a8 cb 85 0f 4b 97 a6 b4 be cf 87>,
  absValidity: 2018-03-22T23:40:25.657Z,
  relValidity: 7200000 }
options
{ serverHost: '10.0.1.33',
  serverPort: 22100,
  sessionKey: 
   { id: 50202567,
     cipherKeyVal: <Buffer a5 37 29 ef fe 7f af c1 cf 75 8d f8 f3 9d d3 60>,
     macKeyVal: <Buffer 56 c0 5e 26 f0 28 de 30 89 32 b2 da 81 84 ca 63 22 a7 96 88 13 a8 cb 85 0f 4b 97 a6 b4 be cf 87>,
     absValidity: 2018-03-22T23:40:25.657Z,
     relValidity: 7200000 },
  sessionCryptoSpec: { cipher: 'AES-128-CBC', mac: 'SHA256' },
  sessionProtocol: 'TCP',
  handshakeTimeout: 50000 }
chosen nonce: <Buffer 16 f4 aa 12 1f d3 94 a4>
switching to HANDSHAKE_1_SENT
disconnected from auth
Handler: secure connection with the server closed.
received session key handshake2!
client ret: [object Object]
server authenticated/authorized by solving nonce!
Handler: communication initialization succeeded
file data length: 1024
sending at Wed Mar 21 2018 23:40:26 GMT+0000 (UTC)
switching to IN_COMM
received secure communication message!
Received seqNum: 0
Handler: data received from server via secure communication
data1
Resp-actual/expected/ratio/ts: 21 21 1 1521675626515
Distribution protocol: TCP
Resp-actual/expected/ratio/ts: 21 22 0.9545454545454546 1521675685566
connected to auth! from local port 55894
received auth hello!
{ authId: 502, nonce: <Buffer 95 69 e0 aa e3 43 61 ad> }
received session key response encrypted with distribution key
replyNonce in sessionKeyResp: <Buffer dc 6d 8e 1e 2e 2a 78 3c>
auth nonce verified
received 1 keys
currentSessionKey: [object Object]
Status: Secure connection closed before starting a new connection.
Session protocol: TCP
chosen commSessionKey: 
{ id: 50202574,
  cipherKeyVal: <Buffer a0 bc fc f5 0e 79 23 90 bf 08 17 27 95 08 56 13>,
  macKeyVal: <Buffer 03 92 03 4a 47 09 46 82 03 39 ee 8b f7 96 63 96 9f 63 b2 39 af 40 da f5 f8 b6 f0 b4 98 d6 09 e3>,
  absValidity: 2018-03-22T23:41:25.717Z,
  relValidity: 7200000 }
options
{ serverHost: '10.0.1.33',
  serverPort: 22100,
  sessionKey: 
   { id: 50202574,
     cipherKeyVal: <Buffer a0 bc fc f5 0e 79 23 90 bf 08 17 27 95 08 56 13>,
     macKeyVal: <Buffer 03 92 03 4a 47 09 46 82 03 39 ee 8b f7 96 63 96 9f 63 b2 39 af 40 da f5 f8 b6 f0 b4 98 d6 09 e3>,
     absValidity: 2018-03-22T23:41:25.717Z,
     relValidity: 7200000 },
  sessionCryptoSpec: { cipher: 'AES-128-CBC', mac: 'SHA256' },
  sessionProtocol: 'TCP',
  handshakeTimeout: 50000 }
chosen nonce: <Buffer 3b e0 99 30 d3 02 7c 94>
switching to HANDSHAKE_1_SENT
disconnected from auth
Handler: secure connection with the server closed.
received session key handshake2!
client ret: [object Object]
server authenticated/authorized by solving nonce!
Handler: communication initialization succeeded
file data length: 1024
sending at Wed Mar 21 2018 23:41:26 GMT+0000 (UTC)
switching to IN_COMM
received secure communication message!
Received seqNum: 0
Handler: data received from server via secure communication
data1
Resp-actual/expected/ratio/ts: 22 22 1 1521675686557
Distribution protocol: TCP
Resp-actual/expected/ratio/ts: 22 23 0.9565217391304348 1521675745626
connected to auth! from local port 56056
received auth hello!
{ authId: 502, nonce: <Buffer 4b 49 65 29 8f c0 5c b0> }
received session key response encrypted with distribution key
replyNonce in sessionKeyResp: <Buffer 1a dc b5 ae 5d 62 bf 63>
auth nonce verified
received 1 keys
currentSessionKey: [object Object]
Status: Secure connection closed before starting a new connection.
Session protocol: TCP
chosen commSessionKey: 
{ id: 50202581,
  cipherKeyVal: <Buffer 71 65 ac f7 6a 42 08 a0 b0 aa fb a7 2b 41 36 04>,
  macKeyVal: <Buffer 37 42 74 49 28 1f c5 c1 e6 4f ab 3f 67 47 97 ab f6 9d 0e 90 1a 40 66 77 1a cb 4f 17 c8 d7 fe 16>,
  absValidity: 2018-03-22T23:42:25.773Z,
  relValidity: 7200000 }
options
{ serverHost: '10.0.1.33',
  serverPort: 22100,
  sessionKey: 
   { id: 50202581,
     cipherKeyVal: <Buffer 71 65 ac f7 6a 42 08 a0 b0 aa fb a7 2b 41 36 04>,
     macKeyVal: <Buffer 37 42 74 49 28 1f c5 c1 e6 4f ab 3f 67 47 97 ab f6 9d 0e 90 1a 40 66 77 1a cb 4f 17 c8 d7 fe 16>,
     absValidity: 2018-03-22T23:42:25.773Z,
     relValidity: 7200000 },
  sessionCryptoSpec: { cipher: 'AES-128-CBC', mac: 'SHA256' },
  sessionProtocol: 'TCP',
  handshakeTimeout: 50000 }
chosen nonce: <Buffer 6a 11 24 38 fd 41 92 60>
switching to HANDSHAKE_1_SENT
disconnected from auth
Handler: secure connection with the server closed.
received session key handshake2!
client ret: [object Object]
server authenticated/authorized by solving nonce!
Handler: communication initialization succeeded
file data length: 1024
sending at Wed Mar 21 2018 23:42:26 GMT+0000 (UTC)
switching to IN_COMM
received secure communication message!
Received seqNum: 0
Handler: data received from server via secure communication
data1
Resp-actual/expected/ratio/ts: 23 23 1 1521675746705
Distribution protocol: TCP
Resp-actual/expected/ratio/ts: 23 24 0.9583333333333334 1521675805669
connected to auth! from local port 56218
received auth hello!
{ authId: 502, nonce: <Buffer 85 8a 3f 53 42 68 d2 ae> }
received session key response encrypted with distribution key
replyNonce in sessionKeyResp: <Buffer 5b ea b5 50 a7 08 f0 9e>
auth nonce verified
received 1 keys
currentSessionKey: [object Object]
Status: Secure connection closed before starting a new connection.
Session protocol: TCP
chosen commSessionKey: 
{ id: 50202588,
  cipherKeyVal: <Buffer f3 3e 34 3a 14 ec 7c 16 2f 29 4a a5 a2 c8 97 83>,
  macKeyVal: <Buffer 5b 4e 83 94 70 a3 da ec e0 4a 30 b7 18 de 83 a8 f2 dd 2e 90 1b 3a 35 5b ee b5 00 cb 0d e5 3b fd>,
  absValidity: 2018-03-22T23:43:25.815Z,
  relValidity: 7200000 }
options
{ serverHost: '10.0.1.33',
  serverPort: 22100,
  sessionKey: 
   { id: 50202588,
     cipherKeyVal: <Buffer f3 3e 34 3a 14 ec 7c 16 2f 29 4a a5 a2 c8 97 83>,
     macKeyVal: <Buffer 5b 4e 83 94 70 a3 da ec e0 4a 30 b7 18 de 83 a8 f2 dd 2e 90 1b 3a 35 5b ee b5 00 cb 0d e5 3b fd>,
     absValidity: 2018-03-22T23:43:25.815Z,
     relValidity: 7200000 },
  sessionCryptoSpec: { cipher: 'AES-128-CBC', mac: 'SHA256' },
  sessionProtocol: 'TCP',
  handshakeTimeout: 50000 }
chosen nonce: <Buffer 72 d6 0a aa 7d f3 7b c7>
switching to HANDSHAKE_1_SENT
disconnected from auth
Handler: secure connection with the server closed.
received session key handshake2!
client ret: [object Object]
server authenticated/authorized by solving nonce!
Handler: communication initialization succeeded
file data length: 1024
sending at Wed Mar 21 2018 23:43:26 GMT+0000 (UTC)
switching to IN_COMM
received secure communication message!
Received seqNum: 0
Handler: data received from server via secure communication
data1
Resp-actual/expected/ratio/ts: 24 24 1 1521675806777
Distribution protocol: TCP
Resp-actual/expected/ratio/ts: 24 25 0.96 1521675865729
connected to auth! from local port 56380
received auth hello!
{ authId: 502, nonce: <Buffer 6d 41 cf e6 b0 77 ee e5> }
received session key response encrypted with distribution key
replyNonce in sessionKeyResp: <Buffer 77 8e e2 37 42 e1 8b 4d>
auth nonce verified
received 1 keys
currentSessionKey: [object Object]
Status: Secure connection closed before starting a new connection.
Session protocol: TCP
chosen commSessionKey: 
{ id: 50202595,
  cipherKeyVal: <Buffer d4 85 5e a9 3e d0 08 4d 09 94 02 2a eb a3 63 b4>,
  macKeyVal: <Buffer 56 1d f4 c4 fd 84 91 41 c0 db 48 10 c4 29 fb 61 cf 91 47 a2 24 f2 18 0b b8 d6 ae ad 7a 91 96 d7>,
  absValidity: 2018-03-22T23:44:25.873Z,
  relValidity: 7200000 }
options
{ serverHost: '10.0.1.33',
  serverPort: 22100,
  sessionKey: 
   { id: 50202595,
     cipherKeyVal: <Buffer d4 85 5e a9 3e d0 08 4d 09 94 02 2a eb a3 63 b4>,
     macKeyVal: <Buffer 56 1d f4 c4 fd 84 91 41 c0 db 48 10 c4 29 fb 61 cf 91 47 a2 24 f2 18 0b b8 d6 ae ad 7a 91 96 d7>,
     absValidity: 2018-03-22T23:44:25.873Z,
     relValidity: 7200000 },
  sessionCryptoSpec: { cipher: 'AES-128-CBC', mac: 'SHA256' },
  sessionProtocol: 'TCP',
  handshakeTimeout: 50000 }
chosen nonce: <Buffer 30 17 07 53 33 ff b5 d5>
switching to HANDSHAKE_1_SENT
disconnected from auth
Handler: secure connection with the server closed.
received session key handshake2!
client ret: [object Object]
server authenticated/authorized by solving nonce!
Handler: communication initialization succeeded
file data length: 1024
sending at Wed Mar 21 2018 23:44:26 GMT+0000 (UTC)
switching to IN_COMM
received secure communication message!
Received seqNum: 0
Handler: data received from server via secure communication
data1
Resp-actual/expected/ratio/ts: 25 25 1 1521675866737
Distribution protocol: TCP
Resp-actual/expected/ratio/ts: 25 26 0.9615384615384616 1521675925768
connected to auth! from local port 56544
received auth hello!
{ authId: 502, nonce: <Buffer 16 66 cb de 0b 06 02 8e> }
received session key response encrypted with distribution key
replyNonce in sessionKeyResp: <Buffer 05 e8 6d 1c 12 26 8b c4>
auth nonce verified
received 1 keys
currentSessionKey: [object Object]
Status: Secure connection closed before starting a new connection.
Session protocol: TCP
chosen commSessionKey: 
{ id: 50202602,
  cipherKeyVal: <Buffer 24 0a f8 8f 89 fd 56 f6 ee cc f1 09 a6 1d 2b 86>,
  macKeyVal: <Buffer 27 bd d4 65 3c ad 14 4e e2 9e f4 55 70 40 5d ac f8 fa 91 87 98 eb 64 82 a7 80 e1 91 38 e1 9a 29>,
  absValidity: 2018-03-22T23:45:25.904Z,
  relValidity: 7200000 }
options
{ serverHost: '10.0.1.33',
  serverPort: 22100,
  sessionKey: 
   { id: 50202602,
     cipherKeyVal: <Buffer 24 0a f8 8f 89 fd 56 f6 ee cc f1 09 a6 1d 2b 86>,
     macKeyVal: <Buffer 27 bd d4 65 3c ad 14 4e e2 9e f4 55 70 40 5d ac f8 fa 91 87 98 eb 64 82 a7 80 e1 91 38 e1 9a 29>,
     absValidity: 2018-03-22T23:45:25.904Z,
     relValidity: 7200000 },
  sessionCryptoSpec: { cipher: 'AES-128-CBC', mac: 'SHA256' },
  sessionProtocol: 'TCP',
  handshakeTimeout: 50000 }
chosen nonce: <Buffer 9e a4 ef 48 3a e3 9d 53>
switching to HANDSHAKE_1_SENT
disconnected from auth
Handler: secure connection with the server closed.
received session key handshake2!
client ret: [object Object]
server authenticated/authorized by solving nonce!
Handler: communication initialization succeeded
file data length: 1024
sending at Wed Mar 21 2018 23:45:26 GMT+0000 (UTC)
switching to IN_COMM
received secure communication message!
Received seqNum: 0
Handler: data received from server via secure communication
data1
Resp-actual/expected/ratio/ts: 26 26 1 1521675926899
Distribution protocol: TCP
Resp-actual/expected/ratio/ts: 26 27 0.9629629629629629 1521675985785
connected to auth! from local port 56706
received auth hello!
{ authId: 502, nonce: <Buffer 2f 38 a8 97 7c 2f 81 f7> }
received session key response encrypted with distribution key
replyNonce in sessionKeyResp: <Buffer f5 34 f5 6e 74 0b 64 b3>
auth nonce verified
received 1 keys
currentSessionKey: [object Object]
Status: Secure connection closed before starting a new connection.
Session protocol: TCP
chosen commSessionKey: 
{ id: 50202609,
  cipherKeyVal: <Buffer 78 c3 c4 f5 7b ef 5b 67 5b a2 2c 96 39 6d d2 e7>,
  macKeyVal: <Buffer 29 ea eb e4 7f 5d fc db 62 cd 49 32 91 8e 68 11 f8 3c 54 8e 05 ad 07 1d 7c 94 2f 18 f1 01 cd 72>,
  absValidity: 2018-03-22T23:46:25.952Z,
  relValidity: 7200000 }
options
{ serverHost: '10.0.1.33',
  serverPort: 22100,
  sessionKey: 
   { id: 50202609,
     cipherKeyVal: <Buffer 78 c3 c4 f5 7b ef 5b 67 5b a2 2c 96 39 6d d2 e7>,
     macKeyVal: <Buffer 29 ea eb e4 7f 5d fc db 62 cd 49 32 91 8e 68 11 f8 3c 54 8e 05 ad 07 1d 7c 94 2f 18 f1 01 cd 72>,
     absValidity: 2018-03-22T23:46:25.952Z,
     relValidity: 7200000 },
  sessionCryptoSpec: { cipher: 'AES-128-CBC', mac: 'SHA256' },
  sessionProtocol: 'TCP',
  handshakeTimeout: 50000 }
chosen nonce: <Buffer a8 7f 66 03 57 5c 72 d6>
switching to HANDSHAKE_1_SENT
disconnected from auth
Handler: secure connection with the server closed.
received session key handshake2!
client ret: [object Object]
server authenticated/authorized by solving nonce!
Handler: communication initialization succeeded
file data length: 1024
sending at Wed Mar 21 2018 23:46:26 GMT+0000 (UTC)
switching to IN_COMM
received secure communication message!
Received seqNum: 0
Handler: data received from server via secure communication
data1
Resp-actual/expected/ratio/ts: 27 27 1 1521675986904
Distribution protocol: TCP
Resp-actual/expected/ratio/ts: 27 28 0.9642857142857143 1521676045824
connected to auth! from local port 56854
received auth hello!
{ authId: 502, nonce: <Buffer bc 1e 1c 84 21 62 49 75> }
received session key response encrypted with distribution key
replyNonce in sessionKeyResp: <Buffer 00 fb 3d 69 dc 11 c7 7a>
auth nonce verified
received 1 keys
currentSessionKey: [object Object]
Status: Secure connection closed before starting a new connection.
Session protocol: TCP
chosen commSessionKey: 
{ id: 50202616,
  cipherKeyVal: <Buffer cb b6 79 a7 56 66 d8 d3 fe a9 84 e7 c0 5c 78 0b>,
  macKeyVal: <Buffer ad 77 75 dd af b6 47 24 87 da 10 85 5a a5 b4 ab 85 94 fa d0 97 77 10 6d 2e 36 05 2f 33 4e 50 cb>,
  absValidity: 2018-03-22T23:47:25.942Z,
  relValidity: 7200000 }
options
{ serverHost: '10.0.1.33',
  serverPort: 22100,
  sessionKey: 
   { id: 50202616,
     cipherKeyVal: <Buffer cb b6 79 a7 56 66 d8 d3 fe a9 84 e7 c0 5c 78 0b>,
     macKeyVal: <Buffer ad 77 75 dd af b6 47 24 87 da 10 85 5a a5 b4 ab 85 94 fa d0 97 77 10 6d 2e 36 05 2f 33 4e 50 cb>,
     absValidity: 2018-03-22T23:47:25.942Z,
     relValidity: 7200000 },
  sessionCryptoSpec: { cipher: 'AES-128-CBC', mac: 'SHA256' },
  sessionProtocol: 'TCP',
  handshakeTimeout: 50000 }
chosen nonce: <Buffer d2 19 e8 c9 40 11 f1 f2>
switching to HANDSHAKE_1_SENT
disconnected from auth
Handler: secure connection with the server closed.
received session key handshake2!
client ret: [object Object]
server authenticated/authorized by solving nonce!
Handler: communication initialization succeeded
file data length: 1024
sending at Wed Mar 21 2018 23:47:26 GMT+0000 (UTC)
switching to IN_COMM
received secure communication message!
Received seqNum: 0
Handler: data received from server via secure communication
data1
Resp-actual/expected/ratio/ts: 28 28 1 1521676046743
Distribution protocol: TCP
Resp-actual/expected/ratio/ts: 28 29 0.9655172413793104 1521676105883
connected to auth! from local port 56964
received auth hello!
{ authId: 502, nonce: <Buffer a3 56 72 3d 3e 7c ad 3c> }
received session key response encrypted with distribution key
replyNonce in sessionKeyResp: <Buffer 49 96 84 bc d6 2c dc 49>
auth nonce verified
received 1 keys
currentSessionKey: [object Object]
Status: Secure connection closed before starting a new connection.
Session protocol: TCP
chosen commSessionKey: 
{ id: 50202623,
  cipherKeyVal: <Buffer f2 15 0f b6 12 07 59 98 71 1a b5 01 91 4c 50 8f>,
  macKeyVal: <Buffer bc d6 38 58 f4 ac a5 69 2d f6 54 9c 38 6f f6 42 f2 2c d5 7e 68 dd 65 b2 c4 1d 4f 85 29 67 7c d5>,
  absValidity: 2018-03-22T23:48:26.015Z,
  relValidity: 7200000 }
options
{ serverHost: '10.0.1.33',
  serverPort: 22100,
  sessionKey: 
   { id: 50202623,
     cipherKeyVal: <Buffer f2 15 0f b6 12 07 59 98 71 1a b5 01 91 4c 50 8f>,
     macKeyVal: <Buffer bc d6 38 58 f4 ac a5 69 2d f6 54 9c 38 6f f6 42 f2 2c d5 7e 68 dd 65 b2 c4 1d 4f 85 29 67 7c d5>,
     absValidity: 2018-03-22T23:48:26.015Z,
     relValidity: 7200000 },
  sessionCryptoSpec: { cipher: 'AES-128-CBC', mac: 'SHA256' },
  sessionProtocol: 'TCP',
  handshakeTimeout: 50000 }
chosen nonce: <Buffer 2d f4 3a 20 94 b4 99 83>
switching to HANDSHAKE_1_SENT
disconnected from auth
Handler: secure connection with the server closed.
received session key handshake2!
client ret: [object Object]
server authenticated/authorized by solving nonce!
Handler: communication initialization succeeded
file data length: 1024
sending at Wed Mar 21 2018 23:48:26 GMT+0000 (UTC)
switching to IN_COMM
received secure communication message!
Received seqNum: 0
Handler: data received from server via secure communication
data1
Resp-actual/expected/ratio/ts: 29 29 1 1521676106805
