changing working directory to: /home/hokeunkim/Development/iotauth/entity/node/example_entities
loading from config file: /home/hokeunkim/Development/iotauth_experiments/experiments/ccs2017/expOptions/expEntity.option
Experimental options for echoServer: { autoSendPeriod: 60000,
  useSameSessionKeyCount: 1,
  connectionTimeout: 50000,
  migrationEnabled: true,
  authFailureThreshold: 2,
  migrationFailureThreshold: 2 }
loading from config file: /home/hokeunkim/Development/iotauth/entity/node/example_entities/configs/Servers/s510.config
initializing secure comm server...
Session protocol: TCP
current parameters: { migrationEnabled: true,
  authFailureThreshold: 3,
  migrationFailureThreshold: 3 }
current parameters: { migrationEnabled: true,
  authFailureThreshold: 2,
  migrationFailureThreshold: 3 }
current parameters: { migrationEnabled: true,
  authFailureThreshold: 2,
  migrationFailureThreshold: 2 }
current entityInfo: { name: 's510',
  group: 'Servers',
  distProtocol: 'TCP',
  usePermanentDistKey: false,
  connectionTimeout: 50000,
  privateKey: <Buffer 2d 2d 2d 2d 2d 42 45 47 49 4e 20 52 53 41 20 50 52 49 56 41 54 45 20 4b 45 59 2d 2d 2d 2d 2d 0a 4d 49 49 45 70 51 49 42 41 41 4b 43 41 51 45 41 74 55 ... > }
Handler: listening on port 22100
s510:Servers prompt>
Unidentified client connected
received session key handshake1
switching to HANDSHAKE_1_RECEIVED state.
session key id: 50200002
session key NOT found! sending session key id to AuthService
Distribution protocol: TCP
connected to auth! from local port 52550
received auth hello!
{ authId: 502, nonce: <Buffer c2 11 00 30 a6 ec 9f 5b> }
received session key response with distribution key attached!
auth signature verified
replyNonce in sessionKeyResp: <Buffer f2 40 de 0e e7 e4 9b c5>
auth nonce verified
handleSessionKeyResp: session key request succeeded! authFailureCount: 0
updating distribution key: { cipherKeyVal: <Buffer 47 27 5e 3e 32 86 05 36 e9 ff 4e fa 92 d4 eb 86>,
  macKeyVal: <Buffer a7 07 41 9c 61 30 ab 82 b1 56 1b 62 c3 1c 24 2b 71 58 2c 9a e7 de 09 d2 0a 67 a2 00 f2 da 4a 3d>,
  absValidity: 2018-08-27T06:11:13.785Z }
received 1 keys
Session key id is as expected
server ret: [object Object]
chosen nonce: <Buffer 96 d9 5d b8 b0 43 69 b6>
switching to HANDSHAKE_2_SENT
disconnected from auth
received session key handshake3!
{ replyNonce: <Buffer 96 d9 5d b8 b0 43 69 b6> }
client authenticated/authorized by solving nonce!
switching to IN_COMM
Handler: secure connection with the client established.
{ id: 0,
  remoteAddress: '::ffff:10.0.1.74:48094',
  status: 'open' }
received secure communication!
Received seqNum: 0
data received from server via secure communication
Handler: socketID: 0 data: data1
toSend: { data: <Buffer 64 61 74 61 31>, id: 0 }
specified socketID: 0
Unidentified client connected
received session key handshake1
switching to HANDSHAKE_1_RECEIVED state.
session key id: 50200003
session key NOT found! sending session key id to AuthService
Distribution protocol: TCP
connected to auth! from local port 52562
received auth hello!
{ authId: 502, nonce: <Buffer 24 a0 85 55 28 04 65 7b> }
received session key response encrypted with distribution key
replyNonce in sessionKeyResp: <Buffer ac 69 11 a2 d1 84 84 4e>
auth nonce verified
handleSessionKeyResp: session key request succeeded! authFailureCount: 0
received 1 keys
Session key id is as expected
server ret: [object Object]
chosen nonce: <Buffer 1d 89 5f e2 ea 3c b7 3a>
switching to HANDSHAKE_2_SENT
disconnected from auth
received session key handshake3!
{ replyNonce: <Buffer 1d 89 5f e2 ea 3c b7 3a> }
client authenticated/authorized by solving nonce!
switching to IN_COMM
Handler: secure connection with the client established.
{ id: 1,
  remoteAddress: '::ffff:10.0.1.75:42502',
  status: 'open' }
received secure communication!
Received seqNum: 0
data received from server via secure communication
Handler: socketID: 1 data: data1
toSend: { data: <Buffer 64 61 74 61 31>, id: 1 }
specified socketID: 1
Unidentified client disconnected
Handler: secure connection with the client closed.
socket #0 closed
Unidentified client connected
received session key handshake1
switching to HANDSHAKE_1_RECEIVED state.
session key id: 50200009
session key NOT found! sending session key id to AuthService
Distribution protocol: TCP
connected to auth! from local port 52822
received auth hello!
{ authId: 502, nonce: <Buffer ea 5c 71 8d 61 66 d6 34> }
received session key response encrypted with distribution key
replyNonce in sessionKeyResp: <Buffer c9 c7 6d bf 8e 04 fb 78>
auth nonce verified
handleSessionKeyResp: session key request succeeded! authFailureCount: 0
received 1 keys
Session key id is as expected
server ret: [object Object]
chosen nonce: <Buffer 39 6f 96 d0 08 9d 68 90>
switching to HANDSHAKE_2_SENT
disconnected from auth
received session key handshake3!
{ replyNonce: <Buffer 39 6f 96 d0 08 9d 68 90> }
client authenticated/authorized by solving nonce!
switching to IN_COMM
Handler: secure connection with the client established.
{ id: 2,
  remoteAddress: '::ffff:10.0.1.74:48366',
  status: 'open' }
received secure communication!
Received seqNum: 0
data received from server via secure communication
Handler: socketID: 2 data: data1
toSend: { data: <Buffer 64 61 74 61 31>, id: 2 }
specified socketID: 2
Unidentified client disconnected
Handler: secure connection with the client closed.
socket #1 closed
Unidentified client connected
received session key handshake1
switching to HANDSHAKE_1_RECEIVED state.
session key id: 50200010
session key NOT found! sending session key id to AuthService
Distribution protocol: TCP
connected to auth! from local port 52834
received auth hello!
{ authId: 502, nonce: <Buffer 5e f9 78 f6 4f 7b 8a 7f> }
received session key response encrypted with distribution key
replyNonce in sessionKeyResp: <Buffer ca 84 03 2f a6 31 65 76>
auth nonce verified
handleSessionKeyResp: session key request succeeded! authFailureCount: 0
received 1 keys
Session key id is as expected
server ret: [object Object]
chosen nonce: <Buffer d0 5c 15 43 04 03 29 a2>
switching to HANDSHAKE_2_SENT
disconnected from auth
received session key handshake3!
{ replyNonce: <Buffer d0 5c 15 43 04 03 29 a2> }
client authenticated/authorized by solving nonce!
switching to IN_COMM
Handler: secure connection with the client established.
{ id: 3,
  remoteAddress: '::ffff:10.0.1.75:42774',
  status: 'open' }
received secure communication!
Received seqNum: 0
data received from server via secure communication
Handler: socketID: 3 data: data1
toSend: { data: <Buffer 64 61 74 61 31>, id: 3 }
specified socketID: 3
Unidentified client disconnected
Handler: secure connection with the client closed.
socket #2 closed
Unidentified client connected
received session key handshake1
switching to HANDSHAKE_1_RECEIVED state.
session key id: 50200016
session key NOT found! sending session key id to AuthService
Distribution protocol: TCP
connected to auth! from local port 53092
received auth hello!
{ authId: 502, nonce: <Buffer 36 b2 43 de 98 7d f8 de> }
received session key response encrypted with distribution key
replyNonce in sessionKeyResp: <Buffer bc 20 18 9c d5 5c f7 ab>
auth nonce verified
handleSessionKeyResp: session key request succeeded! authFailureCount: 0
received 1 keys
Session key id is as expected
server ret: [object Object]
chosen nonce: <Buffer e1 74 b7 3d 2f 94 27 c8>
switching to HANDSHAKE_2_SENT
disconnected from auth
received session key handshake3!
{ replyNonce: <Buffer e1 74 b7 3d 2f 94 27 c8> }
client authenticated/authorized by solving nonce!
switching to IN_COMM
Handler: secure connection with the client established.
{ id: 4,
  remoteAddress: '::ffff:10.0.1.74:48636',
  status: 'open' }
received secure communication!
Received seqNum: 0
data received from server via secure communication
Handler: socketID: 4 data: data1
toSend: { data: <Buffer 64 61 74 61 31>, id: 4 }
specified socketID: 4
Unidentified client disconnected
Handler: secure connection with the client closed.
socket #3 closed
Unidentified client connected
received session key handshake1
switching to HANDSHAKE_1_RECEIVED state.
session key id: 50200017
session key NOT found! sending session key id to AuthService
Distribution protocol: TCP
connected to auth! from local port 53104
received auth hello!
{ authId: 502, nonce: <Buffer 5d 61 97 dd a8 17 b2 4f> }
received session key response encrypted with distribution key
replyNonce in sessionKeyResp: <Buffer d9 ff 54 83 68 e4 6e 73>
auth nonce verified
handleSessionKeyResp: session key request succeeded! authFailureCount: 0
received 1 keys
Session key id is as expected
server ret: [object Object]
chosen nonce: <Buffer e8 a7 05 8a b1 25 06 93>
switching to HANDSHAKE_2_SENT
disconnected from auth
received session key handshake3!
{ replyNonce: <Buffer e8 a7 05 8a b1 25 06 93> }
client authenticated/authorized by solving nonce!
switching to IN_COMM
Handler: secure connection with the client established.
{ id: 5,
  remoteAddress: '::ffff:10.0.1.75:43044',
  status: 'open' }
received secure communication!
Received seqNum: 0
data received from server via secure communication
Handler: socketID: 5 data: data1
toSend: { data: <Buffer 64 61 74 61 31>, id: 5 }
specified socketID: 5
Unidentified client disconnected
Handler: secure connection with the client closed.
socket #4 closed
Unidentified client connected
received session key handshake1
switching to HANDSHAKE_1_RECEIVED state.
session key id: 50200023
session key NOT found! sending session key id to AuthService
Distribution protocol: TCP
connected to auth! from local port 53362
received auth hello!
{ authId: 502, nonce: <Buffer 63 d8 2b 57 b4 6e cd ed> }
received session key response encrypted with distribution key
replyNonce in sessionKeyResp: <Buffer 56 d8 2b 7a 9d 3e 95 ae>
auth nonce verified
handleSessionKeyResp: session key request succeeded! authFailureCount: 0
received 1 keys
Session key id is as expected
server ret: [object Object]
chosen nonce: <Buffer 1b 17 53 c0 81 aa 8a 49>
switching to HANDSHAKE_2_SENT
disconnected from auth
received session key handshake3!
{ replyNonce: <Buffer 1b 17 53 c0 81 aa 8a 49> }
client authenticated/authorized by solving nonce!
switching to IN_COMM
Handler: secure connection with the client established.
{ id: 6,
  remoteAddress: '::ffff:10.0.1.74:48906',
  status: 'open' }
received secure communication!
Received seqNum: 0
data received from server via secure communication
Handler: socketID: 6 data: data1
toSend: { data: <Buffer 64 61 74 61 31>, id: 6 }
specified socketID: 6
Unidentified client disconnected
Handler: secure connection with the client closed.
socket #5 closed
Unidentified client connected
received session key handshake1
switching to HANDSHAKE_1_RECEIVED state.
session key id: 50200024
session key NOT found! sending session key id to AuthService
Distribution protocol: TCP
connected to auth! from local port 53374
received auth hello!
{ authId: 502, nonce: <Buffer f8 ed 1d e1 76 b1 86 31> }
received session key response encrypted with distribution key
replyNonce in sessionKeyResp: <Buffer 3f f6 59 49 71 cf af ba>
auth nonce verified
handleSessionKeyResp: session key request succeeded! authFailureCount: 0
received 1 keys
Session key id is as expected
server ret: [object Object]
chosen nonce: <Buffer 5b 55 fd 95 7d d5 77 31>
switching to HANDSHAKE_2_SENT
received session key handshake3!
{ replyNonce: <Buffer 5b 55 fd 95 7d d5 77 31> }
client authenticated/authorized by solving nonce!
switching to IN_COMM
Handler: secure connection with the client established.
{ id: 7,
  remoteAddress: '::ffff:10.0.1.75:43314',
  status: 'open' }
disconnected from auth
received secure communication!
Received seqNum: 0
data received from server via secure communication
Handler: socketID: 7 data: data1
toSend: { data: <Buffer 64 61 74 61 31>, id: 7 }
specified socketID: 7
Unidentified client disconnected
Handler: secure connection with the client closed.
socket #6 closed
Unidentified client connected
received session key handshake1
switching to HANDSHAKE_1_RECEIVED state.
session key id: 50200030
session key NOT found! sending session key id to AuthService
Distribution protocol: TCP
connected to auth! from local port 53632
received auth hello!
{ authId: 502, nonce: <Buffer a7 d8 a7 2c 6e a8 81 a0> }
received session key response encrypted with distribution key
replyNonce in sessionKeyResp: <Buffer 22 77 6a 0e d1 f6 a2 97>
auth nonce verified
handleSessionKeyResp: session key request succeeded! authFailureCount: 0
received 1 keys
Session key id is as expected
server ret: [object Object]
chosen nonce: <Buffer fd 60 ce 2f 9f fe de 6d>
switching to HANDSHAKE_2_SENT
disconnected from auth
received session key handshake3!
{ replyNonce: <Buffer fd 60 ce 2f 9f fe de 6d> }
client authenticated/authorized by solving nonce!
switching to IN_COMM
Handler: secure connection with the client established.
{ id: 8,
  remoteAddress: '::ffff:10.0.1.74:49176',
  status: 'open' }
received secure communication!
Received seqNum: 0
data received from server via secure communication
Handler: socketID: 8 data: data1
toSend: { data: <Buffer 64 61 74 61 31>, id: 8 }
specified socketID: 8
Unidentified client disconnected
Handler: secure connection with the client closed.
socket #7 closed
Unidentified client connected
received session key handshake1
switching to HANDSHAKE_1_RECEIVED state.
session key id: 50200031
session key NOT found! sending session key id to AuthService
Distribution protocol: TCP
connected to auth! from local port 53644
received auth hello!
{ authId: 502, nonce: <Buffer 76 e3 0c ac f4 96 ea 85> }
received session key response encrypted with distribution key
replyNonce in sessionKeyResp: <Buffer 54 3a 34 82 90 72 72 53>
auth nonce verified
handleSessionKeyResp: session key request succeeded! authFailureCount: 0
received 1 keys
Session key id is as expected
server ret: [object Object]
chosen nonce: <Buffer 82 9c 03 67 a4 b8 11 f4>
switching to HANDSHAKE_2_SENT
disconnected from auth
received session key handshake3!
{ replyNonce: <Buffer 82 9c 03 67 a4 b8 11 f4> }
client authenticated/authorized by solving nonce!
switching to IN_COMM
Handler: secure connection with the client established.
{ id: 9,
  remoteAddress: '::ffff:10.0.1.75:43584',
  status: 'open' }
received secure communication!
Received seqNum: 0
data received from server via secure communication
Handler: socketID: 9 data: data1
toSend: { data: <Buffer 64 61 74 61 31>, id: 9 }
specified socketID: 9
Unidentified client disconnected
Handler: secure connection with the client closed.
socket #8 closed
Unidentified client connected
received session key handshake1
switching to HANDSHAKE_1_RECEIVED state.
session key id: 50200037
session key NOT found! sending session key id to AuthService
Distribution protocol: TCP
connected to auth! from local port 53902
received auth hello!
{ authId: 502, nonce: <Buffer d3 bf f2 a6 71 97 44 72> }
received session key response encrypted with distribution key
replyNonce in sessionKeyResp: <Buffer 8f a7 81 29 8f 70 68 c8>
auth nonce verified
handleSessionKeyResp: session key request succeeded! authFailureCount: 0
received 1 keys
Session key id is as expected
server ret: [object Object]
chosen nonce: <Buffer 41 64 de b4 11 0c b2 46>
switching to HANDSHAKE_2_SENT
disconnected from auth
received session key handshake3!
{ replyNonce: <Buffer 41 64 de b4 11 0c b2 46> }
client authenticated/authorized by solving nonce!
switching to IN_COMM
Handler: secure connection with the client established.
{ id: 10,
  remoteAddress: '::ffff:10.0.1.74:49446',
  status: 'open' }
received secure communication!
Received seqNum: 0
data received from server via secure communication
Handler: socketID: 10 data: data1
toSend: { data: <Buffer 64 61 74 61 31>, id: 10 }
specified socketID: 10
Unidentified client disconnected
Handler: secure connection with the client closed.
socket #9 closed
Unidentified client connected
received session key handshake1
switching to HANDSHAKE_1_RECEIVED state.
session key id: 50200038
session key NOT found! sending session key id to AuthService
Distribution protocol: TCP
connected to auth! from local port 53914
received auth hello!
{ authId: 502, nonce: <Buffer de 3d 08 b1 1b 8b c7 e7> }
received session key response encrypted with distribution key
replyNonce in sessionKeyResp: <Buffer 69 57 a6 0b 57 d3 82 75>
auth nonce verified
handleSessionKeyResp: session key request succeeded! authFailureCount: 0
received 1 keys
Session key id is as expected
server ret: [object Object]
chosen nonce: <Buffer ae 5e c4 91 19 36 12 2f>
switching to HANDSHAKE_2_SENT
received session key handshake3!
{ replyNonce: <Buffer ae 5e c4 91 19 36 12 2f> }
client authenticated/authorized by solving nonce!
switching to IN_COMM
Handler: secure connection with the client established.
{ id: 11,
  remoteAddress: '::ffff:10.0.1.75:43854',
  status: 'open' }
disconnected from auth
received secure communication!
Received seqNum: 0
data received from server via secure communication
Handler: socketID: 11 data: data1
toSend: { data: <Buffer 64 61 74 61 31>, id: 11 }
specified socketID: 11
Unidentified client disconnected
Handler: secure connection with the client closed.
socket #10 closed
Unidentified client connected
received session key handshake1
switching to HANDSHAKE_1_RECEIVED state.
session key id: 50200044
session key NOT found! sending session key id to AuthService
Distribution protocol: TCP
connected to auth! from local port 54168
received auth hello!
{ authId: 502, nonce: <Buffer 22 50 72 1a d0 b6 50 97> }
received session key response encrypted with distribution key
replyNonce in sessionKeyResp: <Buffer a2 4f 12 d6 f1 b0 3f dc>
auth nonce verified
handleSessionKeyResp: session key request succeeded! authFailureCount: 0
received 1 keys
Session key id is as expected
server ret: [object Object]
chosen nonce: <Buffer 68 73 c1 19 f9 b0 73 dd>
switching to HANDSHAKE_2_SENT
disconnected from auth
received session key handshake3!
{ replyNonce: <Buffer 68 73 c1 19 f9 b0 73 dd> }
client authenticated/authorized by solving nonce!
switching to IN_COMM
Handler: secure connection with the client established.
{ id: 12,
  remoteAddress: '::ffff:10.0.1.74:49712',
  status: 'open' }
received secure communication!
Received seqNum: 0
data received from server via secure communication
Handler: socketID: 12 data: data1
toSend: { data: <Buffer 64 61 74 61 31>, id: 12 }
specified socketID: 12
Unidentified client disconnected
Handler: secure connection with the client closed.
socket #11 closed
Unidentified client connected
received session key handshake1
switching to HANDSHAKE_1_RECEIVED state.
session key id: 50200045
session key NOT found! sending session key id to AuthService
Distribution protocol: TCP
connected to auth! from local port 54180
received auth hello!
{ authId: 502, nonce: <Buffer b0 0a 6a f1 1d 6e 5c 92> }
received session key response encrypted with distribution key
replyNonce in sessionKeyResp: <Buffer f3 db 1b a0 0a 33 fa 48>
auth nonce verified
handleSessionKeyResp: session key request succeeded! authFailureCount: 0
received 1 keys
Session key id is as expected
server ret: [object Object]
chosen nonce: <Buffer 9c e3 3b 9d 29 32 d1 6b>
switching to HANDSHAKE_2_SENT
received session key handshake3!
{ replyNonce: <Buffer 9c e3 3b 9d 29 32 d1 6b> }
client authenticated/authorized by solving nonce!
switching to IN_COMM
Handler: secure connection with the client established.
{ id: 13,
  remoteAddress: '::ffff:10.0.1.75:44120',
  status: 'open' }
disconnected from auth
received secure communication!
Received seqNum: 0
data received from server via secure communication
Handler: socketID: 13 data: data1
toSend: { data: <Buffer 64 61 74 61 31>, id: 13 }
specified socketID: 13
Unidentified client disconnected
Handler: secure connection with the client closed.
socket #12 closed
Unidentified client connected
received session key handshake1
switching to HANDSHAKE_1_RECEIVED state.
session key id: 50200051
session key NOT found! sending session key id to AuthService
Distribution protocol: TCP
connected to auth! from local port 54354
received auth hello!
{ authId: 502, nonce: <Buffer b5 a8 33 93 5e 26 99 bf> }
received session key response encrypted with distribution key
replyNonce in sessionKeyResp: <Buffer fc cd ae 62 83 47 e1 f3>
auth nonce verified
handleSessionKeyResp: session key request succeeded! authFailureCount: 0
received 1 keys
Session key id is as expected
server ret: [object Object]
chosen nonce: <Buffer e5 d7 88 52 6c 89 35 9b>
switching to HANDSHAKE_2_SENT
disconnected from auth
received session key handshake3!
{ replyNonce: <Buffer e5 d7 88 52 6c 89 35 9b> }
client authenticated/authorized by solving nonce!
switching to IN_COMM
Handler: secure connection with the client established.
{ id: 14,
  remoteAddress: '::ffff:10.0.1.74:49898',
  status: 'open' }
received secure communication!
Received seqNum: 0
data received from server via secure communication
Handler: socketID: 14 data: data1
toSend: { data: <Buffer 64 61 74 61 31>, id: 14 }
specified socketID: 14
Unidentified client disconnected
Handler: secure connection with the client closed.
socket #13 closed
Unidentified client connected
received session key handshake1
switching to HANDSHAKE_1_RECEIVED state.
session key id: 50200052
session key NOT found! sending session key id to AuthService
Distribution protocol: TCP
connected to auth! from local port 54366
received auth hello!
{ authId: 502, nonce: <Buffer 0c 67 0f d5 97 23 48 fc> }
received session key response encrypted with distribution key
replyNonce in sessionKeyResp: <Buffer 78 d4 1e eb 8f 5f 58 1e>
auth nonce verified
handleSessionKeyResp: session key request succeeded! authFailureCount: 0
received 1 keys
Session key id is as expected
server ret: [object Object]
chosen nonce: <Buffer d6 31 23 96 c8 11 bd ed>
switching to HANDSHAKE_2_SENT
disconnected from auth
received session key handshake3!
{ replyNonce: <Buffer d6 31 23 96 c8 11 bd ed> }
client authenticated/authorized by solving nonce!
switching to IN_COMM
Handler: secure connection with the client established.
{ id: 15,
  remoteAddress: '::ffff:10.0.1.75:44306',
  status: 'open' }
received secure communication!
Received seqNum: 0
data received from server via secure communication
Handler: socketID: 15 data: data1
toSend: { data: <Buffer 64 61 74 61 31>, id: 15 }
specified socketID: 15
Unidentified client disconnected
Handler: secure connection with the client closed.
socket #14 closed
Unidentified client connected
received session key handshake1
switching to HANDSHAKE_1_RECEIVED state.
session key id: 50200058
session key NOT found! sending session key id to AuthService
Distribution protocol: TCP
connected to auth! from local port 54580
received auth hello!
{ authId: 502, nonce: <Buffer 59 e3 9f 36 7a 7b a3 e2> }
received session key response encrypted with distribution key
replyNonce in sessionKeyResp: <Buffer f5 fd a2 71 f0 1b d9 65>
auth nonce verified
handleSessionKeyResp: session key request succeeded! authFailureCount: 0
received 1 keys
Session key id is as expected
server ret: [object Object]
chosen nonce: <Buffer 0e 88 58 b4 e3 24 38 b4>
switching to HANDSHAKE_2_SENT
disconnected from auth
received session key handshake3!
{ replyNonce: <Buffer 0e 88 58 b4 e3 24 38 b4> }
client authenticated/authorized by solving nonce!
switching to IN_COMM
Handler: secure connection with the client established.
{ id: 16,
  remoteAddress: '::ffff:10.0.1.74:50124',
  status: 'open' }
received secure communication!
Received seqNum: 0
data received from server via secure communication
Handler: socketID: 16 data: data1
toSend: { data: <Buffer 64 61 74 61 31>, id: 16 }
specified socketID: 16
Unidentified client disconnected
Handler: secure connection with the client closed.
socket #15 closed
Unidentified client connected
received session key handshake1
switching to HANDSHAKE_1_RECEIVED state.
session key id: 50200059
session key NOT found! sending session key id to AuthService
Distribution protocol: TCP
connected to auth! from local port 54600
received auth hello!
{ authId: 502, nonce: <Buffer e1 63 ef 58 7c da fa d0> }
received session key response encrypted with distribution key
replyNonce in sessionKeyResp: <Buffer 42 4e de 82 71 1a 21 04>
auth nonce verified
handleSessionKeyResp: session key request succeeded! authFailureCount: 0
received 1 keys
Session key id is as expected
server ret: [object Object]
chosen nonce: <Buffer 18 e3 d2 95 da e7 1b 4d>
switching to HANDSHAKE_2_SENT
disconnected from auth
received session key handshake3!
{ replyNonce: <Buffer 18 e3 d2 95 da e7 1b 4d> }
client authenticated/authorized by solving nonce!
switching to IN_COMM
Handler: secure connection with the client established.
{ id: 17,
  remoteAddress: '::ffff:10.0.1.75:44538',
  status: 'open' }
received secure communication!
Received seqNum: 0
data received from server via secure communication
Handler: socketID: 17 data: data1
toSend: { data: <Buffer 64 61 74 61 31>, id: 17 }
specified socketID: 17
Unidentified client disconnected
Handler: secure connection with the client closed.
socket #16 closed
Unidentified client connected
received session key handshake1
switching to HANDSHAKE_1_RECEIVED state.
session key id: 50200071
session key NOT found! sending session key id to AuthService
Distribution protocol: TCP
connected to auth! from local port 54854
received auth hello!
{ authId: 502, nonce: <Buffer 3e 65 86 f0 cb 88 a1 c7> }
received session key response encrypted with distribution key
replyNonce in sessionKeyResp: <Buffer 8f 6f 32 e8 7a 09 32 fe>
auth nonce verified
handleSessionKeyResp: session key request succeeded! authFailureCount: 0
received 1 keys
Session key id is as expected
server ret: [object Object]
chosen nonce: <Buffer 7d 7e 4e 34 bf b8 fc a9>
switching to HANDSHAKE_2_SENT
disconnected from auth
received session key handshake3!
{ replyNonce: <Buffer 7d 7e 4e 34 bf b8 fc a9> }
client authenticated/authorized by solving nonce!
switching to IN_COMM
Handler: secure connection with the client established.
{ id: 18,
  remoteAddress: '::ffff:10.0.1.74:50398',
  status: 'open' }
received secure communication!
Received seqNum: 0
data received from server via secure communication
Handler: socketID: 18 data: data1
toSend: { data: <Buffer 64 61 74 61 31>, id: 18 }
specified socketID: 18
Unidentified client disconnected
Handler: secure connection with the client closed.
socket #17 closed
Unidentified client connected
received session key handshake1
switching to HANDSHAKE_1_RECEIVED state.
session key id: 50200072
session key NOT found! sending session key id to AuthService
Distribution protocol: TCP
connected to auth! from local port 54866
received auth hello!
{ authId: 502, nonce: <Buffer f5 d6 9f 0b 83 a1 bb 8f> }
received session key response encrypted with distribution key
replyNonce in sessionKeyResp: <Buffer ae b9 f0 33 c1 2a 23 fa>
auth nonce verified
handleSessionKeyResp: session key request succeeded! authFailureCount: 0
received 1 keys
Session key id is as expected
server ret: [object Object]
chosen nonce: <Buffer 55 a8 63 67 53 64 bf 56>
switching to HANDSHAKE_2_SENT
received session key handshake3!
{ replyNonce: <Buffer 55 a8 63 67 53 64 bf 56> }
client authenticated/authorized by solving nonce!
switching to IN_COMM
Handler: secure connection with the client established.
{ id: 19,
  remoteAddress: '::ffff:10.0.1.75:44806',
  status: 'open' }
disconnected from auth
received secure communication!
Received seqNum: 0
data received from server via secure communication
Handler: socketID: 19 data: data1
toSend: { data: <Buffer 64 61 74 61 31>, id: 19 }
specified socketID: 19
Unidentified client disconnected
Handler: secure connection with the client closed.
socket #18 closed
Unidentified client connected
received session key handshake1
switching to HANDSHAKE_1_RECEIVED state.
session key id: 50200084
session key NOT found! sending session key id to AuthService
Distribution protocol: TCP
connected to auth! from local port 55142
received auth hello!
{ authId: 502, nonce: <Buffer 91 7e 64 db 54 90 b9 49> }
received session key response encrypted with distribution key
replyNonce in sessionKeyResp: <Buffer 5b e3 73 c1 ce aa 66 e2>
auth nonce verified
handleSessionKeyResp: session key request succeeded! authFailureCount: 0
received 1 keys
Session key id is as expected
server ret: [object Object]
chosen nonce: <Buffer d5 2d a1 11 bc 07 2d fe>
switching to HANDSHAKE_2_SENT
received session key handshake3!
{ replyNonce: <Buffer d5 2d a1 11 bc 07 2d fe> }
client authenticated/authorized by solving nonce!
switching to IN_COMM
Handler: secure connection with the client established.
{ id: 20,
  remoteAddress: '::ffff:10.0.1.74:50686',
  status: 'open' }
disconnected from auth
received secure communication!
Received seqNum: 0
data received from server via secure communication
Handler: socketID: 20 data: data1
toSend: { data: <Buffer 64 61 74 61 31>, id: 20 }
specified socketID: 20
Unidentified client disconnected
Handler: secure connection with the client closed.
socket #19 closed
Unidentified client connected
received session key handshake1
switching to HANDSHAKE_1_RECEIVED state.
session key id: 50200085
session key NOT found! sending session key id to AuthService
Distribution protocol: TCP
connected to auth! from local port 55160
received auth hello!
{ authId: 502, nonce: <Buffer e1 0e 58 75 5e 0f 5d 02> }
received session key response encrypted with distribution key
replyNonce in sessionKeyResp: <Buffer 8d 8e 4d 74 c3 33 30 4a>
auth nonce verified
handleSessionKeyResp: session key request succeeded! authFailureCount: 0
received 1 keys
Session key id is as expected
server ret: [object Object]
chosen nonce: <Buffer fb 7d 0f 54 27 89 99 9e>
switching to HANDSHAKE_2_SENT
received session key handshake3!
{ replyNonce: <Buffer fb 7d 0f 54 27 89 99 9e> }
client authenticated/authorized by solving nonce!
switching to IN_COMM
Handler: secure connection with the client established.
{ id: 21,
  remoteAddress: '::ffff:10.0.1.75:45100',
  status: 'open' }
received secure communication!
Received seqNum: 0
data received from server via secure communication
Handler: socketID: 21 data: data1
toSend: { data: <Buffer 64 61 74 61 31>, id: 21 }
specified socketID: 21
disconnected from auth
Unidentified client disconnected
Handler: secure connection with the client closed.
socket #20 closed
Unidentified client connected
received session key handshake1
switching to HANDSHAKE_1_RECEIVED state.
session key id: 50200097
session key NOT found! sending session key id to AuthService
Distribution protocol: TCP
connected to auth! from local port 55408
received auth hello!
{ authId: 502, nonce: <Buffer b1 c3 f2 47 0f 2d cd 9d> }
received session key response encrypted with distribution key
replyNonce in sessionKeyResp: <Buffer 20 bc c7 37 d5 63 4f be>
auth nonce verified
handleSessionKeyResp: session key request succeeded! authFailureCount: 0
received 1 keys
Session key id is as expected
server ret: [object Object]
chosen nonce: <Buffer d6 59 b9 ba 04 63 86 7a>
switching to HANDSHAKE_2_SENT
received session key handshake3!
{ replyNonce: <Buffer d6 59 b9 ba 04 63 86 7a> }
client authenticated/authorized by solving nonce!
switching to IN_COMM
Handler: secure connection with the client established.
{ id: 22,
  remoteAddress: '::ffff:10.0.1.74:50952',
  status: 'open' }
disconnected from auth
received secure communication!
Received seqNum: 0
data received from server via secure communication
Handler: socketID: 22 data: data1
toSend: { data: <Buffer 64 61 74 61 31>, id: 22 }
specified socketID: 22
Unidentified client disconnected
Handler: secure connection with the client closed.
socket #21 closed
Unidentified client connected
received session key handshake1
switching to HANDSHAKE_1_RECEIVED state.
session key id: 50200098
session key NOT found! sending session key id to AuthService
Distribution protocol: TCP
connected to auth! from local port 55422
received auth hello!
{ authId: 502, nonce: <Buffer 3c 82 67 15 ee 08 90 ac> }
received session key response encrypted with distribution key
replyNonce in sessionKeyResp: <Buffer d5 7a f8 18 0a 08 cc 10>
auth nonce verified
handleSessionKeyResp: session key request succeeded! authFailureCount: 0
received 1 keys
Session key id is as expected
server ret: [object Object]
chosen nonce: <Buffer 78 6c 66 ba 6f 70 d8 22>
switching to HANDSHAKE_2_SENT
received session key handshake3!
{ replyNonce: <Buffer 78 6c 66 ba 6f 70 d8 22> }
client authenticated/authorized by solving nonce!
switching to IN_COMM
Handler: secure connection with the client established.
{ id: 23,
  remoteAddress: '::ffff:10.0.1.75:45362',
  status: 'open' }
disconnected from auth
received secure communication!
Received seqNum: 0
data received from server via secure communication
Handler: socketID: 23 data: data1
toSend: { data: <Buffer 64 61 74 61 31>, id: 23 }
specified socketID: 23
Unidentified client disconnected
Handler: secure connection with the client closed.
socket #22 closed
Unidentified client connected
received session key handshake1
switching to HANDSHAKE_1_RECEIVED state.
session key id: 50200110
session key NOT found! sending session key id to AuthService
Distribution protocol: TCP
connected to auth! from local port 55672
received auth hello!
{ authId: 502, nonce: <Buffer bc 69 de ec bd 56 32 b1> }
received session key response encrypted with distribution key
replyNonce in sessionKeyResp: <Buffer 7e 18 ed b2 02 b8 1c 8c>
auth nonce verified
handleSessionKeyResp: session key request succeeded! authFailureCount: 0
received 1 keys
Session key id is as expected
server ret: [object Object]
chosen nonce: <Buffer e7 d7 ce 44 5b f1 4a 61>
switching to HANDSHAKE_2_SENT
received session key handshake3!
{ replyNonce: <Buffer e7 d7 ce 44 5b f1 4a 61> }
client authenticated/authorized by solving nonce!
switching to IN_COMM
Handler: secure connection with the client established.
{ id: 24,
  remoteAddress: '::ffff:10.0.1.74:51216',
  status: 'open' }
disconnected from auth
received secure communication!
Received seqNum: 0
data received from server via secure communication
Handler: socketID: 24 data: data1
toSend: { data: <Buffer 64 61 74 61 31>, id: 24 }
specified socketID: 24
Unidentified client disconnected
Handler: secure connection with the client closed.
socket #23 closed
Unidentified client connected
received session key handshake1
switching to HANDSHAKE_1_RECEIVED state.
session key id: 50200111
session key NOT found! sending session key id to AuthService
Distribution protocol: TCP
connected to auth! from local port 55686
received auth hello!
{ authId: 502, nonce: <Buffer e4 c7 e7 c8 8d 04 28 df> }
received session key response encrypted with distribution key
replyNonce in sessionKeyResp: <Buffer 88 a7 02 72 45 2f e1 30>
auth nonce verified
handleSessionKeyResp: session key request succeeded! authFailureCount: 0
received 1 keys
Session key id is as expected
server ret: [object Object]
chosen nonce: <Buffer c5 d5 2e 76 2c 4a be f4>
switching to HANDSHAKE_2_SENT
received session key handshake3!
{ replyNonce: <Buffer c5 d5 2e 76 2c 4a be f4> }
client authenticated/authorized by solving nonce!
switching to IN_COMM
Handler: secure connection with the client established.
{ id: 25,
  remoteAddress: '::ffff:10.0.1.75:45624',
  status: 'open' }
disconnected from auth
received secure communication!
Received seqNum: 0
data received from server via secure communication
Handler: socketID: 25 data: data1
toSend: { data: <Buffer 64 61 74 61 31>, id: 25 }
specified socketID: 25
Unidentified client disconnected
Handler: secure connection with the client closed.
socket #24 closed
Unidentified client connected
received session key handshake1
switching to HANDSHAKE_1_RECEIVED state.
session key id: 50200123
session key NOT found! sending session key id to AuthService
Distribution protocol: TCP
connected to auth! from local port 55934
received auth hello!
{ authId: 502, nonce: <Buffer e0 73 3f 63 06 68 46 5e> }
received session key response encrypted with distribution key
replyNonce in sessionKeyResp: <Buffer ec 48 8c ca d1 23 c0 c5>
auth nonce verified
handleSessionKeyResp: session key request succeeded! authFailureCount: 0
received 1 keys
Session key id is as expected
server ret: [object Object]
chosen nonce: <Buffer 2c 18 f8 d4 3a da 9f b5>
switching to HANDSHAKE_2_SENT
received session key handshake3!
{ replyNonce: <Buffer 2c 18 f8 d4 3a da 9f b5> }
client authenticated/authorized by solving nonce!
switching to IN_COMM
Handler: secure connection with the client established.
{ id: 26,
  remoteAddress: '::ffff:10.0.1.74:51478',
  status: 'open' }
disconnected from auth
received secure communication!
Received seqNum: 0
data received from server via secure communication
Handler: socketID: 26 data: data1
toSend: { data: <Buffer 64 61 74 61 31>, id: 26 }
specified socketID: 26
Unidentified client disconnected
Handler: secure connection with the client closed.
socket #25 closed
Unidentified client connected
received session key handshake1
switching to HANDSHAKE_1_RECEIVED state.
session key id: 50200124
session key NOT found! sending session key id to AuthService
Distribution protocol: TCP
connected to auth! from local port 55946
received auth hello!
{ authId: 502, nonce: <Buffer 6c a6 73 c3 b7 51 fd 12> }
received session key response encrypted with distribution key
replyNonce in sessionKeyResp: <Buffer 84 ea cf 65 46 a7 f9 29>
auth nonce verified
handleSessionKeyResp: session key request succeeded! authFailureCount: 0
received 1 keys
Session key id is as expected
server ret: [object Object]
chosen nonce: <Buffer 7d ec 2e 64 2c 47 53 97>
switching to HANDSHAKE_2_SENT
received session key handshake3!
{ replyNonce: <Buffer 7d ec 2e 64 2c 47 53 97> }
client authenticated/authorized by solving nonce!
switching to IN_COMM
Handler: secure connection with the client established.
{ id: 27,
  remoteAddress: '::ffff:10.0.1.75:45886',
  status: 'open' }
disconnected from auth
received secure communication!
Received seqNum: 0
data received from server via secure communication
Handler: socketID: 27 data: data1
toSend: { data: <Buffer 64 61 74 61 31>, id: 27 }
specified socketID: 27
Unidentified client disconnected
Handler: secure connection with the client closed.
socket #26 closed
Unidentified client connected
received session key handshake1
switching to HANDSHAKE_1_RECEIVED state.
session key id: 50200136
session key NOT found! sending session key id to AuthService
Distribution protocol: TCP
connected to auth! from local port 56196
received auth hello!
{ authId: 502, nonce: <Buffer 8c 96 72 4e 4b c1 71 19> }
received session key response encrypted with distribution key
replyNonce in sessionKeyResp: <Buffer a4 82 57 28 42 da a6 17>
auth nonce verified
handleSessionKeyResp: session key request succeeded! authFailureCount: 0
received 1 keys
Session key id is as expected
server ret: [object Object]
chosen nonce: <Buffer 56 4c 8f 9e df 02 f9 12>
switching to HANDSHAKE_2_SENT
received session key handshake3!
{ replyNonce: <Buffer 56 4c 8f 9e df 02 f9 12> }
client authenticated/authorized by solving nonce!
switching to IN_COMM
Handler: secure connection with the client established.
{ id: 28,
  remoteAddress: '::ffff:10.0.1.74:51740',
  status: 'open' }
disconnected from auth
received secure communication!
Received seqNum: 0
data received from server via secure communication
Handler: socketID: 28 data: data1
toSend: { data: <Buffer 64 61 74 61 31>, id: 28 }
specified socketID: 28
Unidentified client disconnected
Handler: secure connection with the client closed.
socket #27 closed
Unidentified client connected
received session key handshake1
switching to HANDSHAKE_1_RECEIVED state.
session key id: 50200137
session key NOT found! sending session key id to AuthService
Distribution protocol: TCP
connected to auth! from local port 56208
received auth hello!
{ authId: 502, nonce: <Buffer 8e 6e 26 cb 8b 86 4c e7> }
received session key response encrypted with distribution key
replyNonce in sessionKeyResp: <Buffer 4f 41 a2 c8 06 93 b0 e7>
auth nonce verified
handleSessionKeyResp: session key request succeeded! authFailureCount: 0
received 1 keys
Session key id is as expected
server ret: [object Object]
chosen nonce: <Buffer 18 3e 92 c8 e3 6b de f4>
switching to HANDSHAKE_2_SENT
disconnected from auth
received session key handshake3!
{ replyNonce: <Buffer 18 3e 92 c8 e3 6b de f4> }
client authenticated/authorized by solving nonce!
switching to IN_COMM
Handler: secure connection with the client established.
{ id: 29,
  remoteAddress: '::ffff:10.0.1.75:46148',
  status: 'open' }
received secure communication!
Received seqNum: 0
data received from server via secure communication
Handler: socketID: 29 data: data1
toSend: { data: <Buffer 64 61 74 61 31>, id: 29 }
specified socketID: 29
Unidentified client disconnected
Handler: secure connection with the client closed.
socket #28 closed
Unidentified client connected
received session key handshake1
switching to HANDSHAKE_1_RECEIVED state.
session key id: 50200149
session key NOT found! sending session key id to AuthService
Distribution protocol: TCP
connected to auth! from local port 56458
received auth hello!
{ authId: 502, nonce: <Buffer 53 2e d7 ad e9 05 b5 a6> }
received session key response encrypted with distribution key
replyNonce in sessionKeyResp: <Buffer 8e 04 b4 9b ff f8 81 d6>
auth nonce verified
handleSessionKeyResp: session key request succeeded! authFailureCount: 0
received 1 keys
Session key id is as expected
server ret: [object Object]
chosen nonce: <Buffer 9e f4 cd 0d 99 7a 32 9c>
switching to HANDSHAKE_2_SENT
received session key handshake3!
{ replyNonce: <Buffer 9e f4 cd 0d 99 7a 32 9c> }
client authenticated/authorized by solving nonce!
switching to IN_COMM
Handler: secure connection with the client established.
{ id: 30,
  remoteAddress: '::ffff:10.0.1.74:52002',
  status: 'open' }
disconnected from auth
received secure communication!
Received seqNum: 0
data received from server via secure communication
Handler: socketID: 30 data: data1
toSend: { data: <Buffer 64 61 74 61 31>, id: 30 }
specified socketID: 30
Unidentified client disconnected
Handler: secure connection with the client closed.
socket #29 closed
Unidentified client connected
received session key handshake1
switching to HANDSHAKE_1_RECEIVED state.
session key id: 50200150
session key NOT found! sending session key id to AuthService
Distribution protocol: TCP
connected to auth! from local port 56472
received auth hello!
{ authId: 502, nonce: <Buffer 30 fa 79 18 c3 ab db ff> }
received session key response encrypted with distribution key
replyNonce in sessionKeyResp: <Buffer 32 40 31 b8 9a 6f f4 56>
auth nonce verified
handleSessionKeyResp: session key request succeeded! authFailureCount: 0
received 1 keys
Session key id is as expected
server ret: [object Object]
chosen nonce: <Buffer 30 bf a0 07 0d 8a 7d 63>
switching to HANDSHAKE_2_SENT
disconnected from auth
received session key handshake3!
{ replyNonce: <Buffer 30 bf a0 07 0d 8a 7d 63> }
client authenticated/authorized by solving nonce!
switching to IN_COMM
Handler: secure connection with the client established.
{ id: 31,
  remoteAddress: '::ffff:10.0.1.75:46410',
  status: 'open' }
received secure communication!
Received seqNum: 0
data received from server via secure communication
Handler: socketID: 31 data: data1
toSend: { data: <Buffer 64 61 74 61 31>, id: 31 }
specified socketID: 31
Unidentified client disconnected
Handler: secure connection with the client closed.
socket #30 closed
Unidentified client connected
received session key handshake1
switching to HANDSHAKE_1_RECEIVED state.
session key id: 50200162
session key NOT found! sending session key id to AuthService
Distribution protocol: TCP
connected to auth! from local port 56720
received auth hello!
{ authId: 502, nonce: <Buffer 5e 4b 66 1a 53 c4 ae 7b> }
received session key response encrypted with distribution key
replyNonce in sessionKeyResp: <Buffer dd 32 a5 8c 9d aa 18 bd>
auth nonce verified
handleSessionKeyResp: session key request succeeded! authFailureCount: 0
received 1 keys
Session key id is as expected
server ret: [object Object]
chosen nonce: <Buffer b0 70 75 3a 79 17 54 e9>
switching to HANDSHAKE_2_SENT
disconnected from auth
received session key handshake3!
{ replyNonce: <Buffer b0 70 75 3a 79 17 54 e9> }
client authenticated/authorized by solving nonce!
switching to IN_COMM
Handler: secure connection with the client established.
{ id: 32,
  remoteAddress: '::ffff:10.0.1.74:52264',
  status: 'open' }
received secure communication!
Received seqNum: 0
data received from server via secure communication
Handler: socketID: 32 data: data1
toSend: { data: <Buffer 64 61 74 61 31>, id: 32 }
specified socketID: 32
Unidentified client disconnected
Handler: secure connection with the client closed.
socket #31 closed
Unidentified client connected
received session key handshake1
switching to HANDSHAKE_1_RECEIVED state.
session key id: 50200163
session key NOT found! sending session key id to AuthService
Distribution protocol: TCP
connected to auth! from local port 56734
received auth hello!
{ authId: 502, nonce: <Buffer 39 ea 23 be 39 ee 6a 0e> }
received session key response encrypted with distribution key
replyNonce in sessionKeyResp: <Buffer 40 e0 7e eb fd fe 52 21>
auth nonce verified
handleSessionKeyResp: session key request succeeded! authFailureCount: 0
received 1 keys
Session key id is as expected
server ret: [object Object]
chosen nonce: <Buffer a5 a5 20 92 c9 7b bf f4>
switching to HANDSHAKE_2_SENT
received session key handshake3!
{ replyNonce: <Buffer a5 a5 20 92 c9 7b bf f4> }
client authenticated/authorized by solving nonce!
switching to IN_COMM
Handler: secure connection with the client established.
{ id: 33,
  remoteAddress: '::ffff:10.0.1.75:46672',
  status: 'open' }
disconnected from auth
received secure communication!
Received seqNum: 0
data received from server via secure communication
Handler: socketID: 33 data: data1
toSend: { data: <Buffer 64 61 74 61 31>, id: 33 }
specified socketID: 33
Unidentified client disconnected
Handler: secure connection with the client closed.
socket #32 closed
Unidentified client connected
received session key handshake1
switching to HANDSHAKE_1_RECEIVED state.
session key id: 50200175
session key NOT found! sending session key id to AuthService
Distribution protocol: TCP
connected to auth! from local port 56982
received auth hello!
{ authId: 502, nonce: <Buffer 3e fb e5 ac 82 71 5c 3e> }
received session key response encrypted with distribution key
replyNonce in sessionKeyResp: <Buffer 20 e3 c0 62 d6 44 82 9d>
auth nonce verified
handleSessionKeyResp: session key request succeeded! authFailureCount: 0
received 1 keys
Session key id is as expected
server ret: [object Object]
chosen nonce: <Buffer b4 a3 0e 27 f7 6e 92 47>
switching to HANDSHAKE_2_SENT
received session key handshake3!
{ replyNonce: <Buffer b4 a3 0e 27 f7 6e 92 47> }
client authenticated/authorized by solving nonce!
switching to IN_COMM
Handler: secure connection with the client established.
{ id: 34,
  remoteAddress: '::ffff:10.0.1.74:52526',
  status: 'open' }
disconnected from auth
received secure communication!
Received seqNum: 0
data received from server via secure communication
Handler: socketID: 34 data: data1
toSend: { data: <Buffer 64 61 74 61 31>, id: 34 }
specified socketID: 34
Unidentified client disconnected
Handler: secure connection with the client closed.
socket #33 closed
Unidentified client connected
received session key handshake1
switching to HANDSHAKE_1_RECEIVED state.
session key id: 50200176
session key NOT found! sending session key id to AuthService
Distribution protocol: TCP
connected to auth! from local port 56998
received auth hello!
{ authId: 502, nonce: <Buffer 70 6e cb cf 53 f7 5c 23> }
received session key response encrypted with distribution key
replyNonce in sessionKeyResp: <Buffer 4a 01 9b fc d6 9b 19 2e>
auth nonce verified
handleSessionKeyResp: session key request succeeded! authFailureCount: 0
received 1 keys
Session key id is as expected
server ret: [object Object]
chosen nonce: <Buffer 44 4c 5b ed a9 ed 74 65>
switching to HANDSHAKE_2_SENT
received session key handshake3!
{ replyNonce: <Buffer 44 4c 5b ed a9 ed 74 65> }
client authenticated/authorized by solving nonce!
switching to IN_COMM
Handler: secure connection with the client established.
{ id: 35,
  remoteAddress: '::ffff:10.0.1.75:46934',
  status: 'open' }
disconnected from auth
received secure communication!
Received seqNum: 0
data received from server via secure communication
Handler: socketID: 35 data: data1
toSend: { data: <Buffer 64 61 74 61 31>, id: 35 }
specified socketID: 35
Unidentified client disconnected
Handler: secure connection with the client closed.
socket #34 closed
Unidentified client connected
received session key handshake1
switching to HANDSHAKE_1_RECEIVED state.
session key id: 50200188
session key NOT found! sending session key id to AuthService
Distribution protocol: TCP
connected to auth! from local port 57244
received auth hello!
{ authId: 502, nonce: <Buffer 63 98 46 08 28 76 c4 bd> }
received session key response encrypted with distribution key
replyNonce in sessionKeyResp: <Buffer de 46 7c f3 60 7d c8 3d>
auth nonce verified
handleSessionKeyResp: session key request succeeded! authFailureCount: 0
received 1 keys
Session key id is as expected
server ret: [object Object]
chosen nonce: <Buffer db a1 70 a3 6a 46 16 1e>
switching to HANDSHAKE_2_SENT
received session key handshake3!
{ replyNonce: <Buffer db a1 70 a3 6a 46 16 1e> }
client authenticated/authorized by solving nonce!
switching to IN_COMM
Handler: secure connection with the client established.
{ id: 36,
  remoteAddress: '::ffff:10.0.1.74:52788',
  status: 'open' }
disconnected from auth
received secure communication!
Received seqNum: 0
data received from server via secure communication
Handler: socketID: 36 data: data1
toSend: { data: <Buffer 64 61 74 61 31>, id: 36 }
specified socketID: 36
Unidentified client disconnected
Handler: secure connection with the client closed.
socket #35 closed
Unidentified client connected
received session key handshake1
switching to HANDSHAKE_1_RECEIVED state.
session key id: 50200189
session key NOT found! sending session key id to AuthService
Distribution protocol: TCP
connected to auth! from local port 57258
received auth hello!
{ authId: 502, nonce: <Buffer bd 04 48 24 aa 7a e8 a3> }
received session key response encrypted with distribution key
replyNonce in sessionKeyResp: <Buffer ec f8 98 b3 81 c6 d3 ea>
auth nonce verified
handleSessionKeyResp: session key request succeeded! authFailureCount: 0
received 1 keys
Session key id is as expected
server ret: [object Object]
chosen nonce: <Buffer 62 10 f8 f7 22 be ac fc>
switching to HANDSHAKE_2_SENT
disconnected from auth
received session key handshake3!
{ replyNonce: <Buffer 62 10 f8 f7 22 be ac fc> }
client authenticated/authorized by solving nonce!
switching to IN_COMM
Handler: secure connection with the client established.
{ id: 37,
  remoteAddress: '::ffff:10.0.1.75:47196',
  status: 'open' }
received secure communication!
Received seqNum: 0
data received from server via secure communication
Handler: socketID: 37 data: data1
toSend: { data: <Buffer 64 61 74 61 31>, id: 37 }
specified socketID: 37
Unidentified client disconnected
Handler: secure connection with the client closed.
socket #36 closed
Unidentified client connected
received session key handshake1
switching to HANDSHAKE_1_RECEIVED state.
session key id: 50200201
session key NOT found! sending session key id to AuthService
Distribution protocol: TCP
connected to auth! from local port 57510
received auth hello!
{ authId: 502, nonce: <Buffer f7 2c fa 10 96 a3 54 01> }
received session key response encrypted with distribution key
replyNonce in sessionKeyResp: <Buffer a4 86 73 a9 10 72 4a b1>
auth nonce verified
handleSessionKeyResp: session key request succeeded! authFailureCount: 0
received 1 keys
Session key id is as expected
server ret: [object Object]
chosen nonce: <Buffer 6b b5 51 74 7c 7d 06 bf>
switching to HANDSHAKE_2_SENT
received session key handshake3!
{ replyNonce: <Buffer 6b b5 51 74 7c 7d 06 bf> }
client authenticated/authorized by solving nonce!
switching to IN_COMM
Handler: secure connection with the client established.
{ id: 38,
  remoteAddress: '::ffff:10.0.1.74:53054',
  status: 'open' }
disconnected from auth
received secure communication!
Received seqNum: 0
data received from server via secure communication
Handler: socketID: 38 data: data1
toSend: { data: <Buffer 64 61 74 61 31>, id: 38 }
specified socketID: 38
Unidentified client disconnected
Handler: secure connection with the client closed.
socket #37 closed
Unidentified client connected
received session key handshake1
switching to HANDSHAKE_1_RECEIVED state.
session key id: 50200202
session key NOT found! sending session key id to AuthService
Distribution protocol: TCP
connected to auth! from local port 57526
received auth hello!
{ authId: 502, nonce: <Buffer af 5e b9 72 51 d7 95 81> }
received session key response encrypted with distribution key
replyNonce in sessionKeyResp: <Buffer ad 6b d3 88 c1 e8 9f 5d>
auth nonce verified
handleSessionKeyResp: session key request succeeded! authFailureCount: 0
received 1 keys
Session key id is as expected
server ret: [object Object]
chosen nonce: <Buffer 43 a1 1b 89 36 05 78 09>
switching to HANDSHAKE_2_SENT
disconnected from auth
received session key handshake3!
{ replyNonce: <Buffer 43 a1 1b 89 36 05 78 09> }
client authenticated/authorized by solving nonce!
switching to IN_COMM
Handler: secure connection with the client established.
{ id: 39,
  remoteAddress: '::ffff:10.0.1.75:47464',
  status: 'open' }
received secure communication!
Received seqNum: 0
data received from server via secure communication
Handler: socketID: 39 data: data1
toSend: { data: <Buffer 64 61 74 61 31>, id: 39 }
specified socketID: 39
Unidentified client disconnected
Handler: secure connection with the client closed.
socket #38 closed
Unidentified client connected
received session key handshake1
switching to HANDSHAKE_1_RECEIVED state.
session key id: 50200214
session key NOT found! sending session key id to AuthService
Distribution protocol: TCP
connected to auth! from local port 57776
received auth hello!
{ authId: 502, nonce: <Buffer fa e7 18 b8 2e e4 25 dd> }
received session key response encrypted with distribution key
replyNonce in sessionKeyResp: <Buffer e4 28 a0 0a 3f 6d 7d 47>
auth nonce verified
handleSessionKeyResp: session key request succeeded! authFailureCount: 0
received 1 keys
Session key id is as expected
server ret: [object Object]
chosen nonce: <Buffer d8 e8 f6 ff c6 67 50 b2>
switching to HANDSHAKE_2_SENT
disconnected from auth
received session key handshake3!
{ replyNonce: <Buffer d8 e8 f6 ff c6 67 50 b2> }
client authenticated/authorized by solving nonce!
switching to IN_COMM
Handler: secure connection with the client established.
{ id: 40,
  remoteAddress: '::ffff:10.0.1.74:53320',
  status: 'open' }
received secure communication!
Received seqNum: 0
data received from server via secure communication
Handler: socketID: 40 data: data1
toSend: { data: <Buffer 64 61 74 61 31>, id: 40 }
specified socketID: 40
Unidentified client disconnected
Handler: secure connection with the client closed.
socket #39 closed
Unidentified client connected
received session key handshake1
switching to HANDSHAKE_1_RECEIVED state.
session key id: 50200215
session key NOT found! sending session key id to AuthService
Distribution protocol: TCP
connected to auth! from local port 57790
received auth hello!
{ authId: 502, nonce: <Buffer 7b 4b 58 c9 a7 3b fb 08> }
received session key response encrypted with distribution key
replyNonce in sessionKeyResp: <Buffer cf 57 80 40 7c 18 90 04>
auth nonce verified
handleSessionKeyResp: session key request succeeded! authFailureCount: 0
received 1 keys
Session key id is as expected
server ret: [object Object]
chosen nonce: <Buffer a3 7d d5 e6 0c f8 d2 31>
switching to HANDSHAKE_2_SENT
disconnected from auth
received session key handshake3!
{ replyNonce: <Buffer a3 7d d5 e6 0c f8 d2 31> }
client authenticated/authorized by solving nonce!
switching to IN_COMM
Handler: secure connection with the client established.
{ id: 41,
  remoteAddress: '::ffff:10.0.1.75:47728',
  status: 'open' }
received secure communication!
Received seqNum: 0
data received from server via secure communication
Handler: socketID: 41 data: data1
toSend: { data: <Buffer 64 61 74 61 31>, id: 41 }
specified socketID: 41
Unidentified client disconnected
Handler: secure connection with the client closed.
socket #40 closed
Unidentified client connected
received session key handshake1
switching to HANDSHAKE_1_RECEIVED state.
session key id: 50200227
session key NOT found! sending session key id to AuthService
Distribution protocol: TCP
connected to auth! from local port 58042
received auth hello!
{ authId: 502, nonce: <Buffer 0a 19 f0 46 09 aa 06 13> }
received session key response encrypted with distribution key
replyNonce in sessionKeyResp: <Buffer 70 a7 7d ae 5e b8 da 9b>
auth nonce verified
handleSessionKeyResp: session key request succeeded! authFailureCount: 0
received 1 keys
Session key id is as expected
server ret: [object Object]
chosen nonce: <Buffer 65 a7 11 19 c8 af f1 a9>
switching to HANDSHAKE_2_SENT
disconnected from auth
received session key handshake3!
{ replyNonce: <Buffer 65 a7 11 19 c8 af f1 a9> }
client authenticated/authorized by solving nonce!
switching to IN_COMM
Handler: secure connection with the client established.
{ id: 42,
  remoteAddress: '::ffff:10.0.1.74:53586',
  status: 'open' }
received secure communication!
Received seqNum: 0
data received from server via secure communication
Handler: socketID: 42 data: data1
toSend: { data: <Buffer 64 61 74 61 31>, id: 42 }
specified socketID: 42
Unidentified client disconnected
Handler: secure connection with the client closed.
socket #41 closed
Unidentified client connected
received session key handshake1
switching to HANDSHAKE_1_RECEIVED state.
session key id: 50200228
session key NOT found! sending session key id to AuthService
Distribution protocol: TCP
connected to auth! from local port 58056
received auth hello!
{ authId: 502, nonce: <Buffer a7 48 ce 4f 51 9e 14 32> }
received session key response encrypted with distribution key
replyNonce in sessionKeyResp: <Buffer 72 0f 06 0a 1a d9 e3 7f>
auth nonce verified
handleSessionKeyResp: session key request succeeded! authFailureCount: 0
received 1 keys
Session key id is as expected
server ret: [object Object]
chosen nonce: <Buffer 9a d8 58 bd 3a 16 85 7e>
switching to HANDSHAKE_2_SENT
received session key handshake3!
{ replyNonce: <Buffer 9a d8 58 bd 3a 16 85 7e> }
client authenticated/authorized by solving nonce!
switching to IN_COMM
Handler: secure connection with the client established.
{ id: 43,
  remoteAddress: '::ffff:10.0.1.75:47994',
  status: 'open' }
disconnected from auth
received secure communication!
Received seqNum: 0
data received from server via secure communication
Handler: socketID: 43 data: data1
toSend: { data: <Buffer 64 61 74 61 31>, id: 43 }
specified socketID: 43
Unidentified client disconnected
Handler: secure connection with the client closed.
socket #42 closed
Unidentified client connected
received session key handshake1
switching to HANDSHAKE_1_RECEIVED state.
session key id: 50200240
session key NOT found! sending session key id to AuthService
Distribution protocol: TCP
connected to auth! from local port 58308
received auth hello!
{ authId: 502, nonce: <Buffer 34 ec 71 c5 22 b5 73 6d> }
received session key response encrypted with distribution key
replyNonce in sessionKeyResp: <Buffer e0 8d 59 c8 bc 32 c0 d0>
auth nonce verified
handleSessionKeyResp: session key request succeeded! authFailureCount: 0
received 1 keys
Session key id is as expected
server ret: [object Object]
chosen nonce: <Buffer 0c 07 36 55 02 72 d7 cf>
switching to HANDSHAKE_2_SENT
received session key handshake3!
{ replyNonce: <Buffer 0c 07 36 55 02 72 d7 cf> }
client authenticated/authorized by solving nonce!
switching to IN_COMM
Handler: secure connection with the client established.
{ id: 44,
  remoteAddress: '::ffff:10.0.1.74:53852',
  status: 'open' }
disconnected from auth
received secure communication!
Received seqNum: 0
data received from server via secure communication
Handler: socketID: 44 data: data1
toSend: { data: <Buffer 64 61 74 61 31>, id: 44 }
specified socketID: 44
Unidentified client disconnected
Handler: secure connection with the client closed.
socket #43 closed
Unidentified client connected
received session key handshake1
switching to HANDSHAKE_1_RECEIVED state.
session key id: 50200241
session key NOT found! sending session key id to AuthService
Distribution protocol: TCP
connected to auth! from local port 58322
received auth hello!
{ authId: 502, nonce: <Buffer bc 13 b4 ff c4 78 46 fb> }
received session key response encrypted with distribution key
replyNonce in sessionKeyResp: <Buffer a7 e8 5a 6a ff 93 e3 b7>
auth nonce verified
handleSessionKeyResp: session key request succeeded! authFailureCount: 0
received 1 keys
Session key id is as expected
server ret: [object Object]
chosen nonce: <Buffer 09 d0 49 ca 8c 52 f8 a8>
switching to HANDSHAKE_2_SENT
received session key handshake3!
{ replyNonce: <Buffer 09 d0 49 ca 8c 52 f8 a8> }
client authenticated/authorized by solving nonce!
switching to IN_COMM
Handler: secure connection with the client established.
{ id: 45,
  remoteAddress: '::ffff:10.0.1.75:48260',
  status: 'open' }
disconnected from auth
received secure communication!
Received seqNum: 0
data received from server via secure communication
Handler: socketID: 45 data: data1
toSend: { data: <Buffer 64 61 74 61 31>, id: 45 }
specified socketID: 45
Unidentified client disconnected
Handler: secure connection with the client closed.
socket #44 closed
Unidentified client connected
received session key handshake1
switching to HANDSHAKE_1_RECEIVED state.
session key id: 50200253
session key NOT found! sending session key id to AuthService
Distribution protocol: TCP
connected to auth! from local port 58574
received auth hello!
{ authId: 502, nonce: <Buffer d9 e7 3f d8 1f 73 71 d6> }
received session key response encrypted with distribution key
replyNonce in sessionKeyResp: <Buffer d8 7a f7 2c 43 54 44 92>
auth nonce verified
handleSessionKeyResp: session key request succeeded! authFailureCount: 0
received 1 keys
Session key id is as expected
server ret: [object Object]
chosen nonce: <Buffer 81 f7 02 50 ba 30 01 02>
switching to HANDSHAKE_2_SENT
received session key handshake3!
{ replyNonce: <Buffer 81 f7 02 50 ba 30 01 02> }
client authenticated/authorized by solving nonce!
switching to IN_COMM
Handler: secure connection with the client established.
{ id: 46,
  remoteAddress: '::ffff:10.0.1.74:54118',
  status: 'open' }
disconnected from auth
received secure communication!
Received seqNum: 0
data received from server via secure communication
Handler: socketID: 46 data: data1
toSend: { data: <Buffer 64 61 74 61 31>, id: 46 }
specified socketID: 46
Unidentified client disconnected
Handler: secure connection with the client closed.
socket #45 closed
Unidentified client connected
received session key handshake1
switching to HANDSHAKE_1_RECEIVED state.
session key id: 50200254
session key NOT found! sending session key id to AuthService
Distribution protocol: TCP
connected to auth! from local port 58588
received auth hello!
{ authId: 502, nonce: <Buffer d2 3c e0 3b fa fb 91 40> }
received session key response encrypted with distribution key
replyNonce in sessionKeyResp: <Buffer 09 fa 94 02 18 38 18 db>
auth nonce verified
handleSessionKeyResp: session key request succeeded! authFailureCount: 0
received 1 keys
Session key id is as expected
server ret: [object Object]
chosen nonce: <Buffer 7b 68 32 ad 6d 72 24 e3>
switching to HANDSHAKE_2_SENT
disconnected from auth
received session key handshake3!
{ replyNonce: <Buffer 7b 68 32 ad 6d 72 24 e3> }
client authenticated/authorized by solving nonce!
switching to IN_COMM
Handler: secure connection with the client established.
{ id: 47,
  remoteAddress: '::ffff:10.0.1.75:48526',
  status: 'open' }
received secure communication!
Received seqNum: 0
data received from server via secure communication
Handler: socketID: 47 data: data1
toSend: { data: <Buffer 64 61 74 61 31>, id: 47 }
specified socketID: 47
Unidentified client disconnected
Handler: secure connection with the client closed.
socket #46 closed
Unidentified client connected
received session key handshake1
switching to HANDSHAKE_1_RECEIVED state.
session key id: 50200266
session key NOT found! sending session key id to AuthService
Distribution protocol: TCP
connected to auth! from local port 58840
received auth hello!
{ authId: 502, nonce: <Buffer 85 90 4f 80 e8 a6 16 94> }
received session key response encrypted with distribution key
replyNonce in sessionKeyResp: <Buffer 8c 4d 10 9a 63 ed 91 6a>
auth nonce verified
handleSessionKeyResp: session key request succeeded! authFailureCount: 0
received 1 keys
Session key id is as expected
server ret: [object Object]
chosen nonce: <Buffer 29 7b 50 a5 1e 45 b0 73>
switching to HANDSHAKE_2_SENT
disconnected from auth
received session key handshake3!
{ replyNonce: <Buffer 29 7b 50 a5 1e 45 b0 73> }
client authenticated/authorized by solving nonce!
switching to IN_COMM
Handler: secure connection with the client established.
{ id: 48,
  remoteAddress: '::ffff:10.0.1.74:54384',
  status: 'open' }
received secure communication!
Received seqNum: 0
data received from server via secure communication
Handler: socketID: 48 data: data1
toSend: { data: <Buffer 64 61 74 61 31>, id: 48 }
specified socketID: 48
Unidentified client disconnected
Handler: secure connection with the client closed.
socket #47 closed
Unidentified client connected
received session key handshake1
switching to HANDSHAKE_1_RECEIVED state.
session key id: 50200267
session key NOT found! sending session key id to AuthService
Distribution protocol: TCP
connected to auth! from local port 58854
received auth hello!
{ authId: 502, nonce: <Buffer 57 da 8d 4a 4e 6f df 1b> }
received session key response encrypted with distribution key
replyNonce in sessionKeyResp: <Buffer 2c be 45 f8 8d e5 fe 95>
auth nonce verified
handleSessionKeyResp: session key request succeeded! authFailureCount: 0
received 1 keys
Session key id is as expected
server ret: [object Object]
chosen nonce: <Buffer 66 dd b5 51 03 05 7a 58>
switching to HANDSHAKE_2_SENT
disconnected from auth
received session key handshake3!
{ replyNonce: <Buffer 66 dd b5 51 03 05 7a 58> }
client authenticated/authorized by solving nonce!
switching to IN_COMM
Handler: secure connection with the client established.
{ id: 49,
  remoteAddress: '::ffff:10.0.1.75:48792',
  status: 'open' }
received secure communication!
Received seqNum: 0
data received from server via secure communication
Handler: socketID: 49 data: data1
toSend: { data: <Buffer 64 61 74 61 31>, id: 49 }
specified socketID: 49
Unidentified client disconnected
Handler: secure connection with the client closed.
socket #48 closed
Unidentified client connected
received session key handshake1
switching to HANDSHAKE_1_RECEIVED state.
session key id: 50200279
session key NOT found! sending session key id to AuthService
Distribution protocol: TCP
connected to auth! from local port 59106
received auth hello!
{ authId: 502, nonce: <Buffer 0e 74 70 35 66 74 df 05> }
received session key response encrypted with distribution key
replyNonce in sessionKeyResp: <Buffer 40 c4 76 20 ae f0 dd b5>
auth nonce verified
handleSessionKeyResp: session key request succeeded! authFailureCount: 0
received 1 keys
Session key id is as expected
server ret: [object Object]
chosen nonce: <Buffer d6 65 ce 42 74 0b db ee>
switching to HANDSHAKE_2_SENT
disconnected from auth
received session key handshake3!
{ replyNonce: <Buffer d6 65 ce 42 74 0b db ee> }
client authenticated/authorized by solving nonce!
switching to IN_COMM
Handler: secure connection with the client established.
{ id: 50,
  remoteAddress: '::ffff:10.0.1.74:54650',
  status: 'open' }
received secure communication!
Received seqNum: 0
data received from server via secure communication
Handler: socketID: 50 data: data1
toSend: { data: <Buffer 64 61 74 61 31>, id: 50 }
specified socketID: 50
Unidentified client disconnected
Handler: secure connection with the client closed.
socket #49 closed
Unidentified client connected
received session key handshake1
switching to HANDSHAKE_1_RECEIVED state.
session key id: 50200280
session key NOT found! sending session key id to AuthService
Distribution protocol: TCP
connected to auth! from local port 59120
received auth hello!
{ authId: 502, nonce: <Buffer a4 c2 d8 14 3c 18 e8 e0> }
received session key response encrypted with distribution key
replyNonce in sessionKeyResp: <Buffer 58 66 b0 0b 36 85 f2 c7>
auth nonce verified
handleSessionKeyResp: session key request succeeded! authFailureCount: 0
received 1 keys
Session key id is as expected
server ret: [object Object]
chosen nonce: <Buffer 59 29 d9 cd bb bf b9 c5>
switching to HANDSHAKE_2_SENT
disconnected from auth
received session key handshake3!
{ replyNonce: <Buffer 59 29 d9 cd bb bf b9 c5> }
client authenticated/authorized by solving nonce!
switching to IN_COMM
Handler: secure connection with the client established.
{ id: 51,
  remoteAddress: '::ffff:10.0.1.75:49058',
  status: 'open' }
received secure communication!
Received seqNum: 0
data received from server via secure communication
Handler: socketID: 51 data: data1
toSend: { data: <Buffer 64 61 74 61 31>, id: 51 }
specified socketID: 51
Unidentified client disconnected
Handler: secure connection with the client closed.
socket #50 closed
Unidentified client connected
received session key handshake1
switching to HANDSHAKE_1_RECEIVED state.
session key id: 50200292
session key NOT found! sending session key id to AuthService
Distribution protocol: TCP
connected to auth! from local port 59368
received auth hello!
{ authId: 502, nonce: <Buffer 64 b3 de 7e 2b 61 de 82> }
received session key response encrypted with distribution key
replyNonce in sessionKeyResp: <Buffer 57 d0 49 57 21 b8 db ce>
auth nonce verified
handleSessionKeyResp: session key request succeeded! authFailureCount: 0
received 1 keys
Session key id is as expected
server ret: [object Object]
chosen nonce: <Buffer 3f c4 98 95 c1 75 85 fd>
switching to HANDSHAKE_2_SENT
disconnected from auth
received session key handshake3!
{ replyNonce: <Buffer 3f c4 98 95 c1 75 85 fd> }
client authenticated/authorized by solving nonce!
switching to IN_COMM
Handler: secure connection with the client established.
{ id: 52,
  remoteAddress: '::ffff:10.0.1.74:54912',
  status: 'open' }
received secure communication!
Received seqNum: 0
data received from server via secure communication
Handler: socketID: 52 data: data1
toSend: { data: <Buffer 64 61 74 61 31>, id: 52 }
specified socketID: 52
Unidentified client disconnected
Handler: secure connection with the client closed.
socket #51 closed
Unidentified client connected
received session key handshake1
switching to HANDSHAKE_1_RECEIVED state.
session key id: 50200293
session key NOT found! sending session key id to AuthService
Distribution protocol: TCP
connected to auth! from local port 59382
received auth hello!
{ authId: 502, nonce: <Buffer 36 79 b6 f3 be ea a9 a3> }
received session key response encrypted with distribution key
replyNonce in sessionKeyResp: <Buffer e0 41 f6 08 c6 ba d9 ed>
auth nonce verified
handleSessionKeyResp: session key request succeeded! authFailureCount: 0
received 1 keys
Session key id is as expected
server ret: [object Object]
chosen nonce: <Buffer 07 1d f7 5e be 77 6e c7>
switching to HANDSHAKE_2_SENT
received session key handshake3!
{ replyNonce: <Buffer 07 1d f7 5e be 77 6e c7> }
client authenticated/authorized by solving nonce!
switching to IN_COMM
Handler: secure connection with the client established.
{ id: 53,
  remoteAddress: '::ffff:10.0.1.75:49320',
  status: 'open' }
disconnected from auth
received secure communication!
Received seqNum: 0
data received from server via secure communication
Handler: socketID: 53 data: data1
toSend: { data: <Buffer 64 61 74 61 31>, id: 53 }
specified socketID: 53
Unidentified client disconnected
Handler: secure connection with the client closed.
socket #52 closed
Unidentified client connected
received session key handshake1
switching to HANDSHAKE_1_RECEIVED state.
session key id: 50200305
session key NOT found! sending session key id to AuthService
Distribution protocol: TCP
connected to auth! from local port 59574
received auth hello!
{ authId: 502, nonce: <Buffer 8d 9b 4e 1d f5 88 5a ec> }
received session key response encrypted with distribution key
replyNonce in sessionKeyResp: <Buffer 84 2b 87 46 c0 60 cf 93>
auth nonce verified
handleSessionKeyResp: session key request succeeded! authFailureCount: 0
received 1 keys
Session key id is as expected
server ret: [object Object]
chosen nonce: <Buffer f3 1e 38 01 b7 c4 69 f1>
switching to HANDSHAKE_2_SENT
disconnected from auth
received session key handshake3!
{ replyNonce: <Buffer f3 1e 38 01 b7 c4 69 f1> }
client authenticated/authorized by solving nonce!
switching to IN_COMM
Handler: secure connection with the client established.
{ id: 54,
  remoteAddress: '::ffff:10.0.1.74:55118',
  status: 'open' }
received secure communication!
Received seqNum: 0
data received from server via secure communication
Handler: socketID: 54 data: data1
toSend: { data: <Buffer 64 61 74 61 31>, id: 54 }
specified socketID: 54
Unidentified client disconnected
Handler: secure connection with the client closed.
socket #53 closed
Unidentified client connected
received session key handshake1
switching to HANDSHAKE_1_RECEIVED state.
session key id: 50200306
session key NOT found! sending session key id to AuthService
Distribution protocol: TCP
connected to auth! from local port 59580
received auth hello!
{ authId: 502, nonce: <Buffer 9b ad 60 02 91 ef 99 71> }
received session key response encrypted with distribution key
replyNonce in sessionKeyResp: <Buffer 4b 58 13 61 09 f4 5f d5>
auth nonce verified
handleSessionKeyResp: session key request succeeded! authFailureCount: 0
received 1 keys
Session key id is as expected
server ret: [object Object]
chosen nonce: <Buffer 10 df 37 0e 80 54 fe a2>
switching to HANDSHAKE_2_SENT
disconnected from auth
received session key handshake3!
{ replyNonce: <Buffer 10 df 37 0e 80 54 fe a2> }
client authenticated/authorized by solving nonce!
switching to IN_COMM
Handler: secure connection with the client established.
{ id: 55,
  remoteAddress: '::ffff:10.0.1.75:49520',
  status: 'open' }
received secure communication!
Received seqNum: 0
data received from server via secure communication
Handler: socketID: 55 data: data1
toSend: { data: <Buffer 64 61 74 61 31>, id: 55 }
specified socketID: 55
Unidentified client disconnected
Handler: secure connection with the client closed.
socket #54 closed
Unidentified client disconnected
Handler: secure connection with the client closed.
socket #55 closed
