changing working directory to: /home/hokeunkim/Development/iotauth/entity/node/example_entities
loading from config file: /home/hokeunkim/Development/iotauth_experiments/experiments/ccs2017/expOptions/expEntity.option
Experimental options for autoClient: { autoSendPeriod: 60000,
  useSameSessionKeyCount: 1,
  connectionTimeout: 50000,
  migrationEnabled: false,
  authFailureThreshold: 2,
  migrationFailureThreshold: 2 }
loading from config file: /home/hokeunkim/Development/iotauth/entity/node/example_entities/configs/Clients/c411.config
initializing...
current parameters: { numKeysPerRequest: 3,
  migrationEnabled: false,
  authFailureThreshold: 3,
  migrationFailureThreshold: 3 }
current parameters: { numKeysPerRequest: 1,
  migrationEnabled: false,
  authFailureThreshold: 3,
  migrationFailureThreshold: 3 }
current parameters: { numKeysPerRequest: 1,
  migrationEnabled: false,
  authFailureThreshold: 3,
  migrationFailureThreshold: 3 }
current parameters: { numKeysPerRequest: 1,
  migrationEnabled: false,
  authFailureThreshold: 2,
  migrationFailureThreshold: 3 }
current parameters: { numKeysPerRequest: 1,
  migrationEnabled: false,
  authFailureThreshold: 2,
  migrationFailureThreshold: 2 }
current entityInfo: { name: 'c411',
  group: 'Clients',
  distProtocol: 'TCP',
  usePermanentDistKey: false,
  connectionTimeout: 50000,
  privateKey: <Buffer 2d 2d 2d 2d 2d 42 45 47 49 4e 20 52 53 41 20 50 52 49 56 41 54 45 20 4b 45 59 2d 2d 2d 2d 2d 0a 4d 49 49 45 6f 77 49 42 41 41 4b 43 41 51 45 41 76 59 ... > }
Distribution protocol: TCP
Resp-actual/expected/ratio/ts: 0 1 0 1521648337374
connected to auth! from local port 53636
received auth hello!
{ authId: 402, nonce: <Buffer d8 6f f5 ba be f3 ba 42> }
received session key response with distribution key attached!
auth signature verified
replyNonce in sessionKeyResp: <Buffer ad 3a 57 91 53 6b 24 1d>
auth nonce verified
updating distribution key: { cipherKeyVal: <Buffer b7 93 57 23 5c a6 d6 11 fc b2 ec a2 cd 08 5a ab>,
  macKeyVal: <Buffer b8 54 7e be d9 c1 7a e4 cd 22 0b 8f b3 92 ec 4a af b5 9f 2e 36 ca ba 87 0d de c8 bb 02 23 dc 2c>,
  absValidity: 2018-03-21T17:05:37.585Z }
received 1 keys
currentSessionKey: [object Object]
Session protocol: TCP
chosen commSessionKey: 
{ id: 40200475,
  cipherKeyVal: <Buffer 9b 92 7b 69 5d b6 46 73 59 36 db 6f ef 99 f2 28>,
  macKeyVal: <Buffer 1a 59 29 22 f7 b1 36 d4 da ba f6 c0 68 4b 5e f3 dd d5 f4 76 4d 8c dc 29 61 da fa 4e 04 31 3d 27>,
  absValidity: 2018-03-22T16:05:37.585Z,
  relValidity: 7200000 }
options
{ serverHost: '10.0.1.17',
  serverPort: 22100,
  sessionKey: 
   { id: 40200475,
     cipherKeyVal: <Buffer 9b 92 7b 69 5d b6 46 73 59 36 db 6f ef 99 f2 28>,
     macKeyVal: <Buffer 1a 59 29 22 f7 b1 36 d4 da ba f6 c0 68 4b 5e f3 dd d5 f4 76 4d 8c dc 29 61 da fa 4e 04 31 3d 27>,
     absValidity: 2018-03-22T16:05:37.585Z,
     relValidity: 7200000 },
  sessionCryptoSpec: { cipher: 'AES-128-CBC', mac: 'SHA256' },
  sessionProtocol: 'TCP',
  handshakeTimeout: 50000 }
disconnected from auth
chosen nonce: <Buffer a9 64 bc 4e 65 0c 98 76>
switching to HANDSHAKE_1_SENT
received session key handshake2!
client ret: [object Object]
server authenticated/authorized by solving nonce!
Handler: communication initialization succeeded
file data length: 1024
sending at Wed Mar 21 2018 16:05:39 GMT+0000 (UTC)
switching to IN_COMM
received secure communication message!
Received seqNum: 0
Handler: data received from server via secure communication
data1
Resp-actual/expected/ratio/ts: 1 1 1 1521648339972
Distribution protocol: TCP
Resp-actual/expected/ratio/ts: 1 2 0.5 1521648397432
connected to auth! from local port 53810
received auth hello!
{ authId: 402, nonce: <Buffer 5b 86 16 c7 bd 08 23 1e> }
received session key response encrypted with distribution key
replyNonce in sessionKeyResp: <Buffer b4 4d 85 58 ac eb ad 09>
auth nonce verified
received 1 keys
currentSessionKey: [object Object]
Status: Secure connection closed before starting a new connection.
Session protocol: TCP
chosen commSessionKey: 
{ id: 40200482,
  cipherKeyVal: <Buffer 25 b1 d7 b7 2f 77 24 d2 2e 42 e9 b9 59 83 6e 3a>,
  macKeyVal: <Buffer 13 c3 ad f3 31 2c a1 90 05 98 8b 35 c8 e2 37 19 c6 62 02 f3 3a a5 c0 1f 2d d4 a5 15 ad 59 bd 7f>,
  absValidity: 2018-03-22T16:06:37.627Z,
  relValidity: 7200000 }
options
{ serverHost: '10.0.1.17',
  serverPort: 22100,
  sessionKey: 
   { id: 40200482,
     cipherKeyVal: <Buffer 25 b1 d7 b7 2f 77 24 d2 2e 42 e9 b9 59 83 6e 3a>,
     macKeyVal: <Buffer 13 c3 ad f3 31 2c a1 90 05 98 8b 35 c8 e2 37 19 c6 62 02 f3 3a a5 c0 1f 2d d4 a5 15 ad 59 bd 7f>,
     absValidity: 2018-03-22T16:06:37.627Z,
     relValidity: 7200000 },
  sessionCryptoSpec: { cipher: 'AES-128-CBC', mac: 'SHA256' },
  sessionProtocol: 'TCP',
  handshakeTimeout: 50000 }
chosen nonce: <Buffer 9a cf a9 ad cc 25 df 6a>
switching to HANDSHAKE_1_SENT
disconnected from auth
Handler: secure connection with the server closed.
received session key handshake2!
client ret: [object Object]
server authenticated/authorized by solving nonce!
Handler: communication initialization succeeded
file data length: 1024
sending at Wed Mar 21 2018 16:06:39 GMT+0000 (UTC)
switching to IN_COMM
received secure communication message!
Received seqNum: 0
Handler: data received from server via secure communication
data1
Resp-actual/expected/ratio/ts: 2 2 1 1521648400267
Distribution protocol: TCP
Resp-actual/expected/ratio/ts: 2 3 0.6666666666666666 1521648457490
connected to auth! from local port 54082
received auth hello!
{ authId: 402, nonce: <Buffer e2 f2 4b ff d4 b2 82 6e> }
received session key response encrypted with distribution key
replyNonce in sessionKeyResp: <Buffer d3 bc 6b 0f 89 21 c7 fe>
auth nonce verified
received 1 keys
currentSessionKey: [object Object]
Status: Secure connection closed before starting a new connection.
Session protocol: TCP
chosen commSessionKey: 
{ id: 40200489,
  cipherKeyVal: <Buffer d6 2e f8 3e bd 33 32 b0 60 e8 07 69 da da 81 0c>,
  macKeyVal: <Buffer 02 0f dc d6 f8 f1 e1 50 49 b2 4f 8f a6 a2 2c c2 5f 5d b1 6c f5 e9 48 79 51 24 4d dc b9 0b 11 dc>,
  absValidity: 2018-03-22T16:07:37.679Z,
  relValidity: 7200000 }
options
{ serverHost: '10.0.1.17',
  serverPort: 22100,
  sessionKey: 
   { id: 40200489,
     cipherKeyVal: <Buffer d6 2e f8 3e bd 33 32 b0 60 e8 07 69 da da 81 0c>,
     macKeyVal: <Buffer 02 0f dc d6 f8 f1 e1 50 49 b2 4f 8f a6 a2 2c c2 5f 5d b1 6c f5 e9 48 79 51 24 4d dc b9 0b 11 dc>,
     absValidity: 2018-03-22T16:07:37.679Z,
     relValidity: 7200000 },
  sessionCryptoSpec: { cipher: 'AES-128-CBC', mac: 'SHA256' },
  sessionProtocol: 'TCP',
  handshakeTimeout: 50000 }
chosen nonce: <Buffer 77 21 19 58 9e 19 44 b8>
switching to HANDSHAKE_1_SENT
disconnected from auth
Handler: secure connection with the server closed.
received session key handshake2!
client ret: [object Object]
server authenticated/authorized by solving nonce!
Handler: communication initialization succeeded
file data length: 1024
sending at Wed Mar 21 2018 16:07:39 GMT+0000 (UTC)
switching to IN_COMM
received secure communication message!
Received seqNum: 0
Handler: data received from server via secure communication
data1
Resp-actual/expected/ratio/ts: 3 3 1 1521648460171
Distribution protocol: TCP
Resp-actual/expected/ratio/ts: 3 4 0.75 1521648517545
connected to auth! from local port 54352
received auth hello!
{ authId: 402, nonce: <Buffer bf 89 7c 80 01 c9 22 cb> }
received session key response encrypted with distribution key
replyNonce in sessionKeyResp: <Buffer c9 e0 9f 81 bc d4 69 51>
auth nonce verified
received 1 keys
currentSessionKey: [object Object]
Status: Secure connection closed before starting a new connection.
Session protocol: TCP
chosen commSessionKey: 
{ id: 40200496,
  cipherKeyVal: <Buffer 3e 5d 3b f4 4f 2a 70 8c db 5e c3 44 43 e0 20 b3>,
  macKeyVal: <Buffer f7 8c fb 89 5a 1a 95 9c c6 98 42 17 fa 15 02 8d 6b 49 29 69 dc 40 ee 0d a7 84 b5 9b ef 86 ac 8c>,
  absValidity: 2018-03-22T16:08:37.770Z,
  relValidity: 7200000 }
options
{ serverHost: '10.0.1.17',
  serverPort: 22100,
  sessionKey: 
   { id: 40200496,
     cipherKeyVal: <Buffer 3e 5d 3b f4 4f 2a 70 8c db 5e c3 44 43 e0 20 b3>,
     macKeyVal: <Buffer f7 8c fb 89 5a 1a 95 9c c6 98 42 17 fa 15 02 8d 6b 49 29 69 dc 40 ee 0d a7 84 b5 9b ef 86 ac 8c>,
     absValidity: 2018-03-22T16:08:37.770Z,
     relValidity: 7200000 },
  sessionCryptoSpec: { cipher: 'AES-128-CBC', mac: 'SHA256' },
  sessionProtocol: 'TCP',
  handshakeTimeout: 50000 }
chosen nonce: <Buffer 85 b9 08 7e a2 ff b1 f8>
switching to HANDSHAKE_1_SENT
disconnected from auth
Handler: secure connection with the server closed.
received session key handshake2!
client ret: [object Object]
server authenticated/authorized by solving nonce!
Handler: communication initialization succeeded
file data length: 1024
sending at Wed Mar 21 2018 16:08:39 GMT+0000 (UTC)
switching to IN_COMM
received secure communication message!
Received seqNum: 0
Handler: data received from server via secure communication
data1
Resp-actual/expected/ratio/ts: 4 4 1 1521648520464
Distribution protocol: TCP
Resp-actual/expected/ratio/ts: 4 5 0.8 1521648577601
connected to auth! from local port 54622
received auth hello!
{ authId: 402, nonce: <Buffer b9 26 86 1d ca ac 5d 60> }
received session key response encrypted with distribution key
replyNonce in sessionKeyResp: <Buffer 2e 6e 9b 2e 2a 30 ec 7f>
auth nonce verified
received 1 keys
currentSessionKey: [object Object]
Status: Secure connection closed before starting a new connection.
Session protocol: TCP
chosen commSessionKey: 
{ id: 40200503,
  cipherKeyVal: <Buffer bf 0a 89 4e a1 6e a7 d9 99 c4 88 cc ea b8 a6 21>,
  macKeyVal: <Buffer dd 6d c1 18 79 79 a5 df 77 07 32 c8 7e a5 98 b8 73 ca 9a ff 19 37 8c bf cf 02 be ec a0 e1 b4 6e>,
  absValidity: 2018-03-22T16:09:37.806Z,
  relValidity: 7200000 }
options
{ serverHost: '10.0.1.17',
  serverPort: 22100,
  sessionKey: 
   { id: 40200503,
     cipherKeyVal: <Buffer bf 0a 89 4e a1 6e a7 d9 99 c4 88 cc ea b8 a6 21>,
     macKeyVal: <Buffer dd 6d c1 18 79 79 a5 df 77 07 32 c8 7e a5 98 b8 73 ca 9a ff 19 37 8c bf cf 02 be ec a0 e1 b4 6e>,
     absValidity: 2018-03-22T16:09:37.806Z,
     relValidity: 7200000 },
  sessionCryptoSpec: { cipher: 'AES-128-CBC', mac: 'SHA256' },
  sessionProtocol: 'TCP',
  handshakeTimeout: 50000 }
chosen nonce: <Buffer 7e cb e6 41 1d 30 c2 b5>
switching to HANDSHAKE_1_SENT
disconnected from auth
Handler: secure connection with the server closed.
received session key handshake2!
client ret: [object Object]
server authenticated/authorized by solving nonce!
Handler: communication initialization succeeded
file data length: 1024
sending at Wed Mar 21 2018 16:09:39 GMT+0000 (UTC)
switching to IN_COMM
received secure communication message!
Received seqNum: 0
Handler: data received from server via secure communication
data1
Resp-actual/expected/ratio/ts: 5 5 1 1521648580477
Distribution protocol: TCP
Resp-actual/expected/ratio/ts: 5 6 0.8333333333333334 1521648637659
connected to auth! from local port 54892
received auth hello!
{ authId: 402, nonce: <Buffer 53 85 eb 95 f7 68 a4 b7> }
received session key response encrypted with distribution key
replyNonce in sessionKeyResp: <Buffer 46 05 7c df 83 14 3a b9>
auth nonce verified
received 1 keys
currentSessionKey: [object Object]
Status: Secure connection closed before starting a new connection.
Session protocol: TCP
chosen commSessionKey: 
{ id: 40200510,
  cipherKeyVal: <Buffer 78 10 ed 39 f6 dc 54 0e 1d 08 21 55 87 e7 5d e9>,
  macKeyVal: <Buffer 7a 9d 5d d4 0e b6 48 a1 ab 74 67 0d c1 7f 5d 5b 0b 18 c9 08 16 51 d5 9c d4 27 14 b1 b5 b0 66 43>,
  absValidity: 2018-03-22T16:10:37.902Z,
  relValidity: 7200000 }
options
{ serverHost: '10.0.1.17',
  serverPort: 22100,
  sessionKey: 
   { id: 40200510,
     cipherKeyVal: <Buffer 78 10 ed 39 f6 dc 54 0e 1d 08 21 55 87 e7 5d e9>,
     macKeyVal: <Buffer 7a 9d 5d d4 0e b6 48 a1 ab 74 67 0d c1 7f 5d 5b 0b 18 c9 08 16 51 d5 9c d4 27 14 b1 b5 b0 66 43>,
     absValidity: 2018-03-22T16:10:37.902Z,
     relValidity: 7200000 },
  sessionCryptoSpec: { cipher: 'AES-128-CBC', mac: 'SHA256' },
  sessionProtocol: 'TCP',
  handshakeTimeout: 50000 }
chosen nonce: <Buffer 57 8e 61 10 ce 80 34 a3>
switching to HANDSHAKE_1_SENT
disconnected from auth
Handler: secure connection with the server closed.
received session key handshake2!
client ret: [object Object]
server authenticated/authorized by solving nonce!
Handler: communication initialization succeeded
file data length: 1024
sending at Wed Mar 21 2018 16:10:40 GMT+0000 (UTC)
switching to IN_COMM
received secure communication message!
Received seqNum: 0
Handler: data received from server via secure communication
data1
Resp-actual/expected/ratio/ts: 6 6 1 1521648640435
Distribution protocol: TCP
Resp-actual/expected/ratio/ts: 6 7 0.8571428571428571 1521648697708
connected to auth! from local port 55162
received auth hello!
{ authId: 402, nonce: <Buffer 65 d4 13 4f 33 11 a8 84> }
received session key response encrypted with distribution key
replyNonce in sessionKeyResp: <Buffer 89 97 34 08 10 33 c5 1b>
auth nonce verified
received 1 keys
currentSessionKey: [object Object]
Status: Secure connection closed before starting a new connection.
Session protocol: TCP
chosen commSessionKey: 
{ id: 40200517,
  cipherKeyVal: <Buffer c4 ea d9 c5 ea a6 63 2f 2d 2f 3a e9 0f b7 a7 d7>,
  macKeyVal: <Buffer 18 62 43 3e a0 e9 3e db 7f 87 1c c7 ac 7e 6b ef 53 6a 75 a2 ec c7 d3 13 02 46 b3 28 0a 49 a4 18>,
  absValidity: 2018-03-22T16:11:37.904Z,
  relValidity: 7200000 }
options
{ serverHost: '10.0.1.17',
  serverPort: 22100,
  sessionKey: 
   { id: 40200517,
     cipherKeyVal: <Buffer c4 ea d9 c5 ea a6 63 2f 2d 2f 3a e9 0f b7 a7 d7>,
     macKeyVal: <Buffer 18 62 43 3e a0 e9 3e db 7f 87 1c c7 ac 7e 6b ef 53 6a 75 a2 ec c7 d3 13 02 46 b3 28 0a 49 a4 18>,
     absValidity: 2018-03-22T16:11:37.904Z,
     relValidity: 7200000 },
  sessionCryptoSpec: { cipher: 'AES-128-CBC', mac: 'SHA256' },
  sessionProtocol: 'TCP',
  handshakeTimeout: 50000 }
chosen nonce: <Buffer cc 29 05 fb 30 78 a8 7a>
switching to HANDSHAKE_1_SENT
disconnected from auth
Handler: secure connection with the server closed.
received session key handshake2!
client ret: [object Object]
server authenticated/authorized by solving nonce!
Handler: communication initialization succeeded
file data length: 1024
sending at Wed Mar 21 2018 16:11:40 GMT+0000 (UTC)
switching to IN_COMM
received secure communication message!
Received seqNum: 0
Handler: data received from server via secure communication
data1
Resp-actual/expected/ratio/ts: 7 7 1 1521648700498
Distribution protocol: TCP
Resp-actual/expected/ratio/ts: 7 8 0.875 1521648757759
connected to auth! from local port 55432
received auth hello!
{ authId: 402, nonce: <Buffer 9e 0e 98 18 45 c2 fe 87> }
received session key response encrypted with distribution key
replyNonce in sessionKeyResp: <Buffer 01 9a 28 c8 89 67 30 da>
auth nonce verified
received 1 keys
currentSessionKey: [object Object]
Status: Secure connection closed before starting a new connection.
Session protocol: TCP
chosen commSessionKey: 
{ id: 40200524,
  cipherKeyVal: <Buffer 6c f6 21 03 3c 72 2b 7f 9a 75 8f 14 3d 1a 05 f1>,
  macKeyVal: <Buffer f5 16 24 d5 bd 92 e3 0e fe 31 bb f2 c3 93 39 c5 36 ce 75 94 06 76 91 9f 76 c2 bc 2c 55 99 6b 70>,
  absValidity: 2018-03-22T16:12:37.971Z,
  relValidity: 7200000 }
options
{ serverHost: '10.0.1.17',
  serverPort: 22100,
  sessionKey: 
   { id: 40200524,
     cipherKeyVal: <Buffer 6c f6 21 03 3c 72 2b 7f 9a 75 8f 14 3d 1a 05 f1>,
     macKeyVal: <Buffer f5 16 24 d5 bd 92 e3 0e fe 31 bb f2 c3 93 39 c5 36 ce 75 94 06 76 91 9f 76 c2 bc 2c 55 99 6b 70>,
     absValidity: 2018-03-22T16:12:37.971Z,
     relValidity: 7200000 },
  sessionCryptoSpec: { cipher: 'AES-128-CBC', mac: 'SHA256' },
  sessionProtocol: 'TCP',
  handshakeTimeout: 50000 }
chosen nonce: <Buffer 20 c9 63 5e f0 0e e6 7f>
switching to HANDSHAKE_1_SENT
disconnected from auth
Handler: secure connection with the server closed.
received session key handshake2!
client ret: [object Object]
server authenticated/authorized by solving nonce!
Handler: communication initialization succeeded
file data length: 1024
sending at Wed Mar 21 2018 16:12:40 GMT+0000 (UTC)
switching to IN_COMM
received secure communication message!
Received seqNum: 0
Handler: data received from server via secure communication
data1
Resp-actual/expected/ratio/ts: 8 8 1 1521648760553
Distribution protocol: TCP
Resp-actual/expected/ratio/ts: 8 9 0.8888888888888888 1521648817817
connected to auth! from local port 55678
received auth hello!
{ authId: 402, nonce: <Buffer 31 04 39 84 b5 15 56 da> }
received session key response encrypted with distribution key
replyNonce in sessionKeyResp: <Buffer ea d2 30 00 a9 42 07 ca>
auth nonce verified
received 1 keys
currentSessionKey: [object Object]
Status: Secure connection closed before starting a new connection.
Session protocol: TCP
chosen commSessionKey: 
{ id: 40200531,
  cipherKeyVal: <Buffer 8b 93 0f 14 44 da 00 5d 38 a0 f0 ce 64 c3 13 a7>,
  macKeyVal: <Buffer 0e f5 10 69 d6 d0 4e 2c ec 9b be 83 30 f9 3b 9a e7 6d ff a2 ec d9 48 b4 5c ed bc 75 9e 0f 0e 18>,
  absValidity: 2018-03-22T16:13:37.997Z,
  relValidity: 7200000 }
options
{ serverHost: '10.0.1.17',
  serverPort: 22100,
  sessionKey: 
   { id: 40200531,
     cipherKeyVal: <Buffer 8b 93 0f 14 44 da 00 5d 38 a0 f0 ce 64 c3 13 a7>,
     macKeyVal: <Buffer 0e f5 10 69 d6 d0 4e 2c ec 9b be 83 30 f9 3b 9a e7 6d ff a2 ec d9 48 b4 5c ed bc 75 9e 0f 0e 18>,
     absValidity: 2018-03-22T16:13:37.997Z,
     relValidity: 7200000 },
  sessionCryptoSpec: { cipher: 'AES-128-CBC', mac: 'SHA256' },
  sessionProtocol: 'TCP',
  handshakeTimeout: 50000 }
chosen nonce: <Buffer d8 1d dd 83 12 4a ab 04>
switching to HANDSHAKE_1_SENT
disconnected from auth
Handler: secure connection with the server closed.
received session key handshake2!
client ret: [object Object]
server authenticated/authorized by solving nonce!
Handler: communication initialization succeeded
file data length: 1024
sending at Wed Mar 21 2018 16:13:40 GMT+0000 (UTC)
switching to IN_COMM
received secure communication message!
Received seqNum: 0
Handler: data received from server via secure communication
data1
Resp-actual/expected/ratio/ts: 9 9 1 1521648820483
Distribution protocol: TCP
Resp-actual/expected/ratio/ts: 9 10 0.9 1521648877874
connected to auth! from local port 55924
received auth hello!
{ authId: 402, nonce: <Buffer 03 c8 e0 91 28 c4 20 b6> }
received session key response encrypted with distribution key
replyNonce in sessionKeyResp: <Buffer 2c c3 eb b7 25 90 ad 6f>
auth nonce verified
received 1 keys
currentSessionKey: [object Object]
Status: Secure connection closed before starting a new connection.
Session protocol: TCP
chosen commSessionKey: 
{ id: 40200538,
  cipherKeyVal: <Buffer a7 18 64 e4 29 e5 56 12 72 3e 4e d3 3d 70 5f 5c>,
  macKeyVal: <Buffer 13 49 6b 80 71 87 fb 75 83 df 66 4c 32 d4 7d 72 8b 23 b9 c1 11 12 59 86 f1 f2 cc 8c 4c 7f 77 2c>,
  absValidity: 2018-03-22T16:14:38.003Z,
  relValidity: 7200000 }
options
{ serverHost: '10.0.1.17',
  serverPort: 22100,
  sessionKey: 
   { id: 40200538,
     cipherKeyVal: <Buffer a7 18 64 e4 29 e5 56 12 72 3e 4e d3 3d 70 5f 5c>,
     macKeyVal: <Buffer 13 49 6b 80 71 87 fb 75 83 df 66 4c 32 d4 7d 72 8b 23 b9 c1 11 12 59 86 f1 f2 cc 8c 4c 7f 77 2c>,
     absValidity: 2018-03-22T16:14:38.003Z,
     relValidity: 7200000 },
  sessionCryptoSpec: { cipher: 'AES-128-CBC', mac: 'SHA256' },
  sessionProtocol: 'TCP',
  handshakeTimeout: 50000 }
chosen nonce: <Buffer 8b 2b 41 23 9c 63 80 f5>
switching to HANDSHAKE_1_SENT
disconnected from auth
Handler: secure connection with the server closed.
received session key handshake2!
client ret: [object Object]
server authenticated/authorized by solving nonce!
Handler: communication initialization succeeded
file data length: 1024
sending at Wed Mar 21 2018 16:14:40 GMT+0000 (UTC)
switching to IN_COMM
received secure communication message!
Received seqNum: 0
Handler: data received from server via secure communication
data1
Resp-actual/expected/ratio/ts: 10 10 1 1521648880567
Distribution protocol: TCP
Resp-actual/expected/ratio/ts: 10 11 0.9090909090909091 1521648937931
connected to auth! from local port 56170
received auth hello!
{ authId: 402, nonce: <Buffer 12 a8 c5 8e 8a b2 27 9d> }
received session key response encrypted with distribution key
replyNonce in sessionKeyResp: <Buffer 5f 1f 93 0f 8a 98 1d 56>
auth nonce verified
received 1 keys
currentSessionKey: [object Object]
Status: Secure connection closed before starting a new connection.
Session protocol: TCP
chosen commSessionKey: 
{ id: 40200545,
  cipherKeyVal: <Buffer 54 41 5f 78 68 ba 35 d7 04 75 0f 71 a6 8a b3 c3>,
  macKeyVal: <Buffer 55 43 06 81 70 d5 39 cb dd 27 fb 78 5b d3 71 73 12 0b 88 b8 0e 21 b8 52 04 f3 cf 6c 43 6d a5 28>,
  absValidity: 2018-03-22T16:15:38.086Z,
  relValidity: 7200000 }
options
{ serverHost: '10.0.1.17',
  serverPort: 22100,
  sessionKey: 
   { id: 40200545,
     cipherKeyVal: <Buffer 54 41 5f 78 68 ba 35 d7 04 75 0f 71 a6 8a b3 c3>,
     macKeyVal: <Buffer 55 43 06 81 70 d5 39 cb dd 27 fb 78 5b d3 71 73 12 0b 88 b8 0e 21 b8 52 04 f3 cf 6c 43 6d a5 28>,
     absValidity: 2018-03-22T16:15:38.086Z,
     relValidity: 7200000 },
  sessionCryptoSpec: { cipher: 'AES-128-CBC', mac: 'SHA256' },
  sessionProtocol: 'TCP',
  handshakeTimeout: 50000 }
chosen nonce: <Buffer 26 08 b9 1e 13 4e 75 f4>
switching to HANDSHAKE_1_SENT
disconnected from auth
Handler: secure connection with the server closed.
received session key handshake2!
client ret: [object Object]
server authenticated/authorized by solving nonce!
Handler: communication initialization succeeded
file data length: 1024
sending at Wed Mar 21 2018 16:15:40 GMT+0000 (UTC)
switching to IN_COMM
received secure communication message!
Received seqNum: 0
Handler: data received from server via secure communication
data1
Resp-actual/expected/ratio/ts: 11 11 1 1521648940726
Distribution protocol: TCP
Resp-actual/expected/ratio/ts: 11 12 0.9166666666666666 1521648997985
connected to auth! from local port 56416
received auth hello!
{ authId: 402, nonce: <Buffer b4 9b cd 83 82 07 54 e0> }
received session key response encrypted with distribution key
replyNonce in sessionKeyResp: <Buffer a3 b0 32 27 29 1d 41 fe>
auth nonce verified
received 1 keys
currentSessionKey: [object Object]
Status: Secure connection closed before starting a new connection.
Session protocol: TCP
chosen commSessionKey: 
{ id: 40200552,
  cipherKeyVal: <Buffer 64 b3 5e 62 33 36 6a d2 9e 48 c0 e1 0e 52 a0 0a>,
  macKeyVal: <Buffer 9d 8a 78 9f 2a 0f 40 6f 03 70 74 00 7e 43 ad b1 1b a2 a3 a1 0a f5 85 7d 72 27 c6 e2 90 fe 72 ed>,
  absValidity: 2018-03-22T16:16:38.162Z,
  relValidity: 7200000 }
options
{ serverHost: '10.0.1.17',
  serverPort: 22100,
  sessionKey: 
   { id: 40200552,
     cipherKeyVal: <Buffer 64 b3 5e 62 33 36 6a d2 9e 48 c0 e1 0e 52 a0 0a>,
     macKeyVal: <Buffer 9d 8a 78 9f 2a 0f 40 6f 03 70 74 00 7e 43 ad b1 1b a2 a3 a1 0a f5 85 7d 72 27 c6 e2 90 fe 72 ed>,
     absValidity: 2018-03-22T16:16:38.162Z,
     relValidity: 7200000 },
  sessionCryptoSpec: { cipher: 'AES-128-CBC', mac: 'SHA256' },
  sessionProtocol: 'TCP',
  handshakeTimeout: 50000 }
chosen nonce: <Buffer 05 39 7d 12 ae 89 c4 7c>
switching to HANDSHAKE_1_SENT
disconnected from auth
Handler: secure connection with the server closed.
received session key handshake2!
client ret: [object Object]
server authenticated/authorized by solving nonce!
Handler: communication initialization succeeded
file data length: 1024
sending at Wed Mar 21 2018 16:16:40 GMT+0000 (UTC)
switching to IN_COMM
received secure communication message!
Received seqNum: 0
Handler: data received from server via secure communication
data1
Resp-actual/expected/ratio/ts: 12 12 1 1521649000705
Distribution protocol: TCP
Resp-actual/expected/ratio/ts: 12 13 0.9230769230769231 1521649058016
connected to auth! from local port 56662
received auth hello!
{ authId: 402, nonce: <Buffer 6c aa cd ed 0d 80 d2 f5> }
received session key response encrypted with distribution key
replyNonce in sessionKeyResp: <Buffer f6 35 62 a6 e8 85 93 1c>
auth nonce verified
received 1 keys
currentSessionKey: [object Object]
Status: Secure connection closed before starting a new connection.
Session protocol: TCP
chosen commSessionKey: 
{ id: 40200559,
  cipherKeyVal: <Buffer 58 bf 6f 61 90 91 9b c9 05 95 5a 8b 6f e8 28 92>,
  macKeyVal: <Buffer 85 a2 9b 70 76 b0 21 38 5a 53 c4 18 22 fa cc 73 35 a2 86 5c ba 92 6e 81 c4 62 ce 16 de e7 72 3a>,
  absValidity: 2018-03-22T16:17:38.211Z,
  relValidity: 7200000 }
options
{ serverHost: '10.0.1.17',
  serverPort: 22100,
  sessionKey: 
   { id: 40200559,
     cipherKeyVal: <Buffer 58 bf 6f 61 90 91 9b c9 05 95 5a 8b 6f e8 28 92>,
     macKeyVal: <Buffer 85 a2 9b 70 76 b0 21 38 5a 53 c4 18 22 fa cc 73 35 a2 86 5c ba 92 6e 81 c4 62 ce 16 de e7 72 3a>,
     absValidity: 2018-03-22T16:17:38.211Z,
     relValidity: 7200000 },
  sessionCryptoSpec: { cipher: 'AES-128-CBC', mac: 'SHA256' },
  sessionProtocol: 'TCP',
  handshakeTimeout: 50000 }
chosen nonce: <Buffer 5c 66 24 35 6e 2d 10 12>
switching to HANDSHAKE_1_SENT
disconnected from auth
Handler: secure connection with the server closed.
received session key handshake2!
client ret: [object Object]
server authenticated/authorized by solving nonce!
Handler: communication initialization succeeded
file data length: 1024
sending at Wed Mar 21 2018 16:17:40 GMT+0000 (UTC)
switching to IN_COMM
received secure communication message!
Received seqNum: 0
Handler: data received from server via secure communication
data1
Resp-actual/expected/ratio/ts: 13 13 1 1521649060724
Distribution protocol: TCP
Resp-actual/expected/ratio/ts: 13 14 0.9285714285714286 1521649118075
connected to auth! from local port 56908
received auth hello!
{ authId: 402, nonce: <Buffer 50 1e 56 95 4b ac 64 a7> }
received session key response encrypted with distribution key
replyNonce in sessionKeyResp: <Buffer ec 2f 69 50 fc 48 04 23>
auth nonce verified
received 1 keys
currentSessionKey: [object Object]
Status: Secure connection closed before starting a new connection.
Session protocol: TCP
chosen commSessionKey: 
{ id: 40200566,
  cipherKeyVal: <Buffer 32 f8 49 bd 74 df d7 92 61 88 3e d0 2d 94 47 5d>,
  macKeyVal: <Buffer c8 ac e2 6f 1c db 99 44 ff 86 b5 00 13 33 eb f4 83 40 49 61 02 53 64 bc 32 ed 12 b4 0a 0c aa 6a>,
  absValidity: 2018-03-22T16:18:38.264Z,
  relValidity: 7200000 }
options
{ serverHost: '10.0.1.17',
  serverPort: 22100,
  sessionKey: 
   { id: 40200566,
     cipherKeyVal: <Buffer 32 f8 49 bd 74 df d7 92 61 88 3e d0 2d 94 47 5d>,
     macKeyVal: <Buffer c8 ac e2 6f 1c db 99 44 ff 86 b5 00 13 33 eb f4 83 40 49 61 02 53 64 bc 32 ed 12 b4 0a 0c aa 6a>,
     absValidity: 2018-03-22T16:18:38.264Z,
     relValidity: 7200000 },
  sessionCryptoSpec: { cipher: 'AES-128-CBC', mac: 'SHA256' },
  sessionProtocol: 'TCP',
  handshakeTimeout: 50000 }
chosen nonce: <Buffer 27 75 f7 85 6e e8 da dd>
switching to HANDSHAKE_1_SENT
disconnected from auth
Handler: secure connection with the server closed.
received session key handshake2!
client ret: [object Object]
server authenticated/authorized by solving nonce!
Handler: communication initialization succeeded
file data length: 1024
sending at Wed Mar 21 2018 16:18:40 GMT+0000 (UTC)
switching to IN_COMM
received secure communication message!
Received seqNum: 0
Handler: data received from server via secure communication
data1
Resp-actual/expected/ratio/ts: 14 14 1 1521649120826
Distribution protocol: TCP
Resp-actual/expected/ratio/ts: 14 15 0.9333333333333333 1521649178132
connected to auth! from local port 57154
received auth hello!
{ authId: 402, nonce: <Buffer 2e 3b 00 8d 76 92 8c a4> }
received session key response encrypted with distribution key
replyNonce in sessionKeyResp: <Buffer a8 b8 41 92 48 4d 26 c2>
auth nonce verified
received 1 keys
currentSessionKey: [object Object]
Status: Secure connection closed before starting a new connection.
Session protocol: TCP
chosen commSessionKey: 
{ id: 40200573,
  cipherKeyVal: <Buffer 43 7f de 7f 20 56 fa d4 0c 04 88 da e0 3f a9 c1>,
  macKeyVal: <Buffer 4f 92 c2 ef fa 45 56 e9 f4 b9 91 e1 3d 38 68 bd 67 1a 78 8d bf 43 45 3e d5 f1 33 2b b9 25 12 05>,
  absValidity: 2018-03-22T16:19:38.303Z,
  relValidity: 7200000 }
options
{ serverHost: '10.0.1.17',
  serverPort: 22100,
  sessionKey: 
   { id: 40200573,
     cipherKeyVal: <Buffer 43 7f de 7f 20 56 fa d4 0c 04 88 da e0 3f a9 c1>,
     macKeyVal: <Buffer 4f 92 c2 ef fa 45 56 e9 f4 b9 91 e1 3d 38 68 bd 67 1a 78 8d bf 43 45 3e d5 f1 33 2b b9 25 12 05>,
     absValidity: 2018-03-22T16:19:38.303Z,
     relValidity: 7200000 },
  sessionCryptoSpec: { cipher: 'AES-128-CBC', mac: 'SHA256' },
  sessionProtocol: 'TCP',
  handshakeTimeout: 50000 }
chosen nonce: <Buffer a3 04 24 5a 8f ae 37 c8>
switching to HANDSHAKE_1_SENT
disconnected from auth
Handler: secure connection with the server closed.
received session key handshake2!
client ret: [object Object]
server authenticated/authorized by solving nonce!
Handler: communication initialization succeeded
file data length: 1024
sending at Wed Mar 21 2018 16:19:40 GMT+0000 (UTC)
switching to IN_COMM
received secure communication message!
Received seqNum: 0
Handler: data received from server via secure communication
data1
Resp-actual/expected/ratio/ts: 15 15 1 1521649180789
Distribution protocol: TCP
Resp-actual/expected/ratio/ts: 15 16 0.9375 1521649238189
connected to auth! from local port 57400
received auth hello!
{ authId: 402, nonce: <Buffer f1 8a 27 07 43 27 30 40> }
received session key response encrypted with distribution key
replyNonce in sessionKeyResp: <Buffer 17 46 8f 44 5a 9a 63 92>
auth nonce verified
received 1 keys
currentSessionKey: [object Object]
Status: Secure connection closed before starting a new connection.
Session protocol: TCP
chosen commSessionKey: 
{ id: 40200580,
  cipherKeyVal: <Buffer da 56 74 be 2f 77 bd 00 9b 20 fa 92 c6 61 56 c6>,
  macKeyVal: <Buffer 4c 94 3d 44 48 bc 7a b7 5e 06 4a da a3 6a ec d9 b5 d7 48 6b ec 81 21 bc 46 d7 72 92 ff 58 78 12>,
  absValidity: 2018-03-22T16:20:38.360Z,
  relValidity: 7200000 }
options
{ serverHost: '10.0.1.17',
  serverPort: 22100,
  sessionKey: 
   { id: 40200580,
     cipherKeyVal: <Buffer da 56 74 be 2f 77 bd 00 9b 20 fa 92 c6 61 56 c6>,
     macKeyVal: <Buffer 4c 94 3d 44 48 bc 7a b7 5e 06 4a da a3 6a ec d9 b5 d7 48 6b ec 81 21 bc 46 d7 72 92 ff 58 78 12>,
     absValidity: 2018-03-22T16:20:38.360Z,
     relValidity: 7200000 },
  sessionCryptoSpec: { cipher: 'AES-128-CBC', mac: 'SHA256' },
  sessionProtocol: 'TCP',
  handshakeTimeout: 50000 }
chosen nonce: <Buffer 3d b6 45 ba 41 86 66 58>
switching to HANDSHAKE_1_SENT
disconnected from auth
Handler: secure connection with the server closed.
received session key handshake2!
client ret: [object Object]
server authenticated/authorized by solving nonce!
Handler: communication initialization succeeded
file data length: 1024
sending at Wed Mar 21 2018 16:20:40 GMT+0000 (UTC)
switching to IN_COMM
received secure communication message!
Received seqNum: 0
Handler: data received from server via secure communication
data1
Resp-actual/expected/ratio/ts: 16 16 1 1521649240955
Distribution protocol: TCP
Resp-actual/expected/ratio/ts: 16 17 0.9411764705882353 1521649298246
connected to auth! from local port 57646
received auth hello!
{ authId: 402, nonce: <Buffer 3f 6e 8a 3b ae 8e 07 2b> }
received session key response encrypted with distribution key
replyNonce in sessionKeyResp: <Buffer 29 4f 6f f7 4a a8 6b a5>
auth nonce verified
received 1 keys
currentSessionKey: [object Object]
Status: Secure connection closed before starting a new connection.
Session protocol: TCP
chosen commSessionKey: 
{ id: 40200587,
  cipherKeyVal: <Buffer e1 01 70 85 fd db f3 fb 35 ed 9a ea 59 a2 5f 97>,
  macKeyVal: <Buffer 29 ea 0b f2 c1 3d b6 e7 ef 88 06 1a bd 81 0f 20 c2 fd b0 9d 6b ed dc ce 2c f4 15 45 07 96 a0 cf>,
  absValidity: 2018-03-22T16:21:38.388Z,
  relValidity: 7200000 }
options
{ serverHost: '10.0.1.17',
  serverPort: 22100,
  sessionKey: 
   { id: 40200587,
     cipherKeyVal: <Buffer e1 01 70 85 fd db f3 fb 35 ed 9a ea 59 a2 5f 97>,
     macKeyVal: <Buffer 29 ea 0b f2 c1 3d b6 e7 ef 88 06 1a bd 81 0f 20 c2 fd b0 9d 6b ed dc ce 2c f4 15 45 07 96 a0 cf>,
     absValidity: 2018-03-22T16:21:38.388Z,
     relValidity: 7200000 },
  sessionCryptoSpec: { cipher: 'AES-128-CBC', mac: 'SHA256' },
  sessionProtocol: 'TCP',
  handshakeTimeout: 50000 }
chosen nonce: <Buffer 8e e4 cc 2a 8f 70 5c 85>
switching to HANDSHAKE_1_SENT
disconnected from auth
Handler: secure connection with the server closed.
received session key handshake2!
client ret: [object Object]
server authenticated/authorized by solving nonce!
Handler: communication initialization succeeded
file data length: 1024
sending at Wed Mar 21 2018 16:21:40 GMT+0000 (UTC)
switching to IN_COMM
received secure communication message!
Received seqNum: 0
Handler: data received from server via secure communication
data1
Resp-actual/expected/ratio/ts: 17 17 1 1521649300988
Distribution protocol: TCP
Resp-actual/expected/ratio/ts: 17 18 0.9444444444444444 1521649358304
connected to auth! from local port 57892
received auth hello!
{ authId: 402, nonce: <Buffer 0d 87 80 79 ca 19 17 6b> }
received session key response encrypted with distribution key
replyNonce in sessionKeyResp: <Buffer a8 f6 86 c7 ce 97 38 e2>
auth nonce verified
received 1 keys
currentSessionKey: [object Object]
Status: Secure connection closed before starting a new connection.
Session protocol: TCP
chosen commSessionKey: 
{ id: 40200594,
  cipherKeyVal: <Buffer fe a1 a6 41 af f1 45 60 e9 0e 33 d4 40 04 96 c9>,
  macKeyVal: <Buffer 55 0e f4 d6 de 76 75 14 74 e8 ac 19 b0 f0 80 5a f8 66 52 58 86 ca 7f 86 e2 a2 51 35 0e 5f 0b 71>,
  absValidity: 2018-03-22T16:22:38.453Z,
  relValidity: 7200000 }
options
{ serverHost: '10.0.1.17',
  serverPort: 22100,
  sessionKey: 
   { id: 40200594,
     cipherKeyVal: <Buffer fe a1 a6 41 af f1 45 60 e9 0e 33 d4 40 04 96 c9>,
     macKeyVal: <Buffer 55 0e f4 d6 de 76 75 14 74 e8 ac 19 b0 f0 80 5a f8 66 52 58 86 ca 7f 86 e2 a2 51 35 0e 5f 0b 71>,
     absValidity: 2018-03-22T16:22:38.453Z,
     relValidity: 7200000 },
  sessionCryptoSpec: { cipher: 'AES-128-CBC', mac: 'SHA256' },
  sessionProtocol: 'TCP',
  handshakeTimeout: 50000 }
chosen nonce: <Buffer ee 55 48 07 5d 53 30 87>
switching to HANDSHAKE_1_SENT
Handler: secure connection with the server closed.
disconnected from auth
received session key handshake2!
client ret: [object Object]
server authenticated/authorized by solving nonce!
Handler: communication initialization succeeded
file data length: 1024
sending at Wed Mar 21 2018 16:22:40 GMT+0000 (UTC)
switching to IN_COMM
received secure communication message!
Received seqNum: 0
Handler: data received from server via secure communication
data1
Resp-actual/expected/ratio/ts: 18 18 1 1521649360983
Distribution protocol: TCP
Resp-actual/expected/ratio/ts: 18 19 0.9473684210526315 1521649418352
connected to auth! from local port 58138
received auth hello!
{ authId: 402, nonce: <Buffer 63 f2 9c 07 6e 60 32 c7> }
received session key response encrypted with distribution key
replyNonce in sessionKeyResp: <Buffer 7b 68 61 30 f8 c9 08 bc>
auth nonce verified
received 1 keys
currentSessionKey: [object Object]
Status: Secure connection closed before starting a new connection.
Session protocol: TCP
chosen commSessionKey: 
{ id: 40200601,
  cipherKeyVal: <Buffer 30 26 91 1d b7 8c e2 aa 83 ce ad b9 dc 97 86 fd>,
  macKeyVal: <Buffer 8e 45 6b f8 b1 f5 c4 b0 b7 b8 58 61 38 97 6c 2e 27 ed a1 7f 6e c2 d4 4f 3d 8f a2 c2 96 9b 33 b1>,
  absValidity: 2018-03-22T16:23:38.506Z,
  relValidity: 7200000 }
options
{ serverHost: '10.0.1.17',
  serverPort: 22100,
  sessionKey: 
   { id: 40200601,
     cipherKeyVal: <Buffer 30 26 91 1d b7 8c e2 aa 83 ce ad b9 dc 97 86 fd>,
     macKeyVal: <Buffer 8e 45 6b f8 b1 f5 c4 b0 b7 b8 58 61 38 97 6c 2e 27 ed a1 7f 6e c2 d4 4f 3d 8f a2 c2 96 9b 33 b1>,
     absValidity: 2018-03-22T16:23:38.506Z,
     relValidity: 7200000 },
  sessionCryptoSpec: { cipher: 'AES-128-CBC', mac: 'SHA256' },
  sessionProtocol: 'TCP',
  handshakeTimeout: 50000 }
chosen nonce: <Buffer 7b bb 3a 0c c6 3a 87 79>
switching to HANDSHAKE_1_SENT
disconnected from auth
Handler: secure connection with the server closed.
received session key handshake2!
client ret: [object Object]
server authenticated/authorized by solving nonce!
Handler: communication initialization succeeded
file data length: 1024
sending at Wed Mar 21 2018 16:23:40 GMT+0000 (UTC)
switching to IN_COMM
received secure communication message!
Received seqNum: 0
Handler: data received from server via secure communication
data1
Resp-actual/expected/ratio/ts: 19 19 1 1521649421062
Distribution protocol: TCP
Resp-actual/expected/ratio/ts: 19 20 0.95 1521649478410
connected to auth! from local port 58384
received auth hello!
{ authId: 402, nonce: <Buffer 31 fb 27 45 18 c0 a8 02> }
received session key response encrypted with distribution key
replyNonce in sessionKeyResp: <Buffer 4b 28 f8 bf e5 b5 93 16>
auth nonce verified
received 1 keys
currentSessionKey: [object Object]
Status: Secure connection closed before starting a new connection.
Session protocol: TCP
chosen commSessionKey: 
{ id: 40200608,
  cipherKeyVal: <Buffer e7 47 2b 86 7f 2c 7f 94 63 f4 7f 3d 95 8f 3b d1>,
  macKeyVal: <Buffer 2d 31 7d f5 67 07 55 20 b3 3b d3 fa fc dd e6 5f a2 f9 8f c7 28 b4 8c d2 62 54 6f 67 39 da 94 e1>,
  absValidity: 2018-03-22T16:24:38.555Z,
  relValidity: 7200000 }
options
{ serverHost: '10.0.1.17',
  serverPort: 22100,
  sessionKey: 
   { id: 40200608,
     cipherKeyVal: <Buffer e7 47 2b 86 7f 2c 7f 94 63 f4 7f 3d 95 8f 3b d1>,
     macKeyVal: <Buffer 2d 31 7d f5 67 07 55 20 b3 3b d3 fa fc dd e6 5f a2 f9 8f c7 28 b4 8c d2 62 54 6f 67 39 da 94 e1>,
     absValidity: 2018-03-22T16:24:38.555Z,
     relValidity: 7200000 },
  sessionCryptoSpec: { cipher: 'AES-128-CBC', mac: 'SHA256' },
  sessionProtocol: 'TCP',
  handshakeTimeout: 50000 }
chosen nonce: <Buffer 21 b2 61 9b d7 cc 8e b6>
switching to HANDSHAKE_1_SENT
disconnected from auth
Handler: secure connection with the server closed.
received session key handshake2!
client ret: [object Object]
server authenticated/authorized by solving nonce!
Handler: communication initialization succeeded
file data length: 1024
sending at Wed Mar 21 2018 16:24:40 GMT+0000 (UTC)
switching to IN_COMM
received secure communication message!
Received seqNum: 0
Handler: data received from server via secure communication
data1
Resp-actual/expected/ratio/ts: 20 20 1 1521649481052
Distribution protocol: TCP
Resp-actual/expected/ratio/ts: 20 21 0.9523809523809523 1521649538423
connected to auth! from local port 58630
received auth hello!
{ authId: 402, nonce: <Buffer 10 58 09 ff 1f 18 c9 b1> }
received session key response encrypted with distribution key
replyNonce in sessionKeyResp: <Buffer 85 ef b4 05 34 90 bf 4c>
auth nonce verified
received 1 keys
currentSessionKey: [object Object]
Status: Secure connection closed before starting a new connection.
Session protocol: TCP
chosen commSessionKey: 
{ id: 40200615,
  cipherKeyVal: <Buffer 35 c9 4d 13 91 02 ac 5d 4d 33 d3 64 ca 85 99 5c>,
  macKeyVal: <Buffer 65 b2 4a da 9e 30 d4 d0 22 78 54 64 0f a9 ef 46 57 d6 4c ee 91 e1 8c 5f 55 e1 a4 18 79 a4 6e 9b>,
  absValidity: 2018-03-22T16:25:38.598Z,
  relValidity: 7200000 }
options
{ serverHost: '10.0.1.17',
  serverPort: 22100,
  sessionKey: 
   { id: 40200615,
     cipherKeyVal: <Buffer 35 c9 4d 13 91 02 ac 5d 4d 33 d3 64 ca 85 99 5c>,
     macKeyVal: <Buffer 65 b2 4a da 9e 30 d4 d0 22 78 54 64 0f a9 ef 46 57 d6 4c ee 91 e1 8c 5f 55 e1 a4 18 79 a4 6e 9b>,
     absValidity: 2018-03-22T16:25:38.598Z,
     relValidity: 7200000 },
  sessionCryptoSpec: { cipher: 'AES-128-CBC', mac: 'SHA256' },
  sessionProtocol: 'TCP',
  handshakeTimeout: 50000 }
chosen nonce: <Buffer 8d 9b a6 ad 3c 23 0f fd>
switching to HANDSHAKE_1_SENT
disconnected from auth
Handler: secure connection with the server closed.
received session key handshake2!
client ret: [object Object]
server authenticated/authorized by solving nonce!
Handler: communication initialization succeeded
file data length: 1024
sending at Wed Mar 21 2018 16:25:40 GMT+0000 (UTC)
switching to IN_COMM
received secure communication message!
Received seqNum: 0
Handler: data received from server via secure communication
data1
Resp-actual/expected/ratio/ts: 21 21 1 1521649541196
Distribution protocol: TCP
Resp-actual/expected/ratio/ts: 21 22 0.9545454545454546 1521649598481
connected to auth! from local port 58876
received auth hello!
{ authId: 402, nonce: <Buffer 20 f7 ec fe df 38 f5 8c> }
received session key response encrypted with distribution key
replyNonce in sessionKeyResp: <Buffer b8 c7 89 d3 2a 27 fa fb>
auth nonce verified
received 1 keys
currentSessionKey: [object Object]
Status: Secure connection closed before starting a new connection.
Session protocol: TCP
chosen commSessionKey: 
{ id: 40200622,
  cipherKeyVal: <Buffer ea 1c 32 28 21 dc ff 4f 32 31 fd e1 bc f1 17 28>,
  macKeyVal: <Buffer c7 91 91 87 95 d3 5e 07 4f 26 59 e9 93 54 40 fc 5c 6b ff 78 68 01 4c 21 47 be 99 73 1e 21 4f 50>,
  absValidity: 2018-03-22T16:26:38.587Z,
  relValidity: 7200000 }
options
{ serverHost: '10.0.1.17',
  serverPort: 22100,
  sessionKey: 
   { id: 40200622,
     cipherKeyVal: <Buffer ea 1c 32 28 21 dc ff 4f 32 31 fd e1 bc f1 17 28>,
     macKeyVal: <Buffer c7 91 91 87 95 d3 5e 07 4f 26 59 e9 93 54 40 fc 5c 6b ff 78 68 01 4c 21 47 be 99 73 1e 21 4f 50>,
     absValidity: 2018-03-22T16:26:38.587Z,
     relValidity: 7200000 },
  sessionCryptoSpec: { cipher: 'AES-128-CBC', mac: 'SHA256' },
  sessionProtocol: 'TCP',
  handshakeTimeout: 50000 }
chosen nonce: <Buffer fe 4d 93 48 d3 df 30 c1>
switching to HANDSHAKE_1_SENT
disconnected from auth
Handler: secure connection with the server closed.
received session key handshake2!
client ret: [object Object]
server authenticated/authorized by solving nonce!
Handler: communication initialization succeeded
file data length: 1024
sending at Wed Mar 21 2018 16:26:40 GMT+0000 (UTC)
switching to IN_COMM
received secure communication message!
Received seqNum: 0
Handler: data received from server via secure communication
data1
Resp-actual/expected/ratio/ts: 22 22 1 1521649601124
Distribution protocol: TCP
Resp-actual/expected/ratio/ts: 22 23 0.9565217391304348 1521649658502
connected to auth! from local port 59122
received auth hello!
{ authId: 402, nonce: <Buffer d4 74 fd a7 b5 20 6e fd> }
received session key response encrypted with distribution key
replyNonce in sessionKeyResp: <Buffer 60 d5 8a 04 77 6b 69 c0>
auth nonce verified
received 1 keys
currentSessionKey: [object Object]
Status: Secure connection closed before starting a new connection.
Session protocol: TCP
chosen commSessionKey: 
{ id: 40200629,
  cipherKeyVal: <Buffer 0a 10 64 de 6d 7b 1e 4d 27 8c 82 ca 66 06 03 6a>,
  macKeyVal: <Buffer af 9a e1 f8 74 3b 1e fc 54 dc a3 37 89 ad 5b 24 95 2c f2 d6 72 73 88 9f aa 58 03 39 c9 62 98 1e>,
  absValidity: 2018-03-22T16:27:38.634Z,
  relValidity: 7200000 }
options
{ serverHost: '10.0.1.17',
  serverPort: 22100,
  sessionKey: 
   { id: 40200629,
     cipherKeyVal: <Buffer 0a 10 64 de 6d 7b 1e 4d 27 8c 82 ca 66 06 03 6a>,
     macKeyVal: <Buffer af 9a e1 f8 74 3b 1e fc 54 dc a3 37 89 ad 5b 24 95 2c f2 d6 72 73 88 9f aa 58 03 39 c9 62 98 1e>,
     absValidity: 2018-03-22T16:27:38.634Z,
     relValidity: 7200000 },
  sessionCryptoSpec: { cipher: 'AES-128-CBC', mac: 'SHA256' },
  sessionProtocol: 'TCP',
  handshakeTimeout: 50000 }
chosen nonce: <Buffer 7b dc 93 53 67 d1 05 96>
switching to HANDSHAKE_1_SENT
disconnected from auth
Handler: secure connection with the server closed.
received session key handshake2!
client ret: [object Object]
server authenticated/authorized by solving nonce!
Handler: communication initialization succeeded
file data length: 1024
sending at Wed Mar 21 2018 16:27:40 GMT+0000 (UTC)
switching to IN_COMM
received secure communication message!
Received seqNum: 0
Handler: data received from server via secure communication
data1
Resp-actual/expected/ratio/ts: 23 23 1 1521649661260
Distribution protocol: TCP
Resp-actual/expected/ratio/ts: 23 24 0.9583333333333334 1521649718560
connected to auth! from local port 59368
received auth hello!
{ authId: 402, nonce: <Buffer f0 bb 65 ed 7f 8a d0 2e> }
received session key response encrypted with distribution key
replyNonce in sessionKeyResp: <Buffer bc 04 73 9d 04 5f fa 3b>
auth nonce verified
received 1 keys
currentSessionKey: [object Object]
Status: Secure connection closed before starting a new connection.
Session protocol: TCP
chosen commSessionKey: 
{ id: 40200636,
  cipherKeyVal: <Buffer 1a bd 2a 17 13 b0 da 91 23 19 f3 3b 98 cf 72 5b>,
  macKeyVal: <Buffer 20 2e ea 3e 31 6d 0a 33 48 8b ef f8 9c b5 05 2d eb ac 9d 32 d4 dc aa fc 42 07 1b 96 2b d2 cf ec>,
  absValidity: 2018-03-22T16:28:38.709Z,
  relValidity: 7200000 }
options
{ serverHost: '10.0.1.17',
  serverPort: 22100,
  sessionKey: 
   { id: 40200636,
     cipherKeyVal: <Buffer 1a bd 2a 17 13 b0 da 91 23 19 f3 3b 98 cf 72 5b>,
     macKeyVal: <Buffer 20 2e ea 3e 31 6d 0a 33 48 8b ef f8 9c b5 05 2d eb ac 9d 32 d4 dc aa fc 42 07 1b 96 2b d2 cf ec>,
     absValidity: 2018-03-22T16:28:38.709Z,
     relValidity: 7200000 },
  sessionCryptoSpec: { cipher: 'AES-128-CBC', mac: 'SHA256' },
  sessionProtocol: 'TCP',
  handshakeTimeout: 50000 }
chosen nonce: <Buffer 50 1f 2f 45 4d 24 fa 6b>
switching to HANDSHAKE_1_SENT
disconnected from auth
Handler: secure connection with the server closed.
received session key handshake2!
client ret: [object Object]
server authenticated/authorized by solving nonce!
Handler: communication initialization succeeded
file data length: 1024
sending at Wed Mar 21 2018 16:28:40 GMT+0000 (UTC)
switching to IN_COMM
received secure communication message!
Received seqNum: 0
Handler: data received from server via secure communication
data1
Resp-actual/expected/ratio/ts: 24 24 1 1521649721341
Distribution protocol: TCP
Resp-actual/expected/ratio/ts: 24 25 0.96 1521649778616
connected to auth! from local port 59614
received auth hello!
{ authId: 402, nonce: <Buffer 93 a2 64 20 bb 56 2e 3e> }
received session key response encrypted with distribution key
replyNonce in sessionKeyResp: <Buffer 36 32 02 f8 cd 2f 5d fa>
auth nonce verified
received 1 keys
currentSessionKey: [object Object]
Status: Secure connection closed before starting a new connection.
Session protocol: TCP
chosen commSessionKey: 
{ id: 40200643,
  cipherKeyVal: <Buffer 2f 35 77 f5 75 8b ce 07 6a 11 fd 11 ad a4 6b 1b>,
  macKeyVal: <Buffer 59 d8 4b 65 95 37 f7 29 d9 74 f2 f7 9c 5e 55 b5 c6 31 ff 4e 09 11 73 7f b9 7e 56 a8 c0 9c 4a ad>,
  absValidity: 2018-03-22T16:29:38.751Z,
  relValidity: 7200000 }
options
{ serverHost: '10.0.1.17',
  serverPort: 22100,
  sessionKey: 
   { id: 40200643,
     cipherKeyVal: <Buffer 2f 35 77 f5 75 8b ce 07 6a 11 fd 11 ad a4 6b 1b>,
     macKeyVal: <Buffer 59 d8 4b 65 95 37 f7 29 d9 74 f2 f7 9c 5e 55 b5 c6 31 ff 4e 09 11 73 7f b9 7e 56 a8 c0 9c 4a ad>,
     absValidity: 2018-03-22T16:29:38.751Z,
     relValidity: 7200000 },
  sessionCryptoSpec: { cipher: 'AES-128-CBC', mac: 'SHA256' },
  sessionProtocol: 'TCP',
  handshakeTimeout: 50000 }
chosen nonce: <Buffer 7d 01 3a 0a c3 94 2d e4>
switching to HANDSHAKE_1_SENT
disconnected from auth
Handler: secure connection with the server closed.
received session key handshake2!
client ret: [object Object]
server authenticated/authorized by solving nonce!
Handler: communication initialization succeeded
file data length: 1024
sending at Wed Mar 21 2018 16:29:40 GMT+0000 (UTC)
switching to IN_COMM
received secure communication message!
Received seqNum: 0
Handler: data received from server via secure communication
data1
Resp-actual/expected/ratio/ts: 25 25 1 1521649781439
Distribution protocol: TCP
Resp-actual/expected/ratio/ts: 25 26 0.9615384615384616 1521649838652
connected to auth! from local port 59860
received auth hello!
{ authId: 402, nonce: <Buffer 1c 05 ea 1e 1c 47 58 37> }
received session key response encrypted with distribution key
replyNonce in sessionKeyResp: <Buffer 8e a1 4f a1 58 01 28 ca>
auth nonce verified
received 1 keys
currentSessionKey: [object Object]
Status: Secure connection closed before starting a new connection.
Session protocol: TCP
chosen commSessionKey: 
{ id: 40200650,
  cipherKeyVal: <Buffer d0 65 a7 cf 81 a1 97 86 f0 49 72 21 39 71 13 fc>,
  macKeyVal: <Buffer 4b 02 de b9 b9 f4 14 e2 db 43 d4 9b b8 a2 c6 13 b6 8f f5 88 ea 23 ac 7a e7 a7 17 a7 7d c4 33 0d>,
  absValidity: 2018-03-22T16:30:38.817Z,
  relValidity: 7200000 }
options
{ serverHost: '10.0.1.17',
  serverPort: 22100,
  sessionKey: 
   { id: 40200650,
     cipherKeyVal: <Buffer d0 65 a7 cf 81 a1 97 86 f0 49 72 21 39 71 13 fc>,
     macKeyVal: <Buffer 4b 02 de b9 b9 f4 14 e2 db 43 d4 9b b8 a2 c6 13 b6 8f f5 88 ea 23 ac 7a e7 a7 17 a7 7d c4 33 0d>,
     absValidity: 2018-03-22T16:30:38.817Z,
     relValidity: 7200000 },
  sessionCryptoSpec: { cipher: 'AES-128-CBC', mac: 'SHA256' },
  sessionProtocol: 'TCP',
  handshakeTimeout: 50000 }
chosen nonce: <Buffer 9e ed 9d 94 8b 51 a8 79>
switching to HANDSHAKE_1_SENT
disconnected from auth
Handler: secure connection with the server closed.
received session key handshake2!
client ret: [object Object]
server authenticated/authorized by solving nonce!
Handler: communication initialization succeeded
file data length: 1024
sending at Wed Mar 21 2018 16:30:40 GMT+0000 (UTC)
switching to IN_COMM
received secure communication message!
Received seqNum: 0
Handler: data received from server via secure communication
data1
Resp-actual/expected/ratio/ts: 26 26 1 1521649841464
Distribution protocol: TCP
Resp-actual/expected/ratio/ts: 26 27 0.9629629629629629 1521649898660
connected to auth! from local port 60106
received auth hello!
{ authId: 402, nonce: <Buffer 15 89 73 c8 86 37 f3 70> }
received session key response encrypted with distribution key
replyNonce in sessionKeyResp: <Buffer e0 b1 bb 4a 39 3e 72 47>
auth nonce verified
received 1 keys
currentSessionKey: [object Object]
Status: Secure connection closed before starting a new connection.
Session protocol: TCP
chosen commSessionKey: 
{ id: 40200657,
  cipherKeyVal: <Buffer 20 0a 30 80 67 c4 a1 6d 92 0c 63 44 f7 61 cf b0>,
  macKeyVal: <Buffer c0 ad 4f c6 06 86 ff b8 50 b2 46 31 fb 0b e4 96 87 01 2d d5 10 35 b7 ab f8 78 e4 71 7d 28 3c 94>,
  absValidity: 2018-03-22T16:31:38.849Z,
  relValidity: 7200000 }
options
{ serverHost: '10.0.1.17',
  serverPort: 22100,
  sessionKey: 
   { id: 40200657,
     cipherKeyVal: <Buffer 20 0a 30 80 67 c4 a1 6d 92 0c 63 44 f7 61 cf b0>,
     macKeyVal: <Buffer c0 ad 4f c6 06 86 ff b8 50 b2 46 31 fb 0b e4 96 87 01 2d d5 10 35 b7 ab f8 78 e4 71 7d 28 3c 94>,
     absValidity: 2018-03-22T16:31:38.849Z,
     relValidity: 7200000 },
  sessionCryptoSpec: { cipher: 'AES-128-CBC', mac: 'SHA256' },
  sessionProtocol: 'TCP',
  handshakeTimeout: 50000 }
chosen nonce: <Buffer e4 b9 2a 4b 2f be 0f 77>
switching to HANDSHAKE_1_SENT
disconnected from auth
Handler: secure connection with the server closed.
received session key handshake2!
client ret: [object Object]
server authenticated/authorized by solving nonce!
Handler: communication initialization succeeded
file data length: 1024
sending at Wed Mar 21 2018 16:31:40 GMT+0000 (UTC)
switching to IN_COMM
received secure communication message!
Received seqNum: 0
Handler: data received from server via secure communication
data1
Resp-actual/expected/ratio/ts: 27 27 1 1521649901322
Distribution protocol: TCP
Resp-actual/expected/ratio/ts: 27 28 0.9642857142857143 1521649958718
connected to auth! from local port 60352
received auth hello!
{ authId: 402, nonce: <Buffer ee 62 c1 b1 fe 90 40 af> }
received session key response encrypted with distribution key
replyNonce in sessionKeyResp: <Buffer 1e 04 91 07 42 e5 5a 98>
auth nonce verified
received 1 keys
currentSessionKey: [object Object]
Status: Secure connection closed before starting a new connection.
Session protocol: TCP
chosen commSessionKey: 
{ id: 40200664,
  cipherKeyVal: <Buffer dc db a6 db 30 5a 6e 8f e5 68 1a 96 c5 8e 40 50>,
  macKeyVal: <Buffer a0 9f 78 85 66 2b 44 ac 6d d7 40 2f 08 1a 50 45 c5 2a 6c 19 a9 17 27 80 a1 b9 7b 4c 36 8d 73 86>,
  absValidity: 2018-03-22T16:32:38.868Z,
  relValidity: 7200000 }
options
{ serverHost: '10.0.1.17',
  serverPort: 22100,
  sessionKey: 
   { id: 40200664,
     cipherKeyVal: <Buffer dc db a6 db 30 5a 6e 8f e5 68 1a 96 c5 8e 40 50>,
     macKeyVal: <Buffer a0 9f 78 85 66 2b 44 ac 6d d7 40 2f 08 1a 50 45 c5 2a 6c 19 a9 17 27 80 a1 b9 7b 4c 36 8d 73 86>,
     absValidity: 2018-03-22T16:32:38.868Z,
     relValidity: 7200000 },
  sessionCryptoSpec: { cipher: 'AES-128-CBC', mac: 'SHA256' },
  sessionProtocol: 'TCP',
  handshakeTimeout: 50000 }
chosen nonce: <Buffer a5 16 d6 f5 2d 73 f6 20>
switching to HANDSHAKE_1_SENT
disconnected from auth
Handler: secure connection with the server closed.
received session key handshake2!
client ret: [object Object]
server authenticated/authorized by solving nonce!
Handler: communication initialization succeeded
file data length: 1024
sending at Wed Mar 21 2018 16:32:41 GMT+0000 (UTC)
switching to IN_COMM
received secure communication message!
Received seqNum: 0
Handler: data received from server via secure communication
data1
Resp-actual/expected/ratio/ts: 28 28 1 1521649961473
