changing working directory to: /home/hokeunkim/Development/iotauth/entity/node/example_entities
loading from config file: /home/hokeunkim/Development/iotauth_experiments/experiments/ccs2017/expOptions/expEntity.option
Experimental options for autoClient: { autoSendPeriod: 60000,
  useSameSessionKeyCount: 1,
  connectionTimeout: 50000,
  migrationEnabled: false,
  authFailureThreshold: 2,
  migrationFailureThreshold: 2 }
loading from config file: /home/hokeunkim/Development/iotauth/entity/node/example_entities/configs/Clients/c416.config
initializing...
current parameters: { numKeysPerRequest: 3,
  migrationEnabled: false,
  authFailureThreshold: 3,
  migrationFailureThreshold: 3 }
current parameters: { numKeysPerRequest: 1,
  migrationEnabled: false,
  authFailureThreshold: 3,
  migrationFailureThreshold: 3 }
current parameters: { numKeysPerRequest: 1,
  migrationEnabled: false,
  authFailureThreshold: 3,
  migrationFailureThreshold: 3 }
current parameters: { numKeysPerRequest: 1,
  migrationEnabled: false,
  authFailureThreshold: 2,
  migrationFailureThreshold: 3 }
current parameters: { numKeysPerRequest: 1,
  migrationEnabled: false,
  authFailureThreshold: 2,
  migrationFailureThreshold: 2 }
current entityInfo: { name: 'c416',
  group: 'Clients',
  distProtocol: 'TCP',
  usePermanentDistKey: false,
  connectionTimeout: 50000,
  privateKey: <Buffer 2d 2d 2d 2d 2d 42 45 47 49 4e 20 52 53 41 20 50 52 49 56 41 54 45 20 4b 45 59 2d 2d 2d 2d 2d 0a 4d 49 49 45 6f 77 49 42 41 41 4b 43 41 51 45 41 75 51 ... > }
Distribution protocol: TCP
Resp-actual/expected/ratio/ts: 0 1 0 1521651415883
connected to auth! from local port 41344
received auth hello!
{ authId: 403, nonce: <Buffer 22 5f 18 5e 95 ff 93 e4> }
received session key response with distribution key attached!
auth signature verified
replyNonce in sessionKeyResp: <Buffer 79 2d 13 06 c0 34 0e be>
auth nonce verified
updating distribution key: { cipherKeyVal: <Buffer 73 d3 89 5a e3 2c cf c6 fa f9 b8 7a 3b a7 87 44>,
  macKeyVal: <Buffer 10 73 7e 72 11 d8 ba 43 a3 37 86 4b 38 e3 d6 68 85 3c 5a 34 65 32 6f 3b 55 e9 d9 3b 9e 9f 8b eb>,
  absValidity: 2018-03-21T17:56:56.052Z }
received 1 keys
currentSessionKey: [object Object]
Session protocol: TCP
chosen commSessionKey: 
{ id: 40300907,
  cipherKeyVal: <Buffer 2f 82 ac 55 fa 0c 80 07 12 0a be 73 a4 2a f3 cc>,
  macKeyVal: <Buffer 96 6b b9 00 d1 d0 02 06 8e 4d 9c 41 f7 c7 15 50 be 79 1a 65 90 61 f7 0f bf 8c 49 d6 cc 8c 8b 01>,
  absValidity: 2018-03-22T16:56:56.052Z,
  relValidity: 7200000 }
options
{ serverHost: '10.0.1.20',
  serverPort: 22100,
  sessionKey: 
   { id: 40300907,
     cipherKeyVal: <Buffer 2f 82 ac 55 fa 0c 80 07 12 0a be 73 a4 2a f3 cc>,
     macKeyVal: <Buffer 96 6b b9 00 d1 d0 02 06 8e 4d 9c 41 f7 c7 15 50 be 79 1a 65 90 61 f7 0f bf 8c 49 d6 cc 8c 8b 01>,
     absValidity: 2018-03-22T16:56:56.052Z,
     relValidity: 7200000 },
  sessionCryptoSpec: { cipher: 'AES-128-CBC', mac: 'SHA256' },
  sessionProtocol: 'TCP',
  handshakeTimeout: 50000 }
disconnected from auth
chosen nonce: <Buffer 3e 6a 91 20 af 88 55 bd>
switching to HANDSHAKE_1_SENT
received session key handshake2!
client ret: [object Object]
server authenticated/authorized by solving nonce!
Handler: communication initialization succeeded
file data length: 1024
sending at Wed Mar 21 2018 16:56:56 GMT+0000 (UTC)
switching to IN_COMM
received secure communication message!
Received seqNum: 0
Handler: data received from server via secure communication
data1
Resp-actual/expected/ratio/ts: 1 1 1 1521651417043
Distribution protocol: TCP
Resp-actual/expected/ratio/ts: 1 2 0.5 1521651475941
connected to auth! from local port 41548
received auth hello!
{ authId: 403, nonce: <Buffer c2 76 3b fe 72 c0 16 54> }
received session key response encrypted with distribution key
replyNonce in sessionKeyResp: <Buffer 20 21 6f 99 e4 a3 64 a0>
auth nonce verified
received 1 keys
currentSessionKey: [object Object]
Status: Secure connection closed before starting a new connection.
Session protocol: TCP
chosen commSessionKey: 
{ id: 40300913,
  cipherKeyVal: <Buffer a9 3b ee 5f 18 7e 36 6f 38 07 a8 c3 67 f1 bd 65>,
  macKeyVal: <Buffer ec 07 a6 41 3c 24 4e 12 c0 d3 ba 09 94 71 56 27 61 0d 0a fb fc 66 69 c1 eb 83 6e 64 ca 43 aa bf>,
  absValidity: 2018-03-22T16:57:56.112Z,
  relValidity: 7200000 }
options
{ serverHost: '10.0.1.20',
  serverPort: 22100,
  sessionKey: 
   { id: 40300913,
     cipherKeyVal: <Buffer a9 3b ee 5f 18 7e 36 6f 38 07 a8 c3 67 f1 bd 65>,
     macKeyVal: <Buffer ec 07 a6 41 3c 24 4e 12 c0 d3 ba 09 94 71 56 27 61 0d 0a fb fc 66 69 c1 eb 83 6e 64 ca 43 aa bf>,
     absValidity: 2018-03-22T16:57:56.112Z,
     relValidity: 7200000 },
  sessionCryptoSpec: { cipher: 'AES-128-CBC', mac: 'SHA256' },
  sessionProtocol: 'TCP',
  handshakeTimeout: 50000 }
chosen nonce: <Buffer 4c c8 c7 0f 94 6b 71 f9>
switching to HANDSHAKE_1_SENT
disconnected from auth
Handler: secure connection with the server closed.
received session key handshake2!
client ret: [object Object]
server authenticated/authorized by solving nonce!
Handler: communication initialization succeeded
file data length: 1024
sending at Wed Mar 21 2018 16:57:56 GMT+0000 (UTC)
switching to IN_COMM
received secure communication message!
Received seqNum: 0
Handler: data received from server via secure communication
data1
Resp-actual/expected/ratio/ts: 2 2 1 1521651477255
Distribution protocol: TCP
Resp-actual/expected/ratio/ts: 2 3 0.6666666666666666 1521651535997
connected to auth! from local port 41820
received auth hello!
{ authId: 403, nonce: <Buffer 9f 4a 1f c0 7d c7 52 1e> }
received session key response encrypted with distribution key
replyNonce in sessionKeyResp: <Buffer 16 14 9f 26 8e f8 87 02>
auth nonce verified
received 1 keys
currentSessionKey: [object Object]
Status: Secure connection closed before starting a new connection.
Session protocol: TCP
chosen commSessionKey: 
{ id: 40300919,
  cipherKeyVal: <Buffer 6e 95 dc 1e 74 2b 43 2c 0e 49 ec 93 91 11 7f c6>,
  macKeyVal: <Buffer e5 7b 47 30 61 bc 40 3d 49 f2 88 85 30 a3 b5 f7 33 6a c7 98 36 35 d7 9d fe 6b 6e 01 a3 76 99 e0>,
  absValidity: 2018-03-22T16:58:56.140Z,
  relValidity: 7200000 }
options
{ serverHost: '10.0.1.20',
  serverPort: 22100,
  sessionKey: 
   { id: 40300919,
     cipherKeyVal: <Buffer 6e 95 dc 1e 74 2b 43 2c 0e 49 ec 93 91 11 7f c6>,
     macKeyVal: <Buffer e5 7b 47 30 61 bc 40 3d 49 f2 88 85 30 a3 b5 f7 33 6a c7 98 36 35 d7 9d fe 6b 6e 01 a3 76 99 e0>,
     absValidity: 2018-03-22T16:58:56.140Z,
     relValidity: 7200000 },
  sessionCryptoSpec: { cipher: 'AES-128-CBC', mac: 'SHA256' },
  sessionProtocol: 'TCP',
  handshakeTimeout: 50000 }
disconnected from auth
chosen nonce: <Buffer a9 67 e5 d1 58 95 6e 85>
switching to HANDSHAKE_1_SENT
Handler: secure connection with the server closed.
received session key handshake2!
client ret: [object Object]
server authenticated/authorized by solving nonce!
Handler: communication initialization succeeded
file data length: 1024
sending at Wed Mar 21 2018 16:58:56 GMT+0000 (UTC)
switching to IN_COMM
received secure communication message!
Received seqNum: 0
Handler: data received from server via secure communication
data1
Resp-actual/expected/ratio/ts: 3 3 1 1521651537137
Distribution protocol: TCP
Resp-actual/expected/ratio/ts: 3 4 0.75 1521651596024
connected to auth! from local port 42090
received auth hello!
{ authId: 403, nonce: <Buffer 65 e7 5c cd e3 ae c6 1b> }
received session key response encrypted with distribution key
replyNonce in sessionKeyResp: <Buffer c0 07 61 03 f2 75 d1 61>
auth nonce verified
received 1 keys
currentSessionKey: [object Object]
Status: Secure connection closed before starting a new connection.
Session protocol: TCP
chosen commSessionKey: 
{ id: 40300925,
  cipherKeyVal: <Buffer 34 cc 55 4e a3 79 10 83 d1 51 eb f9 80 3f 5f 6a>,
  macKeyVal: <Buffer c9 28 53 bb 0a cf 3d 04 fa c7 85 f6 e9 6b ba 9b 23 5a 93 05 89 60 43 cc 3b cc 61 7b e7 c7 8b 20>,
  absValidity: 2018-03-22T16:59:56.167Z,
  relValidity: 7200000 }
options
{ serverHost: '10.0.1.20',
  serverPort: 22100,
  sessionKey: 
   { id: 40300925,
     cipherKeyVal: <Buffer 34 cc 55 4e a3 79 10 83 d1 51 eb f9 80 3f 5f 6a>,
     macKeyVal: <Buffer c9 28 53 bb 0a cf 3d 04 fa c7 85 f6 e9 6b ba 9b 23 5a 93 05 89 60 43 cc 3b cc 61 7b e7 c7 8b 20>,
     absValidity: 2018-03-22T16:59:56.167Z,
     relValidity: 7200000 },
  sessionCryptoSpec: { cipher: 'AES-128-CBC', mac: 'SHA256' },
  sessionProtocol: 'TCP',
  handshakeTimeout: 50000 }
chosen nonce: <Buffer 89 56 da c0 c7 b6 87 b5>
switching to HANDSHAKE_1_SENT
disconnected from auth
Handler: secure connection with the server closed.
received session key handshake2!
client ret: [object Object]
server authenticated/authorized by solving nonce!
Handler: communication initialization succeeded
file data length: 1024
sending at Wed Mar 21 2018 16:59:56 GMT+0000 (UTC)
switching to IN_COMM
received secure communication message!
Received seqNum: 0
Handler: data received from server via secure communication
data1
Resp-actual/expected/ratio/ts: 4 4 1 1521651597326
Distribution protocol: TCP
Resp-actual/expected/ratio/ts: 4 5 0.8 1521651656083
connected to auth! from local port 42360
received auth hello!
{ authId: 403, nonce: <Buffer 21 d9 b1 a1 6b 24 49 14> }
received session key response encrypted with distribution key
replyNonce in sessionKeyResp: <Buffer 7d 23 fd ab d5 c4 4c 38>
auth nonce verified
received 1 keys
currentSessionKey: [object Object]
Status: Secure connection closed before starting a new connection.
Session protocol: TCP
chosen commSessionKey: 
{ id: 40300931,
  cipherKeyVal: <Buffer cc 35 ff f5 b7 78 19 8c 54 13 83 44 75 93 23 e9>,
  macKeyVal: <Buffer c2 9d ae 72 03 ce eb 62 e6 cd 18 95 d1 6f 07 2f b2 3d 5b 5f 8d 9a db fd 88 c7 e5 f2 e1 90 08 49>,
  absValidity: 2018-03-22T17:00:56.236Z,
  relValidity: 7200000 }
options
{ serverHost: '10.0.1.20',
  serverPort: 22100,
  sessionKey: 
   { id: 40300931,
     cipherKeyVal: <Buffer cc 35 ff f5 b7 78 19 8c 54 13 83 44 75 93 23 e9>,
     macKeyVal: <Buffer c2 9d ae 72 03 ce eb 62 e6 cd 18 95 d1 6f 07 2f b2 3d 5b 5f 8d 9a db fd 88 c7 e5 f2 e1 90 08 49>,
     absValidity: 2018-03-22T17:00:56.236Z,
     relValidity: 7200000 },
  sessionCryptoSpec: { cipher: 'AES-128-CBC', mac: 'SHA256' },
  sessionProtocol: 'TCP',
  handshakeTimeout: 50000 }
chosen nonce: <Buffer 16 df 1b 1d d9 09 88 44>
switching to HANDSHAKE_1_SENT
disconnected from auth
Handler: secure connection with the server closed.
received session key handshake2!
client ret: [object Object]
server authenticated/authorized by solving nonce!
Handler: communication initialization succeeded
file data length: 1024
sending at Wed Mar 21 2018 17:00:56 GMT+0000 (UTC)
switching to IN_COMM
received secure communication message!
Received seqNum: 0
Handler: data received from server via secure communication
data1
Resp-actual/expected/ratio/ts: 5 5 1 1521651657151
Distribution protocol: TCP
Resp-actual/expected/ratio/ts: 5 6 0.8333333333333334 1521651716141
connected to auth! from local port 42630
received auth hello!
{ authId: 403, nonce: <Buffer c0 f5 0e f4 39 0a 9f 26> }
received session key response encrypted with distribution key
replyNonce in sessionKeyResp: <Buffer cf 9c 5a 2e 50 de c0 51>
auth nonce verified
received 1 keys
currentSessionKey: [object Object]
Status: Secure connection closed before starting a new connection.
Session protocol: TCP
chosen commSessionKey: 
{ id: 40300937,
  cipherKeyVal: <Buffer 17 eb 1b f6 7a 59 36 e6 b8 79 d5 cb 98 fd 33 4a>,
  macKeyVal: <Buffer 16 e4 03 36 88 ca 42 76 50 95 62 8a b8 0f ff ff f0 22 ed 46 61 26 bb ba ea 93 8a 86 74 02 ab e9>,
  absValidity: 2018-03-22T17:01:56.285Z,
  relValidity: 7200000 }
options
{ serverHost: '10.0.1.20',
  serverPort: 22100,
  sessionKey: 
   { id: 40300937,
     cipherKeyVal: <Buffer 17 eb 1b f6 7a 59 36 e6 b8 79 d5 cb 98 fd 33 4a>,
     macKeyVal: <Buffer 16 e4 03 36 88 ca 42 76 50 95 62 8a b8 0f ff ff f0 22 ed 46 61 26 bb ba ea 93 8a 86 74 02 ab e9>,
     absValidity: 2018-03-22T17:01:56.285Z,
     relValidity: 7200000 },
  sessionCryptoSpec: { cipher: 'AES-128-CBC', mac: 'SHA256' },
  sessionProtocol: 'TCP',
  handshakeTimeout: 50000 }
chosen nonce: <Buffer 73 78 db fb 64 15 9d 26>
switching to HANDSHAKE_1_SENT
disconnected from auth
Handler: secure connection with the server closed.
received session key handshake2!
client ret: [object Object]
server authenticated/authorized by solving nonce!
Handler: communication initialization succeeded
file data length: 1024
sending at Wed Mar 21 2018 17:01:56 GMT+0000 (UTC)
switching to IN_COMM
received secure communication message!
Received seqNum: 0
Handler: data received from server via secure communication
data1
Resp-actual/expected/ratio/ts: 6 6 1 1521651717404
Distribution protocol: TCP
Resp-actual/expected/ratio/ts: 6 7 0.8571428571428571 1521651776197
connected to auth! from local port 42900
received auth hello!
{ authId: 403, nonce: <Buffer 92 b9 cd bb 38 2c 30 4a> }
received session key response encrypted with distribution key
replyNonce in sessionKeyResp: <Buffer 77 52 3d d2 bd d5 ee 22>
auth nonce verified
received 1 keys
currentSessionKey: [object Object]
Status: Secure connection closed before starting a new connection.
Session protocol: TCP
chosen commSessionKey: 
{ id: 40300943,
  cipherKeyVal: <Buffer 62 d0 cd d5 9d f7 69 a9 ee 6c 57 43 07 c9 27 56>,
  macKeyVal: <Buffer a3 68 3a 16 d2 aa 39 2c f2 6a 9f d5 a5 ca d2 f3 56 67 37 02 eb f9 3c 4c 1d c7 93 b1 ad f0 ed 7b>,
  absValidity: 2018-03-22T17:02:56.331Z,
  relValidity: 7200000 }
options
{ serverHost: '10.0.1.20',
  serverPort: 22100,
  sessionKey: 
   { id: 40300943,
     cipherKeyVal: <Buffer 62 d0 cd d5 9d f7 69 a9 ee 6c 57 43 07 c9 27 56>,
     macKeyVal: <Buffer a3 68 3a 16 d2 aa 39 2c f2 6a 9f d5 a5 ca d2 f3 56 67 37 02 eb f9 3c 4c 1d c7 93 b1 ad f0 ed 7b>,
     absValidity: 2018-03-22T17:02:56.331Z,
     relValidity: 7200000 },
  sessionCryptoSpec: { cipher: 'AES-128-CBC', mac: 'SHA256' },
  sessionProtocol: 'TCP',
  handshakeTimeout: 50000 }
chosen nonce: <Buffer 52 17 1b 26 d9 36 2a f6>
switching to HANDSHAKE_1_SENT
disconnected from auth
Handler: secure connection with the server closed.
received session key handshake2!
client ret: [object Object]
server authenticated/authorized by solving nonce!
Handler: communication initialization succeeded
file data length: 1024
sending at Wed Mar 21 2018 17:02:56 GMT+0000 (UTC)
switching to IN_COMM
received secure communication message!
Received seqNum: 0
Handler: data received from server via secure communication
data1
Resp-actual/expected/ratio/ts: 7 7 1 1521651777272
Distribution protocol: TCP
Resp-actual/expected/ratio/ts: 7 8 0.875 1521651836253
connected to auth! from local port 43162
received auth hello!
{ authId: 403, nonce: <Buffer 53 01 fb 2a 9a db 62 76> }
received session key response encrypted with distribution key
replyNonce in sessionKeyResp: <Buffer 06 32 e9 98 de 5c 66 6d>
auth nonce verified
received 1 keys
currentSessionKey: [object Object]
Status: Secure connection closed before starting a new connection.
Session protocol: TCP
chosen commSessionKey: 
{ id: 40300949,
  cipherKeyVal: <Buffer 27 bf 7d 2b fc bc c7 88 c5 9d 35 db f3 72 0d 6e>,
  macKeyVal: <Buffer 0e 32 55 88 9c 15 3c 4e cd 48 c3 7b bf bf 82 a6 eb b8 b7 9e 1c 36 fe 7c 1d e5 32 cc b6 af e1 e4>,
  absValidity: 2018-03-22T17:03:56.411Z,
  relValidity: 7200000 }
options
{ serverHost: '10.0.1.20',
  serverPort: 22100,
  sessionKey: 
   { id: 40300949,
     cipherKeyVal: <Buffer 27 bf 7d 2b fc bc c7 88 c5 9d 35 db f3 72 0d 6e>,
     macKeyVal: <Buffer 0e 32 55 88 9c 15 3c 4e cd 48 c3 7b bf bf 82 a6 eb b8 b7 9e 1c 36 fe 7c 1d e5 32 cc b6 af e1 e4>,
     absValidity: 2018-03-22T17:03:56.411Z,
     relValidity: 7200000 },
  sessionCryptoSpec: { cipher: 'AES-128-CBC', mac: 'SHA256' },
  sessionProtocol: 'TCP',
  handshakeTimeout: 50000 }
chosen nonce: <Buffer 2e 98 07 04 bb ac 37 b9>
switching to HANDSHAKE_1_SENT
disconnected from auth
Handler: secure connection with the server closed.
received session key handshake2!
client ret: [object Object]
server authenticated/authorized by solving nonce!
Handler: communication initialization succeeded
file data length: 1024
sending at Wed Mar 21 2018 17:03:56 GMT+0000 (UTC)
switching to IN_COMM
received secure communication message!
Received seqNum: 0
Handler: data received from server via secure communication
data1
Resp-actual/expected/ratio/ts: 8 8 1 1521651837472
Distribution protocol: TCP
Resp-actual/expected/ratio/ts: 8 9 0.8888888888888888 1521651896262
connected to auth! from local port 43380
received auth hello!
{ authId: 403, nonce: <Buffer 59 82 ef 7b 90 dc 4a 35> }
received session key response encrypted with distribution key
replyNonce in sessionKeyResp: <Buffer 4a 49 49 10 28 7e 96 49>
auth nonce verified
received 1 keys
currentSessionKey: [object Object]
Status: Secure connection closed before starting a new connection.
Session protocol: TCP
chosen commSessionKey: 
{ id: 40300955,
  cipherKeyVal: <Buffer 0b 3a 27 00 f3 fb 9c 0f 08 3e e5 c1 2e ea 07 a3>,
  macKeyVal: <Buffer 37 0e a7 37 70 eb f9 ab 7c 01 1c 9b fe b3 bd 43 0c 50 a8 c9 ad 2a 4b 0d 9e 59 a4 ca d1 49 99 7d>,
  absValidity: 2018-03-22T17:04:56.386Z,
  relValidity: 7200000 }
options
{ serverHost: '10.0.1.20',
  serverPort: 22100,
  sessionKey: 
   { id: 40300955,
     cipherKeyVal: <Buffer 0b 3a 27 00 f3 fb 9c 0f 08 3e e5 c1 2e ea 07 a3>,
     macKeyVal: <Buffer 37 0e a7 37 70 eb f9 ab 7c 01 1c 9b fe b3 bd 43 0c 50 a8 c9 ad 2a 4b 0d 9e 59 a4 ca d1 49 99 7d>,
     absValidity: 2018-03-22T17:04:56.386Z,
     relValidity: 7200000 },
  sessionCryptoSpec: { cipher: 'AES-128-CBC', mac: 'SHA256' },
  sessionProtocol: 'TCP',
  handshakeTimeout: 50000 }
chosen nonce: <Buffer 89 2a 6e 66 a0 7e 50 8c>
switching to HANDSHAKE_1_SENT
disconnected from auth
Handler: secure connection with the server closed.
received session key handshake2!
client ret: [object Object]
server authenticated/authorized by solving nonce!
Handler: communication initialization succeeded
file data length: 1024
sending at Wed Mar 21 2018 17:04:57 GMT+0000 (UTC)
switching to IN_COMM
received secure communication message!
Received seqNum: 0
Handler: data received from server via secure communication
data1
Resp-actual/expected/ratio/ts: 9 9 1 1521651897394
Distribution protocol: TCP
Resp-actual/expected/ratio/ts: 9 10 0.9 1521651956287
connected to auth! from local port 43598
received auth hello!
{ authId: 403, nonce: <Buffer b1 89 d5 76 93 9a ee 2e> }
received session key response encrypted with distribution key
replyNonce in sessionKeyResp: <Buffer b8 95 e0 9b 46 5a c1 6a>
auth nonce verified
received 1 keys
currentSessionKey: [object Object]
Status: Secure connection closed before starting a new connection.
Session protocol: TCP
chosen commSessionKey: 
{ id: 40300961,
  cipherKeyVal: <Buffer 5e a9 19 8f 36 aa 0f 7c ab 8b 8a b3 19 fe 9c cd>,
  macKeyVal: <Buffer a6 c1 c6 d3 9f a8 fa b7 59 4e 73 82 cb e3 07 7d 5b 4b 0a cf 9d a7 8e 5d eb ca 6f 7c b7 e8 94 6c>,
  absValidity: 2018-03-22T17:05:56.446Z,
  relValidity: 7200000 }
options
{ serverHost: '10.0.1.20',
  serverPort: 22100,
  sessionKey: 
   { id: 40300961,
     cipherKeyVal: <Buffer 5e a9 19 8f 36 aa 0f 7c ab 8b 8a b3 19 fe 9c cd>,
     macKeyVal: <Buffer a6 c1 c6 d3 9f a8 fa b7 59 4e 73 82 cb e3 07 7d 5b 4b 0a cf 9d a7 8e 5d eb ca 6f 7c b7 e8 94 6c>,
     absValidity: 2018-03-22T17:05:56.446Z,
     relValidity: 7200000 },
  sessionCryptoSpec: { cipher: 'AES-128-CBC', mac: 'SHA256' },
  sessionProtocol: 'TCP',
  handshakeTimeout: 50000 }
chosen nonce: <Buffer a0 48 7f 87 bd fe 79 cb>
switching to HANDSHAKE_1_SENT
disconnected from auth
Handler: secure connection with the server closed.
received session key handshake2!
client ret: [object Object]
server authenticated/authorized by solving nonce!
Handler: communication initialization succeeded
file data length: 1024
sending at Wed Mar 21 2018 17:05:57 GMT+0000 (UTC)
switching to IN_COMM
received secure communication message!
Received seqNum: 0
Handler: data received from server via secure communication
data1
Resp-actual/expected/ratio/ts: 10 10 1 1521651957679
Distribution protocol: TCP
Resp-actual/expected/ratio/ts: 10 11 0.9090909090909091 1521652016347
connected to auth! from local port 43816
received auth hello!
{ authId: 403, nonce: <Buffer 82 52 0b 18 41 c4 c9 a3> }
received session key response encrypted with distribution key
replyNonce in sessionKeyResp: <Buffer e0 6a e7 0c 2a 67 4f 58>
auth nonce verified
received 1 keys
currentSessionKey: [object Object]
Status: Secure connection closed before starting a new connection.
Session protocol: TCP
chosen commSessionKey: 
{ id: 40300967,
  cipherKeyVal: <Buffer cc e5 ac 45 79 7d 1a 97 6a 01 0c 0a 23 9e 37 fa>,
  macKeyVal: <Buffer d2 f5 42 7b 86 a9 f7 ec da a4 a7 2e 4a 13 96 83 c2 24 db 72 ba 86 8e fa c5 9b 36 35 9a f3 72 af>,
  absValidity: 2018-03-22T17:06:56.512Z,
  relValidity: 7200000 }
options
{ serverHost: '10.0.1.20',
  serverPort: 22100,
  sessionKey: 
   { id: 40300967,
     cipherKeyVal: <Buffer cc e5 ac 45 79 7d 1a 97 6a 01 0c 0a 23 9e 37 fa>,
     macKeyVal: <Buffer d2 f5 42 7b 86 a9 f7 ec da a4 a7 2e 4a 13 96 83 c2 24 db 72 ba 86 8e fa c5 9b 36 35 9a f3 72 af>,
     absValidity: 2018-03-22T17:06:56.512Z,
     relValidity: 7200000 },
  sessionCryptoSpec: { cipher: 'AES-128-CBC', mac: 'SHA256' },
  sessionProtocol: 'TCP',
  handshakeTimeout: 50000 }
chosen nonce: <Buffer d9 53 00 5e 0d a2 66 c5>
switching to HANDSHAKE_1_SENT
disconnected from auth
Handler: secure connection with the server closed.
received session key handshake2!
client ret: [object Object]
server authenticated/authorized by solving nonce!
Handler: communication initialization succeeded
file data length: 1024
sending at Wed Mar 21 2018 17:06:57 GMT+0000 (UTC)
switching to IN_COMM
received secure communication message!
Received seqNum: 0
Handler: data received from server via secure communication
data1
Resp-actual/expected/ratio/ts: 11 11 1 1521652017441
Distribution protocol: TCP
Resp-actual/expected/ratio/ts: 11 12 0.9166666666666666 1521652076406
connected to auth! from local port 44034
received auth hello!
{ authId: 403, nonce: <Buffer a9 51 b9 53 86 52 ac b8> }
received session key response encrypted with distribution key
replyNonce in sessionKeyResp: <Buffer bb 39 f5 a3 77 fe db c8>
auth nonce verified
received 1 keys
currentSessionKey: [object Object]
Status: Secure connection closed before starting a new connection.
Session protocol: TCP
chosen commSessionKey: 
{ id: 40300973,
  cipherKeyVal: <Buffer f9 9c a0 1e c6 55 67 93 fb 6c 9c a5 4f eb f9 f2>,
  macKeyVal: <Buffer c2 b6 97 c1 91 31 f2 43 6a 94 c8 3f 5d f6 6b 5d 30 e6 8f 76 8a b5 ce b8 4a 16 28 f8 12 94 6d 5a>,
  absValidity: 2018-03-22T17:07:56.547Z,
  relValidity: 7200000 }
options
{ serverHost: '10.0.1.20',
  serverPort: 22100,
  sessionKey: 
   { id: 40300973,
     cipherKeyVal: <Buffer f9 9c a0 1e c6 55 67 93 fb 6c 9c a5 4f eb f9 f2>,
     macKeyVal: <Buffer c2 b6 97 c1 91 31 f2 43 6a 94 c8 3f 5d f6 6b 5d 30 e6 8f 76 8a b5 ce b8 4a 16 28 f8 12 94 6d 5a>,
     absValidity: 2018-03-22T17:07:56.547Z,
     relValidity: 7200000 },
  sessionCryptoSpec: { cipher: 'AES-128-CBC', mac: 'SHA256' },
  sessionProtocol: 'TCP',
  handshakeTimeout: 50000 }
chosen nonce: <Buffer 1a 4f c0 f6 6b 21 3a bc>
switching to HANDSHAKE_1_SENT
disconnected from auth
Handler: secure connection with the server closed.
received session key handshake2!
client ret: [object Object]
server authenticated/authorized by solving nonce!
Handler: communication initialization succeeded
file data length: 1024
sending at Wed Mar 21 2018 17:07:57 GMT+0000 (UTC)
switching to IN_COMM
received secure communication message!
Received seqNum: 0
Handler: data received from server via secure communication
data1
Resp-actual/expected/ratio/ts: 12 12 1 1521652077538
Distribution protocol: TCP
Resp-actual/expected/ratio/ts: 12 13 0.9230769230769231 1521652136419
connected to auth! from local port 44252
received auth hello!
{ authId: 403, nonce: <Buffer 55 44 d0 cc e7 ab 4e 8a> }
received session key response encrypted with distribution key
replyNonce in sessionKeyResp: <Buffer 0a d2 a1 c5 94 a8 44 48>
auth nonce verified
received 1 keys
currentSessionKey: [object Object]
Status: Secure connection closed before starting a new connection.
Session protocol: TCP
chosen commSessionKey: 
{ id: 40300979,
  cipherKeyVal: <Buffer 5b 87 b0 89 67 05 c3 8e b8 8a 41 2c 45 cf ac 3f>,
  macKeyVal: <Buffer ed 16 02 41 f9 cd e9 1b e5 28 0c a8 e9 08 8d 7f 32 84 45 f2 42 89 07 44 a5 b7 d4 f9 75 e2 8b 5d>,
  absValidity: 2018-03-22T17:08:56.553Z,
  relValidity: 7200000 }
options
{ serverHost: '10.0.1.20',
  serverPort: 22100,
  sessionKey: 
   { id: 40300979,
     cipherKeyVal: <Buffer 5b 87 b0 89 67 05 c3 8e b8 8a 41 2c 45 cf ac 3f>,
     macKeyVal: <Buffer ed 16 02 41 f9 cd e9 1b e5 28 0c a8 e9 08 8d 7f 32 84 45 f2 42 89 07 44 a5 b7 d4 f9 75 e2 8b 5d>,
     absValidity: 2018-03-22T17:08:56.553Z,
     relValidity: 7200000 },
  sessionCryptoSpec: { cipher: 'AES-128-CBC', mac: 'SHA256' },
  sessionProtocol: 'TCP',
  handshakeTimeout: 50000 }
chosen nonce: <Buffer 8a 30 d6 9a 22 41 41 9d>
switching to HANDSHAKE_1_SENT
disconnected from auth
Handler: secure connection with the server closed.
received session key handshake2!
client ret: [object Object]
server authenticated/authorized by solving nonce!
Handler: communication initialization succeeded
file data length: 1024
sending at Wed Mar 21 2018 17:08:57 GMT+0000 (UTC)
switching to IN_COMM
received secure communication message!
Received seqNum: 0
Handler: data received from server via secure communication
data1
Resp-actual/expected/ratio/ts: 13 13 1 1521652137488
Distribution protocol: TCP
Resp-actual/expected/ratio/ts: 13 14 0.9285714285714286 1521652196467
connected to auth! from local port 44470
received auth hello!
{ authId: 403, nonce: <Buffer 33 50 63 ab f3 0b 94 58> }
received session key response encrypted with distribution key
replyNonce in sessionKeyResp: <Buffer e1 bc c2 16 96 cc 4e ec>
auth nonce verified
received 1 keys
currentSessionKey: [object Object]
Status: Secure connection closed before starting a new connection.
Session protocol: TCP
chosen commSessionKey: 
{ id: 40300985,
  cipherKeyVal: <Buffer 32 87 9e 26 6d 2d 98 0f 0d da f8 3d 7f 3a 79 72>,
  macKeyVal: <Buffer 5f b9 54 7a c5 18 39 16 19 62 61 e5 96 ae c1 c5 b2 f5 ea d5 1a c2 41 35 9e 66 04 0f 7c 13 21 d7>,
  absValidity: 2018-03-22T17:09:56.621Z,
  relValidity: 7200000 }
options
{ serverHost: '10.0.1.20',
  serverPort: 22100,
  sessionKey: 
   { id: 40300985,
     cipherKeyVal: <Buffer 32 87 9e 26 6d 2d 98 0f 0d da f8 3d 7f 3a 79 72>,
     macKeyVal: <Buffer 5f b9 54 7a c5 18 39 16 19 62 61 e5 96 ae c1 c5 b2 f5 ea d5 1a c2 41 35 9e 66 04 0f 7c 13 21 d7>,
     absValidity: 2018-03-22T17:09:56.621Z,
     relValidity: 7200000 },
  sessionCryptoSpec: { cipher: 'AES-128-CBC', mac: 'SHA256' },
  sessionProtocol: 'TCP',
  handshakeTimeout: 50000 }
chosen nonce: <Buffer e9 47 c3 f5 8d 5a f3 c0>
switching to HANDSHAKE_1_SENT
disconnected from auth
Handler: secure connection with the server closed.
received session key handshake2!
client ret: [object Object]
server authenticated/authorized by solving nonce!
Handler: communication initialization succeeded
file data length: 1024
sending at Wed Mar 21 2018 17:09:57 GMT+0000 (UTC)
switching to IN_COMM
received secure communication message!
Received seqNum: 0
Handler: data received from server via secure communication
data1
Resp-actual/expected/ratio/ts: 14 14 1 1521652197536
Distribution protocol: TCP
Resp-actual/expected/ratio/ts: 14 15 0.9333333333333333 1521652256489
connected to auth! from local port 44688
received auth hello!
{ authId: 403, nonce: <Buffer 75 27 97 42 c7 26 6a 4e> }
received session key response encrypted with distribution key
replyNonce in sessionKeyResp: <Buffer 01 3a 48 ba 80 41 31 2c>
auth nonce verified
received 1 keys
currentSessionKey: [object Object]
Status: Secure connection closed before starting a new connection.
Session protocol: TCP
chosen commSessionKey: 
{ id: 40300991,
  cipherKeyVal: <Buffer 1e 96 be 6b 41 73 f6 e6 b7 9f 3a 1f 02 03 a3 ea>,
  macKeyVal: <Buffer 2d b9 fe 15 b2 ee 6b 2e e8 c7 6b b7 68 d8 ca 21 70 a5 b7 bb b9 e2 fc cc 0a 23 83 42 cd 47 87 a1>,
  absValidity: 2018-03-22T17:10:56.643Z,
  relValidity: 7200000 }
options
{ serverHost: '10.0.1.20',
  serverPort: 22100,
  sessionKey: 
   { id: 40300991,
     cipherKeyVal: <Buffer 1e 96 be 6b 41 73 f6 e6 b7 9f 3a 1f 02 03 a3 ea>,
     macKeyVal: <Buffer 2d b9 fe 15 b2 ee 6b 2e e8 c7 6b b7 68 d8 ca 21 70 a5 b7 bb b9 e2 fc cc 0a 23 83 42 cd 47 87 a1>,
     absValidity: 2018-03-22T17:10:56.643Z,
     relValidity: 7200000 },
  sessionCryptoSpec: { cipher: 'AES-128-CBC', mac: 'SHA256' },
  sessionProtocol: 'TCP',
  handshakeTimeout: 50000 }
chosen nonce: <Buffer a1 91 95 8c 36 54 37 e9>
switching to HANDSHAKE_1_SENT
disconnected from auth
Handler: secure connection with the server closed.
received session key handshake2!
client ret: [object Object]
server authenticated/authorized by solving nonce!
Handler: communication initialization succeeded
file data length: 1024
sending at Wed Mar 21 2018 17:10:57 GMT+0000 (UTC)
switching to IN_COMM
received secure communication message!
Received seqNum: 0
Handler: data received from server via secure communication
data1
Resp-actual/expected/ratio/ts: 15 15 1 1521652257706
Distribution protocol: TCP
Resp-actual/expected/ratio/ts: 15 16 0.9375 1521652316516
connected to auth! from local port 44906
received auth hello!
{ authId: 403, nonce: <Buffer 9a dc 77 ac 14 df 2c 9a> }
received session key response encrypted with distribution key
replyNonce in sessionKeyResp: <Buffer 39 d1 06 62 4d 60 d2 25>
auth nonce verified
received 1 keys
currentSessionKey: [object Object]
Status: Secure connection closed before starting a new connection.
Session protocol: TCP
chosen commSessionKey: 
{ id: 40300997,
  cipherKeyVal: <Buffer da 09 70 c5 70 4d 8b 41 4a 06 0a ea 3c 5e 9c 5b>,
  macKeyVal: <Buffer fb e2 69 f3 f4 88 aa 33 76 a9 a1 e9 83 de 17 e0 a8 18 78 64 41 32 48 0c f9 dc 4f 42 3e cd 27 aa>,
  absValidity: 2018-03-22T17:11:56.662Z,
  relValidity: 7200000 }
options
{ serverHost: '10.0.1.20',
  serverPort: 22100,
  sessionKey: 
   { id: 40300997,
     cipherKeyVal: <Buffer da 09 70 c5 70 4d 8b 41 4a 06 0a ea 3c 5e 9c 5b>,
     macKeyVal: <Buffer fb e2 69 f3 f4 88 aa 33 76 a9 a1 e9 83 de 17 e0 a8 18 78 64 41 32 48 0c f9 dc 4f 42 3e cd 27 aa>,
     absValidity: 2018-03-22T17:11:56.662Z,
     relValidity: 7200000 },
  sessionCryptoSpec: { cipher: 'AES-128-CBC', mac: 'SHA256' },
  sessionProtocol: 'TCP',
  handshakeTimeout: 50000 }
chosen nonce: <Buffer 49 c8 19 dc 53 80 3d b6>
switching to HANDSHAKE_1_SENT
disconnected from auth
Handler: secure connection with the server closed.
received session key handshake2!
client ret: [object Object]
server authenticated/authorized by solving nonce!
Handler: communication initialization succeeded
file data length: 1024
sending at Wed Mar 21 2018 17:11:57 GMT+0000 (UTC)
switching to IN_COMM
received secure communication message!
Received seqNum: 0
Handler: data received from server via secure communication
data1
Resp-actual/expected/ratio/ts: 16 16 1 1521652317763
Distribution protocol: TCP
Resp-actual/expected/ratio/ts: 16 17 0.9411764705882353 1521652376576
connected to auth! from local port 45124
received auth hello!
{ authId: 403, nonce: <Buffer 6c b8 2f a0 77 bb e8 50> }
received session key response encrypted with distribution key
replyNonce in sessionKeyResp: <Buffer a9 cd 5b 88 37 ec c1 28>
auth nonce verified
received 1 keys
currentSessionKey: [object Object]
Status: Secure connection closed before starting a new connection.
Session protocol: TCP
chosen commSessionKey: 
{ id: 40301003,
  cipherKeyVal: <Buffer 93 da ca 4e 5e 1f e7 4f 5d a1 99 dd 15 a6 8f 28>,
  macKeyVal: <Buffer 8d 7a 52 1b bd 4e 1b 28 5d 07 c4 c5 23 8f 2b 2a 57 96 d1 1d 3e 6c 53 88 75 13 04 14 90 95 d3 f8>,
  absValidity: 2018-03-22T17:12:56.742Z,
  relValidity: 7200000 }
options
{ serverHost: '10.0.1.20',
  serverPort: 22100,
  sessionKey: 
   { id: 40301003,
     cipherKeyVal: <Buffer 93 da ca 4e 5e 1f e7 4f 5d a1 99 dd 15 a6 8f 28>,
     macKeyVal: <Buffer 8d 7a 52 1b bd 4e 1b 28 5d 07 c4 c5 23 8f 2b 2a 57 96 d1 1d 3e 6c 53 88 75 13 04 14 90 95 d3 f8>,
     absValidity: 2018-03-22T17:12:56.742Z,
     relValidity: 7200000 },
  sessionCryptoSpec: { cipher: 'AES-128-CBC', mac: 'SHA256' },
  sessionProtocol: 'TCP',
  handshakeTimeout: 50000 }
chosen nonce: <Buffer 5c 5d 30 ac cc 9d bc 5e>
switching to HANDSHAKE_1_SENT
disconnected from auth
Handler: secure connection with the server closed.
received session key handshake2!
client ret: [object Object]
server authenticated/authorized by solving nonce!
Handler: communication initialization succeeded
file data length: 1024
sending at Wed Mar 21 2018 17:12:57 GMT+0000 (UTC)
switching to IN_COMM
received secure communication message!
Received seqNum: 0
Handler: data received from server via secure communication
data1
Resp-actual/expected/ratio/ts: 17 17 1 1521652377854
Distribution protocol: TCP
Resp-actual/expected/ratio/ts: 17 18 0.9444444444444444 1521652436621
connected to auth! from local port 45342
received auth hello!
{ authId: 403, nonce: <Buffer 4f aa ed 8c 04 54 34 3e> }
received session key response encrypted with distribution key
replyNonce in sessionKeyResp: <Buffer f7 f6 77 98 ee 82 f3 54>
auth nonce verified
received 1 keys
currentSessionKey: [object Object]
Status: Secure connection closed before starting a new connection.
Session protocol: TCP
chosen commSessionKey: 
{ id: 40301009,
  cipherKeyVal: <Buffer 6a e1 e9 d4 07 b1 d9 59 11 f7 93 31 19 7b 32 49>,
  macKeyVal: <Buffer 57 29 de b6 97 06 ff b5 1a 26 10 96 c6 79 85 31 f8 15 69 e2 79 a0 73 cf 23 3e 7d 55 29 f9 31 89>,
  absValidity: 2018-03-22T17:13:56.746Z,
  relValidity: 7200000 }
options
{ serverHost: '10.0.1.20',
  serverPort: 22100,
  sessionKey: 
   { id: 40301009,
     cipherKeyVal: <Buffer 6a e1 e9 d4 07 b1 d9 59 11 f7 93 31 19 7b 32 49>,
     macKeyVal: <Buffer 57 29 de b6 97 06 ff b5 1a 26 10 96 c6 79 85 31 f8 15 69 e2 79 a0 73 cf 23 3e 7d 55 29 f9 31 89>,
     absValidity: 2018-03-22T17:13:56.746Z,
     relValidity: 7200000 },
  sessionCryptoSpec: { cipher: 'AES-128-CBC', mac: 'SHA256' },
  sessionProtocol: 'TCP',
  handshakeTimeout: 50000 }
chosen nonce: <Buffer 1c e7 50 b4 20 98 ed e7>
switching to HANDSHAKE_1_SENT
disconnected from auth
Handler: secure connection with the server closed.
received session key handshake2!
client ret: [object Object]
server authenticated/authorized by solving nonce!
Handler: communication initialization succeeded
file data length: 1024
sending at Wed Mar 21 2018 17:13:57 GMT+0000 (UTC)
switching to IN_COMM
received secure communication message!
Received seqNum: 0
Handler: data received from server via secure communication
data1
Resp-actual/expected/ratio/ts: 18 18 1 1521652437761
Distribution protocol: TCP
Resp-actual/expected/ratio/ts: 18 19 0.9473684210526315 1521652496681
connected to auth! from local port 45560
received auth hello!
{ authId: 403, nonce: <Buffer a3 db f4 39 83 51 57 db> }
received session key response encrypted with distribution key
replyNonce in sessionKeyResp: <Buffer 27 b3 cd a3 03 f0 31 42>
auth nonce verified
received 1 keys
currentSessionKey: [object Object]
Status: Secure connection closed before starting a new connection.
Session protocol: TCP
chosen commSessionKey: 
{ id: 40301015,
  cipherKeyVal: <Buffer b3 d2 b2 9e e9 d6 9e f7 28 94 d8 1a 45 f2 5b 4d>,
  macKeyVal: <Buffer 00 dd ca 8c 7c 0a ea de 2d 09 fb 14 66 6f b8 18 76 b2 20 86 29 d5 1d 8b f3 69 2c 28 55 b9 71 4d>,
  absValidity: 2018-03-22T17:14:56.818Z,
  relValidity: 7200000 }
options
{ serverHost: '10.0.1.20',
  serverPort: 22100,
  sessionKey: 
   { id: 40301015,
     cipherKeyVal: <Buffer b3 d2 b2 9e e9 d6 9e f7 28 94 d8 1a 45 f2 5b 4d>,
     macKeyVal: <Buffer 00 dd ca 8c 7c 0a ea de 2d 09 fb 14 66 6f b8 18 76 b2 20 86 29 d5 1d 8b f3 69 2c 28 55 b9 71 4d>,
     absValidity: 2018-03-22T17:14:56.818Z,
     relValidity: 7200000 },
  sessionCryptoSpec: { cipher: 'AES-128-CBC', mac: 'SHA256' },
  sessionProtocol: 'TCP',
  handshakeTimeout: 50000 }
chosen nonce: <Buffer c1 d5 ef e2 b1 f3 2e ce>
switching to HANDSHAKE_1_SENT
disconnected from auth
Handler: secure connection with the server closed.
received session key handshake2!
client ret: [object Object]
server authenticated/authorized by solving nonce!
Handler: communication initialization succeeded
file data length: 1024
sending at Wed Mar 21 2018 17:14:57 GMT+0000 (UTC)
switching to IN_COMM
received secure communication message!
Received seqNum: 0
Handler: data received from server via secure communication
data1
Resp-actual/expected/ratio/ts: 19 19 1 1521652498033
Distribution protocol: TCP
Resp-actual/expected/ratio/ts: 19 20 0.95 1521652556700
connected to auth! from local port 45778
received auth hello!
{ authId: 403, nonce: <Buffer ad 40 40 93 74 77 08 80> }
received session key response encrypted with distribution key
replyNonce in sessionKeyResp: <Buffer 06 23 f7 6e 0b 7f 0e 6f>
auth nonce verified
received 1 keys
currentSessionKey: [object Object]
Status: Secure connection closed before starting a new connection.
Session protocol: TCP
chosen commSessionKey: 
{ id: 40301021,
  cipherKeyVal: <Buffer 37 3d ae 15 7c 59 42 fe 78 5e 41 3a 67 8b f7 65>,
  macKeyVal: <Buffer 23 68 a5 1d 8b 98 a1 ec 17 da 5a 5e c8 dc 8e 8b 25 d4 80 e4 4e 43 dd 2c 52 77 fe f2 01 e0 14 5e>,
  absValidity: 2018-03-22T17:15:56.840Z,
  relValidity: 7200000 }
options
{ serverHost: '10.0.1.20',
  serverPort: 22100,
  sessionKey: 
   { id: 40301021,
     cipherKeyVal: <Buffer 37 3d ae 15 7c 59 42 fe 78 5e 41 3a 67 8b f7 65>,
     macKeyVal: <Buffer 23 68 a5 1d 8b 98 a1 ec 17 da 5a 5e c8 dc 8e 8b 25 d4 80 e4 4e 43 dd 2c 52 77 fe f2 01 e0 14 5e>,
     absValidity: 2018-03-22T17:15:56.840Z,
     relValidity: 7200000 },
  sessionCryptoSpec: { cipher: 'AES-128-CBC', mac: 'SHA256' },
  sessionProtocol: 'TCP',
  handshakeTimeout: 50000 }
chosen nonce: <Buffer 9d cf e3 93 d9 45 5a 67>
switching to HANDSHAKE_1_SENT
disconnected from auth
Handler: secure connection with the server closed.
received session key handshake2!
client ret: [object Object]
server authenticated/authorized by solving nonce!
Handler: communication initialization succeeded
file data length: 1024
sending at Wed Mar 21 2018 17:15:57 GMT+0000 (UTC)
switching to IN_COMM
received secure communication message!
Received seqNum: 0
Handler: data received from server via secure communication
data1
Resp-actual/expected/ratio/ts: 20 20 1 1521652557992
Distribution protocol: TCP
Resp-actual/expected/ratio/ts: 20 21 0.9523809523809523 1521652616757
connected to auth! from local port 45996
received auth hello!
{ authId: 403, nonce: <Buffer 06 51 0a e3 ac 81 7c a4> }
received session key response encrypted with distribution key
replyNonce in sessionKeyResp: <Buffer d9 5b 9c 16 57 77 f1 4e>
auth nonce verified
received 1 keys
currentSessionKey: [object Object]
Status: Secure connection closed before starting a new connection.
Session protocol: TCP
chosen commSessionKey: 
{ id: 40301027,
  cipherKeyVal: <Buffer 96 cb 7b e3 37 5a 56 f0 b5 76 a7 9e 3c f6 8c 5e>,
  macKeyVal: <Buffer f5 04 15 86 70 1e 2e 0c 68 c8 a0 d5 c9 a8 35 d3 d8 af a9 77 41 49 0d 81 d6 24 1e 55 ee 69 ad e2>,
  absValidity: 2018-03-22T17:16:56.891Z,
  relValidity: 7200000 }
options
{ serverHost: '10.0.1.20',
  serverPort: 22100,
  sessionKey: 
   { id: 40301027,
     cipherKeyVal: <Buffer 96 cb 7b e3 37 5a 56 f0 b5 76 a7 9e 3c f6 8c 5e>,
     macKeyVal: <Buffer f5 04 15 86 70 1e 2e 0c 68 c8 a0 d5 c9 a8 35 d3 d8 af a9 77 41 49 0d 81 d6 24 1e 55 ee 69 ad e2>,
     absValidity: 2018-03-22T17:16:56.891Z,
     relValidity: 7200000 },
  sessionCryptoSpec: { cipher: 'AES-128-CBC', mac: 'SHA256' },
  sessionProtocol: 'TCP',
  handshakeTimeout: 50000 }
chosen nonce: <Buffer f7 14 1f 94 c6 50 8b 8d>
switching to HANDSHAKE_1_SENT
disconnected from auth
Handler: secure connection with the server closed.
received session key handshake2!
client ret: [object Object]
server authenticated/authorized by solving nonce!
Handler: communication initialization succeeded
file data length: 1024
sending at Wed Mar 21 2018 17:16:57 GMT+0000 (UTC)
switching to IN_COMM
received secure communication message!
Received seqNum: 0
Handler: data received from server via secure communication
data1
Resp-actual/expected/ratio/ts: 21 21 1 1521652618036
Distribution protocol: TCP
Resp-actual/expected/ratio/ts: 21 22 0.9545454545454546 1521652676804
connected to auth! from local port 46214
received auth hello!
{ authId: 403, nonce: <Buffer 9e c9 7f 37 ff 97 f1 da> }
received session key response encrypted with distribution key
replyNonce in sessionKeyResp: <Buffer eb 13 ff 52 4a c9 31 45>
auth nonce verified
received 1 keys
currentSessionKey: [object Object]
Status: Secure connection closed before starting a new connection.
Session protocol: TCP
chosen commSessionKey: 
{ id: 40301033,
  cipherKeyVal: <Buffer 7d df 4a 5c b1 24 6b 1c e8 00 41 18 9a 9f 89 15>,
  macKeyVal: <Buffer 08 40 fc 4c fe 98 27 d4 13 06 d7 81 06 4e 1f 1b 11 4a bc f4 47 fb d1 2a a9 3d 04 cf fd 4c 13 cf>,
  absValidity: 2018-03-22T17:17:56.948Z,
  relValidity: 7200000 }
options
{ serverHost: '10.0.1.20',
  serverPort: 22100,
  sessionKey: 
   { id: 40301033,
     cipherKeyVal: <Buffer 7d df 4a 5c b1 24 6b 1c e8 00 41 18 9a 9f 89 15>,
     macKeyVal: <Buffer 08 40 fc 4c fe 98 27 d4 13 06 d7 81 06 4e 1f 1b 11 4a bc f4 47 fb d1 2a a9 3d 04 cf fd 4c 13 cf>,
     absValidity: 2018-03-22T17:17:56.948Z,
     relValidity: 7200000 },
  sessionCryptoSpec: { cipher: 'AES-128-CBC', mac: 'SHA256' },
  sessionProtocol: 'TCP',
  handshakeTimeout: 50000 }
chosen nonce: <Buffer 4c 2b 96 04 56 d0 2c d2>
switching to HANDSHAKE_1_SENT
disconnected from auth
Handler: secure connection with the server closed.
received session key handshake2!
client ret: [object Object]
server authenticated/authorized by solving nonce!
Handler: communication initialization succeeded
file data length: 1024
sending at Wed Mar 21 2018 17:17:57 GMT+0000 (UTC)
switching to IN_COMM
received secure communication message!
Received seqNum: 0
Handler: data received from server via secure communication
data1
Resp-actual/expected/ratio/ts: 22 22 1 1521652678167
Distribution protocol: TCP
Resp-actual/expected/ratio/ts: 22 23 0.9565217391304348 1521652736846
connected to auth! from local port 46432
received auth hello!
{ authId: 403, nonce: <Buffer cb ac 61 5f 3b e7 80 59> }
received session key response encrypted with distribution key
replyNonce in sessionKeyResp: <Buffer e2 aa 20 61 22 88 d3 bf>
auth nonce verified
received 1 keys
currentSessionKey: [object Object]
Status: Secure connection closed before starting a new connection.
Session protocol: TCP
chosen commSessionKey: 
{ id: 40301039,
  cipherKeyVal: <Buffer 5e 17 3f 36 d6 56 58 93 a2 fd 5e 77 35 fd bf 64>,
  macKeyVal: <Buffer 69 62 45 3b ad ab 55 9e fb 01 15 75 80 f2 67 64 ac a4 73 55 9a 44 3b d0 66 ee 50 d4 12 8d 07 90>,
  absValidity: 2018-03-22T17:18:56.974Z,
  relValidity: 7200000 }
options
{ serverHost: '10.0.1.20',
  serverPort: 22100,
  sessionKey: 
   { id: 40301039,
     cipherKeyVal: <Buffer 5e 17 3f 36 d6 56 58 93 a2 fd 5e 77 35 fd bf 64>,
     macKeyVal: <Buffer 69 62 45 3b ad ab 55 9e fb 01 15 75 80 f2 67 64 ac a4 73 55 9a 44 3b d0 66 ee 50 d4 12 8d 07 90>,
     absValidity: 2018-03-22T17:18:56.974Z,
     relValidity: 7200000 },
  sessionCryptoSpec: { cipher: 'AES-128-CBC', mac: 'SHA256' },
  sessionProtocol: 'TCP',
  handshakeTimeout: 50000 }
chosen nonce: <Buffer d0 80 31 a6 09 20 66 ae>
switching to HANDSHAKE_1_SENT
disconnected from auth
Handler: secure connection with the server closed.
received session key handshake2!
client ret: [object Object]
server authenticated/authorized by solving nonce!
Handler: communication initialization succeeded
file data length: 1024
sending at Wed Mar 21 2018 17:18:57 GMT+0000 (UTC)
switching to IN_COMM
received secure communication message!
Received seqNum: 0
Handler: data received from server via secure communication
data1
Resp-actual/expected/ratio/ts: 23 23 1 1521652738049
Distribution protocol: TCP
Resp-actual/expected/ratio/ts: 23 24 0.9583333333333334 1521652796906
connected to auth! from local port 46650
received auth hello!
{ authId: 403, nonce: <Buffer 78 19 c1 58 1d 07 d6 03> }
received session key response encrypted with distribution key
replyNonce in sessionKeyResp: <Buffer 92 82 60 dc 32 b7 3d f1>
auth nonce verified
received 1 keys
currentSessionKey: [object Object]
Status: Secure connection closed before starting a new connection.
Session protocol: TCP
chosen commSessionKey: 
{ id: 40301045,
  cipherKeyVal: <Buffer 80 4f ea 0e f7 0d 37 38 56 be 97 13 28 23 73 e7>,
  macKeyVal: <Buffer b5 36 a0 86 ac 6d e7 b1 43 30 90 18 65 3c 0e 23 b7 db 4a 78 c2 ab a2 e0 db b0 ff f1 2a d0 54 3c>,
  absValidity: 2018-03-22T17:19:57.038Z,
  relValidity: 7200000 }
options
{ serverHost: '10.0.1.20',
  serverPort: 22100,
  sessionKey: 
   { id: 40301045,
     cipherKeyVal: <Buffer 80 4f ea 0e f7 0d 37 38 56 be 97 13 28 23 73 e7>,
     macKeyVal: <Buffer b5 36 a0 86 ac 6d e7 b1 43 30 90 18 65 3c 0e 23 b7 db 4a 78 c2 ab a2 e0 db b0 ff f1 2a d0 54 3c>,
     absValidity: 2018-03-22T17:19:57.038Z,
     relValidity: 7200000 },
  sessionCryptoSpec: { cipher: 'AES-128-CBC', mac: 'SHA256' },
  sessionProtocol: 'TCP',
  handshakeTimeout: 50000 }
chosen nonce: <Buffer 57 d1 95 79 6d 9f 9b 08>
switching to HANDSHAKE_1_SENT
disconnected from auth
Handler: secure connection with the server closed.
received session key handshake2!
client ret: [object Object]
server authenticated/authorized by solving nonce!
Handler: communication initialization succeeded
file data length: 1024
sending at Wed Mar 21 2018 17:19:57 GMT+0000 (UTC)
switching to IN_COMM
received secure communication message!
Received seqNum: 0
Handler: data received from server via secure communication
data1
Resp-actual/expected/ratio/ts: 24 24 1 1521652798227
Distribution protocol: TCP
Resp-actual/expected/ratio/ts: 24 25 0.96 1521652856965
connected to auth! from local port 46868
received auth hello!
{ authId: 403, nonce: <Buffer 3b f8 9c 1d 4a 81 85 a4> }
received session key response encrypted with distribution key
replyNonce in sessionKeyResp: <Buffer 13 6c 7b 09 0b c1 ab bd>
auth nonce verified
received 1 keys
currentSessionKey: [object Object]
Status: Secure connection closed before starting a new connection.
Session protocol: TCP
chosen commSessionKey: 
{ id: 40301051,
  cipherKeyVal: <Buffer 82 a0 e9 f7 bc 67 22 89 fc ee 5e dc c0 a4 ae c0>,
  macKeyVal: <Buffer a6 a1 ed ba 5d 87 f0 7e 8d 69 ac 91 93 0f 13 9c 06 f8 d7 a8 04 a3 73 ca 47 44 6a 5c ad 55 67 49>,
  absValidity: 2018-03-22T17:20:57.106Z,
  relValidity: 7200000 }
options
{ serverHost: '10.0.1.20',
  serverPort: 22100,
  sessionKey: 
   { id: 40301051,
     cipherKeyVal: <Buffer 82 a0 e9 f7 bc 67 22 89 fc ee 5e dc c0 a4 ae c0>,
     macKeyVal: <Buffer a6 a1 ed ba 5d 87 f0 7e 8d 69 ac 91 93 0f 13 9c 06 f8 d7 a8 04 a3 73 ca 47 44 6a 5c ad 55 67 49>,
     absValidity: 2018-03-22T17:20:57.106Z,
     relValidity: 7200000 },
  sessionCryptoSpec: { cipher: 'AES-128-CBC', mac: 'SHA256' },
  sessionProtocol: 'TCP',
  handshakeTimeout: 50000 }
chosen nonce: <Buffer cb 5c cf 56 3b 62 c2 9c>
switching to HANDSHAKE_1_SENT
disconnected from auth
Handler: secure connection with the server closed.
received session key handshake2!
client ret: [object Object]
server authenticated/authorized by solving nonce!
Handler: communication initialization succeeded
file data length: 1024
sending at Wed Mar 21 2018 17:20:57 GMT+0000 (UTC)
switching to IN_COMM
received secure communication message!
Received seqNum: 0
Handler: data received from server via secure communication
data1
Resp-actual/expected/ratio/ts: 25 25 1 1521652858220
Distribution protocol: TCP
Resp-actual/expected/ratio/ts: 25 26 0.9615384615384616 1521652917025
connected to auth! from local port 47086
received auth hello!
{ authId: 403, nonce: <Buffer a2 6e 04 5f 0b d6 97 d2> }
received session key response encrypted with distribution key
replyNonce in sessionKeyResp: <Buffer 5f 83 97 0a cc a8 21 ba>
auth nonce verified
received 1 keys
currentSessionKey: [object Object]
Status: Secure connection closed before starting a new connection.
Session protocol: TCP
chosen commSessionKey: 
{ id: 40301057,
  cipherKeyVal: <Buffer 1e 54 5f b0 12 22 eb e7 13 6d ce b5 19 0a ad 4a>,
  macKeyVal: <Buffer 94 11 2e ab e7 e9 2c 59 84 67 9a 48 1b ed 95 20 74 a0 e9 5f 88 b7 98 b0 e1 46 62 4f d5 31 bd 57>,
  absValidity: 2018-03-22T17:21:57.159Z,
  relValidity: 7200000 }
options
{ serverHost: '10.0.1.20',
  serverPort: 22100,
  sessionKey: 
   { id: 40301057,
     cipherKeyVal: <Buffer 1e 54 5f b0 12 22 eb e7 13 6d ce b5 19 0a ad 4a>,
     macKeyVal: <Buffer 94 11 2e ab e7 e9 2c 59 84 67 9a 48 1b ed 95 20 74 a0 e9 5f 88 b7 98 b0 e1 46 62 4f d5 31 bd 57>,
     absValidity: 2018-03-22T17:21:57.159Z,
     relValidity: 7200000 },
  sessionCryptoSpec: { cipher: 'AES-128-CBC', mac: 'SHA256' },
  sessionProtocol: 'TCP',
  handshakeTimeout: 50000 }
chosen nonce: <Buffer d8 e4 16 a7 85 13 46 76>
switching to HANDSHAKE_1_SENT
disconnected from auth
Handler: secure connection with the server closed.
received session key handshake2!
client ret: [object Object]
server authenticated/authorized by solving nonce!
Handler: communication initialization succeeded
file data length: 1024
sending at Wed Mar 21 2018 17:21:57 GMT+0000 (UTC)
switching to IN_COMM
received secure communication message!
Received seqNum: 0
Handler: data received from server via secure communication
data1
Resp-actual/expected/ratio/ts: 26 26 1 1521652918213
Distribution protocol: TCP
Resp-actual/expected/ratio/ts: 26 27 0.9629629629629629 1521652977083
connected to auth! from local port 47304
received auth hello!
{ authId: 403, nonce: <Buffer 5d 40 6d 70 89 56 e6 0c> }
received session key response encrypted with distribution key
replyNonce in sessionKeyResp: <Buffer 3c 8b 24 44 73 e9 60 b0>
auth nonce verified
received 1 keys
currentSessionKey: [object Object]
Status: Secure connection closed before starting a new connection.
Session protocol: TCP
chosen commSessionKey: 
{ id: 40301063,
  cipherKeyVal: <Buffer 9e 06 e8 d5 8e d7 b3 37 0b cf 1d 0d 1c 4e ed 2a>,
  macKeyVal: <Buffer 38 f2 40 44 18 74 ef d0 75 30 fb df c0 82 31 ca dd 17 02 3b 36 20 77 99 5c ef 43 2f ba 49 ea 55>,
  absValidity: 2018-03-22T17:22:57.218Z,
  relValidity: 7200000 }
options
{ serverHost: '10.0.1.20',
  serverPort: 22100,
  sessionKey: 
   { id: 40301063,
     cipherKeyVal: <Buffer 9e 06 e8 d5 8e d7 b3 37 0b cf 1d 0d 1c 4e ed 2a>,
     macKeyVal: <Buffer 38 f2 40 44 18 74 ef d0 75 30 fb df c0 82 31 ca dd 17 02 3b 36 20 77 99 5c ef 43 2f ba 49 ea 55>,
     absValidity: 2018-03-22T17:22:57.218Z,
     relValidity: 7200000 },
  sessionCryptoSpec: { cipher: 'AES-128-CBC', mac: 'SHA256' },
  sessionProtocol: 'TCP',
  handshakeTimeout: 50000 }
chosen nonce: <Buffer 12 e8 64 c2 1d a2 c5 7d>
switching to HANDSHAKE_1_SENT
disconnected from auth
Handler: secure connection with the server closed.
received session key handshake2!
client ret: [object Object]
server authenticated/authorized by solving nonce!
Handler: communication initialization succeeded
file data length: 1024
sending at Wed Mar 21 2018 17:22:57 GMT+0000 (UTC)
switching to IN_COMM
received secure communication message!
Received seqNum: 0
Handler: data received from server via secure communication
data1
Resp-actual/expected/ratio/ts: 27 27 1 1521652978157
Distribution protocol: TCP
Resp-actual/expected/ratio/ts: 27 28 0.9642857142857143 1521653037143
connected to auth! from local port 47522
received auth hello!
{ authId: 403, nonce: <Buffer 65 85 a9 2d 49 e2 84 37> }
received session key response encrypted with distribution key
replyNonce in sessionKeyResp: <Buffer 5c 0b 86 36 e1 48 ee 5a>
auth nonce verified
received 1 keys
currentSessionKey: [object Object]
Status: Secure connection closed before starting a new connection.
Session protocol: TCP
chosen commSessionKey: 
{ id: 40301069,
  cipherKeyVal: <Buffer ab 6e f1 54 ca 71 df b0 d1 82 78 cc 1c 0d 57 bb>,
  macKeyVal: <Buffer aa 9d c0 93 b0 b5 d9 bb 73 ae 30 b0 bb e2 5a 06 45 e2 f9 7f e8 fd 2b cd 02 a3 5f 85 eb 10 bf eb>,
  absValidity: 2018-03-22T17:23:57.298Z,
  relValidity: 7200000 }
options
{ serverHost: '10.0.1.20',
  serverPort: 22100,
  sessionKey: 
   { id: 40301069,
     cipherKeyVal: <Buffer ab 6e f1 54 ca 71 df b0 d1 82 78 cc 1c 0d 57 bb>,
     macKeyVal: <Buffer aa 9d c0 93 b0 b5 d9 bb 73 ae 30 b0 bb e2 5a 06 45 e2 f9 7f e8 fd 2b cd 02 a3 5f 85 eb 10 bf eb>,
     absValidity: 2018-03-22T17:23:57.298Z,
     relValidity: 7200000 },
  sessionCryptoSpec: { cipher: 'AES-128-CBC', mac: 'SHA256' },
  sessionProtocol: 'TCP',
  handshakeTimeout: 50000 }
chosen nonce: <Buffer 09 9e 6a b7 ca 6a 83 fb>
switching to HANDSHAKE_1_SENT
disconnected from auth
Handler: secure connection with the server closed.
received session key handshake2!
client ret: [object Object]
server authenticated/authorized by solving nonce!
Handler: communication initialization succeeded
file data length: 1024
sending at Wed Mar 21 2018 17:23:57 GMT+0000 (UTC)
switching to IN_COMM
received secure communication message!
Received seqNum: 0
Handler: data received from server via secure communication
data1
Resp-actual/expected/ratio/ts: 28 28 1 1521653038540
