changing working directory to: /home/hokeunkim/Development/iotauth/entity/node/example_entities
loading from config file: /home/hokeunkim/Development/iotauth_experiments/experiments/ccs2017/expOptions/expEntity.option
Experimental options for autoClient: { autoSendPeriod: 60000,
  useSameSessionKeyCount: 1,
  connectionTimeout: 50000,
  migrationEnabled: true,
  authFailureThreshold: 2,
  migrationFailureThreshold: 2 }
loading from config file: /home/hokeunkim/Development/iotauth/entity/node/example_entities/configs/Clients/c417.config
initializing...
current parameters: { numKeysPerRequest: 3,
  migrationEnabled: false,
  authFailureThreshold: 3,
  migrationFailureThreshold: 3 }
current parameters: { numKeysPerRequest: 1,
  migrationEnabled: false,
  authFailureThreshold: 3,
  migrationFailureThreshold: 3 }
current parameters: { numKeysPerRequest: 1,
  migrationEnabled: true,
  authFailureThreshold: 3,
  migrationFailureThreshold: 3 }
current parameters: { numKeysPerRequest: 1,
  migrationEnabled: true,
  authFailureThreshold: 2,
  migrationFailureThreshold: 3 }
current parameters: { numKeysPerRequest: 1,
  migrationEnabled: true,
  authFailureThreshold: 2,
  migrationFailureThreshold: 2 }
current entityInfo: { name: 'c417',
  group: 'Clients',
  distProtocol: 'TCP',
  usePermanentDistKey: false,
  connectionTimeout: 50000,
  privateKey: <Buffer 2d 2d 2d 2d 2d 42 45 47 49 4e 20 52 53 41 20 50 52 49 56 41 54 45 20 4b 45 59 2d 2d 2d 2d 2d 0a 4d 49 49 45 6f 77 49 42 41 41 4b 43 41 51 45 41 76 33 ... > }
Distribution protocol: TCP
Resp-actual/expected/ratio/ts: 0 1 0 1521569571970
connected to auth! from local port 37886
received auth hello!
{ authId: 403, nonce: <Buffer 84 6c 67 f0 35 c9 58 6c> }
received session key response with distribution key attached!
auth signature verified
replyNonce in sessionKeyResp: <Buffer 32 59 82 e0 ac 33 73 aa>
auth nonce verified
handleSessionKeyResp: session key request succeeded! authFailureCount: 0
updating distribution key: { cipherKeyVal: <Buffer 72 0a 8f a1 3b 06 9a 53 86 f7 47 1b d1 3a 92 2a>,
  macKeyVal: <Buffer 07 79 d7 f9 bc 19 c3 2e b6 35 40 42 fd fd 56 e5 ac 1e 07 1b 6f d8 bb 36 2e 79 12 a4 81 22 21 04>,
  absValidity: 2018-03-20T19:12:52.137Z }
received 1 keys
currentSessionKey: [object Object]
Session protocol: TCP
chosen commSessionKey: 
{ id: 40300171,
  cipherKeyVal: <Buffer bb 79 93 c8 50 c8 8a 35 a3 35 64 a3 9b 54 98 1e>,
  macKeyVal: <Buffer 98 17 69 ea 68 d0 d4 11 6e 47 a3 54 e1 f7 5f 4c 34 ab 7a ba 94 8e 01 ac 96 5c 62 c6 a1 61 c7 fd>,
  absValidity: 2018-03-21T18:12:52.137Z,
  relValidity: 7200000 }
options
{ serverHost: '10.0.1.22',
  serverPort: 22100,
  sessionKey: 
   { id: 40300171,
     cipherKeyVal: <Buffer bb 79 93 c8 50 c8 8a 35 a3 35 64 a3 9b 54 98 1e>,
     macKeyVal: <Buffer 98 17 69 ea 68 d0 d4 11 6e 47 a3 54 e1 f7 5f 4c 34 ab 7a ba 94 8e 01 ac 96 5c 62 c6 a1 61 c7 fd>,
     absValidity: 2018-03-21T18:12:52.137Z,
     relValidity: 7200000 },
  sessionCryptoSpec: { cipher: 'AES-128-CBC', mac: 'SHA256' },
  sessionProtocol: 'TCP',
  handshakeTimeout: 50000 }
disconnected from auth
chosen nonce: <Buffer 80 72 79 f4 47 ed 98 c6>
switching to HANDSHAKE_1_SENT
received session key handshake2!
client ret: [object Object]
server authenticated/authorized by solving nonce!
Handler: communication initialization succeeded
file data length: 1024
sending at Tue Mar 20 2018 18:12:53 GMT+0000 (UTC)
switching to IN_COMM
received secure communication message!
Received seqNum: 0
Handler: data received from server via secure communication
data1
Resp-actual/expected/ratio/ts: 1 1 1 1521569573802
Distribution protocol: TCP
Resp-actual/expected/ratio/ts: 1 2 0.5 1521569632029
connected to auth! from local port 38094
received auth hello!
{ authId: 403, nonce: <Buffer da c4 5e f4 e8 8e 93 35> }
received session key response encrypted with distribution key
replyNonce in sessionKeyResp: <Buffer 21 3b 0d 97 e8 58 a7 cf>
auth nonce verified
handleSessionKeyResp: session key request succeeded! authFailureCount: 0
received 1 keys
currentSessionKey: [object Object]
Status: Secure connection closed before starting a new connection.
Session protocol: TCP
chosen commSessionKey: 
{ id: 40300177,
  cipherKeyVal: <Buffer da 2d 63 b1 33 01 8c 44 c5 a2 b2 56 57 13 60 38>,
  macKeyVal: <Buffer 10 f2 9e 49 51 27 7e b0 1a ef 61 84 df cf 5f b3 0d 31 21 f5 f7 f2 f9 36 21 4d 3d 05 29 f7 09 fc>,
  absValidity: 2018-03-21T18:13:52.280Z,
  relValidity: 7200000 }
options
{ serverHost: '10.0.1.22',
  serverPort: 22100,
  sessionKey: 
   { id: 40300177,
     cipherKeyVal: <Buffer da 2d 63 b1 33 01 8c 44 c5 a2 b2 56 57 13 60 38>,
     macKeyVal: <Buffer 10 f2 9e 49 51 27 7e b0 1a ef 61 84 df cf 5f b3 0d 31 21 f5 f7 f2 f9 36 21 4d 3d 05 29 f7 09 fc>,
     absValidity: 2018-03-21T18:13:52.280Z,
     relValidity: 7200000 },
  sessionCryptoSpec: { cipher: 'AES-128-CBC', mac: 'SHA256' },
  sessionProtocol: 'TCP',
  handshakeTimeout: 50000 }
chosen nonce: <Buffer 86 75 01 17 74 5c df 4f>
switching to HANDSHAKE_1_SENT
disconnected from auth
Handler: secure connection with the server closed.
received session key handshake2!
client ret: [object Object]
server authenticated/authorized by solving nonce!
Handler: communication initialization succeeded
file data length: 1024
sending at Tue Mar 20 2018 18:13:53 GMT+0000 (UTC)
switching to IN_COMM
received secure communication message!
Received seqNum: 0
Handler: data received from server via secure communication
data1
Resp-actual/expected/ratio/ts: 2 2 1 1521569633778
Distribution protocol: TCP
Resp-actual/expected/ratio/ts: 2 3 0.6666666666666666 1521569692085
connected to auth! from local port 38364
received auth hello!
{ authId: 403, nonce: <Buffer 55 de df 04 3e b5 0c 45> }
received session key response encrypted with distribution key
replyNonce in sessionKeyResp: <Buffer 2e 76 ae 92 50 3d 39 96>
auth nonce verified
handleSessionKeyResp: session key request succeeded! authFailureCount: 0
received 1 keys
currentSessionKey: [object Object]
Status: Secure connection closed before starting a new connection.
Session protocol: TCP
chosen commSessionKey: 
{ id: 40300183,
  cipherKeyVal: <Buffer 64 41 45 ef 8f 7e f1 11 64 34 bb 3f 26 68 a9 0d>,
  macKeyVal: <Buffer 71 40 2c d1 d4 5c d7 8c 61 8f fb 9e e2 8b 25 63 b7 c5 3b 06 8f 9c 4e ec 21 42 00 73 df 8f 29 a1>,
  absValidity: 2018-03-21T18:14:52.327Z,
  relValidity: 7200000 }
options
{ serverHost: '10.0.1.22',
  serverPort: 22100,
  sessionKey: 
   { id: 40300183,
     cipherKeyVal: <Buffer 64 41 45 ef 8f 7e f1 11 64 34 bb 3f 26 68 a9 0d>,
     macKeyVal: <Buffer 71 40 2c d1 d4 5c d7 8c 61 8f fb 9e e2 8b 25 63 b7 c5 3b 06 8f 9c 4e ec 21 42 00 73 df 8f 29 a1>,
     absValidity: 2018-03-21T18:14:52.327Z,
     relValidity: 7200000 },
  sessionCryptoSpec: { cipher: 'AES-128-CBC', mac: 'SHA256' },
  sessionProtocol: 'TCP',
  handshakeTimeout: 50000 }
chosen nonce: <Buffer d2 2c 59 03 82 78 90 93>
switching to HANDSHAKE_1_SENT
disconnected from auth
Handler: secure connection with the server closed.
received session key handshake2!
client ret: [object Object]
server authenticated/authorized by solving nonce!
Handler: communication initialization succeeded
file data length: 1024
sending at Tue Mar 20 2018 18:14:53 GMT+0000 (UTC)
switching to IN_COMM
received secure communication message!
Received seqNum: 0
Handler: data received from server via secure communication
data1
Resp-actual/expected/ratio/ts: 3 3 1 1521569693813
Distribution protocol: TCP
Resp-actual/expected/ratio/ts: 3 4 0.75 1521569752145
connected to auth! from local port 38634
received auth hello!
{ authId: 403, nonce: <Buffer ca 34 3e 97 f6 e6 22 17> }
received session key response encrypted with distribution key
replyNonce in sessionKeyResp: <Buffer 71 33 8e bb 58 40 bf e2>
auth nonce verified
handleSessionKeyResp: session key request succeeded! authFailureCount: 0
received 1 keys
currentSessionKey: [object Object]
Status: Secure connection closed before starting a new connection.
Session protocol: TCP
chosen commSessionKey: 
{ id: 40300189,
  cipherKeyVal: <Buffer 4d 85 08 6c 1a e3 72 bb 4a 6d 2d 08 c4 7b a2 a3>,
  macKeyVal: <Buffer 8e 74 1c d8 b9 6d 2e 35 22 e8 80 e5 c9 51 11 4d c3 62 38 30 db c0 31 00 de 91 24 ec 24 89 3e e3>,
  absValidity: 2018-03-21T18:15:52.418Z,
  relValidity: 7200000 }
options
{ serverHost: '10.0.1.22',
  serverPort: 22100,
  sessionKey: 
   { id: 40300189,
     cipherKeyVal: <Buffer 4d 85 08 6c 1a e3 72 bb 4a 6d 2d 08 c4 7b a2 a3>,
     macKeyVal: <Buffer 8e 74 1c d8 b9 6d 2e 35 22 e8 80 e5 c9 51 11 4d c3 62 38 30 db c0 31 00 de 91 24 ec 24 89 3e e3>,
     absValidity: 2018-03-21T18:15:52.418Z,
     relValidity: 7200000 },
  sessionCryptoSpec: { cipher: 'AES-128-CBC', mac: 'SHA256' },
  sessionProtocol: 'TCP',
  handshakeTimeout: 50000 }
chosen nonce: <Buffer b2 45 91 79 23 22 1f bb>
switching to HANDSHAKE_1_SENT
disconnected from auth
Handler: secure connection with the server closed.
received session key handshake2!
client ret: [object Object]
server authenticated/authorized by solving nonce!
Handler: communication initialization succeeded
file data length: 1024
sending at Tue Mar 20 2018 18:15:53 GMT+0000 (UTC)
switching to IN_COMM
received secure communication message!
Received seqNum: 0
Handler: data received from server via secure communication
data1
Resp-actual/expected/ratio/ts: 4 4 1 1521569753820
Distribution protocol: TCP
Resp-actual/expected/ratio/ts: 4 5 0.8 1521569812192
connected to auth! from local port 38904
received auth hello!
{ authId: 403, nonce: <Buffer a7 3c 96 64 db b1 04 60> }
received session key response encrypted with distribution key
replyNonce in sessionKeyResp: <Buffer 18 b1 c6 7d 2f e5 52 37>
auth nonce verified
handleSessionKeyResp: session key request succeeded! authFailureCount: 0
received 1 keys
currentSessionKey: [object Object]
Status: Secure connection closed before starting a new connection.
Session protocol: TCP
chosen commSessionKey: 
{ id: 40300195,
  cipherKeyVal: <Buffer 78 a0 67 f4 2f 72 4c 99 37 97 fc cc a1 60 bc 69>,
  macKeyVal: <Buffer 24 fb 3b 40 05 ca ae d6 1b 0c 79 0f 6d 6f 66 16 99 ea 41 3d 48 84 db 40 d9 8f 4e c3 14 83 6d 6c>,
  absValidity: 2018-03-21T18:16:52.449Z,
  relValidity: 7200000 }
options
{ serverHost: '10.0.1.22',
  serverPort: 22100,
  sessionKey: 
   { id: 40300195,
     cipherKeyVal: <Buffer 78 a0 67 f4 2f 72 4c 99 37 97 fc cc a1 60 bc 69>,
     macKeyVal: <Buffer 24 fb 3b 40 05 ca ae d6 1b 0c 79 0f 6d 6f 66 16 99 ea 41 3d 48 84 db 40 d9 8f 4e c3 14 83 6d 6c>,
     absValidity: 2018-03-21T18:16:52.449Z,
     relValidity: 7200000 },
  sessionCryptoSpec: { cipher: 'AES-128-CBC', mac: 'SHA256' },
  sessionProtocol: 'TCP',
  handshakeTimeout: 50000 }
chosen nonce: <Buffer 74 f6 b0 75 b5 d3 5a ef>
switching to HANDSHAKE_1_SENT
disconnected from auth
Handler: secure connection with the server closed.
received session key handshake2!
client ret: [object Object]
server authenticated/authorized by solving nonce!
Handler: communication initialization succeeded
file data length: 1024
sending at Tue Mar 20 2018 18:16:53 GMT+0000 (UTC)
switching to IN_COMM
received secure communication message!
Received seqNum: 0
Handler: data received from server via secure communication
data1
Resp-actual/expected/ratio/ts: 5 5 1 1521569813927
Distribution protocol: TCP
Resp-actual/expected/ratio/ts: 5 6 0.8333333333333334 1521569872250
connected to auth! from local port 39174
received auth hello!
{ authId: 403, nonce: <Buffer 0f 3b 44 88 a5 c9 9c f0> }
received session key response encrypted with distribution key
replyNonce in sessionKeyResp: <Buffer 7c 99 f0 63 63 e9 67 53>
auth nonce verified
handleSessionKeyResp: session key request succeeded! authFailureCount: 0
received 1 keys
currentSessionKey: [object Object]
Status: Secure connection closed before starting a new connection.
Session protocol: TCP
chosen commSessionKey: 
{ id: 40300201,
  cipherKeyVal: <Buffer a2 99 5a 99 7e 5a 07 25 43 14 86 e7 71 f5 ad 6f>,
  macKeyVal: <Buffer d0 91 72 10 56 92 94 30 cf df bf 09 d7 0f 75 70 87 80 5a 09 84 ab f1 9a 58 03 58 19 dd 41 6c 15>,
  absValidity: 2018-03-21T18:17:52.434Z,
  relValidity: 7200000 }
options
{ serverHost: '10.0.1.22',
  serverPort: 22100,
  sessionKey: 
   { id: 40300201,
     cipherKeyVal: <Buffer a2 99 5a 99 7e 5a 07 25 43 14 86 e7 71 f5 ad 6f>,
     macKeyVal: <Buffer d0 91 72 10 56 92 94 30 cf df bf 09 d7 0f 75 70 87 80 5a 09 84 ab f1 9a 58 03 58 19 dd 41 6c 15>,
     absValidity: 2018-03-21T18:17:52.434Z,
     relValidity: 7200000 },
  sessionCryptoSpec: { cipher: 'AES-128-CBC', mac: 'SHA256' },
  sessionProtocol: 'TCP',
  handshakeTimeout: 50000 }
chosen nonce: <Buffer b1 98 f4 f6 84 3b 3d 7f>
switching to HANDSHAKE_1_SENT
disconnected from auth
Handler: secure connection with the server closed.
received session key handshake2!
client ret: [object Object]
server authenticated/authorized by solving nonce!
Handler: communication initialization succeeded
file data length: 1024
sending at Tue Mar 20 2018 18:17:53 GMT+0000 (UTC)
switching to IN_COMM
received secure communication message!
Received seqNum: 0
Handler: data received from server via secure communication
data1
Resp-actual/expected/ratio/ts: 6 6 1 1521569873930
Distribution protocol: TCP
Resp-actual/expected/ratio/ts: 6 7 0.8571428571428571 1521569932308
connected to auth! from local port 39444
received auth hello!
{ authId: 403, nonce: <Buffer 3b 73 f0 61 2b b2 52 d1> }
received session key response encrypted with distribution key
replyNonce in sessionKeyResp: <Buffer ef bc aa 0a 44 6c cc 8f>
auth nonce verified
handleSessionKeyResp: session key request succeeded! authFailureCount: 0
received 1 keys
currentSessionKey: [object Object]
Status: Secure connection closed before starting a new connection.
Session protocol: TCP
chosen commSessionKey: 
{ id: 40300207,
  cipherKeyVal: <Buffer 84 fe 0f 45 a6 27 95 b5 85 a9 bb 82 0a 0e ba d6>,
  macKeyVal: <Buffer 65 6d e1 1b 64 aa b3 80 11 25 fd 31 c3 06 ea 9e a4 6c fd e6 d4 9c 90 a0 7f 29 3f 93 01 74 2a dd>,
  absValidity: 2018-03-21T18:18:52.478Z,
  relValidity: 7200000 }
options
{ serverHost: '10.0.1.22',
  serverPort: 22100,
  sessionKey: 
   { id: 40300207,
     cipherKeyVal: <Buffer 84 fe 0f 45 a6 27 95 b5 85 a9 bb 82 0a 0e ba d6>,
     macKeyVal: <Buffer 65 6d e1 1b 64 aa b3 80 11 25 fd 31 c3 06 ea 9e a4 6c fd e6 d4 9c 90 a0 7f 29 3f 93 01 74 2a dd>,
     absValidity: 2018-03-21T18:18:52.478Z,
     relValidity: 7200000 },
  sessionCryptoSpec: { cipher: 'AES-128-CBC', mac: 'SHA256' },
  sessionProtocol: 'TCP',
  handshakeTimeout: 50000 }
chosen nonce: <Buffer cd 78 ac 7c c1 14 65 14>
switching to HANDSHAKE_1_SENT
Handler: secure connection with the server closed.
disconnected from auth
received session key handshake2!
client ret: [object Object]
server authenticated/authorized by solving nonce!
Handler: communication initialization succeeded
file data length: 1024
sending at Tue Mar 20 2018 18:18:53 GMT+0000 (UTC)
switching to IN_COMM
received secure communication message!
Received seqNum: 0
Handler: data received from server via secure communication
data1
Resp-actual/expected/ratio/ts: 7 7 1 1521569933992
Distribution protocol: TCP
Resp-actual/expected/ratio/ts: 7 8 0.875 1521569992365
connected to auth! from local port 39706
received auth hello!
{ authId: 403, nonce: <Buffer 22 57 b3 00 91 b7 99 05> }
received session key response encrypted with distribution key
replyNonce in sessionKeyResp: <Buffer c2 36 0b fd e1 12 4c 97>
auth nonce verified
handleSessionKeyResp: session key request succeeded! authFailureCount: 0
received 1 keys
currentSessionKey: [object Object]
Status: Secure connection closed before starting a new connection.
Session protocol: TCP
chosen commSessionKey: 
{ id: 40300213,
  cipherKeyVal: <Buffer 12 2f 21 fc 45 bc 4a 3c 79 08 97 1d 6d 96 a2 05>,
  macKeyVal: <Buffer a0 5e 63 9a a2 bb 58 09 b4 f5 20 d6 a7 a1 cd ae 90 b6 c1 7f 0e 1e 5c ff 43 89 e3 a9 06 66 72 7e>,
  absValidity: 2018-03-21T18:19:52.579Z,
  relValidity: 7200000 }
options
{ serverHost: '10.0.1.22',
  serverPort: 22100,
  sessionKey: 
   { id: 40300213,
     cipherKeyVal: <Buffer 12 2f 21 fc 45 bc 4a 3c 79 08 97 1d 6d 96 a2 05>,
     macKeyVal: <Buffer a0 5e 63 9a a2 bb 58 09 b4 f5 20 d6 a7 a1 cd ae 90 b6 c1 7f 0e 1e 5c ff 43 89 e3 a9 06 66 72 7e>,
     absValidity: 2018-03-21T18:19:52.579Z,
     relValidity: 7200000 },
  sessionCryptoSpec: { cipher: 'AES-128-CBC', mac: 'SHA256' },
  sessionProtocol: 'TCP',
  handshakeTimeout: 50000 }
chosen nonce: <Buffer 1a f5 38 85 87 7c 19 8f>
switching to HANDSHAKE_1_SENT
disconnected from auth
Handler: secure connection with the server closed.
received session key handshake2!
client ret: [object Object]
server authenticated/authorized by solving nonce!
Handler: communication initialization succeeded
file data length: 1024
sending at Tue Mar 20 2018 18:19:53 GMT+0000 (UTC)
switching to IN_COMM
received secure communication message!
Received seqNum: 0
Handler: data received from server via secure communication
data1
Resp-actual/expected/ratio/ts: 8 8 1 1521569994156
Distribution protocol: TCP
Resp-actual/expected/ratio/ts: 8 9 0.8888888888888888 1521570052421
connected to auth! from local port 39924
received auth hello!
{ authId: 403, nonce: <Buffer e0 de c6 8e ca 6e 9c 76> }
received session key response encrypted with distribution key
replyNonce in sessionKeyResp: <Buffer e7 b9 0d 1a 98 7d b9 a7>
auth nonce verified
handleSessionKeyResp: session key request succeeded! authFailureCount: 0
received 1 keys
currentSessionKey: [object Object]
Status: Secure connection closed before starting a new connection.
Session protocol: TCP
chosen commSessionKey: 
{ id: 40300219,
  cipherKeyVal: <Buffer 68 74 b3 f9 f5 4b 87 b5 80 5c 8d 1b a1 16 73 c5>,
  macKeyVal: <Buffer 55 67 9e a9 b0 22 62 5f 02 c7 85 65 34 88 fd 7e a2 a9 af 39 40 a4 30 70 a2 7f eb 64 40 8e cf 04>,
  absValidity: 2018-03-21T18:20:52.632Z,
  relValidity: 7200000 }
options
{ serverHost: '10.0.1.22',
  serverPort: 22100,
  sessionKey: 
   { id: 40300219,
     cipherKeyVal: <Buffer 68 74 b3 f9 f5 4b 87 b5 80 5c 8d 1b a1 16 73 c5>,
     macKeyVal: <Buffer 55 67 9e a9 b0 22 62 5f 02 c7 85 65 34 88 fd 7e a2 a9 af 39 40 a4 30 70 a2 7f eb 64 40 8e cf 04>,
     absValidity: 2018-03-21T18:20:52.632Z,
     relValidity: 7200000 },
  sessionCryptoSpec: { cipher: 'AES-128-CBC', mac: 'SHA256' },
  sessionProtocol: 'TCP',
  handshakeTimeout: 50000 }
chosen nonce: <Buffer 98 93 3b 99 25 a7 e7 87>
switching to HANDSHAKE_1_SENT
disconnected from auth
Handler: secure connection with the server closed.
received session key handshake2!
client ret: [object Object]
server authenticated/authorized by solving nonce!
Handler: communication initialization succeeded
file data length: 1024
sending at Tue Mar 20 2018 18:20:53 GMT+0000 (UTC)
switching to IN_COMM
received secure communication message!
Received seqNum: 0
Handler: data received from server via secure communication
data1
Resp-actual/expected/ratio/ts: 9 9 1 1521570054164
Distribution protocol: TCP
Resp-actual/expected/ratio/ts: 9 10 0.9 1521570112477
connected to auth! from local port 40166
received auth hello!
{ authId: 403, nonce: <Buffer b8 8f f3 f4 c4 72 6f b6> }
received session key response encrypted with distribution key
replyNonce in sessionKeyResp: <Buffer 5c 55 69 1d 86 ed 27 11>
auth nonce verified
handleSessionKeyResp: session key request succeeded! authFailureCount: 0
received 1 keys
currentSessionKey: [object Object]
Status: Secure connection closed before starting a new connection.
Session protocol: TCP
chosen commSessionKey: 
{ id: 40300225,
  cipherKeyVal: <Buffer f0 a4 3b 09 1e ea c2 59 39 86 0c 33 ab 88 34 96>,
  macKeyVal: <Buffer 3c aa 4c dc 12 ef 61 8d 43 1f 78 cd bb 10 cd 9a d7 95 13 8b 4f 7e b2 1b 10 f8 12 73 6c c6 1f c9>,
  absValidity: 2018-03-21T18:21:52.704Z,
  relValidity: 7200000 }
options
{ serverHost: '10.0.1.22',
  serverPort: 22100,
  sessionKey: 
   { id: 40300225,
     cipherKeyVal: <Buffer f0 a4 3b 09 1e ea c2 59 39 86 0c 33 ab 88 34 96>,
     macKeyVal: <Buffer 3c aa 4c dc 12 ef 61 8d 43 1f 78 cd bb 10 cd 9a d7 95 13 8b 4f 7e b2 1b 10 f8 12 73 6c c6 1f c9>,
     absValidity: 2018-03-21T18:21:52.704Z,
     relValidity: 7200000 },
  sessionCryptoSpec: { cipher: 'AES-128-CBC', mac: 'SHA256' },
  sessionProtocol: 'TCP',
  handshakeTimeout: 50000 }
chosen nonce: <Buffer 48 3b 3f d3 09 60 34 0c>
switching to HANDSHAKE_1_SENT
disconnected from auth
Handler: secure connection with the server closed.
received session key handshake2!
client ret: [object Object]
server authenticated/authorized by solving nonce!
Handler: communication initialization succeeded
file data length: 1024
sending at Tue Mar 20 2018 18:21:53 GMT+0000 (UTC)
switching to IN_COMM
received secure communication message!
Received seqNum: 0
Handler: data received from server via secure communication
data1
Resp-actual/expected/ratio/ts: 10 10 1 1521570114295
Distribution protocol: TCP
Resp-actual/expected/ratio/ts: 10 11 0.9090909090909091 1521570172528
connected to auth! from local port 40416
received auth hello!
{ authId: 403, nonce: <Buffer e6 1f 34 1b b4 14 9d 4c> }
received session key response encrypted with distribution key
replyNonce in sessionKeyResp: <Buffer d9 c9 86 78 81 45 1f 1d>
auth nonce verified
handleSessionKeyResp: session key request succeeded! authFailureCount: 0
received 1 keys
currentSessionKey: [object Object]
Status: Secure connection closed before starting a new connection.
Session protocol: TCP
chosen commSessionKey: 
{ id: 40300231,
  cipherKeyVal: <Buffer 85 fc 71 d8 50 45 51 ef 5f f5 dd f5 b4 22 7f a9>,
  macKeyVal: <Buffer 68 db 8c be f1 8e 57 96 e3 fa 0a b1 0e 7e f5 9a 52 39 3a f3 8b 7c 7a db e6 b2 cd 91 5b f3 bf 06>,
  absValidity: 2018-03-21T18:22:52.671Z,
  relValidity: 7200000 }
options
{ serverHost: '10.0.1.22',
  serverPort: 22100,
  sessionKey: 
   { id: 40300231,
     cipherKeyVal: <Buffer 85 fc 71 d8 50 45 51 ef 5f f5 dd f5 b4 22 7f a9>,
     macKeyVal: <Buffer 68 db 8c be f1 8e 57 96 e3 fa 0a b1 0e 7e f5 9a 52 39 3a f3 8b 7c 7a db e6 b2 cd 91 5b f3 bf 06>,
     absValidity: 2018-03-21T18:22:52.671Z,
     relValidity: 7200000 },
  sessionCryptoSpec: { cipher: 'AES-128-CBC', mac: 'SHA256' },
  sessionProtocol: 'TCP',
  handshakeTimeout: 50000 }
chosen nonce: <Buffer d4 5d a3 9b 4f 4a 47 26>
switching to HANDSHAKE_1_SENT
disconnected from auth
Handler: secure connection with the server closed.
received session key handshake2!
client ret: [object Object]
server authenticated/authorized by solving nonce!
Handler: communication initialization succeeded
file data length: 1024
sending at Tue Mar 20 2018 18:22:53 GMT+0000 (UTC)
switching to IN_COMM
received secure communication message!
Received seqNum: 0
Handler: data received from server via secure communication
data1
Resp-actual/expected/ratio/ts: 11 11 1 1521570174322
Distribution protocol: TCP
Resp-actual/expected/ratio/ts: 11 12 0.9166666666666666 1521570232540
connected to auth! from local port 40666
received auth hello!
{ authId: 403, nonce: <Buffer 6d bd bd fd a8 bc d6 9a> }
received session key response encrypted with distribution key
replyNonce in sessionKeyResp: <Buffer f2 de 37 9a 6d 6f 7c e6>
auth nonce verified
handleSessionKeyResp: session key request succeeded! authFailureCount: 0
received 1 keys
currentSessionKey: [object Object]
Status: Secure connection closed before starting a new connection.
Session protocol: TCP
chosen commSessionKey: 
{ id: 40300237,
  cipherKeyVal: <Buffer 2e 64 12 54 8c 59 1e 52 48 53 15 aa ff a9 b2 4a>,
  macKeyVal: <Buffer 05 67 b9 7b 91 3f 57 39 0a 8f 0a 4b c5 47 b2 62 2f 0e f1 72 27 04 15 96 43 b2 bd b9 68 34 47 3f>,
  absValidity: 2018-03-21T18:23:52.715Z,
  relValidity: 7200000 }
options
{ serverHost: '10.0.1.22',
  serverPort: 22100,
  sessionKey: 
   { id: 40300237,
     cipherKeyVal: <Buffer 2e 64 12 54 8c 59 1e 52 48 53 15 aa ff a9 b2 4a>,
     macKeyVal: <Buffer 05 67 b9 7b 91 3f 57 39 0a 8f 0a 4b c5 47 b2 62 2f 0e f1 72 27 04 15 96 43 b2 bd b9 68 34 47 3f>,
     absValidity: 2018-03-21T18:23:52.715Z,
     relValidity: 7200000 },
  sessionCryptoSpec: { cipher: 'AES-128-CBC', mac: 'SHA256' },
  sessionProtocol: 'TCP',
  handshakeTimeout: 50000 }
chosen nonce: <Buffer 12 30 c5 a2 2c c6 f2 72>
switching to HANDSHAKE_1_SENT
disconnected from auth
Handler: secure connection with the server closed.
received session key handshake2!
client ret: [object Object]
server authenticated/authorized by solving nonce!
Handler: communication initialization succeeded
file data length: 1024
sending at Tue Mar 20 2018 18:23:54 GMT+0000 (UTC)
switching to IN_COMM
received secure communication message!
Received seqNum: 0
Handler: data received from server via secure communication
data1
Resp-actual/expected/ratio/ts: 12 12 1 1521570234340
Distribution protocol: TCP
Resp-actual/expected/ratio/ts: 12 13 0.9230769230769231 1521570292597
connected to auth! from local port 40914
received auth hello!
{ authId: 403, nonce: <Buffer 93 27 0f 1b 9a f7 64 29> }
received session key response encrypted with distribution key
replyNonce in sessionKeyResp: <Buffer 9e 82 e4 f4 17 ab d0 47>
auth nonce verified
handleSessionKeyResp: session key request succeeded! authFailureCount: 0
received 1 keys
currentSessionKey: [object Object]
Status: Secure connection closed before starting a new connection.
Session protocol: TCP
chosen commSessionKey: 
{ id: 40300243,
  cipherKeyVal: <Buffer f5 5d 11 79 bf 08 34 89 e6 4d c4 11 9f 84 ce 00>,
  macKeyVal: <Buffer 6b 77 8d b7 46 85 3d ae f6 b4 e4 f7 12 ce 08 ca 10 58 e3 93 31 51 42 e7 21 00 17 d0 fb 01 82 35>,
  absValidity: 2018-03-21T18:24:52.776Z,
  relValidity: 7200000 }
options
{ serverHost: '10.0.1.22',
  serverPort: 22100,
  sessionKey: 
   { id: 40300243,
     cipherKeyVal: <Buffer f5 5d 11 79 bf 08 34 89 e6 4d c4 11 9f 84 ce 00>,
     macKeyVal: <Buffer 6b 77 8d b7 46 85 3d ae f6 b4 e4 f7 12 ce 08 ca 10 58 e3 93 31 51 42 e7 21 00 17 d0 fb 01 82 35>,
     absValidity: 2018-03-21T18:24:52.776Z,
     relValidity: 7200000 },
  sessionCryptoSpec: { cipher: 'AES-128-CBC', mac: 'SHA256' },
  sessionProtocol: 'TCP',
  handshakeTimeout: 50000 }
chosen nonce: <Buffer f3 59 bb 5a cb 3c 3e 93>
switching to HANDSHAKE_1_SENT
disconnected from auth
Handler: secure connection with the server closed.
received session key handshake2!
client ret: [object Object]
server authenticated/authorized by solving nonce!
Handler: communication initialization succeeded
file data length: 1024
sending at Tue Mar 20 2018 18:24:54 GMT+0000 (UTC)
switching to IN_COMM
received secure communication message!
Received seqNum: 0
Handler: data received from server via secure communication
data1
Resp-actual/expected/ratio/ts: 13 13 1 1521570294328
Distribution protocol: TCP
Resp-actual/expected/ratio/ts: 13 14 0.9285714285714286 1521570352636
connected to auth! from local port 41162
received auth hello!
{ authId: 403, nonce: <Buffer 6a 58 81 da 08 52 e4 3c> }
received session key response encrypted with distribution key
replyNonce in sessionKeyResp: <Buffer 0c 32 99 48 10 4c d6 b3>
auth nonce verified
handleSessionKeyResp: session key request succeeded! authFailureCount: 0
received 1 keys
currentSessionKey: [object Object]
Status: Secure connection closed before starting a new connection.
Session protocol: TCP
chosen commSessionKey: 
{ id: 40300249,
  cipherKeyVal: <Buffer 17 eb 1e 9b b2 3b a9 31 ac 44 3e 0b 38 24 df a7>,
  macKeyVal: <Buffer 31 0e c7 ec 72 94 0d dc 60 45 59 0b fa 23 1d 9f 3b 8c 7e 16 03 18 41 70 9d 8d 60 b9 a1 85 c4 34>,
  absValidity: 2018-03-21T18:25:52.802Z,
  relValidity: 7200000 }
options
{ serverHost: '10.0.1.22',
  serverPort: 22100,
  sessionKey: 
   { id: 40300249,
     cipherKeyVal: <Buffer 17 eb 1e 9b b2 3b a9 31 ac 44 3e 0b 38 24 df a7>,
     macKeyVal: <Buffer 31 0e c7 ec 72 94 0d dc 60 45 59 0b fa 23 1d 9f 3b 8c 7e 16 03 18 41 70 9d 8d 60 b9 a1 85 c4 34>,
     absValidity: 2018-03-21T18:25:52.802Z,
     relValidity: 7200000 },
  sessionCryptoSpec: { cipher: 'AES-128-CBC', mac: 'SHA256' },
  sessionProtocol: 'TCP',
  handshakeTimeout: 50000 }
chosen nonce: <Buffer f7 ad 52 3c 8b 2f 1f 51>
switching to HANDSHAKE_1_SENT
disconnected from auth
Handler: secure connection with the server closed.
received session key handshake2!
client ret: [object Object]
server authenticated/authorized by solving nonce!
Handler: communication initialization succeeded
file data length: 1024
sending at Tue Mar 20 2018 18:25:54 GMT+0000 (UTC)
switching to IN_COMM
received secure communication message!
Received seqNum: 0
Handler: data received from server via secure communication
data1
Resp-actual/expected/ratio/ts: 14 14 1 1521570354360
Distribution protocol: TCP
Resp-actual/expected/ratio/ts: 14 15 0.9333333333333333 1521570412676
connected to auth! from local port 41414
received auth hello!
{ authId: 403, nonce: <Buffer 2d 9d c8 2a 4d ed 9d 38> }
received session key response encrypted with distribution key
replyNonce in sessionKeyResp: <Buffer 0e 8b 0d e5 3d e0 33 38>
auth nonce verified
handleSessionKeyResp: session key request succeeded! authFailureCount: 0
received 1 keys
currentSessionKey: [object Object]
Status: Secure connection closed before starting a new connection.
Session protocol: TCP
chosen commSessionKey: 
{ id: 40300255,
  cipherKeyVal: <Buffer b7 24 4a 7e de e1 18 bd 53 bf b7 c4 7f 14 00 7c>,
  macKeyVal: <Buffer cc d1 15 b7 be 2b 97 34 dd 82 5a 87 37 ee f5 43 72 ad 30 2c 01 b2 38 ad 1f 70 f0 c9 a9 9c e1 b0>,
  absValidity: 2018-03-21T18:26:52.835Z,
  relValidity: 7200000 }
options
{ serverHost: '10.0.1.22',
  serverPort: 22100,
  sessionKey: 
   { id: 40300255,
     cipherKeyVal: <Buffer b7 24 4a 7e de e1 18 bd 53 bf b7 c4 7f 14 00 7c>,
     macKeyVal: <Buffer cc d1 15 b7 be 2b 97 34 dd 82 5a 87 37 ee f5 43 72 ad 30 2c 01 b2 38 ad 1f 70 f0 c9 a9 9c e1 b0>,
     absValidity: 2018-03-21T18:26:52.835Z,
     relValidity: 7200000 },
  sessionCryptoSpec: { cipher: 'AES-128-CBC', mac: 'SHA256' },
  sessionProtocol: 'TCP',
  handshakeTimeout: 50000 }
disconnected from auth
chosen nonce: <Buffer b3 c6 0b 3a e8 3e 69 7f>
switching to HANDSHAKE_1_SENT
Handler: secure connection with the server closed.
received session key handshake2!
client ret: [object Object]
server authenticated/authorized by solving nonce!
Handler: communication initialization succeeded
file data length: 1024
sending at Tue Mar 20 2018 18:26:54 GMT+0000 (UTC)
switching to IN_COMM
received secure communication message!
Received seqNum: 0
Handler: data received from server via secure communication
data1
Resp-actual/expected/ratio/ts: 15 15 1 1521570414462
Distribution protocol: TCP
Resp-actual/expected/ratio/ts: 15 16 0.9375 1521570472735
connected to auth! from local port 41662
received auth hello!
{ authId: 403, nonce: <Buffer 99 f4 30 19 dd f2 e0 c0> }
received session key response encrypted with distribution key
replyNonce in sessionKeyResp: <Buffer 4e 15 50 5b 25 de 24 40>
auth nonce verified
handleSessionKeyResp: session key request succeeded! authFailureCount: 0
received 1 keys
currentSessionKey: [object Object]
Status: Secure connection closed before starting a new connection.
Session protocol: TCP
chosen commSessionKey: 
{ id: 40300261,
  cipherKeyVal: <Buffer 3d 10 60 00 92 da e6 a3 fb 5e 08 83 9a ca 50 18>,
  macKeyVal: <Buffer 22 ab f6 73 d6 49 75 a1 b1 31 89 e9 8c 25 ec 96 42 42 5d fe e0 b1 84 ec 9d c4 bf 7b 37 7e 53 18>,
  absValidity: 2018-03-21T18:27:53.574Z,
  relValidity: 7200000 }
options
{ serverHost: '10.0.1.22',
  serverPort: 22100,
  sessionKey: 
   { id: 40300261,
     cipherKeyVal: <Buffer 3d 10 60 00 92 da e6 a3 fb 5e 08 83 9a ca 50 18>,
     macKeyVal: <Buffer 22 ab f6 73 d6 49 75 a1 b1 31 89 e9 8c 25 ec 96 42 42 5d fe e0 b1 84 ec 9d c4 bf 7b 37 7e 53 18>,
     absValidity: 2018-03-21T18:27:53.574Z,
     relValidity: 7200000 },
  sessionCryptoSpec: { cipher: 'AES-128-CBC', mac: 'SHA256' },
  sessionProtocol: 'TCP',
  handshakeTimeout: 50000 }
chosen nonce: <Buffer 69 8a 3a 6b 9a 56 e4 49>
switching to HANDSHAKE_1_SENT
disconnected from auth
Handler: secure connection with the server closed.
received session key handshake2!
client ret: [object Object]
server authenticated/authorized by solving nonce!
Handler: communication initialization succeeded
file data length: 1024
sending at Tue Mar 20 2018 18:27:55 GMT+0000 (UTC)
switching to IN_COMM
received secure communication message!
Received seqNum: 0
Handler: data received from server via secure communication
data1
Resp-actual/expected/ratio/ts: 16 16 1 1521570475957
Distribution protocol: TCP
Resp-actual/expected/ratio/ts: 16 17 0.9411764705882353 1521570532775
connected to auth! from local port 41922
received auth hello!
{ authId: 403, nonce: <Buffer 19 44 e1 0f 44 f5 f6 9d> }
received session key response encrypted with distribution key
replyNonce in sessionKeyResp: <Buffer 3f 98 81 55 27 f1 c4 72>
auth nonce verified
handleSessionKeyResp: session key request succeeded! authFailureCount: 0
received 1 keys
currentSessionKey: [object Object]
Status: Secure connection closed before starting a new connection.
Session protocol: TCP
chosen commSessionKey: 
{ id: 40300267,
  cipherKeyVal: <Buffer 1d b8 aa 5c fb f6 1c 27 cb e2 ea 5a 15 f0 6b da>,
  macKeyVal: <Buffer b6 32 33 e7 a2 2c 3a e8 93 d8 8e b8 f0 1c 3a c0 b4 e6 68 24 6c ba 30 c2 0a da 42 88 95 ed c4 c0>,
  absValidity: 2018-03-21T18:28:53.569Z,
  relValidity: 7200000 }
options
{ serverHost: '10.0.1.22',
  serverPort: 22100,
  sessionKey: 
   { id: 40300267,
     cipherKeyVal: <Buffer 1d b8 aa 5c fb f6 1c 27 cb e2 ea 5a 15 f0 6b da>,
     macKeyVal: <Buffer b6 32 33 e7 a2 2c 3a e8 93 d8 8e b8 f0 1c 3a c0 b4 e6 68 24 6c ba 30 c2 0a da 42 88 95 ed c4 c0>,
     absValidity: 2018-03-21T18:28:53.569Z,
     relValidity: 7200000 },
  sessionCryptoSpec: { cipher: 'AES-128-CBC', mac: 'SHA256' },
  sessionProtocol: 'TCP',
  handshakeTimeout: 50000 }
chosen nonce: <Buffer ad 91 3d e9 f8 58 5d 0e>
switching to HANDSHAKE_1_SENT
disconnected from auth
Handler: secure connection with the server closed.
received session key handshake2!
client ret: [object Object]
server authenticated/authorized by solving nonce!
Handler: communication initialization succeeded
file data length: 1024
sending at Tue Mar 20 2018 18:28:55 GMT+0000 (UTC)
switching to IN_COMM
received secure communication message!
Received seqNum: 0
Handler: data received from server via secure communication
data1
Resp-actual/expected/ratio/ts: 17 17 1 1521570535984
Distribution protocol: TCP
Resp-actual/expected/ratio/ts: 17 18 0.9444444444444444 1521570592831
connected to auth! from local port 42188
received auth hello!
{ authId: 403, nonce: <Buffer e4 3b 25 4d b3 6b ab 7c> }
received session key response encrypted with distribution key
replyNonce in sessionKeyResp: <Buffer 02 2f b0 9d 52 7b d9 65>
auth nonce verified
handleSessionKeyResp: session key request succeeded! authFailureCount: 0
received 1 keys
currentSessionKey: [object Object]
Status: Secure connection closed before starting a new connection.
Session protocol: TCP
chosen commSessionKey: 
{ id: 40300273,
  cipherKeyVal: <Buffer dc af 29 69 97 8f 87 90 b3 42 ad 8f fa 6e 04 ab>,
  macKeyVal: <Buffer 59 db 54 89 fb 78 10 7c 6b 50 0e 5d ed e4 b3 15 57 ea a6 9e cf 64 eb cf 04 7c d3 65 c0 6b 9c ce>,
  absValidity: 2018-03-21T18:29:53.070Z,
  relValidity: 7200000 }
options
{ serverHost: '10.0.1.22',
  serverPort: 22100,
  sessionKey: 
   { id: 40300273,
     cipherKeyVal: <Buffer dc af 29 69 97 8f 87 90 b3 42 ad 8f fa 6e 04 ab>,
     macKeyVal: <Buffer 59 db 54 89 fb 78 10 7c 6b 50 0e 5d ed e4 b3 15 57 ea a6 9e cf 64 eb cf 04 7c d3 65 c0 6b 9c ce>,
     absValidity: 2018-03-21T18:29:53.070Z,
     relValidity: 7200000 },
  sessionCryptoSpec: { cipher: 'AES-128-CBC', mac: 'SHA256' },
  sessionProtocol: 'TCP',
  handshakeTimeout: 50000 }
chosen nonce: <Buffer a6 ba 26 ea c6 dc 54 23>
switching to HANDSHAKE_1_SENT
disconnected from auth
Handler: secure connection with the server closed.
received session key handshake2!
client ret: [object Object]
server authenticated/authorized by solving nonce!
Handler: communication initialization succeeded
file data length: 1024
sending at Tue Mar 20 2018 18:29:54 GMT+0000 (UTC)
switching to IN_COMM
received secure communication message!
Received seqNum: 0
Handler: data received from server via secure communication
data1
Resp-actual/expected/ratio/ts: 18 18 1 1521570594704
Distribution protocol: TCP
Resp-actual/expected/ratio/ts: 18 19 0.9473684210526315 1521570652850
connected to auth! from local port 42408
received auth hello!
{ authId: 403, nonce: <Buffer a1 5c b4 ea c0 51 45 08> }
received session key response encrypted with distribution key
replyNonce in sessionKeyResp: <Buffer 9d fe 56 8b 1d 1f 8e f3>
auth nonce verified
handleSessionKeyResp: session key request succeeded! authFailureCount: 0
received 1 keys
currentSessionKey: [object Object]
Status: Secure connection closed before starting a new connection.
Session protocol: TCP
chosen commSessionKey: 
{ id: 40300279,
  cipherKeyVal: <Buffer e6 bd 92 c6 3f 14 02 64 b0 e7 d2 c2 46 65 cb e9>,
  macKeyVal: <Buffer 9e 96 9e a6 45 b9 5b 57 77 7e 73 3d d5 80 eb 2d c0 f6 0d df 45 30 18 0f 8b 17 be 70 f9 59 26 ea>,
  absValidity: 2018-03-21T18:30:53.026Z,
  relValidity: 7200000 }
options
{ serverHost: '10.0.1.22',
  serverPort: 22100,
  sessionKey: 
   { id: 40300279,
     cipherKeyVal: <Buffer e6 bd 92 c6 3f 14 02 64 b0 e7 d2 c2 46 65 cb e9>,
     macKeyVal: <Buffer 9e 96 9e a6 45 b9 5b 57 77 7e 73 3d d5 80 eb 2d c0 f6 0d df 45 30 18 0f 8b 17 be 70 f9 59 26 ea>,
     absValidity: 2018-03-21T18:30:53.026Z,
     relValidity: 7200000 },
  sessionCryptoSpec: { cipher: 'AES-128-CBC', mac: 'SHA256' },
  sessionProtocol: 'TCP',
  handshakeTimeout: 50000 }
chosen nonce: <Buffer c4 e0 dd ea 64 a4 18 00>
switching to HANDSHAKE_1_SENT
disconnected from auth
Handler: secure connection with the server closed.
received session key handshake2!
client ret: [object Object]
server authenticated/authorized by solving nonce!
Handler: communication initialization succeeded
file data length: 1024
sending at Tue Mar 20 2018 18:30:54 GMT+0000 (UTC)
switching to IN_COMM
received secure communication message!
Received seqNum: 0
Handler: data received from server via secure communication
data1
Resp-actual/expected/ratio/ts: 19 19 1 1521570654614
Distribution protocol: TCP
Resp-actual/expected/ratio/ts: 19 20 0.95 1521570712905
connected to auth! from local port 42628
received auth hello!
{ authId: 403, nonce: <Buffer e1 21 78 54 f5 b0 b2 d0> }
received session key response encrypted with distribution key
replyNonce in sessionKeyResp: <Buffer e4 45 46 3c c8 d5 f6 d6>
auth nonce verified
handleSessionKeyResp: session key request succeeded! authFailureCount: 0
received 1 keys
currentSessionKey: [object Object]
Status: Secure connection closed before starting a new connection.
Session protocol: TCP
chosen commSessionKey: 
{ id: 40300285,
  cipherKeyVal: <Buffer 8a af b9 68 d9 98 14 61 6b de 9e 04 31 91 57 ab>,
  macKeyVal: <Buffer 0d 3f 54 39 ac f4 a4 0c f9 c9 4c e7 54 6b 26 fa f9 da 9d f3 dc 1e b9 0e 3e cd be ab 5e 08 87 64>,
  absValidity: 2018-03-21T18:31:53.138Z,
  relValidity: 7200000 }
options
{ serverHost: '10.0.1.22',
  serverPort: 22100,
  sessionKey: 
   { id: 40300285,
     cipherKeyVal: <Buffer 8a af b9 68 d9 98 14 61 6b de 9e 04 31 91 57 ab>,
     macKeyVal: <Buffer 0d 3f 54 39 ac f4 a4 0c f9 c9 4c e7 54 6b 26 fa f9 da 9d f3 dc 1e b9 0e 3e cd be ab 5e 08 87 64>,
     absValidity: 2018-03-21T18:31:53.138Z,
     relValidity: 7200000 },
  sessionCryptoSpec: { cipher: 'AES-128-CBC', mac: 'SHA256' },
  sessionProtocol: 'TCP',
  handshakeTimeout: 50000 }
chosen nonce: <Buffer 25 92 13 cd 20 a6 d5 87>
switching to HANDSHAKE_1_SENT
disconnected from auth
Handler: secure connection with the server closed.
received session key handshake2!
client ret: [object Object]
server authenticated/authorized by solving nonce!
Handler: communication initialization succeeded
file data length: 1024
sending at Tue Mar 20 2018 18:31:54 GMT+0000 (UTC)
switching to IN_COMM
received secure communication message!
Received seqNum: 0
Handler: data received from server via secure communication
data1
Resp-actual/expected/ratio/ts: 20 20 1 1521570714692
Distribution protocol: TCP
Resp-actual/expected/ratio/ts: 20 21 0.9523809523809523 1521570772964
connected to auth! from local port 42848
received auth hello!
{ authId: 403, nonce: <Buffer 37 71 1f 35 b3 e8 47 d7> }
received session key response encrypted with distribution key
replyNonce in sessionKeyResp: <Buffer 63 6b a9 62 d3 6e 76 ac>
auth nonce verified
handleSessionKeyResp: session key request succeeded! authFailureCount: 0
received 1 keys
currentSessionKey: [object Object]
Status: Secure connection closed before starting a new connection.
Session protocol: TCP
chosen commSessionKey: 
{ id: 40300291,
  cipherKeyVal: <Buffer fe 30 bf c0 ad 83 60 31 7c b8 65 0d 2d 4e a0 bf>,
  macKeyVal: <Buffer 93 e6 49 55 fd a1 6f 39 76 54 f3 a1 27 1a 38 0c ab 92 c9 61 8f ac 04 f7 e2 71 5a 23 e3 ca 9c 59>,
  absValidity: 2018-03-21T18:32:53.161Z,
  relValidity: 7200000 }
options
{ serverHost: '10.0.1.22',
  serverPort: 22100,
  sessionKey: 
   { id: 40300291,
     cipherKeyVal: <Buffer fe 30 bf c0 ad 83 60 31 7c b8 65 0d 2d 4e a0 bf>,
     macKeyVal: <Buffer 93 e6 49 55 fd a1 6f 39 76 54 f3 a1 27 1a 38 0c ab 92 c9 61 8f ac 04 f7 e2 71 5a 23 e3 ca 9c 59>,
     absValidity: 2018-03-21T18:32:53.161Z,
     relValidity: 7200000 },
  sessionCryptoSpec: { cipher: 'AES-128-CBC', mac: 'SHA256' },
  sessionProtocol: 'TCP',
  handshakeTimeout: 50000 }
chosen nonce: <Buffer 6d fe 1a 68 d3 39 5c fc>
switching to HANDSHAKE_1_SENT
disconnected from auth
Handler: secure connection with the server closed.
received session key handshake2!
client ret: [object Object]
server authenticated/authorized by solving nonce!
Handler: communication initialization succeeded
file data length: 1024
sending at Tue Mar 20 2018 18:32:54 GMT+0000 (UTC)
switching to IN_COMM
received secure communication message!
Received seqNum: 0
Handler: data received from server via secure communication
data1
Resp-actual/expected/ratio/ts: 21 21 1 1521570774711
Distribution protocol: TCP
Resp-actual/expected/ratio/ts: 21 22 0.9545454545454546 1521570833021
connected to auth! from local port 43068
received auth hello!
{ authId: 403, nonce: <Buffer 5e 05 f7 30 29 b4 4d 95> }
received session key response encrypted with distribution key
replyNonce in sessionKeyResp: <Buffer 89 ad 9f 88 1c 13 43 b3>
auth nonce verified
handleSessionKeyResp: session key request succeeded! authFailureCount: 0
received 1 keys
currentSessionKey: [object Object]
Status: Secure connection closed before starting a new connection.
Session protocol: TCP
chosen commSessionKey: 
{ id: 40300297,
  cipherKeyVal: <Buffer 92 b0 82 6d b8 dc b3 3c 37 27 8e 44 5f 51 21 35>,
  macKeyVal: <Buffer 43 b1 29 63 25 48 c4 1f 4d e3 04 a8 52 99 bc 54 a2 c7 27 3a f6 6e 77 8e c2 d6 27 2a b5 c5 14 be>,
  absValidity: 2018-03-21T18:33:53.212Z,
  relValidity: 7200000 }
options
{ serverHost: '10.0.1.22',
  serverPort: 22100,
  sessionKey: 
   { id: 40300297,
     cipherKeyVal: <Buffer 92 b0 82 6d b8 dc b3 3c 37 27 8e 44 5f 51 21 35>,
     macKeyVal: <Buffer 43 b1 29 63 25 48 c4 1f 4d e3 04 a8 52 99 bc 54 a2 c7 27 3a f6 6e 77 8e c2 d6 27 2a b5 c5 14 be>,
     absValidity: 2018-03-21T18:33:53.212Z,
     relValidity: 7200000 },
  sessionCryptoSpec: { cipher: 'AES-128-CBC', mac: 'SHA256' },
  sessionProtocol: 'TCP',
  handshakeTimeout: 50000 }
chosen nonce: <Buffer c1 da 0a ca 31 5b 08 2f>
switching to HANDSHAKE_1_SENT
disconnected from auth
Handler: secure connection with the server closed.
received session key handshake2!
client ret: [object Object]
server authenticated/authorized by solving nonce!
Handler: communication initialization succeeded
file data length: 1024
sending at Tue Mar 20 2018 18:33:54 GMT+0000 (UTC)
switching to IN_COMM
received secure communication message!
Received seqNum: 0
Handler: data received from server via secure communication
data1
Resp-actual/expected/ratio/ts: 22 22 1 1521570834707
Distribution protocol: TCP
Resp-actual/expected/ratio/ts: 22 23 0.9565217391304348 1521570893080
connected to auth! from local port 43288
received auth hello!
{ authId: 403, nonce: <Buffer 74 ef c3 57 97 74 7c d2> }
received session key response encrypted with distribution key
replyNonce in sessionKeyResp: <Buffer 4c a4 c0 ec a0 06 98 2a>
auth nonce verified
handleSessionKeyResp: session key request succeeded! authFailureCount: 0
received 1 keys
currentSessionKey: [object Object]
Status: Secure connection closed before starting a new connection.
Session protocol: TCP
chosen commSessionKey: 
{ id: 40300303,
  cipherKeyVal: <Buffer be dc 3e a0 40 0e 92 e1 40 85 0b 00 4b 75 d5 96>,
  macKeyVal: <Buffer 53 ab 75 23 27 4a 2a 8e 8b 0d de d4 33 4f 0d 95 65 c3 80 f1 c2 77 88 aa 97 29 ff 0c 91 0c 4e 77>,
  absValidity: 2018-03-21T18:34:53.228Z,
  relValidity: 7200000 }
options
{ serverHost: '10.0.1.22',
  serverPort: 22100,
  sessionKey: 
   { id: 40300303,
     cipherKeyVal: <Buffer be dc 3e a0 40 0e 92 e1 40 85 0b 00 4b 75 d5 96>,
     macKeyVal: <Buffer 53 ab 75 23 27 4a 2a 8e 8b 0d de d4 33 4f 0d 95 65 c3 80 f1 c2 77 88 aa 97 29 ff 0c 91 0c 4e 77>,
     absValidity: 2018-03-21T18:34:53.228Z,
     relValidity: 7200000 },
  sessionCryptoSpec: { cipher: 'AES-128-CBC', mac: 'SHA256' },
  sessionProtocol: 'TCP',
  handshakeTimeout: 50000 }
chosen nonce: <Buffer 8c 37 21 23 ed d7 f0 cc>
switching to HANDSHAKE_1_SENT
disconnected from auth
Handler: secure connection with the server closed.
received session key handshake2!
client ret: [object Object]
server authenticated/authorized by solving nonce!
Handler: communication initialization succeeded
file data length: 1024
sending at Tue Mar 20 2018 18:34:54 GMT+0000 (UTC)
switching to IN_COMM
received secure communication message!
Received seqNum: 0
Handler: data received from server via secure communication
data1
Resp-actual/expected/ratio/ts: 23 23 1 1521570894827
Distribution protocol: TCP
Resp-actual/expected/ratio/ts: 23 24 0.9583333333333334 1521570953139
connected to auth! from local port 43508
received auth hello!
{ authId: 403, nonce: <Buffer e9 31 50 fd 00 5f 3a c2> }
received session key response encrypted with distribution key
replyNonce in sessionKeyResp: <Buffer 52 12 85 0b 36 09 72 46>
auth nonce verified
handleSessionKeyResp: session key request succeeded! authFailureCount: 0
received 1 keys
currentSessionKey: [object Object]
Status: Secure connection closed before starting a new connection.
Session protocol: TCP
chosen commSessionKey: 
{ id: 40300309,
  cipherKeyVal: <Buffer 0b 2e ef 2f 7b cd 7f 0a 91 41 ee 62 4b c7 41 ee>,
  macKeyVal: <Buffer 2c a8 82 a5 67 fc c7 ed ac c2 b0 c2 de 40 e4 8e 01 fc 89 ac c7 54 88 1e b7 70 38 2d 44 c3 f3 e9>,
  absValidity: 2018-03-21T18:35:53.368Z,
  relValidity: 7200000 }
options
{ serverHost: '10.0.1.22',
  serverPort: 22100,
  sessionKey: 
   { id: 40300309,
     cipherKeyVal: <Buffer 0b 2e ef 2f 7b cd 7f 0a 91 41 ee 62 4b c7 41 ee>,
     macKeyVal: <Buffer 2c a8 82 a5 67 fc c7 ed ac c2 b0 c2 de 40 e4 8e 01 fc 89 ac c7 54 88 1e b7 70 38 2d 44 c3 f3 e9>,
     absValidity: 2018-03-21T18:35:53.368Z,
     relValidity: 7200000 },
  sessionCryptoSpec: { cipher: 'AES-128-CBC', mac: 'SHA256' },
  sessionProtocol: 'TCP',
  handshakeTimeout: 50000 }
chosen nonce: <Buffer 40 89 04 42 e5 28 c8 94>
switching to HANDSHAKE_1_SENT
disconnected from auth
Handler: secure connection with the server closed.
received session key handshake2!
client ret: [object Object]
server authenticated/authorized by solving nonce!
Handler: communication initialization succeeded
file data length: 1024
sending at Tue Mar 20 2018 18:35:54 GMT+0000 (UTC)
switching to IN_COMM
received secure communication message!
Received seqNum: 0
Handler: data received from server via secure communication
data1
Resp-actual/expected/ratio/ts: 24 24 1 1521570954853
Distribution protocol: TCP
Resp-actual/expected/ratio/ts: 24 25 0.96 1521571013157
connected to auth! from local port 43726
received auth hello!
{ authId: 403, nonce: <Buffer d6 43 53 9d 25 67 ce 42> }
received session key response encrypted with distribution key
replyNonce in sessionKeyResp: <Buffer 00 2f e9 46 27 1d e3 06>
auth nonce verified
handleSessionKeyResp: session key request succeeded! authFailureCount: 0
received 1 keys
currentSessionKey: [object Object]
Status: Secure connection closed before starting a new connection.
Session protocol: TCP
chosen commSessionKey: 
{ id: 40300315,
  cipherKeyVal: <Buffer 61 43 e8 63 94 61 2c 06 6b 7b 2f f8 d7 dc 5e ec>,
  macKeyVal: <Buffer 25 02 a0 a8 68 55 0c a3 87 d2 50 cf c3 25 c2 8b 94 dd aa 90 e6 d9 27 71 0d 4e 47 3a ec 42 89 eb>,
  absValidity: 2018-03-21T18:36:53.374Z,
  relValidity: 7200000 }
options
{ serverHost: '10.0.1.22',
  serverPort: 22100,
  sessionKey: 
   { id: 40300315,
     cipherKeyVal: <Buffer 61 43 e8 63 94 61 2c 06 6b 7b 2f f8 d7 dc 5e ec>,
     macKeyVal: <Buffer 25 02 a0 a8 68 55 0c a3 87 d2 50 cf c3 25 c2 8b 94 dd aa 90 e6 d9 27 71 0d 4e 47 3a ec 42 89 eb>,
     absValidity: 2018-03-21T18:36:53.374Z,
     relValidity: 7200000 },
  sessionCryptoSpec: { cipher: 'AES-128-CBC', mac: 'SHA256' },
  sessionProtocol: 'TCP',
  handshakeTimeout: 50000 }
chosen nonce: <Buffer d4 55 e6 c1 d6 08 8e cd>
switching to HANDSHAKE_1_SENT
disconnected from auth
Handler: secure connection with the server closed.
received session key handshake2!
client ret: [object Object]
server authenticated/authorized by solving nonce!
Handler: communication initialization succeeded
file data length: 1024
sending at Tue Mar 20 2018 18:36:54 GMT+0000 (UTC)
switching to IN_COMM
received secure communication message!
Received seqNum: 0
Handler: data received from server via secure communication
data1
Resp-actual/expected/ratio/ts: 25 25 1 1521571014870
Distribution protocol: TCP
Resp-actual/expected/ratio/ts: 25 26 0.9615384615384616 1521571073215
connected to auth! from local port 43944
received auth hello!
{ authId: 403, nonce: <Buffer 7d f5 f4 33 ae 30 65 1e> }
received session key response encrypted with distribution key
replyNonce in sessionKeyResp: <Buffer 00 c5 2b 74 36 ea c8 17>
auth nonce verified
handleSessionKeyResp: session key request succeeded! authFailureCount: 0
received 1 keys
currentSessionKey: [object Object]
Status: Secure connection closed before starting a new connection.
Session protocol: TCP
chosen commSessionKey: 
{ id: 40300321,
  cipherKeyVal: <Buffer f8 4a 4c ca e1 01 8f 52 1a 5c c9 48 c1 96 52 a0>,
  macKeyVal: <Buffer df e8 65 40 f1 c4 f5 2a 50 23 d2 1f b0 f3 7f 50 9b f9 30 2d 3b e4 ac 61 b2 ba 6b 01 15 9f cf 24>,
  absValidity: 2018-03-21T18:37:53.450Z,
  relValidity: 7200000 }
options
{ serverHost: '10.0.1.22',
  serverPort: 22100,
  sessionKey: 
   { id: 40300321,
     cipherKeyVal: <Buffer f8 4a 4c ca e1 01 8f 52 1a 5c c9 48 c1 96 52 a0>,
     macKeyVal: <Buffer df e8 65 40 f1 c4 f5 2a 50 23 d2 1f b0 f3 7f 50 9b f9 30 2d 3b e4 ac 61 b2 ba 6b 01 15 9f cf 24>,
     absValidity: 2018-03-21T18:37:53.450Z,
     relValidity: 7200000 },
  sessionCryptoSpec: { cipher: 'AES-128-CBC', mac: 'SHA256' },
  sessionProtocol: 'TCP',
  handshakeTimeout: 50000 }
chosen nonce: <Buffer 9a 05 42 3c 87 e9 cc 94>
switching to HANDSHAKE_1_SENT
disconnected from auth
Handler: secure connection with the server closed.
received session key handshake2!
client ret: [object Object]
server authenticated/authorized by solving nonce!
Handler: communication initialization succeeded
file data length: 1024
sending at Tue Mar 20 2018 18:37:54 GMT+0000 (UTC)
switching to IN_COMM
received secure communication message!
Received seqNum: 0
Handler: data received from server via secure communication
data1
Resp-actual/expected/ratio/ts: 26 26 1 1521571074929
Distribution protocol: TCP
Resp-actual/expected/ratio/ts: 26 27 0.9629629629629629 1521571133274
connected to auth! from local port 44162
received auth hello!
{ authId: 403, nonce: <Buffer a4 d1 d7 a1 0b 1d de 45> }
received session key response encrypted with distribution key
replyNonce in sessionKeyResp: <Buffer 63 22 bc 8f e9 78 ad 9c>
auth nonce verified
handleSessionKeyResp: session key request succeeded! authFailureCount: 0
received 1 keys
currentSessionKey: [object Object]
Status: Secure connection closed before starting a new connection.
Session protocol: TCP
chosen commSessionKey: 
{ id: 40300327,
  cipherKeyVal: <Buffer bc f3 ef 4b 5b 0e dd 68 57 72 c6 5f c7 da 91 44>,
  macKeyVal: <Buffer e3 3a 83 aa 00 c5 09 1d 66 5c 1c 3b cc 2b ce 12 e2 4e 10 25 dc a0 23 b8 02 69 79 1f b9 67 66 c0>,
  absValidity: 2018-03-21T18:38:53.525Z,
  relValidity: 7200000 }
options
{ serverHost: '10.0.1.22',
  serverPort: 22100,
  sessionKey: 
   { id: 40300327,
     cipherKeyVal: <Buffer bc f3 ef 4b 5b 0e dd 68 57 72 c6 5f c7 da 91 44>,
     macKeyVal: <Buffer e3 3a 83 aa 00 c5 09 1d 66 5c 1c 3b cc 2b ce 12 e2 4e 10 25 dc a0 23 b8 02 69 79 1f b9 67 66 c0>,
     absValidity: 2018-03-21T18:38:53.525Z,
     relValidity: 7200000 },
  sessionCryptoSpec: { cipher: 'AES-128-CBC', mac: 'SHA256' },
  sessionProtocol: 'TCP',
  handshakeTimeout: 50000 }
chosen nonce: <Buffer b0 a5 bf 84 44 aa 08 e9>
switching to HANDSHAKE_1_SENT
disconnected from auth
Handler: secure connection with the server closed.
received session key handshake2!
client ret: [object Object]
server authenticated/authorized by solving nonce!
Handler: communication initialization succeeded
file data length: 1024
sending at Tue Mar 20 2018 18:38:54 GMT+0000 (UTC)
switching to IN_COMM
received secure communication message!
Received seqNum: 0
Handler: data received from server via secure communication
data1
Resp-actual/expected/ratio/ts: 27 27 1 1521571134964
Distribution protocol: TCP
Resp-actual/expected/ratio/ts: 27 28 0.9642857142857143 1521571193332
connected to auth! from local port 44380
received auth hello!
{ authId: 403, nonce: <Buffer 53 c1 0e 82 cf cd c5 54> }
received session key response encrypted with distribution key
replyNonce in sessionKeyResp: <Buffer bc 8e 38 99 69 26 e0 9b>
auth nonce verified
handleSessionKeyResp: session key request succeeded! authFailureCount: 0
received 1 keys
currentSessionKey: [object Object]
Status: Secure connection closed before starting a new connection.
Session protocol: TCP
chosen commSessionKey: 
{ id: 40300333,
  cipherKeyVal: <Buffer d1 ac 2b 67 7d 96 ce a5 85 d1 fc 0a 0c f2 4c ac>,
  macKeyVal: <Buffer b6 ee a0 bc b9 24 60 99 8d 1d 14 84 05 0b a6 bf fa 09 86 12 5c aa cd ff 2a e6 0c 6d 98 3d 1f a8>,
  absValidity: 2018-03-21T18:39:53.569Z,
  relValidity: 7200000 }
options
{ serverHost: '10.0.1.22',
  serverPort: 22100,
  sessionKey: 
   { id: 40300333,
     cipherKeyVal: <Buffer d1 ac 2b 67 7d 96 ce a5 85 d1 fc 0a 0c f2 4c ac>,
     macKeyVal: <Buffer b6 ee a0 bc b9 24 60 99 8d 1d 14 84 05 0b a6 bf fa 09 86 12 5c aa cd ff 2a e6 0c 6d 98 3d 1f a8>,
     absValidity: 2018-03-21T18:39:53.569Z,
     relValidity: 7200000 },
  sessionCryptoSpec: { cipher: 'AES-128-CBC', mac: 'SHA256' },
  sessionProtocol: 'TCP',
  handshakeTimeout: 50000 }
chosen nonce: <Buffer 8c 27 d2 eb 1b 6c 03 4f>
switching to HANDSHAKE_1_SENT
disconnected from auth
Handler: secure connection with the server closed.
received session key handshake2!
client ret: [object Object]
server authenticated/authorized by solving nonce!
Handler: communication initialization succeeded
file data length: 1024
sending at Tue Mar 20 2018 18:39:54 GMT+0000 (UTC)
switching to IN_COMM
received secure communication message!
Received seqNum: 0
Handler: data received from server via secure communication
data1
Resp-actual/expected/ratio/ts: 28 28 1 1521571195196
