changing working directory to: /home/hokeunkim/Development/iotauth/entity/node/example_entities
loading from config file: /home/hokeunkim/Development/iotauth_experiments/experiments/ccs2017/expOptions/expEntity.option
Experimental options for echoServer: { autoSendPeriod: 60000,
  useSameSessionKeyCount: 1,
  connectionTimeout: 50000,
  migrationEnabled: false,
  authFailureThreshold: 2,
  migrationFailureThreshold: 2 }
loading from config file: /home/hokeunkim/Development/iotauth/entity/node/example_entities/configs/Servers/s403.config
initializing secure comm server...
Session protocol: TCP
current parameters: { migrationEnabled: false,
  authFailureThreshold: 3,
  migrationFailureThreshold: 3 }
current parameters: { migrationEnabled: false,
  authFailureThreshold: 2,
  migrationFailureThreshold: 3 }
current parameters: { migrationEnabled: false,
  authFailureThreshold: 2,
  migrationFailureThreshold: 2 }
current entityInfo: { name: 's403',
  group: 'Servers',
  distProtocol: 'TCP',
  usePermanentDistKey: false,
  connectionTimeout: 50000,
  privateKey: <Buffer 2d 2d 2d 2d 2d 42 45 47 49 4e 20 52 53 41 20 50 52 49 56 41 54 45 20 4b 45 59 2d 2d 2d 2d 2d 0a 4d 49 49 45 6f 67 49 42 41 41 4b 43 41 51 45 41 6c 44 ... > }
Handler: listening on port 22100
s403:Servers prompt>
Unidentified client connected
received session key handshake1
switching to HANDSHAKE_1_RECEIVED state.
session key id: 40101311
session key NOT found! sending session key id to AuthService
Distribution protocol: TCP
connected to auth! from local port 33018
received auth hello!
{ authId: 401, nonce: <Buffer 73 28 e4 e5 90 4f f8 8c> }
received session key response with distribution key attached!
auth signature verified
replyNonce in sessionKeyResp: <Buffer b2 1d c8 10 52 50 26 9f>
auth nonce verified
updating distribution key: { cipherKeyVal: <Buffer 83 6f 97 3d e9 38 ba 3d 17 03 17 18 29 63 70 f1>,
  macKeyVal: <Buffer 61 0d c2 1c b1 a4 dd ab 65 84 a3 66 78 90 f6 03 b9 00 e4 f1 00 bc d6 db fd 1c 1b 22 ea 5c 84 5c>,
  absValidity: 2018-03-21T17:05:18.786Z }
received 1 keys
Session key id is as expected
server ret: [object Object]
chosen nonce: <Buffer 55 45 2d 00 62 e0 3d 5c>
switching to HANDSHAKE_2_SENT
received session key handshake3!
{ replyNonce: <Buffer 55 45 2d 00 62 e0 3d 5c> }
client authenticated/authorized by solving nonce!
switching to IN_COMM
Handler: secure connection with the client established.
{ id: 0,
  remoteAddress: '::ffff:10.0.1.47:48714',
  status: 'open' }
disconnected from auth
received secure communication!
Received seqNum: 0
data received from server via secure communication
Handler: socketID: 0 data: data1
toSend: { data: <Buffer 64 61 74 61 31>, id: 0 }
specified socketID: 0
Unidentified client disconnected
Handler: secure connection with the client closed.
socket #0 closed
Unidentified client connected
received session key handshake1
switching to HANDSHAKE_1_RECEIVED state.
session key id: 40101317
session key NOT found! sending session key id to AuthService
Distribution protocol: TCP
connected to auth! from local port 33156
received auth hello!
{ authId: 401, nonce: <Buffer d3 72 06 1d fc c3 f4 6d> }
received session key response encrypted with distribution key
replyNonce in sessionKeyResp: <Buffer b3 48 b5 e7 5b 2e 97 96>
auth nonce verified
received 1 keys
Session key id is as expected
server ret: [object Object]
chosen nonce: <Buffer 33 17 d5 d7 1a c8 b6 8c>
switching to HANDSHAKE_2_SENT
disconnected from auth
received session key handshake3!
{ replyNonce: <Buffer 33 17 d5 d7 1a c8 b6 8c> }
client authenticated/authorized by solving nonce!
switching to IN_COMM
Handler: secure connection with the client established.
{ id: 1,
  remoteAddress: '::ffff:10.0.1.47:48852',
  status: 'open' }
received secure communication!
Received seqNum: 0
data received from server via secure communication
Handler: socketID: 1 data: data1
toSend: { data: <Buffer 64 61 74 61 31>, id: 1 }
specified socketID: 1
Unidentified client disconnected
Handler: secure connection with the client closed.
socket #1 closed
Unidentified client connected
received session key handshake1
switching to HANDSHAKE_1_RECEIVED state.
session key id: 40101323
session key NOT found! sending session key id to AuthService
Distribution protocol: TCP
connected to auth! from local port 33404
received auth hello!
{ authId: 401, nonce: <Buffer 65 46 63 50 6d ed fc 10> }
received session key response encrypted with distribution key
replyNonce in sessionKeyResp: <Buffer fb 69 de 4b 52 93 13 42>
auth nonce verified
received 1 keys
Session key id is as expected
server ret: [object Object]
chosen nonce: <Buffer c5 b2 72 91 ca 11 c8 13>
switching to HANDSHAKE_2_SENT
disconnected from auth
received session key handshake3!
{ replyNonce: <Buffer c5 b2 72 91 ca 11 c8 13> }
client authenticated/authorized by solving nonce!
switching to IN_COMM
Handler: secure connection with the client established.
{ id: 2,
  remoteAddress: '::ffff:10.0.1.47:49100',
  status: 'open' }
received secure communication!
Received seqNum: 0
data received from server via secure communication
Handler: socketID: 2 data: data1
toSend: { data: <Buffer 64 61 74 61 31>, id: 2 }
specified socketID: 2
Unidentified client disconnected
Handler: secure connection with the client closed.
socket #2 closed
Unidentified client connected
received session key handshake1
switching to HANDSHAKE_1_RECEIVED state.
session key id: 40101329
session key NOT found! sending session key id to AuthService
Distribution protocol: TCP
connected to auth! from local port 33674
received auth hello!
{ authId: 401, nonce: <Buffer 49 18 42 b2 10 23 0d 15> }
received session key response encrypted with distribution key
replyNonce in sessionKeyResp: <Buffer 98 ff fe fb b0 92 fb 84>
auth nonce verified
received 1 keys
Session key id is as expected
server ret: [object Object]
chosen nonce: <Buffer bd f3 f1 7b d7 9e cf f8>
switching to HANDSHAKE_2_SENT
disconnected from auth
received session key handshake3!
{ replyNonce: <Buffer bd f3 f1 7b d7 9e cf f8> }
client authenticated/authorized by solving nonce!
switching to IN_COMM
Handler: secure connection with the client established.
{ id: 3,
  remoteAddress: '::ffff:10.0.1.47:49370',
  status: 'open' }
received secure communication!
Received seqNum: 0
data received from server via secure communication
Handler: socketID: 3 data: data1
toSend: { data: <Buffer 64 61 74 61 31>, id: 3 }
specified socketID: 3
Unidentified client disconnected
Handler: secure connection with the client closed.
socket #3 closed
Unidentified client connected
received session key handshake1
switching to HANDSHAKE_1_RECEIVED state.
session key id: 40101335
session key NOT found! sending session key id to AuthService
Distribution protocol: TCP
connected to auth! from local port 33944
received auth hello!
{ authId: 401, nonce: <Buffer 95 ac 85 37 ad 8d 2f fa> }
received session key response encrypted with distribution key
replyNonce in sessionKeyResp: <Buffer b3 78 7c 88 a3 df 23 7a>
auth nonce verified
received 1 keys
Session key id is as expected
server ret: [object Object]
chosen nonce: <Buffer 42 68 ec e3 ab 34 90 58>
switching to HANDSHAKE_2_SENT
received session key handshake3!
{ replyNonce: <Buffer 42 68 ec e3 ab 34 90 58> }
client authenticated/authorized by solving nonce!
switching to IN_COMM
Handler: secure connection with the client established.
{ id: 4,
  remoteAddress: '::ffff:10.0.1.47:49640',
  status: 'open' }
disconnected from auth
received secure communication!
Received seqNum: 0
data received from server via secure communication
Handler: socketID: 4 data: data1
toSend: { data: <Buffer 64 61 74 61 31>, id: 4 }
specified socketID: 4
Unidentified client disconnected
Handler: secure connection with the client closed.
socket #4 closed
Unidentified client connected
received session key handshake1
switching to HANDSHAKE_1_RECEIVED state.
session key id: 40101341
session key NOT found! sending session key id to AuthService
Distribution protocol: TCP
connected to auth! from local port 34214
received auth hello!
{ authId: 401, nonce: <Buffer e0 75 3a 81 18 54 4b 2c> }
received session key response encrypted with distribution key
replyNonce in sessionKeyResp: <Buffer fb b7 ea f2 58 37 ea 4e>
auth nonce verified
received 1 keys
Session key id is as expected
server ret: [object Object]
chosen nonce: <Buffer c5 c3 01 76 29 3d 11 1b>
switching to HANDSHAKE_2_SENT
disconnected from auth
received session key handshake3!
{ replyNonce: <Buffer c5 c3 01 76 29 3d 11 1b> }
client authenticated/authorized by solving nonce!
switching to IN_COMM
Handler: secure connection with the client established.
{ id: 5,
  remoteAddress: '::ffff:10.0.1.47:49910',
  status: 'open' }
received secure communication!
Received seqNum: 0
data received from server via secure communication
Handler: socketID: 5 data: data1
toSend: { data: <Buffer 64 61 74 61 31>, id: 5 }
specified socketID: 5
Unidentified client disconnected
Handler: secure connection with the client closed.
socket #5 closed
Unidentified client connected
received session key handshake1
switching to HANDSHAKE_1_RECEIVED state.
session key id: 40101347
session key NOT found! sending session key id to AuthService
Distribution protocol: TCP
connected to auth! from local port 34484
received auth hello!
{ authId: 401, nonce: <Buffer c3 7d 08 88 f0 33 b7 a3> }
received session key response encrypted with distribution key
replyNonce in sessionKeyResp: <Buffer a6 2d cb b2 82 6e 2f d8>
auth nonce verified
received 1 keys
Session key id is as expected
server ret: [object Object]
chosen nonce: <Buffer 93 8f 08 07 1d cd 3c a0>
switching to HANDSHAKE_2_SENT
disconnected from auth
received session key handshake3!
{ replyNonce: <Buffer 93 8f 08 07 1d cd 3c a0> }
client authenticated/authorized by solving nonce!
switching to IN_COMM
Handler: secure connection with the client established.
{ id: 6,
  remoteAddress: '::ffff:10.0.1.47:50180',
  status: 'open' }
received secure communication!
Received seqNum: 0
data received from server via secure communication
Handler: socketID: 6 data: data1
toSend: { data: <Buffer 64 61 74 61 31>, id: 6 }
specified socketID: 6
Unidentified client disconnected
Handler: secure connection with the client closed.
socket #6 closed
Unidentified client connected
received session key handshake1
switching to HANDSHAKE_1_RECEIVED state.
session key id: 40101353
session key NOT found! sending session key id to AuthService
Distribution protocol: TCP
connected to auth! from local port 34754
received auth hello!
{ authId: 401, nonce: <Buffer 16 15 12 2d cc 5b ef a7> }
received session key response encrypted with distribution key
replyNonce in sessionKeyResp: <Buffer 03 bf 46 c5 42 2c 24 da>
auth nonce verified
received 1 keys
Session key id is as expected
server ret: [object Object]
chosen nonce: <Buffer d2 15 63 0a da 7f 01 cb>
switching to HANDSHAKE_2_SENT
disconnected from auth
received session key handshake3!
{ replyNonce: <Buffer d2 15 63 0a da 7f 01 cb> }
client authenticated/authorized by solving nonce!
switching to IN_COMM
Handler: secure connection with the client established.
{ id: 7,
  remoteAddress: '::ffff:10.0.1.47:50450',
  status: 'open' }
received secure communication!
Received seqNum: 0
data received from server via secure communication
Handler: socketID: 7 data: data1
toSend: { data: <Buffer 64 61 74 61 31>, id: 7 }
specified socketID: 7
Unidentified client disconnected
Handler: secure connection with the client closed.
socket #7 closed
Unidentified client connected
received session key handshake1
switching to HANDSHAKE_1_RECEIVED state.
session key id: 40101359
session key NOT found! sending session key id to AuthService
Distribution protocol: TCP
connected to auth! from local port 35020
received auth hello!
{ authId: 401, nonce: <Buffer 05 23 27 5b 54 3f fa 87> }
received session key response encrypted with distribution key
replyNonce in sessionKeyResp: <Buffer 88 43 8c 98 c9 51 85 17>
auth nonce verified
received 1 keys
Session key id is as expected
server ret: [object Object]
chosen nonce: <Buffer a3 75 6d c5 27 85 52 d8>
switching to HANDSHAKE_2_SENT
disconnected from auth
received session key handshake3!
{ replyNonce: <Buffer a3 75 6d c5 27 85 52 d8> }
client authenticated/authorized by solving nonce!
switching to IN_COMM
Handler: secure connection with the client established.
{ id: 8,
  remoteAddress: '::ffff:10.0.1.47:50716',
  status: 'open' }
received secure communication!
Received seqNum: 0
data received from server via secure communication
Handler: socketID: 8 data: data1
toSend: { data: <Buffer 64 61 74 61 31>, id: 8 }
specified socketID: 8
Unidentified client disconnected
Handler: secure connection with the client closed.
socket #8 closed
Unidentified client connected
received session key handshake1
switching to HANDSHAKE_1_RECEIVED state.
session key id: 40101365
session key NOT found! sending session key id to AuthService
Distribution protocol: TCP
connected to auth! from local port 35266
received auth hello!
{ authId: 401, nonce: <Buffer 45 e0 2f 80 bb e5 ee 58> }
received session key response encrypted with distribution key
replyNonce in sessionKeyResp: <Buffer 80 03 a3 04 91 29 e1 a4>
auth nonce verified
received 1 keys
Session key id is as expected
server ret: [object Object]
chosen nonce: <Buffer 92 e0 21 06 0b f2 86 be>
switching to HANDSHAKE_2_SENT
disconnected from auth
received session key handshake3!
{ replyNonce: <Buffer 92 e0 21 06 0b f2 86 be> }
client authenticated/authorized by solving nonce!
switching to IN_COMM
Handler: secure connection with the client established.
{ id: 9,
  remoteAddress: '::ffff:10.0.1.47:50962',
  status: 'open' }
received secure communication!
Received seqNum: 0
data received from server via secure communication
Handler: socketID: 9 data: data1
toSend: { data: <Buffer 64 61 74 61 31>, id: 9 }
specified socketID: 9
Unidentified client disconnected
Handler: secure connection with the client closed.
socket #9 closed
Unidentified client connected
received session key handshake1
switching to HANDSHAKE_1_RECEIVED state.
session key id: 40101371
session key NOT found! sending session key id to AuthService
Distribution protocol: TCP
connected to auth! from local port 35512
received auth hello!
{ authId: 401, nonce: <Buffer 1b 8e 53 98 a5 34 24 c5> }
received session key response encrypted with distribution key
replyNonce in sessionKeyResp: <Buffer 28 c0 2e 63 4d 23 10 d3>
auth nonce verified
received 1 keys
Session key id is as expected
server ret: [object Object]
chosen nonce: <Buffer e7 8d 12 a7 dd 85 ad 8c>
switching to HANDSHAKE_2_SENT
disconnected from auth
received session key handshake3!
{ replyNonce: <Buffer e7 8d 12 a7 dd 85 ad 8c> }
client authenticated/authorized by solving nonce!
switching to IN_COMM
Handler: secure connection with the client established.
{ id: 10,
  remoteAddress: '::ffff:10.0.1.47:51208',
  status: 'open' }
received secure communication!
Received seqNum: 0
data received from server via secure communication
Handler: socketID: 10 data: data1
toSend: { data: <Buffer 64 61 74 61 31>, id: 10 }
specified socketID: 10
Unidentified client disconnected
Handler: secure connection with the client closed.
socket #10 closed
Unidentified client connected
received session key handshake1
switching to HANDSHAKE_1_RECEIVED state.
session key id: 40101377
session key NOT found! sending session key id to AuthService
Distribution protocol: TCP
connected to auth! from local port 35758
received auth hello!
{ authId: 401, nonce: <Buffer ed b1 55 e1 36 36 a7 54> }
received session key response encrypted with distribution key
replyNonce in sessionKeyResp: <Buffer 78 d4 f8 fd 09 3b 21 91>
auth nonce verified
received 1 keys
Session key id is as expected
server ret: [object Object]
chosen nonce: <Buffer 85 37 79 50 60 44 8c b4>
switching to HANDSHAKE_2_SENT
disconnected from auth
received session key handshake3!
{ replyNonce: <Buffer 85 37 79 50 60 44 8c b4> }
client authenticated/authorized by solving nonce!
switching to IN_COMM
Handler: secure connection with the client established.
{ id: 11,
  remoteAddress: '::ffff:10.0.1.47:51454',
  status: 'open' }
received secure communication!
Received seqNum: 0
data received from server via secure communication
Handler: socketID: 11 data: data1
toSend: { data: <Buffer 64 61 74 61 31>, id: 11 }
specified socketID: 11
Unidentified client disconnected
Handler: secure connection with the client closed.
socket #11 closed
Unidentified client connected
received session key handshake1
switching to HANDSHAKE_1_RECEIVED state.
session key id: 40101383
session key NOT found! sending session key id to AuthService
Distribution protocol: TCP
connected to auth! from local port 36004
received auth hello!
{ authId: 401, nonce: <Buffer 9e 1f 2d 78 d6 aa 82 a5> }
received session key response encrypted with distribution key
replyNonce in sessionKeyResp: <Buffer 42 a1 43 a6 d2 d3 7e db>
auth nonce verified
received 1 keys
Session key id is as expected
server ret: [object Object]
chosen nonce: <Buffer 95 95 9b bb 64 8b 52 c3>
switching to HANDSHAKE_2_SENT
disconnected from auth
received session key handshake3!
{ replyNonce: <Buffer 95 95 9b bb 64 8b 52 c3> }
client authenticated/authorized by solving nonce!
switching to IN_COMM
Handler: secure connection with the client established.
{ id: 12,
  remoteAddress: '::ffff:10.0.1.47:51700',
  status: 'open' }
received secure communication!
Received seqNum: 0
data received from server via secure communication
Handler: socketID: 12 data: data1
toSend: { data: <Buffer 64 61 74 61 31>, id: 12 }
specified socketID: 12
Unidentified client disconnected
Handler: secure connection with the client closed.
socket #12 closed
Unidentified client connected
received session key handshake1
switching to HANDSHAKE_1_RECEIVED state.
session key id: 40101389
session key NOT found! sending session key id to AuthService
Distribution protocol: TCP
connected to auth! from local port 36250
received auth hello!
{ authId: 401, nonce: <Buffer 9c 42 bf 9d 0e 71 19 62> }
received session key response encrypted with distribution key
replyNonce in sessionKeyResp: <Buffer 38 f8 cb 8d e6 df ac b3>
auth nonce verified
received 1 keys
Session key id is as expected
server ret: [object Object]
chosen nonce: <Buffer 45 9e 57 a4 67 c8 4c 8b>
switching to HANDSHAKE_2_SENT
disconnected from auth
received session key handshake3!
{ replyNonce: <Buffer 45 9e 57 a4 67 c8 4c 8b> }
client authenticated/authorized by solving nonce!
switching to IN_COMM
Handler: secure connection with the client established.
{ id: 13,
  remoteAddress: '::ffff:10.0.1.47:51946',
  status: 'open' }
received secure communication!
Received seqNum: 0
data received from server via secure communication
Handler: socketID: 13 data: data1
toSend: { data: <Buffer 64 61 74 61 31>, id: 13 }
specified socketID: 13
Unidentified client disconnected
Handler: secure connection with the client closed.
socket #13 closed
Unidentified client connected
received session key handshake1
switching to HANDSHAKE_1_RECEIVED state.
session key id: 40101395
session key NOT found! sending session key id to AuthService
Distribution protocol: TCP
connected to auth! from local port 36496
received auth hello!
{ authId: 401, nonce: <Buffer e0 b7 08 c9 56 77 7e 82> }
received session key response encrypted with distribution key
replyNonce in sessionKeyResp: <Buffer d4 bd 9b f1 c8 25 95 7c>
auth nonce verified
received 1 keys
Session key id is as expected
server ret: [object Object]
chosen nonce: <Buffer 4f f2 41 39 0d 80 27 14>
switching to HANDSHAKE_2_SENT
received session key handshake3!
{ replyNonce: <Buffer 4f f2 41 39 0d 80 27 14> }
client authenticated/authorized by solving nonce!
switching to IN_COMM
Handler: secure connection with the client established.
{ id: 14,
  remoteAddress: '::ffff:10.0.1.47:52192',
  status: 'open' }
disconnected from auth
received secure communication!
Received seqNum: 0
data received from server via secure communication
Handler: socketID: 14 data: data1
toSend: { data: <Buffer 64 61 74 61 31>, id: 14 }
specified socketID: 14
Unidentified client disconnected
Handler: secure connection with the client closed.
socket #14 closed
Unidentified client connected
received session key handshake1
switching to HANDSHAKE_1_RECEIVED state.
session key id: 40101401
session key NOT found! sending session key id to AuthService
Distribution protocol: TCP
connected to auth! from local port 36742
received auth hello!
{ authId: 401, nonce: <Buffer 4c f8 a1 dd 55 99 c0 e3> }
received session key response encrypted with distribution key
replyNonce in sessionKeyResp: <Buffer 49 48 a8 97 86 39 53 7b>
auth nonce verified
received 1 keys
Session key id is as expected
server ret: [object Object]
chosen nonce: <Buffer e8 f6 42 2f 3d db cb 94>
switching to HANDSHAKE_2_SENT
disconnected from auth
received session key handshake3!
{ replyNonce: <Buffer e8 f6 42 2f 3d db cb 94> }
client authenticated/authorized by solving nonce!
switching to IN_COMM
Handler: secure connection with the client established.
{ id: 15,
  remoteAddress: '::ffff:10.0.1.47:52438',
  status: 'open' }
received secure communication!
Received seqNum: 0
data received from server via secure communication
Handler: socketID: 15 data: data1
toSend: { data: <Buffer 64 61 74 61 31>, id: 15 }
specified socketID: 15
Unidentified client disconnected
Handler: secure connection with the client closed.
socket #15 closed
Unidentified client connected
received session key handshake1
switching to HANDSHAKE_1_RECEIVED state.
session key id: 40101407
session key NOT found! sending session key id to AuthService
Distribution protocol: TCP
connected to auth! from local port 36988
received auth hello!
{ authId: 401, nonce: <Buffer d7 2e 9e c5 b2 e3 00 20> }
received session key response encrypted with distribution key
replyNonce in sessionKeyResp: <Buffer f2 ef b7 68 77 e8 4f 7d>
auth nonce verified
received 1 keys
Session key id is as expected
server ret: [object Object]
chosen nonce: <Buffer 8a 73 f5 72 24 52 65 00>
switching to HANDSHAKE_2_SENT
received session key handshake3!
{ replyNonce: <Buffer 8a 73 f5 72 24 52 65 00> }
client authenticated/authorized by solving nonce!
switching to IN_COMM
Handler: secure connection with the client established.
{ id: 16,
  remoteAddress: '::ffff:10.0.1.47:52684',
  status: 'open' }
disconnected from auth
received secure communication!
Received seqNum: 0
data received from server via secure communication
Handler: socketID: 16 data: data1
toSend: { data: <Buffer 64 61 74 61 31>, id: 16 }
specified socketID: 16
Unidentified client disconnected
Handler: secure connection with the client closed.
socket #16 closed
Unidentified client connected
received session key handshake1
switching to HANDSHAKE_1_RECEIVED state.
session key id: 40101413
session key NOT found! sending session key id to AuthService
Distribution protocol: TCP
connected to auth! from local port 37234
received auth hello!
{ authId: 401, nonce: <Buffer 16 ee ee 39 c9 bd 21 32> }
received session key response encrypted with distribution key
replyNonce in sessionKeyResp: <Buffer 0a 27 e5 0e fb dc 6f ed>
auth nonce verified
received 1 keys
Session key id is as expected
server ret: [object Object]
chosen nonce: <Buffer c0 33 1d fc 3f 63 b2 7d>
switching to HANDSHAKE_2_SENT
received session key handshake3!
{ replyNonce: <Buffer c0 33 1d fc 3f 63 b2 7d> }
client authenticated/authorized by solving nonce!
switching to IN_COMM
Handler: secure connection with the client established.
{ id: 17,
  remoteAddress: '::ffff:10.0.1.47:52930',
  status: 'open' }
disconnected from auth
received secure communication!
Received seqNum: 0
data received from server via secure communication
Handler: socketID: 17 data: data1
toSend: { data: <Buffer 64 61 74 61 31>, id: 17 }
specified socketID: 17
Unidentified client disconnected
Handler: secure connection with the client closed.
socket #17 closed
Unidentified client connected
received session key handshake1
switching to HANDSHAKE_1_RECEIVED state.
session key id: 40101419
session key NOT found! sending session key id to AuthService
Distribution protocol: TCP
connected to auth! from local port 37480
received auth hello!
{ authId: 401, nonce: <Buffer f0 26 61 e8 0c 62 4f 45> }
received session key response encrypted with distribution key
replyNonce in sessionKeyResp: <Buffer 52 29 73 df c2 58 dc 2f>
auth nonce verified
received 1 keys
Session key id is as expected
server ret: [object Object]
chosen nonce: <Buffer b0 8e b6 11 8f 18 06 70>
switching to HANDSHAKE_2_SENT
received session key handshake3!
{ replyNonce: <Buffer b0 8e b6 11 8f 18 06 70> }
client authenticated/authorized by solving nonce!
switching to IN_COMM
Handler: secure connection with the client established.
{ id: 18,
  remoteAddress: '::ffff:10.0.1.47:53176',
  status: 'open' }
disconnected from auth
received secure communication!
Received seqNum: 0
data received from server via secure communication
Handler: socketID: 18 data: data1
toSend: { data: <Buffer 64 61 74 61 31>, id: 18 }
specified socketID: 18
Unidentified client disconnected
Handler: secure connection with the client closed.
socket #18 closed
Unidentified client connected
received session key handshake1
switching to HANDSHAKE_1_RECEIVED state.
session key id: 40101425
session key NOT found! sending session key id to AuthService
Distribution protocol: TCP
connected to auth! from local port 37726
received auth hello!
{ authId: 401, nonce: <Buffer d3 d7 4d f9 14 a8 c9 a3> }
received session key response encrypted with distribution key
replyNonce in sessionKeyResp: <Buffer b9 7b f7 c0 1f 69 19 bb>
auth nonce verified
received 1 keys
Session key id is as expected
server ret: [object Object]
chosen nonce: <Buffer 13 9d 1e 36 a7 31 4c 5d>
switching to HANDSHAKE_2_SENT
received session key handshake3!
{ replyNonce: <Buffer 13 9d 1e 36 a7 31 4c 5d> }
client authenticated/authorized by solving nonce!
switching to IN_COMM
Handler: secure connection with the client established.
{ id: 19,
  remoteAddress: '::ffff:10.0.1.47:53422',
  status: 'open' }
disconnected from auth
received secure communication!
Received seqNum: 0
data received from server via secure communication
Handler: socketID: 19 data: data1
toSend: { data: <Buffer 64 61 74 61 31>, id: 19 }
specified socketID: 19
Unidentified client disconnected
Handler: secure connection with the client closed.
socket #19 closed
Unidentified client connected
received session key handshake1
switching to HANDSHAKE_1_RECEIVED state.
session key id: 40101431
session key NOT found! sending session key id to AuthService
Distribution protocol: TCP
connected to auth! from local port 37972
received auth hello!
{ authId: 401, nonce: <Buffer 93 69 c8 c2 94 0c 8e 71> }
received session key response encrypted with distribution key
replyNonce in sessionKeyResp: <Buffer 68 00 03 33 aa 7a 52 89>
auth nonce verified
received 1 keys
Session key id is as expected
server ret: [object Object]
chosen nonce: <Buffer 2f 56 40 28 32 8c 68 5f>
switching to HANDSHAKE_2_SENT
disconnected from auth
received session key handshake3!
{ replyNonce: <Buffer 2f 56 40 28 32 8c 68 5f> }
client authenticated/authorized by solving nonce!
switching to IN_COMM
Handler: secure connection with the client established.
{ id: 20,
  remoteAddress: '::ffff:10.0.1.47:53668',
  status: 'open' }
received secure communication!
Received seqNum: 0
data received from server via secure communication
Handler: socketID: 20 data: data1
toSend: { data: <Buffer 64 61 74 61 31>, id: 20 }
specified socketID: 20
Unidentified client disconnected
Handler: secure connection with the client closed.
socket #20 closed
Unidentified client connected
received session key handshake1
switching to HANDSHAKE_1_RECEIVED state.
session key id: 40101437
session key NOT found! sending session key id to AuthService
Distribution protocol: TCP
connected to auth! from local port 38220
received auth hello!
{ authId: 401, nonce: <Buffer 6c dd d4 f5 0a 61 77 b3> }
received session key response encrypted with distribution key
replyNonce in sessionKeyResp: <Buffer 00 1e 35 c9 a5 b7 d2 8d>
auth nonce verified
received 1 keys
Session key id is as expected
server ret: [object Object]
chosen nonce: <Buffer b2 c0 23 4b 13 01 d2 e9>
switching to HANDSHAKE_2_SENT
received session key handshake3!
{ replyNonce: <Buffer b2 c0 23 4b 13 01 d2 e9> }
client authenticated/authorized by solving nonce!
switching to IN_COMM
Handler: secure connection with the client established.
{ id: 21,
  remoteAddress: '::ffff:10.0.1.47:53914',
  status: 'open' }
disconnected from auth
received secure communication!
Received seqNum: 0
data received from server via secure communication
Handler: socketID: 21 data: data1
toSend: { data: <Buffer 64 61 74 61 31>, id: 21 }
specified socketID: 21
Unidentified client disconnected
Handler: secure connection with the client closed.
socket #21 closed
Unidentified client connected
received session key handshake1
switching to HANDSHAKE_1_RECEIVED state.
session key id: 40101443
session key NOT found! sending session key id to AuthService
Distribution protocol: TCP
connected to auth! from local port 38466
received auth hello!
{ authId: 401, nonce: <Buffer 6b 43 69 3c 65 77 14 a6> }
received session key response encrypted with distribution key
replyNonce in sessionKeyResp: <Buffer 6d 4f 4e 5d 7c 86 d3 74>
auth nonce verified
received 1 keys
Session key id is as expected
server ret: [object Object]
chosen nonce: <Buffer 61 ae 05 80 20 8c 75 2e>
switching to HANDSHAKE_2_SENT
disconnected from auth
received session key handshake3!
{ replyNonce: <Buffer 61 ae 05 80 20 8c 75 2e> }
client authenticated/authorized by solving nonce!
switching to IN_COMM
Handler: secure connection with the client established.
{ id: 22,
  remoteAddress: '::ffff:10.0.1.47:54160',
  status: 'open' }
received secure communication!
Received seqNum: 0
data received from server via secure communication
Handler: socketID: 22 data: data1
toSend: { data: <Buffer 64 61 74 61 31>, id: 22 }
specified socketID: 22
Unidentified client disconnected
Handler: secure connection with the client closed.
socket #22 closed
Unidentified client connected
received session key handshake1
switching to HANDSHAKE_1_RECEIVED state.
session key id: 40101449
session key NOT found! sending session key id to AuthService
Distribution protocol: TCP
connected to auth! from local port 38712
received auth hello!
{ authId: 401, nonce: <Buffer a4 34 ee 36 51 7f a4 86> }
received session key response encrypted with distribution key
replyNonce in sessionKeyResp: <Buffer 62 a7 a6 09 60 b5 c5 b6>
auth nonce verified
received 1 keys
Session key id is as expected
server ret: [object Object]
chosen nonce: <Buffer 03 be 63 65 c1 ae 24 7f>
switching to HANDSHAKE_2_SENT
disconnected from auth
received session key handshake3!
{ replyNonce: <Buffer 03 be 63 65 c1 ae 24 7f> }
client authenticated/authorized by solving nonce!
switching to IN_COMM
Handler: secure connection with the client established.
{ id: 23,
  remoteAddress: '::ffff:10.0.1.47:54406',
  status: 'open' }
received secure communication!
Received seqNum: 0
data received from server via secure communication
Handler: socketID: 23 data: data1
toSend: { data: <Buffer 64 61 74 61 31>, id: 23 }
specified socketID: 23
Unidentified client disconnected
Handler: secure connection with the client closed.
socket #23 closed
Unidentified client connected
received session key handshake1
switching to HANDSHAKE_1_RECEIVED state.
session key id: 40101455
session key NOT found! sending session key id to AuthService
Distribution protocol: TCP
connected to auth! from local port 38958
received auth hello!
{ authId: 401, nonce: <Buffer 86 70 b3 f9 18 cd 2f 57> }
received session key response encrypted with distribution key
replyNonce in sessionKeyResp: <Buffer 72 c6 5c 8c ad bb e1 08>
auth nonce verified
received 1 keys
Session key id is as expected
server ret: [object Object]
chosen nonce: <Buffer 52 91 22 cf 0e cc f8 6b>
switching to HANDSHAKE_2_SENT
disconnected from auth
received session key handshake3!
{ replyNonce: <Buffer 52 91 22 cf 0e cc f8 6b> }
client authenticated/authorized by solving nonce!
switching to IN_COMM
Handler: secure connection with the client established.
{ id: 24,
  remoteAddress: '::ffff:10.0.1.47:54652',
  status: 'open' }
received secure communication!
Received seqNum: 0
data received from server via secure communication
Handler: socketID: 24 data: data1
toSend: { data: <Buffer 64 61 74 61 31>, id: 24 }
specified socketID: 24
Unidentified client disconnected
Handler: secure connection with the client closed.
socket #24 closed
Unidentified client connected
received session key handshake1
switching to HANDSHAKE_1_RECEIVED state.
session key id: 40101461
session key NOT found! sending session key id to AuthService
Distribution protocol: TCP
connected to auth! from local port 39204
received auth hello!
{ authId: 401, nonce: <Buffer 2a e6 39 38 e3 eb 6b 33> }
received session key response encrypted with distribution key
replyNonce in sessionKeyResp: <Buffer eb 0d 8c bb 63 bf df 36>
auth nonce verified
received 1 keys
Session key id is as expected
server ret: [object Object]
chosen nonce: <Buffer e8 cb 80 94 34 28 56 8a>
switching to HANDSHAKE_2_SENT
disconnected from auth
received session key handshake3!
{ replyNonce: <Buffer e8 cb 80 94 34 28 56 8a> }
client authenticated/authorized by solving nonce!
switching to IN_COMM
Handler: secure connection with the client established.
{ id: 25,
  remoteAddress: '::ffff:10.0.1.47:54898',
  status: 'open' }
received secure communication!
Received seqNum: 0
data received from server via secure communication
Handler: socketID: 25 data: data1
toSend: { data: <Buffer 64 61 74 61 31>, id: 25 }
specified socketID: 25
Unidentified client disconnected
Handler: secure connection with the client closed.
socket #25 closed
Unidentified client connected
received session key handshake1
switching to HANDSHAKE_1_RECEIVED state.
session key id: 40101467
session key NOT found! sending session key id to AuthService
Distribution protocol: TCP
connected to auth! from local port 39450
received auth hello!
{ authId: 401, nonce: <Buffer 92 80 fd 5e 75 85 0f c9> }
received session key response encrypted with distribution key
replyNonce in sessionKeyResp: <Buffer f4 52 a7 98 e9 ab a7 cd>
auth nonce verified
received 1 keys
Session key id is as expected
server ret: [object Object]
chosen nonce: <Buffer 9e f1 3a c4 45 31 bc 40>
switching to HANDSHAKE_2_SENT
disconnected from auth
received session key handshake3!
{ replyNonce: <Buffer 9e f1 3a c4 45 31 bc 40> }
client authenticated/authorized by solving nonce!
switching to IN_COMM
Handler: secure connection with the client established.
{ id: 26,
  remoteAddress: '::ffff:10.0.1.47:55144',
  status: 'open' }
received secure communication!
Received seqNum: 0
data received from server via secure communication
Handler: socketID: 26 data: data1
toSend: { data: <Buffer 64 61 74 61 31>, id: 26 }
specified socketID: 26
Unidentified client disconnected
Handler: secure connection with the client closed.
socket #26 closed
Unidentified client connected
received session key handshake1
switching to HANDSHAKE_1_RECEIVED state.
session key id: 40101473
session key NOT found! sending session key id to AuthService
Distribution protocol: TCP
connected to auth! from local port 39696
received auth hello!
{ authId: 401, nonce: <Buffer 29 5f b8 cc 26 3f 4b 99> }
received session key response encrypted with distribution key
replyNonce in sessionKeyResp: <Buffer 60 0b 81 51 6a fd 2f 53>
auth nonce verified
received 1 keys
Session key id is as expected
server ret: [object Object]
chosen nonce: <Buffer c7 a3 ab 2c 7b db 55 af>
switching to HANDSHAKE_2_SENT
disconnected from auth
received session key handshake3!
{ replyNonce: <Buffer c7 a3 ab 2c 7b db 55 af> }
client authenticated/authorized by solving nonce!
switching to IN_COMM
Handler: secure connection with the client established.
{ id: 27,
  remoteAddress: '::ffff:10.0.1.47:55392',
  status: 'open' }
received secure communication!
Received seqNum: 0
data received from server via secure communication
Handler: socketID: 27 data: data1
toSend: { data: <Buffer 64 61 74 61 31>, id: 27 }
specified socketID: 27
Unidentified client disconnected
Handler: secure connection with the client closed.
socket #27 closed
