changing working directory to: /home/hokeunkim/Development/iotauth/entity/node/example_entities
loading from config file: /home/hokeunkim/Development/iotauth_experiments/experiments/ccs2017/expOptions/expEntity.option
Experimental options for echoServer: { autoSendPeriod: 60000,
  useSameSessionKeyCount: 1,
  connectionTimeout: 50000,
  migrationEnabled: true,
  authFailureThreshold: 2,
  migrationFailureThreshold: 2 }
loading from config file: /home/hokeunkim/Development/iotauth/entity/node/example_entities/configs/Servers/s513.config
initializing secure comm server...
Session protocol: TCP
current parameters: { migrationEnabled: true,
  authFailureThreshold: 3,
  migrationFailureThreshold: 3 }
current parameters: { migrationEnabled: true,
  authFailureThreshold: 2,
  migrationFailureThreshold: 3 }
current parameters: { migrationEnabled: true,
  authFailureThreshold: 2,
  migrationFailureThreshold: 2 }
current entityInfo: { name: 's513',
  group: 'Servers',
  distProtocol: 'TCP',
  usePermanentDistKey: false,
  connectionTimeout: 50000,
  privateKey: <Buffer 2d 2d 2d 2d 2d 42 45 47 49 4e 20 52 53 41 20 50 52 49 56 41 54 45 20 4b 45 59 2d 2d 2d 2d 2d 0a 4d 49 49 45 6f 77 49 42 41 41 4b 43 41 51 45 41 75 74 ... > }
Handler: listening on port 22100
s513:Servers prompt>
Unidentified client connected
received session key handshake1
switching to HANDSHAKE_1_RECEIVED state.
session key id: 50300371
session key NOT found! sending session key id to AuthService
Distribution protocol: TCP
connected to auth! from local port 60404
received auth hello!
{ authId: 502, nonce: <Buffer 2c b9 70 37 c0 a7 d0 cb> }
received session key response with distribution key attached!
auth signature verified
replyNonce in sessionKeyResp: <Buffer ca cf 94 e5 c9 3f 08 d4>
auth nonce verified
handleSessionKeyResp: session key request succeeded! authFailureCount: 0
updating distribution key: { cipherKeyVal: <Buffer 03 8a c4 8b 85 aa e2 91 7d 24 fc fb bd 58 18 13>,
  macKeyVal: <Buffer 09 1c c5 f3 99 f8 49 40 a9 4e 01 0a b4 ff f2 4f 67 3f 5b a5 ea 55 e4 5c d3 4a fa ec 8e 65 f3 c6>,
  absValidity: 2018-03-21T06:48:55.195Z }
received 1 keys
Session key id is as expected
server ret: [object Object]
chosen nonce: <Buffer b0 02 f0 72 80 ac 7a 0c>
switching to HANDSHAKE_2_SENT
disconnected from auth
received session key handshake3!
{ replyNonce: <Buffer b0 02 f0 72 80 ac 7a 0c> }
client authenticated/authorized by solving nonce!
switching to IN_COMM
Handler: secure connection with the client established.
{ id: 0,
  remoteAddress: '::ffff:10.0.1.79:45890',
  status: 'open' }
received secure communication!
Received seqNum: 0
data received from server via secure communication
Handler: socketID: 0 data: data1
toSend: { data: <Buffer 64 61 74 61 31>, id: 0 }
specified socketID: 0
Unidentified client disconnected
Handler: secure connection with the client closed.
socket #0 closed
Unidentified client connected
received session key handshake1
switching to HANDSHAKE_1_RECEIVED state.
session key id: 50300376
session key NOT found! sending session key id to AuthService
Distribution protocol: TCP
connected to auth! from local port 60676
received auth hello!
{ authId: 502, nonce: <Buffer fe 42 6e 22 0b 2b f5 86> }
received session key response encrypted with distribution key
replyNonce in sessionKeyResp: <Buffer e3 97 5b 90 5d 15 24 9e>
auth nonce verified
handleSessionKeyResp: session key request succeeded! authFailureCount: 0
received 1 keys
Session key id is as expected
server ret: [object Object]
chosen nonce: <Buffer 3a 2e 64 da 60 97 ab ca>
switching to HANDSHAKE_2_SENT
received session key handshake3!
{ replyNonce: <Buffer 3a 2e 64 da 60 97 ab ca> }
client authenticated/authorized by solving nonce!
switching to IN_COMM
Handler: secure connection with the client established.
{ id: 1,
  remoteAddress: '::ffff:10.0.1.79:46162',
  status: 'open' }
disconnected from auth
received secure communication!
Received seqNum: 0
data received from server via secure communication
Handler: socketID: 1 data: data1
toSend: { data: <Buffer 64 61 74 61 31>, id: 1 }
specified socketID: 1
Unidentified client disconnected
Handler: secure connection with the client closed.
socket #1 closed
Unidentified client connected
received session key handshake1
switching to HANDSHAKE_1_RECEIVED state.
session key id: 50300381
session key NOT found! sending session key id to AuthService
Distribution protocol: TCP
connected to auth! from local port 60946
received auth hello!
{ authId: 502, nonce: <Buffer 6a 82 ba 54 9b 04 d7 9e> }
received session key response encrypted with distribution key
replyNonce in sessionKeyResp: <Buffer d9 24 92 64 ab f3 ce 25>
auth nonce verified
handleSessionKeyResp: session key request succeeded! authFailureCount: 0
received 1 keys
Session key id is as expected
server ret: [object Object]
chosen nonce: <Buffer 46 66 79 69 eb b4 31 29>
switching to HANDSHAKE_2_SENT
disconnected from auth
received session key handshake3!
{ replyNonce: <Buffer 46 66 79 69 eb b4 31 29> }
client authenticated/authorized by solving nonce!
switching to IN_COMM
Handler: secure connection with the client established.
{ id: 2,
  remoteAddress: '::ffff:10.0.1.79:46432',
  status: 'open' }
received secure communication!
Received seqNum: 0
data received from server via secure communication
Handler: socketID: 2 data: data1
toSend: { data: <Buffer 64 61 74 61 31>, id: 2 }
specified socketID: 2
Unidentified client disconnected
Handler: secure connection with the client closed.
socket #2 closed
Unidentified client connected
received session key handshake1
switching to HANDSHAKE_1_RECEIVED state.
session key id: 50300386
session key NOT found! sending session key id to AuthService
Distribution protocol: TCP
connected to auth! from local port 32984
received auth hello!
{ authId: 502, nonce: <Buffer 34 d1 a3 ef ab 3f 9d 21> }
received session key response encrypted with distribution key
replyNonce in sessionKeyResp: <Buffer ad 2c 02 0f ea c1 8d 0c>
auth nonce verified
handleSessionKeyResp: session key request succeeded! authFailureCount: 0
received 1 keys
Session key id is as expected
server ret: [object Object]
chosen nonce: <Buffer 85 91 44 1d 03 46 23 35>
switching to HANDSHAKE_2_SENT
disconnected from auth
received session key handshake3!
{ replyNonce: <Buffer 85 91 44 1d 03 46 23 35> }
client authenticated/authorized by solving nonce!
switching to IN_COMM
Handler: secure connection with the client established.
{ id: 3,
  remoteAddress: '::ffff:10.0.1.79:46702',
  status: 'open' }
received secure communication!
Received seqNum: 0
data received from server via secure communication
Handler: socketID: 3 data: data1
toSend: { data: <Buffer 64 61 74 61 31>, id: 3 }
specified socketID: 3
Unidentified client disconnected
Handler: secure connection with the client closed.
socket #3 closed
Unidentified client connected
received session key handshake1
switching to HANDSHAKE_1_RECEIVED state.
session key id: 50300391
session key NOT found! sending session key id to AuthService
Distribution protocol: TCP
connected to auth! from local port 33254
received auth hello!
{ authId: 502, nonce: <Buffer c7 a9 19 7a 5f f5 20 f4> }
received session key response encrypted with distribution key
replyNonce in sessionKeyResp: <Buffer c8 2f f6 ea 6e 2e 23 17>
auth nonce verified
handleSessionKeyResp: session key request succeeded! authFailureCount: 0
received 1 keys
Session key id is as expected
server ret: [object Object]
chosen nonce: <Buffer 9e 7f 1d f0 06 9c b1 39>
switching to HANDSHAKE_2_SENT
received session key handshake3!
{ replyNonce: <Buffer 9e 7f 1d f0 06 9c b1 39> }
client authenticated/authorized by solving nonce!
switching to IN_COMM
Handler: secure connection with the client established.
{ id: 4,
  remoteAddress: '::ffff:10.0.1.79:46972',
  status: 'open' }
disconnected from auth
received secure communication!
Received seqNum: 0
data received from server via secure communication
Handler: socketID: 4 data: data1
toSend: { data: <Buffer 64 61 74 61 31>, id: 4 }
specified socketID: 4
Unidentified client disconnected
Handler: secure connection with the client closed.
socket #4 closed
Unidentified client connected
received session key handshake1
switching to HANDSHAKE_1_RECEIVED state.
session key id: 50300396
session key NOT found! sending session key id to AuthService
Distribution protocol: TCP
connected to auth! from local port 33526
received auth hello!
{ authId: 502, nonce: <Buffer 34 f5 48 6e 49 51 11 45> }
received session key response encrypted with distribution key
replyNonce in sessionKeyResp: <Buffer ef 1d 16 2f e8 2a 76 e7>
auth nonce verified
handleSessionKeyResp: session key request succeeded! authFailureCount: 0
received 1 keys
Session key id is as expected
server ret: [object Object]
chosen nonce: <Buffer 7c 36 9e 90 fe 53 8a f5>
switching to HANDSHAKE_2_SENT
disconnected from auth
received session key handshake3!
{ replyNonce: <Buffer 7c 36 9e 90 fe 53 8a f5> }
client authenticated/authorized by solving nonce!
switching to IN_COMM
Handler: secure connection with the client established.
{ id: 5,
  remoteAddress: '::ffff:10.0.1.79:47242',
  status: 'open' }
received secure communication!
Received seqNum: 0
data received from server via secure communication
Handler: socketID: 5 data: data1
toSend: { data: <Buffer 64 61 74 61 31>, id: 5 }
specified socketID: 5
Unidentified client disconnected
Handler: secure connection with the client closed.
socket #5 closed
Unidentified client connected
received session key handshake1
switching to HANDSHAKE_1_RECEIVED state.
session key id: 50300401
session key NOT found! sending session key id to AuthService
Distribution protocol: TCP
connected to auth! from local port 33790
received auth hello!
{ authId: 502, nonce: <Buffer 19 da 9c f8 5d 1e d9 ca> }
received session key response encrypted with distribution key
replyNonce in sessionKeyResp: <Buffer 78 00 4a be bc db 78 ce>
auth nonce verified
handleSessionKeyResp: session key request succeeded! authFailureCount: 0
received 1 keys
Session key id is as expected
server ret: [object Object]
chosen nonce: <Buffer 4a 39 35 44 36 fb 98 2f>
switching to HANDSHAKE_2_SENT
disconnected from auth
received session key handshake3!
{ replyNonce: <Buffer 4a 39 35 44 36 fb 98 2f> }
client authenticated/authorized by solving nonce!
switching to IN_COMM
Handler: secure connection with the client established.
{ id: 6,
  remoteAddress: '::ffff:10.0.1.79:47508',
  status: 'open' }
received secure communication!
Received seqNum: 0
data received from server via secure communication
Handler: socketID: 6 data: data1
toSend: { data: <Buffer 64 61 74 61 31>, id: 6 }
specified socketID: 6
Unidentified client disconnected
Handler: secure connection with the client closed.
socket #6 closed
Unidentified client connected
received session key handshake1
switching to HANDSHAKE_1_RECEIVED state.
session key id: 50300406
session key NOT found! sending session key id to AuthService
Distribution protocol: TCP
connected to auth! from local port 33976
received auth hello!
{ authId: 502, nonce: <Buffer 21 d8 c8 07 3b c9 73 21> }
received session key response encrypted with distribution key
replyNonce in sessionKeyResp: <Buffer 9a ee 28 61 b0 86 19 33>
auth nonce verified
handleSessionKeyResp: session key request succeeded! authFailureCount: 0
received 1 keys
Session key id is as expected
server ret: [object Object]
chosen nonce: <Buffer 5f c2 23 e7 78 ac bb 70>
switching to HANDSHAKE_2_SENT
disconnected from auth
received session key handshake3!
{ replyNonce: <Buffer 5f c2 23 e7 78 ac bb 70> }
client authenticated/authorized by solving nonce!
switching to IN_COMM
Handler: secure connection with the client established.
{ id: 7,
  remoteAddress: '::ffff:10.0.1.79:47694',
  status: 'open' }
received secure communication!
Received seqNum: 0
data received from server via secure communication
Handler: socketID: 7 data: data1
toSend: { data: <Buffer 64 61 74 61 31>, id: 7 }
specified socketID: 7
Unidentified client disconnected
Handler: secure connection with the client closed.
socket #7 closed
Unidentified client connected
received session key handshake1
switching to HANDSHAKE_1_RECEIVED state.
session key id: 50300411
session key NOT found! sending session key id to AuthService
Distribution protocol: TCP
connected to auth! from local port 34206
received auth hello!
{ authId: 502, nonce: <Buffer 3b 07 19 25 2d ba 5d 2c> }
received session key response encrypted with distribution key
replyNonce in sessionKeyResp: <Buffer 89 1f e8 de 20 79 fb c5>
auth nonce verified
handleSessionKeyResp: session key request succeeded! authFailureCount: 0
received 1 keys
Session key id is as expected
server ret: [object Object]
chosen nonce: <Buffer 6d 79 6f 80 e3 92 04 5e>
switching to HANDSHAKE_2_SENT
received session key handshake3!
{ replyNonce: <Buffer 6d 79 6f 80 e3 92 04 5e> }
client authenticated/authorized by solving nonce!
switching to IN_COMM
Handler: secure connection with the client established.
{ id: 8,
  remoteAddress: '::ffff:10.0.1.79:47922',
  status: 'open' }
disconnected from auth
received secure communication!
Received seqNum: 0
data received from server via secure communication
Handler: socketID: 8 data: data1
toSend: { data: <Buffer 64 61 74 61 31>, id: 8 }
specified socketID: 8
Unidentified client disconnected
Handler: secure connection with the client closed.
socket #8 closed
Unidentified client connected
received session key handshake1
switching to HANDSHAKE_1_RECEIVED state.
session key id: 50300421
session key NOT found! sending session key id to AuthService
Distribution protocol: TCP
connected to auth! from local port 34480
received auth hello!
{ authId: 502, nonce: <Buffer 60 f0 83 aa e9 e4 d7 42> }
received session key response encrypted with distribution key
replyNonce in sessionKeyResp: <Buffer cd 84 c8 16 4f cc dc bd>
auth nonce verified
handleSessionKeyResp: session key request succeeded! authFailureCount: 0
received 1 keys
Session key id is as expected
server ret: [object Object]
chosen nonce: <Buffer 02 59 e2 89 9c 57 78 ff>
switching to HANDSHAKE_2_SENT
received session key handshake3!
{ replyNonce: <Buffer 02 59 e2 89 9c 57 78 ff> }
client authenticated/authorized by solving nonce!
switching to IN_COMM
Handler: secure connection with the client established.
{ id: 9,
  remoteAddress: '::ffff:10.0.1.79:48198',
  status: 'open' }
disconnected from auth
received secure communication!
Received seqNum: 0
data received from server via secure communication
Handler: socketID: 9 data: data1
toSend: { data: <Buffer 64 61 74 61 31>, id: 9 }
specified socketID: 9
Unidentified client disconnected
Handler: secure connection with the client closed.
socket #9 closed
Unidentified client connected
received session key handshake1
switching to HANDSHAKE_1_RECEIVED state.
session key id: 50300431
session key NOT found! sending session key id to AuthService
Distribution protocol: TCP
connected to auth! from local port 34776
received auth hello!
{ authId: 502, nonce: <Buffer 7b 5a 8b 04 fa 98 b0 ae> }
received session key response encrypted with distribution key
replyNonce in sessionKeyResp: <Buffer 3d 6a 8d 8f f6 03 74 a0>
auth nonce verified
handleSessionKeyResp: session key request succeeded! authFailureCount: 0
received 1 keys
Session key id is as expected
server ret: [object Object]
chosen nonce: <Buffer b5 9e 7f bf ea c1 11 9a>
switching to HANDSHAKE_2_SENT
disconnected from auth
received session key handshake3!
{ replyNonce: <Buffer b5 9e 7f bf ea c1 11 9a> }
client authenticated/authorized by solving nonce!
switching to IN_COMM
Handler: secure connection with the client established.
{ id: 10,
  remoteAddress: '::ffff:10.0.1.79:48492',
  status: 'open' }
received secure communication!
Received seqNum: 0
data received from server via secure communication
Handler: socketID: 10 data: data1
toSend: { data: <Buffer 64 61 74 61 31>, id: 10 }
specified socketID: 10
Unidentified client disconnected
Handler: secure connection with the client closed.
socket #10 closed
Unidentified client connected
received session key handshake1
switching to HANDSHAKE_1_RECEIVED state.
session key id: 50300441
session key NOT found! sending session key id to AuthService
Distribution protocol: TCP
connected to auth! from local port 35040
received auth hello!
{ authId: 502, nonce: <Buffer e2 63 20 49 84 bf 9d c1> }
received session key response encrypted with distribution key
replyNonce in sessionKeyResp: <Buffer 17 f6 0b f3 6c 7c ce f4>
auth nonce verified
handleSessionKeyResp: session key request succeeded! authFailureCount: 0
received 1 keys
Session key id is as expected
server ret: [object Object]
chosen nonce: <Buffer ad e9 88 db b9 59 89 25>
switching to HANDSHAKE_2_SENT
received session key handshake3!
{ replyNonce: <Buffer ad e9 88 db b9 59 89 25> }
client authenticated/authorized by solving nonce!
switching to IN_COMM
Handler: secure connection with the client established.
{ id: 11,
  remoteAddress: '::ffff:10.0.1.79:48756',
  status: 'open' }
disconnected from auth
received secure communication!
Received seqNum: 0
data received from server via secure communication
Handler: socketID: 11 data: data1
toSend: { data: <Buffer 64 61 74 61 31>, id: 11 }
specified socketID: 11
Unidentified client disconnected
Handler: secure connection with the client closed.
socket #11 closed
Unidentified client connected
received session key handshake1
switching to HANDSHAKE_1_RECEIVED state.
session key id: 50300451
session key NOT found! sending session key id to AuthService
Distribution protocol: TCP
connected to auth! from local port 35306
received auth hello!
{ authId: 502, nonce: <Buffer 32 55 38 fb 23 d6 d2 77> }
received session key response encrypted with distribution key
replyNonce in sessionKeyResp: <Buffer a5 bd d8 be 2c ad f7 cd>
auth nonce verified
handleSessionKeyResp: session key request succeeded! authFailureCount: 0
received 1 keys
Session key id is as expected
server ret: [object Object]
chosen nonce: <Buffer e3 79 af e4 1a 65 7d c7>
switching to HANDSHAKE_2_SENT
received session key handshake3!
{ replyNonce: <Buffer e3 79 af e4 1a 65 7d c7> }
client authenticated/authorized by solving nonce!
switching to IN_COMM
Handler: secure connection with the client established.
{ id: 12,
  remoteAddress: '::ffff:10.0.1.79:49024',
  status: 'open' }
disconnected from auth
received secure communication!
Received seqNum: 0
data received from server via secure communication
Handler: socketID: 12 data: data1
toSend: { data: <Buffer 64 61 74 61 31>, id: 12 }
specified socketID: 12
Unidentified client disconnected
Handler: secure connection with the client closed.
socket #12 closed
Unidentified client connected
received session key handshake1
switching to HANDSHAKE_1_RECEIVED state.
session key id: 50300461
session key NOT found! sending session key id to AuthService
Distribution protocol: TCP
connected to auth! from local port 35572
received auth hello!
{ authId: 502, nonce: <Buffer 21 a4 d0 ab b5 da a1 e8> }
received session key response encrypted with distribution key
replyNonce in sessionKeyResp: <Buffer 16 9f 65 b0 37 52 a4 e9>
auth nonce verified
handleSessionKeyResp: session key request succeeded! authFailureCount: 0
received 1 keys
Session key id is as expected
server ret: [object Object]
chosen nonce: <Buffer 93 0c 42 68 6f db 68 5c>
switching to HANDSHAKE_2_SENT
received session key handshake3!
{ replyNonce: <Buffer 93 0c 42 68 6f db 68 5c> }
client authenticated/authorized by solving nonce!
switching to IN_COMM
Handler: secure connection with the client established.
{ id: 13,
  remoteAddress: '::ffff:10.0.1.79:49290',
  status: 'open' }
disconnected from auth
received secure communication!
Received seqNum: 0
data received from server via secure communication
Handler: socketID: 13 data: data1
toSend: { data: <Buffer 64 61 74 61 31>, id: 13 }
specified socketID: 13
Unidentified client disconnected
Handler: secure connection with the client closed.
socket #13 closed
Unidentified client connected
received session key handshake1
switching to HANDSHAKE_1_RECEIVED state.
session key id: 50300471
session key NOT found! sending session key id to AuthService
Distribution protocol: TCP
connected to auth! from local port 35834
received auth hello!
{ authId: 502, nonce: <Buffer 61 4d 68 2c fc ee cf eb> }
received session key response encrypted with distribution key
replyNonce in sessionKeyResp: <Buffer 5b 78 53 bd 76 ef d4 8b>
auth nonce verified
handleSessionKeyResp: session key request succeeded! authFailureCount: 0
received 1 keys
Session key id is as expected
server ret: [object Object]
chosen nonce: <Buffer c2 95 6f fb 00 54 ee 84>
switching to HANDSHAKE_2_SENT
disconnected from auth
received session key handshake3!
{ replyNonce: <Buffer c2 95 6f fb 00 54 ee 84> }
client authenticated/authorized by solving nonce!
switching to IN_COMM
Handler: secure connection with the client established.
{ id: 14,
  remoteAddress: '::ffff:10.0.1.79:49552',
  status: 'open' }
received secure communication!
Received seqNum: 0
data received from server via secure communication
Handler: socketID: 14 data: data1
toSend: { data: <Buffer 64 61 74 61 31>, id: 14 }
specified socketID: 14
Unidentified client disconnected
Handler: secure connection with the client closed.
socket #14 closed
Unidentified client connected
received session key handshake1
switching to HANDSHAKE_1_RECEIVED state.
session key id: 50300481
session key NOT found! sending session key id to AuthService
Distribution protocol: TCP
connected to auth! from local port 36100
received auth hello!
{ authId: 502, nonce: <Buffer f0 02 9a e9 fd af ea 01> }
received session key response encrypted with distribution key
replyNonce in sessionKeyResp: <Buffer 70 79 b1 a3 f9 06 0d 33>
auth nonce verified
handleSessionKeyResp: session key request succeeded! authFailureCount: 0
received 1 keys
Session key id is as expected
server ret: [object Object]
chosen nonce: <Buffer 8d 90 d9 c5 fa c3 fe f8>
switching to HANDSHAKE_2_SENT
received session key handshake3!
{ replyNonce: <Buffer 8d 90 d9 c5 fa c3 fe f8> }
client authenticated/authorized by solving nonce!
switching to IN_COMM
Handler: secure connection with the client established.
{ id: 15,
  remoteAddress: '::ffff:10.0.1.79:49818',
  status: 'open' }
disconnected from auth
received secure communication!
Received seqNum: 0
data received from server via secure communication
Handler: socketID: 15 data: data1
toSend: { data: <Buffer 64 61 74 61 31>, id: 15 }
specified socketID: 15
Unidentified client disconnected
Handler: secure connection with the client closed.
socket #15 closed
Unidentified client connected
received session key handshake1
switching to HANDSHAKE_1_RECEIVED state.
session key id: 50300491
session key NOT found! sending session key id to AuthService
Distribution protocol: TCP
connected to auth! from local port 36368
received auth hello!
{ authId: 502, nonce: <Buffer e8 2b 3d 24 9e 84 09 40> }
received session key response encrypted with distribution key
replyNonce in sessionKeyResp: <Buffer 2a 0f fe d1 1a 45 58 58>
auth nonce verified
handleSessionKeyResp: session key request succeeded! authFailureCount: 0
received 1 keys
Session key id is as expected
server ret: [object Object]
chosen nonce: <Buffer fd a0 ad 9f fd e8 01 04>
switching to HANDSHAKE_2_SENT
received session key handshake3!
{ replyNonce: <Buffer fd a0 ad 9f fd e8 01 04> }
client authenticated/authorized by solving nonce!
switching to IN_COMM
Handler: secure connection with the client established.
{ id: 16,
  remoteAddress: '::ffff:10.0.1.79:50084',
  status: 'open' }
disconnected from auth
received secure communication!
Received seqNum: 0
data received from server via secure communication
Handler: socketID: 16 data: data1
toSend: { data: <Buffer 64 61 74 61 31>, id: 16 }
specified socketID: 16
Unidentified client disconnected
Handler: secure connection with the client closed.
socket #16 closed
Unidentified client connected
received session key handshake1
switching to HANDSHAKE_1_RECEIVED state.
session key id: 50300501
session key NOT found! sending session key id to AuthService
Distribution protocol: TCP
connected to auth! from local port 36636
received auth hello!
{ authId: 502, nonce: <Buffer 18 5f 8a a7 4f 36 46 5f> }
received session key response encrypted with distribution key
replyNonce in sessionKeyResp: <Buffer fa ce d4 11 2c 2d a6 73>
auth nonce verified
handleSessionKeyResp: session key request succeeded! authFailureCount: 0
received 1 keys
Session key id is as expected
server ret: [object Object]
chosen nonce: <Buffer a7 43 de d4 44 7d 85 23>
switching to HANDSHAKE_2_SENT
received session key handshake3!
{ replyNonce: <Buffer a7 43 de d4 44 7d 85 23> }
client authenticated/authorized by solving nonce!
switching to IN_COMM
Handler: secure connection with the client established.
{ id: 17,
  remoteAddress: '::ffff:10.0.1.79:50354',
  status: 'open' }
disconnected from auth
received secure communication!
Received seqNum: 0
data received from server via secure communication
Handler: socketID: 17 data: data1
toSend: { data: <Buffer 64 61 74 61 31>, id: 17 }
specified socketID: 17
Unidentified client disconnected
Handler: secure connection with the client closed.
socket #17 closed
Unidentified client connected
received session key handshake1
switching to HANDSHAKE_1_RECEIVED state.
session key id: 50300511
session key NOT found! sending session key id to AuthService
Distribution protocol: TCP
connected to auth! from local port 36902
received auth hello!
{ authId: 502, nonce: <Buffer 30 90 74 45 e4 aa cf 22> }
received session key response encrypted with distribution key
replyNonce in sessionKeyResp: <Buffer 1e 83 c5 4e 64 72 a4 8c>
auth nonce verified
handleSessionKeyResp: session key request succeeded! authFailureCount: 0
received 1 keys
Session key id is as expected
server ret: [object Object]
chosen nonce: <Buffer e0 7c ef a0 52 d6 f8 23>
switching to HANDSHAKE_2_SENT
disconnected from auth
received session key handshake3!
{ replyNonce: <Buffer e0 7c ef a0 52 d6 f8 23> }
client authenticated/authorized by solving nonce!
switching to IN_COMM
Handler: secure connection with the client established.
{ id: 18,
  remoteAddress: '::ffff:10.0.1.79:50620',
  status: 'open' }
received secure communication!
Received seqNum: 0
data received from server via secure communication
Handler: socketID: 18 data: data1
toSend: { data: <Buffer 64 61 74 61 31>, id: 18 }
specified socketID: 18
Unidentified client disconnected
Handler: secure connection with the client closed.
socket #18 closed
Unidentified client connected
received session key handshake1
switching to HANDSHAKE_1_RECEIVED state.
session key id: 50300521
session key NOT found! sending session key id to AuthService
Distribution protocol: TCP
connected to auth! from local port 37168
received auth hello!
{ authId: 502, nonce: <Buffer f1 03 90 55 62 ca 7c 4c> }
received session key response encrypted with distribution key
replyNonce in sessionKeyResp: <Buffer 21 ed 2f 0f 83 4a 2a ce>
auth nonce verified
handleSessionKeyResp: session key request succeeded! authFailureCount: 0
received 1 keys
Session key id is as expected
server ret: [object Object]
chosen nonce: <Buffer 88 17 b6 05 d5 fd 2e d8>
switching to HANDSHAKE_2_SENT
received session key handshake3!
{ replyNonce: <Buffer 88 17 b6 05 d5 fd 2e d8> }
client authenticated/authorized by solving nonce!
switching to IN_COMM
Handler: secure connection with the client established.
{ id: 19,
  remoteAddress: '::ffff:10.0.1.79:50886',
  status: 'open' }
disconnected from auth
received secure communication!
Received seqNum: 0
data received from server via secure communication
Handler: socketID: 19 data: data1
toSend: { data: <Buffer 64 61 74 61 31>, id: 19 }
specified socketID: 19
Unidentified client disconnected
Handler: secure connection with the client closed.
socket #19 closed
Unidentified client connected
received session key handshake1
switching to HANDSHAKE_1_RECEIVED state.
session key id: 50300531
session key NOT found! sending session key id to AuthService
Distribution protocol: TCP
connected to auth! from local port 37434
received auth hello!
{ authId: 502, nonce: <Buffer 43 3b 49 5b ce 83 da 0d> }
received session key response encrypted with distribution key
replyNonce in sessionKeyResp: <Buffer 56 c9 24 26 65 6a 02 bf>
auth nonce verified
handleSessionKeyResp: session key request succeeded! authFailureCount: 0
received 1 keys
Session key id is as expected
server ret: [object Object]
chosen nonce: <Buffer 96 d3 f7 58 da 66 8b db>
switching to HANDSHAKE_2_SENT
received session key handshake3!
{ replyNonce: <Buffer 96 d3 f7 58 da 66 8b db> }
client authenticated/authorized by solving nonce!
switching to IN_COMM
Handler: secure connection with the client established.
{ id: 20,
  remoteAddress: '::ffff:10.0.1.79:51150',
  status: 'open' }
disconnected from auth
received secure communication!
Received seqNum: 0
data received from server via secure communication
Handler: socketID: 20 data: data1
toSend: { data: <Buffer 64 61 74 61 31>, id: 20 }
specified socketID: 20
Unidentified client disconnected
Handler: secure connection with the client closed.
socket #20 closed
Unidentified client connected
received session key handshake1
switching to HANDSHAKE_1_RECEIVED state.
session key id: 50300541
session key NOT found! sending session key id to AuthService
Distribution protocol: TCP
connected to auth! from local port 37702
received auth hello!
{ authId: 502, nonce: <Buffer 47 81 43 b6 a8 8c af 25> }
received session key response encrypted with distribution key
replyNonce in sessionKeyResp: <Buffer a2 28 99 e4 3a 09 13 04>
auth nonce verified
handleSessionKeyResp: session key request succeeded! authFailureCount: 0
received 1 keys
Session key id is as expected
server ret: [object Object]
chosen nonce: <Buffer 15 d1 28 ff 25 57 01 6a>
switching to HANDSHAKE_2_SENT
received session key handshake3!
{ replyNonce: <Buffer 15 d1 28 ff 25 57 01 6a> }
client authenticated/authorized by solving nonce!
switching to IN_COMM
Handler: secure connection with the client established.
{ id: 21,
  remoteAddress: '::ffff:10.0.1.79:51416',
  status: 'open' }
disconnected from auth
received secure communication!
Received seqNum: 0
data received from server via secure communication
Handler: socketID: 21 data: data1
toSend: { data: <Buffer 64 61 74 61 31>, id: 21 }
specified socketID: 21
Unidentified client disconnected
Handler: secure connection with the client closed.
socket #21 closed
Unidentified client connected
received session key handshake1
switching to HANDSHAKE_1_RECEIVED state.
session key id: 50300551
session key NOT found! sending session key id to AuthService
Distribution protocol: TCP
connected to auth! from local port 37966
received auth hello!
{ authId: 502, nonce: <Buffer ab 9b a4 1a 8b d4 e5 7a> }
received session key response encrypted with distribution key
replyNonce in sessionKeyResp: <Buffer 5e d7 70 38 de 04 5d bc>
auth nonce verified
handleSessionKeyResp: session key request succeeded! authFailureCount: 0
received 1 keys
Session key id is as expected
server ret: [object Object]
chosen nonce: <Buffer 93 1c fe df 0f 38 a8 55>
switching to HANDSHAKE_2_SENT
disconnected from auth
received session key handshake3!
{ replyNonce: <Buffer 93 1c fe df 0f 38 a8 55> }
client authenticated/authorized by solving nonce!
switching to IN_COMM
Handler: secure connection with the client established.
{ id: 22,
  remoteAddress: '::ffff:10.0.1.79:51684',
  status: 'open' }
received secure communication!
Received seqNum: 0
data received from server via secure communication
Handler: socketID: 22 data: data1
toSend: { data: <Buffer 64 61 74 61 31>, id: 22 }
specified socketID: 22
Unidentified client disconnected
Handler: secure connection with the client closed.
socket #22 closed
Unidentified client connected
received session key handshake1
switching to HANDSHAKE_1_RECEIVED state.
session key id: 50300561
session key NOT found! sending session key id to AuthService
Distribution protocol: TCP
connected to auth! from local port 38232
received auth hello!
{ authId: 502, nonce: <Buffer 31 87 ea c5 d3 ca c9 84> }
received session key response encrypted with distribution key
replyNonce in sessionKeyResp: <Buffer 95 46 6e 4e fe 21 8c 16>
auth nonce verified
handleSessionKeyResp: session key request succeeded! authFailureCount: 0
received 1 keys
Session key id is as expected
server ret: [object Object]
chosen nonce: <Buffer 55 25 10 34 ee 7d 9c 67>
switching to HANDSHAKE_2_SENT
disconnected from auth
received session key handshake3!
{ replyNonce: <Buffer 55 25 10 34 ee 7d 9c 67> }
client authenticated/authorized by solving nonce!
switching to IN_COMM
Handler: secure connection with the client established.
{ id: 23,
  remoteAddress: '::ffff:10.0.1.79:51950',
  status: 'open' }
received secure communication!
Received seqNum: 0
data received from server via secure communication
Handler: socketID: 23 data: data1
toSend: { data: <Buffer 64 61 74 61 31>, id: 23 }
specified socketID: 23
Unidentified client disconnected
Handler: secure connection with the client closed.
socket #23 closed
Unidentified client connected
received session key handshake1
switching to HANDSHAKE_1_RECEIVED state.
session key id: 50300571
session key NOT found! sending session key id to AuthService
Distribution protocol: TCP
connected to auth! from local port 38498
received auth hello!
{ authId: 502, nonce: <Buffer 0f f0 20 07 c1 17 77 9e> }
received session key response encrypted with distribution key
replyNonce in sessionKeyResp: <Buffer 11 bf 66 6f 8b f3 41 db>
auth nonce verified
handleSessionKeyResp: session key request succeeded! authFailureCount: 0
received 1 keys
Session key id is as expected
server ret: [object Object]
chosen nonce: <Buffer ea 1e 39 8c 2b 53 84 e6>
switching to HANDSHAKE_2_SENT
received session key handshake3!
{ replyNonce: <Buffer ea 1e 39 8c 2b 53 84 e6> }
client authenticated/authorized by solving nonce!
switching to IN_COMM
Handler: secure connection with the client established.
{ id: 24,
  remoteAddress: '::ffff:10.0.1.79:52216',
  status: 'open' }
disconnected from auth
received secure communication!
Received seqNum: 0
data received from server via secure communication
Handler: socketID: 24 data: data1
toSend: { data: <Buffer 64 61 74 61 31>, id: 24 }
specified socketID: 24
Unidentified client disconnected
Handler: secure connection with the client closed.
socket #24 closed
Unidentified client connected
received session key handshake1
switching to HANDSHAKE_1_RECEIVED state.
session key id: 50300581
session key NOT found! sending session key id to AuthService
Distribution protocol: TCP
connected to auth! from local port 38764
received auth hello!
{ authId: 502, nonce: <Buffer b4 c1 28 c2 17 d1 ca 01> }
received session key response encrypted with distribution key
replyNonce in sessionKeyResp: <Buffer df d5 98 0a d5 e7 6c 0a>
auth nonce verified
handleSessionKeyResp: session key request succeeded! authFailureCount: 0
received 1 keys
Session key id is as expected
server ret: [object Object]
chosen nonce: <Buffer 6e 35 e5 77 02 9d 31 3f>
switching to HANDSHAKE_2_SENT
received session key handshake3!
{ replyNonce: <Buffer 6e 35 e5 77 02 9d 31 3f> }
client authenticated/authorized by solving nonce!
switching to IN_COMM
Handler: secure connection with the client established.
{ id: 25,
  remoteAddress: '::ffff:10.0.1.79:52482',
  status: 'open' }
disconnected from auth
received secure communication!
Received seqNum: 0
data received from server via secure communication
Handler: socketID: 25 data: data1
toSend: { data: <Buffer 64 61 74 61 31>, id: 25 }
specified socketID: 25
Unidentified client disconnected
Handler: secure connection with the client closed.
socket #25 closed
Unidentified client connected
received session key handshake1
switching to HANDSHAKE_1_RECEIVED state.
session key id: 50300591
session key NOT found! sending session key id to AuthService
Distribution protocol: TCP
connected to auth! from local port 39030
received auth hello!
{ authId: 502, nonce: <Buffer e0 87 1e 4c df e7 75 f4> }
received session key response encrypted with distribution key
replyNonce in sessionKeyResp: <Buffer fa 74 cd 54 70 e7 f2 56>
auth nonce verified
handleSessionKeyResp: session key request succeeded! authFailureCount: 0
received 1 keys
Session key id is as expected
server ret: [object Object]
chosen nonce: <Buffer ec d4 bd ef 3b 51 e5 de>
switching to HANDSHAKE_2_SENT
disconnected from auth
received session key handshake3!
{ replyNonce: <Buffer ec d4 bd ef 3b 51 e5 de> }
client authenticated/authorized by solving nonce!
switching to IN_COMM
Handler: secure connection with the client established.
{ id: 26,
  remoteAddress: '::ffff:10.0.1.79:52748',
  status: 'open' }
received secure communication!
Received seqNum: 0
data received from server via secure communication
Handler: socketID: 26 data: data1
toSend: { data: <Buffer 64 61 74 61 31>, id: 26 }
specified socketID: 26
Unidentified client disconnected
Handler: secure connection with the client closed.
socket #26 closed
Unidentified client connected
received session key handshake1
switching to HANDSHAKE_1_RECEIVED state.
session key id: 50300596
session key NOT found! sending session key id to AuthService
Distribution protocol: TCP
connected to auth! from local port 39192
received auth hello!
{ authId: 502, nonce: <Buffer 99 c3 7b 18 cf 35 bc 91> }
received session key response encrypted with distribution key
replyNonce in sessionKeyResp: <Buffer 4e 63 3a cd cb 10 a9 fc>
auth nonce verified
handleSessionKeyResp: session key request succeeded! authFailureCount: 0
received 1 keys
Session key id is as expected
server ret: [object Object]
chosen nonce: <Buffer 2d 82 03 e1 1c e4 d8 95>
switching to HANDSHAKE_2_SENT
received session key handshake3!
{ replyNonce: <Buffer 2d 82 03 e1 1c e4 d8 95> }
client authenticated/authorized by solving nonce!
switching to IN_COMM
Handler: secure connection with the client established.
{ id: 27,
  remoteAddress: '::ffff:10.0.1.79:52910',
  status: 'open' }
disconnected from auth
received secure communication!
Received seqNum: 0
data received from server via secure communication
Handler: socketID: 27 data: data1
toSend: { data: <Buffer 64 61 74 61 31>, id: 27 }
specified socketID: 27
Unidentified client disconnected
Handler: secure connection with the client closed.
socket #27 closed
