changing working directory to: /home/hokeunkim/Development/iotauth/entity/node/example_entities
loading from config file: /home/hokeunkim/Development/iotauth_experiments/experiments/ccs2017/expOptions/expEntity.option
Experimental options for autoClient: { autoSendPeriod: 60000,
  useSameSessionKeyCount: 1,
  connectionTimeout: 50000,
  migrationEnabled: true,
  authFailureThreshold: 2,
  migrationFailureThreshold: 2 }
loading from config file: /home/hokeunkim/Development/iotauth/entity/node/example_entities/configs/Clients/c519.config
initializing...
current parameters: { numKeysPerRequest: 3,
  migrationEnabled: false,
  authFailureThreshold: 3,
  migrationFailureThreshold: 3 }
current parameters: { numKeysPerRequest: 1,
  migrationEnabled: false,
  authFailureThreshold: 3,
  migrationFailureThreshold: 3 }
current parameters: { numKeysPerRequest: 1,
  migrationEnabled: true,
  authFailureThreshold: 3,
  migrationFailureThreshold: 3 }
current parameters: { numKeysPerRequest: 1,
  migrationEnabled: true,
  authFailureThreshold: 2,
  migrationFailureThreshold: 3 }
current parameters: { numKeysPerRequest: 1,
  migrationEnabled: true,
  authFailureThreshold: 2,
  migrationFailureThreshold: 2 }
current entityInfo: { name: 'c519',
  group: 'Clients',
  distProtocol: 'TCP',
  usePermanentDistKey: false,
  connectionTimeout: 50000,
  privateKey: <Buffer 2d 2d 2d 2d 2d 42 45 47 49 4e 20 52 53 41 20 50 52 49 56 41 54 45 20 4b 45 59 2d 2d 2d 2d 2d 0a 4d 49 49 45 70 41 49 42 41 41 4b 43 41 51 45 41 33 6c ... > }
Distribution protocol: TCP
Resp-actual/expected/ratio/ts: 0 1 0 1535344240757
connected to auth! from local port 48300
received auth hello!
{ authId: 503, nonce: <Buffer 9d 14 96 7d a7 55 a5 43> }
received session key response with distribution key attached!
auth signature verified
replyNonce in sessionKeyResp: <Buffer 1b 8a ae ed ed da dc c6>
auth nonce verified
handleSessionKeyResp: session key request succeeded! authFailureCount: 0
updating distribution key: { cipherKeyVal: <Buffer 51 e7 7b e6 e3 3b d4 d9 88 f1 ec 6b e3 3b 91 1b>,
  macKeyVal: <Buffer 56 d9 c7 25 70 2f 36 dc 39 6a 05 28 98 dd 3f a6 77 8c b3 06 15 39 5f 49 ee 2c d5 95 54 51 9d b4>,
  absValidity: 2018-08-27T05:30:41.009Z }
received 1 keys
currentSessionKey: [object Object]
Session protocol: TCP
chosen commSessionKey: 
{ id: 50300167,
  cipherKeyVal: <Buffer b8 f1 52 ff 32 f4 e9 33 3b eb e2 af 62 29 9b 18>,
  macKeyVal: <Buffer da a8 2e bf 2c f4 35 cf bd 11 32 af bc 34 b6 55 9a b4 f2 d8 2a 57 b0 12 a6 10 44 1a c8 c6 cc 34>,
  absValidity: 2018-08-28T04:30:41.009Z,
  relValidity: 7200000 }
options
{ serverHost: '10.0.1.37',
  serverPort: 22100,
  sessionKey: 
   { id: 50300167,
     cipherKeyVal: <Buffer b8 f1 52 ff 32 f4 e9 33 3b eb e2 af 62 29 9b 18>,
     macKeyVal: <Buffer da a8 2e bf 2c f4 35 cf bd 11 32 af bc 34 b6 55 9a b4 f2 d8 2a 57 b0 12 a6 10 44 1a c8 c6 cc 34>,
     absValidity: 2018-08-28T04:30:41.009Z,
     relValidity: 7200000 },
  sessionCryptoSpec: { cipher: 'AES-128-CBC', mac: 'SHA256' },
  sessionProtocol: 'TCP',
  handshakeTimeout: 50000 }
chosen nonce: <Buffer 1e 06 a3 4e dc 16 8c 2b>
switching to HANDSHAKE_1_SENT
disconnected from auth
received session key handshake2!
client ret: [object Object]
server authenticated/authorized by solving nonce!
Handler: communication initialization succeeded
file data length: 1024
sending at Mon Aug 27 2018 04:30:41 GMT+0000 (UTC)
switching to IN_COMM
received secure communication message!
Received seqNum: 0
Handler: data received from server via secure communication
data1
Resp-actual/expected/ratio/ts: 1 1 1 1535344242398
Distribution protocol: TCP
Resp-actual/expected/ratio/ts: 1 2 0.5 1535344300816
connected to auth! from local port 48570
received auth hello!
{ authId: 503, nonce: <Buffer a0 01 0f a8 1c 10 45 dc> }
received session key response encrypted with distribution key
replyNonce in sessionKeyResp: <Buffer f8 9c 38 b1 24 c7 43 68>
auth nonce verified
handleSessionKeyResp: session key request succeeded! authFailureCount: 0
received 1 keys
currentSessionKey: [object Object]
Status: Secure connection closed before starting a new connection.
Session protocol: TCP
chosen commSessionKey: 
{ id: 50300172,
  cipherKeyVal: <Buffer 42 1a ca 53 d6 76 d2 42 48 de 45 ac f8 b1 45 c8>,
  macKeyVal: <Buffer 69 85 67 d8 06 de 2d f6 fa f3 7a a1 8f ca 43 d7 a8 e6 a1 4f 1e 40 30 6b 51 4e 21 55 63 2f b6 16>,
  absValidity: 2018-08-28T04:31:41.055Z,
  relValidity: 7200000 }
options
{ serverHost: '10.0.1.37',
  serverPort: 22100,
  sessionKey: 
   { id: 50300172,
     cipherKeyVal: <Buffer 42 1a ca 53 d6 76 d2 42 48 de 45 ac f8 b1 45 c8>,
     macKeyVal: <Buffer 69 85 67 d8 06 de 2d f6 fa f3 7a a1 8f ca 43 d7 a8 e6 a1 4f 1e 40 30 6b 51 4e 21 55 63 2f b6 16>,
     absValidity: 2018-08-28T04:31:41.055Z,
     relValidity: 7200000 },
  sessionCryptoSpec: { cipher: 'AES-128-CBC', mac: 'SHA256' },
  sessionProtocol: 'TCP',
  handshakeTimeout: 50000 }
chosen nonce: <Buffer fd 57 18 63 63 a7 69 01>
switching to HANDSHAKE_1_SENT
disconnected from auth
Handler: secure connection with the server closed.
received session key handshake2!
client ret: [object Object]
server authenticated/authorized by solving nonce!
Handler: communication initialization succeeded
file data length: 1024
sending at Mon Aug 27 2018 04:31:42 GMT+0000 (UTC)
switching to IN_COMM
received secure communication message!
Received seqNum: 0
Handler: data received from server via secure communication
data1
Resp-actual/expected/ratio/ts: 2 2 1 1535344302487
Distribution protocol: TCP
Resp-actual/expected/ratio/ts: 2 3 0.6666666666666666 1535344360874
connected to auth! from local port 48840
received auth hello!
{ authId: 503, nonce: <Buffer a1 6e 20 52 04 b4 fa ef> }
received session key response encrypted with distribution key
replyNonce in sessionKeyResp: <Buffer 0a 8f 6d 5a 78 32 b0 5f>
auth nonce verified
handleSessionKeyResp: session key request succeeded! authFailureCount: 0
received 1 keys
currentSessionKey: [object Object]
Status: Secure connection closed before starting a new connection.
Session protocol: TCP
chosen commSessionKey: 
{ id: 50300177,
  cipherKeyVal: <Buffer 4f d7 c4 c7 aa 13 a2 9b 8c 83 74 f6 1b 84 79 30>,
  macKeyVal: <Buffer 41 78 32 3d d1 04 a9 2f ef d3 43 5f c3 4a a8 4d 3a f1 29 20 ec ff 97 eb ad 34 6d 66 4c 48 90 e5>,
  absValidity: 2018-08-28T04:32:41.131Z,
  relValidity: 7200000 }
options
{ serverHost: '10.0.1.37',
  serverPort: 22100,
  sessionKey: 
   { id: 50300177,
     cipherKeyVal: <Buffer 4f d7 c4 c7 aa 13 a2 9b 8c 83 74 f6 1b 84 79 30>,
     macKeyVal: <Buffer 41 78 32 3d d1 04 a9 2f ef d3 43 5f c3 4a a8 4d 3a f1 29 20 ec ff 97 eb ad 34 6d 66 4c 48 90 e5>,
     absValidity: 2018-08-28T04:32:41.131Z,
     relValidity: 7200000 },
  sessionCryptoSpec: { cipher: 'AES-128-CBC', mac: 'SHA256' },
  sessionProtocol: 'TCP',
  handshakeTimeout: 50000 }
chosen nonce: <Buffer bb c6 94 a8 74 25 fe 44>
switching to HANDSHAKE_1_SENT
disconnected from auth
Handler: secure connection with the server closed.
received session key handshake2!
client ret: [object Object]
server authenticated/authorized by solving nonce!
Handler: communication initialization succeeded
file data length: 1024
sending at Mon Aug 27 2018 04:32:42 GMT+0000 (UTC)
switching to IN_COMM
received secure communication message!
Received seqNum: 0
Handler: data received from server via secure communication
data1
Resp-actual/expected/ratio/ts: 3 3 1 1535344362518
Distribution protocol: TCP
Resp-actual/expected/ratio/ts: 3 4 0.75 1535344420913
connected to auth! from local port 49110
received auth hello!
{ authId: 503, nonce: <Buffer 90 9d 66 ae 4b 5a e6 06> }
received session key response encrypted with distribution key
replyNonce in sessionKeyResp: <Buffer 5a 9f 9f 4f 99 6f 4f 1a>
auth nonce verified
handleSessionKeyResp: session key request succeeded! authFailureCount: 0
received 1 keys
currentSessionKey: [object Object]
Status: Secure connection closed before starting a new connection.
Session protocol: TCP
chosen commSessionKey: 
{ id: 50300182,
  cipherKeyVal: <Buffer 2f 8b 33 19 80 60 cc cf 62 6a b8 ad 81 93 ed 91>,
  macKeyVal: <Buffer 24 8f ca 4b b6 b6 03 8f 6b 7c 39 e4 36 a1 31 fd 77 50 ce 5f 8d 7c 2b e7 dd f7 85 f4 46 4a e7 d5>,
  absValidity: 2018-08-28T04:33:41.118Z,
  relValidity: 7200000 }
options
{ serverHost: '10.0.1.37',
  serverPort: 22100,
  sessionKey: 
   { id: 50300182,
     cipherKeyVal: <Buffer 2f 8b 33 19 80 60 cc cf 62 6a b8 ad 81 93 ed 91>,
     macKeyVal: <Buffer 24 8f ca 4b b6 b6 03 8f 6b 7c 39 e4 36 a1 31 fd 77 50 ce 5f 8d 7c 2b e7 dd f7 85 f4 46 4a e7 d5>,
     absValidity: 2018-08-28T04:33:41.118Z,
     relValidity: 7200000 },
  sessionCryptoSpec: { cipher: 'AES-128-CBC', mac: 'SHA256' },
  sessionProtocol: 'TCP',
  handshakeTimeout: 50000 }
chosen nonce: <Buffer 0f d5 e3 5a 27 1e 1e 31>
switching to HANDSHAKE_1_SENT
disconnected from auth
Handler: secure connection with the server closed.
received session key handshake2!
client ret: [object Object]
server authenticated/authorized by solving nonce!
Handler: communication initialization succeeded
file data length: 1024
sending at Mon Aug 27 2018 04:33:42 GMT+0000 (UTC)
switching to IN_COMM
received secure communication message!
Received seqNum: 0
Handler: data received from server via secure communication
data1
Resp-actual/expected/ratio/ts: 4 4 1 1535344422578
Distribution protocol: TCP
Resp-actual/expected/ratio/ts: 4 5 0.8 1535344480956
connected to auth! from local port 49380
received auth hello!
{ authId: 503, nonce: <Buffer 88 84 74 ba 2c ec 44 77> }
received session key response encrypted with distribution key
replyNonce in sessionKeyResp: <Buffer c7 66 c0 54 c1 a8 b7 47>
auth nonce verified
handleSessionKeyResp: session key request succeeded! authFailureCount: 0
received 1 keys
currentSessionKey: [object Object]
Status: Secure connection closed before starting a new connection.
Session protocol: TCP
chosen commSessionKey: 
{ id: 50300187,
  cipherKeyVal: <Buffer 19 56 e2 15 b9 7a 9a bf 94 71 e3 b9 c7 cc 7b 8c>,
  macKeyVal: <Buffer 36 25 cb 7d e4 05 ad e3 c2 ef c1 1f 65 d4 ad ac c0 d9 e4 a0 79 f5 38 af 33 38 db eb e0 c6 52 ff>,
  absValidity: 2018-08-28T04:34:41.174Z,
  relValidity: 7200000 }
options
{ serverHost: '10.0.1.37',
  serverPort: 22100,
  sessionKey: 
   { id: 50300187,
     cipherKeyVal: <Buffer 19 56 e2 15 b9 7a 9a bf 94 71 e3 b9 c7 cc 7b 8c>,
     macKeyVal: <Buffer 36 25 cb 7d e4 05 ad e3 c2 ef c1 1f 65 d4 ad ac c0 d9 e4 a0 79 f5 38 af 33 38 db eb e0 c6 52 ff>,
     absValidity: 2018-08-28T04:34:41.174Z,
     relValidity: 7200000 },
  sessionCryptoSpec: { cipher: 'AES-128-CBC', mac: 'SHA256' },
  sessionProtocol: 'TCP',
  handshakeTimeout: 50000 }
chosen nonce: <Buffer 5e b3 7a df 02 b3 21 48>
switching to HANDSHAKE_1_SENT
disconnected from auth
Handler: secure connection with the server closed.
received session key handshake2!
client ret: [object Object]
server authenticated/authorized by solving nonce!
Handler: communication initialization succeeded
file data length: 1024
sending at Mon Aug 27 2018 04:34:42 GMT+0000 (UTC)
switching to IN_COMM
received secure communication message!
Received seqNum: 0
Handler: data received from server via secure communication
data1
Resp-actual/expected/ratio/ts: 5 5 1 1535344482520
Distribution protocol: TCP
Resp-actual/expected/ratio/ts: 5 6 0.8333333333333334 1535344541012
connected to auth! from local port 49650
received auth hello!
{ authId: 503, nonce: <Buffer 67 d0 92 11 1e 59 78 aa> }
received session key response encrypted with distribution key
replyNonce in sessionKeyResp: <Buffer ac 6e 40 42 d3 e4 1d 62>
auth nonce verified
handleSessionKeyResp: session key request succeeded! authFailureCount: 0
received 1 keys
currentSessionKey: [object Object]
Status: Secure connection closed before starting a new connection.
Session protocol: TCP
chosen commSessionKey: 
{ id: 50300192,
  cipherKeyVal: <Buffer e0 20 ac b3 b9 ad c5 88 f2 c7 ef 05 99 1d c0 f2>,
  macKeyVal: <Buffer 30 5b 83 f6 f0 41 ca 7b ca e8 5a 9a 41 f1 f0 8c 5d d4 9a 97 1e ad 5c a3 b8 a2 cc 17 bf c5 ec 08>,
  absValidity: 2018-08-28T04:35:41.262Z,
  relValidity: 7200000 }
options
{ serverHost: '10.0.1.37',
  serverPort: 22100,
  sessionKey: 
   { id: 50300192,
     cipherKeyVal: <Buffer e0 20 ac b3 b9 ad c5 88 f2 c7 ef 05 99 1d c0 f2>,
     macKeyVal: <Buffer 30 5b 83 f6 f0 41 ca 7b ca e8 5a 9a 41 f1 f0 8c 5d d4 9a 97 1e ad 5c a3 b8 a2 cc 17 bf c5 ec 08>,
     absValidity: 2018-08-28T04:35:41.262Z,
     relValidity: 7200000 },
  sessionCryptoSpec: { cipher: 'AES-128-CBC', mac: 'SHA256' },
  sessionProtocol: 'TCP',
  handshakeTimeout: 50000 }
chosen nonce: <Buffer 34 56 ed 08 05 c7 58 8b>
switching to HANDSHAKE_1_SENT
disconnected from auth
Handler: secure connection with the server closed.
received session key handshake2!
client ret: [object Object]
server authenticated/authorized by solving nonce!
Handler: communication initialization succeeded
file data length: 1024
sending at Mon Aug 27 2018 04:35:42 GMT+0000 (UTC)
switching to IN_COMM
received secure communication message!
Received seqNum: 0
Handler: data received from server via secure communication
data1
Resp-actual/expected/ratio/ts: 6 6 1 1535344542700
Distribution protocol: TCP
Resp-actual/expected/ratio/ts: 6 7 0.8571428571428571 1535344601068
connected to auth! from local port 49912
received auth hello!
{ authId: 503, nonce: <Buffer 0f 55 66 98 eb 6a 1f c3> }
received session key response encrypted with distribution key
replyNonce in sessionKeyResp: <Buffer 26 4d 6a c7 71 f8 ae 5b>
auth nonce verified
handleSessionKeyResp: session key request succeeded! authFailureCount: 0
received 1 keys
currentSessionKey: [object Object]
Status: Secure connection closed before starting a new connection.
Session protocol: TCP
chosen commSessionKey: 
{ id: 50300197,
  cipherKeyVal: <Buffer 4a bd 95 ed fe ce ef 8d 3e 77 51 74 62 bb 03 a1>,
  macKeyVal: <Buffer 6c c2 8d 54 ea 6e 90 7b 7d 3a 21 1b ed 56 79 2a fa 8d 79 cc e0 58 54 f5 7f eb ac fb 8f ac 9c e2>,
  absValidity: 2018-08-28T04:36:41.240Z,
  relValidity: 7200000 }
options
{ serverHost: '10.0.1.37',
  serverPort: 22100,
  sessionKey: 
   { id: 50300197,
     cipherKeyVal: <Buffer 4a bd 95 ed fe ce ef 8d 3e 77 51 74 62 bb 03 a1>,
     macKeyVal: <Buffer 6c c2 8d 54 ea 6e 90 7b 7d 3a 21 1b ed 56 79 2a fa 8d 79 cc e0 58 54 f5 7f eb ac fb 8f ac 9c e2>,
     absValidity: 2018-08-28T04:36:41.240Z,
     relValidity: 7200000 },
  sessionCryptoSpec: { cipher: 'AES-128-CBC', mac: 'SHA256' },
  sessionProtocol: 'TCP',
  handshakeTimeout: 50000 }
chosen nonce: <Buffer 65 3f a9 f7 3c 6c 87 2e>
switching to HANDSHAKE_1_SENT
disconnected from auth
Handler: secure connection with the server closed.
received session key handshake2!
client ret: [object Object]
server authenticated/authorized by solving nonce!
Handler: communication initialization succeeded
file data length: 1024
sending at Mon Aug 27 2018 04:36:41 GMT+0000 (UTC)
switching to IN_COMM
received secure communication message!
Received seqNum: 0
Handler: data received from server via secure communication
data1
Resp-actual/expected/ratio/ts: 7 7 1 1535344602225
Distribution protocol: TCP
Resp-actual/expected/ratio/ts: 7 8 0.875 1535344661069
connected to auth! from local port 50098
received auth hello!
{ authId: 503, nonce: <Buffer ff 6b 9f 32 3a e3 b9 07> }
received session key response encrypted with distribution key
replyNonce in sessionKeyResp: <Buffer 46 5f c5 f0 79 95 0c b5>
auth nonce verified
handleSessionKeyResp: session key request succeeded! authFailureCount: 0
received 1 keys
currentSessionKey: [object Object]
Status: Secure connection closed before starting a new connection.
Session protocol: TCP
chosen commSessionKey: 
{ id: 50300202,
  cipherKeyVal: <Buffer 3a 7c fc fa 9e ee 85 6d b1 8e 03 00 05 57 8c b4>,
  macKeyVal: <Buffer 66 ef 49 16 f5 87 4c 1e 8d 62 13 54 4b fb 63 ca 87 b2 fe f1 2b 6b aa cb cf ea 92 af 68 b0 5a 19>,
  absValidity: 2018-08-28T04:37:41.288Z,
  relValidity: 7200000 }
options
{ serverHost: '10.0.1.37',
  serverPort: 22100,
  sessionKey: 
   { id: 50300202,
     cipherKeyVal: <Buffer 3a 7c fc fa 9e ee 85 6d b1 8e 03 00 05 57 8c b4>,
     macKeyVal: <Buffer 66 ef 49 16 f5 87 4c 1e 8d 62 13 54 4b fb 63 ca 87 b2 fe f1 2b 6b aa cb cf ea 92 af 68 b0 5a 19>,
     absValidity: 2018-08-28T04:37:41.288Z,
     relValidity: 7200000 },
  sessionCryptoSpec: { cipher: 'AES-128-CBC', mac: 'SHA256' },
  sessionProtocol: 'TCP',
  handshakeTimeout: 50000 }
chosen nonce: <Buffer 5a f9 28 87 f9 df dd 35>
switching to HANDSHAKE_1_SENT
disconnected from auth
Handler: secure connection with the server closed.
received session key handshake2!
client ret: [object Object]
server authenticated/authorized by solving nonce!
Handler: communication initialization succeeded
file data length: 1024
sending at Mon Aug 27 2018 04:37:41 GMT+0000 (UTC)
switching to IN_COMM
received secure communication message!
Received seqNum: 0
Handler: data received from server via secure communication
data1
Resp-actual/expected/ratio/ts: 8 8 1 1535344662298
Distribution protocol: TCP
Resp-actual/expected/ratio/ts: 8 9 0.8888888888888888 1535344721128
connected to auth! from local port 50322
received auth hello!
{ authId: 503, nonce: <Buffer f2 46 1c d0 dc b8 3c 78> }
received session key response encrypted with distribution key
replyNonce in sessionKeyResp: <Buffer 05 63 fb a3 fd 3f 1a d7>
auth nonce verified
handleSessionKeyResp: session key request succeeded! authFailureCount: 0
received 1 keys
currentSessionKey: [object Object]
Status: Secure connection closed before starting a new connection.
Session protocol: TCP
chosen commSessionKey: 
{ id: 50300207,
  cipherKeyVal: <Buffer ff f3 d4 25 eb c3 b9 92 23 4f 32 53 0f f7 ab 0d>,
  macKeyVal: <Buffer 0b 2d e7 00 50 e2 ce 04 e0 00 10 8d 36 59 40 ca 35 4f 4d 42 c4 9e 6e cd c4 ed 9f 71 57 fa fa 0f>,
  absValidity: 2018-08-28T04:38:41.325Z,
  relValidity: 7200000 }
options
{ serverHost: '10.0.1.37',
  serverPort: 22100,
  sessionKey: 
   { id: 50300207,
     cipherKeyVal: <Buffer ff f3 d4 25 eb c3 b9 92 23 4f 32 53 0f f7 ab 0d>,
     macKeyVal: <Buffer 0b 2d e7 00 50 e2 ce 04 e0 00 10 8d 36 59 40 ca 35 4f 4d 42 c4 9e 6e cd c4 ed 9f 71 57 fa fa 0f>,
     absValidity: 2018-08-28T04:38:41.325Z,
     relValidity: 7200000 },
  sessionCryptoSpec: { cipher: 'AES-128-CBC', mac: 'SHA256' },
  sessionProtocol: 'TCP',
  handshakeTimeout: 50000 }
chosen nonce: <Buffer 27 7b d4 de 58 76 e4 e4>
switching to HANDSHAKE_1_SENT
disconnected from auth
Handler: secure connection with the server closed.
received session key handshake2!
client ret: [object Object]
server authenticated/authorized by solving nonce!
Handler: communication initialization succeeded
file data length: 1024
sending at Mon Aug 27 2018 04:38:42 GMT+0000 (UTC)
switching to IN_COMM
received secure communication message!
Received seqNum: 0
Handler: data received from server via secure communication
data1
Resp-actual/expected/ratio/ts: 9 9 1 1535344722636
Distribution protocol: TCP
Resp-actual/expected/ratio/ts: 9 10 0.9 1535344781184
connected to auth! from local port 50552
received auth hello!
{ authId: 503, nonce: <Buffer 08 37 6d bd b1 e4 37 91> }
received session key response encrypted with distribution key
replyNonce in sessionKeyResp: <Buffer 92 61 27 25 b2 a9 63 e9>
auth nonce verified
handleSessionKeyResp: session key request succeeded! authFailureCount: 0
received 1 keys
currentSessionKey: [object Object]
Status: Secure connection closed before starting a new connection.
Session protocol: TCP
chosen commSessionKey: 
{ id: 50300212,
  cipherKeyVal: <Buffer 74 b7 df 5a 29 5f 89 5a f1 ab c0 51 55 5e fb 22>,
  macKeyVal: <Buffer ba 2d 48 35 4d e8 b0 d3 41 de cf 8f 3f e7 c0 53 17 55 84 1c 4c 69 6e 35 db 6e 87 b3 70 27 5e 0d>,
  absValidity: 2018-08-28T04:39:41.406Z,
  relValidity: 7200000 }
options
{ serverHost: '10.0.1.37',
  serverPort: 22100,
  sessionKey: 
   { id: 50300212,
     cipherKeyVal: <Buffer 74 b7 df 5a 29 5f 89 5a f1 ab c0 51 55 5e fb 22>,
     macKeyVal: <Buffer ba 2d 48 35 4d e8 b0 d3 41 de cf 8f 3f e7 c0 53 17 55 84 1c 4c 69 6e 35 db 6e 87 b3 70 27 5e 0d>,
     absValidity: 2018-08-28T04:39:41.406Z,
     relValidity: 7200000 },
  sessionCryptoSpec: { cipher: 'AES-128-CBC', mac: 'SHA256' },
  sessionProtocol: 'TCP',
  handshakeTimeout: 50000 }
chosen nonce: <Buffer 8d 2d 01 44 13 35 1d e2>
switching to HANDSHAKE_1_SENT
disconnected from auth
Handler: secure connection with the server closed.
received session key handshake2!
client ret: [object Object]
server authenticated/authorized by solving nonce!
Handler: communication initialization succeeded
file data length: 1024
sending at Mon Aug 27 2018 04:39:41 GMT+0000 (UTC)
switching to IN_COMM
received secure communication message!
Received seqNum: 0
Handler: data received from server via secure communication
data1
Resp-actual/expected/ratio/ts: 10 10 1 1535344782491
Distribution protocol: TCP
Resp-actual/expected/ratio/ts: 10 11 0.9090909090909091 1535344841243
connected to auth! from local port 50798
received auth hello!
{ authId: 503, nonce: <Buffer a2 be d1 63 d0 8e 7d ec> }
received session key response encrypted with distribution key
replyNonce in sessionKeyResp: <Buffer 97 c7 14 db 88 91 7e 0d>
auth nonce verified
handleSessionKeyResp: session key request succeeded! authFailureCount: 0
received 1 keys
currentSessionKey: [object Object]
Status: Secure connection closed before starting a new connection.
Session protocol: TCP
chosen commSessionKey: 
{ id: 50300217,
  cipherKeyVal: <Buffer e2 a6 27 cf 31 7c 81 c1 5d 7a ac 51 c3 4e 8a 31>,
  macKeyVal: <Buffer 6c df 52 c9 42 38 2f 3a 5e 01 3a f3 39 97 ff c5 6e 2a 91 34 81 c3 98 25 49 47 81 04 cb fa 74 bc>,
  absValidity: 2018-08-28T04:40:41.511Z,
  relValidity: 7200000 }
options
{ serverHost: '10.0.1.37',
  serverPort: 22100,
  sessionKey: 
   { id: 50300217,
     cipherKeyVal: <Buffer e2 a6 27 cf 31 7c 81 c1 5d 7a ac 51 c3 4e 8a 31>,
     macKeyVal: <Buffer 6c df 52 c9 42 38 2f 3a 5e 01 3a f3 39 97 ff c5 6e 2a 91 34 81 c3 98 25 49 47 81 04 cb fa 74 bc>,
     absValidity: 2018-08-28T04:40:41.511Z,
     relValidity: 7200000 },
  sessionCryptoSpec: { cipher: 'AES-128-CBC', mac: 'SHA256' },
  sessionProtocol: 'TCP',
  handshakeTimeout: 50000 }
chosen nonce: <Buffer 19 e9 8d df 90 b9 27 67>
switching to HANDSHAKE_1_SENT
disconnected from auth
Handler: secure connection with the server closed.
received session key handshake2!
client ret: [object Object]
server authenticated/authorized by solving nonce!
Handler: communication initialization succeeded
file data length: 1024
sending at Mon Aug 27 2018 04:40:42 GMT+0000 (UTC)
switching to IN_COMM
received secure communication message!
Received seqNum: 0
Handler: data received from server via secure communication
data1
Resp-actual/expected/ratio/ts: 11 11 1 1535344842427
Distribution protocol: TCP
Resp-actual/expected/ratio/ts: 11 12 0.9166666666666666 1535344901268
connected to auth! from local port 51038
received auth hello!
{ authId: 503, nonce: <Buffer a2 9f b2 75 9b d2 c9 34> }
received session key response encrypted with distribution key
replyNonce in sessionKeyResp: <Buffer c9 bb a6 a4 e6 f9 f5 60>
auth nonce verified
handleSessionKeyResp: session key request succeeded! authFailureCount: 0
received 1 keys
currentSessionKey: [object Object]
Status: Secure connection closed before starting a new connection.
Session protocol: TCP
chosen commSessionKey: 
{ id: 50300222,
  cipherKeyVal: <Buffer 6a 30 14 e7 24 24 d3 40 39 52 40 d8 67 e2 2a d7>,
  macKeyVal: <Buffer f8 f7 8e 0e 4a 0a a6 1d 76 1e 5a a0 77 78 f6 2c 95 7a dc a9 90 d5 ca 7d af b5 b4 da de af 0d ca>,
  absValidity: 2018-08-28T04:41:41.498Z,
  relValidity: 7200000 }
options
{ serverHost: '10.0.1.37',
  serverPort: 22100,
  sessionKey: 
   { id: 50300222,
     cipherKeyVal: <Buffer 6a 30 14 e7 24 24 d3 40 39 52 40 d8 67 e2 2a d7>,
     macKeyVal: <Buffer f8 f7 8e 0e 4a 0a a6 1d 76 1e 5a a0 77 78 f6 2c 95 7a dc a9 90 d5 ca 7d af b5 b4 da de af 0d ca>,
     absValidity: 2018-08-28T04:41:41.498Z,
     relValidity: 7200000 },
  sessionCryptoSpec: { cipher: 'AES-128-CBC', mac: 'SHA256' },
  sessionProtocol: 'TCP',
  handshakeTimeout: 50000 }
chosen nonce: <Buffer 8f 9f e7 26 eb ff 51 23>
switching to HANDSHAKE_1_SENT
disconnected from auth
Handler: secure connection with the server closed.
received session key handshake2!
client ret: [object Object]
server authenticated/authorized by solving nonce!
Handler: communication initialization succeeded
file data length: 1024
sending at Mon Aug 27 2018 04:41:42 GMT+0000 (UTC)
switching to IN_COMM
received secure communication message!
Received seqNum: 0
Handler: data received from server via secure communication
data1
Resp-actual/expected/ratio/ts: 12 12 1 1535344902630
Distribution protocol: TCP
Resp-actual/expected/ratio/ts: 12 13 0.9230769230769231 1535344961324
connected to auth! from local port 51296
received auth hello!
{ authId: 503, nonce: <Buffer 87 6a 18 8f 1f a7 f5 15> }
received session key response encrypted with distribution key
replyNonce in sessionKeyResp: <Buffer 45 2d 4a 7c ed 30 5c 19>
auth nonce verified
handleSessionKeyResp: session key request succeeded! authFailureCount: 0
received 1 keys
currentSessionKey: [object Object]
Status: Secure connection closed before starting a new connection.
Session protocol: TCP
chosen commSessionKey: 
{ id: 50300227,
  cipherKeyVal: <Buffer 9e 06 40 63 10 b4 c2 be 24 06 ae 71 5a 07 ef 08>,
  macKeyVal: <Buffer c4 e5 a7 2c a6 b2 8c 59 91 a7 93 00 5b d9 62 15 79 54 e0 77 77 69 65 0e 31 c1 4c 26 e6 d0 43 53>,
  absValidity: 2018-08-28T04:42:41.500Z,
  relValidity: 7200000 }
options
{ serverHost: '10.0.1.37',
  serverPort: 22100,
  sessionKey: 
   { id: 50300227,
     cipherKeyVal: <Buffer 9e 06 40 63 10 b4 c2 be 24 06 ae 71 5a 07 ef 08>,
     macKeyVal: <Buffer c4 e5 a7 2c a6 b2 8c 59 91 a7 93 00 5b d9 62 15 79 54 e0 77 77 69 65 0e 31 c1 4c 26 e6 d0 43 53>,
     absValidity: 2018-08-28T04:42:41.500Z,
     relValidity: 7200000 },
  sessionCryptoSpec: { cipher: 'AES-128-CBC', mac: 'SHA256' },
  sessionProtocol: 'TCP',
  handshakeTimeout: 50000 }
disconnected from auth
chosen nonce: <Buffer c1 5e 2e 84 c8 ac e3 45>
switching to HANDSHAKE_1_SENT
Handler: secure connection with the server closed.
received session key handshake2!
client ret: [object Object]
server authenticated/authorized by solving nonce!
Handler: communication initialization succeeded
file data length: 1024
sending at Mon Aug 27 2018 04:42:42 GMT+0000 (UTC)
switching to IN_COMM
received secure communication message!
Received seqNum: 0
Handler: data received from server via secure communication
data1
Resp-actual/expected/ratio/ts: 13 13 1 1535344962594
Distribution protocol: TCP
Resp-actual/expected/ratio/ts: 13 14 0.9285714285714286 1535345021368
connected to auth! from local port 51550
received auth hello!
{ authId: 503, nonce: <Buffer 17 ce 60 3f 63 3b 0e 6e> }
received session key response encrypted with distribution key
replyNonce in sessionKeyResp: <Buffer c8 5a 8a 35 51 a6 88 86>
auth nonce verified
handleSessionKeyResp: session key request succeeded! authFailureCount: 0
received 1 keys
currentSessionKey: [object Object]
Status: Secure connection closed before starting a new connection.
Session protocol: TCP
chosen commSessionKey: 
{ id: 50300232,
  cipherKeyVal: <Buffer ba 8a 63 9f 26 8e 59 41 2b f7 fe af a3 12 8b 2f>,
  macKeyVal: <Buffer d4 40 8c 2d 41 1f f5 39 16 00 46 fd 76 c4 d4 fd 80 76 75 f1 f7 64 07 2d 7d 6f 40 a6 6a 72 b2 95>,
  absValidity: 2018-08-28T04:43:41.518Z,
  relValidity: 7200000 }
options
{ serverHost: '10.0.1.37',
  serverPort: 22100,
  sessionKey: 
   { id: 50300232,
     cipherKeyVal: <Buffer ba 8a 63 9f 26 8e 59 41 2b f7 fe af a3 12 8b 2f>,
     macKeyVal: <Buffer d4 40 8c 2d 41 1f f5 39 16 00 46 fd 76 c4 d4 fd 80 76 75 f1 f7 64 07 2d 7d 6f 40 a6 6a 72 b2 95>,
     absValidity: 2018-08-28T04:43:41.518Z,
     relValidity: 7200000 },
  sessionCryptoSpec: { cipher: 'AES-128-CBC', mac: 'SHA256' },
  sessionProtocol: 'TCP',
  handshakeTimeout: 50000 }
chosen nonce: <Buffer 30 75 b0 eb 3f f1 09 ca>
switching to HANDSHAKE_1_SENT
disconnected from auth
Handler: secure connection with the server closed.
received session key handshake2!
client ret: [object Object]
server authenticated/authorized by solving nonce!
Handler: communication initialization succeeded
file data length: 1024
sending at Mon Aug 27 2018 04:43:42 GMT+0000 (UTC)
switching to IN_COMM
received secure communication message!
Received seqNum: 0
Handler: data received from server via secure communication
data1
Resp-actual/expected/ratio/ts: 14 14 1 1535345022731
Distribution protocol: TCP
Resp-actual/expected/ratio/ts: 14 15 0.9333333333333333 1535345081426
connected to auth! from local port 51810
received auth hello!
{ authId: 503, nonce: <Buffer 81 0d 6f 51 c0 4e 9a e5> }
received session key response encrypted with distribution key
replyNonce in sessionKeyResp: <Buffer 10 2c 44 4b 59 1a 87 87>
auth nonce verified
handleSessionKeyResp: session key request succeeded! authFailureCount: 0
received 1 keys
currentSessionKey: [object Object]
Status: Secure connection closed before starting a new connection.
Session protocol: TCP
chosen commSessionKey: 
{ id: 50300237,
  cipherKeyVal: <Buffer c7 6b 49 00 2f d3 03 55 c0 2a 70 d8 5a f9 ef 00>,
  macKeyVal: <Buffer a2 6d 5e 7d 8a 53 07 18 e9 35 df 2b 08 b7 c9 7c 93 10 98 76 80 97 ce 21 d1 b8 b3 9e 95 61 02 e3>,
  absValidity: 2018-08-28T04:44:41.697Z,
  relValidity: 7200000 }
options
{ serverHost: '10.0.1.37',
  serverPort: 22100,
  sessionKey: 
   { id: 50300237,
     cipherKeyVal: <Buffer c7 6b 49 00 2f d3 03 55 c0 2a 70 d8 5a f9 ef 00>,
     macKeyVal: <Buffer a2 6d 5e 7d 8a 53 07 18 e9 35 df 2b 08 b7 c9 7c 93 10 98 76 80 97 ce 21 d1 b8 b3 9e 95 61 02 e3>,
     absValidity: 2018-08-28T04:44:41.697Z,
     relValidity: 7200000 },
  sessionCryptoSpec: { cipher: 'AES-128-CBC', mac: 'SHA256' },
  sessionProtocol: 'TCP',
  handshakeTimeout: 50000 }
chosen nonce: <Buffer 1d 8f fa 85 54 74 25 27>
switching to HANDSHAKE_1_SENT
disconnected from auth
Handler: secure connection with the server closed.
received session key handshake2!
client ret: [object Object]
server authenticated/authorized by solving nonce!
Handler: communication initialization succeeded
file data length: 1024
sending at Mon Aug 27 2018 04:44:42 GMT+0000 (UTC)
switching to IN_COMM
received secure communication message!
Received seqNum: 0
Handler: data received from server via secure communication
data1
Resp-actual/expected/ratio/ts: 15 15 1 1535345083272
Distribution protocol: TCP
Resp-actual/expected/ratio/ts: 15 16 0.9375 1535345141464
connected to auth! from local port 52084
received auth hello!
{ authId: 503, nonce: <Buffer ee e1 72 5f 9d fe d7 5b> }
received session key response encrypted with distribution key
replyNonce in sessionKeyResp: <Buffer bf 4d a9 91 d0 3d 71 72>
auth nonce verified
handleSessionKeyResp: session key request succeeded! authFailureCount: 0
received 1 keys
currentSessionKey: [object Object]
Status: Secure connection closed before starting a new connection.
Session protocol: TCP
chosen commSessionKey: 
{ id: 50300242,
  cipherKeyVal: <Buffer bd 74 79 37 31 95 5a 3a 0b ba d9 89 3b 03 93 d7>,
  macKeyVal: <Buffer 53 e5 d6 14 52 f0 7c 91 47 80 d7 d9 54 db f6 15 9e 87 29 57 09 82 e2 b0 ed 9d d2 a1 df 51 01 c5>,
  absValidity: 2018-08-28T04:45:41.750Z,
  relValidity: 7200000 }
options
{ serverHost: '10.0.1.37',
  serverPort: 22100,
  sessionKey: 
   { id: 50300242,
     cipherKeyVal: <Buffer bd 74 79 37 31 95 5a 3a 0b ba d9 89 3b 03 93 d7>,
     macKeyVal: <Buffer 53 e5 d6 14 52 f0 7c 91 47 80 d7 d9 54 db f6 15 9e 87 29 57 09 82 e2 b0 ed 9d d2 a1 df 51 01 c5>,
     absValidity: 2018-08-28T04:45:41.750Z,
     relValidity: 7200000 },
  sessionCryptoSpec: { cipher: 'AES-128-CBC', mac: 'SHA256' },
  sessionProtocol: 'TCP',
  handshakeTimeout: 50000 }
chosen nonce: <Buffer 3b 97 bb 36 a8 52 7b 69>
switching to HANDSHAKE_1_SENT
disconnected from auth
Handler: secure connection with the server closed.
received session key handshake2!
client ret: [object Object]
server authenticated/authorized by solving nonce!
Handler: communication initialization succeeded
file data length: 1024
sending at Mon Aug 27 2018 04:45:42 GMT+0000 (UTC)
switching to IN_COMM
received secure communication message!
Received seqNum: 0
Handler: data received from server via secure communication
data1
Resp-actual/expected/ratio/ts: 16 16 1 1535345142755
Distribution protocol: TCP
Resp-actual/expected/ratio/ts: 16 17 0.9411764705882353 1535345201524
connected to auth! from local port 52324
received auth hello!
{ authId: 503, nonce: <Buffer 8a d1 98 19 c8 45 41 c2> }
received session key response encrypted with distribution key
replyNonce in sessionKeyResp: <Buffer a5 a8 da 73 a7 08 91 53>
auth nonce verified
handleSessionKeyResp: session key request succeeded! authFailureCount: 0
received 1 keys
currentSessionKey: [object Object]
Status: Secure connection closed before starting a new connection.
Session protocol: TCP
chosen commSessionKey: 
{ id: 50300247,
  cipherKeyVal: <Buffer 26 ea 5e 28 af c4 63 48 fd 4d a0 70 b4 8c f5 1a>,
  macKeyVal: <Buffer 01 60 45 69 17 73 67 ba e2 c0 91 af 6d 1b 0f db 64 19 1c 81 37 d5 d1 ce 31 7a 3a 0c 24 c3 43 6b>,
  absValidity: 2018-08-28T04:46:41.693Z,
  relValidity: 7200000 }
options
{ serverHost: '10.0.1.37',
  serverPort: 22100,
  sessionKey: 
   { id: 50300247,
     cipherKeyVal: <Buffer 26 ea 5e 28 af c4 63 48 fd 4d a0 70 b4 8c f5 1a>,
     macKeyVal: <Buffer 01 60 45 69 17 73 67 ba e2 c0 91 af 6d 1b 0f db 64 19 1c 81 37 d5 d1 ce 31 7a 3a 0c 24 c3 43 6b>,
     absValidity: 2018-08-28T04:46:41.693Z,
     relValidity: 7200000 },
  sessionCryptoSpec: { cipher: 'AES-128-CBC', mac: 'SHA256' },
  sessionProtocol: 'TCP',
  handshakeTimeout: 50000 }
chosen nonce: <Buffer a9 37 a6 32 d5 cc b4 e8>
switching to HANDSHAKE_1_SENT
disconnected from auth
Handler: secure connection with the server closed.
received session key handshake2!
client ret: [object Object]
server authenticated/authorized by solving nonce!
Handler: communication initialization succeeded
file data length: 1024
sending at Mon Aug 27 2018 04:46:42 GMT+0000 (UTC)
switching to IN_COMM
received secure communication message!
Received seqNum: 0
Handler: data received from server via secure communication
data1
Resp-actual/expected/ratio/ts: 17 17 1 1535345202622
Distribution protocol: TCP
Resp-actual/expected/ratio/ts: 17 18 0.9444444444444444 1535345261526
connected to auth! from local port 52538
received auth hello!
{ authId: 503, nonce: <Buffer e0 92 3c 70 80 dd a8 ed> }
received session key response encrypted with distribution key
replyNonce in sessionKeyResp: <Buffer db be 63 94 d2 d0 b9 51>
auth nonce verified
handleSessionKeyResp: session key request succeeded! authFailureCount: 0
received 1 keys
currentSessionKey: [object Object]
Status: Secure connection closed before starting a new connection.
Session protocol: TCP
chosen commSessionKey: 
{ id: 50300252,
  cipherKeyVal: <Buffer 17 1e 44 54 86 33 a7 33 08 da 14 dc 10 b5 6e 5a>,
  macKeyVal: <Buffer 0d 02 94 85 8d 79 3e 48 d7 17 c3 3e 66 92 f1 53 1f 31 9e f2 5f 49 c4 3a 79 c6 9f ce 1b d0 36 bd>,
  absValidity: 2018-08-28T04:47:41.760Z,
  relValidity: 7200000 }
options
{ serverHost: '10.0.1.37',
  serverPort: 22100,
  sessionKey: 
   { id: 50300252,
     cipherKeyVal: <Buffer 17 1e 44 54 86 33 a7 33 08 da 14 dc 10 b5 6e 5a>,
     macKeyVal: <Buffer 0d 02 94 85 8d 79 3e 48 d7 17 c3 3e 66 92 f1 53 1f 31 9e f2 5f 49 c4 3a 79 c6 9f ce 1b d0 36 bd>,
     absValidity: 2018-08-28T04:47:41.760Z,
     relValidity: 7200000 },
  sessionCryptoSpec: { cipher: 'AES-128-CBC', mac: 'SHA256' },
  sessionProtocol: 'TCP',
  handshakeTimeout: 50000 }
chosen nonce: <Buffer ee 1d 7c 6f 6d 24 51 02>
switching to HANDSHAKE_1_SENT
disconnected from auth
Handler: secure connection with the server closed.
received session key handshake2!
client ret: [object Object]
server authenticated/authorized by solving nonce!
Handler: communication initialization succeeded
file data length: 1024
sending at Mon Aug 27 2018 04:47:42 GMT+0000 (UTC)
switching to IN_COMM
received secure communication message!
Received seqNum: 0
Handler: data received from server via secure communication
data1
Resp-actual/expected/ratio/ts: 18 18 1 1535345262911
Distribution protocol: TCP
Resp-actual/expected/ratio/ts: 18 19 0.9473684210526315 1535345321528
connected to auth! from local port 52742
received auth hello!
{ authId: 503, nonce: <Buffer 08 c0 cc 6a c0 f1 e9 b3> }
received session key response encrypted with distribution key
replyNonce in sessionKeyResp: <Buffer 69 de 0d 94 b6 00 27 3e>
auth nonce verified
handleSessionKeyResp: session key request succeeded! authFailureCount: 0
received 1 keys
currentSessionKey: [object Object]
Status: Secure connection closed before starting a new connection.
Session protocol: TCP
chosen commSessionKey: 
{ id: 50300257,
  cipherKeyVal: <Buffer ca f9 fb d4 a2 76 55 a5 04 4b 39 ac b0 46 a7 7a>,
  macKeyVal: <Buffer 56 58 ab d9 f3 e7 5f c8 97 fa 2b 88 c6 7e a7 dc 4e f1 b9 95 db e2 19 c3 79 7b 0d 81 39 19 3f 7c>,
  absValidity: 2018-08-28T04:48:41.733Z,
  relValidity: 7200000 }
options
{ serverHost: '10.0.1.37',
  serverPort: 22100,
  sessionKey: 
   { id: 50300257,
     cipherKeyVal: <Buffer ca f9 fb d4 a2 76 55 a5 04 4b 39 ac b0 46 a7 7a>,
     macKeyVal: <Buffer 56 58 ab d9 f3 e7 5f c8 97 fa 2b 88 c6 7e a7 dc 4e f1 b9 95 db e2 19 c3 79 7b 0d 81 39 19 3f 7c>,
     absValidity: 2018-08-28T04:48:41.733Z,
     relValidity: 7200000 },
  sessionCryptoSpec: { cipher: 'AES-128-CBC', mac: 'SHA256' },
  sessionProtocol: 'TCP',
  handshakeTimeout: 50000 }
chosen nonce: <Buffer e1 fc ee 24 30 07 d4 9f>
switching to HANDSHAKE_1_SENT
disconnected from auth
Handler: secure connection with the server closed.
received session key handshake2!
client ret: [object Object]
server authenticated/authorized by solving nonce!
Handler: communication initialization succeeded
file data length: 1024
sending at Mon Aug 27 2018 04:48:42 GMT+0000 (UTC)
switching to IN_COMM
received secure communication message!
Received seqNum: 0
Handler: data received from server via secure communication
data1
Resp-actual/expected/ratio/ts: 19 19 1 1535345322950
Distribution protocol: TCP
Resp-actual/expected/ratio/ts: 19 20 0.95 1535345381584
connected to auth! from local port 52946
received auth hello!
{ authId: 503, nonce: <Buffer b4 45 d2 5e 04 a2 62 42> }
received session key response encrypted with distribution key
replyNonce in sessionKeyResp: <Buffer bc 31 ff 86 ee 2f 8e e7>
auth nonce verified
handleSessionKeyResp: session key request succeeded! authFailureCount: 0
received 1 keys
currentSessionKey: [object Object]
Status: Secure connection closed before starting a new connection.
Session protocol: TCP
chosen commSessionKey: 
{ id: 50300262,
  cipherKeyVal: <Buffer 64 0e 52 4b 0a dd a7 ad 87 df 1a 62 eb a4 41 1e>,
  macKeyVal: <Buffer 89 6c 74 d2 a4 a5 89 99 00 18 aa f5 ac 6b 78 62 9f 1f 6c 03 ac 35 66 37 36 86 2b 48 34 75 13 15>,
  absValidity: 2018-08-28T04:49:41.839Z,
  relValidity: 7200000 }
options
{ serverHost: '10.0.1.37',
  serverPort: 22100,
  sessionKey: 
   { id: 50300262,
     cipherKeyVal: <Buffer 64 0e 52 4b 0a dd a7 ad 87 df 1a 62 eb a4 41 1e>,
     macKeyVal: <Buffer 89 6c 74 d2 a4 a5 89 99 00 18 aa f5 ac 6b 78 62 9f 1f 6c 03 ac 35 66 37 36 86 2b 48 34 75 13 15>,
     absValidity: 2018-08-28T04:49:41.839Z,
     relValidity: 7200000 },
  sessionCryptoSpec: { cipher: 'AES-128-CBC', mac: 'SHA256' },
  sessionProtocol: 'TCP',
  handshakeTimeout: 50000 }
chosen nonce: <Buffer 45 02 c1 c2 84 5c d0 69>
switching to HANDSHAKE_1_SENT
disconnected from auth
Handler: secure connection with the server closed.
received session key handshake2!
client ret: [object Object]
server authenticated/authorized by solving nonce!
Handler: communication initialization succeeded
file data length: 1024
sending at Mon Aug 27 2018 04:49:42 GMT+0000 (UTC)
switching to IN_COMM
received secure communication message!
Received seqNum: 0
Handler: data received from server via secure communication
data1
Resp-actual/expected/ratio/ts: 20 20 1 1535345382972
Distribution protocol: TCP
Resp-actual/expected/ratio/ts: 20 21 0.9523809523809523 1535345441643
connected to auth! from local port 53146
received auth hello!
{ authId: 503, nonce: <Buffer be 33 a3 9d 6c 53 67 f0> }
received session key response encrypted with distribution key
replyNonce in sessionKeyResp: <Buffer 14 4e ac bc 9c c5 eb bf>
auth nonce verified
handleSessionKeyResp: session key request succeeded! authFailureCount: 0
received 1 keys
currentSessionKey: [object Object]
Status: Secure connection closed before starting a new connection.
Session protocol: TCP
chosen commSessionKey: 
{ id: 50300267,
  cipherKeyVal: <Buffer d5 ed 47 9f db 3e 24 99 78 7c f3 04 0c 73 5d 8f>,
  macKeyVal: <Buffer e9 11 8c 21 95 39 29 c5 5b ef 81 ba be 1c e1 f8 6b 19 bd fa a0 9a 41 80 fe 8e d8 67 40 d3 36 d6>,
  absValidity: 2018-08-28T04:50:41.947Z,
  relValidity: 7200000 }
options
{ serverHost: '10.0.1.37',
  serverPort: 22100,
  sessionKey: 
   { id: 50300267,
     cipherKeyVal: <Buffer d5 ed 47 9f db 3e 24 99 78 7c f3 04 0c 73 5d 8f>,
     macKeyVal: <Buffer e9 11 8c 21 95 39 29 c5 5b ef 81 ba be 1c e1 f8 6b 19 bd fa a0 9a 41 80 fe 8e d8 67 40 d3 36 d6>,
     absValidity: 2018-08-28T04:50:41.947Z,
     relValidity: 7200000 },
  sessionCryptoSpec: { cipher: 'AES-128-CBC', mac: 'SHA256' },
  sessionProtocol: 'TCP',
  handshakeTimeout: 50000 }
chosen nonce: <Buffer c4 79 8c 23 5c 25 ea b7>
switching to HANDSHAKE_1_SENT
disconnected from auth
Handler: secure connection with the server closed.
received session key handshake2!
client ret: [object Object]
server authenticated/authorized by solving nonce!
Handler: communication initialization succeeded
file data length: 1024
sending at Mon Aug 27 2018 04:50:42 GMT+0000 (UTC)
switching to IN_COMM
received secure communication message!
Received seqNum: 0
Handler: data received from server via secure communication
data1
Resp-actual/expected/ratio/ts: 21 21 1 1535345443025
Distribution protocol: TCP
Resp-actual/expected/ratio/ts: 21 22 0.9545454545454546 1535345501700
connected to auth! from local port 53346
received auth hello!
{ authId: 503, nonce: <Buffer 63 c1 3f 93 bf bb fe 14> }
received session key response encrypted with distribution key
replyNonce in sessionKeyResp: <Buffer 89 86 e8 39 7d 00 b6 c3>
auth nonce verified
handleSessionKeyResp: session key request succeeded! authFailureCount: 0
received 1 keys
currentSessionKey: [object Object]
Status: Secure connection closed before starting a new connection.
Session protocol: TCP
chosen commSessionKey: 
{ id: 50300272,
  cipherKeyVal: <Buffer ea 04 c6 10 4e 58 28 dc ee cd 07 79 3e ed 14 43>,
  macKeyVal: <Buffer 3a e0 e2 0e 06 20 ea b1 bb f2 e2 b5 0a d9 5b b6 fb 9c 7f a7 36 a4 4f ad 00 c9 85 a2 06 5f 8e 95>,
  absValidity: 2018-08-28T04:51:42.023Z,
  relValidity: 7200000 }
options
{ serverHost: '10.0.1.37',
  serverPort: 22100,
  sessionKey: 
   { id: 50300272,
     cipherKeyVal: <Buffer ea 04 c6 10 4e 58 28 dc ee cd 07 79 3e ed 14 43>,
     macKeyVal: <Buffer 3a e0 e2 0e 06 20 ea b1 bb f2 e2 b5 0a d9 5b b6 fb 9c 7f a7 36 a4 4f ad 00 c9 85 a2 06 5f 8e 95>,
     absValidity: 2018-08-28T04:51:42.023Z,
     relValidity: 7200000 },
  sessionCryptoSpec: { cipher: 'AES-128-CBC', mac: 'SHA256' },
  sessionProtocol: 'TCP',
  handshakeTimeout: 50000 }
chosen nonce: <Buffer dd fc dd c4 60 9c 88 80>
switching to HANDSHAKE_1_SENT
disconnected from auth
Handler: secure connection with the server closed.
received session key handshake2!
client ret: [object Object]
server authenticated/authorized by solving nonce!
Handler: communication initialization succeeded
file data length: 1024
sending at Mon Aug 27 2018 04:51:42 GMT+0000 (UTC)
switching to IN_COMM
received secure communication message!
Received seqNum: 0
Handler: data received from server via secure communication
data1
Resp-actual/expected/ratio/ts: 22 22 1 1535345503131
Distribution protocol: TCP
Resp-actual/expected/ratio/ts: 22 23 0.9565217391304348 1535345561732
connected to auth! from local port 53546
received auth hello!
{ authId: 503, nonce: <Buffer 63 83 58 76 4c 65 ed 18> }
received session key response encrypted with distribution key
replyNonce in sessionKeyResp: <Buffer 80 19 f7 60 d0 2c 32 c9>
auth nonce verified
handleSessionKeyResp: session key request succeeded! authFailureCount: 0
received 1 keys
currentSessionKey: [object Object]
Status: Secure connection closed before starting a new connection.
Session protocol: TCP
chosen commSessionKey: 
{ id: 50300277,
  cipherKeyVal: <Buffer aa b4 29 89 e3 1f 7e 18 b2 ef 98 4a 21 dc e6 aa>,
  macKeyVal: <Buffer fc 66 91 d6 e0 6c f2 1e 75 36 ab 8c cf 6a 88 fa 3a af 8f c9 8f e0 bb 4a ec 3a 5b 32 51 dd 6d 8c>,
  absValidity: 2018-08-28T04:52:42.020Z,
  relValidity: 7200000 }
options
{ serverHost: '10.0.1.37',
  serverPort: 22100,
  sessionKey: 
   { id: 50300277,
     cipherKeyVal: <Buffer aa b4 29 89 e3 1f 7e 18 b2 ef 98 4a 21 dc e6 aa>,
     macKeyVal: <Buffer fc 66 91 d6 e0 6c f2 1e 75 36 ab 8c cf 6a 88 fa 3a af 8f c9 8f e0 bb 4a ec 3a 5b 32 51 dd 6d 8c>,
     absValidity: 2018-08-28T04:52:42.020Z,
     relValidity: 7200000 },
  sessionCryptoSpec: { cipher: 'AES-128-CBC', mac: 'SHA256' },
  sessionProtocol: 'TCP',
  handshakeTimeout: 50000 }
chosen nonce: <Buffer b6 a7 0a b8 1f 55 07 5f>
switching to HANDSHAKE_1_SENT
disconnected from auth
Handler: secure connection with the server closed.
received session key handshake2!
client ret: [object Object]
server authenticated/authorized by solving nonce!
Handler: communication initialization succeeded
file data length: 1024
sending at Mon Aug 27 2018 04:52:42 GMT+0000 (UTC)
switching to IN_COMM
received secure communication message!
Received seqNum: 0
Handler: data received from server via secure communication
data1
Resp-actual/expected/ratio/ts: 23 23 1 1535345563031
Distribution protocol: TCP
Resp-actual/expected/ratio/ts: 23 24 0.9583333333333334 1535345621788
connected to auth! from local port 53746
received auth hello!
{ authId: 503, nonce: <Buffer e1 67 ab dd 15 64 0a ac> }
received session key response encrypted with distribution key
replyNonce in sessionKeyResp: <Buffer 7d b9 8e da 5d 47 ad 34>
auth nonce verified
handleSessionKeyResp: session key request succeeded! authFailureCount: 0
received 1 keys
currentSessionKey: [object Object]
Status: Secure connection closed before starting a new connection.
Session protocol: TCP
chosen commSessionKey: 
{ id: 50300282,
  cipherKeyVal: <Buffer 77 3c 3c 46 1d 0c d7 ff 61 7a 18 bb 16 cd fd f2>,
  macKeyVal: <Buffer 37 31 c7 b8 f5 1a 7d 46 a8 6f ea 51 df f2 07 d9 6c ef a4 fb 4e b3 0a 8f 24 ae 74 e9 03 11 a0 2f>,
  absValidity: 2018-08-28T04:53:42.088Z,
  relValidity: 7200000 }
options
{ serverHost: '10.0.1.37',
  serverPort: 22100,
  sessionKey: 
   { id: 50300282,
     cipherKeyVal: <Buffer 77 3c 3c 46 1d 0c d7 ff 61 7a 18 bb 16 cd fd f2>,
     macKeyVal: <Buffer 37 31 c7 b8 f5 1a 7d 46 a8 6f ea 51 df f2 07 d9 6c ef a4 fb 4e b3 0a 8f 24 ae 74 e9 03 11 a0 2f>,
     absValidity: 2018-08-28T04:53:42.088Z,
     relValidity: 7200000 },
  sessionCryptoSpec: { cipher: 'AES-128-CBC', mac: 'SHA256' },
  sessionProtocol: 'TCP',
  handshakeTimeout: 50000 }
chosen nonce: <Buffer 1b 36 e2 bb e9 8e 5a 4b>
switching to HANDSHAKE_1_SENT
disconnected from auth
Handler: secure connection with the server closed.
received session key handshake2!
client ret: [object Object]
server authenticated/authorized by solving nonce!
Handler: communication initialization succeeded
file data length: 1024
sending at Mon Aug 27 2018 04:53:42 GMT+0000 (UTC)
switching to IN_COMM
received secure communication message!
Received seqNum: 0
Handler: data received from server via secure communication
data1
Resp-actual/expected/ratio/ts: 24 24 1 1535345623195
Distribution protocol: TCP
Resp-actual/expected/ratio/ts: 24 25 0.96 1535345681844
connected to auth! from local port 53946
received auth hello!
{ authId: 503, nonce: <Buffer 48 ac e2 5a e8 4c 18 6c> }
received session key response encrypted with distribution key
replyNonce in sessionKeyResp: <Buffer 12 a6 28 81 41 b7 bd b5>
auth nonce verified
handleSessionKeyResp: session key request succeeded! authFailureCount: 0
received 1 keys
currentSessionKey: [object Object]
Status: Secure connection closed before starting a new connection.
Session protocol: TCP
chosen commSessionKey: 
{ id: 50300287,
  cipherKeyVal: <Buffer 1e 32 90 5b 1b 74 8e 79 9d e0 b4 aa cb be ca d2>,
  macKeyVal: <Buffer e4 44 f3 80 32 97 92 e3 d8 b9 c7 1a 04 3d ad 26 31 6a 6b c2 91 ca 80 56 6a 19 6e 0a 46 1b c0 57>,
  absValidity: 2018-08-28T04:54:42.092Z,
  relValidity: 7200000 }
options
{ serverHost: '10.0.1.37',
  serverPort: 22100,
  sessionKey: 
   { id: 50300287,
     cipherKeyVal: <Buffer 1e 32 90 5b 1b 74 8e 79 9d e0 b4 aa cb be ca d2>,
     macKeyVal: <Buffer e4 44 f3 80 32 97 92 e3 d8 b9 c7 1a 04 3d ad 26 31 6a 6b c2 91 ca 80 56 6a 19 6e 0a 46 1b c0 57>,
     absValidity: 2018-08-28T04:54:42.092Z,
     relValidity: 7200000 },
  sessionCryptoSpec: { cipher: 'AES-128-CBC', mac: 'SHA256' },
  sessionProtocol: 'TCP',
  handshakeTimeout: 50000 }
chosen nonce: <Buffer b7 35 20 2c ae ed 23 1d>
switching to HANDSHAKE_1_SENT
disconnected from auth
Handler: secure connection with the server closed.
received session key handshake2!
client ret: [object Object]
server authenticated/authorized by solving nonce!
Handler: communication initialization succeeded
file data length: 1024
sending at Mon Aug 27 2018 04:54:42 GMT+0000 (UTC)
switching to IN_COMM
received secure communication message!
Received seqNum: 0
Handler: data received from server via secure communication
data1
Resp-actual/expected/ratio/ts: 25 25 1 1535345683173
Distribution protocol: TCP
Resp-actual/expected/ratio/ts: 25 26 0.9615384615384616 1535345741903
connected to auth! from local port 54146
received auth hello!
{ authId: 503, nonce: <Buffer fc e5 bb b1 16 31 68 a8> }
received session key response encrypted with distribution key
replyNonce in sessionKeyResp: <Buffer 82 24 2c dc c7 2b c0 64>
auth nonce verified
handleSessionKeyResp: session key request succeeded! authFailureCount: 0
received 1 keys
currentSessionKey: [object Object]
Status: Secure connection closed before starting a new connection.
Session protocol: TCP
chosen commSessionKey: 
{ id: 50300292,
  cipherKeyVal: <Buffer 6b 51 f7 be ed 69 95 0b fb 5b 21 fd 3f e4 d6 29>,
  macKeyVal: <Buffer d2 ad 04 3c 7f cf ba 26 a8 1f a4 fe 82 52 b5 a7 66 75 37 16 42 0d cb dc 76 e8 80 1d 16 79 55 d8>,
  absValidity: 2018-08-28T04:55:42.180Z,
  relValidity: 7200000 }
options
{ serverHost: '10.0.1.37',
  serverPort: 22100,
  sessionKey: 
   { id: 50300292,
     cipherKeyVal: <Buffer 6b 51 f7 be ed 69 95 0b fb 5b 21 fd 3f e4 d6 29>,
     macKeyVal: <Buffer d2 ad 04 3c 7f cf ba 26 a8 1f a4 fe 82 52 b5 a7 66 75 37 16 42 0d cb dc 76 e8 80 1d 16 79 55 d8>,
     absValidity: 2018-08-28T04:55:42.180Z,
     relValidity: 7200000 },
  sessionCryptoSpec: { cipher: 'AES-128-CBC', mac: 'SHA256' },
  sessionProtocol: 'TCP',
  handshakeTimeout: 50000 }
chosen nonce: <Buffer d9 25 35 16 89 a7 98 d0>
switching to HANDSHAKE_1_SENT
disconnected from auth
Handler: secure connection with the server closed.
received session key handshake2!
client ret: [object Object]
server authenticated/authorized by solving nonce!
Handler: communication initialization succeeded
file data length: 1024
sending at Mon Aug 27 2018 04:55:42 GMT+0000 (UTC)
switching to IN_COMM
received secure communication message!
Received seqNum: 0
Handler: data received from server via secure communication
data1
Resp-actual/expected/ratio/ts: 26 26 1 1535345743234
Distribution protocol: TCP
Resp-actual/expected/ratio/ts: 26 27 0.9629629629629629 1535345801960
connected to auth! from local port 54340
received auth hello!
{ authId: 503, nonce: <Buffer 53 fb 80 4f 34 a3 04 77> }
received session key response encrypted with distribution key
replyNonce in sessionKeyResp: <Buffer 42 4e 4d 68 d8 06 bd 8e>
auth nonce verified
handleSessionKeyResp: session key request succeeded! authFailureCount: 0
received 1 keys
currentSessionKey: [object Object]
Status: Secure connection closed before starting a new connection.
Session protocol: TCP
chosen commSessionKey: 
{ id: 50300297,
  cipherKeyVal: <Buffer b1 60 9c dc 46 61 35 27 fa a7 94 ed ce 52 1c 90>,
  macKeyVal: <Buffer 66 59 27 b9 a9 50 d6 1c 57 e4 3e 0a 50 8d f9 7e 4b 28 e7 6e a5 e2 62 65 31 69 17 a9 51 6a 9f 93>,
  absValidity: 2018-08-28T04:56:42.308Z,
  relValidity: 7200000 }
options
{ serverHost: '10.0.1.37',
  serverPort: 22100,
  sessionKey: 
   { id: 50300297,
     cipherKeyVal: <Buffer b1 60 9c dc 46 61 35 27 fa a7 94 ed ce 52 1c 90>,
     macKeyVal: <Buffer 66 59 27 b9 a9 50 d6 1c 57 e4 3e 0a 50 8d f9 7e 4b 28 e7 6e a5 e2 62 65 31 69 17 a9 51 6a 9f 93>,
     absValidity: 2018-08-28T04:56:42.308Z,
     relValidity: 7200000 },
  sessionCryptoSpec: { cipher: 'AES-128-CBC', mac: 'SHA256' },
  sessionProtocol: 'TCP',
  handshakeTimeout: 50000 }
chosen nonce: <Buffer 53 06 b0 01 56 6b 72 0f>
switching to HANDSHAKE_1_SENT
disconnected from auth
Handler: secure connection with the server closed.
received session key handshake2!
client ret: [object Object]
server authenticated/authorized by solving nonce!
Handler: communication initialization succeeded
file data length: 1024
sending at Mon Aug 27 2018 04:56:43 GMT+0000 (UTC)
switching to IN_COMM
received secure communication message!
Received seqNum: 0
Handler: data received from server via secure communication
data1
Resp-actual/expected/ratio/ts: 27 27 1 1535345803360
Distribution protocol: TCP
Resp-actual/expected/ratio/ts: 27 28 0.9642857142857143 1535345862019
connected to auth! from local port 54374
received auth hello!
{ authId: 503, nonce: <Buffer 2b 13 21 f2 3e e0 c4 7c> }
received session key response encrypted with distribution key
replyNonce in sessionKeyResp: <Buffer 25 bb 76 b4 eb 99 b0 97>
auth nonce verified
handleSessionKeyResp: session key request succeeded! authFailureCount: 0
received 1 keys
currentSessionKey: [object Object]
Status: Secure connection closed before starting a new connection.
Session protocol: TCP
chosen commSessionKey: 
{ id: 50300301,
  cipherKeyVal: <Buffer e0 9e af 15 1c 80 70 db f5 1d c4 8f c4 6c 62 ae>,
  macKeyVal: <Buffer 76 08 56 70 ef a6 04 a4 f3 64 ba 48 25 6c 4e 25 64 70 94 15 fe 76 94 fe d1 97 50 6b 5e 34 6a bc>,
  absValidity: 2018-08-28T04:57:42.177Z,
  relValidity: 7200000 }
options
{ serverHost: '10.0.1.37',
  serverPort: 22100,
  sessionKey: 
   { id: 50300301,
     cipherKeyVal: <Buffer e0 9e af 15 1c 80 70 db f5 1d c4 8f c4 6c 62 ae>,
     macKeyVal: <Buffer 76 08 56 70 ef a6 04 a4 f3 64 ba 48 25 6c 4e 25 64 70 94 15 fe 76 94 fe d1 97 50 6b 5e 34 6a bc>,
     absValidity: 2018-08-28T04:57:42.177Z,
     relValidity: 7200000 },
  sessionCryptoSpec: { cipher: 'AES-128-CBC', mac: 'SHA256' },
  sessionProtocol: 'TCP',
  handshakeTimeout: 50000 }
chosen nonce: <Buffer a2 65 b7 a3 3c 2c 8d 23>
switching to HANDSHAKE_1_SENT
disconnected from auth
Handler: secure connection with the server closed.
received session key handshake2!
client ret: [object Object]
server authenticated/authorized by solving nonce!
Handler: communication initialization succeeded
file data length: 1024
sending at Mon Aug 27 2018 04:57:42 GMT+0000 (UTC)
switching to IN_COMM
received secure communication message!
Received seqNum: 0
Handler: data received from server via secure communication
data1
Resp-actual/expected/ratio/ts: 28 28 1 1535345863176
