changing working directory to: /home/hokeunkim/Development/iotauth/entity/node/example_entities
loading from config file: /home/hokeunkim/Development/iotauth_experiments/experiments/ccs2017/expOptions/expEntity.option
Experimental options for echoServer: { autoSendPeriod: 60000,
  useSameSessionKeyCount: 1,
  connectionTimeout: 50000,
  migrationEnabled: true,
  authFailureThreshold: 2,
  migrationFailureThreshold: 2 }
loading from config file: /home/hokeunkim/Development/iotauth/entity/node/example_entities/configs/Servers/s406.config
initializing secure comm server...
Session protocol: TCP
current parameters: { migrationEnabled: true,
  authFailureThreshold: 3,
  migrationFailureThreshold: 3 }
current parameters: { migrationEnabled: true,
  authFailureThreshold: 2,
  migrationFailureThreshold: 3 }
current parameters: { migrationEnabled: true,
  authFailureThreshold: 2,
  migrationFailureThreshold: 2 }
current entityInfo: { name: 's406',
  group: 'Servers',
  distProtocol: 'TCP',
  usePermanentDistKey: false,
  connectionTimeout: 50000,
  privateKey: <Buffer 2d 2d 2d 2d 2d 42 45 47 49 4e 20 52 53 41 20 50 52 49 56 41 54 45 20 4b 45 59 2d 2d 2d 2d 2d 0a 4d 49 49 45 70 41 49 42 41 41 4b 43 41 51 45 41 33 6c ... > }
Handler: listening on port 22100
s406:Servers prompt>
Unidentified client connected
received session key handshake1
switching to HANDSHAKE_1_RECEIVED state.
session key id: 40200001
session key NOT found! sending session key id to AuthService
Distribution protocol: TCP
connected to auth! from local port 46796
received auth hello!
{ authId: 402, nonce: <Buffer 3f b4 ca c4 50 b5 d0 b5> }
received session key response with distribution key attached!
auth signature verified
replyNonce in sessionKeyResp: <Buffer 20 e0 1a 65 eb 58 3b ab>
auth nonce verified
handleSessionKeyResp: session key request succeeded! authFailureCount: 0
updating distribution key: { cipherKeyVal: <Buffer cb b6 d1 a3 7e 44 71 2d 89 a3 f0 a7 fe 36 d2 a2>,
  macKeyVal: <Buffer 11 2b d3 06 36 b0 e9 e2 57 e3 86 cb 56 cb db 02 7a 44 26 04 8a 03 1f ac b7 2a d5 64 83 de 5b 72>,
  absValidity: 2018-03-21T05:22:08.385Z }
received 1 keys
Session key id is as expected
server ret: [object Object]
chosen nonce: <Buffer 95 b6 07 26 76 cf d8 92>
switching to HANDSHAKE_2_SENT
disconnected from auth
received session key handshake3!
{ replyNonce: <Buffer 95 b6 07 26 76 cf d8 92> }
client authenticated/authorized by solving nonce!
switching to IN_COMM
Handler: secure connection with the client established.
{ id: 0,
  remoteAddress: '::ffff:10.0.1.50:33412',
  status: 'open' }
received secure communication!
Received seqNum: 0
data received from server via secure communication
Handler: socketID: 0 data: data1
toSend: { data: <Buffer 64 61 74 61 31>, id: 0 }
specified socketID: 0
Unidentified client disconnected
Handler: secure connection with the client closed.
socket #0 closed
Unidentified client connected
received session key handshake1
switching to HANDSHAKE_1_RECEIVED state.
session key id: 40200008
session key NOT found! sending session key id to AuthService
Distribution protocol: TCP
connected to auth! from local port 46952
received auth hello!
{ authId: 402, nonce: <Buffer 29 9f 48 b5 3c 8b 89 43> }
received session key response encrypted with distribution key
replyNonce in sessionKeyResp: <Buffer 33 5e dc f8 79 36 91 3a>
auth nonce verified
handleSessionKeyResp: session key request succeeded! authFailureCount: 0
received 1 keys
Session key id is as expected
server ret: [object Object]
chosen nonce: <Buffer cc 2e 55 bd 69 25 be bb>
switching to HANDSHAKE_2_SENT
disconnected from auth
received session key handshake3!
{ replyNonce: <Buffer cc 2e 55 bd 69 25 be bb> }
client authenticated/authorized by solving nonce!
switching to IN_COMM
Handler: secure connection with the client established.
{ id: 1,
  remoteAddress: '::ffff:10.0.1.50:33568',
  status: 'open' }
received secure communication!
Received seqNum: 0
data received from server via secure communication
Handler: socketID: 1 data: data1
toSend: { data: <Buffer 64 61 74 61 31>, id: 1 }
specified socketID: 1
Unidentified client disconnected
Handler: secure connection with the client closed.
socket #1 closed
Unidentified client connected
received session key handshake1
switching to HANDSHAKE_1_RECEIVED state.
session key id: 40200015
session key NOT found! sending session key id to AuthService
Distribution protocol: TCP
connected to auth! from local port 47214
received auth hello!
{ authId: 402, nonce: <Buffer 9e 59 77 3b ab 3d 5b e1> }
received session key response encrypted with distribution key
replyNonce in sessionKeyResp: <Buffer 10 8e 04 55 b2 75 46 12>
auth nonce verified
handleSessionKeyResp: session key request succeeded! authFailureCount: 0
received 1 keys
Session key id is as expected
server ret: [object Object]
chosen nonce: <Buffer 8f c5 41 e6 ae 3a 06 6c>
switching to HANDSHAKE_2_SENT
disconnected from auth
received session key handshake3!
{ replyNonce: <Buffer 8f c5 41 e6 ae 3a 06 6c> }
client authenticated/authorized by solving nonce!
switching to IN_COMM
Handler: secure connection with the client established.
{ id: 2,
  remoteAddress: '::ffff:10.0.1.50:33830',
  status: 'open' }
received secure communication!
Received seqNum: 0
data received from server via secure communication
Handler: socketID: 2 data: data1
toSend: { data: <Buffer 64 61 74 61 31>, id: 2 }
specified socketID: 2
Unidentified client disconnected
Handler: secure connection with the client closed.
socket #2 closed
Unidentified client connected
received session key handshake1
switching to HANDSHAKE_1_RECEIVED state.
session key id: 40200022
session key NOT found! sending session key id to AuthService
Distribution protocol: TCP
connected to auth! from local port 47484
received auth hello!
{ authId: 402, nonce: <Buffer d5 60 b0 e4 92 91 2f 90> }
received session key response encrypted with distribution key
replyNonce in sessionKeyResp: <Buffer 63 e1 75 82 ea 5e 23 73>
auth nonce verified
handleSessionKeyResp: session key request succeeded! authFailureCount: 0
received 1 keys
Session key id is as expected
server ret: [object Object]
chosen nonce: <Buffer ff 75 af 33 c0 f3 70 03>
switching to HANDSHAKE_2_SENT
received session key handshake3!
{ replyNonce: <Buffer ff 75 af 33 c0 f3 70 03> }
client authenticated/authorized by solving nonce!
switching to IN_COMM
Handler: secure connection with the client established.
{ id: 3,
  remoteAddress: '::ffff:10.0.1.50:34100',
  status: 'open' }
disconnected from auth
received secure communication!
Received seqNum: 0
data received from server via secure communication
Handler: socketID: 3 data: data1
toSend: { data: <Buffer 64 61 74 61 31>, id: 3 }
specified socketID: 3
Unidentified client disconnected
Handler: secure connection with the client closed.
socket #3 closed
Unidentified client connected
received session key handshake1
switching to HANDSHAKE_1_RECEIVED state.
session key id: 40200029
session key NOT found! sending session key id to AuthService
Distribution protocol: TCP
connected to auth! from local port 47754
received auth hello!
{ authId: 402, nonce: <Buffer bc 1d 88 78 7c c9 48 9e> }
received session key response encrypted with distribution key
replyNonce in sessionKeyResp: <Buffer 37 a6 3d ee 83 ef 58 8d>
auth nonce verified
handleSessionKeyResp: session key request succeeded! authFailureCount: 0
received 1 keys
Session key id is as expected
server ret: [object Object]
chosen nonce: <Buffer 06 e4 18 c4 b9 e1 91 81>
switching to HANDSHAKE_2_SENT
received session key handshake3!
{ replyNonce: <Buffer 06 e4 18 c4 b9 e1 91 81> }
client authenticated/authorized by solving nonce!
switching to IN_COMM
Handler: secure connection with the client established.
{ id: 4,
  remoteAddress: '::ffff:10.0.1.50:34370',
  status: 'open' }
disconnected from auth
received secure communication!
Received seqNum: 0
data received from server via secure communication
Handler: socketID: 4 data: data1
toSend: { data: <Buffer 64 61 74 61 31>, id: 4 }
specified socketID: 4
Unidentified client disconnected
Handler: secure connection with the client closed.
socket #4 closed
Unidentified client connected
received session key handshake1
switching to HANDSHAKE_1_RECEIVED state.
session key id: 40200036
session key NOT found! sending session key id to AuthService
Distribution protocol: TCP
connected to auth! from local port 48024
received auth hello!
{ authId: 402, nonce: <Buffer bf 3b fe cc 4a 54 0a 7e> }
received session key response encrypted with distribution key
replyNonce in sessionKeyResp: <Buffer 4e 05 1d 21 82 01 9f 45>
auth nonce verified
handleSessionKeyResp: session key request succeeded! authFailureCount: 0
received 1 keys
Session key id is as expected
server ret: [object Object]
chosen nonce: <Buffer c5 76 28 cb 35 ff b4 a2>
switching to HANDSHAKE_2_SENT
disconnected from auth
received session key handshake3!
{ replyNonce: <Buffer c5 76 28 cb 35 ff b4 a2> }
client authenticated/authorized by solving nonce!
switching to IN_COMM
Handler: secure connection with the client established.
{ id: 5,
  remoteAddress: '::ffff:10.0.1.50:34640',
  status: 'open' }
received secure communication!
Received seqNum: 0
data received from server via secure communication
Handler: socketID: 5 data: data1
toSend: { data: <Buffer 64 61 74 61 31>, id: 5 }
specified socketID: 5
Unidentified client disconnected
Handler: secure connection with the client closed.
socket #5 closed
Unidentified client connected
received session key handshake1
switching to HANDSHAKE_1_RECEIVED state.
session key id: 40200043
session key NOT found! sending session key id to AuthService
Distribution protocol: TCP
connected to auth! from local port 48294
received auth hello!
{ authId: 402, nonce: <Buffer c4 f4 90 b9 11 7f b7 f1> }
received session key response encrypted with distribution key
replyNonce in sessionKeyResp: <Buffer 06 25 cc fd fb 15 bd 66>
auth nonce verified
handleSessionKeyResp: session key request succeeded! authFailureCount: 0
received 1 keys
Session key id is as expected
server ret: [object Object]
chosen nonce: <Buffer 5d 9c f9 3d 9c 6e bd 23>
switching to HANDSHAKE_2_SENT
disconnected from auth
received session key handshake3!
{ replyNonce: <Buffer 5d 9c f9 3d 9c 6e bd 23> }
client authenticated/authorized by solving nonce!
switching to IN_COMM
Handler: secure connection with the client established.
{ id: 6,
  remoteAddress: '::ffff:10.0.1.50:34910',
  status: 'open' }
received secure communication!
Received seqNum: 0
data received from server via secure communication
Handler: socketID: 6 data: data1
toSend: { data: <Buffer 64 61 74 61 31>, id: 6 }
specified socketID: 6
Unidentified client disconnected
Handler: secure connection with the client closed.
socket #6 closed
Unidentified client connected
received session key handshake1
switching to HANDSHAKE_1_RECEIVED state.
session key id: 40200050
session key NOT found! sending session key id to AuthService
Distribution protocol: TCP
connected to auth! from local port 48564
received auth hello!
{ authId: 402, nonce: <Buffer 7f 18 e6 80 d5 0b 75 4c> }
received session key response encrypted with distribution key
replyNonce in sessionKeyResp: <Buffer b0 6c e7 5e b8 83 6f 85>
auth nonce verified
handleSessionKeyResp: session key request succeeded! authFailureCount: 0
received 1 keys
Session key id is as expected
server ret: [object Object]
chosen nonce: <Buffer e7 29 1c 35 4e f0 c1 bd>
switching to HANDSHAKE_2_SENT
disconnected from auth
received session key handshake3!
{ replyNonce: <Buffer e7 29 1c 35 4e f0 c1 bd> }
client authenticated/authorized by solving nonce!
switching to IN_COMM
Handler: secure connection with the client established.
{ id: 7,
  remoteAddress: '::ffff:10.0.1.50:35180',
  status: 'open' }
received secure communication!
Received seqNum: 0
data received from server via secure communication
Handler: socketID: 7 data: data1
toSend: { data: <Buffer 64 61 74 61 31>, id: 7 }
specified socketID: 7
Unidentified client disconnected
Handler: secure connection with the client closed.
socket #7 closed
Unidentified client connected
received session key handshake1
switching to HANDSHAKE_1_RECEIVED state.
session key id: 40200057
session key NOT found! sending session key id to AuthService
Distribution protocol: TCP
connected to auth! from local port 48818
received auth hello!
{ authId: 402, nonce: <Buffer 61 7a 16 fc 0c 45 a3 13> }
received session key response encrypted with distribution key
replyNonce in sessionKeyResp: <Buffer c4 16 c6 ef 86 5e d9 f9>
auth nonce verified
handleSessionKeyResp: session key request succeeded! authFailureCount: 0
received 1 keys
Session key id is as expected
server ret: [object Object]
chosen nonce: <Buffer 54 55 68 43 05 46 e4 8b>
switching to HANDSHAKE_2_SENT
disconnected from auth
received session key handshake3!
{ replyNonce: <Buffer 54 55 68 43 05 46 e4 8b> }
client authenticated/authorized by solving nonce!
switching to IN_COMM
Handler: secure connection with the client established.
{ id: 8,
  remoteAddress: '::ffff:10.0.1.50:35434',
  status: 'open' }
received secure communication!
Received seqNum: 0
data received from server via secure communication
Handler: socketID: 8 data: data1
toSend: { data: <Buffer 64 61 74 61 31>, id: 8 }
specified socketID: 8
Unidentified client disconnected
Handler: secure connection with the client closed.
socket #8 closed
Unidentified client connected
received session key handshake1
switching to HANDSHAKE_1_RECEIVED state.
session key id: 40200064
session key NOT found! sending session key id to AuthService
Distribution protocol: TCP
connected to auth! from local port 49074
received auth hello!
{ authId: 402, nonce: <Buffer 93 ea b2 8c 63 ac 6e 22> }
received session key response encrypted with distribution key
replyNonce in sessionKeyResp: <Buffer 9e b7 b5 ab 09 0f 23 b5>
auth nonce verified
handleSessionKeyResp: session key request succeeded! authFailureCount: 0
received 1 keys
Session key id is as expected
server ret: [object Object]
chosen nonce: <Buffer 98 bc 2d 97 eb 77 8f 4d>
switching to HANDSHAKE_2_SENT
received session key handshake3!
{ replyNonce: <Buffer 98 bc 2d 97 eb 77 8f 4d> }
client authenticated/authorized by solving nonce!
switching to IN_COMM
Handler: secure connection with the client established.
{ id: 9,
  remoteAddress: '::ffff:10.0.1.50:35690',
  status: 'open' }
disconnected from auth
received secure communication!
Received seqNum: 0
data received from server via secure communication
Handler: socketID: 9 data: data1
toSend: { data: <Buffer 64 61 74 61 31>, id: 9 }
specified socketID: 9
Unidentified client disconnected
Handler: secure connection with the client closed.
socket #9 closed
Unidentified client connected
received session key handshake1
switching to HANDSHAKE_1_RECEIVED state.
session key id: 40200071
session key NOT found! sending session key id to AuthService
Distribution protocol: TCP
connected to auth! from local port 49338
received auth hello!
{ authId: 402, nonce: <Buffer ca 91 39 37 2a 2d 4f 76> }
received session key response encrypted with distribution key
replyNonce in sessionKeyResp: <Buffer 82 b7 0b f5 4c 3f 6a 62>
auth nonce verified
handleSessionKeyResp: session key request succeeded! authFailureCount: 0
received 1 keys
Session key id is as expected
server ret: [object Object]
chosen nonce: <Buffer f9 4a f7 96 48 a3 20 95>
switching to HANDSHAKE_2_SENT
disconnected from auth
received session key handshake3!
{ replyNonce: <Buffer f9 4a f7 96 48 a3 20 95> }
client authenticated/authorized by solving nonce!
switching to IN_COMM
Handler: secure connection with the client established.
{ id: 10,
  remoteAddress: '::ffff:10.0.1.50:35954',
  status: 'open' }
received secure communication!
Received seqNum: 0
data received from server via secure communication
Handler: socketID: 10 data: data1
toSend: { data: <Buffer 64 61 74 61 31>, id: 10 }
specified socketID: 10
Unidentified client disconnected
Handler: secure connection with the client closed.
socket #10 closed
Unidentified client connected
received session key handshake1
switching to HANDSHAKE_1_RECEIVED state.
session key id: 40200078
session key NOT found! sending session key id to AuthService
Distribution protocol: TCP
connected to auth! from local port 49612
received auth hello!
{ authId: 402, nonce: <Buffer b9 39 4d 07 f4 b2 24 20> }
received session key response encrypted with distribution key
replyNonce in sessionKeyResp: <Buffer 64 cf f4 b8 f4 bd a5 87>
auth nonce verified
handleSessionKeyResp: session key request succeeded! authFailureCount: 0
received 1 keys
Session key id is as expected
server ret: [object Object]
chosen nonce: <Buffer 41 b0 33 b0 d3 e0 8e 6b>
switching to HANDSHAKE_2_SENT
disconnected from auth
received session key handshake3!
{ replyNonce: <Buffer 41 b0 33 b0 d3 e0 8e 6b> }
client authenticated/authorized by solving nonce!
switching to IN_COMM
Handler: secure connection with the client established.
{ id: 11,
  remoteAddress: '::ffff:10.0.1.50:36228',
  status: 'open' }
received secure communication!
Received seqNum: 0
data received from server via secure communication
Handler: socketID: 11 data: data1
toSend: { data: <Buffer 64 61 74 61 31>, id: 11 }
specified socketID: 11
Unidentified client disconnected
Handler: secure connection with the client closed.
socket #11 closed
Unidentified client connected
received session key handshake1
switching to HANDSHAKE_1_RECEIVED state.
session key id: 40200085
session key NOT found! sending session key id to AuthService
Distribution protocol: TCP
connected to auth! from local port 49888
received auth hello!
{ authId: 402, nonce: <Buffer e4 38 04 d6 7c 55 12 6a> }
received session key response encrypted with distribution key
replyNonce in sessionKeyResp: <Buffer 18 f3 21 6a e5 27 be 2f>
auth nonce verified
handleSessionKeyResp: session key request succeeded! authFailureCount: 0
received 1 keys
Session key id is as expected
server ret: [object Object]
chosen nonce: <Buffer 6b 98 d2 28 49 71 c8 ea>
switching to HANDSHAKE_2_SENT
received session key handshake3!
{ replyNonce: <Buffer 6b 98 d2 28 49 71 c8 ea> }
client authenticated/authorized by solving nonce!
switching to IN_COMM
Handler: secure connection with the client established.
{ id: 12,
  remoteAddress: '::ffff:10.0.1.50:36504',
  status: 'open' }
disconnected from auth
received secure communication!
Received seqNum: 0
data received from server via secure communication
Handler: socketID: 12 data: data1
toSend: { data: <Buffer 64 61 74 61 31>, id: 12 }
specified socketID: 12
Unidentified client disconnected
Handler: secure connection with the client closed.
socket #12 closed
Unidentified client connected
received session key handshake1
switching to HANDSHAKE_1_RECEIVED state.
session key id: 40200092
session key NOT found! sending session key id to AuthService
Distribution protocol: TCP
connected to auth! from local port 50154
received auth hello!
{ authId: 402, nonce: <Buffer 3b 52 83 32 34 a4 a7 cb> }
received session key response encrypted with distribution key
replyNonce in sessionKeyResp: <Buffer f7 19 9f 63 60 b0 7d 89>
auth nonce verified
handleSessionKeyResp: session key request succeeded! authFailureCount: 0
received 1 keys
Session key id is as expected
server ret: [object Object]
chosen nonce: <Buffer b2 e5 ed 19 5e 91 ed a3>
switching to HANDSHAKE_2_SENT
disconnected from auth
received session key handshake3!
{ replyNonce: <Buffer b2 e5 ed 19 5e 91 ed a3> }
client authenticated/authorized by solving nonce!
switching to IN_COMM
Handler: secure connection with the client established.
{ id: 13,
  remoteAddress: '::ffff:10.0.1.50:36770',
  status: 'open' }
received secure communication!
Received seqNum: 0
data received from server via secure communication
Handler: socketID: 13 data: data1
toSend: { data: <Buffer 64 61 74 61 31>, id: 13 }
specified socketID: 13
Unidentified client disconnected
Handler: secure connection with the client closed.
socket #13 closed
Unidentified client connected
received session key handshake1
switching to HANDSHAKE_1_RECEIVED state.
session key id: 40200099
session key NOT found! sending session key id to AuthService
Distribution protocol: TCP
connected to auth! from local port 50424
received auth hello!
{ authId: 402, nonce: <Buffer 01 30 00 6c a3 ae af 5b> }
received session key response encrypted with distribution key
replyNonce in sessionKeyResp: <Buffer 1e 4d 97 36 2f e2 c1 f7>
auth nonce verified
handleSessionKeyResp: session key request succeeded! authFailureCount: 0
received 1 keys
Session key id is as expected
server ret: [object Object]
chosen nonce: <Buffer 44 ca b9 77 1d e2 24 31>
switching to HANDSHAKE_2_SENT
disconnected from auth
received session key handshake3!
{ replyNonce: <Buffer 44 ca b9 77 1d e2 24 31> }
client authenticated/authorized by solving nonce!
switching to IN_COMM
Handler: secure connection with the client established.
{ id: 14,
  remoteAddress: '::ffff:10.0.1.50:37040',
  status: 'open' }
received secure communication!
Received seqNum: 0
data received from server via secure communication
Handler: socketID: 14 data: data1
toSend: { data: <Buffer 64 61 74 61 31>, id: 14 }
specified socketID: 14
Unidentified client disconnected
Handler: secure connection with the client closed.
socket #14 closed
Unidentified client connected
received session key handshake1
switching to HANDSHAKE_1_RECEIVED state.
session key id: 40200106
session key NOT found! sending session key id to AuthService
Distribution protocol: TCP
connected to auth! from local port 50694
received auth hello!
{ authId: 402, nonce: <Buffer a1 5e b4 0d d7 dc 4c 01> }
received session key response encrypted with distribution key
replyNonce in sessionKeyResp: <Buffer ef 81 1a 8e 21 86 5d d1>
auth nonce verified
handleSessionKeyResp: session key request succeeded! authFailureCount: 0
received 1 keys
Session key id is as expected
server ret: [object Object]
chosen nonce: <Buffer f2 13 26 ca db db eb 97>
switching to HANDSHAKE_2_SENT
disconnected from auth
received session key handshake3!
{ replyNonce: <Buffer f2 13 26 ca db db eb 97> }
client authenticated/authorized by solving nonce!
switching to IN_COMM
Handler: secure connection with the client established.
{ id: 15,
  remoteAddress: '::ffff:10.0.1.50:37310',
  status: 'open' }
received secure communication!
Received seqNum: 0
data received from server via secure communication
Handler: socketID: 15 data: data1
toSend: { data: <Buffer 64 61 74 61 31>, id: 15 }
specified socketID: 15
Unidentified client disconnected
Handler: secure connection with the client closed.
socket #15 closed
Unidentified client connected
received session key handshake1
switching to HANDSHAKE_1_RECEIVED state.
session key id: 40200113
session key NOT found! sending session key id to AuthService
Distribution protocol: TCP
connected to auth! from local port 50964
received auth hello!
{ authId: 402, nonce: <Buffer 62 a8 40 b5 96 82 55 5c> }
received session key response encrypted with distribution key
replyNonce in sessionKeyResp: <Buffer 37 72 21 82 49 10 6e a7>
auth nonce verified
handleSessionKeyResp: session key request succeeded! authFailureCount: 0
received 1 keys
Session key id is as expected
server ret: [object Object]
chosen nonce: <Buffer 6b b1 8d 5a 3c 88 ea 0c>
switching to HANDSHAKE_2_SENT
received session key handshake3!
{ replyNonce: <Buffer 6b b1 8d 5a 3c 88 ea 0c> }
client authenticated/authorized by solving nonce!
switching to IN_COMM
Handler: secure connection with the client established.
{ id: 16,
  remoteAddress: '::ffff:10.0.1.50:37580',
  status: 'open' }
disconnected from auth
received secure communication!
Received seqNum: 0
data received from server via secure communication
Handler: socketID: 16 data: data1
toSend: { data: <Buffer 64 61 74 61 31>, id: 16 }
specified socketID: 16
Unidentified client disconnected
Handler: secure connection with the client closed.
socket #16 closed
Unidentified client connected
received session key handshake1
switching to HANDSHAKE_1_RECEIVED state.
session key id: 40200120
session key NOT found! sending session key id to AuthService
Distribution protocol: TCP
connected to auth! from local port 51238
received auth hello!
{ authId: 402, nonce: <Buffer 09 f6 7e df 7b 07 4c df> }
received session key response encrypted with distribution key
replyNonce in sessionKeyResp: <Buffer 6e 35 45 d8 df e3 3e e2>
auth nonce verified
handleSessionKeyResp: session key request succeeded! authFailureCount: 0
received 1 keys
Session key id is as expected
server ret: [object Object]
chosen nonce: <Buffer d6 95 65 31 e9 ec 2a 10>
switching to HANDSHAKE_2_SENT
disconnected from auth
received session key handshake3!
{ replyNonce: <Buffer d6 95 65 31 e9 ec 2a 10> }
client authenticated/authorized by solving nonce!
switching to IN_COMM
Handler: secure connection with the client established.
{ id: 17,
  remoteAddress: '::ffff:10.0.1.50:37854',
  status: 'open' }
received secure communication!
Received seqNum: 0
data received from server via secure communication
Handler: socketID: 17 data: data1
toSend: { data: <Buffer 64 61 74 61 31>, id: 17 }
specified socketID: 17
Unidentified client disconnected
Handler: secure connection with the client closed.
socket #17 closed
Unidentified client connected
received session key handshake1
switching to HANDSHAKE_1_RECEIVED state.
session key id: 40200127
session key NOT found! sending session key id to AuthService
Distribution protocol: TCP
connected to auth! from local port 51504
received auth hello!
{ authId: 402, nonce: <Buffer 2d d1 14 b0 c6 0e d7 4a> }
received session key response encrypted with distribution key
replyNonce in sessionKeyResp: <Buffer 34 d7 d4 3f 55 2d 7e 01>
auth nonce verified
handleSessionKeyResp: session key request succeeded! authFailureCount: 0
received 1 keys
Session key id is as expected
server ret: [object Object]
chosen nonce: <Buffer 58 d2 46 92 be 84 26 7a>
switching to HANDSHAKE_2_SENT
disconnected from auth
received session key handshake3!
{ replyNonce: <Buffer 58 d2 46 92 be 84 26 7a> }
client authenticated/authorized by solving nonce!
switching to IN_COMM
Handler: secure connection with the client established.
{ id: 18,
  remoteAddress: '::ffff:10.0.1.50:38120',
  status: 'open' }
received secure communication!
Received seqNum: 0
data received from server via secure communication
Handler: socketID: 18 data: data1
toSend: { data: <Buffer 64 61 74 61 31>, id: 18 }
specified socketID: 18
Unidentified client disconnected
Handler: secure connection with the client closed.
socket #18 closed
Unidentified client connected
received session key handshake1
switching to HANDSHAKE_1_RECEIVED state.
session key id: 40200134
session key NOT found! sending session key id to AuthService
Distribution protocol: TCP
connected to auth! from local port 51774
received auth hello!
{ authId: 402, nonce: <Buffer 8e 4a 54 d3 a1 2e cd dd> }
received session key response encrypted with distribution key
replyNonce in sessionKeyResp: <Buffer f4 7b bd da 30 4b 3e a6>
auth nonce verified
handleSessionKeyResp: session key request succeeded! authFailureCount: 0
received 1 keys
Session key id is as expected
server ret: [object Object]
chosen nonce: <Buffer e0 e0 88 67 79 3c c8 29>
switching to HANDSHAKE_2_SENT
disconnected from auth
received session key handshake3!
{ replyNonce: <Buffer e0 e0 88 67 79 3c c8 29> }
client authenticated/authorized by solving nonce!
switching to IN_COMM
Handler: secure connection with the client established.
{ id: 19,
  remoteAddress: '::ffff:10.0.1.50:38390',
  status: 'open' }
received secure communication!
Received seqNum: 0
data received from server via secure communication
Handler: socketID: 19 data: data1
toSend: { data: <Buffer 64 61 74 61 31>, id: 19 }
specified socketID: 19
Unidentified client disconnected
Handler: secure connection with the client closed.
socket #19 closed
Unidentified client connected
received session key handshake1
switching to HANDSHAKE_1_RECEIVED state.
session key id: 40200141
session key NOT found! sending session key id to AuthService
Distribution protocol: TCP
connected to auth! from local port 52048
received auth hello!
{ authId: 402, nonce: <Buffer e4 8b 21 51 86 32 49 c8> }
received session key response encrypted with distribution key
replyNonce in sessionKeyResp: <Buffer f9 4f 1f f4 3e f4 d7 a8>
auth nonce verified
handleSessionKeyResp: session key request succeeded! authFailureCount: 0
received 1 keys
Session key id is as expected
server ret: [object Object]
chosen nonce: <Buffer b5 9f 47 89 a4 db 1e c4>
switching to HANDSHAKE_2_SENT
disconnected from auth
received session key handshake3!
{ replyNonce: <Buffer b5 9f 47 89 a4 db 1e c4> }
client authenticated/authorized by solving nonce!
switching to IN_COMM
Handler: secure connection with the client established.
{ id: 20,
  remoteAddress: '::ffff:10.0.1.50:38664',
  status: 'open' }
received secure communication!
Received seqNum: 0
data received from server via secure communication
Handler: socketID: 20 data: data1
toSend: { data: <Buffer 64 61 74 61 31>, id: 20 }
specified socketID: 20
Unidentified client disconnected
Handler: secure connection with the client closed.
socket #20 closed
Unidentified client connected
received session key handshake1
switching to HANDSHAKE_1_RECEIVED state.
session key id: 40200148
session key NOT found! sending session key id to AuthService
Distribution protocol: TCP
connected to auth! from local port 52314
received auth hello!
{ authId: 402, nonce: <Buffer e8 c7 a2 fe 42 74 cf 58> }
received session key response encrypted with distribution key
replyNonce in sessionKeyResp: <Buffer 5a 28 84 0a 7b 70 76 8f>
auth nonce verified
handleSessionKeyResp: session key request succeeded! authFailureCount: 0
received 1 keys
Session key id is as expected
server ret: [object Object]
chosen nonce: <Buffer 43 e1 4c 42 14 b5 4d a6>
switching to HANDSHAKE_2_SENT
received session key handshake3!
{ replyNonce: <Buffer 43 e1 4c 42 14 b5 4d a6> }
client authenticated/authorized by solving nonce!
switching to IN_COMM
Handler: secure connection with the client established.
{ id: 21,
  remoteAddress: '::ffff:10.0.1.50:38930',
  status: 'open' }
disconnected from auth
received secure communication!
Received seqNum: 0
data received from server via secure communication
Handler: socketID: 21 data: data1
toSend: { data: <Buffer 64 61 74 61 31>, id: 21 }
specified socketID: 21
Unidentified client disconnected
Handler: secure connection with the client closed.
socket #21 closed
Unidentified client connected
received session key handshake1
switching to HANDSHAKE_1_RECEIVED state.
session key id: 40200155
session key NOT found! sending session key id to AuthService
Distribution protocol: TCP
connected to auth! from local port 52584
received auth hello!
{ authId: 402, nonce: <Buffer 3c d3 b2 f9 7a 18 a8 e5> }
received session key response encrypted with distribution key
replyNonce in sessionKeyResp: <Buffer 16 eb b0 e4 dd b6 d5 59>
auth nonce verified
handleSessionKeyResp: session key request succeeded! authFailureCount: 0
received 1 keys
Session key id is as expected
server ret: [object Object]
chosen nonce: <Buffer 7c 9f 3d 7b 40 ba 13 41>
switching to HANDSHAKE_2_SENT
disconnected from auth
received session key handshake3!
{ replyNonce: <Buffer 7c 9f 3d 7b 40 ba 13 41> }
client authenticated/authorized by solving nonce!
switching to IN_COMM
Handler: secure connection with the client established.
{ id: 22,
  remoteAddress: '::ffff:10.0.1.50:39200',
  status: 'open' }
received secure communication!
Received seqNum: 0
data received from server via secure communication
Handler: socketID: 22 data: data1
toSend: { data: <Buffer 64 61 74 61 31>, id: 22 }
specified socketID: 22
Unidentified client disconnected
Handler: secure connection with the client closed.
socket #22 closed
Unidentified client connected
received session key handshake1
switching to HANDSHAKE_1_RECEIVED state.
session key id: 40200162
session key NOT found! sending session key id to AuthService
Distribution protocol: TCP
connected to auth! from local port 52854
received auth hello!
{ authId: 402, nonce: <Buffer 65 0f 64 83 d0 0c 7b 0a> }
received session key response encrypted with distribution key
replyNonce in sessionKeyResp: <Buffer 41 4e 97 e7 c0 ed 65 83>
auth nonce verified
handleSessionKeyResp: session key request succeeded! authFailureCount: 0
received 1 keys
Session key id is as expected
server ret: [object Object]
chosen nonce: <Buffer 14 1c 9c 9e 1b 4c 70 d3>
switching to HANDSHAKE_2_SENT
disconnected from auth
received session key handshake3!
{ replyNonce: <Buffer 14 1c 9c 9e 1b 4c 70 d3> }
client authenticated/authorized by solving nonce!
switching to IN_COMM
Handler: secure connection with the client established.
{ id: 23,
  remoteAddress: '::ffff:10.0.1.50:39470',
  status: 'open' }
received secure communication!
Received seqNum: 0
data received from server via secure communication
Handler: socketID: 23 data: data1
toSend: { data: <Buffer 64 61 74 61 31>, id: 23 }
specified socketID: 23
Unidentified client disconnected
Handler: secure connection with the client closed.
socket #23 closed
Unidentified client connected
received session key handshake1
switching to HANDSHAKE_1_RECEIVED state.
session key id: 40200169
session key NOT found! sending session key id to AuthService
Distribution protocol: TCP
connected to auth! from local port 53124
received auth hello!
{ authId: 402, nonce: <Buffer d4 bf 5f 9c 3f fc 8a bc> }
received session key response encrypted with distribution key
replyNonce in sessionKeyResp: <Buffer e2 43 dc 11 05 20 c1 2f>
auth nonce verified
handleSessionKeyResp: session key request succeeded! authFailureCount: 0
received 1 keys
Session key id is as expected
server ret: [object Object]
chosen nonce: <Buffer 7e 66 79 e0 6a 05 87 89>
switching to HANDSHAKE_2_SENT
disconnected from auth
received session key handshake3!
{ replyNonce: <Buffer 7e 66 79 e0 6a 05 87 89> }
client authenticated/authorized by solving nonce!
switching to IN_COMM
Handler: secure connection with the client established.
{ id: 24,
  remoteAddress: '::ffff:10.0.1.50:39740',
  status: 'open' }
received secure communication!
Received seqNum: 0
data received from server via secure communication
Handler: socketID: 24 data: data1
toSend: { data: <Buffer 64 61 74 61 31>, id: 24 }
specified socketID: 24
Unidentified client disconnected
Handler: secure connection with the client closed.
socket #24 closed
Unidentified client connected
received session key handshake1
switching to HANDSHAKE_1_RECEIVED state.
session key id: 40200176
session key NOT found! sending session key id to AuthService
Distribution protocol: TCP
connected to auth! from local port 53394
received auth hello!
{ authId: 402, nonce: <Buffer 5d 6b a4 9c f7 a6 2d 37> }
received session key response encrypted with distribution key
replyNonce in sessionKeyResp: <Buffer fc ab db 19 ea b1 3f 22>
auth nonce verified
handleSessionKeyResp: session key request succeeded! authFailureCount: 0
received 1 keys
Session key id is as expected
server ret: [object Object]
chosen nonce: <Buffer fe 01 34 b3 ca 2d 53 e7>
switching to HANDSHAKE_2_SENT
received session key handshake3!
{ replyNonce: <Buffer fe 01 34 b3 ca 2d 53 e7> }
client authenticated/authorized by solving nonce!
switching to IN_COMM
Handler: secure connection with the client established.
{ id: 25,
  remoteAddress: '::ffff:10.0.1.50:40010',
  status: 'open' }
disconnected from auth
received secure communication!
Received seqNum: 0
data received from server via secure communication
Handler: socketID: 25 data: data1
toSend: { data: <Buffer 64 61 74 61 31>, id: 25 }
specified socketID: 25
Unidentified client disconnected
Handler: secure connection with the client closed.
socket #25 closed
Unidentified client connected
received session key handshake1
switching to HANDSHAKE_1_RECEIVED state.
session key id: 40200183
session key NOT found! sending session key id to AuthService
Distribution protocol: TCP
connected to auth! from local port 53664
received auth hello!
{ authId: 402, nonce: <Buffer 70 82 c7 ee 25 b1 86 33> }
received session key response encrypted with distribution key
replyNonce in sessionKeyResp: <Buffer 9d ec 26 00 2d 07 e3 29>
auth nonce verified
handleSessionKeyResp: session key request succeeded! authFailureCount: 0
received 1 keys
Session key id is as expected
server ret: [object Object]
chosen nonce: <Buffer 27 05 50 c7 0a 6f 41 37>
switching to HANDSHAKE_2_SENT
received session key handshake3!
{ replyNonce: <Buffer 27 05 50 c7 0a 6f 41 37> }
client authenticated/authorized by solving nonce!
switching to IN_COMM
Handler: secure connection with the client established.
{ id: 26,
  remoteAddress: '::ffff:10.0.1.50:40280',
  status: 'open' }
disconnected from auth
received secure communication!
Received seqNum: 0
data received from server via secure communication
Handler: socketID: 26 data: data1
toSend: { data: <Buffer 64 61 74 61 31>, id: 26 }
specified socketID: 26
Unidentified client disconnected
Handler: secure connection with the client closed.
socket #26 closed
Unidentified client connected
received session key handshake1
switching to HANDSHAKE_1_RECEIVED state.
session key id: 40200190
session key NOT found! sending session key id to AuthService
Distribution protocol: TCP
connected to auth! from local port 53934
received auth hello!
{ authId: 402, nonce: <Buffer b7 b7 9d 23 c9 9c 0c 32> }
received session key response encrypted with distribution key
replyNonce in sessionKeyResp: <Buffer f0 01 45 6e 2c d9 96 5b>
auth nonce verified
handleSessionKeyResp: session key request succeeded! authFailureCount: 0
received 1 keys
Session key id is as expected
server ret: [object Object]
chosen nonce: <Buffer 31 60 20 63 33 d3 ba 38>
switching to HANDSHAKE_2_SENT
disconnected from auth
received session key handshake3!
{ replyNonce: <Buffer 31 60 20 63 33 d3 ba 38> }
client authenticated/authorized by solving nonce!
switching to IN_COMM
Handler: secure connection with the client established.
{ id: 27,
  remoteAddress: '::ffff:10.0.1.50:40550',
  status: 'open' }
received secure communication!
Received seqNum: 0
data received from server via secure communication
Handler: socketID: 27 data: data1
toSend: { data: <Buffer 64 61 74 61 31>, id: 27 }
specified socketID: 27
Unidentified client disconnected
Handler: secure connection with the client closed.
socket #27 closed
