changing working directory to: /home/hokeunkim/Development/iotauth/entity/node/example_entities
loading from config file: /home/hokeunkim/Development/iotauth_experiments/experiments/ccs2017/expOptions/expEntity.option
Experimental options for autoClient: { autoSendPeriod: 60000,
  useSameSessionKeyCount: 1,
  connectionTimeout: 50000,
  migrationEnabled: false,
  authFailureThreshold: 2,
  migrationFailureThreshold: 2 }
loading from config file: /home/hokeunkim/Development/iotauth/entity/node/example_entities/configs/Clients/c407.config
initializing...
current parameters: { numKeysPerRequest: 3,
  migrationEnabled: false,
  authFailureThreshold: 3,
  migrationFailureThreshold: 3 }
current parameters: { numKeysPerRequest: 1,
  migrationEnabled: false,
  authFailureThreshold: 3,
  migrationFailureThreshold: 3 }
current parameters: { numKeysPerRequest: 1,
  migrationEnabled: false,
  authFailureThreshold: 3,
  migrationFailureThreshold: 3 }
current parameters: { numKeysPerRequest: 1,
  migrationEnabled: false,
  authFailureThreshold: 2,
  migrationFailureThreshold: 3 }
current parameters: { numKeysPerRequest: 1,
  migrationEnabled: false,
  authFailureThreshold: 2,
  migrationFailureThreshold: 2 }
current entityInfo: { name: 'c407',
  group: 'Clients',
  distProtocol: 'TCP',
  usePermanentDistKey: false,
  connectionTimeout: 50000,
  privateKey: <Buffer 2d 2d 2d 2d 2d 42 45 47 49 4e 20 52 53 41 20 50 52 49 56 41 54 45 20 4b 45 59 2d 2d 2d 2d 2d 0a 4d 49 49 45 6f 77 49 42 41 41 4b 43 41 51 45 41 2b 45 ... > }
Distribution protocol: TCP
Resp-actual/expected/ratio/ts: 0 1 0 1521680063801
connected to auth! from local port 42378
received auth hello!
{ authId: 402, nonce: <Buffer 29 2b ef 9f 56 b8 ad f8> }
received session key response with distribution key attached!
auth signature verified
replyNonce in sessionKeyResp: <Buffer 22 47 24 02 00 33 2e 62>
auth nonce verified
updating distribution key: { cipherKeyVal: <Buffer c0 03 92 7a f4 67 29 2f 0f 9d 0e 4e db 84 37 37>,
  macKeyVal: <Buffer a0 44 7a 03 73 34 86 85 90 0a 87 32 f0 80 20 4f 94 d3 01 07 aa dc 71 ba 8d e5 72 ea 0a ea c5 42>,
  absValidity: 2018-03-22T01:54:23.964Z }
received 1 keys
currentSessionKey: [object Object]
Session protocol: TCP
chosen commSessionKey: 
{ id: 40200887,
  cipherKeyVal: <Buffer 7e 8a 9d 77 d4 95 ff 1b 07 6f b6 a5 b9 a2 f4 0c>,
  macKeyVal: <Buffer a7 66 28 d0 04 4c 5f 28 ac 6b 52 97 ac 13 45 ee 9f 92 b6 57 93 c0 03 ac 17 1e cc 0f 51 cf 80 97>,
  absValidity: 2018-03-23T00:54:23.958Z,
  relValidity: 7200000 }
options
{ serverHost: '10.0.1.12',
  serverPort: 22100,
  sessionKey: 
   { id: 40200887,
     cipherKeyVal: <Buffer 7e 8a 9d 77 d4 95 ff 1b 07 6f b6 a5 b9 a2 f4 0c>,
     macKeyVal: <Buffer a7 66 28 d0 04 4c 5f 28 ac 6b 52 97 ac 13 45 ee 9f 92 b6 57 93 c0 03 ac 17 1e cc 0f 51 cf 80 97>,
     absValidity: 2018-03-23T00:54:23.958Z,
     relValidity: 7200000 },
  sessionCryptoSpec: { cipher: 'AES-128-CBC', mac: 'SHA256' },
  sessionProtocol: 'TCP',
  handshakeTimeout: 50000 }
disconnected from auth
chosen nonce: <Buffer e8 a7 ee bd 93 85 e1 1c>
switching to HANDSHAKE_1_SENT
received session key handshake2!
client ret: [object Object]
server authenticated/authorized by solving nonce!
Handler: communication initialization succeeded
file data length: 1024
sending at Thu Mar 22 2018 00:54:24 GMT+0000 (UTC)
switching to IN_COMM
received secure communication message!
Received seqNum: 0
Handler: data received from server via secure communication
data1
Resp-actual/expected/ratio/ts: 1 1 1 1521680064929
Distribution protocol: TCP
Resp-actual/expected/ratio/ts: 1 2 0.5 1521680123858
connected to auth! from local port 42528
received auth hello!
{ authId: 402, nonce: <Buffer 70 4b 02 1d 53 9e 6f 3a> }
received session key response encrypted with distribution key
replyNonce in sessionKeyResp: <Buffer 8e 72 83 71 ab 4e ed 45>
auth nonce verified
received 1 keys
currentSessionKey: [object Object]
Status: Secure connection closed before starting a new connection.
Session protocol: TCP
chosen commSessionKey: 
{ id: 40200894,
  cipherKeyVal: <Buffer 28 ec 48 f0 e3 0f 3c d7 bc e3 57 93 6e 72 bf e8>,
  macKeyVal: <Buffer fb cd d1 f0 8a ad 2f ec e6 8f 55 a8 9a 90 4c e5 6d ed 98 fc 67 8a 17 6c 48 ff 51 3b 07 f9 7d f0>,
  absValidity: 2018-03-23T00:55:24.014Z,
  relValidity: 7200000 }
options
{ serverHost: '10.0.1.12',
  serverPort: 22100,
  sessionKey: 
   { id: 40200894,
     cipherKeyVal: <Buffer 28 ec 48 f0 e3 0f 3c d7 bc e3 57 93 6e 72 bf e8>,
     macKeyVal: <Buffer fb cd d1 f0 8a ad 2f ec e6 8f 55 a8 9a 90 4c e5 6d ed 98 fc 67 8a 17 6c 48 ff 51 3b 07 f9 7d f0>,
     absValidity: 2018-03-23T00:55:24.014Z,
     relValidity: 7200000 },
  sessionCryptoSpec: { cipher: 'AES-128-CBC', mac: 'SHA256' },
  sessionProtocol: 'TCP',
  handshakeTimeout: 50000 }
chosen nonce: <Buffer 4f a9 b5 5e 54 f1 a7 9c>
switching to HANDSHAKE_1_SENT
disconnected from auth
Handler: secure connection with the server closed.
received session key handshake2!
client ret: [object Object]
server authenticated/authorized by solving nonce!
Handler: communication initialization succeeded
file data length: 1024
sending at Thu Mar 22 2018 00:55:24 GMT+0000 (UTC)
switching to IN_COMM
received secure communication message!
Received seqNum: 0
Handler: data received from server via secure communication
data1
Resp-actual/expected/ratio/ts: 2 2 1 1521680124862
Distribution protocol: TCP
Resp-actual/expected/ratio/ts: 2 3 0.6666666666666666 1521680183917
connected to auth! from local port 42784
received auth hello!
{ authId: 402, nonce: <Buffer 48 5a d6 5a 6b 9e b0 97> }
received session key response encrypted with distribution key
replyNonce in sessionKeyResp: <Buffer 8d 78 3e 4b cf ba e8 92>
auth nonce verified
received 1 keys
currentSessionKey: [object Object]
Status: Secure connection closed before starting a new connection.
Session protocol: TCP
chosen commSessionKey: 
{ id: 40200901,
  cipherKeyVal: <Buffer 9b 1b 29 a4 75 c1 e1 b5 54 c5 8e d7 4d 5c 72 3b>,
  macKeyVal: <Buffer c5 88 e0 5b 16 59 0e 23 9a 7b c4 92 7e 36 66 f2 f0 58 83 bb c4 d0 8d 61 b3 2c 0d fb 27 9e 5a cc>,
  absValidity: 2018-03-23T00:56:24.151Z,
  relValidity: 7200000 }
options
{ serverHost: '10.0.1.12',
  serverPort: 22100,
  sessionKey: 
   { id: 40200901,
     cipherKeyVal: <Buffer 9b 1b 29 a4 75 c1 e1 b5 54 c5 8e d7 4d 5c 72 3b>,
     macKeyVal: <Buffer c5 88 e0 5b 16 59 0e 23 9a 7b c4 92 7e 36 66 f2 f0 58 83 bb c4 d0 8d 61 b3 2c 0d fb 27 9e 5a cc>,
     absValidity: 2018-03-23T00:56:24.151Z,
     relValidity: 7200000 },
  sessionCryptoSpec: { cipher: 'AES-128-CBC', mac: 'SHA256' },
  sessionProtocol: 'TCP',
  handshakeTimeout: 50000 }
chosen nonce: <Buffer 0b 05 e5 f3 14 92 3c 71>
switching to HANDSHAKE_1_SENT
disconnected from auth
Handler: secure connection with the server closed.
received session key handshake2!
client ret: [object Object]
server authenticated/authorized by solving nonce!
Handler: communication initialization succeeded
file data length: 1024
sending at Thu Mar 22 2018 00:56:25 GMT+0000 (UTC)
switching to IN_COMM
received secure communication message!
Received seqNum: 0
Handler: data received from server via secure communication
data1
Resp-actual/expected/ratio/ts: 3 3 1 1521680185697
Distribution protocol: TCP
Resp-actual/expected/ratio/ts: 3 4 0.75 1521680243973
connected to auth! from local port 43054
received auth hello!
{ authId: 402, nonce: <Buffer eb 5f a9 1b 8c ff 2d e2> }
received session key response encrypted with distribution key
replyNonce in sessionKeyResp: <Buffer d7 24 2a 27 6c fe 0b 07>
auth nonce verified
received 1 keys
currentSessionKey: [object Object]
Status: Secure connection closed before starting a new connection.
Session protocol: TCP
chosen commSessionKey: 
{ id: 40200908,
  cipherKeyVal: <Buffer b6 6f 53 24 f1 9a 5f 54 c5 49 34 09 87 70 da f3>,
  macKeyVal: <Buffer 17 32 c3 17 45 c4 88 df 62 af e4 4f a7 56 3d 24 84 b7 52 3f 44 3d 58 9d f0 6e d8 8c 4f 50 0f ef>,
  absValidity: 2018-03-23T00:57:24.116Z,
  relValidity: 7200000 }
options
{ serverHost: '10.0.1.12',
  serverPort: 22100,
  sessionKey: 
   { id: 40200908,
     cipherKeyVal: <Buffer b6 6f 53 24 f1 9a 5f 54 c5 49 34 09 87 70 da f3>,
     macKeyVal: <Buffer 17 32 c3 17 45 c4 88 df 62 af e4 4f a7 56 3d 24 84 b7 52 3f 44 3d 58 9d f0 6e d8 8c 4f 50 0f ef>,
     absValidity: 2018-03-23T00:57:24.116Z,
     relValidity: 7200000 },
  sessionCryptoSpec: { cipher: 'AES-128-CBC', mac: 'SHA256' },
  sessionProtocol: 'TCP',
  handshakeTimeout: 50000 }
chosen nonce: <Buffer 86 ce 2a ee 0d c9 4d b0>
switching to HANDSHAKE_1_SENT
disconnected from auth
Handler: secure connection with the server closed.
received session key handshake2!
client ret: [object Object]
server authenticated/authorized by solving nonce!
Handler: communication initialization succeeded
file data length: 1024
sending at Thu Mar 22 2018 00:57:24 GMT+0000 (UTC)
switching to IN_COMM
received secure communication message!
Received seqNum: 0
Handler: data received from server via secure communication
data1
Resp-actual/expected/ratio/ts: 4 4 1 1521680245193
Distribution protocol: TCP
Resp-actual/expected/ratio/ts: 4 5 0.8 1521680303977
connected to auth! from local port 43324
received auth hello!
{ authId: 402, nonce: <Buffer 50 07 c6 33 56 e4 fa cf> }
received session key response encrypted with distribution key
replyNonce in sessionKeyResp: <Buffer b8 e3 29 2c 0a 74 8a e2>
auth nonce verified
received 1 keys
currentSessionKey: [object Object]
Status: Secure connection closed before starting a new connection.
Session protocol: TCP
chosen commSessionKey: 
{ id: 40200915,
  cipherKeyVal: <Buffer 61 29 97 32 9b 31 61 d6 02 2f b6 f6 82 4a 1d 1c>,
  macKeyVal: <Buffer 07 c3 7d b8 df 41 68 3d 9f 26 b8 ad 9b ec 22 be 8b fa 11 eb 13 2f 8e cf 88 07 7d 9b 8f 12 cf 23>,
  absValidity: 2018-03-23T00:58:24.104Z,
  relValidity: 7200000 }
options
{ serverHost: '10.0.1.12',
  serverPort: 22100,
  sessionKey: 
   { id: 40200915,
     cipherKeyVal: <Buffer 61 29 97 32 9b 31 61 d6 02 2f b6 f6 82 4a 1d 1c>,
     macKeyVal: <Buffer 07 c3 7d b8 df 41 68 3d 9f 26 b8 ad 9b ec 22 be 8b fa 11 eb 13 2f 8e cf 88 07 7d 9b 8f 12 cf 23>,
     absValidity: 2018-03-23T00:58:24.104Z,
     relValidity: 7200000 },
  sessionCryptoSpec: { cipher: 'AES-128-CBC', mac: 'SHA256' },
  sessionProtocol: 'TCP',
  handshakeTimeout: 50000 }
chosen nonce: <Buffer 77 10 58 1e af 34 5b 13>
switching to HANDSHAKE_1_SENT
disconnected from auth
Handler: secure connection with the server closed.
received session key handshake2!
client ret: [object Object]
server authenticated/authorized by solving nonce!
Handler: communication initialization succeeded
file data length: 1024
sending at Thu Mar 22 2018 00:58:24 GMT+0000 (UTC)
switching to IN_COMM
received secure communication message!
Received seqNum: 0
Handler: data received from server via secure communication
data1
Resp-actual/expected/ratio/ts: 5 5 1 1521680305228
Distribution protocol: TCP
Resp-actual/expected/ratio/ts: 5 6 0.8333333333333334 1521680364037
connected to auth! from local port 43594
received auth hello!
{ authId: 402, nonce: <Buffer f7 32 58 84 e2 27 f5 9f> }
received session key response encrypted with distribution key
replyNonce in sessionKeyResp: <Buffer fb e5 d9 f4 78 cc 6a 9f>
auth nonce verified
received 1 keys
currentSessionKey: [object Object]
Status: Secure connection closed before starting a new connection.
Session protocol: TCP
chosen commSessionKey: 
{ id: 40200922,
  cipherKeyVal: <Buffer da e2 16 16 6b 96 8a 25 43 da 7a b4 34 31 30 d4>,
  macKeyVal: <Buffer d1 3f 16 95 79 f7 01 2d 1b e4 af 4a 35 70 ba 4c c5 ad 13 7c d3 44 00 12 5d 1c 96 95 e5 31 36 60>,
  absValidity: 2018-03-23T00:59:24.183Z,
  relValidity: 7200000 }
options
{ serverHost: '10.0.1.12',
  serverPort: 22100,
  sessionKey: 
   { id: 40200922,
     cipherKeyVal: <Buffer da e2 16 16 6b 96 8a 25 43 da 7a b4 34 31 30 d4>,
     macKeyVal: <Buffer d1 3f 16 95 79 f7 01 2d 1b e4 af 4a 35 70 ba 4c c5 ad 13 7c d3 44 00 12 5d 1c 96 95 e5 31 36 60>,
     absValidity: 2018-03-23T00:59:24.183Z,
     relValidity: 7200000 },
  sessionCryptoSpec: { cipher: 'AES-128-CBC', mac: 'SHA256' },
  sessionProtocol: 'TCP',
  handshakeTimeout: 50000 }
chosen nonce: <Buffer 63 a0 ff 49 c8 9d 36 b9>
switching to HANDSHAKE_1_SENT
disconnected from auth
Handler: secure connection with the server closed.
received session key handshake2!
client ret: [object Object]
server authenticated/authorized by solving nonce!
Handler: communication initialization succeeded
file data length: 1024
sending at Thu Mar 22 2018 00:59:25 GMT+0000 (UTC)
switching to IN_COMM
received secure communication message!
Received seqNum: 0
Handler: data received from server via secure communication
data1
Resp-actual/expected/ratio/ts: 6 6 1 1521680365477
Distribution protocol: TCP
Resp-actual/expected/ratio/ts: 6 7 0.8571428571428571 1521680424085
connected to auth! from local port 43864
received auth hello!
{ authId: 402, nonce: <Buffer a2 13 5b c2 68 4c 69 5b> }
received session key response encrypted with distribution key
replyNonce in sessionKeyResp: <Buffer f7 2f f0 fc bc 3b 22 a1>
auth nonce verified
received 1 keys
currentSessionKey: [object Object]
Status: Secure connection closed before starting a new connection.
Session protocol: TCP
chosen commSessionKey: 
{ id: 40200929,
  cipherKeyVal: <Buffer fa 12 f3 8a 81 93 39 cf 91 9a c2 a8 a2 b3 2a d6>,
  macKeyVal: <Buffer 2a 36 b7 34 e0 b6 a3 11 20 ef 4e a3 4a 75 5c d2 23 d8 ad be ee cd 7a ea fe ff 5c 58 3e 89 1b 22>,
  absValidity: 2018-03-23T01:00:24.208Z,
  relValidity: 7200000 }
options
{ serverHost: '10.0.1.12',
  serverPort: 22100,
  sessionKey: 
   { id: 40200929,
     cipherKeyVal: <Buffer fa 12 f3 8a 81 93 39 cf 91 9a c2 a8 a2 b3 2a d6>,
     macKeyVal: <Buffer 2a 36 b7 34 e0 b6 a3 11 20 ef 4e a3 4a 75 5c d2 23 d8 ad be ee cd 7a ea fe ff 5c 58 3e 89 1b 22>,
     absValidity: 2018-03-23T01:00:24.208Z,
     relValidity: 7200000 },
  sessionCryptoSpec: { cipher: 'AES-128-CBC', mac: 'SHA256' },
  sessionProtocol: 'TCP',
  handshakeTimeout: 50000 }
chosen nonce: <Buffer d4 66 07 5b 71 35 e2 88>
switching to HANDSHAKE_1_SENT
disconnected from auth
Handler: secure connection with the server closed.
received session key handshake2!
client ret: [object Object]
server authenticated/authorized by solving nonce!
Handler: communication initialization succeeded
file data length: 1024
sending at Thu Mar 22 2018 01:00:24 GMT+0000 (UTC)
switching to IN_COMM
received secure communication message!
Received seqNum: 0
Handler: data received from server via secure communication
data1
Resp-actual/expected/ratio/ts: 7 7 1 1521680425379
Distribution protocol: TCP
Resp-actual/expected/ratio/ts: 7 8 0.875 1521680484144
connected to auth! from local port 44134
received auth hello!
{ authId: 402, nonce: <Buffer 6a 56 aa f2 a6 63 22 08> }
received session key response encrypted with distribution key
replyNonce in sessionKeyResp: <Buffer df 58 65 02 d8 40 27 2c>
auth nonce verified
received 1 keys
currentSessionKey: [object Object]
Status: Secure connection closed before starting a new connection.
Session protocol: TCP
chosen commSessionKey: 
{ id: 40200936,
  cipherKeyVal: <Buffer 4e 69 ad c8 7c 35 69 84 23 23 e1 ce 0c 40 d6 e5>,
  macKeyVal: <Buffer 69 79 9d 01 f2 6c bf ae 74 7e 05 bc 90 3d f9 2a d2 bc 7d 2f 0f 11 43 a0 60 8e ca 3b 2f d1 5c 68>,
  absValidity: 2018-03-23T01:01:24.399Z,
  relValidity: 7200000 }
options
{ serverHost: '10.0.1.12',
  serverPort: 22100,
  sessionKey: 
   { id: 40200936,
     cipherKeyVal: <Buffer 4e 69 ad c8 7c 35 69 84 23 23 e1 ce 0c 40 d6 e5>,
     macKeyVal: <Buffer 69 79 9d 01 f2 6c bf ae 74 7e 05 bc 90 3d f9 2a d2 bc 7d 2f 0f 11 43 a0 60 8e ca 3b 2f d1 5c 68>,
     absValidity: 2018-03-23T01:01:24.399Z,
     relValidity: 7200000 },
  sessionCryptoSpec: { cipher: 'AES-128-CBC', mac: 'SHA256' },
  sessionProtocol: 'TCP',
  handshakeTimeout: 50000 }
disconnected from auth
chosen nonce: <Buffer c0 54 20 1c de 2d 1e 69>
switching to HANDSHAKE_1_SENT
Handler: secure connection with the server closed.
received session key handshake2!
client ret: [object Object]
server authenticated/authorized by solving nonce!
Handler: communication initialization succeeded
file data length: 1024
sending at Thu Mar 22 2018 01:01:25 GMT+0000 (UTC)
switching to IN_COMM
received secure communication message!
Received seqNum: 0
Handler: data received from server via secure communication
data1
Resp-actual/expected/ratio/ts: 8 8 1 1521680485997
Distribution protocol: TCP
Resp-actual/expected/ratio/ts: 8 9 0.8888888888888888 1521680544201
Handler: Error in secure comm - details: Error occurred in session key request: Error: connect EHOSTUNREACH 10.0.1.2:21100
Handler: Error in secure comm - details: Auth hello timedout ...
Distribution protocol: TCP
Resp-actual/expected/ratio/ts: 8 10 0.8 1521680604212
Handler: Error in secure comm - details: Error occurred in session key request: Error: connect EHOSTUNREACH 10.0.1.2:21100
Handler: Error in secure comm - details: Auth hello timedout ...
Distribution protocol: TCP
Resp-actual/expected/ratio/ts: 8 11 0.7272727272727273 1521680664223
Handler: Error in secure comm - details: Error occurred in session key request: Error: connect EHOSTUNREACH 10.0.1.2:21100
Handler: Error in secure comm - details: Auth hello timedout ...
Distribution protocol: TCP
Resp-actual/expected/ratio/ts: 8 12 0.6666666666666666 1521680724234
Handler: Error in secure comm - details: Error occurred in session key request: Error: connect EHOSTUNREACH 10.0.1.2:21100
Handler: Error in secure comm - details: Auth hello timedout ...
Distribution protocol: TCP
Resp-actual/expected/ratio/ts: 8 13 0.6153846153846154 1521680784244
Handler: Error in secure comm - details: Error occurred in session key request: Error: connect EHOSTUNREACH 10.0.1.2:21100
Handler: Error in secure comm - details: Auth hello timedout ...
Distribution protocol: TCP
Resp-actual/expected/ratio/ts: 8 14 0.5714285714285714 1521680844254
Handler: Error in secure comm - details: Error occurred in session key request: Error: connect EHOSTUNREACH 10.0.1.2:21100
Handler: Error in secure comm - details: Auth hello timedout ...
Distribution protocol: TCP
Resp-actual/expected/ratio/ts: 8 15 0.5333333333333333 1521680904264
Handler: Error in secure comm - details: Error occurred in session key request: Error: connect EHOSTUNREACH 10.0.1.2:21100
Handler: Error in secure comm - details: Auth hello timedout ...
Distribution protocol: TCP
Resp-actual/expected/ratio/ts: 8 16 0.5 1521680964274
Handler: Error in secure comm - details: Error occurred in session key request: Error: connect EHOSTUNREACH 10.0.1.2:21100
Handler: Error in secure comm - details: Auth hello timedout ...
Distribution protocol: TCP
Resp-actual/expected/ratio/ts: 8 17 0.47058823529411764 1521681024285
Handler: Error in secure comm - details: Error occurred in session key request: Error: connect EHOSTUNREACH 10.0.1.2:21100
Handler: Error in secure comm - details: Auth hello timedout ...
Distribution protocol: TCP
Resp-actual/expected/ratio/ts: 8 18 0.4444444444444444 1521681084295
Handler: Error in secure comm - details: Error occurred in session key request: Error: connect EHOSTUNREACH 10.0.1.2:21100
Handler: Error in secure comm - details: Auth hello timedout ...
Distribution protocol: TCP
Resp-actual/expected/ratio/ts: 8 19 0.42105263157894735 1521681144305
Handler: Error in secure comm - details: Error occurred in session key request: Error: connect EHOSTUNREACH 10.0.1.2:21100
Handler: Error in secure comm - details: Auth hello timedout ...
Distribution protocol: TCP
Resp-actual/expected/ratio/ts: 8 20 0.4 1521681204315
Handler: Error in secure comm - details: Error occurred in session key request: Error: connect EHOSTUNREACH 10.0.1.2:21100
Handler: Error in secure comm - details: Auth hello timedout ...
Distribution protocol: TCP
Resp-actual/expected/ratio/ts: 8 21 0.38095238095238093 1521681264326
Handler: Error in secure comm - details: Error occurred in session key request: Error: connect EHOSTUNREACH 10.0.1.2:21100
Handler: Error in secure comm - details: Auth hello timedout ...
Distribution protocol: TCP
Resp-actual/expected/ratio/ts: 8 22 0.36363636363636365 1521681324336
Handler: Error in secure comm - details: Error occurred in session key request: Error: connect EHOSTUNREACH 10.0.1.2:21100
Handler: Error in secure comm - details: Auth hello timedout ...
Distribution protocol: TCP
Resp-actual/expected/ratio/ts: 8 23 0.34782608695652173 1521681384346
Handler: Error in secure comm - details: Error occurred in session key request: Error: connect EHOSTUNREACH 10.0.1.2:21100
Handler: Error in secure comm - details: Auth hello timedout ...
Distribution protocol: TCP
Resp-actual/expected/ratio/ts: 8 24 0.3333333333333333 1521681444356
Handler: Error in secure comm - details: Error occurred in session key request: Error: connect EHOSTUNREACH 10.0.1.2:21100
Handler: Error in secure comm - details: Auth hello timedout ...
Distribution protocol: TCP
Resp-actual/expected/ratio/ts: 8 25 0.32 1521681504366
Handler: Error in secure comm - details: Error occurred in session key request: Error: connect EHOSTUNREACH 10.0.1.2:21100
Handler: Error in secure comm - details: Auth hello timedout ...
Distribution protocol: TCP
Resp-actual/expected/ratio/ts: 8 26 0.3076923076923077 1521681564376
Handler: Error in secure comm - details: Error occurred in session key request: Error: connect EHOSTUNREACH 10.0.1.2:21100
Handler: Error in secure comm - details: Auth hello timedout ...
Distribution protocol: TCP
Resp-actual/expected/ratio/ts: 8 27 0.2962962962962963 1521681624386
Handler: Error in secure comm - details: Error occurred in session key request: Error: connect EHOSTUNREACH 10.0.1.2:21100
Handler: Error in secure comm - details: Auth hello timedout ...
Distribution protocol: TCP
Resp-actual/expected/ratio/ts: 8 28 0.2857142857142857 1521681684397
Handler: Error in secure comm - details: Error occurred in session key request: Error: connect EHOSTUNREACH 10.0.1.2:21100
Handler: Error in secure comm - details: Auth hello timedout ...
Distribution protocol: TCP
Resp-actual/expected/ratio/ts: 8 29 0.27586206896551724 1521681744407
Handler: Error in secure comm - details: Error occurred in session key request: Error: connect EHOSTUNREACH 10.0.1.2:21100
