changing working directory to: /home/hokeunkim/Development/iotauth/entity/node/example_entities
loading from config file: /home/hokeunkim/Development/iotauth_experiments/experiments/ccs2017/expOptions/expEntity.option
Experimental options for echoServer: { autoSendPeriod: 60000,
  useSameSessionKeyCount: 1,
  connectionTimeout: 50000,
  migrationEnabled: true,
  authFailureThreshold: 2,
  migrationFailureThreshold: 2 }
loading from config file: /home/hokeunkim/Development/iotauth/entity/node/example_entities/configs/Servers/s511.config
initializing secure comm server...
Session protocol: TCP
current parameters: { migrationEnabled: true,
  authFailureThreshold: 3,
  migrationFailureThreshold: 3 }
current parameters: { migrationEnabled: true,
  authFailureThreshold: 2,
  migrationFailureThreshold: 3 }
current parameters: { migrationEnabled: true,
  authFailureThreshold: 2,
  migrationFailureThreshold: 2 }
current entityInfo: { name: 's511',
  group: 'Servers',
  distProtocol: 'TCP',
  usePermanentDistKey: false,
  connectionTimeout: 50000,
  privateKey: <Buffer 2d 2d 2d 2d 2d 42 45 47 49 4e 20 52 53 41 20 50 52 49 56 41 54 45 20 4b 45 59 2d 2d 2d 2d 2d 0a 4d 49 49 45 6f 77 49 42 41 41 4b 43 41 51 45 41 73 58 ... > }
Handler: listening on port 22100
s511:Servers prompt>
Unidentified client connected
received session key handshake1
switching to HANDSHAKE_1_RECEIVED state.
session key id: 50201140
session key NOT found! sending session key id to AuthService
Distribution protocol: TCP
connected to auth! from local port 48680
received auth hello!
{ authId: 502, nonce: <Buffer f1 38 a5 1e 2b 95 ce 35> }
received session key response with distribution key attached!
auth signature verified
replyNonce in sessionKeyResp: <Buffer 27 23 87 bd d8 2a 7b 06>
auth nonce verified
handleSessionKeyResp: session key request succeeded! authFailureCount: 0
updating distribution key: { cipherKeyVal: <Buffer bf 33 5e 09 8b 55 7a a4 36 39 7d 97 8e 2e a6 bb>,
  macKeyVal: <Buffer 39 4b ff 37 90 97 ad 09 6f f5 1d 01 04 ec dc 7a 59 7b 90 ed 26 e3 a9 0e b7 8c 05 57 a6 ae d6 62>,
  absValidity: 2018-03-21T08:19:52.460Z }
received 1 keys
Session key id is as expected
server ret: [object Object]
chosen nonce: <Buffer b4 73 eb 9e 3c 50 d6 27>
switching to HANDSHAKE_2_SENT
disconnected from auth
received session key handshake3!
{ replyNonce: <Buffer b4 73 eb 9e 3c 50 d6 27> }
client authenticated/authorized by solving nonce!
switching to IN_COMM
Handler: secure connection with the client established.
{ id: 0,
  remoteAddress: '::ffff:10.0.1.76:60964',
  status: 'open' }
received secure communication!
Received seqNum: 0
data received from server via secure communication
Handler: socketID: 0 data: data1
toSend: { data: <Buffer 64 61 74 61 31>, id: 0 }
specified socketID: 0
Unidentified client disconnected
Handler: secure connection with the client closed.
socket #0 closed
Unidentified client connected
received session key handshake1
switching to HANDSHAKE_1_RECEIVED state.
session key id: 50201147
session key NOT found! sending session key id to AuthService
Distribution protocol: TCP
connected to auth! from local port 48952
received auth hello!
{ authId: 502, nonce: <Buffer c3 b2 be dc da 0a 17 3c> }
received session key response encrypted with distribution key
replyNonce in sessionKeyResp: <Buffer 90 b4 00 4e 41 b5 c1 49>
auth nonce verified
handleSessionKeyResp: session key request succeeded! authFailureCount: 0
received 1 keys
Session key id is as expected
server ret: [object Object]
chosen nonce: <Buffer cb 09 77 25 8f e4 ef bc>
switching to HANDSHAKE_2_SENT
disconnected from auth
received session key handshake3!
{ replyNonce: <Buffer cb 09 77 25 8f e4 ef bc> }
client authenticated/authorized by solving nonce!
switching to IN_COMM
Handler: secure connection with the client established.
{ id: 1,
  remoteAddress: '::ffff:10.0.1.76:33004',
  status: 'open' }
received secure communication!
Received seqNum: 0
data received from server via secure communication
Handler: socketID: 1 data: data1
toSend: { data: <Buffer 64 61 74 61 31>, id: 1 }
specified socketID: 1
Unidentified client disconnected
Handler: secure connection with the client closed.
socket #1 closed
Unidentified client connected
received session key handshake1
switching to HANDSHAKE_1_RECEIVED state.
session key id: 50201154
session key NOT found! sending session key id to AuthService
Distribution protocol: TCP
connected to auth! from local port 49222
received auth hello!
{ authId: 502, nonce: <Buffer e6 19 2b 9b 72 4d aa 8d> }
received session key response encrypted with distribution key
replyNonce in sessionKeyResp: <Buffer ff 12 55 f2 b7 6e 95 9d>
auth nonce verified
handleSessionKeyResp: session key request succeeded! authFailureCount: 0
received 1 keys
Session key id is as expected
server ret: [object Object]
chosen nonce: <Buffer 6f 82 ad 69 e9 96 25 c3>
switching to HANDSHAKE_2_SENT
disconnected from auth
received session key handshake3!
{ replyNonce: <Buffer 6f 82 ad 69 e9 96 25 c3> }
client authenticated/authorized by solving nonce!
switching to IN_COMM
Handler: secure connection with the client established.
{ id: 2,
  remoteAddress: '::ffff:10.0.1.76:33274',
  status: 'open' }
received secure communication!
Received seqNum: 0
data received from server via secure communication
Handler: socketID: 2 data: data1
toSend: { data: <Buffer 64 61 74 61 31>, id: 2 }
specified socketID: 2
Unidentified client disconnected
Handler: secure connection with the client closed.
socket #2 closed
Unidentified client connected
received session key handshake1
switching to HANDSHAKE_1_RECEIVED state.
session key id: 50201161
session key NOT found! sending session key id to AuthService
Distribution protocol: TCP
connected to auth! from local port 49492
received auth hello!
{ authId: 502, nonce: <Buffer 65 52 aa 0a 32 f3 a0 a0> }
received session key response encrypted with distribution key
replyNonce in sessionKeyResp: <Buffer 59 ed b0 92 68 25 76 85>
auth nonce verified
handleSessionKeyResp: session key request succeeded! authFailureCount: 0
received 1 keys
Session key id is as expected
server ret: [object Object]
chosen nonce: <Buffer 08 f1 d5 98 58 cc d2 4a>
switching to HANDSHAKE_2_SENT
received session key handshake3!
{ replyNonce: <Buffer 08 f1 d5 98 58 cc d2 4a> }
client authenticated/authorized by solving nonce!
switching to IN_COMM
Handler: secure connection with the client established.
{ id: 3,
  remoteAddress: '::ffff:10.0.1.76:33544',
  status: 'open' }
disconnected from auth
received secure communication!
Received seqNum: 0
data received from server via secure communication
Handler: socketID: 3 data: data1
toSend: { data: <Buffer 64 61 74 61 31>, id: 3 }
specified socketID: 3
Unidentified client disconnected
Handler: secure connection with the client closed.
socket #3 closed
Unidentified client connected
received session key handshake1
switching to HANDSHAKE_1_RECEIVED state.
session key id: 50201168
session key NOT found! sending session key id to AuthService
Distribution protocol: TCP
connected to auth! from local port 49762
received auth hello!
{ authId: 502, nonce: <Buffer f1 ae 55 be ea 08 39 9f> }
received session key response encrypted with distribution key
replyNonce in sessionKeyResp: <Buffer 20 b7 28 17 5f 7b 76 27>
auth nonce verified
handleSessionKeyResp: session key request succeeded! authFailureCount: 0
received 1 keys
Session key id is as expected
server ret: [object Object]
chosen nonce: <Buffer 66 7e 13 fa 72 d6 f4 77>
switching to HANDSHAKE_2_SENT
received session key handshake3!
{ replyNonce: <Buffer 66 7e 13 fa 72 d6 f4 77> }
client authenticated/authorized by solving nonce!
switching to IN_COMM
Handler: secure connection with the client established.
{ id: 4,
  remoteAddress: '::ffff:10.0.1.76:33814',
  status: 'open' }
disconnected from auth
received secure communication!
Received seqNum: 0
data received from server via secure communication
Handler: socketID: 4 data: data1
toSend: { data: <Buffer 64 61 74 61 31>, id: 4 }
specified socketID: 4
Unidentified client disconnected
Handler: secure connection with the client closed.
socket #4 closed
Unidentified client connected
received session key handshake1
switching to HANDSHAKE_1_RECEIVED state.
session key id: 50201175
session key NOT found! sending session key id to AuthService
Distribution protocol: TCP
connected to auth! from local port 50032
received auth hello!
{ authId: 502, nonce: <Buffer ee 15 25 ad 0e 9b 13 86> }
received session key response encrypted with distribution key
replyNonce in sessionKeyResp: <Buffer ff 70 e8 79 48 23 f3 77>
auth nonce verified
handleSessionKeyResp: session key request succeeded! authFailureCount: 0
received 1 keys
Session key id is as expected
server ret: [object Object]
chosen nonce: <Buffer c3 49 97 6e 99 28 f0 c3>
switching to HANDSHAKE_2_SENT
received session key handshake3!
{ replyNonce: <Buffer c3 49 97 6e 99 28 f0 c3> }
client authenticated/authorized by solving nonce!
switching to IN_COMM
Handler: secure connection with the client established.
{ id: 5,
  remoteAddress: '::ffff:10.0.1.76:34084',
  status: 'open' }
disconnected from auth
received secure communication!
Received seqNum: 0
data received from server via secure communication
Handler: socketID: 5 data: data1
toSend: { data: <Buffer 64 61 74 61 31>, id: 5 }
specified socketID: 5
Unidentified client disconnected
Handler: secure connection with the client closed.
socket #5 closed
Unidentified client connected
received session key handshake1
switching to HANDSHAKE_1_RECEIVED state.
session key id: 50201182
session key NOT found! sending session key id to AuthService
Distribution protocol: TCP
connected to auth! from local port 50294
received auth hello!
{ authId: 502, nonce: <Buffer da 65 a4 9e 35 35 5a 2c> }
received session key response encrypted with distribution key
replyNonce in sessionKeyResp: <Buffer 3a 50 7d 1a 81 b7 86 00>
auth nonce verified
handleSessionKeyResp: session key request succeeded! authFailureCount: 0
received 1 keys
Session key id is as expected
server ret: [object Object]
chosen nonce: <Buffer b4 3d 82 0f 78 da a8 02>
switching to HANDSHAKE_2_SENT
received session key handshake3!
{ replyNonce: <Buffer b4 3d 82 0f 78 da a8 02> }
client authenticated/authorized by solving nonce!
switching to IN_COMM
Handler: secure connection with the client established.
{ id: 6,
  remoteAddress: '::ffff:10.0.1.76:34346',
  status: 'open' }
disconnected from auth
received secure communication!
Received seqNum: 0
data received from server via secure communication
Handler: socketID: 6 data: data1
toSend: { data: <Buffer 64 61 74 61 31>, id: 6 }
specified socketID: 6
Unidentified client disconnected
Handler: secure connection with the client closed.
socket #6 closed
Unidentified client connected
received session key handshake1
switching to HANDSHAKE_1_RECEIVED state.
session key id: 50201189
session key NOT found! sending session key id to AuthService
Distribution protocol: TCP
connected to auth! from local port 50468
received auth hello!
{ authId: 502, nonce: <Buffer 83 bb 12 06 3e 68 a8 25> }
received session key response encrypted with distribution key
replyNonce in sessionKeyResp: <Buffer 01 a5 8a a7 76 c9 41 47>
auth nonce verified
handleSessionKeyResp: session key request succeeded! authFailureCount: 0
received 1 keys
Session key id is as expected
server ret: [object Object]
chosen nonce: <Buffer ee 52 a7 3a 87 0a 81 1c>
switching to HANDSHAKE_2_SENT
disconnected from auth
received session key handshake3!
{ replyNonce: <Buffer ee 52 a7 3a 87 0a 81 1c> }
client authenticated/authorized by solving nonce!
switching to IN_COMM
Handler: secure connection with the client established.
{ id: 7,
  remoteAddress: '::ffff:10.0.1.76:34520',
  status: 'open' }
received secure communication!
Received seqNum: 0
data received from server via secure communication
Handler: socketID: 7 data: data1
toSend: { data: <Buffer 64 61 74 61 31>, id: 7 }
specified socketID: 7
Unidentified client disconnected
Handler: secure connection with the client closed.
socket #7 closed
Unidentified client connected
received session key handshake1
switching to HANDSHAKE_1_RECEIVED state.
session key id: 50201196
session key NOT found! sending session key id to AuthService
Distribution protocol: TCP
connected to auth! from local port 50654
received auth hello!
{ authId: 502, nonce: <Buffer 35 c4 af eb 94 4e 3c ef> }
received session key response encrypted with distribution key
replyNonce in sessionKeyResp: <Buffer d7 ec 79 93 fc a2 bf f4>
auth nonce verified
handleSessionKeyResp: session key request succeeded! authFailureCount: 0
received 1 keys
Session key id is as expected
server ret: [object Object]
chosen nonce: <Buffer eb 99 10 4b d0 78 75 7f>
switching to HANDSHAKE_2_SENT
received session key handshake3!
{ replyNonce: <Buffer eb 99 10 4b d0 78 75 7f> }
client authenticated/authorized by solving nonce!
switching to IN_COMM
Handler: secure connection with the client established.
{ id: 8,
  remoteAddress: '::ffff:10.0.1.76:34706',
  status: 'open' }
disconnected from auth
received secure communication!
Received seqNum: 0
data received from server via secure communication
Handler: socketID: 8 data: data1
toSend: { data: <Buffer 64 61 74 61 31>, id: 8 }
specified socketID: 8
Unidentified client disconnected
Handler: secure connection with the client closed.
socket #8 closed
Unidentified client connected
received session key handshake1
switching to HANDSHAKE_1_RECEIVED state.
session key id: 50201209
session key NOT found! sending session key id to AuthService
Distribution protocol: TCP
connected to auth! from local port 50840
received auth hello!
{ authId: 502, nonce: <Buffer a4 42 35 6f 8b e6 10 f1> }
received session key response encrypted with distribution key
replyNonce in sessionKeyResp: <Buffer fe 0f ae db 75 2d b5 f4>
auth nonce verified
handleSessionKeyResp: session key request succeeded! authFailureCount: 0
received 1 keys
Session key id is as expected
server ret: [object Object]
chosen nonce: <Buffer 62 6a 8f e2 2c 1e 6e 5c>
switching to HANDSHAKE_2_SENT
received session key handshake3!
{ replyNonce: <Buffer 62 6a 8f e2 2c 1e 6e 5c> }
client authenticated/authorized by solving nonce!
switching to IN_COMM
Handler: secure connection with the client established.
{ id: 9,
  remoteAddress: '::ffff:10.0.1.76:34892',
  status: 'open' }
disconnected from auth
received secure communication!
Received seqNum: 0
data received from server via secure communication
Handler: socketID: 9 data: data1
toSend: { data: <Buffer 64 61 74 61 31>, id: 9 }
specified socketID: 9
Unidentified client disconnected
Handler: secure connection with the client closed.
socket #9 closed
Unidentified client connected
received session key handshake1
switching to HANDSHAKE_1_RECEIVED state.
session key id: 50201222
session key NOT found! sending session key id to AuthService
Distribution protocol: TCP
connected to auth! from local port 51046
received auth hello!
{ authId: 502, nonce: <Buffer c7 98 08 4f 60 2e 34 7e> }
received session key response encrypted with distribution key
replyNonce in sessionKeyResp: <Buffer 0d 91 71 e3 3c 76 12 bc>
auth nonce verified
handleSessionKeyResp: session key request succeeded! authFailureCount: 0
received 1 keys
Session key id is as expected
server ret: [object Object]
chosen nonce: <Buffer 8d e1 9d d0 bc 28 10 9c>
switching to HANDSHAKE_2_SENT
received session key handshake3!
{ replyNonce: <Buffer 8d e1 9d d0 bc 28 10 9c> }
client authenticated/authorized by solving nonce!
switching to IN_COMM
Handler: secure connection with the client established.
{ id: 10,
  remoteAddress: '::ffff:10.0.1.76:35098',
  status: 'open' }
disconnected from auth
received secure communication!
Received seqNum: 0
data received from server via secure communication
Handler: socketID: 10 data: data1
toSend: { data: <Buffer 64 61 74 61 31>, id: 10 }
specified socketID: 10
Unidentified client disconnected
Handler: secure connection with the client closed.
socket #10 closed
Unidentified client connected
received session key handshake1
switching to HANDSHAKE_1_RECEIVED state.
session key id: 50201235
session key NOT found! sending session key id to AuthService
Distribution protocol: TCP
connected to auth! from local port 51240
Handler: Error in server - details: handshake2 timed out...
received auth hello!
{ authId: 502, nonce: <Buffer 63 ef e8 33 7b ee ac 03> }
received session key response encrypted with distribution key
replyNonce in sessionKeyResp: <Buffer f8 4d a7 70 95 1a 03 41>
auth nonce verified
handleSessionKeyResp: session key request succeeded! authFailureCount: 0
received 1 keys
Session key id is as expected
server ret: [object Object]
chosen nonce: <Buffer d9 6f b9 fc b2 0e e2 ac>
switching to HANDSHAKE_2_SENT
received session key handshake3!
{ replyNonce: <Buffer d9 6f b9 fc b2 0e e2 ac> }
client authenticated/authorized by solving nonce!
switching to IN_COMM
Handler: secure connection with the client established.
{ id: 11,
  remoteAddress: '::ffff:10.0.1.76:35290',
  status: 'open' }
disconnected from auth
received secure communication!
Received seqNum: 0
data received from server via secure communication
Handler: socketID: 11 data: data1
toSend: { data: <Buffer 64 61 74 61 31>, id: 11 }
specified socketID: 11
Unidentified client disconnected
Handler: secure connection with the client closed.
socket #11 closed
Unidentified client connected
received session key handshake1
switching to HANDSHAKE_1_RECEIVED state.
session key id: 50201248
session key NOT found! sending session key id to AuthService
Distribution protocol: TCP
connected to auth! from local port 51422
received auth hello!
{ authId: 502, nonce: <Buffer 55 8f 86 78 a5 2a 92 89> }
received session key response encrypted with distribution key
replyNonce in sessionKeyResp: <Buffer 87 64 af 94 18 92 af 07>
auth nonce verified
handleSessionKeyResp: session key request succeeded! authFailureCount: 0
received 1 keys
Session key id is as expected
server ret: [object Object]
chosen nonce: <Buffer b3 29 62 15 39 72 c9 72>
switching to HANDSHAKE_2_SENT
disconnected from auth
received session key handshake3!
{ replyNonce: <Buffer b3 29 62 15 39 72 c9 72> }
client authenticated/authorized by solving nonce!
switching to IN_COMM
Handler: secure connection with the client established.
{ id: 12,
  remoteAddress: '::ffff:10.0.1.76:35474',
  status: 'open' }
received secure communication!
Received seqNum: 0
data received from server via secure communication
Handler: socketID: 12 data: data1
toSend: { data: <Buffer 64 61 74 61 31>, id: 12 }
specified socketID: 12
Unidentified client disconnected
Handler: secure connection with the client closed.
socket #12 closed
Unidentified client connected
received session key handshake1
switching to HANDSHAKE_1_RECEIVED state.
session key id: 50201261
session key NOT found! sending session key id to AuthService
Distribution protocol: TCP
connected to auth! from local port 51610
received auth hello!
{ authId: 502, nonce: <Buffer 59 69 d5 19 de 08 ee 86> }
received session key response encrypted with distribution key
replyNonce in sessionKeyResp: <Buffer 7b 67 4a 53 27 9d bc 94>
auth nonce verified
handleSessionKeyResp: session key request succeeded! authFailureCount: 0
received 1 keys
Session key id is as expected
server ret: [object Object]
chosen nonce: <Buffer 88 ab 64 da b8 2b 3f 57>
switching to HANDSHAKE_2_SENT
disconnected from auth
received session key handshake3!
{ replyNonce: <Buffer 88 ab 64 da b8 2b 3f 57> }
client authenticated/authorized by solving nonce!
switching to IN_COMM
Handler: secure connection with the client established.
{ id: 13,
  remoteAddress: '::ffff:10.0.1.76:35660',
  status: 'open' }
received secure communication!
Received seqNum: 0
data received from server via secure communication
Handler: socketID: 13 data: data1
toSend: { data: <Buffer 64 61 74 61 31>, id: 13 }
specified socketID: 13
Unidentified client disconnected
Handler: secure connection with the client closed.
socket #13 closed
Unidentified client connected
received session key handshake1
switching to HANDSHAKE_1_RECEIVED state.
session key id: 50201274
session key NOT found! sending session key id to AuthService
Distribution protocol: TCP
connected to auth! from local port 51798
received auth hello!
{ authId: 502, nonce: <Buffer 53 59 76 79 7d 8c 1f 0d> }
received session key response encrypted with distribution key
replyNonce in sessionKeyResp: <Buffer 53 40 42 75 10 39 95 05>
auth nonce verified
handleSessionKeyResp: session key request succeeded! authFailureCount: 0
received 1 keys
Session key id is as expected
server ret: [object Object]
chosen nonce: <Buffer 75 40 62 ab a1 1f 3a ac>
switching to HANDSHAKE_2_SENT
received session key handshake3!
{ replyNonce: <Buffer 75 40 62 ab a1 1f 3a ac> }
client authenticated/authorized by solving nonce!
switching to IN_COMM
Handler: secure connection with the client established.
{ id: 14,
  remoteAddress: '::ffff:10.0.1.76:35850',
  status: 'open' }
disconnected from auth
received secure communication!
Received seqNum: 0
data received from server via secure communication
Handler: socketID: 14 data: data1
toSend: { data: <Buffer 64 61 74 61 31>, id: 14 }
specified socketID: 14
Unidentified client disconnected
Handler: secure connection with the client closed.
socket #14 closed
Unidentified client connected
received session key handshake1
switching to HANDSHAKE_1_RECEIVED state.
session key id: 50201287
session key NOT found! sending session key id to AuthService
Distribution protocol: TCP
connected to auth! from local port 51980
received auth hello!
{ authId: 502, nonce: <Buffer f5 aa bf 3b 0a b2 4c 01> }
received session key response encrypted with distribution key
replyNonce in sessionKeyResp: <Buffer 89 2b 85 ee 5d 76 b5 1b>
auth nonce verified
handleSessionKeyResp: session key request succeeded! authFailureCount: 0
received 1 keys
Session key id is as expected
server ret: [object Object]
chosen nonce: <Buffer fb 01 18 47 97 c3 1d 7c>
switching to HANDSHAKE_2_SENT
received session key handshake3!
{ replyNonce: <Buffer fb 01 18 47 97 c3 1d 7c> }
client authenticated/authorized by solving nonce!
switching to IN_COMM
Handler: secure connection with the client established.
{ id: 15,
  remoteAddress: '::ffff:10.0.1.76:36030',
  status: 'open' }
disconnected from auth
received secure communication!
Received seqNum: 0
data received from server via secure communication
Handler: socketID: 15 data: data1
toSend: { data: <Buffer 64 61 74 61 31>, id: 15 }
specified socketID: 15
Unidentified client disconnected
Handler: secure connection with the client closed.
socket #15 closed
Unidentified client connected
received session key handshake1
switching to HANDSHAKE_1_RECEIVED state.
session key id: 50201300
session key NOT found! sending session key id to AuthService
Distribution protocol: TCP
connected to auth! from local port 52170
received auth hello!
{ authId: 502, nonce: <Buffer af 3c c1 f0 84 36 ea 04> }
received session key response encrypted with distribution key
replyNonce in sessionKeyResp: <Buffer b2 f2 63 52 7a de 78 b8>
auth nonce verified
handleSessionKeyResp: session key request succeeded! authFailureCount: 0
received 1 keys
Session key id is as expected
server ret: [object Object]
chosen nonce: <Buffer a9 d7 84 36 2e 59 2c 5c>
switching to HANDSHAKE_2_SENT
received session key handshake3!
{ replyNonce: <Buffer a9 d7 84 36 2e 59 2c 5c> }
client authenticated/authorized by solving nonce!
switching to IN_COMM
Handler: secure connection with the client established.
{ id: 16,
  remoteAddress: '::ffff:10.0.1.76:36222',
  status: 'open' }
disconnected from auth
received secure communication!
Received seqNum: 0
data received from server via secure communication
Handler: socketID: 16 data: data1
toSend: { data: <Buffer 64 61 74 61 31>, id: 16 }
specified socketID: 16
Unidentified client disconnected
Handler: secure connection with the client closed.
socket #16 closed
Unidentified client connected
received session key handshake1
switching to HANDSHAKE_1_RECEIVED state.
session key id: 50201313
session key NOT found! sending session key id to AuthService
Distribution protocol: TCP
connected to auth! from local port 52356
received auth hello!
{ authId: 502, nonce: <Buffer 16 fb 2b 48 c3 b9 79 36> }
received session key response encrypted with distribution key
replyNonce in sessionKeyResp: <Buffer 0e ae 4a 0d c7 38 55 41>
auth nonce verified
handleSessionKeyResp: session key request succeeded! authFailureCount: 0
received 1 keys
Session key id is as expected
server ret: [object Object]
chosen nonce: <Buffer 0c e1 1c cd a3 b9 c3 06>
switching to HANDSHAKE_2_SENT
received session key handshake3!
{ replyNonce: <Buffer 0c e1 1c cd a3 b9 c3 06> }
client authenticated/authorized by solving nonce!
switching to IN_COMM
Handler: secure connection with the client established.
{ id: 17,
  remoteAddress: '::ffff:10.0.1.76:36408',
  status: 'open' }
disconnected from auth
received secure communication!
Received seqNum: 0
data received from server via secure communication
Handler: socketID: 17 data: data1
toSend: { data: <Buffer 64 61 74 61 31>, id: 17 }
specified socketID: 17
Unidentified client disconnected
Handler: secure connection with the client closed.
socket #17 closed
Unidentified client connected
received session key handshake1
switching to HANDSHAKE_1_RECEIVED state.
session key id: 50201326
session key NOT found! sending session key id to AuthService
Distribution protocol: TCP
connected to auth! from local port 52542
received auth hello!
{ authId: 502, nonce: <Buffer 8e 55 57 9d 09 c9 7f c9> }
received session key response encrypted with distribution key
replyNonce in sessionKeyResp: <Buffer 93 73 84 7c 8e 63 0d 97>
auth nonce verified
handleSessionKeyResp: session key request succeeded! authFailureCount: 0
received 1 keys
Session key id is as expected
server ret: [object Object]
chosen nonce: <Buffer ba 83 00 42 b7 be 81 6a>
switching to HANDSHAKE_2_SENT
received session key handshake3!
{ replyNonce: <Buffer ba 83 00 42 b7 be 81 6a> }
client authenticated/authorized by solving nonce!
switching to IN_COMM
Handler: secure connection with the client established.
{ id: 18,
  remoteAddress: '::ffff:10.0.1.76:36594',
  status: 'open' }
disconnected from auth
received secure communication!
Received seqNum: 0
data received from server via secure communication
Handler: socketID: 18 data: data1
toSend: { data: <Buffer 64 61 74 61 31>, id: 18 }
specified socketID: 18
Unidentified client disconnected
Handler: secure connection with the client closed.
socket #18 closed
Unidentified client connected
received session key handshake1
switching to HANDSHAKE_1_RECEIVED state.
session key id: 50201339
session key NOT found! sending session key id to AuthService
Distribution protocol: TCP
connected to auth! from local port 52728
received auth hello!
{ authId: 502, nonce: <Buffer fe 15 a1 75 75 c9 32 75> }
received session key response encrypted with distribution key
replyNonce in sessionKeyResp: <Buffer b4 dd 0a e7 8e f1 e4 28>
auth nonce verified
handleSessionKeyResp: session key request succeeded! authFailureCount: 0
received 1 keys
Session key id is as expected
server ret: [object Object]
chosen nonce: <Buffer 81 8c 22 1b 8a aa 4c 16>
switching to HANDSHAKE_2_SENT
received session key handshake3!
{ replyNonce: <Buffer 81 8c 22 1b 8a aa 4c 16> }
client authenticated/authorized by solving nonce!
switching to IN_COMM
Handler: secure connection with the client established.
{ id: 19,
  remoteAddress: '::ffff:10.0.1.76:36778',
  status: 'open' }
disconnected from auth
received secure communication!
Received seqNum: 0
data received from server via secure communication
Handler: socketID: 19 data: data1
toSend: { data: <Buffer 64 61 74 61 31>, id: 19 }
specified socketID: 19
Unidentified client disconnected
Handler: secure connection with the client closed.
socket #19 closed
Unidentified client connected
received session key handshake1
switching to HANDSHAKE_1_RECEIVED state.
session key id: 50201352
session key NOT found! sending session key id to AuthService
Distribution protocol: TCP
connected to auth! from local port 52914
Handler: Error in server - details: handshake2 timed out...
received auth hello!
{ authId: 502, nonce: <Buffer 4a b9 66 a1 1c 45 08 27> }
received session key response encrypted with distribution key
replyNonce in sessionKeyResp: <Buffer 89 17 b5 05 81 96 76 d7>
auth nonce verified
handleSessionKeyResp: session key request succeeded! authFailureCount: 0
received 1 keys
Session key id is as expected
server ret: [object Object]
chosen nonce: <Buffer c4 f5 46 68 dd eb 04 f1>
switching to HANDSHAKE_2_SENT
received session key handshake3!
{ replyNonce: <Buffer c4 f5 46 68 dd eb 04 f1> }
client authenticated/authorized by solving nonce!
switching to IN_COMM
Handler: secure connection with the client established.
{ id: 20,
  remoteAddress: '::ffff:10.0.1.76:36966',
  status: 'open' }
disconnected from auth
received secure communication!
Received seqNum: 0
data received from server via secure communication
Handler: socketID: 20 data: data1
toSend: { data: <Buffer 64 61 74 61 31>, id: 20 }
specified socketID: 20
Unidentified client disconnected
Handler: secure connection with the client closed.
socket #20 closed
Unidentified client connected
received session key handshake1
switching to HANDSHAKE_1_RECEIVED state.
session key id: 50201365
session key NOT found! sending session key id to AuthService
Distribution protocol: TCP
connected to auth! from local port 53096
received auth hello!
{ authId: 502, nonce: <Buffer db fd 1c ca 3b 80 61 81> }
received session key response encrypted with distribution key
replyNonce in sessionKeyResp: <Buffer 31 8c ef 17 9c 5b f1 ab>
auth nonce verified
handleSessionKeyResp: session key request succeeded! authFailureCount: 0
received 1 keys
Session key id is as expected
server ret: [object Object]
chosen nonce: <Buffer a6 ea 7e d2 87 3b 4a eb>
switching to HANDSHAKE_2_SENT
received session key handshake3!
{ replyNonce: <Buffer a6 ea 7e d2 87 3b 4a eb> }
client authenticated/authorized by solving nonce!
switching to IN_COMM
Handler: secure connection with the client established.
{ id: 21,
  remoteAddress: '::ffff:10.0.1.76:37148',
  status: 'open' }
disconnected from auth
received secure communication!
Received seqNum: 0
data received from server via secure communication
Handler: socketID: 21 data: data1
toSend: { data: <Buffer 64 61 74 61 31>, id: 21 }
specified socketID: 21
Unidentified client disconnected
Handler: secure connection with the client closed.
socket #21 closed
Unidentified client connected
received session key handshake1
switching to HANDSHAKE_1_RECEIVED state.
session key id: 50201378
session key NOT found! sending session key id to AuthService
Distribution protocol: TCP
connected to auth! from local port 53282
received auth hello!
{ authId: 502, nonce: <Buffer 4c cb 51 9c e4 2e f0 31> }
received session key response encrypted with distribution key
replyNonce in sessionKeyResp: <Buffer 1b a2 cc d7 bc 17 4f 47>
auth nonce verified
handleSessionKeyResp: session key request succeeded! authFailureCount: 0
received 1 keys
Session key id is as expected
server ret: [object Object]
chosen nonce: <Buffer 2b d5 12 74 4a f3 5c 39>
switching to HANDSHAKE_2_SENT
disconnected from auth
received session key handshake3!
{ replyNonce: <Buffer 2b d5 12 74 4a f3 5c 39> }
client authenticated/authorized by solving nonce!
switching to IN_COMM
Handler: secure connection with the client established.
{ id: 22,
  remoteAddress: '::ffff:10.0.1.76:37334',
  status: 'open' }
received secure communication!
Received seqNum: 0
data received from server via secure communication
Handler: socketID: 22 data: data1
toSend: { data: <Buffer 64 61 74 61 31>, id: 22 }
specified socketID: 22
Unidentified client disconnected
Handler: secure connection with the client closed.
socket #22 closed
Unidentified client connected
received session key handshake1
switching to HANDSHAKE_1_RECEIVED state.
session key id: 50201391
session key NOT found! sending session key id to AuthService
Distribution protocol: TCP
connected to auth! from local port 53468
received auth hello!
{ authId: 502, nonce: <Buffer 05 fb 17 7d d7 0b 01 30> }
received session key response encrypted with distribution key
replyNonce in sessionKeyResp: <Buffer b1 13 c3 3a 24 fd e6 6f>
auth nonce verified
handleSessionKeyResp: session key request succeeded! authFailureCount: 0
received 1 keys
Session key id is as expected
server ret: [object Object]
chosen nonce: <Buffer fc ad 17 f4 84 e9 a8 88>
switching to HANDSHAKE_2_SENT
received session key handshake3!
{ replyNonce: <Buffer fc ad 17 f4 84 e9 a8 88> }
client authenticated/authorized by solving nonce!
switching to IN_COMM
Handler: secure connection with the client established.
{ id: 23,
  remoteAddress: '::ffff:10.0.1.76:37520',
  status: 'open' }
disconnected from auth
received secure communication!
Received seqNum: 0
data received from server via secure communication
Handler: socketID: 23 data: data1
toSend: { data: <Buffer 64 61 74 61 31>, id: 23 }
specified socketID: 23
Unidentified client disconnected
Handler: secure connection with the client closed.
socket #23 closed
Unidentified client connected
received session key handshake1
switching to HANDSHAKE_1_RECEIVED state.
session key id: 50201404
session key NOT found! sending session key id to AuthService
Distribution protocol: TCP
connected to auth! from local port 53654
received auth hello!
{ authId: 502, nonce: <Buffer f9 aa cd 9c d8 8d f8 61> }
received session key response encrypted with distribution key
replyNonce in sessionKeyResp: <Buffer 99 93 5d af 36 31 db db>
auth nonce verified
handleSessionKeyResp: session key request succeeded! authFailureCount: 0
received 1 keys
Session key id is as expected
server ret: [object Object]
chosen nonce: <Buffer 23 b1 93 d4 f2 c8 ed 70>
switching to HANDSHAKE_2_SENT
disconnected from auth
received session key handshake3!
{ replyNonce: <Buffer 23 b1 93 d4 f2 c8 ed 70> }
client authenticated/authorized by solving nonce!
switching to IN_COMM
Handler: secure connection with the client established.
{ id: 24,
  remoteAddress: '::ffff:10.0.1.76:37706',
  status: 'open' }
received secure communication!
Received seqNum: 0
data received from server via secure communication
Handler: socketID: 24 data: data1
toSend: { data: <Buffer 64 61 74 61 31>, id: 24 }
specified socketID: 24
Unidentified client disconnected
Handler: secure connection with the client closed.
socket #24 closed
Unidentified client connected
received session key handshake1
switching to HANDSHAKE_1_RECEIVED state.
session key id: 50201417
session key NOT found! sending session key id to AuthService
Distribution protocol: TCP
connected to auth! from local port 53844
received auth hello!
{ authId: 502, nonce: <Buffer d7 dc 93 2a e1 df 6f ff> }
received session key response encrypted with distribution key
replyNonce in sessionKeyResp: <Buffer c9 5f b7 50 3a 99 56 de>
auth nonce verified
handleSessionKeyResp: session key request succeeded! authFailureCount: 0
received 1 keys
Session key id is as expected
server ret: [object Object]
chosen nonce: <Buffer 70 15 12 80 fa 44 e2 f0>
switching to HANDSHAKE_2_SENT
disconnected from auth
received session key handshake3!
{ replyNonce: <Buffer 70 15 12 80 fa 44 e2 f0> }
client authenticated/authorized by solving nonce!
switching to IN_COMM
Handler: secure connection with the client established.
{ id: 25,
  remoteAddress: '::ffff:10.0.1.76:37896',
  status: 'open' }
received secure communication!
Received seqNum: 0
data received from server via secure communication
Handler: socketID: 25 data: data1
toSend: { data: <Buffer 64 61 74 61 31>, id: 25 }
specified socketID: 25
Unidentified client disconnected
Handler: secure connection with the client closed.
socket #25 closed
Unidentified client connected
received session key handshake1
switching to HANDSHAKE_1_RECEIVED state.
session key id: 50201430
session key NOT found! sending session key id to AuthService
Distribution protocol: TCP
connected to auth! from local port 54030
Handler: Error in server - details: handshake2 timed out...
received auth hello!
{ authId: 502, nonce: <Buffer 66 be 26 02 d5 f6 04 9c> }
received session key response encrypted with distribution key
replyNonce in sessionKeyResp: <Buffer e1 a5 fc c0 9c 41 e3 23>
auth nonce verified
handleSessionKeyResp: session key request succeeded! authFailureCount: 0
received 1 keys
Session key id is as expected
server ret: [object Object]
chosen nonce: <Buffer 18 7b 21 e7 91 ed 96 4b>
switching to HANDSHAKE_2_SENT
received session key handshake3!
{ replyNonce: <Buffer 18 7b 21 e7 91 ed 96 4b> }
client authenticated/authorized by solving nonce!
switching to IN_COMM
Handler: secure connection with the client established.
{ id: 26,
  remoteAddress: '::ffff:10.0.1.76:38082',
  status: 'open' }
disconnected from auth
received secure communication!
Received seqNum: 0
data received from server via secure communication
Handler: socketID: 26 data: data1
toSend: { data: <Buffer 64 61 74 61 31>, id: 26 }
specified socketID: 26
Unidentified client disconnected
Handler: secure connection with the client closed.
socket #26 closed
Unidentified client connected
received session key handshake1
switching to HANDSHAKE_1_RECEIVED state.
session key id: 50201443
session key NOT found! sending session key id to AuthService
Distribution protocol: TCP
connected to auth! from local port 54216
received auth hello!
{ authId: 502, nonce: <Buffer 06 6c 2c 58 3e c4 09 72> }
received session key response encrypted with distribution key
replyNonce in sessionKeyResp: <Buffer b0 11 cd d5 74 2a 56 ca>
auth nonce verified
handleSessionKeyResp: session key request succeeded! authFailureCount: 0
received 1 keys
Session key id is as expected
server ret: [object Object]
chosen nonce: <Buffer 2b de ba 06 dd 3d 91 7d>
switching to HANDSHAKE_2_SENT
received session key handshake3!
{ replyNonce: <Buffer 2b de ba 06 dd 3d 91 7d> }
client authenticated/authorized by solving nonce!
switching to IN_COMM
Handler: secure connection with the client established.
{ id: 27,
  remoteAddress: '::ffff:10.0.1.76:38268',
  status: 'open' }
disconnected from auth
received secure communication!
Received seqNum: 0
data received from server via secure communication
Handler: socketID: 27 data: data1
toSend: { data: <Buffer 64 61 74 61 31>, id: 27 }
specified socketID: 27
Unidentified client disconnected
Handler: secure connection with the client closed.
socket #27 closed
Unidentified client connected
received session key handshake1
switching to HANDSHAKE_1_RECEIVED state.
session key id: 50201455
session key NOT found! sending session key id to AuthService
Distribution protocol: TCP
connected to auth! from local port 54330
received auth hello!
{ authId: 502, nonce: <Buffer 50 d6 1d 3e 81 bb f2 de> }
received session key response encrypted with distribution key
replyNonce in sessionKeyResp: <Buffer a5 2e 64 7a 04 08 86 5d>
auth nonce verified
handleSessionKeyResp: session key request succeeded! authFailureCount: 0
received 1 keys
Session key id is as expected
server ret: [object Object]
chosen nonce: <Buffer b2 6a 68 4d 35 1b 57 aa>
switching to HANDSHAKE_2_SENT
disconnected from auth
received session key handshake3!
{ replyNonce: <Buffer b2 6a 68 4d 35 1b 57 aa> }
client authenticated/authorized by solving nonce!
switching to IN_COMM
Handler: secure connection with the client established.
{ id: 28,
  remoteAddress: '::ffff:10.0.1.76:38382',
  status: 'open' }
received secure communication!
Received seqNum: 0
data received from server via secure communication
Handler: socketID: 28 data: data1
toSend: { data: <Buffer 64 61 74 61 31>, id: 28 }
specified socketID: 28
Unidentified client disconnected
Handler: secure connection with the client closed.
socket #28 closed
