changing working directory to: /home/hokeunkim/Development/iotauth/entity/node/example_entities
loading from config file: /home/hokeunkim/Development/iotauth_experiments/experiments/ccs2017/expOptions/expEntity.option
Experimental options for autoClient: { autoSendPeriod: 60000,
  useSameSessionKeyCount: 1,
  connectionTimeout: 50000,
  migrationEnabled: true,
  authFailureThreshold: 2,
  migrationFailureThreshold: 2 }
loading from config file: /home/hokeunkim/Development/iotauth/entity/node/example_entities/configs/Clients/c506.config
initializing...
current parameters: { numKeysPerRequest: 3,
  migrationEnabled: false,
  authFailureThreshold: 3,
  migrationFailureThreshold: 3 }
current parameters: { numKeysPerRequest: 1,
  migrationEnabled: false,
  authFailureThreshold: 3,
  migrationFailureThreshold: 3 }
current parameters: { numKeysPerRequest: 1,
  migrationEnabled: true,
  authFailureThreshold: 3,
  migrationFailureThreshold: 3 }
current parameters: { numKeysPerRequest: 1,
  migrationEnabled: true,
  authFailureThreshold: 2,
  migrationFailureThreshold: 3 }
current parameters: { numKeysPerRequest: 1,
  migrationEnabled: true,
  authFailureThreshold: 2,
  migrationFailureThreshold: 2 }
current entityInfo: { name: 'c506',
  group: 'Clients',
  distProtocol: 'TCP',
  usePermanentDistKey: false,
  connectionTimeout: 50000,
  privateKey: <Buffer 2d 2d 2d 2d 2d 42 45 47 49 4e 20 52 53 41 20 50 52 49 56 41 54 45 20 4b 45 59 2d 2d 2d 2d 2d 0a 4d 49 49 45 70 41 49 42 41 41 4b 43 41 51 45 41 39 50 ... > }
Distribution protocol: TCP
Resp-actual/expected/ratio/ts: 0 1 0 1521616760886
connected to auth! from local port 52486
received auth hello!
{ authId: 501, nonce: <Buffer 39 19 e3 ad 6f 48 d6 83> }
received session key response with distribution key attached!
auth signature verified
replyNonce in sessionKeyResp: <Buffer e0 d4 0f 7a b8 52 29 2a>
auth nonce verified
handleSessionKeyResp: session key request succeeded! authFailureCount: 0
updating distribution key: { cipherKeyVal: <Buffer 79 c9 ef 2a c7 fb 6a 62 91 12 94 d3 69 eb f1 b8>,
  macKeyVal: <Buffer 68 09 85 fb 3a 55 91 05 25 b5 49 b1 7e bf 74 ef ef 41 50 8a 69 61 15 59 e2 a4 d2 57 4b c1 fb 8e>,
  absValidity: 2018-03-21T08:19:21.046Z }
received 1 keys
currentSessionKey: [object Object]
Session protocol: TCP
chosen commSessionKey: 
{ id: 50100597,
  cipherKeyVal: <Buffer 6e 02 da e8 75 61 81 81 81 85 9d 73 67 04 75 86>,
  macKeyVal: <Buffer 5f 7e 6d 49 9e da d6 77 28 0d c4 a5 e2 c7 5c 67 21 87 d9 79 f3 11 c1 5b ef 0f 05 01 eb c1 8b f5>,
  absValidity: 2018-03-22T07:19:21.046Z,
  relValidity: 7200000 }
options
{ serverHost: '10.0.1.27',
  serverPort: 22100,
  sessionKey: 
   { id: 50100597,
     cipherKeyVal: <Buffer 6e 02 da e8 75 61 81 81 81 85 9d 73 67 04 75 86>,
     macKeyVal: <Buffer 5f 7e 6d 49 9e da d6 77 28 0d c4 a5 e2 c7 5c 67 21 87 d9 79 f3 11 c1 5b ef 0f 05 01 eb c1 8b f5>,
     absValidity: 2018-03-22T07:19:21.046Z,
     relValidity: 7200000 },
  sessionCryptoSpec: { cipher: 'AES-128-CBC', mac: 'SHA256' },
  sessionProtocol: 'TCP',
  handshakeTimeout: 50000 }
disconnected from auth
chosen nonce: <Buffer 96 12 8f 41 49 a0 59 ac>
switching to HANDSHAKE_1_SENT
received session key handshake2!
client ret: [object Object]
server authenticated/authorized by solving nonce!
Handler: communication initialization succeeded
file data length: 1024
sending at Wed Mar 21 2018 07:19:21 GMT+0000 (UTC)
switching to IN_COMM
received secure communication message!
Received seqNum: 0
Handler: data received from server via secure communication
data1
Resp-actual/expected/ratio/ts: 1 1 1 1521616762010
Distribution protocol: TCP
Resp-actual/expected/ratio/ts: 1 2 0.5 1521616820942
connected to auth! from local port 52742
received auth hello!
{ authId: 501, nonce: <Buffer 52 42 80 48 88 89 36 1c> }
received session key response encrypted with distribution key
replyNonce in sessionKeyResp: <Buffer f7 3d cb 5c ab e2 4a 1e>
auth nonce verified
handleSessionKeyResp: session key request succeeded! authFailureCount: 0
received 1 keys
currentSessionKey: [object Object]
Status: Secure connection closed before starting a new connection.
Session protocol: TCP
chosen commSessionKey: 
{ id: 50100605,
  cipherKeyVal: <Buffer 65 91 18 2b af 49 f7 37 7e 9f 31 eb 03 e0 91 19>,
  macKeyVal: <Buffer f1 aa 9d 8b 29 80 85 0e 12 f3 8a 8a d0 34 73 94 99 50 0e dd f2 0d 03 c7 fd 75 8a 9e 6d a8 3d 74>,
  absValidity: 2018-03-22T07:20:21.127Z,
  relValidity: 7200000 }
options
{ serverHost: '10.0.1.27',
  serverPort: 22100,
  sessionKey: 
   { id: 50100605,
     cipherKeyVal: <Buffer 65 91 18 2b af 49 f7 37 7e 9f 31 eb 03 e0 91 19>,
     macKeyVal: <Buffer f1 aa 9d 8b 29 80 85 0e 12 f3 8a 8a d0 34 73 94 99 50 0e dd f2 0d 03 c7 fd 75 8a 9e 6d a8 3d 74>,
     absValidity: 2018-03-22T07:20:21.127Z,
     relValidity: 7200000 },
  sessionCryptoSpec: { cipher: 'AES-128-CBC', mac: 'SHA256' },
  sessionProtocol: 'TCP',
  handshakeTimeout: 50000 }
chosen nonce: <Buffer 2c 0b 28 19 ea 31 66 d1>
switching to HANDSHAKE_1_SENT
disconnected from auth
Handler: secure connection with the server closed.
received session key handshake2!
client ret: [object Object]
server authenticated/authorized by solving nonce!
Handler: communication initialization succeeded
file data length: 1024
sending at Wed Mar 21 2018 07:20:21 GMT+0000 (UTC)
switching to IN_COMM
received secure communication message!
Received seqNum: 0
Handler: data received from server via secure communication
data1
Resp-actual/expected/ratio/ts: 2 2 1 1521616821975
Distribution protocol: TCP
Resp-actual/expected/ratio/ts: 2 3 0.6666666666666666 1521616880973
connected to auth! from local port 53012
received auth hello!
{ authId: 501, nonce: <Buffer 9f 4d 50 d3 b0 42 53 d0> }
received session key response encrypted with distribution key
replyNonce in sessionKeyResp: <Buffer b1 f0 77 ca 92 cc 0a b4>
auth nonce verified
handleSessionKeyResp: session key request succeeded! authFailureCount: 0
received 1 keys
currentSessionKey: [object Object]
Status: Secure connection closed before starting a new connection.
Session protocol: TCP
chosen commSessionKey: 
{ id: 50100613,
  cipherKeyVal: <Buffer 48 b4 a2 31 b4 87 99 0b 49 0f af 5d a4 23 3a 2b>,
  macKeyVal: <Buffer 70 b0 b9 9f 69 db 96 99 5a 33 25 94 14 8f 32 bf 0d f4 46 4f 06 8c 49 2d 59 d1 b0 77 a1 3e 45 19>,
  absValidity: 2018-03-22T07:21:21.158Z,
  relValidity: 7200000 }
options
{ serverHost: '10.0.1.27',
  serverPort: 22100,
  sessionKey: 
   { id: 50100613,
     cipherKeyVal: <Buffer 48 b4 a2 31 b4 87 99 0b 49 0f af 5d a4 23 3a 2b>,
     macKeyVal: <Buffer 70 b0 b9 9f 69 db 96 99 5a 33 25 94 14 8f 32 bf 0d f4 46 4f 06 8c 49 2d 59 d1 b0 77 a1 3e 45 19>,
     absValidity: 2018-03-22T07:21:21.158Z,
     relValidity: 7200000 },
  sessionCryptoSpec: { cipher: 'AES-128-CBC', mac: 'SHA256' },
  sessionProtocol: 'TCP',
  handshakeTimeout: 50000 }
chosen nonce: <Buffer 75 73 69 03 1b 7f fe 9b>
switching to HANDSHAKE_1_SENT
disconnected from auth
Handler: secure connection with the server closed.
received session key handshake2!
client ret: [object Object]
server authenticated/authorized by solving nonce!
Handler: communication initialization succeeded
file data length: 1024
sending at Wed Mar 21 2018 07:21:21 GMT+0000 (UTC)
switching to IN_COMM
received secure communication message!
Received seqNum: 0
Handler: data received from server via secure communication
data1
Resp-actual/expected/ratio/ts: 3 3 1 1521616882059
Distribution protocol: TCP
Resp-actual/expected/ratio/ts: 3 4 0.75 1521616941029
connected to auth! from local port 53282
received auth hello!
{ authId: 501, nonce: <Buffer ce 49 97 e1 98 b7 da 61> }
received session key response encrypted with distribution key
replyNonce in sessionKeyResp: <Buffer a5 31 2f db 0e 84 90 9c>
auth nonce verified
handleSessionKeyResp: session key request succeeded! authFailureCount: 0
received 1 keys
currentSessionKey: [object Object]
Status: Secure connection closed before starting a new connection.
Session protocol: TCP
chosen commSessionKey: 
{ id: 50100621,
  cipherKeyVal: <Buffer 3a e6 16 94 61 96 e0 e5 bc 50 a3 21 ef 2f 13 c6>,
  macKeyVal: <Buffer ef 3d 60 2f 5b 5c 8a c0 0f 02 14 6b bd e1 1d ce c4 54 3d 1e 29 29 0d c4 25 a6 00 f9 40 8f cd f1>,
  absValidity: 2018-03-22T07:22:21.217Z,
  relValidity: 7200000 }
options
{ serverHost: '10.0.1.27',
  serverPort: 22100,
  sessionKey: 
   { id: 50100621,
     cipherKeyVal: <Buffer 3a e6 16 94 61 96 e0 e5 bc 50 a3 21 ef 2f 13 c6>,
     macKeyVal: <Buffer ef 3d 60 2f 5b 5c 8a c0 0f 02 14 6b bd e1 1d ce c4 54 3d 1e 29 29 0d c4 25 a6 00 f9 40 8f cd f1>,
     absValidity: 2018-03-22T07:22:21.217Z,
     relValidity: 7200000 },
  sessionCryptoSpec: { cipher: 'AES-128-CBC', mac: 'SHA256' },
  sessionProtocol: 'TCP',
  handshakeTimeout: 50000 }
chosen nonce: <Buffer 3f f6 fd 6e 8f 5d 27 37>
switching to HANDSHAKE_1_SENT
disconnected from auth
Handler: secure connection with the server closed.
received session key handshake2!
client ret: [object Object]
server authenticated/authorized by solving nonce!
Handler: communication initialization succeeded
file data length: 1024
sending at Wed Mar 21 2018 07:22:21 GMT+0000 (UTC)
switching to IN_COMM
received secure communication message!
Received seqNum: 0
Handler: data received from server via secure communication
data1
Resp-actual/expected/ratio/ts: 4 4 1 1521616942196
Distribution protocol: TCP
Resp-actual/expected/ratio/ts: 4 5 0.8 1521617001088
connected to auth! from local port 53552
received auth hello!
{ authId: 501, nonce: <Buffer bc b1 36 b4 05 14 fb 63> }
received session key response encrypted with distribution key
replyNonce in sessionKeyResp: <Buffer 7b 1c cd 98 e1 c8 77 01>
auth nonce verified
handleSessionKeyResp: session key request succeeded! authFailureCount: 0
received 1 keys
currentSessionKey: [object Object]
Status: Secure connection closed before starting a new connection.
Session protocol: TCP
chosen commSessionKey: 
{ id: 50100629,
  cipherKeyVal: <Buffer 82 f8 e8 b1 cb 8d 0b e5 63 66 01 a8 d1 d2 0c d9>,
  macKeyVal: <Buffer bf f6 df cd 31 c6 4a 46 46 f0 c2 69 0e 23 97 5f 28 f9 6b 5c 9b f9 00 24 a0 10 b6 8e 9c 54 0d ac>,
  absValidity: 2018-03-22T07:23:21.281Z,
  relValidity: 7200000 }
options
{ serverHost: '10.0.1.27',
  serverPort: 22100,
  sessionKey: 
   { id: 50100629,
     cipherKeyVal: <Buffer 82 f8 e8 b1 cb 8d 0b e5 63 66 01 a8 d1 d2 0c d9>,
     macKeyVal: <Buffer bf f6 df cd 31 c6 4a 46 46 f0 c2 69 0e 23 97 5f 28 f9 6b 5c 9b f9 00 24 a0 10 b6 8e 9c 54 0d ac>,
     absValidity: 2018-03-22T07:23:21.281Z,
     relValidity: 7200000 },
  sessionCryptoSpec: { cipher: 'AES-128-CBC', mac: 'SHA256' },
  sessionProtocol: 'TCP',
  handshakeTimeout: 50000 }
chosen nonce: <Buffer 86 ed 95 b8 6d 6c cc 5c>
switching to HANDSHAKE_1_SENT
disconnected from auth
Handler: secure connection with the server closed.
received session key handshake2!
client ret: [object Object]
server authenticated/authorized by solving nonce!
Handler: communication initialization succeeded
file data length: 1024
sending at Wed Mar 21 2018 07:23:21 GMT+0000 (UTC)
switching to IN_COMM
received secure communication message!
Received seqNum: 0
Handler: data received from server via secure communication
data1
Resp-actual/expected/ratio/ts: 5 5 1 1521617002216
Distribution protocol: TCP
Resp-actual/expected/ratio/ts: 5 6 0.8333333333333334 1521617061141
connected to auth! from local port 53822
received auth hello!
{ authId: 501, nonce: <Buffer 5e 25 ef 0e 93 43 8f a9> }
received session key response encrypted with distribution key
replyNonce in sessionKeyResp: <Buffer ed a4 cb a5 62 17 7c fe>
auth nonce verified
handleSessionKeyResp: session key request succeeded! authFailureCount: 0
received 1 keys
currentSessionKey: [object Object]
Status: Secure connection closed before starting a new connection.
Session protocol: TCP
chosen commSessionKey: 
{ id: 50100637,
  cipherKeyVal: <Buffer 46 0e 2c c4 81 77 30 04 6e f7 80 41 30 7c de f7>,
  macKeyVal: <Buffer 31 a6 39 d1 68 b7 12 bc ae 28 7c 14 f1 d3 7f ef 8f cb b4 4d d1 40 d7 02 7f 1e 50 7f 62 48 77 4b>,
  absValidity: 2018-03-22T07:24:21.314Z,
  relValidity: 7200000 }
options
{ serverHost: '10.0.1.27',
  serverPort: 22100,
  sessionKey: 
   { id: 50100637,
     cipherKeyVal: <Buffer 46 0e 2c c4 81 77 30 04 6e f7 80 41 30 7c de f7>,
     macKeyVal: <Buffer 31 a6 39 d1 68 b7 12 bc ae 28 7c 14 f1 d3 7f ef 8f cb b4 4d d1 40 d7 02 7f 1e 50 7f 62 48 77 4b>,
     absValidity: 2018-03-22T07:24:21.314Z,
     relValidity: 7200000 },
  sessionCryptoSpec: { cipher: 'AES-128-CBC', mac: 'SHA256' },
  sessionProtocol: 'TCP',
  handshakeTimeout: 50000 }
chosen nonce: <Buffer 70 85 2d 1b 8d 48 16 9b>
switching to HANDSHAKE_1_SENT
disconnected from auth
Handler: secure connection with the server closed.
received session key handshake2!
client ret: [object Object]
server authenticated/authorized by solving nonce!
Handler: communication initialization succeeded
file data length: 1024
sending at Wed Mar 21 2018 07:24:21 GMT+0000 (UTC)
switching to IN_COMM
received secure communication message!
Received seqNum: 0
Handler: data received from server via secure communication
data1
Resp-actual/expected/ratio/ts: 6 6 1 1521617062118
Distribution protocol: TCP
Resp-actual/expected/ratio/ts: 6 7 0.8571428571428571 1521617121197
connected to auth! from local port 54092
received auth hello!
{ authId: 501, nonce: <Buffer 4b 8e c6 45 d0 df 49 75> }
received session key response encrypted with distribution key
replyNonce in sessionKeyResp: <Buffer 2e a8 67 e1 a7 b3 6c 8e>
auth nonce verified
handleSessionKeyResp: session key request succeeded! authFailureCount: 0
received 1 keys
currentSessionKey: [object Object]
Status: Secure connection closed before starting a new connection.
Session protocol: TCP
chosen commSessionKey: 
{ id: 50100645,
  cipherKeyVal: <Buffer 7b 47 34 41 31 ee 9c 63 4a 6a f2 77 a3 44 33 10>,
  macKeyVal: <Buffer 26 7d f3 0a 43 b1 70 29 3c d5 8d 1c 74 d4 d2 84 c1 bc 26 69 20 07 65 a9 9f 0c a2 04 a2 03 38 b6>,
  absValidity: 2018-03-22T07:25:21.366Z,
  relValidity: 7200000 }
options
{ serverHost: '10.0.1.27',
  serverPort: 22100,
  sessionKey: 
   { id: 50100645,
     cipherKeyVal: <Buffer 7b 47 34 41 31 ee 9c 63 4a 6a f2 77 a3 44 33 10>,
     macKeyVal: <Buffer 26 7d f3 0a 43 b1 70 29 3c d5 8d 1c 74 d4 d2 84 c1 bc 26 69 20 07 65 a9 9f 0c a2 04 a2 03 38 b6>,
     absValidity: 2018-03-22T07:25:21.366Z,
     relValidity: 7200000 },
  sessionCryptoSpec: { cipher: 'AES-128-CBC', mac: 'SHA256' },
  sessionProtocol: 'TCP',
  handshakeTimeout: 50000 }
chosen nonce: <Buffer 75 7d 3f 7f 87 dd 18 6a>
switching to HANDSHAKE_1_SENT
disconnected from auth
Handler: secure connection with the server closed.
received session key handshake2!
client ret: [object Object]
server authenticated/authorized by solving nonce!
Handler: communication initialization succeeded
file data length: 1024
sending at Wed Mar 21 2018 07:25:22 GMT+0000 (UTC)
switching to IN_COMM
received secure communication message!
Received seqNum: 0
Handler: data received from server via secure communication
data1
Resp-actual/expected/ratio/ts: 7 7 1 1521617122333
Distribution protocol: TCP
Resp-actual/expected/ratio/ts: 7 8 0.875 1521617181257
failure in connection with Auth : authFailureCount: 1
Handler: Error in secure comm - details: Error occurred in session key request: Error: connect EHOSTUNREACH 10.0.1.4:21100
Handler: Error in secure comm - details: Auth hello timedout ...
Distribution protocol: TCP
Resp-actual/expected/ratio/ts: 7 9 0.7777777777777778 1521617241267
failure in connection with Auth : authFailureCount: 2
failure count reached threshold (2), try migration...
In iotAuth.js migrateToTrustedAuth: 
In iotAuthService.js sendMigrationReqViaTCP: 
Handler: Error in secure comm - details: Error occurred in session key request: Error: connect EHOSTUNREACH 10.0.1.4:21100
connected to auth! from local port 50338
received auth hello!
{ authId: 502, nonce: <Buffer c0 8a 9f 0d 04 fc 08 74> }
more data will come. current: 1445 expected: 1485
received migration response with signature!
{ version: 2,
  subject: 
   { countryName: 'US',
     stateOrProvinceName: 'CA',
     localityName: 'Berkeley',
     organizationName: 'EECS',
     organizationalUnitName: 'Auth502',
     commonName: '10.0.1.5' },
  issuer: 
   { countryName: 'US',
     stateOrProvinceName: 'CA',
     localityName: 'Berkeley',
     organizationName: 'EECS',
     organizationalUnitName: 'Auth501',
     commonName: '10.0.0.4' },
  serial: '0162476AF952',
  notBefore: 2018-03-21T07:15:15.000Z,
  notAfter: 2018-03-22T07:16:55.000Z,
  subjectHash: '9638ffe3',
  signatureAlgorithm: 'sha256WithRSAEncryption',
  fingerPrint: '87:FF:1A:6E:97:8B:72:D5:27:DF:17:7E:26:D0:3D:BA:D4:BB:E3:6A',
  publicKey: 
   { algorithm: 'rsaEncryption',
     e: '65537',
     n: 'AEEAB02ACD0C32937DD84F3EB43F6189EAF089B04CE490F227FEC1E1A42FF33AACC957083F15D2CFEBF0E484D5D2BD03DD21587B3DF0ADCF1F273CEB6D3ADD0C5BD72406DA2D4A379546AD8D1C72FF3DB6ECF5D19A3A100B89C7B659A65778923B085EE02B29C23C0BF27314DEEC84CC61B318C930EC82C3B5DB050AD2527763CDCB5CEE65C7B2D7C1052512A2B08B2601CA1A4E32273B811E50FD7E40A702A19D8D7DB1E27E4C4E0A2F783C9AE1F654053799A646075FDCF3A86C68C654BCCA093F1A4B4044DAAFAB0E1FA7692D70BA1D4DBF798207A97EFFA87E7F6BE94B5E3D49438D87392AA382C0493F6F6E59A3B858B64877C59B95478C667FEE6CD71D',
     bitSize: 2048 },
  altNames: [],
  extensions: { subjectAlternativeName: 'IP Address:10.0.1.5' } }
null
true
Certificate of new Auth is verified!
Subject information matches Auth ID!
Signature of new Auth is verified.
Auth nonce is verified
migration completed!
new Auth info: !
{ id: 502,
  host: '10.0.1.5',
  port: 21100,
  publicKey: '-----BEGIN CERTIFICATE-----\nMIIDVTCCAj2gAwIBAgIGAWJHavlSMA0GCSqGSIb3DQEBCwUAMGExCzAJBgNVBAYT\nAlVTMQswCQYDVQQIDAJDQTERMA8GA1UEBwwIQmVya2VsZXkxDTALBgNVBAoMBEVF\nQ1MxEDAOBgNVBAsMB0F1dGg1MDExETAPBgNVBAMMCDEwLjAuMC40MB4XDTE4MDMy\nMTA3MTUxNVoXDTE4MDMyMjA3MTY1NVowYTELMAkGA1UEBhMCVVMxCzAJBgNVBAgM\nAkNBMREwDwYDVQQHDAhCZXJrZWxleTENMAsGA1UECgwERUVDUzEQMA4GA1UECwwH\nQXV0aDUwMjERMA8GA1UEAwwIMTAuMC4xLjUwggEiMA0GCSqGSIb3DQEBAQUAA4IB\nDwAwggEKAoIBAQCu6rAqzQwyk33YTz60P2GJ6vCJsEzkkPIn/sHhpC/zOqzJVwg/\nFdLP6/DkhNXSvQPdIVh7PfCtzx8nPOttOt0MW9ckBtotSjeVRq2NHHL/Pbbs9dGa\nOhALice2WaZXeJI7CF7gKynCPAvycxTe7ITMYbMYyTDsgsO12wUK0lJ3Y83LXO5l\nx7LXwQUlEqKwiyYByhpOMic7gR5Q/X5ApwKhnY19seJ+TE4KL3g8muH2VAU3maZG\nB1/c86hsaMZUvMoJPxpLQETar6sOH6dpLXC6HU2/eYIHqX7/qH5/a+lLXj1JQ42H\nOSqjgsBJP29uWaO4WLZId8WblUeMZn/ubNcdAgMBAAGjEzARMA8GA1UdEQQIMAaH\nBAoAAQUwDQYJKoZIhvcNAQELBQADggEBALf3yNv5DGfc5lz3EddzAfi0lKhdDFso\nIh0Na45fEKWRukPRRcYbb61mQHIVIJVsQ1tYjOZW8dHzaA/ZF1d5eAr08YNp6Tix\nACTosCgZUR4swjS+Iae3rn49+kgBJLFRlVJgfjWSD1kV3F+lbiSYam548JGXHnvy\nkK72yzfKUUvV4vnjNyWZW8zK740Qtcdv4unk0e+0/B2pG7bja3IDITeL0tXyJCW/\nmkFMaHlfCkHiUQo1xlIaYR7neGFsnzCW3ZIJovcCztKAYyNl3zYjhPsaqv9IChKk\nTDuV2Ehjz1a5Pr6IhruYql6JY2ZYkBdHwQKOGdOnSyPcHjx6J5+6H5w=\n-----END CERTIFICATE-----' }
received migration response, for next round of migration, rotate migration info index from: 0
to: 1
disconnected from auth
Handler: Error in secure comm - details: Auth hello timedout ...
Distribution protocol: TCP
Resp-actual/expected/ratio/ts: 7 10 0.7 1521617301277
connected to auth! from local port 50518
received auth hello!
{ authId: 502, nonce: <Buffer ff 4a 7a 28 c2 c8 8d 5d> }
received session key response with distribution key attached!
auth signature verified
replyNonce in sessionKeyResp: <Buffer 94 8c de d7 45 0b c0 96>
auth nonce verified
handleSessionKeyResp: session key request succeeded! authFailureCount: 0
updating distribution key: { cipherKeyVal: <Buffer 73 1e ec 0b 22 71 7e 9e b5 99 ae 4d df 96 a9 96>,
  macKeyVal: <Buffer 89 4d a6 bc b6 92 f3 66 d5 3f 3e 7a d2 57 87 54 a6 aa 86 7d 6f ae a2 13 e6 45 ae dc 6d f8 dc bf>,
  absValidity: 2018-03-21T08:28:21.478Z }
received 1 keys
currentSessionKey: [object Object]
Status: Secure connection closed before starting a new connection.
Session protocol: TCP
chosen commSessionKey: 
{ id: 50201203,
  cipherKeyVal: <Buffer 0f 63 cb 6f 96 43 76 fa 57 ed 3c 6a 64 26 89 c3>,
  macKeyVal: <Buffer c5 2a c7 bb ab c6 15 7b e6 02 d0 af 24 94 4f 77 c5 6b 7b e1 9f 4a 47 f7 34 cf 45 a3 96 04 b8 15>,
  absValidity: 2018-03-22T07:28:21.478Z,
  relValidity: 7200000 }
options
{ serverHost: '10.0.1.27',
  serverPort: 22100,
  sessionKey: 
   { id: 50201203,
     cipherKeyVal: <Buffer 0f 63 cb 6f 96 43 76 fa 57 ed 3c 6a 64 26 89 c3>,
     macKeyVal: <Buffer c5 2a c7 bb ab c6 15 7b e6 02 d0 af 24 94 4f 77 c5 6b 7b e1 9f 4a 47 f7 34 cf 45 a3 96 04 b8 15>,
     absValidity: 2018-03-22T07:28:21.478Z,
     relValidity: 7200000 },
  sessionCryptoSpec: { cipher: 'AES-128-CBC', mac: 'SHA256' },
  sessionProtocol: 'TCP',
  handshakeTimeout: 50000 }
disconnected from auth
chosen nonce: <Buffer 4a f5 b9 cc 45 85 48 31>
switching to HANDSHAKE_1_SENT
Handler: secure connection with the server closed.
Handler: Error in secure comm - details: Comm init failed: handshake1 timed out ...
Handler: Error in secure comm - details: Comm init failed: disconnected from server during communication initialization.10.0.1.27:undefined
Distribution protocol: TCP
Resp-actual/expected/ratio/ts: 7 11 0.6363636363636364 1521617361287
connected to auth! from local port 50710
received auth hello!
{ authId: 502, nonce: <Buffer 5b 96 be de 81 e3 87 c2> }
received session key response encrypted with distribution key
replyNonce in sessionKeyResp: <Buffer a5 c6 ca 94 ce ec c4 af>
auth nonce verified
handleSessionKeyResp: session key request succeeded! authFailureCount: 0
received 1 keys
currentSessionKey: [object Object]
Status: Secure connection closed before starting a new connection.
Session protocol: TCP
chosen commSessionKey: 
{ id: 50201216,
  cipherKeyVal: <Buffer fd 8b 21 4a 80 86 d3 04 24 bc 3d 4f d5 b5 97 0d>,
  macKeyVal: <Buffer f2 4d 9e e3 e5 8b cf be b2 a1 df 8f da 2c 59 8e 04 f8 d4 8f 4e cf 43 28 74 3d 54 5c f0 51 50 56>,
  absValidity: 2018-03-22T07:29:21.463Z,
  relValidity: 7200000 }
options
{ serverHost: '10.0.1.27',
  serverPort: 22100,
  sessionKey: 
   { id: 50201216,
     cipherKeyVal: <Buffer fd 8b 21 4a 80 86 d3 04 24 bc 3d 4f d5 b5 97 0d>,
     macKeyVal: <Buffer f2 4d 9e e3 e5 8b cf be b2 a1 df 8f da 2c 59 8e 04 f8 d4 8f 4e cf 43 28 74 3d 54 5c f0 51 50 56>,
     absValidity: 2018-03-22T07:29:21.463Z,
     relValidity: 7200000 },
  sessionCryptoSpec: { cipher: 'AES-128-CBC', mac: 'SHA256' },
  sessionProtocol: 'TCP',
  handshakeTimeout: 50000 }
chosen nonce: <Buffer ca 0b c0 ca 23 81 a5 97>
switching to HANDSHAKE_1_SENT
disconnected from auth
Handler: Error in secure comm - details: Comm init failed: handshake1 timed out ...
Handler: Error in secure comm - details: Comm init failed: disconnected from server during communication initialization.10.0.1.27:undefined
Distribution protocol: TCP
Resp-actual/expected/ratio/ts: 7 12 0.5833333333333334 1521617421298
connected to auth! from local port 50906
received auth hello!
{ authId: 502, nonce: <Buffer 8d 67 1c f0 57 85 57 c0> }
received session key response encrypted with distribution key
replyNonce in sessionKeyResp: <Buffer 39 a6 45 76 cf 51 2d ca>
auth nonce verified
handleSessionKeyResp: session key request succeeded! authFailureCount: 0
received 1 keys
currentSessionKey: [object Object]
Status: Secure connection closed before starting a new connection.
Session protocol: TCP
chosen commSessionKey: 
{ id: 50201229,
  cipherKeyVal: <Buffer cb 4c fb fd 8d b9 44 2b 1a 39 09 7c bf 72 53 82>,
  macKeyVal: <Buffer b1 02 ca 31 36 58 2c a0 2f 18 f8 90 d4 7e 82 a4 9c 76 15 bb 06 b8 5f a2 80 a4 af c8 64 14 04 16>,
  absValidity: 2018-03-22T07:30:21.439Z,
  relValidity: 7200000 }
options
{ serverHost: '10.0.1.27',
  serverPort: 22100,
  sessionKey: 
   { id: 50201229,
     cipherKeyVal: <Buffer cb 4c fb fd 8d b9 44 2b 1a 39 09 7c bf 72 53 82>,
     macKeyVal: <Buffer b1 02 ca 31 36 58 2c a0 2f 18 f8 90 d4 7e 82 a4 9c 76 15 bb 06 b8 5f a2 80 a4 af c8 64 14 04 16>,
     absValidity: 2018-03-22T07:30:21.439Z,
     relValidity: 7200000 },
  sessionCryptoSpec: { cipher: 'AES-128-CBC', mac: 'SHA256' },
  sessionProtocol: 'TCP',
  handshakeTimeout: 50000 }
chosen nonce: <Buffer cb 28 35 a9 96 43 81 89>
switching to HANDSHAKE_1_SENT
disconnected from auth
received session key handshake2!
client ret: [object Object]
server authenticated/authorized by solving nonce!
Handler: communication initialization succeeded
file data length: 1024
sending at Wed Mar 21 2018 07:30:23 GMT+0000 (UTC)
switching to IN_COMM
received secure communication message!
Received seqNum: 0
Handler: data received from server via secure communication
data1
Resp-actual/expected/ratio/ts: 8 12 0.6666666666666666 1521617423302
Distribution protocol: TCP
Resp-actual/expected/ratio/ts: 8 13 0.6153846153846154 1521617481323
connected to auth! from local port 51096
received auth hello!
{ authId: 502, nonce: <Buffer ce 0e 92 9f 13 4c 63 96> }
received session key response encrypted with distribution key
replyNonce in sessionKeyResp: <Buffer 8e 9b 95 b2 28 15 b1 0a>
auth nonce verified
handleSessionKeyResp: session key request succeeded! authFailureCount: 0
received 1 keys
currentSessionKey: [object Object]
Status: Secure connection closed before starting a new connection.
Session protocol: TCP
chosen commSessionKey: 
{ id: 50201242,
  cipherKeyVal: <Buffer 67 d0 1e 67 50 03 96 f4 cb d3 16 b4 aa b1 80 ee>,
  macKeyVal: <Buffer 9a 50 65 5e 13 0e 6f c6 2f 8c 9c 54 a4 66 11 40 46 f4 ff 09 b1 4e ec be 5b 4c 28 2b c4 a8 69 86>,
  absValidity: 2018-03-22T07:31:21.448Z,
  relValidity: 7200000 }
options
{ serverHost: '10.0.1.27',
  serverPort: 22100,
  sessionKey: 
   { id: 50201242,
     cipherKeyVal: <Buffer 67 d0 1e 67 50 03 96 f4 cb d3 16 b4 aa b1 80 ee>,
     macKeyVal: <Buffer 9a 50 65 5e 13 0e 6f c6 2f 8c 9c 54 a4 66 11 40 46 f4 ff 09 b1 4e ec be 5b 4c 28 2b c4 a8 69 86>,
     absValidity: 2018-03-22T07:31:21.448Z,
     relValidity: 7200000 },
  sessionCryptoSpec: { cipher: 'AES-128-CBC', mac: 'SHA256' },
  sessionProtocol: 'TCP',
  handshakeTimeout: 50000 }
chosen nonce: <Buffer 32 06 3d 36 f7 a9 1a cd>
switching to HANDSHAKE_1_SENT
disconnected from auth
Handler: secure connection with the server closed.
received session key handshake2!
client ret: [object Object]
server authenticated/authorized by solving nonce!
Handler: communication initialization succeeded
file data length: 1024
sending at Wed Mar 21 2018 07:31:22 GMT+0000 (UTC)
switching to IN_COMM
received secure communication message!
Received seqNum: 0
Handler: data received from server via secure communication
data1
Resp-actual/expected/ratio/ts: 9 13 0.6923076923076923 1521617483327
Distribution protocol: TCP
Resp-actual/expected/ratio/ts: 9 14 0.6428571428571429 1521617541378
connected to auth! from local port 51288
received auth hello!
{ authId: 502, nonce: <Buffer e2 eb 91 98 bf 38 e2 b3> }
received session key response encrypted with distribution key
replyNonce in sessionKeyResp: <Buffer b1 a3 cc eb 29 7c ec 15>
auth nonce verified
handleSessionKeyResp: session key request succeeded! authFailureCount: 0
received 1 keys
currentSessionKey: [object Object]
Status: Secure connection closed before starting a new connection.
Session protocol: TCP
chosen commSessionKey: 
{ id: 50201255,
  cipherKeyVal: <Buffer 64 9a 53 4f 2e e4 83 0e d4 82 a9 ca 04 99 bc cb>,
  macKeyVal: <Buffer 0b b2 e1 0e 84 ba 1c 3a 48 9c 06 e4 ef ee 3f 61 e8 6b 02 4c 74 2a 9a aa 2e ba 04 90 ba c1 5c f3>,
  absValidity: 2018-03-22T07:32:21.549Z,
  relValidity: 7200000 }
options
{ serverHost: '10.0.1.27',
  serverPort: 22100,
  sessionKey: 
   { id: 50201255,
     cipherKeyVal: <Buffer 64 9a 53 4f 2e e4 83 0e d4 82 a9 ca 04 99 bc cb>,
     macKeyVal: <Buffer 0b b2 e1 0e 84 ba 1c 3a 48 9c 06 e4 ef ee 3f 61 e8 6b 02 4c 74 2a 9a aa 2e ba 04 90 ba c1 5c f3>,
     absValidity: 2018-03-22T07:32:21.549Z,
     relValidity: 7200000 },
  sessionCryptoSpec: { cipher: 'AES-128-CBC', mac: 'SHA256' },
  sessionProtocol: 'TCP',
  handshakeTimeout: 50000 }
chosen nonce: <Buffer 4c bb b5 59 f1 20 51 39>
switching to HANDSHAKE_1_SENT
disconnected from auth
Handler: secure connection with the server closed.
received session key handshake2!
client ret: [object Object]
server authenticated/authorized by solving nonce!
Handler: communication initialization succeeded
file data length: 1024
sending at Wed Mar 21 2018 07:32:23 GMT+0000 (UTC)
switching to IN_COMM
received secure communication message!
Received seqNum: 0
Handler: data received from server via secure communication
data1
Resp-actual/expected/ratio/ts: 10 14 0.7142857142857143 1521617543296
Distribution protocol: TCP
Resp-actual/expected/ratio/ts: 10 15 0.6666666666666666 1521617601427
connected to auth! from local port 51470
received auth hello!
{ authId: 502, nonce: <Buffer 13 96 7e 11 fc a5 66 f8> }
received session key response encrypted with distribution key
replyNonce in sessionKeyResp: <Buffer b6 d7 34 c0 1c fe 42 d7>
auth nonce verified
handleSessionKeyResp: session key request succeeded! authFailureCount: 0
received 1 keys
currentSessionKey: [object Object]
Status: Secure connection closed before starting a new connection.
Session protocol: TCP
chosen commSessionKey: 
{ id: 50201268,
  cipherKeyVal: <Buffer f0 f1 9c 9c 4d 8c 20 f1 f6 40 9b 38 d6 90 6a 9a>,
  macKeyVal: <Buffer 78 50 b1 8b 2d 03 cf 27 e5 58 c9 34 2a 75 2d 2a 75 56 87 7a ed c4 69 9f 49 93 7a 52 5a 85 ac da>,
  absValidity: 2018-03-22T07:33:21.548Z,
  relValidity: 7200000 }
options
{ serverHost: '10.0.1.27',
  serverPort: 22100,
  sessionKey: 
   { id: 50201268,
     cipherKeyVal: <Buffer f0 f1 9c 9c 4d 8c 20 f1 f6 40 9b 38 d6 90 6a 9a>,
     macKeyVal: <Buffer 78 50 b1 8b 2d 03 cf 27 e5 58 c9 34 2a 75 2d 2a 75 56 87 7a ed c4 69 9f 49 93 7a 52 5a 85 ac da>,
     absValidity: 2018-03-22T07:33:21.548Z,
     relValidity: 7200000 },
  sessionCryptoSpec: { cipher: 'AES-128-CBC', mac: 'SHA256' },
  sessionProtocol: 'TCP',
  handshakeTimeout: 50000 }
chosen nonce: <Buffer 62 31 66 7b f5 0f fe bc>
switching to HANDSHAKE_1_SENT
disconnected from auth
Handler: secure connection with the server closed.
received session key handshake2!
client ret: [object Object]
server authenticated/authorized by solving nonce!
Handler: communication initialization succeeded
file data length: 1024
sending at Wed Mar 21 2018 07:33:23 GMT+0000 (UTC)
switching to IN_COMM
received secure communication message!
Received seqNum: 0
Handler: data received from server via secure communication
data1
Resp-actual/expected/ratio/ts: 11 15 0.7333333333333333 1521617603335
Distribution protocol: TCP
Resp-actual/expected/ratio/ts: 11 16 0.6875 1521617661475
connected to auth! from local port 51658
received auth hello!
{ authId: 502, nonce: <Buffer ab ad 4a b5 c8 80 84 b7> }
received session key response encrypted with distribution key
replyNonce in sessionKeyResp: <Buffer 0e 1b e4 1f 45 54 e6 d5>
auth nonce verified
handleSessionKeyResp: session key request succeeded! authFailureCount: 0
received 1 keys
currentSessionKey: [object Object]
Status: Secure connection closed before starting a new connection.
Session protocol: TCP
chosen commSessionKey: 
{ id: 50201281,
  cipherKeyVal: <Buffer 54 71 ad 15 17 fa 01 73 1a be f9 f5 09 29 cb 57>,
  macKeyVal: <Buffer 37 cf bb 56 2b bc 16 8b 86 7b d6 79 82 30 35 13 de c6 2a f8 3c fe 97 7a c5 54 ea 78 59 0d e0 13>,
  absValidity: 2018-03-22T07:34:21.619Z,
  relValidity: 7200000 }
options
{ serverHost: '10.0.1.27',
  serverPort: 22100,
  sessionKey: 
   { id: 50201281,
     cipherKeyVal: <Buffer 54 71 ad 15 17 fa 01 73 1a be f9 f5 09 29 cb 57>,
     macKeyVal: <Buffer 37 cf bb 56 2b bc 16 8b 86 7b d6 79 82 30 35 13 de c6 2a f8 3c fe 97 7a c5 54 ea 78 59 0d e0 13>,
     absValidity: 2018-03-22T07:34:21.619Z,
     relValidity: 7200000 },
  sessionCryptoSpec: { cipher: 'AES-128-CBC', mac: 'SHA256' },
  sessionProtocol: 'TCP',
  handshakeTimeout: 50000 }
chosen nonce: <Buffer dc f5 84 03 f0 df ff 31>
switching to HANDSHAKE_1_SENT
disconnected from auth
Handler: secure connection with the server closed.
received session key handshake2!
client ret: [object Object]
server authenticated/authorized by solving nonce!
Handler: communication initialization succeeded
file data length: 1024
sending at Wed Mar 21 2018 07:34:23 GMT+0000 (UTC)
switching to IN_COMM
received secure communication message!
Received seqNum: 0
Handler: data received from server via secure communication
data1
Resp-actual/expected/ratio/ts: 12 16 0.75 1521617663511
Distribution protocol: TCP
Resp-actual/expected/ratio/ts: 12 17 0.7058823529411765 1521617721534
connected to auth! from local port 51840
received auth hello!
{ authId: 502, nonce: <Buffer 8a 19 30 bf cf 09 96 af> }
received session key response encrypted with distribution key
replyNonce in sessionKeyResp: <Buffer 3f 72 17 d6 7e bb 52 cd>
auth nonce verified
handleSessionKeyResp: session key request succeeded! authFailureCount: 0
received 1 keys
currentSessionKey: [object Object]
Status: Secure connection closed before starting a new connection.
Session protocol: TCP
chosen commSessionKey: 
{ id: 50201294,
  cipherKeyVal: <Buffer 47 d4 de 93 80 f5 d5 e3 16 80 eb be ea 87 3b 93>,
  macKeyVal: <Buffer d2 31 c3 67 59 9c c2 b3 88 d4 4c 29 2b cd fe ad 62 21 09 2a fb e4 42 b0 e2 9d ec 11 be 3a 4b 04>,
  absValidity: 2018-03-22T07:35:21.698Z,
  relValidity: 7200000 }
options
{ serverHost: '10.0.1.27',
  serverPort: 22100,
  sessionKey: 
   { id: 50201294,
     cipherKeyVal: <Buffer 47 d4 de 93 80 f5 d5 e3 16 80 eb be ea 87 3b 93>,
     macKeyVal: <Buffer d2 31 c3 67 59 9c c2 b3 88 d4 4c 29 2b cd fe ad 62 21 09 2a fb e4 42 b0 e2 9d ec 11 be 3a 4b 04>,
     absValidity: 2018-03-22T07:35:21.698Z,
     relValidity: 7200000 },
  sessionCryptoSpec: { cipher: 'AES-128-CBC', mac: 'SHA256' },
  sessionProtocol: 'TCP',
  handshakeTimeout: 50000 }
chosen nonce: <Buffer f0 38 da 23 87 76 46 9e>
switching to HANDSHAKE_1_SENT
disconnected from auth
Handler: secure connection with the server closed.
received session key handshake2!
client ret: [object Object]
server authenticated/authorized by solving nonce!
Handler: communication initialization succeeded
file data length: 1024
sending at Wed Mar 21 2018 07:35:23 GMT+0000 (UTC)
switching to IN_COMM
received secure communication message!
Received seqNum: 0
Handler: data received from server via secure communication
data1
Resp-actual/expected/ratio/ts: 13 17 0.7647058823529411 1521617723539
Distribution protocol: TCP
Resp-actual/expected/ratio/ts: 13 18 0.7222222222222222 1521617781592
connected to auth! from local port 52026
received auth hello!
{ authId: 502, nonce: <Buffer cd 0c 4c 18 ed 5f 9c 05> }
received session key response encrypted with distribution key
replyNonce in sessionKeyResp: <Buffer 34 e4 fe f0 b5 0a 6a da>
auth nonce verified
handleSessionKeyResp: session key request succeeded! authFailureCount: 0
received 1 keys
currentSessionKey: [object Object]
Status: Secure connection closed before starting a new connection.
Session protocol: TCP
chosen commSessionKey: 
{ id: 50201307,
  cipherKeyVal: <Buffer 33 3e 48 15 ce c1 f3 36 01 f4 69 cf ea 6f d5 60>,
  macKeyVal: <Buffer a5 c1 52 6f 8e b9 4f 45 ad 7b b7 b8 d9 33 70 2d 28 58 b1 1a 95 00 31 96 ec 3e 96 57 d8 39 9c 11>,
  absValidity: 2018-03-22T07:36:21.743Z,
  relValidity: 7200000 }
options
{ serverHost: '10.0.1.27',
  serverPort: 22100,
  sessionKey: 
   { id: 50201307,
     cipherKeyVal: <Buffer 33 3e 48 15 ce c1 f3 36 01 f4 69 cf ea 6f d5 60>,
     macKeyVal: <Buffer a5 c1 52 6f 8e b9 4f 45 ad 7b b7 b8 d9 33 70 2d 28 58 b1 1a 95 00 31 96 ec 3e 96 57 d8 39 9c 11>,
     absValidity: 2018-03-22T07:36:21.743Z,
     relValidity: 7200000 },
  sessionCryptoSpec: { cipher: 'AES-128-CBC', mac: 'SHA256' },
  sessionProtocol: 'TCP',
  handshakeTimeout: 50000 }
chosen nonce: <Buffer e1 95 a2 8f 37 48 cc 06>
switching to HANDSHAKE_1_SENT
disconnected from auth
Handler: secure connection with the server closed.
received session key handshake2!
client ret: [object Object]
server authenticated/authorized by solving nonce!
Handler: communication initialization succeeded
file data length: 1024
sending at Wed Mar 21 2018 07:36:23 GMT+0000 (UTC)
switching to IN_COMM
received secure communication message!
Received seqNum: 0
Handler: data received from server via secure communication
data1
Resp-actual/expected/ratio/ts: 14 18 0.7777777777777778 1521617783586
Distribution protocol: TCP
Resp-actual/expected/ratio/ts: 14 19 0.7368421052631579 1521617841605
connected to auth! from local port 52212
received auth hello!
{ authId: 502, nonce: <Buffer 58 2e c7 48 b0 22 a7 8f> }
received session key response encrypted with distribution key
replyNonce in sessionKeyResp: <Buffer 21 a7 85 22 ae 06 09 3e>
auth nonce verified
handleSessionKeyResp: session key request succeeded! authFailureCount: 0
received 1 keys
currentSessionKey: [object Object]
Status: Secure connection closed before starting a new connection.
Session protocol: TCP
chosen commSessionKey: 
{ id: 50201320,
  cipherKeyVal: <Buffer ff 4e cd 4d 35 4b a4 94 1f 2f 19 08 bb 49 dc fe>,
  macKeyVal: <Buffer 38 16 69 7e 2e 18 61 27 85 f2 95 f2 01 83 0c 15 81 a4 7c 0f 29 ee 50 7e 5d f0 e8 8e 97 77 24 57>,
  absValidity: 2018-03-22T07:37:21.737Z,
  relValidity: 7200000 }
options
{ serverHost: '10.0.1.27',
  serverPort: 22100,
  sessionKey: 
   { id: 50201320,
     cipherKeyVal: <Buffer ff 4e cd 4d 35 4b a4 94 1f 2f 19 08 bb 49 dc fe>,
     macKeyVal: <Buffer 38 16 69 7e 2e 18 61 27 85 f2 95 f2 01 83 0c 15 81 a4 7c 0f 29 ee 50 7e 5d f0 e8 8e 97 77 24 57>,
     absValidity: 2018-03-22T07:37:21.737Z,
     relValidity: 7200000 },
  sessionCryptoSpec: { cipher: 'AES-128-CBC', mac: 'SHA256' },
  sessionProtocol: 'TCP',
  handshakeTimeout: 50000 }
disconnected from auth
chosen nonce: <Buffer bb 97 8a 6a 72 95 10 b1>
switching to HANDSHAKE_1_SENT
Handler: secure connection with the server closed.
received session key handshake2!
client ret: [object Object]
server authenticated/authorized by solving nonce!
Handler: communication initialization succeeded
file data length: 1024
sending at Wed Mar 21 2018 07:37:23 GMT+0000 (UTC)
switching to IN_COMM
received secure communication message!
Received seqNum: 0
Handler: data received from server via secure communication
data1
Resp-actual/expected/ratio/ts: 15 19 0.7894736842105263 1521617843637
Distribution protocol: TCP
Resp-actual/expected/ratio/ts: 15 20 0.75 1521617901615
connected to auth! from local port 52398
received auth hello!
{ authId: 502, nonce: <Buffer c1 1c a2 c2 a9 df 8a e5> }
received session key response encrypted with distribution key
replyNonce in sessionKeyResp: <Buffer b5 ac 27 c7 d2 0e 0a 63>
auth nonce verified
handleSessionKeyResp: session key request succeeded! authFailureCount: 0
received 1 keys
currentSessionKey: [object Object]
Status: Secure connection closed before starting a new connection.
Session protocol: TCP
chosen commSessionKey: 
{ id: 50201333,
  cipherKeyVal: <Buffer 65 aa 12 00 ce b5 fb 18 4e 59 f8 f6 aa fb 4e 69>,
  macKeyVal: <Buffer f5 bc 1d 0b 8f cf 60 af b4 e7 62 6d 84 ec 00 14 a4 8f 71 9c 11 61 3e dd 71 d2 8e 05 33 15 0e aa>,
  absValidity: 2018-03-22T07:38:21.746Z,
  relValidity: 7200000 }
options
{ serverHost: '10.0.1.27',
  serverPort: 22100,
  sessionKey: 
   { id: 50201333,
     cipherKeyVal: <Buffer 65 aa 12 00 ce b5 fb 18 4e 59 f8 f6 aa fb 4e 69>,
     macKeyVal: <Buffer f5 bc 1d 0b 8f cf 60 af b4 e7 62 6d 84 ec 00 14 a4 8f 71 9c 11 61 3e dd 71 d2 8e 05 33 15 0e aa>,
     absValidity: 2018-03-22T07:38:21.746Z,
     relValidity: 7200000 },
  sessionCryptoSpec: { cipher: 'AES-128-CBC', mac: 'SHA256' },
  sessionProtocol: 'TCP',
  handshakeTimeout: 50000 }
chosen nonce: <Buffer 17 15 80 f8 7c 25 cc e1>
switching to HANDSHAKE_1_SENT
disconnected from auth
Handler: secure connection with the server closed.
received session key handshake2!
client ret: [object Object]
server authenticated/authorized by solving nonce!
Handler: communication initialization succeeded
file data length: 1024
sending at Wed Mar 21 2018 07:38:23 GMT+0000 (UTC)
switching to IN_COMM
received secure communication message!
Received seqNum: 0
Handler: data received from server via secure communication
data1
Resp-actual/expected/ratio/ts: 16 20 0.8 1521617903739
Distribution protocol: TCP
Resp-actual/expected/ratio/ts: 16 21 0.7619047619047619 1521617961673
connected to auth! from local port 52584
received auth hello!
{ authId: 502, nonce: <Buffer 9f 76 7c a7 7d 6e 92 fd> }
received session key response encrypted with distribution key
replyNonce in sessionKeyResp: <Buffer ba 28 aa 02 5e 52 21 44>
auth nonce verified
handleSessionKeyResp: session key request succeeded! authFailureCount: 0
received 1 keys
currentSessionKey: [object Object]
Status: Secure connection closed before starting a new connection.
Session protocol: TCP
chosen commSessionKey: 
{ id: 50201346,
  cipherKeyVal: <Buffer 48 ec 41 db 1f 15 83 37 63 50 97 da 0d f4 0b 59>,
  macKeyVal: <Buffer 3a 56 5b f8 b5 3b 40 33 13 83 8c 03 25 5b ee 70 16 3d ba 7d d7 c0 73 d7 64 a1 55 97 e4 89 89 8c>,
  absValidity: 2018-03-22T07:39:21.810Z,
  relValidity: 7200000 }
options
{ serverHost: '10.0.1.27',
  serverPort: 22100,
  sessionKey: 
   { id: 50201346,
     cipherKeyVal: <Buffer 48 ec 41 db 1f 15 83 37 63 50 97 da 0d f4 0b 59>,
     macKeyVal: <Buffer 3a 56 5b f8 b5 3b 40 33 13 83 8c 03 25 5b ee 70 16 3d ba 7d d7 c0 73 d7 64 a1 55 97 e4 89 89 8c>,
     absValidity: 2018-03-22T07:39:21.810Z,
     relValidity: 7200000 },
  sessionCryptoSpec: { cipher: 'AES-128-CBC', mac: 'SHA256' },
  sessionProtocol: 'TCP',
  handshakeTimeout: 50000 }
chosen nonce: <Buffer 6d db 91 74 cf f5 f5 aa>
switching to HANDSHAKE_1_SENT
disconnected from auth
Handler: secure connection with the server closed.
received session key handshake2!
client ret: [object Object]
server authenticated/authorized by solving nonce!
Handler: communication initialization succeeded
file data length: 1024
sending at Wed Mar 21 2018 07:39:23 GMT+0000 (UTC)
switching to IN_COMM
received secure communication message!
Received seqNum: 0
Handler: data received from server via secure communication
data1
Resp-actual/expected/ratio/ts: 17 21 0.8095238095238095 1521617963731
Distribution protocol: TCP
Resp-actual/expected/ratio/ts: 17 22 0.7727272727272727 1521618021711
connected to auth! from local port 52770
received auth hello!
{ authId: 502, nonce: <Buffer 4f f1 a6 b9 ec c2 7a cd> }
received session key response encrypted with distribution key
replyNonce in sessionKeyResp: <Buffer 0a 00 ac cb 3b 17 8f fc>
auth nonce verified
handleSessionKeyResp: session key request succeeded! authFailureCount: 0
received 1 keys
currentSessionKey: [object Object]
Status: Secure connection closed before starting a new connection.
Session protocol: TCP
chosen commSessionKey: 
{ id: 50201359,
  cipherKeyVal: <Buffer 23 fa d8 ff d1 e6 6d 32 52 a1 d2 dc 18 b6 ae 73>,
  macKeyVal: <Buffer 56 56 4b ec 3e 8e 32 c1 e7 96 7a 56 d2 49 4e 93 30 f2 b0 8a ef 61 91 51 50 73 b1 2f d4 f8 e3 58>,
  absValidity: 2018-03-22T07:40:21.843Z,
  relValidity: 7200000 }
options
{ serverHost: '10.0.1.27',
  serverPort: 22100,
  sessionKey: 
   { id: 50201359,
     cipherKeyVal: <Buffer 23 fa d8 ff d1 e6 6d 32 52 a1 d2 dc 18 b6 ae 73>,
     macKeyVal: <Buffer 56 56 4b ec 3e 8e 32 c1 e7 96 7a 56 d2 49 4e 93 30 f2 b0 8a ef 61 91 51 50 73 b1 2f d4 f8 e3 58>,
     absValidity: 2018-03-22T07:40:21.843Z,
     relValidity: 7200000 },
  sessionCryptoSpec: { cipher: 'AES-128-CBC', mac: 'SHA256' },
  sessionProtocol: 'TCP',
  handshakeTimeout: 50000 }
chosen nonce: <Buffer b8 d2 3a 21 4b 1e 38 d1>
switching to HANDSHAKE_1_SENT
Handler: secure connection with the server closed.
disconnected from auth
received session key handshake2!
client ret: [object Object]
server authenticated/authorized by solving nonce!
Handler: communication initialization succeeded
file data length: 1024
sending at Wed Mar 21 2018 07:40:23 GMT+0000 (UTC)
switching to IN_COMM
received secure communication message!
Received seqNum: 0
Handler: data received from server via secure communication
data1
Resp-actual/expected/ratio/ts: 18 22 0.8181818181818182 1521618023809
Distribution protocol: TCP
Resp-actual/expected/ratio/ts: 18 23 0.782608695652174 1521618081770
connected to auth! from local port 52960
received auth hello!
{ authId: 502, nonce: <Buffer 91 15 56 0d e9 78 6f 4d> }
received session key response encrypted with distribution key
replyNonce in sessionKeyResp: <Buffer e7 f8 dc bb 7f 7c 95 fc>
auth nonce verified
handleSessionKeyResp: session key request succeeded! authFailureCount: 0
received 1 keys
currentSessionKey: [object Object]
Status: Secure connection closed before starting a new connection.
Session protocol: TCP
chosen commSessionKey: 
{ id: 50201372,
  cipherKeyVal: <Buffer fc 36 90 ee 14 98 be 13 0e 41 bf fb 57 84 5f de>,
  macKeyVal: <Buffer 73 61 85 5b 59 f0 a4 05 d4 40 6f 13 ee 93 04 66 55 1b f7 92 50 66 63 90 7e ff 93 70 87 fc 5b 7f>,
  absValidity: 2018-03-22T07:41:21.929Z,
  relValidity: 7200000 }
options
{ serverHost: '10.0.1.27',
  serverPort: 22100,
  sessionKey: 
   { id: 50201372,
     cipherKeyVal: <Buffer fc 36 90 ee 14 98 be 13 0e 41 bf fb 57 84 5f de>,
     macKeyVal: <Buffer 73 61 85 5b 59 f0 a4 05 d4 40 6f 13 ee 93 04 66 55 1b f7 92 50 66 63 90 7e ff 93 70 87 fc 5b 7f>,
     absValidity: 2018-03-22T07:41:21.929Z,
     relValidity: 7200000 },
  sessionCryptoSpec: { cipher: 'AES-128-CBC', mac: 'SHA256' },
  sessionProtocol: 'TCP',
  handshakeTimeout: 50000 }
chosen nonce: <Buffer 85 02 04 bd 62 09 4d 66>
switching to HANDSHAKE_1_SENT
disconnected from auth
Handler: secure connection with the server closed.
received session key handshake2!
client ret: [object Object]
server authenticated/authorized by solving nonce!
Handler: communication initialization succeeded
file data length: 1024
sending at Wed Mar 21 2018 07:41:23 GMT+0000 (UTC)
switching to IN_COMM
received secure communication message!
Received seqNum: 0
Handler: data received from server via secure communication
data1
Resp-actual/expected/ratio/ts: 19 23 0.8260869565217391 1521618083811
Distribution protocol: TCP
Resp-actual/expected/ratio/ts: 19 24 0.7916666666666666 1521618141829
connected to auth! from local port 53142
received auth hello!
{ authId: 502, nonce: <Buffer 6b c0 58 b6 fc 13 c0 c2> }
received session key response encrypted with distribution key
replyNonce in sessionKeyResp: <Buffer 63 36 e5 54 26 b3 55 00>
auth nonce verified
handleSessionKeyResp: session key request succeeded! authFailureCount: 0
received 1 keys
currentSessionKey: [object Object]
Status: Secure connection closed before starting a new connection.
Session protocol: TCP
chosen commSessionKey: 
{ id: 50201385,
  cipherKeyVal: <Buffer c2 9a 4c b2 be 3e 6b 56 5b aa 87 d4 81 4d a8 e5>,
  macKeyVal: <Buffer e8 13 27 76 3c 44 a7 0a 9a 6c 74 f7 ea 09 9f ca 58 5b 2f 02 9c 09 5c 50 9d 16 ea ff 7e f3 d9 0d>,
  absValidity: 2018-03-22T07:42:21.967Z,
  relValidity: 7200000 }
options
{ serverHost: '10.0.1.27',
  serverPort: 22100,
  sessionKey: 
   { id: 50201385,
     cipherKeyVal: <Buffer c2 9a 4c b2 be 3e 6b 56 5b aa 87 d4 81 4d a8 e5>,
     macKeyVal: <Buffer e8 13 27 76 3c 44 a7 0a 9a 6c 74 f7 ea 09 9f ca 58 5b 2f 02 9c 09 5c 50 9d 16 ea ff 7e f3 d9 0d>,
     absValidity: 2018-03-22T07:42:21.967Z,
     relValidity: 7200000 },
  sessionCryptoSpec: { cipher: 'AES-128-CBC', mac: 'SHA256' },
  sessionProtocol: 'TCP',
  handshakeTimeout: 50000 }
chosen nonce: <Buffer 97 0b cd 8f ed 65 b0 d6>
switching to HANDSHAKE_1_SENT
disconnected from auth
Handler: secure connection with the server closed.
received session key handshake2!
client ret: [object Object]
server authenticated/authorized by solving nonce!
Handler: communication initialization succeeded
file data length: 1024
sending at Wed Mar 21 2018 07:42:23 GMT+0000 (UTC)
switching to IN_COMM
received secure communication message!
Received seqNum: 0
Handler: data received from server via secure communication
data1
Resp-actual/expected/ratio/ts: 20 24 0.8333333333333334 1521618143856
Distribution protocol: TCP
Resp-actual/expected/ratio/ts: 20 25 0.8 1521618201887
connected to auth! from local port 53328
received auth hello!
{ authId: 502, nonce: <Buffer 84 9a f6 e9 bc ba 2f 23> }
received session key response encrypted with distribution key
replyNonce in sessionKeyResp: <Buffer 02 c8 d3 05 d7 3d 1b f6>
auth nonce verified
handleSessionKeyResp: session key request succeeded! authFailureCount: 0
received 1 keys
currentSessionKey: [object Object]
Status: Secure connection closed before starting a new connection.
Session protocol: TCP
chosen commSessionKey: 
{ id: 50201398,
  cipherKeyVal: <Buffer 1f 70 2a 06 b2 f2 5c d0 15 dc 89 20 39 55 0d d7>,
  macKeyVal: <Buffer 75 22 d2 a5 77 cd e4 7a 86 1a cf d1 62 53 72 53 da dd 12 46 c0 6c 7f 6b b4 36 a6 4b 68 f0 c8 e5>,
  absValidity: 2018-03-22T07:43:22.009Z,
  relValidity: 7200000 }
options
{ serverHost: '10.0.1.27',
  serverPort: 22100,
  sessionKey: 
   { id: 50201398,
     cipherKeyVal: <Buffer 1f 70 2a 06 b2 f2 5c d0 15 dc 89 20 39 55 0d d7>,
     macKeyVal: <Buffer 75 22 d2 a5 77 cd e4 7a 86 1a cf d1 62 53 72 53 da dd 12 46 c0 6c 7f 6b b4 36 a6 4b 68 f0 c8 e5>,
     absValidity: 2018-03-22T07:43:22.009Z,
     relValidity: 7200000 },
  sessionCryptoSpec: { cipher: 'AES-128-CBC', mac: 'SHA256' },
  sessionProtocol: 'TCP',
  handshakeTimeout: 50000 }
chosen nonce: <Buffer 2f 85 4c 7f 02 7b 8c b2>
switching to HANDSHAKE_1_SENT
disconnected from auth
Handler: secure connection with the server closed.
received session key handshake2!
client ret: [object Object]
server authenticated/authorized by solving nonce!
Handler: communication initialization succeeded
file data length: 1024
sending at Wed Mar 21 2018 07:43:23 GMT+0000 (UTC)
switching to IN_COMM
received secure communication message!
Received seqNum: 0
Handler: data received from server via secure communication
data1
Resp-actual/expected/ratio/ts: 21 25 0.84 1521618203935
Distribution protocol: TCP
Resp-actual/expected/ratio/ts: 21 26 0.8076923076923077 1521618261940
connected to auth! from local port 53514
received auth hello!
{ authId: 502, nonce: <Buffer ce b3 04 72 5d f3 e9 7e> }
received session key response encrypted with distribution key
replyNonce in sessionKeyResp: <Buffer 0e 27 9b a0 be 36 14 79>
auth nonce verified
handleSessionKeyResp: session key request succeeded! authFailureCount: 0
received 1 keys
currentSessionKey: [object Object]
Status: Secure connection closed before starting a new connection.
Session protocol: TCP
chosen commSessionKey: 
{ id: 50201411,
  cipherKeyVal: <Buffer 2b df d9 60 95 88 ca d8 ea 99 eb 5e 9d 36 e6 8b>,
  macKeyVal: <Buffer ea 30 61 aa 45 9d b8 2c 64 21 69 03 72 56 dd e5 0a 69 f5 d9 dd 1a 1e 8e 4d ab 31 c6 41 81 81 a5>,
  absValidity: 2018-03-22T07:44:22.069Z,
  relValidity: 7200000 }
options
{ serverHost: '10.0.1.27',
  serverPort: 22100,
  sessionKey: 
   { id: 50201411,
     cipherKeyVal: <Buffer 2b df d9 60 95 88 ca d8 ea 99 eb 5e 9d 36 e6 8b>,
     macKeyVal: <Buffer ea 30 61 aa 45 9d b8 2c 64 21 69 03 72 56 dd e5 0a 69 f5 d9 dd 1a 1e 8e 4d ab 31 c6 41 81 81 a5>,
     absValidity: 2018-03-22T07:44:22.069Z,
     relValidity: 7200000 },
  sessionCryptoSpec: { cipher: 'AES-128-CBC', mac: 'SHA256' },
  sessionProtocol: 'TCP',
  handshakeTimeout: 50000 }
chosen nonce: <Buffer 63 aa 30 1d 79 8d 1c 10>
switching to HANDSHAKE_1_SENT
disconnected from auth
Handler: secure connection with the server closed.
received session key handshake2!
client ret: [object Object]
server authenticated/authorized by solving nonce!
Handler: communication initialization succeeded
file data length: 1024
sending at Wed Mar 21 2018 07:44:23 GMT+0000 (UTC)
switching to IN_COMM
received secure communication message!
Received seqNum: 0
Handler: data received from server via secure communication
data1
Resp-actual/expected/ratio/ts: 22 26 0.8461538461538461 1521618263979
Distribution protocol: TCP
Resp-actual/expected/ratio/ts: 22 27 0.8148148148148148 1521618321998
connected to auth! from local port 53700
received auth hello!
{ authId: 502, nonce: <Buffer ad e5 40 6b 1f 60 c0 70> }
received session key response encrypted with distribution key
replyNonce in sessionKeyResp: <Buffer 28 78 7c 4e 6b 89 56 c9>
auth nonce verified
handleSessionKeyResp: session key request succeeded! authFailureCount: 0
received 1 keys
currentSessionKey: [object Object]
Status: Secure connection closed before starting a new connection.
Session protocol: TCP
chosen commSessionKey: 
{ id: 50201424,
  cipherKeyVal: <Buffer 0e 55 12 a6 4b f0 06 e9 3b 28 29 8b 29 52 3e a3>,
  macKeyVal: <Buffer 00 32 81 9b 51 fd bb ef ac 4d 6a 0d a7 c5 47 99 61 a4 be e3 b6 4f 4c 15 25 ce c7 22 cc 46 68 72>,
  absValidity: 2018-03-22T07:45:22.150Z,
  relValidity: 7200000 }
options
{ serverHost: '10.0.1.27',
  serverPort: 22100,
  sessionKey: 
   { id: 50201424,
     cipherKeyVal: <Buffer 0e 55 12 a6 4b f0 06 e9 3b 28 29 8b 29 52 3e a3>,
     macKeyVal: <Buffer 00 32 81 9b 51 fd bb ef ac 4d 6a 0d a7 c5 47 99 61 a4 be e3 b6 4f 4c 15 25 ce c7 22 cc 46 68 72>,
     absValidity: 2018-03-22T07:45:22.150Z,
     relValidity: 7200000 },
  sessionCryptoSpec: { cipher: 'AES-128-CBC', mac: 'SHA256' },
  sessionProtocol: 'TCP',
  handshakeTimeout: 50000 }
chosen nonce: <Buffer 86 f3 af 12 9c 92 ad 83>
switching to HANDSHAKE_1_SENT
disconnected from auth
Handler: secure connection with the server closed.
received session key handshake2!
client ret: [object Object]
server authenticated/authorized by solving nonce!
Handler: communication initialization succeeded
file data length: 1024
sending at Wed Mar 21 2018 07:45:23 GMT+0000 (UTC)
switching to IN_COMM
received secure communication message!
Received seqNum: 0
Handler: data received from server via secure communication
data1
Resp-actual/expected/ratio/ts: 23 27 0.8518518518518519 1521618323996
Distribution protocol: TCP
Resp-actual/expected/ratio/ts: 23 28 0.8214285714285714 1521618382056
connected to auth! from local port 53886
received auth hello!
{ authId: 502, nonce: <Buffer 8c 1a 24 ff 5f 9a e6 37> }
received session key response encrypted with distribution key
replyNonce in sessionKeyResp: <Buffer 8f df 86 a5 9d ef 7c 8c>
auth nonce verified
handleSessionKeyResp: session key request succeeded! authFailureCount: 0
received 1 keys
currentSessionKey: [object Object]
Status: Secure connection closed before starting a new connection.
Session protocol: TCP
chosen commSessionKey: 
{ id: 50201437,
  cipherKeyVal: <Buffer ad 02 f1 4f 50 d4 38 5d 3f 01 94 f4 15 ae 8a 22>,
  macKeyVal: <Buffer e1 18 a9 18 35 69 82 0a 75 74 9a f2 12 67 d9 55 9e 94 b5 60 ea 33 37 a7 7e 9d 69 97 53 41 42 f6>,
  absValidity: 2018-03-22T07:46:22.228Z,
  relValidity: 7200000 }
options
{ serverHost: '10.0.1.27',
  serverPort: 22100,
  sessionKey: 
   { id: 50201437,
     cipherKeyVal: <Buffer ad 02 f1 4f 50 d4 38 5d 3f 01 94 f4 15 ae 8a 22>,
     macKeyVal: <Buffer e1 18 a9 18 35 69 82 0a 75 74 9a f2 12 67 d9 55 9e 94 b5 60 ea 33 37 a7 7e 9d 69 97 53 41 42 f6>,
     absValidity: 2018-03-22T07:46:22.228Z,
     relValidity: 7200000 },
  sessionCryptoSpec: { cipher: 'AES-128-CBC', mac: 'SHA256' },
  sessionProtocol: 'TCP',
  handshakeTimeout: 50000 }
chosen nonce: <Buffer bc 0a 12 17 11 a9 a0 6d>
switching to HANDSHAKE_1_SENT
disconnected from auth
Handler: secure connection with the server closed.
received session key handshake2!
client ret: [object Object]
server authenticated/authorized by solving nonce!
Handler: communication initialization succeeded
file data length: 1024
sending at Wed Mar 21 2018 07:46:23 GMT+0000 (UTC)
switching to IN_COMM
received secure communication message!
Received seqNum: 0
Handler: data received from server via secure communication
data1
Resp-actual/expected/ratio/ts: 24 28 0.8571428571428571 1521618384054
Distribution protocol: TCP
Resp-actual/expected/ratio/ts: 24 29 0.8275862068965517 1521618442115
connected to auth! from local port 54042
received auth hello!
{ authId: 502, nonce: <Buffer 65 f4 78 e6 4d 91 5e 6a> }
received session key response encrypted with distribution key
replyNonce in sessionKeyResp: <Buffer 4f 21 22 64 ee 48 0f 5c>
auth nonce verified
handleSessionKeyResp: session key request succeeded! authFailureCount: 0
received 1 keys
currentSessionKey: [object Object]
Status: Secure connection closed before starting a new connection.
Session protocol: TCP
chosen commSessionKey: 
{ id: 50201450,
  cipherKeyVal: <Buffer 90 76 64 d5 f2 d3 d0 2c 66 07 0f 92 db 20 d3 aa>,
  macKeyVal: <Buffer 2f 35 96 f9 09 48 d1 58 04 ac 36 07 c0 18 25 01 55 09 36 ce 4d 89 11 f0 cf 20 5b 69 d9 8c fe d8>,
  absValidity: 2018-03-22T07:47:22.329Z,
  relValidity: 7200000 }
options
{ serverHost: '10.0.1.27',
  serverPort: 22100,
  sessionKey: 
   { id: 50201450,
     cipherKeyVal: <Buffer 90 76 64 d5 f2 d3 d0 2c 66 07 0f 92 db 20 d3 aa>,
     macKeyVal: <Buffer 2f 35 96 f9 09 48 d1 58 04 ac 36 07 c0 18 25 01 55 09 36 ce 4d 89 11 f0 cf 20 5b 69 d9 8c fe d8>,
     absValidity: 2018-03-22T07:47:22.329Z,
     relValidity: 7200000 },
  sessionCryptoSpec: { cipher: 'AES-128-CBC', mac: 'SHA256' },
  sessionProtocol: 'TCP',
  handshakeTimeout: 50000 }
chosen nonce: <Buffer 85 27 56 85 26 77 84 20>
switching to HANDSHAKE_1_SENT
disconnected from auth
Handler: secure connection with the server closed.
received session key handshake2!
client ret: [object Object]
server authenticated/authorized by solving nonce!
Handler: communication initialization succeeded
file data length: 1024
sending at Wed Mar 21 2018 07:47:26 GMT+0000 (UTC)
switching to IN_COMM
received secure communication message!
Received seqNum: 0
Handler: data received from server via secure communication
data1
Resp-actual/expected/ratio/ts: 25 29 0.8620689655172413 1521618446271
