changing working directory to: /home/hokeunkim/Development/iotauth/entity/node/example_entities
loading from config file: /home/hokeunkim/Development/iotauth_experiments/experiments/ccs2017/expOptions/expEntity.option
Experimental options for autoClient: { autoSendPeriod: 60000,
  useSameSessionKeyCount: 1,
  connectionTimeout: 50000,
  migrationEnabled: true,
  authFailureThreshold: 2,
  migrationFailureThreshold: 2 }
loading from config file: /home/hokeunkim/Development/iotauth/entity/node/example_entities/configs/Clients/c522.config
initializing...
current parameters: { numKeysPerRequest: 3,
  migrationEnabled: false,
  authFailureThreshold: 3,
  migrationFailureThreshold: 3 }
current parameters: { numKeysPerRequest: 1,
  migrationEnabled: false,
  authFailureThreshold: 3,
  migrationFailureThreshold: 3 }
current parameters: { numKeysPerRequest: 1,
  migrationEnabled: true,
  authFailureThreshold: 3,
  migrationFailureThreshold: 3 }
current parameters: { numKeysPerRequest: 1,
  migrationEnabled: true,
  authFailureThreshold: 2,
  migrationFailureThreshold: 3 }
current parameters: { numKeysPerRequest: 1,
  migrationEnabled: true,
  authFailureThreshold: 2,
  migrationFailureThreshold: 2 }
current entityInfo: { name: 'c522',
  group: 'Clients',
  distProtocol: 'TCP',
  usePermanentDistKey: false,
  connectionTimeout: 50000,
  privateKey: <Buffer 2d 2d 2d 2d 2d 42 45 47 49 4e 20 52 53 41 20 50 52 49 56 41 54 45 20 4b 45 59 2d 2d 2d 2d 2d 0a 4d 49 49 45 6f 67 49 42 41 41 4b 43 41 51 45 41 78 77 ... > }
Distribution protocol: TCP
Resp-actual/expected/ratio/ts: 0 1 0 1521608664550
connected to auth! from local port 38562
received auth hello!
{ authId: 503, nonce: <Buffer 29 14 1b 17 c1 20 fa ba> }
received session key response with distribution key attached!
auth signature verified
replyNonce in sessionKeyResp: <Buffer ac b4 02 13 18 86 63 9b>
auth nonce verified
handleSessionKeyResp: session key request succeeded! authFailureCount: 0
updating distribution key: { cipherKeyVal: <Buffer 3a 38 03 00 7d 86 4f 24 8e 9f 2c b7 b0 15 3a c5>,
  macKeyVal: <Buffer aa d7 6b 0f 64 f7 a8 2a 39 0b bd e3 c4 d8 2d 6c f4 1a d4 ac d3 64 95 53 ee 29 0d a4 95 f1 1d 72>,
  absValidity: 2018-03-21T06:04:24.699Z }
received 1 keys
currentSessionKey: [object Object]
Session protocol: TCP
chosen commSessionKey: 
{ id: 50300145,
  cipherKeyVal: <Buffer c8 70 63 30 24 c8 7f 47 36 ad c0 bb 1b f8 55 25>,
  macKeyVal: <Buffer 2a a9 24 52 69 28 ab ea 2f 6d 91 ba 28 fb 5c da ce fd 38 4d e1 f2 0e 40 aa a8 52 91 05 97 e1 24>,
  absValidity: 2018-03-22T05:04:24.699Z,
  relValidity: 7200000 }
options
{ serverHost: '10.0.1.40',
  serverPort: 22100,
  sessionKey: 
   { id: 50300145,
     cipherKeyVal: <Buffer c8 70 63 30 24 c8 7f 47 36 ad c0 bb 1b f8 55 25>,
     macKeyVal: <Buffer 2a a9 24 52 69 28 ab ea 2f 6d 91 ba 28 fb 5c da ce fd 38 4d e1 f2 0e 40 aa a8 52 91 05 97 e1 24>,
     absValidity: 2018-03-22T05:04:24.699Z,
     relValidity: 7200000 },
  sessionCryptoSpec: { cipher: 'AES-128-CBC', mac: 'SHA256' },
  sessionProtocol: 'TCP',
  handshakeTimeout: 50000 }
chosen nonce: <Buffer 58 0b 89 94 59 76 f5 8c>
switching to HANDSHAKE_1_SENT
disconnected from auth
received session key handshake2!
client ret: [object Object]
server authenticated/authorized by solving nonce!
Handler: communication initialization succeeded
file data length: 1024
sending at Wed Mar 21 2018 05:04:25 GMT+0000 (UTC)
switching to IN_COMM
received secure communication message!
Received seqNum: 0
Handler: data received from server via secure communication
data1
Resp-actual/expected/ratio/ts: 1 1 1 1521608666421
Distribution protocol: TCP
Resp-actual/expected/ratio/ts: 1 2 0.5 1521608724606
connected to auth! from local port 38832
received auth hello!
{ authId: 503, nonce: <Buffer 6c 95 94 75 10 80 d3 bb> }
received session key response encrypted with distribution key
replyNonce in sessionKeyResp: <Buffer 8c 6b e4 b1 ef 5c 1f 71>
auth nonce verified
handleSessionKeyResp: session key request succeeded! authFailureCount: 0
received 1 keys
currentSessionKey: [object Object]
Status: Secure connection closed before starting a new connection.
Session protocol: TCP
chosen commSessionKey: 
{ id: 50300150,
  cipherKeyVal: <Buffer e5 40 36 d6 12 bf 35 e6 1c fb 4d 9b e5 83 61 fc>,
  macKeyVal: <Buffer fa f2 3e 68 6a 0f ca 69 e6 0d 5c 84 9b 60 ea f7 ff d0 59 cb de 91 2c dc 21 0f 85 bb 00 2c 9b c1>,
  absValidity: 2018-03-22T05:05:24.767Z,
  relValidity: 7200000 }
options
{ serverHost: '10.0.1.40',
  serverPort: 22100,
  sessionKey: 
   { id: 50300150,
     cipherKeyVal: <Buffer e5 40 36 d6 12 bf 35 e6 1c fb 4d 9b e5 83 61 fc>,
     macKeyVal: <Buffer fa f2 3e 68 6a 0f ca 69 e6 0d 5c 84 9b 60 ea f7 ff d0 59 cb de 91 2c dc 21 0f 85 bb 00 2c 9b c1>,
     absValidity: 2018-03-22T05:05:24.767Z,
     relValidity: 7200000 },
  sessionCryptoSpec: { cipher: 'AES-128-CBC', mac: 'SHA256' },
  sessionProtocol: 'TCP',
  handshakeTimeout: 50000 }
chosen nonce: <Buffer d9 e1 83 1b 06 c6 a2 a6>
switching to HANDSHAKE_1_SENT
disconnected from auth
Handler: secure connection with the server closed.
received session key handshake2!
client ret: [object Object]
server authenticated/authorized by solving nonce!
Handler: communication initialization succeeded
file data length: 1024
sending at Wed Mar 21 2018 05:05:25 GMT+0000 (UTC)
switching to IN_COMM
received secure communication message!
Received seqNum: 0
Handler: data received from server via secure communication
data1
Resp-actual/expected/ratio/ts: 2 2 1 1521608726425
Distribution protocol: TCP
Resp-actual/expected/ratio/ts: 2 3 0.6666666666666666 1521608784660
connected to auth! from local port 39102
received auth hello!
{ authId: 503, nonce: <Buffer 09 e2 ce b2 c5 f3 68 90> }
received session key response encrypted with distribution key
replyNonce in sessionKeyResp: <Buffer 29 29 10 9e 3a 5e 25 59>
auth nonce verified
handleSessionKeyResp: session key request succeeded! authFailureCount: 0
received 1 keys
currentSessionKey: [object Object]
Status: Secure connection closed before starting a new connection.
Session protocol: TCP
chosen commSessionKey: 
{ id: 50300155,
  cipherKeyVal: <Buffer 37 10 24 c5 8f 5a aa e5 05 dd 1d d1 63 76 d7 07>,
  macKeyVal: <Buffer 3c ca ad 5f 0e 22 78 aa 37 2e c9 8f 2f 1d 88 35 22 43 f2 cd be 11 3c d5 67 46 0a 4d 60 98 48 2c>,
  absValidity: 2018-03-22T05:06:24.813Z,
  relValidity: 7200000 }
options
{ serverHost: '10.0.1.40',
  serverPort: 22100,
  sessionKey: 
   { id: 50300155,
     cipherKeyVal: <Buffer 37 10 24 c5 8f 5a aa e5 05 dd 1d d1 63 76 d7 07>,
     macKeyVal: <Buffer 3c ca ad 5f 0e 22 78 aa 37 2e c9 8f 2f 1d 88 35 22 43 f2 cd be 11 3c d5 67 46 0a 4d 60 98 48 2c>,
     absValidity: 2018-03-22T05:06:24.813Z,
     relValidity: 7200000 },
  sessionCryptoSpec: { cipher: 'AES-128-CBC', mac: 'SHA256' },
  sessionProtocol: 'TCP',
  handshakeTimeout: 50000 }
chosen nonce: <Buffer 07 61 fa 25 42 93 41 f0>
switching to HANDSHAKE_1_SENT
disconnected from auth
Handler: secure connection with the server closed.
received session key handshake2!
client ret: [object Object]
server authenticated/authorized by solving nonce!
Handler: communication initialization succeeded
file data length: 1024
sending at Wed Mar 21 2018 05:06:25 GMT+0000 (UTC)
switching to IN_COMM
received secure communication message!
Received seqNum: 0
Handler: data received from server via secure communication
data1
Resp-actual/expected/ratio/ts: 3 3 1 1521608786378
Distribution protocol: TCP
Resp-actual/expected/ratio/ts: 3 4 0.75 1521608844719
connected to auth! from local port 39372
received auth hello!
{ authId: 503, nonce: <Buffer a4 b3 a1 5e 88 fe 3a e5> }
received session key response encrypted with distribution key
replyNonce in sessionKeyResp: <Buffer df eb 59 b7 2e 7c 21 17>
auth nonce verified
handleSessionKeyResp: session key request succeeded! authFailureCount: 0
received 1 keys
currentSessionKey: [object Object]
Status: Secure connection closed before starting a new connection.
Session protocol: TCP
chosen commSessionKey: 
{ id: 50300160,
  cipherKeyVal: <Buffer f6 b7 54 24 ec 3a 81 17 1a 4c 79 23 ae b5 50 94>,
  macKeyVal: <Buffer 68 d8 00 71 3e 19 ed aa 12 09 09 54 9e 95 1c 50 c0 27 35 a0 6c 4b e3 6d d8 40 7d f6 81 bc b1 b1>,
  absValidity: 2018-03-22T05:07:24.889Z,
  relValidity: 7200000 }
options
{ serverHost: '10.0.1.40',
  serverPort: 22100,
  sessionKey: 
   { id: 50300160,
     cipherKeyVal: <Buffer f6 b7 54 24 ec 3a 81 17 1a 4c 79 23 ae b5 50 94>,
     macKeyVal: <Buffer 68 d8 00 71 3e 19 ed aa 12 09 09 54 9e 95 1c 50 c0 27 35 a0 6c 4b e3 6d d8 40 7d f6 81 bc b1 b1>,
     absValidity: 2018-03-22T05:07:24.889Z,
     relValidity: 7200000 },
  sessionCryptoSpec: { cipher: 'AES-128-CBC', mac: 'SHA256' },
  sessionProtocol: 'TCP',
  handshakeTimeout: 50000 }
chosen nonce: <Buffer 36 65 82 d7 54 56 1a 2f>
switching to HANDSHAKE_1_SENT
disconnected from auth
Handler: secure connection with the server closed.
received session key handshake2!
client ret: [object Object]
server authenticated/authorized by solving nonce!
Handler: communication initialization succeeded
file data length: 1024
sending at Wed Mar 21 2018 05:07:26 GMT+0000 (UTC)
switching to IN_COMM
received secure communication message!
Received seqNum: 0
Handler: data received from server via secure communication
data1
Resp-actual/expected/ratio/ts: 4 4 1 1521608846481
Distribution protocol: TCP
Resp-actual/expected/ratio/ts: 4 5 0.8 1521608904777
connected to auth! from local port 39642
received auth hello!
{ authId: 503, nonce: <Buffer 26 25 5a 32 34 db c8 4a> }
received session key response encrypted with distribution key
replyNonce in sessionKeyResp: <Buffer 97 0a 0d 8a 3d 16 71 1b>
auth nonce verified
handleSessionKeyResp: session key request succeeded! authFailureCount: 0
received 1 keys
currentSessionKey: [object Object]
Status: Secure connection closed before starting a new connection.
Session protocol: TCP
chosen commSessionKey: 
{ id: 50300165,
  cipherKeyVal: <Buffer ee eb 06 c1 e6 b4 3e 29 67 ec 6b 26 29 80 cf 78>,
  macKeyVal: <Buffer 0c f3 9a 2b f9 03 68 76 d1 e1 38 c1 e0 88 cc e3 f6 ec 47 c0 7e ba ae e2 99 31 38 fd fe 73 93 51>,
  absValidity: 2018-03-22T05:08:24.937Z,
  relValidity: 7200000 }
options
{ serverHost: '10.0.1.40',
  serverPort: 22100,
  sessionKey: 
   { id: 50300165,
     cipherKeyVal: <Buffer ee eb 06 c1 e6 b4 3e 29 67 ec 6b 26 29 80 cf 78>,
     macKeyVal: <Buffer 0c f3 9a 2b f9 03 68 76 d1 e1 38 c1 e0 88 cc e3 f6 ec 47 c0 7e ba ae e2 99 31 38 fd fe 73 93 51>,
     absValidity: 2018-03-22T05:08:24.937Z,
     relValidity: 7200000 },
  sessionCryptoSpec: { cipher: 'AES-128-CBC', mac: 'SHA256' },
  sessionProtocol: 'TCP',
  handshakeTimeout: 50000 }
chosen nonce: <Buffer 1c 9a e8 7f fa e9 d0 da>
switching to HANDSHAKE_1_SENT
disconnected from auth
Handler: secure connection with the server closed.
received session key handshake2!
client ret: [object Object]
server authenticated/authorized by solving nonce!
Handler: communication initialization succeeded
file data length: 1024
sending at Wed Mar 21 2018 05:08:26 GMT+0000 (UTC)
switching to IN_COMM
received secure communication message!
Received seqNum: 0
Handler: data received from server via secure communication
data1
Resp-actual/expected/ratio/ts: 5 5 1 1521608906473
Distribution protocol: TCP
Resp-actual/expected/ratio/ts: 5 6 0.8333333333333334 1521608964830
connected to auth! from local port 39912
received auth hello!
{ authId: 503, nonce: <Buffer d0 a5 cd 5c a3 7d c4 c6> }
received session key response encrypted with distribution key
replyNonce in sessionKeyResp: <Buffer 6a e2 bb 11 65 6d b2 ce>
auth nonce verified
handleSessionKeyResp: session key request succeeded! authFailureCount: 0
received 1 keys
currentSessionKey: [object Object]
Status: Secure connection closed before starting a new connection.
Session protocol: TCP
chosen commSessionKey: 
{ id: 50300170,
  cipherKeyVal: <Buffer c1 a7 8e 72 91 ae 44 1c 54 00 73 b5 93 f8 59 84>,
  macKeyVal: <Buffer 85 0d 09 58 e3 aa 8f be 0b b0 7f de 0f 3e 0b ef 77 06 a3 9d 57 24 50 fd 80 ca 90 c5 3a 39 fd cd>,
  absValidity: 2018-03-22T05:09:24.992Z,
  relValidity: 7200000 }
options
{ serverHost: '10.0.1.40',
  serverPort: 22100,
  sessionKey: 
   { id: 50300170,
     cipherKeyVal: <Buffer c1 a7 8e 72 91 ae 44 1c 54 00 73 b5 93 f8 59 84>,
     macKeyVal: <Buffer 85 0d 09 58 e3 aa 8f be 0b b0 7f de 0f 3e 0b ef 77 06 a3 9d 57 24 50 fd 80 ca 90 c5 3a 39 fd cd>,
     absValidity: 2018-03-22T05:09:24.992Z,
     relValidity: 7200000 },
  sessionCryptoSpec: { cipher: 'AES-128-CBC', mac: 'SHA256' },
  sessionProtocol: 'TCP',
  handshakeTimeout: 50000 }
chosen nonce: <Buffer 18 84 ee 28 f4 49 82 1e>
switching to HANDSHAKE_1_SENT
disconnected from auth
Handler: secure connection with the server closed.
received session key handshake2!
client ret: [object Object]
server authenticated/authorized by solving nonce!
Handler: communication initialization succeeded
file data length: 1024
sending at Wed Mar 21 2018 05:09:26 GMT+0000 (UTC)
switching to IN_COMM
received secure communication message!
Received seqNum: 0
Handler: data received from server via secure communication
data1
Resp-actual/expected/ratio/ts: 6 6 1 1521608966581
Distribution protocol: TCP
Resp-actual/expected/ratio/ts: 6 7 0.8571428571428571 1521609024889
connected to auth! from local port 40178
received auth hello!
{ authId: 503, nonce: <Buffer 83 ba 37 8b 72 9d ee af> }
received session key response encrypted with distribution key
replyNonce in sessionKeyResp: <Buffer 32 e4 c2 18 49 43 8c 04>
auth nonce verified
handleSessionKeyResp: session key request succeeded! authFailureCount: 0
received 1 keys
currentSessionKey: [object Object]
Status: Secure connection closed before starting a new connection.
Session protocol: TCP
chosen commSessionKey: 
{ id: 50300175,
  cipherKeyVal: <Buffer 75 85 2f 3a 8c 3c 05 96 c3 b9 97 ab e4 64 30 a3>,
  macKeyVal: <Buffer 92 a9 78 38 13 fe d3 0b 5f ee 0f 13 a7 e2 dd 7c 84 4e 88 0b 1f bb a2 64 79 d9 31 95 3a c6 90 08>,
  absValidity: 2018-03-22T05:10:25.048Z,
  relValidity: 7200000 }
options
{ serverHost: '10.0.1.40',
  serverPort: 22100,
  sessionKey: 
   { id: 50300175,
     cipherKeyVal: <Buffer 75 85 2f 3a 8c 3c 05 96 c3 b9 97 ab e4 64 30 a3>,
     macKeyVal: <Buffer 92 a9 78 38 13 fe d3 0b 5f ee 0f 13 a7 e2 dd 7c 84 4e 88 0b 1f bb a2 64 79 d9 31 95 3a c6 90 08>,
     absValidity: 2018-03-22T05:10:25.048Z,
     relValidity: 7200000 },
  sessionCryptoSpec: { cipher: 'AES-128-CBC', mac: 'SHA256' },
  sessionProtocol: 'TCP',
  handshakeTimeout: 50000 }
chosen nonce: <Buffer 86 62 9a 01 0e f0 94 1b>
switching to HANDSHAKE_1_SENT
disconnected from auth
Handler: secure connection with the server closed.
received session key handshake2!
client ret: [object Object]
server authenticated/authorized by solving nonce!
Handler: communication initialization succeeded
file data length: 1024
sending at Wed Mar 21 2018 05:10:25 GMT+0000 (UTC)
switching to IN_COMM
received secure communication message!
Received seqNum: 0
Handler: data received from server via secure communication
data1
Resp-actual/expected/ratio/ts: 7 7 1 1521609026366
Distribution protocol: TCP
Resp-actual/expected/ratio/ts: 7 8 0.875 1521609084914
connected to auth! from local port 40396
received auth hello!
{ authId: 503, nonce: <Buffer a6 64 c0 44 68 d9 5f 76> }
received session key response encrypted with distribution key
replyNonce in sessionKeyResp: <Buffer 6e 4e 3e 43 8e 64 d8 15>
auth nonce verified
handleSessionKeyResp: session key request succeeded! authFailureCount: 0
received 1 keys
currentSessionKey: [object Object]
Status: Secure connection closed before starting a new connection.
Session protocol: TCP
chosen commSessionKey: 
{ id: 50300180,
  cipherKeyVal: <Buffer 9e b5 a5 12 ee d6 5a fd c4 b8 e7 b3 50 70 1d 92>,
  macKeyVal: <Buffer fd 51 8f 15 a1 05 ed 10 3d 78 d7 6c fd 66 4e d6 e6 ac 6e 3f a1 b4 68 28 36 52 2d ac 77 82 93 2c>,
  absValidity: 2018-03-22T05:11:25.075Z,
  relValidity: 7200000 }
options
{ serverHost: '10.0.1.40',
  serverPort: 22100,
  sessionKey: 
   { id: 50300180,
     cipherKeyVal: <Buffer 9e b5 a5 12 ee d6 5a fd c4 b8 e7 b3 50 70 1d 92>,
     macKeyVal: <Buffer fd 51 8f 15 a1 05 ed 10 3d 78 d7 6c fd 66 4e d6 e6 ac 6e 3f a1 b4 68 28 36 52 2d ac 77 82 93 2c>,
     absValidity: 2018-03-22T05:11:25.075Z,
     relValidity: 7200000 },
  sessionCryptoSpec: { cipher: 'AES-128-CBC', mac: 'SHA256' },
  sessionProtocol: 'TCP',
  handshakeTimeout: 50000 }
chosen nonce: <Buffer c9 0e b0 18 8a 36 0d 71>
switching to HANDSHAKE_1_SENT
disconnected from auth
Handler: secure connection with the server closed.
received session key handshake2!
client ret: [object Object]
server authenticated/authorized by solving nonce!
Handler: communication initialization succeeded
file data length: 1024
sending at Wed Mar 21 2018 05:11:26 GMT+0000 (UTC)
switching to IN_COMM
received secure communication message!
Received seqNum: 0
Handler: data received from server via secure communication
data1
Resp-actual/expected/ratio/ts: 8 8 1 1521609086321
Distribution protocol: TCP
Resp-actual/expected/ratio/ts: 8 9 0.8888888888888888 1521609144972
connected to auth! from local port 40642
received auth hello!
{ authId: 503, nonce: <Buffer f4 d0 6c 49 a8 10 9f a2> }
received session key response encrypted with distribution key
replyNonce in sessionKeyResp: <Buffer ef 31 52 78 48 97 df db>
auth nonce verified
handleSessionKeyResp: session key request succeeded! authFailureCount: 0
received 1 keys
currentSessionKey: [object Object]
Status: Secure connection closed before starting a new connection.
Session protocol: TCP
chosen commSessionKey: 
{ id: 50300185,
  cipherKeyVal: <Buffer e3 88 48 55 22 74 61 70 1e dd e4 7f 99 36 cd 3a>,
  macKeyVal: <Buffer c0 60 b4 6e db c0 1b c8 d7 cc 58 b9 23 36 7a 83 d3 bc 9b 36 a3 18 54 7f 8f 7b 5c 79 a5 cf e8 8c>,
  absValidity: 2018-03-22T05:12:25.265Z,
  relValidity: 7200000 }
options
{ serverHost: '10.0.1.40',
  serverPort: 22100,
  sessionKey: 
   { id: 50300185,
     cipherKeyVal: <Buffer e3 88 48 55 22 74 61 70 1e dd e4 7f 99 36 cd 3a>,
     macKeyVal: <Buffer c0 60 b4 6e db c0 1b c8 d7 cc 58 b9 23 36 7a 83 d3 bc 9b 36 a3 18 54 7f 8f 7b 5c 79 a5 cf e8 8c>,
     absValidity: 2018-03-22T05:12:25.265Z,
     relValidity: 7200000 },
  sessionCryptoSpec: { cipher: 'AES-128-CBC', mac: 'SHA256' },
  sessionProtocol: 'TCP',
  handshakeTimeout: 50000 }
chosen nonce: <Buffer 8f 2f 2c d5 02 52 fc 5d>
switching to HANDSHAKE_1_SENT
disconnected from auth
Handler: secure connection with the server closed.
received session key handshake2!
client ret: [object Object]
server authenticated/authorized by solving nonce!
Handler: communication initialization succeeded
file data length: 1024
sending at Wed Mar 21 2018 05:12:26 GMT+0000 (UTC)
switching to IN_COMM
received secure communication message!
Received seqNum: 0
Handler: data received from server via secure communication
data1
Resp-actual/expected/ratio/ts: 9 9 1 1521609146579
Distribution protocol: TCP
Resp-actual/expected/ratio/ts: 9 10 0.9 1521609205031
connected to auth! from local port 40916
received auth hello!
{ authId: 503, nonce: <Buffer dc de 93 1c 1c bf f4 f9> }
received session key response encrypted with distribution key
replyNonce in sessionKeyResp: <Buffer f8 4a 29 f6 5f ce 1a 3b>
auth nonce verified
handleSessionKeyResp: session key request succeeded! authFailureCount: 0
received 1 keys
currentSessionKey: [object Object]
Status: Secure connection closed before starting a new connection.
Session protocol: TCP
chosen commSessionKey: 
{ id: 50300195,
  cipherKeyVal: <Buffer 7d 02 a4 70 dc 87 80 f0 9d 69 39 f8 3a 5d 7b 7a>,
  macKeyVal: <Buffer cf 99 6e e6 c9 46 13 5d c9 49 50 16 6c de f8 9d 39 03 da 72 d4 db 2d d1 df dc 12 b7 77 c1 ef 40>,
  absValidity: 2018-03-22T05:13:25.317Z,
  relValidity: 7200000 }
options
{ serverHost: '10.0.1.40',
  serverPort: 22100,
  sessionKey: 
   { id: 50300195,
     cipherKeyVal: <Buffer 7d 02 a4 70 dc 87 80 f0 9d 69 39 f8 3a 5d 7b 7a>,
     macKeyVal: <Buffer cf 99 6e e6 c9 46 13 5d c9 49 50 16 6c de f8 9d 39 03 da 72 d4 db 2d d1 df dc 12 b7 77 c1 ef 40>,
     absValidity: 2018-03-22T05:13:25.317Z,
     relValidity: 7200000 },
  sessionCryptoSpec: { cipher: 'AES-128-CBC', mac: 'SHA256' },
  sessionProtocol: 'TCP',
  handshakeTimeout: 50000 }
chosen nonce: <Buffer c3 de d6 df ee e9 1e 73>
switching to HANDSHAKE_1_SENT
disconnected from auth
Handler: secure connection with the server closed.
received session key handshake2!
client ret: [object Object]
server authenticated/authorized by solving nonce!
Handler: communication initialization succeeded
file data length: 1024
sending at Wed Mar 21 2018 05:13:26 GMT+0000 (UTC)
switching to IN_COMM
received secure communication message!
Received seqNum: 0
Handler: data received from server via secure communication
data1
Resp-actual/expected/ratio/ts: 10 10 1 1521609206510
Distribution protocol: TCP
Resp-actual/expected/ratio/ts: 10 11 0.9090909090909091 1521609265063
connected to auth! from local port 41200
received auth hello!
{ authId: 503, nonce: <Buffer fd c7 99 1d 46 55 6d 6c> }
received session key response encrypted with distribution key
replyNonce in sessionKeyResp: <Buffer 77 a7 6b 37 b5 83 83 6b>
auth nonce verified
handleSessionKeyResp: session key request succeeded! authFailureCount: 0
received 1 keys
currentSessionKey: [object Object]
Status: Secure connection closed before starting a new connection.
Session protocol: TCP
chosen commSessionKey: 
{ id: 50300205,
  cipherKeyVal: <Buffer d6 5c f9 d2 ec 8c af 05 5d 92 17 9a 7c ba 4e 39>,
  macKeyVal: <Buffer 40 2e 91 7d 0c 43 15 c8 2e 40 d0 c1 6b 7a 87 86 60 09 1c e5 0b 58 17 9c 14 59 2c bb 6b 14 2e a0>,
  absValidity: 2018-03-22T05:14:25.264Z,
  relValidity: 7200000 }
options
{ serverHost: '10.0.1.40',
  serverPort: 22100,
  sessionKey: 
   { id: 50300205,
     cipherKeyVal: <Buffer d6 5c f9 d2 ec 8c af 05 5d 92 17 9a 7c ba 4e 39>,
     macKeyVal: <Buffer 40 2e 91 7d 0c 43 15 c8 2e 40 d0 c1 6b 7a 87 86 60 09 1c e5 0b 58 17 9c 14 59 2c bb 6b 14 2e a0>,
     absValidity: 2018-03-22T05:14:25.264Z,
     relValidity: 7200000 },
  sessionCryptoSpec: { cipher: 'AES-128-CBC', mac: 'SHA256' },
  sessionProtocol: 'TCP',
  handshakeTimeout: 50000 }
chosen nonce: <Buffer ee 38 5c 9c 4a 49 f1 8b>
switching to HANDSHAKE_1_SENT
disconnected from auth
Handler: secure connection with the server closed.
received session key handshake2!
client ret: [object Object]
server authenticated/authorized by solving nonce!
Handler: communication initialization succeeded
file data length: 1024
sending at Wed Mar 21 2018 05:14:26 GMT+0000 (UTC)
switching to IN_COMM
received secure communication message!
Received seqNum: 0
Handler: data received from server via secure communication
data1
Resp-actual/expected/ratio/ts: 11 11 1 1521609266561
Distribution protocol: TCP
Resp-actual/expected/ratio/ts: 11 12 0.9166666666666666 1521609325122
connected to auth! from local port 41468
received auth hello!
{ authId: 503, nonce: <Buffer 38 ff 4d 39 a7 5a f3 82> }
received session key response encrypted with distribution key
replyNonce in sessionKeyResp: <Buffer 67 b4 fb 3e c7 7a 3e b8>
auth nonce verified
handleSessionKeyResp: session key request succeeded! authFailureCount: 0
received 1 keys
currentSessionKey: [object Object]
Status: Secure connection closed before starting a new connection.
Session protocol: TCP
chosen commSessionKey: 
{ id: 50300215,
  cipherKeyVal: <Buffer cd 18 92 42 74 aa 86 21 ee 99 8b 92 b7 84 d7 23>,
  macKeyVal: <Buffer f5 80 18 92 52 a5 1f bf 50 ea 12 c7 8b f7 09 99 87 68 6d ff 46 ec 42 4c ac a7 71 bc 95 24 53 2c>,
  absValidity: 2018-03-22T05:15:25.386Z,
  relValidity: 7200000 }
options
{ serverHost: '10.0.1.40',
  serverPort: 22100,
  sessionKey: 
   { id: 50300215,
     cipherKeyVal: <Buffer cd 18 92 42 74 aa 86 21 ee 99 8b 92 b7 84 d7 23>,
     macKeyVal: <Buffer f5 80 18 92 52 a5 1f bf 50 ea 12 c7 8b f7 09 99 87 68 6d ff 46 ec 42 4c ac a7 71 bc 95 24 53 2c>,
     absValidity: 2018-03-22T05:15:25.386Z,
     relValidity: 7200000 },
  sessionCryptoSpec: { cipher: 'AES-128-CBC', mac: 'SHA256' },
  sessionProtocol: 'TCP',
  handshakeTimeout: 50000 }
chosen nonce: <Buffer c4 85 36 22 56 d3 d0 c1>
switching to HANDSHAKE_1_SENT
disconnected from auth
Handler: secure connection with the server closed.
received session key handshake2!
client ret: [object Object]
server authenticated/authorized by solving nonce!
Handler: communication initialization succeeded
file data length: 1024
sending at Wed Mar 21 2018 05:15:26 GMT+0000 (UTC)
switching to IN_COMM
received secure communication message!
Received seqNum: 0
Handler: data received from server via secure communication
data1
Resp-actual/expected/ratio/ts: 12 12 1 1521609326580
Distribution protocol: TCP
Resp-actual/expected/ratio/ts: 12 13 0.9230769230769231 1521609385169
connected to auth! from local port 41736
received auth hello!
{ authId: 503, nonce: <Buffer b9 42 f2 b7 55 51 83 88> }
received session key response encrypted with distribution key
replyNonce in sessionKeyResp: <Buffer b7 29 58 e0 29 84 48 e3>
auth nonce verified
handleSessionKeyResp: session key request succeeded! authFailureCount: 0
received 1 keys
currentSessionKey: [object Object]
Status: Secure connection closed before starting a new connection.
Session protocol: TCP
chosen commSessionKey: 
{ id: 50300225,
  cipherKeyVal: <Buffer cd 38 ef 0b 07 23 80 1b 2b 2e af 95 a4 b0 d3 0c>,
  macKeyVal: <Buffer 7a a9 83 79 db 1f ca 24 95 f7 7c fd 74 5b f5 94 7b 43 db b2 b1 fe a0 96 95 d7 fd 62 13 9b 55 f1>,
  absValidity: 2018-03-22T05:16:25.435Z,
  relValidity: 7200000 }
options
{ serverHost: '10.0.1.40',
  serverPort: 22100,
  sessionKey: 
   { id: 50300225,
     cipherKeyVal: <Buffer cd 38 ef 0b 07 23 80 1b 2b 2e af 95 a4 b0 d3 0c>,
     macKeyVal: <Buffer 7a a9 83 79 db 1f ca 24 95 f7 7c fd 74 5b f5 94 7b 43 db b2 b1 fe a0 96 95 d7 fd 62 13 9b 55 f1>,
     absValidity: 2018-03-22T05:16:25.435Z,
     relValidity: 7200000 },
  sessionCryptoSpec: { cipher: 'AES-128-CBC', mac: 'SHA256' },
  sessionProtocol: 'TCP',
  handshakeTimeout: 50000 }
chosen nonce: <Buffer 62 c6 f9 dc 54 ef f9 3f>
switching to HANDSHAKE_1_SENT
disconnected from auth
Handler: secure connection with the server closed.
received session key handshake2!
client ret: [object Object]
server authenticated/authorized by solving nonce!
Handler: communication initialization succeeded
file data length: 1024
sending at Wed Mar 21 2018 05:16:26 GMT+0000 (UTC)
switching to IN_COMM
received secure communication message!
Received seqNum: 0
Handler: data received from server via secure communication
data1
Resp-actual/expected/ratio/ts: 13 13 1 1521609386706
Distribution protocol: TCP
Resp-actual/expected/ratio/ts: 13 14 0.9285714285714286 1521609445227
connected to auth! from local port 42002
received auth hello!
{ authId: 503, nonce: <Buffer cf 77 19 eb 0b ff 9b 7e> }
received session key response encrypted with distribution key
replyNonce in sessionKeyResp: <Buffer 09 36 06 60 a2 5a 8a ea>
auth nonce verified
handleSessionKeyResp: session key request succeeded! authFailureCount: 0
received 1 keys
currentSessionKey: [object Object]
Status: Secure connection closed before starting a new connection.
Session protocol: TCP
chosen commSessionKey: 
{ id: 50300235,
  cipherKeyVal: <Buffer 35 ce 42 ea 34 ac 49 4d 2e 98 7f 72 b4 ca 1e 24>,
  macKeyVal: <Buffer 2f a1 34 81 74 13 b1 06 ad 10 45 86 04 25 1e 57 9c 3b c5 15 7a ab 38 c9 31 6b 9e 51 83 7c 0e d0>,
  absValidity: 2018-03-22T05:17:25.476Z,
  relValidity: 7200000 }
options
{ serverHost: '10.0.1.40',
  serverPort: 22100,
  sessionKey: 
   { id: 50300235,
     cipherKeyVal: <Buffer 35 ce 42 ea 34 ac 49 4d 2e 98 7f 72 b4 ca 1e 24>,
     macKeyVal: <Buffer 2f a1 34 81 74 13 b1 06 ad 10 45 86 04 25 1e 57 9c 3b c5 15 7a ab 38 c9 31 6b 9e 51 83 7c 0e d0>,
     absValidity: 2018-03-22T05:17:25.476Z,
     relValidity: 7200000 },
  sessionCryptoSpec: { cipher: 'AES-128-CBC', mac: 'SHA256' },
  sessionProtocol: 'TCP',
  handshakeTimeout: 50000 }
chosen nonce: <Buffer ca 2e 25 fd f2 d7 6a 6a>
switching to HANDSHAKE_1_SENT
disconnected from auth
Handler: secure connection with the server closed.
received session key handshake2!
client ret: [object Object]
server authenticated/authorized by solving nonce!
Handler: communication initialization succeeded
file data length: 1024
sending at Wed Mar 21 2018 05:17:26 GMT+0000 (UTC)
switching to IN_COMM
received secure communication message!
Received seqNum: 0
Handler: data received from server via secure communication
data1
Resp-actual/expected/ratio/ts: 14 14 1 1521609446814
Distribution protocol: TCP
Resp-actual/expected/ratio/ts: 14 15 0.9333333333333333 1521609505275
connected to auth! from local port 42268
received auth hello!
{ authId: 503, nonce: <Buffer cf 82 dc d8 d4 5b 37 5b> }
received session key response encrypted with distribution key
replyNonce in sessionKeyResp: <Buffer 27 84 c6 f4 ca 35 84 95>
auth nonce verified
handleSessionKeyResp: session key request succeeded! authFailureCount: 0
received 1 keys
currentSessionKey: [object Object]
Status: Secure connection closed before starting a new connection.
Session protocol: TCP
chosen commSessionKey: 
{ id: 50300245,
  cipherKeyVal: <Buffer 5e 5e e2 97 d0 b2 3b aa 79 28 f3 ab 24 52 bd 28>,
  macKeyVal: <Buffer 3f 9b 20 64 5f f1 ff 01 e1 a9 8c b8 da d1 e4 16 2d ad 76 21 50 89 10 37 f4 26 b7 cf 5c 4f a8 10>,
  absValidity: 2018-03-22T05:18:25.588Z,
  relValidity: 7200000 }
options
{ serverHost: '10.0.1.40',
  serverPort: 22100,
  sessionKey: 
   { id: 50300245,
     cipherKeyVal: <Buffer 5e 5e e2 97 d0 b2 3b aa 79 28 f3 ab 24 52 bd 28>,
     macKeyVal: <Buffer 3f 9b 20 64 5f f1 ff 01 e1 a9 8c b8 da d1 e4 16 2d ad 76 21 50 89 10 37 f4 26 b7 cf 5c 4f a8 10>,
     absValidity: 2018-03-22T05:18:25.588Z,
     relValidity: 7200000 },
  sessionCryptoSpec: { cipher: 'AES-128-CBC', mac: 'SHA256' },
  sessionProtocol: 'TCP',
  handshakeTimeout: 50000 }
chosen nonce: <Buffer 9f 84 13 73 64 63 6f 41>
switching to HANDSHAKE_1_SENT
disconnected from auth
Handler: secure connection with the server closed.
received session key handshake2!
client ret: [object Object]
server authenticated/authorized by solving nonce!
Handler: communication initialization succeeded
file data length: 1024
sending at Wed Mar 21 2018 05:18:26 GMT+0000 (UTC)
switching to IN_COMM
received secure communication message!
Received seqNum: 0
Handler: data received from server via secure communication
data1
Resp-actual/expected/ratio/ts: 15 15 1 1521609506800
Distribution protocol: TCP
Resp-actual/expected/ratio/ts: 15 16 0.9375 1521609565306
connected to auth! from local port 42534
received auth hello!
{ authId: 503, nonce: <Buffer 4b 67 6a 87 ab 08 42 4a> }
received session key response encrypted with distribution key
replyNonce in sessionKeyResp: <Buffer 95 36 e5 fc 8a 4a b2 64>
auth nonce verified
handleSessionKeyResp: session key request succeeded! authFailureCount: 0
received 1 keys
currentSessionKey: [object Object]
Status: Secure connection closed before starting a new connection.
Session protocol: TCP
chosen commSessionKey: 
{ id: 50300255,
  cipherKeyVal: <Buffer 86 7b b1 51 0a 4d cb f2 72 77 f0 e4 a2 d2 7c 79>,
  macKeyVal: <Buffer 1c d2 ca 70 e3 bc c0 f1 41 de 47 ac 64 24 c2 ac e2 e7 9c 96 f9 6c 17 97 5f 80 f7 93 bb 53 98 fe>,
  absValidity: 2018-03-22T05:19:25.539Z,
  relValidity: 7200000 }
options
{ serverHost: '10.0.1.40',
  serverPort: 22100,
  sessionKey: 
   { id: 50300255,
     cipherKeyVal: <Buffer 86 7b b1 51 0a 4d cb f2 72 77 f0 e4 a2 d2 7c 79>,
     macKeyVal: <Buffer 1c d2 ca 70 e3 bc c0 f1 41 de 47 ac 64 24 c2 ac e2 e7 9c 96 f9 6c 17 97 5f 80 f7 93 bb 53 98 fe>,
     absValidity: 2018-03-22T05:19:25.539Z,
     relValidity: 7200000 },
  sessionCryptoSpec: { cipher: 'AES-128-CBC', mac: 'SHA256' },
  sessionProtocol: 'TCP',
  handshakeTimeout: 50000 }
chosen nonce: <Buffer c5 d0 a3 4a 0d f4 c8 74>
switching to HANDSHAKE_1_SENT
disconnected from auth
Handler: secure connection with the server closed.
received session key handshake2!
client ret: [object Object]
server authenticated/authorized by solving nonce!
Handler: communication initialization succeeded
file data length: 1024
sending at Wed Mar 21 2018 05:19:26 GMT+0000 (UTC)
switching to IN_COMM
received secure communication message!
Received seqNum: 0
Handler: data received from server via secure communication
data1
Resp-actual/expected/ratio/ts: 16 16 1 1521609566744
Distribution protocol: TCP
Resp-actual/expected/ratio/ts: 16 17 0.9411764705882353 1521609625365
connected to auth! from local port 42800
received auth hello!
{ authId: 503, nonce: <Buffer 7d 6a 66 18 d8 c2 63 72> }
received session key response encrypted with distribution key
replyNonce in sessionKeyResp: <Buffer 76 40 aa b5 73 09 0b cd>
auth nonce verified
handleSessionKeyResp: session key request succeeded! authFailureCount: 0
received 1 keys
currentSessionKey: [object Object]
Status: Secure connection closed before starting a new connection.
Session protocol: TCP
chosen commSessionKey: 
{ id: 50300265,
  cipherKeyVal: <Buffer e0 7a af 64 74 27 99 1f 20 6d b8 5e 65 b6 39 ef>,
  macKeyVal: <Buffer 9d 4c 5c 5d 42 64 60 b4 7a 81 27 43 44 6a bc 00 f5 e1 cc 17 4a 80 61 9f 13 ef 84 5d 0f a7 e3 a5>,
  absValidity: 2018-03-22T05:20:25.632Z,
  relValidity: 7200000 }
options
{ serverHost: '10.0.1.40',
  serverPort: 22100,
  sessionKey: 
   { id: 50300265,
     cipherKeyVal: <Buffer e0 7a af 64 74 27 99 1f 20 6d b8 5e 65 b6 39 ef>,
     macKeyVal: <Buffer 9d 4c 5c 5d 42 64 60 b4 7a 81 27 43 44 6a bc 00 f5 e1 cc 17 4a 80 61 9f 13 ef 84 5d 0f a7 e3 a5>,
     absValidity: 2018-03-22T05:20:25.632Z,
     relValidity: 7200000 },
  sessionCryptoSpec: { cipher: 'AES-128-CBC', mac: 'SHA256' },
  sessionProtocol: 'TCP',
  handshakeTimeout: 50000 }
chosen nonce: <Buffer 5e ba 75 71 56 6a 45 3a>
switching to HANDSHAKE_1_SENT
Handler: secure connection with the server closed.
disconnected from auth
received session key handshake2!
client ret: [object Object]
server authenticated/authorized by solving nonce!
Handler: communication initialization succeeded
file data length: 1024
sending at Wed Mar 21 2018 05:20:26 GMT+0000 (UTC)
switching to IN_COMM
received secure communication message!
Received seqNum: 0
Handler: data received from server via secure communication
data1
Resp-actual/expected/ratio/ts: 17 17 1 1521609626870
Distribution protocol: TCP
Resp-actual/expected/ratio/ts: 17 18 0.9444444444444444 1521609685424
connected to auth! from local port 43066
received auth hello!
{ authId: 503, nonce: <Buffer 42 6b 8f b4 2d 0c b0 d1> }
received session key response encrypted with distribution key
replyNonce in sessionKeyResp: <Buffer 25 e3 e6 0b cb 1d a3 46>
auth nonce verified
handleSessionKeyResp: session key request succeeded! authFailureCount: 0
received 1 keys
currentSessionKey: [object Object]
Status: Secure connection closed before starting a new connection.
Session protocol: TCP
chosen commSessionKey: 
{ id: 50300275,
  cipherKeyVal: <Buffer c8 4b 69 56 98 fe d1 9a 71 c6 cc 0d d5 4d 65 26>,
  macKeyVal: <Buffer c2 5b 38 6b 5a 06 89 dd 88 60 9e 34 e8 6d c5 6a 31 d1 96 7d 73 70 af 9c 61 cb 6e 94 b8 36 82 42>,
  absValidity: 2018-03-22T05:21:25.731Z,
  relValidity: 7200000 }
options
{ serverHost: '10.0.1.40',
  serverPort: 22100,
  sessionKey: 
   { id: 50300275,
     cipherKeyVal: <Buffer c8 4b 69 56 98 fe d1 9a 71 c6 cc 0d d5 4d 65 26>,
     macKeyVal: <Buffer c2 5b 38 6b 5a 06 89 dd 88 60 9e 34 e8 6d c5 6a 31 d1 96 7d 73 70 af 9c 61 cb 6e 94 b8 36 82 42>,
     absValidity: 2018-03-22T05:21:25.731Z,
     relValidity: 7200000 },
  sessionCryptoSpec: { cipher: 'AES-128-CBC', mac: 'SHA256' },
  sessionProtocol: 'TCP',
  handshakeTimeout: 50000 }
chosen nonce: <Buffer 2f b2 fb 78 fb d8 e4 8e>
switching to HANDSHAKE_1_SENT
disconnected from auth
Handler: secure connection with the server closed.
received session key handshake2!
client ret: [object Object]
server authenticated/authorized by solving nonce!
Handler: communication initialization succeeded
file data length: 1024
sending at Wed Mar 21 2018 05:21:26 GMT+0000 (UTC)
switching to IN_COMM
received secure communication message!
Received seqNum: 0
Handler: data received from server via secure communication
data1
Resp-actual/expected/ratio/ts: 18 18 1 1521609687007
Distribution protocol: TCP
Resp-actual/expected/ratio/ts: 18 19 0.9473684210526315 1521609745481
connected to auth! from local port 43332
received auth hello!
{ authId: 503, nonce: <Buffer 16 c0 6a 75 89 1f 66 3b> }
received session key response encrypted with distribution key
replyNonce in sessionKeyResp: <Buffer b2 29 e0 55 a1 75 f0 52>
auth nonce verified
handleSessionKeyResp: session key request succeeded! authFailureCount: 0
received 1 keys
currentSessionKey: [object Object]
Status: Secure connection closed before starting a new connection.
Session protocol: TCP
chosen commSessionKey: 
{ id: 50300285,
  cipherKeyVal: <Buffer 75 80 cb 6b 62 29 98 ec 51 93 d7 04 6c 95 44 25>,
  macKeyVal: <Buffer 15 69 e5 02 11 86 d5 5a 01 8e 30 ba 2a ab 30 16 18 fc d5 42 38 97 2e 90 87 74 d2 d4 c3 5b 71 fd>,
  absValidity: 2018-03-22T05:22:25.707Z,
  relValidity: 7200000 }
options
{ serverHost: '10.0.1.40',
  serverPort: 22100,
  sessionKey: 
   { id: 50300285,
     cipherKeyVal: <Buffer 75 80 cb 6b 62 29 98 ec 51 93 d7 04 6c 95 44 25>,
     macKeyVal: <Buffer 15 69 e5 02 11 86 d5 5a 01 8e 30 ba 2a ab 30 16 18 fc d5 42 38 97 2e 90 87 74 d2 d4 c3 5b 71 fd>,
     absValidity: 2018-03-22T05:22:25.707Z,
     relValidity: 7200000 },
  sessionCryptoSpec: { cipher: 'AES-128-CBC', mac: 'SHA256' },
  sessionProtocol: 'TCP',
  handshakeTimeout: 50000 }
chosen nonce: <Buffer 3b 68 b9 a5 3d c1 71 da>
switching to HANDSHAKE_1_SENT
disconnected from auth
Handler: secure connection with the server closed.
received session key handshake2!
client ret: [object Object]
server authenticated/authorized by solving nonce!
Handler: communication initialization succeeded
file data length: 1024
sending at Wed Mar 21 2018 05:22:26 GMT+0000 (UTC)
switching to IN_COMM
received secure communication message!
Received seqNum: 0
Handler: data received from server via secure communication
data1
Resp-actual/expected/ratio/ts: 19 19 1 1521609746891
Distribution protocol: TCP
Resp-actual/expected/ratio/ts: 19 20 0.95 1521609805521
connected to auth! from local port 43598
received auth hello!
{ authId: 503, nonce: <Buffer d0 53 e4 75 98 a8 d1 4d> }
received session key response encrypted with distribution key
replyNonce in sessionKeyResp: <Buffer 42 3e fe 1e d2 24 2b 26>
auth nonce verified
handleSessionKeyResp: session key request succeeded! authFailureCount: 0
received 1 keys
currentSessionKey: [object Object]
Status: Secure connection closed before starting a new connection.
Session protocol: TCP
chosen commSessionKey: 
{ id: 50300295,
  cipherKeyVal: <Buffer 68 18 75 1b 61 4b f0 e2 9e 65 11 7e 5a ed 13 05>,
  macKeyVal: <Buffer 24 0a 85 24 a4 06 ae 14 47 ec e4 53 f2 41 75 a4 f5 ad 04 88 50 8b 0e 85 67 1f fd 0e 43 e6 30 55>,
  absValidity: 2018-03-22T05:23:25.826Z,
  relValidity: 7200000 }
options
{ serverHost: '10.0.1.40',
  serverPort: 22100,
  sessionKey: 
   { id: 50300295,
     cipherKeyVal: <Buffer 68 18 75 1b 61 4b f0 e2 9e 65 11 7e 5a ed 13 05>,
     macKeyVal: <Buffer 24 0a 85 24 a4 06 ae 14 47 ec e4 53 f2 41 75 a4 f5 ad 04 88 50 8b 0e 85 67 1f fd 0e 43 e6 30 55>,
     absValidity: 2018-03-22T05:23:25.826Z,
     relValidity: 7200000 },
  sessionCryptoSpec: { cipher: 'AES-128-CBC', mac: 'SHA256' },
  sessionProtocol: 'TCP',
  handshakeTimeout: 50000 }
chosen nonce: <Buffer 21 1f d7 a6 39 0c b3 db>
switching to HANDSHAKE_1_SENT
disconnected from auth
Handler: secure connection with the server closed.
received session key handshake2!
client ret: [object Object]
server authenticated/authorized by solving nonce!
Handler: communication initialization succeeded
file data length: 1024
sending at Wed Mar 21 2018 05:23:26 GMT+0000 (UTC)
switching to IN_COMM
received secure communication message!
Received seqNum: 0
Handler: data received from server via secure communication
data1
Resp-actual/expected/ratio/ts: 20 20 1 1521609806955
Distribution protocol: TCP
Resp-actual/expected/ratio/ts: 20 21 0.9523809523809523 1521609865565
connected to auth! from local port 43864
received auth hello!
{ authId: 503, nonce: <Buffer 57 0a 3a b0 ff 8b a6 c6> }
received session key response encrypted with distribution key
replyNonce in sessionKeyResp: <Buffer 00 29 48 61 c9 a8 6a 22>
auth nonce verified
handleSessionKeyResp: session key request succeeded! authFailureCount: 0
received 1 keys
currentSessionKey: [object Object]
Status: Secure connection closed before starting a new connection.
Session protocol: TCP
chosen commSessionKey: 
{ id: 50300305,
  cipherKeyVal: <Buffer 8f d3 dc 35 c4 7e b0 06 55 b2 3e b7 20 da 90 14>,
  macKeyVal: <Buffer ca 96 d1 54 36 93 75 e4 46 7a a9 7c e8 cf ed b9 5e 1b 48 f3 1b d5 b3 a6 c0 34 ab 3d 79 22 a6 ee>,
  absValidity: 2018-03-22T05:24:25.857Z,
  relValidity: 7200000 }
options
{ serverHost: '10.0.1.40',
  serverPort: 22100,
  sessionKey: 
   { id: 50300305,
     cipherKeyVal: <Buffer 8f d3 dc 35 c4 7e b0 06 55 b2 3e b7 20 da 90 14>,
     macKeyVal: <Buffer ca 96 d1 54 36 93 75 e4 46 7a a9 7c e8 cf ed b9 5e 1b 48 f3 1b d5 b3 a6 c0 34 ab 3d 79 22 a6 ee>,
     absValidity: 2018-03-22T05:24:25.857Z,
     relValidity: 7200000 },
  sessionCryptoSpec: { cipher: 'AES-128-CBC', mac: 'SHA256' },
  sessionProtocol: 'TCP',
  handshakeTimeout: 50000 }
chosen nonce: <Buffer ea 26 b5 b1 ad 7a f1 fe>
switching to HANDSHAKE_1_SENT
disconnected from auth
Handler: secure connection with the server closed.
received session key handshake2!
client ret: [object Object]
server authenticated/authorized by solving nonce!
Handler: communication initialization succeeded
file data length: 1024
sending at Wed Mar 21 2018 05:24:26 GMT+0000 (UTC)
switching to IN_COMM
received secure communication message!
Received seqNum: 0
Handler: data received from server via secure communication
data1
Resp-actual/expected/ratio/ts: 21 21 1 1521609867051
Distribution protocol: TCP
Resp-actual/expected/ratio/ts: 21 22 0.9545454545454546 1521609925621
connected to auth! from local port 44130
received auth hello!
{ authId: 503, nonce: <Buffer cd 30 7e 37 d4 fa 7d 99> }
received session key response encrypted with distribution key
replyNonce in sessionKeyResp: <Buffer f3 8f c4 0a 7a cd bd f5>
auth nonce verified
handleSessionKeyResp: session key request succeeded! authFailureCount: 0
received 1 keys
currentSessionKey: [object Object]
Status: Secure connection closed before starting a new connection.
Session protocol: TCP
chosen commSessionKey: 
{ id: 50300315,
  cipherKeyVal: <Buffer ca eb 0f e4 df 11 a1 98 1a ec 4f 47 43 7e 19 74>,
  macKeyVal: <Buffer df 53 f4 47 64 e6 7f 0c 1c a3 0e 27 fc fe 81 a8 69 cf e6 18 7e 72 55 83 d6 2d 0e 9f ae 5b 2f a6>,
  absValidity: 2018-03-22T05:25:25.930Z,
  relValidity: 7200000 }
options
{ serverHost: '10.0.1.40',
  serverPort: 22100,
  sessionKey: 
   { id: 50300315,
     cipherKeyVal: <Buffer ca eb 0f e4 df 11 a1 98 1a ec 4f 47 43 7e 19 74>,
     macKeyVal: <Buffer df 53 f4 47 64 e6 7f 0c 1c a3 0e 27 fc fe 81 a8 69 cf e6 18 7e 72 55 83 d6 2d 0e 9f ae 5b 2f a6>,
     absValidity: 2018-03-22T05:25:25.930Z,
     relValidity: 7200000 },
  sessionCryptoSpec: { cipher: 'AES-128-CBC', mac: 'SHA256' },
  sessionProtocol: 'TCP',
  handshakeTimeout: 50000 }
disconnected from auth
chosen nonce: <Buffer c1 9b 3b ef be a1 4d 85>
switching to HANDSHAKE_1_SENT
Handler: secure connection with the server closed.
received session key handshake2!
client ret: [object Object]
server authenticated/authorized by solving nonce!
Handler: communication initialization succeeded
file data length: 1024
sending at Wed Mar 21 2018 05:25:26 GMT+0000 (UTC)
switching to IN_COMM
received secure communication message!
Received seqNum: 0
Handler: data received from server via secure communication
data1
Resp-actual/expected/ratio/ts: 22 22 1 1521609927261
Distribution protocol: TCP
Resp-actual/expected/ratio/ts: 22 23 0.9565217391304348 1521609985677
connected to auth! from local port 44396
received auth hello!
{ authId: 503, nonce: <Buffer 19 c2 7d 98 b7 f3 23 ed> }
received session key response encrypted with distribution key
replyNonce in sessionKeyResp: <Buffer d9 fc 97 07 be 69 1d 07>
auth nonce verified
handleSessionKeyResp: session key request succeeded! authFailureCount: 0
received 1 keys
currentSessionKey: [object Object]
Status: Secure connection closed before starting a new connection.
Session protocol: TCP
chosen commSessionKey: 
{ id: 50300325,
  cipherKeyVal: <Buffer 23 82 ff 5e 25 01 b5 00 bd 5d c9 9a 2d be 86 21>,
  macKeyVal: <Buffer b2 dd 4a ad 36 19 a5 32 6c 38 6e e7 8c 91 cd 4a ea 6e f8 be cb ba 0a 9f 8a fb 98 c6 80 f5 9d f8>,
  absValidity: 2018-03-22T05:26:26.006Z,
  relValidity: 7200000 }
options
{ serverHost: '10.0.1.40',
  serverPort: 22100,
  sessionKey: 
   { id: 50300325,
     cipherKeyVal: <Buffer 23 82 ff 5e 25 01 b5 00 bd 5d c9 9a 2d be 86 21>,
     macKeyVal: <Buffer b2 dd 4a ad 36 19 a5 32 6c 38 6e e7 8c 91 cd 4a ea 6e f8 be cb ba 0a 9f 8a fb 98 c6 80 f5 9d f8>,
     absValidity: 2018-03-22T05:26:26.006Z,
     relValidity: 7200000 },
  sessionCryptoSpec: { cipher: 'AES-128-CBC', mac: 'SHA256' },
  sessionProtocol: 'TCP',
  handshakeTimeout: 50000 }
chosen nonce: <Buffer ce 7c c8 be b8 a2 c3 f6>
switching to HANDSHAKE_1_SENT
disconnected from auth
Handler: secure connection with the server closed.
received session key handshake2!
client ret: [object Object]
server authenticated/authorized by solving nonce!
Handler: communication initialization succeeded
file data length: 1024
sending at Wed Mar 21 2018 05:26:26 GMT+0000 (UTC)
switching to IN_COMM
received secure communication message!
Received seqNum: 0
Handler: data received from server via secure communication
data1
Resp-actual/expected/ratio/ts: 23 23 1 1521609987218
Distribution protocol: TCP
Resp-actual/expected/ratio/ts: 23 24 0.9583333333333334 1521610045736
connected to auth! from local port 44662
received auth hello!
{ authId: 503, nonce: <Buffer 05 7e 74 dc 84 b7 bf 19> }
received session key response encrypted with distribution key
replyNonce in sessionKeyResp: <Buffer 53 e0 71 68 6f a7 09 2e>
auth nonce verified
handleSessionKeyResp: session key request succeeded! authFailureCount: 0
received 1 keys
currentSessionKey: [object Object]
Status: Secure connection closed before starting a new connection.
Session protocol: TCP
chosen commSessionKey: 
{ id: 50300335,
  cipherKeyVal: <Buffer 31 b3 c1 dc 98 b1 58 91 d7 47 b3 0c 2b a8 7c d6>,
  macKeyVal: <Buffer be 16 af 40 bc a2 6a 80 12 71 86 94 45 9f 25 e2 ff 34 17 4f f1 0c 28 76 ff 09 dd ba f1 99 80 ae>,
  absValidity: 2018-03-22T05:27:26.069Z,
  relValidity: 7200000 }
options
{ serverHost: '10.0.1.40',
  serverPort: 22100,
  sessionKey: 
   { id: 50300335,
     cipherKeyVal: <Buffer 31 b3 c1 dc 98 b1 58 91 d7 47 b3 0c 2b a8 7c d6>,
     macKeyVal: <Buffer be 16 af 40 bc a2 6a 80 12 71 86 94 45 9f 25 e2 ff 34 17 4f f1 0c 28 76 ff 09 dd ba f1 99 80 ae>,
     absValidity: 2018-03-22T05:27:26.069Z,
     relValidity: 7200000 },
  sessionCryptoSpec: { cipher: 'AES-128-CBC', mac: 'SHA256' },
  sessionProtocol: 'TCP',
  handshakeTimeout: 50000 }
chosen nonce: <Buffer 82 a2 bb 36 77 69 76 02>
switching to HANDSHAKE_1_SENT
disconnected from auth
Handler: secure connection with the server closed.
received session key handshake2!
client ret: [object Object]
server authenticated/authorized by solving nonce!
Handler: communication initialization succeeded
file data length: 1024
sending at Wed Mar 21 2018 05:27:26 GMT+0000 (UTC)
switching to IN_COMM
received secure communication message!
Received seqNum: 0
Handler: data received from server via secure communication
data1
Resp-actual/expected/ratio/ts: 24 24 1 1521610047237
Distribution protocol: TCP
Resp-actual/expected/ratio/ts: 24 25 0.96 1521610105793
connected to auth! from local port 44928
received auth hello!
{ authId: 503, nonce: <Buffer e6 a3 fa 1c 57 c8 9c b8> }
received session key response encrypted with distribution key
replyNonce in sessionKeyResp: <Buffer 94 e7 9b 1d 03 02 2f 08>
auth nonce verified
handleSessionKeyResp: session key request succeeded! authFailureCount: 0
received 1 keys
currentSessionKey: [object Object]
Status: Secure connection closed before starting a new connection.
Session protocol: TCP
chosen commSessionKey: 
{ id: 50300345,
  cipherKeyVal: <Buffer a0 df d9 7b 1a 62 9c 7f 0c 51 70 18 68 eb 91 cd>,
  macKeyVal: <Buffer b0 44 17 1a cd e3 4c 59 bc 31 40 79 a2 fc f7 26 3f c3 27 4b 94 1a fd df b3 3d dc ea e3 bb 3b 2b>,
  absValidity: 2018-03-22T05:28:26.052Z,
  relValidity: 7200000 }
options
{ serverHost: '10.0.1.40',
  serverPort: 22100,
  sessionKey: 
   { id: 50300345,
     cipherKeyVal: <Buffer a0 df d9 7b 1a 62 9c 7f 0c 51 70 18 68 eb 91 cd>,
     macKeyVal: <Buffer b0 44 17 1a cd e3 4c 59 bc 31 40 79 a2 fc f7 26 3f c3 27 4b 94 1a fd df b3 3d dc ea e3 bb 3b 2b>,
     absValidity: 2018-03-22T05:28:26.052Z,
     relValidity: 7200000 },
  sessionCryptoSpec: { cipher: 'AES-128-CBC', mac: 'SHA256' },
  sessionProtocol: 'TCP',
  handshakeTimeout: 50000 }
chosen nonce: <Buffer 9d 57 4b b9 0a 0f 18 d5>
switching to HANDSHAKE_1_SENT
disconnected from auth
Handler: secure connection with the server closed.
received session key handshake2!
client ret: [object Object]
server authenticated/authorized by solving nonce!
Handler: communication initialization succeeded
file data length: 1024
sending at Wed Mar 21 2018 05:28:26 GMT+0000 (UTC)
switching to IN_COMM
received secure communication message!
Received seqNum: 0
Handler: data received from server via secure communication
data1
Resp-actual/expected/ratio/ts: 25 25 1 1521610107229
Distribution protocol: TCP
Resp-actual/expected/ratio/ts: 25 26 0.9615384615384616 1521610165849
connected to auth! from local port 45194
received auth hello!
{ authId: 503, nonce: <Buffer 18 81 d5 b3 c3 30 99 fb> }
received session key response encrypted with distribution key
replyNonce in sessionKeyResp: <Buffer e8 f2 01 55 97 be 12 cc>
auth nonce verified
handleSessionKeyResp: session key request succeeded! authFailureCount: 0
received 1 keys
currentSessionKey: [object Object]
Status: Secure connection closed before starting a new connection.
Session protocol: TCP
chosen commSessionKey: 
{ id: 50300355,
  cipherKeyVal: <Buffer c7 61 3c 32 2f c6 85 3f e1 b3 e1 12 af b2 81 b7>,
  macKeyVal: <Buffer 24 a6 c8 4e 4b 20 a0 fc 29 9e 64 70 11 2d 8b da 57 18 2d bb 05 c3 ae 7a f3 fb 95 8d bf a9 1a bb>,
  absValidity: 2018-03-22T05:29:26.185Z,
  relValidity: 7200000 }
options
{ serverHost: '10.0.1.40',
  serverPort: 22100,
  sessionKey: 
   { id: 50300355,
     cipherKeyVal: <Buffer c7 61 3c 32 2f c6 85 3f e1 b3 e1 12 af b2 81 b7>,
     macKeyVal: <Buffer 24 a6 c8 4e 4b 20 a0 fc 29 9e 64 70 11 2d 8b da 57 18 2d bb 05 c3 ae 7a f3 fb 95 8d bf a9 1a bb>,
     absValidity: 2018-03-22T05:29:26.185Z,
     relValidity: 7200000 },
  sessionCryptoSpec: { cipher: 'AES-128-CBC', mac: 'SHA256' },
  sessionProtocol: 'TCP',
  handshakeTimeout: 50000 }
chosen nonce: <Buffer 37 18 f9 8b 16 40 9b f7>
switching to HANDSHAKE_1_SENT
disconnected from auth
Handler: secure connection with the server closed.
received session key handshake2!
client ret: [object Object]
server authenticated/authorized by solving nonce!
Handler: communication initialization succeeded
file data length: 1024
sending at Wed Mar 21 2018 05:29:27 GMT+0000 (UTC)
switching to IN_COMM
received secure communication message!
Received seqNum: 0
Handler: data received from server via secure communication
data1
Resp-actual/expected/ratio/ts: 26 26 1 1521610167284
Distribution protocol: TCP
Resp-actual/expected/ratio/ts: 26 27 0.9629629629629629 1521610225899
connected to auth! from local port 45416
received auth hello!
{ authId: 503, nonce: <Buffer 06 61 7e 84 c9 c4 ea 2c> }
received session key response encrypted with distribution key
replyNonce in sessionKeyResp: <Buffer ac 3e 80 0f 99 8d ff 2f>
auth nonce verified
handleSessionKeyResp: session key request succeeded! authFailureCount: 0
received 1 keys
currentSessionKey: [object Object]
Status: Secure connection closed before starting a new connection.
Session protocol: TCP
chosen commSessionKey: 
{ id: 50300365,
  cipherKeyVal: <Buffer f5 30 cb b6 14 88 28 e0 4f 27 2e 5b 07 8b 36 82>,
  macKeyVal: <Buffer 88 1e 9e 28 05 3a a6 fb e3 9a 35 64 57 ee 3c d6 60 2c 5f fc 2e 21 4e 40 39 19 cf ba 92 8b b6 97>,
  absValidity: 2018-03-22T05:30:26.074Z,
  relValidity: 7200000 }
options
{ serverHost: '10.0.1.40',
  serverPort: 22100,
  sessionKey: 
   { id: 50300365,
     cipherKeyVal: <Buffer f5 30 cb b6 14 88 28 e0 4f 27 2e 5b 07 8b 36 82>,
     macKeyVal: <Buffer 88 1e 9e 28 05 3a a6 fb e3 9a 35 64 57 ee 3c d6 60 2c 5f fc 2e 21 4e 40 39 19 cf ba 92 8b b6 97>,
     absValidity: 2018-03-22T05:30:26.074Z,
     relValidity: 7200000 },
  sessionCryptoSpec: { cipher: 'AES-128-CBC', mac: 'SHA256' },
  sessionProtocol: 'TCP',
  handshakeTimeout: 50000 }
chosen nonce: <Buffer 60 c1 e8 23 2f 0f 25 f3>
switching to HANDSHAKE_1_SENT
disconnected from auth
Handler: secure connection with the server closed.
received session key handshake2!
client ret: [object Object]
server authenticated/authorized by solving nonce!
Handler: communication initialization succeeded
file data length: 1024
sending at Wed Mar 21 2018 05:30:26 GMT+0000 (UTC)
switching to IN_COMM
received secure communication message!
Received seqNum: 0
Handler: data received from server via secure communication
data1
Resp-actual/expected/ratio/ts: 27 27 1 1521610227110
Distribution protocol: TCP
Resp-actual/expected/ratio/ts: 27 28 0.9642857142857143 1521610285958
connected to auth! from local port 45484
received auth hello!
{ authId: 503, nonce: <Buffer 36 e6 96 2f 05 47 e7 b2> }
received session key response encrypted with distribution key
replyNonce in sessionKeyResp: <Buffer 1a dc 0b 7f 81 cc 1f ff>
auth nonce verified
handleSessionKeyResp: session key request succeeded! authFailureCount: 0
received 1 keys
currentSessionKey: [object Object]
Status: Secure connection closed before starting a new connection.
Session protocol: TCP
chosen commSessionKey: 
{ id: 50300370,
  cipherKeyVal: <Buffer 33 21 60 6b fd 12 2a 30 a0 7a 71 c5 b4 67 1b fc>,
  macKeyVal: <Buffer 42 65 b0 e8 5b 1c d0 f2 c3 cc 61 98 dd 8a d6 da ab 93 c9 be 8f 3c 16 ba 93 19 a7 ee 3d f1 c4 f8>,
  absValidity: 2018-03-22T05:31:26.086Z,
  relValidity: 7200000 }
options
{ serverHost: '10.0.1.40',
  serverPort: 22100,
  sessionKey: 
   { id: 50300370,
     cipherKeyVal: <Buffer 33 21 60 6b fd 12 2a 30 a0 7a 71 c5 b4 67 1b fc>,
     macKeyVal: <Buffer 42 65 b0 e8 5b 1c d0 f2 c3 cc 61 98 dd 8a d6 da ab 93 c9 be 8f 3c 16 ba 93 19 a7 ee 3d f1 c4 f8>,
     absValidity: 2018-03-22T05:31:26.086Z,
     relValidity: 7200000 },
  sessionCryptoSpec: { cipher: 'AES-128-CBC', mac: 'SHA256' },
  sessionProtocol: 'TCP',
  handshakeTimeout: 50000 }
chosen nonce: <Buffer f8 05 c2 35 5d 1a ef f5>
switching to HANDSHAKE_1_SENT
disconnected from auth
Handler: secure connection with the server closed.
received session key handshake2!
client ret: [object Object]
server authenticated/authorized by solving nonce!
Handler: communication initialization succeeded
file data length: 1024
sending at Wed Mar 21 2018 05:31:26 GMT+0000 (UTC)
switching to IN_COMM
received secure communication message!
Received seqNum: 0
Handler: data received from server via secure communication
data1
Resp-actual/expected/ratio/ts: 28 28 1 1521610287205
