changing working directory to: /home/hokeunkim/Development/iotauth/entity/node/example_entities
loading from config file: /home/hokeunkim/Development/iotauth_experiments/experiments/ccs2017/expOptions/expEntity.option
Experimental options for echoServer: { autoSendPeriod: 60000,
  useSameSessionKeyCount: 1,
  connectionTimeout: 50000,
  migrationEnabled: true,
  authFailureThreshold: 2,
  migrationFailureThreshold: 2 }
loading from config file: /home/hokeunkim/Development/iotauth/entity/node/example_entities/configs/Servers/s501.config
initializing secure comm server...
Session protocol: TCP
current parameters: { migrationEnabled: true,
  authFailureThreshold: 3,
  migrationFailureThreshold: 3 }
current parameters: { migrationEnabled: true,
  authFailureThreshold: 2,
  migrationFailureThreshold: 3 }
current parameters: { migrationEnabled: true,
  authFailureThreshold: 2,
  migrationFailureThreshold: 2 }
current entityInfo: { name: 's501',
  group: 'Servers',
  distProtocol: 'TCP',
  usePermanentDistKey: false,
  connectionTimeout: 50000,
  privateKey: <Buffer 2d 2d 2d 2d 2d 42 45 47 49 4e 20 52 53 41 20 50 52 49 56 41 54 45 20 4b 45 59 2d 2d 2d 2d 2d 0a 4d 49 49 45 6f 67 49 42 41 41 4b 43 41 51 45 41 79 34 ... > }
Handler: listening on port 22100
s501:Servers prompt>
Unidentified client connected
received session key handshake1
switching to HANDSHAKE_1_RECEIVED state.
session key id: 50100000
session key NOT found! sending session key id to AuthService
Distribution protocol: TCP
connected to auth! from local port 49314
received auth hello!
{ authId: 501, nonce: <Buffer 62 4c 2d 97 80 58 ee 1a> }
received session key response with distribution key attached!
auth signature verified
replyNonce in sessionKeyResp: <Buffer 14 55 5f 8e 1e af 6c 8d>
auth nonce verified
handleSessionKeyResp: session key request succeeded! authFailureCount: 0
updating distribution key: { cipherKeyVal: <Buffer ee 3d 3f ab 5a 03 18 bb 63 5c 49 d5 c0 9b ab 31>,
  macKeyVal: <Buffer d9 e6 49 7f ec d7 a6 01 9c 0c 62 61 e5 ab 34 9b ec db e7 37 39 39 a2 7f 62 60 51 c5 af 37 93 1f>,
  absValidity: 2018-03-21T00:05:24.158Z }
received 1 keys
Session key id is as expected
server ret: [object Object]
chosen nonce: <Buffer 62 b5 f8 68 fd 63 b5 fa>
switching to HANDSHAKE_2_SENT
received session key handshake3!
{ replyNonce: <Buffer 62 b5 f8 68 fd 63 b5 fa> }
client authenticated/authorized by solving nonce!
switching to IN_COMM
Handler: secure connection with the client established.
{ id: 0,
  remoteAddress: '::ffff:10.0.1.62:59620',
  status: 'open' }
disconnected from auth
received secure communication!
Received seqNum: 0
data received from server via secure communication
Handler: socketID: 0 data: data1
toSend: { data: <Buffer 64 61 74 61 31>, id: 0 }
specified socketID: 0
Unidentified client disconnected
Handler: secure connection with the client closed.
socket #0 closed
Unidentified client connected
received session key handshake1
switching to HANDSHAKE_1_RECEIVED state.
session key id: 50100008
session key NOT found! sending session key id to AuthService
Distribution protocol: TCP
connected to auth! from local port 49544
received auth hello!
{ authId: 501, nonce: <Buffer e4 8f 98 e9 6b 7d 96 6a> }
received session key response encrypted with distribution key
replyNonce in sessionKeyResp: <Buffer 60 d0 70 0a 1c a3 1e af>
auth nonce verified
handleSessionKeyResp: session key request succeeded! authFailureCount: 0
received 1 keys
Session key id is as expected
server ret: [object Object]
chosen nonce: <Buffer 1d 22 f0 7e b2 cf f6 3c>
switching to HANDSHAKE_2_SENT
disconnected from auth
received session key handshake3!
{ replyNonce: <Buffer 1d 22 f0 7e b2 cf f6 3c> }
client authenticated/authorized by solving nonce!
switching to IN_COMM
Handler: secure connection with the client established.
{ id: 1,
  remoteAddress: '::ffff:10.0.1.62:59848',
  status: 'open' }
received secure communication!
Received seqNum: 0
data received from server via secure communication
Handler: socketID: 1 data: data1
toSend: { data: <Buffer 64 61 74 61 31>, id: 1 }
specified socketID: 1
Unidentified client disconnected
Handler: secure connection with the client closed.
socket #1 closed
Unidentified client connected
received session key handshake1
switching to HANDSHAKE_1_RECEIVED state.
session key id: 50100016
session key NOT found! sending session key id to AuthService
Distribution protocol: TCP
connected to auth! from local port 49814
received auth hello!
{ authId: 501, nonce: <Buffer 63 c8 2b 04 f2 df 46 57> }
received session key response encrypted with distribution key
replyNonce in sessionKeyResp: <Buffer e9 ff 3a 1d 9f 78 b5 79>
auth nonce verified
handleSessionKeyResp: session key request succeeded! authFailureCount: 0
received 1 keys
Session key id is as expected
server ret: [object Object]
chosen nonce: <Buffer 84 c7 fc c7 8e a4 72 d2>
switching to HANDSHAKE_2_SENT
disconnected from auth
received session key handshake3!
{ replyNonce: <Buffer 84 c7 fc c7 8e a4 72 d2> }
client authenticated/authorized by solving nonce!
switching to IN_COMM
Handler: secure connection with the client established.
{ id: 2,
  remoteAddress: '::ffff:10.0.1.62:60118',
  status: 'open' }
received secure communication!
Received seqNum: 0
data received from server via secure communication
Handler: socketID: 2 data: data1
toSend: { data: <Buffer 64 61 74 61 31>, id: 2 }
specified socketID: 2
Unidentified client disconnected
Handler: secure connection with the client closed.
socket #2 closed
Unidentified client connected
received session key handshake1
switching to HANDSHAKE_1_RECEIVED state.
session key id: 50100024
session key NOT found! sending session key id to AuthService
Distribution protocol: TCP
connected to auth! from local port 50084
received auth hello!
{ authId: 501, nonce: <Buffer cb 08 5c bc 97 f6 8e ac> }
received session key response encrypted with distribution key
replyNonce in sessionKeyResp: <Buffer 25 25 45 35 d3 24 3f 31>
auth nonce verified
handleSessionKeyResp: session key request succeeded! authFailureCount: 0
received 1 keys
Session key id is as expected
server ret: [object Object]
chosen nonce: <Buffer bf e6 54 40 90 c7 0e c0>
switching to HANDSHAKE_2_SENT
disconnected from auth
received session key handshake3!
{ replyNonce: <Buffer bf e6 54 40 90 c7 0e c0> }
client authenticated/authorized by solving nonce!
switching to IN_COMM
Handler: secure connection with the client established.
{ id: 3,
  remoteAddress: '::ffff:10.0.1.62:60386',
  status: 'open' }
received secure communication!
Received seqNum: 0
data received from server via secure communication
Handler: socketID: 3 data: data1
toSend: { data: <Buffer 64 61 74 61 31>, id: 3 }
specified socketID: 3
Unidentified client disconnected
Handler: secure connection with the client closed.
socket #3 closed
Unidentified client connected
received session key handshake1
switching to HANDSHAKE_1_RECEIVED state.
session key id: 50100032
session key NOT found! sending session key id to AuthService
Distribution protocol: TCP
connected to auth! from local port 50352
received auth hello!
{ authId: 501, nonce: <Buffer a1 45 59 fc 84 5c 63 d2> }
received session key response encrypted with distribution key
replyNonce in sessionKeyResp: <Buffer e9 22 5e 59 5d 33 99 b0>
auth nonce verified
handleSessionKeyResp: session key request succeeded! authFailureCount: 0
received 1 keys
Session key id is as expected
server ret: [object Object]
chosen nonce: <Buffer 5f aa 0c 1e 7b 49 7e cc>
switching to HANDSHAKE_2_SENT
disconnected from auth
received session key handshake3!
{ replyNonce: <Buffer 5f aa 0c 1e 7b 49 7e cc> }
client authenticated/authorized by solving nonce!
switching to IN_COMM
Handler: secure connection with the client established.
{ id: 4,
  remoteAddress: '::ffff:10.0.1.62:60658',
  status: 'open' }
received secure communication!
Received seqNum: 0
data received from server via secure communication
Handler: socketID: 4 data: data1
toSend: { data: <Buffer 64 61 74 61 31>, id: 4 }
specified socketID: 4
Unidentified client disconnected
Handler: secure connection with the client closed.
socket #4 closed
Unidentified client connected
received session key handshake1
switching to HANDSHAKE_1_RECEIVED state.
session key id: 50100040
session key NOT found! sending session key id to AuthService
Distribution protocol: TCP
connected to auth! from local port 50622
received auth hello!
{ authId: 501, nonce: <Buffer 3a 47 a7 e6 b0 ff af 9e> }
received session key response encrypted with distribution key
replyNonce in sessionKeyResp: <Buffer f3 fd 9b 97 15 0e ff dd>
auth nonce verified
handleSessionKeyResp: session key request succeeded! authFailureCount: 0
received 1 keys
Session key id is as expected
server ret: [object Object]
chosen nonce: <Buffer d5 f8 34 4e 08 00 2c ab>
switching to HANDSHAKE_2_SENT
received session key handshake3!
{ replyNonce: <Buffer d5 f8 34 4e 08 00 2c ab> }
client authenticated/authorized by solving nonce!
switching to IN_COMM
Handler: secure connection with the client established.
{ id: 5,
  remoteAddress: '::ffff:10.0.1.62:60926',
  status: 'open' }
disconnected from auth
received secure communication!
Received seqNum: 0
data received from server via secure communication
Handler: socketID: 5 data: data1
toSend: { data: <Buffer 64 61 74 61 31>, id: 5 }
specified socketID: 5
Unidentified client disconnected
Handler: secure connection with the client closed.
socket #5 closed
Unidentified client connected
received session key handshake1
switching to HANDSHAKE_1_RECEIVED state.
session key id: 50100048
session key NOT found! sending session key id to AuthService
Distribution protocol: TCP
connected to auth! from local port 50892
received auth hello!
{ authId: 501, nonce: <Buffer 92 f3 46 13 20 22 31 61> }
received session key response encrypted with distribution key
replyNonce in sessionKeyResp: <Buffer 4f aa f3 a9 6b 7f 60 e0>
auth nonce verified
handleSessionKeyResp: session key request succeeded! authFailureCount: 0
received 1 keys
Session key id is as expected
server ret: [object Object]
chosen nonce: <Buffer 1f df 7d 41 ba ce 8e 77>
switching to HANDSHAKE_2_SENT
disconnected from auth
received session key handshake3!
{ replyNonce: <Buffer 1f df 7d 41 ba ce 8e 77> }
client authenticated/authorized by solving nonce!
switching to IN_COMM
Handler: secure connection with the client established.
{ id: 6,
  remoteAddress: '::ffff:10.0.1.62:32964',
  status: 'open' }
received secure communication!
Received seqNum: 0
data received from server via secure communication
Handler: socketID: 6 data: data1
toSend: { data: <Buffer 64 61 74 61 31>, id: 6 }
specified socketID: 6
Unidentified client disconnected
Handler: secure connection with the client closed.
socket #6 closed
Unidentified client connected
received session key handshake1
switching to HANDSHAKE_1_RECEIVED state.
session key id: 50100056
session key NOT found! sending session key id to AuthService
Distribution protocol: TCP
connected to auth! from local port 51164
received auth hello!
{ authId: 501, nonce: <Buffer 30 46 3e 19 22 33 7a 9e> }
received session key response encrypted with distribution key
replyNonce in sessionKeyResp: <Buffer 74 17 1c 0c 5c 94 50 9d>
auth nonce verified
handleSessionKeyResp: session key request succeeded! authFailureCount: 0
received 1 keys
Session key id is as expected
server ret: [object Object]
chosen nonce: <Buffer af 46 02 a4 b5 61 e7 55>
switching to HANDSHAKE_2_SENT
disconnected from auth
received session key handshake3!
{ replyNonce: <Buffer af 46 02 a4 b5 61 e7 55> }
client authenticated/authorized by solving nonce!
switching to IN_COMM
Handler: secure connection with the client established.
{ id: 7,
  remoteAddress: '::ffff:10.0.1.62:33234',
  status: 'open' }
received secure communication!
Received seqNum: 0
data received from server via secure communication
Handler: socketID: 7 data: data1
toSend: { data: <Buffer 64 61 74 61 31>, id: 7 }
specified socketID: 7
Unidentified client disconnected
Handler: secure connection with the client closed.
socket #7 closed
Unidentified client connected
received session key handshake1
switching to HANDSHAKE_1_RECEIVED state.
session key id: 50100064
session key NOT found! sending session key id to AuthService
Distribution protocol: TCP
connected to auth! from local port 51410
received auth hello!
{ authId: 501, nonce: <Buffer 4a b8 27 0a 15 49 f2 80> }
received session key response encrypted with distribution key
replyNonce in sessionKeyResp: <Buffer 76 0e d2 9b 14 c0 cf fe>
auth nonce verified
handleSessionKeyResp: session key request succeeded! authFailureCount: 0
received 1 keys
Session key id is as expected
server ret: [object Object]
chosen nonce: <Buffer cb 19 c9 f0 cd ce e2 84>
switching to HANDSHAKE_2_SENT
received session key handshake3!
{ replyNonce: <Buffer cb 19 c9 f0 cd ce e2 84> }
client authenticated/authorized by solving nonce!
switching to IN_COMM
Handler: secure connection with the client established.
{ id: 8,
  remoteAddress: '::ffff:10.0.1.62:33480',
  status: 'open' }
disconnected from auth
received secure communication!
Received seqNum: 0
data received from server via secure communication
Handler: socketID: 8 data: data1
toSend: { data: <Buffer 64 61 74 61 31>, id: 8 }
specified socketID: 8
Unidentified client disconnected
Handler: secure connection with the client closed.
socket #8 closed
Unidentified client connected
received session key handshake1
switching to HANDSHAKE_1_RECEIVED state.
session key id: 50100072
session key NOT found! sending session key id to AuthService
Distribution protocol: TCP
connected to auth! from local port 51668
received auth hello!
{ authId: 501, nonce: <Buffer 4f f0 47 a6 3b 28 ee 30> }
received session key response encrypted with distribution key
replyNonce in sessionKeyResp: <Buffer 5d 23 17 8a ad 8f 93 54>
auth nonce verified
handleSessionKeyResp: session key request succeeded! authFailureCount: 0
received 1 keys
Session key id is as expected
server ret: [object Object]
chosen nonce: <Buffer c1 a8 02 1b a2 ac e4 7c>
switching to HANDSHAKE_2_SENT
disconnected from auth
received session key handshake3!
{ replyNonce: <Buffer c1 a8 02 1b a2 ac e4 7c> }
client authenticated/authorized by solving nonce!
switching to IN_COMM
Handler: secure connection with the client established.
{ id: 9,
  remoteAddress: '::ffff:10.0.1.62:33740',
  status: 'open' }
received secure communication!
Received seqNum: 0
data received from server via secure communication
Handler: socketID: 9 data: data1
toSend: { data: <Buffer 64 61 74 61 31>, id: 9 }
specified socketID: 9
Unidentified client disconnected
Handler: secure connection with the client closed.
socket #9 closed
Unidentified client connected
received session key handshake1
switching to HANDSHAKE_1_RECEIVED state.
session key id: 50100081
session key NOT found! sending session key id to AuthService
Distribution protocol: TCP
connected to auth! from local port 51940
received auth hello!
{ authId: 501, nonce: <Buffer 73 7f 05 02 fb 31 1f a1> }
received session key response encrypted with distribution key
replyNonce in sessionKeyResp: <Buffer 5e af 25 65 38 f8 2d de>
auth nonce verified
handleSessionKeyResp: session key request succeeded! authFailureCount: 0
received 1 keys
Session key id is as expected
server ret: [object Object]
chosen nonce: <Buffer 04 8b db a2 76 59 cb 5c>
switching to HANDSHAKE_2_SENT
disconnected from auth
received session key handshake3!
{ replyNonce: <Buffer 04 8b db a2 76 59 cb 5c> }
client authenticated/authorized by solving nonce!
switching to IN_COMM
Handler: secure connection with the client established.
{ id: 10,
  remoteAddress: '::ffff:10.0.1.62:34012',
  status: 'open' }
received secure communication!
Received seqNum: 0
data received from server via secure communication
Handler: socketID: 10 data: data1
toSend: { data: <Buffer 64 61 74 61 31>, id: 10 }
specified socketID: 10
Unidentified client disconnected
Handler: secure connection with the client closed.
socket #10 closed
Unidentified client connected
received session key handshake1
switching to HANDSHAKE_1_RECEIVED state.
session key id: 50100090
session key NOT found! sending session key id to AuthService
Distribution protocol: TCP
connected to auth! from local port 52212
received auth hello!
{ authId: 501, nonce: <Buffer c6 d1 11 43 48 23 39 a5> }
received session key response encrypted with distribution key
replyNonce in sessionKeyResp: <Buffer 43 45 de 2e c9 ee 51 e8>
auth nonce verified
handleSessionKeyResp: session key request succeeded! authFailureCount: 0
received 1 keys
Session key id is as expected
server ret: [object Object]
chosen nonce: <Buffer 1c 25 74 b2 78 88 8d 03>
switching to HANDSHAKE_2_SENT
disconnected from auth
received session key handshake3!
{ replyNonce: <Buffer 1c 25 74 b2 78 88 8d 03> }
client authenticated/authorized by solving nonce!
switching to IN_COMM
Handler: secure connection with the client established.
{ id: 11,
  remoteAddress: '::ffff:10.0.1.62:34282',
  status: 'open' }
received secure communication!
Received seqNum: 0
data received from server via secure communication
Handler: socketID: 11 data: data1
toSend: { data: <Buffer 64 61 74 61 31>, id: 11 }
specified socketID: 11
Unidentified client disconnected
Handler: secure connection with the client closed.
socket #11 closed
Unidentified client connected
received session key handshake1
switching to HANDSHAKE_1_RECEIVED state.
session key id: 50100099
session key NOT found! sending session key id to AuthService
Distribution protocol: TCP
connected to auth! from local port 52486
received auth hello!
{ authId: 501, nonce: <Buffer 5f 7a 27 72 e4 a9 2c c5> }
received session key response encrypted with distribution key
replyNonce in sessionKeyResp: <Buffer 9d 3f fa f5 a6 25 45 d6>
auth nonce verified
handleSessionKeyResp: session key request succeeded! authFailureCount: 0
received 1 keys
Session key id is as expected
server ret: [object Object]
chosen nonce: <Buffer 3f dd fb 3e 02 d1 70 e1>
switching to HANDSHAKE_2_SENT
disconnected from auth
received session key handshake3!
{ replyNonce: <Buffer 3f dd fb 3e 02 d1 70 e1> }
client authenticated/authorized by solving nonce!
switching to IN_COMM
Handler: secure connection with the client established.
{ id: 12,
  remoteAddress: '::ffff:10.0.1.62:34558',
  status: 'open' }
received secure communication!
Received seqNum: 0
data received from server via secure communication
Handler: socketID: 12 data: data1
toSend: { data: <Buffer 64 61 74 61 31>, id: 12 }
specified socketID: 12
Unidentified client disconnected
Handler: secure connection with the client closed.
socket #12 closed
Unidentified client connected
received session key handshake1
switching to HANDSHAKE_1_RECEIVED state.
session key id: 50100108
session key NOT found! sending session key id to AuthService
Distribution protocol: TCP
connected to auth! from local port 52760
received auth hello!
{ authId: 501, nonce: <Buffer 5e 34 ed e3 25 ff ca 35> }
received session key response encrypted with distribution key
replyNonce in sessionKeyResp: <Buffer 11 71 25 dc 4a 3b 0f dc>
auth nonce verified
handleSessionKeyResp: session key request succeeded! authFailureCount: 0
received 1 keys
Session key id is as expected
server ret: [object Object]
chosen nonce: <Buffer b5 76 61 c2 5d a2 61 cb>
switching to HANDSHAKE_2_SENT
received session key handshake3!
{ replyNonce: <Buffer b5 76 61 c2 5d a2 61 cb> }
client authenticated/authorized by solving nonce!
switching to IN_COMM
Handler: secure connection with the client established.
{ id: 13,
  remoteAddress: '::ffff:10.0.1.62:34832',
  status: 'open' }
disconnected from auth
received secure communication!
Received seqNum: 0
data received from server via secure communication
Handler: socketID: 13 data: data1
toSend: { data: <Buffer 64 61 74 61 31>, id: 13 }
specified socketID: 13
Unidentified client disconnected
Handler: secure connection with the client closed.
socket #13 closed
Unidentified client connected
received session key handshake1
switching to HANDSHAKE_1_RECEIVED state.
session key id: 50100117
session key NOT found! sending session key id to AuthService
Distribution protocol: TCP
connected to auth! from local port 53028
received auth hello!
{ authId: 501, nonce: <Buffer e4 8e b0 fd 78 bb ed ce> }
received session key response encrypted with distribution key
replyNonce in sessionKeyResp: <Buffer 2c 88 55 b1 2e e9 79 ca>
auth nonce verified
handleSessionKeyResp: session key request succeeded! authFailureCount: 0
received 1 keys
Session key id is as expected
server ret: [object Object]
chosen nonce: <Buffer 00 6f 39 97 05 18 aa 1d>
switching to HANDSHAKE_2_SENT
disconnected from auth
received session key handshake3!
{ replyNonce: <Buffer 00 6f 39 97 05 18 aa 1d> }
client authenticated/authorized by solving nonce!
switching to IN_COMM
Handler: secure connection with the client established.
{ id: 14,
  remoteAddress: '::ffff:10.0.1.62:35100',
  status: 'open' }
received secure communication!
Received seqNum: 0
data received from server via secure communication
Handler: socketID: 14 data: data1
toSend: { data: <Buffer 64 61 74 61 31>, id: 14 }
specified socketID: 14
Unidentified client disconnected
Handler: secure connection with the client closed.
socket #14 closed
Unidentified client connected
received session key handshake1
switching to HANDSHAKE_1_RECEIVED state.
session key id: 50100126
session key NOT found! sending session key id to AuthService
Distribution protocol: TCP
connected to auth! from local port 53298
received auth hello!
{ authId: 501, nonce: <Buffer fc 78 30 54 1b 6f 5e 61> }
received session key response encrypted with distribution key
replyNonce in sessionKeyResp: <Buffer f1 a0 b9 d0 33 71 bc 63>
auth nonce verified
handleSessionKeyResp: session key request succeeded! authFailureCount: 0
received 1 keys
Session key id is as expected
server ret: [object Object]
chosen nonce: <Buffer 77 8e 9e 59 f6 fb e8 16>
switching to HANDSHAKE_2_SENT
received session key handshake3!
{ replyNonce: <Buffer 77 8e 9e 59 f6 fb e8 16> }
client authenticated/authorized by solving nonce!
switching to IN_COMM
Handler: secure connection with the client established.
{ id: 15,
  remoteAddress: '::ffff:10.0.1.62:35370',
  status: 'open' }
disconnected from auth
received secure communication!
Received seqNum: 0
data received from server via secure communication
Handler: socketID: 15 data: data1
toSend: { data: <Buffer 64 61 74 61 31>, id: 15 }
specified socketID: 15
Unidentified client disconnected
Handler: secure connection with the client closed.
socket #15 closed
Unidentified client connected
received session key handshake1
switching to HANDSHAKE_1_RECEIVED state.
session key id: 50100135
session key NOT found! sending session key id to AuthService
Distribution protocol: TCP
connected to auth! from local port 53570
received auth hello!
{ authId: 501, nonce: <Buffer 8e 34 9b 75 bb a7 5e a4> }
received session key response encrypted with distribution key
replyNonce in sessionKeyResp: <Buffer e3 ff ed a6 b1 0d 59 09>
auth nonce verified
handleSessionKeyResp: session key request succeeded! authFailureCount: 0
received 1 keys
Session key id is as expected
server ret: [object Object]
chosen nonce: <Buffer 65 26 2a 41 04 1f 06 be>
switching to HANDSHAKE_2_SENT
disconnected from auth
received session key handshake3!
{ replyNonce: <Buffer 65 26 2a 41 04 1f 06 be> }
client authenticated/authorized by solving nonce!
switching to IN_COMM
Handler: secure connection with the client established.
{ id: 16,
  remoteAddress: '::ffff:10.0.1.62:35642',
  status: 'open' }
received secure communication!
Received seqNum: 0
data received from server via secure communication
Handler: socketID: 16 data: data1
toSend: { data: <Buffer 64 61 74 61 31>, id: 16 }
specified socketID: 16
Unidentified client disconnected
Handler: secure connection with the client closed.
socket #16 closed
Unidentified client connected
received session key handshake1
switching to HANDSHAKE_1_RECEIVED state.
session key id: 50100144
session key NOT found! sending session key id to AuthService
Distribution protocol: TCP
connected to auth! from local port 53838
received auth hello!
{ authId: 501, nonce: <Buffer ea 9e 86 39 6f 00 fc d4> }
received session key response encrypted with distribution key
replyNonce in sessionKeyResp: <Buffer 29 fe 9b 3c ec b7 2e 3b>
auth nonce verified
handleSessionKeyResp: session key request succeeded! authFailureCount: 0
received 1 keys
Session key id is as expected
server ret: [object Object]
chosen nonce: <Buffer c6 9e 81 b9 9a eb 98 4d>
switching to HANDSHAKE_2_SENT
disconnected from auth
received session key handshake3!
{ replyNonce: <Buffer c6 9e 81 b9 9a eb 98 4d> }
client authenticated/authorized by solving nonce!
switching to IN_COMM
Handler: secure connection with the client established.
{ id: 17,
  remoteAddress: '::ffff:10.0.1.62:35910',
  status: 'open' }
received secure communication!
Received seqNum: 0
data received from server via secure communication
Handler: socketID: 17 data: data1
toSend: { data: <Buffer 64 61 74 61 31>, id: 17 }
specified socketID: 17
Unidentified client disconnected
Handler: secure connection with the client closed.
socket #17 closed
Unidentified client connected
received session key handshake1
switching to HANDSHAKE_1_RECEIVED state.
session key id: 50100153
session key NOT found! sending session key id to AuthService
Distribution protocol: TCP
connected to auth! from local port 54108
received auth hello!
{ authId: 501, nonce: <Buffer b9 2b e9 52 d2 db 81 99> }
received session key response encrypted with distribution key
replyNonce in sessionKeyResp: <Buffer a0 cd 73 fa 7f 3e a3 6a>
auth nonce verified
handleSessionKeyResp: session key request succeeded! authFailureCount: 0
received 1 keys
Session key id is as expected
server ret: [object Object]
chosen nonce: <Buffer 7a 24 44 f6 6e e2 ba 14>
switching to HANDSHAKE_2_SENT
disconnected from auth
received session key handshake3!
{ replyNonce: <Buffer 7a 24 44 f6 6e e2 ba 14> }
client authenticated/authorized by solving nonce!
switching to IN_COMM
Handler: secure connection with the client established.
{ id: 18,
  remoteAddress: '::ffff:10.0.1.62:36182',
  status: 'open' }
received secure communication!
Received seqNum: 0
data received from server via secure communication
Handler: socketID: 18 data: data1
toSend: { data: <Buffer 64 61 74 61 31>, id: 18 }
specified socketID: 18
Unidentified client disconnected
Handler: secure connection with the client closed.
socket #18 closed
Unidentified client connected
received session key handshake1
switching to HANDSHAKE_1_RECEIVED state.
session key id: 50100162
session key NOT found! sending session key id to AuthService
Distribution protocol: TCP
connected to auth! from local port 54378
received auth hello!
{ authId: 501, nonce: <Buffer 0c c6 63 69 ee 1d d9 3d> }
received session key response encrypted with distribution key
replyNonce in sessionKeyResp: <Buffer b6 5d 06 12 2c 93 e9 ae>
auth nonce verified
handleSessionKeyResp: session key request succeeded! authFailureCount: 0
received 1 keys
Session key id is as expected
server ret: [object Object]
chosen nonce: <Buffer ab 75 fc 5d 60 c0 37 00>
switching to HANDSHAKE_2_SENT
disconnected from auth
received session key handshake3!
{ replyNonce: <Buffer ab 75 fc 5d 60 c0 37 00> }
client authenticated/authorized by solving nonce!
switching to IN_COMM
Handler: secure connection with the client established.
{ id: 19,
  remoteAddress: '::ffff:10.0.1.62:36450',
  status: 'open' }
received secure communication!
Received seqNum: 0
data received from server via secure communication
Handler: socketID: 19 data: data1
toSend: { data: <Buffer 64 61 74 61 31>, id: 19 }
specified socketID: 19
Unidentified client disconnected
Handler: secure connection with the client closed.
socket #19 closed
Unidentified client connected
received session key handshake1
switching to HANDSHAKE_1_RECEIVED state.
session key id: 50100171
session key NOT found! sending session key id to AuthService
Distribution protocol: TCP
connected to auth! from local port 54648
received auth hello!
{ authId: 501, nonce: <Buffer b6 c5 81 ef 1c 1d 16 9a> }
received session key response encrypted with distribution key
replyNonce in sessionKeyResp: <Buffer c5 de ca f1 f0 7c 38 35>
auth nonce verified
handleSessionKeyResp: session key request succeeded! authFailureCount: 0
received 1 keys
Session key id is as expected
server ret: [object Object]
chosen nonce: <Buffer c3 81 85 1d 77 40 5b e6>
switching to HANDSHAKE_2_SENT
disconnected from auth
received session key handshake3!
{ replyNonce: <Buffer c3 81 85 1d 77 40 5b e6> }
client authenticated/authorized by solving nonce!
switching to IN_COMM
Handler: secure connection with the client established.
{ id: 20,
  remoteAddress: '::ffff:10.0.1.62:36722',
  status: 'open' }
received secure communication!
Received seqNum: 0
data received from server via secure communication
Handler: socketID: 20 data: data1
toSend: { data: <Buffer 64 61 74 61 31>, id: 20 }
specified socketID: 20
Unidentified client disconnected
Handler: secure connection with the client closed.
socket #20 closed
Unidentified client connected
received session key handshake1
switching to HANDSHAKE_1_RECEIVED state.
session key id: 50100180
session key NOT found! sending session key id to AuthService
Distribution protocol: TCP
connected to auth! from local port 54918
received auth hello!
{ authId: 501, nonce: <Buffer d8 a3 46 ce fd ea 8e 0b> }
received session key response encrypted with distribution key
replyNonce in sessionKeyResp: <Buffer c1 f6 41 56 4f cf b8 d9>
auth nonce verified
handleSessionKeyResp: session key request succeeded! authFailureCount: 0
received 1 keys
Session key id is as expected
server ret: [object Object]
chosen nonce: <Buffer e1 33 c4 a3 85 01 f1 1c>
switching to HANDSHAKE_2_SENT
disconnected from auth
received session key handshake3!
{ replyNonce: <Buffer e1 33 c4 a3 85 01 f1 1c> }
client authenticated/authorized by solving nonce!
switching to IN_COMM
Handler: secure connection with the client established.
{ id: 21,
  remoteAddress: '::ffff:10.0.1.62:36990',
  status: 'open' }
received secure communication!
Received seqNum: 0
data received from server via secure communication
Handler: socketID: 21 data: data1
toSend: { data: <Buffer 64 61 74 61 31>, id: 21 }
specified socketID: 21
Unidentified client disconnected
Handler: secure connection with the client closed.
socket #21 closed
Unidentified client connected
received session key handshake1
switching to HANDSHAKE_1_RECEIVED state.
session key id: 50100189
session key NOT found! sending session key id to AuthService
Distribution protocol: TCP
connected to auth! from local port 55188
received auth hello!
{ authId: 501, nonce: <Buffer 70 84 44 89 ae 92 c2 e3> }
received session key response encrypted with distribution key
replyNonce in sessionKeyResp: <Buffer fc 41 1c bb a2 aa ee 75>
auth nonce verified
handleSessionKeyResp: session key request succeeded! authFailureCount: 0
received 1 keys
Session key id is as expected
server ret: [object Object]
chosen nonce: <Buffer c1 3f 8f bc c2 90 c5 45>
switching to HANDSHAKE_2_SENT
disconnected from auth
received session key handshake3!
{ replyNonce: <Buffer c1 3f 8f bc c2 90 c5 45> }
client authenticated/authorized by solving nonce!
switching to IN_COMM
Handler: secure connection with the client established.
{ id: 22,
  remoteAddress: '::ffff:10.0.1.62:37260',
  status: 'open' }
received secure communication!
Received seqNum: 0
data received from server via secure communication
Handler: socketID: 22 data: data1
toSend: { data: <Buffer 64 61 74 61 31>, id: 22 }
specified socketID: 22
Unidentified client disconnected
Handler: secure connection with the client closed.
socket #22 closed
Unidentified client connected
received session key handshake1
switching to HANDSHAKE_1_RECEIVED state.
session key id: 50100198
session key NOT found! sending session key id to AuthService
Distribution protocol: TCP
connected to auth! from local port 55458
received auth hello!
{ authId: 501, nonce: <Buffer 31 c2 91 21 11 54 fb bd> }
received session key response encrypted with distribution key
replyNonce in sessionKeyResp: <Buffer e3 5c b5 bc 07 83 32 af>
auth nonce verified
handleSessionKeyResp: session key request succeeded! authFailureCount: 0
received 1 keys
Session key id is as expected
server ret: [object Object]
chosen nonce: <Buffer 1d b2 68 25 c4 31 08 63>
switching to HANDSHAKE_2_SENT
disconnected from auth
received session key handshake3!
{ replyNonce: <Buffer 1d b2 68 25 c4 31 08 63> }
client authenticated/authorized by solving nonce!
switching to IN_COMM
Handler: secure connection with the client established.
{ id: 23,
  remoteAddress: '::ffff:10.0.1.62:37530',
  status: 'open' }
received secure communication!
Received seqNum: 0
data received from server via secure communication
Handler: socketID: 23 data: data1
toSend: { data: <Buffer 64 61 74 61 31>, id: 23 }
specified socketID: 23
Unidentified client disconnected
Handler: secure connection with the client closed.
socket #23 closed
Unidentified client connected
received session key handshake1
switching to HANDSHAKE_1_RECEIVED state.
session key id: 50100207
session key NOT found! sending session key id to AuthService
Distribution protocol: TCP
connected to auth! from local port 55728
received auth hello!
{ authId: 501, nonce: <Buffer d6 91 59 e9 32 8d bf da> }
received session key response encrypted with distribution key
replyNonce in sessionKeyResp: <Buffer e0 04 71 a4 2c 43 61 43>
auth nonce verified
handleSessionKeyResp: session key request succeeded! authFailureCount: 0
received 1 keys
Session key id is as expected
server ret: [object Object]
chosen nonce: <Buffer f1 11 e7 13 02 19 d0 87>
switching to HANDSHAKE_2_SENT
disconnected from auth
received session key handshake3!
{ replyNonce: <Buffer f1 11 e7 13 02 19 d0 87> }
client authenticated/authorized by solving nonce!
switching to IN_COMM
Handler: secure connection with the client established.
{ id: 24,
  remoteAddress: '::ffff:10.0.1.62:37800',
  status: 'open' }
received secure communication!
Received seqNum: 0
data received from server via secure communication
Handler: socketID: 24 data: data1
toSend: { data: <Buffer 64 61 74 61 31>, id: 24 }
specified socketID: 24
Unidentified client disconnected
Handler: secure connection with the client closed.
socket #24 closed
Unidentified client connected
received session key handshake1
switching to HANDSHAKE_1_RECEIVED state.
session key id: 50100216
session key NOT found! sending session key id to AuthService
Distribution protocol: TCP
connected to auth! from local port 55998
received auth hello!
{ authId: 501, nonce: <Buffer e2 22 22 23 31 5e 19 89> }
received session key response encrypted with distribution key
replyNonce in sessionKeyResp: <Buffer fb 45 70 82 7e a6 fd 11>
auth nonce verified
handleSessionKeyResp: session key request succeeded! authFailureCount: 0
received 1 keys
Session key id is as expected
server ret: [object Object]
chosen nonce: <Buffer 21 e5 d6 25 a9 b1 f8 e5>
switching to HANDSHAKE_2_SENT
disconnected from auth
received session key handshake3!
{ replyNonce: <Buffer 21 e5 d6 25 a9 b1 f8 e5> }
client authenticated/authorized by solving nonce!
switching to IN_COMM
Handler: secure connection with the client established.
{ id: 25,
  remoteAddress: '::ffff:10.0.1.62:38072',
  status: 'open' }
received secure communication!
Received seqNum: 0
data received from server via secure communication
Handler: socketID: 25 data: data1
toSend: { data: <Buffer 64 61 74 61 31>, id: 25 }
specified socketID: 25
Unidentified client disconnected
Handler: secure connection with the client closed.
socket #25 closed
Unidentified client connected
received session key handshake1
switching to HANDSHAKE_1_RECEIVED state.
session key id: 50100225
session key NOT found! sending session key id to AuthService
Distribution protocol: TCP
connected to auth! from local port 56268
received auth hello!
{ authId: 501, nonce: <Buffer 83 13 b2 81 fb 12 ab a8> }
received session key response encrypted with distribution key
replyNonce in sessionKeyResp: <Buffer 40 f9 5c 1a 3b 1c 05 72>
auth nonce verified
handleSessionKeyResp: session key request succeeded! authFailureCount: 0
received 1 keys
Session key id is as expected
server ret: [object Object]
chosen nonce: <Buffer ba 99 49 65 4b 24 4f fb>
switching to HANDSHAKE_2_SENT
disconnected from auth
received session key handshake3!
{ replyNonce: <Buffer ba 99 49 65 4b 24 4f fb> }
client authenticated/authorized by solving nonce!
switching to IN_COMM
Handler: secure connection with the client established.
{ id: 26,
  remoteAddress: '::ffff:10.0.1.62:38340',
  status: 'open' }
received secure communication!
Received seqNum: 0
data received from server via secure communication
Handler: socketID: 26 data: data1
toSend: { data: <Buffer 64 61 74 61 31>, id: 26 }
specified socketID: 26
Unidentified client disconnected
Handler: secure connection with the client closed.
socket #26 closed
Unidentified client connected
received session key handshake1
switching to HANDSHAKE_1_RECEIVED state.
session key id: 50100234
session key NOT found! sending session key id to AuthService
Distribution protocol: TCP
connected to auth! from local port 56532
received auth hello!
{ authId: 501, nonce: <Buffer 40 b3 df 00 ce 12 58 2b> }
received session key response encrypted with distribution key
replyNonce in sessionKeyResp: <Buffer 59 29 69 6d 8c a9 9f d5>
auth nonce verified
handleSessionKeyResp: session key request succeeded! authFailureCount: 0
received 1 keys
Session key id is as expected
server ret: [object Object]
chosen nonce: <Buffer 2a a8 25 24 7c 25 9d 7b>
switching to HANDSHAKE_2_SENT
received session key handshake3!
{ replyNonce: <Buffer 2a a8 25 24 7c 25 9d 7b> }
client authenticated/authorized by solving nonce!
switching to IN_COMM
Handler: secure connection with the client established.
{ id: 27,
  remoteAddress: '::ffff:10.0.1.62:38604',
  status: 'open' }
disconnected from auth
received secure communication!
Received seqNum: 0
data received from server via secure communication
Handler: socketID: 27 data: data1
toSend: { data: <Buffer 64 61 74 61 31>, id: 27 }
specified socketID: 27
Unidentified client disconnected
Handler: secure connection with the client closed.
socket #27 closed
