changing working directory to: /home/hokeunkim/Development/iotauth/entity/node/example_entities
loading from config file: /home/hokeunkim/Development/iotauth_experiments/experiments/ccs2017/expOptions/expEntity.option
Experimental options for autoClient: { autoSendPeriod: 60000,
  useSameSessionKeyCount: 1,
  connectionTimeout: 50000,
  migrationEnabled: false,
  authFailureThreshold: 2,
  migrationFailureThreshold: 2 }
loading from config file: /home/hokeunkim/Development/iotauth/entity/node/example_entities/configs/Clients/c514.config
initializing...
current parameters: { numKeysPerRequest: 3,
  migrationEnabled: false,
  authFailureThreshold: 3,
  migrationFailureThreshold: 3 }
current parameters: { numKeysPerRequest: 1,
  migrationEnabled: false,
  authFailureThreshold: 3,
  migrationFailureThreshold: 3 }
current parameters: { numKeysPerRequest: 1,
  migrationEnabled: false,
  authFailureThreshold: 3,
  migrationFailureThreshold: 3 }
current parameters: { numKeysPerRequest: 1,
  migrationEnabled: false,
  authFailureThreshold: 2,
  migrationFailureThreshold: 3 }
current parameters: { numKeysPerRequest: 1,
  migrationEnabled: false,
  authFailureThreshold: 2,
  migrationFailureThreshold: 2 }
current entityInfo: { name: 'c514',
  group: 'Clients',
  distProtocol: 'TCP',
  usePermanentDistKey: false,
  connectionTimeout: 50000,
  privateKey: <Buffer 2d 2d 2d 2d 2d 42 45 47 49 4e 20 52 53 41 20 50 52 49 56 41 54 45 20 4b 45 59 2d 2d 2d 2d 2d 0a 4d 49 49 45 70 51 49 42 41 41 4b 43 41 51 45 41 72 44 ... > }
Distribution protocol: TCP
Resp-actual/expected/ratio/ts: 0 1 0 1521668669922
connected to auth! from local port 57054
received auth hello!
{ authId: 502, nonce: <Buffer ff a7 54 1d c9 c2 f1 ee> }
received session key response with distribution key attached!
auth signature verified
replyNonce in sessionKeyResp: <Buffer 41 f9 53 1a 6c 2a 75 11>
auth nonce verified
updating distribution key: { cipherKeyVal: <Buffer ac 9b 97 19 b7 a2 df 76 75 80 7c 95 25 01 5e ab>,
  macKeyVal: <Buffer 49 06 81 87 d1 7d 20 6b 0d 1f 76 88 47 14 05 60 d9 c6 13 82 fc 1c 17 7e d0 78 65 12 0b 45 52 cd>,
  absValidity: 2018-03-21T22:44:30.107Z }
received 1 keys
currentSessionKey: [object Object]
Session protocol: TCP
chosen commSessionKey: 
{ id: 50202232,
  cipherKeyVal: <Buffer 06 60 e0 71 00 f4 8b ac cc a4 2c 7f 61 fc a3 84>,
  macKeyVal: <Buffer 72 81 b4 97 1f 81 c7 d8 b4 dd 85 2a 2e c0 5f c9 d5 5b 26 5b 4b 41 25 cc df 75 11 11 31 9c dd 25>,
  absValidity: 2018-03-22T21:44:30.106Z,
  relValidity: 7200000 }
options
{ serverHost: '10.0.1.33',
  serverPort: 22100,
  sessionKey: 
   { id: 50202232,
     cipherKeyVal: <Buffer 06 60 e0 71 00 f4 8b ac cc a4 2c 7f 61 fc a3 84>,
     macKeyVal: <Buffer 72 81 b4 97 1f 81 c7 d8 b4 dd 85 2a 2e c0 5f c9 d5 5b 26 5b 4b 41 25 cc df 75 11 11 31 9c dd 25>,
     absValidity: 2018-03-22T21:44:30.106Z,
     relValidity: 7200000 },
  sessionCryptoSpec: { cipher: 'AES-128-CBC', mac: 'SHA256' },
  sessionProtocol: 'TCP',
  handshakeTimeout: 50000 }
disconnected from auth
chosen nonce: <Buffer 6a d6 0c de 8f 2c fd 43>
switching to HANDSHAKE_1_SENT
received session key handshake2!
client ret: [object Object]
server authenticated/authorized by solving nonce!
Handler: communication initialization succeeded
file data length: 1024
sending at Wed Mar 21 2018 21:44:31 GMT+0000 (UTC)
switching to IN_COMM
received secure communication message!
Received seqNum: 0
Handler: data received from server via secure communication
data1
Resp-actual/expected/ratio/ts: 1 1 1 1521668671812
Distribution protocol: TCP
Resp-actual/expected/ratio/ts: 1 2 0.5 1521668729982
connected to auth! from local port 57326
received auth hello!
{ authId: 502, nonce: <Buffer 45 33 ae 45 17 4b 17 20> }
received session key response encrypted with distribution key
replyNonce in sessionKeyResp: <Buffer 1d 62 d3 dd 2e 3f 21 df>
auth nonce verified
received 1 keys
currentSessionKey: [object Object]
Status: Secure connection closed before starting a new connection.
Session protocol: TCP
chosen commSessionKey: 
{ id: 50202239,
  cipherKeyVal: <Buffer f2 3b e6 68 09 dc db 3f 9e 65 65 30 48 78 33 01>,
  macKeyVal: <Buffer 77 a1 0d 63 9a 62 c4 54 0d 15 bc f9 9b 4d 18 30 69 c6 aa 74 1a 0e 92 fd 54 2e 09 d2 bc 02 f5 55>,
  absValidity: 2018-03-22T21:45:30.105Z,
  relValidity: 7200000 }
options
{ serverHost: '10.0.1.33',
  serverPort: 22100,
  sessionKey: 
   { id: 50202239,
     cipherKeyVal: <Buffer f2 3b e6 68 09 dc db 3f 9e 65 65 30 48 78 33 01>,
     macKeyVal: <Buffer 77 a1 0d 63 9a 62 c4 54 0d 15 bc f9 9b 4d 18 30 69 c6 aa 74 1a 0e 92 fd 54 2e 09 d2 bc 02 f5 55>,
     absValidity: 2018-03-22T21:45:30.105Z,
     relValidity: 7200000 },
  sessionCryptoSpec: { cipher: 'AES-128-CBC', mac: 'SHA256' },
  sessionProtocol: 'TCP',
  handshakeTimeout: 50000 }
chosen nonce: <Buffer 27 c2 44 bc 9f 87 af 0c>
switching to HANDSHAKE_1_SENT
disconnected from auth
Handler: secure connection with the server closed.
received session key handshake2!
client ret: [object Object]
server authenticated/authorized by solving nonce!
Handler: communication initialization succeeded
file data length: 1024
sending at Wed Mar 21 2018 21:45:31 GMT+0000 (UTC)
switching to IN_COMM
received secure communication message!
Received seqNum: 0
Handler: data received from server via secure communication
data1
Resp-actual/expected/ratio/ts: 2 2 1 1521668731761
Distribution protocol: TCP
Resp-actual/expected/ratio/ts: 2 3 0.6666666666666666 1521668790001
connected to auth! from local port 57596
received auth hello!
{ authId: 502, nonce: <Buffer 3f cc 7d 24 c1 80 d1 03> }
received session key response encrypted with distribution key
replyNonce in sessionKeyResp: <Buffer d6 09 9d 6a d1 ec 4d fc>
auth nonce verified
received 1 keys
currentSessionKey: [object Object]
Status: Secure connection closed before starting a new connection.
Session protocol: TCP
chosen commSessionKey: 
{ id: 50202246,
  cipherKeyVal: <Buffer 5a 4f c2 7f 7e 03 70 c3 f4 0a 0c db 3b 40 f7 96>,
  macKeyVal: <Buffer 2f 5a 26 0e 91 7d de e5 75 55 1e 50 b7 e3 59 35 f0 69 0b 72 fb f1 14 7d fa de ac f6 71 8e 8d ec>,
  absValidity: 2018-03-22T21:46:30.128Z,
  relValidity: 7200000 }
options
{ serverHost: '10.0.1.33',
  serverPort: 22100,
  sessionKey: 
   { id: 50202246,
     cipherKeyVal: <Buffer 5a 4f c2 7f 7e 03 70 c3 f4 0a 0c db 3b 40 f7 96>,
     macKeyVal: <Buffer 2f 5a 26 0e 91 7d de e5 75 55 1e 50 b7 e3 59 35 f0 69 0b 72 fb f1 14 7d fa de ac f6 71 8e 8d ec>,
     absValidity: 2018-03-22T21:46:30.128Z,
     relValidity: 7200000 },
  sessionCryptoSpec: { cipher: 'AES-128-CBC', mac: 'SHA256' },
  sessionProtocol: 'TCP',
  handshakeTimeout: 50000 }
chosen nonce: <Buffer a6 1e 6e 18 fa 5f b7 79>
switching to HANDSHAKE_1_SENT
disconnected from auth
Handler: secure connection with the server closed.
received session key handshake2!
client ret: [object Object]
server authenticated/authorized by solving nonce!
Handler: communication initialization succeeded
file data length: 1024
sending at Wed Mar 21 2018 21:46:31 GMT+0000 (UTC)
switching to IN_COMM
received secure communication message!
Received seqNum: 0
Handler: data received from server via secure communication
data1
Resp-actual/expected/ratio/ts: 3 3 1 1521668791795
Distribution protocol: TCP
Resp-actual/expected/ratio/ts: 3 4 0.75 1521668850057
connected to auth! from local port 57866
received auth hello!
{ authId: 502, nonce: <Buffer 1e a4 d9 16 18 59 cd b8> }
received session key response encrypted with distribution key
replyNonce in sessionKeyResp: <Buffer 6f 8c 13 39 d2 c7 10 4e>
auth nonce verified
received 1 keys
currentSessionKey: [object Object]
Status: Secure connection closed before starting a new connection.
Session protocol: TCP
chosen commSessionKey: 
{ id: 50202253,
  cipherKeyVal: <Buffer 6d 5d ed 83 27 e0 23 f2 80 48 a5 c2 ed fd 16 68>,
  macKeyVal: <Buffer 5b c7 c7 74 d7 4e 7e b4 40 df e0 06 84 e3 6d 8b 33 d5 1a 7e 12 48 c3 32 11 f3 32 15 1b 9d 92 be>,
  absValidity: 2018-03-22T21:47:30.218Z,
  relValidity: 7200000 }
options
{ serverHost: '10.0.1.33',
  serverPort: 22100,
  sessionKey: 
   { id: 50202253,
     cipherKeyVal: <Buffer 6d 5d ed 83 27 e0 23 f2 80 48 a5 c2 ed fd 16 68>,
     macKeyVal: <Buffer 5b c7 c7 74 d7 4e 7e b4 40 df e0 06 84 e3 6d 8b 33 d5 1a 7e 12 48 c3 32 11 f3 32 15 1b 9d 92 be>,
     absValidity: 2018-03-22T21:47:30.218Z,
     relValidity: 7200000 },
  sessionCryptoSpec: { cipher: 'AES-128-CBC', mac: 'SHA256' },
  sessionProtocol: 'TCP',
  handshakeTimeout: 50000 }
chosen nonce: <Buffer 1b e6 f9 06 7a a4 2a 09>
switching to HANDSHAKE_1_SENT
disconnected from auth
Handler: secure connection with the server closed.
received session key handshake2!
client ret: [object Object]
server authenticated/authorized by solving nonce!
Handler: communication initialization succeeded
file data length: 1024
sending at Wed Mar 21 2018 21:47:31 GMT+0000 (UTC)
switching to IN_COMM
received secure communication message!
Received seqNum: 0
Handler: data received from server via secure communication
data1
Resp-actual/expected/ratio/ts: 4 4 1 1521668851902
Distribution protocol: TCP
Resp-actual/expected/ratio/ts: 4 5 0.8 1521668910113
connected to auth! from local port 58136
received auth hello!
{ authId: 502, nonce: <Buffer 98 47 9e 58 14 0d d3 4e> }
received session key response encrypted with distribution key
replyNonce in sessionKeyResp: <Buffer 43 71 45 04 7c 87 c9 41>
auth nonce verified
received 1 keys
currentSessionKey: [object Object]
Status: Secure connection closed before starting a new connection.
Session protocol: TCP
chosen commSessionKey: 
{ id: 50202260,
  cipherKeyVal: <Buffer ee 08 34 a6 dd 31 5d 10 0e 5f 6a c3 91 3a 93 89>,
  macKeyVal: <Buffer 85 67 78 78 f8 84 cc ba 59 7a b1 fd 38 aa 1c 83 ba 11 01 5d ed b1 67 3d a3 1a f9 32 ff b0 41 b4>,
  absValidity: 2018-03-22T21:48:30.248Z,
  relValidity: 7200000 }
options
{ serverHost: '10.0.1.33',
  serverPort: 22100,
  sessionKey: 
   { id: 50202260,
     cipherKeyVal: <Buffer ee 08 34 a6 dd 31 5d 10 0e 5f 6a c3 91 3a 93 89>,
     macKeyVal: <Buffer 85 67 78 78 f8 84 cc ba 59 7a b1 fd 38 aa 1c 83 ba 11 01 5d ed b1 67 3d a3 1a f9 32 ff b0 41 b4>,
     absValidity: 2018-03-22T21:48:30.248Z,
     relValidity: 7200000 },
  sessionCryptoSpec: { cipher: 'AES-128-CBC', mac: 'SHA256' },
  sessionProtocol: 'TCP',
  handshakeTimeout: 50000 }
disconnected from auth
chosen nonce: <Buffer b0 8d b3 cf 63 70 38 16>
switching to HANDSHAKE_1_SENT
Handler: secure connection with the server closed.
received session key handshake2!
client ret: [object Object]
server authenticated/authorized by solving nonce!
Handler: communication initialization succeeded
file data length: 1024
sending at Wed Mar 21 2018 21:48:31 GMT+0000 (UTC)
switching to IN_COMM
received secure communication message!
Received seqNum: 0
Handler: data received from server via secure communication
data1
Resp-actual/expected/ratio/ts: 5 5 1 1521668911923
Distribution protocol: TCP
Resp-actual/expected/ratio/ts: 5 6 0.8333333333333334 1521668970124
connected to auth! from local port 58406
received auth hello!
{ authId: 502, nonce: <Buffer 52 91 d1 4a 85 e7 64 f4> }
received session key response encrypted with distribution key
replyNonce in sessionKeyResp: <Buffer 0c 69 4a 2c 4c d4 de 58>
auth nonce verified
received 1 keys
currentSessionKey: [object Object]
Status: Secure connection closed before starting a new connection.
Session protocol: TCP
chosen commSessionKey: 
{ id: 50202267,
  cipherKeyVal: <Buffer b8 47 cc 68 63 bb 91 7c 67 c8 5b 09 1d 21 8c 12>,
  macKeyVal: <Buffer aa c8 d3 37 81 02 f8 32 c3 9a ef 78 bf b2 41 6b 53 08 6a 5f c9 cb dd 7d fe fb b3 b6 e6 71 6c bf>,
  absValidity: 2018-03-22T21:49:30.302Z,
  relValidity: 7200000 }
options
{ serverHost: '10.0.1.33',
  serverPort: 22100,
  sessionKey: 
   { id: 50202267,
     cipherKeyVal: <Buffer b8 47 cc 68 63 bb 91 7c 67 c8 5b 09 1d 21 8c 12>,
     macKeyVal: <Buffer aa c8 d3 37 81 02 f8 32 c3 9a ef 78 bf b2 41 6b 53 08 6a 5f c9 cb dd 7d fe fb b3 b6 e6 71 6c bf>,
     absValidity: 2018-03-22T21:49:30.302Z,
     relValidity: 7200000 },
  sessionCryptoSpec: { cipher: 'AES-128-CBC', mac: 'SHA256' },
  sessionProtocol: 'TCP',
  handshakeTimeout: 50000 }
chosen nonce: <Buffer 04 c5 7b 2f 31 2c 94 95>
switching to HANDSHAKE_1_SENT
disconnected from auth
Handler: secure connection with the server closed.
received session key handshake2!
client ret: [object Object]
server authenticated/authorized by solving nonce!
Handler: communication initialization succeeded
file data length: 1024
sending at Wed Mar 21 2018 21:49:31 GMT+0000 (UTC)
switching to IN_COMM
received secure communication message!
Received seqNum: 0
Handler: data received from server via secure communication
data1
Resp-actual/expected/ratio/ts: 6 6 1 1521668972003
Distribution protocol: TCP
Resp-actual/expected/ratio/ts: 6 7 0.8571428571428571 1521669030150
connected to auth! from local port 58668
received auth hello!
{ authId: 502, nonce: <Buffer 3a 86 a6 eb b1 e3 a2 b6> }
received session key response encrypted with distribution key
replyNonce in sessionKeyResp: <Buffer 05 9d f7 16 01 cb dc 8a>
auth nonce verified
received 1 keys
currentSessionKey: [object Object]
Status: Secure connection closed before starting a new connection.
Session protocol: TCP
chosen commSessionKey: 
{ id: 50202274,
  cipherKeyVal: <Buffer 2c 8f 55 71 13 b0 5a 2e aa 7f 6d 60 70 d5 ed 63>,
  macKeyVal: <Buffer 01 6f e4 2e 09 38 7c 26 ae 04 2a d0 0c b6 70 f3 02 8c d7 b5 b4 0f c9 30 cb 4e 05 64 82 37 94 8a>,
  absValidity: 2018-03-22T21:50:30.264Z,
  relValidity: 7200000 }
options
{ serverHost: '10.0.1.33',
  serverPort: 22100,
  sessionKey: 
   { id: 50202274,
     cipherKeyVal: <Buffer 2c 8f 55 71 13 b0 5a 2e aa 7f 6d 60 70 d5 ed 63>,
     macKeyVal: <Buffer 01 6f e4 2e 09 38 7c 26 ae 04 2a d0 0c b6 70 f3 02 8c d7 b5 b4 0f c9 30 cb 4e 05 64 82 37 94 8a>,
     absValidity: 2018-03-22T21:50:30.264Z,
     relValidity: 7200000 },
  sessionCryptoSpec: { cipher: 'AES-128-CBC', mac: 'SHA256' },
  sessionProtocol: 'TCP',
  handshakeTimeout: 50000 }
chosen nonce: <Buffer a6 1e c2 07 c0 a1 cf 73>
switching to HANDSHAKE_1_SENT
disconnected from auth
Handler: secure connection with the server closed.
received session key handshake2!
client ret: [object Object]
server authenticated/authorized by solving nonce!
Handler: communication initialization succeeded
file data length: 1024
sending at Wed Mar 21 2018 21:50:31 GMT+0000 (UTC)
switching to IN_COMM
received secure communication message!
Received seqNum: 0
Handler: data received from server via secure communication
data1
Resp-actual/expected/ratio/ts: 7 7 1 1521669032061
Distribution protocol: TCP
Resp-actual/expected/ratio/ts: 7 8 0.875 1521669090208
connected to auth! from local port 58854
received auth hello!
{ authId: 502, nonce: <Buffer 76 94 f3 68 1a 9c e4 15> }
received session key response encrypted with distribution key
replyNonce in sessionKeyResp: <Buffer 00 eb ba b9 8c 41 53 53>
auth nonce verified
received 1 keys
currentSessionKey: [object Object]
Status: Secure connection closed before starting a new connection.
Session protocol: TCP
chosen commSessionKey: 
{ id: 50202281,
  cipherKeyVal: <Buffer 39 8d 2a 1b 06 04 f8 e8 ee 8e 9d 1a 2f 0a 37 0b>,
  macKeyVal: <Buffer c4 d3 97 4e c3 09 16 18 56 a6 09 31 0e 6f 89 5d f5 64 b7 bf 23 0c 62 71 45 1e 3c a5 e6 c7 14 19>,
  absValidity: 2018-03-22T21:51:30.332Z,
  relValidity: 7200000 }
options
{ serverHost: '10.0.1.33',
  serverPort: 22100,
  sessionKey: 
   { id: 50202281,
     cipherKeyVal: <Buffer 39 8d 2a 1b 06 04 f8 e8 ee 8e 9d 1a 2f 0a 37 0b>,
     macKeyVal: <Buffer c4 d3 97 4e c3 09 16 18 56 a6 09 31 0e 6f 89 5d f5 64 b7 bf 23 0c 62 71 45 1e 3c a5 e6 c7 14 19>,
     absValidity: 2018-03-22T21:51:30.332Z,
     relValidity: 7200000 },
  sessionCryptoSpec: { cipher: 'AES-128-CBC', mac: 'SHA256' },
  sessionProtocol: 'TCP',
  handshakeTimeout: 50000 }
chosen nonce: <Buffer 47 cf 11 34 f7 f5 59 6d>
switching to HANDSHAKE_1_SENT
disconnected from auth
Handler: secure connection with the server closed.
received session key handshake2!
client ret: [object Object]
server authenticated/authorized by solving nonce!
Handler: communication initialization succeeded
file data length: 1024
sending at Wed Mar 21 2018 21:51:31 GMT+0000 (UTC)
switching to IN_COMM
received secure communication message!
Received seqNum: 0
Handler: data received from server via secure communication
data1
Resp-actual/expected/ratio/ts: 8 8 1 1521669092023
Distribution protocol: TCP
Resp-actual/expected/ratio/ts: 8 9 0.8888888888888888 1521669150267
connected to auth! from local port 59040
received auth hello!
{ authId: 502, nonce: <Buffer a9 1e ed 3c 6d c7 76 f9> }
received session key response encrypted with distribution key
replyNonce in sessionKeyResp: <Buffer 3b 53 b8 de 63 9f ba 11>
auth nonce verified
received 1 keys
currentSessionKey: [object Object]
Status: Secure connection closed before starting a new connection.
Session protocol: TCP
chosen commSessionKey: 
{ id: 50202288,
  cipherKeyVal: <Buffer 1c 1d 91 4c 46 bd 41 de ca af 7f 27 97 ec c7 91>,
  macKeyVal: <Buffer 7d d0 3b 04 5c 82 1c a2 bc de a8 3f 9f 2d c1 e7 1a 1d 4c e8 08 f6 c0 34 75 36 20 08 6c 60 d2 09>,
  absValidity: 2018-03-22T21:52:30.406Z,
  relValidity: 7200000 }
options
{ serverHost: '10.0.1.33',
  serverPort: 22100,
  sessionKey: 
   { id: 50202288,
     cipherKeyVal: <Buffer 1c 1d 91 4c 46 bd 41 de ca af 7f 27 97 ec c7 91>,
     macKeyVal: <Buffer 7d d0 3b 04 5c 82 1c a2 bc de a8 3f 9f 2d c1 e7 1a 1d 4c e8 08 f6 c0 34 75 36 20 08 6c 60 d2 09>,
     absValidity: 2018-03-22T21:52:30.406Z,
     relValidity: 7200000 },
  sessionCryptoSpec: { cipher: 'AES-128-CBC', mac: 'SHA256' },
  sessionProtocol: 'TCP',
  handshakeTimeout: 50000 }
chosen nonce: <Buffer d5 b5 bd c8 a2 6e cf 25>
switching to HANDSHAKE_1_SENT
disconnected from auth
Handler: secure connection with the server closed.
received session key handshake2!
client ret: [object Object]
server authenticated/authorized by solving nonce!
Handler: communication initialization succeeded
file data length: 1024
sending at Wed Mar 21 2018 21:52:31 GMT+0000 (UTC)
switching to IN_COMM
received secure communication message!
Received seqNum: 0
Handler: data received from server via secure communication
data1
Resp-actual/expected/ratio/ts: 9 9 1 1521669152043
Distribution protocol: TCP
Resp-actual/expected/ratio/ts: 9 10 0.9 1521669210325
connected to auth! from local port 59226
received auth hello!
{ authId: 502, nonce: <Buffer 76 4b 4f 01 d9 8d b6 41> }
received session key response encrypted with distribution key
replyNonce in sessionKeyResp: <Buffer a8 23 bb f5 cf 10 ff a7>
auth nonce verified
received 1 keys
currentSessionKey: [object Object]
Status: Secure connection closed before starting a new connection.
Session protocol: TCP
chosen commSessionKey: 
{ id: 50202295,
  cipherKeyVal: <Buffer d0 c9 80 86 b4 6b fb 33 0e 6f 7a 7f 8c bf b9 38>,
  macKeyVal: <Buffer 56 93 3f 27 4f fd 11 8c a2 79 18 76 cd 64 e4 4d 8f 53 f5 b2 01 7b 15 d0 43 79 0b 4a fb 18 6b e6>,
  absValidity: 2018-03-22T21:53:30.458Z,
  relValidity: 7200000 }
options
{ serverHost: '10.0.1.33',
  serverPort: 22100,
  sessionKey: 
   { id: 50202295,
     cipherKeyVal: <Buffer d0 c9 80 86 b4 6b fb 33 0e 6f 7a 7f 8c bf b9 38>,
     macKeyVal: <Buffer 56 93 3f 27 4f fd 11 8c a2 79 18 76 cd 64 e4 4d 8f 53 f5 b2 01 7b 15 d0 43 79 0b 4a fb 18 6b e6>,
     absValidity: 2018-03-22T21:53:30.458Z,
     relValidity: 7200000 },
  sessionCryptoSpec: { cipher: 'AES-128-CBC', mac: 'SHA256' },
  sessionProtocol: 'TCP',
  handshakeTimeout: 50000 }
chosen nonce: <Buffer 32 85 57 2c b5 5c 32 df>
switching to HANDSHAKE_1_SENT
disconnected from auth
Handler: secure connection with the server closed.
received session key handshake2!
client ret: [object Object]
server authenticated/authorized by solving nonce!
Handler: communication initialization succeeded
file data length: 1024
sending at Wed Mar 21 2018 21:53:31 GMT+0000 (UTC)
switching to IN_COMM
received secure communication message!
Received seqNum: 0
Handler: data received from server via secure communication
data1
Resp-actual/expected/ratio/ts: 10 10 1 1521669212245
Distribution protocol: TCP
Resp-actual/expected/ratio/ts: 10 11 0.9090909090909091 1521669270384
connected to auth! from local port 59412
received auth hello!
{ authId: 502, nonce: <Buffer 33 4b 53 72 53 51 50 c1> }
received session key response encrypted with distribution key
replyNonce in sessionKeyResp: <Buffer 06 9a c4 df 00 95 80 b2>
auth nonce verified
received 1 keys
currentSessionKey: [object Object]
Status: Secure connection closed before starting a new connection.
Session protocol: TCP
chosen commSessionKey: 
{ id: 50202302,
  cipherKeyVal: <Buffer 41 19 8a aa 04 72 9d 1d 3c 36 67 f7 9f a9 b5 d5>,
  macKeyVal: <Buffer e3 89 ff 30 e0 f7 eb f9 b3 80 80 e3 4a 83 04 5f 93 60 a0 1e 84 17 48 da 11 53 86 e4 60 23 9a 08>,
  absValidity: 2018-03-22T21:54:30.517Z,
  relValidity: 7200000 }
options
{ serverHost: '10.0.1.33',
  serverPort: 22100,
  sessionKey: 
   { id: 50202302,
     cipherKeyVal: <Buffer 41 19 8a aa 04 72 9d 1d 3c 36 67 f7 9f a9 b5 d5>,
     macKeyVal: <Buffer e3 89 ff 30 e0 f7 eb f9 b3 80 80 e3 4a 83 04 5f 93 60 a0 1e 84 17 48 da 11 53 86 e4 60 23 9a 08>,
     absValidity: 2018-03-22T21:54:30.517Z,
     relValidity: 7200000 },
  sessionCryptoSpec: { cipher: 'AES-128-CBC', mac: 'SHA256' },
  sessionProtocol: 'TCP',
  handshakeTimeout: 50000 }
chosen nonce: <Buffer 1a d4 09 e7 20 30 ab 0e>
switching to HANDSHAKE_1_SENT
disconnected from auth
Handler: secure connection with the server closed.
received session key handshake2!
client ret: [object Object]
server authenticated/authorized by solving nonce!
Handler: communication initialization succeeded
file data length: 1024
sending at Wed Mar 21 2018 21:54:31 GMT+0000 (UTC)
switching to IN_COMM
received secure communication message!
Received seqNum: 0
Handler: data received from server via secure communication
data1
Resp-actual/expected/ratio/ts: 11 11 1 1521669272103
Distribution protocol: TCP
Resp-actual/expected/ratio/ts: 11 12 0.9166666666666666 1521669330441
connected to auth! from local port 59598
received auth hello!
{ authId: 502, nonce: <Buffer ba a0 8e 17 0f 02 59 38> }
received session key response encrypted with distribution key
replyNonce in sessionKeyResp: <Buffer ad de 5c 09 04 62 8b 6a>
auth nonce verified
received 1 keys
currentSessionKey: [object Object]
Status: Secure connection closed before starting a new connection.
Session protocol: TCP
chosen commSessionKey: 
{ id: 50202309,
  cipherKeyVal: <Buffer 20 61 69 b9 bf d9 38 6e c3 cf b6 ab 6e 78 18 9f>,
  macKeyVal: <Buffer d8 ef 9c d4 3a 8a 41 8f 1e fd e6 47 01 2f 88 a2 8b f6 45 ad 31 df 87 0f db cb 75 e9 c4 1b ce 4d>,
  absValidity: 2018-03-22T21:55:30.574Z,
  relValidity: 7200000 }
options
{ serverHost: '10.0.1.33',
  serverPort: 22100,
  sessionKey: 
   { id: 50202309,
     cipherKeyVal: <Buffer 20 61 69 b9 bf d9 38 6e c3 cf b6 ab 6e 78 18 9f>,
     macKeyVal: <Buffer d8 ef 9c d4 3a 8a 41 8f 1e fd e6 47 01 2f 88 a2 8b f6 45 ad 31 df 87 0f db cb 75 e9 c4 1b ce 4d>,
     absValidity: 2018-03-22T21:55:30.574Z,
     relValidity: 7200000 },
  sessionCryptoSpec: { cipher: 'AES-128-CBC', mac: 'SHA256' },
  sessionProtocol: 'TCP',
  handshakeTimeout: 50000 }
chosen nonce: <Buffer a5 be 07 42 7a eb 9d 5a>
switching to HANDSHAKE_1_SENT
disconnected from auth
Handler: secure connection with the server closed.
received session key handshake2!
client ret: [object Object]
server authenticated/authorized by solving nonce!
Handler: communication initialization succeeded
file data length: 1024
sending at Wed Mar 21 2018 21:55:31 GMT+0000 (UTC)
switching to IN_COMM
received secure communication message!
Received seqNum: 0
Handler: data received from server via secure communication
data1
Resp-actual/expected/ratio/ts: 12 12 1 1521669332137
Distribution protocol: TCP
Resp-actual/expected/ratio/ts: 12 13 0.9230769230769231 1521669390500
connected to auth! from local port 59784
received auth hello!
{ authId: 502, nonce: <Buffer a7 49 3c 9a 82 43 a3 fa> }
received session key response encrypted with distribution key
replyNonce in sessionKeyResp: <Buffer 72 65 a3 4d 64 da f0 34>
auth nonce verified
received 1 keys
currentSessionKey: [object Object]
Status: Secure connection closed before starting a new connection.
Session protocol: TCP
chosen commSessionKey: 
{ id: 50202316,
  cipherKeyVal: <Buffer 97 f9 b1 c1 b6 28 e3 ac 0b 18 1e 48 ad 36 8e 66>,
  macKeyVal: <Buffer c7 91 56 ca 51 d6 6d 27 6c 96 03 08 2f 3d 61 84 e5 94 38 d8 50 96 3a 57 29 75 7e 85 fc 3d 82 f6>,
  absValidity: 2018-03-22T21:56:30.652Z,
  relValidity: 7200000 }
options
{ serverHost: '10.0.1.33',
  serverPort: 22100,
  sessionKey: 
   { id: 50202316,
     cipherKeyVal: <Buffer 97 f9 b1 c1 b6 28 e3 ac 0b 18 1e 48 ad 36 8e 66>,
     macKeyVal: <Buffer c7 91 56 ca 51 d6 6d 27 6c 96 03 08 2f 3d 61 84 e5 94 38 d8 50 96 3a 57 29 75 7e 85 fc 3d 82 f6>,
     absValidity: 2018-03-22T21:56:30.652Z,
     relValidity: 7200000 },
  sessionCryptoSpec: { cipher: 'AES-128-CBC', mac: 'SHA256' },
  sessionProtocol: 'TCP',
  handshakeTimeout: 50000 }
chosen nonce: <Buffer 88 21 95 59 06 65 bc a9>
switching to HANDSHAKE_1_SENT
disconnected from auth
Handler: secure connection with the server closed.
received session key handshake2!
client ret: [object Object]
server authenticated/authorized by solving nonce!
Handler: communication initialization succeeded
file data length: 1024
sending at Wed Mar 21 2018 21:56:31 GMT+0000 (UTC)
switching to IN_COMM
received secure communication message!
Received seqNum: 0
Handler: data received from server via secure communication
data1
Resp-actual/expected/ratio/ts: 13 13 1 1521669392272
Distribution protocol: TCP
Resp-actual/expected/ratio/ts: 13 14 0.9285714285714286 1521669450559
connected to auth! from local port 59970
received auth hello!
{ authId: 502, nonce: <Buffer 3f da a9 b4 ce 10 b9 6e> }
received session key response encrypted with distribution key
replyNonce in sessionKeyResp: <Buffer 04 d3 51 2c ba 9c 0a da>
auth nonce verified
received 1 keys
currentSessionKey: [object Object]
Status: Secure connection closed before starting a new connection.
Session protocol: TCP
chosen commSessionKey: 
{ id: 50202323,
  cipherKeyVal: <Buffer d3 5e 68 b5 fd be d1 de 7b 0a 6f 82 0b 76 92 9f>,
  macKeyVal: <Buffer 6c e7 fb 3e 08 8b 24 35 90 04 92 ab 9c df 18 d0 90 88 e8 77 5c bf 67 f4 61 72 2e 5c 9d 21 d0 ca>,
  absValidity: 2018-03-22T21:57:30.702Z,
  relValidity: 7200000 }
options
{ serverHost: '10.0.1.33',
  serverPort: 22100,
  sessionKey: 
   { id: 50202323,
     cipherKeyVal: <Buffer d3 5e 68 b5 fd be d1 de 7b 0a 6f 82 0b 76 92 9f>,
     macKeyVal: <Buffer 6c e7 fb 3e 08 8b 24 35 90 04 92 ab 9c df 18 d0 90 88 e8 77 5c bf 67 f4 61 72 2e 5c 9d 21 d0 ca>,
     absValidity: 2018-03-22T21:57:30.702Z,
     relValidity: 7200000 },
  sessionCryptoSpec: { cipher: 'AES-128-CBC', mac: 'SHA256' },
  sessionProtocol: 'TCP',
  handshakeTimeout: 50000 }
chosen nonce: <Buffer 17 ac cc eb f8 3e 32 65>
switching to HANDSHAKE_1_SENT
disconnected from auth
Handler: secure connection with the server closed.
received session key handshake2!
client ret: [object Object]
server authenticated/authorized by solving nonce!
Handler: communication initialization succeeded
file data length: 1024
sending at Wed Mar 21 2018 21:57:31 GMT+0000 (UTC)
switching to IN_COMM
received secure communication message!
Received seqNum: 0
Handler: data received from server via secure communication
data1
Resp-actual/expected/ratio/ts: 14 14 1 1521669452282
Distribution protocol: TCP
Resp-actual/expected/ratio/ts: 14 15 0.9333333333333333 1521669510571
connected to auth! from local port 60156
received auth hello!
{ authId: 502, nonce: <Buffer 77 44 55 96 15 9d 39 45> }
received session key response encrypted with distribution key
replyNonce in sessionKeyResp: <Buffer 04 6f 3f 45 dd 7e 58 60>
auth nonce verified
received 1 keys
currentSessionKey: [object Object]
Status: Secure connection closed before starting a new connection.
Session protocol: TCP
chosen commSessionKey: 
{ id: 50202330,
  cipherKeyVal: <Buffer 87 f6 68 72 ec 9a 7d c0 42 46 e4 e1 47 8c b0 4a>,
  macKeyVal: <Buffer 08 88 b0 9b c6 e1 b2 39 74 38 8d b4 e2 44 db d4 1f 26 8f df 45 3f 72 d1 99 43 c4 2f f5 10 aa 06>,
  absValidity: 2018-03-22T21:58:30.686Z,
  relValidity: 7200000 }
options
{ serverHost: '10.0.1.33',
  serverPort: 22100,
  sessionKey: 
   { id: 50202330,
     cipherKeyVal: <Buffer 87 f6 68 72 ec 9a 7d c0 42 46 e4 e1 47 8c b0 4a>,
     macKeyVal: <Buffer 08 88 b0 9b c6 e1 b2 39 74 38 8d b4 e2 44 db d4 1f 26 8f df 45 3f 72 d1 99 43 c4 2f f5 10 aa 06>,
     absValidity: 2018-03-22T21:58:30.686Z,
     relValidity: 7200000 },
  sessionCryptoSpec: { cipher: 'AES-128-CBC', mac: 'SHA256' },
  sessionProtocol: 'TCP',
  handshakeTimeout: 50000 }
chosen nonce: <Buffer a7 4f ef 17 18 d5 66 8e>
switching to HANDSHAKE_1_SENT
disconnected from auth
Handler: secure connection with the server closed.
received session key handshake2!
client ret: [object Object]
server authenticated/authorized by solving nonce!
Handler: communication initialization succeeded
file data length: 1024
sending at Wed Mar 21 2018 21:58:31 GMT+0000 (UTC)
switching to IN_COMM
received secure communication message!
Received seqNum: 0
Handler: data received from server via secure communication
data1
Resp-actual/expected/ratio/ts: 15 15 1 1521669512180
Distribution protocol: TCP
Resp-actual/expected/ratio/ts: 15 16 0.9375 1521669570629
connected to auth! from local port 60342
received auth hello!
{ authId: 502, nonce: <Buffer 1b 95 9d 1c 3e af 59 21> }
received session key response encrypted with distribution key
replyNonce in sessionKeyResp: <Buffer 66 01 99 e2 45 c1 fb a9>
auth nonce verified
received 1 keys
currentSessionKey: [object Object]
Status: Secure connection closed before starting a new connection.
Session protocol: TCP
chosen commSessionKey: 
{ id: 50202337,
  cipherKeyVal: <Buffer a2 fc d1 82 7a c5 f4 55 be 28 32 56 19 ff 16 da>,
  macKeyVal: <Buffer dc a4 da 87 4d 50 71 f4 f2 dc 60 81 33 b8 8c ab ee f0 a7 e2 6d 0c 04 34 12 d4 49 14 0e d7 82 ef>,
  absValidity: 2018-03-22T21:59:30.753Z,
  relValidity: 7200000 }
options
{ serverHost: '10.0.1.33',
  serverPort: 22100,
  sessionKey: 
   { id: 50202337,
     cipherKeyVal: <Buffer a2 fc d1 82 7a c5 f4 55 be 28 32 56 19 ff 16 da>,
     macKeyVal: <Buffer dc a4 da 87 4d 50 71 f4 f2 dc 60 81 33 b8 8c ab ee f0 a7 e2 6d 0c 04 34 12 d4 49 14 0e d7 82 ef>,
     absValidity: 2018-03-22T21:59:30.753Z,
     relValidity: 7200000 },
  sessionCryptoSpec: { cipher: 'AES-128-CBC', mac: 'SHA256' },
  sessionProtocol: 'TCP',
  handshakeTimeout: 50000 }
chosen nonce: <Buffer e2 82 42 74 7b 24 54 00>
switching to HANDSHAKE_1_SENT
disconnected from auth
Handler: secure connection with the server closed.
received session key handshake2!
client ret: [object Object]
server authenticated/authorized by solving nonce!
Handler: communication initialization succeeded
file data length: 1024
sending at Wed Mar 21 2018 21:59:31 GMT+0000 (UTC)
switching to IN_COMM
received secure communication message!
Received seqNum: 0
Handler: data received from server via secure communication
data1
Resp-actual/expected/ratio/ts: 16 16 1 1521669572287
Distribution protocol: TCP
Resp-actual/expected/ratio/ts: 16 17 0.9411764705882353 1521669630688
connected to auth! from local port 60528
received auth hello!
{ authId: 502, nonce: <Buffer 55 ee e2 2b f1 82 a7 4c> }
received session key response encrypted with distribution key
replyNonce in sessionKeyResp: <Buffer 8f 87 52 66 e5 54 dc aa>
auth nonce verified
received 1 keys
currentSessionKey: [object Object]
Status: Secure connection closed before starting a new connection.
Session protocol: TCP
chosen commSessionKey: 
{ id: 50202344,
  cipherKeyVal: <Buffer 0e 6e 7e 8a ef ad ad e9 0e f3 0d 10 5a 77 6a 36>,
  macKeyVal: <Buffer 90 b8 8e 57 0a 77 1c 17 a6 df fd cd 41 fb d2 bc 3b e4 ea 0a 75 cd 1d 53 40 70 9c 84 ef b1 35 c4>,
  absValidity: 2018-03-22T22:00:30.807Z,
  relValidity: 7200000 }
options
{ serverHost: '10.0.1.33',
  serverPort: 22100,
  sessionKey: 
   { id: 50202344,
     cipherKeyVal: <Buffer 0e 6e 7e 8a ef ad ad e9 0e f3 0d 10 5a 77 6a 36>,
     macKeyVal: <Buffer 90 b8 8e 57 0a 77 1c 17 a6 df fd cd 41 fb d2 bc 3b e4 ea 0a 75 cd 1d 53 40 70 9c 84 ef b1 35 c4>,
     absValidity: 2018-03-22T22:00:30.807Z,
     relValidity: 7200000 },
  sessionCryptoSpec: { cipher: 'AES-128-CBC', mac: 'SHA256' },
  sessionProtocol: 'TCP',
  handshakeTimeout: 50000 }
chosen nonce: <Buffer b2 06 ce ff 02 57 7f 5a>
switching to HANDSHAKE_1_SENT
disconnected from auth
Handler: secure connection with the server closed.
received session key handshake2!
client ret: [object Object]
server authenticated/authorized by solving nonce!
Handler: communication initialization succeeded
file data length: 1024
sending at Wed Mar 21 2018 22:00:31 GMT+0000 (UTC)
switching to IN_COMM
received secure communication message!
Received seqNum: 0
Handler: data received from server via secure communication
data1
Resp-actual/expected/ratio/ts: 17 17 1 1521669632366
Distribution protocol: TCP
Resp-actual/expected/ratio/ts: 17 18 0.9444444444444444 1521669690698
connected to auth! from local port 60714
received auth hello!
{ authId: 502, nonce: <Buffer 2d bf f0 37 32 3c 10 8a> }
received session key response encrypted with distribution key
replyNonce in sessionKeyResp: <Buffer d9 29 5b 72 1a 1e 9c 05>
auth nonce verified
received 1 keys
currentSessionKey: [object Object]
Status: Secure connection closed before starting a new connection.
Session protocol: TCP
chosen commSessionKey: 
{ id: 50202351,
  cipherKeyVal: <Buffer 23 8f 86 73 c0 3e f9 40 aa 57 20 22 e9 9a e5 50>,
  macKeyVal: <Buffer 99 18 34 a7 03 0c ec d4 c7 71 b2 6c ac c1 f3 e7 cc 89 62 4a 4c 39 20 60 59 33 ba 79 42 95 30 a5>,
  absValidity: 2018-03-22T22:01:30.831Z,
  relValidity: 7200000 }
options
{ serverHost: '10.0.1.33',
  serverPort: 22100,
  sessionKey: 
   { id: 50202351,
     cipherKeyVal: <Buffer 23 8f 86 73 c0 3e f9 40 aa 57 20 22 e9 9a e5 50>,
     macKeyVal: <Buffer 99 18 34 a7 03 0c ec d4 c7 71 b2 6c ac c1 f3 e7 cc 89 62 4a 4c 39 20 60 59 33 ba 79 42 95 30 a5>,
     absValidity: 2018-03-22T22:01:30.831Z,
     relValidity: 7200000 },
  sessionCryptoSpec: { cipher: 'AES-128-CBC', mac: 'SHA256' },
  sessionProtocol: 'TCP',
  handshakeTimeout: 50000 }
chosen nonce: <Buffer f1 1f 0f 68 95 03 97 65>
switching to HANDSHAKE_1_SENT
disconnected from auth
Handler: secure connection with the server closed.
received session key handshake2!
client ret: [object Object]
server authenticated/authorized by solving nonce!
Handler: communication initialization succeeded
file data length: 1024
sending at Wed Mar 21 2018 22:01:31 GMT+0000 (UTC)
switching to IN_COMM
received secure communication message!
Received seqNum: 0
Handler: data received from server via secure communication
data1
Resp-actual/expected/ratio/ts: 18 18 1 1521669692286
Distribution protocol: TCP
Resp-actual/expected/ratio/ts: 18 19 0.9473684210526315 1521669750758
connected to auth! from local port 60900
received auth hello!
{ authId: 502, nonce: <Buffer 1c 6d b6 de cc 6d 67 14> }
received session key response encrypted with distribution key
replyNonce in sessionKeyResp: <Buffer d1 7e d8 97 41 b2 d9 58>
auth nonce verified
received 1 keys
currentSessionKey: [object Object]
Status: Secure connection closed before starting a new connection.
Session protocol: TCP
chosen commSessionKey: 
{ id: 50202358,
  cipherKeyVal: <Buffer 59 13 00 4e eb 82 fc c2 fc 40 c6 93 7e a2 64 4a>,
  macKeyVal: <Buffer 6f 0e 1b dd 13 f9 0d 78 7b d2 e9 3f 37 7a a1 0d ab 98 3a cb 1c e8 de a7 7a ca be 23 34 ed 11 dc>,
  absValidity: 2018-03-22T22:02:30.914Z,
  relValidity: 7200000 }
options
{ serverHost: '10.0.1.33',
  serverPort: 22100,
  sessionKey: 
   { id: 50202358,
     cipherKeyVal: <Buffer 59 13 00 4e eb 82 fc c2 fc 40 c6 93 7e a2 64 4a>,
     macKeyVal: <Buffer 6f 0e 1b dd 13 f9 0d 78 7b d2 e9 3f 37 7a a1 0d ab 98 3a cb 1c e8 de a7 7a ca be 23 34 ed 11 dc>,
     absValidity: 2018-03-22T22:02:30.914Z,
     relValidity: 7200000 },
  sessionCryptoSpec: { cipher: 'AES-128-CBC', mac: 'SHA256' },
  sessionProtocol: 'TCP',
  handshakeTimeout: 50000 }
chosen nonce: <Buffer 7b 1e 4f 90 1d c4 57 7e>
switching to HANDSHAKE_1_SENT
disconnected from auth
Handler: secure connection with the server closed.
received session key handshake2!
client ret: [object Object]
server authenticated/authorized by solving nonce!
Handler: communication initialization succeeded
file data length: 1024
sending at Wed Mar 21 2018 22:02:31 GMT+0000 (UTC)
switching to IN_COMM
received secure communication message!
Received seqNum: 0
Handler: data received from server via secure communication
data1
Resp-actual/expected/ratio/ts: 19 19 1 1521669752420
Distribution protocol: TCP
Resp-actual/expected/ratio/ts: 19 20 0.95 1521669810816
connected to auth! from local port 32854
received auth hello!
{ authId: 502, nonce: <Buffer 8c 55 95 cc 97 97 8d a4> }
received session key response encrypted with distribution key
replyNonce in sessionKeyResp: <Buffer a2 19 aa 8e 58 f7 7e 30>
auth nonce verified
received 1 keys
currentSessionKey: [object Object]
Status: Secure connection closed before starting a new connection.
Session protocol: TCP
chosen commSessionKey: 
{ id: 50202365,
  cipherKeyVal: <Buffer 64 ed 00 b6 74 28 4a 6a 0e b8 28 29 9d 30 9a fd>,
  macKeyVal: <Buffer a4 73 54 5b f2 32 56 51 fe 50 6a c2 ef ed 7e 2b 13 75 8b f9 c9 2a 25 a3 85 b1 89 ca 87 2f 3e df>,
  absValidity: 2018-03-22T22:03:30.967Z,
  relValidity: 7200000 }
options
{ serverHost: '10.0.1.33',
  serverPort: 22100,
  sessionKey: 
   { id: 50202365,
     cipherKeyVal: <Buffer 64 ed 00 b6 74 28 4a 6a 0e b8 28 29 9d 30 9a fd>,
     macKeyVal: <Buffer a4 73 54 5b f2 32 56 51 fe 50 6a c2 ef ed 7e 2b 13 75 8b f9 c9 2a 25 a3 85 b1 89 ca 87 2f 3e df>,
     absValidity: 2018-03-22T22:03:30.967Z,
     relValidity: 7200000 },
  sessionCryptoSpec: { cipher: 'AES-128-CBC', mac: 'SHA256' },
  sessionProtocol: 'TCP',
  handshakeTimeout: 50000 }
chosen nonce: <Buffer 28 78 28 7b 82 09 cc 1f>
switching to HANDSHAKE_1_SENT
disconnected from auth
Handler: secure connection with the server closed.
received session key handshake2!
client ret: [object Object]
server authenticated/authorized by solving nonce!
Handler: communication initialization succeeded
file data length: 1024
sending at Wed Mar 21 2018 22:03:31 GMT+0000 (UTC)
switching to IN_COMM
received secure communication message!
Received seqNum: 0
Handler: data received from server via secure communication
data1
Resp-actual/expected/ratio/ts: 20 20 1 1521669812443
Distribution protocol: TCP
Resp-actual/expected/ratio/ts: 20 21 0.9523809523809523 1521669870875
connected to auth! from local port 33040
received auth hello!
{ authId: 502, nonce: <Buffer be a6 51 02 60 e9 84 fc> }
received session key response encrypted with distribution key
replyNonce in sessionKeyResp: <Buffer 94 84 0e e7 20 37 27 50>
auth nonce verified
received 1 keys
currentSessionKey: [object Object]
Status: Secure connection closed before starting a new connection.
Session protocol: TCP
chosen commSessionKey: 
{ id: 50202372,
  cipherKeyVal: <Buffer e0 42 73 a1 6a 2c 1d 01 7d 39 22 1f 9e 32 35 1f>,
  macKeyVal: <Buffer 01 ec 3e 7e 07 e9 bc 59 87 47 1f 5f eb 58 ea 57 c7 bb fb 09 a6 3d 1c ad 8f 51 62 23 c5 b7 f3 2e>,
  absValidity: 2018-03-22T22:04:30.991Z,
  relValidity: 7200000 }
options
{ serverHost: '10.0.1.33',
  serverPort: 22100,
  sessionKey: 
   { id: 50202372,
     cipherKeyVal: <Buffer e0 42 73 a1 6a 2c 1d 01 7d 39 22 1f 9e 32 35 1f>,
     macKeyVal: <Buffer 01 ec 3e 7e 07 e9 bc 59 87 47 1f 5f eb 58 ea 57 c7 bb fb 09 a6 3d 1c ad 8f 51 62 23 c5 b7 f3 2e>,
     absValidity: 2018-03-22T22:04:30.991Z,
     relValidity: 7200000 },
  sessionCryptoSpec: { cipher: 'AES-128-CBC', mac: 'SHA256' },
  sessionProtocol: 'TCP',
  handshakeTimeout: 50000 }
chosen nonce: <Buffer 44 20 10 29 7f 2b 43 01>
switching to HANDSHAKE_1_SENT
disconnected from auth
Handler: secure connection with the server closed.
received session key handshake2!
client ret: [object Object]
server authenticated/authorized by solving nonce!
Handler: communication initialization succeeded
file data length: 1024
sending at Wed Mar 21 2018 22:04:32 GMT+0000 (UTC)
switching to IN_COMM
received secure communication message!
Received seqNum: 0
Handler: data received from server via secure communication
data1
Resp-actual/expected/ratio/ts: 21 21 1 1521669872554
Distribution protocol: TCP
Resp-actual/expected/ratio/ts: 21 22 0.9545454545454546 1521669930934
connected to auth! from local port 33226
received auth hello!
{ authId: 502, nonce: <Buffer 6f 86 c4 a6 3d 18 c6 a3> }
received session key response encrypted with distribution key
replyNonce in sessionKeyResp: <Buffer 6d 87 e4 b3 79 e8 1f f8>
auth nonce verified
received 1 keys
currentSessionKey: [object Object]
Status: Secure connection closed before starting a new connection.
Session protocol: TCP
chosen commSessionKey: 
{ id: 50202379,
  cipherKeyVal: <Buffer 97 7d bd 7f 68 db e2 d0 c2 88 2e d7 69 2f 26 7b>,
  macKeyVal: <Buffer 8f be 64 a4 a2 62 93 94 6b a4 8c 78 9e 94 b6 42 dc 15 15 36 5b d1 71 23 97 ec 55 54 5f 6d bd 8b>,
  absValidity: 2018-03-22T22:05:31.078Z,
  relValidity: 7200000 }
options
{ serverHost: '10.0.1.33',
  serverPort: 22100,
  sessionKey: 
   { id: 50202379,
     cipherKeyVal: <Buffer 97 7d bd 7f 68 db e2 d0 c2 88 2e d7 69 2f 26 7b>,
     macKeyVal: <Buffer 8f be 64 a4 a2 62 93 94 6b a4 8c 78 9e 94 b6 42 dc 15 15 36 5b d1 71 23 97 ec 55 54 5f 6d bd 8b>,
     absValidity: 2018-03-22T22:05:31.078Z,
     relValidity: 7200000 },
  sessionCryptoSpec: { cipher: 'AES-128-CBC', mac: 'SHA256' },
  sessionProtocol: 'TCP',
  handshakeTimeout: 50000 }
chosen nonce: <Buffer 63 c0 2f 8a ec c8 72 d0>
switching to HANDSHAKE_1_SENT
disconnected from auth
Handler: secure connection with the server closed.
received session key handshake2!
client ret: [object Object]
server authenticated/authorized by solving nonce!
Handler: communication initialization succeeded
file data length: 1024
sending at Wed Mar 21 2018 22:05:32 GMT+0000 (UTC)
switching to IN_COMM
received secure communication message!
Received seqNum: 0
Handler: data received from server via secure communication
data1
Resp-actual/expected/ratio/ts: 22 22 1 1521669932545
Distribution protocol: TCP
Resp-actual/expected/ratio/ts: 22 23 0.9565217391304348 1521669990992
connected to auth! from local port 33412
received auth hello!
{ authId: 502, nonce: <Buffer ac ff 66 72 d9 5f e0 92> }
received session key response encrypted with distribution key
replyNonce in sessionKeyResp: <Buffer 37 1e c1 72 ff f2 7e 30>
auth nonce verified
received 1 keys
currentSessionKey: [object Object]
Status: Secure connection closed before starting a new connection.
Session protocol: TCP
chosen commSessionKey: 
{ id: 50202386,
  cipherKeyVal: <Buffer 83 bb 3a b2 f1 67 66 8d 17 02 ed dd d2 b1 bb 84>,
  macKeyVal: <Buffer f8 e3 d5 ac ac 22 d0 49 de e7 55 37 17 73 d6 71 6b 9d 9d ee 08 5f d8 cd 21 0c f3 7a 45 65 63 6f>,
  absValidity: 2018-03-22T22:06:31.119Z,
  relValidity: 7200000 }
options
{ serverHost: '10.0.1.33',
  serverPort: 22100,
  sessionKey: 
   { id: 50202386,
     cipherKeyVal: <Buffer 83 bb 3a b2 f1 67 66 8d 17 02 ed dd d2 b1 bb 84>,
     macKeyVal: <Buffer f8 e3 d5 ac ac 22 d0 49 de e7 55 37 17 73 d6 71 6b 9d 9d ee 08 5f d8 cd 21 0c f3 7a 45 65 63 6f>,
     absValidity: 2018-03-22T22:06:31.119Z,
     relValidity: 7200000 },
  sessionCryptoSpec: { cipher: 'AES-128-CBC', mac: 'SHA256' },
  sessionProtocol: 'TCP',
  handshakeTimeout: 50000 }
chosen nonce: <Buffer 1b c7 f5 4c 7f ac 12 60>
switching to HANDSHAKE_1_SENT
disconnected from auth
Handler: secure connection with the server closed.
received session key handshake2!
client ret: [object Object]
server authenticated/authorized by solving nonce!
Handler: communication initialization succeeded
file data length: 1024
sending at Wed Mar 21 2018 22:06:32 GMT+0000 (UTC)
switching to IN_COMM
received secure communication message!
Received seqNum: 0
Handler: data received from server via secure communication
data1
Resp-actual/expected/ratio/ts: 23 23 1 1521669992642
Distribution protocol: TCP
Resp-actual/expected/ratio/ts: 23 24 0.9583333333333334 1521670051051
connected to auth! from local port 33598
received auth hello!
{ authId: 502, nonce: <Buffer c3 e7 ee 6b 1e 1a 0c e0> }
received session key response encrypted with distribution key
replyNonce in sessionKeyResp: <Buffer 51 64 15 39 f7 8b d5 e7>
auth nonce verified
received 1 keys
currentSessionKey: [object Object]
Status: Secure connection closed before starting a new connection.
Session protocol: TCP
chosen commSessionKey: 
{ id: 50202393,
  cipherKeyVal: <Buffer 93 82 39 06 5d bb 06 02 82 9b 89 75 b0 16 11 87>,
  macKeyVal: <Buffer 55 74 db 0f 7f 86 8f fe cd 41 39 e5 c2 c9 22 1d 89 10 9d 6b 2f 58 22 c2 59 f7 45 19 2b dd d3 40>,
  absValidity: 2018-03-22T22:07:31.192Z,
  relValidity: 7200000 }
options
{ serverHost: '10.0.1.33',
  serverPort: 22100,
  sessionKey: 
   { id: 50202393,
     cipherKeyVal: <Buffer 93 82 39 06 5d bb 06 02 82 9b 89 75 b0 16 11 87>,
     macKeyVal: <Buffer 55 74 db 0f 7f 86 8f fe cd 41 39 e5 c2 c9 22 1d 89 10 9d 6b 2f 58 22 c2 59 f7 45 19 2b dd d3 40>,
     absValidity: 2018-03-22T22:07:31.192Z,
     relValidity: 7200000 },
  sessionCryptoSpec: { cipher: 'AES-128-CBC', mac: 'SHA256' },
  sessionProtocol: 'TCP',
  handshakeTimeout: 50000 }
chosen nonce: <Buffer 6c 9e ef 5d 5d 5a ab ad>
switching to HANDSHAKE_1_SENT
disconnected from auth
Handler: secure connection with the server closed.
received session key handshake2!
client ret: [object Object]
server authenticated/authorized by solving nonce!
Handler: communication initialization succeeded
file data length: 1024
sending at Wed Mar 21 2018 22:07:32 GMT+0000 (UTC)
switching to IN_COMM
received secure communication message!
Received seqNum: 0
Handler: data received from server via secure communication
data1
Resp-actual/expected/ratio/ts: 24 24 1 1521670052616
Distribution protocol: TCP
Resp-actual/expected/ratio/ts: 24 25 0.96 1521670111109
connected to auth! from local port 33784
received auth hello!
{ authId: 502, nonce: <Buffer ba b8 32 d4 29 8d 66 a1> }
received session key response encrypted with distribution key
replyNonce in sessionKeyResp: <Buffer 91 47 3e ad 52 ea ac 60>
auth nonce verified
received 1 keys
currentSessionKey: [object Object]
Status: Secure connection closed before starting a new connection.
Session protocol: TCP
chosen commSessionKey: 
{ id: 50202400,
  cipherKeyVal: <Buffer cb e8 c4 fb 24 23 6a e2 69 6e e7 b7 07 b5 8a 00>,
  macKeyVal: <Buffer 48 c7 d7 ca fb 17 c7 eb 52 2c 0b 60 ee fb 5c 1d b5 75 fa e6 6b 6a df 25 b7 91 11 05 70 db 3a 9f>,
  absValidity: 2018-03-22T22:08:31.261Z,
  relValidity: 7200000 }
options
{ serverHost: '10.0.1.33',
  serverPort: 22100,
  sessionKey: 
   { id: 50202400,
     cipherKeyVal: <Buffer cb e8 c4 fb 24 23 6a e2 69 6e e7 b7 07 b5 8a 00>,
     macKeyVal: <Buffer 48 c7 d7 ca fb 17 c7 eb 52 2c 0b 60 ee fb 5c 1d b5 75 fa e6 6b 6a df 25 b7 91 11 05 70 db 3a 9f>,
     absValidity: 2018-03-22T22:08:31.261Z,
     relValidity: 7200000 },
  sessionCryptoSpec: { cipher: 'AES-128-CBC', mac: 'SHA256' },
  sessionProtocol: 'TCP',
  handshakeTimeout: 50000 }
chosen nonce: <Buffer 9a 34 3b ba e3 c3 1f a0>
switching to HANDSHAKE_1_SENT
disconnected from auth
Handler: secure connection with the server closed.
received session key handshake2!
client ret: [object Object]
server authenticated/authorized by solving nonce!
Handler: communication initialization succeeded
file data length: 1024
sending at Wed Mar 21 2018 22:08:32 GMT+0000 (UTC)
switching to IN_COMM
received secure communication message!
Received seqNum: 0
Handler: data received from server via secure communication
data1
Resp-actual/expected/ratio/ts: 25 25 1 1521670112675
Distribution protocol: TCP
Resp-actual/expected/ratio/ts: 25 26 0.9615384615384616 1521670171168
connected to auth! from local port 33970
received auth hello!
{ authId: 502, nonce: <Buffer 58 81 94 90 6b b6 c8 c3> }
received session key response encrypted with distribution key
replyNonce in sessionKeyResp: <Buffer d9 16 32 e7 ea cc a8 f0>
auth nonce verified
received 1 keys
currentSessionKey: [object Object]
Status: Secure connection closed before starting a new connection.
Session protocol: TCP
chosen commSessionKey: 
{ id: 50202407,
  cipherKeyVal: <Buffer 40 f9 2e e3 08 72 67 6c f1 ba 7f 75 75 6e b0 56>,
  macKeyVal: <Buffer 7c ba 0b 2f 0e 69 01 cc 4e a0 0d 91 6f 92 87 73 70 13 dc da 0f 29 62 6a e2 75 ad 88 d5 19 e5 70>,
  absValidity: 2018-03-22T22:09:31.319Z,
  relValidity: 7200000 }
options
{ serverHost: '10.0.1.33',
  serverPort: 22100,
  sessionKey: 
   { id: 50202407,
     cipherKeyVal: <Buffer 40 f9 2e e3 08 72 67 6c f1 ba 7f 75 75 6e b0 56>,
     macKeyVal: <Buffer 7c ba 0b 2f 0e 69 01 cc 4e a0 0d 91 6f 92 87 73 70 13 dc da 0f 29 62 6a e2 75 ad 88 d5 19 e5 70>,
     absValidity: 2018-03-22T22:09:31.319Z,
     relValidity: 7200000 },
  sessionCryptoSpec: { cipher: 'AES-128-CBC', mac: 'SHA256' },
  sessionProtocol: 'TCP',
  handshakeTimeout: 50000 }
chosen nonce: <Buffer b0 8c 42 d8 7b 28 ab 0b>
switching to HANDSHAKE_1_SENT
disconnected from auth
Handler: secure connection with the server closed.
received session key handshake2!
client ret: [object Object]
server authenticated/authorized by solving nonce!
Handler: communication initialization succeeded
file data length: 1024
sending at Wed Mar 21 2018 22:09:32 GMT+0000 (UTC)
switching to IN_COMM
received secure communication message!
Received seqNum: 0
Handler: data received from server via secure communication
data1
Resp-actual/expected/ratio/ts: 26 26 1 1521670172812
Distribution protocol: TCP
Resp-actual/expected/ratio/ts: 26 27 0.9629629629629629 1521670231227
connected to auth! from local port 34156
received auth hello!
{ authId: 502, nonce: <Buffer b7 88 b0 69 02 fb b8 9c> }
received session key response encrypted with distribution key
replyNonce in sessionKeyResp: <Buffer c7 63 6f a7 ba 2e a0 3b>
auth nonce verified
received 1 keys
currentSessionKey: [object Object]
Status: Secure connection closed before starting a new connection.
Session protocol: TCP
chosen commSessionKey: 
{ id: 50202414,
  cipherKeyVal: <Buffer 92 8d 98 81 18 81 97 6a 42 55 bc d9 6d 7f ea 6e>,
  macKeyVal: <Buffer a4 34 07 1b 6c c5 f5 53 6e 79 cc 42 e7 f8 16 9b 56 15 ff 2c d4 5d 62 28 cf 87 22 a7 db 42 96 17>,
  absValidity: 2018-03-22T22:10:31.362Z,
  relValidity: 7200000 }
options
{ serverHost: '10.0.1.33',
  serverPort: 22100,
  sessionKey: 
   { id: 50202414,
     cipherKeyVal: <Buffer 92 8d 98 81 18 81 97 6a 42 55 bc d9 6d 7f ea 6e>,
     macKeyVal: <Buffer a4 34 07 1b 6c c5 f5 53 6e 79 cc 42 e7 f8 16 9b 56 15 ff 2c d4 5d 62 28 cf 87 22 a7 db 42 96 17>,
     absValidity: 2018-03-22T22:10:31.362Z,
     relValidity: 7200000 },
  sessionCryptoSpec: { cipher: 'AES-128-CBC', mac: 'SHA256' },
  sessionProtocol: 'TCP',
  handshakeTimeout: 50000 }
chosen nonce: <Buffer b9 4b a6 5c ee d2 7d b3>
switching to HANDSHAKE_1_SENT
disconnected from auth
Handler: secure connection with the server closed.
received session key handshake2!
client ret: [object Object]
server authenticated/authorized by solving nonce!
Handler: communication initialization succeeded
file data length: 1024
sending at Wed Mar 21 2018 22:10:32 GMT+0000 (UTC)
switching to IN_COMM
received secure communication message!
Received seqNum: 0
Handler: data received from server via secure communication
data1
Resp-actual/expected/ratio/ts: 27 27 1 1521670232758
Distribution protocol: TCP
Resp-actual/expected/ratio/ts: 27 28 0.9642857142857143 1521670291277
connected to auth! from local port 34286
received auth hello!
{ authId: 502, nonce: <Buffer a6 45 a8 66 2c c8 38 b7> }
received session key response encrypted with distribution key
replyNonce in sessionKeyResp: <Buffer 19 27 55 63 06 4c 8b db>
auth nonce verified
received 1 keys
currentSessionKey: [object Object]
Status: Secure connection closed before starting a new connection.
Session protocol: TCP
chosen commSessionKey: 
{ id: 50202421,
  cipherKeyVal: <Buffer 0c 71 73 9e 0f a3 b0 da 23 31 d8 10 78 df 00 a3>,
  macKeyVal: <Buffer 62 b1 d3 82 8e 8e a0 77 a1 f4 45 c2 8f 71 4e 02 2d 89 e2 0c a3 2e b4 6a b6 32 74 a5 a8 8a 42 ca>,
  absValidity: 2018-03-22T22:11:31.415Z,
  relValidity: 7200000 }
options
{ serverHost: '10.0.1.33',
  serverPort: 22100,
  sessionKey: 
   { id: 50202421,
     cipherKeyVal: <Buffer 0c 71 73 9e 0f a3 b0 da 23 31 d8 10 78 df 00 a3>,
     macKeyVal: <Buffer 62 b1 d3 82 8e 8e a0 77 a1 f4 45 c2 8f 71 4e 02 2d 89 e2 0c a3 2e b4 6a b6 32 74 a5 a8 8a 42 ca>,
     absValidity: 2018-03-22T22:11:31.415Z,
     relValidity: 7200000 },
  sessionCryptoSpec: { cipher: 'AES-128-CBC', mac: 'SHA256' },
  sessionProtocol: 'TCP',
  handshakeTimeout: 50000 }
chosen nonce: <Buffer 64 e8 55 0f dd 1c 1b aa>
switching to HANDSHAKE_1_SENT
disconnected from auth
Handler: secure connection with the server closed.
received session key handshake2!
client ret: [object Object]
server authenticated/authorized by solving nonce!
Handler: communication initialization succeeded
file data length: 1024
sending at Wed Mar 21 2018 22:11:32 GMT+0000 (UTC)
switching to IN_COMM
received secure communication message!
Received seqNum: 0
Handler: data received from server via secure communication
data1
Resp-actual/expected/ratio/ts: 28 28 1 1521670292686
