changing working directory to: /home/hokeunkim/Development/iotauth/entity/node/example_entities
loading from config file: /home/hokeunkim/Development/iotauth_experiments/experiments/ccs2017/expOptions/expEntity.option
Experimental options for autoClient: { autoSendPeriod: 60000,
  useSameSessionKeyCount: 1,
  connectionTimeout: 50000,
  migrationEnabled: true,
  authFailureThreshold: 2,
  migrationFailureThreshold: 2 }
loading from config file: /home/hokeunkim/Development/iotauth/entity/node/example_entities/configs/Clients/c402.config
initializing...
current parameters: { numKeysPerRequest: 3,
  migrationEnabled: false,
  authFailureThreshold: 3,
  migrationFailureThreshold: 3 }
current parameters: { numKeysPerRequest: 1,
  migrationEnabled: false,
  authFailureThreshold: 3,
  migrationFailureThreshold: 3 }
current parameters: { numKeysPerRequest: 1,
  migrationEnabled: true,
  authFailureThreshold: 3,
  migrationFailureThreshold: 3 }
current parameters: { numKeysPerRequest: 1,
  migrationEnabled: true,
  authFailureThreshold: 2,
  migrationFailureThreshold: 3 }
current parameters: { numKeysPerRequest: 1,
  migrationEnabled: true,
  authFailureThreshold: 2,
  migrationFailureThreshold: 2 }
current entityInfo: { name: 'c402',
  group: 'Clients',
  distProtocol: 'TCP',
  usePermanentDistKey: false,
  connectionTimeout: 50000,
  privateKey: <Buffer 2d 2d 2d 2d 2d 42 45 47 49 4e 20 52 53 41 20 50 52 49 56 41 54 45 20 4b 45 59 2d 2d 2d 2d 2d 0a 4d 49 49 45 70 41 49 42 41 41 4b 43 41 51 45 41 30 48 ... > }
Distribution protocol: TCP
Resp-actual/expected/ratio/ts: 0 1 0 1521572397307
connected to auth! from local port 55932
received auth hello!
{ authId: 401, nonce: <Buffer c7 05 0a 4c 72 0e 8c 2a> }
received session key response with distribution key attached!
auth signature verified
replyNonce in sessionKeyResp: <Buffer 54 4e 10 2a a5 9a 8a 24>
auth nonce verified
handleSessionKeyResp: session key request succeeded! authFailureCount: 0
updating distribution key: { cipherKeyVal: <Buffer 38 13 44 36 11 60 1b 18 b0 ae 39 ce 45 24 60 80>,
  macKeyVal: <Buffer ae ed 58 e2 4e a5 bf b4 0c de 60 cf 4c cb 56 9f cb 47 af e4 c1 a9 72 6e 31 45 e8 fb 02 66 cc 22>,
  absValidity: 2018-03-20T19:59:57.471Z }
received 1 keys
currentSessionKey: [object Object]
Session protocol: TCP
chosen commSessionKey: 
{ id: 40100502,
  cipherKeyVal: <Buffer 6b f4 51 66 30 0e 83 19 76 e4 dd 54 c3 3b 41 e2>,
  macKeyVal: <Buffer 9e c6 b0 50 6e 65 2b c7 86 99 2b 25 2a 3b cb cb 15 5a 33 01 47 dc 2e c5 00 88 8a 5c 44 7a 2c 0f>,
  absValidity: 2018-03-21T18:59:57.470Z,
  relValidity: 7200000 }
options
{ serverHost: '10.0.1.9',
  serverPort: 22100,
  sessionKey: 
   { id: 40100502,
     cipherKeyVal: <Buffer 6b f4 51 66 30 0e 83 19 76 e4 dd 54 c3 3b 41 e2>,
     macKeyVal: <Buffer 9e c6 b0 50 6e 65 2b c7 86 99 2b 25 2a 3b cb cb 15 5a 33 01 47 dc 2e c5 00 88 8a 5c 44 7a 2c 0f>,
     absValidity: 2018-03-21T18:59:57.470Z,
     relValidity: 7200000 },
  sessionCryptoSpec: { cipher: 'AES-128-CBC', mac: 'SHA256' },
  sessionProtocol: 'TCP',
  handshakeTimeout: 50000 }
disconnected from auth
chosen nonce: <Buffer 50 c5 68 42 1f 60 91 32>
switching to HANDSHAKE_1_SENT
received session key handshake2!
client ret: [object Object]
server authenticated/authorized by solving nonce!
Handler: communication initialization succeeded
file data length: 1024
sending at Tue Mar 20 2018 18:59:58 GMT+0000 (UTC)
switching to IN_COMM
received secure communication message!
Received seqNum: 0
Handler: data received from server via secure communication
data1
Resp-actual/expected/ratio/ts: 1 1 1 1521572398327
Distribution protocol: TCP
Resp-actual/expected/ratio/ts: 1 2 0.5 1521572457366
connected to auth! from local port 56052
received auth hello!
{ authId: 401, nonce: <Buffer 14 47 56 66 df 9b a0 be> }
received session key response encrypted with distribution key
replyNonce in sessionKeyResp: <Buffer 3c bf a3 61 33 63 4c 45>
auth nonce verified
handleSessionKeyResp: session key request succeeded! authFailureCount: 0
received 1 keys
currentSessionKey: [object Object]
Status: Secure connection closed before starting a new connection.
Session protocol: TCP
chosen commSessionKey: 
{ id: 40100508,
  cipherKeyVal: <Buffer 91 0e bd 26 d6 86 a6 b9 b1 b9 41 b8 86 c2 b1 c7>,
  macKeyVal: <Buffer 1c 9f 08 28 aa 3c 9f 7a 90 de ee 80 01 d2 9b 8d 00 b5 0b df 62 32 87 b0 2f c9 3b 59 44 0b d6 dc>,
  absValidity: 2018-03-21T19:00:57.506Z,
  relValidity: 7200000 }
options
{ serverHost: '10.0.1.9',
  serverPort: 22100,
  sessionKey: 
   { id: 40100508,
     cipherKeyVal: <Buffer 91 0e bd 26 d6 86 a6 b9 b1 b9 41 b8 86 c2 b1 c7>,
     macKeyVal: <Buffer 1c 9f 08 28 aa 3c 9f 7a 90 de ee 80 01 d2 9b 8d 00 b5 0b df 62 32 87 b0 2f c9 3b 59 44 0b d6 dc>,
     absValidity: 2018-03-21T19:00:57.506Z,
     relValidity: 7200000 },
  sessionCryptoSpec: { cipher: 'AES-128-CBC', mac: 'SHA256' },
  sessionProtocol: 'TCP',
  handshakeTimeout: 50000 }
chosen nonce: <Buffer 7d 19 70 75 04 ad 01 fa>
switching to HANDSHAKE_1_SENT
disconnected from auth
Handler: secure connection with the server closed.
received session key handshake2!
client ret: [object Object]
server authenticated/authorized by solving nonce!
Handler: communication initialization succeeded
file data length: 1024
sending at Tue Mar 20 2018 19:00:58 GMT+0000 (UTC)
switching to IN_COMM
received secure communication message!
Received seqNum: 0
Handler: data received from server via secure communication
data1
Resp-actual/expected/ratio/ts: 2 2 1 1521572458529
Distribution protocol: TCP
Resp-actual/expected/ratio/ts: 2 3 0.6666666666666666 1521572517421
connected to auth! from local port 56280
received auth hello!
{ authId: 401, nonce: <Buffer 7c 7c 9f dc c9 e9 34 d2> }
received session key response encrypted with distribution key
replyNonce in sessionKeyResp: <Buffer 59 33 6f 5b a1 f3 cd a2>
auth nonce verified
handleSessionKeyResp: session key request succeeded! authFailureCount: 0
received 1 keys
currentSessionKey: [object Object]
Status: Secure connection closed before starting a new connection.
Session protocol: TCP
chosen commSessionKey: 
{ id: 40100514,
  cipherKeyVal: <Buffer 1a 30 7c 02 55 c8 d6 58 3f 08 a7 64 13 18 40 1e>,
  macKeyVal: <Buffer 39 03 5c 81 48 d4 41 2a 81 c9 6a e7 d6 8f 2c fd ba 83 3b 52 6f a5 0d 7c d0 28 13 55 eb 88 19 55>,
  absValidity: 2018-03-21T19:01:57.599Z,
  relValidity: 7200000 }
options
{ serverHost: '10.0.1.9',
  serverPort: 22100,
  sessionKey: 
   { id: 40100514,
     cipherKeyVal: <Buffer 1a 30 7c 02 55 c8 d6 58 3f 08 a7 64 13 18 40 1e>,
     macKeyVal: <Buffer 39 03 5c 81 48 d4 41 2a 81 c9 6a e7 d6 8f 2c fd ba 83 3b 52 6f a5 0d 7c d0 28 13 55 eb 88 19 55>,
     absValidity: 2018-03-21T19:01:57.599Z,
     relValidity: 7200000 },
  sessionCryptoSpec: { cipher: 'AES-128-CBC', mac: 'SHA256' },
  sessionProtocol: 'TCP',
  handshakeTimeout: 50000 }
chosen nonce: <Buffer a4 2d ec de 76 a0 30 ca>
switching to HANDSHAKE_1_SENT
disconnected from auth
Handler: secure connection with the server closed.
received session key handshake2!
client ret: [object Object]
server authenticated/authorized by solving nonce!
Handler: communication initialization succeeded
file data length: 1024
sending at Tue Mar 20 2018 19:01:58 GMT+0000 (UTC)
switching to IN_COMM
received secure communication message!
Received seqNum: 0
Handler: data received from server via secure communication
data1
Resp-actual/expected/ratio/ts: 3 3 1 1521572518753
Distribution protocol: TCP
Resp-actual/expected/ratio/ts: 3 4 0.75 1521572577477
connected to auth! from local port 56550
received auth hello!
{ authId: 401, nonce: <Buffer 57 ed 9c 2f bd 33 b4 e0> }
received session key response encrypted with distribution key
replyNonce in sessionKeyResp: <Buffer 62 37 c2 49 3b ed 06 20>
auth nonce verified
handleSessionKeyResp: session key request succeeded! authFailureCount: 0
received 1 keys
currentSessionKey: [object Object]
Status: Secure connection closed before starting a new connection.
Session protocol: TCP
chosen commSessionKey: 
{ id: 40100520,
  cipherKeyVal: <Buffer 96 56 b5 97 59 4a 85 52 65 f2 2e 4f f5 47 a0 ed>,
  macKeyVal: <Buffer 78 44 0c 69 f1 2d 03 b3 e4 87 4a db c6 eb 3f 93 d0 f3 c8 61 0b 7a c2 de 99 3f cd 49 94 bd 06 b6>,
  absValidity: 2018-03-21T19:02:57.622Z,
  relValidity: 7200000 }
options
{ serverHost: '10.0.1.9',
  serverPort: 22100,
  sessionKey: 
   { id: 40100520,
     cipherKeyVal: <Buffer 96 56 b5 97 59 4a 85 52 65 f2 2e 4f f5 47 a0 ed>,
     macKeyVal: <Buffer 78 44 0c 69 f1 2d 03 b3 e4 87 4a db c6 eb 3f 93 d0 f3 c8 61 0b 7a c2 de 99 3f cd 49 94 bd 06 b6>,
     absValidity: 2018-03-21T19:02:57.622Z,
     relValidity: 7200000 },
  sessionCryptoSpec: { cipher: 'AES-128-CBC', mac: 'SHA256' },
  sessionProtocol: 'TCP',
  handshakeTimeout: 50000 }
chosen nonce: <Buffer ad cc 64 f8 78 04 42 ee>
switching to HANDSHAKE_1_SENT
disconnected from auth
Handler: secure connection with the server closed.
received session key handshake2!
client ret: [object Object]
server authenticated/authorized by solving nonce!
Handler: communication initialization succeeded
file data length: 1024
sending at Tue Mar 20 2018 19:02:58 GMT+0000 (UTC)
switching to IN_COMM
received secure communication message!
Received seqNum: 0
Handler: data received from server via secure communication
data1
Resp-actual/expected/ratio/ts: 4 4 1 1521572579203
Distribution protocol: TCP
Resp-actual/expected/ratio/ts: 4 5 0.8 1521572637536
connected to auth! from local port 56820
received auth hello!
{ authId: 401, nonce: <Buffer bb ff 92 09 70 da 54 dc> }
received session key response encrypted with distribution key
replyNonce in sessionKeyResp: <Buffer 5c b3 bd 0f f7 c4 a8 ac>
auth nonce verified
handleSessionKeyResp: session key request succeeded! authFailureCount: 0
received 1 keys
currentSessionKey: [object Object]
Status: Secure connection closed before starting a new connection.
Session protocol: TCP
chosen commSessionKey: 
{ id: 40100526,
  cipherKeyVal: <Buffer d9 03 a1 ea a5 c3 12 11 a4 28 75 c0 69 80 ef 8d>,
  macKeyVal: <Buffer eb 31 49 40 8f 05 aa 67 2a fc 27 d6 3c f5 40 17 79 c4 93 d8 2a 9e 79 88 2b f4 23 73 1d a0 db 35>,
  absValidity: 2018-03-21T19:03:57.692Z,
  relValidity: 7200000 }
options
{ serverHost: '10.0.1.9',
  serverPort: 22100,
  sessionKey: 
   { id: 40100526,
     cipherKeyVal: <Buffer d9 03 a1 ea a5 c3 12 11 a4 28 75 c0 69 80 ef 8d>,
     macKeyVal: <Buffer eb 31 49 40 8f 05 aa 67 2a fc 27 d6 3c f5 40 17 79 c4 93 d8 2a 9e 79 88 2b f4 23 73 1d a0 db 35>,
     absValidity: 2018-03-21T19:03:57.692Z,
     relValidity: 7200000 },
  sessionCryptoSpec: { cipher: 'AES-128-CBC', mac: 'SHA256' },
  sessionProtocol: 'TCP',
  handshakeTimeout: 50000 }
chosen nonce: <Buffer c3 8e 8d 9d 32 8e 3d 05>
switching to HANDSHAKE_1_SENT
disconnected from auth
Handler: secure connection with the server closed.
received session key handshake2!
client ret: [object Object]
server authenticated/authorized by solving nonce!
Handler: communication initialization succeeded
file data length: 1024
sending at Tue Mar 20 2018 19:03:58 GMT+0000 (UTC)
switching to IN_COMM
received secure communication message!
Received seqNum: 0
Handler: data received from server via secure communication
data1
Resp-actual/expected/ratio/ts: 5 5 1 1521572639183
Distribution protocol: TCP
Resp-actual/expected/ratio/ts: 5 6 0.8333333333333334 1521572697593
connected to auth! from local port 57090
received auth hello!
{ authId: 401, nonce: <Buffer 89 03 ef 58 67 47 5a 22> }
received session key response encrypted with distribution key
replyNonce in sessionKeyResp: <Buffer bb 4c f1 d3 6d 7e e6 30>
auth nonce verified
handleSessionKeyResp: session key request succeeded! authFailureCount: 0
received 1 keys
currentSessionKey: [object Object]
Status: Secure connection closed before starting a new connection.
Session protocol: TCP
chosen commSessionKey: 
{ id: 40100532,
  cipherKeyVal: <Buffer 03 16 eb 4c 19 2d f9 0f 94 75 37 31 e8 f0 6e 36>,
  macKeyVal: <Buffer 40 5c cf 3c 1d fc ff 84 f4 59 1f 09 00 3d 74 a9 ed 03 3e 0a cb 6f 3f 2b 17 70 62 16 55 99 98 37>,
  absValidity: 2018-03-21T19:04:57.716Z,
  relValidity: 7200000 }
options
{ serverHost: '10.0.1.9',
  serverPort: 22100,
  sessionKey: 
   { id: 40100532,
     cipherKeyVal: <Buffer 03 16 eb 4c 19 2d f9 0f 94 75 37 31 e8 f0 6e 36>,
     macKeyVal: <Buffer 40 5c cf 3c 1d fc ff 84 f4 59 1f 09 00 3d 74 a9 ed 03 3e 0a cb 6f 3f 2b 17 70 62 16 55 99 98 37>,
     absValidity: 2018-03-21T19:04:57.716Z,
     relValidity: 7200000 },
  sessionCryptoSpec: { cipher: 'AES-128-CBC', mac: 'SHA256' },
  sessionProtocol: 'TCP',
  handshakeTimeout: 50000 }
chosen nonce: <Buffer fa c2 43 d6 54 50 37 4a>
switching to HANDSHAKE_1_SENT
disconnected from auth
Handler: secure connection with the server closed.
received session key handshake2!
client ret: [object Object]
server authenticated/authorized by solving nonce!
Handler: communication initialization succeeded
file data length: 1024
sending at Tue Mar 20 2018 19:04:58 GMT+0000 (UTC)
switching to IN_COMM
received secure communication message!
Received seqNum: 0
Handler: data received from server via secure communication
data1
Resp-actual/expected/ratio/ts: 6 6 1 1521572699146
Distribution protocol: TCP
Resp-actual/expected/ratio/ts: 6 7 0.8571428571428571 1521572757649
connected to auth! from local port 57360
received auth hello!
{ authId: 401, nonce: <Buffer 2d 44 ed e3 e4 00 21 ed> }
received session key response encrypted with distribution key
replyNonce in sessionKeyResp: <Buffer d3 28 41 45 02 84 e0 ad>
auth nonce verified
handleSessionKeyResp: session key request succeeded! authFailureCount: 0
received 1 keys
currentSessionKey: [object Object]
Status: Secure connection closed before starting a new connection.
Session protocol: TCP
chosen commSessionKey: 
{ id: 40100538,
  cipherKeyVal: <Buffer 38 fe d4 0d f7 11 9f 19 e1 e4 54 fa b6 f5 81 bf>,
  macKeyVal: <Buffer 8c 95 b2 d7 bd 35 6b f8 fe 54 6f a3 06 d2 b1 a9 ed 94 e0 65 aa b5 b4 82 ec 39 01 c7 d8 2e 33 3f>,
  absValidity: 2018-03-21T19:05:57.792Z,
  relValidity: 7200000 }
options
{ serverHost: '10.0.1.9',
  serverPort: 22100,
  sessionKey: 
   { id: 40100538,
     cipherKeyVal: <Buffer 38 fe d4 0d f7 11 9f 19 e1 e4 54 fa b6 f5 81 bf>,
     macKeyVal: <Buffer 8c 95 b2 d7 bd 35 6b f8 fe 54 6f a3 06 d2 b1 a9 ed 94 e0 65 aa b5 b4 82 ec 39 01 c7 d8 2e 33 3f>,
     absValidity: 2018-03-21T19:05:57.792Z,
     relValidity: 7200000 },
  sessionCryptoSpec: { cipher: 'AES-128-CBC', mac: 'SHA256' },
  sessionProtocol: 'TCP',
  handshakeTimeout: 50000 }
chosen nonce: <Buffer 7d c3 e3 e0 d1 28 5e d0>
switching to HANDSHAKE_1_SENT
disconnected from auth
Handler: secure connection with the server closed.
received session key handshake2!
client ret: [object Object]
server authenticated/authorized by solving nonce!
Handler: communication initialization succeeded
file data length: 1024
sending at Tue Mar 20 2018 19:05:58 GMT+0000 (UTC)
switching to IN_COMM
received secure communication message!
Received seqNum: 0
Handler: data received from server via secure communication
data1
Resp-actual/expected/ratio/ts: 7 7 1 1521572759243
Distribution protocol: TCP
Resp-actual/expected/ratio/ts: 7 8 0.875 1521572817705
connected to auth! from local port 57630
received auth hello!
{ authId: 401, nonce: <Buffer 5b 35 4b dc ca ef e1 2e> }
received session key response encrypted with distribution key
replyNonce in sessionKeyResp: <Buffer da e0 a7 86 b5 f9 20 b0>
auth nonce verified
handleSessionKeyResp: session key request succeeded! authFailureCount: 0
received 1 keys
currentSessionKey: [object Object]
Status: Secure connection closed before starting a new connection.
Session protocol: TCP
chosen commSessionKey: 
{ id: 40100544,
  cipherKeyVal: <Buffer c1 05 69 3c c5 7e 65 f5 e5 7f a9 46 b9 66 d3 5e>,
  macKeyVal: <Buffer 5b da c7 77 54 9b 07 f1 94 64 bd 47 fa 8e e3 ca 95 53 62 95 e1 e1 6c b8 e5 22 6f 19 9c 14 af e7>,
  absValidity: 2018-03-21T19:06:57.839Z,
  relValidity: 7200000 }
options
{ serverHost: '10.0.1.9',
  serverPort: 22100,
  sessionKey: 
   { id: 40100544,
     cipherKeyVal: <Buffer c1 05 69 3c c5 7e 65 f5 e5 7f a9 46 b9 66 d3 5e>,
     macKeyVal: <Buffer 5b da c7 77 54 9b 07 f1 94 64 bd 47 fa 8e e3 ca 95 53 62 95 e1 e1 6c b8 e5 22 6f 19 9c 14 af e7>,
     absValidity: 2018-03-21T19:06:57.839Z,
     relValidity: 7200000 },
  sessionCryptoSpec: { cipher: 'AES-128-CBC', mac: 'SHA256' },
  sessionProtocol: 'TCP',
  handshakeTimeout: 50000 }
chosen nonce: <Buffer 85 55 a3 31 c2 1f 65 40>
switching to HANDSHAKE_1_SENT
disconnected from auth
Handler: secure connection with the server closed.
received session key handshake2!
client ret: [object Object]
server authenticated/authorized by solving nonce!
Handler: communication initialization succeeded
file data length: 1024
sending at Tue Mar 20 2018 19:06:58 GMT+0000 (UTC)
switching to IN_COMM
received secure communication message!
Received seqNum: 0
Handler: data received from server via secure communication
data1
Resp-actual/expected/ratio/ts: 8 8 1 1521572819380
Distribution protocol: TCP
Resp-actual/expected/ratio/ts: 8 9 0.8888888888888888 1521572877754
connected to auth! from local port 57892
received auth hello!
{ authId: 401, nonce: <Buffer c8 c8 f3 f9 f4 b2 fd 15> }
received session key response encrypted with distribution key
replyNonce in sessionKeyResp: <Buffer 54 1a 2b f8 28 ad a4 a4>
auth nonce verified
handleSessionKeyResp: session key request succeeded! authFailureCount: 0
received 1 keys
currentSessionKey: [object Object]
Status: Secure connection closed before starting a new connection.
Session protocol: TCP
chosen commSessionKey: 
{ id: 40100550,
  cipherKeyVal: <Buffer 94 cb 15 11 c5 6b 23 5a 30 91 d0 03 e1 82 ec f4>,
  macKeyVal: <Buffer f4 f2 3c df b5 38 e6 55 0d 54 d3 3e 1f a4 35 d4 b3 21 5c c2 a6 8e 35 2c 14 f2 55 82 da 28 ac c5>,
  absValidity: 2018-03-21T19:07:57.874Z,
  relValidity: 7200000 }
options
{ serverHost: '10.0.1.9',
  serverPort: 22100,
  sessionKey: 
   { id: 40100550,
     cipherKeyVal: <Buffer 94 cb 15 11 c5 6b 23 5a 30 91 d0 03 e1 82 ec f4>,
     macKeyVal: <Buffer f4 f2 3c df b5 38 e6 55 0d 54 d3 3e 1f a4 35 d4 b3 21 5c c2 a6 8e 35 2c 14 f2 55 82 da 28 ac c5>,
     absValidity: 2018-03-21T19:07:57.874Z,
     relValidity: 7200000 },
  sessionCryptoSpec: { cipher: 'AES-128-CBC', mac: 'SHA256' },
  sessionProtocol: 'TCP',
  handshakeTimeout: 50000 }
chosen nonce: <Buffer 48 1c 6c 76 d8 bf 69 40>
switching to HANDSHAKE_1_SENT
disconnected from auth
Handler: secure connection with the server closed.
received session key handshake2!
client ret: [object Object]
server authenticated/authorized by solving nonce!
Handler: communication initialization succeeded
file data length: 1024
sending at Tue Mar 20 2018 19:07:58 GMT+0000 (UTC)
switching to IN_COMM
received secure communication message!
Received seqNum: 0
Handler: data received from server via secure communication
data1
Resp-actual/expected/ratio/ts: 9 9 1 1521572879089
Distribution protocol: TCP
Resp-actual/expected/ratio/ts: 9 10 0.9 1521572937782
connected to auth! from local port 58080
received auth hello!
{ authId: 401, nonce: <Buffer 71 6d e8 08 25 ac 8a 38> }
received session key response encrypted with distribution key
replyNonce in sessionKeyResp: <Buffer af a8 03 5c 72 a6 82 ab>
auth nonce verified
handleSessionKeyResp: session key request succeeded! authFailureCount: 0
received 1 keys
currentSessionKey: [object Object]
Status: Secure connection closed before starting a new connection.
Session protocol: TCP
chosen commSessionKey: 
{ id: 40100556,
  cipherKeyVal: <Buffer af 71 f3 05 ec 0a f2 aa eb b2 44 6a a8 f6 d6 7e>,
  macKeyVal: <Buffer 16 2e 7f db 46 57 d8 e7 64 2a 34 3d e3 b7 42 33 f0 9a 92 c5 ea 7f c7 62 d6 2b 5f d4 84 a7 12 2c>,
  absValidity: 2018-03-21T19:08:57.911Z,
  relValidity: 7200000 }
options
{ serverHost: '10.0.1.9',
  serverPort: 22100,
  sessionKey: 
   { id: 40100556,
     cipherKeyVal: <Buffer af 71 f3 05 ec 0a f2 aa eb b2 44 6a a8 f6 d6 7e>,
     macKeyVal: <Buffer 16 2e 7f db 46 57 d8 e7 64 2a 34 3d e3 b7 42 33 f0 9a 92 c5 ea 7f c7 62 d6 2b 5f d4 84 a7 12 2c>,
     absValidity: 2018-03-21T19:08:57.911Z,
     relValidity: 7200000 },
  sessionCryptoSpec: { cipher: 'AES-128-CBC', mac: 'SHA256' },
  sessionProtocol: 'TCP',
  handshakeTimeout: 50000 }
chosen nonce: <Buffer b2 7a 61 2b c5 68 c0 a5>
switching to HANDSHAKE_1_SENT
disconnected from auth
Handler: secure connection with the server closed.
received session key handshake2!
client ret: [object Object]
server authenticated/authorized by solving nonce!
Handler: communication initialization succeeded
file data length: 1024
sending at Tue Mar 20 2018 19:08:58 GMT+0000 (UTC)
switching to IN_COMM
received secure communication message!
Received seqNum: 0
Handler: data received from server via secure communication
data1
Resp-actual/expected/ratio/ts: 10 10 1 1521572939219
Distribution protocol: TCP
Resp-actual/expected/ratio/ts: 10 11 0.9090909090909091 1521572997841
connected to auth! from local port 58308
received auth hello!
{ authId: 401, nonce: <Buffer c5 20 ff a7 c4 aa 59 51> }
received session key response encrypted with distribution key
replyNonce in sessionKeyResp: <Buffer 36 aa 07 a0 f1 1f 35 42>
auth nonce verified
handleSessionKeyResp: session key request succeeded! authFailureCount: 0
received 1 keys
currentSessionKey: [object Object]
Status: Secure connection closed before starting a new connection.
Session protocol: TCP
chosen commSessionKey: 
{ id: 40100562,
  cipherKeyVal: <Buffer c8 09 e2 da 2d 4e 70 ac 6f 40 0c f7 4b fb 9d c1>,
  macKeyVal: <Buffer f8 4a dd f6 11 07 96 aa 78 0c ba dd f0 8b 22 35 ab dd b2 f2 81 2e c4 58 e0 67 0e 44 09 81 7e ca>,
  absValidity: 2018-03-21T19:09:57.977Z,
  relValidity: 7200000 }
options
{ serverHost: '10.0.1.9',
  serverPort: 22100,
  sessionKey: 
   { id: 40100562,
     cipherKeyVal: <Buffer c8 09 e2 da 2d 4e 70 ac 6f 40 0c f7 4b fb 9d c1>,
     macKeyVal: <Buffer f8 4a dd f6 11 07 96 aa 78 0c ba dd f0 8b 22 35 ab dd b2 f2 81 2e c4 58 e0 67 0e 44 09 81 7e ca>,
     absValidity: 2018-03-21T19:09:57.977Z,
     relValidity: 7200000 },
  sessionCryptoSpec: { cipher: 'AES-128-CBC', mac: 'SHA256' },
  sessionProtocol: 'TCP',
  handshakeTimeout: 50000 }
chosen nonce: <Buffer 04 18 df 70 c7 42 f6 34>
switching to HANDSHAKE_1_SENT
disconnected from auth
Handler: secure connection with the server closed.
received session key handshake2!
client ret: [object Object]
server authenticated/authorized by solving nonce!
Handler: communication initialization succeeded
file data length: 1024
sending at Tue Mar 20 2018 19:09:59 GMT+0000 (UTC)
switching to IN_COMM
received secure communication message!
Received seqNum: 0
Handler: data received from server via secure communication
data1
Resp-actual/expected/ratio/ts: 11 11 1 1521572999834
Distribution protocol: TCP
Resp-actual/expected/ratio/ts: 11 12 0.9166666666666666 1521573057853
connected to auth! from local port 58536
received auth hello!
{ authId: 401, nonce: <Buffer 03 bf fe fe 43 f6 a1 5d> }
received session key response encrypted with distribution key
replyNonce in sessionKeyResp: <Buffer 33 c9 dc 38 6c ce 28 41>
auth nonce verified
handleSessionKeyResp: session key request succeeded! authFailureCount: 0
received 1 keys
currentSessionKey: [object Object]
Status: Secure connection closed before starting a new connection.
Session protocol: TCP
chosen commSessionKey: 
{ id: 40100569,
  cipherKeyVal: <Buffer a5 2c 13 51 df a1 fe 4d f5 dd 92 8b 8d 2b 30 a5>,
  macKeyVal: <Buffer 21 6d 4d 14 d3 02 86 f4 a4 7b 72 e6 96 8a ea 5f 3d 91 19 66 92 74 c1 6e de 20 1c f7 14 31 1b cd>,
  absValidity: 2018-03-21T19:10:57.974Z,
  relValidity: 7200000 }
options
{ serverHost: '10.0.1.9',
  serverPort: 22100,
  sessionKey: 
   { id: 40100569,
     cipherKeyVal: <Buffer a5 2c 13 51 df a1 fe 4d f5 dd 92 8b 8d 2b 30 a5>,
     macKeyVal: <Buffer 21 6d 4d 14 d3 02 86 f4 a4 7b 72 e6 96 8a ea 5f 3d 91 19 66 92 74 c1 6e de 20 1c f7 14 31 1b cd>,
     absValidity: 2018-03-21T19:10:57.974Z,
     relValidity: 7200000 },
  sessionCryptoSpec: { cipher: 'AES-128-CBC', mac: 'SHA256' },
  sessionProtocol: 'TCP',
  handshakeTimeout: 50000 }
chosen nonce: <Buffer d1 33 6c 48 d0 9b 12 0a>
switching to HANDSHAKE_1_SENT
Handler: secure connection with the server closed.
disconnected from auth
received session key handshake2!
client ret: [object Object]
server authenticated/authorized by solving nonce!
Handler: communication initialization succeeded
file data length: 1024
sending at Tue Mar 20 2018 19:10:58 GMT+0000 (UTC)
switching to IN_COMM
received secure communication message!
Received seqNum: 0
Handler: data received from server via secure communication
data1
Resp-actual/expected/ratio/ts: 12 12 1 1521573059294
Distribution protocol: TCP
Resp-actual/expected/ratio/ts: 12 13 0.9230769230769231 1521573117909
connected to auth! from local port 58776
received auth hello!
{ authId: 401, nonce: <Buffer b2 f5 35 4a 30 f0 f0 46> }
received session key response encrypted with distribution key
replyNonce in sessionKeyResp: <Buffer 4d 0f 0f 7d 1c 13 ef 13>
auth nonce verified
handleSessionKeyResp: session key request succeeded! authFailureCount: 0
received 1 keys
currentSessionKey: [object Object]
Status: Secure connection closed before starting a new connection.
Session protocol: TCP
chosen commSessionKey: 
{ id: 40100577,
  cipherKeyVal: <Buffer 0d 75 65 b2 62 11 59 e0 54 85 f5 94 1e b9 3a 52>,
  macKeyVal: <Buffer 7a 52 b3 a3 ce b4 bf 60 d8 92 f3 33 1d b7 46 82 18 f9 3e 1e 00 7a f6 4f 6c e0 cc ab 68 86 ac f1>,
  absValidity: 2018-03-21T19:11:58.046Z,
  relValidity: 7200000 }
options
{ serverHost: '10.0.1.9',
  serverPort: 22100,
  sessionKey: 
   { id: 40100577,
     cipherKeyVal: <Buffer 0d 75 65 b2 62 11 59 e0 54 85 f5 94 1e b9 3a 52>,
     macKeyVal: <Buffer 7a 52 b3 a3 ce b4 bf 60 d8 92 f3 33 1d b7 46 82 18 f9 3e 1e 00 7a f6 4f 6c e0 cc ab 68 86 ac f1>,
     absValidity: 2018-03-21T19:11:58.046Z,
     relValidity: 7200000 },
  sessionCryptoSpec: { cipher: 'AES-128-CBC', mac: 'SHA256' },
  sessionProtocol: 'TCP',
  handshakeTimeout: 50000 }
disconnected from auth
chosen nonce: <Buffer dd bc 96 80 24 b1 17 c3>
switching to HANDSHAKE_1_SENT
Handler: secure connection with the server closed.
received session key handshake2!
client ret: [object Object]
server authenticated/authorized by solving nonce!
Handler: communication initialization succeeded
file data length: 1024
sending at Tue Mar 20 2018 19:11:58 GMT+0000 (UTC)
switching to IN_COMM
received secure communication message!
Received seqNum: 0
Handler: data received from server via secure communication
data1
Resp-actual/expected/ratio/ts: 13 13 1 1521573119746
Distribution protocol: TCP
Resp-actual/expected/ratio/ts: 13 14 0.9285714285714286 1521573177948
connected to auth! from local port 59020
received auth hello!
{ authId: 401, nonce: <Buffer b9 4f 97 ca 89 56 5a 5f> }
received session key response encrypted with distribution key
replyNonce in sessionKeyResp: <Buffer 98 0c a1 bc 95 9e 4a d2>
auth nonce verified
handleSessionKeyResp: session key request succeeded! authFailureCount: 0
received 1 keys
currentSessionKey: [object Object]
Status: Secure connection closed before starting a new connection.
Session protocol: TCP
chosen commSessionKey: 
{ id: 40100585,
  cipherKeyVal: <Buffer 64 e5 85 bf a8 b2 6c 23 e4 6b 1b 02 ec 66 c0 c2>,
  macKeyVal: <Buffer e2 5d 2c 00 19 3d a3 1f d8 21 c6 26 d4 5c 1a ae 9b 0e f9 5a b4 0b ba 8e 9c 45 69 c8 2e 73 ac 1b>,
  absValidity: 2018-03-21T19:12:58.099Z,
  relValidity: 7200000 }
options
{ serverHost: '10.0.1.9',
  serverPort: 22100,
  sessionKey: 
   { id: 40100585,
     cipherKeyVal: <Buffer 64 e5 85 bf a8 b2 6c 23 e4 6b 1b 02 ec 66 c0 c2>,
     macKeyVal: <Buffer e2 5d 2c 00 19 3d a3 1f d8 21 c6 26 d4 5c 1a ae 9b 0e f9 5a b4 0b ba 8e 9c 45 69 c8 2e 73 ac 1b>,
     absValidity: 2018-03-21T19:12:58.099Z,
     relValidity: 7200000 },
  sessionCryptoSpec: { cipher: 'AES-128-CBC', mac: 'SHA256' },
  sessionProtocol: 'TCP',
  handshakeTimeout: 50000 }
chosen nonce: <Buffer c7 0c 8a 1d 13 aa a4 f8>
switching to HANDSHAKE_1_SENT
disconnected from auth
Handler: secure connection with the server closed.
received session key handshake2!
client ret: [object Object]
server authenticated/authorized by solving nonce!
Handler: communication initialization succeeded
file data length: 1024
sending at Tue Mar 20 2018 19:12:58 GMT+0000 (UTC)
switching to IN_COMM
received secure communication message!
Received seqNum: 0
Handler: data received from server via secure communication
data1
Resp-actual/expected/ratio/ts: 14 14 1 1521573179649
Distribution protocol: TCP
Resp-actual/expected/ratio/ts: 14 15 0.9333333333333333 1521573237994
connected to auth! from local port 59280
received auth hello!
{ authId: 401, nonce: <Buffer a2 fa 23 fb 72 f9 e3 7a> }
received session key response encrypted with distribution key
replyNonce in sessionKeyResp: <Buffer c4 5a c9 f7 bb 94 5a b4>
auth nonce verified
handleSessionKeyResp: session key request succeeded! authFailureCount: 0
received 1 keys
currentSessionKey: [object Object]
Status: Secure connection closed before starting a new connection.
Session protocol: TCP
chosen commSessionKey: 
{ id: 40100597,
  cipherKeyVal: <Buffer 74 a9 17 ff f7 f5 08 fb 4f d2 f3 58 93 5f 4e ca>,
  macKeyVal: <Buffer a4 5a ea 3e 1f 37 99 de a2 a1 8e 7c 05 62 e8 de 42 1d a1 a5 e5 9a 74 bf 13 35 55 a2 fe 9a 3d 00>,
  absValidity: 2018-03-21T19:13:58.198Z,
  relValidity: 7200000 }
options
{ serverHost: '10.0.1.9',
  serverPort: 22100,
  sessionKey: 
   { id: 40100597,
     cipherKeyVal: <Buffer 74 a9 17 ff f7 f5 08 fb 4f d2 f3 58 93 5f 4e ca>,
     macKeyVal: <Buffer a4 5a ea 3e 1f 37 99 de a2 a1 8e 7c 05 62 e8 de 42 1d a1 a5 e5 9a 74 bf 13 35 55 a2 fe 9a 3d 00>,
     absValidity: 2018-03-21T19:13:58.198Z,
     relValidity: 7200000 },
  sessionCryptoSpec: { cipher: 'AES-128-CBC', mac: 'SHA256' },
  sessionProtocol: 'TCP',
  handshakeTimeout: 50000 }
chosen nonce: <Buffer be 2a 43 67 25 31 ce 16>
switching to HANDSHAKE_1_SENT
disconnected from auth
Handler: secure connection with the server closed.
received session key handshake2!
client ret: [object Object]
server authenticated/authorized by solving nonce!
Handler: communication initialization succeeded
file data length: 1024
sending at Tue Mar 20 2018 19:13:59 GMT+0000 (UTC)
switching to IN_COMM
received secure communication message!
Received seqNum: 0
Handler: data received from server via secure communication
data1
Resp-actual/expected/ratio/ts: 15 15 1 1521573239596
Distribution protocol: TCP
Resp-actual/expected/ratio/ts: 15 16 0.9375 1521573298053
connected to auth! from local port 59552
received auth hello!
{ authId: 401, nonce: <Buffer c6 e4 31 32 7d 2d e6 da> }
received session key response encrypted with distribution key
replyNonce in sessionKeyResp: <Buffer e7 0d b8 78 11 b3 e1 78>
auth nonce verified
handleSessionKeyResp: session key request succeeded! authFailureCount: 0
received 1 keys
currentSessionKey: [object Object]
Status: Secure connection closed before starting a new connection.
Session protocol: TCP
chosen commSessionKey: 
{ id: 40100610,
  cipherKeyVal: <Buffer 90 49 2c a6 7d 62 22 16 2a 9e ba bd 37 22 9f ea>,
  macKeyVal: <Buffer f4 62 05 75 7f 33 da cf 73 cf dd 8d 20 73 18 f0 73 23 05 85 3c 65 09 7a 6f da 92 ab fb 30 96 c2>,
  absValidity: 2018-03-21T19:14:58.213Z,
  relValidity: 7200000 }
options
{ serverHost: '10.0.1.9',
  serverPort: 22100,
  sessionKey: 
   { id: 40100610,
     cipherKeyVal: <Buffer 90 49 2c a6 7d 62 22 16 2a 9e ba bd 37 22 9f ea>,
     macKeyVal: <Buffer f4 62 05 75 7f 33 da cf 73 cf dd 8d 20 73 18 f0 73 23 05 85 3c 65 09 7a 6f da 92 ab fb 30 96 c2>,
     absValidity: 2018-03-21T19:14:58.213Z,
     relValidity: 7200000 },
  sessionCryptoSpec: { cipher: 'AES-128-CBC', mac: 'SHA256' },
  sessionProtocol: 'TCP',
  handshakeTimeout: 50000 }
chosen nonce: <Buffer 0f bf a4 03 3e 3f b1 4d>
switching to HANDSHAKE_1_SENT
disconnected from auth
Handler: secure connection with the server closed.
received session key handshake2!
client ret: [object Object]
server authenticated/authorized by solving nonce!
Handler: communication initialization succeeded
file data length: 1024
sending at Tue Mar 20 2018 19:14:59 GMT+0000 (UTC)
switching to IN_COMM
received secure communication message!
Received seqNum: 0
Handler: data received from server via secure communication
data1
Resp-actual/expected/ratio/ts: 16 16 1 1521573299998
Distribution protocol: TCP
Resp-actual/expected/ratio/ts: 16 17 0.9411764705882353 1521573358112
connected to auth! from local port 59822
received auth hello!
{ authId: 401, nonce: <Buffer c7 ab d9 70 e8 16 ea c8> }
received session key response encrypted with distribution key
replyNonce in sessionKeyResp: <Buffer 56 48 54 58 70 c8 12 6b>
auth nonce verified
handleSessionKeyResp: session key request succeeded! authFailureCount: 0
received 1 keys
currentSessionKey: [object Object]
Status: Secure connection closed before starting a new connection.
Session protocol: TCP
chosen commSessionKey: 
{ id: 40100622,
  cipherKeyVal: <Buffer 36 2b 5b af bb 77 b8 b9 b5 08 c2 3d 08 e1 df 97>,
  macKeyVal: <Buffer f0 f7 cd c4 4e d8 40 a5 3e c1 44 b0 61 8b 1f 02 94 00 14 d6 34 8c d6 0a e9 48 a6 77 fe e3 60 5e>,
  absValidity: 2018-03-21T19:15:58.282Z,
  relValidity: 7200000 }
options
{ serverHost: '10.0.1.9',
  serverPort: 22100,
  sessionKey: 
   { id: 40100622,
     cipherKeyVal: <Buffer 36 2b 5b af bb 77 b8 b9 b5 08 c2 3d 08 e1 df 97>,
     macKeyVal: <Buffer f0 f7 cd c4 4e d8 40 a5 3e c1 44 b0 61 8b 1f 02 94 00 14 d6 34 8c d6 0a e9 48 a6 77 fe e3 60 5e>,
     absValidity: 2018-03-21T19:15:58.282Z,
     relValidity: 7200000 },
  sessionCryptoSpec: { cipher: 'AES-128-CBC', mac: 'SHA256' },
  sessionProtocol: 'TCP',
  handshakeTimeout: 50000 }
chosen nonce: <Buffer df c5 04 0e f0 3b b0 77>
switching to HANDSHAKE_1_SENT
disconnected from auth
Handler: secure connection with the server closed.
received session key handshake2!
client ret: [object Object]
server authenticated/authorized by solving nonce!
Handler: communication initialization succeeded
file data length: 1024
sending at Tue Mar 20 2018 19:15:59 GMT+0000 (UTC)
switching to IN_COMM
received secure communication message!
Received seqNum: 0
Handler: data received from server via secure communication
data1
Resp-actual/expected/ratio/ts: 17 17 1 1521573360293
Distribution protocol: TCP
Resp-actual/expected/ratio/ts: 17 18 0.9444444444444444 1521573418136
connected to auth! from local port 60090
received auth hello!
{ authId: 401, nonce: <Buffer ea f5 fc 7e 43 7a ae 06> }
received session key response encrypted with distribution key
replyNonce in sessionKeyResp: <Buffer 84 00 2d 01 f8 aa 4a 87>
auth nonce verified
handleSessionKeyResp: session key request succeeded! authFailureCount: 0
received 1 keys
currentSessionKey: [object Object]
Status: Secure connection closed before starting a new connection.
Session protocol: TCP
chosen commSessionKey: 
{ id: 40100636,
  cipherKeyVal: <Buffer 5f 21 79 ca 7d 8d 04 d3 7b 24 5f 39 f4 b1 48 c0>,
  macKeyVal: <Buffer a9 b7 47 6c 7f 3c b6 5e 67 0e 85 d8 e2 86 f5 ed 5f c1 4a 39 4a 0d c5 56 01 44 db b0 8d fc cf 63>,
  absValidity: 2018-03-21T19:16:58.360Z,
  relValidity: 7200000 }
options
{ serverHost: '10.0.1.9',
  serverPort: 22100,
  sessionKey: 
   { id: 40100636,
     cipherKeyVal: <Buffer 5f 21 79 ca 7d 8d 04 d3 7b 24 5f 39 f4 b1 48 c0>,
     macKeyVal: <Buffer a9 b7 47 6c 7f 3c b6 5e 67 0e 85 d8 e2 86 f5 ed 5f c1 4a 39 4a 0d c5 56 01 44 db b0 8d fc cf 63>,
     absValidity: 2018-03-21T19:16:58.360Z,
     relValidity: 7200000 },
  sessionCryptoSpec: { cipher: 'AES-128-CBC', mac: 'SHA256' },
  sessionProtocol: 'TCP',
  handshakeTimeout: 50000 }
chosen nonce: <Buffer e3 60 fd 64 5b aa 56 92>
switching to HANDSHAKE_1_SENT
disconnected from auth
Handler: secure connection with the server closed.
received session key handshake2!
client ret: [object Object]
server authenticated/authorized by solving nonce!
Handler: communication initialization succeeded
file data length: 1024
sending at Tue Mar 20 2018 19:16:59 GMT+0000 (UTC)
switching to IN_COMM
received secure communication message!
Received seqNum: 0
Handler: data received from server via secure communication
data1
Resp-actual/expected/ratio/ts: 18 18 1 1521573420038
Distribution protocol: TCP
Resp-actual/expected/ratio/ts: 18 19 0.9473684210526315 1521573478193
connected to auth! from local port 60334
received auth hello!
{ authId: 401, nonce: <Buffer 77 0e 79 26 6d bf 66 53> }
received session key response encrypted with distribution key
replyNonce in sessionKeyResp: <Buffer f2 fd e9 c8 5f 1a a4 d7>
auth nonce verified
handleSessionKeyResp: session key request succeeded! authFailureCount: 0
received 1 keys
currentSessionKey: [object Object]
Status: Secure connection closed before starting a new connection.
Session protocol: TCP
chosen commSessionKey: 
{ id: 40100649,
  cipherKeyVal: <Buffer c2 35 39 59 96 c4 5b 9f ad e6 b6 eb e5 7f 32 a0>,
  macKeyVal: <Buffer e8 2c 00 e6 9f 3b 39 7a 23 89 a9 c2 2e df 2e 94 bc 0c 30 c5 d0 bb ae 4e 6c 7c 68 d2 69 96 a1 57>,
  absValidity: 2018-03-21T19:17:58.327Z,
  relValidity: 7200000 }
options
{ serverHost: '10.0.1.9',
  serverPort: 22100,
  sessionKey: 
   { id: 40100649,
     cipherKeyVal: <Buffer c2 35 39 59 96 c4 5b 9f ad e6 b6 eb e5 7f 32 a0>,
     macKeyVal: <Buffer e8 2c 00 e6 9f 3b 39 7a 23 89 a9 c2 2e df 2e 94 bc 0c 30 c5 d0 bb ae 4e 6c 7c 68 d2 69 96 a1 57>,
     absValidity: 2018-03-21T19:17:58.327Z,
     relValidity: 7200000 },
  sessionCryptoSpec: { cipher: 'AES-128-CBC', mac: 'SHA256' },
  sessionProtocol: 'TCP',
  handshakeTimeout: 50000 }
chosen nonce: <Buffer fe f7 0f 8d 17 83 e5 46>
switching to HANDSHAKE_1_SENT
disconnected from auth
Handler: secure connection with the server closed.
Handler: Error in secure comm - details: Comm init failed: handshake1 timed out ...
Handler: Error in secure comm - details: Comm init failed: disconnected from server during communication initialization.10.0.1.9:undefined
Distribution protocol: TCP
Resp-actual/expected/ratio/ts: 18 20 0.9 1521573538204
connected to auth! from local port 60564
received auth hello!
{ authId: 401, nonce: <Buffer 36 5a 9a 73 da 05 88 f3> }
received session key response encrypted with distribution key
replyNonce in sessionKeyResp: <Buffer ce a4 28 eb ba d7 90 be>
auth nonce verified
handleSessionKeyResp: session key request succeeded! authFailureCount: 0
received 1 keys
currentSessionKey: [object Object]
Status: Secure connection closed before starting a new connection.
Session protocol: TCP
chosen commSessionKey: 
{ id: 40100661,
  cipherKeyVal: <Buffer f6 9d 20 5f 11 e5 fb 71 16 13 a1 34 af ae 6e b7>,
  macKeyVal: <Buffer 22 e5 66 4b 88 3d 5d 2d b2 66 62 86 23 12 a4 2f 5d 7a d8 d7 af ec d6 4d 5e a5 9f 1f 77 b5 a8 86>,
  absValidity: 2018-03-21T19:18:58.347Z,
  relValidity: 7200000 }
options
{ serverHost: '10.0.1.9',
  serverPort: 22100,
  sessionKey: 
   { id: 40100661,
     cipherKeyVal: <Buffer f6 9d 20 5f 11 e5 fb 71 16 13 a1 34 af ae 6e b7>,
     macKeyVal: <Buffer 22 e5 66 4b 88 3d 5d 2d b2 66 62 86 23 12 a4 2f 5d 7a d8 d7 af ec d6 4d 5e a5 9f 1f 77 b5 a8 86>,
     absValidity: 2018-03-21T19:18:58.347Z,
     relValidity: 7200000 },
  sessionCryptoSpec: { cipher: 'AES-128-CBC', mac: 'SHA256' },
  sessionProtocol: 'TCP',
  handshakeTimeout: 50000 }
chosen nonce: <Buffer 65 53 b5 7d e6 4a ca 6f>
switching to HANDSHAKE_1_SENT
disconnected from auth
Handler: Error in secure comm - details: Comm init failed: handshake1 timed out ...
Handler: Error in secure comm - details: Comm init failed: disconnected from server during communication initialization.10.0.1.9:undefined
Distribution protocol: TCP
Resp-actual/expected/ratio/ts: 18 21 0.8571428571428571 1521573598210
connected to auth! from local port 60788
received auth hello!
{ authId: 401, nonce: <Buffer 3f f2 57 1e a7 34 2c ee> }
received session key response encrypted with distribution key
replyNonce in sessionKeyResp: <Buffer ee 52 dc 0b 86 96 6e 28>
auth nonce verified
handleSessionKeyResp: session key request succeeded! authFailureCount: 0
received 1 keys
currentSessionKey: [object Object]
Status: Secure connection closed before starting a new connection.
Session protocol: TCP
chosen commSessionKey: 
{ id: 40100673,
  cipherKeyVal: <Buffer 20 75 c0 dd cf e4 42 45 cb 56 ef f4 66 39 e0 a5>,
  macKeyVal: <Buffer 97 d2 f9 13 11 70 b4 eb fe e8 11 38 ff 46 0c ec da ed 5e 6e bd 38 1e 3d a8 f3 d3 02 1a 28 38 53>,
  absValidity: 2018-03-21T19:19:58.379Z,
  relValidity: 7200000 }
options
{ serverHost: '10.0.1.9',
  serverPort: 22100,
  sessionKey: 
   { id: 40100673,
     cipherKeyVal: <Buffer 20 75 c0 dd cf e4 42 45 cb 56 ef f4 66 39 e0 a5>,
     macKeyVal: <Buffer 97 d2 f9 13 11 70 b4 eb fe e8 11 38 ff 46 0c ec da ed 5e 6e bd 38 1e 3d a8 f3 d3 02 1a 28 38 53>,
     absValidity: 2018-03-21T19:19:58.379Z,
     relValidity: 7200000 },
  sessionCryptoSpec: { cipher: 'AES-128-CBC', mac: 'SHA256' },
  sessionProtocol: 'TCP',
  handshakeTimeout: 50000 }
chosen nonce: <Buffer 36 8e 36 57 b7 33 bb a0>
switching to HANDSHAKE_1_SENT
disconnected from auth
received session key handshake2!
client ret: [object Object]
server authenticated/authorized by solving nonce!
Handler: communication initialization succeeded
file data length: 1024
sending at Tue Mar 20 2018 19:19:59 GMT+0000 (UTC)
switching to IN_COMM
received secure communication message!
Received seqNum: 0
Handler: data received from server via secure communication
data1
Resp-actual/expected/ratio/ts: 19 21 0.9047619047619048 1521573599603
Distribution protocol: TCP
Resp-actual/expected/ratio/ts: 19 22 0.8636363636363636 1521573658265
connected to auth! from local port 32780
received auth hello!
{ authId: 401, nonce: <Buffer c7 98 84 ee a2 e4 f0 31> }
received session key response encrypted with distribution key
replyNonce in sessionKeyResp: <Buffer 97 7b dc f6 9b dd 0f 58>
auth nonce verified
handleSessionKeyResp: session key request succeeded! authFailureCount: 0
received 1 keys
currentSessionKey: [object Object]
Status: Secure connection closed before starting a new connection.
Session protocol: TCP
chosen commSessionKey: 
{ id: 40100685,
  cipherKeyVal: <Buffer 5b 18 d9 5e 8c f2 15 a2 2b 7e 32 7c 4c 44 72 88>,
  macKeyVal: <Buffer 46 39 b4 7d 7d 92 be 99 4c 45 20 8f 59 da 7f 2a a3 4c b6 75 d4 b0 e1 be 58 93 bd 5b 4e 99 d3 d3>,
  absValidity: 2018-03-21T19:20:58.417Z,
  relValidity: 7200000 }
options
{ serverHost: '10.0.1.9',
  serverPort: 22100,
  sessionKey: 
   { id: 40100685,
     cipherKeyVal: <Buffer 5b 18 d9 5e 8c f2 15 a2 2b 7e 32 7c 4c 44 72 88>,
     macKeyVal: <Buffer 46 39 b4 7d 7d 92 be 99 4c 45 20 8f 59 da 7f 2a a3 4c b6 75 d4 b0 e1 be 58 93 bd 5b 4e 99 d3 d3>,
     absValidity: 2018-03-21T19:20:58.417Z,
     relValidity: 7200000 },
  sessionCryptoSpec: { cipher: 'AES-128-CBC', mac: 'SHA256' },
  sessionProtocol: 'TCP',
  handshakeTimeout: 50000 }
chosen nonce: <Buffer 27 be d4 bf 88 1c 4c f9>
switching to HANDSHAKE_1_SENT
disconnected from auth
Handler: secure connection with the server closed.
received session key handshake2!
client ret: [object Object]
server authenticated/authorized by solving nonce!
Handler: communication initialization succeeded
file data length: 1024
sending at Tue Mar 20 2018 19:20:59 GMT+0000 (UTC)
switching to IN_COMM
received secure communication message!
Received seqNum: 0
Handler: data received from server via secure communication
data1
Resp-actual/expected/ratio/ts: 20 22 0.9090909090909091 1521573659995
Distribution protocol: TCP
Resp-actual/expected/ratio/ts: 20 23 0.8695652173913043 1521573718310
connected to auth! from local port 33010
received auth hello!
{ authId: 401, nonce: <Buffer 8e cb 0e 61 5d 1e f1 f0> }
received session key response encrypted with distribution key
replyNonce in sessionKeyResp: <Buffer 4c 20 5b 4d 57 46 95 f1>
auth nonce verified
handleSessionKeyResp: session key request succeeded! authFailureCount: 0
received 1 keys
currentSessionKey: [object Object]
Status: Secure connection closed before starting a new connection.
Session protocol: TCP
chosen commSessionKey: 
{ id: 40100698,
  cipherKeyVal: <Buffer 69 73 b1 b1 ce 62 dd 23 82 86 80 52 23 79 60 0b>,
  macKeyVal: <Buffer 98 39 ed 38 e5 c6 12 68 60 89 e9 02 2f 8a b5 19 73 2e d1 b3 ab 1c 90 21 0c 73 7c d2 40 dd e3 e9>,
  absValidity: 2018-03-21T19:21:58.410Z,
  relValidity: 7200000 }
options
{ serverHost: '10.0.1.9',
  serverPort: 22100,
  sessionKey: 
   { id: 40100698,
     cipherKeyVal: <Buffer 69 73 b1 b1 ce 62 dd 23 82 86 80 52 23 79 60 0b>,
     macKeyVal: <Buffer 98 39 ed 38 e5 c6 12 68 60 89 e9 02 2f 8a b5 19 73 2e d1 b3 ab 1c 90 21 0c 73 7c d2 40 dd e3 e9>,
     absValidity: 2018-03-21T19:21:58.410Z,
     relValidity: 7200000 },
  sessionCryptoSpec: { cipher: 'AES-128-CBC', mac: 'SHA256' },
  sessionProtocol: 'TCP',
  handshakeTimeout: 50000 }
chosen nonce: <Buffer ae b9 4a cd 8c 4c cd ab>
switching to HANDSHAKE_1_SENT
disconnected from auth
Handler: secure connection with the server closed.
Handler: Error in secure comm - details: Comm init failed: handshake1 timed out ...
Handler: Error in secure comm - details: Comm init failed: disconnected from server during communication initialization.10.0.1.9:undefined
Distribution protocol: TCP
Resp-actual/expected/ratio/ts: 20 24 0.8333333333333334 1521573778317
connected to auth! from local port 33246
received auth hello!
{ authId: 401, nonce: <Buffer bf 19 8d d0 bf 4c 27 cd> }
received session key response encrypted with distribution key
replyNonce in sessionKeyResp: <Buffer 6f 7e e1 af 25 31 3d bf>
auth nonce verified
handleSessionKeyResp: session key request succeeded! authFailureCount: 0
received 1 keys
currentSessionKey: [object Object]
Status: Secure connection closed before starting a new connection.
Session protocol: TCP
chosen commSessionKey: 
{ id: 40100712,
  cipherKeyVal: <Buffer 65 e2 28 52 15 8e b8 a9 d9 a3 3b ff 17 0b 85 2e>,
  macKeyVal: <Buffer b1 5b e6 a8 87 d3 5e be b2 7e b0 25 1b 9c ac 91 70 58 be c1 c6 eb 6d ac c4 4d 30 2d 3d 48 8f 6b>,
  absValidity: 2018-03-21T19:22:58.445Z,
  relValidity: 7200000 }
options
{ serverHost: '10.0.1.9',
  serverPort: 22100,
  sessionKey: 
   { id: 40100712,
     cipherKeyVal: <Buffer 65 e2 28 52 15 8e b8 a9 d9 a3 3b ff 17 0b 85 2e>,
     macKeyVal: <Buffer b1 5b e6 a8 87 d3 5e be b2 7e b0 25 1b 9c ac 91 70 58 be c1 c6 eb 6d ac c4 4d 30 2d 3d 48 8f 6b>,
     absValidity: 2018-03-21T19:22:58.445Z,
     relValidity: 7200000 },
  sessionCryptoSpec: { cipher: 'AES-128-CBC', mac: 'SHA256' },
  sessionProtocol: 'TCP',
  handshakeTimeout: 50000 }
disconnected from auth
chosen nonce: <Buffer 22 f6 aa b3 c4 c1 f9 38>
switching to HANDSHAKE_1_SENT
Handler: Error in secure comm - details: Comm init failed: handshake1 timed out ...
Handler: Error in secure comm - details: Comm init failed: disconnected from server during communication initialization.10.0.1.9:undefined
Distribution protocol: TCP
Resp-actual/expected/ratio/ts: 20 25 0.8 1521573838323
connected to auth! from local port 33480
received auth hello!
{ authId: 401, nonce: <Buffer f6 da 2f 9c 91 14 6e e9> }
received session key response encrypted with distribution key
replyNonce in sessionKeyResp: <Buffer e1 b0 83 78 fa 2c 00 63>
auth nonce verified
handleSessionKeyResp: session key request succeeded! authFailureCount: 0
received 1 keys
currentSessionKey: [object Object]
Status: Secure connection closed before starting a new connection.
Session protocol: TCP
chosen commSessionKey: 
{ id: 40100726,
  cipherKeyVal: <Buffer b9 1a 3c ca ae 54 9d 45 30 2b 7c b7 15 82 8d ae>,
  macKeyVal: <Buffer 53 93 34 fd 2d c4 2e dc 34 12 a5 8d f6 58 28 31 43 8f f1 62 9f 0e b1 57 da 90 f2 bb 8b a9 78 ef>,
  absValidity: 2018-03-21T19:23:58.466Z,
  relValidity: 7200000 }
options
{ serverHost: '10.0.1.9',
  serverPort: 22100,
  sessionKey: 
   { id: 40100726,
     cipherKeyVal: <Buffer b9 1a 3c ca ae 54 9d 45 30 2b 7c b7 15 82 8d ae>,
     macKeyVal: <Buffer 53 93 34 fd 2d c4 2e dc 34 12 a5 8d f6 58 28 31 43 8f f1 62 9f 0e b1 57 da 90 f2 bb 8b a9 78 ef>,
     absValidity: 2018-03-21T19:23:58.466Z,
     relValidity: 7200000 },
  sessionCryptoSpec: { cipher: 'AES-128-CBC', mac: 'SHA256' },
  sessionProtocol: 'TCP',
  handshakeTimeout: 50000 }
chosen nonce: <Buffer 6f 0b 37 56 c3 eb 0a cd>
switching to HANDSHAKE_1_SENT
disconnected from auth
Handler: Error in secure comm - details: Comm init failed: handshake1 timed out ...
Handler: Error in secure comm - details: Comm init failed: disconnected from server during communication initialization.10.0.1.9:undefined
Distribution protocol: TCP
Resp-actual/expected/ratio/ts: 20 26 0.7692307692307693 1521573898334
connected to auth! from local port 33714
received auth hello!
{ authId: 401, nonce: <Buffer 3a 12 a9 b3 b7 99 19 cc> }
received session key response encrypted with distribution key
replyNonce in sessionKeyResp: <Buffer 9f f8 2e df 0e 25 98 fc>
auth nonce verified
handleSessionKeyResp: session key request succeeded! authFailureCount: 0
received 1 keys
currentSessionKey: [object Object]
Status: Secure connection closed before starting a new connection.
Session protocol: TCP
chosen commSessionKey: 
{ id: 40100740,
  cipherKeyVal: <Buffer 36 b9 85 ac 4b f6 9b 4a f3 6c a9 38 be b6 0f ba>,
  macKeyVal: <Buffer f3 a2 47 2d d3 04 26 cf 5c 4b c0 89 cd 0e 94 ef 5c e1 d9 b8 80 f4 f8 6e 54 87 36 59 d4 ee 63 b0>,
  absValidity: 2018-03-21T19:24:58.538Z,
  relValidity: 7200000 }
options
{ serverHost: '10.0.1.9',
  serverPort: 22100,
  sessionKey: 
   { id: 40100740,
     cipherKeyVal: <Buffer 36 b9 85 ac 4b f6 9b 4a f3 6c a9 38 be b6 0f ba>,
     macKeyVal: <Buffer f3 a2 47 2d d3 04 26 cf 5c 4b c0 89 cd 0e 94 ef 5c e1 d9 b8 80 f4 f8 6e 54 87 36 59 d4 ee 63 b0>,
     absValidity: 2018-03-21T19:24:58.538Z,
     relValidity: 7200000 },
  sessionCryptoSpec: { cipher: 'AES-128-CBC', mac: 'SHA256' },
  sessionProtocol: 'TCP',
  handshakeTimeout: 50000 }
chosen nonce: <Buffer c2 18 8b 45 89 9c 63 52>
switching to HANDSHAKE_1_SENT
disconnected from auth
Handler: Error in secure comm - details: Comm init failed: handshake1 timed out ...
Handler: Error in secure comm - details: Comm init failed: disconnected from server during communication initialization.10.0.1.9:undefined
Distribution protocol: TCP
Resp-actual/expected/ratio/ts: 20 27 0.7407407407407407 1521573958344
connected to auth! from local port 33942
received auth hello!
{ authId: 401, nonce: <Buffer 25 29 a4 bb 67 56 22 3d> }
received session key response encrypted with distribution key
replyNonce in sessionKeyResp: <Buffer f9 9d d8 f0 bd 6d 55 c0>
auth nonce verified
handleSessionKeyResp: session key request succeeded! authFailureCount: 0
received 1 keys
currentSessionKey: [object Object]
Status: Secure connection closed before starting a new connection.
Session protocol: TCP
chosen commSessionKey: 
{ id: 40100753,
  cipherKeyVal: <Buffer 3e d6 5f bf bd 2d 3e 61 53 8f a2 6b fa a1 08 20>,
  macKeyVal: <Buffer a2 93 72 f6 36 a5 2c ef ad df 52 43 93 a0 40 73 87 67 98 4c c0 64 74 48 cd 20 df e3 b5 d7 c2 82>,
  absValidity: 2018-03-21T19:25:58.508Z,
  relValidity: 7200000 }
options
{ serverHost: '10.0.1.9',
  serverPort: 22100,
  sessionKey: 
   { id: 40100753,
     cipherKeyVal: <Buffer 3e d6 5f bf bd 2d 3e 61 53 8f a2 6b fa a1 08 20>,
     macKeyVal: <Buffer a2 93 72 f6 36 a5 2c ef ad df 52 43 93 a0 40 73 87 67 98 4c c0 64 74 48 cd 20 df e3 b5 d7 c2 82>,
     absValidity: 2018-03-21T19:25:58.508Z,
     relValidity: 7200000 },
  sessionCryptoSpec: { cipher: 'AES-128-CBC', mac: 'SHA256' },
  sessionProtocol: 'TCP',
  handshakeTimeout: 50000 }
chosen nonce: <Buffer ab bd 6d 87 9b 6c 8a ab>
switching to HANDSHAKE_1_SENT
disconnected from auth
Handler: Error in secure comm - details: Comm init failed: handshake1 timed out ...
Handler: Error in secure comm - details: Comm init failed: disconnected from server during communication initialization.10.0.1.9:undefined
Distribution protocol: TCP
Resp-actual/expected/ratio/ts: 20 28 0.7142857142857143 1521574018349
connected to auth! from local port 34168
received auth hello!
{ authId: 401, nonce: <Buffer df 43 9d 96 af 0b 66 d7> }
received session key response encrypted with distribution key
replyNonce in sessionKeyResp: <Buffer 24 ab 82 3c ff c6 bf f1>
auth nonce verified
handleSessionKeyResp: session key request succeeded! authFailureCount: 0
received 1 keys
currentSessionKey: [object Object]
Status: Secure connection closed before starting a new connection.
Session protocol: TCP
chosen commSessionKey: 
{ id: 40100766,
  cipherKeyVal: <Buffer ce 85 a5 4b 13 38 14 26 97 10 a9 eb 11 c1 d0 af>,
  macKeyVal: <Buffer e4 3c fa 3d 36 7f 5b f6 61 96 8c 2a 70 fb f5 2d 22 cb 4c 38 16 d6 46 be 45 b3 fb 67 9f 55 cf b0>,
  absValidity: 2018-03-21T19:26:58.502Z,
  relValidity: 7200000 }
options
{ serverHost: '10.0.1.9',
  serverPort: 22100,
  sessionKey: 
   { id: 40100766,
     cipherKeyVal: <Buffer ce 85 a5 4b 13 38 14 26 97 10 a9 eb 11 c1 d0 af>,
     macKeyVal: <Buffer e4 3c fa 3d 36 7f 5b f6 61 96 8c 2a 70 fb f5 2d 22 cb 4c 38 16 d6 46 be 45 b3 fb 67 9f 55 cf b0>,
     absValidity: 2018-03-21T19:26:58.502Z,
     relValidity: 7200000 },
  sessionCryptoSpec: { cipher: 'AES-128-CBC', mac: 'SHA256' },
  sessionProtocol: 'TCP',
  handshakeTimeout: 50000 }
chosen nonce: <Buffer 5f 3f c5 f5 1f 31 75 b9>
switching to HANDSHAKE_1_SENT
disconnected from auth
Handler: Error in secure comm - details: Comm init failed: handshake1 timed out ...
Handler: Error in secure comm - details: Comm init failed: disconnected from server during communication initialization.10.0.1.9:undefined
