changing working directory to: /home/hokeunkim/Development/iotauth/entity/node/example_entities
loading from config file: /home/hokeunkim/Development/iotauth_experiments/experiments/ccs2017/expOptions/expEntity.option
Experimental options for autoClient: { autoSendPeriod: 60000,
  useSameSessionKeyCount: 1,
  connectionTimeout: 50000,
  migrationEnabled: false,
  authFailureThreshold: 2,
  migrationFailureThreshold: 2 }
loading from config file: /home/hokeunkim/Development/iotauth/entity/node/example_entities/configs/Clients/c403.config
initializing...
current parameters: { numKeysPerRequest: 3,
  migrationEnabled: false,
  authFailureThreshold: 3,
  migrationFailureThreshold: 3 }
current parameters: { numKeysPerRequest: 1,
  migrationEnabled: false,
  authFailureThreshold: 3,
  migrationFailureThreshold: 3 }
current parameters: { numKeysPerRequest: 1,
  migrationEnabled: false,
  authFailureThreshold: 3,
  migrationFailureThreshold: 3 }
current parameters: { numKeysPerRequest: 1,
  migrationEnabled: false,
  authFailureThreshold: 2,
  migrationFailureThreshold: 3 }
current parameters: { numKeysPerRequest: 1,
  migrationEnabled: false,
  authFailureThreshold: 2,
  migrationFailureThreshold: 2 }
current entityInfo: { name: 'c403',
  group: 'Clients',
  distProtocol: 'TCP',
  usePermanentDistKey: false,
  connectionTimeout: 50000,
  privateKey: <Buffer 2d 2d 2d 2d 2d 42 45 47 49 4e 20 52 53 41 20 50 52 49 56 41 54 45 20 4b 45 59 2d 2d 2d 2d 2d 0a 4d 49 49 45 70 41 49 42 41 41 4b 43 41 51 45 41 77 6e ... > }
Distribution protocol: TCP
Resp-actual/expected/ratio/ts: 0 1 0 1521668571973
connected to auth! from local port 53222
received auth hello!
{ authId: 401, nonce: <Buffer bc 56 37 d2 57 f9 ff 40> }
received session key response with distribution key attached!
auth signature verified
replyNonce in sessionKeyResp: <Buffer 16 56 8d 14 5d 3b 99 cc>
auth nonce verified
updating distribution key: { cipherKeyVal: <Buffer 01 dc e1 ea b8 bb e3 28 ca 31 6d d9 0a df 01 bc>,
  macKeyVal: <Buffer e2 ba 37 b5 2b 58 65 cb 9d a0 de 24 03 2b e8 0e 48 59 c4 89 f3 2c c6 a4 8b 23 ef 9c 25 61 94 93>,
  absValidity: 2018-03-21T22:42:52.157Z }
received 1 keys
currentSessionKey: [object Object]
Session protocol: TCP
chosen commSessionKey: 
{ id: 40101645,
  cipherKeyVal: <Buffer 91 74 5f 69 c8 f4 13 d9 03 fa cd ac da 7d 1d 18>,
  macKeyVal: <Buffer c3 e6 69 4f 15 4e 7e 96 82 17 a1 d9 50 84 56 ae 96 5f 88 a2 52 8b f7 ff 4a 30 79 7d c9 f7 a7 2d>,
  absValidity: 2018-03-22T21:42:52.157Z,
  relValidity: 7200000 }
options
{ serverHost: '10.0.1.18',
  serverPort: 22100,
  sessionKey: 
   { id: 40101645,
     cipherKeyVal: <Buffer 91 74 5f 69 c8 f4 13 d9 03 fa cd ac da 7d 1d 18>,
     macKeyVal: <Buffer c3 e6 69 4f 15 4e 7e 96 82 17 a1 d9 50 84 56 ae 96 5f 88 a2 52 8b f7 ff 4a 30 79 7d c9 f7 a7 2d>,
     absValidity: 2018-03-22T21:42:52.157Z,
     relValidity: 7200000 },
  sessionCryptoSpec: { cipher: 'AES-128-CBC', mac: 'SHA256' },
  sessionProtocol: 'TCP',
  handshakeTimeout: 50000 }
disconnected from auth
chosen nonce: <Buffer 04 a1 5e 56 5e 67 aa 30>
switching to HANDSHAKE_1_SENT
received session key handshake2!
client ret: [object Object]
server authenticated/authorized by solving nonce!
Handler: communication initialization succeeded
file data length: 1024
sending at Wed Mar 21 2018 21:42:52 GMT+0000 (UTC)
switching to IN_COMM
received secure communication message!
Received seqNum: 0
Handler: data received from server via secure communication
data1
Resp-actual/expected/ratio/ts: 1 1 1 1521668573065
Distribution protocol: TCP
Resp-actual/expected/ratio/ts: 1 2 0.5 1521668632030
connected to auth! from local port 53350
received auth hello!
{ authId: 401, nonce: <Buffer 74 b6 14 1d 0a ee 5e f5> }
received session key response encrypted with distribution key
replyNonce in sessionKeyResp: <Buffer 53 25 03 9a c2 42 8f c9>
auth nonce verified
received 1 keys
currentSessionKey: [object Object]
Status: Secure connection closed before starting a new connection.
Session protocol: TCP
chosen commSessionKey: 
{ id: 40101651,
  cipherKeyVal: <Buffer 9f 4d b9 ad a3 c5 99 a9 f6 a4 cf 23 bb 82 c0 0d>,
  macKeyVal: <Buffer c8 88 b7 95 c5 c9 41 d5 66 96 4d fa 37 93 24 a5 0f b0 e6 a8 e8 6a df 64 dd 16 57 c5 bb b0 30 01>,
  absValidity: 2018-03-22T21:43:52.163Z,
  relValidity: 7200000 }
options
{ serverHost: '10.0.1.18',
  serverPort: 22100,
  sessionKey: 
   { id: 40101651,
     cipherKeyVal: <Buffer 9f 4d b9 ad a3 c5 99 a9 f6 a4 cf 23 bb 82 c0 0d>,
     macKeyVal: <Buffer c8 88 b7 95 c5 c9 41 d5 66 96 4d fa 37 93 24 a5 0f b0 e6 a8 e8 6a df 64 dd 16 57 c5 bb b0 30 01>,
     absValidity: 2018-03-22T21:43:52.163Z,
     relValidity: 7200000 },
  sessionCryptoSpec: { cipher: 'AES-128-CBC', mac: 'SHA256' },
  sessionProtocol: 'TCP',
  handshakeTimeout: 50000 }
chosen nonce: <Buffer b4 1e cf cc 40 ee 9a 2f>
switching to HANDSHAKE_1_SENT
disconnected from auth
Handler: secure connection with the server closed.
received session key handshake2!
client ret: [object Object]
server authenticated/authorized by solving nonce!
Handler: communication initialization succeeded
file data length: 1024
sending at Wed Mar 21 2018 21:43:52 GMT+0000 (UTC)
switching to IN_COMM
received secure communication message!
Received seqNum: 0
Handler: data received from server via secure communication
data1
Resp-actual/expected/ratio/ts: 2 2 1 1521668632956
Distribution protocol: TCP
Resp-actual/expected/ratio/ts: 2 3 0.6666666666666666 1521668692085
connected to auth! from local port 53586
received auth hello!
{ authId: 401, nonce: <Buffer 58 4b b7 70 f0 98 9f f2> }
received session key response encrypted with distribution key
replyNonce in sessionKeyResp: <Buffer e3 a8 c8 5a 07 25 8f be>
auth nonce verified
received 1 keys
currentSessionKey: [object Object]
Status: Secure connection closed before starting a new connection.
Session protocol: TCP
chosen commSessionKey: 
{ id: 40101657,
  cipherKeyVal: <Buffer e4 da f6 b2 f3 19 ba 3a c9 75 26 d1 d5 98 17 43>,
  macKeyVal: <Buffer 27 7f 91 9e 0f 59 58 08 6c 08 a1 9b 5f 9b 82 0a 24 b2 e3 7a 07 e5 ae 63 7f b3 ab 48 b5 34 58 83>,
  absValidity: 2018-03-22T21:44:52.225Z,
  relValidity: 7200000 }
options
{ serverHost: '10.0.1.18',
  serverPort: 22100,
  sessionKey: 
   { id: 40101657,
     cipherKeyVal: <Buffer e4 da f6 b2 f3 19 ba 3a c9 75 26 d1 d5 98 17 43>,
     macKeyVal: <Buffer 27 7f 91 9e 0f 59 58 08 6c 08 a1 9b 5f 9b 82 0a 24 b2 e3 7a 07 e5 ae 63 7f b3 ab 48 b5 34 58 83>,
     absValidity: 2018-03-22T21:44:52.225Z,
     relValidity: 7200000 },
  sessionCryptoSpec: { cipher: 'AES-128-CBC', mac: 'SHA256' },
  sessionProtocol: 'TCP',
  handshakeTimeout: 50000 }
chosen nonce: <Buffer 46 1a 98 93 4e 1b 23 e5>
switching to HANDSHAKE_1_SENT
disconnected from auth
Handler: secure connection with the server closed.
received session key handshake2!
client ret: [object Object]
server authenticated/authorized by solving nonce!
Handler: communication initialization succeeded
file data length: 1024
sending at Wed Mar 21 2018 21:44:53 GMT+0000 (UTC)
switching to IN_COMM
received secure communication message!
Received seqNum: 0
Handler: data received from server via secure communication
data1
Resp-actual/expected/ratio/ts: 3 3 1 1521668693474
Distribution protocol: TCP
Resp-actual/expected/ratio/ts: 3 4 0.75 1521668752141
connected to auth! from local port 53856
received auth hello!
{ authId: 401, nonce: <Buffer f4 ba ae 99 d9 8c 81 fc> }
received session key response encrypted with distribution key
replyNonce in sessionKeyResp: <Buffer 65 4f 95 06 d4 6a 08 9d>
auth nonce verified
received 1 keys
currentSessionKey: [object Object]
Status: Secure connection closed before starting a new connection.
Session protocol: TCP
chosen commSessionKey: 
{ id: 40101663,
  cipherKeyVal: <Buffer 5a e4 9a eb 9a 04 e2 8d 35 6a 35 68 f7 5c 54 c2>,
  macKeyVal: <Buffer 4d 65 6c 88 a6 8b ae e4 58 6a b6 c1 75 6e b3 e0 fa c5 06 b2 af 87 f4 ae b9 4b 14 bf f1 4f e4 f7>,
  absValidity: 2018-03-22T21:45:52.290Z,
  relValidity: 7200000 }
options
{ serverHost: '10.0.1.18',
  serverPort: 22100,
  sessionKey: 
   { id: 40101663,
     cipherKeyVal: <Buffer 5a e4 9a eb 9a 04 e2 8d 35 6a 35 68 f7 5c 54 c2>,
     macKeyVal: <Buffer 4d 65 6c 88 a6 8b ae e4 58 6a b6 c1 75 6e b3 e0 fa c5 06 b2 af 87 f4 ae b9 4b 14 bf f1 4f e4 f7>,
     absValidity: 2018-03-22T21:45:52.290Z,
     relValidity: 7200000 },
  sessionCryptoSpec: { cipher: 'AES-128-CBC', mac: 'SHA256' },
  sessionProtocol: 'TCP',
  handshakeTimeout: 50000 }
chosen nonce: <Buffer 66 fc cc 7d b1 a6 3c d2>
switching to HANDSHAKE_1_SENT
disconnected from auth
Handler: secure connection with the server closed.
received session key handshake2!
client ret: [object Object]
server authenticated/authorized by solving nonce!
Handler: communication initialization succeeded
file data length: 1024
sending at Wed Mar 21 2018 21:45:52 GMT+0000 (UTC)
switching to IN_COMM
received secure communication message!
Received seqNum: 0
Handler: data received from server via secure communication
data1
Resp-actual/expected/ratio/ts: 4 4 1 1521668753218
Distribution protocol: TCP
Resp-actual/expected/ratio/ts: 4 5 0.8 1521668812197
connected to auth! from local port 54126
received auth hello!
{ authId: 401, nonce: <Buffer 99 05 40 13 04 82 5c 2c> }
received session key response encrypted with distribution key
replyNonce in sessionKeyResp: <Buffer e8 6b 5b 23 01 f6 1a e5>
auth nonce verified
received 1 keys
currentSessionKey: [object Object]
Status: Secure connection closed before starting a new connection.
Session protocol: TCP
chosen commSessionKey: 
{ id: 40101669,
  cipherKeyVal: <Buffer 77 bf 8e 03 44 d5 84 6f 5b 74 66 df 44 6e ad e2>,
  macKeyVal: <Buffer a5 89 8d 11 58 1b 58 85 72 19 58 18 4a 39 bf 1e 0e 4b 7e e8 d6 51 53 be 3c 2f 5c 74 11 8c a0 e8>,
  absValidity: 2018-03-22T21:46:52.343Z,
  relValidity: 7200000 }
options
{ serverHost: '10.0.1.18',
  serverPort: 22100,
  sessionKey: 
   { id: 40101669,
     cipherKeyVal: <Buffer 77 bf 8e 03 44 d5 84 6f 5b 74 66 df 44 6e ad e2>,
     macKeyVal: <Buffer a5 89 8d 11 58 1b 58 85 72 19 58 18 4a 39 bf 1e 0e 4b 7e e8 d6 51 53 be 3c 2f 5c 74 11 8c a0 e8>,
     absValidity: 2018-03-22T21:46:52.343Z,
     relValidity: 7200000 },
  sessionCryptoSpec: { cipher: 'AES-128-CBC', mac: 'SHA256' },
  sessionProtocol: 'TCP',
  handshakeTimeout: 50000 }
chosen nonce: <Buffer b0 e4 e8 8a dd 78 0a 88>
switching to HANDSHAKE_1_SENT
disconnected from auth
Handler: secure connection with the server closed.
received session key handshake2!
client ret: [object Object]
server authenticated/authorized by solving nonce!
Handler: communication initialization succeeded
file data length: 1024
sending at Wed Mar 21 2018 21:46:52 GMT+0000 (UTC)
switching to IN_COMM
received secure communication message!
Received seqNum: 0
Handler: data received from server via secure communication
data1
Resp-actual/expected/ratio/ts: 5 5 1 1521668813390
Distribution protocol: TCP
Resp-actual/expected/ratio/ts: 5 6 0.8333333333333334 1521668872253
connected to auth! from local port 54396
received auth hello!
{ authId: 401, nonce: <Buffer 1f 80 6b 20 fd ee 4c 59> }
received session key response encrypted with distribution key
replyNonce in sessionKeyResp: <Buffer e4 97 91 dc 57 b9 ea e8>
auth nonce verified
received 1 keys
currentSessionKey: [object Object]
Status: Secure connection closed before starting a new connection.
Session protocol: TCP
chosen commSessionKey: 
{ id: 40101675,
  cipherKeyVal: <Buffer 14 d1 b9 20 9c 19 fa cf 01 bf ab 8b 67 f4 1e 8d>,
  macKeyVal: <Buffer 8b 77 34 58 6c ff f3 83 32 2a a3 22 d0 b9 89 31 93 f3 05 38 06 3e 6f 03 3e b2 54 87 7e 32 c0 a5>,
  absValidity: 2018-03-22T21:47:52.352Z,
  relValidity: 7200000 }
options
{ serverHost: '10.0.1.18',
  serverPort: 22100,
  sessionKey: 
   { id: 40101675,
     cipherKeyVal: <Buffer 14 d1 b9 20 9c 19 fa cf 01 bf ab 8b 67 f4 1e 8d>,
     macKeyVal: <Buffer 8b 77 34 58 6c ff f3 83 32 2a a3 22 d0 b9 89 31 93 f3 05 38 06 3e 6f 03 3e b2 54 87 7e 32 c0 a5>,
     absValidity: 2018-03-22T21:47:52.352Z,
     relValidity: 7200000 },
  sessionCryptoSpec: { cipher: 'AES-128-CBC', mac: 'SHA256' },
  sessionProtocol: 'TCP',
  handshakeTimeout: 50000 }
chosen nonce: <Buffer 73 a7 83 d6 5f 0b 8b 34>
switching to HANDSHAKE_1_SENT
disconnected from auth
Handler: secure connection with the server closed.
received session key handshake2!
client ret: [object Object]
server authenticated/authorized by solving nonce!
Handler: communication initialization succeeded
file data length: 1024
sending at Wed Mar 21 2018 21:47:53 GMT+0000 (UTC)
switching to IN_COMM
received secure communication message!
Received seqNum: 0
Handler: data received from server via secure communication
data1
Resp-actual/expected/ratio/ts: 6 6 1 1521668873361
Distribution protocol: TCP
Resp-actual/expected/ratio/ts: 6 7 0.8571428571428571 1521668932309
connected to auth! from local port 54666
received auth hello!
{ authId: 401, nonce: <Buffer 1d 5a 42 2d cc a7 21 c3> }
received session key response encrypted with distribution key
replyNonce in sessionKeyResp: <Buffer 74 9e 55 df 02 a4 69 3c>
auth nonce verified
received 1 keys
currentSessionKey: [object Object]
Status: Secure connection closed before starting a new connection.
Session protocol: TCP
chosen commSessionKey: 
{ id: 40101681,
  cipherKeyVal: <Buffer 69 de 0f 3d 33 bc 3e 63 43 7c c6 c3 dc dd c1 8a>,
  macKeyVal: <Buffer b3 7c 4c 95 f4 03 95 b9 7b 7f f0 4c 35 cb 96 85 0a 12 da ba 09 e1 5e a3 1a 42 b7 d7 0f 89 cd 6d>,
  absValidity: 2018-03-22T21:48:52.427Z,
  relValidity: 7200000 }
options
{ serverHost: '10.0.1.18',
  serverPort: 22100,
  sessionKey: 
   { id: 40101681,
     cipherKeyVal: <Buffer 69 de 0f 3d 33 bc 3e 63 43 7c c6 c3 dc dd c1 8a>,
     macKeyVal: <Buffer b3 7c 4c 95 f4 03 95 b9 7b 7f f0 4c 35 cb 96 85 0a 12 da ba 09 e1 5e a3 1a 42 b7 d7 0f 89 cd 6d>,
     absValidity: 2018-03-22T21:48:52.427Z,
     relValidity: 7200000 },
  sessionCryptoSpec: { cipher: 'AES-128-CBC', mac: 'SHA256' },
  sessionProtocol: 'TCP',
  handshakeTimeout: 50000 }
chosen nonce: <Buffer dd 96 1c 6f cc db ef 5b>
switching to HANDSHAKE_1_SENT
disconnected from auth
Handler: secure connection with the server closed.
received session key handshake2!
client ret: [object Object]
server authenticated/authorized by solving nonce!
Handler: communication initialization succeeded
file data length: 1024
sending at Wed Mar 21 2018 21:48:52 GMT+0000 (UTC)
switching to IN_COMM
received secure communication message!
Received seqNum: 0
Handler: data received from server via secure communication
data1
Resp-actual/expected/ratio/ts: 7 7 1 1521668933260
Distribution protocol: TCP
Resp-actual/expected/ratio/ts: 7 8 0.875 1521668992356
connected to auth! from local port 54936
received auth hello!
{ authId: 401, nonce: <Buffer 8d 06 17 d7 da 62 a2 66> }
received session key response encrypted with distribution key
replyNonce in sessionKeyResp: <Buffer 29 7a 76 ce c3 7c 3d e0>
auth nonce verified
received 1 keys
currentSessionKey: [object Object]
Status: Secure connection closed before starting a new connection.
Session protocol: TCP
chosen commSessionKey: 
{ id: 40101687,
  cipherKeyVal: <Buffer 1d 8b 90 4c 33 25 b4 29 76 d0 4a f2 78 61 0b cb>,
  macKeyVal: <Buffer 03 cb b7 fd 1a e8 d8 da bf de d1 07 53 ec c0 7f 64 23 8a 96 78 59 fd f3 eb d7 a2 93 d7 13 4a da>,
  absValidity: 2018-03-22T21:49:52.508Z,
  relValidity: 7200000 }
options
{ serverHost: '10.0.1.18',
  serverPort: 22100,
  sessionKey: 
   { id: 40101687,
     cipherKeyVal: <Buffer 1d 8b 90 4c 33 25 b4 29 76 d0 4a f2 78 61 0b cb>,
     macKeyVal: <Buffer 03 cb b7 fd 1a e8 d8 da bf de d1 07 53 ec c0 7f 64 23 8a 96 78 59 fd f3 eb d7 a2 93 d7 13 4a da>,
     absValidity: 2018-03-22T21:49:52.508Z,
     relValidity: 7200000 },
  sessionCryptoSpec: { cipher: 'AES-128-CBC', mac: 'SHA256' },
  sessionProtocol: 'TCP',
  handshakeTimeout: 50000 }
chosen nonce: <Buffer eb 03 54 69 3b d9 00 8d>
switching to HANDSHAKE_1_SENT
disconnected from auth
Handler: secure connection with the server closed.
received session key handshake2!
client ret: [object Object]
server authenticated/authorized by solving nonce!
Handler: communication initialization succeeded
file data length: 1024
sending at Wed Mar 21 2018 21:49:53 GMT+0000 (UTC)
switching to IN_COMM
received secure communication message!
Received seqNum: 0
Handler: data received from server via secure communication
data1
Resp-actual/expected/ratio/ts: 8 8 1 1521668993399
Distribution protocol: TCP
Resp-actual/expected/ratio/ts: 8 9 0.8888888888888888 1521669052385
connected to auth! from local port 55190
received auth hello!
{ authId: 401, nonce: <Buffer d8 67 b4 03 c7 1d d3 9a> }
received session key response encrypted with distribution key
replyNonce in sessionKeyResp: <Buffer 82 2e 9c f1 40 d0 fe f9>
auth nonce verified
received 1 keys
currentSessionKey: [object Object]
Status: Secure connection closed before starting a new connection.
Session protocol: TCP
chosen commSessionKey: 
{ id: 40101693,
  cipherKeyVal: <Buffer 93 9d f2 15 2b de 11 09 df af 10 83 03 6f f5 d3>,
  macKeyVal: <Buffer ce c0 91 48 5a c3 5a 37 6d 8a 7d de 6a 13 e0 a0 4f 7a f5 2b 7f 1c 08 bc ae 2b 9c f6 c8 fe 4b f2>,
  absValidity: 2018-03-22T21:50:52.523Z,
  relValidity: 7200000 }
options
{ serverHost: '10.0.1.18',
  serverPort: 22100,
  sessionKey: 
   { id: 40101693,
     cipherKeyVal: <Buffer 93 9d f2 15 2b de 11 09 df af 10 83 03 6f f5 d3>,
     macKeyVal: <Buffer ce c0 91 48 5a c3 5a 37 6d 8a 7d de 6a 13 e0 a0 4f 7a f5 2b 7f 1c 08 bc ae 2b 9c f6 c8 fe 4b f2>,
     absValidity: 2018-03-22T21:50:52.523Z,
     relValidity: 7200000 },
  sessionCryptoSpec: { cipher: 'AES-128-CBC', mac: 'SHA256' },
  sessionProtocol: 'TCP',
  handshakeTimeout: 50000 }
chosen nonce: <Buffer 65 47 fe c9 de 67 4f 32>
switching to HANDSHAKE_1_SENT
disconnected from auth
Handler: secure connection with the server closed.
received session key handshake2!
client ret: [object Object]
server authenticated/authorized by solving nonce!
Handler: communication initialization succeeded
file data length: 1024
sending at Wed Mar 21 2018 21:50:53 GMT+0000 (UTC)
switching to IN_COMM
received secure communication message!
Received seqNum: 0
Handler: data received from server via secure communication
data1
Resp-actual/expected/ratio/ts: 9 9 1 1521669053365
Distribution protocol: TCP
Resp-actual/expected/ratio/ts: 9 10 0.9 1521669112441
connected to auth! from local port 55376
received auth hello!
{ authId: 401, nonce: <Buffer 4b 59 82 0a c9 29 9b a1> }
received session key response encrypted with distribution key
replyNonce in sessionKeyResp: <Buffer c1 5f ab 2b 16 03 ac 02>
auth nonce verified
received 1 keys
currentSessionKey: [object Object]
Status: Secure connection closed before starting a new connection.
Session protocol: TCP
chosen commSessionKey: 
{ id: 40101699,
  cipherKeyVal: <Buffer cf 9e 0a 91 d9 c5 76 81 96 cf c8 3b f5 13 62 c0>,
  macKeyVal: <Buffer 58 b5 14 89 26 4c 9b dc 6c 46 26 41 2b c9 a0 6c fe e2 d7 31 01 a7 9a 89 d8 c4 ec b5 d0 0f dc c5>,
  absValidity: 2018-03-22T21:51:52.605Z,
  relValidity: 7200000 }
options
{ serverHost: '10.0.1.18',
  serverPort: 22100,
  sessionKey: 
   { id: 40101699,
     cipherKeyVal: <Buffer cf 9e 0a 91 d9 c5 76 81 96 cf c8 3b f5 13 62 c0>,
     macKeyVal: <Buffer 58 b5 14 89 26 4c 9b dc 6c 46 26 41 2b c9 a0 6c fe e2 d7 31 01 a7 9a 89 d8 c4 ec b5 d0 0f dc c5>,
     absValidity: 2018-03-22T21:51:52.605Z,
     relValidity: 7200000 },
  sessionCryptoSpec: { cipher: 'AES-128-CBC', mac: 'SHA256' },
  sessionProtocol: 'TCP',
  handshakeTimeout: 50000 }
chosen nonce: <Buffer 81 35 55 18 19 72 ed ea>
switching to HANDSHAKE_1_SENT
disconnected from auth
Handler: secure connection with the server closed.
received session key handshake2!
client ret: [object Object]
server authenticated/authorized by solving nonce!
Handler: communication initialization succeeded
file data length: 1024
sending at Wed Mar 21 2018 21:51:53 GMT+0000 (UTC)
switching to IN_COMM
received secure communication message!
Received seqNum: 0
Handler: data received from server via secure communication
data1
Resp-actual/expected/ratio/ts: 10 10 1 1521669113435
Distribution protocol: TCP
Resp-actual/expected/ratio/ts: 10 11 0.9090909090909091 1521669172445
connected to auth! from local port 55562
received auth hello!
{ authId: 401, nonce: <Buffer 73 53 05 b1 1b 63 83 00> }
received session key response encrypted with distribution key
replyNonce in sessionKeyResp: <Buffer 13 da bf 87 86 13 8e 72>
auth nonce verified
received 1 keys
currentSessionKey: [object Object]
Status: Secure connection closed before starting a new connection.
Session protocol: TCP
chosen commSessionKey: 
{ id: 40101705,
  cipherKeyVal: <Buffer 5b a3 4b f6 d6 62 5b 74 6b 09 d5 13 78 ed 06 d4>,
  macKeyVal: <Buffer ce 30 96 57 16 50 93 4d 8f 5e 31 1a c5 49 32 01 67 cf f6 69 20 b0 6d b2 c8 19 14 40 01 59 dc b6>,
  absValidity: 2018-03-22T21:52:52.607Z,
  relValidity: 7200000 }
options
{ serverHost: '10.0.1.18',
  serverPort: 22100,
  sessionKey: 
   { id: 40101705,
     cipherKeyVal: <Buffer 5b a3 4b f6 d6 62 5b 74 6b 09 d5 13 78 ed 06 d4>,
     macKeyVal: <Buffer ce 30 96 57 16 50 93 4d 8f 5e 31 1a c5 49 32 01 67 cf f6 69 20 b0 6d b2 c8 19 14 40 01 59 dc b6>,
     absValidity: 2018-03-22T21:52:52.607Z,
     relValidity: 7200000 },
  sessionCryptoSpec: { cipher: 'AES-128-CBC', mac: 'SHA256' },
  sessionProtocol: 'TCP',
  handshakeTimeout: 50000 }
chosen nonce: <Buffer 49 ae 19 12 e1 9d b5 e8>
switching to HANDSHAKE_1_SENT
Handler: secure connection with the server closed.
disconnected from auth
received session key handshake2!
client ret: [object Object]
server authenticated/authorized by solving nonce!
Handler: communication initialization succeeded
file data length: 1024
sending at Wed Mar 21 2018 21:52:53 GMT+0000 (UTC)
switching to IN_COMM
received secure communication message!
Received seqNum: 0
Handler: data received from server via secure communication
data1
Resp-actual/expected/ratio/ts: 11 11 1 1521669173690
Distribution protocol: TCP
Resp-actual/expected/ratio/ts: 11 12 0.9166666666666666 1521669232488
connected to auth! from local port 55748
received auth hello!
{ authId: 401, nonce: <Buffer 40 d8 73 83 8e 30 1f b4> }
received session key response encrypted with distribution key
replyNonce in sessionKeyResp: <Buffer b2 5b 4d 82 6d 49 2b 5a>
auth nonce verified
received 1 keys
currentSessionKey: [object Object]
Status: Secure connection closed before starting a new connection.
Session protocol: TCP
chosen commSessionKey: 
{ id: 40101711,
  cipherKeyVal: <Buffer 57 2c 82 78 d8 de e9 bc 24 4d 80 32 e8 7d 4c 85>,
  macKeyVal: <Buffer 60 95 fa 85 f5 c9 6a 59 3a 3a 39 d1 e0 1c 41 43 82 ad 19 95 ff 41 71 b1 90 f2 2f b6 03 3f a5 4a>,
  absValidity: 2018-03-22T21:53:52.648Z,
  relValidity: 7200000 }
options
{ serverHost: '10.0.1.18',
  serverPort: 22100,
  sessionKey: 
   { id: 40101711,
     cipherKeyVal: <Buffer 57 2c 82 78 d8 de e9 bc 24 4d 80 32 e8 7d 4c 85>,
     macKeyVal: <Buffer 60 95 fa 85 f5 c9 6a 59 3a 3a 39 d1 e0 1c 41 43 82 ad 19 95 ff 41 71 b1 90 f2 2f b6 03 3f a5 4a>,
     absValidity: 2018-03-22T21:53:52.648Z,
     relValidity: 7200000 },
  sessionCryptoSpec: { cipher: 'AES-128-CBC', mac: 'SHA256' },
  sessionProtocol: 'TCP',
  handshakeTimeout: 50000 }
chosen nonce: <Buffer 7a ab 65 2d ef 4d 8a d9>
switching to HANDSHAKE_1_SENT
disconnected from auth
Handler: secure connection with the server closed.
received session key handshake2!
client ret: [object Object]
server authenticated/authorized by solving nonce!
Handler: communication initialization succeeded
file data length: 1024
sending at Wed Mar 21 2018 21:53:53 GMT+0000 (UTC)
switching to IN_COMM
received secure communication message!
Received seqNum: 0
Handler: data received from server via secure communication
data1
Resp-actual/expected/ratio/ts: 12 12 1 1521669233480
Distribution protocol: TCP
Resp-actual/expected/ratio/ts: 12 13 0.9230769230769231 1521669292546
connected to auth! from local port 55934
received auth hello!
{ authId: 401, nonce: <Buffer 0a cd 20 18 4e 93 11 0f> }
received session key response encrypted with distribution key
replyNonce in sessionKeyResp: <Buffer 1b b5 82 69 d1 a0 8b bc>
auth nonce verified
received 1 keys
currentSessionKey: [object Object]
Status: Secure connection closed before starting a new connection.
Session protocol: TCP
chosen commSessionKey: 
{ id: 40101717,
  cipherKeyVal: <Buffer 67 4b 56 b9 df a9 1a 99 f2 2b 11 2e 81 7d f4 cf>,
  macKeyVal: <Buffer e5 8f 36 62 ac ce bf 42 10 a1 15 de 43 b3 16 e7 21 b6 7d 45 d8 37 c1 f6 c7 51 2a 4d e5 30 c7 08>,
  absValidity: 2018-03-22T21:54:52.699Z,
  relValidity: 7200000 }
options
{ serverHost: '10.0.1.18',
  serverPort: 22100,
  sessionKey: 
   { id: 40101717,
     cipherKeyVal: <Buffer 67 4b 56 b9 df a9 1a 99 f2 2b 11 2e 81 7d f4 cf>,
     macKeyVal: <Buffer e5 8f 36 62 ac ce bf 42 10 a1 15 de 43 b3 16 e7 21 b6 7d 45 d8 37 c1 f6 c7 51 2a 4d e5 30 c7 08>,
     absValidity: 2018-03-22T21:54:52.699Z,
     relValidity: 7200000 },
  sessionCryptoSpec: { cipher: 'AES-128-CBC', mac: 'SHA256' },
  sessionProtocol: 'TCP',
  handshakeTimeout: 50000 }
chosen nonce: <Buffer b1 60 b8 9b 55 de 80 cc>
switching to HANDSHAKE_1_SENT
disconnected from auth
Handler: secure connection with the server closed.
received session key handshake2!
client ret: [object Object]
server authenticated/authorized by solving nonce!
Handler: communication initialization succeeded
file data length: 1024
sending at Wed Mar 21 2018 21:54:53 GMT+0000 (UTC)
switching to IN_COMM
received secure communication message!
Received seqNum: 0
Handler: data received from server via secure communication
data1
Resp-actual/expected/ratio/ts: 13 13 1 1521669293644
Distribution protocol: TCP
Resp-actual/expected/ratio/ts: 13 14 0.9285714285714286 1521669352605
connected to auth! from local port 56120
received auth hello!
{ authId: 401, nonce: <Buffer 3f fb ed 97 09 3e 50 0c> }
received session key response encrypted with distribution key
replyNonce in sessionKeyResp: <Buffer 65 2f 9d 01 18 67 76 74>
auth nonce verified
received 1 keys
currentSessionKey: [object Object]
Status: Secure connection closed before starting a new connection.
Session protocol: TCP
chosen commSessionKey: 
{ id: 40101723,
  cipherKeyVal: <Buffer 62 57 f2 68 c7 ef b6 fc 3f 72 d7 e5 53 4b af 4f>,
  macKeyVal: <Buffer 39 40 8b 6b 6a 57 20 75 0c 35 b9 50 12 ae f7 65 76 f7 43 1a 5d 2b 61 fc 1d e2 48 4e 4b 67 cb 21>,
  absValidity: 2018-03-22T21:55:52.737Z,
  relValidity: 7200000 }
options
{ serverHost: '10.0.1.18',
  serverPort: 22100,
  sessionKey: 
   { id: 40101723,
     cipherKeyVal: <Buffer 62 57 f2 68 c7 ef b6 fc 3f 72 d7 e5 53 4b af 4f>,
     macKeyVal: <Buffer 39 40 8b 6b 6a 57 20 75 0c 35 b9 50 12 ae f7 65 76 f7 43 1a 5d 2b 61 fc 1d e2 48 4e 4b 67 cb 21>,
     absValidity: 2018-03-22T21:55:52.737Z,
     relValidity: 7200000 },
  sessionCryptoSpec: { cipher: 'AES-128-CBC', mac: 'SHA256' },
  sessionProtocol: 'TCP',
  handshakeTimeout: 50000 }
chosen nonce: <Buffer 43 76 e1 f8 46 49 b1 b8>
switching to HANDSHAKE_1_SENT
disconnected from auth
Handler: secure connection with the server closed.
received session key handshake2!
client ret: [object Object]
server authenticated/authorized by solving nonce!
Handler: communication initialization succeeded
file data length: 1024
sending at Wed Mar 21 2018 21:55:53 GMT+0000 (UTC)
switching to IN_COMM
received secure communication message!
Received seqNum: 0
Handler: data received from server via secure communication
data1
Resp-actual/expected/ratio/ts: 14 14 1 1521669353884
Distribution protocol: TCP
Resp-actual/expected/ratio/ts: 14 15 0.9333333333333333 1521669412659
connected to auth! from local port 56306
received auth hello!
{ authId: 401, nonce: <Buffer 1c ef f9 7f bf 2f 71 6b> }
received session key response encrypted with distribution key
replyNonce in sessionKeyResp: <Buffer b8 02 67 49 99 c2 28 de>
auth nonce verified
received 1 keys
currentSessionKey: [object Object]
Status: Secure connection closed before starting a new connection.
Session protocol: TCP
chosen commSessionKey: 
{ id: 40101729,
  cipherKeyVal: <Buffer d7 91 0d 53 f0 25 2b 10 64 2e 2e 97 5f 09 61 69>,
  macKeyVal: <Buffer f4 20 05 d1 37 62 54 c1 c3 d9 6e 1e 8b b3 24 05 86 96 97 10 06 af ed 58 8e 6d 48 e7 fa a4 fb 24>,
  absValidity: 2018-03-22T21:56:52.830Z,
  relValidity: 7200000 }
options
{ serverHost: '10.0.1.18',
  serverPort: 22100,
  sessionKey: 
   { id: 40101729,
     cipherKeyVal: <Buffer d7 91 0d 53 f0 25 2b 10 64 2e 2e 97 5f 09 61 69>,
     macKeyVal: <Buffer f4 20 05 d1 37 62 54 c1 c3 d9 6e 1e 8b b3 24 05 86 96 97 10 06 af ed 58 8e 6d 48 e7 fa a4 fb 24>,
     absValidity: 2018-03-22T21:56:52.830Z,
     relValidity: 7200000 },
  sessionCryptoSpec: { cipher: 'AES-128-CBC', mac: 'SHA256' },
  sessionProtocol: 'TCP',
  handshakeTimeout: 50000 }
chosen nonce: <Buffer c5 72 2b 92 08 ba e5 9b>
switching to HANDSHAKE_1_SENT
disconnected from auth
Handler: secure connection with the server closed.
received session key handshake2!
client ret: [object Object]
server authenticated/authorized by solving nonce!
Handler: communication initialization succeeded
file data length: 1024
sending at Wed Mar 21 2018 21:56:53 GMT+0000 (UTC)
switching to IN_COMM
received secure communication message!
Received seqNum: 0
Handler: data received from server via secure communication
data1
Resp-actual/expected/ratio/ts: 15 15 1 1521669413776
Distribution protocol: TCP
Resp-actual/expected/ratio/ts: 15 16 0.9375 1521669472718
connected to auth! from local port 56492
received auth hello!
{ authId: 401, nonce: <Buffer 94 f2 72 42 fd fb 71 54> }
received session key response encrypted with distribution key
replyNonce in sessionKeyResp: <Buffer 9c 9f 2a a5 18 8a 66 75>
auth nonce verified
received 1 keys
currentSessionKey: [object Object]
Status: Secure connection closed before starting a new connection.
Session protocol: TCP
chosen commSessionKey: 
{ id: 40101735,
  cipherKeyVal: <Buffer 28 d8 fe 02 90 1b 36 a7 d9 09 e6 1e 23 27 d2 23>,
  macKeyVal: <Buffer 03 24 e8 83 9a 41 12 2c 02 49 b6 1f 03 29 f0 20 47 22 68 fc 8d d5 3d d2 23 0d 0a 05 e5 c3 59 96>,
  absValidity: 2018-03-22T21:57:52.854Z,
  relValidity: 7200000 }
options
{ serverHost: '10.0.1.18',
  serverPort: 22100,
  sessionKey: 
   { id: 40101735,
     cipherKeyVal: <Buffer 28 d8 fe 02 90 1b 36 a7 d9 09 e6 1e 23 27 d2 23>,
     macKeyVal: <Buffer 03 24 e8 83 9a 41 12 2c 02 49 b6 1f 03 29 f0 20 47 22 68 fc 8d d5 3d d2 23 0d 0a 05 e5 c3 59 96>,
     absValidity: 2018-03-22T21:57:52.854Z,
     relValidity: 7200000 },
  sessionCryptoSpec: { cipher: 'AES-128-CBC', mac: 'SHA256' },
  sessionProtocol: 'TCP',
  handshakeTimeout: 50000 }
chosen nonce: <Buffer ba 72 93 aa 75 7d 3d 7b>
switching to HANDSHAKE_1_SENT
disconnected from auth
Handler: secure connection with the server closed.
received session key handshake2!
client ret: [object Object]
server authenticated/authorized by solving nonce!
Handler: communication initialization succeeded
file data length: 1024
sending at Wed Mar 21 2018 21:57:53 GMT+0000 (UTC)
switching to IN_COMM
received secure communication message!
Received seqNum: 0
Handler: data received from server via secure communication
data1
Resp-actual/expected/ratio/ts: 16 16 1 1521669473790
Distribution protocol: TCP
Resp-actual/expected/ratio/ts: 16 17 0.9411764705882353 1521669532778
connected to auth! from local port 56678
received auth hello!
{ authId: 401, nonce: <Buffer d6 5d 5c 11 f9 8a 35 9a> }
received session key response encrypted with distribution key
replyNonce in sessionKeyResp: <Buffer f9 11 e9 d9 8e c7 e4 e8>
auth nonce verified
received 1 keys
currentSessionKey: [object Object]
Status: Secure connection closed before starting a new connection.
Session protocol: TCP
chosen commSessionKey: 
{ id: 40101741,
  cipherKeyVal: <Buffer 05 31 3a 48 2c 42 bc 97 f4 df 41 fc 31 41 5f e9>,
  macKeyVal: <Buffer 2c f7 4c 6c f9 22 a8 af fd 25 fe ad 9c da 7a 61 7d df 15 b4 04 3f b3 db 62 53 60 98 53 19 67 12>,
  absValidity: 2018-03-22T21:58:52.896Z,
  relValidity: 7200000 }
options
{ serverHost: '10.0.1.18',
  serverPort: 22100,
  sessionKey: 
   { id: 40101741,
     cipherKeyVal: <Buffer 05 31 3a 48 2c 42 bc 97 f4 df 41 fc 31 41 5f e9>,
     macKeyVal: <Buffer 2c f7 4c 6c f9 22 a8 af fd 25 fe ad 9c da 7a 61 7d df 15 b4 04 3f b3 db 62 53 60 98 53 19 67 12>,
     absValidity: 2018-03-22T21:58:52.896Z,
     relValidity: 7200000 },
  sessionCryptoSpec: { cipher: 'AES-128-CBC', mac: 'SHA256' },
  sessionProtocol: 'TCP',
  handshakeTimeout: 50000 }
chosen nonce: <Buffer a0 05 96 bb 0d 55 c3 1c>
switching to HANDSHAKE_1_SENT
disconnected from auth
Handler: secure connection with the server closed.
received session key handshake2!
client ret: [object Object]
server authenticated/authorized by solving nonce!
Handler: communication initialization succeeded
file data length: 1024
sending at Wed Mar 21 2018 21:58:53 GMT+0000 (UTC)
switching to IN_COMM
received secure communication message!
Received seqNum: 0
Handler: data received from server via secure communication
data1
Resp-actual/expected/ratio/ts: 17 17 1 1521669533974
Distribution protocol: TCP
Resp-actual/expected/ratio/ts: 17 18 0.9444444444444444 1521669592808
connected to auth! from local port 56864
received auth hello!
{ authId: 401, nonce: <Buffer e5 ec ae c8 c2 fa 8f 69> }
received session key response encrypted with distribution key
replyNonce in sessionKeyResp: <Buffer 0f 67 12 39 36 8f 06 d5>
auth nonce verified
received 1 keys
currentSessionKey: [object Object]
Status: Secure connection closed before starting a new connection.
Session protocol: TCP
chosen commSessionKey: 
{ id: 40101747,
  cipherKeyVal: <Buffer b5 f5 f5 b4 b0 11 63 9b 50 f4 bc 19 b8 6f 89 7e>,
  macKeyVal: <Buffer 10 44 33 c4 b9 e8 ba 00 b1 ab fd 56 0c c2 3c e8 7f 4b 5f 7d e1 61 f1 b2 43 56 9d 46 fb 07 17 17>,
  absValidity: 2018-03-22T21:59:52.960Z,
  relValidity: 7200000 }
options
{ serverHost: '10.0.1.18',
  serverPort: 22100,
  sessionKey: 
   { id: 40101747,
     cipherKeyVal: <Buffer b5 f5 f5 b4 b0 11 63 9b 50 f4 bc 19 b8 6f 89 7e>,
     macKeyVal: <Buffer 10 44 33 c4 b9 e8 ba 00 b1 ab fd 56 0c c2 3c e8 7f 4b 5f 7d e1 61 f1 b2 43 56 9d 46 fb 07 17 17>,
     absValidity: 2018-03-22T21:59:52.960Z,
     relValidity: 7200000 },
  sessionCryptoSpec: { cipher: 'AES-128-CBC', mac: 'SHA256' },
  sessionProtocol: 'TCP',
  handshakeTimeout: 50000 }
chosen nonce: <Buffer e3 cb 11 84 79 dc 35 d5>
switching to HANDSHAKE_1_SENT
disconnected from auth
Handler: secure connection with the server closed.
received session key handshake2!
client ret: [object Object]
server authenticated/authorized by solving nonce!
Handler: communication initialization succeeded
file data length: 1024
sending at Wed Mar 21 2018 21:59:53 GMT+0000 (UTC)
switching to IN_COMM
received secure communication message!
Received seqNum: 0
Handler: data received from server via secure communication
data1
Resp-actual/expected/ratio/ts: 18 18 1 1521669593949
Distribution protocol: TCP
Resp-actual/expected/ratio/ts: 18 19 0.9473684210526315 1521669652865
connected to auth! from local port 57050
received auth hello!
{ authId: 401, nonce: <Buffer c0 4c a2 2e db 50 7a 21> }
received session key response encrypted with distribution key
replyNonce in sessionKeyResp: <Buffer 41 32 bf fc d8 24 4e 34>
auth nonce verified
received 1 keys
currentSessionKey: [object Object]
Status: Secure connection closed before starting a new connection.
Session protocol: TCP
chosen commSessionKey: 
{ id: 40101753,
  cipherKeyVal: <Buffer 9e 37 60 d9 58 83 69 2a e5 5a 56 16 d0 97 25 7c>,
  macKeyVal: <Buffer d7 25 7b ba 6c 0c eb 12 f9 53 bb 14 52 29 07 af e6 f4 82 d8 ae 59 c6 be a1 e7 c0 52 62 91 96 3a>,
  absValidity: 2018-03-22T22:00:52.990Z,
  relValidity: 7200000 }
options
{ serverHost: '10.0.1.18',
  serverPort: 22100,
  sessionKey: 
   { id: 40101753,
     cipherKeyVal: <Buffer 9e 37 60 d9 58 83 69 2a e5 5a 56 16 d0 97 25 7c>,
     macKeyVal: <Buffer d7 25 7b ba 6c 0c eb 12 f9 53 bb 14 52 29 07 af e6 f4 82 d8 ae 59 c6 be a1 e7 c0 52 62 91 96 3a>,
     absValidity: 2018-03-22T22:00:52.990Z,
     relValidity: 7200000 },
  sessionCryptoSpec: { cipher: 'AES-128-CBC', mac: 'SHA256' },
  sessionProtocol: 'TCP',
  handshakeTimeout: 50000 }
chosen nonce: <Buffer 6d d7 24 b2 d5 e6 3c c5>
switching to HANDSHAKE_1_SENT
disconnected from auth
Handler: secure connection with the server closed.
received session key handshake2!
client ret: [object Object]
server authenticated/authorized by solving nonce!
Handler: communication initialization succeeded
file data length: 1024
sending at Wed Mar 21 2018 22:00:53 GMT+0000 (UTC)
switching to IN_COMM
received secure communication message!
Received seqNum: 0
Handler: data received from server via secure communication
data1
Resp-actual/expected/ratio/ts: 19 19 1 1521669653891
Distribution protocol: TCP
Resp-actual/expected/ratio/ts: 19 20 0.95 1521669712925
connected to auth! from local port 57236
received auth hello!
{ authId: 401, nonce: <Buffer 10 f1 ff 2a 42 24 79 40> }
received session key response encrypted with distribution key
replyNonce in sessionKeyResp: <Buffer af af c3 2e 65 40 47 4a>
auth nonce verified
received 1 keys
currentSessionKey: [object Object]
Status: Secure connection closed before starting a new connection.
Session protocol: TCP
chosen commSessionKey: 
{ id: 40101759,
  cipherKeyVal: <Buffer 8e 38 a3 b0 f1 65 69 78 55 6b 4f c9 38 33 ec b1>,
  macKeyVal: <Buffer 62 9f c1 dc 60 16 f2 e4 d9 0a 44 45 bd 35 51 5d f1 9a ab 19 2f 80 64 6b cd 84 e4 ec 03 ff 14 86>,
  absValidity: 2018-03-22T22:01:53.084Z,
  relValidity: 7200000 }
options
{ serverHost: '10.0.1.18',
  serverPort: 22100,
  sessionKey: 
   { id: 40101759,
     cipherKeyVal: <Buffer 8e 38 a3 b0 f1 65 69 78 55 6b 4f c9 38 33 ec b1>,
     macKeyVal: <Buffer 62 9f c1 dc 60 16 f2 e4 d9 0a 44 45 bd 35 51 5d f1 9a ab 19 2f 80 64 6b cd 84 e4 ec 03 ff 14 86>,
     absValidity: 2018-03-22T22:01:53.084Z,
     relValidity: 7200000 },
  sessionCryptoSpec: { cipher: 'AES-128-CBC', mac: 'SHA256' },
  sessionProtocol: 'TCP',
  handshakeTimeout: 50000 }
chosen nonce: <Buffer 84 8f 9e 3e 20 2b 87 6c>
switching to HANDSHAKE_1_SENT
disconnected from auth
Handler: secure connection with the server closed.
received session key handshake2!
client ret: [object Object]
server authenticated/authorized by solving nonce!
Handler: communication initialization succeeded
file data length: 1024
sending at Wed Mar 21 2018 22:01:53 GMT+0000 (UTC)
switching to IN_COMM
received secure communication message!
Received seqNum: 0
Handler: data received from server via secure communication
data1
Resp-actual/expected/ratio/ts: 20 20 1 1521669714236
Distribution protocol: TCP
Resp-actual/expected/ratio/ts: 20 21 0.9523809523809523 1521669772981
connected to auth! from local port 57422
received auth hello!
{ authId: 401, nonce: <Buffer 51 b5 e6 1a 97 2f 66 99> }
received session key response encrypted with distribution key
replyNonce in sessionKeyResp: <Buffer 75 32 4f fd aa 75 12 7e>
auth nonce verified
received 1 keys
currentSessionKey: [object Object]
Status: Secure connection closed before starting a new connection.
Session protocol: TCP
chosen commSessionKey: 
{ id: 40101765,
  cipherKeyVal: <Buffer f7 e8 20 b2 8b 9e 23 99 8b fa f3 fd 8f c9 03 f1>,
  macKeyVal: <Buffer 4f 6a ca cf 11 e3 b0 58 b0 43 ba 67 49 9c 78 5b 40 33 c5 b6 33 a6 bf 32 43 60 a0 0b 48 75 48 b5>,
  absValidity: 2018-03-22T22:02:53.092Z,
  relValidity: 7200000 }
options
{ serverHost: '10.0.1.18',
  serverPort: 22100,
  sessionKey: 
   { id: 40101765,
     cipherKeyVal: <Buffer f7 e8 20 b2 8b 9e 23 99 8b fa f3 fd 8f c9 03 f1>,
     macKeyVal: <Buffer 4f 6a ca cf 11 e3 b0 58 b0 43 ba 67 49 9c 78 5b 40 33 c5 b6 33 a6 bf 32 43 60 a0 0b 48 75 48 b5>,
     absValidity: 2018-03-22T22:02:53.092Z,
     relValidity: 7200000 },
  sessionCryptoSpec: { cipher: 'AES-128-CBC', mac: 'SHA256' },
  sessionProtocol: 'TCP',
  handshakeTimeout: 50000 }
chosen nonce: <Buffer 1b 7c 07 12 35 d0 e5 04>
switching to HANDSHAKE_1_SENT
disconnected from auth
Handler: secure connection with the server closed.
received session key handshake2!
client ret: [object Object]
server authenticated/authorized by solving nonce!
Handler: communication initialization succeeded
file data length: 1024
sending at Wed Mar 21 2018 22:02:53 GMT+0000 (UTC)
switching to IN_COMM
received secure communication message!
Received seqNum: 0
Handler: data received from server via secure communication
data1
Resp-actual/expected/ratio/ts: 21 21 1 1521669774208
Distribution protocol: TCP
Resp-actual/expected/ratio/ts: 21 22 0.9545454545454546 1521669832988
connected to auth! from local port 57608
received auth hello!
{ authId: 401, nonce: <Buffer b2 b3 c7 ba c5 9c 08 5e> }
received session key response encrypted with distribution key
replyNonce in sessionKeyResp: <Buffer b0 c1 d5 6f 83 5b c0 94>
auth nonce verified
received 1 keys
currentSessionKey: [object Object]
Status: Secure connection closed before starting a new connection.
Session protocol: TCP
chosen commSessionKey: 
{ id: 40101771,
  cipherKeyVal: <Buffer 73 3b 22 63 15 95 d7 b7 c1 68 ed 22 82 e0 49 64>,
  macKeyVal: <Buffer 23 3b cf 8b f8 24 e4 7b 36 b0 a2 dc c8 4c 3e fd 8f e2 66 da 78 6d 3d 51 ad e3 7b 0f 26 4b 6f b2>,
  absValidity: 2018-03-22T22:03:53.108Z,
  relValidity: 7200000 }
options
{ serverHost: '10.0.1.18',
  serverPort: 22100,
  sessionKey: 
   { id: 40101771,
     cipherKeyVal: <Buffer 73 3b 22 63 15 95 d7 b7 c1 68 ed 22 82 e0 49 64>,
     macKeyVal: <Buffer 23 3b cf 8b f8 24 e4 7b 36 b0 a2 dc c8 4c 3e fd 8f e2 66 da 78 6d 3d 51 ad e3 7b 0f 26 4b 6f b2>,
     absValidity: 2018-03-22T22:03:53.108Z,
     relValidity: 7200000 },
  sessionCryptoSpec: { cipher: 'AES-128-CBC', mac: 'SHA256' },
  sessionProtocol: 'TCP',
  handshakeTimeout: 50000 }
chosen nonce: <Buffer 81 38 03 0a eb 04 8a b1>
switching to HANDSHAKE_1_SENT
disconnected from auth
Handler: secure connection with the server closed.
received session key handshake2!
client ret: [object Object]
server authenticated/authorized by solving nonce!
Handler: communication initialization succeeded
file data length: 1024
sending at Wed Mar 21 2018 22:03:53 GMT+0000 (UTC)
switching to IN_COMM
received secure communication message!
Received seqNum: 0
Handler: data received from server via secure communication
data1
Resp-actual/expected/ratio/ts: 22 22 1 1521669834081
Distribution protocol: TCP
Resp-actual/expected/ratio/ts: 22 23 0.9565217391304348 1521669893048
connected to auth! from local port 57794
received auth hello!
{ authId: 401, nonce: <Buffer 7c 41 29 f6 05 27 80 24> }
received session key response encrypted with distribution key
replyNonce in sessionKeyResp: <Buffer 7e 0d 94 ac f9 9e 2e 6b>
auth nonce verified
received 1 keys
currentSessionKey: [object Object]
Status: Secure connection closed before starting a new connection.
Session protocol: TCP
chosen commSessionKey: 
{ id: 40101777,
  cipherKeyVal: <Buffer 8e 2a b6 42 ed 97 1b 62 7b 05 ec 7a 44 62 ff b8>,
  macKeyVal: <Buffer 43 3d dd 1f 29 8c a2 9f 40 cb b9 3b a5 d9 90 22 f7 bb 1d d2 20 b0 da 87 3d d0 33 2a 3a 57 77 cc>,
  absValidity: 2018-03-22T22:04:53.210Z,
  relValidity: 7200000 }
options
{ serverHost: '10.0.1.18',
  serverPort: 22100,
  sessionKey: 
   { id: 40101777,
     cipherKeyVal: <Buffer 8e 2a b6 42 ed 97 1b 62 7b 05 ec 7a 44 62 ff b8>,
     macKeyVal: <Buffer 43 3d dd 1f 29 8c a2 9f 40 cb b9 3b a5 d9 90 22 f7 bb 1d d2 20 b0 da 87 3d d0 33 2a 3a 57 77 cc>,
     absValidity: 2018-03-22T22:04:53.210Z,
     relValidity: 7200000 },
  sessionCryptoSpec: { cipher: 'AES-128-CBC', mac: 'SHA256' },
  sessionProtocol: 'TCP',
  handshakeTimeout: 50000 }
chosen nonce: <Buffer 83 a3 ba 56 e4 75 79 8a>
switching to HANDSHAKE_1_SENT
disconnected from auth
Handler: secure connection with the server closed.
received session key handshake2!
client ret: [object Object]
server authenticated/authorized by solving nonce!
Handler: communication initialization succeeded
file data length: 1024
sending at Wed Mar 21 2018 22:04:53 GMT+0000 (UTC)
switching to IN_COMM
received secure communication message!
Received seqNum: 0
Handler: data received from server via secure communication
data1
Resp-actual/expected/ratio/ts: 23 23 1 1521669894084
Distribution protocol: TCP
Resp-actual/expected/ratio/ts: 23 24 0.9583333333333334 1521669953106
connected to auth! from local port 57980
received auth hello!
{ authId: 401, nonce: <Buffer 86 96 47 c6 f7 ed d1 89> }
received session key response encrypted with distribution key
replyNonce in sessionKeyResp: <Buffer 7c d7 3f 3f 08 89 57 43>
auth nonce verified
received 1 keys
currentSessionKey: [object Object]
Status: Secure connection closed before starting a new connection.
Session protocol: TCP
chosen commSessionKey: 
{ id: 40101783,
  cipherKeyVal: <Buffer b5 d1 1d 13 ad 32 53 80 b3 47 cc ce 70 b3 e2 7d>,
  macKeyVal: <Buffer 26 df a4 90 eb c8 ff d9 1f 42 96 61 67 d6 ee 52 30 40 b5 50 48 52 c0 e1 96 5a bc 4e 3e 6c 9e ea>,
  absValidity: 2018-03-22T22:05:53.258Z,
  relValidity: 7200000 }
options
{ serverHost: '10.0.1.18',
  serverPort: 22100,
  sessionKey: 
   { id: 40101783,
     cipherKeyVal: <Buffer b5 d1 1d 13 ad 32 53 80 b3 47 cc ce 70 b3 e2 7d>,
     macKeyVal: <Buffer 26 df a4 90 eb c8 ff d9 1f 42 96 61 67 d6 ee 52 30 40 b5 50 48 52 c0 e1 96 5a bc 4e 3e 6c 9e ea>,
     absValidity: 2018-03-22T22:05:53.258Z,
     relValidity: 7200000 },
  sessionCryptoSpec: { cipher: 'AES-128-CBC', mac: 'SHA256' },
  sessionProtocol: 'TCP',
  handshakeTimeout: 50000 }
chosen nonce: <Buffer 35 81 03 ae 0a a3 0a 34>
switching to HANDSHAKE_1_SENT
disconnected from auth
Handler: secure connection with the server closed.
received session key handshake2!
client ret: [object Object]
server authenticated/authorized by solving nonce!
Handler: communication initialization succeeded
file data length: 1024
sending at Wed Mar 21 2018 22:05:53 GMT+0000 (UTC)
switching to IN_COMM
received secure communication message!
Received seqNum: 0
Handler: data received from server via secure communication
data1
Resp-actual/expected/ratio/ts: 24 24 1 1521669954312
Distribution protocol: TCP
Resp-actual/expected/ratio/ts: 24 25 0.96 1521670013137
connected to auth! from local port 58166
received auth hello!
{ authId: 401, nonce: <Buffer 0a 21 61 c5 09 f2 09 cd> }
received session key response encrypted with distribution key
replyNonce in sessionKeyResp: <Buffer fc 98 c3 72 bf e1 54 32>
auth nonce verified
received 1 keys
currentSessionKey: [object Object]
Status: Secure connection closed before starting a new connection.
Session protocol: TCP
chosen commSessionKey: 
{ id: 40101789,
  cipherKeyVal: <Buffer 1e df 84 bf 76 0c 32 98 98 76 b4 43 0a ac 88 14>,
  macKeyVal: <Buffer a6 d6 b5 a1 17 8f 48 75 58 92 19 d7 3e a8 80 97 a6 31 7f 64 56 89 fc aa 9f d8 ec 65 62 c3 7b 86>,
  absValidity: 2018-03-22T22:06:53.280Z,
  relValidity: 7200000 }
options
{ serverHost: '10.0.1.18',
  serverPort: 22100,
  sessionKey: 
   { id: 40101789,
     cipherKeyVal: <Buffer 1e df 84 bf 76 0c 32 98 98 76 b4 43 0a ac 88 14>,
     macKeyVal: <Buffer a6 d6 b5 a1 17 8f 48 75 58 92 19 d7 3e a8 80 97 a6 31 7f 64 56 89 fc aa 9f d8 ec 65 62 c3 7b 86>,
     absValidity: 2018-03-22T22:06:53.280Z,
     relValidity: 7200000 },
  sessionCryptoSpec: { cipher: 'AES-128-CBC', mac: 'SHA256' },
  sessionProtocol: 'TCP',
  handshakeTimeout: 50000 }
chosen nonce: <Buffer 59 21 d2 32 06 e8 de 31>
switching to HANDSHAKE_1_SENT
disconnected from auth
Handler: secure connection with the server closed.
received session key handshake2!
client ret: [object Object]
server authenticated/authorized by solving nonce!
Handler: communication initialization succeeded
file data length: 1024
sending at Wed Mar 21 2018 22:06:53 GMT+0000 (UTC)
switching to IN_COMM
received secure communication message!
Received seqNum: 0
Handler: data received from server via secure communication
data1
Resp-actual/expected/ratio/ts: 25 25 1 1521670014179
Distribution protocol: TCP
Resp-actual/expected/ratio/ts: 25 26 0.9615384615384616 1521670073197
connected to auth! from local port 58352
received auth hello!
{ authId: 401, nonce: <Buffer cb 89 e9 8f a1 bd 8f b5> }
received session key response encrypted with distribution key
replyNonce in sessionKeyResp: <Buffer a6 ae 56 62 c8 92 09 0a>
auth nonce verified
received 1 keys
currentSessionKey: [object Object]
Status: Secure connection closed before starting a new connection.
Session protocol: TCP
chosen commSessionKey: 
{ id: 40101795,
  cipherKeyVal: <Buffer b5 0b 1b 86 72 05 64 85 1a 89 af 9d 81 29 c0 ba>,
  macKeyVal: <Buffer 0a 25 6e 06 e9 29 ab 49 ad db 2e ee a6 a8 54 03 66 dc 9b 59 0b 81 a7 8c b6 5f 57 ab 3c f7 0d 29>,
  absValidity: 2018-03-22T22:07:53.343Z,
  relValidity: 7200000 }
options
{ serverHost: '10.0.1.18',
  serverPort: 22100,
  sessionKey: 
   { id: 40101795,
     cipherKeyVal: <Buffer b5 0b 1b 86 72 05 64 85 1a 89 af 9d 81 29 c0 ba>,
     macKeyVal: <Buffer 0a 25 6e 06 e9 29 ab 49 ad db 2e ee a6 a8 54 03 66 dc 9b 59 0b 81 a7 8c b6 5f 57 ab 3c f7 0d 29>,
     absValidity: 2018-03-22T22:07:53.343Z,
     relValidity: 7200000 },
  sessionCryptoSpec: { cipher: 'AES-128-CBC', mac: 'SHA256' },
  sessionProtocol: 'TCP',
  handshakeTimeout: 50000 }
chosen nonce: <Buffer 35 c1 00 9b c7 02 ff a6>
switching to HANDSHAKE_1_SENT
disconnected from auth
Handler: secure connection with the server closed.
received session key handshake2!
client ret: [object Object]
server authenticated/authorized by solving nonce!
Handler: communication initialization succeeded
file data length: 1024
sending at Wed Mar 21 2018 22:07:53 GMT+0000 (UTC)
switching to IN_COMM
received secure communication message!
Received seqNum: 0
Handler: data received from server via secure communication
data1
Resp-actual/expected/ratio/ts: 26 26 1 1521670074368
Distribution protocol: TCP
Resp-actual/expected/ratio/ts: 26 27 0.9629629629629629 1521670133235
connected to auth! from local port 58538
received auth hello!
{ authId: 401, nonce: <Buffer 0e 10 6b 5e d9 53 a6 de> }
received session key response encrypted with distribution key
replyNonce in sessionKeyResp: <Buffer de f9 a8 f7 d9 a2 b5 f7>
auth nonce verified
received 1 keys
currentSessionKey: [object Object]
Status: Secure connection closed before starting a new connection.
Session protocol: TCP
chosen commSessionKey: 
{ id: 40101801,
  cipherKeyVal: <Buffer 75 2b 0c c1 ba 70 27 80 69 d3 ac 14 e7 cd 12 4b>,
  macKeyVal: <Buffer b9 70 95 b3 b8 ab ec 9d 39 59 2f ca 58 0c 65 2c 8d 4f 7c 62 9b 8c 17 ad c0 b9 45 49 2d 74 fc 47>,
  absValidity: 2018-03-22T22:08:53.388Z,
  relValidity: 7200000 }
options
{ serverHost: '10.0.1.18',
  serverPort: 22100,
  sessionKey: 
   { id: 40101801,
     cipherKeyVal: <Buffer 75 2b 0c c1 ba 70 27 80 69 d3 ac 14 e7 cd 12 4b>,
     macKeyVal: <Buffer b9 70 95 b3 b8 ab ec 9d 39 59 2f ca 58 0c 65 2c 8d 4f 7c 62 9b 8c 17 ad c0 b9 45 49 2d 74 fc 47>,
     absValidity: 2018-03-22T22:08:53.388Z,
     relValidity: 7200000 },
  sessionCryptoSpec: { cipher: 'AES-128-CBC', mac: 'SHA256' },
  sessionProtocol: 'TCP',
  handshakeTimeout: 50000 }
chosen nonce: <Buffer ed 50 45 ed 36 61 1b 5f>
switching to HANDSHAKE_1_SENT
disconnected from auth
Handler: secure connection with the server closed.
received session key handshake2!
client ret: [object Object]
server authenticated/authorized by solving nonce!
Handler: communication initialization succeeded
file data length: 1024
sending at Wed Mar 21 2018 22:08:53 GMT+0000 (UTC)
switching to IN_COMM
received secure communication message!
Received seqNum: 0
Handler: data received from server via secure communication
data1
Resp-actual/expected/ratio/ts: 27 27 1 1521670134210
Distribution protocol: TCP
Resp-actual/expected/ratio/ts: 27 28 0.9642857142857143 1521670193293
connected to auth! from local port 58724
received auth hello!
{ authId: 401, nonce: <Buffer e8 d3 ba 29 bf 9d 9b de> }
received session key response encrypted with distribution key
replyNonce in sessionKeyResp: <Buffer be 8e 37 16 5c 4e 46 62>
auth nonce verified
received 1 keys
currentSessionKey: [object Object]
Status: Secure connection closed before starting a new connection.
Session protocol: TCP
chosen commSessionKey: 
{ id: 40101807,
  cipherKeyVal: <Buffer 25 93 f4 ec 2c dd c0 70 01 6c cc 00 02 3d a4 24>,
  macKeyVal: <Buffer 34 47 53 c2 76 97 d0 76 57 29 16 e7 f0 83 27 0c aa 3b 69 0d db 55 ed 3a ba c6 8c 4f c2 52 23 82>,
  absValidity: 2018-03-22T22:09:53.426Z,
  relValidity: 7200000 }
options
{ serverHost: '10.0.1.18',
  serverPort: 22100,
  sessionKey: 
   { id: 40101807,
     cipherKeyVal: <Buffer 25 93 f4 ec 2c dd c0 70 01 6c cc 00 02 3d a4 24>,
     macKeyVal: <Buffer 34 47 53 c2 76 97 d0 76 57 29 16 e7 f0 83 27 0c aa 3b 69 0d db 55 ed 3a ba c6 8c 4f c2 52 23 82>,
     absValidity: 2018-03-22T22:09:53.426Z,
     relValidity: 7200000 },
  sessionCryptoSpec: { cipher: 'AES-128-CBC', mac: 'SHA256' },
  sessionProtocol: 'TCP',
  handshakeTimeout: 50000 }
chosen nonce: <Buffer 84 88 33 91 fe bb 88 52>
switching to HANDSHAKE_1_SENT
disconnected from auth
Handler: secure connection with the server closed.
received session key handshake2!
client ret: [object Object]
server authenticated/authorized by solving nonce!
Handler: communication initialization succeeded
file data length: 1024
sending at Wed Mar 21 2018 22:09:54 GMT+0000 (UTC)
switching to IN_COMM
received secure communication message!
Received seqNum: 0
Handler: data received from server via secure communication
data1
Resp-actual/expected/ratio/ts: 28 28 1 1521670194393
