changing working directory to: /home/hokeunkim/Development/iotauth/entity/node/example_entities
loading from config file: /home/hokeunkim/Development/iotauth_experiments/experiments/ccs2017/expOptions/expEntity.option
Experimental options for echoServer: { autoSendPeriod: 60000,
  useSameSessionKeyCount: 1,
  connectionTimeout: 50000,
  migrationEnabled: true,
  authFailureThreshold: 2,
  migrationFailureThreshold: 2 }
loading from config file: /home/hokeunkim/Development/iotauth/entity/node/example_entities/configs/Servers/s516.config
initializing secure comm server...
Session protocol: TCP
current parameters: { migrationEnabled: true,
  authFailureThreshold: 3,
  migrationFailureThreshold: 3 }
current parameters: { migrationEnabled: true,
  authFailureThreshold: 2,
  migrationFailureThreshold: 3 }
current parameters: { migrationEnabled: true,
  authFailureThreshold: 2,
  migrationFailureThreshold: 2 }
current entityInfo: { name: 's516',
  group: 'Servers',
  distProtocol: 'TCP',
  usePermanentDistKey: false,
  connectionTimeout: 50000,
  privateKey: <Buffer 2d 2d 2d 2d 2d 42 45 47 49 4e 20 52 53 41 20 50 52 49 56 41 54 45 20 4b 45 59 2d 2d 2d 2d 2d 0a 4d 49 49 45 70 41 49 42 41 41 4b 43 41 51 45 41 33 73 ... > }
Handler: listening on port 22100
s516:Servers prompt>
Unidentified client connected
received session key handshake1
switching to HANDSHAKE_1_RECEIVED state.
session key id: 50300606
session key NOT found! sending session key id to AuthService
Distribution protocol: TCP
connected to auth! from local port 51102
received auth hello!
{ authId: 503, nonce: <Buffer 46 42 17 81 64 63 3a 25> }
received session key response with distribution key attached!
auth signature verified
replyNonce in sessionKeyResp: <Buffer 7a e0 e4 a8 ec b7 18 29>
auth nonce verified
handleSessionKeyResp: session key request succeeded! authFailureCount: 0
updating distribution key: { cipherKeyVal: <Buffer 58 6e be ed 64 c4 4d 59 b7 1e 3e f1 f8 2b 42 c0>,
  macKeyVal: <Buffer 65 2a 06 18 82 b2 c1 95 e4 0e e6 8e 29 28 35 df d6 3b c8 b3 62 c6 47 f1 cb 45 7a b6 ee 4f 5d 94>,
  absValidity: 2018-03-21T07:38:12.552Z }
received 1 keys
Session key id is as expected
server ret: [object Object]
chosen nonce: <Buffer 31 01 9c 61 c9 bc 16 90>
switching to HANDSHAKE_2_SENT
disconnected from auth
received session key handshake3!
{ replyNonce: <Buffer 31 01 9c 61 c9 bc 16 90> }
client authenticated/authorized by solving nonce!
switching to IN_COMM
Handler: secure connection with the client established.
{ id: 0,
  remoteAddress: '::ffff:10.0.1.82:59944',
  status: 'open' }
received secure communication!
Received seqNum: 0
data received from server via secure communication
Handler: socketID: 0 data: data1
toSend: { data: <Buffer 64 61 74 61 31>, id: 0 }
specified socketID: 0
Unidentified client disconnected
Handler: secure connection with the client closed.
socket #0 closed
Unidentified client connected
received session key handshake1
switching to HANDSHAKE_1_RECEIVED state.
session key id: 50300611
session key NOT found! sending session key id to AuthService
Distribution protocol: TCP
connected to auth! from local port 51372
received auth hello!
{ authId: 503, nonce: <Buffer 35 e0 bf 0f d5 a1 0a 07> }
received session key response encrypted with distribution key
replyNonce in sessionKeyResp: <Buffer 5b 87 fb 1a 4b 66 32 14>
auth nonce verified
handleSessionKeyResp: session key request succeeded! authFailureCount: 0
received 1 keys
Session key id is as expected
server ret: [object Object]
chosen nonce: <Buffer 48 4b 37 e2 35 8e bd 7e>
switching to HANDSHAKE_2_SENT
disconnected from auth
received session key handshake3!
{ replyNonce: <Buffer 48 4b 37 e2 35 8e bd 7e> }
client authenticated/authorized by solving nonce!
switching to IN_COMM
Handler: secure connection with the client established.
{ id: 1,
  remoteAddress: '::ffff:10.0.1.82:60214',
  status: 'open' }
received secure communication!
Received seqNum: 0
data received from server via secure communication
Handler: socketID: 1 data: data1
toSend: { data: <Buffer 64 61 74 61 31>, id: 1 }
specified socketID: 1
Unidentified client disconnected
Handler: secure connection with the client closed.
socket #1 closed
Unidentified client connected
received session key handshake1
switching to HANDSHAKE_1_RECEIVED state.
session key id: 50300616
session key NOT found! sending session key id to AuthService
Distribution protocol: TCP
connected to auth! from local port 51642
received auth hello!
{ authId: 503, nonce: <Buffer 25 bd 93 10 37 36 41 53> }
received session key response encrypted with distribution key
replyNonce in sessionKeyResp: <Buffer 3d 33 d6 af b0 96 5e e8>
auth nonce verified
handleSessionKeyResp: session key request succeeded! authFailureCount: 0
received 1 keys
Session key id is as expected
server ret: [object Object]
chosen nonce: <Buffer 17 97 7c 7b 4b 82 25 f3>
switching to HANDSHAKE_2_SENT
disconnected from auth
received session key handshake3!
{ replyNonce: <Buffer 17 97 7c 7b 4b 82 25 f3> }
client authenticated/authorized by solving nonce!
switching to IN_COMM
Handler: secure connection with the client established.
{ id: 2,
  remoteAddress: '::ffff:10.0.1.82:60484',
  status: 'open' }
received secure communication!
Received seqNum: 0
data received from server via secure communication
Handler: socketID: 2 data: data1
toSend: { data: <Buffer 64 61 74 61 31>, id: 2 }
specified socketID: 2
Unidentified client disconnected
Handler: secure connection with the client closed.
socket #2 closed
Unidentified client connected
received session key handshake1
switching to HANDSHAKE_1_RECEIVED state.
session key id: 50300621
session key NOT found! sending session key id to AuthService
Distribution protocol: TCP
connected to auth! from local port 51912
received auth hello!
{ authId: 503, nonce: <Buffer 8a 79 f8 e0 61 4d ca de> }
received session key response encrypted with distribution key
replyNonce in sessionKeyResp: <Buffer 0c 17 ec 08 21 d7 f1 5e>
auth nonce verified
handleSessionKeyResp: session key request succeeded! authFailureCount: 0
received 1 keys
Session key id is as expected
server ret: [object Object]
chosen nonce: <Buffer 0e 11 ad b7 eb 47 0c 20>
switching to HANDSHAKE_2_SENT
disconnected from auth
received session key handshake3!
{ replyNonce: <Buffer 0e 11 ad b7 eb 47 0c 20> }
client authenticated/authorized by solving nonce!
switching to IN_COMM
Handler: secure connection with the client established.
{ id: 3,
  remoteAddress: '::ffff:10.0.1.82:60754',
  status: 'open' }
received secure communication!
Received seqNum: 0
data received from server via secure communication
Handler: socketID: 3 data: data1
toSend: { data: <Buffer 64 61 74 61 31>, id: 3 }
specified socketID: 3
Unidentified client disconnected
Handler: secure connection with the client closed.
socket #3 closed
Unidentified client connected
received session key handshake1
switching to HANDSHAKE_1_RECEIVED state.
session key id: 50300626
session key NOT found! sending session key id to AuthService
Distribution protocol: TCP
connected to auth! from local port 52182
received auth hello!
{ authId: 503, nonce: <Buffer 17 e0 91 06 d0 73 08 56> }
received session key response encrypted with distribution key
replyNonce in sessionKeyResp: <Buffer e6 e4 69 6b b2 bb d7 67>
auth nonce verified
handleSessionKeyResp: session key request succeeded! authFailureCount: 0
received 1 keys
Session key id is as expected
server ret: [object Object]
chosen nonce: <Buffer 47 25 0d 5d e4 6a 6e 80>
switching to HANDSHAKE_2_SENT
disconnected from auth
received session key handshake3!
{ replyNonce: <Buffer 47 25 0d 5d e4 6a 6e 80> }
client authenticated/authorized by solving nonce!
switching to IN_COMM
Handler: secure connection with the client established.
{ id: 4,
  remoteAddress: '::ffff:10.0.1.82:32792',
  status: 'open' }
received secure communication!
Received seqNum: 0
data received from server via secure communication
Handler: socketID: 4 data: data1
toSend: { data: <Buffer 64 61 74 61 31>, id: 4 }
specified socketID: 4
Unidentified client disconnected
Handler: secure connection with the client closed.
socket #4 closed
Unidentified client connected
received session key handshake1
switching to HANDSHAKE_1_RECEIVED state.
session key id: 50300631
session key NOT found! sending session key id to AuthService
Distribution protocol: TCP
connected to auth! from local port 52452
received auth hello!
{ authId: 503, nonce: <Buffer b1 30 80 ae 57 ee 32 73> }
received session key response encrypted with distribution key
replyNonce in sessionKeyResp: <Buffer 9a 6b c2 62 8c 2e 00 3f>
auth nonce verified
handleSessionKeyResp: session key request succeeded! authFailureCount: 0
received 1 keys
Session key id is as expected
server ret: [object Object]
chosen nonce: <Buffer d8 f8 08 01 d3 10 58 03>
switching to HANDSHAKE_2_SENT
received session key handshake3!
{ replyNonce: <Buffer d8 f8 08 01 d3 10 58 03> }
client authenticated/authorized by solving nonce!
switching to IN_COMM
Handler: secure connection with the client established.
{ id: 5,
  remoteAddress: '::ffff:10.0.1.82:33062',
  status: 'open' }
disconnected from auth
received secure communication!
Received seqNum: 0
data received from server via secure communication
Handler: socketID: 5 data: data1
toSend: { data: <Buffer 64 61 74 61 31>, id: 5 }
specified socketID: 5
Unidentified client disconnected
Handler: secure connection with the client closed.
socket #5 closed
Unidentified client connected
received session key handshake1
switching to HANDSHAKE_1_RECEIVED state.
session key id: 50300636
session key NOT found! sending session key id to AuthService
Distribution protocol: TCP
connected to auth! from local port 52706
received auth hello!
{ authId: 503, nonce: <Buffer 4a 6e 2e a2 88 0b e4 8f> }
received session key response encrypted with distribution key
replyNonce in sessionKeyResp: <Buffer d7 0d 56 c4 de 4b 67 a6>
auth nonce verified
handleSessionKeyResp: session key request succeeded! authFailureCount: 0
received 1 keys
Session key id is as expected
server ret: [object Object]
chosen nonce: <Buffer cb 95 83 8d 45 03 6d e9>
switching to HANDSHAKE_2_SENT
received session key handshake3!
{ replyNonce: <Buffer cb 95 83 8d 45 03 6d e9> }
client authenticated/authorized by solving nonce!
switching to IN_COMM
Handler: secure connection with the client established.
{ id: 6,
  remoteAddress: '::ffff:10.0.1.82:33316',
  status: 'open' }
disconnected from auth
received secure communication!
Received seqNum: 0
data received from server via secure communication
Handler: socketID: 6 data: data1
toSend: { data: <Buffer 64 61 74 61 31>, id: 6 }
specified socketID: 6
Unidentified client disconnected
Handler: secure connection with the client closed.
socket #6 closed
Unidentified client connected
received session key handshake1
switching to HANDSHAKE_1_RECEIVED state.
session key id: 50300641
session key NOT found! sending session key id to AuthService
Distribution protocol: TCP
connected to auth! from local port 52872
received auth hello!
{ authId: 503, nonce: <Buffer 77 79 1b 7e 75 e5 6d 06> }
received session key response encrypted with distribution key
replyNonce in sessionKeyResp: <Buffer 67 13 a4 3c 91 83 dd 0c>
auth nonce verified
handleSessionKeyResp: session key request succeeded! authFailureCount: 0
received 1 keys
Session key id is as expected
server ret: [object Object]
chosen nonce: <Buffer b9 14 74 22 db 38 54 f8>
switching to HANDSHAKE_2_SENT
received session key handshake3!
{ replyNonce: <Buffer b9 14 74 22 db 38 54 f8> }
client authenticated/authorized by solving nonce!
switching to IN_COMM
Handler: secure connection with the client established.
{ id: 7,
  remoteAddress: '::ffff:10.0.1.82:33480',
  status: 'open' }
disconnected from auth
received secure communication!
Received seqNum: 0
data received from server via secure communication
Handler: socketID: 7 data: data1
toSend: { data: <Buffer 64 61 74 61 31>, id: 7 }
specified socketID: 7
Unidentified client disconnected
Handler: secure connection with the client closed.
socket #7 closed
Unidentified client connected
received session key handshake1
switching to HANDSHAKE_1_RECEIVED state.
session key id: 50300646
session key NOT found! sending session key id to AuthService
Distribution protocol: TCP
connected to auth! from local port 53076
received auth hello!
{ authId: 503, nonce: <Buffer 01 70 cb bf a5 ec fb a9> }
received session key response encrypted with distribution key
replyNonce in sessionKeyResp: <Buffer 9d 7d 80 37 e2 f3 a4 2f>
auth nonce verified
handleSessionKeyResp: session key request succeeded! authFailureCount: 0
received 1 keys
Session key id is as expected
server ret: [object Object]
chosen nonce: <Buffer 1a d8 84 fd 8e c6 38 d1>
switching to HANDSHAKE_2_SENT
received session key handshake3!
{ replyNonce: <Buffer 1a d8 84 fd 8e c6 38 d1> }
client authenticated/authorized by solving nonce!
switching to IN_COMM
Handler: secure connection with the client established.
{ id: 8,
  remoteAddress: '::ffff:10.0.1.82:33686',
  status: 'open' }
disconnected from auth
received secure communication!
Received seqNum: 0
data received from server via secure communication
Handler: socketID: 8 data: data1
toSend: { data: <Buffer 64 61 74 61 31>, id: 8 }
specified socketID: 8
Unidentified client disconnected
Handler: secure connection with the client closed.
socket #8 closed
Unidentified client connected
received session key handshake1
switching to HANDSHAKE_1_RECEIVED state.
session key id: 50300656
session key NOT found! sending session key id to AuthService
Distribution protocol: TCP
connected to auth! from local port 53308
received auth hello!
{ authId: 503, nonce: <Buffer 43 75 f7 65 41 d6 d2 58> }
received session key response encrypted with distribution key
replyNonce in sessionKeyResp: <Buffer 62 b4 b5 9c 29 2a 6f 09>
auth nonce verified
handleSessionKeyResp: session key request succeeded! authFailureCount: 0
received 1 keys
Session key id is as expected
server ret: [object Object]
chosen nonce: <Buffer 06 d8 48 3a 06 af 53 43>
switching to HANDSHAKE_2_SENT
disconnected from auth
received session key handshake3!
{ replyNonce: <Buffer 06 d8 48 3a 06 af 53 43> }
client authenticated/authorized by solving nonce!
switching to IN_COMM
Handler: secure connection with the client established.
{ id: 9,
  remoteAddress: '::ffff:10.0.1.82:33918',
  status: 'open' }
received secure communication!
Received seqNum: 0
data received from server via secure communication
Handler: socketID: 9 data: data1
toSend: { data: <Buffer 64 61 74 61 31>, id: 9 }
specified socketID: 9
Unidentified client disconnected
Handler: secure connection with the client closed.
socket #9 closed
Unidentified client connected
received session key handshake1
switching to HANDSHAKE_1_RECEIVED state.
session key id: 50300666
session key NOT found! sending session key id to AuthService
Distribution protocol: TCP
connected to auth! from local port 53554
received auth hello!
{ authId: 503, nonce: <Buffer 96 d6 cd b8 79 b4 8a c5> }
received session key response encrypted with distribution key
replyNonce in sessionKeyResp: <Buffer 76 78 f5 bd 16 10 c3 01>
auth nonce verified
handleSessionKeyResp: session key request succeeded! authFailureCount: 0
received 1 keys
Session key id is as expected
server ret: [object Object]
chosen nonce: <Buffer 16 62 d5 28 90 4f 28 92>
switching to HANDSHAKE_2_SENT
received session key handshake3!
{ replyNonce: <Buffer 16 62 d5 28 90 4f 28 92> }
client authenticated/authorized by solving nonce!
switching to IN_COMM
Handler: secure connection with the client established.
{ id: 10,
  remoteAddress: '::ffff:10.0.1.82:34164',
  status: 'open' }
disconnected from auth
received secure communication!
Received seqNum: 0
data received from server via secure communication
Handler: socketID: 10 data: data1
toSend: { data: <Buffer 64 61 74 61 31>, id: 10 }
specified socketID: 10
Unidentified client disconnected
Handler: secure connection with the client closed.
socket #10 closed
Unidentified client connected
received session key handshake1
switching to HANDSHAKE_1_RECEIVED state.
session key id: 50300676
session key NOT found! sending session key id to AuthService
Distribution protocol: TCP
connected to auth! from local port 53776
received auth hello!
{ authId: 503, nonce: <Buffer e5 59 0d 3d 93 b1 0c 6a> }
received session key response encrypted with distribution key
replyNonce in sessionKeyResp: <Buffer 65 0c bb 27 0f bc d7 5a>
auth nonce verified
handleSessionKeyResp: session key request succeeded! authFailureCount: 0
received 1 keys
Session key id is as expected
server ret: [object Object]
chosen nonce: <Buffer 5c a4 9a a7 84 63 a9 77>
switching to HANDSHAKE_2_SENT
disconnected from auth
received session key handshake3!
{ replyNonce: <Buffer 5c a4 9a a7 84 63 a9 77> }
client authenticated/authorized by solving nonce!
switching to IN_COMM
Handler: secure connection with the client established.
{ id: 11,
  remoteAddress: '::ffff:10.0.1.82:34386',
  status: 'open' }
received secure communication!
Received seqNum: 0
data received from server via secure communication
Handler: socketID: 11 data: data1
toSend: { data: <Buffer 64 61 74 61 31>, id: 11 }
specified socketID: 11
Unidentified client disconnected
Handler: secure connection with the client closed.
socket #11 closed
Unidentified client connected
received session key handshake1
switching to HANDSHAKE_1_RECEIVED state.
session key id: 50300686
session key NOT found! sending session key id to AuthService
Distribution protocol: TCP
connected to auth! from local port 54000
received auth hello!
{ authId: 503, nonce: <Buffer 8f 1f de 1c 0c e6 2e 2a> }
received session key response encrypted with distribution key
replyNonce in sessionKeyResp: <Buffer a9 48 cf 92 50 c8 a2 1a>
auth nonce verified
handleSessionKeyResp: session key request succeeded! authFailureCount: 0
received 1 keys
Session key id is as expected
server ret: [object Object]
chosen nonce: <Buffer 8f 75 d0 8a be aa 49 72>
switching to HANDSHAKE_2_SENT
disconnected from auth
received session key handshake3!
{ replyNonce: <Buffer 8f 75 d0 8a be aa 49 72> }
client authenticated/authorized by solving nonce!
switching to IN_COMM
Handler: secure connection with the client established.
{ id: 12,
  remoteAddress: '::ffff:10.0.1.82:34610',
  status: 'open' }
received secure communication!
Received seqNum: 0
data received from server via secure communication
Handler: socketID: 12 data: data1
toSend: { data: <Buffer 64 61 74 61 31>, id: 12 }
specified socketID: 12
Unidentified client disconnected
Handler: secure connection with the client closed.
socket #12 closed
Unidentified client connected
received session key handshake1
switching to HANDSHAKE_1_RECEIVED state.
session key id: 50300696
session key NOT found! sending session key id to AuthService
Distribution protocol: TCP
connected to auth! from local port 54224
received auth hello!
{ authId: 503, nonce: <Buffer 70 c4 30 18 5e 6b b6 be> }
received session key response encrypted with distribution key
replyNonce in sessionKeyResp: <Buffer ba de af c2 d5 97 9a 84>
auth nonce verified
handleSessionKeyResp: session key request succeeded! authFailureCount: 0
received 1 keys
Session key id is as expected
server ret: [object Object]
chosen nonce: <Buffer 93 58 48 5c a1 2d 69 dd>
switching to HANDSHAKE_2_SENT
disconnected from auth
received session key handshake3!
{ replyNonce: <Buffer 93 58 48 5c a1 2d 69 dd> }
client authenticated/authorized by solving nonce!
switching to IN_COMM
Handler: secure connection with the client established.
{ id: 13,
  remoteAddress: '::ffff:10.0.1.82:34832',
  status: 'open' }
received secure communication!
Received seqNum: 0
data received from server via secure communication
Handler: socketID: 13 data: data1
toSend: { data: <Buffer 64 61 74 61 31>, id: 13 }
specified socketID: 13
Unidentified client disconnected
Handler: secure connection with the client closed.
socket #13 closed
Unidentified client connected
received session key handshake1
switching to HANDSHAKE_1_RECEIVED state.
session key id: 50300706
session key NOT found! sending session key id to AuthService
Distribution protocol: TCP
connected to auth! from local port 54446
received auth hello!
{ authId: 503, nonce: <Buffer 77 cc bc f5 7c 4a 52 e4> }
received session key response encrypted with distribution key
replyNonce in sessionKeyResp: <Buffer b3 ef 7a 23 ee a6 8e f3>
auth nonce verified
handleSessionKeyResp: session key request succeeded! authFailureCount: 0
received 1 keys
Session key id is as expected
server ret: [object Object]
chosen nonce: <Buffer 87 27 b3 ab e1 71 9e 14>
switching to HANDSHAKE_2_SENT
received session key handshake3!
{ replyNonce: <Buffer 87 27 b3 ab e1 71 9e 14> }
client authenticated/authorized by solving nonce!
switching to IN_COMM
Handler: secure connection with the client established.
{ id: 14,
  remoteAddress: '::ffff:10.0.1.82:35054',
  status: 'open' }
disconnected from auth
received secure communication!
Received seqNum: 0
data received from server via secure communication
Handler: socketID: 14 data: data1
toSend: { data: <Buffer 64 61 74 61 31>, id: 14 }
specified socketID: 14
Unidentified client disconnected
Handler: secure connection with the client closed.
socket #14 closed
Unidentified client connected
received session key handshake1
switching to HANDSHAKE_1_RECEIVED state.
session key id: 50300716
session key NOT found! sending session key id to AuthService
Distribution protocol: TCP
connected to auth! from local port 54668
received auth hello!
{ authId: 503, nonce: <Buffer 07 91 5c 65 9d 03 57 1d> }
received session key response encrypted with distribution key
replyNonce in sessionKeyResp: <Buffer 94 30 8e e7 3f 9a 3f 11>
auth nonce verified
handleSessionKeyResp: session key request succeeded! authFailureCount: 0
received 1 keys
Session key id is as expected
server ret: [object Object]
chosen nonce: <Buffer bc d3 31 33 d9 02 8e e8>
switching to HANDSHAKE_2_SENT
disconnected from auth
received session key handshake3!
{ replyNonce: <Buffer bc d3 31 33 d9 02 8e e8> }
client authenticated/authorized by solving nonce!
switching to IN_COMM
Handler: secure connection with the client established.
{ id: 15,
  remoteAddress: '::ffff:10.0.1.82:35276',
  status: 'open' }
received secure communication!
Received seqNum: 0
data received from server via secure communication
Handler: socketID: 15 data: data1
toSend: { data: <Buffer 64 61 74 61 31>, id: 15 }
specified socketID: 15
Unidentified client disconnected
Handler: secure connection with the client closed.
socket #15 closed
Unidentified client connected
received session key handshake1
switching to HANDSHAKE_1_RECEIVED state.
session key id: 50300726
session key NOT found! sending session key id to AuthService
Distribution protocol: TCP
connected to auth! from local port 54890
received auth hello!
{ authId: 503, nonce: <Buffer 7b 38 99 28 a0 00 03 51> }
received session key response encrypted with distribution key
replyNonce in sessionKeyResp: <Buffer fd 2a 63 b1 26 aa 5e fe>
auth nonce verified
handleSessionKeyResp: session key request succeeded! authFailureCount: 0
received 1 keys
Session key id is as expected
server ret: [object Object]
chosen nonce: <Buffer 28 5a a6 a9 58 96 4d 55>
switching to HANDSHAKE_2_SENT
disconnected from auth
received session key handshake3!
{ replyNonce: <Buffer 28 5a a6 a9 58 96 4d 55> }
client authenticated/authorized by solving nonce!
switching to IN_COMM
Handler: secure connection with the client established.
{ id: 16,
  remoteAddress: '::ffff:10.0.1.82:35498',
  status: 'open' }
received secure communication!
Received seqNum: 0
data received from server via secure communication
Handler: socketID: 16 data: data1
toSend: { data: <Buffer 64 61 74 61 31>, id: 16 }
specified socketID: 16
Unidentified client disconnected
Handler: secure connection with the client closed.
socket #16 closed
Unidentified client connected
received session key handshake1
switching to HANDSHAKE_1_RECEIVED state.
session key id: 50300736
session key NOT found! sending session key id to AuthService
Distribution protocol: TCP
connected to auth! from local port 55112
received auth hello!
{ authId: 503, nonce: <Buffer 6f bd 29 20 98 4e ab 82> }
received session key response encrypted with distribution key
replyNonce in sessionKeyResp: <Buffer 81 f0 11 ff 08 20 3d e1>
auth nonce verified
handleSessionKeyResp: session key request succeeded! authFailureCount: 0
received 1 keys
Session key id is as expected
server ret: [object Object]
chosen nonce: <Buffer fb bc 21 24 b2 78 d3 c9>
switching to HANDSHAKE_2_SENT
received session key handshake3!
{ replyNonce: <Buffer fb bc 21 24 b2 78 d3 c9> }
client authenticated/authorized by solving nonce!
switching to IN_COMM
Handler: secure connection with the client established.
{ id: 17,
  remoteAddress: '::ffff:10.0.1.82:35720',
  status: 'open' }
disconnected from auth
received secure communication!
Received seqNum: 0
data received from server via secure communication
Handler: socketID: 17 data: data1
toSend: { data: <Buffer 64 61 74 61 31>, id: 17 }
specified socketID: 17
Unidentified client disconnected
Handler: secure connection with the client closed.
socket #17 closed
Unidentified client connected
received session key handshake1
switching to HANDSHAKE_1_RECEIVED state.
session key id: 50300746
session key NOT found! sending session key id to AuthService
Distribution protocol: TCP
connected to auth! from local port 55330
received auth hello!
{ authId: 503, nonce: <Buffer 36 61 3c c8 2d a1 47 72> }
received session key response encrypted with distribution key
replyNonce in sessionKeyResp: <Buffer 33 c5 39 c6 5d 55 52 16>
auth nonce verified
handleSessionKeyResp: session key request succeeded! authFailureCount: 0
received 1 keys
Session key id is as expected
server ret: [object Object]
chosen nonce: <Buffer d4 a3 8c 3b 45 ab 9c 35>
switching to HANDSHAKE_2_SENT
disconnected from auth
received session key handshake3!
{ replyNonce: <Buffer d4 a3 8c 3b 45 ab 9c 35> }
client authenticated/authorized by solving nonce!
switching to IN_COMM
Handler: secure connection with the client established.
{ id: 18,
  remoteAddress: '::ffff:10.0.1.82:35938',
  status: 'open' }
received secure communication!
Received seqNum: 0
data received from server via secure communication
Handler: socketID: 18 data: data1
toSend: { data: <Buffer 64 61 74 61 31>, id: 18 }
specified socketID: 18
Unidentified client disconnected
Handler: secure connection with the client closed.
socket #18 closed
Unidentified client connected
received session key handshake1
switching to HANDSHAKE_1_RECEIVED state.
session key id: 50300756
session key NOT found! sending session key id to AuthService
Distribution protocol: TCP
connected to auth! from local port 55552
received auth hello!
{ authId: 503, nonce: <Buffer c0 9b ab d3 77 68 b1 15> }
received session key response encrypted with distribution key
replyNonce in sessionKeyResp: <Buffer f8 b5 18 72 6d 11 34 c7>
auth nonce verified
handleSessionKeyResp: session key request succeeded! authFailureCount: 0
received 1 keys
Session key id is as expected
server ret: [object Object]
chosen nonce: <Buffer 50 03 2d 6f 2f f7 9c 88>
switching to HANDSHAKE_2_SENT
received session key handshake3!
{ replyNonce: <Buffer 50 03 2d 6f 2f f7 9c 88> }
client authenticated/authorized by solving nonce!
switching to IN_COMM
Handler: secure connection with the client established.
{ id: 19,
  remoteAddress: '::ffff:10.0.1.82:36160',
  status: 'open' }
disconnected from auth
received secure communication!
Received seqNum: 0
data received from server via secure communication
Handler: socketID: 19 data: data1
toSend: { data: <Buffer 64 61 74 61 31>, id: 19 }
specified socketID: 19
Unidentified client disconnected
Handler: secure connection with the client closed.
socket #19 closed
Unidentified client connected
received session key handshake1
switching to HANDSHAKE_1_RECEIVED state.
session key id: 50300766
session key NOT found! sending session key id to AuthService
Distribution protocol: TCP
connected to auth! from local port 55774
received auth hello!
{ authId: 503, nonce: <Buffer 23 2d 4b 92 4d ac c7 11> }
received session key response encrypted with distribution key
replyNonce in sessionKeyResp: <Buffer e8 5e 31 ab ff fb e7 39>
auth nonce verified
handleSessionKeyResp: session key request succeeded! authFailureCount: 0
received 1 keys
Session key id is as expected
server ret: [object Object]
chosen nonce: <Buffer b8 96 e5 fe 78 8b a7 b8>
switching to HANDSHAKE_2_SENT
disconnected from auth
received session key handshake3!
{ replyNonce: <Buffer b8 96 e5 fe 78 8b a7 b8> }
client authenticated/authorized by solving nonce!
switching to IN_COMM
Handler: secure connection with the client established.
{ id: 20,
  remoteAddress: '::ffff:10.0.1.82:36384',
  status: 'open' }
received secure communication!
Received seqNum: 0
data received from server via secure communication
Handler: socketID: 20 data: data1
toSend: { data: <Buffer 64 61 74 61 31>, id: 20 }
specified socketID: 20
Unidentified client disconnected
Handler: secure connection with the client closed.
socket #20 closed
Unidentified client connected
received session key handshake1
switching to HANDSHAKE_1_RECEIVED state.
session key id: 50300776
session key NOT found! sending session key id to AuthService
Distribution protocol: TCP
connected to auth! from local port 55996
received auth hello!
{ authId: 503, nonce: <Buffer 40 09 35 18 fd 3a ac c1> }
received session key response encrypted with distribution key
replyNonce in sessionKeyResp: <Buffer 07 03 be b8 38 8d 91 e2>
auth nonce verified
handleSessionKeyResp: session key request succeeded! authFailureCount: 0
received 1 keys
Session key id is as expected
server ret: [object Object]
chosen nonce: <Buffer 73 07 84 e9 12 1b ef 26>
switching to HANDSHAKE_2_SENT
disconnected from auth
received session key handshake3!
{ replyNonce: <Buffer 73 07 84 e9 12 1b ef 26> }
client authenticated/authorized by solving nonce!
switching to IN_COMM
Handler: secure connection with the client established.
{ id: 21,
  remoteAddress: '::ffff:10.0.1.82:36606',
  status: 'open' }
received secure communication!
Received seqNum: 0
data received from server via secure communication
Handler: socketID: 21 data: data1
toSend: { data: <Buffer 64 61 74 61 31>, id: 21 }
specified socketID: 21
Unidentified client disconnected
Handler: secure connection with the client closed.
socket #21 closed
Unidentified client connected
received session key handshake1
switching to HANDSHAKE_1_RECEIVED state.
session key id: 50300786
session key NOT found! sending session key id to AuthService
Distribution protocol: TCP
connected to auth! from local port 56218
received auth hello!
{ authId: 503, nonce: <Buffer 3c 89 b6 c9 8f 3c ca 58> }
received session key response encrypted with distribution key
replyNonce in sessionKeyResp: <Buffer 05 3d de 4f 78 52 71 ef>
auth nonce verified
handleSessionKeyResp: session key request succeeded! authFailureCount: 0
received 1 keys
Session key id is as expected
server ret: [object Object]
chosen nonce: <Buffer 31 c9 d3 54 24 41 b1 1b>
switching to HANDSHAKE_2_SENT
disconnected from auth
received session key handshake3!
{ replyNonce: <Buffer 31 c9 d3 54 24 41 b1 1b> }
client authenticated/authorized by solving nonce!
switching to IN_COMM
Handler: secure connection with the client established.
{ id: 22,
  remoteAddress: '::ffff:10.0.1.82:36828',
  status: 'open' }
received secure communication!
Received seqNum: 0
data received from server via secure communication
Handler: socketID: 22 data: data1
toSend: { data: <Buffer 64 61 74 61 31>, id: 22 }
specified socketID: 22
Unidentified client disconnected
Handler: secure connection with the client closed.
socket #22 closed
Unidentified client connected
received session key handshake1
switching to HANDSHAKE_1_RECEIVED state.
session key id: 50300796
session key NOT found! sending session key id to AuthService
Distribution protocol: TCP
connected to auth! from local port 56440
received auth hello!
{ authId: 503, nonce: <Buffer ec aa 91 46 28 c1 38 f7> }
received session key response encrypted with distribution key
replyNonce in sessionKeyResp: <Buffer a6 60 d5 99 4e 76 e9 cd>
auth nonce verified
handleSessionKeyResp: session key request succeeded! authFailureCount: 0
received 1 keys
Session key id is as expected
server ret: [object Object]
chosen nonce: <Buffer fe d6 8d 97 f2 1f 78 c9>
switching to HANDSHAKE_2_SENT
disconnected from auth
received session key handshake3!
{ replyNonce: <Buffer fe d6 8d 97 f2 1f 78 c9> }
client authenticated/authorized by solving nonce!
switching to IN_COMM
Handler: secure connection with the client established.
{ id: 23,
  remoteAddress: '::ffff:10.0.1.82:37050',
  status: 'open' }
received secure communication!
Received seqNum: 0
data received from server via secure communication
Handler: socketID: 23 data: data1
toSend: { data: <Buffer 64 61 74 61 31>, id: 23 }
specified socketID: 23
Unidentified client disconnected
Handler: secure connection with the client closed.
socket #23 closed
Unidentified client connected
received session key handshake1
switching to HANDSHAKE_1_RECEIVED state.
session key id: 50300806
session key NOT found! sending session key id to AuthService
Distribution protocol: TCP
connected to auth! from local port 56658
received auth hello!
{ authId: 503, nonce: <Buffer 9a 76 36 38 f5 15 ab 9a> }
received session key response encrypted with distribution key
replyNonce in sessionKeyResp: <Buffer f4 64 b4 5c ef b7 e0 94>
auth nonce verified
handleSessionKeyResp: session key request succeeded! authFailureCount: 0
received 1 keys
Session key id is as expected
server ret: [object Object]
chosen nonce: <Buffer 03 f0 b9 12 ef 6b eb a8>
switching to HANDSHAKE_2_SENT
received session key handshake3!
{ replyNonce: <Buffer 03 f0 b9 12 ef 6b eb a8> }
client authenticated/authorized by solving nonce!
switching to IN_COMM
Handler: secure connection with the client established.
{ id: 24,
  remoteAddress: '::ffff:10.0.1.82:37268',
  status: 'open' }
disconnected from auth
received secure communication!
Received seqNum: 0
data received from server via secure communication
Handler: socketID: 24 data: data1
toSend: { data: <Buffer 64 61 74 61 31>, id: 24 }
specified socketID: 24
Unidentified client disconnected
Handler: secure connection with the client closed.
socket #24 closed
Unidentified client connected
received session key handshake1
switching to HANDSHAKE_1_RECEIVED state.
session key id: 50300816
session key NOT found! sending session key id to AuthService
Distribution protocol: TCP
connected to auth! from local port 56880
received auth hello!
{ authId: 503, nonce: <Buffer fd b6 58 50 d2 71 7d b6> }
received session key response encrypted with distribution key
replyNonce in sessionKeyResp: <Buffer 34 06 a9 c4 a4 bb f8 4f>
auth nonce verified
handleSessionKeyResp: session key request succeeded! authFailureCount: 0
received 1 keys
Session key id is as expected
server ret: [object Object]
chosen nonce: <Buffer 3d a8 4d 96 52 73 35 61>
switching to HANDSHAKE_2_SENT
disconnected from auth
received session key handshake3!
{ replyNonce: <Buffer 3d a8 4d 96 52 73 35 61> }
client authenticated/authorized by solving nonce!
switching to IN_COMM
Handler: secure connection with the client established.
{ id: 25,
  remoteAddress: '::ffff:10.0.1.82:37490',
  status: 'open' }
received secure communication!
Received seqNum: 0
data received from server via secure communication
Handler: socketID: 25 data: data1
toSend: { data: <Buffer 64 61 74 61 31>, id: 25 }
specified socketID: 25
Unidentified client disconnected
Handler: secure connection with the client closed.
socket #25 closed
Unidentified client connected
received session key handshake1
switching to HANDSHAKE_1_RECEIVED state.
session key id: 50300826
session key NOT found! sending session key id to AuthService
Distribution protocol: TCP
connected to auth! from local port 57102
received auth hello!
{ authId: 503, nonce: <Buffer d9 f8 78 7d 06 0b f3 de> }
received session key response encrypted with distribution key
replyNonce in sessionKeyResp: <Buffer 23 81 5a 7b 9e 05 8c 0b>
auth nonce verified
handleSessionKeyResp: session key request succeeded! authFailureCount: 0
received 1 keys
Session key id is as expected
server ret: [object Object]
chosen nonce: <Buffer 37 06 4a 34 79 ae 54 f5>
switching to HANDSHAKE_2_SENT
disconnected from auth
received session key handshake3!
{ replyNonce: <Buffer 37 06 4a 34 79 ae 54 f5> }
client authenticated/authorized by solving nonce!
switching to IN_COMM
Handler: secure connection with the client established.
{ id: 26,
  remoteAddress: '::ffff:10.0.1.82:37712',
  status: 'open' }
received secure communication!
Received seqNum: 0
data received from server via secure communication
Handler: socketID: 26 data: data1
toSend: { data: <Buffer 64 61 74 61 31>, id: 26 }
specified socketID: 26
Unidentified client disconnected
Handler: secure connection with the client closed.
socket #26 closed
Unidentified client connected
received session key handshake1
switching to HANDSHAKE_1_RECEIVED state.
session key id: 50300836
session key NOT found! sending session key id to AuthService
Distribution protocol: TCP
connected to auth! from local port 57306
received auth hello!
{ authId: 503, nonce: <Buffer 98 e0 09 07 e3 63 ce ed> }
received session key response encrypted with distribution key
replyNonce in sessionKeyResp: <Buffer cd 81 0b 5a b8 b7 2a 95>
auth nonce verified
handleSessionKeyResp: session key request succeeded! authFailureCount: 0
received 1 keys
Session key id is as expected
server ret: [object Object]
chosen nonce: <Buffer f8 42 34 8a 90 f5 39 eb>
switching to HANDSHAKE_2_SENT
disconnected from auth
received session key handshake3!
{ replyNonce: <Buffer f8 42 34 8a 90 f5 39 eb> }
client authenticated/authorized by solving nonce!
switching to IN_COMM
Handler: secure connection with the client established.
{ id: 27,
  remoteAddress: '::ffff:10.0.1.82:37916',
  status: 'open' }
received secure communication!
Received seqNum: 0
data received from server via secure communication
Handler: socketID: 27 data: data1
toSend: { data: <Buffer 64 61 74 61 31>, id: 27 }
specified socketID: 27
Unidentified client disconnected
Handler: secure connection with the client closed.
socket #27 closed
Unidentified client connected
received session key handshake1
switching to HANDSHAKE_1_RECEIVED state.
session key id: 50300841
session key NOT found! sending session key id to AuthService
Distribution protocol: TCP
connected to auth! from local port 57402
received auth hello!
{ authId: 503, nonce: <Buffer c1 09 7e 73 7b 5d 14 81> }
received session key response encrypted with distribution key
replyNonce in sessionKeyResp: <Buffer b2 64 ed 6c c2 c2 bb 8c>
auth nonce verified
handleSessionKeyResp: session key request succeeded! authFailureCount: 0
received 1 keys
Session key id is as expected
server ret: [object Object]
chosen nonce: <Buffer 47 78 a8 93 61 8d 09 7f>
switching to HANDSHAKE_2_SENT
disconnected from auth
received session key handshake3!
{ replyNonce: <Buffer 47 78 a8 93 61 8d 09 7f> }
client authenticated/authorized by solving nonce!
switching to IN_COMM
Handler: secure connection with the client established.
{ id: 28,
  remoteAddress: '::ffff:10.0.1.82:38012',
  status: 'open' }
received secure communication!
Received seqNum: 0
data received from server via secure communication
Handler: socketID: 28 data: data1
toSend: { data: <Buffer 64 61 74 61 31>, id: 28 }
specified socketID: 28
Unidentified client disconnected
Handler: secure connection with the client closed.
socket #28 closed
