changing working directory to: /home/hokeunkim/Development/iotauth/entity/node/example_entities
loading from config file: /home/hokeunkim/Development/iotauth_experiments/experiments/ccs2017/expOptions/expEntity.option
Experimental options for autoClient: { autoSendPeriod: 60000,
  useSameSessionKeyCount: 1,
  connectionTimeout: 50000,
  migrationEnabled: true,
  authFailureThreshold: 2,
  migrationFailureThreshold: 2 }
loading from config file: /home/hokeunkim/Development/iotauth/entity/node/example_entities/configs/Clients/c507.config
initializing...
current parameters: { numKeysPerRequest: 3,
  migrationEnabled: false,
  authFailureThreshold: 3,
  migrationFailureThreshold: 3 }
current parameters: { numKeysPerRequest: 1,
  migrationEnabled: false,
  authFailureThreshold: 3,
  migrationFailureThreshold: 3 }
current parameters: { numKeysPerRequest: 1,
  migrationEnabled: true,
  authFailureThreshold: 3,
  migrationFailureThreshold: 3 }
current parameters: { numKeysPerRequest: 1,
  migrationEnabled: true,
  authFailureThreshold: 2,
  migrationFailureThreshold: 3 }
current parameters: { numKeysPerRequest: 1,
  migrationEnabled: true,
  authFailureThreshold: 2,
  migrationFailureThreshold: 2 }
current entityInfo: { name: 'c507',
  group: 'Clients',
  distProtocol: 'TCP',
  usePermanentDistKey: false,
  connectionTimeout: 50000,
  privateKey: <Buffer 2d 2d 2d 2d 2d 42 45 47 49 4e 20 52 53 41 20 50 52 49 56 41 54 45 20 4b 45 59 2d 2d 2d 2d 2d 0a 4d 49 49 45 70 41 49 42 41 41 4b 43 41 51 45 41 30 61 ... > }
Distribution protocol: TCP
Resp-actual/expected/ratio/ts: 0 1 0 1535352607052
connected to auth! from local port 48688
received auth hello!
{ authId: 501, nonce: <Buffer 1b d9 19 7b ba 44 1b 42> }
received session key response with distribution key attached!
auth signature verified
replyNonce in sessionKeyResp: <Buffer fd fb 4a 49 02 b5 70 86>
auth nonce verified
handleSessionKeyResp: session key request succeeded! authFailureCount: 0
updating distribution key: { cipherKeyVal: <Buffer 85 32 e2 e2 9a c1 2b f6 86 a3 8c e8 79 ce df ae>,
  macKeyVal: <Buffer 47 ca d3 bb 79 51 89 81 b0 7f ba f8 34 fc 59 e2 3b 5a 26 97 15 22 fb 34 58 aa 1b 1d ea d8 42 28>,
  absValidity: 2018-08-27T07:50:07.199Z }
received 1 keys
currentSessionKey: [object Object]
Session protocol: TCP
chosen commSessionKey: 
{ id: 50100004,
  cipherKeyVal: <Buffer e8 60 d1 0f ae 55 b3 51 4b b1 b1 04 a3 99 36 71>,
  macKeyVal: <Buffer a7 3b 28 cc fc 92 30 87 fc 90 79 6d 0b cb 5d 99 08 74 78 94 d8 40 36 6d 57 58 85 21 77 c6 65 08>,
  absValidity: 2018-08-28T06:50:07.199Z,
  relValidity: 7200000 }
options
{ serverHost: '10.0.1.28',
  serverPort: 22100,
  sessionKey: 
   { id: 50100004,
     cipherKeyVal: <Buffer e8 60 d1 0f ae 55 b3 51 4b b1 b1 04 a3 99 36 71>,
     macKeyVal: <Buffer a7 3b 28 cc fc 92 30 87 fc 90 79 6d 0b cb 5d 99 08 74 78 94 d8 40 36 6d 57 58 85 21 77 c6 65 08>,
     absValidity: 2018-08-28T06:50:07.199Z,
     relValidity: 7200000 },
  sessionCryptoSpec: { cipher: 'AES-128-CBC', mac: 'SHA256' },
  sessionProtocol: 'TCP',
  handshakeTimeout: 50000 }
disconnected from auth
chosen nonce: <Buffer 2c a0 55 a5 f9 a2 f5 56>
switching to HANDSHAKE_1_SENT
received session key handshake2!
client ret: [object Object]
server authenticated/authorized by solving nonce!
Handler: communication initialization succeeded
file data length: 1024
sending at Mon Aug 27 2018 06:50:07 GMT+0000 (UTC)
switching to IN_COMM
received secure communication message!
Received seqNum: 0
Handler: data received from server via secure communication
data1
Resp-actual/expected/ratio/ts: 1 1 1 1535352608083
Distribution protocol: TCP
Resp-actual/expected/ratio/ts: 1 2 0.5 1535352667109
connected to auth! from local port 48950
received auth hello!
{ authId: 501, nonce: <Buffer a9 81 45 51 fe 4d 06 78> }
received session key response encrypted with distribution key
replyNonce in sessionKeyResp: <Buffer 02 ed ca b7 70 8d f4 24>
auth nonce verified
handleSessionKeyResp: session key request succeeded! authFailureCount: 0
received 1 keys
currentSessionKey: [object Object]
Status: Secure connection closed before starting a new connection.
Session protocol: TCP
chosen commSessionKey: 
{ id: 50100012,
  cipherKeyVal: <Buffer a9 c8 ae a7 63 4f d1 fb dd d6 06 1e 0e 2e d3 bd>,
  macKeyVal: <Buffer 5c d0 5c 7f 53 a3 e4 59 40 cf f4 a9 f0 07 79 76 a3 18 c0 8d 5e b9 b4 ee 42 e5 ab 7e 23 1e 1b e9>,
  absValidity: 2018-08-28T06:51:07.245Z,
  relValidity: 7200000 }
options
{ serverHost: '10.0.1.28',
  serverPort: 22100,
  sessionKey: 
   { id: 50100012,
     cipherKeyVal: <Buffer a9 c8 ae a7 63 4f d1 fb dd d6 06 1e 0e 2e d3 bd>,
     macKeyVal: <Buffer 5c d0 5c 7f 53 a3 e4 59 40 cf f4 a9 f0 07 79 76 a3 18 c0 8d 5e b9 b4 ee 42 e5 ab 7e 23 1e 1b e9>,
     absValidity: 2018-08-28T06:51:07.245Z,
     relValidity: 7200000 },
  sessionCryptoSpec: { cipher: 'AES-128-CBC', mac: 'SHA256' },
  sessionProtocol: 'TCP',
  handshakeTimeout: 50000 }
chosen nonce: <Buffer 25 c2 4c 04 26 83 a5 50>
switching to HANDSHAKE_1_SENT
disconnected from auth
Handler: secure connection with the server closed.
received session key handshake2!
client ret: [object Object]
server authenticated/authorized by solving nonce!
Handler: communication initialization succeeded
file data length: 1024
sending at Mon Aug 27 2018 06:51:07 GMT+0000 (UTC)
switching to IN_COMM
received secure communication message!
Received seqNum: 0
Handler: data received from server via secure communication
data1
Resp-actual/expected/ratio/ts: 2 2 1 1535352668137
Distribution protocol: TCP
Resp-actual/expected/ratio/ts: 2 3 0.6666666666666666 1535352727168
connected to auth! from local port 49220
received auth hello!
{ authId: 501, nonce: <Buffer 9b 37 d6 8a b6 c4 4d 4a> }
received session key response encrypted with distribution key
replyNonce in sessionKeyResp: <Buffer b5 c1 79 cb ab d5 58 5d>
auth nonce verified
handleSessionKeyResp: session key request succeeded! authFailureCount: 0
received 1 keys
currentSessionKey: [object Object]
Status: Secure connection closed before starting a new connection.
Session protocol: TCP
chosen commSessionKey: 
{ id: 50100020,
  cipherKeyVal: <Buffer fa 90 a1 87 d6 3d 7f 48 de 7c db 06 92 a2 21 21>,
  macKeyVal: <Buffer b7 96 c1 5f c4 72 a2 9d 6b 0b 13 f3 ef ef 51 99 b3 c8 00 b1 27 a8 f0 cb 2c 98 29 89 4b 98 32 87>,
  absValidity: 2018-08-28T06:52:07.312Z,
  relValidity: 7200000 }
options
{ serverHost: '10.0.1.28',
  serverPort: 22100,
  sessionKey: 
   { id: 50100020,
     cipherKeyVal: <Buffer fa 90 a1 87 d6 3d 7f 48 de 7c db 06 92 a2 21 21>,
     macKeyVal: <Buffer b7 96 c1 5f c4 72 a2 9d 6b 0b 13 f3 ef ef 51 99 b3 c8 00 b1 27 a8 f0 cb 2c 98 29 89 4b 98 32 87>,
     absValidity: 2018-08-28T06:52:07.312Z,
     relValidity: 7200000 },
  sessionCryptoSpec: { cipher: 'AES-128-CBC', mac: 'SHA256' },
  sessionProtocol: 'TCP',
  handshakeTimeout: 50000 }
chosen nonce: <Buffer 53 55 04 4b c4 6e f1 c6>
switching to HANDSHAKE_1_SENT
disconnected from auth
Handler: secure connection with the server closed.
received session key handshake2!
client ret: [object Object]
server authenticated/authorized by solving nonce!
Handler: communication initialization succeeded
file data length: 1024
sending at Mon Aug 27 2018 06:52:08 GMT+0000 (UTC)
switching to IN_COMM
received secure communication message!
Received seqNum: 0
Handler: data received from server via secure communication
data1
Resp-actual/expected/ratio/ts: 3 3 1 1535352728352
Distribution protocol: TCP
Resp-actual/expected/ratio/ts: 3 4 0.75 1535352787224
connected to auth! from local port 49490
received auth hello!
{ authId: 501, nonce: <Buffer b1 d9 3d 98 cb 28 c2 be> }
received session key response encrypted with distribution key
replyNonce in sessionKeyResp: <Buffer 3b 4e fd 1c 97 96 a1 6a>
auth nonce verified
handleSessionKeyResp: session key request succeeded! authFailureCount: 0
received 1 keys
currentSessionKey: [object Object]
Status: Secure connection closed before starting a new connection.
Session protocol: TCP
chosen commSessionKey: 
{ id: 50100028,
  cipherKeyVal: <Buffer 1a 60 1f 64 f4 05 bb da 44 e4 ae 4c c6 37 79 04>,
  macKeyVal: <Buffer 17 d1 d7 92 8d 17 c7 87 f1 dc a7 ef b1 36 be f9 4b 0b b5 b1 df cb 6a f8 c0 77 4b e4 1a 14 99 8a>,
  absValidity: 2018-08-28T06:53:07.395Z,
  relValidity: 7200000 }
options
{ serverHost: '10.0.1.28',
  serverPort: 22100,
  sessionKey: 
   { id: 50100028,
     cipherKeyVal: <Buffer 1a 60 1f 64 f4 05 bb da 44 e4 ae 4c c6 37 79 04>,
     macKeyVal: <Buffer 17 d1 d7 92 8d 17 c7 87 f1 dc a7 ef b1 36 be f9 4b 0b b5 b1 df cb 6a f8 c0 77 4b e4 1a 14 99 8a>,
     absValidity: 2018-08-28T06:53:07.395Z,
     relValidity: 7200000 },
  sessionCryptoSpec: { cipher: 'AES-128-CBC', mac: 'SHA256' },
  sessionProtocol: 'TCP',
  handshakeTimeout: 50000 }
chosen nonce: <Buffer 80 7f 5c b4 0a 2d 83 09>
switching to HANDSHAKE_1_SENT
disconnected from auth
Handler: secure connection with the server closed.
received session key handshake2!
client ret: [object Object]
server authenticated/authorized by solving nonce!
Handler: communication initialization succeeded
file data length: 1024
sending at Mon Aug 27 2018 06:53:07 GMT+0000 (UTC)
switching to IN_COMM
received secure communication message!
Received seqNum: 0
Handler: data received from server via secure communication
data1
Resp-actual/expected/ratio/ts: 4 4 1 1535352788309
Distribution protocol: TCP
Resp-actual/expected/ratio/ts: 4 5 0.8 1535352847280
connected to auth! from local port 49760
received auth hello!
{ authId: 501, nonce: <Buffer 24 e9 5f 01 bb 0b e3 9e> }
received session key response encrypted with distribution key
replyNonce in sessionKeyResp: <Buffer e7 74 be 3e a0 7a 01 90>
auth nonce verified
handleSessionKeyResp: session key request succeeded! authFailureCount: 0
received 1 keys
currentSessionKey: [object Object]
Status: Secure connection closed before starting a new connection.
Session protocol: TCP
chosen commSessionKey: 
{ id: 50100036,
  cipherKeyVal: <Buffer fc 13 af 05 f3 ac 37 67 df 1a b1 e5 f7 99 54 bf>,
  macKeyVal: <Buffer 42 65 15 21 6a 63 e9 d0 2d e3 2d 6a 0a 9f 9c e2 61 10 26 0d 12 f9 61 11 7c f1 ca a3 c8 9b d7 ae>,
  absValidity: 2018-08-28T06:54:07.424Z,
  relValidity: 7200000 }
options
{ serverHost: '10.0.1.28',
  serverPort: 22100,
  sessionKey: 
   { id: 50100036,
     cipherKeyVal: <Buffer fc 13 af 05 f3 ac 37 67 df 1a b1 e5 f7 99 54 bf>,
     macKeyVal: <Buffer 42 65 15 21 6a 63 e9 d0 2d e3 2d 6a 0a 9f 9c e2 61 10 26 0d 12 f9 61 11 7c f1 ca a3 c8 9b d7 ae>,
     absValidity: 2018-08-28T06:54:07.424Z,
     relValidity: 7200000 },
  sessionCryptoSpec: { cipher: 'AES-128-CBC', mac: 'SHA256' },
  sessionProtocol: 'TCP',
  handshakeTimeout: 50000 }
chosen nonce: <Buffer 6f e4 ab 45 ca 23 13 37>
switching to HANDSHAKE_1_SENT
disconnected from auth
Handler: secure connection with the server closed.
received session key handshake2!
client ret: [object Object]
server authenticated/authorized by solving nonce!
Handler: communication initialization succeeded
file data length: 1024
sending at Mon Aug 27 2018 06:54:08 GMT+0000 (UTC)
switching to IN_COMM
received secure communication message!
Received seqNum: 0
Handler: data received from server via secure communication
data1
Resp-actual/expected/ratio/ts: 5 5 1 1535352848311
Distribution protocol: TCP
Resp-actual/expected/ratio/ts: 5 6 0.8333333333333334 1535352907339
connected to auth! from local port 50030
received auth hello!
{ authId: 501, nonce: <Buffer 2e 22 4f bd 07 dd 52 f7> }
received session key response encrypted with distribution key
replyNonce in sessionKeyResp: <Buffer c0 19 a6 49 b3 b3 7e 0f>
auth nonce verified
handleSessionKeyResp: session key request succeeded! authFailureCount: 0
received 1 keys
currentSessionKey: [object Object]
Status: Secure connection closed before starting a new connection.
Session protocol: TCP
chosen commSessionKey: 
{ id: 50100044,
  cipherKeyVal: <Buffer b2 86 6a b3 2a 47 80 c7 d0 a5 b5 52 1f ae 64 1b>,
  macKeyVal: <Buffer 3e e1 93 c1 7b b3 02 c8 2c ee 07 11 28 3e 84 c2 88 89 8e 5a 7e 5e 18 bb fe 91 ac db a7 e5 64 e8>,
  absValidity: 2018-08-28T06:55:07.478Z,
  relValidity: 7200000 }
options
{ serverHost: '10.0.1.28',
  serverPort: 22100,
  sessionKey: 
   { id: 50100044,
     cipherKeyVal: <Buffer b2 86 6a b3 2a 47 80 c7 d0 a5 b5 52 1f ae 64 1b>,
     macKeyVal: <Buffer 3e e1 93 c1 7b b3 02 c8 2c ee 07 11 28 3e 84 c2 88 89 8e 5a 7e 5e 18 bb fe 91 ac db a7 e5 64 e8>,
     absValidity: 2018-08-28T06:55:07.478Z,
     relValidity: 7200000 },
  sessionCryptoSpec: { cipher: 'AES-128-CBC', mac: 'SHA256' },
  sessionProtocol: 'TCP',
  handshakeTimeout: 50000 }
chosen nonce: <Buffer 2f 66 a0 62 14 31 19 e0>
switching to HANDSHAKE_1_SENT
disconnected from auth
Handler: secure connection with the server closed.
received session key handshake2!
client ret: [object Object]
server authenticated/authorized by solving nonce!
Handler: communication initialization succeeded
file data length: 1024
sending at Mon Aug 27 2018 06:55:08 GMT+0000 (UTC)
switching to IN_COMM
received secure communication message!
Received seqNum: 0
Handler: data received from server via secure communication
data1
Resp-actual/expected/ratio/ts: 6 6 1 1535352908397
Distribution protocol: TCP
Resp-actual/expected/ratio/ts: 6 7 0.8571428571428571 1535352967357
connected to auth! from local port 50300
received auth hello!
{ authId: 501, nonce: <Buffer 2d 7c 56 a0 f8 10 a8 f0> }
received session key response encrypted with distribution key
replyNonce in sessionKeyResp: <Buffer 97 c9 47 08 ce 94 f1 fa>
auth nonce verified
handleSessionKeyResp: session key request succeeded! authFailureCount: 0
received 1 keys
currentSessionKey: [object Object]
Status: Secure connection closed before starting a new connection.
Session protocol: TCP
chosen commSessionKey: 
{ id: 50100052,
  cipherKeyVal: <Buffer 28 44 8d 24 25 2b f1 17 ab f8 a8 21 33 d3 f1 f7>,
  macKeyVal: <Buffer b2 19 a4 86 90 02 75 1c a7 9d b2 24 7e 0d 69 85 fa c1 3d 49 13 1e a3 3e 2a 25 41 44 9a e5 c6 4e>,
  absValidity: 2018-08-28T06:56:07.505Z,
  relValidity: 7200000 }
options
{ serverHost: '10.0.1.28',
  serverPort: 22100,
  sessionKey: 
   { id: 50100052,
     cipherKeyVal: <Buffer 28 44 8d 24 25 2b f1 17 ab f8 a8 21 33 d3 f1 f7>,
     macKeyVal: <Buffer b2 19 a4 86 90 02 75 1c a7 9d b2 24 7e 0d 69 85 fa c1 3d 49 13 1e a3 3e 2a 25 41 44 9a e5 c6 4e>,
     absValidity: 2018-08-28T06:56:07.505Z,
     relValidity: 7200000 },
  sessionCryptoSpec: { cipher: 'AES-128-CBC', mac: 'SHA256' },
  sessionProtocol: 'TCP',
  handshakeTimeout: 50000 }
chosen nonce: <Buffer 46 c4 43 a9 5d c8 a7 e1>
switching to HANDSHAKE_1_SENT
disconnected from auth
Handler: secure connection with the server closed.
received session key handshake2!
client ret: [object Object]
server authenticated/authorized by solving nonce!
Handler: communication initialization succeeded
file data length: 1024
sending at Mon Aug 27 2018 06:56:08 GMT+0000 (UTC)
switching to IN_COMM
received secure communication message!
Received seqNum: 0
Handler: data received from server via secure communication
data1
Resp-actual/expected/ratio/ts: 7 7 1 1535352968333
Distribution protocol: TCP
Resp-actual/expected/ratio/ts: 7 8 0.875 1535353027417
failure in connection with Auth : authFailureCount: 1
Handler: Error in secure comm - details: Error occurred in session key request: Error: connect EHOSTUNREACH 10.0.1.4:21100
Handler: Error in secure comm - details: Auth hello timedout ...
Distribution protocol: TCP
Resp-actual/expected/ratio/ts: 7 9 0.7777777777777778 1535353087428
failure in connection with Auth : authFailureCount: 2
failure count reached threshold (2), try migration...
In iotAuth.js migrateToTrustedAuth: 
In iotAuthService.js sendMigrationReqViaTCP: 
Handler: Error in secure comm - details: Error occurred in session key request: Error: connect EHOSTUNREACH 10.0.1.4:21100
failure in migration to another Auth : migrationFailureCount: 1
Handler: Error in secure comm - details: Error occurred in migration request: Error: connect EHOSTUNREACH 10.0.1.3:21100
Handler: Error in secure comm - details: Auth hello timedout ...
failure in migration to another Auth : migrationFailureCount: 2
Handler: Error in secure comm - details: Error occurred in migration request: Auth hello timedout ...
Distribution protocol: TCP
Resp-actual/expected/ratio/ts: 7 10 0.7 1535353147435
failure in connection with Auth : authFailureCount: 3
failure count reached threshold (2), try migration...
reached migration failure threshold, rotate migration info index from: 0
to: 1
Failed to migrate! host/port of current Auth is the same as host of the Auth which we migrate to
Handler: Error in secure comm - details: Error occurred in session key request: Error: connect EHOSTUNREACH 10.0.1.4:21100
Handler: Error in secure comm - details: Auth hello timedout ...
Distribution protocol: TCP
Resp-actual/expected/ratio/ts: 7 11 0.6363636363636364 1535353207445
failure in connection with Auth : authFailureCount: 4
failure count reached threshold (2), try migration...
Failed to migrate! host/port of current Auth is the same as host of the Auth which we migrate to
Handler: Error in secure comm - details: Error occurred in session key request: Error: connect EHOSTUNREACH 10.0.1.4:21100
Handler: Error in secure comm - details: Auth hello timedout ...
Distribution protocol: TCP
Resp-actual/expected/ratio/ts: 7 12 0.5833333333333334 1535353267458
failure in connection with Auth : authFailureCount: 5
failure count reached threshold (2), try migration...
Failed to migrate! host/port of current Auth is the same as host of the Auth which we migrate to
Handler: Error in secure comm - details: Error occurred in session key request: Error: connect EHOSTUNREACH 10.0.1.4:21100
Handler: Error in secure comm - details: Auth hello timedout ...
Distribution protocol: TCP
Resp-actual/expected/ratio/ts: 7 13 0.5384615384615384 1535353327468
failure in connection with Auth : authFailureCount: 6
failure count reached threshold (2), try migration...
Failed to migrate! host/port of current Auth is the same as host of the Auth which we migrate to
Handler: Error in secure comm - details: Error occurred in session key request: Error: connect EHOSTUNREACH 10.0.1.4:21100
Handler: Error in secure comm - details: Auth hello timedout ...
Distribution protocol: TCP
Resp-actual/expected/ratio/ts: 7 14 0.5 1535353387478
failure in connection with Auth : authFailureCount: 7
failure count reached threshold (2), try migration...
Failed to migrate! host/port of current Auth is the same as host of the Auth which we migrate to
Handler: Error in secure comm - details: Error occurred in session key request: Error: connect EHOSTUNREACH 10.0.1.4:21100
Handler: Error in secure comm - details: Auth hello timedout ...
Distribution protocol: TCP
Resp-actual/expected/ratio/ts: 7 15 0.4666666666666667 1535353447488
failure in connection with Auth : authFailureCount: 8
failure count reached threshold (2), try migration...
Failed to migrate! host/port of current Auth is the same as host of the Auth which we migrate to
Handler: Error in secure comm - details: Error occurred in session key request: Error: connect EHOSTUNREACH 10.0.1.4:21100
Handler: Error in secure comm - details: Auth hello timedout ...
Distribution protocol: TCP
Resp-actual/expected/ratio/ts: 7 16 0.4375 1535353507489
failure in connection with Auth : authFailureCount: 9
failure count reached threshold (2), try migration...
Failed to migrate! host/port of current Auth is the same as host of the Auth which we migrate to
Handler: Error in secure comm - details: Error occurred in session key request: Error: connect EHOSTUNREACH 10.0.1.4:21100
Handler: Error in secure comm - details: Auth hello timedout ...
Distribution protocol: TCP
Resp-actual/expected/ratio/ts: 7 17 0.4117647058823529 1535353567499
failure in connection with Auth : authFailureCount: 10
failure count reached threshold (2), try migration...
Failed to migrate! host/port of current Auth is the same as host of the Auth which we migrate to
Handler: Error in secure comm - details: Error occurred in session key request: Error: connect EHOSTUNREACH 10.0.1.4:21100
Handler: Error in secure comm - details: Auth hello timedout ...
Distribution protocol: TCP
Resp-actual/expected/ratio/ts: 7 18 0.3888888888888889 1535353627504
failure in connection with Auth : authFailureCount: 11
failure count reached threshold (2), try migration...
Failed to migrate! host/port of current Auth is the same as host of the Auth which we migrate to
Handler: Error in secure comm - details: Error occurred in session key request: Error: connect EHOSTUNREACH 10.0.1.4:21100
Handler: Error in secure comm - details: Auth hello timedout ...
Distribution protocol: TCP
Resp-actual/expected/ratio/ts: 7 19 0.3684210526315789 1535353687514
failure in connection with Auth : authFailureCount: 12
failure count reached threshold (2), try migration...
Failed to migrate! host/port of current Auth is the same as host of the Auth which we migrate to
Handler: Error in secure comm - details: Error occurred in session key request: Error: connect EHOSTUNREACH 10.0.1.4:21100
Handler: Error in secure comm - details: Auth hello timedout ...
Distribution protocol: TCP
Resp-actual/expected/ratio/ts: 7 20 0.35 1535353747524
failure in connection with Auth : authFailureCount: 13
failure count reached threshold (2), try migration...
Failed to migrate! host/port of current Auth is the same as host of the Auth which we migrate to
Handler: Error in secure comm - details: Error occurred in session key request: Error: connect EHOSTUNREACH 10.0.1.4:21100
Handler: Error in secure comm - details: Auth hello timedout ...
Distribution protocol: TCP
Resp-actual/expected/ratio/ts: 7 21 0.3333333333333333 1535353807534
failure in connection with Auth : authFailureCount: 14
failure count reached threshold (2), try migration...
Failed to migrate! host/port of current Auth is the same as host of the Auth which we migrate to
Handler: Error in secure comm - details: Error occurred in session key request: Error: connect EHOSTUNREACH 10.0.1.4:21100
Handler: Error in secure comm - details: Auth hello timedout ...
Distribution protocol: TCP
Resp-actual/expected/ratio/ts: 7 22 0.3181818181818182 1535353867545
failure in connection with Auth : authFailureCount: 15
failure count reached threshold (2), try migration...
Failed to migrate! host/port of current Auth is the same as host of the Auth which we migrate to
Handler: Error in secure comm - details: Error occurred in session key request: Error: connect EHOSTUNREACH 10.0.1.4:21100
Handler: Error in secure comm - details: Auth hello timedout ...
Distribution protocol: TCP
Resp-actual/expected/ratio/ts: 7 23 0.30434782608695654 1535353927548
failure in connection with Auth : authFailureCount: 16
failure count reached threshold (2), try migration...
Failed to migrate! host/port of current Auth is the same as host of the Auth which we migrate to
Handler: Error in secure comm - details: Error occurred in session key request: Error: connect EHOSTUNREACH 10.0.1.4:21100
Handler: Error in secure comm - details: Auth hello timedout ...
Distribution protocol: TCP
Resp-actual/expected/ratio/ts: 7 24 0.2916666666666667 1535353987558
failure in connection with Auth : authFailureCount: 17
failure count reached threshold (2), try migration...
Failed to migrate! host/port of current Auth is the same as host of the Auth which we migrate to
Handler: Error in secure comm - details: Error occurred in session key request: Error: connect EHOSTUNREACH 10.0.1.4:21100
Handler: Error in secure comm - details: Auth hello timedout ...
Distribution protocol: TCP
Resp-actual/expected/ratio/ts: 7 25 0.28 1535354047568
failure in connection with Auth : authFailureCount: 18
failure count reached threshold (2), try migration...
Failed to migrate! host/port of current Auth is the same as host of the Auth which we migrate to
Handler: Error in secure comm - details: Error occurred in session key request: Error: connect EHOSTUNREACH 10.0.1.4:21100
Handler: Error in secure comm - details: Auth hello timedout ...
Distribution protocol: TCP
Resp-actual/expected/ratio/ts: 7 26 0.2692307692307692 1535354107576
failure in connection with Auth : authFailureCount: 19
failure count reached threshold (2), try migration...
Failed to migrate! host/port of current Auth is the same as host of the Auth which we migrate to
Handler: Error in secure comm - details: Error occurred in session key request: Error: connect EHOSTUNREACH 10.0.1.4:21100
Handler: Error in secure comm - details: Auth hello timedout ...
Distribution protocol: TCP
Resp-actual/expected/ratio/ts: 7 27 0.25925925925925924 1535354167586
failure in connection with Auth : authFailureCount: 20
failure count reached threshold (2), try migration...
Failed to migrate! host/port of current Auth is the same as host of the Auth which we migrate to
Handler: Error in secure comm - details: Error occurred in session key request: Error: connect EHOSTUNREACH 10.0.1.4:21100
Handler: Error in secure comm - details: Auth hello timedout ...
Distribution protocol: TCP
Resp-actual/expected/ratio/ts: 7 28 0.25 1535354227597
failure in connection with Auth : authFailureCount: 21
failure count reached threshold (2), try migration...
Failed to migrate! host/port of current Auth is the same as host of the Auth which we migrate to
Handler: Error in secure comm - details: Error occurred in session key request: Error: connect EHOSTUNREACH 10.0.1.4:21100
Handler: Error in secure comm - details: Auth hello timedout ...
Distribution protocol: TCP
Resp-actual/expected/ratio/ts: 7 29 0.2413793103448276 1535354287608
failure in connection with Auth : authFailureCount: 22
failure count reached threshold (2), try migration...
Failed to migrate! host/port of current Auth is the same as host of the Auth which we migrate to
Handler: Error in secure comm - details: Error occurred in session key request: Error: connect EHOSTUNREACH 10.0.1.4:21100
