changing working directory to: /home/hokeunkim/Development/iotauth/entity/node/example_entities
loading from config file: /home/hokeunkim/Development/iotauth_experiments/experiments/ccs2017/expOptions/expEntity.option
Experimental options for autoClient: { autoSendPeriod: 60000,
  useSameSessionKeyCount: 1,
  connectionTimeout: 50000,
  migrationEnabled: true,
  authFailureThreshold: 2,
  migrationFailureThreshold: 2 }
loading from config file: /home/hokeunkim/Development/iotauth/entity/node/example_entities/configs/Clients/c507.config
initializing...
current parameters: { numKeysPerRequest: 3,
  migrationEnabled: false,
  authFailureThreshold: 3,
  migrationFailureThreshold: 3 }
current parameters: { numKeysPerRequest: 1,
  migrationEnabled: false,
  authFailureThreshold: 3,
  migrationFailureThreshold: 3 }
current parameters: { numKeysPerRequest: 1,
  migrationEnabled: true,
  authFailureThreshold: 3,
  migrationFailureThreshold: 3 }
current parameters: { numKeysPerRequest: 1,
  migrationEnabled: true,
  authFailureThreshold: 2,
  migrationFailureThreshold: 3 }
current parameters: { numKeysPerRequest: 1,
  migrationEnabled: true,
  authFailureThreshold: 2,
  migrationFailureThreshold: 2 }
current entityInfo: { name: 'c507',
  group: 'Clients',
  distProtocol: 'TCP',
  usePermanentDistKey: false,
  connectionTimeout: 50000,
  privateKey: <Buffer 2d 2d 2d 2d 2d 42 45 47 49 4e 20 52 53 41 20 50 52 49 56 41 54 45 20 4b 45 59 2d 2d 2d 2d 2d 0a 4d 49 49 45 70 41 49 42 41 41 4b 43 41 51 45 41 72 52 ... > }
Distribution protocol: TCP
Resp-actual/expected/ratio/ts: 0 1 0 1521602570585
connected to auth! from local port 53824
received auth hello!
{ authId: 501, nonce: <Buffer eb 57 a6 79 ec 9b 1b 3a> }
received session key response with distribution key attached!
auth signature verified
replyNonce in sessionKeyResp: <Buffer 05 9f a2 df fb 7d e8 49>
auth nonce verified
handleSessionKeyResp: session key request succeeded! authFailureCount: 0
updating distribution key: { cipherKeyVal: <Buffer 69 18 c0 5a c5 57 4a 4c 51 18 b7 10 90 df 27 de>,
  macKeyVal: <Buffer 9a c6 2e 01 05 49 cb 0d a3 77 10 ea f9 d5 92 0e 1f 78 ac 12 bb a2 12 cc c4 7f 66 b0 f0 c8 9d 92>,
  absValidity: 2018-03-21T04:22:50.751Z }
received 1 keys
currentSessionKey: [object Object]
Session protocol: TCP
chosen commSessionKey: 
{ id: 50100647,
  cipherKeyVal: <Buffer d5 e3 12 85 a3 b3 1d 33 88 ac bb f2 62 aa 53 61>,
  macKeyVal: <Buffer 41 08 f5 9b d0 67 96 ba eb 38 c8 6b 92 25 41 ab db 5b 7a 3a b3 fc e6 f3 fb b1 58 c4 5a 37 d4 bd>,
  absValidity: 2018-03-22T03:22:50.750Z,
  relValidity: 7200000 }
options
{ serverHost: '10.0.1.28',
  serverPort: 22100,
  sessionKey: 
   { id: 50100647,
     cipherKeyVal: <Buffer d5 e3 12 85 a3 b3 1d 33 88 ac bb f2 62 aa 53 61>,
     macKeyVal: <Buffer 41 08 f5 9b d0 67 96 ba eb 38 c8 6b 92 25 41 ab db 5b 7a 3a b3 fc e6 f3 fb b1 58 c4 5a 37 d4 bd>,
     absValidity: 2018-03-22T03:22:50.750Z,
     relValidity: 7200000 },
  sessionCryptoSpec: { cipher: 'AES-128-CBC', mac: 'SHA256' },
  sessionProtocol: 'TCP',
  handshakeTimeout: 50000 }
disconnected from auth
chosen nonce: <Buffer 07 9c 7c 38 97 b9 81 e0>
switching to HANDSHAKE_1_SENT
received session key handshake2!
client ret: [object Object]
server authenticated/authorized by solving nonce!
Handler: communication initialization succeeded
file data length: 1024
sending at Wed Mar 21 2018 03:22:51 GMT+0000 (UTC)
switching to IN_COMM
received secure communication message!
Received seqNum: 0
Handler: data received from server via secure communication
data1
Resp-actual/expected/ratio/ts: 1 1 1 1521602571667
Distribution protocol: TCP
Resp-actual/expected/ratio/ts: 1 2 0.5 1521602630586
connected to auth! from local port 54086
received auth hello!
{ authId: 501, nonce: <Buffer 14 79 a4 bd 83 19 9b 9a> }
received session key response encrypted with distribution key
replyNonce in sessionKeyResp: <Buffer eb cf 76 48 f8 65 b5 bb>
auth nonce verified
handleSessionKeyResp: session key request succeeded! authFailureCount: 0
received 1 keys
currentSessionKey: [object Object]
Status: Secure connection closed before starting a new connection.
Session protocol: TCP
chosen commSessionKey: 
{ id: 50100655,
  cipherKeyVal: <Buffer 17 89 e7 4f 70 6c af e3 a6 44 e6 55 87 7f b4 87>,
  macKeyVal: <Buffer c4 f7 2a c0 a3 f1 6b ba fb 54 79 07 60 a6 f2 5b 2f 19 06 39 97 a0 31 c2 9d bf 50 43 8a 20 bd 37>,
  absValidity: 2018-03-22T03:23:50.725Z,
  relValidity: 7200000 }
options
{ serverHost: '10.0.1.28',
  serverPort: 22100,
  sessionKey: 
   { id: 50100655,
     cipherKeyVal: <Buffer 17 89 e7 4f 70 6c af e3 a6 44 e6 55 87 7f b4 87>,
     macKeyVal: <Buffer c4 f7 2a c0 a3 f1 6b ba fb 54 79 07 60 a6 f2 5b 2f 19 06 39 97 a0 31 c2 9d bf 50 43 8a 20 bd 37>,
     absValidity: 2018-03-22T03:23:50.725Z,
     relValidity: 7200000 },
  sessionCryptoSpec: { cipher: 'AES-128-CBC', mac: 'SHA256' },
  sessionProtocol: 'TCP',
  handshakeTimeout: 50000 }
chosen nonce: <Buffer 67 f3 f5 bb 03 c6 68 84>
switching to HANDSHAKE_1_SENT
disconnected from auth
Handler: secure connection with the server closed.
received session key handshake2!
client ret: [object Object]
server authenticated/authorized by solving nonce!
Handler: communication initialization succeeded
file data length: 1024
sending at Wed Mar 21 2018 03:23:51 GMT+0000 (UTC)
switching to IN_COMM
received secure communication message!
Received seqNum: 0
Handler: data received from server via secure communication
data1
Resp-actual/expected/ratio/ts: 2 2 1 1521602631750
Distribution protocol: TCP
Resp-actual/expected/ratio/ts: 2 3 0.6666666666666666 1521602690641
connected to auth! from local port 54356
received auth hello!
{ authId: 501, nonce: <Buffer bb 68 ac d9 02 6f 21 e6> }
received session key response encrypted with distribution key
replyNonce in sessionKeyResp: <Buffer 5b c1 3d fa 30 af 8d 37>
auth nonce verified
handleSessionKeyResp: session key request succeeded! authFailureCount: 0
received 1 keys
currentSessionKey: [object Object]
Status: Secure connection closed before starting a new connection.
Session protocol: TCP
chosen commSessionKey: 
{ id: 50100663,
  cipherKeyVal: <Buffer ef ac d3 6e c6 d5 42 5e 98 3b 91 a3 65 ba 46 08>,
  macKeyVal: <Buffer 15 44 c6 b7 76 45 5c b9 3f d5 04 02 23 1b 48 d8 8d 62 ea ca 52 bd e7 fa de 25 77 10 47 41 fe 70>,
  absValidity: 2018-03-22T03:24:50.793Z,
  relValidity: 7200000 }
options
{ serverHost: '10.0.1.28',
  serverPort: 22100,
  sessionKey: 
   { id: 50100663,
     cipherKeyVal: <Buffer ef ac d3 6e c6 d5 42 5e 98 3b 91 a3 65 ba 46 08>,
     macKeyVal: <Buffer 15 44 c6 b7 76 45 5c b9 3f d5 04 02 23 1b 48 d8 8d 62 ea ca 52 bd e7 fa de 25 77 10 47 41 fe 70>,
     absValidity: 2018-03-22T03:24:50.793Z,
     relValidity: 7200000 },
  sessionCryptoSpec: { cipher: 'AES-128-CBC', mac: 'SHA256' },
  sessionProtocol: 'TCP',
  handshakeTimeout: 50000 }
chosen nonce: <Buffer 65 59 16 88 35 f4 66 22>
switching to HANDSHAKE_1_SENT
disconnected from auth
Handler: secure connection with the server closed.
received session key handshake2!
client ret: [object Object]
server authenticated/authorized by solving nonce!
Handler: communication initialization succeeded
file data length: 1024
sending at Wed Mar 21 2018 03:24:51 GMT+0000 (UTC)
switching to IN_COMM
received secure communication message!
Received seqNum: 0
Handler: data received from server via secure communication
data1
Resp-actual/expected/ratio/ts: 3 3 1 1521602691716
Distribution protocol: TCP
Resp-actual/expected/ratio/ts: 3 4 0.75 1521602750697
connected to auth! from local port 54626
received auth hello!
{ authId: 501, nonce: <Buffer c8 34 ab 49 c5 97 e0 90> }
received session key response encrypted with distribution key
replyNonce in sessionKeyResp: <Buffer 2b 38 bd b2 18 90 6c b5>
auth nonce verified
handleSessionKeyResp: session key request succeeded! authFailureCount: 0
received 1 keys
currentSessionKey: [object Object]
Status: Secure connection closed before starting a new connection.
Session protocol: TCP
chosen commSessionKey: 
{ id: 50100671,
  cipherKeyVal: <Buffer e1 d4 82 89 8d 3f 6f 2f 2e a9 fb 8b fc 48 0e 6a>,
  macKeyVal: <Buffer 2f 53 2d 03 46 0c 64 8b 54 e1 a5 fa 37 6e 92 d1 32 59 c4 bf 46 57 72 38 f3 ba 1a 2c a6 db 18 4d>,
  absValidity: 2018-03-22T03:25:50.828Z,
  relValidity: 7200000 }
options
{ serverHost: '10.0.1.28',
  serverPort: 22100,
  sessionKey: 
   { id: 50100671,
     cipherKeyVal: <Buffer e1 d4 82 89 8d 3f 6f 2f 2e a9 fb 8b fc 48 0e 6a>,
     macKeyVal: <Buffer 2f 53 2d 03 46 0c 64 8b 54 e1 a5 fa 37 6e 92 d1 32 59 c4 bf 46 57 72 38 f3 ba 1a 2c a6 db 18 4d>,
     absValidity: 2018-03-22T03:25:50.828Z,
     relValidity: 7200000 },
  sessionCryptoSpec: { cipher: 'AES-128-CBC', mac: 'SHA256' },
  sessionProtocol: 'TCP',
  handshakeTimeout: 50000 }
chosen nonce: <Buffer 1e f0 7e 68 ae b3 c0 39>
switching to HANDSHAKE_1_SENT
disconnected from auth
Handler: secure connection with the server closed.
received session key handshake2!
client ret: [object Object]
server authenticated/authorized by solving nonce!
Handler: communication initialization succeeded
file data length: 1024
sending at Wed Mar 21 2018 03:25:51 GMT+0000 (UTC)
switching to IN_COMM
received secure communication message!
Received seqNum: 0
Handler: data received from server via secure communication
data1
Resp-actual/expected/ratio/ts: 4 4 1 1521602751877
Distribution protocol: TCP
Resp-actual/expected/ratio/ts: 4 5 0.8 1521602810752
connected to auth! from local port 54896
received auth hello!
{ authId: 501, nonce: <Buffer 9c 73 3d cc 08 81 2d a8> }
received session key response encrypted with distribution key
replyNonce in sessionKeyResp: <Buffer e7 f3 ae d9 34 ed ee 7f>
auth nonce verified
handleSessionKeyResp: session key request succeeded! authFailureCount: 0
received 1 keys
currentSessionKey: [object Object]
Status: Secure connection closed before starting a new connection.
Session protocol: TCP
chosen commSessionKey: 
{ id: 50100679,
  cipherKeyVal: <Buffer 39 04 83 c0 e2 0f e1 8a ca c3 af fa 76 c5 2c 80>,
  macKeyVal: <Buffer 51 68 6f 33 f2 49 3e 3a 4f 45 dc 9d e8 ff 2c ba 58 f6 92 a5 ac 9d a9 32 8d 7f aa a3 15 61 93 47>,
  absValidity: 2018-03-22T03:26:50.871Z,
  relValidity: 7200000 }
options
{ serverHost: '10.0.1.28',
  serverPort: 22100,
  sessionKey: 
   { id: 50100679,
     cipherKeyVal: <Buffer 39 04 83 c0 e2 0f e1 8a ca c3 af fa 76 c5 2c 80>,
     macKeyVal: <Buffer 51 68 6f 33 f2 49 3e 3a 4f 45 dc 9d e8 ff 2c ba 58 f6 92 a5 ac 9d a9 32 8d 7f aa a3 15 61 93 47>,
     absValidity: 2018-03-22T03:26:50.871Z,
     relValidity: 7200000 },
  sessionCryptoSpec: { cipher: 'AES-128-CBC', mac: 'SHA256' },
  sessionProtocol: 'TCP',
  handshakeTimeout: 50000 }
chosen nonce: <Buffer 15 3d 35 b3 5b 19 d4 36>
switching to HANDSHAKE_1_SENT
disconnected from auth
Handler: secure connection with the server closed.
received session key handshake2!
client ret: [object Object]
server authenticated/authorized by solving nonce!
Handler: communication initialization succeeded
file data length: 1024
sending at Wed Mar 21 2018 03:26:51 GMT+0000 (UTC)
switching to IN_COMM
received secure communication message!
Received seqNum: 0
Handler: data received from server via secure communication
data1
Resp-actual/expected/ratio/ts: 5 5 1 1521602811780
Distribution protocol: TCP
Resp-actual/expected/ratio/ts: 5 6 0.8333333333333334 1521602870809
connected to auth! from local port 55166
received auth hello!
{ authId: 501, nonce: <Buffer 27 25 a6 64 84 81 1e 7a> }
received session key response encrypted with distribution key
replyNonce in sessionKeyResp: <Buffer f3 0d 5b e9 32 67 ba 49>
auth nonce verified
handleSessionKeyResp: session key request succeeded! authFailureCount: 0
received 1 keys
currentSessionKey: [object Object]
Status: Secure connection closed before starting a new connection.
Session protocol: TCP
chosen commSessionKey: 
{ id: 50100687,
  cipherKeyVal: <Buffer f1 fc 30 81 3e f2 d5 0e 67 9e 7a 32 3f 8f 75 fc>,
  macKeyVal: <Buffer e8 17 63 a3 19 f8 de ff c3 b1 42 fb e2 5d 0a b6 52 f8 c4 7d d1 c1 14 c5 5c 4a 7a af ca b1 4c ac>,
  absValidity: 2018-03-22T03:27:50.957Z,
  relValidity: 7200000 }
options
{ serverHost: '10.0.1.28',
  serverPort: 22100,
  sessionKey: 
   { id: 50100687,
     cipherKeyVal: <Buffer f1 fc 30 81 3e f2 d5 0e 67 9e 7a 32 3f 8f 75 fc>,
     macKeyVal: <Buffer e8 17 63 a3 19 f8 de ff c3 b1 42 fb e2 5d 0a b6 52 f8 c4 7d d1 c1 14 c5 5c 4a 7a af ca b1 4c ac>,
     absValidity: 2018-03-22T03:27:50.957Z,
     relValidity: 7200000 },
  sessionCryptoSpec: { cipher: 'AES-128-CBC', mac: 'SHA256' },
  sessionProtocol: 'TCP',
  handshakeTimeout: 50000 }
chosen nonce: <Buffer cd 9a 81 18 3f 3b c4 0f>
switching to HANDSHAKE_1_SENT
disconnected from auth
Handler: secure connection with the server closed.
received session key handshake2!
client ret: [object Object]
server authenticated/authorized by solving nonce!
Handler: communication initialization succeeded
file data length: 1024
sending at Wed Mar 21 2018 03:27:51 GMT+0000 (UTC)
switching to IN_COMM
received secure communication message!
Received seqNum: 0
Handler: data received from server via secure communication
data1
Resp-actual/expected/ratio/ts: 6 6 1 1521602871760
Distribution protocol: TCP
Resp-actual/expected/ratio/ts: 6 7 0.8571428571428571 1521602930835
connected to auth! from local port 55436
received auth hello!
{ authId: 501, nonce: <Buffer 68 35 68 23 e0 5a 51 47> }
received session key response encrypted with distribution key
replyNonce in sessionKeyResp: <Buffer 5b 31 3b e8 1b d0 4a 5c>
auth nonce verified
handleSessionKeyResp: session key request succeeded! authFailureCount: 0
received 1 keys
currentSessionKey: [object Object]
Status: Secure connection closed before starting a new connection.
Session protocol: TCP
chosen commSessionKey: 
{ id: 50100695,
  cipherKeyVal: <Buffer 3b 36 73 d2 cf b4 27 9a 98 f2 3a 13 64 24 a5 cf>,
  macKeyVal: <Buffer f9 5a 08 22 b1 7a 25 85 cb dd b8 7b 79 3e d9 de e1 a5 20 b8 af 1b 35 3b f6 1e aa 1f 88 83 c9 05>,
  absValidity: 2018-03-22T03:28:51.007Z,
  relValidity: 7200000 }
options
{ serverHost: '10.0.1.28',
  serverPort: 22100,
  sessionKey: 
   { id: 50100695,
     cipherKeyVal: <Buffer 3b 36 73 d2 cf b4 27 9a 98 f2 3a 13 64 24 a5 cf>,
     macKeyVal: <Buffer f9 5a 08 22 b1 7a 25 85 cb dd b8 7b 79 3e d9 de e1 a5 20 b8 af 1b 35 3b f6 1e aa 1f 88 83 c9 05>,
     absValidity: 2018-03-22T03:28:51.007Z,
     relValidity: 7200000 },
  sessionCryptoSpec: { cipher: 'AES-128-CBC', mac: 'SHA256' },
  sessionProtocol: 'TCP',
  handshakeTimeout: 50000 }
chosen nonce: <Buffer de 6c 1e 99 7e 96 cb cc>
switching to HANDSHAKE_1_SENT
disconnected from auth
Handler: secure connection with the server closed.
received session key handshake2!
client ret: [object Object]
server authenticated/authorized by solving nonce!
Handler: communication initialization succeeded
file data length: 1024
sending at Wed Mar 21 2018 03:28:51 GMT+0000 (UTC)
switching to IN_COMM
received secure communication message!
Received seqNum: 0
Handler: data received from server via secure communication
data1
Resp-actual/expected/ratio/ts: 7 7 1 1521602931863
Distribution protocol: TCP
Resp-actual/expected/ratio/ts: 7 8 0.875 1521602990894
failure in connection with Auth : authFailureCount: 1
Handler: Error in secure comm - details: Error occurred in session key request: Error: connect EHOSTUNREACH 10.0.1.4:21100
Handler: Error in secure comm - details: Auth hello timedout ...
Distribution protocol: TCP
Resp-actual/expected/ratio/ts: 7 9 0.7777777777777778 1521603050905
failure in connection with Auth : authFailureCount: 2
failure count reached threshold (2), try migration...
In iotAuth.js migrateToTrustedAuth: 
In iotAuthService.js sendMigrationReqViaTCP: 
Handler: Error in secure comm - details: Error occurred in session key request: Error: connect EHOSTUNREACH 10.0.1.4:21100
connected to auth! from local port 38056
received auth hello!
{ authId: 502, nonce: <Buffer 08 f2 d6 9d f8 61 35 b1> }
more data will come. current: 1445 expected: 1485
received migration response with signature!
{ version: 2,
  subject: 
   { countryName: 'US',
     stateOrProvinceName: 'CA',
     localityName: 'Berkeley',
     organizationName: 'EECS',
     organizationalUnitName: 'Auth502',
     commonName: '10.0.1.5' },
  issuer: 
   { countryName: 'US',
     stateOrProvinceName: 'CA',
     localityName: 'Berkeley',
     organizationName: 'EECS',
     organizationalUnitName: 'Auth501',
     commonName: '10.0.0.4' },
  serial: '01624692652E',
  notBefore: 2018-03-21T03:18:42.000Z,
  notAfter: 2018-03-22T03:20:22.000Z,
  subjectHash: '9638ffe3',
  signatureAlgorithm: 'sha256WithRSAEncryption',
  fingerPrint: '52:61:C2:A1:89:B9:8D:3B:65:C3:C2:5D:B7:B0:9E:02:3D:E0:35:E8',
  publicKey: 
   { algorithm: 'rsaEncryption',
     e: '65537',
     n: 'FF6CB5202497CC77AF28EFDE774858E4FEF04355E5228E378962DF4235BE3683DAF9E38A7E22621D66B3B50166D897E97BF911F9E8FC09D686961AA39679014E5DDD27EA0F02DE853A41537DB5E37F33395E249F355C0D074419572E9856D1D598CAB2CD6951013DDCB0A163B943DFCD2694BE18B9B3892695B3052EBD9115D447293C83AF24A008794B842E4F0A6C2A8D0189612A600AA40A592603E43713C0ECCA681024E5EC429FAD09484B824919DF59C8BD488E0D372D2A3D8B99B6068E24BBBDA8F0BCDDBA806010E4A7181736DF08D4D1CFC16E26507C360EDCBFF1B5F4288CE304DE62E9696665C5108489AD7232658356998FF47C4F7E8A04225423',
     bitSize: 2048 },
  altNames: [],
  extensions: { subjectAlternativeName: 'IP Address:10.0.1.5' } }
null
true
Certificate of new Auth is verified!
Subject information matches Auth ID!
Signature of new Auth is verified.
Auth nonce is verified
migration completed!
new Auth info: !
{ id: 502,
  host: '10.0.1.5',
  port: 21100,
  publicKey: '-----BEGIN CERTIFICATE-----\nMIIDVTCCAj2gAwIBAgIGAWJGkmUuMA0GCSqGSIb3DQEBCwUAMGExCzAJBgNVBAYT\nAlVTMQswCQYDVQQIDAJDQTERMA8GA1UEBwwIQmVya2VsZXkxDTALBgNVBAoMBEVF\nQ1MxEDAOBgNVBAsMB0F1dGg1MDExETAPBgNVBAMMCDEwLjAuMC40MB4XDTE4MDMy\nMTAzMTg0MloXDTE4MDMyMjAzMjAyMlowYTELMAkGA1UEBhMCVVMxCzAJBgNVBAgM\nAkNBMREwDwYDVQQHDAhCZXJrZWxleTENMAsGA1UECgwERUVDUzEQMA4GA1UECwwH\nQXV0aDUwMjERMA8GA1UEAwwIMTAuMC4xLjUwggEiMA0GCSqGSIb3DQEBAQUAA4IB\nDwAwggEKAoIBAQD/bLUgJJfMd68o7953SFjk/vBDVeUijjeJYt9CNb42g9r544p+\nImIdZrO1AWbYl+l7+RH56PwJ1oaWGqOWeQFOXd0n6g8C3oU6QVN9teN/MzleJJ81\nXA0HRBlXLphW0dWYyrLNaVEBPdywoWO5Q9/NJpS+GLmziSaVswUuvZEV1EcpPIOv\nJKAIeUuELk8KbCqNAYlhKmAKpApZJgPkNxPA7MpoECTl7EKfrQlIS4JJGd9ZyL1I\njg03LSo9i5m2Bo4ku72o8LzduoBgEOSnGBc23wjU0c/BbiZQfDYO3L/xtfQojOME\n3mLpaWZlxRCEia1yMmWDVpmP9HxPfooEIlQjAgMBAAGjEzARMA8GA1UdEQQIMAaH\nBAoAAQUwDQYJKoZIhvcNAQELBQADggEBABD7ovFa9XO1YnKPXL1njHj2OtMUR2LN\nPvQQOtyrrN4l2/WthRYbpmv/GXZTwNnvSa3ExfPgRaRXxbFUaq/wfIO/PW8Ldi+r\nyrcM3D352adP8+UR+oEt/4XYmdF3c07AaKyDAyhHaobsxEEfJUwgWltTnuivkVMS\nWOTgy9xkQc4POkD6DF+B28ZTrft4r2c21NIgfEH6aS6bIHzhNmkVvM2xYfPgGIpB\nJPxfswAVx3T5hJeEpeq7tQZXUDIyvCXyZPnQJs+megsNypZdE2Gcbnp+/JCI7IYX\nRdxoLI5GyvnxDNJzNRp5bP6MHYQf2+3SHS8+OxsdV/825iaQxFn8PbU=\n-----END CERTIFICATE-----' }
received migration response, for next round of migration, rotate migration info index from: 0
to: 1
disconnected from auth
Handler: Error in secure comm - details: Auth hello timedout ...
Distribution protocol: TCP
Resp-actual/expected/ratio/ts: 7 10 0.7 1521603110905
connected to auth! from local port 38242
Handler: Error in secure comm - details: Auth hello timedout ...
Distribution protocol: TCP
Resp-actual/expected/ratio/ts: 7 11 0.6363636363636364 1521603170915
connected to auth! from local port 38416
Handler: Error in secure comm - details: Auth hello timedout ...
Distribution protocol: TCP
Resp-actual/expected/ratio/ts: 7 12 0.5833333333333334 1521603230923
connected to auth! from local port 38584
received auth hello!
{ authId: 502, nonce: <Buffer e9 9a 0c 90 d9 da 26 b7> }
received session key response with distribution key attached!
auth signature verified
replyNonce in sessionKeyResp: <Buffer c0 e9 d5 a6 87 ad c1 65>
auth nonce verified
handleSessionKeyResp: session key request succeeded! authFailureCount: 0
updating distribution key: { cipherKeyVal: <Buffer 24 99 c8 e1 42 0b 48 34 74 42 48 57 3b 15 8a 04>,
  macKeyVal: <Buffer 1f 13 6d 00 5d 50 41 09 19 5f 03 32 d3 ad 7b 46 4f fb de 21 10 46 b4 3a 13 1c 54 80 69 a5 6f f2>,
  absValidity: 2018-03-21T04:33:54.800Z }
received 1 keys
currentSessionKey: [object Object]
Status: Secure connection closed before starting a new connection.
Session protocol: TCP
chosen commSessionKey: 
{ id: 50201415,
  cipherKeyVal: <Buffer 10 2e bb 27 46 b8 13 be 11 b5 9d f0 da 45 a9 bd>,
  macKeyVal: <Buffer 40 81 80 0f 7b 5c e6 9a ac bd 66 26 2c 01 d0 dc f5 f8 6b 87 42 96 ac e3 e7 63 08 14 b1 fb 99 b7>,
  absValidity: 2018-03-22T03:33:54.800Z,
  relValidity: 7200000 }
options
{ serverHost: '10.0.1.28',
  serverPort: 22100,
  sessionKey: 
   { id: 50201415,
     cipherKeyVal: <Buffer 10 2e bb 27 46 b8 13 be 11 b5 9d f0 da 45 a9 bd>,
     macKeyVal: <Buffer 40 81 80 0f 7b 5c e6 9a ac bd 66 26 2c 01 d0 dc f5 f8 6b 87 42 96 ac e3 e7 63 08 14 b1 fb 99 b7>,
     absValidity: 2018-03-22T03:33:54.800Z,
     relValidity: 7200000 },
  sessionCryptoSpec: { cipher: 'AES-128-CBC', mac: 'SHA256' },
  sessionProtocol: 'TCP',
  handshakeTimeout: 50000 }
disconnected from auth
chosen nonce: <Buffer 07 9e ee a0 db de fe cf>
switching to HANDSHAKE_1_SENT
Handler: secure connection with the server closed.
Handler: Error in secure comm - details: Comm init failed: handshake1 timed out ...
Handler: Error in secure comm - details: Comm init failed: disconnected from server during communication initialization.10.0.1.28:undefined
Distribution protocol: TCP
Resp-actual/expected/ratio/ts: 7 13 0.5384615384615384 1521603290929
connected to auth! from local port 38758
Handler: Error in secure comm - details: Auth hello timedout ...
Distribution protocol: TCP
Resp-actual/expected/ratio/ts: 7 14 0.5 1521603350939
connected to auth! from local port 38942
Handler: Error in secure comm - details: Auth hello timedout ...
Distribution protocol: TCP
Resp-actual/expected/ratio/ts: 7 15 0.4666666666666667 1521603410948
connected to auth! from local port 39094
received auth hello!
{ authId: 502, nonce: <Buffer bf 80 d6 c4 dc 42 90 db> }
received session key response encrypted with distribution key
replyNonce in sessionKeyResp: <Buffer d1 69 be 06 39 3c d3 0f>
auth nonce verified
handleSessionKeyResp: session key request succeeded! authFailureCount: 0
received 1 keys
currentSessionKey: [object Object]
Status: Secure connection closed before starting a new connection.
Session protocol: TCP
chosen commSessionKey: 
{ id: 50201460,
  cipherKeyVal: <Buffer 28 4c 04 18 8a 15 ae e0 f3 cd 9b b3 b9 3c fd 4b>,
  macKeyVal: <Buffer fb 04 70 24 17 92 e5 91 fc cc cc b3 f4 7b e3 07 63 7b ea fd 4b a2 3c a0 29 27 74 00 77 07 05 7f>,
  absValidity: 2018-03-22T03:36:54.784Z,
  relValidity: 7200000 }
options
{ serverHost: '10.0.1.28',
  serverPort: 22100,
  sessionKey: 
   { id: 50201460,
     cipherKeyVal: <Buffer 28 4c 04 18 8a 15 ae e0 f3 cd 9b b3 b9 3c fd 4b>,
     macKeyVal: <Buffer fb 04 70 24 17 92 e5 91 fc cc cc b3 f4 7b e3 07 63 7b ea fd 4b a2 3c a0 29 27 74 00 77 07 05 7f>,
     absValidity: 2018-03-22T03:36:54.784Z,
     relValidity: 7200000 },
  sessionCryptoSpec: { cipher: 'AES-128-CBC', mac: 'SHA256' },
  sessionProtocol: 'TCP',
  handshakeTimeout: 50000 }
chosen nonce: <Buffer cc e2 d2 04 aa 68 20 f1>
switching to HANDSHAKE_1_SENT
disconnected from auth
Handler: Error in secure comm - details: Comm init failed: handshake1 timed out ...
Handler: Error in secure comm - details: Comm init failed: disconnected from server during communication initialization.10.0.1.28:undefined
Distribution protocol: TCP
Resp-actual/expected/ratio/ts: 7 16 0.4375 1521603470954
connected to auth! from local port 39250
received auth hello!
{ authId: 502, nonce: <Buffer cf a5 83 b1 af 5d 18 2f> }
received session key response encrypted with distribution key
replyNonce in sessionKeyResp: <Buffer bf 24 3b c2 ff 94 0a e7>
auth nonce verified
handleSessionKeyResp: session key request succeeded! authFailureCount: 0
received 1 keys
currentSessionKey: [object Object]
Status: Secure connection closed before starting a new connection.
Session protocol: TCP
chosen commSessionKey: 
{ id: 50201475,
  cipherKeyVal: <Buffer 2e 4f 10 30 8d 4c 27 f9 08 3e d9 0b 8a 5b c5 04>,
  macKeyVal: <Buffer aa 26 6d 46 56 d8 7d 14 ea fd 2f 28 2d fb 4c 59 78 49 de 42 e3 ae cd 1f 5b ec f7 e4 63 38 b2 bc>,
  absValidity: 2018-03-22T03:37:54.770Z,
  relValidity: 7200000 }
options
{ serverHost: '10.0.1.28',
  serverPort: 22100,
  sessionKey: 
   { id: 50201475,
     cipherKeyVal: <Buffer 2e 4f 10 30 8d 4c 27 f9 08 3e d9 0b 8a 5b c5 04>,
     macKeyVal: <Buffer aa 26 6d 46 56 d8 7d 14 ea fd 2f 28 2d fb 4c 59 78 49 de 42 e3 ae cd 1f 5b ec f7 e4 63 38 b2 bc>,
     absValidity: 2018-03-22T03:37:54.770Z,
     relValidity: 7200000 },
  sessionCryptoSpec: { cipher: 'AES-128-CBC', mac: 'SHA256' },
  sessionProtocol: 'TCP',
  handshakeTimeout: 50000 }
disconnected from auth
chosen nonce: <Buffer ac 1c 6f 56 a4 90 cf 61>
switching to HANDSHAKE_1_SENT
Handler: Error in secure comm - details: Comm init failed: handshake1 timed out ...
Handler: Error in secure comm - details: Comm init failed: disconnected from server during communication initialization.10.0.1.28:undefined
Distribution protocol: TCP
Resp-actual/expected/ratio/ts: 7 17 0.4117647058823529 1521603530961
connected to auth! from local port 39402
received auth hello!
{ authId: 502, nonce: <Buffer b3 60 9f 46 d5 77 bd 1d> }
received session key response encrypted with distribution key
replyNonce in sessionKeyResp: <Buffer 19 4e 90 1c 10 22 f0 e1>
auth nonce verified
handleSessionKeyResp: session key request succeeded! authFailureCount: 0
received 1 keys
currentSessionKey: [object Object]
Status: Secure connection closed before starting a new connection.
Session protocol: TCP
chosen commSessionKey: 
{ id: 50201491,
  cipherKeyVal: <Buffer 3f 52 30 f7 d2 02 8d 14 b5 81 1c 92 0d 2c 24 11>,
  macKeyVal: <Buffer 0f 7c e1 72 62 62 f0 b4 b6 1f 57 47 fb 7a 34 eb 27 e4 bc 0c 12 9e 33 32 85 4d 0c 73 e5 5f 74 c5>,
  absValidity: 2018-03-22T03:38:54.789Z,
  relValidity: 7200000 }
options
{ serverHost: '10.0.1.28',
  serverPort: 22100,
  sessionKey: 
   { id: 50201491,
     cipherKeyVal: <Buffer 3f 52 30 f7 d2 02 8d 14 b5 81 1c 92 0d 2c 24 11>,
     macKeyVal: <Buffer 0f 7c e1 72 62 62 f0 b4 b6 1f 57 47 fb 7a 34 eb 27 e4 bc 0c 12 9e 33 32 85 4d 0c 73 e5 5f 74 c5>,
     absValidity: 2018-03-22T03:38:54.789Z,
     relValidity: 7200000 },
  sessionCryptoSpec: { cipher: 'AES-128-CBC', mac: 'SHA256' },
  sessionProtocol: 'TCP',
  handshakeTimeout: 50000 }
chosen nonce: <Buffer c7 10 31 ff a5 e7 f4 5e>
switching to HANDSHAKE_1_SENT
disconnected from auth
Handler: Error in secure comm - details: Comm init failed: handshake1 timed out ...
Handler: Error in secure comm - details: Comm init failed: disconnected from server during communication initialization.10.0.1.28:undefined
Distribution protocol: TCP
Resp-actual/expected/ratio/ts: 7 18 0.3888888888888889 1521603590968
connected to auth! from local port 39556
received auth hello!
{ authId: 502, nonce: <Buffer 1d 97 ba 21 58 67 e8 f4> }
received session key response encrypted with distribution key
replyNonce in sessionKeyResp: <Buffer 8a 4e 69 19 5c f6 e3 84>
auth nonce verified
handleSessionKeyResp: session key request succeeded! authFailureCount: 0
received 1 keys
currentSessionKey: [object Object]
Status: Secure connection closed before starting a new connection.
Session protocol: TCP
chosen commSessionKey: 
{ id: 50201505,
  cipherKeyVal: <Buffer 82 e0 77 52 fa 1c 8b 31 74 b6 36 91 e6 e9 07 dd>,
  macKeyVal: <Buffer 7b 10 46 bc dc 58 90 73 61 51 27 f8 0d fa 3d 3e 47 aa 49 8c ea 30 3e dc b9 94 64 28 c9 a0 b5 6d>,
  absValidity: 2018-03-22T03:39:54.839Z,
  relValidity: 7200000 }
options
{ serverHost: '10.0.1.28',
  serverPort: 22100,
  sessionKey: 
   { id: 50201505,
     cipherKeyVal: <Buffer 82 e0 77 52 fa 1c 8b 31 74 b6 36 91 e6 e9 07 dd>,
     macKeyVal: <Buffer 7b 10 46 bc dc 58 90 73 61 51 27 f8 0d fa 3d 3e 47 aa 49 8c ea 30 3e dc b9 94 64 28 c9 a0 b5 6d>,
     absValidity: 2018-03-22T03:39:54.839Z,
     relValidity: 7200000 },
  sessionCryptoSpec: { cipher: 'AES-128-CBC', mac: 'SHA256' },
  sessionProtocol: 'TCP',
  handshakeTimeout: 50000 }
chosen nonce: <Buffer 1b 13 8b 07 8b 1d 4e 7b>
switching to HANDSHAKE_1_SENT
disconnected from auth
Handler: Error in secure comm - details: Comm init failed: handshake1 timed out ...
Handler: Error in secure comm - details: Comm init failed: disconnected from server during communication initialization.10.0.1.28:undefined
Distribution protocol: TCP
Resp-actual/expected/ratio/ts: 7 19 0.3684210526315789 1521603650974
connected to auth! from local port 39708
received auth hello!
{ authId: 502, nonce: <Buffer 90 39 9b bf e9 54 a6 8b> }
received session key response encrypted with distribution key
replyNonce in sessionKeyResp: <Buffer c5 3f 38 3e 06 ad 4a 9c>
auth nonce verified
handleSessionKeyResp: session key request succeeded! authFailureCount: 0
received 1 keys
currentSessionKey: [object Object]
Status: Secure connection closed before starting a new connection.
Session protocol: TCP
chosen commSessionKey: 
{ id: 50201521,
  cipherKeyVal: <Buffer 68 60 aa 2e ec b6 40 e7 e5 ce f8 ef db 8a be 31>,
  macKeyVal: <Buffer 4f 92 6e 71 20 fd 50 86 b6 38 b8 e8 d9 0f 9a 9b b3 05 1c e6 5b 4c af 3a 76 4d b7 48 9e 02 29 cc>,
  absValidity: 2018-03-22T03:40:54.783Z,
  relValidity: 7200000 }
options
{ serverHost: '10.0.1.28',
  serverPort: 22100,
  sessionKey: 
   { id: 50201521,
     cipherKeyVal: <Buffer 68 60 aa 2e ec b6 40 e7 e5 ce f8 ef db 8a be 31>,
     macKeyVal: <Buffer 4f 92 6e 71 20 fd 50 86 b6 38 b8 e8 d9 0f 9a 9b b3 05 1c e6 5b 4c af 3a 76 4d b7 48 9e 02 29 cc>,
     absValidity: 2018-03-22T03:40:54.783Z,
     relValidity: 7200000 },
  sessionCryptoSpec: { cipher: 'AES-128-CBC', mac: 'SHA256' },
  sessionProtocol: 'TCP',
  handshakeTimeout: 50000 }
chosen nonce: <Buffer e3 49 e4 76 63 7b 1a 4a>
switching to HANDSHAKE_1_SENT
disconnected from auth
Handler: Error in secure comm - details: Comm init failed: handshake1 timed out ...
Handler: Error in secure comm - details: Comm init failed: disconnected from server during communication initialization.10.0.1.28:undefined
Distribution protocol: TCP
Resp-actual/expected/ratio/ts: 7 20 0.35 1521603710980
connected to auth! from local port 39866
received auth hello!
{ authId: 502, nonce: <Buffer 14 15 2a 2c ad eb de 68> }
received session key response encrypted with distribution key
replyNonce in sessionKeyResp: <Buffer ab ff d0 f6 fd d6 1f 4c>
auth nonce verified
handleSessionKeyResp: session key request succeeded! authFailureCount: 0
received 1 keys
currentSessionKey: [object Object]
Status: Secure connection closed before starting a new connection.
Session protocol: TCP
chosen commSessionKey: 
{ id: 50201537,
  cipherKeyVal: <Buffer dd 71 16 2f e8 dd fa ff 3b f3 2f c3 30 33 c9 40>,
  macKeyVal: <Buffer 2c f8 ef 79 95 63 ca 17 23 e1 8f f7 49 4f 5e 4a 91 ce 3b c9 c1 5e c4 9d 4c b7 56 13 51 f5 ba b7>,
  absValidity: 2018-03-22T03:41:54.800Z,
  relValidity: 7200000 }
options
{ serverHost: '10.0.1.28',
  serverPort: 22100,
  sessionKey: 
   { id: 50201537,
     cipherKeyVal: <Buffer dd 71 16 2f e8 dd fa ff 3b f3 2f c3 30 33 c9 40>,
     macKeyVal: <Buffer 2c f8 ef 79 95 63 ca 17 23 e1 8f f7 49 4f 5e 4a 91 ce 3b c9 c1 5e c4 9d 4c b7 56 13 51 f5 ba b7>,
     absValidity: 2018-03-22T03:41:54.800Z,
     relValidity: 7200000 },
  sessionCryptoSpec: { cipher: 'AES-128-CBC', mac: 'SHA256' },
  sessionProtocol: 'TCP',
  handshakeTimeout: 50000 }
chosen nonce: <Buffer a4 45 12 8d 6b 0b e5 4a>
switching to HANDSHAKE_1_SENT
disconnected from auth
received session key handshake2!
client ret: [object Object]
server authenticated/authorized by solving nonce!
Handler: communication initialization succeeded
file data length: 1024
sending at Wed Mar 21 2018 03:41:58 GMT+0000 (UTC)
switching to IN_COMM
received secure communication message!
Received seqNum: 0
Handler: data received from server via secure communication
data1
Resp-actual/expected/ratio/ts: 8 20 0.4 1521603719213
Distribution protocol: TCP
Resp-actual/expected/ratio/ts: 8 21 0.38095238095238093 1521603771033
connected to auth! from local port 40012
received auth hello!
{ authId: 502, nonce: <Buffer 0a 19 78 45 98 82 6f 0c> }
received session key response encrypted with distribution key
replyNonce in sessionKeyResp: <Buffer a3 7d b6 b6 20 03 e3 ac>
auth nonce verified
handleSessionKeyResp: session key request succeeded! authFailureCount: 0
received 1 keys
currentSessionKey: [object Object]
Status: Secure connection closed before starting a new connection.
Session protocol: TCP
chosen commSessionKey: 
{ id: 50201551,
  cipherKeyVal: <Buffer 34 28 07 cd 96 d6 18 22 44 b1 5c c1 2d 94 63 bb>,
  macKeyVal: <Buffer ae c7 c8 65 b7 de 14 26 d6 cf 68 9a c7 eb a6 9f cc b0 ff fe 0a f9 38 3c a5 f0 13 26 94 96 b1 22>,
  absValidity: 2018-03-22T03:42:54.792Z,
  relValidity: 7200000 }
options
{ serverHost: '10.0.1.28',
  serverPort: 22100,
  sessionKey: 
   { id: 50201551,
     cipherKeyVal: <Buffer 34 28 07 cd 96 d6 18 22 44 b1 5c c1 2d 94 63 bb>,
     macKeyVal: <Buffer ae c7 c8 65 b7 de 14 26 d6 cf 68 9a c7 eb a6 9f cc b0 ff fe 0a f9 38 3c a5 f0 13 26 94 96 b1 22>,
     absValidity: 2018-03-22T03:42:54.792Z,
     relValidity: 7200000 },
  sessionCryptoSpec: { cipher: 'AES-128-CBC', mac: 'SHA256' },
  sessionProtocol: 'TCP',
  handshakeTimeout: 50000 }
chosen nonce: <Buffer cb 11 43 3d 7a ad 18 e4>
switching to HANDSHAKE_1_SENT
disconnected from auth
Handler: secure connection with the server closed.
received session key handshake2!
client ret: [object Object]
server authenticated/authorized by solving nonce!
Handler: communication initialization succeeded
file data length: 1024
sending at Wed Mar 21 2018 03:43:02 GMT+0000 (UTC)
switching to IN_COMM
received secure communication message!
Received seqNum: 0
Handler: data received from server via secure communication
data1
Resp-actual/expected/ratio/ts: 9 21 0.42857142857142855 1521603783109
Distribution protocol: TCP
Resp-actual/expected/ratio/ts: 9 22 0.4090909090909091 1521603831081
connected to auth! from local port 40164
received auth hello!
{ authId: 502, nonce: <Buffer 26 23 07 08 14 6e 97 0f> }
received session key response encrypted with distribution key
replyNonce in sessionKeyResp: <Buffer fb dc 6c e6 12 fa 66 ea>
auth nonce verified
handleSessionKeyResp: session key request succeeded! authFailureCount: 0
received 1 keys
currentSessionKey: [object Object]
Status: Secure connection closed before starting a new connection.
Session protocol: TCP
chosen commSessionKey: 
{ id: 50201565,
  cipherKeyVal: <Buffer f0 37 a9 86 2f 0b 8f 67 46 f9 3e 33 53 40 63 0c>,
  macKeyVal: <Buffer 81 30 0d fe 05 2c 27 37 44 9d b3 53 14 d8 93 40 74 60 8e b4 d0 b1 db 77 22 08 c1 ec 46 fb ce f6>,
  absValidity: 2018-03-22T03:43:54.774Z,
  relValidity: 7200000 }
options
{ serverHost: '10.0.1.28',
  serverPort: 22100,
  sessionKey: 
   { id: 50201565,
     cipherKeyVal: <Buffer f0 37 a9 86 2f 0b 8f 67 46 f9 3e 33 53 40 63 0c>,
     macKeyVal: <Buffer 81 30 0d fe 05 2c 27 37 44 9d b3 53 14 d8 93 40 74 60 8e b4 d0 b1 db 77 22 08 c1 ec 46 fb ce f6>,
     absValidity: 2018-03-22T03:43:54.774Z,
     relValidity: 7200000 },
  sessionCryptoSpec: { cipher: 'AES-128-CBC', mac: 'SHA256' },
  sessionProtocol: 'TCP',
  handshakeTimeout: 50000 }
chosen nonce: <Buffer f4 aa f8 f0 e2 ed 09 1f>
switching to HANDSHAKE_1_SENT
disconnected from auth
Handler: secure connection with the server closed.
Handler: Error in secure comm - details: Comm init failed: handshake1 timed out ...
Handler: Error in secure comm - details: Comm init failed: disconnected from server during communication initialization.10.0.1.28:undefined
Distribution protocol: TCP
Resp-actual/expected/ratio/ts: 9 23 0.391304347826087 1521603891087
connected to auth! from local port 40314
received auth hello!
{ authId: 502, nonce: <Buffer 79 69 50 8a 85 b6 f4 d9> }
received session key response encrypted with distribution key
replyNonce in sessionKeyResp: <Buffer 54 26 fc de 40 68 a0 14>
auth nonce verified
handleSessionKeyResp: session key request succeeded! authFailureCount: 0
received 1 keys
currentSessionKey: [object Object]
Status: Secure connection closed before starting a new connection.
Session protocol: TCP
chosen commSessionKey: 
{ id: 50201582,
  cipherKeyVal: <Buffer 1e 77 2e 20 5e fb 7f 9d af 0d 87 97 4a bb 0f eb>,
  macKeyVal: <Buffer 5e 97 8f 81 cf 32 4b 40 81 e1 41 f6 31 b5 f8 53 cb 63 63 46 30 64 5a 4d 3d cc 4d 2e 6f ce 0f 37>,
  absValidity: 2018-03-22T03:44:59.045Z,
  relValidity: 7200000 }
options
{ serverHost: '10.0.1.28',
  serverPort: 22100,
  sessionKey: 
   { id: 50201582,
     cipherKeyVal: <Buffer 1e 77 2e 20 5e fb 7f 9d af 0d 87 97 4a bb 0f eb>,
     macKeyVal: <Buffer 5e 97 8f 81 cf 32 4b 40 81 e1 41 f6 31 b5 f8 53 cb 63 63 46 30 64 5a 4d 3d cc 4d 2e 6f ce 0f 37>,
     absValidity: 2018-03-22T03:44:59.045Z,
     relValidity: 7200000 },
  sessionCryptoSpec: { cipher: 'AES-128-CBC', mac: 'SHA256' },
  sessionProtocol: 'TCP',
  handshakeTimeout: 50000 }
chosen nonce: <Buffer 61 98 82 89 d2 8e be e6>
switching to HANDSHAKE_1_SENT
disconnected from auth
received session key handshake2!
client ret: [object Object]
server authenticated/authorized by solving nonce!
Handler: communication initialization succeeded
file data length: 1024
sending at Wed Mar 21 2018 03:45:03 GMT+0000 (UTC)
switching to IN_COMM
received secure communication message!
Received seqNum: 0
Handler: data received from server via secure communication
data1
Resp-actual/expected/ratio/ts: 10 23 0.43478260869565216 1521603903454
Distribution protocol: TCP
Resp-actual/expected/ratio/ts: 10 24 0.4166666666666667 1521603951135
connected to auth! from local port 40466
received auth hello!
{ authId: 502, nonce: <Buffer f7 85 65 28 b6 17 2f c6> }
received session key response encrypted with distribution key
replyNonce in sessionKeyResp: <Buffer 81 e7 bf 12 f8 b3 fa 0a>
auth nonce verified
handleSessionKeyResp: session key request succeeded! authFailureCount: 0
received 1 keys
currentSessionKey: [object Object]
Status: Secure connection closed before starting a new connection.
Session protocol: TCP
chosen commSessionKey: 
{ id: 50201595,
  cipherKeyVal: <Buffer f2 31 21 e4 07 19 36 4a c2 ed fd f3 53 9f b0 3f>,
  macKeyVal: <Buffer d3 e6 83 91 ba 0b 73 01 1f 8d 7c af 89 a1 8a d7 3d df 38 2a 8d 3a 0e 7d bd 86 b6 55 66 78 a5 94>,
  absValidity: 2018-03-22T03:45:54.787Z,
  relValidity: 7200000 }
options
{ serverHost: '10.0.1.28',
  serverPort: 22100,
  sessionKey: 
   { id: 50201595,
     cipherKeyVal: <Buffer f2 31 21 e4 07 19 36 4a c2 ed fd f3 53 9f b0 3f>,
     macKeyVal: <Buffer d3 e6 83 91 ba 0b 73 01 1f 8d 7c af 89 a1 8a d7 3d df 38 2a 8d 3a 0e 7d bd 86 b6 55 66 78 a5 94>,
     absValidity: 2018-03-22T03:45:54.787Z,
     relValidity: 7200000 },
  sessionCryptoSpec: { cipher: 'AES-128-CBC', mac: 'SHA256' },
  sessionProtocol: 'TCP',
  handshakeTimeout: 50000 }
chosen nonce: <Buffer 98 fc d9 7e 40 19 51 7a>
switching to HANDSHAKE_1_SENT
Handler: secure connection with the server closed.
disconnected from auth
received session key handshake2!
client ret: [object Object]
server authenticated/authorized by solving nonce!
Handler: communication initialization succeeded
file data length: 1024
sending at Wed Mar 21 2018 03:45:58 GMT+0000 (UTC)
switching to IN_COMM
received secure communication message!
Received seqNum: 0
Handler: data received from server via secure communication
data1
Resp-actual/expected/ratio/ts: 11 24 0.4583333333333333 1521603959197
Distribution protocol: TCP
Resp-actual/expected/ratio/ts: 11 25 0.44 1521604011169
connected to auth! from local port 40604
received auth hello!
{ authId: 502, nonce: <Buffer d4 12 f7 b4 15 ae 0c b1> }
received session key response encrypted with distribution key
replyNonce in sessionKeyResp: <Buffer 3c 01 5f 02 0f a2 4c d0>
auth nonce verified
handleSessionKeyResp: session key request succeeded! authFailureCount: 0
received 1 keys
currentSessionKey: [object Object]
Status: Secure connection closed before starting a new connection.
Session protocol: TCP
chosen commSessionKey: 
{ id: 50201609,
  cipherKeyVal: <Buffer 66 5c f8 46 f4 c6 88 88 a4 52 74 7c a5 49 8f 6b>,
  macKeyVal: <Buffer bb 98 6e e2 50 7a be 10 f6 f8 0a f6 ca 8f 99 ef fa 0b aa 13 de 19 9e f3 d9 3f d2 68 5f 19 cf 21>,
  absValidity: 2018-03-22T03:46:59.035Z,
  relValidity: 7200000 }
options
{ serverHost: '10.0.1.28',
  serverPort: 22100,
  sessionKey: 
   { id: 50201609,
     cipherKeyVal: <Buffer 66 5c f8 46 f4 c6 88 88 a4 52 74 7c a5 49 8f 6b>,
     macKeyVal: <Buffer bb 98 6e e2 50 7a be 10 f6 f8 0a f6 ca 8f 99 ef fa 0b aa 13 de 19 9e f3 d9 3f d2 68 5f 19 cf 21>,
     absValidity: 2018-03-22T03:46:59.035Z,
     relValidity: 7200000 },
  sessionCryptoSpec: { cipher: 'AES-128-CBC', mac: 'SHA256' },
  sessionProtocol: 'TCP',
  handshakeTimeout: 50000 }
chosen nonce: <Buffer 0d be 18 75 5b 74 bf ee>
switching to HANDSHAKE_1_SENT
disconnected from auth
Handler: secure connection with the server closed.
received session key handshake2!
client ret: [object Object]
server authenticated/authorized by solving nonce!
Handler: communication initialization succeeded
file data length: 1024
sending at Wed Mar 21 2018 03:47:03 GMT+0000 (UTC)
switching to IN_COMM
received secure communication message!
Received seqNum: 0
Handler: data received from server via secure communication
data1
Resp-actual/expected/ratio/ts: 12 25 0.48 1521604023606
Distribution protocol: TCP
Resp-actual/expected/ratio/ts: 12 26 0.46153846153846156 1521604071217
connected to auth! from local port 40748
received auth hello!
{ authId: 502, nonce: <Buffer 2a 8f 46 b2 60 f1 db 04> }
received session key response encrypted with distribution key
replyNonce in sessionKeyResp: <Buffer 0b d1 72 e4 5b 30 55 eb>
auth nonce verified
handleSessionKeyResp: session key request succeeded! authFailureCount: 0
received 1 keys
currentSessionKey: [object Object]
Status: Secure connection closed before starting a new connection.
Session protocol: TCP
chosen commSessionKey: 
{ id: 50201621,
  cipherKeyVal: <Buffer a5 c3 70 a6 41 a6 f9 6e 3a 6e 3b 78 f5 84 d7 98>,
  macKeyVal: <Buffer 9f 43 8e a7 2c 74 d0 65 84 ef b9 d0 f4 2d a2 1c 4f 68 42 d7 06 f7 7e de 2e e9 61 f4 e8 5c c3 05>,
  absValidity: 2018-03-22T03:47:55.054Z,
  relValidity: 7200000 }
options
{ serverHost: '10.0.1.28',
  serverPort: 22100,
  sessionKey: 
   { id: 50201621,
     cipherKeyVal: <Buffer a5 c3 70 a6 41 a6 f9 6e 3a 6e 3b 78 f5 84 d7 98>,
     macKeyVal: <Buffer 9f 43 8e a7 2c 74 d0 65 84 ef b9 d0 f4 2d a2 1c 4f 68 42 d7 06 f7 7e de 2e e9 61 f4 e8 5c c3 05>,
     absValidity: 2018-03-22T03:47:55.054Z,
     relValidity: 7200000 },
  sessionCryptoSpec: { cipher: 'AES-128-CBC', mac: 'SHA256' },
  sessionProtocol: 'TCP',
  handshakeTimeout: 50000 }
chosen nonce: <Buffer 01 d9 68 e6 4b a8 c6 cb>
switching to HANDSHAKE_1_SENT
disconnected from auth
Handler: secure connection with the server closed.
received session key handshake2!
client ret: [object Object]
server authenticated/authorized by solving nonce!
Handler: communication initialization succeeded
file data length: 1024
sending at Wed Mar 21 2018 03:47:59 GMT+0000 (UTC)
switching to IN_COMM
received secure communication message!
Received seqNum: 0
Handler: data received from server via secure communication
data1
Resp-actual/expected/ratio/ts: 13 26 0.5 1521604079407
Distribution protocol: TCP
Resp-actual/expected/ratio/ts: 13 27 0.48148148148148145 1521604131270
connected to auth! from local port 40906
received auth hello!
{ authId: 502, nonce: <Buffer cd 5f 64 65 83 f1 e6 c8> }
received session key response encrypted with distribution key
replyNonce in sessionKeyResp: <Buffer a7 37 5a be 77 29 18 37>
auth nonce verified
handleSessionKeyResp: session key request succeeded! authFailureCount: 0
received 1 keys
currentSessionKey: [object Object]
Status: Secure connection closed before starting a new connection.
Session protocol: TCP
chosen commSessionKey: 
{ id: 50201637,
  cipherKeyVal: <Buffer ae 03 c4 32 1a 93 c0 b4 71 f9 f5 05 c0 de 28 f9>,
  macKeyVal: <Buffer 4c 4d a1 fe ac 26 8f eb 9e f5 26 02 c6 14 17 ed b0 5c 49 2b 42 e6 52 fe 02 e4 17 02 35 0e 03 a3>,
  absValidity: 2018-03-22T03:48:55.035Z,
  relValidity: 7200000 }
options
{ serverHost: '10.0.1.28',
  serverPort: 22100,
  sessionKey: 
   { id: 50201637,
     cipherKeyVal: <Buffer ae 03 c4 32 1a 93 c0 b4 71 f9 f5 05 c0 de 28 f9>,
     macKeyVal: <Buffer 4c 4d a1 fe ac 26 8f eb 9e f5 26 02 c6 14 17 ed b0 5c 49 2b 42 e6 52 fe 02 e4 17 02 35 0e 03 a3>,
     absValidity: 2018-03-22T03:48:55.035Z,
     relValidity: 7200000 },
  sessionCryptoSpec: { cipher: 'AES-128-CBC', mac: 'SHA256' },
  sessionProtocol: 'TCP',
  handshakeTimeout: 50000 }
chosen nonce: <Buffer 7b 4c b6 23 69 3e 28 16>
switching to HANDSHAKE_1_SENT
disconnected from auth
Handler: secure connection with the server closed.
received session key handshake2!
client ret: [object Object]
server authenticated/authorized by solving nonce!
Handler: communication initialization succeeded
file data length: 1024
sending at Wed Mar 21 2018 03:48:59 GMT+0000 (UTC)
switching to IN_COMM
received secure communication message!
Received seqNum: 0
Handler: data received from server via secure communication
data1
Resp-actual/expected/ratio/ts: 14 27 0.5185185185185185 1521604139725
Distribution protocol: TCP
Resp-actual/expected/ratio/ts: 14 28 0.5 1521604191322
connected to auth! from local port 41048
received auth hello!
{ authId: 502, nonce: <Buffer 4c da 06 d8 00 3a b7 1a> }
received session key response encrypted with distribution key
replyNonce in sessionKeyResp: <Buffer de b2 f1 6b fb 01 ab 43>
auth nonce verified
handleSessionKeyResp: session key request succeeded! authFailureCount: 0
received 1 keys
currentSessionKey: [object Object]
Status: Secure connection closed before starting a new connection.
Session protocol: TCP
chosen commSessionKey: 
{ id: 50201650,
  cipherKeyVal: <Buffer ad 9f 50 f7 43 58 da 26 55 c6 b5 12 55 19 ba 33>,
  macKeyVal: <Buffer 7d 97 c9 da 44 a6 15 a4 b4 9e 98 bb 2b e7 e1 5f bd 69 96 f4 c4 8d eb a8 8c 4c 96 ef 1e 8a 86 9c>,
  absValidity: 2018-03-22T03:49:55.031Z,
  relValidity: 7200000 }
options
{ serverHost: '10.0.1.28',
  serverPort: 22100,
  sessionKey: 
   { id: 50201650,
     cipherKeyVal: <Buffer ad 9f 50 f7 43 58 da 26 55 c6 b5 12 55 19 ba 33>,
     macKeyVal: <Buffer 7d 97 c9 da 44 a6 15 a4 b4 9e 98 bb 2b e7 e1 5f bd 69 96 f4 c4 8d eb a8 8c 4c 96 ef 1e 8a 86 9c>,
     absValidity: 2018-03-22T03:49:55.031Z,
     relValidity: 7200000 },
  sessionCryptoSpec: { cipher: 'AES-128-CBC', mac: 'SHA256' },
  sessionProtocol: 'TCP',
  handshakeTimeout: 50000 }
chosen nonce: <Buffer 28 6c 6b 07 1d d8 88 a8>
switching to HANDSHAKE_1_SENT
disconnected from auth
Handler: secure connection with the server closed.
Handler: Error in secure comm - details: Comm init failed: handshake1 timed out ...
Handler: Error in secure comm - details: Comm init failed: disconnected from server during communication initialization.10.0.1.28:undefined
Distribution protocol: TCP
Resp-actual/expected/ratio/ts: 14 29 0.4827586206896552 1521604251328
connected to auth! from local port 41180
received auth hello!
{ authId: 502, nonce: <Buffer 7d c0 3e 77 3d 78 7f 84> }
received session key response encrypted with distribution key
replyNonce in sessionKeyResp: <Buffer 14 a0 e3 ea da 7c c5 ef>
auth nonce verified
handleSessionKeyResp: session key request succeeded! authFailureCount: 0
received 1 keys
currentSessionKey: [object Object]
Status: Secure connection closed before starting a new connection.
Session protocol: TCP
chosen commSessionKey: 
{ id: 50201663,
  cipherKeyVal: <Buffer 9e d1 54 dc ce 90 17 c2 5d 91 c5 60 07 d3 11 d2>,
  macKeyVal: <Buffer 2b 71 cd cc e1 56 69 64 77 6c 97 f9 c2 05 4d a4 80 d1 0f 34 61 53 08 0d fd 80 bc a5 3d 9a 6c ef>,
  absValidity: 2018-03-22T03:50:55.036Z,
  relValidity: 7200000 }
options
{ serverHost: '10.0.1.28',
  serverPort: 22100,
  sessionKey: 
   { id: 50201663,
     cipherKeyVal: <Buffer 9e d1 54 dc ce 90 17 c2 5d 91 c5 60 07 d3 11 d2>,
     macKeyVal: <Buffer 2b 71 cd cc e1 56 69 64 77 6c 97 f9 c2 05 4d a4 80 d1 0f 34 61 53 08 0d fd 80 bc a5 3d 9a 6c ef>,
     absValidity: 2018-03-22T03:50:55.036Z,
     relValidity: 7200000 },
  sessionCryptoSpec: { cipher: 'AES-128-CBC', mac: 'SHA256' },
  sessionProtocol: 'TCP',
  handshakeTimeout: 50000 }
chosen nonce: <Buffer d2 2b cc b2 03 27 ae a4>
switching to HANDSHAKE_1_SENT
disconnected from auth
received session key handshake2!
client ret: [object Object]
server authenticated/authorized by solving nonce!
Handler: communication initialization succeeded
file data length: 1024
sending at Wed Mar 21 2018 03:50:59 GMT+0000 (UTC)
switching to IN_COMM
received secure communication message!
Received seqNum: 0
Handler: data received from server via secure communication
data1
Resp-actual/expected/ratio/ts: 15 29 0.5172413793103449 1521604259330
