changing working directory to: /home/hokeunkim/Development/iotauth/entity/node/example_entities
loading from config file: /home/hokeunkim/Development/iotauth_experiments/experiments/ccs2017/expOptions/expEntity.option
Experimental options for autoClient: { autoSendPeriod: 60000,
  useSameSessionKeyCount: 1,
  connectionTimeout: 50000,
  migrationEnabled: false,
  authFailureThreshold: 2,
  migrationFailureThreshold: 2 }
loading from config file: /home/hokeunkim/Development/iotauth/entity/node/example_entities/configs/Clients/c504.config
initializing...
current parameters: { numKeysPerRequest: 3,
  migrationEnabled: false,
  authFailureThreshold: 3,
  migrationFailureThreshold: 3 }
current parameters: { numKeysPerRequest: 1,
  migrationEnabled: false,
  authFailureThreshold: 3,
  migrationFailureThreshold: 3 }
current parameters: { numKeysPerRequest: 1,
  migrationEnabled: false,
  authFailureThreshold: 3,
  migrationFailureThreshold: 3 }
current parameters: { numKeysPerRequest: 1,
  migrationEnabled: false,
  authFailureThreshold: 2,
  migrationFailureThreshold: 3 }
current parameters: { numKeysPerRequest: 1,
  migrationEnabled: false,
  authFailureThreshold: 2,
  migrationFailureThreshold: 2 }
current entityInfo: { name: 'c504',
  group: 'Clients',
  distProtocol: 'TCP',
  usePermanentDistKey: false,
  connectionTimeout: 50000,
  privateKey: <Buffer 2d 2d 2d 2d 2d 42 45 47 49 4e 20 52 53 41 20 50 52 49 56 41 54 45 20 4b 45 59 2d 2d 2d 2d 2d 0a 4d 49 49 45 6f 77 49 42 41 41 4b 43 41 51 45 41 78 42 ... > }
Distribution protocol: TCP
Resp-actual/expected/ratio/ts: 0 1 0 1521680116161
connected to auth! from local port 43172
received auth hello!
{ authId: 504, nonce: <Buffer 09 09 fe 72 a8 57 31 09> }
received session key response with distribution key attached!
auth signature verified
replyNonce in sessionKeyResp: <Buffer 6f 15 be cf 12 0c a3 81>
auth nonce verified
updating distribution key: { cipherKeyVal: <Buffer e9 cb f1 e2 d7 7d 04 b1 6f 82 2a b6 62 16 52 a3>,
  macKeyVal: <Buffer 9d bd 02 36 65 71 eb 4d 74 51 ec dc eb 1c bc eb 36 77 2a 6a 28 68 3d b7 2f e7 2b 96 3b cd 66 c8>,
  absValidity: 2018-03-22T01:55:16.331Z }
received 1 keys
currentSessionKey: [object Object]
Session protocol: TCP
chosen commSessionKey: 
{ id: 50400413,
  cipherKeyVal: <Buffer 25 aa 9e 99 32 75 d9 12 54 8a 07 38 1e b3 59 86>,
  macKeyVal: <Buffer 18 e3 1a cb da f7 99 a2 89 79 10 7c 2f fc 18 86 06 6e 8e 7f 99 2c 6c 03 d4 c0 e7 ac 94 f4 dc 81>,
  absValidity: 2018-03-23T00:55:16.330Z,
  relValidity: 7200000 }
options
{ serverHost: '10.0.1.26',
  serverPort: 22100,
  sessionKey: 
   { id: 50400413,
     cipherKeyVal: <Buffer 25 aa 9e 99 32 75 d9 12 54 8a 07 38 1e b3 59 86>,
     macKeyVal: <Buffer 18 e3 1a cb da f7 99 a2 89 79 10 7c 2f fc 18 86 06 6e 8e 7f 99 2c 6c 03 d4 c0 e7 ac 94 f4 dc 81>,
     absValidity: 2018-03-23T00:55:16.330Z,
     relValidity: 7200000 },
  sessionCryptoSpec: { cipher: 'AES-128-CBC', mac: 'SHA256' },
  sessionProtocol: 'TCP',
  handshakeTimeout: 50000 }
disconnected from auth
chosen nonce: <Buffer c9 b5 10 42 88 90 46 16>
switching to HANDSHAKE_1_SENT
received session key handshake2!
client ret: [object Object]
server authenticated/authorized by solving nonce!
Handler: communication initialization succeeded
file data length: 1024
sending at Thu Mar 22 2018 00:55:16 GMT+0000 (UTC)
switching to IN_COMM
received secure communication message!
Received seqNum: 0
Handler: data received from server via secure communication
data1
Resp-actual/expected/ratio/ts: 1 1 1 1521680117216
Distribution protocol: TCP
Resp-actual/expected/ratio/ts: 1 2 0.5 1521680176199
connected to auth! from local port 43418
received auth hello!
{ authId: 504, nonce: <Buffer 96 76 c7 02 3d 1e 57 4d> }
received session key response encrypted with distribution key
replyNonce in sessionKeyResp: <Buffer f5 79 36 b7 33 34 42 d3>
auth nonce verified
received 1 keys
currentSessionKey: [object Object]
Status: Secure connection closed before starting a new connection.
Session protocol: TCP
chosen commSessionKey: 
{ id: 50400415,
  cipherKeyVal: <Buffer 5b 06 b3 ee c1 37 99 02 39 3b de ef d4 2d 48 f8>,
  macKeyVal: <Buffer 01 7b 9b d5 ad c9 aa a5 c8 18 61 bd 89 8f 95 bc 52 48 35 33 c5 24 9c b9 64 78 c2 ca 96 83 a8 61>,
  absValidity: 2018-03-23T00:56:16.470Z,
  relValidity: 7200000 }
options
{ serverHost: '10.0.1.26',
  serverPort: 22100,
  sessionKey: 
   { id: 50400415,
     cipherKeyVal: <Buffer 5b 06 b3 ee c1 37 99 02 39 3b de ef d4 2d 48 f8>,
     macKeyVal: <Buffer 01 7b 9b d5 ad c9 aa a5 c8 18 61 bd 89 8f 95 bc 52 48 35 33 c5 24 9c b9 64 78 c2 ca 96 83 a8 61>,
     absValidity: 2018-03-23T00:56:16.470Z,
     relValidity: 7200000 },
  sessionCryptoSpec: { cipher: 'AES-128-CBC', mac: 'SHA256' },
  sessionProtocol: 'TCP',
  handshakeTimeout: 50000 }
chosen nonce: <Buffer 01 cb a1 87 09 21 37 54>
switching to HANDSHAKE_1_SENT
disconnected from auth
Handler: secure connection with the server closed.
received session key handshake2!
client ret: [object Object]
server authenticated/authorized by solving nonce!
Handler: communication initialization succeeded
file data length: 1024
sending at Thu Mar 22 2018 00:56:17 GMT+0000 (UTC)
switching to IN_COMM
received secure communication message!
Received seqNum: 0
Handler: data received from server via secure communication
data1
Resp-actual/expected/ratio/ts: 2 2 1 1521680177611
Distribution protocol: TCP
Resp-actual/expected/ratio/ts: 2 3 0.6666666666666666 1521680236248
connected to auth! from local port 43688
received auth hello!
{ authId: 504, nonce: <Buffer 30 9c e7 a5 0e f9 99 79> }
received session key response encrypted with distribution key
replyNonce in sessionKeyResp: <Buffer ad ff b7 72 08 5b a5 91>
auth nonce verified
received 1 keys
currentSessionKey: [object Object]
Status: Secure connection closed before starting a new connection.
Session protocol: TCP
chosen commSessionKey: 
{ id: 50400421,
  cipherKeyVal: <Buffer 3d 73 d3 8c cc cb d0 7b fe 44 97 4f a1 ba c9 06>,
  macKeyVal: <Buffer 6f 95 8f 05 ed 4f f0 89 99 98 be 0a c1 3f 4d 6f 64 8c 9f b2 a4 dd 39 1f 17 eb 75 33 e2 5a fc 8b>,
  absValidity: 2018-03-23T00:57:16.473Z,
  relValidity: 7200000 }
options
{ serverHost: '10.0.1.26',
  serverPort: 22100,
  sessionKey: 
   { id: 50400421,
     cipherKeyVal: <Buffer 3d 73 d3 8c cc cb d0 7b fe 44 97 4f a1 ba c9 06>,
     macKeyVal: <Buffer 6f 95 8f 05 ed 4f f0 89 99 98 be 0a c1 3f 4d 6f 64 8c 9f b2 a4 dd 39 1f 17 eb 75 33 e2 5a fc 8b>,
     absValidity: 2018-03-23T00:57:16.473Z,
     relValidity: 7200000 },
  sessionCryptoSpec: { cipher: 'AES-128-CBC', mac: 'SHA256' },
  sessionProtocol: 'TCP',
  handshakeTimeout: 50000 }
chosen nonce: <Buffer e0 65 f6 33 45 35 61 d4>
switching to HANDSHAKE_1_SENT
disconnected from auth
Handler: secure connection with the server closed.
received session key handshake2!
client ret: [object Object]
server authenticated/authorized by solving nonce!
Handler: communication initialization succeeded
file data length: 1024
sending at Thu Mar 22 2018 00:57:17 GMT+0000 (UTC)
switching to IN_COMM
received secure communication message!
Received seqNum: 0
Handler: data received from server via secure communication
data1
Resp-actual/expected/ratio/ts: 3 3 1 1521680237712
Distribution protocol: TCP
Resp-actual/expected/ratio/ts: 3 4 0.75 1521680296249
connected to auth! from local port 43958
received auth hello!
{ authId: 504, nonce: <Buffer 25 61 a4 64 cb 9a 67 22> }
received session key response encrypted with distribution key
replyNonce in sessionKeyResp: <Buffer a6 51 82 14 b8 59 9c 45>
auth nonce verified
received 1 keys
currentSessionKey: [object Object]
Status: Secure connection closed before starting a new connection.
Session protocol: TCP
chosen commSessionKey: 
{ id: 50400427,
  cipherKeyVal: <Buffer 08 c5 ef 72 bf 8e 19 1c 07 47 c8 48 92 4a 3e e1>,
  macKeyVal: <Buffer 11 15 7b c3 bd e2 2a c6 ec 52 ec 2d f8 0b 95 fe c1 63 31 e7 82 55 06 68 25 51 7c 1d 75 f6 12 a1>,
  absValidity: 2018-03-23T00:58:16.439Z,
  relValidity: 7200000 }
options
{ serverHost: '10.0.1.26',
  serverPort: 22100,
  sessionKey: 
   { id: 50400427,
     cipherKeyVal: <Buffer 08 c5 ef 72 bf 8e 19 1c 07 47 c8 48 92 4a 3e e1>,
     macKeyVal: <Buffer 11 15 7b c3 bd e2 2a c6 ec 52 ec 2d f8 0b 95 fe c1 63 31 e7 82 55 06 68 25 51 7c 1d 75 f6 12 a1>,
     absValidity: 2018-03-23T00:58:16.439Z,
     relValidity: 7200000 },
  sessionCryptoSpec: { cipher: 'AES-128-CBC', mac: 'SHA256' },
  sessionProtocol: 'TCP',
  handshakeTimeout: 50000 }
chosen nonce: <Buffer da c1 f8 10 09 59 c5 2f>
switching to HANDSHAKE_1_SENT
disconnected from auth
Handler: secure connection with the server closed.
received session key handshake2!
client ret: [object Object]
server authenticated/authorized by solving nonce!
Handler: communication initialization succeeded
file data length: 1024
sending at Thu Mar 22 2018 00:58:17 GMT+0000 (UTC)
switching to IN_COMM
received secure communication message!
Received seqNum: 0
Handler: data received from server via secure communication
data1
Resp-actual/expected/ratio/ts: 4 4 1 1521680297562
Distribution protocol: TCP
Resp-actual/expected/ratio/ts: 4 5 0.8 1521680356299
connected to auth! from local port 44228
received auth hello!
{ authId: 504, nonce: <Buffer 72 9b 26 84 df 79 94 ce> }
received session key response encrypted with distribution key
replyNonce in sessionKeyResp: <Buffer bb 34 4a 35 69 35 43 9b>
auth nonce verified
received 1 keys
currentSessionKey: [object Object]
Status: Secure connection closed before starting a new connection.
Session protocol: TCP
chosen commSessionKey: 
{ id: 50400433,
  cipherKeyVal: <Buffer c4 38 71 c1 4d 62 0f b7 36 e7 09 a3 81 f9 23 51>,
  macKeyVal: <Buffer f4 66 28 13 2e fa 2e bf e8 bb 39 e5 f2 22 42 53 3c 1d d6 6d 2b 67 2a 3c fa 45 02 da 02 22 7e d0>,
  absValidity: 2018-03-23T00:59:16.499Z,
  relValidity: 7200000 }
options
{ serverHost: '10.0.1.26',
  serverPort: 22100,
  sessionKey: 
   { id: 50400433,
     cipherKeyVal: <Buffer c4 38 71 c1 4d 62 0f b7 36 e7 09 a3 81 f9 23 51>,
     macKeyVal: <Buffer f4 66 28 13 2e fa 2e bf e8 bb 39 e5 f2 22 42 53 3c 1d d6 6d 2b 67 2a 3c fa 45 02 da 02 22 7e d0>,
     absValidity: 2018-03-23T00:59:16.499Z,
     relValidity: 7200000 },
  sessionCryptoSpec: { cipher: 'AES-128-CBC', mac: 'SHA256' },
  sessionProtocol: 'TCP',
  handshakeTimeout: 50000 }
chosen nonce: <Buffer 14 81 b2 c7 a9 57 19 0b>
switching to HANDSHAKE_1_SENT
disconnected from auth
Handler: secure connection with the server closed.
received session key handshake2!
client ret: [object Object]
server authenticated/authorized by solving nonce!
Handler: communication initialization succeeded
file data length: 1024
sending at Thu Mar 22 2018 00:59:17 GMT+0000 (UTC)
switching to IN_COMM
received secure communication message!
Received seqNum: 0
Handler: data received from server via secure communication
data1
Resp-actual/expected/ratio/ts: 5 5 1 1521680357664
Distribution protocol: TCP
Resp-actual/expected/ratio/ts: 5 6 0.8333333333333334 1521680416357
connected to auth! from local port 44500
received auth hello!
{ authId: 504, nonce: <Buffer 4f 2a b0 9d 6b ec 08 04> }
received session key response encrypted with distribution key
replyNonce in sessionKeyResp: <Buffer 31 bf 53 13 07 4b 23 fc>
auth nonce verified
received 1 keys
currentSessionKey: [object Object]
Status: Secure connection closed before starting a new connection.
Session protocol: TCP
chosen commSessionKey: 
{ id: 50400439,
  cipherKeyVal: <Buffer fc fa c4 2a dd 10 a2 81 6e 6b a3 6f 63 09 66 41>,
  macKeyVal: <Buffer 97 50 cb 0e ed 4f 02 6f 08 8b 78 87 41 d7 71 50 a0 05 fc f2 e2 cc 95 bc d8 a1 35 2a d1 c7 30 31>,
  absValidity: 2018-03-23T01:00:16.555Z,
  relValidity: 7200000 }
options
{ serverHost: '10.0.1.26',
  serverPort: 22100,
  sessionKey: 
   { id: 50400439,
     cipherKeyVal: <Buffer fc fa c4 2a dd 10 a2 81 6e 6b a3 6f 63 09 66 41>,
     macKeyVal: <Buffer 97 50 cb 0e ed 4f 02 6f 08 8b 78 87 41 d7 71 50 a0 05 fc f2 e2 cc 95 bc d8 a1 35 2a d1 c7 30 31>,
     absValidity: 2018-03-23T01:00:16.555Z,
     relValidity: 7200000 },
  sessionCryptoSpec: { cipher: 'AES-128-CBC', mac: 'SHA256' },
  sessionProtocol: 'TCP',
  handshakeTimeout: 50000 }
chosen nonce: <Buffer dd 63 ec 86 88 fd 89 c9>
switching to HANDSHAKE_1_SENT
disconnected from auth
Handler: secure connection with the server closed.
received session key handshake2!
client ret: [object Object]
server authenticated/authorized by solving nonce!
Handler: communication initialization succeeded
file data length: 1024
sending at Thu Mar 22 2018 01:00:17 GMT+0000 (UTC)
switching to IN_COMM
received secure communication message!
Received seqNum: 0
Handler: data received from server via secure communication
data1
Resp-actual/expected/ratio/ts: 6 6 1 1521680417577
Distribution protocol: TCP
Resp-actual/expected/ratio/ts: 6 7 0.8571428571428571 1521680476413
connected to auth! from local port 44768
received auth hello!
{ authId: 504, nonce: <Buffer 8f 78 e2 44 67 4b 4c 60> }
received session key response encrypted with distribution key
replyNonce in sessionKeyResp: <Buffer e3 81 18 39 8b b6 73 4b>
auth nonce verified
received 1 keys
currentSessionKey: [object Object]
Status: Secure connection closed before starting a new connection.
Session protocol: TCP
chosen commSessionKey: 
{ id: 50400445,
  cipherKeyVal: <Buffer b3 db 28 78 54 c2 8e 1f 69 9a fc 7c d3 1b 6a c3>,
  macKeyVal: <Buffer d8 7e d0 db e1 eb 25 42 b6 ea e8 3a 28 75 54 0e b4 a0 fa ba 8d eb de 96 fc c3 25 b1 57 a0 b8 9f>,
  absValidity: 2018-03-23T01:01:16.648Z,
  relValidity: 7200000 }
options
{ serverHost: '10.0.1.26',
  serverPort: 22100,
  sessionKey: 
   { id: 50400445,
     cipherKeyVal: <Buffer b3 db 28 78 54 c2 8e 1f 69 9a fc 7c d3 1b 6a c3>,
     macKeyVal: <Buffer d8 7e d0 db e1 eb 25 42 b6 ea e8 3a 28 75 54 0e b4 a0 fa ba 8d eb de 96 fc c3 25 b1 57 a0 b8 9f>,
     absValidity: 2018-03-23T01:01:16.648Z,
     relValidity: 7200000 },
  sessionCryptoSpec: { cipher: 'AES-128-CBC', mac: 'SHA256' },
  sessionProtocol: 'TCP',
  handshakeTimeout: 50000 }
disconnected from auth
chosen nonce: <Buffer 8a 91 f4 9a da c0 9c 27>
switching to HANDSHAKE_1_SENT
Handler: secure connection with the server closed.
received session key handshake2!
client ret: [object Object]
server authenticated/authorized by solving nonce!
Handler: communication initialization succeeded
file data length: 1024
sending at Thu Mar 22 2018 01:01:17 GMT+0000 (UTC)
switching to IN_COMM
received secure communication message!
Received seqNum: 0
Handler: data received from server via secure communication
data1
Resp-actual/expected/ratio/ts: 7 7 1 1521680477675
Distribution protocol: TCP
Resp-actual/expected/ratio/ts: 7 8 0.875 1521680536472
Handler: Error in secure comm - details: Error occurred in session key request: Error: connect EHOSTUNREACH 10.0.1.7:21100
Handler: Error in secure comm - details: Auth hello timedout ...
Distribution protocol: TCP
Resp-actual/expected/ratio/ts: 7 9 0.7777777777777778 1521680596475
Handler: Error in secure comm - details: Error occurred in session key request: Error: connect EHOSTUNREACH 10.0.1.7:21100
Handler: Error in secure comm - details: Auth hello timedout ...
Distribution protocol: TCP
Resp-actual/expected/ratio/ts: 7 10 0.7 1521680656486
Handler: Error in secure comm - details: Error occurred in session key request: Error: connect EHOSTUNREACH 10.0.1.7:21100
Handler: Error in secure comm - details: Auth hello timedout ...
Distribution protocol: TCP
Resp-actual/expected/ratio/ts: 7 11 0.6363636363636364 1521680716496
Handler: Error in secure comm - details: Error occurred in session key request: Error: connect EHOSTUNREACH 10.0.1.7:21100
Handler: Error in secure comm - details: Auth hello timedout ...
Distribution protocol: TCP
Resp-actual/expected/ratio/ts: 7 12 0.5833333333333334 1521680776497
Handler: Error in secure comm - details: Error occurred in session key request: Error: connect EHOSTUNREACH 10.0.1.7:21100
Handler: Error in secure comm - details: Auth hello timedout ...
Distribution protocol: TCP
Resp-actual/expected/ratio/ts: 7 13 0.5384615384615384 1521680836508
Handler: Error in secure comm - details: Error occurred in session key request: Error: connect EHOSTUNREACH 10.0.1.7:21100
Handler: Error in secure comm - details: Auth hello timedout ...
Distribution protocol: TCP
Resp-actual/expected/ratio/ts: 7 14 0.5 1521680896520
Handler: Error in secure comm - details: Error occurred in session key request: Error: connect EHOSTUNREACH 10.0.1.7:21100
Handler: Error in secure comm - details: Auth hello timedout ...
Distribution protocol: TCP
Resp-actual/expected/ratio/ts: 7 15 0.4666666666666667 1521680956529
Handler: Error in secure comm - details: Error occurred in session key request: Error: connect EHOSTUNREACH 10.0.1.7:21100
Handler: Error in secure comm - details: Auth hello timedout ...
Distribution protocol: TCP
Resp-actual/expected/ratio/ts: 7 16 0.4375 1521681016540
Handler: Error in secure comm - details: Error occurred in session key request: Error: connect EHOSTUNREACH 10.0.1.7:21100
Handler: Error in secure comm - details: Auth hello timedout ...
Distribution protocol: TCP
Resp-actual/expected/ratio/ts: 7 17 0.4117647058823529 1521681076550
Handler: Error in secure comm - details: Error occurred in session key request: Error: connect EHOSTUNREACH 10.0.1.7:21100
Handler: Error in secure comm - details: Auth hello timedout ...
Distribution protocol: TCP
Resp-actual/expected/ratio/ts: 7 18 0.3888888888888889 1521681136560
Handler: Error in secure comm - details: Error occurred in session key request: Error: connect EHOSTUNREACH 10.0.1.7:21100
Handler: Error in secure comm - details: Auth hello timedout ...
Distribution protocol: TCP
Resp-actual/expected/ratio/ts: 7 19 0.3684210526315789 1521681196570
Handler: Error in secure comm - details: Error occurred in session key request: Error: connect EHOSTUNREACH 10.0.1.7:21100
Handler: Error in secure comm - details: Auth hello timedout ...
Distribution protocol: TCP
Resp-actual/expected/ratio/ts: 7 20 0.35 1521681256580
Handler: Error in secure comm - details: Error occurred in session key request: Error: connect EHOSTUNREACH 10.0.1.7:21100
Handler: Error in secure comm - details: Auth hello timedout ...
Distribution protocol: TCP
Resp-actual/expected/ratio/ts: 7 21 0.3333333333333333 1521681316591
Handler: Error in secure comm - details: Error occurred in session key request: Error: connect EHOSTUNREACH 10.0.1.7:21100
Handler: Error in secure comm - details: Auth hello timedout ...
Distribution protocol: TCP
Resp-actual/expected/ratio/ts: 7 22 0.3181818181818182 1521681376597
Handler: Error in secure comm - details: Error occurred in session key request: Error: connect EHOSTUNREACH 10.0.1.7:21100
Handler: Error in secure comm - details: Auth hello timedout ...
Distribution protocol: TCP
Resp-actual/expected/ratio/ts: 7 23 0.30434782608695654 1521681436601
Handler: Error in secure comm - details: Error occurred in session key request: Error: connect EHOSTUNREACH 10.0.1.7:21100
Handler: Error in secure comm - details: Auth hello timedout ...
Distribution protocol: TCP
Resp-actual/expected/ratio/ts: 7 24 0.2916666666666667 1521681496612
Handler: Error in secure comm - details: Error occurred in session key request: Error: connect EHOSTUNREACH 10.0.1.7:21100
Handler: Error in secure comm - details: Auth hello timedout ...
Distribution protocol: TCP
Resp-actual/expected/ratio/ts: 7 25 0.28 1521681556621
Handler: Error in secure comm - details: Error occurred in session key request: Error: connect EHOSTUNREACH 10.0.1.7:21100
Handler: Error in secure comm - details: Auth hello timedout ...
Distribution protocol: TCP
Resp-actual/expected/ratio/ts: 7 26 0.2692307692307692 1521681616632
Handler: Error in secure comm - details: Error occurred in session key request: Error: connect EHOSTUNREACH 10.0.1.7:21100
Handler: Error in secure comm - details: Auth hello timedout ...
Distribution protocol: TCP
Resp-actual/expected/ratio/ts: 7 27 0.25925925925925924 1521681676642
Handler: Error in secure comm - details: Error occurred in session key request: Error: connect EHOSTUNREACH 10.0.1.7:21100
Handler: Error in secure comm - details: Auth hello timedout ...
Distribution protocol: TCP
Resp-actual/expected/ratio/ts: 7 28 0.25 1521681736652
Handler: Error in secure comm - details: Error occurred in session key request: Error: connect EHOSTUNREACH 10.0.1.7:21100
Handler: Error in secure comm - details: Auth hello timedout ...
Distribution protocol: TCP
Resp-actual/expected/ratio/ts: 7 29 0.2413793103448276 1521681796662
Handler: Error in secure comm - details: Error occurred in session key request: Error: connect EHOSTUNREACH 10.0.1.7:21100
