changing working directory to: /home/hokeunkim/Development/iotauth/entity/node/example_entities
loading from config file: /home/hokeunkim/Development/iotauth_experiments/experiments/ccs2017/expOptions/expEntity.option
Experimental options for autoClient: { autoSendPeriod: 60000,
  useSameSessionKeyCount: 1,
  connectionTimeout: 50000,
  migrationEnabled: false,
  authFailureThreshold: 2,
  migrationFailureThreshold: 2 }
loading from config file: /home/hokeunkim/Development/iotauth/entity/node/example_entities/configs/Clients/c516.config
initializing...
current parameters: { numKeysPerRequest: 3,
  migrationEnabled: false,
  authFailureThreshold: 3,
  migrationFailureThreshold: 3 }
current parameters: { numKeysPerRequest: 1,
  migrationEnabled: false,
  authFailureThreshold: 3,
  migrationFailureThreshold: 3 }
current parameters: { numKeysPerRequest: 1,
  migrationEnabled: false,
  authFailureThreshold: 3,
  migrationFailureThreshold: 3 }
current parameters: { numKeysPerRequest: 1,
  migrationEnabled: false,
  authFailureThreshold: 2,
  migrationFailureThreshold: 3 }
current parameters: { numKeysPerRequest: 1,
  migrationEnabled: false,
  authFailureThreshold: 2,
  migrationFailureThreshold: 2 }
current entityInfo: { name: 'c516',
  group: 'Clients',
  distProtocol: 'TCP',
  usePermanentDistKey: false,
  connectionTimeout: 50000,
  privateKey: <Buffer 2d 2d 2d 2d 2d 42 45 47 49 4e 20 52 53 41 20 50 52 49 56 41 54 45 20 4b 45 59 2d 2d 2d 2d 2d 0a 4d 49 49 45 70 51 49 42 41 41 4b 43 41 51 45 41 32 56 ... > }
Distribution protocol: TCP
Resp-actual/expected/ratio/ts: 0 1 0 1521648415952
connected to auth! from local port 51480
received auth hello!
{ authId: 502, nonce: <Buffer 57 c1 ff 2a 1d 89 2d cb> }
received session key response with distribution key attached!
auth signature verified
replyNonce in sessionKeyResp: <Buffer 8d c3 87 66 8e 86 96 52>
auth nonce verified
updating distribution key: { cipherKeyVal: <Buffer 8e 26 d0 39 1e 09 8e 2e 7d e9 bf 68 57 5c 71 dd>,
  macKeyVal: <Buffer de 87 75 a7 de bb f9 63 f0 23 4b 56 c5 e9 11 22 1f 68 74 8b 1e 4c 3c 9a f9 28 8f 00 02 49 b6 e5>,
  absValidity: 2018-03-21T17:06:56.569Z }
received 1 keys
currentSessionKey: [object Object]
Session protocol: TCP
chosen commSessionKey: 
{ id: 50201848,
  cipherKeyVal: <Buffer 18 9a 2c 13 8a 87 cc 0c a7 0a 56 4f 50 80 b6 29>,
  macKeyVal: <Buffer 76 02 18 ec 1a 60 03 4c 64 f2 10 08 c6 aa 4b d0 87 78 d1 09 86 cb b1 1d d9 5e 81 0c c3 b4 52 ad>,
  absValidity: 2018-03-22T16:06:56.568Z,
  relValidity: 7200000 }
options
{ serverHost: '10.0.1.35',
  serverPort: 22100,
  sessionKey: 
   { id: 50201848,
     cipherKeyVal: <Buffer 18 9a 2c 13 8a 87 cc 0c a7 0a 56 4f 50 80 b6 29>,
     macKeyVal: <Buffer 76 02 18 ec 1a 60 03 4c 64 f2 10 08 c6 aa 4b d0 87 78 d1 09 86 cb b1 1d d9 5e 81 0c c3 b4 52 ad>,
     absValidity: 2018-03-22T16:06:56.568Z,
     relValidity: 7200000 },
  sessionCryptoSpec: { cipher: 'AES-128-CBC', mac: 'SHA256' },
  sessionProtocol: 'TCP',
  handshakeTimeout: 50000 }
chosen nonce: <Buffer 59 6e 59 69 13 88 26 1a>
switching to HANDSHAKE_1_SENT
disconnected from auth
received session key handshake2!
client ret: [object Object]
server authenticated/authorized by solving nonce!
Handler: communication initialization succeeded
file data length: 1024
sending at Wed Mar 21 2018 16:06:58 GMT+0000 (UTC)
switching to IN_COMM
received secure communication message!
Received seqNum: 0
Handler: data received from server via secure communication
data1
Resp-actual/expected/ratio/ts: 1 1 1 1521648419005
Distribution protocol: TCP
Resp-actual/expected/ratio/ts: 1 2 0.5 1521648476010
connected to auth! from local port 51752
received auth hello!
{ authId: 502, nonce: <Buffer 14 5c 3b f8 4a 5b 4e 09> }
received session key response encrypted with distribution key
replyNonce in sessionKeyResp: <Buffer d2 86 2f eb 53 06 9d fa>
auth nonce verified
received 1 keys
currentSessionKey: [object Object]
Status: Secure connection closed before starting a new connection.
Session protocol: TCP
chosen commSessionKey: 
{ id: 50201855,
  cipherKeyVal: <Buffer 0f 21 6f f8 9a 14 25 56 52 f5 5a c8 15 18 63 f5>,
  macKeyVal: <Buffer 9b e7 42 67 31 09 3e 86 89 eb 4d ba 7a 02 f6 1e 2a ac f3 00 38 cb 5d 35 97 6f d8 e2 97 b7 7e 74>,
  absValidity: 2018-03-22T16:07:56.569Z,
  relValidity: 7200000 }
options
{ serverHost: '10.0.1.35',
  serverPort: 22100,
  sessionKey: 
   { id: 50201855,
     cipherKeyVal: <Buffer 0f 21 6f f8 9a 14 25 56 52 f5 5a c8 15 18 63 f5>,
     macKeyVal: <Buffer 9b e7 42 67 31 09 3e 86 89 eb 4d ba 7a 02 f6 1e 2a ac f3 00 38 cb 5d 35 97 6f d8 e2 97 b7 7e 74>,
     absValidity: 2018-03-22T16:07:56.569Z,
     relValidity: 7200000 },
  sessionCryptoSpec: { cipher: 'AES-128-CBC', mac: 'SHA256' },
  sessionProtocol: 'TCP',
  handshakeTimeout: 50000 }
chosen nonce: <Buffer c5 20 a0 a6 a9 59 69 3d>
switching to HANDSHAKE_1_SENT
disconnected from auth
Handler: secure connection with the server closed.
received session key handshake2!
client ret: [object Object]
server authenticated/authorized by solving nonce!
Handler: communication initialization succeeded
file data length: 1024
sending at Wed Mar 21 2018 16:07:58 GMT+0000 (UTC)
switching to IN_COMM
received secure communication message!
Received seqNum: 0
Handler: data received from server via secure communication
data1
Resp-actual/expected/ratio/ts: 2 2 1 1521648478956
Distribution protocol: TCP
Resp-actual/expected/ratio/ts: 2 3 0.6666666666666666 1521648536065
connected to auth! from local port 52022
received auth hello!
{ authId: 502, nonce: <Buffer f7 7f df 6b f3 98 b7 e3> }
received session key response encrypted with distribution key
replyNonce in sessionKeyResp: <Buffer 79 f0 cd 17 a3 29 53 0e>
auth nonce verified
received 1 keys
currentSessionKey: [object Object]
Status: Secure connection closed before starting a new connection.
Session protocol: TCP
chosen commSessionKey: 
{ id: 50201862,
  cipherKeyVal: <Buffer 44 5f 9f e0 27 2a 70 23 7d 62 cc a4 14 a6 6e 50>,
  macKeyVal: <Buffer 62 5f a6 da f9 7b 84 35 4a 6f da 2d 85 25 ac 78 9b 64 6d 28 c5 0e e6 e0 1b 0b 3f 20 6c a0 6f 6c>,
  absValidity: 2018-03-22T16:08:56.628Z,
  relValidity: 7200000 }
options
{ serverHost: '10.0.1.35',
  serverPort: 22100,
  sessionKey: 
   { id: 50201862,
     cipherKeyVal: <Buffer 44 5f 9f e0 27 2a 70 23 7d 62 cc a4 14 a6 6e 50>,
     macKeyVal: <Buffer 62 5f a6 da f9 7b 84 35 4a 6f da 2d 85 25 ac 78 9b 64 6d 28 c5 0e e6 e0 1b 0b 3f 20 6c a0 6f 6c>,
     absValidity: 2018-03-22T16:08:56.628Z,
     relValidity: 7200000 },
  sessionCryptoSpec: { cipher: 'AES-128-CBC', mac: 'SHA256' },
  sessionProtocol: 'TCP',
  handshakeTimeout: 50000 }
chosen nonce: <Buffer da f1 e9 27 81 7c 3d f8>
switching to HANDSHAKE_1_SENT
disconnected from auth
Handler: secure connection with the server closed.
received session key handshake2!
client ret: [object Object]
server authenticated/authorized by solving nonce!
Handler: communication initialization succeeded
file data length: 1024
sending at Wed Mar 21 2018 16:08:58 GMT+0000 (UTC)
switching to IN_COMM
received secure communication message!
Received seqNum: 0
Handler: data received from server via secure communication
data1
Resp-actual/expected/ratio/ts: 3 3 1 1521648539051
Distribution protocol: TCP
Resp-actual/expected/ratio/ts: 3 4 0.75 1521648596085
connected to auth! from local port 52292
received auth hello!
{ authId: 502, nonce: <Buffer 3b 4a cd 54 50 3d 79 12> }
received session key response encrypted with distribution key
replyNonce in sessionKeyResp: <Buffer 7f 5b e1 c9 75 2b 61 03>
auth nonce verified
received 1 keys
currentSessionKey: [object Object]
Status: Secure connection closed before starting a new connection.
Session protocol: TCP
chosen commSessionKey: 
{ id: 50201869,
  cipherKeyVal: <Buffer 53 2f cc c2 34 cb 41 8b 30 8f 7b f9 d9 74 4f b0>,
  macKeyVal: <Buffer a8 9a e6 46 23 33 b5 e1 f3 fb ae a5 95 d3 80 d1 bf ef f0 1a 7f 04 46 10 16 50 f0 59 bf b5 cd fe>,
  absValidity: 2018-03-22T16:09:56.692Z,
  relValidity: 7200000 }
options
{ serverHost: '10.0.1.35',
  serverPort: 22100,
  sessionKey: 
   { id: 50201869,
     cipherKeyVal: <Buffer 53 2f cc c2 34 cb 41 8b 30 8f 7b f9 d9 74 4f b0>,
     macKeyVal: <Buffer a8 9a e6 46 23 33 b5 e1 f3 fb ae a5 95 d3 80 d1 bf ef f0 1a 7f 04 46 10 16 50 f0 59 bf b5 cd fe>,
     absValidity: 2018-03-22T16:09:56.692Z,
     relValidity: 7200000 },
  sessionCryptoSpec: { cipher: 'AES-128-CBC', mac: 'SHA256' },
  sessionProtocol: 'TCP',
  handshakeTimeout: 50000 }
chosen nonce: <Buffer a9 15 3f 98 88 c4 41 42>
switching to HANDSHAKE_1_SENT
disconnected from auth
Handler: secure connection with the server closed.
received session key handshake2!
client ret: [object Object]
server authenticated/authorized by solving nonce!
Handler: communication initialization succeeded
file data length: 1024
sending at Wed Mar 21 2018 16:09:58 GMT+0000 (UTC)
switching to IN_COMM
received secure communication message!
Received seqNum: 0
Handler: data received from server via secure communication
data1
Resp-actual/expected/ratio/ts: 4 4 1 1521648599095
Distribution protocol: TCP
Resp-actual/expected/ratio/ts: 4 5 0.8 1521648656142
connected to auth! from local port 52562
received auth hello!
{ authId: 502, nonce: <Buffer 1f f6 1b ba a3 40 14 16> }
received session key response encrypted with distribution key
replyNonce in sessionKeyResp: <Buffer b8 fa dc 63 e2 0b 15 95>
auth nonce verified
received 1 keys
currentSessionKey: [object Object]
Status: Secure connection closed before starting a new connection.
Session protocol: TCP
chosen commSessionKey: 
{ id: 50201876,
  cipherKeyVal: <Buffer 06 1a da c5 ec 90 c4 52 1c fd c7 f7 ab 9c 1c 2e>,
  macKeyVal: <Buffer 17 7d e5 24 a9 33 af 59 68 e0 b7 13 3e 1f 20 27 d1 7e 54 36 fa 7a 17 66 4b 8a 87 0a 01 7a ba ff>,
  absValidity: 2018-03-22T16:10:56.672Z,
  relValidity: 7200000 }
options
{ serverHost: '10.0.1.35',
  serverPort: 22100,
  sessionKey: 
   { id: 50201876,
     cipherKeyVal: <Buffer 06 1a da c5 ec 90 c4 52 1c fd c7 f7 ab 9c 1c 2e>,
     macKeyVal: <Buffer 17 7d e5 24 a9 33 af 59 68 e0 b7 13 3e 1f 20 27 d1 7e 54 36 fa 7a 17 66 4b 8a 87 0a 01 7a ba ff>,
     absValidity: 2018-03-22T16:10:56.672Z,
     relValidity: 7200000 },
  sessionCryptoSpec: { cipher: 'AES-128-CBC', mac: 'SHA256' },
  sessionProtocol: 'TCP',
  handshakeTimeout: 50000 }
chosen nonce: <Buffer d4 51 0d 8c 16 d7 8f 3c>
switching to HANDSHAKE_1_SENT
disconnected from auth
Handler: secure connection with the server closed.
received session key handshake2!
client ret: [object Object]
server authenticated/authorized by solving nonce!
Handler: communication initialization succeeded
file data length: 1024
sending at Wed Mar 21 2018 16:10:58 GMT+0000 (UTC)
switching to IN_COMM
received secure communication message!
Received seqNum: 0
Handler: data received from server via secure communication
data1
Resp-actual/expected/ratio/ts: 5 5 1 1521648659051
Distribution protocol: TCP
Resp-actual/expected/ratio/ts: 5 6 0.8333333333333334 1521648716197
connected to auth! from local port 52832
received auth hello!
{ authId: 502, nonce: <Buffer c0 29 7b 8a 68 6a d2 ed> }
received session key response encrypted with distribution key
replyNonce in sessionKeyResp: <Buffer a2 55 7f ad 8c 43 03 13>
auth nonce verified
received 1 keys
currentSessionKey: [object Object]
Status: Secure connection closed before starting a new connection.
Session protocol: TCP
chosen commSessionKey: 
{ id: 50201883,
  cipherKeyVal: <Buffer b9 45 f7 30 45 74 65 de 46 2d ad ac 2e d1 f3 b9>,
  macKeyVal: <Buffer 49 63 29 f8 6a 13 4f 13 87 f1 b2 86 1d 49 80 1a 36 df f1 c6 5a 68 fe 16 11 e3 2d a5 68 3f ef 2d>,
  absValidity: 2018-03-22T16:11:56.744Z,
  relValidity: 7200000 }
options
{ serverHost: '10.0.1.35',
  serverPort: 22100,
  sessionKey: 
   { id: 50201883,
     cipherKeyVal: <Buffer b9 45 f7 30 45 74 65 de 46 2d ad ac 2e d1 f3 b9>,
     macKeyVal: <Buffer 49 63 29 f8 6a 13 4f 13 87 f1 b2 86 1d 49 80 1a 36 df f1 c6 5a 68 fe 16 11 e3 2d a5 68 3f ef 2d>,
     absValidity: 2018-03-22T16:11:56.744Z,
     relValidity: 7200000 },
  sessionCryptoSpec: { cipher: 'AES-128-CBC', mac: 'SHA256' },
  sessionProtocol: 'TCP',
  handshakeTimeout: 50000 }
chosen nonce: <Buffer 6f 9a 2e 40 b5 ea 51 93>
switching to HANDSHAKE_1_SENT
disconnected from auth
Handler: secure connection with the server closed.
received session key handshake2!
client ret: [object Object]
server authenticated/authorized by solving nonce!
Handler: communication initialization succeeded
file data length: 1024
sending at Wed Mar 21 2018 16:11:58 GMT+0000 (UTC)
switching to IN_COMM
received secure communication message!
Received seqNum: 0
Handler: data received from server via secure communication
data1
Resp-actual/expected/ratio/ts: 6 6 1 1521648719093
Distribution protocol: TCP
Resp-actual/expected/ratio/ts: 6 7 0.8571428571428571 1521648776253
connected to auth! from local port 53102
received auth hello!
{ authId: 502, nonce: <Buffer 46 47 2a a2 1a b4 34 b2> }
received session key response encrypted with distribution key
replyNonce in sessionKeyResp: <Buffer 86 b0 6b bd dd 50 e5 9e>
auth nonce verified
received 1 keys
currentSessionKey: [object Object]
Status: Secure connection closed before starting a new connection.
Session protocol: TCP
chosen commSessionKey: 
{ id: 50201890,
  cipherKeyVal: <Buffer cd 6a 41 50 e2 c5 c4 d3 5e ca 05 d0 d5 96 ab d8>,
  macKeyVal: <Buffer 3a 41 20 fe ff 29 07 52 84 e1 1b fc 46 f1 96 d6 0f 9d 04 b6 ae 77 66 2e c9 15 14 27 48 13 78 48>,
  absValidity: 2018-03-22T16:12:56.788Z,
  relValidity: 7200000 }
options
{ serverHost: '10.0.1.35',
  serverPort: 22100,
  sessionKey: 
   { id: 50201890,
     cipherKeyVal: <Buffer cd 6a 41 50 e2 c5 c4 d3 5e ca 05 d0 d5 96 ab d8>,
     macKeyVal: <Buffer 3a 41 20 fe ff 29 07 52 84 e1 1b fc 46 f1 96 d6 0f 9d 04 b6 ae 77 66 2e c9 15 14 27 48 13 78 48>,
     absValidity: 2018-03-22T16:12:56.788Z,
     relValidity: 7200000 },
  sessionCryptoSpec: { cipher: 'AES-128-CBC', mac: 'SHA256' },
  sessionProtocol: 'TCP',
  handshakeTimeout: 50000 }
chosen nonce: <Buffer 05 dd 76 ea be ff 6c 32>
switching to HANDSHAKE_1_SENT
disconnected from auth
Handler: secure connection with the server closed.
received session key handshake2!
client ret: [object Object]
server authenticated/authorized by solving nonce!
Handler: communication initialization succeeded
file data length: 1024
sending at Wed Mar 21 2018 16:12:58 GMT+0000 (UTC)
switching to IN_COMM
received secure communication message!
Received seqNum: 0
Handler: data received from server via secure communication
data1
Resp-actual/expected/ratio/ts: 7 7 1 1521648779205
Distribution protocol: TCP
Resp-actual/expected/ratio/ts: 7 8 0.875 1521648836305
connected to auth! from local port 53348
received auth hello!
{ authId: 502, nonce: <Buffer 10 9e 32 dc cc aa 35 ba> }
received session key response encrypted with distribution key
replyNonce in sessionKeyResp: <Buffer 44 12 b0 82 cd dd 67 82>
auth nonce verified
received 1 keys
currentSessionKey: [object Object]
Status: Secure connection closed before starting a new connection.
Session protocol: TCP
chosen commSessionKey: 
{ id: 50201897,
  cipherKeyVal: <Buffer af 6b f6 67 05 f3 c3 18 30 b0 b0 4a 0f 98 05 f9>,
  macKeyVal: <Buffer e0 4e a6 b4 f1 17 6c 51 4b 14 eb 9d c0 15 10 fb ef c5 af f3 12 ff c6 3f 8d 71 6a 89 c8 e5 d5 22>,
  absValidity: 2018-03-22T16:13:56.842Z,
  relValidity: 7200000 }
options
{ serverHost: '10.0.1.35',
  serverPort: 22100,
  sessionKey: 
   { id: 50201897,
     cipherKeyVal: <Buffer af 6b f6 67 05 f3 c3 18 30 b0 b0 4a 0f 98 05 f9>,
     macKeyVal: <Buffer e0 4e a6 b4 f1 17 6c 51 4b 14 eb 9d c0 15 10 fb ef c5 af f3 12 ff c6 3f 8d 71 6a 89 c8 e5 d5 22>,
     absValidity: 2018-03-22T16:13:56.842Z,
     relValidity: 7200000 },
  sessionCryptoSpec: { cipher: 'AES-128-CBC', mac: 'SHA256' },
  sessionProtocol: 'TCP',
  handshakeTimeout: 50000 }
chosen nonce: <Buffer 15 26 34 12 be fa 25 46>
switching to HANDSHAKE_1_SENT
disconnected from auth
Handler: secure connection with the server closed.
received session key handshake2!
client ret: [object Object]
server authenticated/authorized by solving nonce!
Handler: communication initialization succeeded
file data length: 1024
sending at Wed Mar 21 2018 16:13:58 GMT+0000 (UTC)
switching to IN_COMM
received secure communication message!
Received seqNum: 0
Handler: data received from server via secure communication
data1
Resp-actual/expected/ratio/ts: 8 8 1 1521648839275
Distribution protocol: TCP
Resp-actual/expected/ratio/ts: 8 9 0.8888888888888888 1521648896362
connected to auth! from local port 53594
received auth hello!
{ authId: 502, nonce: <Buffer 55 f6 1e b7 36 32 da c8> }
received session key response encrypted with distribution key
replyNonce in sessionKeyResp: <Buffer 6e 93 88 5a 11 09 bd ba>
auth nonce verified
received 1 keys
currentSessionKey: [object Object]
Status: Secure connection closed before starting a new connection.
Session protocol: TCP
chosen commSessionKey: 
{ id: 50201904,
  cipherKeyVal: <Buffer 20 fd 2a e1 59 73 40 a3 e3 36 ab 2d 02 49 81 c5>,
  macKeyVal: <Buffer 83 4a e4 cf 4a b2 e4 96 9b 79 19 57 a4 58 54 47 3b 49 bc fa 72 59 02 93 35 18 39 f5 a7 4b 33 0c>,
  absValidity: 2018-03-22T16:14:56.882Z,
  relValidity: 7200000 }
options
{ serverHost: '10.0.1.35',
  serverPort: 22100,
  sessionKey: 
   { id: 50201904,
     cipherKeyVal: <Buffer 20 fd 2a e1 59 73 40 a3 e3 36 ab 2d 02 49 81 c5>,
     macKeyVal: <Buffer 83 4a e4 cf 4a b2 e4 96 9b 79 19 57 a4 58 54 47 3b 49 bc fa 72 59 02 93 35 18 39 f5 a7 4b 33 0c>,
     absValidity: 2018-03-22T16:14:56.882Z,
     relValidity: 7200000 },
  sessionCryptoSpec: { cipher: 'AES-128-CBC', mac: 'SHA256' },
  sessionProtocol: 'TCP',
  handshakeTimeout: 50000 }
chosen nonce: <Buffer c7 94 00 a0 68 80 e6 29>
switching to HANDSHAKE_1_SENT
disconnected from auth
Handler: secure connection with the server closed.
received session key handshake2!
client ret: [object Object]
server authenticated/authorized by solving nonce!
Handler: communication initialization succeeded
file data length: 1024
sending at Wed Mar 21 2018 16:14:59 GMT+0000 (UTC)
switching to IN_COMM
received secure communication message!
Received seqNum: 0
Handler: data received from server via secure communication
data1
Resp-actual/expected/ratio/ts: 9 9 1 1521648899282
Distribution protocol: TCP
Resp-actual/expected/ratio/ts: 9 10 0.9 1521648956417
connected to auth! from local port 53840
received auth hello!
{ authId: 502, nonce: <Buffer 79 19 b2 b0 29 48 60 cf> }
received session key response encrypted with distribution key
replyNonce in sessionKeyResp: <Buffer b9 32 5c 4c 09 f2 76 80>
auth nonce verified
received 1 keys
currentSessionKey: [object Object]
Status: Secure connection closed before starting a new connection.
Session protocol: TCP
chosen commSessionKey: 
{ id: 50201911,
  cipherKeyVal: <Buffer af 1f 87 80 12 db 5c ee 90 57 e5 2e 64 de 96 61>,
  macKeyVal: <Buffer 5e 8a 63 39 54 17 c8 ee 30 c4 6c 8b 6e 9f 65 7d e5 39 53 1d 26 68 04 ac 5d 8e 91 de 35 51 31 8a>,
  absValidity: 2018-03-22T16:15:56.967Z,
  relValidity: 7200000 }
options
{ serverHost: '10.0.1.35',
  serverPort: 22100,
  sessionKey: 
   { id: 50201911,
     cipherKeyVal: <Buffer af 1f 87 80 12 db 5c ee 90 57 e5 2e 64 de 96 61>,
     macKeyVal: <Buffer 5e 8a 63 39 54 17 c8 ee 30 c4 6c 8b 6e 9f 65 7d e5 39 53 1d 26 68 04 ac 5d 8e 91 de 35 51 31 8a>,
     absValidity: 2018-03-22T16:15:56.967Z,
     relValidity: 7200000 },
  sessionCryptoSpec: { cipher: 'AES-128-CBC', mac: 'SHA256' },
  sessionProtocol: 'TCP',
  handshakeTimeout: 50000 }
chosen nonce: <Buffer 09 0b b1 34 14 2c 9b e5>
switching to HANDSHAKE_1_SENT
disconnected from auth
Handler: secure connection with the server closed.
received session key handshake2!
client ret: [object Object]
server authenticated/authorized by solving nonce!
Handler: communication initialization succeeded
file data length: 1024
sending at Wed Mar 21 2018 16:15:59 GMT+0000 (UTC)
switching to IN_COMM
received secure communication message!
Received seqNum: 0
Handler: data received from server via secure communication
data1
Resp-actual/expected/ratio/ts: 10 10 1 1521648959310
Distribution protocol: TCP
Resp-actual/expected/ratio/ts: 10 11 0.9090909090909091 1521649016475
connected to auth! from local port 54086
received auth hello!
{ authId: 502, nonce: <Buffer 70 7b 28 f5 db d1 2b 22> }
received session key response encrypted with distribution key
replyNonce in sessionKeyResp: <Buffer 55 73 78 ee cb fe 04 fc>
auth nonce verified
received 1 keys
currentSessionKey: [object Object]
Status: Secure connection closed before starting a new connection.
Session protocol: TCP
chosen commSessionKey: 
{ id: 50201918,
  cipherKeyVal: <Buffer 54 b4 fc 55 c9 6a 05 6c 69 07 28 f1 c4 47 f6 92>,
  macKeyVal: <Buffer 1d 0c 7a 65 3a 0a fa 23 4b 93 e5 e5 3a ce 4f 86 8c d0 ae 79 81 49 6a 1a 93 f1 0d a8 d9 11 bf a2>,
  absValidity: 2018-03-22T16:16:56.997Z,
  relValidity: 7200000 }
options
{ serverHost: '10.0.1.35',
  serverPort: 22100,
  sessionKey: 
   { id: 50201918,
     cipherKeyVal: <Buffer 54 b4 fc 55 c9 6a 05 6c 69 07 28 f1 c4 47 f6 92>,
     macKeyVal: <Buffer 1d 0c 7a 65 3a 0a fa 23 4b 93 e5 e5 3a ce 4f 86 8c d0 ae 79 81 49 6a 1a 93 f1 0d a8 d9 11 bf a2>,
     absValidity: 2018-03-22T16:16:56.997Z,
     relValidity: 7200000 },
  sessionCryptoSpec: { cipher: 'AES-128-CBC', mac: 'SHA256' },
  sessionProtocol: 'TCP',
  handshakeTimeout: 50000 }
chosen nonce: <Buffer 03 52 b5 40 ec 7e 9b 6e>
switching to HANDSHAKE_1_SENT
disconnected from auth
Handler: secure connection with the server closed.
received session key handshake2!
client ret: [object Object]
server authenticated/authorized by solving nonce!
Handler: communication initialization succeeded
file data length: 1024
sending at Wed Mar 21 2018 16:16:59 GMT+0000 (UTC)
switching to IN_COMM
received secure communication message!
Received seqNum: 0
Handler: data received from server via secure communication
data1
Resp-actual/expected/ratio/ts: 11 11 1 1521649019369
Distribution protocol: TCP
Resp-actual/expected/ratio/ts: 11 12 0.9166666666666666 1521649076510
connected to auth! from local port 54332
received auth hello!
{ authId: 502, nonce: <Buffer e8 72 df 77 a9 c4 a4 c1> }
received session key response encrypted with distribution key
replyNonce in sessionKeyResp: <Buffer 3b 50 b9 86 78 e4 b2 7b>
auth nonce verified
received 1 keys
currentSessionKey: [object Object]
Status: Secure connection closed before starting a new connection.
Session protocol: TCP
chosen commSessionKey: 
{ id: 50201925,
  cipherKeyVal: <Buffer 12 a3 b8 bc 21 12 97 b8 d6 2f f3 3b d5 03 04 12>,
  macKeyVal: <Buffer ff f8 ac e1 0f 56 85 36 9a a2 ea a8 fc 85 a8 a6 53 85 c2 b6 9e b5 d0 35 fd e5 a9 69 1c 30 ce 01>,
  absValidity: 2018-03-22T16:17:57.039Z,
  relValidity: 7200000 }
options
{ serverHost: '10.0.1.35',
  serverPort: 22100,
  sessionKey: 
   { id: 50201925,
     cipherKeyVal: <Buffer 12 a3 b8 bc 21 12 97 b8 d6 2f f3 3b d5 03 04 12>,
     macKeyVal: <Buffer ff f8 ac e1 0f 56 85 36 9a a2 ea a8 fc 85 a8 a6 53 85 c2 b6 9e b5 d0 35 fd e5 a9 69 1c 30 ce 01>,
     absValidity: 2018-03-22T16:17:57.039Z,
     relValidity: 7200000 },
  sessionCryptoSpec: { cipher: 'AES-128-CBC', mac: 'SHA256' },
  sessionProtocol: 'TCP',
  handshakeTimeout: 50000 }
chosen nonce: <Buffer 1e 07 86 73 6a 2a f3 38>
switching to HANDSHAKE_1_SENT
disconnected from auth
Handler: secure connection with the server closed.
received session key handshake2!
client ret: [object Object]
server authenticated/authorized by solving nonce!
Handler: communication initialization succeeded
file data length: 1024
sending at Wed Mar 21 2018 16:17:59 GMT+0000 (UTC)
switching to IN_COMM
received secure communication message!
Received seqNum: 0
Handler: data received from server via secure communication
data1
Resp-actual/expected/ratio/ts: 12 12 1 1521649079430
Distribution protocol: TCP
Resp-actual/expected/ratio/ts: 12 13 0.9230769230769231 1521649136565
connected to auth! from local port 54578
received auth hello!
{ authId: 502, nonce: <Buffer 28 8c 02 95 c4 f1 80 9c> }
received session key response encrypted with distribution key
replyNonce in sessionKeyResp: <Buffer 55 39 86 a9 c9 3d 45 e5>
auth nonce verified
received 1 keys
currentSessionKey: [object Object]
Status: Secure connection closed before starting a new connection.
Session protocol: TCP
chosen commSessionKey: 
{ id: 50201932,
  cipherKeyVal: <Buffer 91 56 90 be c7 a0 e2 be 58 14 e7 e5 10 d0 c8 ab>,
  macKeyVal: <Buffer 0c 07 ca e5 9c ce b6 b0 4b c9 a1 4b a1 4a 83 c5 31 a3 df 94 86 d5 53 67 e6 14 13 08 fd fd 09 ce>,
  absValidity: 2018-03-22T16:18:57.094Z,
  relValidity: 7200000 }
options
{ serverHost: '10.0.1.35',
  serverPort: 22100,
  sessionKey: 
   { id: 50201932,
     cipherKeyVal: <Buffer 91 56 90 be c7 a0 e2 be 58 14 e7 e5 10 d0 c8 ab>,
     macKeyVal: <Buffer 0c 07 ca e5 9c ce b6 b0 4b c9 a1 4b a1 4a 83 c5 31 a3 df 94 86 d5 53 67 e6 14 13 08 fd fd 09 ce>,
     absValidity: 2018-03-22T16:18:57.094Z,
     relValidity: 7200000 },
  sessionCryptoSpec: { cipher: 'AES-128-CBC', mac: 'SHA256' },
  sessionProtocol: 'TCP',
  handshakeTimeout: 50000 }
chosen nonce: <Buffer 1c 9f 8b d7 cb 4e 89 3c>
switching to HANDSHAKE_1_SENT
Handler: secure connection with the server closed.
disconnected from auth
received session key handshake2!
client ret: [object Object]
server authenticated/authorized by solving nonce!
Handler: communication initialization succeeded
file data length: 1024
sending at Wed Mar 21 2018 16:18:59 GMT+0000 (UTC)
switching to IN_COMM
received secure communication message!
Received seqNum: 0
Handler: data received from server via secure communication
data1
Resp-actual/expected/ratio/ts: 13 13 1 1521649139515
Distribution protocol: TCP
Resp-actual/expected/ratio/ts: 13 14 0.9285714285714286 1521649196593
connected to auth! from local port 54824
received auth hello!
{ authId: 502, nonce: <Buffer 92 5c a8 44 3f a3 44 64> }
received session key response encrypted with distribution key
replyNonce in sessionKeyResp: <Buffer 8d 9a 7a 5a ae 61 5d b1>
auth nonce verified
received 1 keys
currentSessionKey: [object Object]
Status: Secure connection closed before starting a new connection.
Session protocol: TCP
chosen commSessionKey: 
{ id: 50201939,
  cipherKeyVal: <Buffer 9c bd a7 2e f7 03 e6 a3 08 c8 4c 20 44 83 b7 d6>,
  macKeyVal: <Buffer c0 a0 b3 a5 6e 57 01 7d 18 40 a3 a3 53 68 61 a8 ff 27 76 8a f0 47 53 e3 73 c9 bb cd e4 6c 43 dc>,
  absValidity: 2018-03-22T16:19:57.167Z,
  relValidity: 7200000 }
options
{ serverHost: '10.0.1.35',
  serverPort: 22100,
  sessionKey: 
   { id: 50201939,
     cipherKeyVal: <Buffer 9c bd a7 2e f7 03 e6 a3 08 c8 4c 20 44 83 b7 d6>,
     macKeyVal: <Buffer c0 a0 b3 a5 6e 57 01 7d 18 40 a3 a3 53 68 61 a8 ff 27 76 8a f0 47 53 e3 73 c9 bb cd e4 6c 43 dc>,
     absValidity: 2018-03-22T16:19:57.167Z,
     relValidity: 7200000 },
  sessionCryptoSpec: { cipher: 'AES-128-CBC', mac: 'SHA256' },
  sessionProtocol: 'TCP',
  handshakeTimeout: 50000 }
chosen nonce: <Buffer 89 24 a7 03 67 66 34 6e>
switching to HANDSHAKE_1_SENT
disconnected from auth
Handler: secure connection with the server closed.
received session key handshake2!
client ret: [object Object]
server authenticated/authorized by solving nonce!
Handler: communication initialization succeeded
file data length: 1024
sending at Wed Mar 21 2018 16:19:59 GMT+0000 (UTC)
switching to IN_COMM
received secure communication message!
Received seqNum: 0
Handler: data received from server via secure communication
data1
Resp-actual/expected/ratio/ts: 14 14 1 1521649199594
Distribution protocol: TCP
Resp-actual/expected/ratio/ts: 14 15 0.9333333333333333 1521649256650
connected to auth! from local port 55070
received auth hello!
{ authId: 502, nonce: <Buffer 23 2b 9a fa 8e 67 5f 8e> }
received session key response encrypted with distribution key
replyNonce in sessionKeyResp: <Buffer da 54 35 e7 1f 11 5a 3c>
auth nonce verified
received 1 keys
currentSessionKey: [object Object]
Status: Secure connection closed before starting a new connection.
Session protocol: TCP
chosen commSessionKey: 
{ id: 50201946,
  cipherKeyVal: <Buffer 0f b1 e1 c4 ee b6 91 8b db f2 f4 4e a2 3e 29 f9>,
  macKeyVal: <Buffer e0 9c c7 5e b6 05 da 46 38 7d ac bb c8 76 69 da 40 cd 11 b2 6e f4 0b 81 b9 69 e7 54 a5 95 6f ea>,
  absValidity: 2018-03-22T16:20:57.220Z,
  relValidity: 7200000 }
options
{ serverHost: '10.0.1.35',
  serverPort: 22100,
  sessionKey: 
   { id: 50201946,
     cipherKeyVal: <Buffer 0f b1 e1 c4 ee b6 91 8b db f2 f4 4e a2 3e 29 f9>,
     macKeyVal: <Buffer e0 9c c7 5e b6 05 da 46 38 7d ac bb c8 76 69 da 40 cd 11 b2 6e f4 0b 81 b9 69 e7 54 a5 95 6f ea>,
     absValidity: 2018-03-22T16:20:57.220Z,
     relValidity: 7200000 },
  sessionCryptoSpec: { cipher: 'AES-128-CBC', mac: 'SHA256' },
  sessionProtocol: 'TCP',
  handshakeTimeout: 50000 }
chosen nonce: <Buffer 63 91 4d 31 a0 84 43 3d>
switching to HANDSHAKE_1_SENT
disconnected from auth
Handler: secure connection with the server closed.
received session key handshake2!
client ret: [object Object]
server authenticated/authorized by solving nonce!
Handler: communication initialization succeeded
file data length: 1024
sending at Wed Mar 21 2018 16:20:59 GMT+0000 (UTC)
switching to IN_COMM
received secure communication message!
Received seqNum: 0
Handler: data received from server via secure communication
data1
Resp-actual/expected/ratio/ts: 15 15 1 1521649259623
Distribution protocol: TCP
Resp-actual/expected/ratio/ts: 15 16 0.9375 1521649316708
connected to auth! from local port 55316
received auth hello!
{ authId: 502, nonce: <Buffer b0 47 7e 21 0b e4 a7 d5> }
received session key response encrypted with distribution key
replyNonce in sessionKeyResp: <Buffer 7c 93 6f 31 eb 5d b3 94>
auth nonce verified
received 1 keys
currentSessionKey: [object Object]
Status: Secure connection closed before starting a new connection.
Session protocol: TCP
chosen commSessionKey: 
{ id: 50201953,
  cipherKeyVal: <Buffer 44 18 bb 1d 66 06 61 34 8c 20 3a 21 61 9a 3d 5e>,
  macKeyVal: <Buffer 86 bf 73 53 00 cc 26 d7 cc 48 57 be fd 2f ae 6b af b3 3e 7e 15 1b c1 b3 d5 3f c9 90 c1 d7 91 ab>,
  absValidity: 2018-03-22T16:21:57.231Z,
  relValidity: 7200000 }
options
{ serverHost: '10.0.1.35',
  serverPort: 22100,
  sessionKey: 
   { id: 50201953,
     cipherKeyVal: <Buffer 44 18 bb 1d 66 06 61 34 8c 20 3a 21 61 9a 3d 5e>,
     macKeyVal: <Buffer 86 bf 73 53 00 cc 26 d7 cc 48 57 be fd 2f ae 6b af b3 3e 7e 15 1b c1 b3 d5 3f c9 90 c1 d7 91 ab>,
     absValidity: 2018-03-22T16:21:57.231Z,
     relValidity: 7200000 },
  sessionCryptoSpec: { cipher: 'AES-128-CBC', mac: 'SHA256' },
  sessionProtocol: 'TCP',
  handshakeTimeout: 50000 }
chosen nonce: <Buffer 6f e7 90 28 ff ab d5 a5>
switching to HANDSHAKE_1_SENT
disconnected from auth
Handler: secure connection with the server closed.
received session key handshake2!
client ret: [object Object]
server authenticated/authorized by solving nonce!
Handler: communication initialization succeeded
file data length: 1024
sending at Wed Mar 21 2018 16:21:59 GMT+0000 (UTC)
switching to IN_COMM
received secure communication message!
Received seqNum: 0
Handler: data received from server via secure communication
data1
Resp-actual/expected/ratio/ts: 16 16 1 1521649319684
Distribution protocol: TCP
Resp-actual/expected/ratio/ts: 16 17 0.9411764705882353 1521649376765
connected to auth! from local port 55562
received auth hello!
{ authId: 502, nonce: <Buffer 7c ec 20 e9 1c e0 ec 44> }
received session key response encrypted with distribution key
replyNonce in sessionKeyResp: <Buffer 53 63 fd 6b 7b 78 7f 3a>
auth nonce verified
received 1 keys
currentSessionKey: [object Object]
Status: Secure connection closed before starting a new connection.
Session protocol: TCP
chosen commSessionKey: 
{ id: 50201960,
  cipherKeyVal: <Buffer d2 25 24 bd d2 72 c8 8d 89 64 b1 85 95 ed c8 9d>,
  macKeyVal: <Buffer c1 7f f8 a6 9e 55 e4 f9 61 07 e7 6f 8f 2d a2 f0 0a a0 5b fe a5 d1 40 27 bf ec e1 eb 0f f1 75 21>,
  absValidity: 2018-03-22T16:22:57.257Z,
  relValidity: 7200000 }
options
{ serverHost: '10.0.1.35',
  serverPort: 22100,
  sessionKey: 
   { id: 50201960,
     cipherKeyVal: <Buffer d2 25 24 bd d2 72 c8 8d 89 64 b1 85 95 ed c8 9d>,
     macKeyVal: <Buffer c1 7f f8 a6 9e 55 e4 f9 61 07 e7 6f 8f 2d a2 f0 0a a0 5b fe a5 d1 40 27 bf ec e1 eb 0f f1 75 21>,
     absValidity: 2018-03-22T16:22:57.257Z,
     relValidity: 7200000 },
  sessionCryptoSpec: { cipher: 'AES-128-CBC', mac: 'SHA256' },
  sessionProtocol: 'TCP',
  handshakeTimeout: 50000 }
chosen nonce: <Buffer fd 35 b6 6e d2 3f 78 27>
switching to HANDSHAKE_1_SENT
disconnected from auth
Handler: secure connection with the server closed.
received session key handshake2!
client ret: [object Object]
server authenticated/authorized by solving nonce!
Handler: communication initialization succeeded
file data length: 1024
sending at Wed Mar 21 2018 16:22:59 GMT+0000 (UTC)
switching to IN_COMM
received secure communication message!
Received seqNum: 0
Handler: data received from server via secure communication
data1
Resp-actual/expected/ratio/ts: 17 17 1 1521649379617
Distribution protocol: TCP
Resp-actual/expected/ratio/ts: 17 18 0.9444444444444444 1521649436823
connected to auth! from local port 55808
received auth hello!
{ authId: 502, nonce: <Buffer 02 1f 4c cd 6a 0d 2d 39> }
received session key response encrypted with distribution key
replyNonce in sessionKeyResp: <Buffer 87 69 ad a5 2e c2 7c 9f>
auth nonce verified
received 1 keys
currentSessionKey: [object Object]
Status: Secure connection closed before starting a new connection.
Session protocol: TCP
chosen commSessionKey: 
{ id: 50201967,
  cipherKeyVal: <Buffer 36 3d 50 ed 37 c1 3b a3 d3 da b9 09 5e 14 96 c8>,
  macKeyVal: <Buffer 3c d7 de 0b 10 46 92 ba 0f c6 c1 09 58 c9 d0 56 3c c5 df 9e 76 2d aa 00 f1 16 70 55 26 46 73 0e>,
  absValidity: 2018-03-22T16:23:57.298Z,
  relValidity: 7200000 }
options
{ serverHost: '10.0.1.35',
  serverPort: 22100,
  sessionKey: 
   { id: 50201967,
     cipherKeyVal: <Buffer 36 3d 50 ed 37 c1 3b a3 d3 da b9 09 5e 14 96 c8>,
     macKeyVal: <Buffer 3c d7 de 0b 10 46 92 ba 0f c6 c1 09 58 c9 d0 56 3c c5 df 9e 76 2d aa 00 f1 16 70 55 26 46 73 0e>,
     absValidity: 2018-03-22T16:23:57.298Z,
     relValidity: 7200000 },
  sessionCryptoSpec: { cipher: 'AES-128-CBC', mac: 'SHA256' },
  sessionProtocol: 'TCP',
  handshakeTimeout: 50000 }
chosen nonce: <Buffer bb a3 c3 f3 22 b3 83 d5>
switching to HANDSHAKE_1_SENT
disconnected from auth
Handler: secure connection with the server closed.
received session key handshake2!
client ret: [object Object]
server authenticated/authorized by solving nonce!
Handler: communication initialization succeeded
file data length: 1024
sending at Wed Mar 21 2018 16:23:59 GMT+0000 (UTC)
switching to IN_COMM
received secure communication message!
Received seqNum: 0
Handler: data received from server via secure communication
data1
Resp-actual/expected/ratio/ts: 18 18 1 1521649439652
Distribution protocol: TCP
Resp-actual/expected/ratio/ts: 18 19 0.9473684210526315 1521649496881
connected to auth! from local port 56054
received auth hello!
{ authId: 502, nonce: <Buffer 40 13 5d 23 89 cf 18 95> }
received session key response encrypted with distribution key
replyNonce in sessionKeyResp: <Buffer 34 cc 78 a2 80 69 d9 7c>
auth nonce verified
received 1 keys
currentSessionKey: [object Object]
Status: Secure connection closed before starting a new connection.
Session protocol: TCP
chosen commSessionKey: 
{ id: 50201974,
  cipherKeyVal: <Buffer 77 3b 14 bd b3 00 90 70 8e d2 77 46 49 25 c7 6e>,
  macKeyVal: <Buffer e8 11 03 2a ef 4f d7 e7 72 51 cb d9 71 e5 93 6a d9 d4 78 af e0 c2 9e 24 a5 28 38 9e eb a2 6f 67>,
  absValidity: 2018-03-22T16:24:57.359Z,
  relValidity: 7200000 }
options
{ serverHost: '10.0.1.35',
  serverPort: 22100,
  sessionKey: 
   { id: 50201974,
     cipherKeyVal: <Buffer 77 3b 14 bd b3 00 90 70 8e d2 77 46 49 25 c7 6e>,
     macKeyVal: <Buffer e8 11 03 2a ef 4f d7 e7 72 51 cb d9 71 e5 93 6a d9 d4 78 af e0 c2 9e 24 a5 28 38 9e eb a2 6f 67>,
     absValidity: 2018-03-22T16:24:57.359Z,
     relValidity: 7200000 },
  sessionCryptoSpec: { cipher: 'AES-128-CBC', mac: 'SHA256' },
  sessionProtocol: 'TCP',
  handshakeTimeout: 50000 }
chosen nonce: <Buffer b8 4b 75 aa a6 84 a9 07>
switching to HANDSHAKE_1_SENT
disconnected from auth
Handler: secure connection with the server closed.
received session key handshake2!
client ret: [object Object]
server authenticated/authorized by solving nonce!
Handler: communication initialization succeeded
file data length: 1024
sending at Wed Mar 21 2018 16:24:59 GMT+0000 (UTC)
switching to IN_COMM
received secure communication message!
Received seqNum: 0
Handler: data received from server via secure communication
data1
Resp-actual/expected/ratio/ts: 19 19 1 1521649499803
Distribution protocol: TCP
Resp-actual/expected/ratio/ts: 19 20 0.95 1521649556937
connected to auth! from local port 56300
received auth hello!
{ authId: 502, nonce: <Buffer c6 6c 9a 35 fc 2b 58 0b> }
received session key response encrypted with distribution key
replyNonce in sessionKeyResp: <Buffer 76 fd 48 a6 05 12 4f b4>
auth nonce verified
received 1 keys
currentSessionKey: [object Object]
Status: Secure connection closed before starting a new connection.
Session protocol: TCP
chosen commSessionKey: 
{ id: 50201981,
  cipherKeyVal: <Buffer ff b6 97 87 9c b8 a5 80 60 ff 2f 55 db 67 1f 33>,
  macKeyVal: <Buffer 09 46 40 0c 6b 85 19 67 2d f4 c5 58 f6 79 95 0f db 16 57 13 59 26 6f 5e d6 3b bd 07 5e 0c 37 4d>,
  absValidity: 2018-03-22T16:25:57.399Z,
  relValidity: 7200000 }
options
{ serverHost: '10.0.1.35',
  serverPort: 22100,
  sessionKey: 
   { id: 50201981,
     cipherKeyVal: <Buffer ff b6 97 87 9c b8 a5 80 60 ff 2f 55 db 67 1f 33>,
     macKeyVal: <Buffer 09 46 40 0c 6b 85 19 67 2d f4 c5 58 f6 79 95 0f db 16 57 13 59 26 6f 5e d6 3b bd 07 5e 0c 37 4d>,
     absValidity: 2018-03-22T16:25:57.399Z,
     relValidity: 7200000 },
  sessionCryptoSpec: { cipher: 'AES-128-CBC', mac: 'SHA256' },
  sessionProtocol: 'TCP',
  handshakeTimeout: 50000 }
chosen nonce: <Buffer bd 82 83 16 cc 0a 3c 6a>
switching to HANDSHAKE_1_SENT
disconnected from auth
Handler: secure connection with the server closed.
received session key handshake2!
client ret: [object Object]
server authenticated/authorized by solving nonce!
Handler: communication initialization succeeded
file data length: 1024
sending at Wed Mar 21 2018 16:25:59 GMT+0000 (UTC)
switching to IN_COMM
received secure communication message!
Received seqNum: 0
Handler: data received from server via secure communication
data1
Resp-actual/expected/ratio/ts: 20 20 1 1521649559864
Distribution protocol: TCP
Resp-actual/expected/ratio/ts: 20 21 0.9523809523809523 1521649616993
connected to auth! from local port 56546
received auth hello!
{ authId: 502, nonce: <Buffer 7b 6b f3 01 36 db ee dc> }
received session key response encrypted with distribution key
replyNonce in sessionKeyResp: <Buffer f6 d3 e6 21 c5 5d 7c 45>
auth nonce verified
received 1 keys
currentSessionKey: [object Object]
Status: Secure connection closed before starting a new connection.
Session protocol: TCP
chosen commSessionKey: 
{ id: 50201988,
  cipherKeyVal: <Buffer 2d 70 77 b5 82 d4 2e 7c 0a 24 b7 e1 f4 bf 5c cc>,
  macKeyVal: <Buffer ca ce b5 44 fc 3c 21 e5 d4 1c 0a 10 47 99 60 f1 46 81 d6 af 8f 84 a4 13 02 f7 bb 33 2b f0 f9 83>,
  absValidity: 2018-03-22T16:26:57.433Z,
  relValidity: 7200000 }
options
{ serverHost: '10.0.1.35',
  serverPort: 22100,
  sessionKey: 
   { id: 50201988,
     cipherKeyVal: <Buffer 2d 70 77 b5 82 d4 2e 7c 0a 24 b7 e1 f4 bf 5c cc>,
     macKeyVal: <Buffer ca ce b5 44 fc 3c 21 e5 d4 1c 0a 10 47 99 60 f1 46 81 d6 af 8f 84 a4 13 02 f7 bb 33 2b f0 f9 83>,
     absValidity: 2018-03-22T16:26:57.433Z,
     relValidity: 7200000 },
  sessionCryptoSpec: { cipher: 'AES-128-CBC', mac: 'SHA256' },
  sessionProtocol: 'TCP',
  handshakeTimeout: 50000 }
chosen nonce: <Buffer 22 34 b4 9e 94 55 79 66>
switching to HANDSHAKE_1_SENT
disconnected from auth
Handler: secure connection with the server closed.
received session key handshake2!
client ret: [object Object]
server authenticated/authorized by solving nonce!
Handler: communication initialization succeeded
file data length: 1024
sending at Wed Mar 21 2018 16:26:59 GMT+0000 (UTC)
switching to IN_COMM
received secure communication message!
Received seqNum: 0
Handler: data received from server via secure communication
data1
Resp-actual/expected/ratio/ts: 21 21 1 1521649619904
Distribution protocol: TCP
Resp-actual/expected/ratio/ts: 21 22 0.9545454545454546 1521649677035
connected to auth! from local port 56792
received auth hello!
{ authId: 502, nonce: <Buffer e1 b2 36 71 22 27 23 c9> }
received session key response encrypted with distribution key
replyNonce in sessionKeyResp: <Buffer de 38 74 02 0b b4 77 c9>
auth nonce verified
received 1 keys
currentSessionKey: [object Object]
Status: Secure connection closed before starting a new connection.
Session protocol: TCP
chosen commSessionKey: 
{ id: 50201995,
  cipherKeyVal: <Buffer 68 10 8b 88 44 a9 e1 59 bf 57 54 6f e6 e9 a6 ae>,
  macKeyVal: <Buffer 6d a8 c9 aa 81 b3 12 1a e0 5f 88 7d a5 18 e4 32 da ee 58 1d 60 e9 a7 07 de 52 f9 34 8b 9a c8 a2>,
  absValidity: 2018-03-22T16:27:57.485Z,
  relValidity: 7200000 }
options
{ serverHost: '10.0.1.35',
  serverPort: 22100,
  sessionKey: 
   { id: 50201995,
     cipherKeyVal: <Buffer 68 10 8b 88 44 a9 e1 59 bf 57 54 6f e6 e9 a6 ae>,
     macKeyVal: <Buffer 6d a8 c9 aa 81 b3 12 1a e0 5f 88 7d a5 18 e4 32 da ee 58 1d 60 e9 a7 07 de 52 f9 34 8b 9a c8 a2>,
     absValidity: 2018-03-22T16:27:57.485Z,
     relValidity: 7200000 },
  sessionCryptoSpec: { cipher: 'AES-128-CBC', mac: 'SHA256' },
  sessionProtocol: 'TCP',
  handshakeTimeout: 50000 }
chosen nonce: <Buffer 99 5a 12 a5 03 44 16 32>
switching to HANDSHAKE_1_SENT
disconnected from auth
Handler: secure connection with the server closed.
received session key handshake2!
client ret: [object Object]
server authenticated/authorized by solving nonce!
Handler: communication initialization succeeded
file data length: 1024
sending at Wed Mar 21 2018 16:27:59 GMT+0000 (UTC)
switching to IN_COMM
received secure communication message!
Received seqNum: 0
Handler: data received from server via secure communication
data1
Resp-actual/expected/ratio/ts: 22 22 1 1521649679926
Distribution protocol: TCP
Resp-actual/expected/ratio/ts: 22 23 0.9565217391304348 1521649737089
connected to auth! from local port 57038
received auth hello!
{ authId: 502, nonce: <Buffer d0 5c 79 22 9d fa 1c 0b> }
received session key response encrypted with distribution key
replyNonce in sessionKeyResp: <Buffer e4 00 8c e1 32 6d f7 4a>
auth nonce verified
received 1 keys
currentSessionKey: [object Object]
Status: Secure connection closed before starting a new connection.
Session protocol: TCP
chosen commSessionKey: 
{ id: 50202002,
  cipherKeyVal: <Buffer 96 7d 51 7f f8 0b eb 31 7f 33 39 3d f3 0f 45 38>,
  macKeyVal: <Buffer 80 17 bd 26 90 cb 6f 5c e1 81 20 d0 48 83 3e 6a b5 cc 72 b5 5c 77 f6 15 76 69 44 84 e5 c0 e8 9b>,
  absValidity: 2018-03-22T16:28:57.533Z,
  relValidity: 7200000 }
options
{ serverHost: '10.0.1.35',
  serverPort: 22100,
  sessionKey: 
   { id: 50202002,
     cipherKeyVal: <Buffer 96 7d 51 7f f8 0b eb 31 7f 33 39 3d f3 0f 45 38>,
     macKeyVal: <Buffer 80 17 bd 26 90 cb 6f 5c e1 81 20 d0 48 83 3e 6a b5 cc 72 b5 5c 77 f6 15 76 69 44 84 e5 c0 e8 9b>,
     absValidity: 2018-03-22T16:28:57.533Z,
     relValidity: 7200000 },
  sessionCryptoSpec: { cipher: 'AES-128-CBC', mac: 'SHA256' },
  sessionProtocol: 'TCP',
  handshakeTimeout: 50000 }
chosen nonce: <Buffer e6 9e e9 64 92 cf 2a dc>
switching to HANDSHAKE_1_SENT
disconnected from auth
Handler: secure connection with the server closed.
received session key handshake2!
client ret: [object Object]
server authenticated/authorized by solving nonce!
Handler: communication initialization succeeded
file data length: 1024
sending at Wed Mar 21 2018 16:28:59 GMT+0000 (UTC)
switching to IN_COMM
received secure communication message!
Received seqNum: 0
Handler: data received from server via secure communication
data1
Resp-actual/expected/ratio/ts: 23 23 1 1521649739978
Distribution protocol: TCP
Resp-actual/expected/ratio/ts: 23 24 0.9583333333333334 1521649797113
connected to auth! from local port 57284
received auth hello!
{ authId: 502, nonce: <Buffer cc e0 87 32 d0 c3 bc 7c> }
received session key response encrypted with distribution key
replyNonce in sessionKeyResp: <Buffer 9f aa 45 10 85 10 59 f4>
auth nonce verified
received 1 keys
currentSessionKey: [object Object]
Status: Secure connection closed before starting a new connection.
Session protocol: TCP
chosen commSessionKey: 
{ id: 50202009,
  cipherKeyVal: <Buffer 00 4b 64 63 2c b3 f7 a9 e1 5d d8 3d 91 fd 2a 49>,
  macKeyVal: <Buffer c2 06 ea ed 2c 3f 30 97 42 fb c2 7d af 81 2f c6 d3 6b e6 82 0a 65 3b fc fa 3c f3 32 77 7b be af>,
  absValidity: 2018-03-22T16:29:57.583Z,
  relValidity: 7200000 }
options
{ serverHost: '10.0.1.35',
  serverPort: 22100,
  sessionKey: 
   { id: 50202009,
     cipherKeyVal: <Buffer 00 4b 64 63 2c b3 f7 a9 e1 5d d8 3d 91 fd 2a 49>,
     macKeyVal: <Buffer c2 06 ea ed 2c 3f 30 97 42 fb c2 7d af 81 2f c6 d3 6b e6 82 0a 65 3b fc fa 3c f3 32 77 7b be af>,
     absValidity: 2018-03-22T16:29:57.583Z,
     relValidity: 7200000 },
  sessionCryptoSpec: { cipher: 'AES-128-CBC', mac: 'SHA256' },
  sessionProtocol: 'TCP',
  handshakeTimeout: 50000 }
chosen nonce: <Buffer c0 05 e2 bb 21 8c 5c 9d>
switching to HANDSHAKE_1_SENT
disconnected from auth
Handler: secure connection with the server closed.
received session key handshake2!
client ret: [object Object]
server authenticated/authorized by solving nonce!
Handler: communication initialization succeeded
file data length: 1024
sending at Wed Mar 21 2018 16:29:59 GMT+0000 (UTC)
switching to IN_COMM
received secure communication message!
Received seqNum: 0
Handler: data received from server via secure communication
data1
Resp-actual/expected/ratio/ts: 24 24 1 1521649799994
Distribution protocol: TCP
Resp-actual/expected/ratio/ts: 24 25 0.96 1521649857169
connected to auth! from local port 57530
received auth hello!
{ authId: 502, nonce: <Buffer 17 c8 7f 94 7e eb fd ac> }
received session key response encrypted with distribution key
replyNonce in sessionKeyResp: <Buffer bd 29 ce a9 24 4e 5b de>
auth nonce verified
received 1 keys
currentSessionKey: [object Object]
Status: Secure connection closed before starting a new connection.
Session protocol: TCP
chosen commSessionKey: 
{ id: 50202016,
  cipherKeyVal: <Buffer 1c 4e e9 3b c8 2b 79 3c d0 3d de 78 25 4b d2 14>,
  macKeyVal: <Buffer 38 2f 3e 24 97 81 43 e6 ca 06 a7 da 92 35 12 e9 5e 8f bf 3c 5d 52 8a a8 83 02 17 1d 87 06 ec c0>,
  absValidity: 2018-03-22T16:30:57.638Z,
  relValidity: 7200000 }
options
{ serverHost: '10.0.1.35',
  serverPort: 22100,
  sessionKey: 
   { id: 50202016,
     cipherKeyVal: <Buffer 1c 4e e9 3b c8 2b 79 3c d0 3d de 78 25 4b d2 14>,
     macKeyVal: <Buffer 38 2f 3e 24 97 81 43 e6 ca 06 a7 da 92 35 12 e9 5e 8f bf 3c 5d 52 8a a8 83 02 17 1d 87 06 ec c0>,
     absValidity: 2018-03-22T16:30:57.638Z,
     relValidity: 7200000 },
  sessionCryptoSpec: { cipher: 'AES-128-CBC', mac: 'SHA256' },
  sessionProtocol: 'TCP',
  handshakeTimeout: 50000 }
chosen nonce: <Buffer d6 20 93 df 1b d1 76 8b>
switching to HANDSHAKE_1_SENT
disconnected from auth
Handler: secure connection with the server closed.
received session key handshake2!
client ret: [object Object]
server authenticated/authorized by solving nonce!
Handler: communication initialization succeeded
file data length: 1024
sending at Wed Mar 21 2018 16:30:59 GMT+0000 (UTC)
switching to IN_COMM
received secure communication message!
Received seqNum: 0
Handler: data received from server via secure communication
data1
Resp-actual/expected/ratio/ts: 25 25 1 1521649860047
Distribution protocol: TCP
Resp-actual/expected/ratio/ts: 25 26 0.9615384615384616 1521649917227
connected to auth! from local port 57776
received auth hello!
{ authId: 502, nonce: <Buffer 80 7f 52 95 45 71 b7 ce> }
received session key response encrypted with distribution key
replyNonce in sessionKeyResp: <Buffer bc d2 d1 65 55 9e e2 75>
auth nonce verified
received 1 keys
currentSessionKey: [object Object]
Status: Secure connection closed before starting a new connection.
Session protocol: TCP
chosen commSessionKey: 
{ id: 50202023,
  cipherKeyVal: <Buffer c4 53 43 51 b3 a4 91 5b 89 08 c4 00 83 99 91 22>,
  macKeyVal: <Buffer 19 ad 84 1b c2 ce f8 e8 b8 09 1d 3f 47 0e 23 64 4b 1f ad e2 6e 86 0b f1 98 a2 85 b7 83 0f d5 db>,
  absValidity: 2018-03-22T16:31:57.683Z,
  relValidity: 7200000 }
options
{ serverHost: '10.0.1.35',
  serverPort: 22100,
  sessionKey: 
   { id: 50202023,
     cipherKeyVal: <Buffer c4 53 43 51 b3 a4 91 5b 89 08 c4 00 83 99 91 22>,
     macKeyVal: <Buffer 19 ad 84 1b c2 ce f8 e8 b8 09 1d 3f 47 0e 23 64 4b 1f ad e2 6e 86 0b f1 98 a2 85 b7 83 0f d5 db>,
     absValidity: 2018-03-22T16:31:57.683Z,
     relValidity: 7200000 },
  sessionCryptoSpec: { cipher: 'AES-128-CBC', mac: 'SHA256' },
  sessionProtocol: 'TCP',
  handshakeTimeout: 50000 }
chosen nonce: <Buffer a8 ad 0c 12 2b 27 89 5e>
switching to HANDSHAKE_1_SENT
disconnected from auth
Handler: secure connection with the server closed.
received session key handshake2!
client ret: [object Object]
server authenticated/authorized by solving nonce!
Handler: communication initialization succeeded
file data length: 1024
sending at Wed Mar 21 2018 16:31:59 GMT+0000 (UTC)
switching to IN_COMM
received secure communication message!
Received seqNum: 0
Handler: data received from server via secure communication
data1
Resp-actual/expected/ratio/ts: 26 26 1 1521649920134
Distribution protocol: TCP
Resp-actual/expected/ratio/ts: 26 27 0.9629629629629629 1521649977284
connected to auth! from local port 58010
received auth hello!
{ authId: 502, nonce: <Buffer e5 d4 e6 5d ec f2 79 8b> }
received session key response encrypted with distribution key
replyNonce in sessionKeyResp: <Buffer bb 75 91 0f 55 67 52 1f>
auth nonce verified
received 1 keys
currentSessionKey: [object Object]
Status: Secure connection closed before starting a new connection.
Session protocol: TCP
chosen commSessionKey: 
{ id: 50202030,
  cipherKeyVal: <Buffer 2c 58 bb dc 84 53 64 4d 52 2c e7 0b ec 55 e8 76>,
  macKeyVal: <Buffer 5f 7d bd 8d ee 3a fb 5f c1 68 2a e5 ad 0b d1 d1 1a 65 a9 58 81 f1 84 27 cb 16 0f 03 18 9c 4f 2c>,
  absValidity: 2018-03-22T16:32:57.692Z,
  relValidity: 7200000 }
options
{ serverHost: '10.0.1.35',
  serverPort: 22100,
  sessionKey: 
   { id: 50202030,
     cipherKeyVal: <Buffer 2c 58 bb dc 84 53 64 4d 52 2c e7 0b ec 55 e8 76>,
     macKeyVal: <Buffer 5f 7d bd 8d ee 3a fb 5f c1 68 2a e5 ad 0b d1 d1 1a 65 a9 58 81 f1 84 27 cb 16 0f 03 18 9c 4f 2c>,
     absValidity: 2018-03-22T16:32:57.692Z,
     relValidity: 7200000 },
  sessionCryptoSpec: { cipher: 'AES-128-CBC', mac: 'SHA256' },
  sessionProtocol: 'TCP',
  handshakeTimeout: 50000 }
chosen nonce: <Buffer 14 09 d9 14 16 09 ee 7a>
switching to HANDSHAKE_1_SENT
disconnected from auth
Handler: secure connection with the server closed.
received session key handshake2!
client ret: [object Object]
server authenticated/authorized by solving nonce!
Handler: communication initialization succeeded
file data length: 1024
sending at Wed Mar 21 2018 16:32:59 GMT+0000 (UTC)
switching to IN_COMM
received secure communication message!
Received seqNum: 0
Handler: data received from server via secure communication
data1
Resp-actual/expected/ratio/ts: 27 27 1 1521649980052
